grtopM_41_3
50
2 2
6 6 
0 4 3 1 2 5 
0 4 3 1 2 5 
0.00038352 205.881 908.14 2.23526 341.247 
164974 213.869 121.686 51.3883 319.544 
7.82694e-06 4.20166 18.5335 0.0456175 6.96423 
3366.82 4.36467 2.48339 1.04874 6.5213 
1791.61 3.51659 1323.37 2035.63 6.06556 
1.45318e-06 4.27606 1.28208 1.24473 5.68583 
466.49 869.06 1595.51 13.8944 0.427858 0 0.309506 0 
5.41662e-08 29.5253 353.542 5.02069 -0.319218 -1.16333e-12 0.00061763 -1.95632e-17 
9.13237e-09 1.22641e-08 44.0755 5.02191 -2.92087e-11 -2.48107e-13 0.000658783 -2.1974e-17 
9.1321e-09 9.52768e-09 0.0228974 5.02191 4.46362e-13 3.52806e-13 0.000705176 -2.37264e-17 
9.1321e-09 9.52768e-09 0.0228804 5.02191 4.46753e-13 7.2464e-13 0.000757849 -2.48757e-17 
9.1321e-09 9.52768e-09 0.0228795 5.02191 4.22178e-13 9.45877e-13 0.000818131 -2.55757e-17 
9.1321e-09 9.52768e-09 0.0228794 5.02191 3.97478e-13 1.07321e-12 0.000887759 -2.59873e-17 
9.1321e-09 9.52768e-09 0.0228794 5.02191 3.79522e-13 1.14455e-12 0.000969043 -2.62296e-17 
9.1321e-09 9.52768e-09 0.0228794 5.02191 3.68174e-13 1.18367e-12 0.00106512 -2.63762e-17 
9.1321e-09 9.52768e-09 0.0228794 5.02191 3.61549e-13 1.20477e-12 0.00118039 -2.6464e-17 
9.1321e-09 9.52768e-09 0.0228794 5.02191 3.57866e-13 1.21601e-12 0.00132121 -2.65191e-17 
9.1321e-09 9.52768e-09 0.0228794 5.02191 3.55884e-13 1.22192e-12 0.00149725 -2.65712e-17 
9.1321e-09 9.52768e-09 0.0228794 5.02191 3.54854e-13 1.22501e-12 0.00172412 -2.66044e-17 
9.1321e-09 9.52768e-09 0.0228794 5.02191 3.54325e-13 1.2266e-12 0.00202926 -2.66415e-17 
9.1321e-09 9.52768e-09 0.0228794 5.02191 3.54058e-13 1.22743e-12 0.00246557 -2.66823e-17 
9.1321e-09 9.52768e-09 0.0228794 5.02191 3.53936e-13 1.22785e-12 0.00314406 -2.67101e-17 
9.1321e-09 9.52768e-09 0.0228794 5.02191 3.53879e-13 1.22806e-12 0.00431057 -2.67689e-17 
9.1321e-09 9.52768e-09 0.0228794 5.02191 3.53846e-13 1.22817e-12 0.00651989 -2.67866e-17 
9.1321e-09 9.52768e-09 0.0228794 5.02191 3.53793e-13 1.22822e-12 0.0109095 -2.68247e-17 
9.1321e-09 9.52768e-09 0.0228794 5.02191 3.53698e-13 1.22825e-12 0.0185465 -2.68674e-17 
9.1321e-09 9.52768e-09 0.0228794 5.02191 3.53562e-13 1.22826e-12 0.0286073 -2.69095e-17 
9.1321e-09 9.52768e-09 0.0228794 5.02191 3.53422e-13 1.22827e-12 0.0389483 -2.69646e-17 
9.1321e-09 9.52768e-09 0.0228794 5.02191 3.53269e-13 1.22827e-12 0.049288 -2.70102e-17 
9.1321e-09 9.52768e-09 0.0228794 5.02191 3.53111e-13 1.22827e-12 0.0596266 -2.70666e-17 
9.1321e-09 9.52768e-09 0.0228794 5.02191 3.52951e-13 1.22827e-12 0.069964 -2.7126e-17 
9.1321e-09 9.52768e-09 0.0228794 5.02191 3.52782e-13 1.22827e-12 0.0803002 -2.71915e-17 
9.1321e-09 9.52768e-09 0.0228794 5.02191 3.52623e-13 1.22827e-12 0.0906354 -2.7249e-17 
9.1321e-09 9.52768e-09 0.0228794 5.02191 3.52456e-13 1.22827e-12 0.100969 -2.73223e-17 
9.1321e-09 9.52768e-09 0.0228794 5.02191 3.52286e-13 1.22828e-12 0.111303 -2.73767e-17 
9.1321e-09 9.52768e-09 0.0228794 5.02191 3.52119e-13 1.22828e-12 0.121635 -2.74546e-17 
9.1321e-09 9.52768e-09 0.0228794 5.02191 3.51949e-13 1.2283e-12 0.131966 -2.75245e-17 
9.1321e-09 9.52768e-09 0.0228794 5.02191 3.51785e-13 1.22833e-12 0.142296 -2.7574e-17 
9.1321e-09 9.52768e-09 0.0228794 5.02191 3.51622e-13 1.22839e-12 0.152625 -2.76217e-17 
9.1321e-09 9.52768e-09 0.0228794 5.02191 3.51456e-13 1.2285e-12 0.162952 -2.76571e-17 
9.1321e-09 9.52768e-09 0.0228794 5.02191 3.51303e-13 1.22872e-12 0.173278 -2.76979e-17 
9.1321e-09 9.52768e-09 0.0228794 5.02191 3.51164e-13 1.22916e-12 0.183601 -2.77104e-17 
9.1321e-09 9.52768e-09 0.0228794 5.02191 3.51063e-13 1.23001e-12 0.193924 -2.77111e-17 
9.1321e-09 9.52768e-09 0.0228794 5.02191 3.51057e-13 1.23165e-12 0.204245 -2.76981e-17 
9.1321e-09 9.52768e-09 0.0228794 5.02191 3.51283e-13 1.23477e-12 0.214566 -2.7494e-17 
9.1321e-09 9.52768e-09 0.0228794 5.02191 3.52025e-13 1.24067e-12 0.22489 -2.73908e-17 
9.1321e-09 9.52768e-09 0.0228794 5.02191 3.54025e-13 1.25165e-12 0.235218 -2.73744e-17 
9.1321e-09 9.52768e-09 0.0228794 5.02191 3.59034e-13 1.27175e-12 0.245555 -7.98903e-19 
9.1321e-09 9.52768e-09 0.0228794 5.02191 3.71162e-13 1.30785e-12 0.255901 -2.72002e-17 
9.1321e-09 9.52768e-09 0.0228794 5.02191 3.99854e-13 1.37111e-12 0.266256 -2.65909e-17 
9.1321e-09 9.52768e-09 0.0228794 5.02191 4.65772e-13 1.47863e-12 0.276615 -2.55684e-17 
1.01656e-08 9.52768e-09 0.0228794 5.02191 6.10209e-13 8.87729e-12 0.286985 1.02645e-16 
11.2404 9.52767e-09 0.0229159 5.02191 9.0124e-13 0.0814223 0.2974 6.21173e-16 
100.747 1.29301e-08 0.0231362 5.02191 -9.76353e-12 0.564208 0.307726 8.41168e-16 
1892.36 36.4971 0.0231664 5.03114 -0.120547 0.885105 0.328019 -1.59053e-15 
3683.97 1255.56 240.46 5.02191 -1.10956e-11 7.69113e-11 0.308506 0 
3683.97 1255.56 240.46 5.02191 -1.10956e-11 7.69113e-11 0.308506 0 
3711.83 1334.33 238.619 5 -0.670217 -3.51329 1.15369 -0.041432 
3740.14 1228.91 201.642 28.1599 -0.206162 -6.28 -0.176776 0.00306153 
3666.68 978.515 187.048 27.9769 -0.205268 -6.28 -0.165163 0.0141952 
3592.45 728.123 172.517 27.794 -0.204375 -6.28 -0.153551 0.0805075 
3517.46 477.731 158.047 27.611 -0.203482 -6.27999 -0.141939 0.12748 
3441.72 227.338 143.64 27.428 -0.202588 -6.02394 -0.130327 0.315959 
3365.24 -2.60323 129.295 27.2451 -0.201692 -1.63832 -0.118714 1.27299e-05 
3288.21 -2.62425 115.012 27.0621 -0.200798 -1.63669 -0.107102 8.23565e-06 
3210.45 -2.56024 100.792 26.8791 -0.199909 -1.63671 -0.0954898 5.00341e-06 
3131.96 -2.49812 86.6333 26.6963 -0.199022 -1.63664 -0.0838775 1.03739e-05 
3052.75 -2.43287 72.5367 26.5137 -0.198048 -1.63665 -0.0722653 1.31583e-05 
2972.83 -2.3688 58.5065 26.3278 -0.196892 -1.63664 -0.0606531 4.33879e-06 
2892.21 -2.30459 44.5526 26.1324 -0.197225 -1.63659 -0.0490408 9.20434e-06 
2810.94 -2.2387 30.5976 25.9901 -0.203658 -1.63658 -0.0374286 8.07232e-06 
2728.82 -2.17306 16.3174 26.1262 -0.189399 -1.63657 -0.0258163 8.65603e-06 
2644.61 -2.10651 2.77322 25.6202 -0.0175068 -1.63652 -0.0142041 5.5773e-06 
2560.92 -2.0388 0.00101408 25.4373 -0.0166136 -1.63658 -0.00259183 6.65006e-06 
2477.71 -1.9747 0.00101514 25.2543 -0.0157199 -1.63649 0.00902042 -1.90442e-05 
2395.26 -1.90638 0.00101618 25.0713 -0.0148264 -1.63656 0.0206327 2.86221e-05 
2313.59 -1.84268 0.00101722 24.8884 -0.0139329 -1.63654 0.0322449 5.9281e-06 
2232.68 -1.77849 0.00101825 24.7054 -0.0130395 -1.6365 0.0438572 -3.29864e-06 
2152.54 -1.71264 0.00101927 24.5224 -0.012146 -1.63656 0.0554694 1.95119e-05 
2073.16 -1.65101 0.00102027 24.3394 -0.0112526 -1.63651 0.0670816 5.35776e-06 
1994.56 -1.58708 0.00102125 24.1565 -0.0103591 -1.63654 0.0786939 1.98619e-05 
1916.72 -1.52563 0.0010222 23.9735 -0.00946564 -1.63653 0.0903061 -1.73885e-06 
1839.65 -1.46441 0.00102313 23.7905 -0.00857218 -1.63653 0.101918 -2.88301e-06 
1763.34 -1.40341 0.00102404 23.6076 -0.00767873 -1.63653 0.113531 3.09212e-06 
1687.81 -1.34346 0.00102491 23.4246 -0.00678528 -1.63658 0.125143 9.88499e-05 
1613.04 -1.28639 0.00102573 23.2416 -0.00589183 -1.63647 0.136755 3.46114e-05 
1539.04 -1.22459 0.00102651 23.0586 -0.00499838 -1.63654 0.148367 -3.01974e-06 
1465.81 -1.16682 0.00102723 22.8757 -0.00410493 -1.63652 0.15998 7.70401e-05 
1393.34 -1.10855 0.00102787 22.6927 -0.00321148 -1.63653 0.171592 4.22858e-05 
1321.65 -1.05148 0.00102838 22.5097 -0.00231805 -1.63653 0.183204 1.22205e-05 
1250.72 -0.995365 0.00102882 22.3268 -0.00142458 -1.63653 0.194816 0.000118867 
1180.56 -0.939871 0.954864 22.1438 -0.000530934 -1.63652 0.206429 5.24949e-05 
1111.26 -0.884452 4.68007 21.9608 0.000362847 -1.63653 0.218041 1.03829e-05 
1043.13 -0.830107 8.46753 21.7778 0.00125644 -1.63654 0.229653 4.93438e-05 
976.16 -0.777349 12.3172 21.5949 0.00215005 -1.63654 0.241265 3.3196e-05 
910.363 -0.724936 16.2291 21.4119 0.00304401 -1.63655 0.252878 -4.27713e-05 
845.745 -0.673638 20.2033 21.2289 0.00393713 -1.63656 0.26449 -1.46747e-05 
782.312 -0.623546 24.2397 21.0459 0.00482146 -1.63654 0.276102 3.94298e-06 
720.071 -0.573176 28.3378 20.8633 0.00570855 -1.6369 0.287714 -0.000484848 
659.026 -0.54255 32.4977 20.6809 0.00677948 -2.58854 0.299327 -0.0021871 
599.144 -50.4033 36.7291 20.4911 0.00808743 -1.23118 0.310939 0.108039 
540.558 -36.1296 41.0451 20.2872 0.0060087 2.59919 0.322551 0.0756903 
483.445 185.988 45.2692 20.2091 -0.00629465 6.28 0.334163 0.000520133 
427.27 601.075 48.8548 20.6216 0.0342833 6.28 0.345776 -7.33702e-06 
369.697 1016.16 54.5332 19.2478 0.368145 6.28 0.357388 -0.0179227 
318.141 1431.25 77.83 5 0.0899996 2.74221 0.369 0 
318.141 1431.25 77.83 5 0.0899996 2.74221 0.369 0 
3.66085e-10 1104.98 0.00515109 5.05171 -1.39956 -2.22788 -0.187966 -0.0459216 
7.14786e-13 38.5538 0.00554476 5.03759 -0.466993 -1.04046 -0.0699321 -0.0214796 
6.60859e-13 2.8373e-09 0.00575248 5.02415 -0.131926 -0.768055 -0.023248 -0.00931235 
6.56351e-13 -4.25295e-13 0.00584864 5.01802 -0.0324665 -0.640617 -0.00451268 -0.00383153 
6.56107e-13 6.70656e-13 0.00588974 5.01548 -0.0047922 -0.585254 0.0027759 -0.00151921 
6.56366e-13 6.7857e-13 0.00590643 5.01447 0.002548 -0.562323 0.00555314 -0.000586731 
6.56579e-13 6.82953e-13 0.00591298 5.01407 0.00442174 -0.553132 0.00659613 -0.000222526 
6.56673e-13 6.8448e-13 0.00591548 5.01392 0.00488358 -0.549535 0.00698353 -8.3562e-05 
6.56693e-13 6.85005e-13 0.00591642 5.01387 0.00499319 -0.548152 0.00712618 -3.14702e-05 
6.56686e-13 6.84526e-13 0.00591677 5.01384 0.00501796 -0.547628 0.00717841 -1.22108e-05 
6.56673e-13 6.85836e-13 0.0059169 5.01384 0.00502314 -0.547431 0.00719761 -5.16857e-06 
6.56664e-13 6.84469e-13 0.00591694 5.01383 0.00502402 -0.547358 0.00720498 -2.61671e-06 
6.56659e-13 6.85073e-13 0.00591696 5.01383 0.00502391 -0.547331 0.00720849 -1.69893e-06 
6.56658e-13 6.84976e-13 0.00591697 5.01383 0.00502308 -0.547321 0.00721276 -1.37091e-06 
6.56659e-13 6.84995e-13 0.00591697 5.01383 0.00502012 -0.547317 0.00723625 -1.25429e-06 
6.56664e-13 6.85077e-13 0.00591697 5.01383 0.00501011 -0.547316 0.00742559 -1.21301e-06 
6.56671e-13 6.85134e-13 0.00591697 5.01383 0.00497908 -0.547315 0.00859648 -1.19844e-06 
6.56673e-13 6.85155e-13 0.00591697 5.01383 0.0048961 -0.547315 0.0181571 -1.1933e-06 
6.56673e-13 6.85156e-13 0.00591697 5.01382 0.00478061 -0.547315 0.0296829 -1.19149e-06 
6.56674e-13 6.85149e-13 0.00591697 5.01382 0.00465313 -0.547315 0.0412007 -1.19085e-06 
6.56674e-13 6.85141e-13 0.00591697 5.01381 0.00452181 -0.547315 0.0527146 -1.19062e-06 
6.56675e-13 6.85135e-13 0.00591697 5.0138 0.00438937 -0.547315 0.0642265 -1.19054e-06 
6.56675e-13 6.85131e-13 0.00591697 5.0138 0.00425663 -0.547315 0.075737 -1.19051e-06 
6.56675e-13 6.8513e-13 0.00591697 5.01379 0.0041238 -0.547315 0.0872462 -1.19049e-06 
6.56675e-13 6.8513e-13 0.00591697 5.01379 0.00399095 -0.547315 0.0987541 -1.19049e-06 
6.56674e-13 6.85131e-13 0.00591697 5.01378 0.00385809 -0.547315 0.11026 -1.19048e-06 
6.56674e-13 6.85134e-13 0.00591697 5.01378 0.00372524 -0.547315 0.121764 -1.19048e-06 
6.56674e-13 6.85137e-13 0.00591697 5.01377 0.00359238 -0.547315 0.133265 -1.19048e-06 
6.56674e-13 6.8514e-13 0.00591697 5.01376 0.00345953 -0.547316 0.144763 -1.19048e-06 
6.56674e-13 6.85141e-13 0.00591697 5.01376 0.00332667 -0.547316 0.156257 -1.19048e-06 
6.56675e-13 6.85136e-13 0.00591697 5.01375 0.00319382 -0.547317 0.167747 -1.19048e-06 
6.56677e-13 6.85116e-13 0.00591697 5.01375 0.00306097 -0.547317 0.179232 -1.19048e-06 
6.56679e-13 6.85069e-13 0.00591697 5.01374 0.00292813 -0.547317 0.190712 -1.19048e-06 
6.5668e-13 6.84983e-13 0.00591697 5.01374 0.0027953 -0.547315 0.202187 -1.19048e-06 
6.56675e-13 6.84876e-13 0.00591697 5.01373 0.00266255 -0.547314 0.213656 -1.19048e-06 
6.56654e-13 6.84844e-13 0.00591696 5.01373 0.00253004 -0.547327 0.225121 -1.19048e-06 
6.56609e-13 6.84977e-13 0.00591695 5.01372 0.00239839 -0.547386 0.236582 -1.19047e-06 
6.56557e-13 6.84279e-13 0.00591691 5.01372 0.00227002 -0.547535 0.24804 -1.19044e-06 
6.56603e-13 6.84273e-13 0.00591682 5.01372 0.00215426 -0.547915 0.259497 -1.19036e-06 
6.56847e-13 6.84758e-13 0.00591658 5.01373 0.00208722 -0.548812 0.270954 -1.19014e-06 
6.56416e-13 6.85596e-13 0.00591599 5.01376 0.00220761 -0.55098 0.282409 -1.18954e-06 
6.57366e-13 6.88241e-13 0.0059146 5.01385 0.00303926 -0.555917 0.293854 -1.18793e-06 
6.56682e-13 6.96919e-13 0.00591167 5.01404 0.00651333 -0.566077 0.305277 -1.18368e-06 
6.5718e-13 5.66744e-13 0.00590668 5.01436 0.0194793 -0.583517 0.316656 -1.17268e-06 
6.47757e-13 1.75965e-10 0.0059025 5.01458 0.0647437 -0.601608 0.32796 -1.14502e-06 
4.98787e-11 22.6092 0.00591791 5.01333 0.21017 -0.184044 0.339144 -1.07811e-06 
5.54954 72.7359 0.00621546 5.00026 0.611361 4.53966 0.350096 -9.2509e-07 
220.815 1123.02 74.957 5 -1.4 6.28 0.360474 -6.02392e-07 
1689.28 4261.59 265.84 5.00508 1.96413e-11 4.31998e-11 0.369 0 
1689.28 4261.59 265.84 5.00508 1.96413e-11 4.31998e-11 0.369 0 
2.12897e-08 2226.86 0.0173421 5.01652 -0.000109683 -6.28 3.60234e-05 3.84496e-14 
5.20223e-10 188.55 0.0173438 5.01676 1.48795e-13 -5.07204e-11 3.88636e-05 -1.81427e-19 
5.19936e-10 1.21834e-09 0.0173438 5.01676 2.43336e-16 -8.36106e-12 4.21386e-05 -1.96405e-19 
5.19929e-10 5.41825e-10 0.0173438 5.01676 2.55238e-16 -7.55419e-12 4.59542e-05 -2.03507e-19 
5.19929e-10 5.42435e-10 0.0173438 5.01676 3.73024e-16 -8.42699e-14 5.04541e-05 -1.75714e-19 
5.19929e-10 5.4245e-10 0.0173438 5.01676 3.71506e-16 -8.42698e-14 5.58389e-05 -1.90153e-19 
5.19929e-10 5.42451e-10 0.0173438 5.01676 3.69581e-16 -8.42698e-14 6.24016e-05 -1.70453e-19 
5.19929e-10 5.42451e-10 0.0173438 5.01676 3.67218e-16 -8.42698e-14 7.0595e-05 -1.88245e-19 
5.19929e-10 5.42451e-10 0.0173438 5.01676 3.64422e-16 -8.42698e-14 8.11729e-05 -1.79223e-19 
5.19929e-10 5.42451e-10 0.0173438 5.01676 3.61481e-16 -8.42698e-14 9.551e-05 -1.97375e-19 
5.19929e-10 5.42451e-10 0.0173438 5.01676 3.58941e-16 -8.42698e-14 0.000116399 -2.0051e-19 
5.19929e-10 5.42451e-10 0.0173438 5.01676 3.57926e-16 -8.42698e-14 0.000150346 -1.96456e-19 
5.19929e-10 5.42451e-10 0.0173438 5.01676 3.60991e-16 -8.42698e-14 0.000216017 -1.94815e-19 
5.19929e-10 5.42451e-10 0.0173438 5.01676 3.77519e-16 -8.42698e-14 0.000386643 -1.99174e-19 
5.19929e-10 5.42451e-10 0.0173438 5.01676 4.391e-16 -8.42698e-14 0.00104903 -1.75852e-19 
5.19929e-10 5.42451e-10 0.0173438 5.01676 5.16532e-16 -8.42698e-14 0.00397421 -1.87182e-19 
5.19929e-10 5.42451e-10 0.0173438 5.01676 3.53657e-16 -8.42698e-14 0.0115267 -1.91799e-19 
5.19929e-10 5.42451e-10 0.0173438 5.01676 6.96577e-17 -8.42698e-14 0.022728 -1.85194e-19 
5.19929e-10 5.42451e-10 0.0173438 5.01676 1.57453e-17 -8.42698e-14 0.0343183 -1.95548e-19 
5.19929e-10 5.42451e-10 0.0173438 5.01676 -4.99731e-18 -8.42698e-14 0.0459091 -1.81148e-19 
5.19929e-10 5.42451e-10 0.0173438 5.01676 -2.57935e-17 -8.42698e-14 0.0575006 -1.95547e-19 
5.19929e-10 5.42451e-10 0.0173438 5.01676 -4.67051e-17 -8.42698e-14 0.0690927 -1.91112e-19 
5.19929e-10 5.42451e-10 0.0173438 5.01676 -6.77261e-17 -8.42698e-14 0.0806855 -1.91877e-19 
5.19929e-10 5.42451e-10 0.0173438 5.01676 -8.89053e-17 -8.42698e-14 0.0922787 -1.57393e-19 
5.19929e-10 5.42451e-10 0.0173438 5.01676 -1.10235e-16 -8.42698e-14 0.103872 -1.89267e-19 
5.19929e-10 5.42451e-10 0.0173438 5.01676 -1.31775e-16 -8.42698e-14 0.115465 -1.94005e-19 
5.19929e-10 5.42451e-10 0.0173438 5.01676 -1.53522e-16 -8.42698e-14 0.127058 -1.87999e-19 
5.19929e-10 5.42451e-10 0.0173438 5.01676 -1.75509e-16 -8.42698e-14 0.138649 -2.1363e-19 
5.19929e-10 5.42451e-10 0.0173438 5.01676 -1.9772e-16 -8.42698e-14 0.150238 -2.04902e-19 
5.19929e-10 5.42451e-10 0.0173438 5.01676 -2.20132e-16 -8.42698e-14 0.161824 -1.55683e-19 
5.19929e-10 5.42451e-10 0.0173438 5.01676 -2.42716e-16 -8.42698e-14 0.173405 -2.08574e-19 
5.19929e-10 5.42451e-10 0.0173438 5.01676 -2.65355e-16 -8.42698e-14 0.18498 -1.73089e-19 
5.19929e-10 5.42451e-10 0.0173438 5.01676 -2.87948e-16 -8.42698e-14 0.196548 -1.75839e-19 
5.19929e-10 5.42451e-10 0.0173438 5.01676 -3.1031e-16 -8.42698e-14 0.208106 -1.80172e-19 
5.19929e-10 5.42451e-10 0.0173438 5.01676 -3.32221e-16 -8.42698e-14 0.219651 -1.85691e-19 
5.19929e-10 5.42451e-10 0.0173438 5.01676 -3.53473e-16 -8.42698e-14 0.231181 -1.83959e-19 
5.19929e-10 5.42451e-10 0.0173438 5.01676 -3.73893e-16 -8.42698e-14 0.242689 -1.46517e-19 
5.19929e-10 5.42451e-10 0.0173438 5.01676 -3.9343e-16 -8.42698e-14 0.254171 -2.79e-19 
5.19929e-10 5.42451e-10 0.0173438 5.01676 -4.12258e-16 -8.42698e-14 0.265622 -1.93533e-19 
5.19929e-10 5.42451e-10 0.0173438 5.01676 -4.30968e-16 -8.42698e-14 0.277037 -1.47878e-19 
5.19929e-10 5.42451e-10 0.0173438 5.01676 -4.5068e-16 -8.42698e-14 0.288414 -1.3767e-19 
5.19929e-10 5.42451e-10 0.0173438 5.01676 -4.73008e-16 -8.42698e-14 0.299754 -2.10036e-19 
5.19929e-10 5.42451e-10 0.0173438 5.01676 -4.9876e-16 -8.42698e-14 0.311057 -2.55291e-19 
5.19929e-10 5.42451e-10 0.0173438 5.01676 -5.24738e-16 -8.42698e-14 0.322311 -1.02877e-19 
5.19929e-10 5.42451e-10 0.0173438 5.01676 -5.40469e-16 -8.42698e-14 0.333463 -1.3659e-19 
5.19924e-10 5.42448e-10 0.0173438 5.01676 -5.32863e-16 -8.42698e-14 0.344361 -2.21154e-19 
5.19746e-10 5.42344e-10 0.0173438 5.01676 7.39429e-12 -8.42696e-14 0.354856 -5.38029e-20 
1.13138e-08 5.04198e-09 0.017344 5.01676 2.88042e-11 1.50833e-10 0.36205 -3.94442e-19 
1505.4 981.392 279.998 5.01676 -1.53196e-14 1.31339e-17 0.369 0 
1505.4 981.392 279.998 5.01676 -1.53196e-14 1.31339e-17 0.369 0 
1563.5 1111.71 288.841 5 -0.0931489 -4.71505 1.15369 1.02859 
1623.1 832.312 289.592 5 0.135339 6.28 0.378309 -0.00166054 
1683.19 1508.34 310.198 5 0.135339 6.28 0.378309 -0.00215834 
1746.87 2184.37 330.803 5 0.135339 6.28 0.378309 -0.00209834 
1814.14 2860.4 351.409 5 0.135339 6.28 0.378309 -0.00204159 
1884.99 3536.42 372.015 5 0.135338 6.28 0.378316 -0.0019842 
1959.43 4212.45 392.62 5 0.135431 6.28 0.376713 -0.0019289 
2037.46 4888.48 413.234 5 0.114718 6.28 0.525779 -0.00572644 
2119.12 5564.51 432.048 5 -0.0855749 6.28 1.02324 -0.0016674 
2204.39 6240.54 421.326 5 -0.0846289 6.28 1.00694 -0.000581175 
2287.8 6916.56 410.686 5 -0.0836828 6.28 0.990633 0.000641114 
2369.36 7592.59 400.129 5 -0.0827368 6.28 0.974327 0.0295818 
2449.07 8268.62 389.653 5 -0.0817908 6.28 0.95802 -0.00787768 
2526.96 8944.65 379.26 5 -0.0808447 6.28 0.941714 0.00185147 
2603.04 9620.67 368.949 5 -0.0798987 6.28 0.925408 -0.481964 
2677.32 10296.7 358.72 5 -0.0789545 2.79733 0.909102 -0.245017 
2749.58 10670.1 348.574 5 -0.0780107 -1.49972 0.892796 -0.0375872 
2819.77 10670.1 338.509 5 -0.0770647 -1.49972 0.87649 0.00344961 
2888.21 10670.1 328.526 5 -0.0761186 -1.49972 0.860184 0.0002256 
2954.91 10670.1 318.626 5 -0.0751726 -1.49972 0.843878 -9.2655e-06 
3019.88 10670.1 308.808 5 -0.0742266 -1.49972 0.827571 -9.88971e-06 
3083.15 10670.1 299.072 5 -0.0732805 -1.49972 0.811265 -8.87806e-06 
3144.71 10670.1 289.419 5 -0.0723345 -1.49972 0.794959 -8.52898e-06 
3204.6 10670.1 279.847 5 -0.0713885 -1.49972 0.778653 -8.07694e-06 
3262.81 10670.1 270.358 5 -0.0704424 -1.49972 0.762347 -7.38935e-06 
3319.37 10670.1 260.951 5 -0.0694964 -1.49972 0.746041 -6.93123e-06 
3374.3 10670.1 251.626 5 -0.0685504 -1.49972 0.729735 -9.5824e-06 
3427.59 10670.1 242.383 5 -0.0676043 -1.49972 0.713429 6.27648e-05 
3479.28 10670.1 233.223 5 -0.0666583 -1.49972 0.697122 -0.000135333 
3529.37 10670.1 224.145 5 -0.0657123 -1.49972 0.680816 -0.0253733 
3577.88 10670.1 215.149 5 -0.0647662 -1.49972 0.66451 0.00298274 
3624.82 10670.1 206.235 5 -0.0638204 -1.88982 0.648204 -0.146354 
3670.18 10636.2 197.403 5 -0.0628767 -6.28 0.631898 0.016193 
3713.69 10220.8 188.654 5 -0.0619306 -6.28 0.615592 0.00940408 
3755.68 9805.43 179.986 5 -0.0609846 -6.28 0.599286 0.0110631 
3796.16 9390.04 171.401 5 -0.0600386 -6.28 0.58298 -0.00386917 
3835.15 8974.65 162.898 5 -0.0590925 -6.28 0.566673 0.00897569 
3872.65 8559.26 154.477 5 -0.0581465 -6.28 0.550367 0.00363051 
3908.68 8143.87 146.139 5 -0.0572005 -6.28 0.534061 -0.00168751 
3943.26 7728.49 137.882 5 -0.0562544 -6.28 0.517755 -0.000125062 
3976.41 7313.1 129.708 5 -0.0553084 -6.28 0.501449 9.36636e-05 
4008.12 6897.71 121.616 5 -0.0543624 -6.28 0.485143 -0.00155382 
4038.43 6482.32 113.607 5 -0.0534163 -6.28 0.468837 0.000760243 
4067.34 6066.93 105.679 5 -0.0524703 -6.28 0.452531 -0.000138202 
4094.87 5651.55 97.8337 5 -0.0515243 -6.28 0.436224 1.78258e-05 
4121.03 5236.16 90.0706 5 -0.0505782 -6.28 0.419918 8.91757e-06 
4145.83 4820.77 82.3897 5 -0.0496322 -6.28 0.403612 3.87065e-06 
4169.3 4405.38 74.791 5 -0.578099 -6.28 0.387306 0.00026936 
4192.37 3989.99 21.2705 40 -0.937481 -3.23281 0.369 0 
466.49 869.06 1595.51 13.8944 0.427858 0 0.309506 0 
466.49 869.06 1595.51 13.8944 0.427859 -3.34252e-08 0.309506 1.749e-05 
466.489 869.033 1595.57 13.8526 0.427526 0.0414185 0.311328 2.78789e-05 
2234.42 747.512 1523.07 13.93 0.425536 0.141447 0.307954 -5.80304e-05 
2157.59 901.629 1473.98 14.0829 0.42308 0.239613 0.301284 -0.000254222 
2127.1 1571.92 1534 13.9897 0.42544 0.121305 0.305352 -0.000128485 
2112.47 1910.67 1564.17 13.9428 0.426627 0.0618011 0.307393 -6.53534e-05 
2105.23 2082.96 1579.45 13.9191 0.427228 0.0316768 0.308427 -3.33892e-05 
2101.56 2170.99 1587.18 13.9072 0.427531 0.0164335 0.308949 -1.72563e-05 
2099.7 2216.49 1591.13 13.9011 0.427686 0.00864483 0.309215 -9.02161e-06 
2098.74 2240.27 1593.15 13.898 0.427766 0.00464953 0.309351 -4.80585e-06 
2098.25 2252.94 1594.2 13.8963 0.427807 0.00258493 0.309422 -2.62269e-06 
2097.99 2259.85 1594.74 13.8955 0.427828 0.00152653 0.309458 -1.5004e-06 
2097.86 2263.81 1595.01 13.8951 0.427839 0.000989592 0.309477 -9.25957e-07 
2097.79 2266.25 1595.14 13.8949 0.427844 0.000726463 0.309486 -6.38999e-07 
2097.75 2267.93 1595.2 13.8948 0.427847 0.000607422 0.30949 -5.00268e-07 
2097.73 2269.25 1595.22 13.8947 0.427847 0.000569784 0.309492 -4.48006e-07 
2097.72 2270.43 1595.22 13.8947 0.427848 0.000573156 0.309493 -4.34292e-07 
2097.71 2271.58 1595.2 13.8947 0.427847 0.000606322 0.309492 -4.50873e-07 
2097.71 2272.76 1595.18 13.8947 0.427846 0.000656951 0.309491 -4.82027e-07 
2097.7 2274.03 1595.14 13.8948 0.427845 0.000723628 0.30949 -5.26862e-07 
2097.7 2275.42 1595.1 13.8948 0.427843 0.000804504 0.309488 -5.8215e-07 
2097.7 2276.96 1595.05 13.8949 0.427842 0.000900959 0.309486 -6.48474e-07 
2097.7 2278.67 1595 13.8949 0.42784 0.00101529 0.309484 -7.26163e-07 
2097.7 2280.58 1594.93 13.895 0.427837 0.00115251 0.309481 -8.2182e-07 
2097.69 2282.74 1594.85 13.895 0.427834 0.00131277 0.309478 -9.29329e-07 
2097.69 2285.19 1594.75 13.8951 0.427831 0.00150763 0.309474 -1.06131e-06 
2097.68 2287.99 1594.63 13.8952 0.427827 0.00174226 0.309469 -1.21768e-06 
2097.68 2291.2 1594.48 13.8954 0.427822 0.00202939 0.309463 -1.40857e-06 
2097.67 2294.91 1594.31 13.8955 0.427815 0.00238163 0.309456 -1.64039e-06 
2097.66 2299.23 1594.08 13.8957 0.427808 0.00281806 0.309448 -1.92627e-06 
2097.65 2304.31 1593.81 13.896 0.427798 0.0033612 0.309437 -2.28033e-06 
2097.64 2310.32 1593.47 13.8963 0.427786 0.00404035 0.309424 -2.72812e-06 
2097.62 2317.51 1593.04 13.8967 0.427771 0.00488026 0.309407 -3.28268e-06 
2097.6 2326.15 1592.52 13.8972 0.427752 0.00591774 0.309385 -3.99828e-06 
2097.58 2336.69 1591.9 13.8978 0.42773 0.0071436 0.309358 -4.88055e-06 
2097.55 2349.55 1591.2 13.8986 0.427705 0.00852546 0.309324 -5.98418e-06 
2097.53 2365.32 1590.51 13.8996 0.427678 0.00988513 0.309281 -7.31068e-06 
2097.52 2384.58 1590.06 13.9007 0.427657 0.0107861 0.309232 -8.78693e-06 
2097.56 2407.74 1590.3 13.9018 0.427657 0.0102986 0.309182 -1.01098e-05 
2097.69 2434.38 1592.12 13.9024 0.427706 0.0067088 0.309157 -1.04322e-05 
2097.98 2461.88 1596.84 13.9011 0.427852 -0.00261875 0.309216 -7.77548e-06 
2098.5 2482.37 1605.89 13.8949 0.428157 -0.0205104 0.309485 1.63401e-06 
2099.21 2478.06 1619.28 13.8795 0.428649 -0.0469982 0.310156 2.3149e-05 
2099.8 2417.04 1632.14 13.8507 0.429216 -0.0724422 0.311412 6.07964e-05 
2099.38 2256.76 1628.87 13.8094 0.429398 -0.0660569 0.313212 0.000110069 
2095.9 1966.51 1575.69 13.7688 0.428126 0.0389215 0.314984 0.000147738 
2083.91 1576.44 1411.57 13.7569 0.423444 0.362769 0.315501 0.000146522 
2041.98 1240.9 1031.59 13.8003 0.411149 1.15977 0.313592 -0.00118644 
3940.08 1276.95 188.952 22.6202 -1.74228e-06 0.0393234 0.308506 0 
3940.08 1276.95 188.952 22.6202 -1.74228e-06 0.0393234 0.308506 0 
3891.6 1368.9 184.88 22.6168 0.45396 4.29848 -0.188388 -1.008 
3842.38 1692.81 205.531 5 -0.687274 -2.937 1.13739 -0.391595 
3873.23 1622.61 165.568 29.1813 -0.230793 -6.21973 -0.165163 0.00286865 
3793.55 1373.72 148.354 28.9984 -0.229899 -6.20336 -0.153551 0.00234743 
3712.78 1125.71 131.205 28.8154 -0.229007 -6.19106 -0.141939 0.00235254 
3630.95 878.38 114.121 28.6325 -0.228118 -6.17798 -0.130327 0.00281274 
3548.05 631.758 97.1007 28.4497 -0.227203 -6.15943 -0.118714 0.00354476 
3464.09 386.146 80.1464 28.266 -0.226162 -6.13219 -0.107102 0.00487666 
3379.08 142.017 63.2648 28.0764 -0.225519 -6.08909 -0.0954898 0.00784643 
3293.06 -99.7663 46.4348 27.8996 -0.228256 -6.01048 -0.0838775 0.0178815 
3205.98 -337.269 29.4712 27.871 -0.227597 -5.81087 -0.0722653 0.0906271 
3117.18 -563.9 12.5459 27.7973 -0.147284 -4.73618 -0.060653 0.113508 
3026.81 -732.004 0.00102655 27.3773 -0.0156715 -3.34998 -0.0490408 0.021203 
2936.83 -824.617 0.00101865 27.1943 -0.014778 -3.07417 -0.0374286 -0.00221954 
2847.65 -902.21 0.00101865 27.0113 -0.0138846 -3.10809 -0.0258163 -0.00288785 
2759.28 -981.65 0.00101865 26.8284 -0.0129911 -3.15315 -0.0142041 -0.0027971 
2671.69 -1063.55 0.00101865 26.6454 -0.0120976 -3.19897 -0.00259182 -0.00292763 
2584.9 -1147.94 0.00101865 26.4624 -0.0112042 -3.24912 0.00902043 -0.00289419 
2498.91 -1235.06 0.00101865 26.2794 -0.0103107 -3.30129 0.0206327 -0.00277476 
2413.71 -1325.02 0.00101865 26.0965 -0.00941722 -3.35415 0.0322449 -0.00263596 
2329.31 -1417.87 0.00101865 25.9135 -0.00852374 -3.40738 0.0438572 -0.0024938 
2245.7 -1513.61 0.00101865 25.7305 -0.00763027 -3.46091 0.0554694 -0.00235145 
2162.89 -1612.27 0.00101865 25.5476 -0.0067368 -3.51472 0.0670817 -0.00221019 
2080.88 -1713.86 0.00101865 25.3646 -0.00584333 -3.56879 0.0786939 -0.00207064 
1999.65 -1818.4 0.00101865 25.1816 -0.00494986 -3.62313 0.0903061 -0.00193321 
1919.23 -1925.9 0.00101865 24.9986 -0.00405639 -3.67773 0.101918 -0.00179808 
1839.6 -2036.37 0.00101865 24.8157 -0.00316292 -3.73261 0.113531 -0.00166519 
1760.76 -2149.83 0.00101865 24.6327 -0.00226945 -3.78774 0.125143 -0.00153348 
1682.72 -2266.29 0.00101865 24.4497 -0.00137598 -3.84308 0.136755 -0.00139863 
1605.47 -2385.77 0.00101865 24.2668 -0.000482509 -3.89837 0.148367 -0.00124493 
1529.02 -2508.26 0.00101865 24.0838 0.000410962 -3.95268 0.15998 -0.00101662 
1453.37 -2633.7 0.00101865 23.9008 0.00130443 -4.00231 0.171592 -0.000515032 
1378.51 -2761.85 0.00101865 23.7178 0.00219791 -4.03266 0.183204 0.000964862 
1304.44 -2891.66 0.00101865 23.5349 0.00309142 -3.98547 0.194816 0.00579054 
1231.18 -3018.89 0.00101865 23.3519 0.00398507 -3.63602 0.206429 0.0199142 
1158.72 -3127.1 0.00101865 23.1689 0.00487921 -2.34504 0.218041 0.0466773 
1087.12 -3164.99 0.00101865 22.986 0.00577419 0.294465 0.229653 0.0761266 
1016.44 -3059.15 0.52277 22.803 0.00667051 3.76745 0.241265 0.0113616 
946.756 -2764.16 5.35022 22.62 0.00756544 5.67772 0.252878 -0.000677319 
878.481 -2365.14 10.2424 22.437 0.00845897 6.04483 0.26449 2.40493e-05 
811.554 -1946.12 15.1992 22.2541 0.00934508 6.10628 0.276102 6.14713e-05 
745.967 -1523.77 20.2202 22.0714 0.0102313 6.14266 0.287714 -3.05018e-05 
681.727 -1099.43 25.3055 21.8889 0.0112768 6.16643 0.299327 -8.00652e-06 
618.837 -673.792 30.4636 21.7 0.012572 6.18324 0.310939 -1.00564e-05 
557.334 -247.244 35.7087 21.4965 0.0107603 6.19566 0.322551 -1.01065e-05 
497.293 179.98 40.8729 21.4124 -0.00145253 6.20524 0.334163 -6.58668e-06 
438.197 607.725 45.3794 21.8363 0.038182 6.21288 0.345776 -3.76615e-06 
377.7 1035.89 52.0074 20.4396 0.388397 6.21786 0.357388 -0.000254664 
323.64 1464.32 77.83 5 0.0899997 3.99688 0.369 0 
323.64 1464.32 77.83 5 0.0899997 3.99688 0.369 0 
343.563 1635.52 82.8921 5 -0.832279 2.73323 1.15369 0.766553 
364.341 1767.57 59.3759 23.3057 0.749882 4.79073 -0.176776 0.581383 
337.278 1963.41 83.9763 5.00002 0.086955 6.23554 0.568252 -0.0177916 
357.64 2203.98 88.9441 5 0.0869543 6.19493 0.568253 -0.00431145 
378.31 2443.3 93.9118 5 0.0869543 6.19193 0.568253 -0.00488528 
399.288 2682.52 98.8795 5 0.0869543 6.18764 0.568253 -0.00500544 
420.574 2921.61 103.847 5 0.0869543 6.18293 0.568253 -0.00510977 
442.168 3160.55 108.815 5 0.0869543 6.17774 0.568253 -0.00522794 
464.071 3399.33 113.783 5 0.0869543 6.17198 0.568253 -0.00537135 
486.282 3637.93 118.75 5 0.0869543 6.16555 0.568253 -0.00554915 
508.801 3876.34 123.718 5 0.0869543 6.15831 0.568253 -0.00577947 
531.629 4114.52 128.686 5 0.0869543 6.15 0.568253 -0.0060879 
554.765 4352.44 133.654 5 0.0869543 6.1402 0.568253 -0.00646407 
578.209 4590.06 138.621 5 0.0869543 6.12848 0.568253 -0.00672585 
601.961 4827.31 143.589 5 0.0869543 6.11506 0.568253 -0.00619849 
626.021 5064.15 148.557 5 0.0869543 6.10282 0.568253 -0.00301501 
650.389 5300.61 153.524 5 0.0869542 6.10195 0.568253 0.00605065 
675.066 5537.04 158.492 5 0.0869543 6.1351 0.568253 0.0182654 
700.051 5774.5 163.46 5 0.0869543 6.21359 0.568253 0.011299 
725.348 6014.39 168.428 5 0.0869543 6.25733 0.568253 -0.0389687 
750.953 6255.64 173.395 5 0.0869542 6.08557 0.568253 -0.123069 
776.863 6491.57 178.363 5 0.086954 5.5547 0.568253 -0.20943 
803.069 6711.04 183.331 5 0.0869535 4.65017 0.568253 -0.274866 
829.56 6902.49 188.298 5 0.0869529 3.45173 0.568253 -0.312385 
856.33 7056.8 193.266 5 0.0869521 2.06695 0.568253 -0.324126 
883.375 7168.2 198.234 5 0.0869513 0.594433 0.568253 -0.314377 
910.691 7233.98 203.201 5 0.0869506 -0.883662 0.568253 -0.286577 
938.28 7253.95 208.169 5 0.0869498 -2.29611 0.568253 -0.243224 
966.142 7230.16 213.137 5 0.0869491 -3.5753 0.568254 -0.187376 
994.281 7166.73 218.104 5 0.0869486 -4.65452 0.568254 -0.124793 
1022.7 7069.85 223.072 5 0.0869481 -5.47401 0.568254 -0.0652437 
1051.41 6947.59 228.039 5 0.0869479 -5.99845 0.568254 -0.0205605 
1080.41 6809.07 233.007 5 0.0869477 -6.24156 0.568254 0.00183855 
1109.72 6663.02 237.974 5 0.0869476 -6.28 0.568256 0.00555914 
1139.34 6515.78 242.942 5 0.0869564 -6.22795 0.568105 0.0032424 
1169.26 6370.15 247.91 5 0.0862638 -6.16295 0.566023 0.0094576 
1199.49 6226.54 252.856 5.01918 0.0759632 -5.96906 0.566673 -0.00823649 
1230 6088.93 257.482 5.27643 0.0746836 -6.10246 0.550367 -0.00267807 
1260.15 5947.19 262.056 5.5342 0.0734985 -6.12775 0.534061 -0.000534489 
1289.94 5804.67 266.58 5.79016 0.0725569 -6.13577 0.517755 0.000432249 
1319.39 5661.9 271.062 6.03893 0.0713192 -6.14882 0.501449 0.000617665 
1348.49 5518.72 275.494 6.28896 0.0676869 -6.15963 0.485143 0.000449541 
1377.25 5375.22 279.801 6.59643 0.0621132 -6.16778 0.468837 0.000223451 
1405.51 5231.45 283.919 6.99551 0.0715322 -6.17397 0.452531 6.83464e-05 
1433.03 5087.5 288.31 7.11426 0.122289 -6.17904 0.436224 9.87855e-06 
1460.51 4943.39 294.268 6.03475 0.130582 -6.18389 0.419918 -1.7948e-06 
1491.02 4799.13 300.536 5.00001 -0.253778 -6.18986 0.403612 3.0139e-05 
1524.73 4654.68 294.945 10.8284 -1.0033 -6.18245 0.387306 0.000367824 
1544.09 4510.48 265.84 34.2065 -0.0899998 -5.64193 0.369 0 
1544.09 4510.48 265.84 34.2065 -0.0899998 -5.64193 0.369 0 
1520.04 4455.97 263.228 31.8065 1.3577 -6.28 -0.188388 0.000909373 
1498.06 4393.11 279.61 18.0098 1.39616 -6.28 -0.176775 0.000881755 
1490.96 4330.23 296.786 5 -0.228547 -6.28 1.11444 0.00084224 
1498.38 4267.35 292.974 6.04294 -0.723298 -6.28 1.09841 0.000811289 
1504.74 4204.47 282.666 11.9318 -0.193844 -6.28 1.08122 0.000787424 
1504.51 4141.59 279.162 12.0575 0.0121587 -6.28 1.06399 0.00076128 
1504 4078.71 278.353 10.1317 0.147418 -6.28 1.04768 0.00073467 
1505.46 4015.83 279.353 7.03315 0.0272473 -6.28 1.03199 0.000706563 
1510.22 3952.95 278.847 5.40438 -0.118752 -6.28 1.01558 0.000678479 
1516.72 3890.06 276.464 5.37766 -0.112147 -6.28 0.99896 0.000651442 
1523.18 3827.18 274.168 5.29725 -0.111913 -6.28 0.982317 0.000624532 
1529.66 3764.29 271.878 5.23117 -0.11291 -6.28 0.965643 0.000597804 
1536.15 3701.41 269.576 5.19051 -0.112791 -6.28 0.948933 0.000571298 
1542.63 3638.52 267.277 5.16202 -0.112295 -6.28 0.932185 0.000545035 
1549.07 3575.64 264.985 5.14096 -0.111602 -6.28 0.915391 0.000519042 
1555.48 3512.76 262.703 5.12478 -0.11079 -6.28 0.898544 0.000493346 
1561.84 3449.87 260.433 5.11195 -0.109904 -6.28 0.881634 0.000467976 
1568.16 3386.99 258.175 5.10152 -0.108968 -6.28 0.864649 0.000442962 
1574.43 3324.1 255.93 5.09288 -0.107993 -6.28 0.847574 0.000418331 
1580.65 3261.22 253.698 5.0856 -0.106988 -6.28 0.830389 0.000394115 
1586.82 3198.33 251.481 5.07938 -0.105953 -6.28 0.813065 0.000370343 
1592.93 3135.45 249.278 5.07401 -0.104889 -6.28 0.795567 0.000347046 
1599 3072.56 247.09 5.06932 -0.103792 -6.28 0.77784 0.000324254 
1605.01 3009.68 244.917 5.06519 -0.102656 -6.28 0.759809 0.000301998 
1610.96 2946.8 242.761 5.06152 -0.10147 -6.28 0.741358 0.000280308 
1616.87 2883.91 240.622 5.05825 -0.100215 -6.28 0.72231 0.000259216 
1622.72 2821.03 238.502 5.0553 -0.0988622 -6.28 0.702379 0.000238752 
1628.52 2758.14 236.402 5.05264 -0.0973629 -6.28 0.681099 0.000218945 
1634.27 2695.26 234.325 5.05022 -0.0956321 -6.28 0.657702 0.000199826 
1639.96 2632.37 232.276 5.04802 -0.0935168 -6.28 0.630958 0.000181424 
1645.6 2569.49 230.263 5.04601 -0.0907189 -6.28 0.599102 0.000163767 
1651.19 2506.6 228.299 5.04417 -0.0865408 -6.28 0.560229 0.000146885 
1656.73 2443.72 226.418 5.04274 -0.0779497 -6.28 0.523663 0.000130808 
1662.22 2380.84 224.746 5.04088 0.0547962 -6.28 0.474851 0.000115677 
1667.64 2317.95 226.33 5.03989 0.155799 -6.28 0.414041 0.000101339 
1673.06 2255.07 229.909 5.03845 0.163485 -6.28 0.37221 8.77868e-05 
1678.59 2192.18 233.645 5.03739 0.166972 -6.28 0.341442 7.51317e-05 
1684.21 2129.3 237.447 5.03625 0.168985 -6.28 0.321809 6.33987e-05 
1689.93 2066.41 241.287 5.03515 0.170119 -6.28 0.3115 5.2609e-05 
1695.75 2003.53 245.148 5.03408 0.170677 -6.28 0.308114 4.2782e-05 
1701.68 1940.65 249.02 5.03304 0.170846 -6.28 0.309702 3.39354e-05 
1707.7 1877.76 252.898 5.03203 0.170748 -6.28 0.314785 2.60852e-05 
1713.83 1814.88 256.778 5.03107 0.170472 -6.28 0.322193 1.92457e-05 
1720.07 1751.99 260.655 5.03016 0.170082 -6.28 0.331052 1.34293e-05 
1726.4 1689.11 264.529 5.0293 0.169622 -6.28 0.340756 8.64664e-06 
1732.84 1626.22 268.399 5.02848 0.169118 -6.28 0.350832 4.90659e-06 
1739.38 1563.34 272.263 5.02774 0.168658 -6.28 0.360347 2.216e-06 
1746.02 1500.45 276.121 5.02685 0.170123 -6.28 0.367587 0.000243153 
1752.77 1437.57 280 5.00787 -0.00576117 -5.5775 0.369 0 
1752.77 1437.57 280 5.00787 -0.00576117 -5.5775 0.369 0 
1806.89 1105.76 287.819 5 -0.093246 -3.76046 1.15369 0.996821 
1862.6 921.8 288.52 5 0.135465 6.25883 0.377813 -0.00179665 
1918.7 1553.11 307.832 5 0.135465 6.26391 0.377813 -0.00240194 
1977.94 2184.83 327.143 5 0.135465 6.26098 0.377813 -0.00239782 
2040.34 2816.31 346.455 5 0.135465 6.25719 0.377813 -0.00231209 
2105.88 3447.48 365.766 5 0.135461 6.2536 0.377884 -0.00227743 
2174.58 4078.36 385.077 5 0.136313 6.24956 0.363198 -0.00228162 
2246.42 4708.91 404.458 5 -0.041413 6.24454 0.758639 -0.00231748 
2321.7 5339.06 409.377 5 -0.0856723 6.23807 1.02324 -0.00239875 
2397.86 5968.67 399.323 5 -0.0847264 6.22941 1.00694 -0.00254445 
2472.38 6597.59 389.346 5 -0.0837804 6.21748 0.990632 -0.00280778 
2545.27 7225.53 379.446 5 -0.0828344 6.20025 0.974326 -0.00329854 
2616.55 7852.07 369.622 5 -0.0818884 6.17359 0.95802 -0.00431338 
2686.22 8476.44 359.876 5 -0.0809424 6.12766 0.941714 -0.0069085 
2754.29 9097.07 350.207 5 -0.0799964 6.03285 0.925408 -0.0186719 
2820.78 9709.99 340.615 5 -0.0790505 5.71767 0.909102 -0.165807 
2885.69 10297.3 331.1 5 -0.078106 2.89737 0.892796 -0.269779 
2948.86 10655 321.661 5 -0.0771622 -1.48353 0.87649 3.76485e-05 
3010.21 10656.4 312.3 5 -0.0762162 -1.53834 0.860183 0.00384105 
3070.02 10653.2 303.015 5 -0.0752702 -1.50291 0.843877 -3.27478e-05 
3128.32 10652.9 293.808 5 -0.0743241 -1.51461 0.827571 0.00132831 
3185.12 10651.7 284.677 5 -0.0733781 -1.49723 0.811265 0.00016869 
3240.43 10651.9 275.623 5 -0.0724321 -1.49735 0.794959 -0.00014244 
3294.26 10652.1 266.647 5 -0.071486 -1.50291 0.778653 0.000243798 
3346.63 10651.9 257.747 5 -0.07054 -1.49795 0.762347 0.000218913 
3397.54 10652 248.924 5 -0.069594 -1.4932 0.746041 -0.0004816 
3447.02 10652.5 240.178 5 -0.0686479 -1.51 0.729735 0.00102327 
3495.07 10651.7 231.51 5 -0.0677019 -1.48379 0.713428 0.00133772 
3541.7 10653 222.918 5 -0.0667558 -1.46662 0.697122 0.0104889 
3586.93 10655.7 214.403 5 -0.0658097 -1.32228 0.680816 -0.0669851 
3630.78 10670.1 205.965 5 -0.0648651 -4.06817 0.66451 -0.031692 
3673.08 10461.1 197.604 5 -0.0639199 -5.65401 0.648204 -0.00544671 
3713.91 10123.1 189.32 5 -0.0629741 -5.98539 0.631898 -0.00151667 
3753.36 9758.07 181.113 5 -0.0620281 -6.09927 0.615592 -0.000544632 
3791.47 9383.8 172.983 5 -0.0610821 -6.15428 0.599286 -0.000199004 
3828.25 9005.06 164.93 5 -0.0601361 -6.18588 0.58298 -5.47224e-05 
3863.71 8623.74 156.954 5 -0.0591901 -6.2061 0.566673 9.37829e-06 
3897.87 8240.78 149.055 5 -0.058244 -6.22002 0.550367 3.70118e-05 
3930.74 7856.69 141.232 5 -0.057298 -6.23011 0.534061 4.65958e-05 
3962.33 7471.78 133.487 5 -0.056352 -6.23772 0.517755 4.68334e-05 
3992.65 7086.24 125.819 5 -0.0554059 -6.24365 0.501449 4.22283e-05 
4021.73 6700.23 118.228 5 -0.0544599 -6.24838 0.485143 3.52838e-05 
4049.56 6313.83 110.713 5 -0.0535139 -6.25227 0.468837 2.74681e-05 
4076.17 5927.11 103.276 5 -0.0525678 -6.25557 0.452531 1.97008e-05 
4101.56 5540.13 95.9156 5 -0.0516218 -6.25857 0.436224 1.26948e-05 
4125.75 5152.9 88.6323 5 -0.0506758 -6.26156 0.419918 7.27279e-06 
4148.76 4765.42 81.4259 5 -0.0497298 -6.26433 0.403612 3.61211e-06 
4170.58 4377.73 74.2965 5 -0.614154 -6.26475 0.387306 0.000268677 
4192.16 3989.99 21.2401 40 -0.952571 -3.38911 0.369 0 
