grtopS_32_2
50
2 2
5 5 
0 3 2 1 4 
0 3 2 1 4 
2857.59 53.1995 95.0446 128.21 
45101.8 32.7846 91.711 0 
58.3181 1.0857 1.93969 2.61653 
920.444 0.669073 1.87165 0 
0 1.50432 5.46359e-08 1.46543 
1.4524e-06 1.44568e-06 1.45399e-06 9.48808 
952.41 585.34 557.6 37.3886 0.913654 0 0.0286969 0 
952.41 585.34 557.6 37.3886 0.913654 -2.72906e-09 0.0287903 0.00320858 
952.41 585.34 557.6 37.3865 0.944064 0.0490793 0.0284089 0.00263098 
1017.78 532.769 598.007 25.499 1.26236 -0.0294919 0.0328885 0.0902486 
1037.41 -492.776 513.487 38.5114 0.880634 -0.0115 0.028309 -0.0085783 
957.779 -395.776 521.346 37.6912 0.905097 -0.0136986 0.0285946 -0.00208371 
886.676 -370.225 523.916 37.6308 0.906835 -0.0121355 0.0286149 -0.0016405 
821.403 -349.825 526.017 37.602 0.90752 -0.0105856 0.0286256 -0.00146915 
761.257 -331.633 527.699 37.618 0.907 -0.00908964 0.0286198 -0.00161231 
705.556 -311.975 529.427 37.5959 0.907643 -0.00775371 0.0286267 -0.00145019 
654.154 -294.213 530.993 37.5629 0.908517 -0.00644998 0.0286385 -0.00122832 
606.772 -279.138 532.196 37.5628 0.908481 -0.00516822 0.0286382 -0.0012402 
562.851 -264.004 533.346 37.5428 0.909015 -0.00392578 0.0286449 -0.00110408 
522.261 -250.501 534.287 37.5285 0.909363 -0.00268741 0.0286498 -0.00101561 
484.692 -238.111 535.027 37.5219 0.909499 -0.0014545 0.0286494 -0.000294887 
449.845 -226.192 535.645 37.5096 0.908976 0.0102701 0.0286634 -0.00309994 
431.514 -213.805 535.001 37.5086 0.911292 -0.0188687 0.0286492 0.00140032 
373.434 -205.453 537.395 37.4785 0.909893 0.0117798 0.0286686 -0.00149114 
359.665 -195.758 536.535 37.4686 0.910814 0.0036668 0.0286699 -0.000631053 
333.837 -188.005 536.445 37.4623 0.910961 0.00511186 0.0286714 -0.000586993 
309.802 -180.73 536.26 37.4375 0.911549 0.00665664 0.0286804 -0.000429122 
287.556 -175.355 535.714 37.4462 0.911208 0.00831707 0.028677 -0.000510117 
266.724 -169.081 535.113 37.4327 0.911459 0.0100728 0.0286824 -0.000436162 
247.355 -163.722 534.221 37.4376 0.911373 0.0119795 0.0286784 -0.00043947 
229.226 -158.038 533.444 37.3666 0.913144 0.0141721 0.0287048 2.8538e-05 
212.884 -157.943 531.747 37.4197 0.911459 0.0166019 0.0286857 -0.0003932 
197.304 -153.047 530.255 37.3992 0.911886 0.0191663 0.0286927 -0.000267129 
182.965 -149.617 528.388 37.3926 0.911893 0.0219908 0.0286947 -0.000247021 
169.665 -146.435 526.226 37.3832 0.91195 0.0250939 0.0286979 -0.000212363 
157.347 -143.686 523.707 37.3779 0.911882 0.0285024 0.0286995 -0.000206698 
145.895 -141.008 520.853 37.3661 0.91198 0.0322642 0.0287034 -0.00015553 
135.294 -138.921 517.581 37.3549 0.912016 0.0364272 0.0287071 -0.00011712 
125.466 -137.294 513.842 37.3471 0.911937 0.041037 0.0287095 -0.000106931 
116.327 -135.809 509.635 37.3339 0.911974 0.0461124 0.0287138 -5.88358e-05 
107.816 -134.859 504.871 37.3223 0.911924 0.0517765 0.0287175 -3.08205e-05 
99.9015 -134.236 499.501 37.3102 0.911827 0.0580661 0.0287214 -1.16234e-05 
92.5361 -133.875 493.445 37.3023 0.911542 0.0650292 0.028724 -2.90745e-05 
85.6161 -133.305 486.644 37.2998 0.911044 0.0728389 0.0287246 -0.000106223 
79.1819 -131.965 479.064 37.2935 0.910612 0.0814121 0.0287265 -0.00015401 
73.1149 -130.104 470.618 37.2828 0.910249 0.0909415 0.0287298 -0.000180234 
67.4277 -127.994 461.199 37.2676 0.909954 0.101488 0.0287344 -0.000177693 
62.0543 -125.917 450.684 37.249 0.909641 0.113226 0.0287405 -0.000172439 
56.9853 -123.964 438.891 37.2405 0.908933 0.126268 0.0287431 -0.000252885 
52.094 -121.091 425.762 37.2317 0.908134 0.140848 0.0287456 -0.0003621 
47.4803 -117.151 411.165 37.2161 0.907433 0.156877 0.0287465 -0.00043534 
42.9338 -112.557 394.915 37.1986 0.905408 0.174523 0.0287621 -0.00397351 
38.1995 -105.09 375.16 37.6204 0.891318 0.145962 0.0286458 0.00233024 
-33.3785 -58.2723 356.113 38.9612 0.853417 0.268877 0.0279264 0.0291909 
30.9887 101.74 348.49 35.1907 0.904763 0.950749 0.0272306 0.00537558 
992.45 38.7905 235.164 38.0634 0.09 1.06771 0.0276969 0 
992.45 38.7905 235.164 38.0634 0.09 1.06771 0.0276969 0 
963.223 73.0413 234.6 33.3716 1.17454 -0.427656 -0.188202 -1.02537 
938.715 87.0512 248.852 21.0278 1.21576 -2.69916 -0.176564 -0.981511 
927.957 70.6391 263.905 9.36691 -0.285413 -4.93906 -0.0543133 0.762061 
930.647 23.5969 258.939 14.0504 -1.36644 -3.47489 -0.0162847 0.298027 
928.554 -2.07206 239.165 29.5224 -0.500928 -1.75429 0.0929136 -0.103847 
908.903 -3.14402 230.777 31.7228 -0.316722 -1.51487 -0.0958857 0.0240647 
886.564 -0.878793 224.881 31.8576 -0.28732 -1.66525 -0.118713 -0.000668109 
863.928 -0.655723 219.374 31.69 -0.28941 -1.67811 -0.107102 -0.000111161 
841.325 -0.607718 213.828 31.5519 -0.289477 -1.67943 -0.0954897 6.56805e-05 
818.72 -0.577808 208.288 31.4196 -0.28378 -1.67928 -0.0838775 -1.89804e-06 
796.104 -0.546562 202.831 31.2422 -0.271652 -1.67951 -0.0722653 1.89908e-06 
773.541 -0.518842 197.552 30.9396 -0.258994 -1.67929 -0.060653 -1.62887e-05 
751.149 -0.488582 192.439 30.5815 -0.261866 -1.67939 -0.0490407 -1.04851e-05 
729.03 -0.460157 187.302 30.2506 -0.287155 -1.67975 -0.0374285 2.32822e-05 
707.133 -0.437048 181.793 30.201 -0.331017 -1.67859 -0.0258122 0.000345844 
685.134 -0.398583 175.69 30.5822 -0.357022 -1.68108 -0.0140573 1.30803e-05 
662.543 -0.39651 169.231 31.2139 -0.308997 -1.68248 -0.0025877 -1.53319e-05 
639.098 -0.413554 163.405 31.2571 -0.158375 -1.68105 0.00908411 6.24583e-05 
615.402 -0.411724 159.619 29.7515 0.019373 -1.68122 0.0207994 0.00110983 
593.087 -0.417132 158.286 28.6079 0.0367435 -1.67908 0.0324461 5.55484e-05 
571.973 -0.403134 157.216 28.2813 -0.0673218 -1.67883 0.0440583 -1.33354e-05 
551.232 -0.38599 155.52 29.0534 -0.192376 -1.67859 0.0556633 -2.68108e-05 
529.635 -0.368477 154.157 31.0419 -0.198637 -1.67834 0.0671032 -1.49548e-05 
505.857 -0.349455 152.798 32.9019 0.069208 -1.67797 0.0788695 5.19102e-05 
479.94 -0.326892 155.008 31.8521 0.600208 -1.67803 0.0905012 5.26713e-06 
455.063 -0.312633 164.459 25.4209 1.04358 -1.6732 0.102114 0.000963147 
437.303 -0.294827 180.032 14.9807 0.666153 -1.61798 0.48098 0.000429821 
431.401 -0.289814 190.772 8.96485 0.402908 -1.56738 0.618889 0.000333083 
432.896 -0.292712 198.08 6.24 0.237913 -1.52156 0.273216 8.9498e-05 
438.984 -0.300713 203.195 5.6892 0.198328 -1.49638 0.259679 3.43535e-06 
446.51 -0.308919 207.78 5.60783 0.210334 -1.47716 0.160207 6.52808e-05 
454.436 -0.308698 212.551 5.46899 0.193283 -1.46492 0.171801 -0.00697206 
462.83 -0.259753 217.082 5.51174 0.197338 -1.49317 0.183414 -0.00722822 
471.299 -0.620383 221.659 5.50189 0.208814 -1.5162 0.195028 0.0872518 
479.899 -1.35534 226.375 5.36753 0.217124 -1.53845 0.206698 -0.00837163 
488.728 -2.27528 231.228 5.15043 0.212023 -1.74623 0.218353 -0.227651 
497.954 -6.17112 236.013 5.00023 0.197815 -2.26809 0.233027 -0.0497344 
507.507 -17.1361 240.61 5.00025 0.197144 -2.72827 0.244466 0.164843 
517.179 -34.1954 245.197 5.00023 0.174065 -1.10115 0.304407 0.215081 
526.999 -28.7364 249.455 5.00023 -0.106884 0.564475 0.517211 0.193673 
537.028 -0.879379 248.717 5.00023 -0.108243 2.21498 0.501101 0.172265 
547.053 49.4683 246.181 5.00024 -0.108306 3.85034 0.484848 0.129391 
557.026 124.395 243.658 5.00022 -0.107527 5.45449 0.468564 -0.0185379 
566.949 221.053 241.147 5.00023 -0.106593 6.26787 0.452269 -0.0153636 
576.812 328.728 238.649 5.00023 -0.105474 6.26405 0.435977 -0.00494165 
586.634 436.353 236.153 5 -0.104781 6.27984 0.419912 -9.11725e-06 
596.393 543.956 233.662 5 -0.153182 6.27987 0.403546 -6.01251e-06 
606.096 651.56 230.516 5.50867 -0.746284 6.27989 0.387306 -0.00606873 
615.323 759.296 219.33 15.1036 -0.09 4.81724 0.369 0 
615.323 759.296 219.33 15.1036 -0.09 4.81724 0.369 0 
610.392 913.887 217.534 15.9798 0.509905 4.82344 -0.170569 -0.905038 
603.385 1068.63 230.223 6.24809 -0.656868 3.61889 0.894395 -0.943368 
616.407 1194.2 215.051 18.3977 -0.171907 2.36194 0.0269742 -0.966814 
604.873 1289.37 211.145 20.6279 -0.0507774 1.07239 -0.146578 -0.9576 
588.74 1353.34 210.084 20.4615 -0.0491189 -0.206089 -0.136434 -0.919151 
572.854 1386.36 209.07 20.2799 -0.0490075 -1.43437 -0.124732 -0.911144 
557.247 1389.66 208.065 20.1124 -0.0482348 -2.65314 -0.113929 -0.895562 
541.892 1363.45 207.086 19.9455 -0.0468397 -3.85224 -0.103408 -0.876682 
526.789 1308.23 206.147 19.768 -0.0457174 -5.02725 -0.0922122 -0.856514 
511.962 1224.57 205.242 19.5858 -0.044851 -6.17642 -0.0806637 -0.0673661 
497.422 1113.09 204.364 19.4041 -0.0440249 -6.27101 -0.0691165 0.015877 
483.19 999.326 203.514 19.2235 -0.0431442 -6.25432 -0.0576467 0.0219162 
469.266 885.964 202.693 19.0429 -0.0422361 -6.22955 -0.0461874 -0.021508 
455.653 773.202 201.9 18.8618 -0.0413357 -6.26284 -0.0346988 -0.00560495 
442.351 659.634 201.136 18.6805 -0.0404468 -6.27489 -0.0231892 0.00222852 
429.363 545.774 200.401 18.499 -0.0395611 -6.27647 -0.0116748 0.00238843 
416.691 431.875 199.694 18.3176 -0.0386744 -6.27784 -0.000160833 0.0800949 
404.337 317.943 199.015 18.1362 -0.0377873 -6.17526 0.0113541 0.663625 
392.302 206.493 198.365 17.9547 -0.0368996 -5.29195 0.0228697 0.642721 
380.605 116.422 197.744 17.7733 -0.0360132 -4.43575 0.0343869 0.621487 
369.246 47.0717 197.151 17.5918 -0.0351273 -3.60712 0.0459044 0.600287 
358.225 -2.22373 196.587 17.4103 -0.0342399 -2.80605 0.0574215 0.578925 
347.544 -32.1316 196.051 17.2289 -0.0333494 -2.03279 0.0689391 0.557413 
337.203 -43.3249 195.543 17.0473 -0.0324579 -1.28755 0.08046 0.535058 
327.204 -36.4818 195.065 16.8657 -0.0315701 -0.57149 0.0919859 -0.310437 
317.547 -12.3086 194.615 16.684 -0.0306869 -0.985812 0.103514 -0.482346 
308.212 1.83664 194.193 16.5025 -0.0298032 -1.63051 0.11504 0.0315595 
299.196 0.378331 193.8 16.3209 -0.0289098 -1.58835 0.126563 0.108721 
290.513 -0.0598642 193.435 16.1393 -0.0280059 -1.44292 0.138091 -0.381239 
282.167 3.02132 193.099 15.9573 -0.0271058 -1.95281 0.149634 -0.402362 
274.147 -6.23823 192.792 15.7751 -0.0262261 -2.49145 0.161197 -0.257301 
266.456 -28.5344 192.514 15.5931 -0.0253423 -2.83655 0.17275 0.363473 
259.096 -59.1831 192.264 15.4112 -0.0244498 -2.35153 0.184294 0.342671 
252.086 -78.0936 192.042 15.2292 -0.0235597 -1.89388 0.195845 0.321162 
245.427 -85.928 191.85 15.0472 -0.0226669 -1.46455 0.207401 0.299548 
239.119 -83.372 191.686 14.8652 -0.0217542 -1.06373 0.218962 0.277663 
233.164 -71.1152 191.551 14.6826 -0.0208239 -0.691786 0.230528 0.25548 
227.562 -49.8569 191.445 14.4994 -0.0199578 -0.349162 0.2421 0.233217 
222.317 -20.3065 191.368 14.3168 -0.0192924 -0.0359884 0.253671 0.211232 
217.428 16.8231 191.314 14.1384 -0.0186911 0.248079 0.265243 0.189708 
212.888 60.8276 191.281 13.9646 -0.0171861 0.503627 0.276829 0.168408 
208.688 111.017 191.292 13.7782 -0.0136744 0.730929 0.288431 0.146906 
204.852 166.707 191.394 13.5442 -0.0110635 0.929687 0.300061 0.124614 
201.477 227.207 191.569 13.2865 -0.0201501 1.09882 0.311737 0.0989201 
198.618 291.8 191.534 13.2243 -0.0458439 1.23374 0.323471 -0.0546581 
195.893 359.658 190.88 13.6326 -0.0426395 1.16334 0.335302 -0.054575 
192.342 425.813 190.287 13.9047 0.0968347 1.09298 0.34733 -0.0279227 
188.166 490.266 193.06 11.553 0.338211 1.05821 0.360016 -3.86378e-06 
188.567 553.874 201.765 5.11402 0.0793504 1.06074 0.369 0 
188.567 553.874 201.765 5.11402 0.0793504 1.06074 0.369 0 
209.305 638.294 203.929 5 -0.742092 -0.397421 1.15369 -0.942965 
230.982 675.108 179.28 21.9323 0.546013 -3.34964 -0.0485082 -0.372157 
205.833 615.575 195.799 5.00004 -0.0585065 -5.26476 1.12108 0.241481 
226.405 493.485 193.468 5.00002 -0.0575607 -4.32506 1.10477 -0.0744684 
246.848 402.071 191.168 5.00002 -0.0566147 -4.61994 1.08847 -0.00540576 
267.133 301.031 188.898 5.00003 -0.0556687 -4.6622 1.07216 -0.00271166 
287.267 198.611 186.66 5.00003 -0.0547227 -4.62497 1.05586 0.195048 
307.255 97.4059 184.452 5.00003 -0.0537763 -3.973 1.03955 0.47472 
327.116 17.4867 182.275 5.00003 -0.0528295 -2.33153 1.02324 0.302754 
346.875 -8.84239 180.13 5.00003 -0.0518829 -1.26856 1.00694 -0.0678947 
366.522 -0.46761 178.015 5.00003 -0.050937 -1.519 0.990631 -0.00194954 
386.023 -0.269114 175.931 5.00003 -0.049991 -1.52638 0.974325 0.000186748 
405.387 -0.311779 173.877 5.00004 -0.049045 -1.52566 0.958019 -9.85414e-06 
424.616 -0.330781 171.855 5.00004 -0.048099 -1.52561 0.941712 -2.01609e-05 
443.712 -0.348343 169.864 5.00004 -0.047153 -1.52563 0.925406 6.47283e-06 
462.677 -0.366374 167.903 5.00004 -0.046207 -1.52555 0.9091 -7.6808e-06 
481.513 -0.381763 165.974 5.00005 -0.045261 -1.52552 0.892794 -1.70695e-05 
500.223 -0.396249 164.075 5.00005 -0.0443151 -1.52554 0.876488 -9.82082e-06 
518.807 -0.411331 162.207 5.00006 -0.0433691 -1.52553 0.860182 -3.30661e-06 
537.269 -0.426187 160.37 5.00006 -0.0424232 -1.52549 0.843876 5.10627e-06 
555.61 -0.439711 158.564 5.00007 -0.0414772 -1.5254 0.82757 -0.000129706 
573.832 -0.450422 156.789 5.00007 -0.0405313 -1.52605 0.811264 0.000139525 
591.938 -0.482356 155.044 5.00008 -0.0395854 -1.52519 0.794957 -6.68831e-05 
609.928 -0.486177 153.331 5.00009 -0.0386396 -1.52554 0.778651 -8.04963e-07 
627.806 -0.501305 151.648 5.00011 -0.0376939 -1.52548 0.762345 1.00038e-05 
645.574 -0.514715 149.997 5.00013 -0.0367482 -1.52536 0.746039 -0.000108361 
663.232 -0.524112 148.376 5.00015 -0.0358028 -1.52608 0.729733 0.000101524 
680.784 -0.557125 146.786 5.00018 -0.0348577 -1.52525 0.713427 -2.86915e-05 
698.231 -0.562751 145.227 5.00023 -0.0339135 -1.52543 0.697121 -4.46531e-05 
715.576 -0.574245 143.699 5.00032 -0.0329717 -1.52577 0.680815 3.39702e-05 
732.819 -0.596895 142.201 5.00049 -0.0320407 -1.52538 0.664509 -5.52922e-06 
749.964 -0.60695 140.734 5.001 -0.277539 -1.52538 0.648203 -6.6288e-05 
767.172 -0.617165 131.252 11.1227 -0.171424 -1.52608 0.631896 9.99371e-05 
767.675 -0.637486 124.914 13.3298 -0.11089 -1.52472 0.61559 -0.000332523 
761.951 -0.608661 120.436 13.5873 -0.112133 -1.52945 0.599284 0.000483651 
755.261 -0.733824 115.905 13.8443 -0.113386 -1.52153 0.582978 -0.000209483 
747.603 -0.599828 111.319 14.1013 -0.114648 -1.52536 0.566672 -5.9953e-05 
738.974 -0.590185 106.679 14.3585 -0.115913 -1.52658 0.550366 -1.88105e-05 
729.369 -0.619875 101.984 14.6158 -0.11712 -1.52699 0.534059 0.000352121 
718.784 -0.662562 97.2361 14.8719 -0.118202 -1.51628 0.517753 0.000864685 
707.22 -0.354987 92.4394 15.1239 -0.119563 -1.48484 0.501447 0.00348008 
694.685 0.979528 87.5851 15.3795 -0.122453 -1.32725 0.485141 -0.0049621 
681.17 7.45942 82.6231 15.6761 -0.125675 -1.60875 0.468835 -0.00466298 
666.549 4.74982 77.5404 16.0131 -0.116565 -1.96238 0.452529 0.0161183 
650.698 -9.50447 72.7374 16.0756 -0.0830974 -0.940609 0.436223 0.0118053 
634.375 9.59997 69.0239 15.317 -0.111098 0.119034 0.419916 0.00675736 
619.839 63.2978 64.4358 15.4389 -0.452146 1.17454 0.40361 0.000871225 
604.934 151.456 48.707 24.0294 -0.821898 1.69281 0.387304 -2.02974e-05 
566.783 256.552 20.457 40 1.39998 1.64614 0.369 0 
952.41 585.34 557.6 37.3886 0.913654 0 0.0286969 0 
952.41 585.34 557.6 37.3886 0.913654 2.78817e-10 0.0286971 -4.2604e-05 
952.41 585.34 557.6 37.3886 0.914515 -0.0102858 0.0286964 0.000308885 
736.183 561.836 575.644 36.9349 0.927326 0.0111883 0.0288493 0.00344054 
1386.6 -65.7766 532.407 37.6397 0.905678 -0.00128176 0.0286128 -0.0020429 
779.933 292.719 547.704 37.4702 0.911231 -0.00261484 0.0286695 -0.000609705 
497.242 404.594 556.213 37.4014 0.913276 -0.000403874 0.0286926 -9.50972e-05 
456.846 422.053 557.539 37.3896 0.913628 -4.34516e-05 0.0286966 -6.54404e-06 
454.523 423.292 557.659 37.3883 0.913664 3.59403e-06 0.028697 2.61015e-06 
455.956 422.831 557.637 37.3884 0.913663 4.20176e-06 0.028697 2.13325e-06 
456.89 422.451 557.616 37.3885 0.913658 2.33502e-06 0.0286969 8.88787e-07 
457.305 422.291 557.606 37.3886 0.913656 1.01934e-06 0.0286969 3.30518e-07 
457.468 422.232 557.602 37.3886 0.913655 4.26688e-07 0.0286969 1.08482e-07 
457.53 422.212 557.601 37.3886 0.913654 1.21021e-07 0.0286969 6.04318e-08 
457.552 422.201 557.6 37.3886 0.913654 1.03128e-07 0.0286969 -6.09626e-09 
457.56 422.202 557.6 37.3886 0.913654 1.06044e-08 0.0286969 1.43745e-08 
457.563 422.199 557.6 37.3886 0.913654 4.88609e-08 0.0286969 -8.22427e-09 
457.564 422.201 557.6 37.3886 0.913654 4.85024e-08 0.0286969 -1.67964e-08 
457.565 422.204 557.6 37.3886 0.913654 -6.78482e-09 0.0286969 7.98649e-09 
457.565 422.202 557.6 37.3886 0.913654 6.47075e-08 0.0286969 -2.27076e-08 
457.565 422.206 557.6 37.3886 0.913654 9.75834e-09 0.0286969 4.00512e-09 
457.565 422.205 557.6 37.3886 0.913654 6.33554e-08 0.0286969 -2.07677e-08 
457.565 422.209 557.6 37.3886 0.913654 4.81345e-08 0.0286969 -1.12968e-08 
457.565 422.211 557.6 37.3886 0.913654 5.68104e-08 0.0286969 -1.21423e-08 
457.565 422.213 557.6 37.3886 0.913654 7.24134e-08 0.0286969 -2.35533e-08 
457.565 422.217 557.6 37.3886 0.913654 6.79522e-08 0.0286969 -1.99641e-08 
457.565 422.22 557.6 37.3886 0.913654 6.20688e-08 0.0286969 -8.9667e-09 
457.565 422.222 557.6 37.3886 0.913654 1.10123e-07 0.0286969 -3.13802e-08 
457.565 422.227 557.6 37.3886 0.913654 9.47799e-08 0.0286969 -2.35474e-08 
457.565 422.231 557.6 37.3886 0.913654 1.56727e-07 0.0286969 -4.87646e-08 
457.565 422.24 557.6 37.3886 0.913654 7.14585e-08 0.0286969 -2.81088e-09 
457.565 422.24 557.6 37.3886 0.913654 2.31549e-07 0.0286969 -6.92748e-08 
457.565 422.252 557.6 37.3886 0.913654 1.93338e-07 0.0286969 -3.69626e-08 
457.565 422.258 557.6 37.3886 0.913654 2.96578e-07 0.0286969 -6.30957e-08 
457.565 422.269 557.6 37.3886 0.913654 4.36976e-07 0.0286969 -8.12221e-08 
457.565 422.283 557.599 37.3886 0.913654 7.00103e-07 0.0286969 -7.55563e-08 
457.564 422.296 557.599 37.3886 0.913654 1.52267e-06 0.0286969 -1.38801e-07 
457.565 422.319 557.597 37.3886 0.913654 3.33634e-06 0.0286969 -1.21709e-07 
457.564 422.34 557.592 37.3886 0.913653 8.56559e-06 0.0286969 -1.8511e-07 
457.563 422.371 557.579 37.3886 0.913653 2.28224e-05 0.0286969 -2.62905e-07 
457.561 422.416 557.543 37.3886 0.913652 6.22876e-05 0.0286969 -2.0412e-07 
457.559 422.45 557.441 37.3885 0.913647 0.000172733 0.028697 -6.65344e-07 
457.541 422.557 557.157 37.3889 0.913613 0.000475216 0.0286968 -4.21761e-06 
457.34 423.795 556.46 37.3769 0.913822 0.00197618 0.028701 5.4691e-05 
472.65 412.649 551.44 37.7168 0.902903 0.004862 0.0285866 -0.0027901 
433.111 890.135 564.599 36.5683 0.940289 -0.00570531 0.0289716 0.0069596 
474.234 -296.818 526.715 38.0665 0.889542 0.0319843 0.0284693 -0.00608979 
435.922 741.329 513.838 37.0708 0.920242 0.0487346 0.0288019 0.00219157 
453.413 383.093 420.688 37.0352 0.914686 0.171548 0.0285416 -0.000190439 
909.218 156.271 184.815 22.9589 0.000112079 0.0619591 0.0276969 0 
909.218 156.271 184.815 22.9589 0.000112079 0.0619591 0.0276969 0 
902.215 169.901 184.843 22.3873 0.401838 0.0625048 -0.10105 -0.029408 
895.529 183.535 188.232 19.3426 0.593862 0.0494752 -0.0833218 -0.0277403 
890.904 197.059 193.265 15.2374 0.565306 0.0372081 -0.0246882 -0.0259673 
889.113 210.478 198.115 11.5152 0.285475 0.0257555 0.129847 -0.0241197 
889.941 223.8 200.678 9.71602 -0.0932798 0.0151554 0.411572 -0.022224 
892.078 237.031 200.103 10.3165 -0.259315 0.00543149 0.525398 -0.0203037 
893.831 250.183 198.134 11.897 -0.234296 -0.00340732 0.480001 -0.0183803 
894.49 263.261 196.353 13.2492 -0.141136 -0.0113618 0.387642 -0.0164727 
894.199 276.273 195.331 13.9703 -0.0571091 -0.01844 0.315839 -0.014598 
893.395 289.227 195.001 14.1449 -0.00641546 -0.0246566 0.281038 -0.0127715 
892.459 302.129 195.093 14.0008 0.0141928 -0.0300331 0.273698 -0.0110064 
891.618 314.986 195.358 13.7364 0.0140522 -0.0345972 0.282091 -0.00931443 
890.959 327.805 195.625 13.4842 0.00346591 -0.0383821 0.296728 -0.00770589 
890.474 340.592 195.808 13.3075 -0.00871385 -0.0414258 0.310784 -0.00618943 
890.113 353.353 195.891 13.2126 -0.0172189 -0.0437706 0.320757 -0.00477235 
889.818 366.095 195.904 13.1732 -0.0207076 -0.0454622 0.326297 -0.00346057 
889.55 378.823 195.889 13.1561 -0.0203675 -0.046549 0.328884 -0.00225866 
889.293 391.542 195.877 13.1368 -0.0181591 -0.0470815 0.330339 -0.00116992 
889.048 404.256 195.883 13.104 -0.0156833 -0.0471119 0.331954 -0.000196364 
888.825 416.97 195.911 13.0567 -0.0138126 -0.046693 0.33428 0.000661246 
888.634 429.687 195.955 12.9992 -0.0128039 -0.0458783 0.337304 0.00140333 
888.482 442.411 196.008 12.9373 -0.012583 -0.0447209 0.34073 0.00203149 
888.372 455.145 196.064 12.8761 -0.0129872 -0.0432732 0.344227 0.00254844 
888.305 467.891 196.117 12.8195 -0.0138676 -0.0415865 0.347569 0.00295796 
888.276 480.651 196.164 12.7704 -0.0150472 -0.0397103 0.350686 0.00326487 
888.281 493.427 196.201 12.7302 -0.0162152 -0.0376918 0.35363 0.00347489 
888.313 506.219 196.23 12.6986 -0.016875 -0.0355757 0.356497 0.00359465 
888.368 519.029 196.253 12.6719 -0.0164533 -0.0334036 0.359352 0.00363155 
888.44 531.857 196.28 12.6428 -0.0145924 -0.0312137 0.362172 0.00359369 
888.532 544.704 196.323 12.6025 -0.0115302 -0.0290407 0.364841 0.00348973 
888.652 557.568 196.392 12.5439 -0.00835855 -0.0269149 0.367198 0.00332881 
888.811 570.451 196.488 12.4676 -0.00690954 -0.0248627 0.369121 0.00312042 
889.023 583.35 196.598 12.3854 -0.0091176 -0.0229059 0.370608 0.00287425 
889.291 596.266 196.69 12.3212 -0.0159459 -0.0210621 0.371812 0.00260005 
889.606 609.197 196.726 12.3035 -0.0262823 -0.0193442 0.372994 0.00230747 
889.935 622.142 196.676 12.3519 -0.0364494 -0.0177605 0.374393 0.00200592 
890.232 635.1 196.54 12.4617 -0.0409436 -0.0163153 0.376083 0.0017044 
890.454 648.071 196.365 12.5935 -0.0345994 -0.0150087 0.377891 0.00141129 
890.584 661.053 196.242 12.6771 -0.0156406 -0.013837 0.379446 0.00113422 
890.653 674.044 196.276 12.6352 0.0116853 -0.012793 0.380344 0.000879869 
890.746 687.045 196.538 12.4217 0.0365496 -0.0118664 0.38036 0.000653752 
890.982 700.052 197.011 12.0619 0.0443039 -0.0110441 0.379567 0.00046008 
891.465 713.067 197.553 11.6727 0.0225367 -0.0103111 0.378314 0.000301552 
892.221 726.087 197.919 11.4434 -0.0313592 -0.00965068 0.37704 0.000179179 
893.146 739.113 197.838 11.5694 -0.104449 -0.00904578 0.376 9.20485e-05 
893.998 752.144 197.146 12.1531 -0.168155 -0.00847991 0.375078 3.70977e-05 
894.458 765.18 195.913 13.11 -0.18622 -0.00793836 0.373903 8.98505e-06 
894.26 778.221 194.517 14.13 -0.129893 -0.00740937 0.372192 3.98474e-08 
893.347 791.267 193.578 14.7374 0.00441765 -0.00688507 0.369 0 
893.347 791.267 193.578 14.7374 0.00441765 -0.00688507 0.369 0 
889.141 827.775 194.063 13.9611 0.499684 -0.00542298 -0.11815 -0.495884 
886.178 864.315 206.144 5.00543 -0.88966 -0.644088 1.0776 -0.403374 
901.177 885.927 186.114 20.8652 -0.0511856 -1.16388 -0.161615 -0.314503 
885.158 895.424 185.072 20.6912 -0.0495326 -1.56948 -0.150789 -0.234582 
869.409 895.449 184.075 20.5032 -0.0486561 -1.87228 -0.138903 -0.167116 
853.958 888.401 183.106 20.3159 -0.0479516 -2.08829 -0.126985 -0.113038 
838.809 876.309 182.16 20.1323 -0.0471259 -2.23468 -0.11531 -0.0712702 
823.955 860.798 181.24 19.95 -0.0462125 -2.3273 -0.103737 -0.0397732 
809.398 843.123 180.348 19.7672 -0.0452967 -2.37935 -0.0921435 -0.0163588 
795.139 824.233 179.484 19.5841 -0.0443981 -2.40123 -0.0805212 0.000904799 
781.182 804.831 178.649 19.4008 -0.0435065 -2.40084 -0.068892 0.0135707 
767.528 785.438 177.841 19.2177 -0.0426141 -2.3841 -0.0572661 0.022828 
754.179 766.436 177.06 19.0345 -0.0417199 -2.35539 -0.0456429 0.0295642 
741.136 748.105 176.308 18.8514 -0.0408251 -2.31796 -0.0340201 0.0344326 
728.401 730.647 175.583 18.6682 -0.0399305 -2.27421 -0.0223967 0.0379108 
715.976 714.21 174.886 18.4851 -0.039036 -2.22593 -0.010773 0.0403461 
703.861 698.9 174.217 18.3019 -0.0381416 -2.17447 0.000850668 0.0419897 
692.058 684.793 173.575 18.1188 -0.0372472 -2.12083 0.0124744 0.0430227 
680.568 671.937 172.961 17.9356 -0.0363528 -2.06581 0.0240981 0.043574 
669.392 660.366 172.375 17.7525 -0.0354583 -2.01002 0.0357218 0.0437346 
658.533 650.098 171.817 17.5693 -0.0345639 -1.95398 0.0473456 0.0435673 
647.991 641.138 171.286 17.3862 -0.0336694 -1.8981 0.0589695 0.0431152 
637.768 633.483 170.783 17.203 -0.032775 -1.84275 0.0705933 0.0424068 
627.864 627.121 170.308 17.0198 -0.0318806 -1.78827 0.0822172 0.041461 
618.281 622.03 169.861 16.8367 -0.0309861 -1.73495 0.093841 0.0402909 
609.021 618.184 169.441 16.6535 -0.0300917 -1.6831 0.105465 0.0389062 
600.084 615.549 169.049 16.4704 -0.0291973 -1.63298 0.117089 0.037316 
591.473 614.085 168.685 16.2872 -0.028303 -1.58487 0.128713 0.0355303 
583.187 613.743 168.349 16.1041 -0.0274087 -1.53902 0.140336 0.0335618 
575.229 614.472 168.04 15.9209 -0.0265142 -1.49567 0.15196 0.0314265 
567.6 616.213 167.759 15.7378 -0.0256193 -1.45503 0.163584 0.0291446 
560.3 618.903 167.506 15.5546 -0.0247248 -1.4173 0.175207 0.0267411 
553.332 622.473 167.28 15.3714 -0.0238329 -1.38264 0.186831 0.0242455 
546.696 626.853 167.083 15.1883 -0.0229441 -1.35117 0.198454 0.0216918 
540.393 631.968 166.913 15.0053 -0.0220484 -1.32296 0.210077 0.0191178 
534.426 637.741 166.77 14.8222 -0.0211262 -1.29805 0.2217 0.0165643 
528.794 644.095 166.656 14.6387 -0.0201883 -1.27641 0.233322 0.0140741 
523.5 650.955 166.571 14.4544 -0.0193489 -1.25797 0.244944 0.0116905 
518.548 658.245 166.512 14.2713 -0.0187637 -1.24259 0.256565 0.00945574 
513.935 665.894 166.474 14.0936 -0.0181738 -1.23008 0.268185 0.00740903 
509.652 673.834 166.456 13.9206 -0.0163676 -1.2202 0.279804 0.00558492 
505.692 682.006 166.487 13.7298 -0.0123709 -1.21266 0.291421 0.00401106 
502.089 690.353 166.619 13.485 -0.0101741 -1.20715 0.303035 0.00270626 
498.949 698.828 166.811 13.2265 -0.021674 -1.20331 0.314643 0.00167848 
496.307 707.393 166.743 13.1997 -0.0495548 -1.2008 0.326244 0.000923056 
493.726 716.016 166.026 13.6604 -0.0421324 -1.19927 0.337831 0.000420966 
490.245 724.676 165.465 13.9072 0.107421 -1.19837 0.349378 0.000137396 
486.206 733.357 168.388 11.4473 0.347724 -1.19785 0.360764 2.04435e-05 
486.795 742.046 177.014 5.08045 0.0769116 -1.19749 0.369 0 
486.795 742.046 177.014 5.08045 0.0769116 -1.19749 0.369 0 
488.435 732.558 177.926 11.3155 0.00160558 -0.169634 0.482653 -1.80432e-13 
490.075 723.07 178.631 15.618 3.36468e-05 0.0879665 0.480306 -4.27702e-14 
491.717 713.582 179.13 18.3842 8.36374e-07 0.151812 0.477959 -1.0102e-14 
493.359 704.094 179.42 20.0715 1.51525e-07 0.167618 0.475612 -2.37313e-15 
495.002 694.606 179.502 21.0746 1.37228e-07 0.17153 0.473265 -5.26836e-16 
496.647 685.118 179.375 21.665 1.3693e-07 0.172498 0.470918 -1.2601e-16 
498.293 675.629 179.041 22.0112 1.36926e-07 0.172738 0.468571 5.76863e-18 
499.939 666.141 178.498 22.2139 1.36929e-07 0.172797 0.466224 -3.41344e-17 
501.587 656.653 177.748 22.3326 1.36933e-07 0.172812 0.463878 -8.51507e-18 
503.236 647.165 176.792 22.4021 1.36938e-07 0.172816 0.461531 -1.04366e-16 
504.887 637.677 175.632 22.4427 1.36943e-07 0.172816 0.459184 -3.06242e-18 
506.539 628.189 174.269 22.4665 1.36947e-07 0.172817 0.456837 -1.69974e-17 
508.192 618.701 172.704 22.4804 1.36953e-07 0.172817 0.45449 8.48286e-18 
509.847 609.213 170.94 22.4886 1.36958e-07 0.172817 0.452143 -6.06639e-17 
511.503 599.725 168.979 22.4934 1.36963e-07 0.172817 0.449796 4.91592e-17 
513.161 590.237 166.824 22.4961 1.36968e-07 0.172817 0.447449 -1.25691e-17 
514.82 580.749 164.476 22.4978 1.36974e-07 0.172817 0.445102 -2.48719e-17 
516.481 571.261 161.938 22.4987 1.36979e-07 0.172817 0.442755 -8.11216e-18 
518.143 561.772 159.213 22.4993 1.36985e-07 0.172817 0.440408 -1.77117e-17 
519.808 552.284 156.304 22.4996 1.36991e-07 0.172817 0.438061 -8.30359e-18 
521.474 542.796 153.214 22.4998 1.36997e-07 0.172817 0.435714 1.71968e-18 
523.141 533.308 149.944 22.4999 1.37003e-07 0.172817 0.433367 1.40727e-17 
524.811 523.82 146.499 22.5 1.37009e-07 0.172817 0.43102 -3.43171e-17 
526.483 514.332 142.879 22.5 1.37015e-07 0.172817 0.428673 5.80265e-18 
528.156 504.844 139.089 22.5001 1.37022e-07 0.172817 0.426327 -4.57599e-17 
529.832 495.356 135.131 22.5001 1.37029e-07 0.172817 0.42398 6.84335e-18 
531.509 485.868 131.007 22.5001 1.37036e-07 0.172817 0.421633 -2.73824e-17 
533.189 476.38 126.719 22.5001 1.37043e-07 0.172817 0.419286 6.78493e-18 
534.871 466.892 122.27 22.5001 1.37051e-07 0.172817 0.416939 -2.75673e-17 
536.555 457.404 117.661 22.5001 1.37059e-07 0.172817 0.414592 9.82642e-21 
538.241 447.915 112.896 22.5001 1.37067e-07 0.172817 0.412245 -2.5701e-17 
539.93 438.427 107.974 22.5001 1.37076e-07 0.172817 0.409898 -2.20299e-17 
541.621 428.939 102.899 22.5001 1.37086e-07 0.172817 0.407551 7.82798e-18 
543.314 419.451 97.6704 22.5001 1.37095e-07 0.172817 0.405204 -6.64714e-18 
545.009 409.963 92.2902 22.5001 1.37106e-07 0.172817 0.402857 -4.82812e-18 
546.708 400.475 86.7591 22.5001 1.37117e-07 0.172817 0.40051 1.2119e-17 
548.408 390.987 81.0773 22.5001 1.37129e-07 0.172817 0.398163 1.4376e-17 
550.111 381.499 75.2449 22.5001 1.37143e-07 0.172817 0.395816 -4.73939e-18 
551.817 372.011 69.2613 22.5001 1.37157e-07 0.172817 0.393469 -4.90414e-18 
553.526 362.523 63.1255 22.5001 1.37173e-07 0.172816 0.391122 -2.75482e-18 
555.237 353.035 56.8356 22.5001 1.3719e-07 0.172815 0.388776 2.21849e-19 
556.951 343.547 50.3888 22.5001 1.3721e-07 0.172809 0.386429 -1.65386e-18 
558.668 334.058 43.781 22.5001 1.37234e-07 0.172787 0.384082 1.35745e-17 
560.387 324.57 37.0062 22.5001 1.37261e-07 0.172696 0.381735 6.61155e-18 
562.11 315.082 30.0556 22.5001 1.37296e-07 0.172329 0.379388 1.49349e-18 
563.835 305.594 22.9157 22.5001 1.3734e-07 0.170845 0.377041 2.52477e-17 
565.564 296.106 15.5647 22.5001 1.3735e-07 0.164852 0.374694 2.92934e-17 
567.295 286.618 7.96173 22.5001 1.34726e-07 0.140638 0.372347 3.27029e-17 
569.03 277.13 0.00246758 22.5001 2.86857e-09 0.0428448 0.369 0 
