grtopM_31_4
50
2 2
5 5 
0 1 3 2 4 
0 1 3 2 4 
894.291 111.966 24.6178 51.6717 
115517 0 48.5776 52.6952 
18.2508 2.28502 0.502405 1.05453 
2357.5 0 0.99138 1.07541 
3.60488e-09 2.5257 0.594041 1.41242 
1.45604e-06 41.5729 0.200763 1.22785 
1935.25 4555.4 1103.47 31.5959 0.778103 0 0.0468537 0 
1935.25 4555.4 1103.47 31.5959 0.778103 9.77371e-10 0.0527851 -0.939348 
1935.25 4555.4 1103.47 31.5475 1.28886 -5.32107 0.038595 0.994049 
-250.214 4348.03 1312.63 5.0003 1.4 -0.149526 0.0974058 0.0751858 
-216.194 3750.59 1227.34 5.95023 1.4 -0.282968 0.0949366 0.138956 
-275.896 3165.49 1154.22 5.03981 1.4 -0.0551811 0.0970421 0.0958708 
-275.403 2568.57 1069.44 5.19403 1.4 -0.0714535 0.0966271 0.108325 
-320.276 1973.64 986.638 5.00755 1.4 -0.017175 0.0949464 0.147255 
-380.637 1376.29 901.444 5.00147 1.21984 0.257626 0.100397 0.103463 
-367.003 851.785 742.179 25.9545 0.852894 0.446396 0.0582465 0.0185044 
-348.507 748.179 700.625 29.9867 0.790907 0.483948 0.0498125 0.0048305 
-333.547 722.078 685.269 29.6563 0.794424 0.499795 0.0505155 0.00582609 
-319.084 690.259 667.125 29.746 0.79165 0.518118 0.0503378 0.00541178 
-305.375 660.728 648.99 29.7904 0.789566 0.53659 0.0502541 0.00515089 
-292.353 632.619 630.569 29.8351 0.787487 0.555458 0.050169 0.00489027 
-279.988 605.932 611.866 29.8758 0.785475 0.574719 0.0500916 0.00464399 
-268.244 580.589 592.859 29.9131 0.783518 0.594395 0.0500206 0.00441001 
-257.092 556.523 573.525 29.9471 0.781613 0.614506 0.0499559 0.00418782 
-246.502 533.669 553.844 29.9778 0.779756 0.635072 0.0498972 0.00397682 
-236.444 511.967 533.794 30.0055 0.777944 0.656112 0.0498443 0.00377642 
-226.893 491.357 513.355 30.0302 0.776172 0.677647 0.0497971 0.00358613 
-217.823 471.787 492.505 30.0521 0.774437 0.699698 0.0497552 0.00340532 
-209.21 453.202 471.221 30.0712 0.772736 0.722285 0.0497186 0.00323367 
-201.031 435.554 449.484 30.0875 0.771065 0.74543 0.049687 0.00307065 
-193.264 418.796 427.27 30.1013 0.769421 0.769154 0.0496603 0.00291585 
-185.889 402.882 404.558 30.1126 0.767802 0.79348 0.0496384 0.00276886 
-178.886 387.771 381.325 30.1214 0.766203 0.818429 0.0496211 0.00262922 
-172.235 373.421 357.548 30.128 0.764623 0.844026 0.0496081 0.00249649 
-165.92 359.795 333.206 30.1321 0.763059 0.870291 0.0495999 0.00237094 
-159.924 346.856 308.275 30.1341 0.761519 0.897253 0.0495933 0.00224948 
-154.23 334.566 282.736 30.1321 0.759862 0.924911 0.0496198 0.00215784 
-148.829 322.921 256.491 30.1478 0.759598 0.953541 0.049337 0.00181586 
-143.644 311.587 230.339 29.9461 0.744387 0.980471 0.0496178 -0.000423697 
-139.33 303.789 195.356 32.0903 0.64743 1.0084 0.0473404 -0.0138712 
-139.509 363.108 148.021 39.9972 0.522724 1.04735 0.030996 -0.0410226 
-145.287 575.687 150.76 40 0.522833 1.04466 0.0309903 -0.0410161 
-150.917 788.258 153.579 40 0.522989 1.04192 0.0309903 -0.0409845 
-156.39 1000.77 156.462 40 0.523142 1.03921 0.0309903 -0.0409629 
-161.659 1213.21 159.408 40 0.523296 1.03649 0.0309903 -0.0409194 
-166.702 1425.6 162.417 40 0.523443 1.03387 0.0309902 -0.0408902 
-171.447 1637.92 165.487 40 0.523589 1.03129 0.0309902 -0.0408514 
-175.851 1850.19 168.617 40 0.523731 1.0288 0.0309779 -0.0375846 
-179.852 2062.39 171.805 40 0.522822 1.04468 0.0311502 -0.0838604 
-175.874 2274.97 174.62 40 0.536699 0.799245 0.0311484 -0.081062 
-271.417 2481.93 183.134 40 0.550428 0.557182 0.0304644 0.10804 
-462.494 2683.33 197.287 40 0.505428 1.37396 0.0307541 0.0866324 
-311.647 2902.94 192.958 39.8473 0.490064 2.10995 0.0308014 0.0652242 
139.51 3126.79 180.362 36.805 0.544148 2.73849 0.0358189 0.0438161 
843.074 3289.2 151.005 31.3984 0.609655 3.19712 0.0408363 0.0222312 
1721.61 3354.82 79.29 30.4688 0.0899999 3.47456 0.0458537 0 
1721.61 3354.82 79.29 30.4688 0.0899999 3.47456 0.0458537 0 
1683.09 3496.15 84.1299 27.5396 1.03894 0.954772 -0.188388 -1.02855 
1650.94 3565.64 116.159 5 0.167305 -3.18897 0.252799 -0.454471 
1672.52 3516.94 124.367 5 0.167303 -6.27992 0.252799 0.000339883 
1694.49 3380.12 132.575 5 0.167303 -6.27989 0.252799 0.000461463 
1716.94 3243.3 140.783 5 0.167303 -6.27987 0.252799 0.000324523 
1739.85 3106.47 148.99 5 0.167303 -6.27987 0.252799 0.000356929 
1763.23 2969.65 157.198 5 0.167303 -6.27987 0.252799 0.00233529 
1787.09 2832.83 165.406 5 0.167303 -6.27987 0.252799 0.00415914 
1811.4 2696 173.614 5 0.167303 -6.27986 0.252799 0.00461581 
1836.19 2559.18 181.821 5 0.167303 -6.27986 0.252799 0.00625574 
1861.45 2422.36 190.029 5 0.167303 -6.27986 0.252799 0.00425893 
1887.18 2285.53 198.237 5 0.167303 -6.27985 0.252799 0.000623993 
1913.37 2148.71 206.445 5 0.167303 -6.27985 0.252799 0.00269486 
1940.04 2011.89 214.653 5 0.167303 -6.27984 0.252799 0.00246028 
1967.17 1875.06 222.86 5 0.167303 -6.27984 0.252799 0.00760364 
1994.77 1738.24 231.068 5 0.167303 -6.27983 0.252799 0.00385428 
2022.84 1601.42 239.276 5 0.167303 -6.27982 0.252799 0.001316 
2051.38 1464.6 247.484 5 0.167303 -6.27981 0.252799 0.00162437 
2080.39 1327.78 255.691 5 0.167303 -6.2798 0.252799 0.0850711 
2109.87 1190.96 263.899 5 0.167303 -6.27978 0.252799 0.128101 
2139.82 1054.13 272.107 5 0.167303 -6.27977 0.252799 0.232583 
2170.23 917.314 280.315 5 0.167303 -6.27974 0.252799 0.2226 
2201.11 780.495 288.522 5 0.167303 -6.27971 0.252799 0.124286 
2232.47 643.676 296.73 5 0.167303 -6.27966 0.252799 0.269261 
2264.29 506.859 304.938 5 0.167303 -6.27958 0.252799 0.281675 
2296.58 370.044 313.146 5 0.167303 -6.27944 0.252799 0.210023 
2329.34 233.233 321.354 5 0.167303 -6.27908 0.2528 0.357371 
2362.57 96.4322 329.561 5 0.167304 -4.91712 0.2528 0.445906 
2396.3 -1.53728 337.769 5 0.167306 -1.69787 0.2528 0.000638515 
2430.57 -7.72183 345.977 5 0.167306 -1.27925 0.2528 -0.0005716 
2465.31 -1.97092 354.185 5 0.167306 -1.48146 0.2528 -5.44755e-06 
2500.53 -1.98527 362.393 5 0.167304 -1.48195 0.252827 -2.60124e-06 
2536.21 -2.01385 370.6 5 0.167415 -1.48192 0.250918 -3.47867e-06 
2572.36 -2.0415 378.811 5 0.159387 -1.48202 0.319329 -1.16733e-06 
2608.98 -2.07188 386.793 5 -0.085671 -1.48199 0.599283 -6.10207e-06 
2646.2 -2.10171 382.737 5 -0.0847252 -1.48224 0.582978 4.19689e-06 
2683.19 -2.13858 378.708 5 -0.0837792 -1.48179 0.566672 -2.86579e-06 
2719.95 -2.16265 374.706 5 -0.0828332 -1.48188 0.550367 -4.52614e-06 
2756.48 -2.1892 370.73 5 -0.0818872 -1.48209 0.534061 2.73445e-06 
2792.78 -2.22179 366.782 5 -0.0809411 -1.48238 0.517755 -0.00750848 
2828.85 -2.26273 362.86 5 -0.0799958 -2.87051 0.501449 0.00263813 
2864.67 -41.8808 358.966 5 -0.079049 -1.36934 0.485142 0.150816 
2900.3 -38.6987 355.099 5 -0.0781016 1.39421 0.468836 0.129422 
2935.77 43.2758 351.258 5 -0.0771541 4.12722 0.45253 0.0388025 
2971.08 203.172 347.445 5 -0.0762069 6.27999 0.436224 -1.87957e-05 
3006.22 426.793 343.658 5 -0.0752609 6.27999 0.419918 -9.38742e-06 
3041.15 653.099 339.899 5 -0.19115 6.27999 0.403612 -4.24282e-06 
3075.93 879.415 332.835 7.53434 -1.4 6.27999 0.387306 -0.00394809 
3105.2 1105.74 291.19 39.6762 -0.0899999 3.85993 0.369 0 
3105.2 1105.74 291.19 39.6762 -0.0899999 3.85993 0.369 0 
3090.98 1139.2 289.884 38.3053 0.930607 3.26725 -0.188388 -1.02859 
3077.3 1168.94 294.989 32.2771 1.34038 2.31801 -0.176776 -1.00718 
3066.66 1192.72 302.724 24.5376 1.4 1.37594 -0.165163 -0.985776 
3059.99 1210.6 310.911 18.0148 1.01044 0.441058 -0.153551 -0.964367 
3056.75 1222.62 316.721 13.6131 0.247265 -0.486641 -0.141939 -0.942959 
3055.88 1228.81 317.791 13.0278 -0.760788 -1.40715 -0.130327 -0.921551 
3055.43 1229.24 312.547 17.271 -1.4 -2.32046 -0.118714 -0.900143 
3052.87 1223.94 303.254 24.3862 -1.4 -3.22657 1.03955 -0.878735 
3046.61 1212.97 293.89 29.7021 -0.256599 -4.1255 -0.0831493 -0.857327 
3037.42 1196.36 291.64 29.6583 -0.250425 -5.01724 -0.0838775 -0.835918 
3028.21 1174.17 289.428 29.5871 -0.247578 -5.90179 -0.0722653 0.00135515 
3019.01 1146.42 287.236 29.502 -0.238111 -6.28 -0.0606531 0.00916178 
3009.82 1116.31 285.104 29.372 -0.222896 -6.28 -0.0490408 0.0703791 
3000.67 1086.2 283.068 29.1715 -0.204642 -6.28 -0.0374286 0.334901 
2991.59 1056.08 281.149 28.8889 -0.187556 -6.28 -0.0258163 0.306125 
2982.62 1025.97 279.339 28.5332 -0.176504 -6.28 -0.0142041 0.302614 
2973.81 995.858 277.603 28.1361 -0.175786 -6.28 -0.00259184 0.287063 
2965.18 965.744 275.875 27.7486 -0.187783 -6.28 0.00902041 0.269771 
2956.72 935.63 274.076 28.1742 -0.211833 -6.28 0.0206327 0.253571 
2948.03 905.517 272.121 27.9506 -0.199556 -6.28 0.0322449 0.238569 
2939.42 875.403 270.246 27.6744 -0.189775 -6.28 0.0438571 0.225017 
2930.93 845.289 268.435 27.3596 -0.185597 -6.28 0.0554694 0.209118 
2922.58 815.175 266.654 27.0345 -0.189273 -6.28 0.0670816 0.191274 
2914.36 785.061 264.852 26.737 -0.201354 -6.28 0.0786939 0.18021 
2906.27 754.947 262.978 26.5061 -0.220139 -6.28 0.0903061 0.164465 
2898.28 724.833 260.989 26.371 -0.241627 -6.28 0.101918 0.148962 
2890.33 694.718 258.866 26.3407 -0.260107 -6.28 0.113531 0.13384 
2882.38 664.604 256.627 26.3965 -0.269379 -6.28 0.125143 0.12543 
2874.37 634.489 254.33 26.4911 -0.264394 -6.28 0.136755 0.112084 
2866.28 604.375 252.063 26.8887 -0.242957 -6.28 0.148367 0.100083 
2857.96 574.261 249.927 28.0188 -0.187189 -6.28 0.15998 0.088894 
2849.04 544.147 248.128 28.1473 -0.0538498 -6.28 0.171592 -0.0827569 
2840.02 514.034 247.165 27.1296 0.0970036 -6.28 0.183204 0.0196297 
2831.47 483.92 247.157 25.4307 0.197176 -6.28 0.194816 -0.0580263 
2823.77 453.805 247.794 23.3203 0.206593 -6.28 0.206429 -0.0425645 
2817.14 423.69 248.512 21.248 0.101486 -6.28 0.218041 -0.0160288 
2811.56 393.573 248.591 20.3152 -0.115038 -6.28 0.229653 0.0240374 
2806.49 363.456 247.323 21.0813 -0.374483 -6.28 0.241265 -0.0595979 
2801.04 333.34 245.498 23.0502 -0.575644 -6.28 0.252878 0.137939 
2794.61 303.224 242.503 25.8949 -0.64752 -6.28 0.26449 0.123966 
2786.72 273.11 239.029 28.9629 -0.539059 -6.28 0.276102 0.0577528 
2777.23 242.996 236.203 31.3851 -0.238329 -6.28 0.287714 0.132078 
2766.46 212.884 235.239 32.2709 0.214896 -5.92807 0.299327 0.129449 
2755.17 184.978 237.106 30.9558 0.728246 -5.29027 0.310939 0.108041 
2744.5 161.07 242.205 27.2428 1.17057 -4.65974 0.322551 0.0866326 
2735.71 142.301 250.114 21.5687 1.4 -4.03647 0.334163 0.0652245 
2729.85 127.438 259.519 15.029 1.4 -3.42046 0.345776 0.0438163 
2727.39 116.433 268.989 8.75317 0.924151 -2.81171 0.357388 0.0224056 
2728.26 109.241 275.539 5 0.09 -2.21023 0.369 0 
2728.26 109.241 275.539 5 0.09 -2.21023 0.369 0 
2737.52 102.223 275.732 5 -1.05852 -0.798155 1.15369 1.02859 
2747.11 113.785 260.812 14.1699 -1.39359 1.36277 1.13739 1.00718 
2746.74 153.787 241.291 25.9174 -1.06594 3.50927 1.12108 0.985776 
2733.41 222.043 225.833 33.387 0.688874 5.64133 -0.153551 -0.337119 
2711.36 318.359 233.307 23.3899 0.842573 6.28 -0.141939 0.1585 
2700.01 423.069 243.014 12.7045 -0.229419 6.28 1.07216 0.059286 
2700.47 527.771 238.841 12.9615 -0.230674 6.28 1.05586 0.0610153 
2700.54 632.473 234.646 13.2185 -0.231925 6.28 1.03955 0.0429185 
2700.24 737.175 230.43 13.4754 -0.23317 6.28 1.02324 0.038851 
2699.55 841.877 226.192 13.7322 -0.234416 6.28 1.00694 0.0362472 
2698.48 946.579 221.932 13.989 -0.235676 6.28 0.990633 0.023339 
2697.03 1051.28 217.65 14.2458 -0.236957 6.28 0.974327 0.0167088 
2695.19 1155.98 213.345 14.5029 -0.238252 6.28 0.95802 0.0111489 
2692.97 1260.69 209.018 14.7604 -0.239526 6.28 0.941714 0.0067732 
2690.37 1365.39 204.669 15.018 -0.24073 6.28 0.925408 0.00569301 
2687.37 1470.09 200.299 15.2751 -0.241848 6.28 0.909102 0.00317744 
2684 1574.8 195.909 15.5308 -0.242951 6.28 0.892796 -5.87718e-05 
2680.23 1679.5 191.498 15.785 -0.244212 6.28 0.87649 0.00155993 
2676.09 1784.21 187.066 16.0396 -0.245804 6.28 0.860184 0.000726125 
2671.56 1888.91 182.608 16.2977 -0.247687 6.28 0.843878 -0.00051907 
2666.64 1993.62 178.119 16.5621 -0.249409 6.28 0.827571 4.34655e-06 
2661.32 2098.32 173.602 16.8305 -0.250201 6.28 0.811265 -0.000183827 
2655.6 2203.03 169.069 17.0932 -0.249574 6.28 0.794959 -0.000337095 
2649.48 2307.73 164.538 17.3366 -0.24825 6.28 0.778653 -0.000382037 
2642.99 2412.44 160.02 17.5554 -0.24865 6.28 0.762347 -0.000378577 
2636.15 2517.14 155.492 17.7689 -0.253818 6.28 0.746041 -0.000352375 
2628.97 2621.85 150.892 18.0253 -0.264343 6.28 0.729735 -0.000324591 
2621.39 2726.55 146.147 18.3745 -0.27479 6.28 0.713429 -0.000297231 
2613.33 2831.26 141.258 18.8079 -0.273591 6.28 0.697122 -0.000270621 
2604.68 2935.97 136.376 19.2015 -0.250441 6.28 0.680816 -0.000244942 
2595.48 3040.67 131.789 19.3391 -0.210627 6.28 0.66451 -0.000220409 
2586 3145.38 127.724 19.0759 -0.186323 6.28 0.648204 -0.00019709 
2576.69 3250.09 123.984 18.6013 -0.227257 6.28 0.631898 -0.000175042 
2567.79 3354.79 119.715 18.5868 -0.358749 6.28 0.615592 -0.000154278 
2558.83 3459.5 113.717 19.8992 -0.522065 6.28 0.599286 -0.000134749 
2548.37 3564.21 105.542 22.7435 -0.5513 6.28 0.58298 -0.000116375 
2534.7 3668.92 96.9224 25.646 -0.257594 6.28 0.244879 -9.91364e-05 
2517.66 3773.63 92.1061 25.5558 -0.271105 6.28 0.241265 -8.33952e-05 
2500.6 3878.34 87.114 25.6107 -0.302746 6.28 0.252878 -6.89894e-05 
2483.36 3983.06 81.7043 25.9709 -0.304228 6.28 0.26449 -5.59276e-05 
2465.6 4087.77 76.2676 26.3084 -0.237966 6.28 0.276102 -4.42241e-05 
2447.32 4192.48 71.6955 25.9468 -0.107853 6.28 0.287714 -3.3901e-05 
2429.26 4297.19 68.8432 24.307 -0.00200728 6.28 0.299327 -2.49772e-05 
2412.83 4401.91 67.4181 21.7414 -0.079383 6.28 0.310939 -1.74494e-05 
2399.09 4506.61 65.029 20.1637 -0.452526 6.28 0.322551 -1.12841e-05 
2387.05 4611.32 57.7634 22.4499 -0.993717 6.28 0.334163 -6.44186e-06 
2372.55 4716.03 43.3288 29.9509 -1.21872 6.28 0.345776 -2.92004e-06 
2349.82 4820.75 25.7753 39.0545 -0.482429 6.28 0.357388 -0.000216142 
2316.83 4925.47 17.7179 40 1.4 5.48436 0.369 0 
1935.25 4555.4 1103.47 31.5959 0.778103 0 0.0468537 0 
1935.25 4555.4 1103.47 31.5959 0.778104 1.40908e-06 0.0468538 -2.71313e-05 
1935.32 4555.35 1103.51 31.5805 0.779616 -0.0199521 0.0468825 0.000200532 
879.423 4450.49 1158.36 31.1504 0.791253 -0.0489514 0.0476948 0.00213533 
1517.43 3014.87 1118.75 31.4661 0.781933 -0.0142473 0.0470988 0.000622922 
1662.24 2596.62 1107.14 31.5644 0.779032 -0.00345478 0.0469131 0.000151127 
1695.36 2495.18 1104.32 31.5886 0.778319 -0.000802904 0.0468675 3.51487e-05 
1702.97 2471.59 1103.66 31.5942 0.778152 -0.000182512 0.0468569 8.0149e-06 
1704.72 2466.21 1103.51 31.5955 0.778114 -3.89733e-05 0.0468544 1.73873e-06 
1705.12 2465.04 1103.48 31.5958 0.778105 -5.67977e-06 0.0468538 2.8511e-07 
1705.22 2464.85 1103.47 31.5959 0.778103 2.2433e-06 0.0468537 -5.84644e-08 
1705.24 2464.89 1103.47 31.5959 0.778102 4.35689e-06 0.0468536 -1.47582e-07 
1705.24 2464.99 1103.47 31.5959 0.778102 5.16752e-06 0.0468536 -1.79347e-07 
1705.24 2465.11 1103.46 31.5959 0.778102 5.71297e-06 0.0468536 -1.99046e-07 
1705.24 2465.24 1103.46 31.5959 0.778102 6.24359e-06 0.0468536 -2.17604e-07 
1705.24 2465.39 1103.46 31.5959 0.778101 6.81823e-06 0.0468536 -2.375e-07 
1705.24 2465.54 1103.46 31.596 0.778101 7.46083e-06 0.0468536 -2.59682e-07 
1705.24 2465.72 1103.46 31.596 0.778101 8.18623e-06 0.0468536 -2.84699e-07 
1705.24 2465.91 1103.46 31.596 0.778101 9.0075e-06 0.0468536 -3.1296e-07 
1705.24 2466.12 1103.46 31.596 0.778101 9.94414e-06 0.0468536 -3.45177e-07 
1705.24 2466.35 1103.46 31.596 0.778101 1.10137e-05 0.0468536 -3.81887e-07 
1705.24 2466.6 1103.46 31.596 0.7781 1.22437e-05 0.0468535 -4.24062e-07 
1705.24 2466.89 1103.46 31.596 0.7781 1.36632e-05 0.0468535 -4.72633e-07 
1705.24 2467.2 1103.46 31.596 0.7781 1.53119e-05 0.0468535 -5.28962e-07 
1705.24 2467.56 1103.45 31.596 0.778099 1.72363e-05 0.0468535 -5.9455e-07 
1705.24 2467.95 1103.45 31.596 0.778099 1.94999e-05 0.0468534 -6.71582e-07 
1705.24 2468.4 1103.45 31.5961 0.778098 2.21753e-05 0.0468534 -7.62356e-07 
1705.24 2468.91 1103.45 31.5961 0.778097 2.53675e-05 0.0468534 -8.70396e-07 
1705.24 2469.49 1103.44 31.5961 0.778097 2.92047e-05 0.0468533 -9.99937e-07 
1705.23 2470.16 1103.44 31.5961 0.778096 3.38535e-05 0.0468533 -1.15624e-06 
1705.23 2470.93 1103.43 31.5962 0.778094 3.95554e-05 0.0468532 -1.34738e-06 
1705.23 2471.83 1103.43 31.5962 0.778093 4.66096e-05 0.0468531 -1.58275e-06 
1705.23 2472.89 1103.42 31.5963 0.778091 5.54586e-05 0.046853 -1.87664e-06 
1705.22 2474.15 1103.41 31.5964 0.778089 6.6707e-05 0.0468529 -2.2481e-06 
1705.22 2475.65 1103.4 31.5964 0.778086 8.12347e-05 0.0468527 -2.72466e-06 
1705.21 2477.47 1103.38 31.5966 0.778082 0.000100344 0.0468524 -3.3466e-06 
1705.21 2479.71 1103.36 31.5967 0.778076 0.000126013 0.0468521 -4.17384e-06 
1705.2 2482.5 1103.32 31.597 0.778069 0.000161378 0.0468517 -5.29941e-06 
1705.18 2486.04 1103.28 31.5973 0.778059 0.000211632 0.0468511 -6.87207e-06 
1705.16 2490.63 1103.21 31.5977 0.778044 0.000285922 0.0468503 -9.14113e-06 
1705.13 2496.74 1103.11 31.5984 0.778022 0.000401716 0.046849 -1.25484e-05 
1705.07 2505.13 1102.93 31.5994 0.777987 0.000596014 0.046847 -1.79349e-05 
1704.97 2517.11 1102.6 31.6012 0.777926 0.000957161 0.0468438 -2.70655e-05 
1704.76 2535.19 1101.91 31.6043 0.777809 0.00172193 0.0468378 -4.41634e-05 
1704.27 2564.7 1100.23 31.6109 0.777549 0.00357921 0.0468253 -8.11391e-05 
1702.97 2618.89 1095.69 31.6276 0.776874 0.00857783 0.0467937 -0.000176054 
1699.38 2736.43 1083.03 31.6721 0.775047 0.0225128 0.0467097 -0.000431374 
1688.82 3024.16 1047.04 31.7272 0.771564 0.0618598 0.0466049 -0.000837708 
1644.86 3586.5 917.362 31.3451 0.772695 0.208622 0.0472331 -0.000997197 
1744.24 3448.11 215.438 22.6815 4.19354e-05 0.107221 0.0458537 0 
1744.24 3448.11 215.438 22.6815 4.19354e-05 0.107221 0.0458537 0 
1778.22 3406.54 242.313 22.524 -2.03718e-07 -0.307592 0.482653 -5.44818e-15 
1812.19 3364.96 268.326 22.5031 -2.51396e-07 -0.316585 0.480306 -2.92951e-16 
1846.17 3323.39 293.481 22.5003 -2.5145e-07 -0.31678 0.477959 2.13743e-17 
1880.15 3281.82 317.774 22.4999 -2.5145e-07 -0.316785 0.475612 5.50043e-17 
1914.13 3240.25 341.2 22.4999 -2.51451e-07 -0.316785 0.473265 4.44044e-17 
1948.1 3198.67 363.747 22.4998 -2.51452e-07 -0.316785 0.470918 -1.67053e-17 
1982.08 3157.1 385.403 22.4998 -2.51454e-07 -0.316785 0.468571 -3.15652e-17 
2016.06 3115.53 406.153 22.4998 -2.51456e-07 -0.316785 0.466224 -9.31246e-17 
2050.04 3073.95 425.978 22.4998 -2.51458e-07 -0.316785 0.463878 1.05455e-17 
2084.02 3032.38 444.859 22.4998 -2.5146e-07 -0.316785 0.461531 -6.04964e-17 
2118 2990.81 462.774 22.4998 -2.51462e-07 -0.316785 0.459184 -9.59736e-17 
2151.99 2949.24 479.7 22.4998 -2.51465e-07 -0.316785 0.456837 -8.67682e-17 
2185.97 2907.66 495.613 22.4998 -2.51467e-07 -0.316785 0.45449 -5.40069e-17 
2219.95 2866.09 510.488 22.4998 -2.5147e-07 -0.316785 0.452143 2.6146e-17 
2253.94 2824.52 524.298 22.4998 -2.51472e-07 -0.316785 0.449796 3.85687e-18 
2287.92 2782.94 537.017 22.4998 -2.51475e-07 -0.316785 0.447449 -8.30263e-17 
2321.91 2741.37 548.62 22.4998 -2.51477e-07 -0.316785 0.445102 8.56867e-18 
2355.9 2699.8 559.079 22.4998 -2.5148e-07 -0.316785 0.442755 8.31439e-17 
2389.89 2658.23 568.37 22.4998 -2.51482e-07 -0.316785 0.440408 2.10149e-18 
2423.88 2616.65 576.469 22.4998 -2.51485e-07 -0.316785 0.438061 -1.25283e-18 
2457.87 2575.08 583.354 22.4998 -2.51487e-07 -0.316785 0.435714 -8.92491e-18 
2491.86 2533.51 589.005 22.4998 -2.51489e-07 -0.316785 0.433367 -4.97655e-17 
2525.86 2491.93 593.406 22.4998 -2.51492e-07 -0.316785 0.43102 -1.5123e-18 
2559.86 2450.36 596.542 22.4998 -2.51494e-07 -0.316785 0.428673 -4.7499e-17 
2593.85 2408.79 598.404 22.4998 -2.51497e-07 -0.316785 0.426327 -9.79111e-18 
2627.85 2367.22 598.986 22.4998 -2.51499e-07 -0.316785 0.42398 2.54409e-17 
2661.86 2325.64 598.285 22.4998 -2.51501e-07 -0.316785 0.421633 -9.90109e-18 
2695.86 2284.07 596.305 22.4998 -2.51503e-07 -0.316785 0.419286 -3.80279e-18 
2729.87 2242.5 593.051 22.4998 -2.51505e-07 -0.316785 0.416939 -3.50465e-17 
2763.87 2200.92 588.535 22.4998 -2.51508e-07 -0.316785 0.414592 2.42815e-18 
2797.88 2159.35 582.769 22.4998 -2.5151e-07 -0.316785 0.412245 1.75358e-17 
2831.9 2117.78 575.771 22.4998 -2.51512e-07 -0.316785 0.409898 7.84655e-18 
2865.91 2076.21 567.56 22.4998 -2.51513e-07 -0.316785 0.407551 -2.77628e-17 
2899.93 2034.63 558.16 22.4998 -2.51515e-07 -0.316785 0.405204 2.4333e-18 
2933.94 1993.06 547.594 22.4998 -2.51517e-07 -0.316785 0.402857 5.47323e-18 
2967.97 1951.49 535.887 22.4998 -2.51518e-07 -0.316785 0.40051 2.23242e-17 
3001.99 1909.91 523.066 22.4998 -2.5152e-07 -0.316785 0.398163 2.8417e-17 
3036.02 1868.34 509.156 22.4998 -2.51521e-07 -0.316785 0.395816 1.12354e-17 
3070.04 1826.77 494.184 22.4998 -2.51522e-07 -0.316785 0.393469 -2.03965e-18 
3104.08 1785.2 478.176 22.4998 -2.51523e-07 -0.316785 0.391122 8.59906e-19 
3138.11 1743.62 461.158 22.4998 -2.51523e-07 -0.316785 0.388776 6.5537e-18 
3172.15 1702.05 443.152 22.4998 -2.51523e-07 -0.316785 0.386429 -1.08861e-17 
3206.19 1660.48 424.183 22.4998 -2.51523e-07 -0.316785 0.384082 6.34584e-18 
3240.23 1618.9 404.272 22.4998 -2.51522e-07 -0.316785 0.381735 2.08108e-18 
3274.27 1577.33 383.438 22.4998 -2.51521e-07 -0.316785 0.379388 -6.11236e-19 
3308.32 1535.76 361.698 22.4998 -2.51518e-07 -0.316782 0.377041 7.09061e-18 
3342.38 1494.19 339.069 22.4998 -2.51514e-07 -0.316639 0.374694 1.16375e-17 
3376.43 1452.61 315.563 22.4999 -2.51226e-07 -0.310067 0.372347 4.71616e-17 
3410.49 1411.04 291.19 22.5 -1.15963e-12 -0.00691777 0.369 0 
3410.49 1411.04 291.19 22.5 -1.15963e-12 -0.00691777 0.369 0 
3400.37 1430.58 291.038 21.3039 0.971283 0.0928287 -0.188388 -0.841225 
3391.19 1451.36 302.924 11.7692 0.758417 -0.560293 -0.176775 -0.966166 
3391.8 1464.04 312.367 5 -0.547204 -1.37708 0.330091 -0.946422 
3399.67 1466.62 305.793 10.7871 -1.28911 -2.18226 1.10477 -0.914961 
3401.82 1459.25 289.927 22.2653 -0.0760031 -2.95539 -0.141939 -0.863433 
3391.89 1442.32 288.839 22.0823 -0.0751101 -3.6713 -0.130326 -0.779935 
3382.1 1416.53 287.766 21.8993 -0.0742182 -4.30264 -0.118714 -0.667504 
3372.47 1382.93 286.708 21.7164 -0.073327 -4.83283 -0.107102 -0.550777 
3362.98 1342.78 285.665 21.5334 -0.0724349 -5.26589 -0.0954897 -0.44315 
3353.65 1297.27 284.636 21.3505 -0.0715397 -5.61298 -0.0838775 -0.335487 
3344.47 1247.46 283.622 21.1675 -0.0706403 -5.87565 -0.0722652 -0.219951 
3335.44 1194.4 282.622 20.9845 -0.0697391 -6.04859 -0.060653 -0.104574 
3326.56 1139.21 281.638 20.8014 -0.0688432 -6.13238 -0.0490407 -0.00659863 
3317.84 1082.98 280.668 20.6183 -0.0679605 -6.14038 -0.0374285 0.0634873 
3309.28 1026.65 279.712 20.4353 -0.0670926 -6.09363 -0.0258162 0.108295 
3300.88 970.896 278.771 20.2526 -0.066226 -6.01111 -0.014204 0.137275 
3292.63 916.165 277.845 20.0701 -0.0653323 -5.90464 -0.00259174 0.159014 
3284.55 862.75 276.933 19.8875 -0.0643844 -5.77946 0.0090205 0.178233 
3276.62 810.884 276.036 19.7044 -0.0633876 -5.6371 0.0206327 0.196367 
3268.85 760.778 275.155 19.5204 -0.0624064 -5.47794 0.032245 0.213228 
3261.25 712.641 274.29 19.3356 -0.0615533 -5.30247 0.0438572 0.228272 
3253.81 666.675 273.44 19.1513 -0.0609129 -5.11159 0.0554695 0.241112 
3246.53 623.069 272.6 18.9696 -0.0604201 -4.90655 0.0670817 0.251525 
3239.41 582 271.771 18.7915 -0.0597814 -4.68876 0.078694 0.259313 
3232.46 543.625 270.953 18.6154 -0.058568 -4.45981 0.0903062 0.264231 
3225.65 508.081 270.154 18.4357 -0.0565532 -4.22157 0.101918 0.26601 
3219.01 475.485 269.383 18.2452 -0.0541664 -3.97614 0.113531 0.26444 
3212.54 445.924 268.645 18.0413 -0.0526806 -3.72595 0.125143 0.259433 
3206.25 419.458 267.93 17.8335 -0.0536584 -3.4736 0.136755 0.251053 
3200.16 396.114 267.206 17.6453 -0.057519 -3.22178 0.148367 0.239514 
3194.24 375.884 266.439 17.5023 -0.0619217 -2.97317 0.15998 0.225154 
3188.44 358.729 265.62 17.4059 -0.0615659 -2.73036 0.171592 0.208409 
3182.72 344.578 264.808 17.3076 -0.0510571 -2.4957 0.183204 0.189789 
3177.08 333.33 264.127 17.112 -0.0307673 -2.27133 0.194816 0.169848 
3171.62 324.857 263.701 16.7349 -0.0122417 -2.05904 0.206429 0.149168 
3166.51 319.009 263.512 16.6088 -0.0167204 -1.86034 0.218041 0.128331 
3161.53 315.62 263.29 16.5288 -0.014456 -1.67634 0.229653 0.107899 
3156.62 314.506 263.479 16.4276 -0.000144022 -1.50784 0.241265 0.0883924 
3151.82 315.477 263.847 16.1936 0.0235573 -1.35527 0.252878 0.0702732 
3147.25 318.334 264.513 15.749 0.0409409 -1.2188 0.26449 0.0539262 
3143.13 322.88 265.402 15.1703 0.0274287 -1.09832 0.276102 0.0396475 
3139.62 328.915 266.136 14.7591 -0.0322428 -0.993529 0.287714 0.0276325 
3136.55 336.246 266.141 14.9363 -0.117775 -0.903983 0.299327 0.017969 
3133.32 344.686 265.083 15.8979 -0.159842 -0.829186 0.310939 0.0106315 
3129.13 354.051 263.486 17.1714 -0.0671663 -0.76866 0.322551 0.00547948 
3123.61 364.166 263.011 17.4638 0.194854 -0.722023 0.334163 0.00225831 
3117.73 374.858 265.77 15.2604 0.50877 -0.689068 0.345776 0.000602279 
3114.02 385.956 272.457 10.2739 0.581353 -0.669838 0.357388 3.98603e-05 
3115.4 397.288 280.14 5 0.0899998 -0.664695 0.369 0 
3115.4 397.288 280.14 5 0.0899998 -0.664695 0.369 0 
3124.65 408.212 280.549 5 -1.4 0.442625 1.15369 0.820936 
3134.32 433.993 260.965 18.0502 -1.37063 2.1191 1.13739 0.716855 
3129.45 482.282 241.494 29.6692 -0.331039 3.64863 -0.067241 0.541743 
3111.3 551.105 235.722 30.3727 -0.245228 4.9015 -0.15355 0.256337 
3092.22 636.74 231.087 30.1897 -0.244334 5.59727 -0.141938 0.055676 
3073.22 731.711 226.469 30.0067 -0.24344 5.76892 -0.130326 0.00803585 
3054.3 828.985 221.866 29.8237 -0.242547 5.79811 -0.118714 -7.819e-05 
3035.45 926.65 217.278 29.6408 -0.241653 5.80184 -0.107101 -0.00133718 
3016.68 1024.37 212.707 29.4578 -0.24076 5.80131 -0.095489 -0.00136855 
2997.98 1122.07 208.152 29.2748 -0.239867 5.80048 -0.0838768 -0.00121674 
2979.35 1219.77 203.613 29.0918 -0.238974 5.80001 -0.0722646 -0.00110907 
2960.8 1317.46 199.089 28.9089 -0.23808 5.79975 -0.0606524 -0.00106387 
2942.32 1415.15 194.582 28.7259 -0.237185 5.7995 -0.0490401 -0.00104346 
2923.92 1512.83 190.09 28.5429 -0.23629 5.79913 -0.0374279 -0.00101622 
2905.59 1610.51 185.615 28.3599 -0.235396 5.79867 -0.0258156 -0.000973096 
2887.34 1708.18 181.155 28.1769 -0.234506 5.7982 -0.0142034 -0.000920066 
2869.16 1805.85 176.711 27.994 -0.233619 5.79775 -0.00259115 -0.000865901 
2851.07 1903.51 172.283 27.8111 -0.232731 5.79733 0.00902109 -0.000815352 
2833.05 2001.16 167.871 27.6282 -0.231834 5.79694 0.0206333 -0.000768712 
2815.1 2098.81 163.475 27.4453 -0.230921 5.79656 0.0322456 -0.000724301 
2797.24 2196.45 159.095 27.2622 -0.229997 5.79619 0.0438578 -0.000680658 
2779.45 2294.09 154.732 27.0788 -0.229091 5.79581 0.0554701 -0.000637317 
2761.75 2391.72 150.384 26.8953 -0.228239 5.79544 0.0670823 -0.000594526 
2744.12 2489.35 146.052 26.7123 -0.227453 5.79508 0.0786945 -0.000552704 
2726.58 2586.97 141.734 26.5304 -0.226671 5.79473 0.0903068 -0.000512119 
2709.11 2684.59 137.431 26.3495 -0.225753 5.79439 0.101919 -0.000472854 
2691.72 2782.2 133.144 26.1682 -0.224571 5.79405 0.113531 -0.000434895 
2674.42 2879.81 128.877 25.9838 -0.22318 5.79373 0.125144 -0.000398233 
2657.19 2977.41 124.632 25.7945 -0.221979 5.79341 0.136756 -0.000362896 
2640.06 3075.01 120.408 25.6025 -0.221593 5.7931 0.148368 -0.000328939 
2623.01 3172.61 116.193 25.4166 -0.22234 5.7928 0.15998 -0.000296425 
2606.06 3270.2 111.971 25.2476 -0.22344 5.79251 0.171592 -0.000265406 
2589.17 3367.78 107.739 25.0978 -0.222729 5.79223 0.183205 -0.000235927 
2572.33 3465.37 103.52 24.9469 -0.217801 5.79195 0.194817 -0.000208028 
2555.53 3562.94 99.3694 24.752 -0.208856 5.79169 0.206429 -0.000181749 
2538.84 3660.52 95.3435 24.476 -0.201551 5.79143 0.218041 -0.000157134 
2522.33 3758.09 91.4215 24.1427 -0.206174 5.79119 0.229654 -0.000134223 
2506.07 3855.66 87.4447 23.8788 -0.229824 5.79095 0.241266 -0.00011305 
2489.99 3953.22 83.1561 23.8726 -0.263369 5.79072 0.252878 -9.36404e-05 
2473.82 4050.78 78.4176 24.2025 -0.273902 5.7905 0.26449 -7.60272e-05 
2457.17 4148.34 73.5307 24.6042 -0.219062 5.79029 0.276103 -6.02948e-05 
2439.94 4245.9 69.371 24.404 -0.0907551 5.79008 0.287715 -4.67067e-05 
2422.78 4343.45 66.9373 22.9046 0.0333508 5.78983 0.299327 -3.61084e-05 
2407.13 4441 66.2011 20.2625 -0.0118338 5.78938 0.310939 -3.11509e-05 
2394.31 4538.54 64.9155 18.3058 -0.368892 5.78789 0.322552 -3.92793e-05 
2383.66 4636.06 58.8807 20.1584 -0.945758 5.78117 0.334164 -7.59729e-05 
2371.01 4733.49 45.0655 27.7313 -1.25472 5.74878 0.345776 -0.000146015 
2349.93 4830.49 26.9416 37.7893 -0.572869 5.60033 0.357388 -0.000143448 
2317.36 4925.51 17.7508 40 1.4 5.1153 0.369 0 
