grtopM_62_1
50
2 2
8 8 
0 4 6 3 5 2 1 7 
0 4 6 3 5 2 1 7 
565.212 172.384 0.0640619 67.4749 75.196 167.239 98.3354 
107627 176.563 52.3217 12.4509 67.0148 143.69 98.3284 
11.5349 3.51803 0.00130739 1.37704 1.53461 3.41305 2.00684 
2196.46 3.60333 1.06779 0.2541 1.36765 2.93246 2.0067 
1327.58 4.26885 1069.52 0.000505007 1347.06 2.30322 5.03648 
1.45133e-06 1.72428 0.464954 0.110645 0.0262052 1.94131 5.03602 
1845.98 1467.48 1717.18 29.9941 0.741874 0 0.0538135 0 
518.395 139.895 389.595 5.00717 -0.180876 -0.308426 2.17655e-05 -4.68771e-13 
38.3448 4.87446 26.9561 5.01061 7.20111e-08 9.36137e-08 2.23881e-05 -1.08937e-12 
3.33659e-09 6.15094e-10 0.0115495 5.01061 7.76125e-08 1.06207e-07 2.30469e-05 -1.08939e-12 
1.39725e-10 3.09433e-10 0.0115241 5.01061 7.76126e-08 1.06206e-07 2.37451e-05 -1.08937e-12 
3.01135e-10 3.6039e-10 0.0115231 5.01061 7.76126e-08 1.06206e-07 2.44862e-05 -1.08936e-12 
3.27274e-10 3.69017e-10 0.0115231 5.01061 7.76126e-08 1.06206e-07 2.52743e-05 -1.08934e-12 
3.31191e-10 3.70296e-10 0.0115231 5.01061 7.76126e-08 1.06206e-07 2.6114e-05 -1.08933e-12 
3.31758e-10 3.70477e-10 0.011523 5.01061 7.76125e-08 1.06206e-07 2.70104e-05 -1.08931e-12 
3.31838e-10 3.70502e-10 0.0115231 5.01061 7.76125e-08 1.06206e-07 2.79695e-05 -1.08929e-12 
3.31849e-10 3.70506e-10 0.0115231 5.01061 7.76125e-08 1.06206e-07 2.89979e-05 -1.08926e-12 
3.31851e-10 3.70506e-10 0.0115231 5.01061 7.76125e-08 1.06206e-07 3.01035e-05 -1.08924e-12 
3.31851e-10 3.70506e-10 0.0115231 5.01061 7.76125e-08 1.06206e-07 3.12952e-05 -1.08921e-12 
3.31851e-10 3.70506e-10 0.0115231 5.01061 7.76125e-08 1.06206e-07 3.25834e-05 -1.08919e-12 
3.31851e-10 3.70506e-10 0.0115231 5.01061 7.76125e-08 1.06206e-07 3.39801e-05 -1.08916e-12 
3.31851e-10 3.70506e-10 0.0115231 5.01061 7.76124e-08 1.06206e-07 3.54997e-05 -1.08912e-12 
3.31851e-10 3.70506e-10 0.0115231 5.01061 7.76124e-08 1.06206e-07 3.7159e-05 -1.08909e-12 
3.31851e-10 3.70506e-10 0.0115231 5.01061 7.76124e-08 1.06206e-07 3.89781e-05 -1.08905e-12 
3.31851e-10 3.70506e-10 0.0115231 5.01061 7.76124e-08 1.06206e-07 4.09813e-05 -1.089e-12 
3.31851e-10 3.70506e-10 0.0115231 5.01061 7.76123e-08 1.06206e-07 4.31981e-05 -1.08895e-12 
3.31851e-10 3.70506e-10 0.0115231 5.01061 7.76123e-08 1.06206e-07 4.56646e-05 -1.0889e-12 
3.31851e-10 3.70506e-10 0.0115231 5.01061 7.76123e-08 1.06206e-07 4.84259e-05 -1.08884e-12 
3.31851e-10 3.70506e-10 0.0115231 5.01061 7.76122e-08 1.06206e-07 5.15392e-05 -1.08877e-12 
3.31851e-10 3.70506e-10 0.0115231 5.01061 7.76122e-08 1.06206e-07 5.50779e-05 -1.0887e-12 
3.31851e-10 3.70506e-10 0.0115231 5.01061 7.76121e-08 1.06206e-07 5.91388e-05 -1.08861e-12 
3.31851e-10 3.70506e-10 0.0115231 5.01061 7.76121e-08 1.06206e-07 6.38531e-05 -1.08852e-12 
3.31851e-10 3.70506e-10 0.0115231 5.01061 7.7612e-08 1.06206e-07 6.94058e-05 -1.08841e-12 
3.31851e-10 3.70506e-10 0.0115231 5.01061 7.76119e-08 1.06206e-07 7.60699e-05 -1.08828e-12 
3.31851e-10 3.70506e-10 0.0115231 5.01061 7.76118e-08 1.06206e-07 8.42755e-05 -1.08813e-12 
3.31851e-10 3.70506e-10 0.0115231 5.01061 7.76117e-08 1.06206e-07 9.47538e-05 -1.08797e-12 
3.31851e-10 3.70506e-10 0.0115231 5.01061 7.76116e-08 1.06206e-07 0.00010886 -1.08777e-12 
3.31851e-10 3.70506e-10 0.0115231 5.01061 7.76115e-08 1.06206e-07 0.000129338 -1.08753e-12 
3.31851e-10 3.70506e-10 0.0115231 5.01061 7.76114e-08 1.06206e-07 0.000162217 -1.08726e-12 
3.31851e-10 3.70506e-10 0.0115231 5.01061 7.76113e-08 1.06206e-07 0.000221642 -1.08692e-12 
3.31851e-10 3.70506e-10 0.0115231 5.01061 7.76111e-08 1.06206e-07 0.000342174 -1.08651e-12 
3.31851e-10 3.70506e-10 0.0115231 5.01061 7.76111e-08 1.06206e-07 0.000608224 -1.08602e-12 
3.31851e-10 3.70506e-10 0.0115231 5.01061 7.76111e-08 1.06206e-07 0.00121042 -1.0854e-12 
3.31851e-10 3.70506e-10 0.0115231 5.01061 7.76113e-08 1.06206e-07 0.00249201 -1.08462e-12 
3.31851e-10 3.70506e-10 0.0115231 5.01061 7.76114e-08 1.06206e-07 0.00482177 -1.08364e-12 
3.31849e-10 3.70506e-10 0.0115231 5.01061 7.76106e-08 1.06206e-07 0.00855063 -1.08237e-12 
3.31839e-10 3.70504e-10 0.0115231 5.01061 7.76083e-08 1.06206e-07 0.0135886 -1.08071e-12 
3.31763e-10 3.70489e-10 0.0115231 5.01061 7.76062e-08 1.06206e-07 0.0186228 -1.07847e-12 
3.3123e-10 3.70381e-10 0.0115231 5.01061 7.76041e-08 1.06206e-07 0.0236474 -1.07534e-12 
3.27585e-10 3.6962e-10 0.0115231 5.01061 7.7602e-08 1.06206e-07 0.0286535 -1.07073e-12 
3.03897e-10 3.64477e-10 0.0115231 5.01061 7.76e-08 1.06205e-07 0.0336346 -1.06339e-12 
1.65055e-10 3.326e-10 0.0115231 5.01061 7.75982e-08 1.06205e-07 0.0385974 -1.05032e-12 
1.8879e-09 1.77355e-10 0.0115231 5.01061 7.75971e-08 1.12856e-07 0.0435707 -5.2529e-13 
22.9108 7.05391e-09 0.0116408 5.01061 4.95002e-08 0.184284 0.0485629 1.45098e-11 
825.243 209.79 44.7231 40 -1.4 6.28 0.0545938 -1.8958e-11 
3272.29 2123.16 289.23 5.01061 -5.82427e-11 1.36032e-10 0.0528135 0 
3272.29 2123.16 289.23 5.01061 -5.82427e-11 1.36032e-10 0.0528135 0 
3294.33 2187.79 286.365 5 -0.91784 -4.26609 1.15369 -0.00451374 
3316.81 2065.15 243.21 31.337 -0.272141 -6.28 -0.176776 0.000423933 
3242.23 1854.18 226.547 31.154 -0.271247 -6.28 -0.165163 0.000993542 
3166.82 1643.21 209.935 30.971 -0.270354 -6.28 -0.153551 0.00206327 
3090.59 1432.24 193.376 30.7881 -0.26946 -6.28 -0.141939 0.0032082 
3013.55 1221.28 176.868 30.6051 -0.268567 -6.28 -0.130327 0.00217235 
2935.7 1010.31 160.413 30.4221 -0.267673 -6.28 -0.118714 0.00270286 
2857.05 799.336 144.01 30.2391 -0.266779 -6.28 -0.107102 0.00279423 
2777.6 588.366 127.659 30.0561 -0.26589 -6.28 -0.0954898 0.00589051 
2697.35 377.395 111.36 29.8733 -0.265015 -6.28 -0.0838776 0.0578355 
2616.31 166.423 95.1123 29.691 -0.264081 -5.5037 -0.0722653 0.00236335 
2534.5 -1.93451 78.9183 29.5072 -0.262853 -1.66873 -0.0606531 1.89955e-05 
2452.06 -1.95196 62.7911 29.3126 -0.26199 -1.66681 -0.0490408 8.51038e-06 
2368.88 -1.88566 46.7156 29.1223 -0.265987 -1.66679 -0.0374286 2.57299e-05 
2284.96 -1.81892 30.4779 29.0974 -0.272786 -1.66675 -0.0258163 -1.37368e-05 
2199.7 -1.75079 13.9436 29.2842 -0.213444 -1.66675 -0.0142041 4.08156e-05 
2112.28 -1.68213 0.001 28.6242 -0.0033612 -1.6667 -0.00259184 3.12559e-05 
2025.77 -1.61275 0.001 28.4412 -0.0024677 -1.66672 0.00902041 -8.04325e-06 
1939.9 -1.5447 0.001 28.2583 -0.00157425 -1.66672 0.0206327 2.16833e-05 
1854.68 -1.47733 0.001 28.0753 -0.000680824 -1.6667 0.0322449 -1.69845e-06 
1770.1 -1.40966 3.59694 27.8923 0.000213269 -1.66671 0.0438571 5.08434e-06 
1686.48 -1.3427 7.66873 27.7093 0.0011088 -1.66674 0.0554694 1.86883e-05 
1603.86 -1.27769 11.7927 27.5263 0.00199703 -1.66675 0.0670816 1.44616e-05 
1522.24 -1.21356 15.9685 27.3434 0.00285224 -1.66672 0.0786939 -2.11146e-05 
1441.64 -1.14888 20.1948 27.1618 0.0037588 -1.66672 0.0903061 -5.00514e-05 
1362.04 -1.08441 24.4736 26.9794 0.00523172 -1.66675 0.101918 5.84761e-05 
1283.46 -1.02173 28.8299 26.7774 0.006898 -1.66676 0.113531 2.30541e-05 
1205.97 -0.960222 33.2736 26.5551 0.000636991 -1.66675 0.125143 6.18294e-05 
1129.67 -0.898989 37.4581 26.583 -0.0216169 -1.66678 0.136755 7.6451e-05 
1053.65 -0.838787 40.6637 27.3236 0.0450042 -1.66677 0.148367 0.000188831 
975.245 -0.776369 46.7417 25.6049 0.492282 -1.66678 0.15998 0.000303541 
903.032 -0.718569 72.5743 9.4179 0.277849 -1.66683 0.171592 0.000188803 
890.213 -0.708463 90.1331 5 0.18205 -1.66689 0.194918 6.70651e-05 
894.562 -0.713413 103.797 5 0.182056 -1.74161 0.194816 -0.00108539 
908.649 -12.536 117.462 5 0.181382 -1.85411 0.206429 0.300714 
923.933 -29.2971 131.097 5 0.180711 3.14386 0.218041 0.234937 
940.592 181.871 144.703 5 0.180039 6.28 0.229653 0.120399 
958.558 530.705 158.279 5 0.179365 6.28 0.241265 0.0750189 
977.719 879.538 171.825 5 0.178691 6.28 0.252878 0.033713 
998.071 1228.37 185.342 5 0.178018 6.28 0.26449 0.0101501 
1019.61 1577.21 198.829 5 0.177344 6.28 0.276102 0.000556328 
1042.34 1926.04 212.287 5 0.17667 6.28 0.287714 0.000217507 
1066.25 2274.87 225.715 5 0.175996 6.28 0.299327 1.05166e-05 
1091.35 2623.71 239.114 5 0.175323 6.28 0.310939 -1.99226e-05 
1117.62 2972.54 252.483 5 0.174649 6.28 0.322551 -1.33469e-05 
1145.07 3321.37 265.822 5 0.173975 6.28 0.334163 -7.65678e-06 
1173.7 3670.21 279.132 5 0.173302 6.28 0.345776 -3.4844e-06 
1203.49 4019.04 292.413 5 -1.03621 6.28 0.385532 -0.0224082 
1235.52 4367.87 252.6 39.9891 -0.0105848 1.97066 0.369 0 
1235.52 4367.87 252.6 39.9891 -0.0105848 1.97066 0.369 0 
165.963 3298.41 0.133216 5.13211 -6.94587e-05 -4.36395 0.00989012 5.1973e-15 
1.26849e-07 2228.84 0.133215 5.13217 -3.68831e-05 -2.31723 0.0108942 2.66459e-17 
4.94322e-08 1159.31 0.133215 5.13225 -8.40088e-08 -0.00527407 0.0120418 -1.82704e-18 
4.94292e-08 89.813 0.133215 5.13225 4.17066e-15 -8.76645e-13 0.0133543 -2.02636e-18 
4.94292e-08 8.03422e-08 0.133215 5.13225 4.12283e-15 -9.11923e-13 0.0148555 -2.04475e-18 
4.94292e-08 5.51876e-08 0.133215 5.13225 4.06105e-15 -9.11927e-13 0.0165723 -2.04168e-18 
4.94292e-08 5.51869e-08 0.133215 5.13225 3.9832e-15 -9.11927e-13 0.0185353 -1.96839e-18 
4.94292e-08 5.51869e-08 0.133215 5.13225 3.88181e-15 -9.11927e-13 0.0207789 -2.30005e-18 
4.94292e-08 5.51869e-08 0.133215 5.13225 3.74955e-15 -9.11927e-13 0.023343 -2.02869e-18 
4.94292e-08 5.51869e-08 0.133215 5.13225 3.5698e-15 -9.11927e-13 0.0262748 -2.03816e-18 
4.94292e-08 5.51869e-08 0.133215 5.13225 3.32278e-15 -9.11927e-13 0.0296322 -1.85742e-18 
4.94292e-08 5.51869e-08 0.133215 5.13225 2.97915e-15 -9.11927e-13 0.0334894 -2.01969e-18 
4.94292e-08 5.51869e-08 0.133215 5.13225 2.50734e-15 -9.11927e-13 0.0379412 -1.99525e-18 
4.94292e-08 5.51869e-08 0.133215 5.13225 1.93961e-15 -9.11927e-13 0.043091 -1.70132e-18 
4.94292e-08 5.51869e-08 0.133215 5.13225 1.4555e-15 -9.11927e-13 0.0490053 -2.07257e-18 
4.94292e-08 5.51869e-08 0.133215 5.13225 5.33019e-16 -9.11927e-13 0.0558997 -2.26868e-18 
4.94292e-08 5.51869e-08 0.133215 5.13225 -4.70343e-15 -9.11927e-13 0.0648224 -2.05105e-18 
4.94292e-08 5.51869e-08 0.133215 5.13225 -1.17638e-14 -9.11927e-13 0.0757952 -2.49728e-18 
4.94292e-08 5.51869e-08 0.133215 5.13225 -1.22815e-14 -9.11927e-13 0.0868369 -1.969e-18 
4.94292e-08 5.51869e-08 0.133215 5.13225 -1.24588e-14 -9.11927e-13 0.0978583 -1.90153e-18 
4.94292e-08 5.51869e-08 0.133215 5.13225 -1.26799e-14 -9.11927e-13 0.108859 -1.70648e-18 
4.94292e-08 5.51869e-08 0.133215 5.13225 -1.29023e-14 -9.11927e-13 0.11984 -2.09544e-18 
4.94292e-08 5.51869e-08 0.133215 5.13225 -1.3215e-14 -9.11927e-13 0.130801 -2.33907e-18 
4.94292e-08 5.51869e-08 0.133215 5.13225 -1.34366e-14 -9.11927e-13 0.141743 -2.06928e-18 
4.94292e-08 5.51869e-08 0.133215 5.13225 -1.36132e-14 -9.11927e-13 0.152668 -2.07844e-18 
4.94292e-08 5.51869e-08 0.133215 5.13225 -1.3834e-14 -9.11927e-13 0.163578 -1.98163e-18 
4.94292e-08 5.51869e-08 0.133215 5.13225 -1.4054e-14 -9.11927e-13 0.174476 -2.00578e-18 
4.94292e-08 5.51869e-08 0.133215 5.13225 -1.42741e-14 -9.11927e-13 0.185365 -2.01617e-18 
4.94292e-08 5.51869e-08 0.133215 5.13225 -1.44958e-14 -9.11927e-13 0.196249 -1.91354e-18 
4.94292e-08 5.51869e-08 0.133215 5.13225 -1.47145e-14 -9.11927e-13 0.207131 -1.9784e-18 
4.94292e-08 5.51869e-08 0.133215 5.13225 -1.49331e-14 -9.11927e-13 0.218013 -1.57328e-18 
4.94292e-08 5.51869e-08 0.133215 5.13225 -1.51523e-14 -9.11927e-13 0.228894 -2.01067e-18 
4.94292e-08 5.51869e-08 0.133215 5.13225 -1.53687e-14 -9.11927e-13 0.23977 -1.20158e-18 
4.94292e-08 5.51869e-08 0.133215 5.13225 -1.55383e-14 -9.11927e-13 0.250633 -2.37556e-18 
4.94292e-08 5.51869e-08 0.133215 5.13225 -1.57506e-14 -9.11927e-13 0.261465 -1.98704e-18 
4.94292e-08 5.51869e-08 0.133215 5.13225 -1.60495e-14 -9.11927e-13 0.272243 -1.95928e-18 
4.94292e-08 5.51869e-08 0.133215 5.13225 -1.62517e-14 -9.11927e-13 0.282937 -1.90315e-18 
4.94292e-08 5.51869e-08 0.133215 5.13225 -1.64472e-14 -9.11927e-13 0.293511 -2.24495e-18 
4.94292e-08 5.51869e-08 0.133215 5.13225 -1.65871e-14 -9.11927e-13 0.303924 -1.99771e-18 
4.94292e-08 5.51869e-08 0.133215 5.13225 -1.6761e-14 -9.11927e-13 0.314137 -1.14012e-18 
4.94292e-08 5.51869e-08 0.133215 5.13225 -1.69184e-14 -9.11927e-13 0.324123 -2.09722e-18 
4.94292e-08 5.51869e-08 0.133215 5.13225 -1.70067e-14 -9.11927e-13 0.3339 -2.63723e-18 
4.94292e-08 5.51869e-08 0.133215 5.13225 -1.71104e-14 -9.11927e-13 0.343567 -2.03038e-18 
4.94292e-08 5.51869e-08 0.133215 5.13225 -1.72434e-14 -9.11927e-13 0.353205 -1.9929e-18 
4.94292e-08 5.51885e-08 0.133215 5.13225 -1.71079e-14 -9.1193e-13 0.362487 -1.04255e-18 
4.94293e-08 5.75895e-08 0.133215 5.13225 -1.6441e-14 -9.36716e-13 0.370185 -1.83967e-18 
4.94983e-08 25.9942 0.133215 5.13225 3.14947e-08 0.00197724 0.374171 1.95512e-14 
3.08317e-06 1095.54 0.133215 5.1323 3.4024e-05 2.13823 0.373138 4.39236e-15 
933.99 2165.12 217.94 5.13225 -6.0216e-13 6.45319e-09 0.369 0 
933.99 2165.12 217.94 5.13225 -6.0216e-13 6.45319e-09 0.369 0 
944.12 2192.09 218.486 5.69479 -1.19846 0.000575571 1.15369 -1.02859 
953.907 2219.06 198.426 21.2646 -0.26732 -0.975688 -0.0916034 -1.00718 
941.233 2229.29 193.935 23.8636 -0.0175441 -1.93232 -0.165163 -0.985776 
924.728 2223.07 193.664 22.9623 0.461432 -2.86928 -0.153551 -0.964367 
909.277 2200.76 201.648 15.8928 0.813794 -3.78657 -0.141939 -0.942959 
903.7 2162.68 215.88 5 0.0381195 -4.68417 0.473176 -0.921551 
913.864 2109.16 217.086 5 -0.915293 -5.56204 1.05586 -0.752575 
924.385 2040.56 201.909 17.0212 -0.354058 -6.28 0.194198 0.00340463 
917.631 1959.64 196.045 21.0134 -0.0587671 -6.28 -0.0954898 0.00341124 
905.077 1878.72 195.144 20.9182 0.136925 -6.28 -0.0838775 0.00341298 
892.556 1797.8 197.609 18.2668 0.342959 -6.28 0.0272692 0.00341558 
883.7 1716.88 203.686 13.1346 0.398476 -6.28 0.259126 0.00341539 
882.099 1635.95 210.859 7.67548 0.212514 -6.28 0.60002 0.00343254 
888.325 1555.02 214.987 5 0.0165744 -6.28 0.84452 0.00341256 
898.445 1474.08 215.822 5 0.0165744 -6.28 0.84452 0.00341218 
908.594 1393.15 216.657 5 0.0165744 -6.28 0.84452 0.00341194 
918.771 1312.21 217.491 5 0.0165747 -6.28 0.844516 0.580177 
928.977 1231.28 218.326 5 0.0165642 -5.73174 0.844701 0.664653 
939.22 1159.76 219.161 5 0.0170285 -5.10286 0.836703 0.643245 
949.5 1099.05 220.004 5 -0.00304069 -4.49389 0.843876 0.621837 
959.823 1048.8 220.502 5.25691 -0.00429654 -3.90483 0.827571 0.600429 
969.819 1008.68 220.971 5.51384 -0.00555125 -3.3357 0.811265 0.57902 
979.486 978.332 221.412 5.77078 -0.00680582 -2.7865 0.794959 0.557612 
988.822 957.422 221.824 6.02772 -0.00805955 -2.25726 0.778653 0.536204 
997.826 945.606 222.207 6.28465 -0.00931214 -1.74798 0.762347 0.514796 
1006.5 942.541 222.562 6.54156 -0.0105651 -1.25869 0.746041 0.493388 
1014.83 947.882 222.888 6.79845 -0.0118224 -0.789393 0.729735 0.47198 
1022.83 961.288 223.185 7.05538 -0.0130862 -0.340103 0.713429 0.450571 
1030.5 982.414 223.454 7.31243 -0.01435 0.089165 0.697122 0.429163 
1037.82 1010.92 223.694 7.5696 -0.0155934 0.498397 0.680816 0.407755 
1044.81 1046.45 223.905 7.82659 -0.0167995 0.887578 0.66451 0.386347 
1051.45 1088.67 224.089 8.08294 -0.0179966 1.2567 0.648204 0.364939 
1057.76 1137.23 224.245 8.33861 -0.0192891 1.60574 0.631898 0.343531 
1063.72 1191.79 224.372 8.59492 -0.0207863 1.93469 0.615592 0.322122 
1069.34 1252.01 224.466 8.85447 -0.0223803 2.24353 0.599286 0.300714 
1074.61 1317.53 224.525 9.11816 -0.0235414 2.53225 0.58298 0.279306 
1079.52 1388.01 224.557 9.37988 -0.0236036 2.80085 0.566673 0.257898 
1084.08 1463.11 224.581 9.62547 -0.0229112 3.04929 0.550367 0.23649 
1088.3 1542.47 224.611 9.84689 -0.0241038 3.27758 0.534061 0.215082 
1092.23 1625.76 224.613 10.0715 -0.031079 3.48569 0.517755 0.193673 
1095.85 1712.63 224.49 10.3744 -0.0432042 3.67361 0.501449 0.172265 
1099.05 1802.72 224.149 10.8144 -0.0476133 3.84133 0.485143 0.150857 
1101.64 1895.7 223.721 11.2751 -0.022172 3.98883 0.468837 0.129449 
1103.58 1991.21 223.718 11.3639 0.0358919 4.11611 0.452531 0.108041 
1105.37 2088.9 224.709 10.6962 0.0654018 4.22313 0.436224 0.0866327 
1108.11 2188.44 226.226 9.72989 -0.0562163 4.3099 0.419918 0.0652245 
1112.27 2289.47 225.68 10.4739 -0.374508 4.3764 0.403612 0.0438163 
1115.51 2391.64 219.645 15.3078 -0.60709 4.42262 0.387306 0.0224078 
1111.96 2494.6 209.48 22.6531 -0.09 4.44855 0.369 0 
1111.96 2494.6 209.48 22.6531 -0.09 4.44855 0.369 0 
42.7223 1262.8 0.0303485 5.0296 -4.86165e-13 -6.88068e-09 1.15189e-06 -1.82155e-13 
1.45178e-10 164.189 0.0303492 5.0296 -2.96136e-13 -1.59644e-10 1.27629e-06 2.18934e-18 
1.44953e-11 28.0945 0.0303493 5.0296 -2.94339e-13 -4.67802e-11 1.44329e-06 2.18675e-18 
1.44952e-11 9.26309e-11 0.0303493 5.0296 -2.94028e-13 -2.72584e-11 1.6843e-06 2.18779e-18 
1.44952e-11 1.61837e-11 0.0303493 5.0296 -2.94028e-13 -2.72584e-11 2.06429e-06 2.18891e-18 
1.44952e-11 1.61837e-11 0.0303493 5.0296 -2.94028e-13 -2.72584e-11 2.7257e-06 2.18762e-18 
1.44952e-11 1.61837e-11 0.0303493 5.0296 -2.94028e-13 -2.72584e-11 3.99747e-06 2.18949e-18 
1.44952e-11 1.61837e-11 0.0303493 5.0296 -2.94028e-13 -2.72584e-11 6.6742e-06 2.18789e-18 
1.44952e-11 1.61837e-11 0.0303493 5.0296 -2.94029e-13 -2.72584e-11 1.27458e-05 2.19009e-18 
1.44952e-11 1.61837e-11 0.0303493 5.0296 -2.94032e-13 -2.72584e-11 2.73197e-05 2.18609e-18 
1.44952e-11 1.61837e-11 0.0303493 5.0296 -2.9404e-13 -2.72584e-11 6.3648e-05 2.19071e-18 
1.44952e-11 1.61837e-11 0.0303493 5.0296 -2.94061e-13 -2.72584e-11 0.000156031 2.18847e-18 
1.44952e-11 1.61837e-11 0.0303493 5.0296 -2.94114e-13 -2.72584e-11 0.000392635 2.18979e-18 
1.44952e-11 1.61837e-11 0.0303493 5.0296 -2.94253e-13 -2.72584e-11 0.00100334 2.19013e-18 
1.44952e-11 1.61837e-11 0.0303493 5.0296 -2.94619e-13 -2.72584e-11 0.00260423 2.18649e-18 
1.44952e-11 1.61837e-11 0.0303493 5.0296 -2.95525e-13 -2.72584e-11 0.00655389 2.18684e-18 
1.44952e-11 1.61837e-11 0.0303493 5.0296 -2.97243e-13 -2.72584e-11 0.0140005 2.18894e-18 
1.44952e-11 1.61837e-11 0.0303493 5.0296 -2.99787e-13 -2.72584e-11 0.0249749 2.18808e-18 
1.44952e-11 1.61837e-11 0.0303493 5.0296 -3.02462e-13 -2.72584e-11 0.0364282 2.18612e-18 
1.44952e-11 1.61837e-11 0.0303493 5.0296 -3.05139e-13 -2.72584e-11 0.0478796 2.19122e-18 
1.44952e-11 1.61837e-11 0.0303493 5.0296 -3.07816e-13 -2.72584e-11 0.0593294 2.18663e-18 
1.44952e-11 1.61837e-11 0.0303493 5.0296 -3.10492e-13 -2.72584e-11 0.0707775 2.18936e-18 
1.44952e-11 1.61837e-11 0.0303493 5.0296 -3.13168e-13 -2.72584e-11 0.082224 2.19092e-18 
1.44952e-11 1.61837e-11 0.0303493 5.0296 -3.15844e-13 -2.72584e-11 0.0936688 2.18837e-18 
1.44952e-11 1.61837e-11 0.0303493 5.0296 -3.18519e-13 -2.72584e-11 0.105112 2.18821e-18 
1.44952e-11 1.61837e-11 0.0303493 5.0296 -3.21194e-13 -2.72584e-11 0.116552 2.18773e-18 
1.44952e-11 1.61837e-11 0.0303493 5.0296 -3.23868e-13 -2.72584e-11 0.127989 2.18842e-18 
1.44952e-11 1.61837e-11 0.0303493 5.0296 -3.26541e-13 -2.72584e-11 0.139423 2.18678e-18 
1.44952e-11 1.61837e-11 0.0303493 5.0296 -3.29213e-13 -2.72584e-11 0.15085 2.19607e-18 
1.44952e-11 1.61837e-11 0.0303493 5.0296 -3.31882e-13 -2.72584e-11 0.16227 2.19697e-18 
1.44952e-11 1.61837e-11 0.0303493 5.0296 -3.3455e-13 -2.72584e-11 0.17368 2.18419e-18 
1.44952e-11 1.61837e-11 0.0303493 5.0296 -3.37215e-13 -2.72584e-11 0.185077 2.19155e-18 
1.44952e-11 1.61837e-11 0.0303493 5.0296 -3.39875e-13 -2.72584e-11 0.196459 2.18325e-18 
1.44952e-11 1.61837e-11 0.0303493 5.0296 -3.42532e-13 -2.72584e-11 0.207822 2.1871e-18 
1.44952e-11 1.61837e-11 0.0303493 5.0296 -3.45184e-13 -2.72584e-11 0.219165 2.18099e-18 
1.44952e-11 1.61837e-11 0.0303493 5.0296 -3.47831e-13 -2.72584e-11 0.230488 2.18225e-18 
1.44952e-11 1.61837e-11 0.0303493 5.0296 -3.50473e-13 -2.72584e-11 0.241789 2.17959e-18 
1.44952e-11 1.61837e-11 0.0303493 5.0296 -3.53111e-13 -2.72584e-11 0.253072 2.18693e-18 
1.44952e-11 1.61837e-11 0.0303493 5.0296 -3.55745e-13 -2.72584e-11 0.264338 2.20076e-18 
1.44952e-11 1.61837e-11 0.0303493 5.0296 -3.58375e-13 -2.72584e-11 0.275587 2.19536e-18 
1.44952e-11 1.61837e-11 0.0303493 5.0296 -3.61001e-13 -2.72584e-11 0.286821 2.18904e-18 
1.44952e-11 1.61837e-11 0.0303493 5.0296 -3.63623e-13 -2.72584e-11 0.298035 2.17964e-18 
1.44952e-11 1.61837e-11 0.0303493 5.0296 -3.66236e-13 -2.72584e-11 0.309211 2.18636e-18 
1.44952e-11 1.61837e-11 0.0303493 5.0296 -3.68831e-13 -2.72584e-11 0.320312 2.17237e-18 
1.44952e-11 1.61837e-11 0.0303493 5.0296 -3.71399e-13 -2.72584e-11 0.331297 2.18709e-18 
1.44953e-11 1.61841e-11 0.0303493 5.0296 -3.73931e-13 -2.72584e-11 0.342127 2.18e-18 
4.01969e-11 1.48182e-10 0.0303493 5.0296 1.19558e-12 1.80392e-10 0.352535 2.45958e-15 
56.0675 278.262 1.33991 5 -1.4 6.28 0.362505 -2.5771e-15 
1407.26 1775.62 294.84 5.0296 2.18679e-15 3.46813e-15 0.369 0 
1407.26 1775.62 294.84 5.0296 2.18679e-15 3.46813e-15 0.369 0 
1435.02 1840.16 298.503 5 -0.709879 -2.30054 1.15369 -0.729937 
1463.73 1806.72 271.938 25.6514 0.607382 -6.28 -0.176776 0.0150485 
1418.44 1603.87 300.06 5 0.108578 -6.28 0.483339 0.0109415 
1446.44 1400.97 308.349 5 0.108578 -6.28 0.483339 0.0206809 
1475.15 1198.06 316.639 5 0.108578 -6.28 0.483339 0.0074553 
1504.57 995.159 324.928 5 0.108578 -6.28 0.483339 0.0852168 
1534.69 792.254 333.218 5 0.108578 -6.28 0.483339 0.212924 
1565.53 589.349 341.507 5 0.108578 -6.28 0.483339 0.508184 
1597.07 386.444 349.797 5 0.108578 -6.28 0.483339 0.732171 
1629.32 183.539 358.086 5 0.108578 -5.82517 0.48334 0.835912 
1662.29 0.00357158 366.375 5 0.10858 -1.56159 0.483339 5.00979e-05 
1696.11 -1.96158 374.665 5 0.10858 -1.50164 0.483339 2.42316e-05 
1730.64 -1.37398 382.954 5 0.10858 -1.51613 0.483339 -2.15077e-06 
1765.88 -1.40317 391.244 5 0.10858 -1.51609 0.483339 0.000139024 
1801.82 -1.43097 399.534 5 0.10858 -1.51612 0.483337 0.000255802 
1838.48 -1.45999 407.823 5 0.108568 -1.51614 0.483547 0.000134619 
1875.84 -1.48982 416.112 5 0.10989 -1.51644 0.460759 1.13153e-05 
1913.9 -1.5325 424.457 5 -0.0338045 -1.5159 0.541914 -1.71427e-05 
1952.81 -1.55211 426.683 5 -0.0554578 -1.51617 0.860184 -3.7435e-05 
1991.92 -1.58323 423.381 5 -0.0545118 -1.51618 0.843878 1.4681e-05 
2030.74 -1.61467 420.118 5 -0.0535657 -1.51613 0.827571 -6.97488e-06 
2069.29 -1.64424 416.896 5 -0.0526197 -1.51614 0.811265 7.32526e-05 
2107.56 -1.67408 413.714 5 -0.0516737 -1.51609 0.794959 6.10804e-07 
2145.56 -1.70195 410.573 5 -0.0507276 -1.51616 0.778653 1.68714e-05 
2183.29 -1.73256 407.472 5 -0.0497816 -1.51618 0.762347 -8.2878e-08 
2220.76 -1.764 404.411 5 -0.0488356 -1.51612 0.746041 2.81117e-05 
2257.96 -1.79297 401.39 5 -0.0478895 -1.51621 0.729735 -9.50833e-06 
2294.91 -1.82566 398.41 5 -0.0469435 -1.51642 0.713429 -4.92148e-06 
2331.59 -1.86752 395.47 5 -0.0459975 -1.51579 0.697122 -3.55764e-05 
2368.03 -1.88265 392.57 5 -0.0450514 -1.51612 0.680816 3.24132e-06 
2404.22 -1.91147 389.71 5 -0.0441054 -1.51606 0.66451 3.89026e-06 
2440.17 -1.93778 386.891 5 -0.0431594 -1.51616 0.648204 3.3297e-06 
2475.87 -1.96836 384.112 5 -0.0422133 -1.51605 0.631898 2.62165e-05 
2511.34 -1.99428 381.373 5 -0.0412673 -1.51606 0.615592 3.06352e-05 
2546.57 -2.02056 378.675 5 -0.0403213 -1.51595 0.599286 -6.89206e-06 
2581.57 -2.04216 376.017 5 -0.0393752 -1.51633 0.58298 6.25483e-06 
2616.34 -2.08017 373.399 5 -0.0384292 -1.51598 0.566673 -2.78072e-06 
2650.89 -2.10329 370.822 5 -0.0374832 -1.51604 0.550367 -3.34086e-06 
2685.22 -2.12869 368.285 5 -0.0365371 -1.51655 0.534061 -0.000212046 
2719.33 -2.17591 365.788 5 -0.0355915 -2.24891 0.517755 -0.00820717 
2753.2 -33.4115 363.331 5 -0.0346456 -2.54007 0.501449 0.172265 
2786.85 -77.047 360.915 5 -0.0400707 0.166989 0.485143 0.150857 
2820.39 -5.39858 358.267 5.20647 -0.0433485 2.82828 0.468837 0.129449 
2853.1 179.585 355.466 5.49254 -0.0446674 5.44372 0.452531 0.0426554 
2884.68 479.322 352.589 5.77265 -0.0342286 6.28 0.436224 0.00068915 
2915.07 815.91 350.138 5.66747 -0.0150269 6.28 0.419918 -2.3897e-05 
2945.6 1152.5 348.512 5 -0.14294 6.28 0.403612 -1.09545e-05 
2978.38 1489.08 341.483 8.69277 -1.02593 6.28 0.387306 -0.0120863 
2998.71 1825.68 296.6 40 -0.09 3.99226 0.369 0 
2998.71 1825.68 296.6 40 -0.09 3.99226 0.369 0 
2948.68 1959.97 298.779 31.8076 1.4 -1.03863 0.15078 -0.172424 
2914.34 1968.27 338.597 5 0.340159 -6.27999 -0.176775 0.000159839 
2936.22 1845.28 352.953 5 0.339485 -6.27999 -0.165163 0.000673276 
2958.82 1722.29 367.291 5 0.338812 -6.27999 -0.153551 0.000730655 
2982.13 1599.3 381.612 5 0.338138 -6.27999 -0.141939 0.00214332 
3006.17 1476.32 395.917 5 0.337464 -6.27999 -0.130326 0.00927907 
3030.92 1353.33 410.205 5 0.33679 -6.27999 -0.118714 0.00621083 
3056.4 1230.34 424.476 5 0.336117 -6.27999 -0.107102 0.010813 
3082.58 1107.35 438.73 5 0.335443 -6.27999 -0.0954896 0.00264069 
3109.49 984.362 452.967 5 -0.0357914 -6.27999 0.0593355 0.00409156 
3137.29 861.374 457.908 5 -0.256312 -6.27999 0.990632 0.00108391 
3165.45 738.385 447.254 5 -0.255366 -6.27999 0.974326 0.000828143 
3193.08 615.397 436.624 5 -0.25442 -6.27999 0.95802 0.00263744 
3220.17 492.408 426.018 5 -0.253474 -6.27999 0.941714 0.0038387 
3246.74 369.42 415.436 5 -0.252528 -6.27998 0.925408 0.0022028 
3272.76 246.432 404.877 5 -0.251582 -6.27997 0.909102 0.00566783 
3298.26 123.444 394.342 5 -0.250636 -6.27996 0.892796 0.00184186 
3323.23 0.455856 383.83 5 -0.249687 -1.49205 0.87649 -3.08898e-05 
3347.77 -2.64085 373.342 5 -0.248741 -1.36948 0.860184 -7.83985e-06 
3371.78 -2.66814 362.878 5 -0.247795 -1.36903 0.843878 1.18198e-05 
3395.27 -2.68431 352.438 5 -0.246849 -1.36931 0.827571 6.13146e-06 
3418.24 -2.70738 342.021 5 -0.245903 -1.36885 0.811265 7.20799e-06 
3440.68 -2.71897 331.628 5 -0.244957 -1.36907 0.794959 4.44102e-06 
3462.6 -2.73608 321.259 5 -0.244011 -1.37022 0.778653 -1.60636e-05 
3483.99 -2.78192 310.913 5 -0.243065 -1.3738 0.762347 3.04477e-05 
3504.87 -2.91738 300.591 5 -0.242119 -1.36385 0.746041 -1.78436e-05 
3525.23 -2.80388 290.293 5 -0.241173 -1.36887 0.729735 -4.21422e-06 
3545.08 -2.81597 280.019 5 -0.240227 -1.3694 0.713429 -8.05063e-08 
3564.4 -2.84144 269.768 5 -0.239281 -1.36857 0.697122 -3.19249e-06 
3583.22 -2.84599 259.541 5 -0.238335 -1.36905 0.680816 -1.62824e-06 
3601.51 -2.86274 249.337 5 -0.237389 -1.36893 0.66451 -1.36717e-06 
3619.3 -2.87641 239.157 5 -0.236443 -1.36885 0.648204 -2.02514e-06 
3636.58 -2.88795 229.001 5 -0.235496 -1.37032 0.631898 -3.33418e-05 
3653.34 -2.93634 218.869 5 -0.234551 -2.18594 0.615592 -0.000162748 
3669.58 -23.4082 208.76 5 -0.233603 1.64628 0.599286 -0.0483091 
3685.39 52.0801 198.675 5 -0.232654 6.28 0.58298 -0.163446 
3700.78 252.328 188.614 5 -0.231708 6.28 0.566673 -0.108712 
3715.67 453.92 178.577 5 -0.230762 6.28 0.550367 0.000921295 
3730.06 655.511 168.563 5 -0.229816 6.28 0.534061 0.00167244 
3743.94 857.103 158.573 5 -0.22887 6.28 0.517755 0.00354481 
3757.32 1058.69 148.606 5 -0.227924 6.28 0.501449 0.000109396 
3770.2 1260.29 138.663 5 -0.226978 6.28 0.485143 -9.05163e-06 
3782.58 1461.88 128.744 5 -0.226032 6.28 0.468837 -6.756e-06 
3794.47 1663.47 118.849 5 -0.225086 6.28 0.452531 -4.79806e-06 
3805.85 1865.06 108.977 5 -0.22414 6.28 0.436224 -3.14146e-06 
3816.74 2066.65 99.129 5 -0.223194 6.28 0.419918 -1.80405e-06 
3827.14 2268.24 89.3047 5 -1.00914 6.28 0.403612 -8.2793e-07 
3837.43 2469.83 59.7999 19.991 -1.4 6.28 0.387306 -0.0162511 
3816.37 2671.45 19.9062 40 -0.0110858 1.26061 0.369 0 
1845.98 1467.48 1717.18 29.9941 0.741874 0 0.0538135 0 
1845.98 1467.48 1717.18 29.9941 0.741874 2.42153e-10 0.0538134 1.41935e-05 
1845.98 1467.48 1717.18 29.9941 0.741338 0.0101925 0.0538136 -5.77198e-05 
2341.02 1491.32 1691.11 30.1526 0.737304 0.022922 0.053412 -0.000657045 
2022.91 1951.35 1704.36 30.0872 0.739225 0.0127915 0.0535775 -0.000385987 
1940.25 2220.08 1713.95 30.0176 0.741205 0.00323132 0.0537539 -9.75258e-05 
1920.03 2287.97 1716.38 30 0.741708 0.000804625 0.0537987 -2.42521e-05 
1915.07 2304.85 1716.98 29.9956 0.741832 0.000203911 0.0538098 -6.11008e-06 
1913.86 2309.11 1717.12 29.9945 0.741863 5.61922e-05 0.0538125 -1.64639e-06 
1913.56 2310.25 1717.16 29.9942 0.74187 2.02349e-05 0.0538132 -5.56779e-07 
1913.48 2310.64 1717.17 29.9942 0.741872 1.18833e-05 0.0538133 -3.00317e-07 
1913.46 2310.85 1717.17 29.9942 0.741872 1.03767e-05 0.0538134 -2.49906e-07 
1913.46 2311.02 1717.17 29.9942 0.741872 1.06362e-05 0.0538134 -2.52275e-07 
1913.46 2311.19 1717.17 29.9942 0.741872 1.13992e-05 0.0538133 -2.69156e-07 
1913.46 2311.38 1717.17 29.9942 0.741872 1.23749e-05 0.0538133 -2.91685e-07 
1913.46 2311.58 1717.17 29.9942 0.741872 1.35006e-05 0.0538133 -3.17948e-07 
1913.46 2311.8 1717.17 29.9942 0.741872 1.47674e-05 0.0538133 -3.47426e-07 
1913.46 2312.04 1717.17 29.9942 0.741871 1.62005e-05 0.0538133 -3.8065e-07 
1913.46 2312.31 1717.16 29.9942 0.741871 1.78414e-05 0.0538133 -4.18926e-07 
1913.46 2312.6 1717.16 29.9942 0.741871 1.96874e-05 0.0538132 -4.61631e-07 
1913.45 2312.92 1717.16 29.9942 0.74187 2.18129e-05 0.0538132 -5.10799e-07 
1913.45 2313.27 1717.16 29.9942 0.74187 2.42601e-05 0.0538132 -5.67422e-07 
1913.45 2313.67 1717.16 29.9942 0.741869 2.7077e-05 0.0538131 -6.32349e-07 
1913.45 2314.1 1717.15 29.9943 0.741869 3.03527e-05 0.0538131 -7.07734e-07 
1913.45 2314.59 1717.15 29.9943 0.741868 3.41795e-05 0.053813 -7.95589e-07 
1913.45 2315.15 1717.15 29.9943 0.741868 3.86785e-05 0.053813 -8.98604e-07 
1913.45 2315.77 1717.14 29.9943 0.741867 4.40057e-05 0.0538129 -1.02022e-06 
1913.45 2316.48 1717.14 29.9944 0.741866 5.03643e-05 0.0538128 -1.16502e-06 
1913.45 2317.28 1717.13 29.9944 0.741864 5.80017e-05 0.0538127 -1.33823e-06 
1913.44 2318.21 1717.12 29.9945 0.741863 6.72757e-05 0.0538126 -1.54773e-06 
1913.44 2319.28 1717.11 29.9945 0.741861 7.86502e-05 0.0538124 -1.80363e-06 
1913.44 2320.53 1717.1 29.9946 0.741859 9.27453e-05 0.0538123 -2.11914e-06 
1913.44 2322 1717.08 29.9947 0.741856 0.000110431 0.053812 -2.51259e-06 
1913.43 2323.74 1717.06 29.9948 0.741852 0.00013296 0.0538117 -3.01061e-06 
1913.42 2325.83 1717.04 29.9949 0.741848 0.000162094 0.0538114 -3.64937e-06 
1913.42 2328.36 1717 29.9951 0.741842 0.000200491 0.0538109 -4.48317e-06 
1913.41 2331.46 1716.96 29.9954 0.741834 0.000252205 0.0538103 -5.59276e-06 
1913.39 2335.34 1716.89 29.9957 0.741823 0.00032369 0.0538094 -7.10301e-06 
1913.37 2340.26 1716.8 29.9962 0.741807 0.000425733 0.0538082 -9.21483e-06 
1913.34 2346.65 1716.67 29.9969 0.741784 0.000577409 0.0538064 -1.22641e-05 
1913.3 2355.15 1716.46 29.9979 0.74175 0.000815094 0.0538038 -1.6847e-05 
1913.23 2366.82 1716.1 29.9995 0.741696 0.00121415 0.0537998 -2.40966e-05 
1913.11 2383.52 1715.46 30.0022 0.741601 0.00194461 0.0537931 -3.63716e-05 
1912.88 2408.72 1714.15 30.007 0.741421 0.00341704 0.0537809 -5.91705e-05 
1912.4 2449.71 1711.28 30.0168 0.741043 0.00665058 0.053756 -0.000106451 
1911.33 2523.46 1704.64 30.0377 0.740209 0.0141279 0.0537029 -0.000209074 
1908.77 2668.24 1688.54 30.065 0.738698 0.0322226 0.0536336 -0.000370217 
1900.97 2924.38 1639.48 29.9893 0.737511 0.0872432 0.0538237 -0.000220337 
1871.32 3110.75 1420.39 29.3434 0.737113 0.369844 0.0553658 -0.00102795 
3536.61 2269.03 223.5 22.6214 3.51755e-05 0.112627 0.0528135 0 
3536.61 2269.03 223.5 22.6214 3.51755e-05 0.112627 0.0528135 0 
3498.39 2346.43 221.946 21.3186 0.464166 1.82081 -0.188388 -1.01149 
3464.37 2500.63 241.353 5 -0.634176 -2.36714 1.13739 -0.923498 
3491.73 2466.49 212.554 24.953 -0.140848 -6.17854 -0.165163 -0.00525292 
3444.03 2261.04 204.497 24.77 -0.139954 -6.22589 -0.153551 0.00312214 
3396.25 2053.47 196.494 24.587 -0.139061 -6.22251 -0.141939 0.00280485 
3348.42 1846.05 188.545 24.404 -0.138167 -6.22014 -0.130326 0.00286279 
3300.53 1638.73 180.648 24.2211 -0.137274 -6.21737 -0.118714 0.00291624 
3252.59 1431.53 172.805 24.0381 -0.13638 -6.21418 -0.107102 0.00294701 
3204.59 1224.48 165.015 23.8551 -0.135487 -6.21065 -0.0954898 0.00298377 
3156.56 1017.59 157.279 23.6722 -0.134593 -6.20673 -0.0838775 0.00303338 
3108.49 810.873 149.596 23.4892 -0.1337 -6.20235 -0.0722653 0.00309718 
3060.38 604.353 141.966 23.3062 -0.132806 -6.19741 -0.060653 0.00317844 
3012.24 398.054 134.39 23.1232 -0.131913 -6.19179 -0.0490408 0.00328243 
2964.08 192.007 126.867 22.9403 -0.131019 -6.18536 -0.0374285 0.00341649 
2915.9 -13.751 119.398 22.7573 -0.130126 -6.17792 -0.0258163 0.00359109 
2867.71 -219.175 111.981 22.5743 -0.129232 -6.1692 -0.014204 0.00382182 
2819.51 -424.208 104.619 22.3914 -0.128339 -6.15885 -0.0025918 0.00413271 
2771.3 -628.776 97.3091 22.2084 -0.127445 -6.14634 0.00902044 0.00455779 
2723.09 -832.782 90.053 22.0254 -0.126551 -6.13091 0.0206327 0.00510511 
2674.89 -1036.09 82.8503 21.8424 -0.125658 -6.11167 0.0322449 0.00568616 
2626.7 -1238.54 75.7009 21.6595 -0.124772 -6.08785 0.0438572 0.00725972 
2578.53 -1439.92 68.6045 21.4767 -0.123881 -6.05259 0.0554694 0.0125429 
2530.37 -1639.71 61.5614 21.294 -0.122883 -5.99059 0.0670817 0.00311627 
2482.24 -1836.72 54.5763 21.1077 -0.121784 -5.99006 0.0786939 0.110466 
2434.15 -2033.7 47.654 20.9153 -0.12214 -5.26034 0.0903062 0.286171 
2386.15 -2197.88 40.7296 20.7684 -0.126435 -3.4632 0.101918 0.341383 
2338.13 -2281.25 33.6227 20.7885 -0.115078 -1.3019 0.113531 0.340929 
2289.47 -2267.45 27.0249 20.3912 -0.017799 0.919348 0.125143 0.310967 
2241.63 -2153.79 27.8732 20.2082 -0.016903 3.03974 0.136755 0.245345 
2194.6 -1944.79 29.1798 20.0253 -0.0160084 4.84971 0.148367 0.119121 
2148.42 -1654.41 30.5398 19.8423 -0.0151143 5.91334 0.15998 0.00347382 
2103.05 -1316.21 31.9532 19.6593 -0.0142207 5.99143 0.171592 0.00991603 
2058.47 -974.508 33.42 19.4763 -0.0133271 6.03064 0.183204 0.00297116 
2014.69 -631.038 34.9401 19.2934 -0.0124336 6.08288 0.194816 0.000138679 
1971.7 -285.22 36.5136 19.1104 -0.0115401 6.10783 0.206429 0.000373668 
1929.51 61.7187 38.1404 18.9274 -0.0106466 6.12622 0.218041 0.000235068 
1888.13 409.484 39.8206 18.7445 -0.00975308 6.14227 0.229653 8.97833e-07 
1847.55 757.97 41.5542 18.5615 -0.00885924 6.15554 0.241265 -0.000122554 
1807.8 1107.05 43.3411 18.3785 -0.00796461 6.16648 0.252878 -0.000170683 
1768.86 1456.63 45.1814 18.1955 -0.00707418 6.17564 0.26449 -0.000180932 
1730.75 1806.61 47.075 18.0126 -0.00620283 6.18343 0.276102 -0.000170552 
1693.46 2156.95 49.0209 17.8304 -0.00529901 6.19014 0.287714 -0.000148375 
1657.01 2507.58 51.0206 17.6477 -0.00405078 6.19598 0.299327 -0.000120174 
1621.4 2858.48 53.0896 17.4527 -0.00272772 6.20111 0.310939 -9.01753e-05 
1586.67 3209.61 55.2321 17.2466 -0.00652937 6.20566 0.322551 -6.15256e-05 
1552.88 3560.94 57.2185 17.2079 -0.0199475 6.20971 0.334163 -3.66222e-05 
1519.42 3912.46 58.6044 17.6164 0.0288231 6.21334 0.345776 -2.46587e-05 
1484.57 4264.13 62.1537 16.2139 0.326996 6.21223 0.357388 -0.000563282 
1454.83 4615.76 79.21 5 0.0899996 5.30253 0.369 0 
1454.83 4615.76 79.21 5 0.0899996 5.30253 0.369 0 
1462.39 4706.85 80.3705 5 -1.32277 4.84124 0.917783 -1.02859 
1470.36 4791.8 62.7082 18.9977 -0.691413 3.62225 0.458669 -1.00718 
1462.73 4860.52 53.159 24.7208 -0.145866 2.41836 -0.165162 -0.985775 
1448.58 4913.2 50.7574 24.7837 -0.128812 1.22957 -0.15355 -0.964367 
1434.28 4950.05 49.5092 24.6614 -0.0809824 0.0559223 -0.141938 -0.942959 
1420.05 4971.26 48.9012 24.0584 -0.0262292 -1.10259 -0.130326 -0.921551 
1406.42 4977.03 49.0358 23.8754 -0.025336 -2.24596 -0.118714 -0.900142 
1392.98 4967.57 49.1862 23.6924 -0.0244441 -3.37417 -0.107101 -0.878734 
1379.72 4943.08 49.3524 23.5095 -0.0235518 -4.48722 -0.095489 -0.857325 
1366.66 4903.75 49.5344 23.3265 -0.0226582 -5.58509 -0.0838768 -0.563065 
1353.78 4849.8 49.7322 23.1435 -0.0217638 -6.28 -0.0722646 0.00213327 
1341.09 4786.59 49.9459 22.9606 -0.0208695 -6.28 -0.0606523 0.00209036 
1328.61 4723.38 50.1754 22.7776 -0.0199761 -6.28 -0.0490401 0.00204574 
1316.33 4660.18 50.4207 22.5946 -0.0190834 -6.28 -0.0374278 0.00199935 
1304.24 4596.97 50.6819 22.4117 -0.0181909 -6.28 -0.0258156 0.00195115 
1292.36 4533.76 50.9588 22.2287 -0.0172968 -6.28 -0.0142033 0.0019011 
1280.69 4470.55 51.2515 22.0458 -0.0163999 -6.28 -0.00259108 0.00184915 
1269.21 4407.34 51.5602 21.8628 -0.0155011 -6.28 0.00902116 0.00179528 
1257.94 4344.13 51.8847 21.6797 -0.0146045 -6.28 0.0206334 0.00173946 
1246.87 4280.92 52.225 21.4967 -0.0137168 -6.28 0.0322457 0.00168168 
1236.01 4217.71 52.5811 21.3137 -0.0128405 -6.28 0.0438579 0.00162194 
1225.35 4154.5 52.9528 21.1308 -0.0119672 -6.28 0.0554702 0.00156025 
1214.9 4091.29 53.34 20.9482 -0.0110742 -6.28 0.0670824 0.00149665 
1204.65 4028.08 53.743 20.7656 -0.0101376 -6.28 0.0786946 0.00143117 
1194.61 3964.86 54.1624 20.5825 -0.00916115 -6.28 0.0903069 0.00136391 
1184.77 3901.65 54.5987 20.3985 -0.00820392 -6.28 0.101919 0.00129496 
1175.14 3838.44 55.0517 20.214 -0.00737019 -6.28 0.113531 0.00122445 
1165.72 3775.23 55.5198 20.0302 -0.00672882 -6.28 0.125144 0.00115253 
1156.51 3712.02 56.0003 19.8491 -0.00618345 -6.28 0.136756 0.0010794 
1147.51 3648.81 56.492 19.6713 -0.00540126 -6.28 0.148368 0.00100531 
1138.7 3585.6 56.9978 19.4943 -0.0039606 -6.28 0.15998 0.000930539 
1130.1 3522.38 57.5267 19.3111 -0.00178637 -6.28 0.171593 0.000855398 
1121.71 3459.17 58.0884 19.115 0.000345512 -6.28 0.183205 0.00078025 
1113.54 3395.96 58.6827 18.9075 0.000799138 -6.28 0.194817 0.000705497 
1105.61 3332.75 59.2875 18.7065 -0.00183942 -6.28 0.206429 0.000631589 
1097.92 3269.53 59.8615 18.543 -0.00668968 -6.28 0.218042 0.000559036 
1090.41 3206.32 60.3743 18.4359 -0.00900116 -6.28 0.229654 0.000488399 
1083.03 3143.11 60.8586 18.3548 -0.0016778 -6.28 0.241266 0.000420269 
1075.75 3079.9 61.4422 18.1996 0.0183973 -6.28 0.252878 0.000355239 
1068.64 3016.68 62.2966 17.8476 0.0416817 -6.28 0.264491 0.000293879 
1061.93 2953.47 63.4687 17.2833 0.0432794 -6.28 0.276103 0.000236757 
1055.85 2890.26 64.6741 16.745 -0.00326284 -6.28 0.287715 0.000184476 
1050.39 2827.04 65.271 16.7184 -0.0939111 -6.28 0.299327 0.00013769 
1045 2763.83 64.6607 17.6061 -0.163389 -6.28 0.31094 9.70453e-05 
1038.66 2700.61 63.1057 19.1141 -0.0966268 -6.28 0.322552 6.30728e-05 
1030.65 2637.4 62.4081 19.8077 0.182537 -6.28 0.334164 3.61257e-05 
1021.81 2574.19 65.415 17.6045 0.56796 -6.28 0.345776 1.64513e-05 
1015.3 2510.98 73.6041 11.6789 0.692355 -6.28 0.357389 0.000681653 
1015.3 2447.76 83.5771 5.00001 0.0899983 -6.01485 0.369 0 
1015.3 2447.76 83.5771 5.00001 0.0899983 -6.01485 0.369 0 
1017.29 2433.78 84.0745 5 -0.0249299 -5.90477 1.00865 1.02859 
1019.3 2420.14 84.2075 5.18768 0.163451 -5.61442 0.41554 1.00718 
1021.24 2407.43 84.9368 5.00009 0.075905 -5.32778 0.611638 0.985775 
1023.25 2395.62 85.3895 5.00011 0.0759134 -5.04486 0.611617 0.964366 
1025.25 2384.72 85.8423 5.00011 0.0759122 -4.76565 0.611621 0.942958 
1027.26 2374.69 86.295 5.00011 0.0759125 -4.49016 0.611621 0.92155 
1029.28 2365.54 86.7477 5.00011 0.0759126 -4.21839 0.611621 0.900142 
1031.3 2357.26 87.2005 5.00011 0.0759127 -3.95033 0.611621 0.878734 
1033.32 2349.82 87.6532 5.00011 0.0759128 -3.68599 0.611622 0.857325 
1035.34 2343.22 88.1059 5.00011 0.0759129 -3.42537 0.611622 0.835917 
1037.37 2337.44 88.5587 5.00011 0.075913 -3.16847 0.611622 0.814509 
1039.41 2332.49 89.0114 5.00011 0.0759131 -2.91529 0.611623 0.793101 
1041.44 2328.33 89.4641 5.00011 0.0759132 -2.66583 0.611623 0.771693 
1043.48 2324.96 89.9169 5.00011 0.0759133 -2.42008 0.611623 0.750284 
1045.52 2322.38 90.3696 5.00011 0.0759133 -2.17806 0.611624 0.728876 
1047.57 2320.56 90.8223 5.00011 0.0759134 -1.93976 0.611624 0.707468 
1049.62 2319.5 91.2751 5.00011 0.0759135 -1.70518 0.611624 0.68606 
1051.67 2319.18 91.7278 5.00011 0.0759136 -1.47432 0.611625 0.664652 
1053.73 2319.59 92.1805 5.00011 0.0759137 -1.24718 0.611625 0.643243 
1055.79 2320.72 92.6333 5.00011 0.0759138 -1.02377 0.611625 0.621835 
1057.85 2322.56 93.086 5.00011 0.0759138 -0.804082 0.611626 0.600427 
1059.92 2325.1 93.5387 5.00011 0.0759139 -0.588117 0.611626 0.579019 
1061.99 2328.32 93.9915 5.00011 0.075914 -0.375876 0.611627 0.55761 
1064.07 2332.22 94.4442 5.00011 0.0759141 -0.167359 0.611625 0.536202 
1066.14 2336.77 94.8969 5.00011 0.0759135 0.037432 0.611638 0.514794 
1068.22 2341.98 95.3497 5.00011 0.0759187 0.238497 0.611549 0.493386 
1070.31 2347.82 95.8024 5.00011 0.0758815 0.435837 0.612191 0.471977 
1072.4 2354.29 96.2551 5.00011 0.0761486 0.629449 0.607588 0.450569 
1074.49 2361.37 96.7085 5.00011 0.0742346 0.819334 0.640584 0.429161 
1076.58 2369.06 97.156 5.00011 0.087953 1.00549 0.404379 0.407753 
1078.68 2377.33 97.6469 5.00007 -0.0102349 1.18792 0.160207 0.386344 
1080.78 2386.19 97.8265 5.27105 -0.223735 1.36662 0.512447 0.364936 
1082.84 2395.61 97.3278 6.00214 -0.261441 1.5416 0.631828 0.343528 
1084.7 2405.58 96.7058 6.79236 -0.220488 1.71284 0.615565 0.322119 
1086.36 2416.1 96.2097 7.46976 -0.163646 1.88035 0.599271 0.300711 
1087.85 2427.15 95.8903 7.99832 -0.094383 2.04414 0.58297 0.279302 
1089.19 2438.72 95.7879 8.35117 -0.0172212 2.20419 0.566666 0.257894 
1090.43 2450.79 95.9283 8.51289 0.0625308 2.36051 0.550361 0.236485 
1091.63 2463.36 96.3208 8.48118 0.139121 2.5131 0.534056 0.215077 
1092.84 2476.42 96.9562 8.26765 0.206752 2.66195 0.517751 0.193668 
1094.1 2489.95 97.8072 7.89769 0.259996 2.80707 0.501445 0.172259 
1095.46 2503.93 98.8288 7.40921 0.294206 2.94846 0.485139 0.15085 
1096.95 2518.37 99.9614 6.85059 0.305896 3.08611 0.468833 0.12944 
1098.59 2533.24 101.134 6.27759 0.293042 3.22003 0.452527 0.108029 
1100.38 2548.54 102.269 5.74972 0.255304 3.35021 0.43622 0.0866174 
1102.31 2564.25 103.286 5.32606 0.19413 3.47666 0.419914 0.0652016 
1104.36 2580.36 104.112 5.061 0.112739 3.59936 0.403607 0.0437705 
1106.49 2596.85 104.681 5.00002 0.0159681 3.71833 0.387299 -1.27673e-05 
1108.65 2613.73 104.944 5.11105 -0.0899965 3.71722 0.369 0 
1108.65 2613.73 104.944 5.11105 -0.0899965 3.71722 0.369 0 
1118.85 2703.92 103.977 6.86626 -1.2562 3.70891 1.15369 -0.982862 
1127.01 2793.98 83.0615 22.9236 -0.115159 2.7793 -0.04845 0.915771 
1112.1 2868.19 81.1782 23.2867 0.482324 3.64659 -0.165163 0.862325 
1096.44 2957.2 89.4809 15.9926 0.829004 4.46565 -0.153551 0.598476 
1090.92 3060.17 103.899 5 0.019144 5.03492 0.834456 -0.397417 
1101.22 3172.85 104.798 5 0.0191437 4.6642 0.834457 -0.46755 
1111.54 3279.21 105.697 5 0.0191435 4.22694 0.834457 -0.524596 
1121.88 3378.1 106.595 5 0.0191432 3.73541 0.834457 -0.560388 
1132.25 3468.61 107.494 5 0.0191429 3.20962 0.834457 -0.581032 
1142.65 3550.14 108.393 5 0.0191427 2.66384 0.834457 -0.590726 
1153.06 3622.36 109.292 5 0.0191424 2.10841 0.834457 -0.592363 
1163.5 3685.1 110.19 5 0.0191421 1.55094 0.834457 -0.58791 
1173.96 3738.32 111.089 5 0.0191418 0.99718 0.834457 -0.578704 
1184.45 3782.1 111.988 5 0.0191415 0.451652 0.834457 -0.565653 
1194.96 3816.57 112.887 5 0.0191412 -0.081995 0.834457 -0.549356 
1205.49 3841.93 113.785 5 0.0191409 -0.600667 0.834457 -0.530173 
1216.05 3858.44 114.684 5 0.0191408 -1.10161 0.834455 -0.508257 
1226.63 3866.4 115.583 5 0.0191365 -1.5822 0.834525 -0.483576 
1237.23 3866.16 116.482 5 0.0193094 -2.0398 0.831539 -0.45592 
1247.86 3858.11 117.383 5 0.0118697 -2.47157 0.829314 -0.424914 
1258.52 3842.7 118.158 5.09826 -0.0010921 -2.8743 0.827571 -0.435481 
1269.07 3820.41 118.709 5.35519 -0.00234684 -3.28756 0.811265 -0.424797 
1279.28 3791.07 119.231 5.61212 -0.00360169 -3.69115 0.794959 -0.393469 
1289.15 3754.84 119.725 5.86905 -0.0048572 -4.06535 0.778653 -0.350557 
1298.68 3712.23 120.19 6.12599 -0.00611342 -4.39911 0.762347 -0.305281 
1307.87 3663.92 120.627 6.38294 -0.00736892 -4.69018 0.746041 -0.26298 
1316.72 3610.64 121.036 6.6399 -0.00862084 -4.94139 0.729735 -0.223563 
1325.24 3553.08 121.416 6.89682 -0.00986824 -5.15545 0.713428 -0.185604 
1333.41 3491.87 121.768 7.15364 -0.0111177 -5.33372 0.697122 -0.149427 
1341.24 3427.61 122.091 7.41041 -0.0123846 -5.47786 0.680816 -0.116733 
1348.73 3360.9 122.386 7.66736 -0.0136776 -5.59114 0.66451 -0.089015 
1355.87 3292.25 122.652 7.9248 -0.0149679 -5.67825 0.648204 -0.0667149 
1362.68 3222.11 122.888 8.18264 -0.0161754 -5.74431 0.631898 -0.0493969 
1369.13 3150.85 123.097 8.43977 -0.0172363 -5.79401 0.615592 -0.036247 
1375.25 3078.74 123.281 8.69437 -0.0182688 -5.8313 0.599286 -0.0264039 
1381.02 3006 123.44 8.94633 -0.0196841 -5.85929 0.582979 -0.0190805 
1386.45 2932.77 123.569 9.20094 -0.0218984 -5.88036 0.566673 -0.0136009 
1391.54 2859.19 123.652 9.46826 -0.0244696 -5.89627 0.550367 -0.00942051 
1396.27 2785.34 123.684 9.75152 -0.0253346 -5.90822 0.534061 -0.00613214 
1400.61 2711.28 123.694 10.0268 -0.0219512 -5.91706 0.517755 -0.00345461 
1404.57 2637.07 123.754 10.2398 -0.0156962 -5.92336 0.501449 -0.00121751 
1408.24 2562.76 123.915 10.3602 -0.0166916 -5.92752 0.485143 0.000644307 
1411.75 2488.37 124.056 10.4924 -0.0397635 -5.92988 0.468837 0.00209156 
1415.1 2413.95 123.799 10.9218 -0.0825574 -5.93082 0.452531 0.00300376 
1417.86 2339.5 122.8 11.8712 -0.0966437 -5.9308 0.436224 0.00324849 
1419.3 2265.06 121.535 12.9103 0.00148449 -5.93044 0.419918 0.0027868 
1419.24 2190.63 121.916 12.5721 0.22405 -5.93035 0.403612 0.00177446 
1419.58 2116.2 126.105 9.3942 0.345901 -5.93105 0.387306 0.000621524 
1424.36 2041.75 132.459 5 -0.0899997 -5.93262 0.369 0 
1424.36 2041.75 132.459 5 -0.0899997 -5.93262 0.369 0 
1448.16 1880.17 132.278 6.79238 -0.743891 -6.26498 1.15369 1.01729 
1467.15 1706.43 108.066 25.0928 0.695213 -2.29591 -0.176776 0.993952 
1429.78 1677.96 135.437 5 0.106833 1.62781 0.490205 0.955602 
1453.87 1793.01 142.457 5 0.106835 5.4455 0.490205 0.182951 
1478.59 2047.74 149.478 5 0.106836 6.20193 0.490205 -0.00420729 
1503.84 2330.16 156.499 5 0.106836 6.19575 0.490205 -0.00424556 
1529.61 2612.35 163.52 5 0.106836 6.18925 0.490205 -0.004322 
1555.89 2894.3 170.541 5 0.106836 6.18196 0.490205 -0.00447137 
1582.69 3175.99 177.562 5 0.106836 6.17349 0.490205 -0.00469836 
1610 3457.36 184.583 5 0.106836 6.16342 0.490205 -0.00502683 
1637.82 3738.37 191.603 5 0.106835 6.15118 0.490205 -0.00552199 
1666.16 4018.93 198.624 5 0.106835 6.13586 0.490205 -0.00624313 
1695.02 4298.93 205.645 5 0.106835 6.11615 0.490205 -0.00696765 
1724.39 4578.21 212.666 5 0.106835 6.09141 0.490205 -0.00792793 
1754.27 4856.58 219.687 5 0.106835 6.06085 0.490205 -0.0108693 
1784.66 5133.83 226.708 5 0.106835 6.03433 0.490205 -1.38488e-05 
1815.57 5410.12 233.729 5 0.106835 6.08678 0.490205 -0.0875404 
1847 5688.32 240.749 5 0.106835 5.54872 0.490205 -0.314594 
1878.93 5946.84 247.77 5 0.106834 3.81472 0.490205 -0.419169 
1911.31 6141.91 254.791 5 0.106833 1.54283 0.490205 -0.435263 
1944.15 6253.85 261.812 5 0.106832 -0.853926 0.490205 -0.40225 
1977.44 6278.09 268.832 5 0.106831 -3.15223 0.490205 -0.311228 
2011.17 6218.24 275.853 5 0.10683 -5.06904 0.490205 -0.131312 
2045.36 6088.26 282.874 5 0.106829 -6.06359 0.490205 0.00460748 
2080.03 5921.88 289.894 5 0.106829 -6.06698 0.490206 -0.00354023 
2115.22 5755.38 296.915 5 0.106829 -6.05185 0.490206 -0.00326053 
2150.92 5589.43 303.936 5 0.106829 -6.08324 0.490206 -0.00172315 
2187.14 5422.34 310.956 5 0.106829 -6.10954 0.490206 -0.001247 
2223.88 5254.28 317.977 5 0.106829 -6.13049 0.490206 -0.000817245 
2261.12 5085.46 324.997 5 0.106829 -6.14698 0.490206 -0.000483997 
2298.88 4916.03 332.018 5 0.106829 -6.16003 0.490207 -0.000267142 
2337.16 4746.13 339.039 5 0.106829 -6.17063 0.490207 -0.000128742 
2375.95 4575.84 346.059 5 0.106829 -6.17946 0.490205 -3.94052e-05 
2415.25 4405.22 353.08 5 0.106812 -6.18695 0.490498 1.7818e-05 
2455.07 4234.33 360.1 5 0.108381 -6.19339 0.463443 5.3751e-05 
2495.4 4063.21 367.177 5 -0.0380226 -6.19897 0.582939 7.38568e-05 
2536.36 3891.88 368.456 5 -0.0370802 -6.20386 0.566665 8.14705e-05 
2577.41 3720.37 366.329 5 -0.0361346 -6.20821 0.550362 8.29523e-05 
2618.3 3548.7 364.236 5 -0.0351887 -6.21209 0.534058 7.9358e-05 
2659.04 3376.89 362.177 5 -0.0342428 -6.21554 0.517752 7.10239e-05 
2699.63 3204.96 360.154 5 -0.0352021 -6.21868 0.501447 0.000196443 
2740.07 3032.91 358.095 5.05304 -0.0423782 -6.21295 0.485143 -4.00715e-05 
2780.21 2861.06 355.77 5.31953 -0.0452176 -6.22303 0.468837 2.50397e-05 
2819.4 2688.86 353.326 5.62785 -0.0446753 -6.22702 0.452531 3.03998e-05 
2857.5 2516.5 350.884 5.8739 -0.0263962 -6.22893 0.436224 1.99657e-05 
2894.7 2344.08 349.096 5.57877 -0.0127333 -6.23075 0.419918 -3.88864e-07 
2932.61 2171.59 347.825 5 -0.191073 -6.23724 0.403611 1.743e-05 
2972.26 1998.86 340.063 9.55012 -1.15949 -6.22861 0.387306 0.000416336 
2998.71 1826.45 296.6 40 -0.0899997 -5.17123 0.369 0 
2998.71 1826.45 296.6 40 -0.0899997 -5.17123 0.369 0 
2948.5 1731.29 298.779 31.8082 1.4 -0.172394 -0.00262132 0.982506 
2914.18 1761.28 338.594 5 0.34016 6.16013 -0.176775 0.00815942 
2936.3 1949.78 352.948 5 0.339486 6.23507 -0.165162 -0.000813001 
2959.15 2140.16 367.285 5 0.338812 6.23262 -0.15355 -0.000502932 
2982.71 2330.48 381.606 5 0.338139 6.22991 -0.141937 -0.00049119 
3007 2520.74 395.909 5 0.337465 6.22685 -0.130325 -0.000483239 
3032 2710.91 410.196 5 0.336791 6.22339 -0.118712 -0.000479812 
3057.72 2901 424.466 5 0.336117 6.21945 -0.107098 -0.000480433 
3084.15 3090.99 438.719 5 0.335443 6.21493 -0.0954819 -0.000485711 
3111.3 3280.87 452.955 5 -0.0367234 6.20968 0.524366 -0.000497677 
3139.35 3470.61 457.872 5 -0.256299 6.2035 0.990625 -0.000517723 
3167.76 3660.2 447.22 5 -0.255353 6.19615 0.974323 -0.000548355 
3195.63 3849.61 436.591 5 -0.254407 6.18723 0.958018 -0.000591832 
3222.97 4038.79 425.986 5 -0.253461 6.17622 0.941712 -0.000646621 
3249.78 4227.7 415.404 5 -0.252515 6.1623 0.925407 -0.000701292 
3276.05 4416.26 404.847 5 -0.251569 6.14425 0.909101 -0.000740471 
3301.79 4604.36 394.313 5 -0.250623 6.11999 0.892795 -0.000905751 
3327.01 4791.86 383.802 5 -0.249677 6.08477 0.876489 -0.00179895 
3351.69 4978.48 373.316 5 -0.248731 6.03485 0.860183 -0.000927135 
3375.85 5163.85 362.853 5 -0.247785 6.00836 0.843877 -0.0107283 
3399.48 5348.55 352.413 5 -0.24684 5.14913 0.827571 -0.120127 
3422.57 5511.74 341.998 5 -0.245896 1.75947 0.811265 -0.176185 
3445.07 5590.06 331.606 5 -0.244952 -2.45792 0.794959 -0.0960196 
3466.97 5562.78 321.238 5 -0.244007 -5.67892 0.778653 0.00530433 
3488.28 5454.85 310.893 5 -0.243062 -6.18363 0.762346 0.00262893 
3509.06 5334.29 300.572 5 -0.242116 -6.04961 0.74604 -0.000650908 
3529.32 5217.08 290.275 5 -0.24117 -6.0858 0.729734 -0.000265266 
3549.07 5098.96 280.001 5 -0.240224 -6.12181 0.713428 -0.000151887 
3568.3 4979.94 269.751 5 -0.239278 -6.14663 0.697122 -0.000111697 
3587.01 4860.3 259.525 5 -0.238331 -6.16461 0.680816 -7.6577e-05 
3605.21 4740.21 249.322 5 -0.237385 -6.17825 0.66451 -4.86957e-05 
3622.9 4619.78 239.143 5 -0.236439 -6.18893 0.648204 -2.90308e-05 
3640.08 4499.08 228.988 5 -0.235493 -6.19754 0.631898 -1.58752e-05 
3656.75 4378.17 218.857 5 -0.234547 -6.20464 0.615592 -7.31896e-06 
3672.9 4257.07 208.749 5 -0.233601 -6.21061 0.599285 -1.90052e-06 
3688.56 4135.83 198.665 5 -0.232655 -6.21569 0.582979 1.39503e-06 
3703.7 4014.46 188.604 5 -0.231709 -6.22008 0.566673 3.25546e-06 
3718.34 3892.98 178.568 5 -0.230763 -6.2239 0.550367 4.14768e-06 
3732.47 3771.41 168.555 5 -0.229817 -6.22726 0.534061 4.39256e-06 
3746.1 3649.75 158.565 5 -0.228871 -6.23024 0.517755 4.21414e-06 
3759.23 3528.02 148.6 5 -0.227925 -6.23291 0.501449 3.77117e-06 
3771.86 3406.22 138.658 5 -0.226979 -6.2353 0.485143 3.17682e-06 
3783.99 3284.36 128.739 5 -0.226033 -6.23745 0.468837 2.51082e-06 
3795.63 3162.44 118.845 5 -0.225087 -6.23941 0.45253 1.83687e-06 
3806.76 3040.48 108.974 5 -0.224141 -6.2412 0.436224 1.1831e-06 
3817.4 2918.47 99.1264 5 -0.223195 -6.24283 0.419918 5.47168e-07 
3827.55 2796.42 89.3029 5 -1.00928 -6.23775 0.403612 0.00408365 
3837.59 2674.5 59.7967 19.9926 -1.4 -1.49096 0.387305 1.6449e-05 
3816.37 2671.46 19.9059 40 0.0352119 -0.903684 0.369 0 
