grtopS_62_5
50
2 2
8 8 
0 4 3 5 6 1 2 8 
0 4 3 5 6 1 2 8 
1864.88 182.416 75.6967 64.9769 63.1355 71.3166 62.1778 
111412 1.11613e-08 27.9774 7.92492 4.76273e-09 3.06113e-09 0 
38.0588 3.72278 1.54483 1.32606 1.28848 1.45544 1.26893 
2273.71 2.27781e-10 0.570968 0.161733 9.71987e-11 6.2472e-11 0 
4.8682e-08 0 0 5.31297e-08 8.60754e-11 7.2313e-08 0.734827 
1.45756e-06 0.259734 0.095668 0.00172172 2.84643 1.1398 11.0743 
360.03 390.17 549.32 32.9143 0.808338 0 0.0418694 0 
360.03 390.17 549.32 32.9143 0.808338 4.84397e-08 0.0422135 -0.0270384 
360.03 390.17 549.32 32.9086 0.872705 -0.3066 0.0408683 0.0350296 
94.7516 331.713 604.856 21.1647 1.05797 -0.037758 0.0595112 0.0516714 
114.923 -203.286 497.476 33.4047 0.794504 0.0502924 0.0411402 -0.00247003 
109.109 -177.862 499.004 33.0117 0.803084 0.0498742 0.0417237 -0.000717613 
104.387 -170.541 497.141 32.9555 0.803937 0.0522154 0.0418121 -0.000512488 
99.9184 -165.47 494.468 33.0064 0.802736 0.0551818 0.0417347 -0.000743776 
95.4731 -157.972 492.158 32.9911 0.802917 0.0579205 0.0417573 -0.000689393 
91.1995 -151.042 489.582 32.9855 0.802872 0.0609142 0.0417655 -0.000679076 
87.0655 -144.219 486.813 32.981 0.802809 0.0641147 0.0417716 -0.000672642 
83.0659 -137.457 483.866 32.9718 0.802823 0.0675138 0.0417847 -0.000648685 
79.2026 -130.95 480.677 32.9652 0.802726 0.0711561 0.0417954 -0.000642586 
75.4573 -124.527 477.224 32.9692 0.802503 0.0750611 0.0417874 -0.000668003 
71.805 -117.797 473.688 32.9439 0.802812 0.0791239 0.0418251 -0.000577598 
68.3033 -112.013 469.723 32.939 0.802671 0.0835943 0.0418323 -0.000577082 
64.8967 -106.23 465.5 32.9324 0.802611 0.0883524 0.0418406 -0.00056159 
61.5888 -100.566 461.043 32.9095 0.802841 0.0934059 0.0418737 -0.000482549 
58.4134 -95.7115 456.156 32.8963 0.802765 0.098897 0.041894 -0.000458346 
55.3393 -91.1355 450.84 32.9022 0.802313 0.104814 0.0418848 -0.000512649 
52.3266 -85.994 445.297 32.8935 0.802213 0.111016 0.0418959 -0.000494487 
49.4058 -80.9906 439.428 32.8698 0.802325 0.117623 0.0419313 -0.000426326 
46.6178 -76.712 433.003 32.8674 0.801978 0.124781 0.0419344 -0.000450953 
43.9092 -72.1826 426.211 32.8584 0.801753 0.132352 0.0419478 -0.000446533 
41.2883 -67.686 418.975 32.8472 0.801664 0.140422 0.0419606 -0.000419684 
38.7656 -63.4026 411.357 32.8048 0.80197 0.148972 0.0420261 -0.000292413 
36.3922 -60.5125 402.833 32.8246 0.801058 0.158357 0.0419948 -0.000420588 
34.029 -56.2735 394.068 32.8042 0.800951 0.168107 0.0420246 -0.000378357 
31.7619 -52.4754 384.647 32.7912 0.800651 0.17855 0.0420431 -0.000371384 
29.5662 -48.7479 374.609 32.7762 0.800358 0.189669 0.0420642 -0.000358844 
27.44 -45.1478 363.906 32.7595 0.800043 0.201514 0.0420884 -0.00034504 
25.3793 -41.7014 352.471 32.7468 0.799615 0.214145 0.0421063 -0.000350189 
23.3666 -38.2022 340.314 32.7294 0.79924 0.227571 0.042131 -0.000338818 
21.4038 -34.8194 327.355 32.711 0.798833 0.241874 0.0421574 -0.000327873 
19.4866 -31.5529 313.537 32.693 0.798364 0.257113 0.042183 -0.000323511 
17.6066 -28.3348 298.818 32.6738 0.797865 0.273335 0.0422103 -0.000318928 
15.7582 -25.1678 283.14 32.6537 0.797325 0.290606 0.0422389 -0.00031542 
13.9357 -22.0403 266.441 32.6325 0.796747 0.308993 0.0422688 -0.000312982 
12.1339 -18.9474 248.658 32.6103 0.796053 0.328561 0.0423025 -0.000321611 
10.3425 -15.8106 229.663 32.6045 0.79513 0.349414 0.0423066 -0.000377071 
8.52036 -11.9904 209.709 32.5481 0.79502 0.371479 0.0423905 -0.000255418 
6.80427 -9.55077 188.11 32.5393 0.79388 0.395144 0.0423995 -0.000334661 
5.01245 -6.30963 165.282 32.5113 0.792645 0.420184 0.0424122 -0.000466476 
3.16591 -2.68582 140.615 32.5917 0.782793 0.446193 0.0423973 -0.00195658 
0.352558 11.975 109.635 34.2834 0.740551 0.474953 0.0399078 -0.0102353 
-7.05269 109.371 88.6644 35.4713 0.705633 0.494086 0.0382666 -0.0168165 
-17.8567 269.625 70.1777 37.6745 0.652287 0.508231 0.0352289 -0.027542 
-34.0117 536.118 66.1678 39.1531 0.648799 0.507149 0.0326627 7.11913e-05 
-54.9182 844.642 99.8362 31.9887 0.839854 0.826143 0.0363486 -0.00411241 
232.211 791.762 101.631 17.0428 0.0361115 0.716654 0.0408694 0 
232.211 791.762 101.631 17.0428 0.0361115 0.716654 0.0408694 0 
215.261 897.993 103.898 14.3535 -0.242614 0.720907 0.284744 -0.953474 
208.79 1004.41 93.4179 21.8284 0.0025127 -1.72289 -0.176584 -1.0058 
173.204 997.339 93.7676 19.3237 0.322868 -4.30561 -0.165162 -0.766986 
146.58 870.288 109.185 6.23235 -0.397259 -6.27999 0.81276 0.00340274 
170.713 651.486 92.1258 20.548 -0.0540155 -6.27999 -0.141928 0.00341551 
139.656 432.726 89.945 20.3575 -0.0535724 -6.27999 -0.130322 0.392012 
109.106 213.966 87.7991 20.1852 -0.0564709 -5.28225 -0.118711 0.89902 
79.0359 41.5507 85.5313 20.1437 -0.0544846 -2.98089 -0.107099 0.750996 
48.9929 -23.9638 83.3589 20.0207 0.00969004 -1.05531 -0.0953605 -0.200663 
19.2169 -0.0334132 84.1766 17.6431 0.0977056 -1.56956 0.0267161 -0.000171933 
-1.73409 0.00244916 89.2598 12.6243 -0.0184283 -1.57001 0.36129 1.08703e-05 
-3.42416 0.00247742 89.3221 12.543 -0.0154293 -1.56998 0.359258 -1.02909e-06 
-4.80835 0.00355699 89.5297 12.3844 -0.0625044 -1.56998 0.395039 -5.38169e-05 
-5.5393 0.00399494 87.5624 13.8641 0.0714726 -1.57012 0.264574 0.000113523 
-12.0854 0.00264716 91.7084 10.4286 -0.0559022 -1.56983 0.504716 -5.86786e-05 
-5.3403 0.00423656 90.1934 12.0422 -0.0219805 -1.56998 0.398177 6.28753e-08 
-4.77333 0.00377317 90.134 12.1869 -0.0190532 -1.56998 0.388639 -3.01605e-08 
-4.75339 0.00375685 90.1998 12.204 -0.0187624 -1.56998 0.387523 -2.39377e-08 
-4.79102 0.00378599 90.2778 12.2078 -0.0187294 -1.56998 0.387272 -2.74753e-08 
-4.83591 0.00382115 90.3571 12.2099 -0.0187252 -1.56998 0.387108 -2.53669e-08 
-4.8811 0.00385635 90.4364 12.2115 -0.0189516 -1.56998 0.387126 -2.42615e-08 
-4.92476 0.00389033 90.5051 12.2206 -0.0183224 -1.56998 0.386376 -2.56107e-08 
-4.99647 0.00394679 90.6024 12.2063 -0.0189271 -1.56998 0.387307 -2.51356e-08 
-5.00514 0.00395295 90.6726 12.2157 -0.0193604 -1.56998 0.387031 -5.7087e-07 
-5.04206 0.00398164 90.722 12.2382 -0.0175261 -1.56998 0.385102 1.04557e-06 
-5.15972 0.00400952 90.8549 12.193 -0.0192871 -1.56998 0.388278 -4.25932e-07 
-5.09514 0.00401967 90.9094 12.2172 -0.0188062 -1.56998 0.38669 1.52393e-05 
-5.11601 0.00405026 90.9844 12.2203 -0.0187196 -1.56994 0.386419 -3.18391e-05 
-5.14166 0.00590513 91.0632 12.22 -0.0191364 -1.57003 0.386565 1.63253e-05 
-5.1584 0.00396193 91.1227 12.2342 -0.0186586 -1.56998 0.385059 3.50901e-08 
-5.22294 0.00400308 91.2033 12.2304 -0.0224039 -1.56998 0.379729 4.38763e-08 
-5.26203 0.00403093 91.1102 12.3709 -0.0646316 -1.56998 0.394856 -5.66696e-05 
-5.79377 0.00445914 89.0451 13.9303 0.062267 -1.57013 0.263267 0.00010113 
-12.4395 0.00299955 92.7585 10.8028 -0.0445623 -1.56987 0.485528 3.04708e-06 
-6.99982 0.00395832 91.7425 11.9416 0.0202549 -1.56986 0.405047 0.0560106 
-5.95377 0.00879964 93.6524 10.6101 0.0243024 -1.42606 0.483701 -0.188902 
0.227533 6.68965 95.8495 9.37736 -0.0121051 -1.9108 0.56667 -0.257429 
11.2176 -9.15023 96.4473 9.63428 -0.0133603 -2.5724 0.550365 0.177938 
21.2838 -55.721 96.9675 9.8912 -0.0146144 -2.1174 0.534059 0.214665 
30.4601 -81.1559 97.4104 10.1481 -0.01587 -1.56726 0.517753 0.193281 
38.7429 -81.0355 97.7759 10.4051 -0.0171317 -1.071 0.501447 0.171881 
46.1228 -57.8626 98.0636 10.6623 -0.0183789 -0.62876 0.485141 0.150257 
52.5896 -14.1465 98.2742 10.9192 -0.0195038 -0.241217 0.468835 0.129371 
58.1354 47.5722 98.4135 11.1715 -0.0206638 0.0934202 0.452529 0.108039 
62.7685 124.836 98.4801 11.4218 -0.0238651 0.373911 0.436222 0.0866323 
66.4892 215.129 98.3793 11.743 -0.0298504 0.599962 0.419915 0.0652243 
69.0191 315.924 97.9766 12.2119 -0.00732362 0.771468 0.403603 0.0438161 
69.7517 424.687 98.5854 11.7762 0.107144 0.888325 0.387268 -0.0152408 
72.0605 538.876 104.544 7.46062 -0.0897177 0.853761 0.369 0 
72.0605 538.876 104.544 7.46062 -0.0897177 0.853761 0.369 0 
79.8771 585.59 103.355 9.11438 -1.00757 0.855636 1.05243 -0.97907 
85.4475 632.341 84.4229 23.4392 0.365025 -0.185602 -0.17676 -0.99691 
67.6165 659.04 91.5059 16.8815 0.783349 -1.24669 -0.16512 -0.980704 
60.01 665.277 106.855 5.00279 0.0282015 -2.29135 0.500398 -0.960842 
71.6183 651.363 108.015 5.12418 -0.962846 -3.31563 1.07125 -0.939875 
83.4503 617.706 90.0684 19.2783 -0.265711 -4.31833 0.0306354 -0.917695 
72.4437 564.738 85.1222 22.3164 0.00424287 -5.2982 -0.115272 -0.879635 
56.4345 492.887 85.2856 21.1382 0.402768 -6.23828 -0.103062 -0.0292158 
42.0833 402.914 93.1672 14.2532 0.612238 -6.27303 0.0556626 0.00101681 
38.5891 312.263 105.299 5.02615 0.0166876 -6.2756 0.843091 0.414026 
50.0446 221.55 106.237 5.02185 0.0167768 -5.83811 0.84328 0.812147 
61.5495 139.27 107.176 5.01663 0.0166259 -4.97611 0.843644 0.791828 
73.1121 73.6063 108.113 5.01398 0.016571 -4.1351 0.843822 0.770704 
84.7279 24.1532 109.048 5.01231 0.0165456 -3.31594 0.84393 0.749334 
96.395 -9.51009 109.983 5.01115 0.0165288 -2.51892 0.844006 0.727715 
108.112 -27.8103 110.918 5.01032 0.0165177 -1.74432 0.844059 0.70515 
119.879 -31.1796 111.853 5.00971 0.0165088 -0.993157 0.844102 0.293934 
131.694 -20.0698 112.787 5.00928 0.0165143 -0.679543 0.843967 -0.630569 
143.55 -2.91482 113.722 5.00895 0.016052 -1.35069 0.838401 -0.271953 
155.434 1.30332 114.648 5.02016 -0.000487261 -1.64027 0.842686 0.0568921 
167.337 -0.0604102 115.254 5.26887 -0.00226429 -1.57971 0.827065 0.0623918 
178.881 -0.256496 115.819 5.52568 -0.00355939 -1.51325 0.810786 0.237709 
190.052 0.828922 116.351 5.78309 -0.00479808 -1.25994 0.794449 -0.497108 
200.851 6.79734 116.851 6.04022 -0.00603845 -1.78934 0.778128 -0.530123 
211.264 2.56154 117.319 6.29713 -0.00728613 -2.35432 0.761821 -0.509711 
221.29 -12.5644 117.755 6.55394 -0.00853817 -2.898 0.74552 -0.428038 
230.928 -38.1696 118.159 6.81072 -0.00979983 -3.35507 0.729224 0.464122 
240.179 -72.585 118.531 7.0676 -0.0110614 -2.86196 0.712924 0.449409 
249.055 -97.4949 118.87 7.32459 -0.0123114 -2.38414 0.696616 0.428599 
257.556 -113.194 119.178 7.58151 -0.0135584 -1.92812 0.680306 0.40736 
265.679 -120.103 119.453 7.83833 -0.0148162 -1.49438 0.664003 0.386023 
273.423 -118.651 119.696 8.09521 -0.016089 -1.08303 0.6477 0.36465 
280.787 -109.27 119.907 8.35236 -0.0173609 -0.694145 0.631395 0.343258 
287.768 -92.3925 120.086 8.60974 -0.0185889 -0.327747 0.615088 0.321852 
294.364 -68.4521 120.232 8.86667 -0.0197382 0.0161271 0.598781 0.300431 
300.575 -37.8829 120.349 9.12206 -0.0208932 0.337444 0.582473 0.278993 
306.402 -1.11989 120.436 9.37619 -0.0223364 0.636168 0.566163 0.25753 
311.844 41.4015 120.486 9.63344 -0.0242972 0.912256 0.549851 0.236021 
316.896 89.2451 120.492 9.90101 -0.0262017 1.16564 0.533536 0.214436 
321.54 141.973 120.452 10.1768 -0.0261748 1.39622 0.517219 0.192765 
325.759 199.146 120.404 10.4314 -0.0227654 1.60389 0.500903 0.171035 
329.586 260.322 120.414 10.6179 -0.0199119 1.78857 0.484585 0.148996 
333.126 325.059 120.473 10.7531 -0.0300429 1.94992 0.468257 0.125995 
336.466 392.905 120.333 11.0337 -0.0622765 2.08687 0.451907 0.100884 
339.382 463.392 119.563 11.7657 -0.0896061 2.19719 0.435522 0.0697342 
341.15 536.006 118.243 12.8205 -0.0298205 2.2744 0.419096 0.0306499 
341.216 610.109 118.043 12.88 0.173923 2.31002 0.402651 0.00452272 
341.105 684.9 121.769 9.95812 0.336555 2.31783 0.386374 0.000110568 
345.587 759.837 128.719 5.03212 -0.0849171 2.32094 0.369 0 
345.587 759.837 128.719 5.03212 -0.0849171 2.32094 0.369 0 
355.534 824.208 127.843 6.65311 -1.25354 2.32353 1.15369 -1.0285 
363.69 888.624 107.587 22.2371 -0.206085 1.38552 -0.124539 -1.00215 
350.154 937.536 104.25 23.8887 0.104766 0.47095 -0.165157 -0.964432 
334.203 971.317 106.012 21.4789 0.568057 -0.40973 -0.153274 -0.964276 
321.34 990.525 115.503 13.4882 0.673945 -1.29086 -0.117525 -0.942913 
319.34 995.145 126.958 5.00001 -0.386382 -2.15305 0.735869 -0.921517 
329.312 985.489 121.094 10.1514 -0.647512 -2.99621 0.732508 -0.900134 
332.335 961.889 110.773 18.037 -0.1044 -3.82036 0.0443965 -0.878727 
324.371 924.66 109.229 18.738 -0.0363898 -4.6255 -0.0480806 -0.857322 
315.393 874.111 108.792 18.5749 -0.0883566 -5.4116 -0.00967077 -0.835915 
306.624 810.555 107.5 19.0555 -0.0699553 -6.17864 -0.0348872 0.0149198 
297.158 734.307 106.499 19.271 -0.0389014 -6.16805 -0.0603977 -0.103598 
287.364 658.236 106.006 19.091 -0.0377132 -6.26584 -0.0489578 0.000852465 
277.79 580.546 105.538 18.9072 -0.0364882 -6.26818 -0.0373411 0.0038121 
268.444 502.817 105.094 18.7192 -0.035403 -6.26781 -0.0256298 0.00373918 
259.332 425.094 104.674 18.5293 -0.03486 -6.2675 -0.0136308 0.0125473 
250.458 347.376 104.268 18.3442 -0.0344426 -6.25914 -0.0015682 0.359099 
241.816 269.796 103.873 18.1651 -0.0332267 -5.93383 0.00978545 0.664501 
233.402 197.598 103.504 17.9817 -0.0320571 -5.329 0.021161 0.643078 
225.226 135.408 103.158 17.795 -0.0315496 -4.74336 0.0326997 0.621595 
217.294 82.9073 102.826 17.6136 -0.0317974 -4.17698 0.0443119 0.600068 
209.599 39.7779 102.495 17.4464 -0.0317707 -3.62991 0.0559506 0.578582 
202.122 5.70008 102.168 17.2885 -0.0291841 -3.10212 0.0676095 0.557221 
194.85 -19.6453 101.889 17.1065 -0.0225971 -2.59353 0.0792718 0.53592 
187.814 -36.5756 101.723 16.8526 -0.015847 -2.10408 0.0908142 0.514624 
181.113 -45.4077 101.676 16.5328 -0.0204888 -1.63378 0.102223 0.492773 
174.843 -46.4587 101.56 16.2975 -0.0469796 -1.18315 0.113712 -0.450906 
168.895 -40.0539 101.013 16.4127 -0.0814383 -1.59527 0.125283 -0.448679 
162.783 -40.4678 99.8919 16.9408 -0.0685736 -2.00563 0.136928 -0.398058 
155.923 -47.671 98.9699 17.2415 0.0555925 -2.36997 0.149292 0.407402 
148.589 -60.9022 100.094 15.9377 0.255025 -1.9979 0.167935 0.385832 
142.959 -67.9785 104.553 12.2504 0.292276 -1.64533 0.262251 0.364092 
142.358 -69.2251 109.726 8.42286 -0.016084 -1.3124 0.625635 0.341983 
147.109 -64.9672 109.899 8.62431 -0.0203478 -0.999468 0.613897 0.319303 
151.605 -55.5313 109.995 8.8663 -0.0219586 -0.707068 0.598479 0.2964 
155.787 -41.2571 110.058 9.11373 -0.0237112 -0.435421 0.582436 0.274783 
159.647 -22.488 110.086 9.36826 -0.0262935 -0.183363 0.566236 0.254123 
163.175 0.451904 110.065 9.63969 -0.0289624 0.0499668 0.549996 0.233124 
166.347 27.2527 109.992 9.92731 -0.0291684 0.264247 0.533745 0.211638 
169.138 57.5993 109.908 10.1984 -0.0244487 0.45902 0.517483 0.189889 
171.567 91.1689 109.895 10.3927 -0.0175183 0.634031 0.501212 0.169147 
173.739 127.634 109.991 10.4907 -0.0204764 0.790187 0.484936 0.148816 
175.786 166.684 110.036 10.6273 -0.0482381 0.927854 0.468659 0.128172 
177.666 208.011 109.618 11.1105 -0.0942799 1.04673 0.452377 0.107205 
178.907 251.306 108.425 12.133 -0.10392 1.14652 0.43609 0.0860314 
178.758 296.253 107.046 13.1786 0.00665859 1.227 0.419796 0.0647186 
177.141 342.532 107.468 12.7313 0.2387 1.28804 0.403498 0.0432235 
176.056 389.822 111.742 9.42323 0.355831 1.32946 0.387175 0.00937986 
179.459 437.793 118.042 5.00925 -0.0881909 1.33995 0.369 0 
179.459 437.793 118.042 5.00925 -0.0881909 1.33995 0.369 0 
189.142 484.568 117.138 6.62674 -1.22711 1.34183 1.15369 -0.93566 
197.079 531.376 97.8819 21.4486 -0.213844 0.51227 0.0922865 -1.00347 
184.965 564.861 94.5344 23.0771 0.488912 -0.378112 -0.165163 -0.984602 
170.408 584.034 102.443 16.1219 0.808163 -1.25232 -0.15355 -0.963388 
164.952 589.146 115.664 5.98224 0.0899557 -2.10824 0.685331 -0.941852 
173.204 580.486 117.599 5.09429 -0.144564 -2.94556 0.968434 -0.921014 
182.726 558.363 115.787 6.96698 0.169929 -3.76489 0.657534 -0.899921 
189.666 523.071 118.982 5.01739 0.0171245 -4.56602 0.843489 -0.878579 
199.26 474.896 119.771 5.00911 0.0168137 -5.34869 0.844055 -0.857088 
208.88 414.138 120.556 5.00509 0.0166079 -6.11277 0.84437 -0.183298 
218.52 341.096 121.337 5.00378 0.0165499 -6.27859 0.844466 0.0629641 
228.185 265.389 122.117 5.00325 0.0165236 -6.22567 0.844509 0.793006 
237.877 190.532 122.897 5.00307 0.0165205 -5.52397 0.844519 0.771655 
247.603 126.956 123.677 5.00294 0.0165136 -4.84079 0.84453 0.750265 
257.363 74.3637 124.456 5.00291 0.0165139 -4.17619 0.844533 0.728865 
267.156 32.4564 125.236 5.00287 0.0165149 -3.53017 0.844539 0.70746 
276.983 0.935073 126.016 5.00283 0.0165263 -2.90275 0.844536 0.686053 
286.844 -20.4992 126.796 5.00266 0.0165247 -2.29396 0.844681 0.664644 
296.737 -32.1459 127.576 5.00243 0.016844 -1.70379 0.835595 0.643227 
306.664 -34.3046 128.361 5.00477 -0.00469614 -1.13228 0.843749 0.576125 
316.626 -27.275 128.799 5.26454 -0.00589104 -0.62003 0.827484 -0.600405 
326.276 -12.0098 129.212 5.52327 -0.00655617 -1.15296 0.810656 -0.579007 
335.598 -5.31219 129.607 5.77496 -0.0082114 -1.66722 0.794855 -0.557601 
344.603 -6.88215 129.97 6.03174 -0.00944454 -2.1628 0.778518 -0.536193 
353.283 -16.4191 130.306 6.28829 -0.0107749 -2.63966 0.762258 -0.514778 
361.638 -33.6224 130.613 6.54577 -0.0120531 -3.0978 0.745936 0.388828 
369.666 -58.1911 130.894 6.80349 -0.0132839 -2.75326 0.729603 0.471966 
377.375 -77.2202 131.148 7.06085 -0.0144596 -2.33461 0.713255 0.450564 
384.767 -89.5184 131.377 7.31724 -0.0156731 -1.93472 0.696937 0.429157 
391.841 -95.3873 131.58 7.57319 -0.0169984 -1.55359 0.680683 0.407748 
398.597 -95.1284 131.754 7.83007 -0.0183464 -1.19123 0.664407 0.386339 
405.033 -89.0437 131.901 8.08808 -0.0196275 -0.847672 0.648108 0.364928 
411.147 -77.4354 132.02 8.3463 -0.0207272 -0.522916 0.631796 0.343515 
416.936 -60.6056 132.115 8.6025 -0.0216482 -0.21698 0.615484 0.322099 
422.402 -38.8571 132.188 8.85469 -0.0227014 0.0701222 0.599186 0.300682 
427.55 -12.4925 132.238 9.10492 -0.0244602 0.338378 0.582891 0.27929 
432.381 18.185 132.253 9.362 -0.0272045 0.587796 0.566592 0.257747 
436.885 52.8727 132.218 9.63729 -0.0298784 0.818231 0.550292 0.235808 
441.038 91.2655 132.132 9.92801 -0.0297159 1.02932 0.533993 0.214803 
444.816 133.052 132.042 10.1979 -0.0244163 1.22188 0.517697 0.193433 
448.244 177.935 132.03 10.3862 -0.0172519 1.39557 0.501397 0.171956 
451.429 225.61 132.128 10.4787 -0.0206808 1.55029 0.485096 0.150318 
454.501 275.773 132.169 10.615 -0.0490963 1.68588 0.468794 0.108995 
457.409 328.116 131.749 11.0962 -0.0953532 1.78483 0.452493 0.0348409 
459.7 382.05 130.573 12.1044 -0.10659 1.81796 0.43619 0.0778391 
460.659 436.518 129.191 13.1559 -0.00322026 1.88931 0.419877 0.0619272 
460.187 492.134 129.443 12.8445 0.219169 1.94657 0.403544 0.0408011 
460.052 548.67 133.279 9.85712 0.35069 1.98509 0.386804 0.00243373 
463.848 605.823 139.306 5.58592 -0.0154603 1.98953 0.369 0 
463.848 605.823 139.306 5.58592 -0.0154603 1.98953 0.369 0 
473.93 670.457 139.589 6.33989 -1.20431 1.99212 1.15369 -1.02501 
483.357 735.139 118.26 22.8013 -0.109582 0.965858 -0.176081 -1.00485 
467.641 781.203 116.333 23.2553 0.186792 -0.0409547 -0.165138 -0.980892 
451.073 808.983 119.775 19.552 0.584607 -1.02446 -0.153488 -0.955996 
439.86 818.899 130.549 10.7812 0.368393 -1.9837 0.320522 -0.939435 
441.866 811.384 137.651 5.65569 -0.0663892 -2.92701 0.476004 -0.918679 
451.733 786.732 137.008 7.01925 -0.951908 -3.85016 1.04295 -0.897403 
459.902 745.317 120.243 20.0017 -0.0461001 -4.7526 -0.104123 -0.875407 
448.226 687.529 119.55 19.8522 -0.0375465 -5.63364 -0.0936092 -0.603617 
436.727 613.741 119.017 19.5938 -0.0263762 -6.2425 -0.0819656 -0.0254097 
425.572 528.896 118.694 19.2023 -0.0283198 -6.27141 -0.0700198 0.00072317 
414.976 443.525 118.347 18.8744 -0.0651729 -6.2741 -0.0574081 0.00208021 
404.857 358.104 117.341 19.0843 -0.123439 -6.27544 -0.0422226 0.154687 
394.417 272.66 115.27 20.0623 -0.103143 -6.12358 -0.0224249 0.748407 
382.473 189.974 113.539 20.6283 0.138666 -5.37565 -0.0116797 0.727977 
369.566 120.872 116.184 17.7777 0.50181 -4.64769 -0.00801816 0.706917 
360.781 64.9869 125.506 10.2442 0.376705 -3.94035 0.382174 0.685687 
363.354 21.9383 132.775 5.018 0.0165933 -3.2538 0.84324 0.664377 
373.937 -8.64857 133.657 5.01612 0.0156825 -2.58813 0.837537 0.643019 
384.565 -27.1467 134.522 5.03163 -0.00100086 -1.94341 0.841749 0.621609 
395.217 -33.9366 135.084 5.27243 -0.00323362 -1.31972 0.826772 0.600011 
405.549 -29.3998 135.598 5.5276 -0.00461452 -0.717254 0.810626 -0.10772 
415.538 -13.9218 136.08 5.78459 -0.00586282 -0.824763 0.794327 -0.447405 
425.169 -0.395825 136.531 6.04148 -0.007082 -1.27332 0.778016 -0.270868 
434.437 4.98447 136.953 6.29789 -0.00832204 -1.545 0.761735 -0.513715 
443.343 5.4313 137.346 6.55413 -0.00958401 -2.06065 0.745471 -0.492324 
451.884 -3.48582 137.707 6.81052 -0.010849 -2.55519 0.729202 -0.47034 
460.058 -21.3838 138.038 7.06709 -0.0121059 -3.02803 0.712922 0.280838 
467.865 -47.8683 138.339 7.3237 -0.0133558 -2.74719 0.696635 0.427807 
475.313 -69.2525 138.61 7.58027 -0.0146092 -2.31862 0.680346 0.406711 
482.405 -82.8533 138.851 7.83686 -0.0158788 -1.91091 0.664056 0.385304 
489.138 -89.0498 139.061 8.09368 -0.0171634 -1.5244 0.647765 0.36382 
495.512 -88.2267 139.24 8.35092 -0.0184239 -1.15916 0.631473 0.342315 
501.523 -80.7706 139.389 8.6082 -0.0195931 -0.815252 0.61518 0.320813 
507.171 -67.0687 139.509 8.86424 -0.0206717 -0.492673 0.598884 0.299319 
512.456 -47.5083 139.602 9.11796 -0.0218764 -0.191435 0.582588 0.277804 
517.379 -22.4771 139.665 9.37135 -0.023609 0.0884254 0.566291 0.255986 
521.941 7.63671 139.69 9.63177 -0.0259146 0.346589 0.549993 0.229486 
526.13 42.4392 139.666 9.90628 -0.0275759 0.57834 0.533695 0.212749 
529.922 81.4506 139.603 10.1843 -0.0261824 0.79346 0.517395 0.191885 
533.31 124.369 139.558 10.4233 -0.0211948 0.987793 0.501095 0.170683 
536.349 170.817 139.596 10.5781 -0.0194181 1.16098 0.484794 0.149417 
539.166 220.41 139.662 10.7032 -0.0352568 1.31296 0.468493 0.128093 
541.812 272.763 139.436 11.0453 -0.0734601 1.44363 0.452192 0.106696 
543.968 327.49 138.507 11.8879 -0.0961983 1.55293 0.435891 0.0851928 
544.873 384.202 137.141 12.9579 -0.0177154 1.64072 0.419588 0.0634658 
544.144 442.51 137.168 12.8301 0.198958 1.70676 0.403284 0.0409439 
543.525 502.018 141.135 9.73677 0.344774 1.75024 0.386982 0.000139809 
547.499 562.311 147.839 5.00796 -0.0889162 1.75279 0.369 0 
547.499 562.311 147.839 5.00796 -0.0889162 1.75279 0.369 0 
557.777 614.179 146.202 5.87495 -0.475915 1.11667 1.15369 -1.02526 
567.018 655.976 138.417 10.7658 0.355442 -0.513292 0.605623 -1.00666 
569.523 671.97 143.67 5.52067 -0.0862987 -2.12811 1.12108 -0.985396 
578.969 662.392 142.062 5.7776 -0.0875544 -3.72537 1.10478 -0.963905 
588.018 627.524 140.427 6.03454 -0.0888098 -5.30473 1.08847 -0.290818 
596.669 567.65 138.767 6.29147 -0.0900648 -6.27978 1.07216 0.360108 
604.93 492.338 137.08 6.5484 -0.0913194 -6.27999 1.05586 0.291731 
612.812 417.023 135.366 6.80533 -0.0925741 -6.27655 1.03955 -0.599043 
620.315 341.763 133.626 7.06226 -0.0938289 -6.27567 1.02324 -0.413158 
627.436 266.518 131.86 7.3192 -0.0950837 -6.27036 1.00694 0.735181 
634.176 191.356 130.067 7.57613 -0.0963384 -6.27912 0.990633 0.787466 
640.533 116.056 128.248 7.83307 -0.0975926 -5.736 0.974327 0.792452 
646.514 49.3557 126.403 8.09 -0.0988464 -4.31085 0.95802 0.771186 
652.129 5.2201 124.531 8.34693 -0.1001 -2.90329 0.941714 0.749531 
657.376 -16.629 122.633 8.60386 -0.101354 -1.51399 0.925408 0.309426 
662.256 -16.4809 120.708 8.86079 -0.102609 -0.523191 0.909102 -0.387461 
666.761 -0.645145 118.757 9.11772 -0.103863 -1.51326 0.892796 -0.00048641 
670.866 -0.484979 116.78 9.37465 -0.105118 -1.52485 0.87649 -6.59859e-05 
674.583 -0.508111 114.776 9.63157 -0.106373 -1.52323 0.860184 -0.000177942 
677.91 -0.505339 112.746 9.88851 -0.107629 -1.52321 0.843878 -0.000154022 
680.848 -0.5019 110.69 10.1455 -0.108885 -1.52317 0.827571 -7.3032e-05 
683.395 -0.497677 108.607 10.4024 -0.110138 -1.52317 0.811265 3.67791e-05 
685.55 -0.493118 106.497 10.6594 -0.111387 -1.52321 0.794959 0.000101281 
687.313 -0.488999 104.362 10.9162 -0.112633 -1.52323 0.778653 2.77177e-05 
688.682 -0.484859 102.2 11.173 -0.11389 -1.52323 0.762347 2.22327e-06 
689.658 -0.480481 100.012 11.4298 -0.11517 -1.52324 0.746041 -0.000606154 
690.238 -0.476037 97.7968 11.687 -0.116466 -1.52841 0.729735 0.000943626 
690.423 -0.553267 95.5547 11.9446 -0.117731 -1.52033 0.713429 -0.000384771 
690.21 -0.50222 93.2861 12.2022 -0.118893 -1.52366 0.697122 0.00010804 
689.598 -0.503582 90.9926 12.4587 -0.119947 -1.5229 0.680816 2.62811e-05 
688.589 -0.492733 88.6758 12.7128 -0.121073 -1.52278 0.66451 -0.000528923 
687.184 -0.479664 86.3348 12.9657 -0.122626 -1.52773 0.648204 0.000656692 
685.385 -0.544794 83.9627 13.2225 -0.124788 -1.52128 0.631898 -0.000160076 
683.185 -0.50754 81.5499 13.4903 -0.126943 -1.52295 0.615592 -0.000189083 
680.57 -0.496502 79.0962 13.7678 -0.127452 -1.52511 0.599286 0.000202395 
677.525 -0.519374 76.6274 14.0343 -0.124887 -1.52274 0.58298 -0.000106939 
674.062 -0.504395 74.1924 14.2537 -0.12097 -1.52397 0.566673 1.4731e-06 
670.243 -0.508605 71.8139 14.4147 -0.122775 -1.52365 0.550367 -0.0032052 
666.145 -0.507566 69.4028 14.5922 -0.138961 -1.57399 0.534061 0.00559302 
661.749 -1.30346 66.7308 14.9578 -0.166778 -1.47427 0.517755 -0.00234654 
656.815 -0.520181 63.6092 15.6321 -0.177802 -1.52327 0.501449 -3.94421e-05 
650.93 -0.512057 60.2958 16.3811 -0.126037 -1.52341 0.485143 5.77811e-05 
643.972 -0.505226 57.7831 16.4406 -0.00146231 -1.52369 0.468837 -0.000750262 
636.82 -0.502821 57.2413 15.0047 0.0911507 -1.57852 0.452531 -0.00575005 
631.443 -1.36998 58.2023 12.6128 -0.0718922 -1.86599 0.436224 0.0826985 
629.178 -6.7912 56.6424 12.4431 -0.62922 -1.06248 0.419918 0.0626146 
627.266 0.509439 46.2627 19.0158 -1.24016 -0.274847 0.403612 0.0394757 
616.89 20.2872 26.043 32.2811 -0.892398 0.491412 0.387306 -0.000527919 
588.942 52.2108 10.9929 40 1.4 0.0674313 0.369 0 
360.03 390.17 549.32 32.9143 0.808338 0 0.0418694 0 
360.03 390.17 549.32 32.9143 0.808336 8.10347e-09 0.0418694 3.09313e-06 
360.03 390.244 549.249 32.9353 0.807674 0.00225811 0.041839 -0.000120334 
472.734 459.226 549.549 32.9122 0.808399 -0.000169146 0.0418724 1.09271e-05 
476.987 452.74 549.371 32.9138 0.808352 -3.82945e-05 0.0418701 2.47086e-06 
477.883 451.274 549.331 32.9142 0.808341 -7.96468e-06 0.0418696 5.14926e-07 
478.07 450.969 549.322 32.9142 0.808338 -1.59459e-06 0.0418695 1.04212e-07 
478.11 450.907 549.32 32.9143 0.808338 -2.54124e-07 0.0418694 1.78692e-08 
478.118 450.896 549.32 32.9143 0.808338 3.29722e-08 0.0418694 -5.32514e-10 
478.119 450.897 549.32 32.9143 0.808338 9.97511e-08 0.0418694 -4.71325e-09 
478.12 450.899 549.32 32.9143 0.808338 1.21171e-07 0.0418694 -5.95548e-09 
478.12 450.903 549.32 32.9143 0.808338 1.33811e-07 0.0418694 -6.61509e-09 
478.12 450.907 549.32 32.9143 0.808338 1.45656e-07 0.0418694 -7.20697e-09 
478.12 450.911 549.32 32.9143 0.808338 1.58217e-07 0.0418694 -7.82431e-09 
478.12 450.916 549.32 32.9143 0.808338 1.72257e-07 0.0418694 -8.5134e-09 
478.12 450.921 549.32 32.9143 0.808338 1.87963e-07 0.0418694 -9.28243e-09 
478.12 450.926 549.32 32.9143 0.808338 2.05642e-07 0.0418694 -1.01487e-08 
478.12 450.932 549.32 32.9143 0.808338 2.25563e-07 0.0418694 -1.11222e-08 
478.12 450.939 549.32 32.9143 0.808338 2.48139e-07 0.0418694 -1.22238e-08 
478.12 450.946 549.32 32.9143 0.808338 2.73931e-07 0.0418694 -1.34815e-08 
478.12 450.954 549.32 32.9143 0.808338 3.03393e-07 0.0418694 -1.49173e-08 
478.12 450.963 549.32 32.9143 0.808338 3.37153e-07 0.0418694 -1.65585e-08 
478.12 450.972 549.32 32.9143 0.808338 3.76174e-07 0.0418694 -1.84515e-08 
478.12 450.983 549.32 32.9143 0.808338 4.21537e-07 0.0418694 -2.06515e-08 
478.12 450.995 549.32 32.9143 0.808338 4.74367e-07 0.0418694 -2.32058e-08 
478.12 451.009 549.32 32.9143 0.808338 5.36512e-07 0.0418694 -2.62058e-08 
478.12 451.024 549.319 32.9143 0.808338 6.09951e-07 0.0418694 -2.9741e-08 
478.12 451.042 549.319 32.9143 0.808338 6.97551e-07 0.0418694 -3.39497e-08 
478.12 451.062 549.319 32.9143 0.808338 8.02691e-07 0.0418694 -3.89848e-08 
478.12 451.085 549.319 32.9143 0.808337 9.30165e-07 0.0418694 -4.50713e-08 
478.12 451.111 549.319 32.9143 0.808337 1.08613e-06 0.0418694 -5.2491e-08 
478.119 451.142 549.319 32.9143 0.808337 1.27914e-06 0.0418694 -6.16365e-08 
478.119 451.179 549.319 32.9143 0.808337 1.52084e-06 0.0418694 -7.30346e-08 
478.119 451.221 549.318 32.9143 0.808337 1.82776e-06 0.0418694 -8.74342e-08 
478.119 451.273 549.318 32.9143 0.808337 2.2234e-06 0.0418694 -1.05878e-07 
478.119 451.335 549.318 32.9143 0.808337 2.74272e-06 0.0418694 -1.29905e-07 
478.119 451.412 549.317 32.9143 0.808337 3.43862e-06 0.0418694 -1.61798e-07 
478.118 451.507 549.316 32.9143 0.808337 4.39493e-06 0.0418694 -2.05056e-07 
478.118 451.628 549.315 32.9143 0.808336 5.7534e-06 0.0418694 -2.65263e-07 
478.117 451.784 549.313 32.9143 0.808336 7.77931e-06 0.0418694 -3.51637e-07 
478.116 451.99 549.31 32.9143 0.808335 1.10623e-05 0.0418693 -4.80226e-07 
478.114 452.273 549.304 32.9144 0.808334 1.72486e-05 0.0418693 -6.80982e-07 
478.111 452.674 549.291 32.9144 0.808332 3.20567e-05 0.0418692 -1.01494e-06 
478.105 453.271 549.248 32.9145 0.808327 7.85869e-05 0.0418691 -1.62332e-06 
478.084 454.225 549.084 32.9145 0.808315 0.000258079 0.041869 -2.88994e-06 
478.009 455.921 548.376 32.9143 0.808274 0.0010319 0.0418693 -6.07796e-06 
477.69 459.478 545.166 32.9125 0.808107 0.00453928 0.0418719 -1.66583e-05 
476.229 469.184 530.331 32.908 0.807233 0.0207438 0.0418782 -9.09724e-05 
469.072 519.124 462.954 32.9511 0.802583 0.0907042 0.041715 -0.00097841 
248.326 888.388 225.99 22.6973 4.83614e-05 0.113617 0.0408694 0 
248.326 888.388 225.99 22.6973 4.83614e-05 0.113617 0.0408694 0 
248.066 888.128 226.249 22.6959 0.00170884 0.10219 0.482653 -2.71506e-11 
247.807 887.868 226.509 22.6945 0.00308845 0.0912443 0.480306 -2.49579e-11 
247.547 887.609 226.769 22.6932 0.00423466 0.0807615 0.477959 -2.29177e-11 
247.287 887.349 227.029 22.6919 0.00518692 0.0707238 0.475612 -2.10202e-11 
247.027 887.089 227.288 22.6906 0.005978 0.0611143 0.473265 -1.92567e-11 
246.768 886.829 227.548 22.6894 0.00663513 0.0519167 0.470918 -1.76189e-11 
246.508 886.57 227.808 22.6882 0.00718091 0.0431155 0.468571 -1.60988e-11 
246.248 886.31 228.067 22.687 0.00763415 0.0346957 0.466224 -1.46892e-11 
245.988 886.05 228.327 22.6859 0.00801042 0.0266431 0.463878 -1.33829e-11 
245.729 885.79 228.587 22.6848 0.00832269 0.018944 0.461531 -1.21737e-11 
245.469 885.531 228.847 22.6837 0.00858171 0.0115854 0.459184 -1.1055e-11 
245.209 885.271 229.106 22.6827 0.00879639 0.00455486 0.456837 -1.00212e-11 
244.949 885.011 229.366 22.6817 0.00897412 -0.00215965 0.45449 -9.06694e-12 
244.69 884.751 229.626 22.6807 0.00912102 -0.0085695 0.452143 -8.18696e-12 
244.43 884.492 229.886 22.6797 0.00924214 -0.0146856 0.449796 -7.37639e-12 
244.17 884.232 230.145 22.6788 0.00934166 -0.0205182 0.447449 -6.63089e-12 
243.911 883.972 230.405 22.6779 0.009423 -0.0260775 0.445102 -5.94584e-12 
243.651 883.713 230.665 22.677 0.00948895 -0.0313727 0.442755 -5.31748e-12 
243.391 883.453 230.925 22.6762 0.00954181 -0.0364129 0.440408 -4.74197e-12 
243.131 883.193 231.184 22.6754 0.00958337 -0.0412066 0.438061 -4.21587e-12 
242.872 882.933 231.444 22.6746 0.00961507 -0.0457622 0.435714 -3.73554e-12 
242.612 882.674 231.704 22.6738 0.00963801 -0.0500872 0.433367 -3.29827e-12 
242.352 882.414 231.963 22.6731 0.00965297 -0.054189 0.43102 -2.90065e-12 
242.092 882.154 232.223 22.6724 0.00966046 -0.0580747 0.428673 -2.54027e-12 
241.833 881.894 232.483 22.6717 0.00966076 -0.0617509 0.426327 -2.21433e-12 
241.573 881.635 232.743 22.6711 0.00965386 -0.0652238 0.42398 -1.9204e-12 
241.313 881.375 233.002 22.6705 0.00963952 -0.0684994 0.421633 -1.65623e-12 
241.053 881.115 233.262 22.6699 0.00961727 -0.0715831 0.419286 -1.41967e-12 
240.794 880.855 233.522 22.6693 0.00958632 -0.0744804 0.416939 -1.2085e-12 
240.534 880.596 233.782 22.6688 0.00954561 -0.0771962 0.414592 -1.02104e-12 
240.274 880.336 234.041 22.6683 0.00949375 -0.079735 0.412245 -8.55273e-13 
240.015 880.076 234.301 22.6678 0.00942895 -0.0821012 0.409898 -7.09598e-13 
239.755 879.817 234.561 22.6674 0.00934897 -0.0842989 0.407551 -5.8235e-13 
239.495 879.557 234.821 22.6669 0.00925106 -0.0863317 0.405204 -4.72009e-13 
239.235 879.297 235.08 22.6665 0.00913185 -0.0882033 0.402857 -3.77163e-13 
238.976 879.037 235.34 22.6662 0.00898725 -0.0899167 0.40051 -2.96362e-13 
238.716 878.778 235.6 22.6658 0.00881226 -0.0914748 0.398163 -2.28322e-13 
238.456 878.518 235.86 22.6655 0.00860087 -0.0928805 0.395816 -1.71872e-13 
238.196 878.258 236.119 22.6652 0.0083458 -0.0941359 0.393469 -1.2572e-13 
237.937 877.998 236.379 22.6649 0.00803828 -0.0952434 0.391122 -8.87761e-14 
237.677 877.739 236.639 22.6647 0.0076677 -0.0962048 0.388776 -5.99041e-14 
237.417 877.479 236.898 22.6645 0.00722133 -0.0970216 0.386429 -3.8102e-14 
237.157 877.219 237.158 22.6643 0.00668379 -0.0976954 0.384082 -2.23246e-14 
236.898 876.959 237.418 22.6641 0.00603659 -0.0982273 0.381735 -1.15983e-14 
236.638 876.7 237.678 22.664 0.00525745 -0.0986182 0.379388 -4.92207e-15 
236.378 876.44 237.937 22.6638 0.00431955 -0.0988687 0.377041 -1.35363e-15 
236.119 876.18 238.197 22.6638 0.00319063 -0.0989793 0.374694 3.18514e-17 
235.859 875.921 238.457 22.6637 0.00183182 -0.0989501 0.372347 1.77381e-16 
235.599 875.661 238.717 22.6637 0.000196374 -0.0987812 0.369 0 
235.599 875.661 238.717 22.6637 0.000196374 -0.0987812 0.369 0 
229.887 886.057 238.649 21.9861 0.590594 -0.123448 0.483581 -0.669207 
224.476 896.277 242.794 18.1038 1.25222 -0.410217 -0.176726 -0.631011 
221.245 904.453 251.698 11.0234 0.943664 -0.680631 -0.165107 -0.59248 
222.225 910.699 258.484 5.94038 0.172198 -0.934575 0.708373 -0.553589 
226.312 915.133 259.833 5.00017 -0.00639028 -1.17192 0.93449 -0.513403 
230.98 917.876 259.919 5.00048 -0.00632787 -1.39212 0.934403 -0.472036 
235.647 919.05 260.007 5.00047 -0.0063377 -1.59473 0.934412 -0.430273 
240.314 918.781 260.094 5.0005 -0.00633824 -1.77958 0.934409 -0.387501 
244.981 917.195 260.181 5.00054 -0.00633969 -1.94627 0.934409 -0.344403 
249.649 914.421 260.268 5.00058 -0.00633911 -2.09467 0.934369 -0.301298 
254.317 910.59 260.355 5.00063 -0.00637871 -2.22476 0.935016 -0.258358 
258.985 905.832 260.442 5.00068 -0.00572639 -2.33659 0.923686 -0.215992 
263.654 900.278 260.533 5.00077 -0.0171314 -2.43039 0.942438 -0.174613 
268.326 894.055 260.543 5.05676 -0.00848083 -2.50653 0.941531 -0.134872 
272.964 887.29 260.614 5.06356 0.00291055 -2.56564 0.925325 -0.0970269 
277.597 880.104 260.767 5.01339 -0.00257923 -2.60845 0.909046 -0.0613062 
282.261 872.612 260.88 5.00043 -0.028731 -2.63576 0.892705 -0.0275439 
286.938 864.927 260.808 5.13495 -0.0729258 -2.64828 0.876293 0.00334536 
291.543 857.152 260.419 5.50793 -0.125133 -2.64712 0.859502 0.0311563 
295.938 849.385 259.654 6.15185 -0.169597 -2.63344 0.478436 0.0557975 
299.96 841.716 258.565 7.12671 -0.575711 -2.60846 0.463618 0.0772674 
303.468 834.226 254.571 10.2622 -0.928387 -2.57338 0.809327 0.0956269 
305.18 826.987 248.029 15.0549 -0.698627 -2.52938 0.793516 0.110978 
304.03 820.063 243.069 18.3848 -0.164157 -2.4776 0.152448 0.123447 
300.832 813.51 241.879 18.8648 -0.0915883 -2.41914 0.0908668 0.133182 
297.334 807.374 241.201 18.9485 -0.0527633 -2.355 0.10214 0.140344 
293.773 801.695 240.798 18.8143 0.00338025 -2.28618 0.113659 0.145106 
290.275 796.505 240.796 18.3785 0.0622555 -2.21356 0.125233 0.147654 
287.017 791.834 241.219 17.6401 0.103535 -2.13798 0.136825 0.148176 
284.182 787.7 241.945 16.7086 0.10697 -2.06022 0.148427 0.146863 
281.889 784.12 242.705 15.7981 0.0598551 -1.98097 0.160032 0.1439 
280.134 781.104 243.141 15.1816 -0.0359652 -1.90086 0.17164 0.139466 
278.751 778.658 242.901 15.1094 -0.160238 -1.82046 0.183249 0.133731 
277.424 776.785 241.776 15.7105 -0.275985 -1.74028 0.194858 0.126855 
275.755 775.484 239.82 16.9074 -0.337838 -1.66076 0.206468 0.118989 
273.383 774.75 237.409 18.3803 -0.306038 -1.58231 0.218077 0.110278 
270.133 774.575 235.208 19.6089 -0.162744 -1.50528 0.229687 0.100862 
266.13 774.949 234.014 20.0001 0.0746163 -1.42996 0.241296 0.0908835 
261.853 775.861 234.507 19.0829 0.348737 -1.35661 0.252906 0.0804865 
258.067 777.294 236.963 16.7189 0.571009 -1.28543 0.264517 0.069825 
255.636 779.234 241.029 13.2563 0.644222 -1.21656 0.276128 0.0590671 
255.229 781.663 245.657 9.5539 0.495478 -1.15007 0.287738 0.0484027 
257.023 784.563 249.267 6.82597 0.110464 -1.08599 0.29935 0.0380503 
260.481 787.919 250.165 6.30788 -0.443068 -1.02424 0.310961 0.0282656 
264.326 791.715 247.126 8.81042 -1.01456 -0.964651 0.322572 0.019349 
266.782 795.936 239.987 14.2907 -1.4 -0.906937 0.334164 0.0113423 
266.063 800.571 230.039 21.6021 -1.4 -0.851699 0.345776 0.00313709 
261.028 805.603 220.007 28.5704 -0.894199 -0.815538 0.357388 4.30756e-06 
251.8 810.895 213.5 32.5652 0.0899999 -0.81511 0.369 0 
251.8 810.895 213.5 32.5652 0.0899999 -0.81511 0.369 0 
248.549 812.421 213.657 32.1305 0.471691 -0.815107 -0.188388 -0.819188 
245.354 813.947 214.586 31.1652 0.676161 -0.906478 -0.176775 -0.79112 
242.309 815.288 215.93 29.8977 0.865191 -0.994725 -0.165163 -0.763109 
239.468 816.452 217.66 28.3555 1.03304 -1.07985 -0.153551 -0.735291 
236.876 817.443 219.734 26.5749 1.1745 -1.16188 -0.141939 -0.707804 
234.575 818.268 222.099 24.5995 1.28509 -1.24086 -0.130326 -0.680786 
232.597 818.934 224.693 22.4792 1.36115 -1.31682 -0.118714 -0.654361 
230.971 819.446 227.448 20.269 1.4 -1.38984 -0.107102 -0.628567 
229.71 819.811 230.289 18.0289 1.4 -1.45998 -0.0815191 -0.602795 
228.824 820.034 233.136 15.816 1.36627 -1.52726 -0.0675714 -0.577 
228.308 820.12 235.923 13.6827 1.29458 -1.59167 -0.0542489 -0.551196 
228.151 820.077 238.572 11.6864 1.18631 -1.6532 -0.0405182 -0.525401 
228.332 819.909 241.009 9.88137 1.0443 -1.71185 -0.0258538 -0.499635 
228.82 819.622 243.165 8.31678 0.872577 -1.76764 -0.00953567 -0.473924 
229.577 819.223 244.98 7.03496 0.676304 -1.82056 0.00986883 -0.448295 
230.556 818.717 246.403 6.06962 0.461881 -1.87062 0.0357746 -0.422784 
231.706 818.109 247.396 5.44387 0.237361 -1.91784 0.077028 -0.397428 
232.97 817.406 247.938 5.16739 0.013883 -1.96223 0.144283 -0.372275 
234.289 816.614 248.03 5.23166 -0.194054 -2.00382 0.247511 -0.347376 
235.607 815.738 247.702 5.60512 -0.369139 -2.04264 0.396359 -0.322789 
236.871 814.783 247.02 6.22923 -0.491793 -2.07871 0.527567 -0.298581 
238.035 813.756 246.088 7.02176 -0.562668 -2.11208 0.593006 -0.274825 
239.071 812.661 245.01 7.90685 -0.598492 -2.14281 0.620235 -0.251601 
239.96 811.504 243.858 8.83287 -0.609097 -2.17094 0.629196 -0.228997 
240.695 810.291 242.681 9.76221 -0.599269 -2.19656 0.628464 -0.207102 
241.275 809.026 241.521 10.6643 -0.571915 -2.21973 0.621915 -0.186012 
241.703 807.715 240.413 11.5131 -0.529352 -2.24056 0.611467 -0.165822 
241.988 806.362 239.388 12.2863 -0.473811 -2.25913 0.598129 -0.146626 
242.141 804.971 238.473 12.9653 -0.40764 -2.27556 0.582439 -0.128511 
242.178 803.547 237.689 13.5351 -0.333376 -2.28997 0.56468 -0.111556 
242.117 802.094 237.053 13.9851 -0.253749 -2.30249 0.544992 -0.0958283 
241.977 800.616 236.577 14.3086 -0.171648 -2.31326 0.523471 -0.0813793 
241.779 799.117 236.265 14.5037 -0.0900463 -2.32241 0.50029 -0.0682425 
241.546 797.598 236.117 14.573 -0.0119001 -2.3301 0.475876 -0.0564322 
241.297 796.065 236.126 14.5236 0.0600226 -2.33647 0.451137 -0.0459425 
241.054 794.518 236.281 14.3666 0.123369 -2.34167 0.427568 -0.0367483 
240.834 792.961 236.564 14.1166 0.176454 -2.34585 0.406942 -0.0288061 
240.653 791.396 236.956 13.7901 0.218411 -2.34913 0.390609 -0.022056 
240.525 789.824 237.432 13.405 0.249099 -2.35167 0.378969 -0.0164242 
240.46 788.246 237.972 12.9789 0.268838 -2.35357 0.371587 -0.0118258 
240.466 786.665 238.554 12.5288 0.278154 -2.35497 0.367627 -0.00816671 
240.546 785.081 239.155 12.0706 0.277644 -2.35595 0.366191 -0.00534641 
240.703 783.495 239.757 11.6193 0.267938 -2.35662 0.366464 -0.00325971 
240.935 781.908 240.341 11.1889 0.249707 -2.35705 0.367739 -0.00179841 
241.24 780.319 240.89 10.7919 0.223672 -2.35732 0.3694 -0.00085251 
241.613 778.73 241.387 10.4401 0.190608 -2.35748 0.370896 -0.000311052 
242.046 777.141 241.818 10.1435 0.151346 -2.35758 0.371739 -6.27091e-05 
242.53 775.551 242.172 9.91097 0.106759 -2.35765 0.371529 3.8981e-06 
243.055 773.961 242.436 9.75001 0.0577691 -2.35772 0.369 0 
243.055 773.961 242.436 9.75001 0.0577691 -2.35772 0.369 0 
245.901 771.211 242.217 11.4048 0.00952365 -1.53158 0.482653 4.9683e-12 
248.748 768.461 241.985 12.8779 0.00143513 -0.984954 0.480306 3.02215e-12 
251.594 765.712 241.74 14.1818 7.93809e-05 -0.630466 0.477959 1.8428e-12 
254.441 762.962 241.483 15.3287 -0.000147858 -0.402732 0.475612 1.12408e-12 
257.287 760.212 241.213 16.3311 -0.000185946 -0.257025 0.473265 6.85363e-13 
260.133 757.462 240.93 17.2022 -0.00019233 -0.163957 0.470918 4.17545e-13 
262.98 754.712 240.634 17.9555 -0.000193401 -0.104554 0.468571 2.54149e-13 
265.826 751.962 240.326 18.6043 -0.00019358 -0.0666492 0.466224 1.54507e-13 
268.673 749.213 240.005 19.1613 -0.00019361 -0.042465 0.463878 9.38107e-14 
271.519 746.463 239.671 19.6382 -0.000193615 -0.0270356 0.461531 5.69026e-14 
274.366 743.713 239.325 20.0458 -0.000193616 -0.0171919 0.459184 3.44953e-14 
277.212 740.963 238.966 20.3935 -0.000193616 -0.0109119 0.456837 2.07926e-14 
280.058 738.213 238.594 20.69 -0.000193616 -0.00690544 0.45449 1.25624e-14 
282.905 735.463 238.21 20.9425 -0.000193616 -0.00434942 0.452143 7.64284e-15 
285.751 732.714 237.813 21.1575 -0.000193616 -0.00271875 0.449796 4.61189e-15 
288.598 729.964 237.404 21.3404 -0.000193616 -0.00167842 0.447449 2.78345e-15 
291.444 727.214 236.982 21.496 -0.000193616 -0.00101472 0.445102 1.67239e-15 
294.291 724.464 236.547 21.6283 -0.000193616 -0.000591304 0.442755 9.6335e-16 
297.137 721.714 236.1 21.7409 -0.000193616 -0.000321174 0.440408 6.46619e-16 
299.983 718.964 235.641 21.8365 -0.000193616 -0.000148838 0.438061 3.72385e-16 
302.83 716.215 235.169 21.9179 -0.000193616 -3.88932e-05 0.435714 1.53068e-16 
305.676 713.465 234.685 21.9871 -0.000193616 3.12487e-05 0.433367 9.91832e-17 
308.523 710.715 234.188 22.0459 -0.000193616 7.59972e-05 0.43102 9.42649e-17 
311.369 707.965 233.679 22.0959 -0.000193616 0.000104545 0.428673 6.4549e-17 
314.216 705.215 233.157 22.1384 -0.000193616 0.000122758 0.426327 5.25955e-17 
317.062 702.466 232.623 22.1745 -0.000193616 0.000134377 0.42398 -2.05172e-18 
319.908 699.716 232.077 22.2053 -0.000193616 0.000141789 0.421633 3.88878e-17 
322.755 696.966 231.518 22.2314 -0.000193616 0.000146516 0.419286 3.05678e-17 
325.601 694.216 230.947 22.2537 -0.000193616 0.000149531 0.416939 -3.58794e-17 
328.448 691.466 230.364 22.2726 -0.000193616 0.000151452 0.414592 -2.85048e-17 
331.294 688.717 229.769 22.2888 -0.000193616 0.000152673 0.412245 -7.60896e-19 
334.141 685.967 229.161 22.3025 -0.000193616 0.000153447 0.409898 7.38364e-19 
336.987 683.217 228.541 22.3142 -0.000193616 0.000153932 0.407551 3.18116e-18 
339.834 680.467 227.91 22.3243 -0.000193616 0.000154227 0.405204 -3.19377e-17 
342.68 677.717 227.265 22.3329 -0.000193616 0.000154392 0.402857 1.87792e-17 
345.526 674.968 226.609 22.3402 -0.000193616 0.000154463 0.40051 -1.19134e-17 
348.373 672.218 225.941 22.3466 -0.000193616 0.000154454 0.398163 1.20048e-17 
351.219 669.468 225.261 22.352 -0.000193616 0.000154362 0.395816 -2.39045e-18 
354.066 666.718 224.568 22.3568 -0.000193616 0.000154169 0.393469 -1.59625e-17 
356.912 663.968 223.864 22.361 -0.000193616 0.000153835 0.391122 1.79557e-17 
359.759 661.219 223.148 22.3648 -0.000193616 0.000153292 0.388776 1.5671e-17 
362.605 658.469 222.42 22.3681 -0.000193615 0.000152428 0.386429 1.48127e-17 
365.451 655.719 221.679 22.3712 -0.000193612 0.000151065 0.384082 -7.5891e-18 
368.298 652.969 220.927 22.3741 -0.00019359 0.000148924 0.381735 1.31939e-18 
371.144 650.219 220.164 22.3768 -0.000193463 0.000145564 0.379388 -8.6193e-18 
373.991 647.47 219.388 22.3795 -0.000192705 0.000140295 0.377041 6.8494e-18 
376.837 644.72 218.6 22.3822 -0.000188181 0.000132035 0.374694 -4.59592e-18 
379.684 641.97 217.801 22.385 -0.000161191 0.000119088 0.372347 -1.4996e-18 
382.53 639.22 216.99 22.388 -1.60986e-07 9.87918e-05 0.369 0 
382.53 639.22 216.99 22.388 -1.60986e-07 9.87918e-05 0.369 0 
383.67 638.54 217.704 22.3897 -7.2411e-05 0.000100386 0.482653 6.75105e-13 
384.81 637.859 218.417 22.3913 -0.000102843 0.000101478 0.480306 5.39846e-13 
385.949 637.178 219.13 22.3928 -0.000115568 0.000102191 0.477959 4.31541e-13 
387.089 636.497 219.842 22.3943 -0.000120842 0.000102618 0.475612 3.44523e-13 
388.229 635.817 220.553 22.3957 -0.000123005 0.000102835 0.473265 2.74704e-13 
389.369 635.136 221.264 22.397 -0.00012388 0.000102898 0.470918 2.18831e-13 
390.509 634.456 221.974 22.3983 -0.000124228 0.000102852 0.468571 1.7413e-13 
391.648 633.775 222.684 22.3995 -0.000124364 0.000102731 0.466224 1.38375e-13 
392.788 633.094 223.393 22.4007 -0.000124415 0.000102561 0.463878 1.09823e-13 
393.928 632.414 224.101 22.4018 -0.000124433 0.00010236 0.461531 8.71182e-14 
395.068 631.733 224.809 22.4028 -0.000124439 0.000102144 0.459184 6.88332e-14 
396.208 631.053 225.516 22.4038 -0.000124441 0.000101922 0.456837 5.44441e-14 
397.347 630.372 226.222 22.4048 -0.000124441 0.000101702 0.45449 4.28758e-14 
398.487 629.692 226.928 22.4057 -0.000124441 0.000101489 0.452143 3.38544e-14 
399.627 629.011 227.633 22.4066 -0.000124441 0.000101286 0.449796 2.65911e-14 
400.767 628.331 228.337 22.4074 -0.000124441 0.000101095 0.447449 2.07236e-14 
401.907 627.651 229.041 22.4082 -0.000124441 0.000100917 0.445102 1.61319e-14 
403.046 626.97 229.745 22.4089 -0.000124441 0.000100753 0.442755 1.26267e-14 
404.186 626.29 230.447 22.4096 -0.000124441 0.000100601 0.440408 9.7487e-15 
405.326 625.61 231.149 22.4103 -0.000124441 0.000100461 0.438061 7.42152e-15 
406.466 624.929 231.851 22.411 -0.000124441 0.000100333 0.435714 5.66707e-15 
407.606 624.249 232.551 22.4116 -0.000124441 0.000100214 0.433367 4.21174e-15 
408.745 623.569 233.251 22.4122 -0.000124441 0.000100104 0.43102 3.13654e-15 
409.885 622.889 233.951 22.4128 -0.000124441 9.99995e-05 0.428673 2.27561e-15 
411.025 622.208 234.65 22.4133 -0.000124441 9.99e-05 0.426327 1.6143e-15 
412.165 621.528 235.348 22.4138 -0.000124441 9.98031e-05 0.42398 1.00411e-15 
413.304 620.848 236.046 22.4143 -0.000124441 9.97066e-05 0.421633 6.06585e-16 
414.444 620.168 236.743 22.4148 -0.000124441 9.9608e-05 0.419286 2.08921e-16 
415.584 619.488 237.439 22.4153 -0.000124441 9.95045e-05 0.416939 -9.52953e-17 
416.724 618.808 238.135 22.4157 -0.000124441 9.9393e-05 0.414592 -2.97842e-16 
417.864 618.128 238.83 22.4161 -0.000124441 9.92698e-05 0.412245 -4.71404e-16 
419.003 617.448 239.525 22.4166 -0.000124441 9.91307e-05 0.409898 -6.6404e-16 
420.143 616.768 240.219 22.417 -0.000124441 9.89707e-05 0.407551 -7.9694e-16 
421.283 616.088 240.912 22.4173 -0.000124441 9.8784e-05 0.405204 -9.27974e-16 
422.423 615.408 241.605 22.4177 -0.000124441 9.85636e-05 0.402857 -9.68923e-16 
423.563 614.728 242.297 22.4181 -0.000124441 9.83009e-05 0.40051 -1.04503e-15 
424.702 614.048 242.989 22.4185 -0.000124441 9.7986e-05 0.398163 -1.11461e-15 
425.842 613.368 243.68 22.4188 -0.000124439 9.76066e-05 0.395816 -1.1217e-15 
426.982 612.688 244.37 22.4192 -0.000124433 9.7148e-05 0.393469 -1.12016e-15 
428.122 612.008 245.06 22.4195 -0.000124415 9.65924e-05 0.391122 -1.09152e-15 
429.262 611.328 245.749 22.4199 -0.000124363 9.59183e-05 0.388776 -1.0544e-15 
430.401 610.648 246.437 22.4202 -0.000124228 9.50994e-05 0.386429 -9.52234e-16 
431.541 609.969 247.125 22.4206 -0.00012388 9.41042e-05 0.384082 -8.47642e-16 
432.681 609.289 247.812 22.4209 -0.000123005 9.28941e-05 0.381735 -7.15611e-16 
433.821 608.609 248.499 22.4213 -0.000120845 9.14225e-05 0.379388 -5.50182e-16 
434.961 607.929 249.185 22.4216 -0.000115577 8.96329e-05 0.377041 -3.81728e-16 
436.1 607.249 249.871 22.422 -0.000102871 8.74567e-05 0.374694 -2.01073e-16 
437.24 606.57 250.556 22.4223 -7.24884e-05 8.48106e-05 0.372347 -6.274e-17 
438.38 605.89 251.24 22.4227 -3.64912e-07 8.15938e-05 0.369 0 
438.38 605.89 251.24 22.4227 -3.64912e-07 8.15938e-05 0.369 0 
441.465 594.816 250.058 22.4586 1.33172e-07 0.141737 0.482653 -1.52617e-14 
444.549 583.741 248.695 22.4778 1.40891e-07 0.170581 0.480306 -3.10454e-15 
447.632 572.667 247.154 22.4881 1.41014e-07 0.176452 0.477959 -5.20176e-16 
450.714 561.593 245.433 22.4937 1.41019e-07 0.177646 0.475612 -1.60497e-16 
453.795 550.519 243.535 22.4967 1.41022e-07 0.177889 0.473265 8.77712e-17 
456.876 539.444 241.46 22.4982 1.41026e-07 0.177939 0.470918 -6.39015e-18 
459.956 528.37 239.21 22.4991 1.41029e-07 0.177949 0.468571 -5.26281e-17 
463.035 517.296 236.786 22.4996 1.41033e-07 0.177951 0.466224 4.36218e-17 
466.114 506.221 234.189 22.4998 1.41037e-07 0.177951 0.463878 -1.31178e-17 
469.192 495.147 231.421 22.4999 1.4104e-07 0.177952 0.461531 -1.73515e-17 
472.27 484.073 228.482 22.5 1.41044e-07 0.177952 0.459184 1.23426e-17 
475.348 472.999 225.374 22.5 1.41048e-07 0.177952 0.456837 1.99838e-17 
478.426 461.924 222.098 22.5001 1.41052e-07 0.177952 0.45449 2.56473e-17 
481.504 450.85 218.657 22.5001 1.41056e-07 0.177952 0.452143 -1.50031e-17 
484.582 439.776 215.051 22.5001 1.4106e-07 0.177952 0.449796 4.41885e-17 
487.661 428.701 211.282 22.5001 1.41064e-07 0.177952 0.447449 -2.50482e-18 
490.739 417.627 207.351 22.5001 1.41068e-07 0.177952 0.445102 3.44319e-17 
493.818 406.553 203.26 22.5001 1.41073e-07 0.177952 0.442755 4.41105e-17 
496.897 395.479 199.009 22.5001 1.41077e-07 0.177952 0.440408 -7.10181e-18 
499.977 384.404 194.601 22.5001 1.41082e-07 0.177952 0.438061 -4.00101e-17 
503.058 373.33 190.037 22.5001 1.41086e-07 0.177952 0.435714 2.67337e-17 
506.139 362.256 185.318 22.5001 1.41091e-07 0.177952 0.433367 2.85429e-17 
509.221 351.181 180.445 22.5001 1.41096e-07 0.177952 0.43102 -1.69142e-17 
512.305 340.107 175.42 22.5001 1.41102e-07 0.177952 0.428673 1.03638e-17 
515.389 329.033 170.243 22.5001 1.41107e-07 0.177952 0.426327 8.20468e-18 
518.474 317.959 164.916 22.5001 1.41113e-07 0.177952 0.42398 2.68583e-17 
521.561 306.884 159.44 22.5001 1.41119e-07 0.177952 0.421633 1.11158e-17 
524.648 295.81 153.815 22.5001 1.41125e-07 0.177952 0.419286 -2.10984e-17 
527.738 284.736 148.042 22.5001 1.41131e-07 0.177952 0.416939 -1.52896e-17 
530.828 273.661 142.122 22.5001 1.41138e-07 0.177952 0.414592 -3.25586e-18 
533.921 262.587 136.056 22.5001 1.41145e-07 0.177952 0.412245 -2.8061e-18 
537.015 251.513 129.843 22.5001 1.41152e-07 0.177952 0.409898 4.4296e-18 
540.111 240.439 123.484 22.5001 1.4116e-07 0.177952 0.407551 -2.76346e-17 
543.208 229.364 116.979 22.5001 1.41169e-07 0.177952 0.405204 -3.63136e-18 
546.308 218.29 110.328 22.5001 1.41178e-07 0.177952 0.402857 9.41355e-18 
549.409 207.216 103.53 22.5001 1.41187e-07 0.177952 0.40051 -1.13673e-17 
552.513 196.141 96.5835 22.5001 1.41198e-07 0.177952 0.398163 2.57781e-17 
555.619 185.067 89.4883 22.5001 1.41209e-07 0.177952 0.395816 -6.81856e-18 
558.728 173.993 82.2422 22.5001 1.41221e-07 0.177952 0.393469 -4.2097e-18 
561.838 162.919 74.8428 22.5001 1.41235e-07 0.177951 0.391122 -1.18787e-17 
564.952 151.844 67.287 22.5001 1.4125e-07 0.177951 0.388776 1.37951e-17 
568.068 140.77 59.5705 22.5001 1.41267e-07 0.17795 0.386429 7.01326e-18 
571.186 129.696 51.6877 22.5001 1.41288e-07 0.177942 0.384082 -1.06733e-17 
574.308 118.621 43.6308 22.5001 1.41312e-07 0.177902 0.381735 3.40373e-18 
577.432 107.547 35.389 22.5001 1.41342e-07 0.177708 0.379388 5.975e-18 
580.559 96.4729 26.9463 22.5001 1.41381e-07 0.176757 0.377041 5.49331e-18 
583.69 85.3986 18.2774 22.5001 1.41407e-07 0.172082 0.374694 2.39808e-17 
586.823 74.3243 9.33535 22.5001 1.39395e-07 0.149111 0.372347 2.70362e-17 
589.96 63.25 0.00201279 22.5 2.19107e-09 0.0362851 0.369 0 
