grtopS_91_3
50
2 2
11 11 
0 4 8 6 7 2 3 9 5 1 10 
0 4 8 6 7 2 3 9 5 1 10 
2758.14 14.1995 10.2835 37.604 30.361 1.07959e-10 89.5011 64.7385 7.04384 19.9455 
139737 39.6624 58.7884 0 0.0440291 57.3523 6.54007e-09 57.8674 10.1837 35.9549 
56.2885 0.289785 0.209867 0.767428 0.619613 2.20325e-12 1.82655 1.32119 0.143752 0.407051 
2851.77 0.809438 1.19976 0 0.000898553 1.17046 1.33471e-10 1.18097 0.20783 0.733773 
3.32516e-09 0.258047 0.046728 0.287199 0.162156 283.35 0.422298 2.54766e-07 0.0164878 1.24667 
1.44866e-06 1.45399e-06 1.45452e-06 2.09841 1.42761e-06 0.419819 6.18551 0.471195 0.174159 1.30635 
90.37 141.17 547.75 17.7698 0.490116 0 0.183491 0 
90.37 141.17 547.75 17.7698 0.490116 -1.66523e-09 0.183615 -0.00249132 
90.37 141.17 547.75 17.766 0.508566 -0.0773904 0.182239 0.0028355 
22.0741 132.292 563.93 9.64424 0.555373 -0.0226625 0.344493 0.0117816 
24.8435 -301.967 406.219 17.6883 0.48594 0.22535 0.185107 5.00763e-05 
24.5471 -304.047 400.374 17.7788 0.485093 0.234455 0.183308 -7.55916e-05 
24.0611 -301.238 396.179 17.7465 0.485078 0.241187 0.183957 -3.40296e-05 
23.6121 -300.023 391.116 17.8084 0.484389 0.249236 0.182732 -0.000126439 
23.1426 -295.407 387.086 17.821 0.484132 0.255663 0.182485 -0.000146696 
22.6722 -290.049 383.161 17.8305 0.483921 0.261923 0.182296 -0.000162383 
22.2035 -284.118 379.302 17.8314 0.483796 0.268078 0.182278 -0.000165124 
21.7364 -278.085 375.356 17.825 0.483706 0.274373 0.182404 -0.000157772 
21.272 -272.324 371.163 17.8282 0.483546 0.281061 0.182342 -0.000164012 
20.8083 -266.332 366.911 17.8243 0.483435 0.287843 0.182417 -0.000160295 
20.3467 -260.478 362.461 17.8229 0.483299 0.294941 0.182446 -0.000160013 
19.8865 -254.633 357.85 17.8211 0.48316 0.302294 0.182481 -0.000159379 
19.4277 -248.812 353.07 17.8193 0.483014 0.309918 0.182515 -0.00015892 
18.9701 -243.008 348.116 17.8178 0.482863 0.317819 0.182546 -0.00015873 
18.5136 -237.211 342.986 17.8157 0.482708 0.326001 0.182586 -0.000157957 
18.0582 -231.442 337.665 17.8141 0.482543 0.334486 0.182618 -0.000157889 
17.6038 -225.676 332.156 17.8124 0.482372 0.343272 0.182651 -0.000157819 
17.1501 -219.913 326.452 17.8109 0.482195 0.352368 0.182681 -0.000157984 
16.6972 -214.144 320.551 17.8087 0.482015 0.36178 0.182723 -0.000157401 
16.2451 -208.396 314.434 17.8068 0.481826 0.371534 0.182761 -0.000157235 
15.7935 -202.654 308.099 17.8054 0.481627 0.381637 0.182789 -0.000157874 
15.3423 -196.889 301.55 17.803 0.481425 0.39208 0.182837 -0.000157179 
14.8917 -191.15 294.76 17.802 0.481209 0.402908 0.182855 -0.000158647 
14.4413 -185.356 287.753 17.7986 0.481 0.414082 0.182923 -0.000156723 
13.9913 -179.634 280.471 17.7975 0.480766 0.425694 0.182943 -0.000158298 
13.5413 -173.854 272.955 17.795 0.480535 0.437679 0.182993 -0.000157836 
13.0915 -168.091 265.167 17.7929 0.480291 0.450097 0.183034 -0.00015815 
12.6417 -162.317 257.11 17.7907 0.48004 0.462945 0.183078 -0.000158339 
12.1917 -156.535 248.771 17.7883 0.479784 0.476242 0.183125 -0.000158359 
11.7417 -150.753 240.144 17.784 0.479531 0.49 0.18321 -0.000155772 
11.2918 -145.065 231.178 17.7812 0.479253 0.504296 0.183264 -0.000155641 
10.8422 -139.383 221.894 17.779 0.478945 0.5191 0.183309 -0.000156622 
10.3921 -133.667 212.28 17.7836 0.478586 0.534429 0.183218 -0.00016738 
9.94015 -127.554 202.469 17.7816 0.478274 0.550073 0.183256 -0.000168773 
9.48874 -121.395 192.331 17.7788 0.477856 0.566238 0.183289 -0.000174651 
9.03525 -115.176 181.75 17.8259 0.472735 0.582976 0.182702 -0.000320319 
8.46278 -104.204 167.899 19.9529 0.455639 0.604446 0.140536 -0.0034074 
7.34689 20.4447 195.318 19.8204 0.458046 0.560926 0.14313 -0.00319924 
6.40855 137.383 221.351 19.614 0.460999 0.51952 0.147189 -0.00288307 
5.56451 242.677 244.52 19.4064 0.463576 0.482597 0.15129 -0.00252706 
4.74025 336.451 264.463 19.3388 0.464706 0.452075 0.152636 -0.00170678 
5.04535 426.336 283.613 19.3672 0.465428 0.444993 0.151996 0.0030126 
26.0478 517.29 304.151 18.9817 0.46637 0.583207 0.159597 -0.00195821 
197.925 588.658 315.308 18.5812 0.470484 0.565306 0.167167 0.00408894 
369.703 638.197 319.482 18.3258 0.424389 0.727815 0.174686 -0.0208022 
690.767 696.754 276.21 39.9998 0.089967 0.200434 0.182491 0 
690.767 696.754 276.21 39.9998 0.089967 0.200434 0.182491 0 
682.533 702.904 276.19 38.8207 0.672834 -0.0573566 -0.188387 -1.02859 
674.597 708.121 278.285 36.1252 1.01254 -0.520761 -0.176775 -1.00718 
667.432 711.663 281.623 32.5569 1.26473 -0.979955 -0.165163 -0.98577 
661.305 713.543 285.894 28.377 1.39989 -1.43494 -0.15355 -0.964362 
656.409 713.777 290.678 23.922 1.39757 -1.88571 -0.141938 -0.942953 
652.838 712.38 295.479 19.5764 1.24894 -2.33227 -0.130326 -0.921544 
650.569 709.368 299.768 15.7403 0.958353 -2.77461 -0.118713 -0.900135 
649.463 704.755 303.029 12.7921 0.54388 -3.21274 -0.107101 -0.878726 
649.263 698.557 304.808 11.0516 0.0364589 -3.64665 -0.0954874 -0.857316 
649.616 690.79 304.762 10.7462 -0.522143 -4.07634 -0.0838722 -0.835906 
650.096 681.469 302.698 11.9828 -1.08255 -4.5018 0.491028 -0.814495 
650.243 670.61 298.601 14.6401 -1.28773 -4.92305 0.974319 -0.793081 
649.603 658.229 293.747 17.7221 -1.14001 -5.34008 0.958015 -0.771663 
648.024 644.34 289.409 20.3278 -0.614467 -5.75288 0.941709 -0.750223 
645.618 628.959 286.956 21.4289 -0.292373 -6.16146 0.925396 0.25137 
642.852 612.102 285.661 21.6206 0.0572201 -6.27999 -0.000210277 0.240148 
639.995 594.816 285.629 20.9938 -0.0879892 -6.27999 -0.00258577 0.226339 
637.33 577.529 285.076 20.7817 -0.255332 -6.27999 0.00902331 0.218932 
634.734 560.243 283.919 21.033 -0.42296 -6.27999 0.0206345 0.205199 
632.07 542.956 282.154 21.7377 -0.574994 -6.27999 0.0322463 0.193394 
629.199 525.67 279.836 22.8421 -0.695971 -6.27999 0.0438583 0.180745 
626.001 508.384 277.073 24.2515 -0.772329 -6.27998 0.0554705 0.0615546 
622.379 491.099 274.027 25.8359 -0.793815 -6.27998 0.0670826 0.148885 
618.278 473.813 270.894 27.4402 -0.754668 -6.27998 0.0786949 0.098974 
613.687 456.528 267.892 28.8971 -0.654464 -6.27998 0.0903072 -0.0973165 
608.644 439.244 265.245 30.0422 -0.49851 -6.27998 0.10192 -0.0177268 
603.24 421.96 263.155 30.7295 -0.297727 -6.27998 0.113532 -0.0972758 
597.606 404.676 261.787 30.8464 -0.0679868 -6.27998 0.125144 -0.121783 
591.912 387.391 261.249 30.3267 0.171048 -6.27998 0.136757 0.102426 
586.348 370.107 261.578 29.1598 0.397533 -6.27997 0.14837 0.314781 
581.108 352.823 262.733 27.3955 0.589354 -6.27997 0.159983 0.30637 
576.373 335.538 264.592 25.1432 0.726196 -6.27997 0.171598 0.297982 
572.294 318.253 266.959 22.5657 0.79158 -6.27996 0.183213 0.303488 
568.975 300.967 269.577 19.8673 0.77467 -6.24418 0.194828 0.321912 
566.458 283.81 272.149 17.277 0.671673 -5.92252 0.206439 0.300599 
564.718 267.816 274.364 15.0293 0.486661 -5.60505 0.218048 0.279222 
563.66 252.969 275.924 13.3417 0.231717 -5.29181 0.229658 0.257828 
563.121 239.254 276.571 12.3933 -0.0736792 -4.98278 0.241269 0.236427 
562.885 226.656 276.119 12.3055 -0.403989 -4.67799 0.25288 0.215023 
562.696 215.161 274.474 13.1266 -0.729626 -4.37743 0.264492 0.193616 
562.281 204.754 271.646 14.8222 -1.01948 -4.0811 0.276104 0.172206 
561.376 195.931 267.76 17.2735 -1.24374 -3.78901 0.287716 0.150795 
559.751 188.166 263.05 20.282 -1.37682 -3.50115 0.299328 0.12938 
557.229 181.443 257.841 23.5839 -1.4 -3.21753 0.310939 0.10796 
553.716 175.746 252.528 26.8699 -1.30371 -2.93815 0.322551 0.0865319 
549.207 171.06 247.545 29.8117 -1.08901 -2.66302 0.334163 0.0650812 
543.794 167.369 243.322 32.0918 -0.768179 -2.39215 0.345776 0.0435433 
537.667 164.659 240.245 33.4337 -0.364347 -2.12557 0.357389 0.0101172 
531.102 162.913 238.62 34.1321 0.0899994 -1.87695 0.369 0 
531.102 162.913 238.62 34.1321 0.0899994 -1.87695 0.369 0 
526.599 162.066 238.77 33.4969 0.579662 -1.92364 -0.188388 1.02858 
522.205 161.097 240.206 31.9614 0.834052 -1.72808 -0.176775 1.00718 
518.127 160.639 242.314 29.9439 1.05411 -1.53559 -0.165163 0.985773 
514.473 160.686 245.006 27.5211 1.22798 -1.34618 -0.153551 0.964365 
511.332 161.228 248.164 24.792 1.34575 -1.15985 -0.141939 0.942958 
508.775 162.257 251.642 21.8734 1.4 -0.976601 -0.0951098 0.92155 
506.846 163.766 255.275 18.8911 1.4 -0.79643 0.094045 0.900142 
505.562 165.746 258.92 15.9379 1.4 -0.619339 0.199594 0.878734 
504.917 168.189 262.577 13.0229 1.36802 -0.445328 -0.095485 0.857326 
504.905 171.088 266.162 10.2554 1.14842 -0.274398 -0.0838743 0.835918 
505.505 174.434 269.185 7.97131 0.865378 -0.106547 -0.072262 0.814509 
506.614 178.218 271.475 6.28874 0.531095 0.0582244 -0.060648 0.793101 
508.107 182.434 272.898 5.29952 0.160648 0.219916 0.503473 0.771693 
509.835 187.073 273.354 5 -0.0125541 0.378527 0.941703 0.750285 
511.637 192.128 273.358 5.00001 -0.0116096 0.534056 0.925398 0.728877 
513.439 197.59 273.365 5.00001 -0.0106613 0.686504 0.909092 0.707469 
515.242 203.451 273.374 5.00001 -0.00971516 0.835869 0.892786 0.686061 
517.045 209.703 273.386 5.00001 -0.00876905 0.98215 0.87648 0.664653 
518.848 216.338 273.4 5.00001 -0.00782043 1.12535 0.860174 0.643244 
520.652 223.348 273.416 5 -0.0281862 1.26546 0.843846 0.621836 
522.457 230.725 273.38 5.04246 -0.0751118 1.40249 0.82752 0.600428 
524.256 238.461 273.22 5.17957 -0.127224 1.53644 0.811255 0.57902 
526.028 246.547 272.923 5.42004 -0.0919735 1.6673 0.794955 0.557612 
527.747 254.977 272.717 5.58806 -0.0539555 1.79508 0.778651 0.536204 
529.427 263.741 272.611 5.67935 -0.0182621 1.91977 0.762346 0.514795 
531.086 272.832 272.597 5.69987 0.013209 2.04138 0.74604 0.493387 
532.74 282.334 272.666 5.65922 0.0387146 2.1599 0.729734 0.471979 
534.401 292.147 272.801 5.57033 0.0567557 2.27533 0.713428 0.450571 
536.081 302.262 272.985 5.44891 0.0661587 2.38768 0.697122 0.429163 
537.787 312.671 273.193 5.31271 0.0661429 2.49694 0.680816 0.407755 
539.523 323.366 273.402 5.18075 0.056371 2.60312 0.66451 0.386346 
541.288 334.34 273.586 5.07239 0.0369782 2.7062 0.648204 0.364938 
543.079 345.583 273.719 5.0064 0.00857969 2.8062 0.631898 0.34353 
544.885 357.088 273.779 5 -0.0277456 2.90311 0.615591 0.322122 
546.696 368.847 273.743 5.06796 -0.0704951 2.99693 0.599285 0.300714 
548.494 380.851 273.595 5.22182 -0.117805 3.08767 0.404135 0.279305 
550.262 393.094 273.323 5.48986 -0.330932 3.17531 0.229654 0.257897 
551.984 405.565 272.491 6.19809 -0.604994 3.25987 0.241266 0.236489 
553.567 418.258 270.939 7.4389 -0.8561 3.34133 0.252878 0.215081 
554.895 431.165 268.724 9.15746 -1.07111 3.41971 0.26449 0.193673 
555.863 444.277 265.939 11.2737 -1.23828 3.495 0.276102 0.172264 
556.38 457.587 262.707 13.6855 -1.34789 3.5672 0.287715 0.150856 
556.381 471.086 259.178 16.2733 -1.3928 3.6363 0.299327 0.129448 
555.822 484.767 255.521 18.9049 -1.36883 3.70232 0.310939 0.108039 
554.691 498.621 251.915 21.4426 -1.27511 3.76525 0.322552 0.0866303 
553.004 512.64 248.544 23.7489 -1.11418 3.82508 0.334165 0.065221 
550.807 526.816 245.585 25.6939 -0.891998 3.88182 0.403035 0.0438095 
548.174 541.141 243.199 27.1552 -0.509052 3.93546 0.387305 -0.000218741 
545.203 555.607 241.81 27.8324 -0.0899995 3.92987 0.369 0 
545.203 555.607 241.81 27.8324 -0.0899995 3.92987 0.369 0 
533.192 607.994 240.617 27.0976 1.01481 3.64478 -0.188388 -1.02859 
521.507 657.65 250.014 19.17 1.24332 2.81515 -0.176776 -1.00718 
516.036 699.358 261.721 10.0674 0.766714 1.99654 -0.165163 -0.985776 
517.859 733.221 269.004 5 -0.513614 1.18894 0.0199599 -0.964367 
523.948 759.347 264.105 9.49796 -1.4 0.392387 1.08846 -0.942959 
526.656 777.849 250.65 19.7211 -0.340192 -0.393128 0.0104195 -0.921551 
521.053 788.835 247.696 21.7587 -0.107617 -1.16763 -0.118714 -0.900143 
513.779 792.407 247.002 21.7374 -0.251091 -1.9311 -0.107102 -0.878735 
506.53 788.667 244.935 22.7578 -0.37827 -2.68353 -0.0954896 -0.857327 
498.477 777.724 241.633 25.2104 -0.394848 -3.42492 -0.0838772 -0.835918 
488.476 759.682 237.853 27.6259 -0.172146 -4.15526 -0.0722575 -0.81451 
476.501 734.649 236.252 28.2633 0.301226 -4.87456 -0.060644 -0.793102 
464.258 702.728 239.373 25.4075 0.848628 -5.5828 -0.0490402 -0.771694 
454.383 664.024 247.779 18.737 1.12499 -6.28 -0.0374282 0.391674 
449.729 618.64 258.934 10.4645 0.809741 -6.28 -0.0258142 0.403574 
451.696 573.251 267.198 5 0.0675737 -6.28 0.644312 0.38241 
458.157 527.858 268.438 5 0.0675737 -6.28 0.644312 0.372734 
464.641 482.466 269.679 5 0.0675737 -6.28 0.644312 0.380764 
471.15 437.073 270.919 5 0.0675737 -6.28 0.644312 0.370913 
477.682 391.68 272.16 5 0.0675737 -6.28 0.644312 0.413072 
484.238 346.287 273.401 5 0.0675736 -6.28 0.644313 0.411959 
490.818 300.895 274.641 5 0.0675737 -6.28 0.644311 0.275306 
497.421 255.502 275.882 5 0.0675702 -6.28 0.644369 0.40215 
504.049 210.109 277.122 5 0.067648 -6.28 0.643024 -0.0494278 
510.7 164.716 278.364 5 0.0657974 -6.10839 0.626279 0.514796 
517.377 120.967 279.587 5 -0.0171714 -5.55046 0.746027 0.493388 
524.097 82.5599 279.63 5 -0.0162259 -5.00365 0.729729 0.47198 
530.822 49.389 279.493 5 -0.0152799 -4.46796 0.713425 0.450571 
537.548 21.3475 279.366 5 -0.0143337 -3.9434 0.69712 0.429163 
544.276 -1.67085 279.248 5 -0.0133875 -3.42996 0.680814 0.407755 
551.005 -19.7728 279.139 5 0.00117538 -2.92766 0.66451 0.386347 
557.733 -33.0649 279.169 5 0.0308164 -2.43649 0.648204 0.364939 
564.46 -41.6539 279.483 5 0.0368018 -1.95647 0.631898 0.343531 
571.196 -45.6463 279.855 5 0.0193986 -1.4876 0.615592 0.322122 
577.945 -45.149 280.06 5.0939 -0.021129 -1.02987 0.599286 0.300714 
584.638 -39.6943 279.875 5.5268 -0.0760021 -0.583306 0.58298 0.279306 
591.008 -29.9632 279.158 5.99144 -0.114308 -0.147896 0.566673 0.257898 
597.02 -16.0625 278.068 6.71305 -0.133353 0.276351 0.550367 0.23649 
602.463 1.901 276.784 7.53527 -0.110045 0.68943 0.534061 0.215082 
607.25 23.8205 275.71 8.14327 -0.035736 1.09134 0.517755 0.193673 
611.538 49.5889 275.339 8.17888 0.0695662 1.48206 0.501449 0.172265 
615.775 79.0988 275.975 7.45202 0.153588 1.86161 0.485143 0.150857 
620.568 112.243 277.427 6.1653 0.147406 2.22997 0.468837 0.129449 
626.381 148.913 278.84 5.0108 0.00124969 2.58714 0.452531 0.108041 
633.137 189.002 278.871 5 -0.271304 2.93312 0.436224 0.0866326 
639.957 232.405 276.292 6.98236 -0.56508 3.2679 0.344854 0.0652245 
645.265 279.014 270.87 11.0198 -1.38079 3.59149 0.403612 0.0438163 
647.53 328.725 257.575 20.7231 -1.16261 3.90388 0.387306 0.0223922 
642.056 381.432 246.22 28.8127 -0.09 4.20503 0.369 0 
642.056 381.432 246.22 28.8127 -0.09 4.20503 0.369 0 
631.822 425.926 245.314 28.2398 0.943537 4.04466 -0.188388 -1.02859 
621.769 469.18 252.406 21.8067 1.28206 3.44468 -0.176776 -1.00718 
615.754 507.792 262.195 14.027 1.15974 2.85366 -0.165163 -0.985776 
614.726 541.831 271.134 7.35464 0.482162 2.2716 -0.153551 -0.964367 
618.071 571.367 274.918 5 -0.664514 1.69852 0.0619781 -0.942959 
623.107 596.471 269.866 9.43513 -1.4 1.13442 1.04852 -0.921551 
625.427 617.215 259.072 17.3119 -0.989077 0.57931 1.00086 -0.900143 
622.634 633.672 251.358 22.3911 -0.0600325 0.0331686 -0.107102 -0.878735 
616.427 645.909 250.764 22.1279 -0.0468557 -0.504005 -0.0954898 -0.857327 
610.37 653.993 250.274 21.7965 -0.0396668 -1.0322 -0.0838776 -0.835918 
604.505 657.994 249.845 21.4356 -0.0434068 -1.5514 -0.0722653 -0.81451 
598.855 657.98 249.391 21.1108 -0.0601405 -2.06162 -0.0606531 -0.793102 
593.398 654.021 248.811 20.8969 -0.0870967 -2.56285 -0.0490408 -0.771694 
588.066 646.187 248.026 20.8483 -0.116066 -3.05509 -0.0374286 -0.750286 
582.754 634.547 247.017 20.9687 -0.134917 -3.53833 -0.0258163 -0.728878 
577.351 619.172 245.862 21.1899 -0.131375 -4.01257 -0.0142041 -0.707469 
571.79 600.13 244.73 21.3751 -0.0982568 -4.47781 -0.00259184 -0.686061 
566.088 577.491 243.853 21.3522 -0.0384646 -4.93404 0.00902041 -0.664653 
560.376 551.325 243.438 20.9749 0.0325176 -5.38127 0.0206327 -0.643219 
554.876 521.702 243.577 20.195 0.0886235 -5.81948 0.0322449 0.621837 
549.851 488.69 244.159 19.1205 0.100512 -5.39291 0.0438571 0.600429 
545.501 458.975 244.846 18.0263 0.0470034 -4.97535 0.0554694 0.57902 
541.85 432.488 245.133 17.2979 -0.0727528 -4.56682 0.0670816 0.557612 
538.676 409.159 244.503 17.3067 -0.231354 -4.1673 0.0786939 0.536204 
535.514 388.919 242.648 18.2439 -0.374458 -3.77681 0.0903061 0.514796 
531.767 371.698 239.674 19.9717 -0.434204 -3.39534 0.101918 0.493388 
526.915 357.428 236.216 21.9599 -0.353452 -3.0229 0.113531 0.47198 
520.768 346.038 233.359 23.369 -0.114411 -2.6595 0.125143 0.450571 
513.669 337.458 232.332 23.2971 0.239063 -2.30513 0.136755 0.429163 
506.546 331.617 234.038 21.1458 0.597459 -1.95981 0.148367 0.407755 
500.729 328.446 238.542 16.9908 0.808431 -1.62353 0.15998 0.386347 
497.525 327.872 244.729 11.8003 0.726579 -1.2963 0.171592 0.364939 
497.971 329.826 250.347 7.34875 0.278726 -0.978121 0.305673 0.343531 
501.334 334.561 252.558 6.03428 -0.0119365 -0.668982 0.615592 0.322122 
505.591 341.686 252.538 6.38994 -0.0383469 -0.368893 0.599286 0.300714 
509.634 351.131 252.422 6.8886 -0.0572969 -0.0778582 0.58298 0.279306 
513.371 362.827 252.365 7.47915 -0.0583821 0.204118 0.566673 0.257898 
516.744 376.703 252.293 8.05191 -0.0350339 0.477034 0.550367 0.23649 
519.758 392.689 252.394 8.46404 0.0112208 0.740885 0.534061 0.215082 
522.513 410.715 252.847 8.5889 0.0684091 0.995669 0.517755 0.193673 
525.19 430.711 253.741 8.37666 0.115392 1.24138 0.501449 0.172265 
528.007 452.606 255.001 7.90433 0.127573 1.47802 0.485143 0.150857 
531.136 476.331 256.36 7.38971 0.0862197 1.70559 0.468837 0.129449 
534.612 501.815 257.234 7.14983 -0.0112762 1.92408 0.452531 0.108041 
538.267 528.988 257.206 7.50105 -0.144282 2.13348 0.436224 0.0866327 
541.726 557.78 256.144 8.62248 -0.26918 2.33381 0.419918 0.0652245 
544.494 588.122 254.103 10.4276 -0.329634 2.52505 0.403612 0.0438163 
546.123 619.943 251.573 12.503 -0.276158 2.70721 0.387306 0.0224082 
546.42 653.173 249.43 13.8405 -0.09 2.88027 0.369 0 
546.42 653.173 249.43 13.8405 -0.09 2.88027 0.369 0 
263.07 369.823 17.3869 5.23734 0.0572413 -5.08117 3.49437e-06 5.63987e-15 
44.7785 118.877 0.0110015 5.04901 0.0102251 -1.6919 3.904e-06 2.81498e-15 
9.75292 32.187 0.011728 5.01081 -1.5865e-12 -6.64795e-12 4.39771e-06 6.86875e-22 
2.4714e-09 7.8066e-08 0.0117286 5.01081 -1.60161e-12 1.35779e-14 5.00306e-06 -5.12051e-22 
6.6422e-11 3.24266e-11 0.0117289 5.01081 -9.96116e-13 2.35057e-14 5.7621e-06 -7.68965e-22 
7.11463e-11 7.11399e-11 0.0117296 5.01081 -5.77689e-13 1.54077e-14 6.74242e-06 -6.14757e-22 
7.11579e-11 7.10887e-11 0.0117288 5.01081 -3.26851e-13 8.02231e-15 8.05981e-06 -5.48651e-22 
7.11484e-11 7.10597e-11 0.0117285 5.01081 -1.80506e-13 3.44823e-15 9.92975e-06 -9.66846e-22 
7.11481e-11 7.10485e-11 0.0117285 5.01081 -9.70157e-14 1.01032e-15 1.28012e-05 -2.22208e-21 
7.11474e-11 7.10638e-11 0.0117285 5.01081 -5.09263e-14 -1.39049e-16 1.77534e-05 -2.80071e-22 
7.11312e-11 7.10696e-11 0.0117285 5.01081 -2.68829e-14 -5.88828e-16 2.78004e-05 -3.33241e-22 
7.10506e-11 7.10616e-11 0.0117285 5.01081 -1.59614e-14 -6.90039e-16 5.24013e-05 -2.92785e-22 
7.20163e-11 7.10352e-11 0.0117285 5.01081 -1.30036e-14 -6.36202e-16 0.000122891 2.30652e-21 
8.75984e-11 7.09676e-11 0.0117285 5.01081 -1.34519e-14 -5.27381e-16 0.00034059 -1.59449e-21 
7.19637e-11 7.18986e-11 0.0117285 5.01081 -7.60074e-15 -4.11454e-16 0.000999336 1.27622e-21 
7.10281e-11 8.74702e-11 0.0117285 5.01081 2.52314e-14 -3.08596e-16 0.00281762 -4.12992e-22 
7.10983e-11 7.18983e-11 0.0117285 5.01081 6.6644e-14 -2.25074e-16 0.00716299 1.42849e-21 
7.11101e-11 7.09274e-11 0.0117285 5.01081 3.52916e-14 -1.60749e-16 0.0175954 2.37256e-21 
7.11078e-11 7.09971e-11 0.0117285 5.01081 5.59264e-14 -1.12945e-16 0.0291437 -1.22155e-21 
7.11069e-11 7.10087e-11 0.0117285 5.01081 9.58388e-14 -7.83598e-17 0.0406882 2.29494e-22 
7.11076e-11 7.10066e-11 0.0117285 5.01081 1.09829e-13 -5.3904e-17 0.0522289 3.87425e-21 
7.11088e-11 7.10054e-11 0.0117285 5.01081 1.08537e-13 -3.70165e-17 0.0637655 -2.95076e-21 
7.11096e-11 7.10059e-11 0.0117285 5.01081 1.04628e-13 -2.57264e-17 0.0752981 5.81663e-22 
7.111e-11 7.10068e-11 0.0117285 5.01081 1.01804e-13 -1.86076e-17 0.0868265 -3.47352e-23 
7.11101e-11 7.10075e-11 0.0117285 5.01081 1.00277e-13 -1.46958e-17 0.098351 4.13181e-22 
7.11101e-11 7.10079e-11 0.0117285 5.01081 9.95706e-14 -1.34087e-17 0.109872 -1.02016e-21 
7.111e-11 7.1008e-11 0.0117285 5.01081 9.92823e-14 -1.44675e-17 0.121389 -2.95096e-21 
7.11099e-11 7.1008e-11 0.0117285 5.01081 9.91817e-14 -1.78096e-17 0.132903 -3.57466e-21 
7.11098e-11 7.10079e-11 0.0117285 5.01081 9.91551e-14 -2.34665e-17 0.144415 5.12232e-21 
7.11097e-11 7.10078e-11 0.0117285 5.01081 9.91526e-14 -3.13551e-17 0.155924 -3.90948e-21 
7.11097e-11 7.10079e-11 0.0117285 5.01081 9.91547e-14 -4.08718e-17 0.167432 -3.26464e-23 
7.11097e-11 7.1008e-11 0.0117285 5.01081 9.91574e-14 -5.01523e-17 0.178939 -5.78138e-22 
7.11097e-11 7.10083e-11 0.0117285 5.01081 9.91682e-14 -5.47139e-17 0.190446 -1.94299e-21 
7.11098e-11 7.10086e-11 0.0117285 5.01081 9.9212e-14 -4.51368e-17 0.201952 -2.71583e-21 
7.11098e-11 7.10089e-11 0.0117285 5.01081 9.93518e-14 -3.3867e-18 0.213456 -4.27246e-21 
7.11099e-11 7.10091e-11 0.0117285 5.01081 9.9733e-14 1.02317e-16 0.224957 -3.55128e-21 
7.111e-11 7.1009e-11 0.0117285 5.01081 1.00668e-13 3.22813e-16 0.236452 7.12485e-21 
7.111e-11 7.10086e-11 0.0117285 5.01081 1.02775e-13 7.27821e-16 0.247935 4.02456e-21 
7.111e-11 7.10083e-11 0.0117285 5.01081 1.07109e-13 1.38253e-15 0.259402 7.95063e-21 
7.11099e-11 7.10088e-11 0.0117285 5.01081 1.14936e-13 2.25346e-15 0.270847 6.3838e-21 
7.11097e-11 7.10093e-11 0.0117285 5.01081 1.25691e-13 2.93145e-15 0.282267 9.53379e-21 
7.11095e-11 7.09959e-11 0.0117285 5.01081 1.28311e-13 1.95444e-15 0.293663 5.88261e-21 
7.11095e-11 7.0929e-11 0.0117285 5.01081 7.32901e-14 -4.4817e-15 0.305041 2.13473e-20 
7.11101e-11 7.18837e-11 0.0117284 5.01081 -1.90357e-13 -2.34325e-14 0.316415 -6.44791e-21 
7.11095e-11 8.74529e-11 0.0117285 5.01081 -8.9336e-13 -5.69716e-14 0.327795 -4.46564e-21 
7.11101e-11 7.19292e-11 0.0117288 5.01081 -9.48775e-13 -1.70151e-14 0.339151 3.9927e-21 
7.12242e-11 -7.04941e-11 0.0117292 5.01081 7.33244e-12 -2.48083e-12 0.350388 -1.92862e-20 
7.88088e-10 2.44482e-06 0.0117288 5.01081 1.52733e-10 1.14425e-09 0.361563 -5.90011e-20 
18.624 188.08 159.931 5.01081 -8.61484e-12 1.85308e-13 0.369 0 
18.624 188.08 159.931 5.01081 -8.61484e-12 1.85308e-13 0.369 0 
32.7058 223.429 161.082 5.35205 -1.19427 -0.420585 1.15369 -1.02849 
46.7538 249.192 135.002 25.5611 0.27638 -2.13721 -0.176776 -1.00704 
22.0038 235.862 141.701 19.4516 0.809147 -3.8285 -0.165163 -0.985471 
8.44317 183.978 160.766 5 0.0480627 -5.49418 0.720907 0.778403 
22.4612 94.1098 163.013 5 0.0480631 -4.73139 0.720907 0.942619 
36.5957 21.6265 165.259 5 0.048064 -3.12496 0.720907 0.920383 
50.8619 -14.2449 167.506 5 0.0480648 -1.54592 0.720907 0.21339 
65.2594 -14.1287 169.753 5 0.0480651 -0.936084 0.720907 -0.210724 
79.7706 -0.113885 172 5 0.0480648 -1.54904 0.720907 -0.000136859 
94.3732 -0.0689316 174.246 5 0.0480648 -1.55184 0.720907 -6.32619e-05 
109.078 -0.0876996 176.493 5 0.0480648 -1.55161 0.720907 9.71557e-05 
123.886 -0.101283 178.74 5 0.0480648 -1.55138 0.720907 -0.000104937 
138.797 -0.109628 180.987 5 0.0480648 -1.55155 0.720907 -6.66258e-05 
153.81 -0.12178 183.234 5 0.0480648 -1.55153 0.720907 -0.000229899 
168.925 -0.13361 185.48 5 0.0480648 -1.55156 0.720907 0.000612312 
184.143 -0.14609 187.727 5 0.0480648 -1.55149 0.720907 0.000274846 
199.464 -0.156861 189.974 5 0.0480648 -1.55157 0.720907 0.000322811 
214.887 -0.169465 192.221 5 0.0480648 -1.55156 0.720907 0.000239933 
230.413 -0.181936 194.467 5 0.0480648 -1.55156 0.720907 0.000556334 
246.042 -0.194283 196.714 5 0.0480648 -1.55156 0.720907 0.000574305 
261.773 -0.206711 198.961 5 0.0480648 -1.55157 0.720907 0.000582793 
277.607 -0.219318 201.208 5 0.0480648 -1.55158 0.720907 0.00042042 
293.543 -0.232259 203.455 5 0.0480648 -1.55179 0.720907 0.000176995 
309.582 -0.249833 205.701 5 0.0480648 -1.55134 0.720906 0.00021575 
325.724 -0.257192 207.948 5 0.048063 -1.55158 0.720939 9.9454e-05 
341.968 -0.26995 210.195 5 0.0481722 -1.55156 0.719056 1.107e-05 
358.314 -0.282351 212.444 5 0.0418686 -1.55204 0.718175 4.92565e-05 
374.767 -0.305749 214.55 5.11019 0.032737 -1.5512 0.713429 -1.01095e-05 
391.118 -0.309808 216.443 5.36712 0.0314823 -1.55159 0.697122 2.72349e-07 
407.087 -0.322439 218.299 5.62405 0.0302279 -1.5516 0.680816 6.08613e-07 
422.672 -0.334838 220.116 5.88098 0.0289738 -1.55156 0.66451 -3.79756e-06 
437.872 -0.345992 221.896 6.1379 0.0277187 -1.55161 0.648204 2.96393e-05 
452.684 -0.357959 223.637 6.39483 0.0264611 -1.55155 0.631898 -3.68472e-05 
467.108 -0.368103 225.341 6.65181 0.0252029 -1.55184 0.615592 1.44771e-05 
481.14 -0.384575 227.006 6.90884 0.023955 -1.55169 0.599286 -1.56249e-05 
494.779 -0.397081 228.634 7.16574 0.0227292 -1.55179 0.58298 4.2248e-05 
508.024 -0.41169 230.224 7.42215 0.021496 -1.55141 0.566673 7.34465e-05 
520.875 -0.41708 231.777 7.67826 0.0201484 -1.55057 0.550367 -0.00025389 
533.329 -0.402973 233.289 7.93611 0.0186264 -1.55334 0.534061 0.000232617 
545.381 -0.451657 234.758 8.19845 0.0173086 -1.55051 0.517755 -0.000169188 
557.023 -0.435388 236.187 8.46109 0.0171612 -1.55366 0.501449 -0.130254 
568.25 -0.490739 237.603 8.70368 0.0182153 -2.11707 0.485143 -0.0136433 
579.088 -13.3863 239.034 8.90836 0.0161109 -1.76284 0.468837 0.129421 
589.625 -18.2084 240.41 9.13553 0.00274801 -1.17772 0.452531 0.108025 
599.827 -9.69488 241.473 9.57709 -0.0167132 -0.619001 0.436224 0.0866197 
609.289 11.553 242.076 10.3069 0.00417511 -0.0867325 0.419918 0.0652121 
617.447 44.9328 243.129 10.5826 0.126568 0.419054 0.403612 0.0438019 
625.103 89.8468 246.961 8.71147 0.24968 0.898324 0.387306 -0.00168286 
636.303 146.389 253.667 5 -0.09 0.609816 0.369 0 
636.303 146.389 253.667 5 -0.09 0.609816 0.369 0 
646.235 182.316 252.711 6.68223 -1.25925 0.611258 1.15369 -1.02859 
654.299 218.268 232.435 22.2774 -0.210962 -0.324518 -0.142544 -1.00718 
640.736 238.81 229.028 23.9929 0.0608128 -1.24143 -0.165162 -0.985765 
624.692 244.239 230.056 22.132 0.539522 -2.13945 -0.15355 -0.964353 
610.97 234.862 239.025 14.4586 0.746897 -3.01856 -0.141933 -0.942936 
607.601 210.984 251.615 5.00009 -0.21951 -3.87874 0.551771 -0.921503 
617.449 172.916 248.523 8.1736 -0.936201 -4.71994 1.00545 -0.182105 
623.229 120.984 233.533 19.6648 -0.0263104 -4.88793 -0.107078 0.878671 
613.032 66.2948 233.24 19.3192 -0.078811 -4.08948 -0.0954751 0.857285 
603.309 24.7679 232.089 19.6608 -0.155689 -3.30998 -0.0836306 0.835879 
593.133 -3.90845 229.663 20.9213 -0.148566 -2.54947 -0.0722491 0.81446 
581.219 -20.0463 227.32 21.9488 0.083292 -1.80798 -0.0606385 0.793004 
567.804 -23.9594 228.773 19.9494 0.499685 -1.08555 -0.049 0.408188 
556.95 -15.9651 237.143 12.934 0.624407 -0.713299 0.0991536 -0.750006 
555.604 -1.84162 247.754 5.00017 0.0158988 -1.39616 0.84519 -0.286053 
565.279 1.01634 248.543 5.00769 0.0171026 -1.6567 0.844001 0.0924603 
574.967 -0.42071 249.352 5.00016 0.016529 -1.5725 0.844703 0.00312389 
584.693 -0.469848 250.152 5.00013 0.0165208 -1.56966 0.844823 -0.000354199 
594.445 -0.472104 250.952 5.00011 0.016803 -1.56998 0.836291 -3.328e-06 
604.223 -0.479693 251.756 5.00277 -0.00392972 -1.56999 0.843868 -8.77745e-06 
614.032 -0.48735 252.219 5.25965 -0.00518829 -1.57 0.827566 1.95889e-05 
623.517 -0.494876 252.654 5.51659 -0.00644467 -1.56998 0.81126 -4.55201e-05 
632.677 -0.501844 253.061 5.77355 -0.00769858 -1.57002 0.794954 8.10809e-05 
641.512 -0.509232 253.441 6.03049 -0.00894881 -1.56995 0.778648 -0.00010634 
650.02 -0.515137 253.794 6.28738 -0.0101974 -1.57004 0.762342 -0.000367584 
658.201 -0.522374 254.119 6.5442 -0.0114527 -1.57038 0.746036 0.00237346 
666.054 -0.534868 254.417 6.80104 -0.0127252 -1.56822 0.72973 0.123576 
673.578 -0.511447 254.687 7.05811 -0.0140118 -1.45561 0.713424 0.0136019 
680.773 1.36853 254.929 7.31557 -0.0152756 -1.44314 0.697118 -0.429003 
687.636 3.45435 255.143 7.57308 -0.0164569 -1.83397 0.680812 -0.407626 
694.162 -0.902397 255.331 7.82961 -0.0175484 -2.20557 0.664506 -0.317915 
700.351 -11.3848 255.494 8.08413 -0.0187056 -2.49568 0.6482 0.36488 
706.205 -26.6495 255.632 8.33769 -0.0202407 -2.16381 0.631894 0.343505 
711.734 -36.4429 255.737 8.59513 -0.0222969 -1.8512 0.615588 0.322106 
716.931 -41.0826 255.802 8.86257 -0.0242579 -1.55788 0.599282 0.300703 
721.782 -40.8867 255.827 9.13774 -0.0245641 -1.28387 0.582976 0.279297 
726.273 -36.1734 255.84 9.39906 -0.0220399 -1.02919 0.56667 0.25789 
730.422 -27.2612 255.888 9.61252 -0.018904 -0.793841 0.550364 0.236483 
734.293 -14.4691 255.982 9.77558 -0.0226432 -0.577844 0.534057 0.215075 
737.956 1.88391 256.01 9.97988 -0.0409937 -0.381212 0.517751 0.193667 
741.358 21.4787 255.73 10.4043 -0.0672303 -0.203956 0.501445 0.172259 
744.202 43.996 255.006 11.124 -0.0668313 -0.0460893 0.485139 0.15085 
746.073 69.1165 254.27 11.7732 0.00580774 0.0923741 0.468833 0.129442 
747.04 96.5203 254.714 11.4536 0.13828 0.211419 0.452527 0.108032 
748.401 125.886 257.35 9.51866 0.178106 0.311032 0.436221 0.0866223 
752.394 156.892 260.695 7.30396 -0.125165 0.3912 0.419915 0.0652098 
759.524 189.218 259.098 9.14268 -0.808556 0.451918 0.403609 0.0437882 
764.398 222.546 246.186 19.3668 -1.23166 0.493174 0.387303 0.0205743 
755.481 256.564 226.03 33.8111 -0.0899912 0.513316 0.369 0 
755.481 256.564 226.03 33.8111 -0.0899912 0.513316 0.369 0 
752.404 260.287 225.827 33.6409 0.255857 0.496996 -0.188388 -1.02779 
749.339 263.98 226.245 33.0448 0.448757 0.378831 -0.176775 -0.019153 
746.353 267.462 227.01 32.1916 0.634232 0.393502 -0.165163 0.985622 
743.487 270.969 228.111 31.0943 0.807926 0.507832 -0.153551 0.964276 
740.776 274.682 229.527 29.7719 0.96572 0.620059 -0.141939 0.942894 
738.254 278.596 231.229 28.2486 1.10382 0.730176 -0.130327 0.921501 
735.953 282.707 233.183 26.5539 1.21886 0.838182 -0.118714 0.900102 
733.899 287.012 235.348 24.721 1.30796 0.944074 -0.107102 0.8787 
732.113 291.506 237.679 22.787 1.36885 1.04785 -0.0954898 0.857296 
730.611 296.186 240.124 20.7917 1.39985 1.14952 -0.0838775 0.835891 
729.403 301.049 242.63 18.7764 1.4 1.24907 -0.0722616 0.814486 
728.494 306.09 245.143 16.7836 1.36902 1.3465 -0.0606495 0.793079 
727.883 311.305 247.606 14.8554 1.30735 1.44182 -0.0490374 0.771673 
727.559 316.691 249.963 13.033 1.21615 1.53502 -0.0374252 0.750266 
727.509 322.244 252.162 11.3555 1.0973 1.62611 -0.0258129 0.728859 
727.713 327.96 254.153 9.85885 0.953303 1.71509 -0.0142005 0.707452 
728.144 333.836 255.89 8.57774 0.787292 1.80194 -0.002588 0.686044 
728.771 339.867 257.333 7.56761 0.602974 1.88669 0.0090246 0.664637 
729.556 346.05 258.448 6.81993 0.404994 1.96931 0.0206374 0.643229 
730.459 352.382 259.21 6.35024 0.197839 2.04983 0.0322504 0.621821 
731.44 358.857 259.602 6.16783 -0.0137478 2.12822 0.0438637 0.600413 
732.457 365.474 259.615 6.27536 -0.224875 2.2045 0.0554777 0.579005 
733.466 372.227 259.249 6.66883 -0.430616 2.27866 0.067093 0.557597 
734.424 379.113 258.513 7.33754 -0.626123 2.35071 0.0787117 0.536189 
735.291 386.129 257.424 8.26431 -0.80674 2.42064 0.0903436 0.514781 
736.027 393.275 256.008 9.4258 -0.968105 2.48845 0.33395 0.493373 
736.597 400.569 254.3 10.7746 -1.01126 2.55414 0.729691 0.471965 
736.969 407.983 252.51 12.1352 -0.925303 2.61772 0.713405 0.450556 
737.135 415.51 250.871 13.3639 -0.820766 2.67918 0.697104 0.429148 
737.116 423.148 249.416 14.4358 -0.699939 2.73852 0.680801 0.407739 
736.933 430.893 248.174 15.3116 -0.565522 2.79575 0.664495 0.386331 
736.615 438.74 247.171 15.9832 -0.420874 2.85085 0.648189 0.364922 
736.192 446.687 246.426 16.4509 -0.269489 2.90383 0.631881 0.343513 
735.693 454.728 245.95 16.7077 -0.114848 2.9547 0.615572 0.322104 
735.151 462.861 245.752 16.7518 0.03946 3.00344 0.599258 0.300695 
734.595 471.081 245.83 16.5862 0.189818 3.05007 0.582927 0.279286 
734.059 479.385 246.178 16.2185 0.332659 3.09458 0.250636 0.257876 
733.572 487.768 246.784 15.6865 0.347048 3.13696 0.241317 0.236466 
733.163 496.228 247.417 15.1419 0.349807 3.17723 0.252903 0.215056 
732.834 504.759 248.057 14.5989 0.346403 3.21538 0.264507 0.193645 
732.586 513.359 248.692 14.0661 0.336888 3.2514 0.276115 0.172233 
732.417 522.024 249.312 13.5515 0.321446 3.28531 0.287725 0.150819 
732.325 530.749 249.907 13.0631 0.300404 3.31709 0.299335 0.129404 
732.306 539.532 250.465 12.6081 0.274217 3.34676 0.310947 0.107985 
732.356 548.367 250.978 12.1934 0.243465 3.3743 0.322558 0.0865582 
732.468 557.252 251.437 11.8245 0.208842 3.39971 0.33417 0.0651128 
732.636 566.182 251.836 11.5063 0.171135 3.423 0.345782 0.0435907 
732.853 575.154 252.168 11.2424 0.131211 3.44415 0.357394 -0.00313172 
733.111 584.164 252.43 11.0388 0.0899982 3.43804 0.369 0 
733.111 584.164 252.43 11.0388 0.0899982 3.43804 0.369 0 
734.953 608.353 251.754 9.41502 0.142953 2.19239 1.15369 -1.0285 
737.439 626.214 251.36 7.46444 -0.657661 0.657768 1.13739 -1.00701 
740.79 636.28 246.915 8.67573 -1.4 -0.871101 1.12108 -0.985515 
743.672 638.582 238.69 12.7191 -1.4 -2.39421 1.10478 -0.963935 
744.818 633.149 230.433 16.6322 -1.4 -3.91153 1.08847 -0.942016 
744.282 620.011 222.143 20.4195 -1.4 -5.42285 1.07216 -0.15983 
742.114 599.199 213.823 24.0851 -1.39927 -6.27967 1.05586 0.010239 
738.366 574.035 205.477 27.6303 -0.569889 -6.27964 1.03955 0.00550779 
733.006 548.873 201.314 27.8569 -0.5764 -6.27963 1.02324 0.00101588 
727.512 523.711 197.116 28.1048 -0.584339 -6.27962 1.00694 -0.00270413 
721.875 498.55 192.876 28.3789 -0.59267 -6.27961 0.990633 -0.00621197 
716.084 473.388 188.591 28.6797 -0.600135 -6.27961 0.974327 -0.0089425 
710.128 448.227 184.266 29.0031 -0.605451 -6.2796 0.95802 -0.0115431 
703.998 423.065 179.911 29.34 -0.607545 -6.2796 0.941714 -0.0145394 
697.685 397.904 175.543 29.6774 -0.605788 -6.27959 0.925408 -0.0149125 
691.191 372.743 171.182 30.0006 -0.600173 -6.27958 0.909102 -0.0160714 
684.521 347.582 166.846 30.295 -0.591414 -6.27957 0.892796 -0.0190317 
677.685 322.421 162.552 30.5495 -0.580909 -6.27956 0.87649 -0.0196526 
670.701 297.261 158.309 30.7586 -0.570593 -6.27955 0.860184 -0.0213875 
663.588 272.1 154.117 30.9247 -0.562645 -6.27954 0.843878 -0.0205128 
656.364 246.94 149.964 31.0581 -0.559128 -6.27952 0.827571 -0.020025 
649.043 221.779 145.828 31.1772 -0.56158 -6.2795 0.811265 -0.0193793 
641.632 196.619 141.679 31.3055 -0.570657 -6.27947 0.794959 -0.0229366 
634.127 171.459 137.482 31.4683 -0.585876 -6.27944 0.778653 -0.0278146 
626.515 146.3 133.207 31.6881 -0.605541 -6.2794 0.762347 0.0633877 
618.771 121.14 128.83 31.9804 -0.626881 -6.27936 0.746041 0.147278 
610.867 95.9811 124.342 32.349 -0.646402 -6.00507 0.729735 0.469944 
602.77 72.2152 119.752 32.7846 -0.660438 -4.62798 0.713429 0.449394 
594.456 55.4436 115.087 33.2636 -0.665804 -3.25611 0.697122 0.428253 
585.905 45.6399 110.391 33.7512 -0.660458 -1.88981 0.680816 0.406952 
577.113 42.7758 105.719 34.2056 -0.644055 -0.529184 0.66451 0.385574 
568.093 46.8224 101.125 34.5853 -0.618256 0.825726 0.648204 0.364135 
558.874 57.7507 96.6603 34.8563 -0.586713 2.17488 0.631898 0.342619 
549.502 75.5314 92.3532 35.0002 -0.554686 3.51824 0.615592 0.32094 
540.03 100.135 88.2075 35.0192 -0.528299 4.85571 0.599286 0.298664 
530.51 131.532 84.1957 34.9393 -0.513525 6.18692 0.58298 0.0380376 
520.986 169.69 80.2596 34.8086 -0.515054 6.27925 0.566673 0.00375966 
511.475 208.316 76.3168 34.6918 -0.535234 6.27927 0.550367 0.000561666 
501.974 246.943 72.2725 34.6604 -0.573282 6.27931 0.534061 2.13061e-05 
492.449 285.57 68.0351 34.7808 -0.62498 6.27934 0.517755 -9.50694e-06 
482.837 324.197 63.5342 35.1007 -0.682944 6.27937 0.501449 -9.44508e-06 
473.054 362.825 58.7363 35.6375 -0.737543 6.27938 0.485143 -7.27343e-06 
463.01 401.452 53.6568 36.3713 -0.778352 6.2794 0.468837 -5.30048e-06 
452.62 440.08 48.364 37.2421 -0.795983 6.27941 0.452531 -3.6489e-06 
441.823 478.708 42.9745 38.1559 -0.783979 6.27941 0.436224 -2.321e-06 
430.598 517.337 37.6386 38.9967 -0.740451 6.2794 0.419918 -1.3376e-06 
418.973 555.966 32.5169 39.6451 -0.669099 6.27903 0.403612 1.83743e-06 
407.024 594.593 27.7523 40 -0.579345 6.27942 0.387306 -0.000201216 
394.873 633.222 23.4407 40 0.454934 5.58489 0.369 0 
90.37 141.17 547.75 17.7698 0.490116 0 0.183491 0 
90.37 141.17 547.75 17.7698 0.490117 1.74088e-08 0.183491 6.26255e-06 
90.3708 141.143 547.8 17.7424 0.490178 0.00975399 0.184029 3.14615e-05 
530.024 70.8419 513.831 17.8484 0.488187 0.0536233 0.181944 -0.000131646 
509.314 314.695 533.139 17.804 0.489282 0.0231142 0.182819 -5.71847e-05 
501.052 420.606 541.723 17.7839 0.489772 0.00953587 0.183213 -2.36219e-05 
497.684 464.356 545.282 17.7756 0.489975 0.00390477 0.183377 -9.67279e-06 
496.308 482.27 546.739 17.7722 0.490058 0.00159886 0.183444 -3.95794e-06 
495.747 489.601 547.335 17.7708 0.490092 0.000657282 0.183472 -1.62388e-06 
495.518 492.608 547.577 17.7702 0.490106 0.000273283 0.183483 -6.71687e-07 
495.424 493.852 547.676 17.77 0.490112 0.000116969 0.183488 -2.83777e-07 
495.386 494.378 547.716 17.7699 0.490114 5.36306e-05 0.18349 -1.26259e-07 
495.37 494.611 547.732 17.7698 0.490115 2.82893e-05 0.18349 -6.28545e-08 
495.364 494.728 547.738 17.7698 0.490115 1.85175e-05 0.183491 -3.79698e-08 
495.361 494.798 547.74 17.7698 0.490116 1.51677e-05 0.183491 -2.892e-08 
495.36 494.852 547.741 17.7698 0.490116 1.45177e-05 0.183491 -2.64598e-08 
495.36 494.9 547.741 17.7698 0.490116 1.50677e-05 0.183491 -2.68645e-08 
495.36 494.95 547.74 17.7698 0.490115 1.62123e-05 0.183491 -2.86092e-08 
495.36 495.003 547.739 17.7698 0.490115 1.77281e-05 0.183491 -3.11156e-08 
495.359 495.061 547.738 17.7698 0.490115 1.95476e-05 0.183491 -3.41847e-08 
495.359 495.124 547.736 17.7698 0.490115 2.16733e-05 0.183491 -3.77931e-08 
495.359 495.194 547.735 17.7698 0.490115 2.41348e-05 0.183491 -4.19616e-08 
495.359 495.271 547.733 17.7698 0.490115 2.69946e-05 0.18349 -4.67909e-08 
495.359 495.358 547.731 17.7698 0.490115 3.03307e-05 0.18349 -5.2404e-08 
495.359 495.455 547.729 17.7698 0.490115 3.42418e-05 0.18349 -5.89485e-08 
495.359 495.564 547.726 17.7698 0.490115 3.88619e-05 0.18349 -6.66431e-08 
495.359 495.687 547.722 17.7698 0.490115 4.43541e-05 0.18349 -7.57246e-08 
495.359 495.827 547.718 17.7698 0.490114 5.09459e-05 0.18349 -8.65615e-08 
495.358 495.987 547.713 17.7699 0.490114 5.89181e-05 0.18349 -9.95545e-08 
495.358 496.172 547.707 17.7699 0.490114 6.86684e-05 0.18349 -1.15304e-07 
495.358 496.385 547.699 17.7699 0.490114 8.07291e-05 0.18349 -1.34576e-07 
495.357 496.634 547.69 17.7699 0.490113 9.58485e-05 0.183489 -1.5842e-07 
495.357 496.927 547.678 17.7699 0.490112 0.000115105 0.183489 -1.88294e-07 
495.356 497.275 547.662 17.7699 0.490112 0.000140103 0.183489 -2.26277e-07 
495.355 497.694 547.641 17.77 0.490111 0.000173324 0.183488 -2.75381e-07 
495.354 498.203 547.613 17.77 0.490109 0.000218786 0.183487 -3.40155e-07 
495.352 498.832 547.572 17.77 0.490108 0.000283324 0.183486 -4.27664e-07 
495.349 499.623 547.512 17.7701 0.490105 0.000379196 0.183485 -5.49418e-07 
495.344 500.64 547.418 17.7702 0.490101 0.000529515 0.183483 -7.24988e-07 
495.337 501.981 547.261 17.7703 0.490094 0.000779878 0.183481 -9.89515e-07 
495.323 503.811 546.982 17.7705 0.490083 0.00122358 0.183477 -1.40919e-06 
495.296 506.417 546.459 17.7708 0.490062 0.00205695 0.183471 -2.11583e-06 
495.244 510.329 545.428 17.7714 0.490021 0.00370038 0.18346 -3.38672e-06 
495.135 516.591 543.32 17.7724 0.489939 0.00705879 0.183439 -5.85022e-06 
494.907 527.407 538.932 17.7747 0.489767 0.0140506 0.183395 -1.11146e-05 
494.428 547.954 529.876 17.7806 0.4894 0.0284809 0.183279 -2.38924e-05 
493.474 592.131 512.331 17.7962 0.488648 0.0564399 0.182972 -5.48424e-05 
491.738 693.518 482.089 17.8134 0.487451 0.104611 0.182633 -9.10243e-05 
487.604 866.757 421.436 17.7656 0.485577 0.20546 0.183529 -0.000382579 
668.235 964.45 212.839 22.7738 3.663e-05 0.0190985 0.182491 0 
668.235 964.45 212.839 22.7738 3.663e-05 0.0190985 0.182491 0 
659.913 980.506 212.875 22.0259 0.701832 0.0197414 -0.154672 -0.614832 
652.056 996.568 220.011 16.0851 0.815107 -0.322859 -0.11733 -0.56937 
649.125 1009.17 228.387 9.64814 0.414952 -0.640221 0.0703193 -0.523793 
651.651 1018.56 232.825 6.62598 -0.313241 -0.932262 0.650655 -0.47848 
656.857 1024.99 229.958 9.1394 -0.446484 -1.19911 0.677392 -0.433871 
659.996 1028.74 225.705 12.4993 -0.297327 -1.44117 0.492161 -0.390449 
660.298 1030.04 222.904 14.5745 -0.107899 -1.65908 0.301951 -0.348697 
658.823 1029.14 221.982 15.1424 -0.00910192 -1.85378 0.224262 -0.309069 
656.849 1026.27 222.049 14.9484 0.0256591 -2.02643 0.211935 -0.271951 
655.025 1021.67 222.47 14.5056 0.02285 -2.17843 0.228934 -0.237629 
653.567 1015.52 222.87 14.1059 0.00334765 -2.31134 0.254713 -0.206281 
652.444 1008.04 223.08 13.8709 -0.0152772 -2.4268 0.275679 -0.177971 
651.517 999.384 223.105 13.7851 -0.0245383 -2.5265 0.286784 -0.15266 
650.662 989.724 223.038 13.7712 -0.0251462 -2.61211 0.290421 -0.130232 
649.816 979.2 222.965 13.7612 -0.0215929 -2.68523 0.2913 -0.110509 
648.976 967.938 222.928 13.7242 -0.0177091 -2.74737 0.292711 -0.093278 
648.163 956.047 222.931 13.6592 -0.0152836 -2.79992 0.295787 -0.0783096 
647.402 943.626 222.96 13.5784 -0.0144699 -2.84414 0.30026 -0.0653696 
646.707 930.758 222.998 13.4947 -0.0146462 -2.88115 0.305378 -0.0542319 
646.08 917.517 223.036 13.4156 -0.0151074 -2.91195 0.3105 -0.0446838 
645.517 903.964 223.07 13.3429 -0.0154076 -2.93744 0.315308 -0.0365302 
645.014 890.154 223.102 13.2752 -0.0154015 -2.95839 0.319773 -0.0295946 
644.566 876.132 223.136 13.2099 -0.0151377 -2.97547 0.324002 -0.0237197 
644.171 861.937 223.173 13.145 -0.0147449 -2.98928 0.328107 -0.0187661 
643.83 847.603 223.215 13.0796 -0.0143745 -3.00033 0.332144 -0.0146111 
643.542 833.158 223.263 13.0137 -0.0141825 -3.00907 0.336115 -0.0111473 
643.308 818.624 223.313 12.949 -0.0143001 -3.01587 0.339994 -0.00828049 
643.128 804.021 223.363 12.8877 -0.014758 -3.02108 0.343764 -0.00592858 
642.998 789.366 223.409 12.8323 -0.0153876 -3.02498 0.347429 -0.00401973 
642.914 774.671 223.45 12.7837 -0.0157848 -3.02781 0.350998 -0.00249115 
642.87 759.948 223.488 12.7398 -0.0154399 -3.02979 0.354464 -0.00128788 
642.863 745.204 223.529 12.6946 -0.0140723 -3.0311 0.357775 -0.000361756 
642.893 730.448 223.586 12.6404 -0.0120527 -3.0319 0.360842 0.000329525 
642.967 715.683 223.663 12.5728 -0.0106198 -3.0323 0.363574 0.000823168 
643.097 700.914 223.757 12.4975 -0.011544 -3.03244 0.365945 0.00115196 
643.291 686.144 223.842 12.4332 -0.0160888 -3.03238 0.368023 0.00134483 
643.539 671.374 223.882 12.4071 -0.0235989 -3.03223 0.369957 0.00142735 
643.81 656.606 223.847 12.4395 -0.0305988 -3.03202 0.371878 0.00142215 
644.056 641.84 223.741 12.5228 -0.0315119 -3.03182 0.373782 0.00134928 
644.232 627.076 223.624 12.6067 -0.0215755 -3.03166 0.375483 0.00122652 
644.337 612.314 223.606 12.6081 -0.00115879 -3.03156 0.376692 0.00106965 
644.435 597.552 223.794 12.4519 0.0209643 -3.03156 0.377191 0.000892704 
644.66 582.791 224.208 12.1357 0.0286322 -3.03165 0.376988 0.000708194 
645.147 568.028 224.705 11.7816 0.00565685 -3.03185 0.376335 0.000527302 
645.935 553.264 224.975 11.6276 -0.051915 -3.03215 0.375552 0.000360085 
646.865 538.496 224.667 11.9264 -0.124717 -3.03254 0.374751 0.00021554 
647.562 523.724 223.618 12.7654 -0.169268 -3.03301 0.373711 0.000101533 
647.568 508.948 222.106 13.8919 -0.134588 -3.03354 0.37213 2.79149e-05 
646.624 494.168 220.926 14.6785 0.00507822 -3.03412 0.369 0 
646.624 494.168 220.926 14.6785 0.00507822 -3.03412 0.369 0 
643.962 472.252 221.249 14.1791 0.314181 -3.035 0.0816985 0.374779 
641.816 450.323 226.211 10.3977 -0.0953832 -2.72577 0.471782 0.321004 
644.481 433.019 225.132 11.3921 -0.161777 -2.46085 0.474279 0.274086 
645.944 419.682 223.036 13.0441 -0.0803887 -2.23459 0.358492 0.233533 
645.341 409.733 222.118 13.6845 -0.0250556 -2.04174 0.300431 0.198745 
643.928 402.672 222.014 13.6705 -0.00970618 -1.87757 0.293069 0.169089 
642.525 398.069 222.139 13.488 -0.0130662 -1.73785 0.303525 0.143924 
641.349 395.557 222.219 13.3546 -0.0188751 -1.61886 0.313431 0.12265 
640.337 394.827 222.215 13.2938 -0.0213497 -1.5174 0.318436 0.104714 
639.401 395.615 222.175 13.2639 -0.0212031 -1.43072 0.320656 0.0896238 
638.5 397.701 222.138 13.2337 -0.0203439 -1.35648 0.322468 0.0769499 
637.635 400.898 222.115 13.1955 -0.0197258 -1.29268 0.324747 0.0663164 
636.816 405.05 222.102 13.1525 -0.0194395 -1.23763 0.327414 0.0574043 
636.048 410.027 222.094 13.1087 -0.0192966 -1.18994 0.330194 0.0499415 
635.333 415.717 222.089 13.0656 -0.019158 -1.14838 0.332939 0.0436834 
634.67 422.029 222.088 13.0234 -0.0189886 -1.11198 0.335625 0.0384354 
634.059 428.886 222.09 12.9816 -0.0188036 -1.07991 0.338277 0.0340338 
633.497 436.223 222.096 12.94 -0.0186227 -1.05145 0.340911 0.0303289 
632.986 443.986 222.106 12.8987 -0.0184545 -1.02604 0.343528 0.0272047 
632.526 452.13 222.119 12.8577 -0.0182997 -1.00321 0.346121 0.0245524 
632.115 460.615 222.135 12.8173 -0.018157 -0.982551 0.348681 0.0222871 
631.753 469.409 222.155 12.7775 -0.0180256 -0.963757 0.351201 0.0203342 
631.439 478.485 222.177 12.7384 -0.0179062 -0.946568 0.353675 0.01863 
631.174 487.818 222.202 12.7001 -0.0178006 -0.930778 0.356095 0.0171227 
630.955 497.388 222.23 12.6628 -0.0177128 -0.916226 0.358453 0.0157695 
630.782 507.175 222.26 12.6266 -0.0176472 -0.902786 0.360743 0.0145357 
630.653 517.163 222.291 12.5916 -0.0176041 -0.890358 0.362955 0.0133912 
630.568 527.338 222.325 12.5581 -0.0175742 -0.878869 0.365083 0.0123147 
630.524 537.684 222.359 12.5261 -0.0175409 -0.868265 0.367115 0.0112865 
630.519 548.189 222.395 12.4955 -0.0175009 -0.858505 0.369039 0.0102952 
630.552 558.84 222.432 12.4661 -0.0174981 -0.849559 0.370839 0.00933558 
630.622 569.625 222.47 12.4385 -0.0176295 -0.841402 0.372504 0.00840235 
630.726 580.532 222.506 12.4139 -0.0179636 -0.834013 0.374031 0.0074933 
630.861 591.55 222.538 12.3945 -0.0183673 -0.827371 0.375423 0.00660975 
631.02 602.667 222.565 12.3806 -0.0184027 -0.821456 0.376677 0.00575739 
631.197 613.873 222.591 12.3677 -0.017595 -0.816243 0.377758 0.00494138 
631.39 625.157 222.63 12.3462 -0.0162132 -0.811702 0.378603 0.00416701 
631.609 636.508 222.689 12.3104 -0.0160248 -0.807799 0.379159 0.00344296 
631.874 647.918 222.753 12.2756 -0.0196662 -0.804493 0.379457 0.00277548 
632.183 659.378 222.763 12.2855 -0.0275085 -0.801737 0.379622 0.00217243 
632.482 670.878 222.655 12.3837 -0.0334422 -0.799478 0.379757 0.00164043 
632.663 682.413 222.456 12.5397 -0.0250524 -0.797658 0.379776 0.00118387 
632.648 693.975 222.379 12.585 0.00536316 -0.796215 0.379394 0.000806021 
632.567 705.559 222.756 12.2797 0.0408066 -0.795085 0.378374 0.000507361 
632.854 717.159 223.671 11.6011 0.0300459 -0.794202 0.376825 0.000285733 
633.984 728.772 224.442 11.1124 -0.0802153 -0.793501 0.375224 0.000135574 
635.758 740.395 223.573 11.9282 -0.261422 -0.792921 0.37384 4.76535e-05 
636.58 752.027 219.972 14.7291 -0.326833 -0.79241 0.372194 8.47786e-06 
633.955 763.67 215.325 18.0028 0.00244356 -0.791929 0.369 0 
633.955 763.67 215.325 18.0028 0.00244356 -0.791929 0.369 0 
636.053 761.572 216.092 18.4987 0.000626414 -0.562284 0.482653 -6.04101e-13 
638.152 759.473 216.853 18.9424 0.000173012 -0.396375 0.480306 -4.00926e-13 
640.25 757.375 217.609 19.3387 5.98943e-05 -0.276746 0.477959 -2.65613e-13 
642.349 755.276 218.359 19.6922 3.16764e-05 -0.190576 0.475612 -1.7572e-13 
644.447 753.178 219.103 20.0073 2.4638e-05 -0.128539 0.473265 -1.15837e-13 
646.545 751.08 219.842 20.2877 2.28827e-05 -0.0838878 0.470918 -7.63212e-14 
648.644 748.981 220.576 20.5372 2.24449e-05 -0.0517537 0.468571 -5.01036e-14 
650.742 746.883 221.304 20.7591 2.23358e-05 -0.0286288 0.466224 -3.27127e-14 
652.841 744.784 222.026 20.9562 2.23085e-05 -0.0119873 0.463878 -2.13841e-14 
654.939 742.686 222.742 21.1314 2.23018e-05 -1.13123e-05 0.461531 -1.38869e-14 
657.038 740.587 223.453 21.287 2.23001e-05 0.00860733 0.459184 -8.98956e-15 
659.136 738.489 224.159 21.4251 2.22996e-05 0.01481 0.456837 -5.86579e-15 
661.234 736.391 224.859 21.5477 2.22995e-05 0.0192741 0.45449 -3.7973e-15 
663.333 734.292 225.553 21.6565 2.22995e-05 0.0224871 0.452143 -2.41338e-15 
665.431 732.194 226.241 21.7531 2.22995e-05 0.0247996 0.449796 -1.5041e-15 
667.53 730.095 226.924 21.8389 2.22995e-05 0.026464 0.447449 -1.01929e-15 
669.628 727.997 227.601 21.9149 2.22995e-05 0.027662 0.445102 -5.6356e-16 
671.726 725.899 228.273 21.9824 2.22995e-05 0.0285242 0.442755 -3.8298e-16 
673.825 723.8 228.938 22.0423 2.22995e-05 0.0291447 0.440408 -2.87596e-16 
675.923 721.702 229.598 22.0954 2.22995e-05 0.0295912 0.438061 -1.25127e-16 
678.022 719.603 230.253 22.1425 2.22995e-05 0.0299122 0.435714 -6.48856e-17 
680.12 717.505 230.901 22.1843 2.22995e-05 0.0301429 0.433367 2.11731e-17 
682.219 715.406 231.544 22.2214 2.22995e-05 0.0303084 0.43102 -4.41761e-17 
684.317 713.308 232.181 22.2542 2.22995e-05 0.0304267 0.428673 -4.8686e-17 
686.415 711.21 232.813 22.2834 2.22995e-05 0.0305107 0.426327 -2.34965e-18 
688.514 709.111 233.439 22.3092 2.22995e-05 0.0305698 0.42398 7.27199e-18 
690.612 707.013 234.059 22.3321 2.22995e-05 0.0306102 0.421633 6.05048e-17 
692.711 704.914 234.673 22.3524 2.22995e-05 0.0306367 0.419286 5.61095e-17 
694.809 702.816 235.281 22.3703 2.22995e-05 0.0306522 0.416939 2.29671e-17 
696.907 700.718 235.884 22.3863 2.22995e-05 0.0306585 0.414592 5.08453e-17 
699.006 698.619 236.48 22.4003 2.22995e-05 0.0306566 0.412245 7.25912e-17 
701.104 696.521 237.071 22.4128 2.22995e-05 0.0306468 0.409898 7.68361e-17 
703.203 694.422 237.656 22.4238 2.22995e-05 0.0306285 0.407551 1.11464e-16 
705.301 692.324 238.236 22.4335 2.22995e-05 0.0306003 0.405204 1.30198e-16 
707.4 690.225 238.809 22.442 2.22995e-05 0.0305603 0.402857 1.2908e-16 
709.498 688.127 239.377 22.4496 2.22995e-05 0.0305054 0.40051 1.26252e-16 
711.596 686.029 239.939 22.4562 2.22995e-05 0.0304317 0.398163 1.46386e-16 
713.695 683.93 240.495 22.4619 2.22994e-05 0.0303339 0.395816 1.62441e-16 
715.793 681.832 241.045 22.467 2.22994e-05 0.0302049 0.393469 1.87049e-16 
717.892 679.733 241.589 22.4713 2.22991e-05 0.0300361 0.391122 2.10492e-16 
719.99 677.635 242.127 22.4751 2.22982e-05 0.0298162 0.388776 1.7299e-16 
722.088 675.537 242.659 22.4783 2.22948e-05 0.0295313 0.386429 1.81373e-16 
724.187 673.438 243.186 22.481 2.22828e-05 0.0291642 0.384082 1.46425e-16 
726.285 671.34 243.706 22.4832 2.22409e-05 0.0286941 0.381735 1.18173e-16 
728.384 669.241 244.221 22.485 2.20968e-05 0.0280966 0.379388 7.76675e-17 
730.482 667.143 244.73 22.4864 2.16111e-05 0.0273435 0.377041 4.78654e-17 
732.58 665.045 245.232 22.4874 2.0017e-05 0.0264034 0.374694 2.02642e-17 
734.679 662.946 245.729 22.488 1.49855e-05 0.0252441 0.372347 2.94874e-18 
736.777 660.848 246.22 22.4883 4.36785e-08 0.0238353 0.369 0 
736.777 660.848 246.22 22.4883 4.36785e-08 0.0238353 0.369 0 
736.768 660.866 246.22 22.4874 0.00106106 0.023836 0.473216 3.71403e-05 
736.759 660.884 246.22 22.4864 0.0022965 0.0238368 0.471257 3.48519e-05 
736.75 660.902 246.22 22.4855 0.00352853 0.0238375 0.469291 3.26591e-05 
736.741 660.92 246.22 22.4845 0.00475715 0.0238382 0.467316 3.056e-05 
736.732 660.937 246.22 22.4835 0.00598235 0.023839 0.465334 2.85525e-05 
736.723 660.955 246.22 22.4825 0.0072041 0.0238397 0.463344 2.66347e-05 
736.714 660.973 246.221 22.4815 0.0084224 0.0238404 0.461346 2.48044e-05 
736.705 660.991 246.221 22.4805 0.00963723 0.0238412 0.45934 2.30597e-05 
736.696 661.009 246.221 22.4794 0.0108486 0.0238419 0.457327 2.13986e-05 
736.687 661.027 246.221 22.4784 0.0120564 0.0238426 0.455305 1.9819e-05 
736.678 661.045 246.221 22.4774 0.0132608 0.0238433 0.453275 1.83189e-05 
736.669 661.063 246.221 22.4763 0.0144616 0.0238441 0.451237 1.68962e-05 
736.66 661.08 246.222 22.4752 0.0156588 0.0238448 0.449191 1.5549e-05 
736.651 661.098 246.222 22.4742 0.0168525 0.0238455 0.447136 1.42751e-05 
736.642 661.116 246.222 22.4731 0.0180427 0.0238463 0.445074 1.30726e-05 
736.633 661.134 246.222 22.472 0.0192293 0.023847 0.443003 1.19395e-05 
736.624 661.152 246.223 22.4709 0.0204122 0.0238477 0.440924 1.08736e-05 
736.615 661.17 246.223 22.4698 0.0215916 0.0238484 0.438837 9.87301e-06 
736.606 661.188 246.223 22.4687 0.0227673 0.0238491 0.436741 8.9356e-06 
736.597 661.206 246.223 22.4675 0.0239393 0.0238499 0.434637 8.05934e-06 
736.589 661.223 246.224 22.4664 0.0251078 0.0238506 0.432525 7.2422e-06 
736.58 661.241 246.224 22.4652 0.0262725 0.0238513 0.430404 6.48212e-06 
736.571 661.259 246.224 22.4641 0.0274336 0.023852 0.428275 5.77706e-06 
736.562 661.277 246.225 22.4629 0.0285909 0.0238527 0.426137 5.12496e-06 
736.553 661.295 246.225 22.4618 0.0297445 0.0238535 0.423991 4.52378e-06 
736.544 661.313 246.226 22.4606 0.0308944 0.0238542 0.421837 3.97145e-06 
736.535 661.331 246.226 22.4594 0.0320406 0.0238549 0.419674 3.46592e-06 
736.526 661.349 246.226 22.4582 0.033183 0.0238556 0.417503 3.00514e-06 
736.517 661.366 246.227 22.457 0.0343216 0.0238563 0.415324 2.58704e-06 
736.508 661.384 246.227 22.4558 0.0354564 0.023857 0.413136 2.20956e-06 
736.499 661.402 246.228 22.4546 0.0365874 0.0238578 0.410939 1.87063e-06 
736.49 661.42 246.228 22.4533 0.0377146 0.0238585 0.408735 1.5682e-06 
736.481 661.438 246.229 22.4521 0.0388379 0.0238592 0.406522 1.30019e-06 
736.472 661.456 246.229 22.4508 0.0399574 0.0238599 0.4043 1.06453e-06 
736.463 661.474 246.23 22.4496 0.041073 0.0238606 0.402071 8.59159e-07 
736.454 661.492 246.23 22.4483 0.0421848 0.0238613 0.399833 6.82e-07 
736.445 661.509 246.231 22.447 0.0432926 0.0238621 0.397587 5.30978e-07 
736.436 661.527 246.231 22.4458 0.0443966 0.0238628 0.395332 4.04018e-07 
736.427 661.545 246.232 22.4445 0.0454966 0.0238635 0.39307 2.99041e-07 
736.418 661.563 246.232 22.4432 0.0465927 0.0238642 0.390799 2.13969e-07 
736.409 661.581 246.233 22.4419 0.0476848 0.0238649 0.38852 1.46719e-07 
736.4 661.599 246.233 22.4405 0.0487729 0.0238656 0.386233 9.52088e-08 
736.391 661.617 246.234 22.4392 0.0498571 0.0238664 0.383938 5.73535e-08 
736.382 661.635 246.235 22.4379 0.0509373 0.0238671 0.381634 3.10664e-08 
736.374 661.652 246.235 22.4366 0.0520134 0.0238678 0.379323 1.42591e-08 
736.365 661.67 246.236 22.4352 0.0530855 0.0238685 0.377004 4.84144e-09 
736.356 661.688 246.236 22.4339 0.0541536 0.0238692 0.374677 7.21579e-10 
736.347 661.706 246.237 22.4325 0.0552177 0.0238699 0.372343 -1.94148e-10 
736.338 661.724 246.238 22.4311 0.0562776 0.0238706 0.369 0 
736.338 661.724 246.238 22.4311 0.0562776 0.0238706 0.369 0 
724.269 685.428 246.699 20.2174 1.00971 0.444548 -0.188388 -0.46841 
714.531 715.275 261.137 8.81959 0.424624 -0.0398061 -0.176775 -0.919072 
718.719 738.036 267.296 5 -1.4 -1.10986 1.12108 -0.898379 
728.077 745.167 246.897 20.9572 -0.35295 -2.16224 0.135043 -0.831049 
717.847 736.943 241.416 23.5815 -0.106701 -3.12116 -0.141939 -0.694479 
704.302 714.717 239.47 23.3985 -0.105803 -3.90116 -0.130326 -0.514157 
690.905 681.1 237.542 23.2155 -0.104909 -4.46813 -0.118714 -0.367528 
677.659 639.202 235.631 23.0324 -0.104027 -4.87236 -0.107102 -0.267819 
664.566 591.401 233.737 22.8495 -0.103155 -5.16888 -0.0954897 -0.184235 
651.628 539.269 231.86 22.6668 -0.102277 -5.37525 -0.0838775 -0.102493 
638.846 484.122 230 22.4843 -0.101359 -5.49232 -0.0722652 -0.0287767 
626.222 427.266 228.158 22.3014 -0.100383 -5.52736 -0.060653 0.0281146 
613.758 369.898 226.334 22.1176 -0.0993942 -5.49742 -0.0490407 0.0671669 
601.455 312.968 224.529 21.9329 -0.0985187 -5.42114 -0.0374285 0.0934118 
589.316 257.151 222.741 21.7485 -0.0978914 -5.31199 -0.0258162 0.112564 
577.342 202.927 220.967 21.5672 -0.0974566 -5.17718 -0.014204 0.128162 
565.529 150.673 219.203 21.3908 -0.0967829 -5.01994 -0.00259176 0.141544 
553.873 100.715 217.454 21.2163 -0.0951911 -4.84191 0.00902049 0.152927 
542.371 53.3563 215.731 21.0331 -0.092446 -4.64454 0.0206327 0.162278 
531.035 8.88023 214.053 20.8295 -0.0897515 -4.42936 0.032245 0.169643 
519.89 -32.4535 212.419 20.6078 -0.0899509 -4.19792 0.0438572 0.175126 
508.959 -70.4073 210.788 20.4019 -0.0954904 -3.95169 0.0554695 0.1788 
498.226 -104.765 209.08 20.2697 -0.104087 -3.69212 0.0670817 0.180677 
487.603 -135.333 207.25 20.2381 -0.105498 -3.42073 0.078694 0.180737 
476.967 -161.937 205.4 20.2177 -0.0859251 -3.13916 0.0903062 0.178971 
466.299 -184.428 203.836 19.9743 -0.0441792 -2.84919 0.101918 0.175408 
455.86 -202.686 202.888 19.5655 -0.0114948 -2.55275 0.113531 0.17012 
445.866 -216.614 202.427 19.3817 -0.0106129 -2.25181 0.125143 0.163221 
436.077 -226.147 202.822 19.1982 -0.00983531 -1.94841 0.136755 0.154862 
426.518 -231.25 203.233 19.0161 -0.00912917 -1.64457 0.148367 0.145222 
417.187 -231.915 203.659 18.8359 -0.00830669 -1.34229 0.15998 0.134507 
408.083 -228.166 204.1 18.6563 -0.00709186 -1.04353 0.171592 0.122949 
399.205 -220.054 204.564 18.4728 -0.00541893 -0.750145 0.183204 0.110792 
390.558 -207.657 205.057 18.2807 -0.00383342 -0.463927 0.194816 0.0982945 
382.153 -191.081 205.577 18.0818 -0.00352455 -0.186541 0.206429 0.0857202 
373.999 -170.453 206.106 17.8908 -0.00541342 0.0804493 0.218041 0.0733301 
366.088 -145.927 206.612 17.7316 -0.00835304 0.335588 0.229653 0.0613767 
358.382 -117.674 207.079 17.6127 -0.00794332 0.577511 0.241265 0.050096 
350.832 -85.889 207.555 17.4931 0.00133823 0.804921 0.252878 0.0397002 
343.435 -50.7825 208.169 17.2742 0.0192392 1.01656 0.26449 0.0303699 
336.309 -12.5852 209.05 16.8698 0.0318829 1.21118 0.276102 0.0222464 
329.681 28.4539 210.124 16.3559 0.0136882 1.38748 0.287714 0.0154248 
323.694 72.0672 210.946 16.0856 -0.0499608 1.54405 0.299327 0.00994797 
318.067 117.967 210.843 16.5408 -0.124581 1.67935 0.310939 0.00580112 
311.928 165.843 209.641 17.7742 -0.109616 1.79163 0.322551 0.0029077 
304.307 215.36 208.628 18.7165 0.10107 1.87889 0.334163 0.00112604 
295.493 266.152 210.67 17.2207 0.463827 1.93885 0.345776 0.000246543 
288.384 317.819 218.045 11.8292 0.638719 1.96895 0.357388 -1.09434e-05 
287.75 369.92 228.1 5 0.0899998 1.96633 0.369 0 
287.75 369.92 228.1 5 0.0899998 1.96633 0.369 0 
293.936 365.366 230.586 9.0948 0.00393814 0.773947 0.482653 -1.21401e-12 
300.121 360.812 233.031 12.5842 -7.01072e-05 0.300539 0.480306 -4.50792e-13 
306.307 356.257 235.435 15.2728 -0.000256753 0.116529 0.477959 -1.6731e-13 
312.492 351.703 237.798 17.2828 -0.000265444 0.0452474 0.475612 -6.20778e-14 
318.678 347.148 240.12 18.7486 -0.000265849 0.0176482 0.473265 -2.29427e-14 
324.863 342.593 242.4 19.8001 -0.000265867 0.00696301 0.470918 -8.53609e-15 
331.049 338.038 244.638 20.5473 -0.000265868 0.00282624 0.468571 -3.12479e-15 
337.234 333.482 246.834 21.0756 -0.000265868 0.00122469 0.466224 -1.18836e-15 
343.42 328.927 248.988 21.4481 -0.000265868 0.000604651 0.463878 -4.90634e-16 
349.605 324.371 251.101 21.7105 -0.000265868 0.000364603 0.461531 -2.5769e-16 
355.791 319.815 253.171 21.8952 -0.000265868 0.000271669 0.459184 -1.87854e-17 
361.976 315.258 255.198 22.0252 -0.000265868 0.000235689 0.456837 6.52064e-17 
368.162 310.701 257.183 22.1166 -0.000265868 0.00022176 0.45449 2.4348e-17 
374.347 306.145 259.125 22.1809 -0.000265868 0.000216367 0.452143 -9.57239e-18 
380.533 301.587 261.025 22.2262 -0.000265868 0.000214279 0.449796 -3.81956e-17 
386.718 297.03 262.881 22.258 -0.000265868 0.000213471 0.447449 2.29253e-17 
392.904 292.472 264.694 22.2804 -0.000265868 0.000213158 0.445102 3.43265e-18 
399.089 287.914 266.464 22.2962 -0.000265868 0.000213037 0.442755 -4.07821e-17 
405.275 283.355 268.19 22.3073 -0.000265868 0.00021299 0.440408 -1.58239e-18 
411.46 278.797 269.873 22.3151 -0.000265868 0.000212972 0.438061 -1.49383e-17 
417.646 274.238 271.512 22.3206 -0.000265868 0.000212965 0.435714 -1.46036e-17 
423.831 269.678 273.107 22.3245 -0.000265868 0.000212962 0.433367 2.30111e-17 
430.017 265.119 274.658 22.3272 -0.000265868 0.000212961 0.43102 1.30623e-18 
436.202 260.559 276.165 22.3291 -0.000265868 0.000212961 0.428673 4.20343e-17 
442.388 255.998 277.628 22.3304 -0.000265868 0.000212961 0.426327 -6.90824e-17 
448.573 251.438 279.046 22.3314 -0.000265868 0.00021296 0.42398 1.98233e-17 
454.759 246.877 280.419 22.3321 -0.000265868 0.00021296 0.421633 -3.73336e-17 
460.944 242.315 281.748 22.3325 -0.000265868 0.00021296 0.419286 -3.77959e-17 
467.13 237.753 283.032 22.3329 -0.000265868 0.00021296 0.416939 1.65176e-17 
473.315 233.191 284.271 22.3331 -0.000265868 0.00021296 0.414592 -4.06965e-20 
479.501 228.629 285.465 22.3333 -0.000265868 0.00021296 0.412245 -2.01128e-18 
485.686 224.066 286.614 22.3335 -0.000265868 0.00021296 0.409898 9.19634e-18 
491.872 219.503 287.718 22.3336 -0.000265868 0.00021296 0.407551 -1.14215e-17 
498.057 214.939 288.776 22.3337 -0.000265868 0.00021296 0.405204 8.82807e-18 
504.243 210.375 289.788 22.3339 -0.000265868 0.00021296 0.402857 -2.5825e-17 
510.428 205.81 290.755 22.334 -0.000265868 0.00021296 0.40051 -1.32887e-17 
516.614 201.245 291.676 22.3343 -0.000265868 0.000212959 0.398163 -2.0903e-17 
522.799 196.68 292.551 22.3346 -0.000265868 0.000212957 0.395816 1.05378e-17 
528.985 192.114 293.381 22.335 -0.000265868 0.000212951 0.393469 5.8752e-18 
535.17 187.548 294.164 22.3356 -0.000265868 0.000212937 0.391122 -1.35921e-17 
541.356 182.981 294.901 22.3365 -0.000265868 0.000212898 0.388776 -1.41612e-17 
547.541 178.414 295.592 22.3378 -0.000265868 0.000212799 0.386429 -2.4401e-18 
553.727 173.846 296.237 22.3395 -0.000265868 0.00021254 0.384082 -3.74088e-18 
559.912 169.278 296.835 22.342 -0.000265868 0.000211865 0.381735 -8.81726e-18 
566.098 164.709 297.388 22.3456 -0.000265867 0.000210107 0.379388 -7.88961e-19 
572.283 160.14 297.893 22.3508 -0.000265843 0.000205529 0.377041 -6.34936e-18 
578.469 155.571 298.352 22.3581 -0.000265311 0.00019361 0.374694 -4.1137e-19 
584.654 151.001 298.765 22.3685 -0.000253696 0.000162579 0.372347 -1.38091e-18 
590.84 146.43 299.13 22.3833 -5.27177e-08 8.17945e-05 0.369 0 
590.84 146.43 299.13 22.3833 -5.27177e-08 8.17945e-05 0.369 0 
579.631 169.108 298.72 20.7376 0.908698 0.420082 -0.188388 0.921762 
570.089 197.973 311.738 9.42516 0.345125 1.60039 0.606701 1.00718 
574.469 244.22 316.72 5 -0.0378977 2.76248 1.05838 0.875987 
584.348 307.586 316.161 5.00001 -0.0378986 3.75498 1.05841 0.674406 
594.221 385.578 315.603 5.00001 -0.0378208 4.5122 1.05708 0.458242 
604.087 474.728 315.046 5.00001 -0.040684 5.02907 1.06078 0.267079 
613.944 571.494 314.447 5.0297 -0.035356 5.33534 1.05586 0.00412182 
623.75 672.773 313.925 5.00002 -0.0368042 5.34478 1.03955 -0.14204 
633.576 774.191 313.383 5.00002 -0.0358626 5.18219 1.02324 -0.217642 
643.383 873.213 312.855 5.00008 -0.0349132 4.92485 1.00694 -0.273587 
653.172 968.444 312.34 5.00009 -0.0339678 4.59274 0.990632 -0.314831 
662.942 1058.78 311.84 5.0001 -0.0330226 4.20115 0.974326 -0.344714 
672.691 1143.35 311.354 5.00013 -0.0320779 3.76222 0.95802 -0.365481 
682.421 1221.44 310.881 5.00016 -0.0311343 3.28609 0.941714 -0.378677 
692.131 1292.53 310.422 5.00021 -0.0301937 2.7815 0.925408 -0.385409 
701.822 1356.17 309.978 5.00031 -0.0292674 2.25622 0.909102 -0.386518 
711.492 1412.08 309.547 5.00063 -0.123548 1.71735 0.892796 -0.382679 
721.171 1460.05 307.726 6.06848 -0.218625 1.17136 0.876489 -0.374478 
729.557 1499.97 304.48 8.11029 -0.076003 0.624235 0.860183 -0.362199 
735.388 1531.83 303.286 8.36772 -0.0772343 0.0818458 0.843877 -0.346453 
740.874 1555.7 302.069 8.62484 -0.0784838 -0.450554 0.827571 -0.327903 
746.014 1571.72 300.827 8.88188 -0.0797274 -0.968459 0.811265 -0.307144 
750.808 1580.12 299.561 9.13879 -0.080964 -1.46803 0.794959 -0.284701 
755.256 1581.15 298.27 9.39549 -0.0822089 -1.94601 0.778653 -0.261073 
759.358 1575.14 296.955 9.6521 -0.0834889 -2.39969 0.762347 -0.23676 
763.113 1562.44 295.615 9.90902 -0.0848151 -2.82692 0.74604 -0.212261 
766.521 1543.45 294.249 10.1667 -0.0861429 -3.22617 0.729734 -0.188057 
769.579 1518.57 292.858 10.4252 -0.0873602 -3.5965 0.713428 -0.164589 
772.287 1488.24 291.443 10.6831 -0.0883653 -3.93756 0.697122 -0.142235 
774.646 1452.89 290.007 10.9381 -0.0892408 -4.24953 0.680816 -0.121308 
776.657 1412.93 288.552 11.189 -0.0903927 -4.53303 0.66451 -0.102048 
778.326 1368.8 287.074 11.4394 -0.0923838 -4.78908 0.648204 -0.084617 
779.653 1320.9 285.561 11.6986 -0.0952803 -5.019 0.631898 -0.069105 
780.628 1269.61 283.999 11.9761 -0.0978259 -5.22431 0.615591 -0.0555291 
781.228 1215.29 282.392 12.266 -0.0974883 -5.40668 0.599285 -0.0438419 
781.435 1158.29 280.784 12.5349 -0.0925724 -5.56779 0.582979 -0.0339419 
781.275 1098.91 279.243 12.7335 -0.0860919 -5.70927 0.566673 -0.0256854 
780.83 1037.45 277.791 12.851 -0.0878915 -5.83257 0.550367 -0.0189009 
780.203 974.17 276.311 12.9879 -0.109151 -5.9389 0.534061 -0.0134049 
779.376 909.324 274.514 13.3607 -0.146809 -6.02906 0.517755 -0.00901663 
778.066 843.151 272.154 14.1304 -0.167666 -6.10338 0.501449 -0.00557213 
775.782 775.883 269.468 15.0707 -0.116598 -6.16144 0.485142 -0.00293564 
772.293 707.76 267.512 15.3588 0.0289499 -6.20193 0.468836 -0.00100561 
768.363 639.041 267.694 13.9981 0.176293 -6.22232 0.45253 0.000286247 
766.001 570.021 270.079 11.1268 0.0952416 -6.21853 0.436224 0.000986417 
767.124 501.053 271.338 9.45046 -0.421105 -6.18474 0.419918 0.00114494 
770.416 432.582 265.028 13.7344 -1.19837 -6.11341 0.403612 0.000859237 
768.693 365.165 247.163 26.3314 -1.4 -5.99611 0.371654 0.000208799 
751.63 299.489 226.03 40 0.0899992 -5.88785 0.369 0 
751.63 299.489 226.03 40 0.0899992 -5.88785 0.369 0 
746.056 288.471 226.251 39.1439 0.591178 -5.71414 -0.188388 1.02859 
740.636 277.903 227.774 37.3772 0.853905 -5.39298 -0.176775 1.00718 
735.578 268.167 229.985 35.1208 1.07693 -5.07485 -0.165163 0.985775 
730.989 259.256 232.782 32.4611 1.24833 -4.75977 -0.153551 0.964367 
726.959 251.162 236.034 29.5069 1.35837 -4.44771 -0.141939 0.942958 
723.555 243.877 239.582 26.4867 1.4 -4.1387 -0.10917 0.92155 
720.796 237.392 243.25 23.4652 1.38809 -3.83272 -0.056745 0.900142 
718.684 231.7 246.897 20.5268 1.33753 -3.52978 -0.0136169 0.878734 
717.205 226.794 250.425 17.743 1.24331 -3.22987 0.0219761 0.857326 
716.329 222.664 253.719 15.1962 1.10374 -2.93301 0.0561288 0.835917 
716.007 219.304 256.66 12.9703 0.923788 -2.63917 0.0938246 0.814509 
716.172 216.706 259.143 11.1376 0.71423 -2.34838 0.139218 0.793101 
716.743 214.862 261.089 9.74734 0.490701 -2.06063 0.195764 0.771693 
717.624 213.763 262.459 8.81661 0.272597 -1.77591 0.264169 0.750285 
718.719 213.403 263.267 8.32392 0.080251 -1.49423 0.338087 0.728876 
719.93 213.773 263.577 8.20908 -0.0709696 -1.21559 0.404075 0.707468 
721.175 214.865 263.494 8.38474 -0.176426 -0.939983 0.451755 0.68606 
722.39 216.672 263.135 8.7576 -0.24094 -0.66742 0.480439 0.664652 
723.528 219.186 262.607 9.24583 -0.27262 -0.397897 0.494568 0.643244 
724.565 222.4 261.993 9.78462 -0.278998 -0.131415 0.498794 0.621835 
725.488 226.304 261.359 10.3246 -0.266238 0.132027 0.49659 0.600427 
726.295 230.891 260.755 10.8289 -0.239413 0.392428 0.490359 0.579019 
726.993 236.154 260.217 11.2711 -0.202863 0.649786 0.48176 0.557611 
727.595 242.084 259.771 11.6336 -0.160418 0.904103 0.47195 0.536203 
728.118 248.674 259.432 11.9064 -0.115511 1.15538 0.461739 0.514794 
728.581 255.916 259.207 12.0863 -0.0712122 1.40361 0.451674 0.493386 
729.003 263.801 259.095 12.1763 -0.0302391 1.6488 0.442104 0.471978 
729.404 272.322 259.088 12.1844 0.00505484 1.89094 0.433222 0.45057 
729.803 281.471 259.171 12.1234 0.0326901 2.13005 0.425111 0.429161 
730.213 291.24 259.325 12.0095 0.0510748 2.3661 0.417777 0.407753 
730.648 301.621 259.526 11.8617 0.0590239 2.59912 0.411193 0.386345 
731.114 312.607 259.747 11.7013 0.0557908 2.82909 0.405319 0.364936 
731.615 324.189 259.959 11.5505 0.0411164 3.05601 0.400128 0.343528 
732.151 336.359 260.132 11.4317 0.0152974 3.27989 0.395607 0.32212 
732.713 349.109 260.238 11.3664 -0.0207366 3.50073 0.391754 0.300711 
733.292 362.433 260.249 11.3738 -0.0653639 3.71852 0.388569 0.279303 
733.872 376.321 260.143 11.4698 -0.116266 3.93326 0.386037 0.257895 
734.435 390.766 259.904 11.6653 -0.170508 4.14496 0.384118 0.236486 
734.959 405.76 259.522 11.9653 -0.224687 4.35361 0.38274 0.215078 
735.422 421.295 258.997 12.368 -0.275124 4.55921 0.381798 0.193669 
735.802 437.364 258.339 12.8645 -0.318041 4.76177 0.381153 0.17226 
736.077 453.957 257.566 13.4385 -0.349718 4.96128 0.380639 0.150851 
736.232 471.069 256.707 14.0665 -0.366628 5.15774 0.38008 0.129442 
736.253 488.689 255.801 14.7186 -0.365549 5.35115 0.379305 0.108032 
736.134 506.812 254.893 15.359 -0.343621 5.54151 0.378178 0.0866203 
735.876 525.428 254.039 15.9465 -0.298338 5.72883 0.376626 0.0652059 
735.49 544.53 253.298 16.4359 -0.227462 5.91309 0.374661 0.0437792 
734.995 564.11 252.738 16.7782 -0.129293 6.0943 0.372387 -0.000146548 
734.422 584.16 252.43 16.9215 -0.00414156 6.03957 0.369 0 
734.422 584.16 252.43 16.9215 -0.00414156 6.03957 0.369 0 
732.523 652.53 251.204 15.2401 -0.304225 5.30685 1.15369 -0.226724 
731.884 714.191 247.255 15.4322 -0.29641 5.04767 1.13739 -0.154872 
731.028 773.479 243.374 15.565 -0.294317 4.94519 1.12108 -0.109085 
730.003 831.828 239.511 15.6819 -0.303026 4.63888 1.10477 -0.0859345 
728.82 887.373 235.566 15.8591 -0.323794 4.30912 1.08847 -0.0755943 
727.437 939.899 231.429 16.1769 -0.351239 3.98849 1.07216 -0.0711328 
725.747 989.49 227.036 16.6736 -0.32033 3.6749 1.05586 -0.0689355 
723.604 1036.21 222.918 16.9319 -0.321668 3.36209 1.03955 -0.0677644 
721.194 1080.07 218.784 17.1906 -0.323 3.04412 1.02324 -0.0674878 
718.517 1121.01 214.635 17.4499 -0.324184 2.71522 1.00694 -0.0681179 
715.571 1158.94 210.471 17.7085 -0.325176 2.36974 0.990632 -0.0693617 
712.356 1193.72 206.293 17.9651 -0.326028 2.00338 0.974326 -0.0706178 
708.874 1225.13 202.105 18.219 -0.326908 1.61455 0.95802 -0.071207 
705.127 1252.99 197.904 18.4704 -0.328057 1.20505 0.941714 -0.070621 
701.115 1277.1 193.689 18.7215 -0.329685 0.779705 0.925408 -0.0686515 
696.838 1297.31 189.456 18.9754 -0.331819 0.345188 0.909101 -0.0653785 
692.295 1313.55 185.2 19.2357 -0.334201 -0.0913334 0.892795 -0.0610678 
687.48 1325.79 180.917 19.5037 -0.33628 -0.523202 0.876489 -0.0560505 
682.388 1334.07 176.612 19.7767 -0.337397 -0.944765 0.860183 -0.0506347 
677.013 1338.5 172.293 20.0478 -0.337121 -1.35142 0.843877 -0.0450657 
671.357 1339.2 167.972 20.3074 -0.335632 -1.7394 0.827571 -0.0395271 
665.428 1336.35 163.661 20.5477 -0.333943 -2.10556 0.811265 -0.0341585 
659.241 1330.15 159.362 20.7685 -0.333728 -2.44728 0.794959 -0.0290745 
652.81 1320.82 155.061 20.9812 -0.336661 -2.76247 0.778652 -0.0243729 
646.143 1308.6 150.731 21.2083 -0.343412 -3.04976 0.762346 -0.0201322 
639.229 1293.75 146.336 21.4754 -0.352695 -3.30865 0.74604 -0.0164045 
632.038 1276.54 141.851 21.7978 -0.361009 -3.53955 0.729734 -0.0132098 
624.528 1257.21 137.286 22.1655 -0.363565 -3.74379 0.713428 -0.0105358 
616.664 1236.01 132.692 22.5357 -0.356501 -3.92339 0.697122 -0.00834309 
608.441 1213.16 128.157 22.8411 -0.339707 -4.08085 0.680816 -0.00657478 
599.907 1188.88 123.772 23.0179 -0.3189 -4.21887 0.66451 -0.00516608 
591.158 1163.33 119.574 23.0459 -0.305279 -4.34012 0.648203 -0.00405257 
582.307 1136.67 115.501 22.9839 -0.31168 -4.44708 0.631897 -0.00317556 
573.428 1109.03 111.37 22.9767 -0.345689 -4.54197 0.615591 -0.00248476 
564.484 1080.52 106.927 23.2135 -0.40225 -4.62667 0.599285 -0.00193886 
555.295 1051.24 101.964 23.8367 -0.459963 -4.70272 0.582979 -0.00150495 
545.567 1021.26 96.4627 24.8313 -0.485296 -4.77134 0.566673 -0.00115742 
535.013 990.657 90.715 25.9497 -0.446386 -4.8334 0.550367 -0.000876719 
523.526 959.483 85.3072 26.7368 -0.333196 -4.88946 0.534061 -0.000648316 
511.34 927.797 80.9241 26.6952 -0.175253 -4.93968 0.517754 -0.000461761 
499.075 895.65 77.9877 25.5624 -0.0449245 -4.98388 0.501448 -0.000310031 
487.564 863.099 76.2612 23.596 -0.0365507 -5.02143 0.485142 -0.000188951 
477.461 830.202 74.6402 21.6952 -0.22112 -5.05131 0.468836 -9.61807e-05 
468.757 797.031 71.3572 21.2 -0.590861 -5.07215 0.45253 -2.82605e-05 
460.424 763.668 64.6963 23.3165 -1.02186 -5.0816 0.436224 2.53998e-05 
450.494 730.22 54.0583 28.3154 -1.28693 -5.0713 0.419918 8.00137e-05 
436.751 696.87 40.92 34.8691 -1.13786 -5.00751 0.403612 0.000118182 
417.931 664.107 29.0504 40 -0.444266 -4.80272 0.387306 5.34611e-05 
395.005 633.222 23.4557 40 1.03002 -4.46834 0.369 0 
