grtopS_82_2
50
2 2
10 10 
0 8 4 1 6 2 3 5 7 10 
0 8 4 1 6 2 3 5 7 10 
2236.47 8.41737 78.2052 89.7407 64.2468 62.0425 64.5733 65.1347 23.9931 
114993 0.0394938 52.9416 2.51364 0 37.5769 1.7781 0 28.1302 
45.6422 0.171783 1.59602 1.83144 1.31116 1.26617 1.31782 1.32928 0.489656 
2346.79 0.000805996 1.08044 0.0512988 0 0.766875 0.0362878 0 0.574086 
1.15479e-07 0.0841226 0.235106 0.656377 3.46971e-08 9.4346e-08 1.35165e-08 0 0.881117 
1.44399e-06 1.4362e-06 0.347502 0.0921434 7.17551 5.145e-07 0.102397 5.36098 1.70179 
479.4 137.74 598.22 27.0428 0.676677 0 0.0700125 0 
479.4 137.74 598.22 27.0428 0.676677 1.15476e-07 0.0702641 -0.023907 
479.4 137.74 598.22 27.0371 0.72305 -0.395695 0.068993 0.0251865 
98.6126 101.696 642.684 16.8747 0.833331 -0.0658711 0.113083 0.0283462 
85.9593 -381.221 502.818 27.6706 0.661954 0.109236 0.0673649 -0.00190285 
82.2209 -347.501 506.593 27.1819 0.669394 0.105378 0.0694404 -0.00060824 
79.0774 -336.921 503.562 27.2532 0.668401 0.108981 0.0691297 -0.000788832 
75.9425 -323.036 501.611 27.1651 0.669494 0.11146 0.0695073 -0.000568678 
72.9681 -313.132 498.195 27.2167 0.668539 0.115531 0.069289 -0.000713215 
70.0126 -300.656 495.333 27.2134 0.668459 0.119001 0.0693027 -0.000709032 
67.1311 -288.235 492.299 27.2067 0.66847 0.122693 0.0693283 -0.000695533 
64.34 -276.058 489.087 27.1826 0.66866 0.126586 0.0694308 -0.000638675 
61.6304 -264.886 485.368 27.1866 0.668432 0.131065 0.0694131 -0.000656582 
58.9871 -253.395 481.545 27.1772 0.668403 0.135674 0.0694524 -0.000638764 
56.4168 -242.219 477.423 27.1683 0.668356 0.140633 0.069489 -0.000622834 
53.9152 -231.321 473.002 27.1575 0.668314 0.145944 0.0695339 -0.000602997 
51.4802 -220.775 468.234 27.1496 0.668229 0.151661 0.0695664 -0.000590227 
49.1065 -210.447 463.156 27.1357 0.668201 0.157749 0.0696245 -0.000563602 
46.7971 -200.591 457.653 27.128 0.668054 0.164331 0.0696565 -0.000554635 
44.5428 -190.895 451.79 27.1213 0.667881 0.171338 0.0696838 -0.000548718 
42.3405 -181.303 445.569 27.1117 0.667734 0.178767 0.0697239 -0.00053576 
40.1898 -171.94 438.932 27.1026 0.667563 0.186686 0.0697615 -0.000524756 
38.0864 -162.769 431.868 27.0919 0.667384 0.19511 0.0698063 -0.000511085 
36.0294 -153.841 424.328 27.0843 0.667175 0.204094 0.0698363 -0.000503541 
34.014 -145.021 416.369 27.0625 0.667111 0.213597 0.0699279 -0.000463114 
32.0617 -136.926 407.727 27.0578 0.66676 0.223888 0.0699471 -0.000468801 
30.152 -128.726 398.614 27.0502 0.666449 0.234743 0.0699785 -0.000466607 
28.2901 -120.556 388.984 27.0359 0.666308 0.24622 0.0700344 -0.000441612 
26.4837 -112.789 378.808 26.989 0.666431 0.258373 0.0702353 -0.000344694 
24.7618 -106.786 367.409 27.0135 0.66552 0.271901 0.0701298 -0.000433004 
23.0512 -99.2039 355.835 26.9966 0.665223 0.285678 0.0702004 -0.000411992 
21.3925 -91.9964 343.492 26.983 0.664844 0.300359 0.0702563 -0.000400863 
19.7772 -84.9789 330.395 26.9669 0.664434 0.315937 0.0703237 -0.000387662 
18.2083 -78.2163 316.445 26.9609 0.663865 0.332502 0.0703476 -0.00039985 
16.6626 -71.228 301.775 26.9422 0.663445 0.349934 0.070425 -0.000380779 
15.1526 -64.579 286.167 26.926 0.662936 0.36847 0.0704922 -0.000370624 
13.6712 -58.1149 269.605 26.9109 0.662344 0.388129 0.0705554 -0.000366628 
12.2108 -51.7296 252.042 26.9021 0.661658 0.408967 0.0705902 -0.000377837 
10.7627 -45.1289 233.567 26.8747 0.661163 0.430906 0.0707052 -0.000345526 
9.34585 -39.1214 213.832 26.8634 0.660374 0.454309 0.0707509 -0.000357547 
7.93116 -32.9032 193.017 26.8461 0.659607 0.478994 0.0708231 -0.000359713 
6.52038 -26.708 170.969 26.8344 0.658714 0.505083 0.0708711 -0.000371843 
5.05786 -20.24 147.727 26.8155 0.657909 0.532647 0.0709428 -0.000372058 
3.6004 -13.8215 123.17 26.7821 0.656301 0.561719 0.0710358 -0.000549329 
2.09923 -7.34868 96.1119 27.0848 0.636293 0.590875 0.0702297 -0.00201391 
-2.21946 25.3597 58.4498 32.0008 0.562231 0.633348 0.0493532 -0.0152038 
-8.63912 290.251 90.0228 30.9534 0.583398 0.596537 0.0536919 -0.0119898 
-14.4567 501.51 112.029 29.7171 0.607558 0.573186 0.0585807 0.0081411 
-17.6346 650.1 121.951 28.2479 0.592883 0.837679 0.0637214 -0.00817012 
245.037 757.748 75.7561 37.2554 0.0897277 0.859745 0.0690125 0 
245.037 757.748 75.7561 37.2554 0.0897277 0.859745 0.0690125 0 
240.865 762.875 75.9903 36.6748 0.412043 0.775831 -0.188387 -1.02859 
236.781 767.822 76.9173 35.601 0.639349 0.570046 -0.176775 -1.00718 
232.874 772.328 78.3353 34.1705 0.848087 0.366779 -0.165163 -0.985768 
229.21 776.411 80.2054 32.4184 1.03088 0.166031 -0.153551 -0.95052 
225.847 780.051 82.4735 30.3917 1.18685 -0.0305594 -0.141939 -0.929803 
222.834 783.282 85.0828 28.1379 1.29955 -0.224713 -0.130326 -0.909073 
220.215 786.096 87.9378 25.7326 1.37125 -0.416427 -0.118714 -0.888341 
218.018 788.499 90.9558 23.245 1.39901 -0.605701 -0.0467723 -0.867615 
216.259 790.497 94.0396 20.8258 1.4 -0.792537 -0.0946489 -0.846906 
214.929 792.095 97.1339 18.5172 1.4 -0.976935 -0.0837872 -0.826224 
214.008 793.299 100.236 16.2443 1.4 -1.1589 -0.0722115 -0.805578 
213.49 794.114 103.342 14.0021 1.4 -1.33843 0.0257981 -0.784981 
213.367 794.545 106.465 11.7819 1.39976 -1.51554 -0.0465142 -0.764443 
213.636 794.598 109.594 9.59992 1.23008 -1.69023 -0.037353 -0.743977 
214.301 794.279 112.368 7.72165 0.961357 -1.86251 -0.0258018 -0.723596 
215.312 793.592 114.572 6.30498 0.655766 -2.03239 -0.0141912 -0.703313 
216.59 792.543 116.125 5.40649 0.321562 -2.19988 0.0493912 -0.683144 
218.042 791.138 116.962 5.06248 0.115104 -2.36499 0.529207 -0.663106 
219.567 789.382 117.361 5.01471 0.0916826 -2.52774 0.569983 -0.643217 
221.103 787.281 117.71 5.00004 0.0833628 -2.67955 0.582057 -0.621801 
222.642 784.839 118.037 5.00002 0.0831535 -2.83744 0.583103 -0.600345 
224.183 782.063 118.364 5.00024 0.0833464 -2.99279 0.58437 0.305101 
225.725 778.957 118.692 5.00002 0.0830869 -3.0292 0.586578 0.552636 
227.268 775.798 119.017 5.00002 0.0833337 -2.87974 0.582327 0.536167 
228.813 772.957 119.348 5.00002 0.0802686 -2.73221 0.606282 0.514771 
230.36 770.428 119.673 5.00002 0.0877955 -2.5872 0.440221 0.493369 
231.906 768.206 120.014 5.00389 0.038489 -2.44472 0.118514 0.471964 
233.46 766.286 120.249 5.11998 -0.110465 -2.30476 0.285736 0.450558 
234.998 764.663 120.164 5.4624 -0.202545 -2.16732 0.697097 0.429151 
236.481 763.33 119.881 5.90012 -0.155743 -2.0324 0.680806 0.407744 
237.886 762.283 119.697 6.26795 -0.105384 -1.90001 0.664505 0.386337 
239.226 761.517 119.619 6.5462 -0.0529015 -1.77015 0.648201 0.364929 
240.517 761.025 119.653 6.74054 -0.000121622 -1.64281 0.631895 0.343521 
241.774 760.803 119.8 6.84763 0.0511019 -1.51799 0.615589 0.322113 
243.012 760.844 120.05 6.87124 0.0992379 -1.39571 0.599284 0.300705 
244.245 761.145 120.409 6.81746 0.142239 -1.27594 0.582978 0.279297 
245.487 761.697 120.861 6.69584 0.166873 -1.15871 0.566672 0.257889 
246.751 762.661 121.365 6.53738 0.19591 -1.044 0.550366 0.217611 
248.043 763.872 121.932 6.33535 0.216562 -0.93405 0.53406 0.198214 
249.372 765.318 122.545 6.104 0.227745 -0.826391 0.517754 0.193664 
250.742 766.995 123.182 5.8592 0.229077 -0.719262 0.501448 0.172255 
252.158 768.902 123.823 5.61719 0.220214 -0.61466 0.485142 0.150846 
253.619 771.013 124.445 5.39455 0.201239 -0.512586 0.468836 0.129436 
255.121 773.36 125.028 5.2075 0.172571 -0.41304 0.45253 0.108026 
256.659 775.923 125.55 5.07137 0.134957 -0.316022 0.436224 0.0866136 
258.225 778.694 125.991 5.00001 0.0894538 -0.221533 0.419917 0.0651979 
259.807 781.642 126.336 5.00455 0.0373965 -0.129574 0.403611 0.0437684 
261.393 784.803 126.569 5.09627 -0.0297576 -0.0401487 0.387305 -0.000266023 
262.966 788.165 126.657 5.25636 -0.0899996 -0.0509042 0.369 0 
262.966 788.165 126.657 5.25636 -0.0899996 -0.0509042 0.369 0 
274.78 818.173 125.729 7.03967 -1.219 -0.284796 1.15369 -1.02859 
284.157 843.525 102.26 24.9877 0.34894 -1.44538 -0.176776 1.00718 
263.315 845.787 109.443 18.0203 0.838482 -0.101533 -0.165163 0.985776 
253.704 874.803 126.598 5 0.0366225 1.21981 0.765832 0.964367 
265.895 930.116 128.199 5 0.0366232 2.51867 0.765832 0.942959 
278.169 1011.29 129.801 5 0.0366239 3.795 0.765832 0.921551 
290.528 1117.89 131.402 5 0.0366245 5.04878 0.765832 0.900143 
302.971 1249.46 133.004 5 0.0366252 6.28 0.765832 0.015688 
315.497 1405.54 134.605 5 0.0366252 6.28 0.765832 -0.0056006 
328.087 1561.62 136.207 5 0.0366252 6.28 0.765832 -0.746783 
340.741 1717.71 137.808 5 0.0366247 5.39181 0.765832 -0.81451 
353.445 1856.1 139.41 5 0.0366242 4.26569 0.765832 -0.793102 
366.195 1972.07 141.011 5 0.0366236 3.16223 0.765832 -0.771694 
378.991 2066.07 142.613 5 0.036623 2.08146 0.765832 -0.750286 
391.834 2138.54 144.214 5 0.0366225 1.02338 0.765832 -0.728878 
404.724 2189.94 145.816 5 0.0366219 -0.0119649 0.765832 -0.707469 
417.662 2220.72 147.417 5 0.0366214 -1.02458 0.765832 -0.304156 
430.647 2231.34 149.019 5 0.0366211 -1.55772 0.765832 0.0377971 
443.688 2231.34 150.62 5 0.0366211 -1.55772 0.765832 -0.207939 
456.793 2231.34 152.221 5 0.0366211 -1.55772 0.765832 -0.543728 
469.961 2231.34 153.823 5 0.0366209 -1.95778 0.765832 -0.600429 
483.187 2223.37 155.424 5 0.0366193 -2.85412 0.765851 0.57902 
496.463 2197.55 157.026 5 0.0366758 -1.98268 0.764885 0.557612 
509.817 2189.09 158.628 5 0.0338565 -1.13412 0.760974 0.536204 
523.249 2197.53 160.175 5.04616 0.0194704 -0.308436 0.762347 -0.514796 
536.688 2222.41 161.433 5.30309 0.0182152 -1.1092 0.746041 -0.493387 
549.755 2231.34 162.658 5.56003 0.0169601 -1.55775 0.729735 -0.206531 
562.454 2231.34 163.85 5.81696 0.0157055 -1.55777 0.713429 0.204119 
574.791 2231.34 165.009 6.0739 0.0144521 -1.55779 0.697122 0.203628 
586.766 2231.34 166.135 6.33082 0.0131992 -1.5578 0.680816 -0.334141 
598.375 2231.34 167.227 6.58771 0.0119433 -1.76036 0.66451 -0.386347 
609.616 2227.3 168.287 6.84462 0.0106797 -2.42089 0.648204 -0.364939 
620.478 2210.12 169.312 7.10167 0.00941274 -3.05838 0.631898 -0.343531 
630.962 2180.24 170.305 7.35888 0.00816776 -3.67282 0.615592 -0.322122 
641.066 2138.12 171.264 7.6159 0.00697543 -4.26418 0.599286 -0.300714 
650.789 2084.22 172.192 7.87197 0.00579906 -4.83245 0.58298 -0.279306 
660.133 2019.01 173.088 8.12695 0.00445694 -5.3776 0.566673 -0.257898 
669.096 1942.95 173.949 8.38351 0.00274957 -5.89963 0.550367 -0.236482 
677.677 1856.48 174.768 8.64697 0.000982371 -6.28 0.534061 -0.0415857 
685.866 1762.45 175.543 8.91735 0.000459076 -6.28 0.517755 0.00293514 
693.653 1668.41 176.3 9.1749 0.00245502 -6.28 0.501449 0.0026292 
701.06 1574.37 177.087 9.38312 0.00449139 -6.28 0.485143 0.00137643 
708.164 1480.34 177.909 9.5478 -0.00273915 -6.28 0.468837 0.00129924 
715.042 1386.3 178.581 9.81499 -0.0272332 -6.28 0.452531 0.00106541 
721.529 1292.27 178.758 10.4329 -0.0492459 -6.28 0.436224 0.000715556 
727.047 1198.23 178.476 11.3186 -0.00266137 -6.28 0.419918 0.0003614 
731.121 1104.2 179.093 11.3978 0.161403 -6.28 0.403612 0.000143956 
735.028 1010.17 182.975 8.99531 0.288059 -6.28 0.387306 0.00201449 
742.874 916.13 189.456 5 -0.09 -6.14621 0.369 0 
742.874 916.13 189.456 5 -0.09 -6.14621 0.369 0 
755.862 810.912 187.474 6.67547 -1.05444 -6.28 1.15369 0.00973043 
766.131 702.674 163.392 24.1257 -0.115275 -6.28 -0.176776 0.0884337 
742.937 594.403 160.132 23.943 -0.114208 -6.28 -0.165163 0.418207 
719.93 486.131 156.903 23.7573 -0.113086 -6.28 -0.153551 0.332471 
697.116 377.859 153.706 23.576 -0.112572 -6.28 -0.141939 0.140574 
674.488 269.646 150.528 23.393 -0.111678 -6.28 -0.130327 0.310798 
652.049 161.397 147.377 23.2101 -0.110784 -6.00224 -0.118714 0.887901 
629.806 59.4714 144.26 23.0271 -0.10989 -4.22842 -0.107102 0.878735 
607.788 -0.769078 141.171 22.8441 -0.108995 -2.46453 -0.0954898 0.84012 
585.995 -20.7533 138.11 22.6612 -0.108101 -0.748366 -0.0838775 -0.344766 
564.427 -1.30894 135.076 22.4782 -0.10721 -1.56128 -0.0722653 -0.0370406 
543.041 -0.438714 132.068 22.2952 -0.106317 -1.59602 -0.060653 -0.000690928 
521.852 -0.365002 129.088 22.1123 -0.105417 -1.60008 -0.0490408 0.000312917 
500.86 -0.38434 126.136 21.9293 -0.104511 -1.60547 -0.0374285 0.000554856 
480.068 -0.527303 123.21 21.746 -0.103621 -1.58951 -0.0258163 -0.000338413 
459.478 -0.303328 120.312 21.5628 -0.102793 -1.59918 -0.0142041 -7.85211e-05 
439.09 -0.302978 117.439 21.3809 -0.102003 -1.5995 -0.00259181 -6.20496e-05 
418.903 -0.310265 114.591 21.2005 -0.100996 -1.59906 0.00902043 0.000307334 
398.916 -0.307685 111.773 21.0178 -0.099421 -1.59883 0.0206327 -6.15493e-05 
379.134 -0.300134 108.997 20.8232 -0.0978083 -1.59854 0.0322449 -4.35056e-05 
359.58 -0.286294 106.265 20.6179 -0.0987305 -1.5985 0.0438572 -2.27896e-06 
340.278 -0.271875 103.52 20.4474 -0.104451 -1.59843 0.0554694 -5.46694e-06 
321.166 -0.256375 100.651 20.3901 -0.107286 -1.59845 0.0670817 -1.67824e-05 
302.028 -0.241343 97.7182 20.3788 -0.0828208 -1.5989 0.0786939 8.07856e-05 
282.766 -0.236615 95.3437 19.9323 -0.0218113 -1.59759 0.0903062 -3.33596e-05 
264.183 -0.202703 94.3751 19.7422 -0.0194785 -1.59866 0.101918 0.000377052 
245.904 -0.193725 94.3125 19.5704 -0.0187249 -1.59847 0.113531 -7.75271e-06 
227.943 -0.180674 94.7184 19.3993 -0.0155615 -1.59844 0.125143 -3.61363e-05 
210.315 -0.167572 95.2148 19.1909 -0.00988597 -1.59841 0.136755 3.96177e-06 
193.07 -0.15426 95.8565 18.9074 -0.00983846 -1.59843 0.148367 1.9029e-05 
176.354 -0.141104 96.5096 18.6535 -0.0315411 -1.59838 0.15998 -2.12519e-05 
160.142 -0.127164 96.6762 18.803 -0.0679814 -1.59854 0.171592 0.0347373 
143.682 -0.114419 96.0045 19.5522 -0.0295176 -1.59808 0.183204 0.0959362 
125.801 -0.0898333 96.1843 19.5093 0.219922 -1.5962 0.194816 -0.0048012 
107.893 -0.0220992 102.066 15.1244 0.490615 -1.58927 0.206429 -0.265605 
98.1594 0.165237 114.255 6.67452 0.0476166 -1.60167 0.563472 -0.264152 
104.659 0.036677 116.634 6.8247 0.0551528 -2.5836 0.550248 -0.203194 
112.201 -23.7906 119.207 6.83426 0.0500413 -3.29837 0.536604 0.23649 
119.842 -63.9485 121.663 6.94525 0.0428348 -2.34486 0.531495 0.215082 
127.414 -81.9369 123.95 7.17048 0.0424326 -1.41753 0.515444 0.193673 
134.737 -78.7234 126.219 7.38536 0.0397185 -0.51638 0.501448 0.172265 
141.789 -55.0027 128.419 7.62958 0.0402386 0.35855 0.485143 0.150857 
148.518 -11.3725 130.621 7.84483 0.0379581 1.20724 0.468836 0.129449 
154.969 51.5897 132.764 8.08414 0.0266837 2.02967 0.45253 0.108041 
161.101 134.499 134.641 8.50028 0.0118639 2.82581 0.436224 0.0866326 
166.579 235.601 136.163 9.12856 0.0318754 3.59564 0.419918 0.0652245 
170.98 354.175 138.119 9.33181 0.131704 4.33913 0.403612 0.0438161 
175.059 489.661 142.357 7.78567 0.217188 5.04777 0.387306 -0.00212694 
182.167 641.462 148.606 5 -0.0899995 4.57293 0.369 0 
182.167 641.462 148.606 5 -0.0899995 4.57293 0.369 0 
192.075 741.952 147.657 6.66947 -1.25037 4.57696 1.15369 -1.02858 
200.144 842.51 127.68 22.0371 -0.212197 3.65089 -0.0709609 -1.00717 
187.06 927.933 124.285 23.7289 0.195206 2.74356 -0.165149 -0.985723 
171.503 998.515 127.511 20.2375 0.626799 1.85501 -0.152492 -0.904309 
160.475 1054.56 137.889 11.7373 0.539887 1.03948 0.142126 -0.869169 
160.948 1097.25 147.069 5.01225 -0.142837 0.255206 0.905823 -0.921104 
170.751 1127.1 145.255 6.9504 0.0114516 -0.576533 0.7815 -0.899997 
177.893 1143.35 145.914 6.85129 0.159356 -1.38973 0.669986 -0.878672 
185.127 1146.29 148.996 5.00234 0.0165626 -2.18419 0.844559 -0.857293 
194.922 1136.23 149.79 5.00176 0.01654 -2.95983 0.844602 -0.835897 
204.734 1113.49 150.584 5.00148 0.0165315 -3.71662 0.844621 -0.814494 
214.563 1078.36 151.378 5.00132 0.0165268 -4.45457 0.844632 -0.793085 
224.408 1031.16 152.172 5.00122 0.0165248 -5.17363 0.844639 -0.77167 
234.27 972.2 152.965 5.00115 0.0165235 -5.8738 0.844643 -0.446051 
244.148 901.782 153.759 5.00109 0.0165229 -6.27998 0.844647 0.00341189 
254.048 824.719 154.553 5.00105 0.0165228 -6.27999 0.84465 0.00341289 
263.974 747.656 155.346 5.001 0.016523 -6.27999 0.844651 0.00613932 
273.926 670.592 156.14 5.00096 0.0165173 -6.27753 0.844757 0.664645 
283.904 593.57 156.933 5.00092 0.0167647 -5.67959 0.836144 0.643241 
293.915 526.329 157.731 5.00402 -0.00404493 -5.10061 0.843769 0.621834 
303.963 468.561 158.188 5.26031 -0.00534023 -4.54061 0.827518 0.600425 
313.698 419.954 158.617 5.51713 -0.00660121 -3.99961 0.811221 0.579015 
323.118 380.198 159.019 5.77404 -0.00785532 -3.47761 0.794917 0.557608 
332.221 348.983 159.393 6.03095 -0.0091094 -2.97462 0.778611 0.536199 
341.007 325.997 159.741 6.28785 -0.010365 -2.49067 0.762308 0.514787 
349.474 310.928 160.061 6.54477 -0.0116185 -2.02576 0.746005 0.493347 
357.621 303.466 160.353 6.80168 -0.0128657 -1.57993 0.729702 0.111134 
365.448 303.297 160.619 7.0585 -0.0141094 -1.47944 0.713398 -0.450332 
372.948 304.773 160.858 7.31519 -0.0153646 -1.88661 0.697094 -0.420192 
380.114 299.588 161.069 7.57191 -0.0166515 -2.26679 0.68079 -0.0973857 
386.947 288.183 161.252 7.82905 -0.0179657 -2.35531 0.664486 0.0980376 
393.447 275.331 161.408 8.08691 -0.0192421 -2.26717 0.648181 0.00397751 
399.616 263.92 161.535 8.34494 -0.0203706 -2.26403 0.631877 -0.0010367 
405.452 252.562 161.638 8.60128 -0.0213277 -2.26543 0.615572 0.00257009 
410.955 241.18 161.718 8.85398 -0.0223787 -2.26356 0.599267 0.000665006 
416.13 229.83 161.774 9.10459 -0.0240867 -2.26341 0.582962 0.00144536 
420.979 218.482 161.795 9.36152 -0.0267626 -2.26256 0.566657 0.000637985 
425.492 207.149 161.767 9.63614 -0.0294093 -2.26244 0.550351 0.00225952 
429.646 195.818 161.687 9.9262 -0.0292858 -2.26085 0.534046 0.00194395 
433.416 184.513 161.602 10.1956 -0.0240526 -2.25954 0.517741 0.00423521 
436.829 173.229 161.596 10.3829 -0.017014 -2.25616 0.501436 -0.0120364 
439.994 162.002 161.7 10.4744 -0.0209262 -2.2675 0.48513 -0.0764246 
443.044 150.588 161.737 10.6166 -0.0504261 -2.33706 0.468824 0.109815 
445.917 138.037 161.288 11.1226 -0.0971609 -2.23826 0.452518 0.105636 
448.129 127.103 160.061 12.1681 -0.104417 -2.14317 0.436212 0.0843359 
448.933 117.726 158.689 13.2042 0.0106627 -2.06728 0.419907 0.0618369 
448.298 109.591 159.171 12.7093 0.244265 -2.01169 0.403601 0.0373003 
448.251 102.365 163.489 9.37139 0.356815 -1.97826 0.387296 0.000335456 
452.686 95.6828 169.735 5.00018 -0.089975 -1.97823 0.369 0 
452.686 95.6828 169.735 5.00018 -0.089975 -1.97823 0.369 0 
462.171 89.2257 168.819 6.61202 -1.2105 -1.97849 1.15365 -1.00435 
469.942 82.7659 150.159 20.9792 -0.217399 -2.85577 -0.104269 -1.00351 
458.609 62.4609 146.825 22.8075 -0.0608138 -3.73291 -0.165146 0.762133 
444.796 28.3002 145.919 22.608 0.222853 -3.06874 -0.122949 0.954779 
431.125 4.63242 149.499 18.9901 0.570946 -2.23593 -0.141291 0.93834 
422.048 -5.88163 158.67 11.5734 0.327786 -1.41695 -0.130247 0.0473717 
422.738 -3.4645 164.188 7.8353 -0.994805 -1.3755 1.04681 -0.217629 
428.752 -0.396514 148.905 19.5584 -0.0747496 -1.56539 -0.0676478 -0.00659956 
419.15 -0.316624 147.861 19.7929 -0.0470494 -1.57115 -0.0907572 0.00190862 
409.208 -0.327472 147.248 19.6865 -0.0392952 -1.56949 -0.0804181 -0.000912901 
399.38 -0.312094 146.761 19.4906 -0.0232201 -1.57028 -0.0694447 -0.000700811 
389.779 -0.309492 146.532 19.1139 -0.0108705 -1.57089 -0.0584194 0.00292354 
380.643 -0.316937 146.509 18.62 -0.0290994 -1.56834 -0.0468772 -0.00259987 
372.138 -0.284562 146.209 18.3879 -0.0936814 -1.57061 -0.0343808 0.000707233 
363.938 -0.288286 144.896 18.9473 -0.162302 -1.56999 -0.0204812 -3.23737e-05 
355.01 -0.281683 142.484 20.2642 -0.113124 -1.57002 -0.0107766 7.12399e-05 
344.322 -0.27413 140.815 20.8477 0.155131 -1.56995 -0.00144559 -2.95713e-05 
332.759 -0.264902 143.37 18.1402 0.527729 -1.56998 0.00975875 3.76955e-05 
324.586 -0.258786 151.88 11.2251 0.514608 -1.56996 0.233786 3.02772e-05 
325.44 -0.259342 160.358 5.02349 -0.00458294 -1.56995 0.842199 -2.82407e-05 
334.578 -0.266076 160.791 5.27656 -0.00661402 -1.56998 0.826405 -4.4709e-05 
343.409 -0.272951 161.185 5.53901 -0.00800087 -1.57002 0.809914 -0.000935354 
351.922 -0.280183 161.55 5.8026 -0.00899663 -1.57083 0.793197 0.00570892 
360.112 -0.30006 161.893 6.06268 -0.00996844 -1.56585 0.776603 0.194004 
367.985 -0.240924 162.214 6.31924 -0.0111532 -1.39643 0.760283 -0.13146 
375.545 2.49505 162.51 6.57501 -0.0124282 -1.51112 0.744061 -0.493387 
382.79 3.41935 162.779 6.83108 -0.0136803 -1.94193 0.727822 -0.471979 
389.714 -2.46242 163.022 7.08716 -0.0149024 -2.35433 0.711565 -0.450571 
396.317 -14.8592 163.239 7.3429 -0.0161367 -2.74829 0.695313 0.326188 
402.598 -33.4798 163.43 7.59848 -0.0174213 -2.46419 0.67908 0.407754 
408.566 -47.6117 163.594 7.85451 -0.0187347 -2.10868 0.662866 0.386346 
414.22 -56.1268 163.731 8.11127 -0.0199665 -1.77164 0.646662 0.364933 
419.558 -59.3169 163.842 8.36771 -0.0209826 -1.45309 0.630461 0.343402 
424.579 -57.4741 163.931 8.62126 -0.0218286 -1.15314 0.61426 0.321826 
429.286 -50.8921 164 8.87017 -0.0229401 -0.871838 0.598065 0.299848 
433.684 -39.8658 164.045 9.11812 -0.0249923 -0.609552 0.581885 0.275914 
437.774 -24.6954 164.051 9.37649 -0.028078 -0.368001 0.565716 0.248042 
441.54 -5.70849 164.002 9.65662 -0.0305895 -0.150635 0.54954 0.225821 
444.954 16.7127 163.906 9.94938 -0.0292987 0.0474636 0.533338 0.206486 
447.996 42.264 163.823 10.2078 -0.0224457 0.228803 0.517114 0.185481 
450.709 70.6804 163.842 10.3685 -0.0153305 0.391914 0.500882 0.165838 
453.219 101.674 163.97 10.4385 -0.0225915 0.537975 0.484659 0.14485 
455.648 134.975 163.98 10.5999 -0.0575231 0.665802 0.468435 0.124126 
457.886 170.296 163.435 11.1759 -0.105933 0.775612 0.452197 0.103801 
459.394 207.352 162.11 12.2857 -0.105557 0.867744 0.435941 0.083448 
459.456 245.865 160.764 13.2881 0.0225568 0.942161 0.419666 0.0625991 
458.168 285.555 161.416 12.6588 0.259907 0.998416 0.403381 0.0408931 
457.622 326.132 165.833 9.25271 0.360216 1.03575 0.387105 0.00195346 
461.496 367.296 171.922 5.00298 -0.0895205 1.03909 0.369 0 
461.496 367.296 171.922 5.00298 -0.0895205 1.03909 0.369 0 
471.405 410.19 170.976 6.6746 -1.25533 1.04081 1.15368 -1.01603 
479.463 453.114 150.816 22.1819 -0.211012 0.119117 -0.111492 -1.00236 
466.07 480.898 147.42 23.8813 0.121448 -0.79079 -0.165098 -0.979941 
450.204 493.723 149.445 21.2785 0.580537 -1.68093 -0.153184 -0.957807 
437.672 491.908 159.088 13.2027 0.654537 -2.55155 -0.0640504 -0.936588 
436.063 475.77 170.16 5.00186 -0.311962 -3.40346 0.610863 -0.916244 
445.929 445.614 165.556 9.28078 -0.879633 -4.23741 0.907476 -0.896102 
450.183 401.75 151.506 19.9875 -0.0413014 -5.05359 -0.104683 -0.874883 
439.58 344.476 150.958 19.794 -0.037232 -5.85105 -0.0925887 -0.437971 
429.202 274.09 150.482 19.5616 -0.0336748 -6.25194 -0.0744303 0.655867 
419.109 197.112 150.07 19.2964 -0.0217958 -5.65892 -0.0641468 0.811528 
409.355 129.884 149.861 18.9035 -0.0262021 -4.92403 -0.0578332 0.79158 
400.123 74.7403 149.59 18.6033 -0.0762121 -4.20679 -0.0468745 0.77063 
391.303 31.3896 148.504 18.953 -0.145102 -3.50812 -0.0343524 0.749419 
382.019 -0.472359 146.276 20.1179 -0.127441 -2.82826 -0.0196519 0.728085 
371.129 -21.1541 144.308 20.9263 0.10744 -2.16734 -0.00846881 0.70665 
359.041 -30.9674 146.181 18.7017 0.491168 -1.52548 0.00138677 0.684764 
349.828 -30.2287 154.422 11.9079 0.545125 -0.9031 0.195062 0.2783 
349.828 -19.2633 163.73 5.02642 0.0154071 -0.649734 0.835843 -0.637383 
359.379 -4.13902 164.509 5.04404 -0.0022485 -1.22843 0.840592 -0.486759 
368.931 1.46962 164.996 5.2772 -0.00515401 -1.67061 0.82634 0.102736 
378.187 -0.192317 165.43 5.53206 -0.00668536 -1.5773 0.810297 0.00923704 
387.123 -0.319709 165.832 5.79042 -0.00788823 -1.56891 0.793945 -0.00085726 
395.732 -0.308869 166.208 6.048 -0.00898232 -1.56969 0.777555 -0.0021675 
404.015 -0.310565 166.559 6.30357 -0.0101849 -1.57166 0.761298 0.0100906 
411.973 -0.344387 166.883 6.5586 -0.0114798 -1.56249 0.745113 0.156745 
419.606 -0.227161 167.179 6.81425 -0.0127718 -1.42003 0.728901 -0.293089 
426.914 2.23293 167.447 7.07044 -0.0140325 -1.68631 0.712647 -0.446595 
433.891 0.314763 167.688 7.32674 -0.0152818 -2.09229 0.696371 -0.425905 
440.532 -8.27869 167.901 7.58301 -0.0165557 -2.47973 0.680093 -0.00580256 
446.839 -23.2426 168.087 7.83958 -0.0178627 -2.4856 0.66382 0.384826 
452.814 -38.3028 168.244 8.09681 -0.0191434 -2.13644 0.64755 0.364048 
458.46 -47.6216 168.374 8.35432 -0.0202867 -1.80594 0.631279 0.34273 
463.776 -51.5055 168.478 8.61034 -0.0212577 -1.4946 0.615004 0.321297 
468.763 -50.2697 168.559 8.8629 -0.022299 -1.20253 0.598726 0.299791 
473.423 -44.2312 168.617 9.11323 -0.0239579 -0.929812 0.582445 0.278201 
477.76 -33.708 168.64 9.36932 -0.0265728 -0.676539 0.566164 0.256486 
481.764 -19.02 168.614 9.64249 -0.0292333 -0.442835 0.549881 0.234573 
485.412 -0.48883 168.537 9.93149 -0.0292796 -0.228894 0.533596 0.212218 
488.678 21.5605 168.452 10.2019 -0.0243 -0.0351295 0.51731 0.187349 
491.587 46.7962 168.441 10.3929 -0.0172883 0.136159 0.501022 0.168952 
494.244 74.8486 168.541 10.4875 -0.0206647 0.29084 0.484732 0.147555 
496.782 105.445 168.582 10.6261 -0.0492432 0.426176 0.46844 0.126254 
499.15 138.266 168.15 11.1191 -0.0956975 0.542243 0.45215 0.104992 
500.872 172.996 166.941 12.1523 -0.104457 0.639062 0.435863 0.0835859 
501.196 209.32 165.561 13.1962 0.00789422 0.716489 0.41957 0.0618189 
500.064 246.918 166.001 12.7345 0.24066 0.774181 0.40323 0.0389227 
499.478 285.464 170.281 9.42231 0.356867 0.811095 0.386448 0.000104829 
503.36 324.613 176.558 5.02342 -0.0863447 0.81275 0.369 0 
503.36 324.613 176.558 5.02342 -0.0863447 0.81275 0.369 0 
513.323 364.126 175.656 6.66729 -1.25914 0.814336 1.15369 -1.02838 
521.461 403.666 155.258 22.3582 -0.206804 -0.126846 -0.171743 -1.00657 
507.706 427.613 151.897 24.0444 0.00691698 -1.04869 -0.165145 -0.985097 
491.515 436.272 152.036 22.8466 0.497744 -1.95146 -0.153517 -0.963926 
476.746 429.956 160.348 15.5761 0.819571 -2.83543 -0.136693 -0.942597 
471.797 408.971 174.191 5.01809 0.0344051 -3.70045 0.522761 -0.921196 
481.589 373.627 175.291 5.02623 -0.760679 -4.5464 1.05411 -0.899713 
491.66 324.252 163.204 14.6775 -0.222639 -5.3732 0.405657 -0.877698 
488.313 261.174 159.785 16.9709 0.214932 -6.18038 0.250857 0.661708 
481.648 184.711 163.562 13.6081 0.620816 -5.57681 0.0782976 0.835298 
479.451 118.255 174.161 5.61342 0.0629074 -4.81371 0.787471 0.814138 
488.427 64.4472 175.719 5.00374 0.0165685 -4.06948 0.844472 0.792807 
498.29 22.9827 176.524 5.00297 0.0165504 -3.34431 0.844524 0.771426 
508.191 -6.45405 177.329 5.00248 0.0165398 -2.63826 0.844557 0.750014 
518.128 -24.1803 178.134 5.00216 0.0165345 -1.95138 0.844578 0.728562 
528.101 -30.5138 178.938 5.00193 0.0165316 -1.2837 0.844594 0.70703 
538.11 -25.7731 179.743 5.00175 0.01653 -0.635321 0.844603 -0.341331 
548.155 -10.2783 180.548 5.00161 0.0165248 -0.947626 0.844677 -0.66311 
558.223 0.0364876 181.352 5.0015 0.0166803 -1.55514 0.836396 -0.0590294 
568.309 0.275065 182.16 5.00549 -0.00369961 -1.60925 0.84366 0.0414766 
578.423 -0.383799 182.629 5.2609 -0.00505813 -1.57125 0.827486 0.00141554 
588.214 -0.412148 183.068 5.51769 -0.00632647 -1.56995 0.811194 0.000281401 
597.679 -0.418722 183.48 5.77466 -0.00758116 -1.56969 0.794887 -1.65968e-05 
606.816 -0.42075 183.865 6.03163 -0.00883274 -1.56971 0.778578 -0.00209185 
615.625 -0.422762 184.221 6.28855 -0.0100867 -1.57163 0.762272 0.00245365 
624.105 -0.456312 184.55 6.54547 -0.011341 -1.56938 0.745969 -0.000746918 
632.255 -0.452303 184.852 6.80238 -0.0125906 -1.57006 0.729666 0.000211624 
640.074 -0.459377 185.125 7.05923 -0.0138355 -1.56987 0.713362 0.000429988 
647.561 -0.462965 185.372 7.31596 -0.0150876 -1.56948 0.697058 -0.0016634 
654.715 -0.459745 185.591 7.57268 -0.0163665 -1.571 0.680754 0.000941699 
661.536 -0.481543 185.781 7.82972 -0.0176741 -1.57014 0.664449 0.000260826 
668.022 -0.488763 185.943 8.08743 -0.0189584 -1.5699 0.648145 0.000326016 
674.171 -0.491748 186.077 8.34542 -0.0201171 -1.5696 0.63184 0.000696827 
679.982 -0.489501 186.185 8.60208 -0.0211075 -1.56896 0.615536 -0.00518223 
685.457 -0.476383 186.27 8.85544 -0.0221415 -1.57371 0.599231 0.00714733 
690.597 -0.541785 186.331 9.1064 -0.023738 -1.56716 0.582926 0.0201556 
695.407 -0.498281 186.359 9.36231 -0.0262632 -1.54868 0.566621 -0.0993027 
699.878 -0.147992 186.338 9.63437 -0.0289202 -1.63971 0.550316 -0.23371 
703.987 -1.30715 186.265 9.92249 -0.0291702 -1.85401 0.534011 0.155227 
707.708 -6.02052 186.181 10.1946 -0.0245373 -1.71189 0.517706 0.192673 
711.065 -8.37637 186.167 10.3907 -0.017639 -1.53535 0.501401 0.171776 
714.161 -7.80382 186.261 10.4905 -0.0204501 -1.37784 0.485096 0.150511 
717.13 -4.6188 186.307 10.627 -0.0479136 -1.23973 0.46879 0.129154 
719.93 0.857129 185.893 11.1072 -0.0937934 -1.1211 0.452485 0.107751 
722.095 8.30109 184.706 12.1263 -0.103718 -1.02202 0.436179 0.0863053 
722.871 17.3895 183.327 13.1725 0.00629538 -0.94253 0.419874 0.064779 
722.175 27.7975 183.744 12.7294 0.238148 -0.882726 0.403568 0.0429368 
722.006 39.1971 188.019 9.42033 0.355439 -0.842912 0.387263 0.00241216 
726.338 51.2535 194.328 5.00082 -0.0898916 -0.840227 0.369 0 
726.338 51.2535 194.328 5.00082 -0.0898916 -0.840227 0.369 0 
730.893 54.8281 193.093 5 -1.4 -1.71616 1.15369 -0.935448 
735.589 53.0509 183.854 10.62 -1.32381 -2.70191 1.13739 -0.886219 
737.406 45.2534 175.025 15.6664 -0.336976 -3.46809 1.12108 -0.612331 
736.52 32.7768 172.176 15.9293 -0.345992 -4.27218 1.10478 0.811791 
735.468 15.3875 169.269 16.228 -0.354608 -3.40317 1.08847 0.799667 
734.24 3.30779 166.307 16.5592 -0.360754 -2.51299 1.07216 0.776675 
732.818 -3.33313 163.304 16.9103 -0.362564 -1.63498 1.05586 0.613495 
731.192 -4.60958 160.287 17.2601 -0.358923 -0.843263 1.03955 -0.0220467 
729.361 -1.04873 157.288 17.5835 -0.349939 -1.34578 1.02324 0.000161889 
727.332 -0.557995 154.341 17.8567 -0.33718 -1.4401 1.00694 0.00542729 
725.131 -0.643426 151.47 18.0641 -0.323583 -1.40084 0.990633 -0.00230349 
722.791 -0.48886 148.679 18.2044 -0.31296 -1.43169 0.974327 7.73462e-05 
720.348 -0.522736 145.952 18.2942 -0.309173 -1.43009 0.95802 -0.000880191 
717.826 -0.546829 143.247 18.3671 -0.315097 -1.44033 0.941714 0.00343396 
715.237 -0.633454 140.505 18.4691 -0.331635 -1.39419 0.925408 -0.0020415 
712.566 -0.438115 137.662 18.6484 -0.357029 -1.4423 0.909102 0.00161979 
709.775 -0.536655 134.661 18.9429 -0.386749 -1.4258 0.892796 3.98809e-05 
706.808 -0.534251 131.476 19.3682 -0.414087 -1.42492 0.87649 -9.71066e-05 
703.596 -0.526303 128.119 19.9081 -0.431491 -1.42603 0.860184 -4.65096e-05 
700.081 -0.524932 124.652 20.5118 -0.432402 -1.42582 0.843878 -6.94554e-05 
696.229 -0.522072 121.172 21.1 -0.413247 -1.42571 0.827571 -5.15089e-06 
692.043 -0.518324 117.804 21.5802 -0.375061 -1.42521 0.811265 5.85215e-05 
687.576 -0.511289 114.664 21.8682 -0.324237 -1.4245 0.794959 -2.94368e-05 
682.924 -0.499845 111.833 21.9129 -0.27199 -1.42458 0.778653 -3.74895e-05 
678.209 -0.488825 109.32 21.7173 -0.232414 -1.42504 0.762347 -0.000997969 
673.554 -0.480689 107.05 21.35 -0.219322 -1.44029 0.746041 0.00147357 
669.049 -0.565903 104.864 20.9408 -0.242465 -1.41644 0.729735 -0.000467418 
664.721 -0.505537 102.541 20.6599 -0.304005 -1.4156 0.713429 0.00467626 
660.509 -0.440142 99.8449 20.6806 -0.396239 -1.14471 0.697122 -0.004684 
656.267 1.2803 96.5848 21.1337 -0.50149 -1.51882 0.680816 -0.281897 
651.775 0.715219 92.6772 22.0623 -0.594641 -2.27889 0.66451 -0.263542 
646.787 -4.49334 88.1913 23.3913 -0.648253 -3.03999 0.648204 0.157713 
641.097 -14.3514 83.3649 24.921 -0.639436 -3.24045 0.631898 0.224641 
634.597 -25.4336 78.5774 26.3533 -0.557024 -2.48931 0.615592 0.21043 
627.33 -31.9261 74.2794 27.3498 -0.407189 -1.72919 0.599286 0.187151 
619.509 -33.774 70.8871 27.6146 -0.215636 -0.986405 0.58298 0.171887 
611.496 -31.0837 68.6625 26.9828 -0.0250176 -0.236611 0.566673 0.176318 
603.746 -23.8125 67.6087 25.4946 0.112783 0.53808 0.550367 0.166149 
596.699 -11.8089 67.4114 23.4295 0.148572 1.32029 0.534061 0.149386 
590.659 4.97302 67.453 21.2846 0.0496969 2.12075 0.517755 0.134353 
585.686 26.6446 66.9115 19.6891 -0.187488 2.93223 0.501449 0.107567 
581.521 53.2735 64.9365 19.2641 -0.530189 3.67641 0.485143 0.0797441 
577.584 84.4488 60.8718 20.4533 -0.909901 4.38492 0.468837 -0.0317785 
573.066 119.953 54.4756 23.3646 -1.23293 4.80534 0.452531 -0.0166904 
567.086 158.028 46.0773 27.6659 -1.4 4.77606 0.394264 -0.00200637 
558.917 195.925 36.6161 32.5883 -1.37009 4.76345 0.419918 -0.00039678 
548.22 233.747 27.2895 37.1687 -1.03208 4.75811 0.403612 6.26306e-06 
535.124 271.538 19.9831 40 -0.446276 4.77139 0.387306 0.00292732 
520.481 309.411 16.2281 40 0.964916 5.45476 0.369 0 
479.4 137.74 598.22 27.0428 0.676677 0 0.0700125 0 
479.4 137.74 598.22 27.0428 0.676678 2.21136e-08 0.0700125 2.0915e-06 
479.401 137.687 598.286 27.0188 0.677036 0.00165072 0.0701124 6.14909e-05 
564.973 79.4724 580.733 27.137 0.674132 0.0193541 0.0696208 -0.000304935 
496.649 353.03 593.324 27.0694 0.67596 0.00543913 0.0699021 -8.59657e-05 
478.556 430.132 596.914 27.0499 0.676486 0.00145106 0.069983 -2.29379e-05 
473.752 450.704 597.873 27.0447 0.676626 0.00038594 0.0700047 -6.09914e-06 
472.476 456.174 598.127 27.0433 0.676663 0.000103028 0.0700104 -1.62627e-06 
472.137 457.633 598.195 27.0429 0.676673 2.79443e-05 0.0700119 -4.39045e-07 
472.047 458.026 598.213 27.0428 0.676676 8.05286e-06 0.0700123 -1.24351e-07 
472.024 458.138 598.218 27.0428 0.676677 2.82204e-06 0.0700124 -4.14117e-08 
472.017 458.175 598.219 27.0428 0.676677 1.48923e-06 0.0700125 -2.00704e-08 
472.015 458.193 598.219 27.0428 0.676677 1.19786e-06 0.0700125 -1.51616e-08 
472.015 458.206 598.219 27.0428 0.676677 1.19042e-06 0.0700125 -1.47063e-08 
472.015 458.22 598.219 27.0428 0.676677 1.26657e-06 0.0700125 -1.55305e-08 
472.015 458.233 598.219 27.0428 0.676677 1.37465e-06 0.0700125 -1.68106e-08 
472.015 458.249 598.219 27.0428 0.676677 1.50254e-06 0.0700125 -1.83499e-08 
472.015 458.265 598.219 27.0428 0.676677 1.64815e-06 0.0700125 -2.01017e-08 
472.015 458.283 598.218 27.0428 0.676677 1.81424e-06 0.0700125 -2.2102e-08 
472.015 458.303 598.218 27.0428 0.676677 2.00316e-06 0.0700125 -2.43693e-08 
472.015 458.324 598.218 27.0428 0.676677 2.21995e-06 0.0700125 -2.69713e-08 
472.015 458.349 598.218 27.0428 0.676677 2.46864e-06 0.0700125 -2.9948e-08 
472.015 458.375 598.218 27.0428 0.676677 2.75595e-06 0.0700125 -3.33768e-08 
472.015 458.405 598.217 27.0428 0.676677 3.09027e-06 0.0700124 -3.73618e-08 
472.015 458.438 598.217 27.0428 0.676677 3.48045e-06 0.0700124 -4.19977e-08 
472.014 458.476 598.217 27.0428 0.676677 3.93941e-06 0.0700124 -4.74344e-08 
472.014 458.518 598.216 27.0428 0.676676 4.48322e-06 0.0700124 -5.38593e-08 
472.014 458.567 598.216 27.0428 0.676676 5.13157e-06 0.0700124 -6.14888e-08 
472.014 458.621 598.215 27.0428 0.676676 5.91188e-06 0.0700124 -7.0637e-08 
472.014 458.685 598.214 27.0428 0.676676 6.85918e-06 0.0700124 -8.16934e-08 
472.014 458.758 598.213 27.0428 0.676676 8.02103e-06 0.0700124 -9.51899e-08 
472.014 458.843 598.212 27.0428 0.676676 9.46136e-06 0.0700124 -1.11823e-07 
472.014 458.943 598.21 27.0428 0.676676 1.12705e-05 0.0700123 -1.32583e-07 
472.013 459.061 598.209 27.0429 0.676676 1.35741e-05 0.0700123 -1.58817e-07 
472.013 459.203 598.206 27.0429 0.676675 1.65556e-05 0.0700123 -1.92463e-07 
472.012 459.375 598.203 27.0429 0.676675 2.04881e-05 0.0700122 -2.36341e-07 
472.012 459.586 598.198 27.0429 0.676674 2.57933e-05 0.0700121 -2.94685e-07 
472.011 459.849 598.192 27.0429 0.676674 3.31535e-05 0.070012 -3.73994e-07 
472.01 460.184 598.183 27.0429 0.676673 4.37532e-05 0.0700119 -4.84696e-07 
472.008 460.617 598.169 27.043 0.676671 5.98513e-05 0.0700117 -6.44313e-07 
472.005 461.192 598.147 27.0431 0.676669 8.63124e-05 0.0700114 -8.83966e-07 
472.001 461.982 598.106 27.0432 0.676665 0.000135171 0.070011 -1.26353e-06 
471.991 463.111 598.017 27.0433 0.676657 0.00024022 0.0700104 -1.90975e-06 
471.971 464.817 597.792 27.0436 0.676641 0.000506079 0.0700094 -3.12384e-06 
471.914 467.606 597.139 27.0439 0.676601 0.00127807 0.0700077 -5.71947e-06 
471.744 472.709 595.057 27.0446 0.676484 0.00373855 0.0700051 -1.22355e-05 
471.183 483.613 588.07 27.0461 0.676099 0.0119958 0.0699987 -3.25706e-05 
469.257 512.614 564.295 27.0565 0.674698 0.0400874 0.0699551 -0.000120912 
462.384 616.345 486.516 27.0446 0.671357 0.128201 0.0699201 -0.000680135 
252.123 831.111 226 22.6874 4.923e-05 0.0628225 0.0690125 0 
252.123 831.111 226 22.6874 4.923e-05 0.0628225 0.0690125 0 
252.115 831.128 226 22.6867 0.000569329 0.0628231 0.47583 -4.65853e-05 
252.107 831.144 226 22.6859 0.00170043 0.0628237 0.473764 -4.37195e-05 
252.099 831.161 226 22.685 0.00282833 0.0628244 0.471691 -4.09743e-05 
252.091 831.177 226 22.6841 0.00395302 0.062825 0.469614 -3.83472e-05 
252.082 831.193 226 22.6832 0.00507449 0.0628257 0.46753 -3.58354e-05 
252.074 831.21 226 22.6823 0.00619274 0.0628263 0.465442 -3.34363e-05 
252.066 831.226 226 22.6814 0.00730774 0.0628269 0.463347 -3.11474e-05 
252.058 831.243 226 22.6805 0.0084195 0.0628276 0.461247 -2.89659e-05 
252.05 831.259 226 22.6795 0.00952801 0.0628282 0.459141 -2.68892e-05 
252.041 831.276 226 22.6786 0.0106332 0.0628289 0.457029 -2.49146e-05 
252.033 831.292 226.001 22.6776 0.0117352 0.0628295 0.454912 -2.30397e-05 
252.025 831.308 226.001 22.6767 0.0128339 0.0628301 0.452788 -2.12616e-05 
252.017 831.325 226.001 22.6757 0.0139293 0.0628308 0.450659 -1.95779e-05 
252.008 831.341 226.001 22.6748 0.0150214 0.0628314 0.448524 -1.79859e-05 
252 831.358 226.001 22.6738 0.0161101 0.0628321 0.446382 -1.6483e-05 
251.992 831.374 226.001 22.6728 0.0171956 0.0628327 0.444235 -1.50666e-05 
251.984 831.391 226.002 22.6718 0.0182777 0.0628334 0.442082 -1.3734e-05 
251.976 831.407 226.002 22.6709 0.0193565 0.062834 0.439923 -1.24828e-05 
251.967 831.423 226.002 22.6699 0.0204319 0.0628347 0.437758 -1.13102e-05 
251.959 831.44 226.002 22.6688 0.021504 0.0628353 0.435587 -1.02137e-05 
251.951 831.456 226.003 22.6678 0.0225727 0.062836 0.43341 -9.19073e-06 
251.943 831.473 226.003 22.6668 0.023638 0.0628366 0.431226 -8.23868e-06 
251.935 831.489 226.003 22.6658 0.0247 0.0628373 0.429037 -7.35496e-06 
251.926 831.506 226.003 22.6647 0.0257585 0.0628379 0.426842 -6.53701e-06 
251.918 831.522 226.004 22.6637 0.0268136 0.0628386 0.42464 -5.78225e-06 
251.91 831.538 226.004 22.6627 0.0278653 0.0628392 0.422432 -5.08811e-06 
251.902 831.555 226.004 22.6616 0.0289136 0.0628399 0.420219 -4.45202e-06 
251.894 831.571 226.005 22.6605 0.0299584 0.0628406 0.417999 -3.87142e-06 
251.885 831.588 226.005 22.6595 0.0309998 0.0628412 0.415773 -3.34376e-06 
251.877 831.604 226.005 22.6584 0.0320378 0.0628419 0.413541 -2.86648e-06 
251.869 831.621 226.006 22.6573 0.0330722 0.0628425 0.411303 -2.43702e-06 
251.861 831.637 226.006 22.6562 0.0341032 0.0628432 0.409059 -2.05285e-06 
251.853 831.653 226.006 22.6551 0.0351307 0.0628438 0.406809 -1.71141e-06 
251.844 831.67 226.007 22.654 0.0361547 0.0628445 0.404552 -1.41018e-06 
251.836 831.686 226.007 22.6529 0.0371752 0.0628451 0.40229 -1.1466e-06 
251.828 831.703 226.008 22.6518 0.0381922 0.0628458 0.400022 -9.18156e-07 
251.82 831.719 226.008 22.6506 0.0392056 0.0628465 0.397748 -7.22312e-07 
251.812 831.736 226.009 22.6495 0.0402156 0.0628471 0.395467 -5.56546e-07 
251.803 831.752 226.009 22.6484 0.0412219 0.0628478 0.393181 -4.18337e-07 
251.795 831.768 226.009 22.6472 0.0422248 0.0628484 0.390889 -3.05168e-07 
251.787 831.785 226.01 22.6461 0.043224 0.0628491 0.388591 -2.14525e-07 
251.779 831.801 226.01 22.6449 0.0442197 0.0628497 0.386288 -1.439e-07 
251.771 831.818 226.011 22.6438 0.0452118 0.0628504 0.383978 -9.07854e-08 
251.762 831.834 226.011 22.6426 0.0462003 0.0628511 0.381662 -5.26807e-08 
251.754 831.851 226.012 22.6414 0.0471852 0.0628517 0.379341 -2.70876e-08 
251.746 831.867 226.012 22.6402 0.0481665 0.0628524 0.377014 -1.15116e-08 
251.738 831.883 226.013 22.639 0.0491442 0.062853 0.374682 -3.46218e-09 
251.73 831.9 226.013 22.6378 0.0501182 0.0628537 0.372344 -4.52645e-10 
251.722 831.916 226.014 22.6366 0.0510887 0.0628543 0.369 0 
251.722 831.916 226.014 22.6366 0.0510887 0.0628543 0.369 0 
241.096 853.592 227.1 20.6683 0.997563 0.398369 -0.188388 0.998982 
232.374 879.79 240.989 10.1921 0.55529 1.46955 0.101294 0.805432 
235.475 920.419 249.141 5 0.0604021 2.32292 0.672483 0.768328 
244.548 972.548 250.734 5 0.0604027 3.13295 0.672483 0.744972 
253.672 1035.6 252.328 5 0.0604031 3.88012 0.672483 0.63697 
262.847 1108.72 253.921 5 0.0604034 4.48826 0.672483 0.377673 
272.072 1190.04 255.514 5 0.0604036 4.84352 0.672483 0.0865384 
281.343 1276.15 257.107 5 0.0604036 4.92887 0.672483 -0.130267 
290.659 1363.41 258.7 5 0.0604036 4.80809 0.672483 -0.268162 
300.016 1449.04 260.293 5 0.0604034 4.54764 0.672483 -0.352765 
309.413 1531.16 261.886 5 0.0604032 4.1938 0.672483 -0.40419 
318.85 1608.51 263.479 5 0.060403 3.77692 0.672483 -0.434459 
328.325 1680.24 265.072 5 0.0604028 3.31755 0.672483 -0.450577 
337.839 1745.78 266.665 5 0.0604025 2.83031 0.672483 -0.456785 
347.39 1804.75 268.258 5 0.0604022 2.32601 0.672483 -0.455779 
356.979 1856.92 269.851 5 0.0604019 1.81293 0.672483 -0.449346 
366.605 1902.18 271.444 5 0.0604017 1.29756 0.672483 -0.438709 
376.269 1940.48 273.037 5 0.0604014 0.785119 0.672483 -0.424721 
385.97 1971.88 274.63 5 0.0604011 0.279909 0.672483 -0.407984 
395.709 1996.47 276.223 5 0.0604008 -0.214432 0.672484 -0.388924 
405.486 2014.39 277.816 5 0.0604006 -0.694727 0.672484 -0.367839 
415.3 2025.84 279.409 5 0.0604003 -1.15811 0.672484 -0.344933 
425.153 2031.04 281.002 5 0.0604 -1.6019 0.672484 -0.320348 
435.044 2030.25 282.595 5 0.0603998 -2.02352 0.672484 -0.294182 
444.973 2023.79 284.188 5 0.0603996 -2.42038 0.672485 -0.266513 
454.941 2011.97 285.781 5 0.0603993 -2.78985 0.672485 -0.237422 
464.948 1995.17 287.374 5 0.0603994 -3.1292 0.672481 -0.207011 
474.995 1973.8 288.967 5 0.0603906 -3.43554 0.672629 -0.175428 
485.081 1948.3 290.56 5 0.0606793 -3.7058 0.66765 -0.142879 
495.208 1919.16 292.157 5 0.050937 -3.93662 0.664937 -0.109648 
505.377 1886.9 293.622 5.10154 0.0358855 -4.1243 0.66451 -0.151053 
515.479 1852.11 294.883 5.34878 0.0331932 -4.39233 0.648204 -0.16602 
525.345 1813.71 296.101 5.61162 0.029287 -4.69973 0.631898 -0.149891 
534.958 1771.17 297.262 5.90114 0.0261778 -4.9949 0.615592 -0.116499 
544.288 1724.64 298.374 6.20681 0.0272592 -5.24551 0.599286 -0.0801759 
553.314 1674.74 299.494 6.48422 0.0345275 -5.4401 0.58298 -0.0520869 
562.067 1622.22 300.706 6.67242 0.0442763 -5.58712 0.566673 -0.0345026 
570.645 1567.71 302.046 6.75381 0.0450726 -5.70292 0.550367 -0.0235419 
579.17 1511.64 303.394 6.82958 0.0234169 -5.79861 0.534061 -0.0155777 
587.654 1454.29 304.449 7.1305 -0.021051 -5.87758 0.517755 -0.00937507 
595.853 1395.86 304.898 7.87077 -0.0592132 -5.93969 0.501449 -0.004977 
603.274 1336.61 304.816 8.85485 -0.0350614 -5.98539 0.485143 -0.00237083 
609.622 1276.73 305.039 8.9118 0.0815523 -6.01709 0.468837 -0.00110399 
615.884 1216.43 306.138 7.77737 0.170751 -6.0385 0.452531 -0.0005605 
623.376 1155.84 308.464 5.83742 0.0808187 -6.05317 0.436224 -0.000284569 
633.051 1095.05 309.619 5 -0.28827 -6.06335 0.419918 0.00251426 
643.761 1034.12 305.816 8.03142 -0.791273 -5.96969 0.403612 0.00131079 
651.23 974.461 295.167 15.9653 -0.931964 -5.86586 0.387306 0.000340239 
649.88 916.204 282.45 25.0014 -0.0899998 -5.76418 0.369 0 
649.88 916.204 282.45 25.0014 -0.0899998 -5.76418 0.369 0 
649.145 913.428 282.3 24.8912 -0.10626 -5.85641 -0.188386 -1.0277 
648.415 910.593 282.14 24.805 -0.176464 -5.98499 -0.176774 -1.00584 
647.69 907.675 281.935 24.7531 -0.246027 -6.11279 -0.165162 -0.983099 
646.968 904.676 281.686 24.735 -0.314742 -6.23973 -0.15355 -0.151073 
646.248 901.595 281.392 24.75 -0.382405 -6.27991 -0.141938 0.00459304 
645.527 898.489 281.056 24.7977 -0.448815 -6.27991 -0.130325 0.000636688 
644.805 895.383 280.676 24.8771 -0.513777 -6.27991 -0.118713 0.000423719 
644.078 892.277 280.256 24.9875 -0.577097 -6.27991 -0.107101 0.00025865 
643.346 889.17 279.794 25.128 -0.638591 -6.27991 -0.0954887 0.000278087 
642.608 886.064 279.293 25.2975 -0.698075 -6.27991 -0.0838764 0.000293253 
641.86 882.958 278.754 25.4949 -0.755377 -6.27991 -0.0722642 0.00029272 
641.103 879.851 278.177 25.7191 -0.810329 -6.27991 -0.060652 0.000284201 
640.334 876.745 277.566 25.9687 -0.86277 -6.27991 -0.0490397 0.00027238 
639.552 873.639 276.92 26.2426 -0.912546 -6.27991 -0.0374275 0.000259377 
638.756 870.533 276.243 26.5392 -0.959515 -6.27991 -0.0258152 0.000246081 
637.945 867.426 275.535 26.8571 -1.00354 -6.27991 -0.014203 0.000232856 
637.117 864.32 274.798 27.1948 -1.04449 -6.27991 -0.00259074 0.000219848 
636.271 861.214 274.035 27.5507 -1.08226 -6.27991 0.00902152 0.000207119 
635.406 858.108 273.248 27.9232 -1.11673 -6.27991 0.0206338 0.000194696 
634.522 855.002 272.438 28.3106 -1.1478 -6.27991 0.032246 0.000182594 
633.617 851.895 271.608 28.7112 -1.17539 -6.27991 0.0438583 0.000170822 
632.691 848.789 270.759 29.1232 -1.19942 -6.27991 0.0554706 0.00015939 
631.743 845.683 269.895 29.5449 -1.21982 -6.27991 0.0670828 0.000148303 
630.772 842.577 269.018 29.9744 -1.23654 -6.27991 0.0786951 0.000137569 
629.779 839.471 268.129 30.4099 -1.24954 -6.27991 0.0903074 0.000127194 
628.762 836.365 267.231 30.8497 -1.25877 -6.27991 0.10192 0.000117185 
627.721 833.259 266.327 31.2917 -1.26422 -6.27991 0.113532 0.000107548 
626.657 830.153 265.42 31.7343 -1.26588 -6.27991 0.125144 9.82889e-05 
625.569 827.047 264.51 32.1754 -1.26374 -6.27991 0.136757 8.94136e-05 
624.458 823.941 263.602 32.6134 -1.25781 -6.27991 0.148369 8.09279e-05 
623.322 820.835 262.697 33.0463 -1.24813 -6.27991 0.159981 7.28376e-05 
622.163 817.729 261.797 33.4724 -1.23471 -6.27991 0.171594 6.5148e-05 
620.981 814.623 260.906 33.8899 -1.21762 -6.27991 0.183206 5.78647e-05 
619.776 811.517 260.025 34.2969 -1.19689 -6.27991 0.194818 5.09928e-05 
618.549 808.411 259.158 34.6919 -1.1726 -6.27991 0.206431 4.45379e-05 
617.3 805.305 258.305 35.073 -1.14483 -6.27991 0.218043 3.85059e-05 
616.03 802.199 257.47 35.4387 -1.11365 -6.27991 0.229656 3.29036e-05 
614.74 799.093 256.654 35.7874 -1.07917 -6.27991 0.241268 2.77397e-05 
613.431 795.987 255.86 36.2971 -1.0415 -6.27991 0.252881 2.30261e-05 
612.094 792.882 255.089 36.7905 -0.999646 -6.27991 0.264493 1.87791e-05 
610.73 789.776 254.345 37.2613 -0.953725 -6.27991 0.276106 1.50192e-05 
609.34 786.67 253.63 37.7074 -0.903874 -6.27991 0.287719 1.17652e-05 
607.926 783.564 252.946 38.127 -0.850245 -6.27991 0.299333 9.01004e-06 
606.489 780.458 252.296 38.5184 -0.793002 -6.27991 0.310947 6.64922e-06 
605.03 777.353 251.683 38.88 -0.732318 -6.27991 0.322563 4.36029e-06 
603.551 774.247 251.108 39.2103 -0.668376 -6.27991 0.334188 2.282e-06 
602.054 771.141 250.573 39.5076 -0.601368 -6.27991 0.346968 4.94497e-07 
600.54 768.036 250.081 39.7707 -0.349521 -6.27991 0.387281 0.000157755 
599.008 764.93 249.75 39.7957 -0.0899976 -6.22862 0.369 0 
599.008 764.93 249.75 39.7957 -0.0899976 -6.22862 0.369 0 
599.862 757.754 252.112 34.8768 -0.00318797 -2.3874 0.482653 -3.97569e-13 
600.717 750.579 254.418 31.1448 -0.000112875 -0.790301 0.480306 -1.10136e-13 
601.575 743.403 256.667 28.4138 -3.96029e-06 -0.231094 0.477959 -2.99481e-14 
602.434 736.228 258.859 26.4914 -1.02681e-07 -0.0417316 0.475612 -7.80266e-15 
603.296 729.052 260.995 25.1741 3.39539e-08 0.0221071 0.473265 -1.91658e-15 
604.159 721.877 263.073 24.2851 3.87962e-08 0.0436182 0.470918 -4.53305e-16 
605.025 714.701 265.094 23.6897 3.897e-08 0.0508672 0.468571 -6.94185e-17 
605.893 707.526 267.058 23.2922 3.89779e-08 0.0533104 0.466224 -1.23348e-16 
606.762 700.35 268.964 23.0274 3.89796e-08 0.0541341 0.463878 -1.22193e-17 
607.634 693.175 270.813 22.851 3.89809e-08 0.0544118 0.461531 -3.87648e-17 
608.508 685.999 272.604 22.7336 3.8982e-08 0.0545054 0.459184 -7.63488e-18 
609.384 678.824 274.336 22.6555 3.8983e-08 0.054537 0.456837 4.94123e-17 
610.262 671.648 276.01 22.6035 3.89839e-08 0.0545476 0.45449 7.36745e-18 
611.143 664.473 277.626 22.5689 3.89848e-08 0.0545512 0.452143 -3.86942e-17 
612.025 657.297 279.183 22.5458 3.89856e-08 0.0545523 0.449796 -6.75907e-17 
612.91 650.122 280.682 22.5305 3.89864e-08 0.0545527 0.447449 -3.79077e-17 
613.797 642.946 282.121 22.5203 3.89872e-08 0.0545528 0.445102 2.53731e-19 
614.686 635.771 283.502 22.5135 3.8988e-08 0.0545528 0.442755 1.12265e-17 
615.577 628.595 284.823 22.509 3.89888e-08 0.0545528 0.440408 -3.21417e-17 
616.471 621.42 286.086 22.506 3.89895e-08 0.0545527 0.438061 6.81854e-17 
617.366 614.244 287.288 22.504 3.89903e-08 0.0545527 0.435714 -1.186e-17 
618.264 607.069 288.431 22.5027 3.8991e-08 0.0545526 0.433367 1.97368e-17 
619.164 599.893 289.515 22.5018 3.89918e-08 0.0545526 0.43102 6.42427e-17 
620.067 592.718 290.538 22.5012 3.89925e-08 0.0545526 0.428673 -8.60451e-18 
620.972 585.542 291.502 22.5008 3.89932e-08 0.0545525 0.426327 -5.54866e-17 
621.879 578.367 292.406 22.5005 3.8994e-08 0.0545525 0.42398 5.6485e-17 
622.788 571.191 293.249 22.5004 3.89947e-08 0.0545525 0.421633 8.23962e-18 
623.7 564.016 294.032 22.5003 3.89954e-08 0.0545525 0.419286 -2.04382e-17 
624.614 556.84 294.755 22.5002 3.89961e-08 0.0545524 0.416939 -1.6969e-17 
625.531 549.665 295.418 22.5001 3.89969e-08 0.0545524 0.414592 2.11363e-17 
626.449 542.489 296.02 22.5001 3.89976e-08 0.0545524 0.412245 1.49168e-17 
627.371 535.314 296.561 22.5001 3.89983e-08 0.0545524 0.409898 1.2938e-17 
628.294 528.138 297.042 22.5001 3.8999e-08 0.0545524 0.407551 -8.54422e-18 
629.22 520.963 297.462 22.5 3.89997e-08 0.0545523 0.405204 1.24693e-17 
630.149 513.787 297.822 22.5 3.90004e-08 0.0545523 0.402857 -3.39227e-18 
631.08 506.612 298.121 22.5 3.90011e-08 0.0545522 0.40051 -2.4122e-17 
632.013 499.436 298.359 22.5 3.90019e-08 0.0545521 0.398163 -2.95781e-17 
632.949 492.261 298.536 22.5 3.90026e-08 0.0545516 0.395816 -4.66943e-18 
633.887 485.085 298.652 22.5 3.90033e-08 0.0545504 0.393469 -1.47983e-17 
634.828 477.91 298.708 22.5 3.9004e-08 0.0545471 0.391122 -9.77613e-19 
635.771 470.734 298.702 22.5 3.90047e-08 0.0545379 0.388776 -1.50618e-17 
636.717 463.559 298.636 22.5 3.90054e-08 0.0545128 0.386429 5.93151e-18 
637.666 456.383 298.509 22.5 3.90061e-08 0.0544445 0.384082 -4.39622e-18 
638.616 449.208 298.321 22.5 3.90068e-08 0.0542604 0.381735 -1.53492e-17 
639.57 442.032 298.072 22.5 3.90075e-08 0.0537701 0.379388 -2.13742e-17 
640.526 434.857 297.763 22.5 3.90066e-08 0.0524801 0.377041 -4.72827e-17 
641.485 427.681 297.393 22.5 3.89546e-08 0.0491366 0.374694 -7.82846e-17 
642.446 420.506 296.962 22.5 3.75084e-08 0.0405815 0.372347 -6.6328e-17 
643.41 413.33 296.47 22.5 6.43134e-12 0.0184195 0.369 0 
643.41 413.33 296.47 22.5 6.43134e-12 0.0184195 0.369 0 
635.736 428.535 296.508 21.7301 0.906631 0.0190283 -0.179485 -0.318731 
628.479 443.746 305.232 14.6396 0.949356 -0.148953 -0.160072 -0.286741 
626.816 457.345 314.475 7.67198 0.376611 -0.30008 -0.0268966 -0.257253 
630.782 469.494 318.344 5.25213 -0.630931 -0.43566 0.749896 -0.230136 
636.869 480.343 312.609 9.98989 -0.736286 -0.556935 0.760773 -0.205332 
639.232 490.035 305.793 15.1946 -0.395442 -0.665136 0.392763 -0.182745 
637.408 498.695 302.159 17.7489 -0.1126 -0.761437 0.0985485 -0.162254 
633.501 506.435 301.192 18.2091 -0.0218952 -0.846942 0.0353981 -0.143728 
629.205 513.358 301.086 18.007 0.0192523 -0.922682 0.0278327 -0.127024 
625.053 519.555 301.377 17.5212 0.0308018 -0.989617 0.0418214 -0.112 
621.277 525.111 301.786 16.9756 0.0181707 -1.04863 0.0676111 -0.0985149 
617.929 530.103 302.082 16.5451 -0.00691341 -1.10054 0.0974869 -0.0864346 
614.92 534.598 302.145 16.3115 -0.0280386 -1.14607 0.121716 -0.0756304 
612.096 538.656 302.009 16.2359 -0.0354774 -1.18591 0.134562 -0.0659824 
609.329 542.334 301.803 16.2139 -0.0313195 -1.22066 0.13908 -0.0573803 
606.573 545.679 301.638 16.161 -0.0227536 -1.25088 0.141721 -0.0497224 
603.853 548.735 301.555 16.0479 -0.0153038 -1.27705 0.146493 -0.0429164 
601.216 551.54 301.545 15.8856 -0.0113661 -1.29964 0.154384 -0.0368783 
598.702 554.129 301.576 15.7015 -0.0109047 -1.31904 0.16472 -0.0315324 
596.33 556.533 301.613 15.5211 -0.0123684 -1.33562 0.176242 -0.0268103 
594.098 558.777 301.64 15.3578 -0.0136997 -1.34971 0.187756 -0.0226502 
591.991 560.887 301.656 15.2094 -0.0133667 -1.36161 0.198532 -0.0189967 
589.998 562.882 301.677 15.0634 -0.011084 -1.37157 0.208403 -0.0157997 
588.117 564.783 301.723 14.9056 -0.00795978 -1.37985 0.217592 -0.0130139 
586.357 566.604 301.801 14.7311 -0.00603597 -1.38666 0.226436 -0.0105984 
584.732 568.359 301.9 14.5497 -0.00731507 -1.3922 0.235201 -0.00851602 
583.248 570.062 301.99 14.3853 -0.0124954 -1.39664 0.244049 -0.00673299 
581.893 571.722 302.032 14.265 -0.0198808 -1.40013 0.253077 -0.00521842 
580.632 573.348 302.006 14.2022 -0.025179 -1.40283 0.262344 -0.00394403 
579.42 574.949 301.93 14.178 -0.0228653 -1.40485 0.271832 -0.00288379 
578.225 576.53 301.877 14.1345 -0.00921274 -1.40631 0.281374 -0.00201373 
577.059 578.098 301.955 13.9902 0.0139756 -1.40731 0.290615 -0.00131163 
576.001 579.655 302.256 13.6822 0.0370325 -1.40794 0.299087 -0.000756934 
575.18 581.207 302.784 13.222 0.0440198 -1.40828 0.306441 -0.000330509 
574.722 582.755 303.385 12.7365 0.0197221 -1.4084 0.312756 -1.45887e-05 
574.651 584.301 303.761 12.4555 -0.039284 -1.40834 0.318706 0.000207346 
574.815 585.848 303.577 12.6191 -0.114592 -1.40817 0.325311 0.000350631 
574.863 587.397 302.67 13.3179 -0.164782 -1.40792 0.333305 0.000429468 
574.369 588.948 301.272 14.3352 -0.139635 -1.40763 0.342567 0.000456953 
573.063 590.503 300.098 15.102 -0.00932492 -1.40732 0.351937 0.000445092 
571.121 592.061 300.16 14.8684 0.202418 -1.40703 0.359617 0.000404804 
569.319 593.622 302.252 13.1047 0.401574 -1.40675 0.364147 0.000345919 
568.872 595.184 306.276 9.99922 0.445081 -1.40651 0.364774 0.000277189 
570.874 596.747 310.764 6.77037 0.207488 -1.40631 0.360313 0.000206287 
575.483 598.31 313.029 5.4744 -0.326486 -1.40614 0.350972 0.000139246 
581.232 599.874 310.204 8.15045 -0.985259 -1.406 0.356868 7.92126e-05 
585.001 601.44 301.034 15.453 -1.3856 -1.40588 0.355699 3.15819e-05 
583.072 603.012 287.921 25.215 -1.12113 -1.40578 0.369982 1.01865e-05 
573.355 604.591 277.189 32.4371 0.04566 -1.4057 0.369 0 
573.355 604.591 277.189 32.4371 0.04566 -1.4057 0.369 0 
572.636 604.659 277.102 32.2532 0.0287631 -1.4748 -0.188387 -0.286525 
571.924 604.695 277.008 32.0868 -0.0266079 -1.55025 -0.176774 -0.268085 
571.217 604.697 276.888 31.9398 -0.0818777 -1.6244 -0.165162 -0.250366 
570.517 604.666 276.743 31.812 -0.136963 -1.69725 -0.15355 -0.233376 
569.821 604.602 276.574 31.7033 -0.191783 -1.76878 -0.141938 -0.217118 
569.13 604.505 276.38 31.6136 -0.246253 -1.83899 -0.130325 -0.201593 
568.443 604.377 276.161 31.5427 -0.300294 -1.90787 -0.118713 -0.186799 
567.758 604.217 275.918 31.4904 -0.353826 -1.97542 -0.107101 -0.17273 
567.075 604.027 275.651 31.4564 -0.406767 -2.04161 -0.0954885 -0.15938 
566.394 603.806 275.359 31.4406 -0.459041 -2.10646 -0.0838762 -0.146737 
565.713 603.557 275.045 31.4425 -0.51057 -2.16993 -0.072264 -0.134791 
565.033 603.279 274.706 31.462 -0.561277 -2.23202 -0.0606517 -0.123527 
564.352 602.972 274.345 31.4987 -0.611088 -2.29273 -0.0490394 -0.112927 
563.67 602.638 273.961 31.5521 -0.65993 -2.35203 -0.0374272 -0.102976 
562.986 602.277 273.555 31.6221 -0.707732 -2.40992 -0.0258149 -0.093654 
562.299 601.89 273.127 31.708 -0.754422 -2.46637 -0.0142026 -0.0849403 
561.609 601.478 272.679 31.8095 -0.799934 -2.52138 -0.00259029 -0.0768139 
560.916 601.04 272.209 31.9262 -0.844201 -2.57493 0.00902201 -0.069253 
560.218 600.579 271.719 32.0576 -0.887158 -2.627 0.0206343 -0.062235 
559.516 600.093 271.21 32.2031 -0.928743 -2.67758 0.0322466 -0.055737 
558.808 599.585 270.682 32.3623 -0.968897 -2.72665 0.0438589 -0.049736 
558.094 599.055 270.135 32.5347 -1.00756 -2.77418 0.0554713 -0.0442089 
557.374 598.503 269.571 32.7196 -1.04468 -2.82017 0.0670836 -0.0391325 
556.647 597.93 268.99 32.9165 -1.0802 -2.86459 0.078696 -0.0344839 
555.912 597.337 268.393 33.1249 -1.11407 -2.90742 0.0903083 -0.0302404 
555.17 596.725 267.78 33.344 -1.14625 -2.94865 0.101921 -0.02638 
554.42 596.094 267.153 33.5734 -1.17668 -2.98825 0.113533 -0.0228806 
553.661 595.446 266.511 33.8123 -1.20532 -3.0262 0.125146 -0.019721 
552.892 594.78 265.857 34.0602 -1.23215 -3.06248 0.136758 -0.0168804 
552.115 594.097 265.19 34.3164 -1.2571 -3.09706 0.148371 -0.0143385 
551.328 593.399 264.512 34.5802 -1.28016 -3.12994 0.159983 -0.0120758 
550.531 592.686 263.823 34.8509 -1.3013 -3.16109 0.171596 -0.0100732 
549.723 591.959 263.124 35.1278 -1.32047 -3.19048 0.183209 -0.00831233 
548.905 591.219 262.416 35.4103 -1.33766 -3.21809 0.194822 -0.00677537 
548.076 590.466 261.7 35.6977 -1.35284 -3.24391 0.206435 -0.00544509 
547.237 589.702 260.978 35.9893 -1.366 -3.26791 0.218048 -0.00430485 
546.386 588.926 260.249 36.2843 -1.37712 -3.29007 0.229663 -0.00333854 
545.524 588.141 259.515 36.5822 -1.38617 -3.31037 0.24128 -0.00253056 
544.651 587.346 258.776 36.8829 -1.39316 -3.32878 0.252906 -0.00186577 
543.766 586.544 258.034 37.387 -1.39807 -3.3453 0.264737 -0.00132946 
542.862 585.733 257.29 37.8461 -1.4 -3.35989 0.276118 -0.000907523 
541.941 584.916 256.544 38.3506 -1.3992 -3.37254 0.287746 -0.000585893 
541 584.094 255.799 38.8532 -1.39546 -3.38324 0.311746 -0.000350645 
540.041 583.266 255.054 39.3525 -1.20702 -3.39196 0.452499 -0.000188123 
539.062 582.435 254.395 39.782 -0.983152 -3.39871 0.436209 -8.48906e-05 
538.064 581.6 253.837 39.9298 -0.758657 -3.40346 0.419908 -2.76591e-05 
537.058 580.764 253.38 39.9999 -0.53475 -3.40621 0.403604 -3.30144e-06 
536.047 579.926 253.024 39.9999 -0.311764 -3.40696 0.3873 1.5359e-06 
535.034 579.088 252.77 39.9542 -0.0899996 -3.40571 0.369 0 
535.034 579.088 252.77 39.9542 -0.0899996 -3.40571 0.369 0 
540.395 573.727 254.141 36.1007 -0.00539378 -1.53204 0.482653 -9.40629e-13 
545.756 568.366 255.477 32.9698 -0.000296589 -0.646268 0.480306 -3.87309e-13 
551.117 563.005 256.777 30.4558 1.04261e-05 -0.252084 0.477959 -1.59641e-13 
556.478 557.644 258.042 28.4821 2.89184e-05 -0.0792087 0.475612 -6.57359e-14 
561.839 552.283 259.271 26.9651 3.00322e-05 -0.00362486 0.473265 -2.70609e-14 
567.2 546.922 260.464 25.8177 3.00993e-05 0.0294006 0.470918 -1.11071e-14 
572.561 541.561 261.621 24.9593 3.01034e-05 0.0438291 0.468571 -4.57452e-15 
577.922 536.2 262.743 24.3211 3.01036e-05 0.0501329 0.466224 -1.91291e-15 
583.283 530.839 263.828 23.8486 3.01037e-05 0.0528871 0.463878 -6.73721e-16 
588.644 525.478 264.877 23.4994 3.01037e-05 0.0540906 0.461531 -2.92509e-16 
594.005 520.117 265.89 23.2417 3.01037e-05 0.0546164 0.459184 -1.23395e-16 
599.366 514.756 266.866 23.0517 3.01037e-05 0.0548462 0.456837 -1.40061e-16 
604.727 509.395 267.807 22.9116 3.01037e-05 0.0549467 0.45449 -3.6258e-17 
610.088 504.034 268.71 22.8083 3.01037e-05 0.0549906 0.452143 -7.35535e-17 
615.449 498.673 269.577 22.7322 3.01037e-05 0.0550098 0.449796 -3.48388e-17 
620.81 493.312 270.407 22.6761 3.01037e-05 0.0550181 0.447449 -5.97724e-17 
626.171 487.951 271.201 22.6347 3.01037e-05 0.0550218 0.445102 -5.15259e-17 
631.532 482.59 271.958 22.6042 3.01037e-05 0.0550234 0.442755 3.09629e-17 
636.893 477.229 272.678 22.5818 3.01037e-05 0.0550241 0.440408 2.42147e-17 
642.254 471.868 273.361 22.5652 3.01037e-05 0.0550244 0.438061 4.58196e-17 
647.615 466.507 274.007 22.553 3.01037e-05 0.0550245 0.435714 -2.89419e-17 
652.976 461.146 274.616 22.544 3.01037e-05 0.0550246 0.433367 -3.34647e-18 
658.337 455.785 275.188 22.5374 3.01037e-05 0.0550246 0.43102 4.4932e-17 
663.698 450.424 275.723 22.5325 3.01037e-05 0.0550246 0.428673 5.38019e-17 
669.059 445.063 276.22 22.5289 3.01037e-05 0.0550246 0.426327 -1.53536e-17 
674.42 439.702 276.68 22.5263 3.01037e-05 0.0550246 0.42398 -7.7344e-18 
679.781 434.341 277.103 22.5243 3.01037e-05 0.0550246 0.421633 -1.06151e-17 
685.142 428.98 277.489 22.5229 3.01037e-05 0.0550247 0.419286 1.80453e-17 
690.503 423.619 277.837 22.5218 3.01037e-05 0.0550247 0.416939 2.14794e-18 
695.863 418.258 278.148 22.521 3.01037e-05 0.0550246 0.414592 -2.91034e-18 
701.224 412.897 278.422 22.5204 3.01037e-05 0.0550246 0.412245 4.81944e-17 
706.585 407.536 278.658 22.52 3.01037e-05 0.0550246 0.409898 -3.47429e-17 
711.946 402.175 278.856 22.5197 3.01037e-05 0.0550246 0.407551 -2.44518e-17 
717.307 396.814 279.017 22.5194 3.01037e-05 0.0550244 0.405204 -3.59698e-18 
722.668 391.453 279.141 22.5192 3.01037e-05 0.0550241 0.402857 1.96979e-17 
728.029 386.092 279.227 22.5191 3.01037e-05 0.0550235 0.40051 2.64772e-17 
733.39 380.731 279.275 22.519 3.01037e-05 0.0550221 0.398163 -2.04806e-17 
738.751 375.37 279.286 22.5188 3.01037e-05 0.055019 0.395816 -1.53211e-17 
744.112 370.009 279.259 22.5187 3.01037e-05 0.0550121 0.393469 7.17616e-18 
749.473 364.648 279.195 22.5186 3.01037e-05 0.054997 0.391122 1.48967e-17 
754.834 359.288 279.093 22.5184 3.01037e-05 0.054964 0.388776 5.47518e-18 
760.195 353.927 278.954 22.5183 3.01037e-05 0.0548919 0.386429 2.84852e-18 
765.556 348.566 278.777 22.518 3.01037e-05 0.0547347 0.384082 5.87216e-18 
770.917 343.205 278.563 22.5178 3.01037e-05 0.054393 0.381735 1.23059e-17 
776.278 337.844 278.311 22.5174 3.01031e-05 0.053652 0.379388 2.30255e-17 
781.639 332.483 278.022 22.5169 3.00947e-05 0.0520491 0.377041 1.91667e-17 
787 327.122 277.695 22.5162 2.99681e-05 0.0485921 0.374694 1.90489e-17 
792.361 321.761 277.331 22.5153 2.80737e-05 0.041153 0.372347 8.79931e-18 
797.722 316.4 276.93 22.5142 8.98972e-09 0.0251485 0.369 0 
797.722 316.4 276.93 22.5142 8.98972e-09 0.0251485 0.369 0 
793.671 326.132 275.256 20.2353 1.09501 1.57456 1.15369 0.107184 
790.755 346.962 281.452 11.8472 0.748544 2.53533 1.13739 0.0698166 
792.799 374.67 285.263 5.74397 -0.181644 3.12754 1.12108 0.0393589 
798.536 406.618 282.481 5.00007 -0.310846 3.45795 1.10477 0.0196683 
804.681 440.932 278.781 5.00016 -0.309885 3.62625 1.08847 0.00462656 
810.774 476.451 275.089 5.00017 -0.308939 3.66824 1.07216 -0.0068551 
816.814 512.271 271.403 5.00019 -0.307994 3.60806 1.05586 -0.0154689 
822.8 547.66 267.725 5.0002 -0.307049 3.4643 1.03955 -0.0217131 
828.733 582.02 264.052 5.00022 -0.306104 3.25262 1.02324 -0.0259892 
834.612 614.863 260.387 5.00024 -0.305159 2.98674 1.00694 -0.0286439 
840.436 645.801 256.729 5.00027 -0.304215 2.67889 0.990632 -0.029986 
846.206 674.535 253.077 5.00031 -0.303271 2.33988 0.974326 -0.0302898 
851.922 700.84 249.432 5.00036 -0.302329 1.97914 0.95802 -0.0297963 
857.582 724.561 245.793 5.00042 -0.301388 1.60477 0.941714 -0.0287127 
863.189 745.6 242.162 5.00051 -0.300452 1.22361 0.925407 -0.027213 
868.741 763.909 238.537 5.00065 -0.299527 0.841295 0.909101 -0.0254399 
874.238 779.479 234.919 5.00089 -0.979443 0.462395 0.892795 -0.0235075 
879.779 792.336 226.43 8.71166 -1.39975 0.0905358 0.876489 -0.0216599 
883.126 802.53 214.888 14.5449 -1.39983 -0.27407 0.860183 -0.0198623 
882.957 810.115 203.279 20.1115 -1.39981 -0.630602 0.843877 -0.0180852 
879.425 815.148 191.606 25.4233 -1.39953 -0.977561 0.827571 -0.016302 
872.674 817.699 179.874 30.4907 -0.568288 -1.31263 0.811265 -0.0145141 
862.725 817.852 174.038 30.7967 -0.570765 -1.63311 0.794958 -0.0127637 
852.516 815.71 168.18 31.1071 -0.570194 -1.93672 0.778652 -0.0111081 
842.042 811.393 162.324 31.405 -0.566065 -2.22225 0.762346 -0.00959697 
831.311 805.03 156.493 31.6717 -0.559218 -2.48968 0.74604 -0.00825864 
820.341 796.753 150.708 31.8938 -0.551787 -2.74006 0.729734 -0.00709745 
809.158 786.681 144.974 32.0701 -0.546798 -2.97505 0.713428 -0.00609878 
797.789 774.927 139.274 32.2162 -0.547332 -3.19648 0.697122 -0.00523784 
786.253 761.587 133.568 32.3636 -0.555394 -3.40599 0.680816 -0.00448838 
774.551 746.745 127.803 32.5531 -0.570837 -3.60477 0.664509 -0.0038286 
762.659 730.48 121.925 32.8232 -0.590733 -3.79356 0.648203 -0.00324354 
750.528 712.863 115.902 33.1942 -0.609584 -3.97277 0.631897 -0.00272453 
738.101 693.963 109.739 33.6557 -0.620546 -4.14261 0.615591 -0.00226695 
725.32 673.845 103.492 34.1607 -0.617541 -4.30332 0.599285 -0.00186762 
712.158 652.577 97.261 34.6308 -0.597744 -4.45526 0.582979 -0.0015229 
698.634 630.221 91.1664 34.9762 -0.563658 -4.59891 0.566673 -0.00122771 
684.818 606.836 85.312 35.125 -0.523865 -4.73478 0.550367 -0.000975575 
670.826 582.478 79.741 35.055 -0.491762 -4.86326 0.53406 -0.000759313 
656.79 557.199 74.4007 34.8186 -0.482122 -4.98425 0.517754 -0.000571913 
642.81 531.054 69.1322 34.5458 -0.506055 -5.09676 0.501448 -0.000407501 
628.914 504.103 63.6954 34.4213 -0.565744 -5.19827 0.485142 -0.00026223 
615.019 476.424 57.8324 34.633 -0.650822 -5.28368 0.468836 -0.000135155 
600.93 448.134 51.3576 35.3037 -0.738257 -5.34384 0.45253 -2.90607e-05 
586.376 419.413 44.2488 36.4248 -0.796887 -5.36316 0.436224 4.91353e-05 
571.084 390.554 36.7071 37.8182 -0.796395 -5.31636 0.419918 8.9515e-05 
554.885 362.031 29.153 39.149 -0.718799 -5.16434 0.403611 8.41316e-05 
537.803 334.597 22.1394 40 -0.568996 -4.85064 0.387305 3.15737e-05 
520.112 309.412 16.1891 40 0.552402 -4.407 0.369 0 
