grtopM_81_2
50
2 2
10 10 
0 2 4 3 1 8 7 6 5 9 
0 2 4 3 1 8 7 6 5 9 
2.26765e-11 206.475 2929.2 137.955 240.342 2.70122e-19 638.54 993.491 126.153 
238839 0 68.7394 109.864 203.333 47.9525 63.9841 147.192 28.2311 
4.62787e-13 4.21377 59.7796 2.81541 4.90494 5.51268e-21 13.0314 20.2753 2.57455 
4874.26 0 1.40284 2.24212 4.14964 0.978623 1.3058 3.00391 0.576145 
2416.3 1.30608 263.095 7.83687 2418.45 57.3041 7.62074 1491.66 2.17767 
1.45408e-06 92.6243 0.643826 4.42414 2.97283 1.72979 1.4546e-06 1.08947 0.250873 
2125.91 310.11 1779.56 9.95921 0.370456 0 0.617186 0 
408.399 1.71275e-11 199.716 5.00688 4.63613e-12 -1.3051e-11 1.0747e-07 -1.31804e-23 
6.10645e-11 1.36362e-12 0.00755865 5.00688 4.24953e-12 -1.10993e-11 1.20557e-07 -1.97996e-24 
1.373e-12 1.36355e-12 0.00755837 5.00688 6.04037e-19 -1.70874e-17 1.37114e-07 -5.65547e-24 
1.37348e-12 1.36357e-12 0.00755841 5.00688 1.35651e-22 -1.3359e-19 1.59216e-07 -5.99573e-24 
1.37327e-12 1.36357e-12 0.00755842 5.00688 -2.30985e-24 2.58909e-20 1.9165e-07 2.17829e-23 
1.37326e-12 1.36357e-12 0.00755842 5.00688 3.80882e-23 -2.23755e-22 2.47483e-07 -8.98102e-24 
1.37326e-12 1.36357e-12 0.00755842 5.00688 2.48752e-23 -5.75128e-23 3.67561e-07 1.04825e-23 
1.37326e-12 1.36357e-12 0.00755842 5.00688 -1.16967e-23 -2.32355e-24 6.89275e-07 -4.5323e-24 
1.37326e-12 1.36357e-12 0.00755842 5.00688 4.73892e-24 -9.63247e-25 1.74913e-06 -1.76511e-23 
1.37326e-12 1.36357e-12 0.00755842 5.00688 7.13755e-23 -1.5187e-24 1.05541e-05 -1.95451e-23 
1.37326e-12 1.36357e-12 0.00755842 5.00688 -4.19164e-22 -1.41383e-24 0.00026706 -5.11461e-23 
1.37326e-12 1.36357e-12 0.00755842 5.00688 -4.49117e-21 1.25659e-24 0.00420842 -3.30678e-23 
1.37326e-12 1.36357e-12 0.00755842 5.00688 -5.40025e-18 1.1903e-24 0.0207879 -1.30544e-22 
1.37326e-12 1.36357e-12 0.00755842 5.00688 -5.44e-18 -1.27392e-24 0.0374172 1.01344e-22 
1.37326e-12 1.36357e-12 0.00755842 5.00688 -5.44e-18 3.11474e-24 0.0540455 1.77374e-22 
1.37326e-12 1.36357e-12 0.00755842 5.00688 -5.43998e-18 3.50343e-24 0.0706731 -1.8841e-22 
1.37326e-12 1.36357e-12 0.00755842 5.00688 -5.44004e-18 -2.69283e-24 0.0872998 1.32109e-22 
1.37326e-12 1.36357e-12 0.00755842 5.00688 -5.44002e-18 -5.50355e-24 0.103926 -6.47901e-23 
1.37326e-12 1.36357e-12 0.00755842 5.00688 -5.43998e-18 7.03946e-25 0.120551 2.46515e-22 
1.37326e-12 1.36357e-12 0.00755842 5.00688 -5.43994e-18 -3.57019e-25 0.137176 -2.19027e-22 
1.37326e-12 1.36357e-12 0.00755842 5.00688 -5.44011e-18 -1.10676e-25 0.1538 -8.85377e-23 
1.37326e-12 1.36357e-12 0.00755842 5.00688 -5.44009e-18 -2.13965e-24 0.170423 -1.85729e-22 
1.37326e-12 1.36357e-12 0.00755842 5.00688 -5.4401e-18 2.07303e-24 0.187046 1.49388e-23 
1.37326e-12 1.36357e-12 0.00755842 5.00688 -5.44011e-18 -5.64657e-24 0.203669 -4.23529e-23 
1.37326e-12 1.36357e-12 0.00755842 5.00688 -5.44011e-18 3.00378e-24 0.220292 -3.73481e-23 
1.37326e-12 1.36357e-12 0.00755842 5.00688 -5.44003e-18 -6.99307e-24 0.236914 -1.0926e-23 
1.37326e-12 1.36357e-12 0.00755842 5.00688 -5.44008e-18 -7.2191e-25 0.253536 2.56884e-24 
1.37326e-12 1.36357e-12 0.00755842 5.00688 -5.44002e-18 8.36542e-24 0.270158 6.04334e-23 
1.37326e-12 1.36357e-12 0.00755842 5.00688 -5.44011e-18 -2.81178e-24 0.286778 -8.36098e-23 
1.37326e-12 1.36357e-12 0.00755842 5.00688 -5.44006e-18 -3.98138e-24 0.303398 -7.37863e-23 
1.37326e-12 1.36357e-12 0.00755842 5.00688 -5.4399e-18 2.86997e-24 0.320017 -1.38912e-22 
1.37326e-12 1.36357e-12 0.00755842 5.00688 -5.43974e-18 -4.60587e-24 0.336633 4.40016e-22 
1.37326e-12 1.36357e-12 0.00755842 5.00688 -5.43989e-18 -1.48182e-24 0.353247 4.36971e-23 
1.37326e-12 1.36357e-12 0.00755842 5.00688 -5.44007e-18 -2.50049e-24 0.369857 -7.43497e-23 
1.37326e-12 1.36357e-12 0.00755842 5.00688 -5.43993e-18 -2.73597e-24 0.386463 6.8661e-22 
1.37326e-12 1.36357e-12 0.00755842 5.00688 -5.43974e-18 1.23426e-24 0.403063 -6.80732e-23 
1.37326e-12 1.36357e-12 0.00755842 5.00688 -5.43994e-18 -4.45491e-24 0.419659 -8.90791e-23 
1.37326e-12 1.36357e-12 0.00755842 5.00688 -5.43978e-18 -3.45111e-24 0.436248 1.34697e-22 
1.37326e-12 1.36357e-12 0.00755842 5.00688 -5.4398e-18 1.85562e-25 0.452832 1.64074e-22 
1.37326e-12 1.36357e-12 0.00755842 5.00688 -5.43975e-18 -4.64103e-24 0.46941 2.72369e-23 
1.37326e-12 1.36357e-12 0.00755842 5.00688 -5.43983e-18 1.68077e-24 0.485985 4.98089e-22 
1.37326e-12 1.36357e-12 0.00755842 5.00688 -5.43989e-18 4.60579e-24 0.502558 9.61866e-23 
1.37326e-12 1.36357e-12 0.00755842 5.00688 -5.43984e-18 1.14099e-22 0.519131 -9.51355e-23 
1.37326e-12 1.36359e-12 0.00755842 5.00688 -5.43989e-18 2.6971e-22 0.535697 -2.7056e-22 
1.37327e-12 1.3636e-12 0.00755842 5.00688 -5.43906e-18 -4.69162e-20 0.552239 -2.16387e-21 
1.37337e-12 1.362e-12 0.00755842 5.00688 -3.57369e-18 2.95003e-19 0.568732 -7.58722e-22 
7.37137e-12 2.77612e-10 0.00755842 5.00688 1.31414e-11 2.63168e-17 0.585211 -5.78464e-22 
87.3131 2237.49 0.00755835 5.00688 -2.63959e-08 9.31799e-11 0.601525 -5.62714e-22 
2238.94 4653.79 215.52 5.00688 -3.60992e-16 2.84444e-17 0.616186 0 
2238.94 4653.79 215.52 5.00688 -3.60992e-16 2.84444e-17 0.616186 0 
2271.77 4735.01 218.507 5 -0.484097 -1.30277 1.12037 -1.02859 
2305.41 4747.72 196.043 23.0797 0.405562 -5.5975 -0.176776 -0.0295515 
2259.39 4534.7 218.831 5 0.0588054 -6.28 0.678732 0.00568536 
2292.28 4285.73 224.91 5 0.0588054 -6.28 0.678732 0.00710569 
2325.8 4036.76 230.99 5 0.0588054 -6.28 0.678732 0.00618476 
2359.97 3787.79 237.07 5 0.0588054 -6.28 0.678732 0.0148901 
2394.78 3538.82 243.15 5 0.0588054 -6.28 0.678732 0.0178463 
2430.23 3289.85 249.23 5 0.0588054 -6.28 0.678732 0.0142645 
2466.32 3040.88 255.309 5 0.0588054 -6.28 0.678732 0.0233158 
2503.05 2791.91 261.389 5 0.0588054 -6.28 0.678732 0.0350544 
2540.42 2542.94 267.469 5 0.0588055 -6.28 0.678732 0.0490162 
2578.43 2293.97 273.549 5 0.0588013 -6.28 0.678803 0.0869623 
2617.09 2045 279.628 5 0.0593596 -6.28 0.669181 0.0999617 
2656.38 1796.03 285.737 5 -0.0156768 -6.28 0.843426 0.106264 
2696.39 1547.06 287.901 5 -0.0208082 -6.28 0.925408 0.110637 
2736.64 1298.09 287.183 5 -0.0198622 -6.28 0.909102 0.151818 
2776.81 1049.12 286.514 5 -0.0189162 -6.28 0.892796 0.191311 
2816.91 800.148 285.895 5 -0.0179701 -6.28 0.87649 0.223703 
2856.94 551.178 285.326 5 -0.0170241 -6.27999 0.860184 0.407328 
2896.91 302.208 284.807 5 -0.0160781 -6.27998 0.843878 0.603362 
2936.83 53.2389 284.338 5 -0.0151305 -3.28257 0.827571 0.383765 
2976.82 -38.1343 283.918 5 -0.0141832 -0.865815 0.811265 -0.00374014 
3016.87 -2.4413 283.548 5 -0.0132375 -1.54441 0.794959 -0.000100348 
3056.85 -2.42716 283.228 5 -0.0122915 -1.54529 0.778653 -1.68716e-05 
3096.79 -2.45933 282.957 5 -0.0113454 -1.5453 0.762347 -1.04135e-05 
3136.71 -2.49158 282.737 5 -0.0103994 -1.54527 0.746041 -4.53562e-05 
3176.6 -2.52237 282.566 5 -0.00945335 -1.5455 0.729735 4.40564e-05 
3216.47 -2.56557 282.444 5 -0.00850732 -1.54505 0.713429 -4.98162e-05 
3256.33 -2.58472 282.373 5 -0.00756128 -1.54536 0.697122 8.50439e-06 
3296.18 -2.62043 282.351 5 -0.0119316 -1.54521 0.680816 -1.86957e-05 
3336.03 -2.64801 282.1 5.21266 -0.0139138 -1.54525 0.66451 -1.7975e-05 
3374.96 -2.67728 281.726 5.46959 -0.0151685 -1.54534 0.648204 2.36759e-06 
3412.77 -2.71043 281.265 5.72652 -0.0164232 -1.54524 0.631898 -9.53855e-06 
3449.45 -2.73725 280.716 5.98345 -0.0176778 -1.54524 0.615592 -1.19909e-05 
3484.99 -2.76314 280.079 6.24039 -0.0189325 -1.54529 0.599286 -5.68063e-06 
3519.39 -2.79076 279.355 6.49732 -0.0201872 -1.54527 0.58298 -3.73288e-06 
3552.62 -2.81681 278.543 6.75425 -0.0214418 -1.54524 0.566673 -7.548e-06 
3584.69 -2.84048 277.644 7.01118 -0.0226966 -1.54527 0.550367 -2.99874e-06 
3615.59 -2.86473 276.657 7.26812 -0.0239521 -1.54525 0.534061 -4.39264e-06 
3645.3 -2.88677 275.582 7.52508 -0.0252058 -1.54525 0.517755 -4.99258e-06 
3673.81 -2.90822 274.42 7.782 -0.0264419 -1.54528 0.501449 9.68973e-07 
3701.12 -2.93021 273.171 8.03818 -0.0276859 -1.5452 0.485143 -3.13315e-06 
3727.22 -2.94723 271.835 8.29419 -0.0293059 -1.54523 0.468837 -1.12913e-06 
3752.11 -2.96485 270.393 8.56513 -0.0313614 -1.54521 0.452531 -2.9607e-05 
3775.7 -2.98077 268.819 8.8633 -0.0263895 -1.55149 0.436224 -0.00661532 
3797.86 -3.3259 267.482 8.89828 -0.00126269 -2.03702 0.419918 0.0649379 
3819.7 -29.1985 267.463 7.954 -0.0883249 -0.544051 0.403612 0.00138896 
3845.66 23.4218 262.946 10.8537 -0.768363 -0.0422517 0.387306 0.000273566 
3859.66 102.434 222.43 40 -0.09 -0.0308169 0.369 0 
3859.66 102.434 222.43 40 -0.09 -0.0308169 0.369 0 
1987.91 988.724 0.133505 39.308 0.297639 -2.54454 -0.0374932 8.12372e-06 
98.6626 0.00172191 0.128247 5.16241 0.0275787 -1.21681 0.0264008 -5.14467e-08 
0.00477866 -3.53904e-06 0.134455 5.13242 0.000503324 -1.21681 0.0281287 -5.11211e-08 
2.56746e-07 2.55474e-07 0.134417 5.13243 0.000497477 -1.21681 0.0299241 -5.10751e-08 
2.56963e-07 2.55483e-07 0.134417 5.13243 0.000491313 -1.21681 0.031903 -5.10267e-08 
2.56984e-07 2.55483e-07 0.134417 5.13243 0.000484604 -1.21681 0.0340919 -5.09754e-08 
2.56971e-07 2.55483e-07 0.134417 5.13243 0.000477279 -1.21681 0.0365235 -5.09212e-08 
2.56956e-07 2.55483e-07 0.134417 5.13243 0.000469251 -1.21681 0.0392391 -5.08637e-08 
2.56941e-07 2.55483e-07 0.134417 5.13243 0.000460413 -1.21681 0.0422915 -5.08026e-08 
2.56924e-07 2.55483e-07 0.134417 5.13242 0.000450634 -1.21681 0.0457488 -5.07377e-08 
2.56906e-07 2.55483e-07 0.134417 5.13242 0.000439753 -1.21681 0.0496989 -5.06684e-08 
2.56885e-07 2.55483e-07 0.134417 5.13242 0.000427568 -1.21681 0.0542531 -5.05943e-08 
2.56863e-07 2.55483e-07 0.134417 5.13242 0.000413843 -1.21681 0.0595475 -5.05148e-08 
2.56838e-07 2.55483e-07 0.134417 5.13242 0.000398314 -1.21681 0.0657381 -5.04292e-08 
2.56811e-07 2.55483e-07 0.134417 5.13242 0.000380708 -1.21681 0.072991 -5.03366e-08 
2.56781e-07 2.55483e-07 0.134417 5.13242 0.000360707 -1.21681 0.0814964 -5.02361e-08 
2.56748e-07 2.55484e-07 0.134417 5.13242 0.000338002 -1.21681 0.0914405 -5.01264e-08 
2.56731e-07 2.55484e-07 0.134417 5.13242 0.000313691 -1.21681 0.102266 -5.00061e-08 
2.56733e-07 2.55484e-07 0.134417 5.13241 0.000289358 -1.21681 0.113142 -4.98733e-08 
2.56735e-07 2.55484e-07 0.134417 5.13241 0.000265096 -1.21681 0.124011 -4.9726e-08 
2.56736e-07 2.55484e-07 0.134417 5.13241 0.000240906 -1.21681 0.134872 -4.95615e-08 
2.56736e-07 2.55484e-07 0.134417 5.13241 0.000216793 -1.21681 0.145725 -4.93767e-08 
2.56734e-07 2.55484e-07 0.134417 5.13241 0.000192765 -1.21681 0.156569 -4.91678e-08 
2.56729e-07 2.55484e-07 0.134417 5.13241 0.000168834 -1.21681 0.167399 -4.89303e-08 
2.56722e-07 2.55484e-07 0.134417 5.13241 0.000145023 -1.21681 0.178213 -4.86585e-08 
2.56712e-07 2.55484e-07 0.134417 5.1324 0.000121366 -1.21681 0.189003 -4.83458e-08 
2.56699e-07 2.55484e-07 0.134417 5.1324 9.79176e-05 -1.21681 0.199759 -4.79842e-08 
2.56684e-07 2.55484e-07 0.134417 5.1324 7.47678e-05 -1.21681 0.21047 -4.7564e-08 
2.56671e-07 2.55484e-07 0.134417 5.1324 5.20552e-05 -1.21681 0.221122 -4.70738e-08 
2.56664e-07 2.55484e-07 0.134417 5.1324 2.99656e-05 -1.21681 0.2317 -4.65004e-08 
2.56672e-07 2.55484e-07 0.134417 5.1324 8.64243e-06 -1.21681 0.242199 -4.58289e-08 
2.56708e-07 2.55484e-07 0.134417 5.1324 -1.19679e-05 -1.21681 0.252725 -4.50427e-08 
2.56985e-07 2.55483e-07 0.134417 5.13239 -3.11114e-05 -1.21681 0.265696 -4.41248e-08 
2.55732e-07 2.55485e-07 0.134417 5.13239 -5.99711e-05 -1.21681 0.264645 -4.30627e-08 
2.57634e-07 2.55483e-07 0.134417 5.13239 -7.30668e-05 -1.21681 0.283799 -4.1843e-08 
2.56964e-07 2.55483e-07 0.134417 5.13239 -9.78795e-05 -1.21681 0.293265 -4.047e-08 
2.57363e-07 2.55484e-07 0.134417 5.13239 -0.000139791 -1.21681 0.301774 -3.89621e-08 
2.48943e-07 2.55494e-07 0.134417 5.13238 -0.000313662 -1.21681 0.312666 -3.73705e-08 
2.64818e-07 2.55472e-07 0.134417 5.13239 -0.000182719 -1.21681 0.319363 -3.57455e-08 
2.56694e-07 2.55483e-07 0.134417 5.13239 -0.000174209 -1.21681 0.330892 -3.41765e-08 
2.56934e-07 2.55483e-07 0.134417 5.13239 -0.000178148 -1.21681 0.341721 -3.26618e-08 
2.57101e-07 2.55483e-07 0.134417 5.13239 -0.00019467 -1.21681 0.350175 -3.099e-08 
2.5705e-07 2.55483e-07 0.134417 5.13239 -0.000209632 -1.21681 0.357688 -2.85367e-08 
2.89777e-07 2.55382e-07 0.13442 5.13239 0.00225311 -1.21681 0.364714 -2.43491e-08 
2.17712e-05 -5.50342e-06 10.1986 5.0835 0.130975 -1.21694 0.357061 -9.87883e-07 
119.603 -0.0963844 394.368 5 0.509765 -1.21777 0.334163 3.03964e-07 
1033.09 -0.816865 1061.56 5 -0.421499 -1.21624 0.403612 -8.56159e-07 
3003.51 -0.401832 860.628 5 -0.482227 1.38063 0.387306 -6.81707e-08 
4676.1 1937.02 261.7 40 -8.0054e-08 2.0764e-07 0.369 0 
4676.1 1937.02 261.7 40 -8.0054e-08 2.0764e-07 0.369 0 
4590.83 1984.4 253.016 37.781 1.31544 -6.28 -0.188388 5.47388e-05 
4510.09 1811.16 290.668 5 -1.08663 -6.28 0.974612 0.000127775 
4525.97 1637.85 245.782 40 -0.534096 -6.28 0.114074 0.0002702 
4439.77 1464.61 218.336 40 -0.534096 -6.28 0.114074 0.000353243 
4351.65 1291.38 190.89 40 -0.534096 -6.28 0.114074 0.00041974 
4261.59 1118.14 163.444 40 -0.534096 -6.28 0.114074 0.000376285 
4169.61 944.908 135.997 40 -0.534096 -6.28 0.114074 0.000591712 
4075.69 771.674 108.551 40 -0.534096 -6.28 0.114075 0.00088935 
3979.83 598.439 81.1051 40 -0.534092 -6.28 0.113997 0.00103027 
3882.05 425.205 53.659 40 -0.534493 -6.28 0.120919 0.00133221 
3782.34 251.97 26.1989 40 -0.49856 -6.28 -0.0209101 0.00104326 
3680.66 78.7357 0.0010018 40 0.0624905 -4.11565 -0.0606509 7.70741e-05 
3576.81 -2.79274 0.00100128 40 0.061818 -1.79412 -0.0490386 7.22327e-06 
3473.03 -2.76751 0.00100131 40 0.0611443 -1.79243 -0.0374263 1.50817e-05 
3369.24 -2.68269 0.00100134 40 0.0604706 -1.79247 -0.025814 2.3619e-06 
3265.46 -2.59939 0.00100138 40 0.0597969 -1.79251 -0.0142017 6.45669e-06 
3161.68 -2.5175 0.00100143 40 0.0591231 -1.79246 -0.00258938 5.7535e-06 
3057.89 -2.43397 0.00100147 40 0.0584494 -1.79249 0.00902295 -6.92289e-06 
2954.11 -2.35134 0.00100153 40 0.0577757 -1.7925 0.0206353 3.51187e-05 
2850.33 -2.26924 0.00100159 40 0.057102 -1.79248 0.0322476 4.71568e-06 
2746.55 -2.18637 0.00100166 40 0.0564283 -1.79249 0.04386 6.40722e-06 
2642.77 -2.10391 0.00100174 40 0.0557545 -1.79248 0.0554724 7.97524e-07 
2538.98 -2.0211 0.00100183 40 0.0550808 -1.7925 0.0670848 1.46236e-05 
2435.2 -1.93892 0.00100194 40 0.0544071 -1.79248 0.0786972 1.55097e-06 
2331.42 -1.856 0.00100207 40 0.0537333 -1.79249 0.0903097 3.99277e-06 
2227.65 -1.77356 0.00100222 40 0.0530596 -1.79249 0.101922 4.99092e-06 
2123.87 -1.69111 0.00100239 40 0.0523683 -1.79249 0.113531 5.85792e-05 
2020.09 -1.60872 8.42429 40 0.0252211 -1.7925 0.125143 4.31996e-06 
1916.92 -1.52661 16.3002 39.7199 0.0601262 -1.79251 0.136755 3.3762e-05 
1815.07 -1.4455 25.4182 39.5411 0.061299 -1.79253 0.148367 6.05911e-05 
1714.37 -1.36548 34.5873 39.354 0.0638642 -1.79254 0.15998 2.04965e-05 
1614.84 -1.28626 43.8572 39.1231 0.0649588 -1.79254 0.171592 6.49395e-05 
1516.6 -1.20772 53.1785 38.8978 0.0500959 -1.79257 0.183204 4.29252e-05 
1419.67 -1.13063 61.9903 39.1033 0.0217992 -1.79257 0.194816 8.7953e-05 
1322.8 -1.0534 69.7965 40 0.123993 -1.79257 0.206429 6.9107e-05 
1223.89 -0.974434 81.1423 37.9422 0.871043 -1.79258 0.218041 8.33082e-05 
1131.04 -0.900409 118.847 16.3713 0.673506 -1.7917 0.229653 2.08374e-05 
1101.7 -0.847569 150.827 5 0.344762 -0.755754 0.241266 0.00555667 
1113.44 35.5737 171.899 5 0.344092 6.28 0.252878 0.00485437 
1135.98 319.159 192.948 5 0.343418 6.28 0.26449 0.00121374 
1159.99 602.744 213.972 5 0.342745 6.28 0.276103 0.000582222 
1185.49 886.33 234.973 5 0.342071 6.28 0.287715 0.000125583 
1212.47 1169.92 255.951 5 0.341397 6.28 0.299327 3.98448e-06 
1240.92 1453.5 276.904 5 0.340723 6.28 0.31094 -3.75531e-06 
1270.85 1737.09 297.834 5 0.340049 6.28 0.322553 -2.5592e-06 
1302.25 2020.67 318.74 5 0.273197 6.28 0.356003 -1.46294e-06 
1335.17 2304.26 337.298 5 -0.251101 6.28 0.403607 -6.62541e-07 
1369.76 2587.84 321.764 5 -1.4 6.28 0.385587 -0.000260736 
1404.07 2871.43 265.87 39.8603 -0.000600539 0.00485692 0.369 0 
1404.07 2871.43 265.87 39.8603 -0.000600539 0.00485692 0.369 0 
17.0991 923.904 0.00938659 5.00896 -1.09537e-05 -0.687674 1.09889e-07 1.34658e-14 
2.07704e-12 53.4658 0.00938719 5.00898 6.47484e-14 -2.35033e-11 1.18208e-07 -3.28926e-17 
1.47823e-12 3.06662e-12 0.00938718 5.00898 6.49526e-14 -1.06919e-11 1.27731e-07 -3.28912e-17 
1.47823e-12 1.46779e-12 0.00938718 5.00898 6.49526e-14 -1.06919e-11 1.38733e-07 -3.28911e-17 
1.47823e-12 1.46779e-12 0.00938718 5.00898 6.49526e-14 -1.06919e-11 1.51579e-07 -3.28914e-17 
1.47823e-12 1.46779e-12 0.00938718 5.00898 6.49526e-14 -1.06919e-11 1.66763e-07 -3.28908e-17 
1.47823e-12 1.46779e-12 0.00938718 5.00898 6.49527e-14 -1.06919e-11 1.84977e-07 -3.28911e-17 
1.47823e-12 1.46779e-12 0.00938718 5.00898 6.49527e-14 -1.06919e-11 2.07212e-07 -3.28907e-17 
1.47823e-12 1.46779e-12 0.00938718 5.00898 6.49528e-14 -1.06919e-11 2.34959e-07 -3.28908e-17 
1.47823e-12 1.46779e-12 0.00938718 5.00898 6.49529e-14 -1.06919e-11 2.70615e-07 -3.28919e-17 
1.47823e-12 1.46779e-12 0.00938718 5.00898 6.4953e-14 -1.06919e-11 3.18716e-07 -3.28913e-17 
1.47823e-12 1.46779e-12 0.00938718 5.00898 6.49534e-14 -1.06919e-11 3.93212e-07 -3.28908e-17 
1.47823e-12 1.46779e-12 0.00938718 5.00898 6.49541e-14 -1.06919e-11 5.98834e-07 -3.28908e-17 
1.47823e-12 1.46779e-12 0.00938718 5.00898 6.49556e-14 -1.06919e-11 2.38055e-06 -3.28915e-17 
1.47823e-12 1.46779e-12 0.00938718 5.00898 6.49555e-14 -1.06919e-11 2.86469e-05 -3.28915e-17 
1.47823e-12 1.46779e-12 0.00938718 5.00898 6.48992e-14 -1.06919e-11 0.000393864 -3.28903e-17 
1.47823e-12 1.46779e-12 0.00938718 5.00898 6.44443e-14 -1.06919e-11 0.00362499 -3.28914e-17 
1.47823e-12 1.46779e-12 0.00938718 5.00898 6.16e-14 -1.06919e-11 0.0142462 -3.28903e-17 
1.47823e-12 1.46779e-12 0.00938718 5.00898 5.87441e-14 -1.06919e-11 0.0258196 -3.28905e-17 
1.47823e-12 1.46779e-12 0.00938718 5.00898 5.59888e-14 -1.06919e-11 0.0373917 -3.28905e-17 
1.47823e-12 1.46779e-12 0.00938718 5.00898 5.32344e-14 -1.06919e-11 0.0489625 -3.28907e-17 
1.47823e-12 1.46779e-12 0.00938718 5.00898 5.04811e-14 -1.06919e-11 0.060532 -3.28911e-17 
1.47823e-12 1.46779e-12 0.00938718 5.00898 4.77288e-14 -1.06919e-11 0.0721001 -3.28917e-17 
1.47823e-12 1.46779e-12 0.00938718 5.00898 4.49776e-14 -1.06919e-11 0.0836669 -3.28912e-17 
1.47823e-12 1.46779e-12 0.00938718 5.00898 4.22276e-14 -1.06919e-11 0.0952322 -3.289e-17 
1.47823e-12 1.46779e-12 0.00938718 5.00898 3.94789e-14 -1.06919e-11 0.106796 -3.28913e-17 
1.47823e-12 1.46779e-12 0.00938718 5.00898 3.67316e-14 -1.06919e-11 0.118358 -3.28918e-17 
1.47823e-12 1.46779e-12 0.00938718 5.00898 3.39858e-14 -1.06919e-11 0.129919 -3.28923e-17 
1.47823e-12 1.46779e-12 0.00938718 5.00898 3.12417e-14 -1.06919e-11 0.141477 -3.29109e-17 
1.47823e-12 1.46779e-12 0.00938718 5.00898 2.84994e-14 -1.06919e-11 0.153033 -3.29125e-17 
1.47823e-12 1.46779e-12 0.00938718 5.00898 2.57593e-14 -1.06919e-11 0.164586 -3.28927e-17 
1.47823e-12 1.46779e-12 0.00938718 5.00898 2.30216e-14 -1.06919e-11 0.176136 -3.28712e-17 
1.47823e-12 1.46779e-12 0.00938718 5.00898 2.02869e-14 -1.06919e-11 0.187681 -3.28925e-17 
1.47823e-12 1.46779e-12 0.00938718 5.00898 1.75555e-14 -1.06919e-11 0.199222 -3.28633e-17 
1.47823e-12 1.46779e-12 0.00938718 5.00898 1.48281e-14 -1.06919e-11 0.210756 -3.29196e-17 
1.47823e-12 1.46779e-12 0.00938718 5.00898 1.21055e-14 -1.06919e-11 0.222285 -3.28889e-17 
1.47823e-12 1.46779e-12 0.00938718 5.00898 9.38874e-15 -1.06919e-11 0.233806 -3.28943e-17 
1.47823e-12 1.46779e-12 0.00938718 5.00898 6.67891e-15 -1.06919e-11 0.245319 -3.28915e-17 
1.47823e-12 1.46779e-12 0.00938718 5.00898 3.97746e-15 -1.06919e-11 0.256824 -3.28916e-17 
1.47823e-12 1.46779e-12 0.00938718 5.00898 1.28582e-15 -1.06919e-11 0.268321 -3.29319e-17 
1.47823e-12 1.46779e-12 0.00938718 5.00898 -1.39477e-15 -1.06919e-11 0.27981 -3.28462e-17 
1.47823e-12 1.46779e-12 0.00938718 5.00898 -4.06302e-15 -1.06919e-11 0.291292 -3.28893e-17 
1.47823e-12 1.46779e-12 0.00938718 5.00898 -6.71642e-15 -1.06919e-11 0.302764 -3.28922e-17 
1.47823e-12 1.46779e-12 0.00938718 5.00898 -9.34942e-15 -1.06919e-11 0.314216 -3.29682e-17 
1.47823e-12 1.46779e-12 0.00938718 5.00898 -1.19458e-14 -1.06919e-11 0.325633 -3.27855e-17 
1.47823e-12 1.46779e-12 0.00938718 5.00898 -1.44184e-14 -1.06919e-11 0.337003 -3.29092e-17 
2.55838e-11 7.65843e-12 0.00938719 5.00898 -4.63381e-12 6.28323e-11 0.34835 1.23262e-13 
1595.01 344.784 91.7056 5 -1.4 6.28 0.359515 -1.25481e-13 
4030.85 3243.63 231.28 5.00898 -4.70203e-14 1.03139e-13 0.369 0 
4030.85 3243.63 231.28 5.00898 -4.70203e-14 1.03139e-13 0.369 0 
3973.55 3186.33 173.976 7.61799 0.0965617 -5.64985 0.465503 4.74367e-10 
3916.24 3129.02 116.672 7.57686 0.060361 -4.39909 0.464817 1.15141e-10 
3858.94 3071.72 59.3678 7.56362 0.0548751 -4.00799 0.464024 2.17418e-10 
3801.63 3014.41 2.87402 7.54787 0.046739 -3.2346 0.463125 1.67629e-10 
3744.33 2957.11 2.87484 7.52923 0.0378731 -2.60902 0.462123 1.47184e-10 
3687.03 2899.81 2.87638 7.51113 0.0309789 -2.03566 0.461021 9.05065e-11 
3629.72 2842.5 2.87705 7.49183 0.0243528 -1.66505 0.459822 3.66342e-11 
3572.42 2785.2 2.87753 7.47748 0.0192165 -1.5026 0.458528 -7.99701e-12 
3515.11 2727.89 2.87782 7.46902 0.0158504 -1.52559 0.457143 -7.13208e-12 
3457.81 2670.59 2.87796 7.4661 0.0142572 -1.54486 0.455672 -6.31846e-12 
3400.51 2613.29 2.87795 7.46855 0.0144369 -1.56043 0.454117 -5.52267e-12 
3343.2 2555.98 2.87794 7.47118 0.0146463 -1.5722 0.452483 -4.77596e-12 
3285.9 2498.68 2.87794 7.47376 0.0148022 -1.58018 0.450776 -4.10174e-12 
3228.59 2441.37 2.87794 7.47627 0.0149044 -1.58451 0.448998 -3.38977e-12 
3171.29 2384.07 2.87795 7.47872 0.014953 -1.58472 0.447156 1.4312e-11 
3113.98 2326.76 2.87796 7.48111 0.014949 -1.48141 0.445255 2.37889e-11 
3056.68 2269.46 2.87797 7.48354 0.0149231 -1.31324 0.443298 1.85082e-11 
2999.38 2212.16 2.878 7.48566 0.0147809 -1.17052 0.441287 1.37389e-11 
2942.07 2154.85 2.87806 7.48573 0.0142469 -1.05327 0.439227 9.48657e-12 
2884.77 2097.55 2.87824 7.47921 0.0124902 -0.961462 0.437121 5.7342e-12 
2827.46 2040.24 2.87849 7.46827 0.00992166 -0.895131 0.434975 2.4671e-12 
2770.16 1982.94 2.87871 7.45856 0.00763713 -0.854366 0.432794 1.15363e-14 
2712.86 1925.64 2.87891 7.45009 0.00563681 -0.83577 0.430582 8.93948e-15 
2655.55 1868.33 2.87908 7.44286 0.00392092 -0.8164 0.428344 6.43689e-15 
2598.25 1811.03 2.87922 7.43686 0.00248948 -0.796253 0.426083 4.31132e-15 
2540.94 1753.72 2.87933 7.43207 0.00134249 -0.775331 0.423804 3.09928e-15 
2483.64 1696.42 2.87942 7.42807 0.000380668 -0.753626 0.421508 4.15992e-15 
2426.34 1639.12 2.87955 7.42275 -0.00089778 -0.731103 0.4192 4.909e-15 
2460.79 1581.81 2.8797 7.41608 -0.00249291 -0.707762 0.416881 5.2468e-15 
2518.09 1524.51 2.87987 7.40879 -0.00422648 -0.68361 0.414554 5.50128e-15 
2575.4 1467.2 2.88007 7.40032 -0.00624443 -0.658641 0.412221 4.30757e-15 
2632.7 1409.9 2.88025 7.39313 -0.00806177 -0.63289 0.409884 1.5023e-15 
2690 1352.6 2.88031 7.39237 -0.00865669 -0.606428 0.407543 6.68796e-16 
2747.31 1295.29 2.88033 7.394 -0.00877516 -0.579203 0.4052 7.22334e-16 
2804.61 1237.99 2.88034 7.39586 -0.00878387 -0.551188 0.402855 8.92105e-16 
2861.92 1180.68 2.88035 7.39764 -0.00876699 -0.522378 0.400509 9.82789e-16 
2919.22 1123.38 2.88035 7.39944 -0.00869647 -0.492775 0.398163 1.0162e-15 
2976.52 1066.07 2.88035 7.40128 -0.00857232 -0.462379 0.395816 1.18324e-15 
3033.83 1008.77 2.88034 7.40315 -0.00839457 -0.43119 0.393469 1.49379e-15 
3091.13 951.467 2.88036 7.40387 -0.0085847 -0.399169 0.391122 2.11738e-15 
3148.44 894.163 2.88051 7.39948 -0.0105479 -0.366184 0.388776 2.34728e-15 
3205.74 836.859 2.88075 7.3902 -0.0142837 -0.332237 0.386429 2.62788e-15 
3263.05 779.554 2.88104 7.37635 -0.0197837 -0.297326 0.384082 2.57594e-15 
3320.35 722.25 2.88066 7.36444 -0.0255569 -0.26159 0.381735 9.31716e-15 
3377.65 664.946 2.87878 7.352 -0.034481 -0.13039 0.379388 2.39397e-15 
3434.96 607.642 41.4178 7.33969 -0.0468597 -0.0960095 0.377041 2.03694e-15 
3492.26 550.338 98.7218 7.33187 -0.0783274 -0.06737 0.374694 1.60735e-13 
3549.57 493.034 156.026 7.33006 -0.372828 3.31695 0.372347 1.20698e-18 
3606.87 435.73 213.33 7.42629 -3.58934e-07 0.000157543 0.369 0 
3606.87 435.73 213.33 7.42629 -3.58934e-07 0.000157543 0.369 0 
3665.23 698.606 210.278 17.9351 -0.19189 -5.92984 0.337572 0.0255305 
3585.54 -2.62686 173.287 26.0306 -0.164467 -1.61821 -0.176776 1.00911e-05 
3388.79 -2.70442 138.644 25.8477 -0.163571 -1.6167 -0.165163 3.29008e-06 
3183.13 -2.53841 104.195 25.6643 -0.162682 -1.61665 -0.153551 1.30553e-05 
2968.64 -2.36625 69.9382 25.482 -0.162434 -1.61659 -0.141939 4.87786e-06 
2745.36 -2.18731 35.7693 25.3787 -0.161056 -1.61654 -0.130327 9.32795e-06 
2512.29 -2.00073 1.85135 25.1311 -0.0369245 -1.61649 -0.118714 1.32528e-05 
2270.99 -1.80851 0.00100008 24.9481 -0.036031 -1.61649 -0.107102 8.52907e-06 
2031.47 -1.61823 0.00100009 24.7652 -0.0351375 -1.61649 -0.0954898 1.5483e-05 
1794.33 -1.4287 0.937307 24.5822 -0.034244 -1.61649 -0.0838776 1.81917e-05 
1559.88 -1.24251 3.08799 24.3992 -0.0333505 -1.6165 -0.0722653 2.55984e-05 
1328.51 -1.05835 5.43165 24.2162 -0.0324561 -1.6165 -0.0606531 2.20943e-05 
1100.28 -0.87617 7.96843 24.0332 -0.0315627 -1.6165 -0.0490408 6.32441e-05 
875.265 -0.697183 10.6982 23.8502 -0.0308488 -1.61651 -0.0374286 1.71612e-05 
653.519 -0.520517 13.5917 23.6895 -0.0300739 -1.61651 -0.0258163 7.20551e-06 
434.807 -0.346335 16.6531 23.5198 0.00495087 -1.61652 -0.0142041 -1.4699e-05 
219.188 -0.174575 25.4537 19.1138 0.0539976 -1.61653 -0.00259183 -1.84864e-05 
63.6828 -0.0507709 43.3776 13.2256 0.09393 -1.61656 0.00902099 -1.2055e-05 
-9.39684 0.00740898 69.329 8.55319 0.0746399 -1.6166 0.305896 -1.51805e-05 
-13.0832 0.0103188 93.3616 9.08721 0.0717417 -1.61664 0.27154 -1.22925e-05 
-15.8883 0.0125345 116.784 9.6605 0.0576043 -1.61667 0.235989 -4.45969e-05 
-18.4861 0.0145835 137.758 11.6304 0.0658682 -1.61671 0.112866 -8.35627e-06 
-39.9429 0.0316407 159.562 11.3744 0.116725 -1.61674 0.126571 1.50731e-05 
-51.1261 0.0405186 189.702 5 0.096299 -1.61678 0.531552 2.366e-05 
30.6269 -0.0240924 218.183 5 0.0962991 -1.53856 0.531552 1.30774e-05 
136.075 -0.108432 246.663 5 0.0962991 -1.52323 0.531552 -1.43818e-05 
251.638 -0.200502 275.143 5 0.0962991 -1.52327 0.531552 9.9398e-05 
376.48 -0.299883 303.624 5 0.0962991 -1.52331 0.531552 6.52093e-05 
510.601 -0.406678 332.104 5 0.0962991 -1.52336 0.531552 -1.7674e-07 
654 -0.520688 360.584 5 0.0962991 -1.5234 0.531552 5.25043e-05 
806.677 -0.642171 389.064 5 0.0962985 -1.52345 0.531562 6.57307e-05 
968.633 -0.770997 417.545 5 0.0965363 -1.52349 0.527463 2.80829e-05 
1139.87 -0.90691 446.064 5 -0.0028195 -1.52354 0.603259 1.68663e-05 
1320.71 -1.05079 458.427 5 -0.0317833 -1.52356 0.615592 1.77647e-05 
1505.68 -1.19768 450.84 5 -0.0308372 -1.52355 0.599286 1.86895e-05 
1688.18 -1.34249 443.406 5 -0.0298912 -1.52354 0.58298 5.34758e-06 
1868.25 -1.48618 436.127 5 -0.0289452 -1.52352 0.566673 7.8837e-06 
2045.95 -1.6267 429.001 5 -0.0279991 -1.52351 0.550367 -2.01878e-06 
2221.32 -1.76566 422.029 5 -0.0286779 -1.5235 0.534061 8.49582e-07 
2394.42 -1.90319 414.946 5.201 -0.0299057 -1.52348 0.517755 8.58429e-07 
2562.6 -2.03557 407.612 5.45793 -0.0311603 -1.52348 0.501449 -1.10646e-06 
2725.04 -2.16423 400.007 5.71487 -0.032415 -1.52346 0.485143 9.72785e-07 
2881.67 -2.28763 392.13 5.97179 -0.0336697 -1.52345 0.468837 -7.04485e-07 
3032.39 -2.40652 383.983 6.22874 -0.0349315 -1.52343 0.452531 7.06285e-06 
3177.1 -2.51948 375.564 6.48655 -0.0361695 -1.48095 0.436224 0.0391156 
3315.73 4.27782 366.876 6.74137 -0.0360539 6.28 0.419918 0.000182747 
3449.21 1288.25 358.14 6.82941 -0.0394603 6.28 0.403612 -1.51749e-05 
3578.71 2572.22 348.828 7.36259 -0.3026 6.28 0.387306 -0.00125914 
3699.08 3856.19 296.59 40 -0.09 0.0057134 0.369 0 
3699.08 3856.19 296.59 40 -0.09 0.0057134 0.369 0 
1650.22 2763.6 0.0250525 12.4653 1.39786 -6.28 0.00315716 2.46003e-08 
0.420601 80.3876 0.0459635 5.04499 1.27389e-07 -4.09075e-05 0.00339329 -7.64691e-11 
4.29022e-08 6.19302e-08 0.0459634 5.04499 1.23949e-07 -3.6402e-05 0.0036619 -7.64749e-11 
4.28364e-08 4.2534e-08 0.0459634 5.04499 1.23818e-07 -3.6402e-05 0.00397108 -7.64737e-11 
4.28364e-08 4.2534e-08 0.0459634 5.04499 1.23666e-07 -3.6402e-05 0.00433053 -7.64724e-11 
4.28364e-08 4.2534e-08 0.0459634 5.04499 1.23486e-07 -3.6402e-05 0.0047533 -7.6471e-11 
4.28364e-08 4.2534e-08 0.0459634 5.04499 1.23271e-07 -3.6402e-05 0.0052575 -7.64695e-11 
4.28364e-08 4.2534e-08 0.0459634 5.04499 1.2301e-07 -3.6402e-05 0.00586902 -7.64679e-11 
4.28364e-08 4.2534e-08 0.0459634 5.04499 1.22684e-07 -3.6402e-05 0.00662642 -7.64662e-11 
4.28364e-08 4.2534e-08 0.0459634 5.04499 1.22264e-07 -3.6402e-05 0.00758968 -7.64644e-11 
4.28364e-08 4.2534e-08 0.0459634 5.04499 1.217e-07 -3.6402e-05 0.00885615 -7.64624e-11 
4.28364e-08 4.2534e-08 0.0459634 5.04499 1.20901e-07 -3.6402e-05 0.010589 -7.64602e-11 
4.28364e-08 4.2534e-08 0.0459634 5.04499 1.19701e-07 -3.6402e-05 0.0130638 -7.64579e-11 
4.28364e-08 4.2534e-08 0.0459634 5.04499 1.17797e-07 -3.6402e-05 0.0167295 -7.64553e-11 
4.28364e-08 4.2534e-08 0.0459634 5.04499 1.14656e-07 -3.6402e-05 0.0222522 -7.64526e-11 
4.28364e-08 4.2534e-08 0.0459634 5.04499 1.09448e-07 -3.6402e-05 0.0304047 -7.64495e-11 
4.28364e-08 4.2534e-08 0.0459634 5.04499 1.01927e-07 -3.6402e-05 0.0410242 -7.64462e-11 
4.28364e-08 4.2534e-08 0.0459634 5.04499 9.34564e-08 -3.6402e-05 0.0525592 -7.64426e-11 
4.28364e-08 4.2534e-08 0.0459634 5.04499 8.49529e-08 -3.6402e-05 0.06414 -7.64386e-11 
4.28364e-08 4.2534e-08 0.0459634 5.04499 7.64517e-08 -3.6402e-05 0.0757188 -7.64341e-11 
4.28364e-08 4.2534e-08 0.0459634 5.04499 6.79518e-08 -3.6402e-05 0.0872954 -7.64292e-11 
4.28364e-08 4.2534e-08 0.0459634 5.04499 5.94532e-08 -3.6402e-05 0.0988694 -7.64237e-11 
4.28364e-08 4.2534e-08 0.0459634 5.04499 5.09561e-08 -3.6402e-05 0.110441 -7.64176e-11 
4.28364e-08 4.2534e-08 0.0459634 5.04499 4.24607e-08 -3.6402e-05 0.122009 -7.64107e-11 
4.28364e-08 4.2534e-08 0.0459634 5.04499 3.39672e-08 -3.6402e-05 0.133573 -7.64029e-11 
4.28364e-08 4.2534e-08 0.0459634 5.04499 2.5476e-08 -3.6402e-05 0.145133 -7.63942e-11 
4.28364e-08 4.2534e-08 0.0459634 5.04499 1.69875e-08 -3.6402e-05 0.156689 -7.63841e-11 
4.28364e-08 4.2534e-08 0.0459634 5.04499 8.5021e-09 -3.6402e-05 0.168238 -7.63727e-11 
4.28364e-08 4.2534e-08 0.0459634 5.04499 2.05365e-11 -3.6402e-05 0.179781 -7.63594e-11 
4.28364e-08 4.2534e-08 0.0459634 5.04499 -8.45632e-09 -3.6402e-05 0.191316 -7.6344e-11 
4.28364e-08 4.2534e-08 0.0459634 5.04499 -1.69273e-08 -3.6402e-05 0.20284 -7.6326e-11 
4.28364e-08 4.2534e-08 0.0459634 5.04499 -2.5391e-08 -3.6402e-05 0.214353 -7.63047e-11 
4.28364e-08 4.2534e-08 0.0459634 5.04499 -3.38455e-08 -3.6402e-05 0.22585 -7.62794e-11 
4.28364e-08 4.2534e-08 0.0459634 5.04499 -4.22886e-08 -3.6402e-05 0.237329 -7.62489e-11 
4.28364e-08 4.2534e-08 0.0459634 5.04499 -5.07175e-08 -3.6402e-05 0.248785 -7.62116e-11 
4.28364e-08 4.2534e-08 0.0459634 5.04499 -5.91293e-08 -3.6402e-05 0.260213 -7.61655e-11 
4.28364e-08 4.2534e-08 0.0459634 5.04499 -6.75211e-08 -3.6402e-05 0.271607 -7.61077e-11 
4.28364e-08 4.2534e-08 0.0459634 5.04499 -7.58903e-08 -3.6402e-05 0.282962 -7.60336e-11 
4.28364e-08 4.2534e-08 0.0459634 5.04499 -8.42349e-08 -3.6402e-05 0.29427 -7.59368e-11 
4.28364e-08 4.2534e-08 0.0459634 5.04499 -9.25527e-08 -3.6402e-05 0.305521 -7.58068e-11 
4.28364e-08 4.2534e-08 0.0459634 5.04499 -1.00839e-07 -3.6402e-05 0.316698 -7.56262e-11 
4.28364e-08 4.2534e-08 0.0459634 5.04499 -1.09082e-07 -3.6402e-05 0.327766 -7.53655e-11 
4.28364e-08 4.2534e-08 0.0459634 5.04499 -1.17253e-07 -3.6402e-05 0.33866 -7.49688e-11 
4.28364e-08 4.2534e-08 0.0459634 5.04499 -1.25297e-07 -3.6402e-05 0.349253 -7.43236e-11 
4.28364e-08 4.2534e-08 0.0459634 5.04499 -1.33101e-07 -3.6402e-05 0.359274 -7.31722e-11 
4.28364e-08 4.2534e-08 0.0459634 5.04499 -1.40364e-07 -3.6402e-05 0.368022 -7.06884e-11 
1.3385e-07 3.52651e-07 0.0459635 5.04499 8.68487e-06 3.45765e-05 0.373461 2.81067e-08 
338.29 737.12 146.033 5 -1.39999 6.27972 0.372319 -1.72219e-08 
1913.83 4198.1 293.23 5.04499 -6.74731e-09 2.78146e-09 0.369 0 
1913.83 4198.1 293.23 5.04499 -6.74731e-09 2.78146e-09 0.369 0 
1935.17 4246.34 292.078 5 -0.0905021 -2.17496 1.15369 -1.02781 
1956.56 4224.72 288.02 5 -0.0895581 -6.17701 1.13739 -0.0194515 
1977.58 4074.53 283.993 5 -0.0886121 -6.27862 1.12108 0.00135725 
1998.34 3921.07 279.997 5 -0.0876661 -6.27861 1.10478 0.00131709 
2018.85 3767.62 276.03 5 -0.0867201 -6.2786 1.08847 0.00128677 
2039.09 3614.17 272.094 5 -0.085774 -6.27859 1.07216 0.00125288 
2059.09 3460.72 268.189 5 -0.084828 -6.27858 1.05586 0.00121242 
2078.83 3307.27 264.314 5 -0.083882 -6.27856 1.03955 0.00117339 
2098.32 3153.82 260.469 5 -0.0829359 -6.27853 1.02324 0.00115325 
2117.56 3000.37 256.655 5 -0.0819899 -6.27851 1.00694 0.00128046 
2136.56 2846.92 252.871 5 -0.0810439 -6.27848 0.990633 0.00113638 
2155.31 2693.47 249.118 5 -0.0800978 -6.27844 0.974327 0.00115079 
2173.82 2540.02 245.394 5 -0.0791518 -6.2784 0.95802 0.00109188 
2192.09 2386.58 241.702 5 -0.0782058 -6.27835 0.941714 0.0010875 
2210.12 2233.13 238.039 5 -0.0772597 -6.27829 0.925408 0.00112888 
2227.92 2079.69 234.407 5 -0.0763137 -6.27822 0.909102 0.00109128 
2245.48 1926.25 230.806 5 -0.0753677 -6.27815 0.892796 0.00106241 
2262.81 1772.81 227.235 5 -0.0744216 -6.27805 0.87649 0.000986866 
2279.91 1619.38 223.694 5 -0.0734756 -6.27794 0.860184 0.000906615 
2296.78 1465.95 220.183 5 -0.0725296 -6.27781 0.843878 0.000827074 
2313.42 1312.52 216.703 5 -0.0715835 -6.27764 0.827571 0.000941985 
2329.84 1159.1 213.254 5 -0.0706375 -6.27743 0.811265 0.000675093 
2346.03 1005.69 209.835 5 -0.0696915 -6.27715 0.794959 0.00137479 
2362.01 852.281 206.446 5 -0.0687454 -6.27678 0.778653 0.00115418 
2377.77 698.887 203.087 5 -0.0677994 -6.27624 0.762347 0.000972611 
2393.31 545.511 199.759 5 -0.0668534 -6.27539 0.746041 0.00105539 
2408.63 392.162 196.462 5 -0.0659073 -6.27385 0.729735 0.0023887 
2423.74 238.863 193.194 5 -0.0649613 -6.26998 0.713429 0.112509 
2438.64 85.6875 189.957 5 -0.0640143 -4.4669 0.697122 0.409936 
2453.38 -9.56561 186.751 5 -0.0630668 -1.5997 0.680816 -0.0784584 
2467.99 -12.7127 183.575 5 -0.0621213 -2.75756 0.66451 0.00814217 
2482.36 -53.055 180.429 5 -0.0714722 -2.47572 0.648204 0.364906 
2496.54 -84.3433 176.983 5.25166 -0.491611 0.348669 0.631898 0.343522 
2510.19 -24.9007 160.028 15.742 -0.161801 3.13879 0.615592 0.322117 
2495.61 124.193 153.127 15.9989 -0.163054 5.89448 0.599286 0.0128923 
2480 361.812 146.173 16.2558 -0.164309 6.28 0.58298 -0.000258344 
2463.28 611.815 139.165 16.5128 -0.165573 6.28 0.566673 -0.000232258 
2445.46 861.819 132.103 16.7699 -0.166836 6.28 0.550367 -0.000200553 
2426.52 1111.82 124.988 17.0272 -0.168033 6.28 0.534061 -0.000168169 
2406.46 1361.83 117.82 17.2831 -0.169117 6.28 0.517755 -0.000137689 
2385.28 1611.83 110.605 17.535 -0.170547 6.28 0.501449 -0.000109627 
2362.99 1861.84 103.331 17.7922 -0.173501 6.28 0.485143 -8.46076e-05 
2339.57 2112.76 95.9487 18.0909 -0.176297 6.28 0.468837 -6.26508e-05 
2314.91 2366.8 88.4613 18.4185 -0.166321 6.28 0.452531 -4.38463e-05 
2288.92 2620.93 81.2774 18.4569 -0.135257 6.28 0.436224 -2.83158e-05 
2262.34 2875.09 75.0895 17.7511 -0.171938 6.28 0.419918 -1.61459e-05 
2237.21 3129.28 67.7596 18.1127 -0.500247 6.28 0.403612 -7.34198e-06 
2210.89 3383.47 49.8645 26.4456 -0.78432 6.28 0.387306 -0.000354709 
2162.14 3637.69 22.4147 40 1.4 5.04131 0.369 0 
2125.91 310.11 1779.56 9.95921 0.370456 0 0.617186 0 
2125.91 310.11 1779.56 9.95921 0.370457 7.00007e-09 0.617186 2.38165e-06 
2125.91 310.099 1779.59 9.9319 0.370399 0.0113436 0.62056 2.39795e-05 
2642.65 186.992 1728.81 9.87863 0.369349 0.134417 0.627142 7.58706e-05 
2541.01 -159.698 1536.53 10.1987 0.364046 0.653766 0.587601 -0.000261591 
2509.28 1041.06 1669.07 10.0438 0.367581 0.297192 0.606734 -9.47447e-05 
2492.98 1476.01 1688.29 10.047 0.368051 0.245597 0.606338 -9.61288e-05 
2484.95 1917.23 1734.43 10.0002 0.369271 0.121451 0.61212 -4.51384e-05 
2481.06 2124.4 1753.17 9.98318 0.369763 0.0710178 0.614225 -2.63838e-05 
2478.43 2245.5 1764.11 9.97313 0.37005 0.0415769 0.615466 -1.53318e-05 
2476.92 2315.87 1770.32 9.96764 0.370213 0.0248641 0.616144 -9.2794e-06 
2476.02 2358.46 1774.22 9.96409 0.370316 0.014364 0.616584 -5.36467e-06 
2475.49 2383.08 1776.48 9.96207 0.370375 0.00828016 0.616832 -3.14309e-06 
2475.17 2397.51 1777.87 9.96083 0.370412 0.00454201 0.616986 -1.77622e-06 
2474.98 2405.66 1778.72 9.96009 0.370434 0.00225355 0.617078 -9.51645e-07 
2474.86 2410.03 1779.26 9.95962 0.370448 0.000796832 0.617136 -4.32839e-07 
2474.79 2412.01 1779.62 9.95932 0.370457 -0.00015816 0.617172 -1.07304e-07 
2474.75 2412.51 1779.88 9.95908 0.370464 -0.000850961 0.617202 1.55483e-07 
2474.73 2411.79 1780.02 9.95901 0.370468 -0.00123168 0.617211 2.43519e-07 
2474.71 2410.68 1780.19 9.95887 0.370472 -0.00169858 0.617228 4.02217e-07 
2474.7 2408.83 1780.32 9.95878 0.370475 -0.00203929 0.617239 5.01577e-07 
2474.7 2406.53 1780.44 9.95871 0.370479 -0.00236302 0.617248 5.86043e-07 
2474.7 2403.84 1780.57 9.95863 0.370482 -0.00271603 0.617258 6.78322e-07 
2474.7 2400.73 1780.71 9.95854 0.370486 -0.00310018 0.617269 7.77921e-07 
2474.7 2397.16 1780.87 9.95845 0.37049 -0.00352194 0.61728 8.84651e-07 
2474.7 2393.1 1781.04 9.95834 0.370494 -0.00399699 0.617293 1.00518e-06 
2474.7 2388.48 1781.24 9.95822 0.370499 -0.00453064 0.617308 1.14258e-06 
2474.71 2383.24 1781.46 9.95809 0.370505 -0.00512095 0.617325 1.29877e-06 
2474.71 2377.28 1781.7 9.95793 0.370511 -0.00575476 0.617344 1.47459e-06 
2474.72 2370.51 1781.94 9.95776 0.370517 -0.00639829 0.617365 1.6681e-06 
2474.72 2362.86 1782.15 9.95758 0.370523 -0.00698323 0.617388 1.87272e-06 
2474.72 2354.26 1782.3 9.95739 0.370527 -0.00738381 0.617411 2.07311e-06 
2474.72 2344.75 1782.3 9.95722 0.370527 -0.0073832 0.617431 2.23883e-06 
2474.71 2334.48 1782.02 9.95712 0.37052 -0.00662559 0.617444 2.31449e-06 
2474.69 2323.86 1781.25 9.95716 0.370501 -0.00455219 0.617439 2.20258e-06 
2474.64 2313.75 1779.68 9.95747 0.370462 -0.000333129 0.617401 1.74399e-06 
2474.56 2305.74 1776.89 9.95827 0.370391 0.00719864 0.617302 6.82624e-07 
2474.42 2302.61 1772.3 9.95987 0.370275 0.0195367 0.617105 -1.34436e-06 
2474.21 2308.78 1765.29 9.96273 0.370097 0.0384327 0.616752 -4.85801e-06 
2473.91 2331.07 1755.23 9.96738 0.36984 0.0655049 0.616177 -1.04455e-05 
2473.5 2379 1741.77 9.97434 0.369495 0.101765 0.615317 -1.86579e-05 
2472.99 2464.62 1724.97 9.98385 0.369063 0.147007 0.614142 -2.97324e-05 
2472.4 2601.06 1705.41 9.9955 0.368559 0.199673 0.612703 -4.3195e-05 
2471.79 2799.28 1683.61 10.0077 0.367999 0.258373 0.61119 -5.74631e-05 
2471.16 3062.97 1658.07 10.0177 0.36735 0.327151 0.609965 -6.97734e-05 
2470.29 3383.13 1620.67 10.0214 0.366419 0.427833 0.609505 -7.70421e-05 
2468.21 3736.58 1547.69 10.0156 0.364623 0.624259 0.610214 -7.83163e-05 
2461.4 4095.5 1383.33 10.0001 0.360585 1.06638 0.612129 -7.89469e-05 
2432.53 4454.91 1008.9 9.97912 0.351095 2.07168 0.614746 -0.000993953 
2267.5 4885.64 167.924 22.6255 1.78864e-08 0.0162975 0.616186 0 
2267.5 4885.64 167.924 22.6255 1.78864e-08 0.0162975 0.616186 0 
2304.41 4793.02 235.61 22.504 -2.27125e-07 -0.316672 0.482653 -4.9012e-14 
2341.32 4700.39 300.543 22.5 -2.28764e-07 -0.318178 0.480306 -9.60469e-15 
2378.22 4607.77 362.901 22.4998 -2.30358e-07 -0.318185 0.477959 -8.54886e-15 
2415.11 4515.14 422.783 22.4998 -2.31886e-07 -0.318185 0.475612 -7.86639e-15 
2451.99 4422.52 480.239 22.4998 -2.33332e-07 -0.318185 0.473265 -7.03895e-15 
2488.88 4329.89 535.291 22.4998 -2.34696e-07 -0.318185 0.470918 -6.41627e-15 
2525.77 4237.27 587.94 22.4998 -2.35984e-07 -0.318185 0.468571 -5.72181e-15 
2562.66 4144.65 638.17 22.4998 -2.37204e-07 -0.318185 0.466224 -5.01837e-15 
2599.55 4052.02 685.953 22.4998 -2.38363e-07 -0.318185 0.463878 -4.46962e-15 
2636.45 3959.4 731.253 22.4998 -2.39469e-07 -0.318185 0.461531 -3.80407e-15 
2673.37 3866.77 774.026 22.4998 -2.40529e-07 -0.318185 0.459184 -3.40822e-15 
2710.29 3774.15 814.219 22.4998 -2.41547e-07 -0.318185 0.456837 -3.12278e-15 
2747.23 3681.52 851.776 22.4998 -2.42528e-07 -0.318185 0.45449 -2.70355e-15 
2784.18 3588.9 886.637 22.4998 -2.43478e-07 -0.318185 0.452143 -2.1562e-15 
2821.15 3496.28 918.737 22.4998 -2.44399e-07 -0.318185 0.449796 -1.8005e-15 
2858.14 3403.65 948.012 22.4998 -2.45296e-07 -0.318185 0.447449 -1.58216e-15 
2895.16 3311.03 974.394 22.4998 -2.46171e-07 -0.318185 0.445102 -1.23406e-15 
2932.2 3218.4 997.821 22.4998 -2.47027e-07 -0.318185 0.442755 -1.07706e-15 
2969.27 3125.78 1018.23 22.4998 -2.47867e-07 -0.318185 0.440408 -8.07531e-16 
3006.36 3033.15 1035.56 22.4998 -2.48693e-07 -0.318185 0.438061 -7.69658e-16 
3043.49 2940.53 1049.75 22.4998 -2.49508e-07 -0.318185 0.435714 -3.89486e-16 
3080.65 2847.91 1060.77 22.4998 -2.50312e-07 -0.318185 0.433367 -3.15052e-16 
3117.84 2755.28 1068.58 22.4998 -2.51109e-07 -0.318185 0.43102 -2.11406e-16 
3155.08 2662.66 1073.15 22.4998 -2.51901e-07 -0.318185 0.428673 -1.73236e-17 
3192.35 2570.03 1074.45 22.4998 -2.52688e-07 -0.318185 0.426327 3.7771e-17 
3229.66 2477.41 1072.5 22.4998 -2.53473e-07 -0.318185 0.42398 1.93161e-16 
3267.02 2384.78 1067.29 22.4998 -2.54257e-07 -0.318185 0.421633 2.42171e-16 
3304.43 2292.16 1058.85 22.4998 -2.55042e-07 -0.318185 0.419286 3.14537e-16 
3341.88 2199.54 1047.19 22.4998 -2.55831e-07 -0.318185 0.416939 3.8727e-16 
3379.39 2106.91 1032.37 22.4998 -2.56623e-07 -0.318185 0.414592 3.943e-16 
3416.95 2014.29 1014.43 22.4998 -2.57422e-07 -0.318185 0.412245 3.5162e-16 
3454.56 1921.66 993.419 22.4998 -2.58229e-07 -0.318185 0.409898 4.09856e-16 
3492.23 1829.04 969.402 22.4998 -2.59045e-07 -0.318185 0.407551 3.79306e-16 
3529.96 1736.41 942.441 22.4998 -2.59872e-07 -0.318185 0.405204 4.23352e-16 
3567.75 1643.79 912.601 22.4998 -2.60712e-07 -0.318185 0.402857 3.3652e-16 
3605.61 1551.17 879.949 22.4998 -2.61566e-07 -0.318185 0.40051 3.77144e-16 
3643.53 1458.54 844.55 22.4998 -2.62436e-07 -0.318185 0.398163 3.35989e-16 
3681.51 1365.92 806.466 22.4998 -2.63323e-07 -0.318185 0.395816 3.29795e-16 
3719.57 1273.29 765.757 22.4998 -2.64227e-07 -0.318185 0.393469 2.36396e-16 
3757.7 1180.67 722.48 22.4998 -2.65148e-07 -0.318185 0.391122 2.06714e-16 
3795.91 1088.04 676.685 22.4998 -2.66085e-07 -0.318185 0.388776 1.9373e-16 
3834.19 995.42 628.414 22.4998 -2.67032e-07 -0.318185 0.386429 1.8263e-16 
3872.55 902.796 577.704 22.4998 -2.67981e-07 -0.318185 0.384082 1.31211e-16 
3910.99 810.171 524.578 22.4998 -2.68914e-07 -0.318185 0.381735 8.3922e-17 
3949.51 717.547 469.05 22.4998 -2.69793e-07 -0.318185 0.379388 8.50025e-17 
3988.12 624.923 411.116 22.4998 -2.70546e-07 -0.318185 0.377041 3.72762e-17 
4026.81 532.299 350.749 22.4998 -2.71017e-07 -0.318178 0.374694 8.0196e-17 
4065.59 439.674 287.89 22.4998 -2.70731e-07 -0.316753 0.372347 1.68886e-15 
4104.47 347.05 222.43 22.5 -1.29747e-13 -0.00144942 0.369 0 
4104.47 347.05 222.43 22.5 -1.29747e-13 -0.00144942 0.369 0 
4091.08 373.875 223.143 20.4477 1.01467 0.634106 -0.188388 1.01245 
4080.24 411.823 241.674 6.83533 0.210847 2.24346 0.4332 0.908221 
4089.45 477.926 246.517 5 0.0791338 3.67501 0.59895 0.830931 
4101.46 569.084 249.106 5 0.0791346 4.98367 0.59895 0.59696 
4113.59 683.149 251.695 5 0.0791351 5.89702 0.59895 0.119631 
4125.82 813.202 254.284 5 0.0791352 6.06619 0.59895 -0.0206808 
4138.15 946.215 256.873 5 0.0791352 6.04212 0.59895 -0.00733325 
4150.56 1078.81 259.461 5 0.0791352 6.03663 0.59895 -0.0102728 
4163.06 1211.3 262.05 5 0.0791351 6.02633 0.59895 -0.0136098 
4175.66 1343.62 264.639 5 0.0791351 6.01052 0.59895 -0.0157654 
4188.35 1475.66 267.228 5 0.0791351 5.99072 0.59895 -0.0171103 
4201.12 1607.35 269.817 5 0.079135 5.96775 0.59895 -0.0161585 
4213.99 1738.64 272.406 5 0.079135 5.94477 0.598951 -0.00980024 
4226.95 1869.53 274.995 5 0.079135 5.93068 0.598951 0.00145644 
4240 2000.17 277.584 5 0.0791349 5.93536 0.598951 0.00229641 
4253.14 2130.89 280.173 5 0.0791349 5.94336 0.598951 -0.0310408 
4266.37 2261.76 282.762 5 0.0791348 5.89275 0.598952 -0.100654 
4279.69 2391.74 285.351 5 0.0791347 5.70962 0.598952 -0.183383 
4293.09 2518.51 287.94 5 0.0791344 5.35955 0.598953 -0.256001 
4306.59 2639.15 290.529 5 0.0791341 4.85433 0.598953 -0.308485 
4320.17 2750.95 293.118 5 0.0791337 4.22867 0.598954 -0.340859 
4333.83 2851.8 295.706 5 0.0791331 3.51973 0.598956 -0.357005 
4347.57 2940.24 298.295 5 0.0791325 2.75847 0.598958 -0.361109 
4361.39 3015.36 300.884 5 0.0791323 1.96825 0.598951 -0.356459 
4375.29 3076.64 303.473 5 0.0791038 1.1663 0.599427 -0.345299 
4389.27 3123.89 306.061 5 0.080302 0.365622 0.578746 -0.329026 
4403.33 3157.12 308.671 5 0.0273525 -0.423335 0.6528 -0.308407 
4417.49 3176.54 310.353 5 -0.0241967 -1.19137 0.713385 -0.283864 
4431.72 3182.52 309.846 5 -0.0232536 -1.92975 0.697101 -0.25529 
4445.91 3175.57 309.355 5 -0.0223088 -2.62885 0.680802 -0.222506 
4460.08 3156.39 308.881 5 -0.0213635 -3.27751 0.6645 -0.185337 
4474.23 3125.85 308.423 5 -0.0204181 -3.86218 0.648196 -0.143887 
4488.35 3085.07 307.982 5 -0.0194724 -4.36579 0.631891 -0.0988863 
4502.44 3035.49 307.557 5 -0.0185268 -4.76604 0.615586 -0.0519252 
4516.52 2978.89 307.149 5 -0.0301919 -5.03154 0.599285 -0.019614 
4530.58 2917.65 306.536 5.16794 -0.027054 -5.18181 0.58298 -0.0470809 
4544.38 2853.78 305.974 5.50402 -0.0387611 -5.47713 0.566673 -0.0423423 
4557.69 2784.74 305.198 5.75378 -0.0371272 -5.77826 0.550367 -0.0179932 
4570.62 2710.43 304.443 5.96589 -0.0367425 -5.97058 0.534061 -0.000286528 
4583.22 2632.75 303.689 6.16127 -0.0438248 -6.01904 0.517755 0.00268428 
4595.52 2554.23 302.805 6.44128 -0.0609928 -5.99197 0.501449 0.000179038 
4607.41 2476.18 301.613 6.93058 -0.0740052 -5.97522 0.485143 -0.00110245 
4618.57 2398.42 300.18 7.54996 -0.0482437 -5.98548 0.468837 -0.000900061 
4628.8 2320.48 299.18 7.76821 0.0370604 -6.00458 0.452531 -0.000378665 
4638.66 2242.21 299.667 6.83816 0.114164 -6.01925 0.436224 -4.01204e-05 
4649.82 2163.69 301.53 5 -0.00717564 -6.02471 0.419917 0.0001369 
4663.66 2085.06 301.32 5 -0.836199 -5.9145 0.40361 0.0018333 
4677.79 2008.36 286.6 16.0528 -1.4 -5.60613 0.387306 0.000214661 
4676.1 1937.08 261.7 33.9822 -0.0899995 -5.44047 0.369 0 
4676.1 1937.08 261.7 33.9822 -0.0899995 -5.44047 0.369 0 
4623.43 1833.26 254.353 28.382 1.18261 -1.05313 -0.188388 -0.222687 
4582.28 1852.17 282.86 5 -1.4 -3.72501 0.615038 -0.188573 
4596.54 1796.29 240.165 37.5666 -0.403091 -6.17187 -0.165163 0.00199608 
4534.78 1672.02 223.898 37.3836 -0.402198 -6.16769 -0.153551 0.00372139 
4472.53 1547.86 207.665 37.2006 -0.401306 -6.11627 -0.141939 0.00263491 
4409.77 1425.14 191.465 37.0177 -0.400412 -6.07906 -0.130326 0.00131095 
4346.52 1303.46 175.299 36.8347 -0.399505 -6.06217 -0.118714 0.00144846 
4282.76 1182.25 159.165 36.6515 -0.398592 -6.04201 -0.107102 0.00197549 
4218.52 1061.61 143.066 36.4679 -0.397751 -6.01113 -0.0954898 0.00240703 
4153.79 941.825 126.998 36.2855 -0.397079 -5.97031 -0.0838775 0.00285536 
4088.56 823.187 110.957 36.1078 -0.396238 -5.9183 -0.0722653 0.00353389 
4022.84 706.003 94.9482 35.9302 -0.394016 -5.84935 -0.060653 0.00463952 
3956.61 590.748 79.0091 35.7233 -0.390415 -5.75254 -0.0490408 0.00652579 
3889.96 478.2 63.18 35.4632 -0.393233 -5.60683 -0.0374285 0.0101646 
3823 369.729 47.2838 35.2961 -0.416376 -5.3644 -0.0258163 0.0172692 
3755.55 268.039 30.7476 35.6378 -0.434506 -4.93123 -0.014204 0.0261227 
3686.43 178.469 13.6889 36.2887 -0.312971 -4.25054 -0.0025918 0.0221126 
3614.83 107.942 0.00106964 34.8737 0.0255876 -3.63668 0.00902044 0.00581471 
3545.47 54.5868 0.0010293 34.6907 0.0264811 -3.46374 0.0206327 -0.00109015 
3476.52 6.06941 0.0010293 34.5077 0.0273743 -3.50089 0.0322449 -0.00114128 
3407.98 -43.4876 0.0010293 34.3248 0.0282677 -3.54216 0.0438572 -0.000315806 
3339.85 -94.1997 0.0010293 34.1418 0.0291613 -3.55595 0.0554694 -0.000107766 
3272.12 -145.298 0.0010293 33.9588 0.0300548 -3.56241 0.0670817 -0.000147487 
3204.81 -196.577 0.0010293 33.7759 0.0309483 -3.57088 0.0786939 -0.000140175 
3137.9 -248.094 0.0010293 33.5929 0.0318418 -3.57951 0.0903062 -1.46959e-05 
3071.41 -299.852 0.0010293 33.4099 0.0327353 -3.58249 0.101918 0.000352964 
3005.32 -351.694 0.0010293 33.2269 0.0336288 -3.56586 0.113531 0.00140654 
2939.65 -403.071 0.0010293 33.044 0.0345222 -3.48606 0.125143 0.00440451 
2874.38 -452.216 0.0010293 32.861 0.0354156 -3.20775 0.136755 0.0124232 
2809.54 -493.575 0.00102931 32.678 0.0363098 -2.35702 0.148367 0.0306801 
2745.12 -511.135 0.00118358 32.4951 0.0372057 -0.272589 0.15998 0.0396112 
2681.15 -470.38 5.12821 32.3121 0.0381013 2.36758 0.171592 0.0300075 
2617.95 -355.765 10.2885 32.1291 0.0389962 4.62251 0.183204 0.0120237 
2555.49 -178.066 15.4821 31.9461 0.0398885 5.95097 0.194816 -0.000955324 
2493.76 36.7971 20.7088 31.7632 0.040778 6.28 0.206429 -0.00348416 
2432.74 260.865 25.9686 31.5803 0.0416763 6.09474 0.218041 -0.00109936 
2372.42 479.75 31.2618 31.3974 0.0426055 5.97845 0.229653 4.15057e-05 
2312.81 695.381 36.5891 31.2136 0.0435315 5.99698 0.241265 5.47213e-05 
2253.91 911.531 41.9506 31.0293 0.044253 6.04034 0.252878 -5.20389e-05 
2195.72 1128.89 47.3405 30.8489 0.0446307 6.072 0.26449 -7.53065e-05 
2138.23 1347.14 52.7491 30.6791 0.0457104 6.0918 0.276102 -5.33858e-05 
2081.44 1565.94 58.1955 30.5028 0.0502534 6.10557 0.287714 -2.75752e-05 
2025.33 1785.13 63.777 30.2477 0.0564627 6.1171 0.299327 -1.1016e-05 
1970.12 2004.64 69.5435 29.8926 0.0433716 6.12783 0.310939 -3.10191e-06 
1916.02 2224.44 74.9598 29.8665 -0.0148821 6.13784 0.322551 -6.35206e-07 
1862.33 2444.53 78.7475 31.0707 -0.0296054 6.14636 0.334163 -5.48481e-08 
1806.15 2664.86 82.0693 32.3544 0.323826 6.15477 0.345776 8.34831e-06 
1747.09 2885.42 95.2212 25.8672 1.05434 6.1557 0.357388 -0.000110954 
1702.89 3106.01 129.101 5 0.0899998 3.95843 0.369 0 
1702.89 3106.01 129.101 5 0.0899998 3.95843 0.369 0 
1737.01 3389.26 138.39 5 -0.620568 1.00593 1.15369 0.902317 
1772.71 3519.64 110.888 26.4177 0.511515 6.20601 -0.176776 0.00447662 
1715.74 3919.34 140.224 5 0.114256 6.24557 0.461075 -0.00405663 
1751.08 4321.01 150.769 5 0.114256 6.23726 0.461075 -0.00310013 
1787.52 4722.25 161.314 5 0.114256 6.23427 0.461075 -0.0031071 
1825.05 5123.34 171.859 5 0.114256 6.23077 0.461075 -0.00311684 
1863.67 5524.25 182.404 5 0.114256 6.22668 0.461075 -0.00314349 
1903.39 5924.94 192.949 5 0.114256 6.22185 0.461075 -0.00319101 
1944.2 6325.39 203.494 5 0.114256 6.21606 0.461075 -0.00326406 
1986.11 6725.53 214.039 5 0.114256 6.20899 0.461075 -0.00337729 
2029.11 7125.31 224.584 5 0.114256 6.20015 0.461075 -0.00357845 
2073.2 7524.63 235.129 5 0.114256 6.18882 0.461075 -0.00397953 
2118.39 7923.37 245.674 5 0.114256 6.17367 0.461075 -0.00467473 
2164.66 8321.32 256.219 5 0.114256 6.1524 0.461075 -0.005146 
2212.04 8718.17 266.764 5 0.114256 6.12163 0.461075 -0.0119571 
2260.5 9113.42 277.309 5 0.114256 6.08601 0.461075 0.00436444 
2310.06 9506.83 287.854 5 0.114256 6.14858 0.461075 -0.293996 
2360.71 9903.49 298.399 5 0.114254 3.71347 0.461075 -0.471454 
2412.36 10174.1 308.944 5 0.114253 0.0217677 0.461075 -0.457383 
2464.95 10253.5 319.489 5 0.114251 -3.65657 0.461076 -0.270973 
2518.48 10142.4 330.033 5 0.114249 -6.13854 0.461075 0.0121328 
2573.01 9902.9 340.578 5 0.114241 -6.08774 0.461223 -0.00415891 
2628.63 9665.99 351.122 5 0.11537 -6.11667 0.441762 -0.00141455 
2685.34 9427.58 361.725 5 -0.0340913 -6.15066 0.661188 -0.000877337 
2743.3 9187.41 364.589 5 -0.0541632 -6.17271 0.762341 -0.000418358 
2801.58 8946.1 360.468 5 -0.0532175 -6.18825 0.746038 -0.000119594 
2859.44 8703.99 356.396 5 -0.0522716 -6.19973 0.729733 4.82423e-05 
2916.86 8461.28 352.373 5 -0.0513256 -6.20862 0.713427 0.000143854 
2973.87 8218.11 348.399 5 -0.0503796 -6.21574 0.697121 0.000197672 
3030.47 7974.57 344.474 5 -0.0494336 -6.22157 0.680815 0.000225606 
3086.66 7730.73 340.597 5 -0.0484876 -6.22643 0.664509 0.000236669 
3142.44 7486.64 336.77 5 -0.0475416 -6.23054 0.648203 0.000236378 
3197.83 7242.33 332.992 5 -0.0465955 -6.23407 0.631897 0.000228333 
3252.82 6997.84 329.263 5 -0.0456495 -6.23713 0.615591 0.000215006 
3307.43 6753.2 325.583 5 -0.0447035 -6.23981 0.599285 0.000198163 
3361.65 6508.41 321.952 5 -0.0437574 -6.24217 0.582979 0.000179113 
3415.49 6263.51 318.37 5 -0.0428114 -6.24427 0.566673 0.000158852 
3468.97 6018.49 314.836 5 -0.0418654 -6.24616 0.550367 0.000138156 
3522.07 5773.38 311.352 5 -0.0409194 -6.24785 0.534061 0.000117644 
3574.81 5528.17 307.917 5 -0.0399733 -6.24938 0.517755 9.78157e-05 
3627.2 5282.89 304.531 5 -0.0390273 -6.25078 0.501449 7.9086e-05 
3679.23 5037.54 301.194 5 -0.0380813 -6.25205 0.485143 6.18147e-05 
3730.91 4792.12 297.905 5 -0.0402433 -6.25321 0.468836 5.30187e-05 
3782.26 4546.64 294.505 5.12244 -0.0443338 -6.25302 0.452531 2.82244e-05 
3832.75 4301.17 290.883 5.40196 -0.0406689 -6.2552 0.436224 2.09809e-05 
3881.7 4055.59 287.427 5.48007 -0.0262222 -6.25624 0.419918 1.08358e-05 
3929.95 3809.96 284.713 5 -0.100447 -6.25795 0.403612 5.59402e-06 
3979.99 3564.24 278.196 7.64308 -0.876445 -6.25669 0.387306 0.000370392 
4019.19 3318.59 231.28 40 -0.0899997 -4.65621 0.369 0 
4019.19 3318.59 231.28 40 -0.0899997 -4.65621 0.369 0 
3990.53 3279.2 228.163 36.7312 1.3628 -6.28 -0.188388 0.000479309 
3964.61 3219.97 242.85 20.5319 1.4 -6.28 -0.174503 0.00046235 
3954.9 3160.74 258.308 5.26954 -0.408398 -6.28 1.10871 0.00043868 
3960.94 3101.49 251.984 7.32968 -1.39335 -6.28 1.09375 0.000418643 
3965.05 3042.24 233.592 18.3839 -1.38106 -6.28 1.07406 0.000402496 
3957.89 2983 215.135 28.4549 -1.05566 -6.28 0.671281 0.000387572 
3940.35 2923.77 200.454 34.9186 -0.353533 -6.28 -0.107847 0.000373955 
3915.95 2864.55 194.22 34.7653 -0.344398 -6.28 -0.100231 0.000358256 
3891.54 2805.32 188.102 34.5356 -0.341321 -6.28 -0.0886644 0.000342757 
3867.21 2746.1 182.026 34.2899 -0.34359 -6.28 -0.0753044 0.000327472 
3842.98 2686.87 175.927 34.078 -0.348405 -6.28 -0.0602927 0.00031242 
3818.8 2627.65 169.774 33.9201 -0.347951 -6.28 -0.0447581 0.00029763 
3794.63 2568.42 163.631 33.7626 -0.335201 -6.28 -0.0311842 0.000283127 
3770.45 2509.19 157.647 33.4923 -0.314836 -6.28 -0.0195383 0.000268906 
3746.39 2449.97 151.918 33.0486 -0.304251 -6.28 -0.00779265 0.000254934 
3722.63 2390.74 146.327 32.5362 -0.323063 -6.28 0.00525951 0.000241184 
3699.23 2331.52 140.518 32.2331 -0.375707 -6.28 0.0202178 0.000227668 
3675.99 2272.29 134.073 32.4361 -0.433017 -6.28 0.0377898 0.000214459 
3652.42 2213.06 126.926 33.147 -0.430455 -6.28 0.0594545 0.000201676 
3627.97 2153.83 119.798 33.7672 -0.301249 -6.28 0.0891724 0.000189416 
3602.72 2094.61 114.238 33.1234 -0.0410207 -6.28 0.139147 0.000177657 
3577.89 2035.38 111.871 30.0884 0.242219 -6.28 0.269564 0.000166215 
3555.9 1976.15 113.025 24.5959 0.42413 -6.28 0.591236 0.000154934 
3539.28 1916.92 116.512 17.681 0.585717 -6.28 0.683264 0.000143951 
3529.46 1857.68 122.116 9.77082 0.206686 -6.28 0.697068 0.000132698 
3527.61 1798.44 123.256 6.0123 -0.123162 -6.28 0.662945 0.000121937 
3529.55 1739.19 120.462 5.64943 -0.132757 -6.28 0.614173 0.000111915 
3531.78 1679.94 117.602 5.46443 -0.116373 -6.28 0.540027 0.000102305 
3534.12 1620.69 115.157 5.3364 0.204736 -6.28 0.390574 9.33256e-05 
3536.44 1561.45 119.467 5.28218 0.228265 -6.28 0.29181 8.44879e-05 
3538.91 1502.2 124.259 5.23338 0.232835 -6.28 0.254623 7.60441e-05 
3541.55 1442.95 129.15 5.20053 0.234661 -6.28 0.240847 6.8014e-05 
3544.34 1383.7 134.083 5.17569 0.235409 -6.28 0.237203 6.04054e-05 
3547.28 1324.45 139.036 5.15618 0.23564 -6.28 0.238835 5.32248e-05 
3550.35 1265.21 144 5.14052 0.235597 -6.28 0.243484 4.64782e-05 
3553.56 1205.96 148.968 5.12768 0.235391 -6.28 0.249982 4.01709e-05 
3556.91 1146.71 153.937 5.11698 0.235081 -6.28 0.257684 3.43082e-05 
3560.39 1087.46 158.905 5.10792 0.2347 -6.28 0.266207 2.88947e-05 
3564 1028.21 163.871 5.10017 0.234269 -6.28 0.275313 2.3935e-05 
3567.74 968.964 168.834 5.09345 0.233801 -6.28 0.284843 1.9433e-05 
3571.6 909.716 173.792 5.08757 0.233304 -6.28 0.294689 1.53925e-05 
3575.59 850.468 178.746 5.08239 0.232785 -6.28 0.304771 1.18168e-05 
3579.71 791.219 183.694 5.07779 0.23225 -6.28 0.315026 8.70879e-06 
3583.96 731.971 188.637 5.07367 0.231702 -6.28 0.325396 6.07113e-06 
3588.33 672.723 193.574 5.06997 0.231146 -6.28 0.335818 3.90598e-06 
3592.83 613.475 198.505 5.06664 0.230589 -6.28 0.346194 2.21514e-06 
3597.44 554.226 203.43 5.0636 0.230075 -6.28 0.356313 1.00001e-06 
3602.19 494.978 208.349 5.06054 0.235068 -6.28 0.365415 0.000160387 
3607.05 435.73 213.33 5.00679 -0.0019788 -5.31177 0.369 0 
3607.05 435.73 213.33 5.00679 -0.0019788 -5.31177 0.369 0 
3616.75 374.757 213.819 5.57756 -1.15824 -5.31421 1.14817 0.918593 
3626.1 313.745 195.454 19.8603 -0.308059 -4.48936 0.182333 0.885203 
3615.94 266.187 190.567 22.7824 0.379926 -3.69405 -0.148597 0.851881 
3601.59 231.59 196.814 17.104 0.700388 -2.92826 -0.124694 0.817922 
3594.76 209.465 208.431 8.03902 0.196414 -2.19256 0.536457 0.782906 
3600.32 199.317 212.073 5.70819 -0.0881298 -1.48789 0.821995 0.74649 
3609.14 200.648 211.14 6.94665 -0.0321032 -0.81556 0.736038 0.708352 
3616.31 212.934 211.087 7.42094 0.00482308 -0.177135 0.691374 0.668172 
3622.85 235.623 211.624 7.41926 0.00555539 0.425521 0.689519 0.625639 
3629.42 268.131 212.172 7.41003 0.0015008 0.990265 0.691056 0.580481 
3636.03 309.841 212.655 7.45093 -0.000161846 1.51471 0.688872 0.532527 
3642.6 360.095 213.109 7.50967 -0.000794208 1.99631 0.685136 0.481803 
3649.12 418.196 213.552 7.57271 -0.00143931 2.43254 0.681058 0.428675 
3655.58 483.405 213.983 7.63998 -0.00226516 2.82121 0.676736 0.373995 
3661.98 554.946 214.398 7.71346 -0.00320977 3.1609 0.672036 0.319178 
3668.29 632.022 214.796 7.79423 -0.00423267 3.45143 0.666876 0.266105 
3674.52 713.832 215.175 7.88282 -0.005325 3.69436 0.661221 0.216788 
3680.64 799.6 215.535 7.97961 -0.00648385 3.89303 0.655049 0.172895 
3686.65 888.605 215.872 8.08493 -0.00770196 4.05231 0.64834 0.135386 
3692.54 980.206 216.187 8.19899 -0.00896753 4.17791 0.641082 0.104413 
3698.3 1073.85 216.479 8.32185 -0.0102662 4.27569 0.633272 0.0795 
3703.9 1169.09 216.746 8.45338 -0.0115827 4.35111 0.624917 0.0598277 
3709.34 1265.56 216.988 8.59328 -0.0129023 4.40885 0.616038 0.0444772 
3714.61 1362.97 217.206 8.74106 -0.0142113 4.45281 0.606664 0.0325738 
3719.7 1461.1 217.398 8.89612 -0.0154979 4.48608 0.596832 0.0233652 
3724.59 1559.77 217.565 9.05774 -0.0167515 4.51108 0.586589 0.0162409 
3729.27 1658.84 217.707 9.2251 -0.0179627 4.52967 0.575984 0.0107205 
3733.74 1758.22 217.825 9.39734 -0.0191255 4.54331 0.56507 0.00643617 
3737.99 1857.82 217.92 9.57355 -0.0202409 4.5531 0.553902 0.00310928 
3742.01 1957.58 217.992 9.75291 -0.0213163 4.5599 0.542533 0.000532497 
3745.81 2057.46 218.041 9.93473 -0.0223516 4.56438 0.531023 -0.00144865 
3749.36 2157.4 218.07 10.1184 -0.0233144 4.56708 0.519426 -0.00294741 
3752.68 2257.39 218.077 10.3028 -0.0241362 4.56843 0.507798 -0.00404831 
3755.76 2357.4 218.067 10.4861 -0.0247774 4.5688 0.496186 -0.00481451 
3758.6 2457.42 218.041 10.6664 -0.0253594 4.56847 0.484639 -0.00529318 
3761.2 2557.43 218.001 10.8429 -0.026216 4.56771 0.473214 -0.00552312 
3763.57 2657.44 217.943 11.0196 -0.0276018 4.56675 0.461992 -0.00553644 
3765.71 2757.42 217.857 11.2028 -0.0290004 4.56577 0.451067 -0.00536253 
3767.61 2857.39 217.744 11.3917 -0.0286859 4.56494 0.440513 -0.00502933 
3769.26 2957.35 217.63 11.5643 -0.0249005 4.56442 0.430352 -0.00456545 
3770.68 3057.29 217.574 11.6789 -0.0192844 4.56432 0.42057 -0.00400096 
3771.94 3157.24 217.607 11.7187 -0.0198885 4.56472 0.411229 -0.00336772 
3773.15 3257.19 217.629 11.7686 -0.0370609 4.56569 0.402551 -0.00269987 
3774.31 3357.16 217.369 12.0322 -0.0673287 4.56727 0.39484 -0.002033 
3775.12 3457.16 216.61 12.6486 -0.075086 4.56944 0.388176 -0.00140374 
3775.1 3557.19 215.708 13.3005 -0.00377067 4.57219 0.382334 -0.000849375 
3774.18 3657.26 215.951 13.0034 0.152578 4.57544 0.377175 -0.000406923 
3773.61 3757.39 218.749 10.8034 0.247507 4.57908 0.372946 -0.000112419 
3775.97 3857.58 223.151 7.66338 -0.00923955 4.58298 0.369 0 
3775.97 3857.58 223.151 7.66338 -0.00923955 4.58298 0.369 0 
3789.52 4089.28 222.754 7.44526 -0.636082 3.50973 0.971252 -1.01785 
3804.14 4280.74 198.876 24.159 -0.1201 0.341322 -0.176776 -0.984145 
3766.28 4353.5 193.333 23.9761 -0.119209 -2.73702 -0.165163 -0.947593 
3728.47 4310.87 187.834 23.7931 -0.118317 -5.71336 -0.153551 -0.156054 
3690.7 4156.68 182.38 23.6101 -0.117423 -6.20897 -0.141939 0.00242854 
3653.05 3983.92 176.97 23.4271 -0.11653 -6.20799 -0.130326 0.0039949 
3615.55 3811.2 171.605 23.2442 -0.115636 -6.20398 -0.118714 0.00370467 
3578.2 3638.62 166.284 23.0612 -0.114743 -6.20064 -0.107102 0.00368208 
3540.99 3466.17 161.008 22.8782 -0.113849 -6.19726 -0.0954898 0.00376175 
3503.94 3293.84 155.776 22.6953 -0.112956 -6.1935 -0.0838775 0.00384124 
3467.04 3121.66 150.589 22.5123 -0.112062 -6.18935 -0.0722653 0.00392189 
3430.3 2949.63 145.446 22.3293 -0.111169 -6.18477 -0.060653 0.00401731 
3393.73 2777.77 140.348 22.1463 -0.110275 -6.17972 -0.0490408 0.0041325 
3357.32 2606.1 135.294 21.9634 -0.109382 -6.17411 -0.0374285 0.00427054 
3321.08 2434.64 130.285 21.7804 -0.108488 -6.16783 -0.0258163 0.00443645 
3285.01 2263.42 125.32 21.5974 -0.107595 -6.16076 -0.014204 0.0046377 
3249.12 2092.46 120.4 21.4145 -0.106701 -6.15274 -0.00259179 0.0048846 
3213.41 1921.8 115.524 21.2315 -0.105808 -6.14357 0.00902045 0.00519146 
3177.89 1751.48 110.693 21.0485 -0.104914 -6.13297 0.0206327 0.00557827 
3142.54 1581.57 105.906 20.8655 -0.104021 -6.12057 0.0322449 0.00607182 
3107.39 1412.11 101.163 20.6826 -0.103127 -6.10587 0.0438572 0.00669398 
3072.43 1243.21 96.4653 20.4996 -0.102234 -6.08822 0.0554694 0.00746183 
3037.67 1074.96 91.8118 20.3166 -0.10134 -6.06688 0.0670817 0.00907215 
3003.11 907.518 87.2028 20.1337 -0.100446 -6.03835 0.0786939 0.0137201 
2968.75 741.143 82.6383 19.9507 -0.0995535 -5.98945 0.0903062 0.011311 
2934.6 576.6 78.1183 19.7677 -0.0986681 -5.94822 0.101918 0.0396381 
2900.66 413.602 73.6425 19.585 -0.0977779 -5.77632 0.113531 0.176552 
2866.94 257.047 69.2109 19.4023 -0.0968012 -4.97525 0.125143 0.267154 
2833.46 130.516 64.827 19.2172 -0.0957285 -3.73559 0.136755 0.297731 
2800.23 50.4489 60.4944 19.0275 -0.0954265 -2.31621 0.148367 0.299163 
2767.3 23.5816 56.1845 18.8563 -0.0974825 -0.842446 0.15998 0.286094 
2734.6 51.9524 51.8079 18.7664 -0.0952121 0.623248 0.171592 0.26339 
2701.89 135.259 47.5218 18.6146 -0.0599582 2.03851 0.183204 0.231184 
2669.32 271.611 44.5662 18.3134 -0.0151778 3.35927 0.194816 0.186306 
2637.44 457.466 45.4859 18.1305 -0.0142832 4.52079 0.206429 0.124104 
2606.22 686.856 46.4501 17.9475 -0.0133893 5.4153 0.218041 0.0498539 
2575.64 949.773 47.4589 17.7645 -0.0124953 5.89731 0.229653 0.0025852 
2545.71 1230.76 48.5122 17.5816 -0.0115994 5.96777 0.241265 0.00326062 
2516.4 1514.38 49.6101 17.3985 -0.0107037 5.99725 0.252878 0.00176096 
2487.72 1799.11 50.7525 17.2154 -0.00983157 6.05341 0.26449 -0.000268573 
2459.69 2085.94 51.9386 17.033 -0.00899765 6.08179 0.276102 -2.29124e-05 
2432.28 2373.83 53.1669 16.8521 -0.0079741 6.09831 0.287714 0.000118409 
2405.52 2662.35 54.4445 16.667 -0.0062114 6.11349 0.299327 1.93173e-05 
2379.4 2951.43 55.7992 16.4577 -0.00524076 6.12698 0.310939 -3.68031e-05 
2354.02 3241.02 57.203 16.2526 -0.0136437 6.13849 0.322551 -3.71476e-05 
2329.36 3531.04 58.304 16.3179 -0.0294981 6.14834 0.334163 -2.80171e-05 
2304.6 3821.43 58.8069 16.8003 0.0435735 6.15639 0.345776 -7.36132e-05 
2278.38 4112.12 62.0197 15.0619 0.349677 6.14422 0.357388 -0.000655186 
2257.39 4402.35 76.81 5 0.0899996 5.60655 0.369 0 
2257.39 4402.35 76.81 5 0.0899996 5.60655 0.369 0 
2261.73 4453.69 77.4377 5 -0.667623 5.35774 1.09576 -1.02859 
2266.2 4503.23 72.619 8.41259 -0.638545 4.70016 1.05456 -1.00718 
2268.61 4548.06 67.97 11.5193 -0.421654 4.05089 0.975054 -0.985775 
2269.14 4588.21 64.8444 13.3195 -0.0804931 3.40993 0.799142 -0.964367 
2268.53 4623.76 64.1507 13.2253 0.191422 2.7773 0.565524 -0.942959 
2267.92 4654.76 65.4127 11.7224 0.203739 2.15298 0.532182 -0.921551 
2268.2 4681.28 66.7807 10.2332 0.0777981 1.53699 0.627845 -0.900142 
2269.36 4703.36 67.2604 9.47213 -0.0457751 0.929338 0.711531 -0.878734 
2270.98 4721.08 66.8605 9.39604 -0.130264 0.330015 0.748343 -0.857326 
2272.65 4734.48 65.8541 9.77392 -0.179687 -0.260974 0.752869 -0.835918 
2274.09 4743.64 64.4881 10.403 -0.198097 -0.843626 0.737673 -0.81451 
2275.15 4748.61 62.9825 11.1081 -0.189833 -1.41794 0.709652 -0.793101 
2275.78 4749.45 61.5282 11.7438 -0.163716 -1.98391 0.673014 -0.771693 
2276.01 4746.23 60.2543 12.2186 -0.133876 -2.54154 0.630702 -0.750285 
2275.95 4738.99 59.1894 12.5213 -0.1174 -3.09082 0.584625 -0.728877 
2275.68 4727.81 58.2395 12.7344 -0.129934 -3.63175 0.536072 -0.707468 
2275.28 4712.73 57.1971 13.0214 -0.179996 -4.16434 0.487373 -0.68606 
2274.71 4693.83 55.7914 13.5842 -0.262389 -4.68857 0.443541 -0.664651 
2273.8 4671.16 53.787 14.5852 -0.352827 -5.20444 0.411068 -0.643242 
2272.29 4644.79 51.1208 16.0443 -0.409206 -5.71195 0.394949 -0.621831 
2269.91 4614.76 48.0326 17.7484 -0.383057 -6.2111 0.397087 -0.0808343 
2266.5 4581.15 45.1127 19.2291 -0.238782 -6.28 0.226512 0.00155726 
2262.17 4547.04 43.2129 19.9054 -0.178109 -6.28 0.156851 0.00149454 
2257.41 4512.94 41.7415 20.2403 -0.146773 -6.28 0.139577 0.00142953 
2252.44 4478.83 40.4915 20.3936 -0.111524 -6.28 0.139957 0.00136274 
2247.35 4444.72 39.4932 20.3468 -0.0657767 -6.28 0.14819 0.00129434 
2242.27 4410.62 38.8242 20.0494 -0.0147832 -6.28 0.161164 0.00122437 
2237.35 4376.51 38.5253 19.4829 0.0294653 -6.28 0.177705 0.00115288 
2232.74 4342.4 38.5509 18.6956 0.0525498 -6.28 0.196719 0.00107994 
2228.58 4308.29 38.7516 17.813 0.0422794 -6.28 0.21589 0.00100572 
2224.93 4274.19 38.8887 17.0218 -0.00739959 -6.28 0.231715 0.000930517 
2221.75 4240.08 38.6777 16.5344 -0.0935337 -6.28 0.242209 0.000854739 
2218.86 4205.97 37.8531 16.5375 -0.200867 -6.28 0.248937 0.000778927 
2215.97 4171.86 36.2569 17.1254 -0.299866 -6.28 0.254944 0.000703707 
2212.74 4137.75 33.9423 18.2254 -0.351556 -6.28 0.262265 0.000629725 
2208.84 4103.64 31.2433 19.5541 -0.320057 -6.28 0.271608 0.000557558 
2204.14 4069.54 28.7555 20.6454 -0.188308 -6.28 0.28288 0.000487661 
2198.75 4035.43 27.2023 20.9614 0.0287491 -6.28 0.29549 0.00042038 
2193.12 4001.32 27.2058 20.0715 0.279037 -6.28 0.308427 0.000356024 
2187.98 3967.22 29.0188 17.8502 0.4805 -6.28 0.320338 0.000294971 
2184.11 3933.11 32.3057 14.6274 0.541782 -6.28 0.329828 0.000237756 
2182.13 3899 36.0703 11.2173 0.393252 -6.28 0.336436 0.000185096 
2182.2 3864.89 38.8064 8.77731 0.0208287 -6.28 0.341315 0.000137825 
2183.76 3830.78 38.8933 8.48692 -0.509402 -6.28 0.346493 9.67617e-05 
2185.57 3796.67 35.1719 11.1085 -1.04939 -6.28 0.352471 6.25647e-05 
2185.89 3762.55 27.5383 16.5587 -1.39989 -6.28 0.334304 3.56433e-05 
2183.01 3728.45 17.3223 23.6781 -1.39947 -6.28 0.345988 1.61791e-05 
2175.88 3694.34 7.02721 30.4988 -0.901592 -6.28 0.37231 0.000686198 
2164.61 3660.24 0.232728 34.4711 0.324493 -6.13643 0.369 0 
