grtopM_72_2
50
2 2
9 9 
0 1 5 6 7 4 3 2 9 
0 1 5 6 7 4 3 2 9 
4961.28 843.408 159.612 92.1439 158.873 48.4225 738.07 60.2318 
1282.5 81.4005 203.793 93.1637 0 43.2327 92.7521 79.8714 
101.251 17.2124 3.25738 1.88049 3.24231 0.988214 15.0627 1.22922 
26.1735 1.66124 4.15905 1.9013 0 0.882301 1.8929 1.63003 
76.1779 23.6652 9.37719 4.71257 2.03878 1.75182 18.9104 2.59042 
1.44995e-06 2.83284 2.98211 4.69325 76.9222 0.0559293 0.692478 0.70977 
2780.04 4656.63 1849.76 40 0.98366 0 0.0224347 0 
2856.22 4580.45 1925.94 39.1256 0.925725 -0.0965057 0.060225 0.355828 
2828.67 4768.52 1767.32 40 0.94877 0.981473 0.0445358 -0.338788 
4838.3 4960.84 1765.21 40 0.795123 0.505675 0.152292 -0.322526 
5695.99 5666.49 1287 40 0.739249 1.16366 0.152521 -0.306736 
6820.64 6560.01 752.494 40 0.821817 0.996678 0.0584138 -0.288859 
6264.48 7181.89 464.561 35.8672 1.0811 2.32992 -0.109094 -0.272608 
8061.16 6545.34 411 40 0.990921 1.62632 -0.108544 -0.257074 
8144.33 6595.54 503.47 40 0.957895 1.66343 0.0347613 -0.24178 
8478.69 6753.47 521.243 39.9888 0.930382 2.35487 -0.099836 -0.227148 
10451.8 7008.66 476.938 39.989 0.967531 1.90787 -0.0858939 -0.21225 
11333.6 7138.6 516.007 39.9385 1.02188 1.3601 -0.108344 0.197032 
11085.3 7080.84 672.759 36.6195 1.24061 0.343648 -0.109219 0.184554 
8915.2 6099.61 1040.48 30.7902 1.4 0.976263 -0.110181 0.171883 
9132.65 4103.7 1272.68 29.2503 1.4 1.57986 -0.110193 0.15761 
11292 2021.45 1369.64 31.7832 1.4 0.477621 -0.0756376 0.145106 
11213 80.5803 1681.62 32.1532 1.4 0.217446 -0.0743159 0.132816 
11334.5 -1836.07 2029.85 33.2166 1.3994 -0.286808 -0.109942 -0.117063 
11222.4 -3694.53 2467.01 40 0.973067 -0.791119 0.150927 -0.106681 
10997.5 -3583.11 2517.22 40 0.898937 -0.726553 0.147748 0.0957495 
10995.3 -3224.22 2403.31 40 0.888609 -0.595731 0.152566 0.0843843 
10984.3 -2831.14 2265.64 40 0.998165 -1.88595 0.152185 0.0761485 
7730.19 -2810.07 2373.77 40 0.878167 -0.46727 0.15333 0.0657079 
7932.62 -2385.83 2213.26 40 0.864536 -0.319551 0.14535 0.0574575 
8211.95 -1908 2022.17 40 0.739419 1.16326 0.152496 -0.0508694 
11334.5 -1008.3 1550.36 40 0.806297 0.364591 0.14788 -0.0425166 
11333.7 -359.611 1228.6 40 0.788725 0.722186 0.142663 -0.0354159 
11334.5 373.84 867.419 40 0.75051 1.13552 0.143057 -0.0294046 
11334.5 1236.15 420.494 40 0.815438 1.61914 0.0630809 0.0230498 
11333.1 1878.67 115.702 40 0.927822 1.95579 0.0457019 0.0183221 
11333.1 2143.12 62.9956 40 0.927817 2.00869 0.0476077 0.0141323 
11319.5 2407.59 10.2778 40 0.94619 2.06032 -0.0410787 -0.0108595 
11334.4 2604.69 2.3872 40 0.949023 2.08196 -0.0349058 -0.00786706 
11334.5 2792.23 0.854458 40 0.951021 2.06093 -0.0382618 0.00521863 
11304.4 2977.54 0.80691 40 0.953328 1.92609 -0.00730754 -0.00372025 
10981.6 3151.47 8.33687 40 0.993261 1.52281 -0.0418323 0.0022614 
9793.36 3193.2 105.458 40 0.959079 1.9653 -0.0373124 -0.00125877 
9839.18 3352.26 120.939 40 0.951538 2.03397 -0.0277079 0.000653451 
10102.7 3536.14 119.965 40 0.916347 2.38467 0.0755926 0.000147705 
11150.7 3838.38 45.117 40 0.94514 2.10712 -0.0237554 -0.000152726 
11234.1 4044.43 34.8715 40 0.939852 2.05825 -0.0192369 -6.70841e-05 
11334.2 4268.32 12.7618 40 0.950954 2.0442 -0.0147176 -7.78329e-06 
11194.5 4454.78 15.5597 40 0.945599 2.09669 -0.00930418 -3.44517e-05 
11324 4659.28 6.34457 40 0.948903 1.98932 -0.00567976 -7.3725e-05 
11154.1 4852.65 4.54269 40 0.94953 1.29951 0.054812 1.68245e-06 
9387.36 5043.91 4.14584 40 0.947859 1.60051 0.0495285 -1.35074e-05 
8289.32 5240.79 0.001 39.3152 0.979263 1.45633 0.0452639 -5.03287e-06 
6863.93 5292.35 1.49477 39.1693 0.993384 1.25544 0.0395213 3.59754e-06 
4982.59 5243.98 1.36558 38.5878 1.08 1.56899 0.0309465 1.09705e-05 
3818.89 4883.68 165.141 6.19581 1.3937e-05 5.20504 0.0214347 0 
3818.89 4883.68 165.141 6.19581 1.3937e-05 5.20504 0.0214347 0 
3904.44 6342.16 147.972 33.0262 -0.306592 -6.28 -0.188388 4.41297e-05 
3520.23 5307.68 101.59 32.7269 -0.00837674 -6.28 -0.176776 0.00248096 
3119.94 4273.19 84.8947 31.3394 -0.000211185 -5.43535 -0.165163 0.00276495 
2736.44 3419.63 58.9876 30.4496 -0.155548 -3.40257 -0.0286033 0.00027698 
2358.13 3003.68 0.0255752 30.8246 -0.01246 -3.24854 -0.0556772 -0.000193122 
1947.4 2621.64 0.0243509 31.619 -0.0110091 -3.24814 -0.1061 1.32491e-05 
1523 2239.71 0.0243542 31.5425 -0.0112102 -3.24797 -0.10124 1.37615e-05 
1099.91 1857.82 0.0230155 31.5598 -0.0110386 -3.24851 -0.1048 0.000132547 
676.524 1475.86 0.001 31.5586 -0.0898515 -3.45034 -0.0954898 -0.000119994 
253.452 1093.93 0.268468 23.4003 0.147498 -3.24241 -0.0838776 -0.00074568 
5.54966 711.997 13.2146 8.71603 -0.0244078 -3.6875 0.388004 0.000192 
-0.0514073 233.875 1.24379 8.60076 0.059204 -2.10727 0.392994 -0.00158795 
0.165838 97.4835 1.27193 7.90812 0.0316462 -2.10299 0.396229 2.17475e-05 
0.00097801 0.0040333 1.27193 7.89925 0.0313635 -1.65856 0.399751 -1.20246e-06 
7.66866e-06 2.57009e-06 1.27192 7.89914 0.03124 -1.65854 0.403341 -9.95823e-07 
-9.1925e-06 2.84221e-06 1.27192 7.89916 0.0311378 -1.65854 0.406919 -9.78983e-07 
-1.24408e-05 2.86412e-06 1.27192 7.89918 0.031043 -1.65854 0.410436 -9.72566e-07 
-1.35028e-05 2.8666e-06 1.27191 7.89922 0.0309505 -1.65854 0.413814 -9.65057e-07 
-1.31188e-05 2.86653e-06 1.27191 7.89925 0.0308621 -1.65854 0.416885 -9.55851e-07 
-1.23269e-05 2.86593e-06 1.27191 7.89929 0.0307781 -1.65854 0.419604 -9.44766e-07 
-1.13993e-05 2.86519e-06 1.2719 7.89932 0.030699 -1.65854 0.421943 -9.31646e-07 
-1.03933e-05 2.86438e-06 1.2719 7.89935 0.0306252 -1.65854 0.42388 -9.16337e-07 
-9.32433e-06 2.86353e-06 1.2719 7.89938 0.0305575 -1.65854 0.425393 -8.9869e-07 
-8.19895e-06 2.86263e-06 1.2719 7.89941 0.0304966 -1.65854 0.426466 -8.78567e-07 
-7.02317e-06 2.86169e-06 1.27189 7.89943 0.030443 -1.65854 0.427089 -8.55842e-07 
-5.80531e-06 2.86071e-06 1.27189 7.89945 0.0303973 -1.65854 0.427257 -8.3041e-07 
-4.55684e-06 2.85971e-06 1.27189 7.89947 0.0303599 -1.65854 0.426974 -8.02191e-07 
-3.29237e-06 2.8587e-06 1.27189 7.89948 0.0303312 -1.65854 0.426251 -7.71138e-07 
-2.02855e-06 2.85769e-06 1.27189 7.89949 0.0303113 -1.65854 0.425108 -7.37241e-07 
-7.81797e-07 2.85669e-06 1.27188 7.8995 0.0303005 -1.65854 0.423571 -7.00545e-07 
4.2829e-07 2.85573e-06 1.27188 7.8995 0.0302997 -1.65854 0.421675 -6.61175e-07 
1.52963e-06 2.85483e-06 1.27188 7.8995 0.0303125 -1.65854 0.419461 -6.19604e-07 
2.16211e-06 2.85398e-06 1.27188 7.89949 0.0303465 -1.65854 0.416976 -5.74846e-07 
1.05031e-06 2.85381e-06 1.27188 7.89948 0.0304038 -1.65854 0.414268 -4.01464e-07 
5.17262e-07 2.86239e-06 1.27186 7.89947 0.030414 -1.65855 0.41139 -5.29783e-05 
0.000436331 -0.00217835 1.27182 7.89574 0.0298952 -1.89834 0.408395 0.000397453 
-0.00422793 -52.4863 1.27037 7.91748 0.0300629 -2.1367 0.405479 0.00040322 
-0.157524 -189.554 1.24548 8.68334 0.14944 0.551701 0.382255 -0.000411235 
-2.51233 289.366 59.487 7.95509 0.188458 0.555348 0.252879 -0.000319458 
5.71518 769.426 129.449 5.00001 0.195024 0.538317 0.264491 0.00012715 
118.128 1245.79 201.836 5.00001 0.19435 0.555159 0.276103 -0.000184082 
252.826 1725.77 274.08 5.00001 0.153598 0.551125 0.388877 -1.7216e-06 
414.198 2204.88 337.458 5.00386 0.192958 0.555623 0.299327 3.82881e-05 
596.365 2684.96 409.433 5.00577 0.0989892 -0.833584 0.352726 -4.77543e-06 
836.58 2863.69 415.992 5 -0.104606 0.239316 0.436224 -8.40854e-07 
1097.58 3228.5 376.801 5 -0.1033 0.0631588 0.419918 -1.13454e-06 
1341.69 3555.48 337.82 5 -0.102714 0.0195812 0.403612 1.87003e-05 
1569.01 3873.11 298.965 5 -0.31597 0.926282 0.387306 -4.46855e-06 
1780.68 4385.46 214.31 40 -7.98461e-05 -0.000361607 0.369 0 
1780.68 4385.46 214.31 40 -7.98461e-05 -0.000361607 0.369 0 
1700.47 4439.95 222.704 40 1.21181 -6.16941 -0.188388 -8.42098e-05 
1619.75 4243.71 280.354 5 0.37904 -6.28 -0.176776 0.000246526 
1658.39 4042.88 306.437 5 0.378367 -6.28 -0.165163 0.000217766 
1699.16 3842.05 332.493 5 0.377693 -6.28 -0.153551 0.000169145 
1742.04 3641.22 358.521 5 0.377019 -6.28 -0.141939 0.000126951 
1787.05 3440.39 384.522 5 0.376346 -6.28 -0.130327 0.000122873 
1834.17 3239.56 410.495 5 0.375672 -6.28 -0.118714 7.34636e-05 
1883.41 3038.73 436.441 5 0.374998 -6.28 -0.107102 2.53261e-05 
1934.77 2837.9 462.36 5 0.374324 -6.28 -0.0954898 -3.35389e-05 
1988.23 2637.07 488.252 5 0.373651 -6.28 -0.0838776 0.000154375 
2043.8 2436.24 514.116 5 0.372977 -6.28 -0.0722653 3.952e-05 
2101.48 2235.41 539.952 5 0.372303 -6.28 -0.0606531 0.000330614 
2161.27 2034.58 565.761 5 0.37163 -6.28 -0.0490408 0.00130985 
2223.15 1833.75 591.543 5 0.370956 -6.28 -0.0374286 0.00108363 
2287.14 1632.92 617.298 5 0.370282 -6.28 -0.0258163 0.00087376 
2353.23 1432.1 643.025 5 0.369609 -6.28 -0.0142041 0.000813748 
2421.41 1231.27 668.724 5 0.368935 -6.28 -0.00259184 0.000864347 
2491.68 1030.44 694.397 5 0.368261 -6.28 0.00902041 0.0010992 
2564.05 829.607 720.042 5 0.367587 -6.28 0.0206327 0.0022682 
2638.5 628.778 745.659 5 0.366914 -6.28 0.0322449 0.000337614 
2715.04 427.949 771.249 5 -0.285733 -6.27953 0.827571 0.000975756 
2794.2 227.138 770.184 5 -0.284787 -5.97697 0.811265 0.0349463 
2873.27 38.6247 750.532 5 -0.283839 -2.28787 0.794959 0.00737374 
2950.87 0.0507267 730.919 5 -0.282892 -1.33996 0.778653 -0.000654891 
3026.9 0.00356569 711.344 5 -0.281946 -1.33715 0.762347 -0.000341421 
3101.33 0.0707514 691.808 5 -0.281 -1.34203 0.746041 -0.00010738 
3174.17 -0.0602917 672.31 5 -0.280054 -1.33736 0.729735 -7.51838e-05 
3245.43 -0.00159108 652.85 5 -0.279108 -1.33988 0.713429 -3.74651e-05 
3315.09 -0.0453746 633.429 5 -0.278162 -1.34044 0.697122 -4.68264e-05 
3383.18 -0.111804 614.046 5 -0.277216 -1.34453 0.680816 -9.88728e-06 
3449.69 -0.344707 594.702 5 -0.27627 -1.3396 0.66451 -5.42984e-05 
3514.62 -0.377127 575.396 5 -0.275324 -1.34217 0.648204 -6.04742e-05 
3577.97 -0.51409 556.129 5 -0.274378 -1.33965 0.631898 0.017484 
3639.76 -0.548419 536.9 5 -0.27343 3.22103 0.615592 0.00992394 
3700.13 184.781 517.71 5 -0.272482 6.27808 0.599286 -3.24236e-05 
3759.03 494.361 498.558 5 -0.271536 6.27894 0.58298 -0.000273441 
3816.38 803.976 479.445 5 -0.27059 6.27923 0.566673 -1.0886e-05 
3872.16 1113.6 460.37 5 -0.269644 6.27937 0.550367 -3.39579e-05 
3926.4 1423.24 441.333 5 -0.268698 6.27945 0.534061 -2.54346e-05 
3979.08 1732.87 422.335 5 -0.267752 6.27951 0.517755 -1.43324e-05 
4030.21 2042.51 403.376 5 -0.266806 6.27954 0.501449 -9.5264e-06 
4079.8 2352.15 384.455 5 -0.26586 6.27957 0.485143 -7.49599e-06 
4127.85 2661.79 365.572 5 -0.264914 6.27958 0.468837 -5.47136e-06 
4174.35 2971.43 346.728 5 -0.263968 6.27958 0.452531 -3.80085e-06 
4219.33 3281.07 327.922 5 -0.263022 6.27957 0.436224 -3.14507e-06 
4262.77 3590.71 309.155 5 -0.262076 6.27953 0.419918 -1.16039e-05 
4304.68 3900.35 290.426 5 -0.261129 6.27935 0.403612 4.70509e-05 
4345.07 4209.98 271.736 5 -1.39206 6.26164 0.387306 -0.0117543 
4384.85 4518.9 207.08 40 -0.000527967 0.506571 0.369 0 
4384.85 4518.9 207.08 40 -0.000527967 0.506571 0.369 0 
4328.43 4572.37 201.789 30.733 1.4 0.879572 -0.188388 -0.982278 
4288.53 4634.59 229.709 7.88407 -1.25148 -5.06335 -0.176776 -0.0124536 
4294.03 4557.33 196.274 35.8491 -0.711956 -5.43966 0.288579 0.00345561 
4245.13 4471.28 174.447 40 -0.496238 -5.30267 -0.0345467 -0.00165908 
4187.29 4388.45 157.525 40 -0.496238 -5.34555 -0.0345468 0.00127051 
4128.66 4304.62 140.603 40 -0.496238 -5.91153 -0.0345468 -0.00616028 
4069.23 4207.5 123.681 40 -0.496238 -6.27988 -0.0345467 -0.0142773 
4008.99 4101.74 106.759 40 -0.496238 -6.27993 -0.0345467 -0.00654229 
3947.96 3995.98 89.8375 40 -0.496238 -6.27995 -0.0345467 -0.00962695 
3886.13 3890.22 72.9156 40 -0.496238 -6.27996 -0.0345466 0.000163585 
3823.5 3784.46 55.9937 40 -0.496238 -6.27997 -0.0345534 -3.40809e-05 
3760.08 3678.7 39.0718 40 -0.496262 -6.27997 -0.034148 -0.000254005 
3695.86 3572.94 22.1494 40 -0.494864 -6.27942 0.00546469 0.000135381 
3630.85 3467.2 5.25981 40 -0.248203 -6.27999 -0.0374286 0.000147709 
3564.93 3361.44 3.58293 40 -0.265165 -6.27999 -0.0258163 0.000147463 
3498.94 3255.68 1.50803 40 -0.240964 -6.27999 -0.0142041 0.000129728 
3432.83 3149.91 0.001 40 -0.176736 -6.28 -0.00259184 0.000115745 
3366.63 3044.15 0.001 39.9021 -0.0735896 -6.28 0.00902041 0.000112338 
3300.56 2938.39 0.001 39.2015 0.0456279 -6.28 0.0206327 0.000211774 
3235.76 2832.63 0.001 39.0185 0.0465214 -6.28 0.0322449 0.000115133 
3171.3 2726.87 0.001 38.8356 0.0474149 -6.28 0.0438571 0.000101581 
3107.18 2621.11 0.001 38.6526 0.0483084 -6.28 0.0554694 9.36124e-05 
3043.4 2515.34 0.001 38.4696 0.0492019 -6.28 0.0670816 8.58052e-05 
2979.97 2409.58 0.001 38.2866 0.0500954 -6.28 0.0786939 7.84947e-05 
2916.88 2303.82 0.001 38.1037 0.0509889 -6.28 0.0903061 7.18388e-05 
2854.14 2198.06 0.001 37.9207 0.0518825 -6.28 0.101918 6.58657e-05 
2791.74 2092.29 0.001 37.7377 0.0527759 -6.28 0.113531 6.11064e-05 
2729.68 1986.53 5.47129 37.5548 0.053669 -6.28 0.125143 5.51067e-05 
2668.22 1880.76 10.9694 37.3718 0.0545619 -6.27999 0.136755 0.000916732 
2607.37 1775 16.4954 37.1888 0.0554565 -6.27999 0.148367 0.193043 
2547.12 1669.23 22.0492 37.0059 0.0563545 -2.45914 0.15998 0.386311 
2487.54 1653.12 27.631 36.8228 0.0572513 2.75356 0.171592 0.0300943 
2428.67 1759.32 33.2407 36.6398 0.0581373 6.27995 0.183204 -5.23928e-05 
2370.47 1948.26 38.8781 36.457 0.0590121 6.27993 0.194816 -4.95828e-05 
2312.88 2137.19 44.5428 36.2744 0.0599148 6.2799 0.206429 -4.66018e-05 
2255.9 2326.13 50.2357 36.0917 0.0609147 6.27984 0.218041 -5.01832e-05 
2199.53 2515.06 55.9588 35.907 0.0619574 6.27972 0.229653 -6.23367e-05 
2143.78 2704 61.7134 35.7199 0.0626129 6.27932 0.241265 -5.31211e-05 
2088.65 2892.92 67.4904 35.5377 0.0623579 6.27052 0.252878 -2.07652e-05 
2034.13 3081.63 73.2683 35.3758 0.0623025 6.25133 0.26449 -2.77666e-05 
1980.18 3269.9 79.0509 35.2277 0.0669726 6.24548 0.276102 -0.000482912 
1926.79 3458.03 84.9487 35.0068 0.0792844 5.97634 0.287714 -0.0030994 
1874.08 3639.84 91.1437 34.5879 0.0828561 4.04034 0.299327 0.00238252 
1822.41 3776.22 97.4382 34.1573 0.0339095 6.04793 0.310939 0.000138269 
1771.9 3959.71 102.6 34.6542 -0.0687143 6.25702 0.322551 6.77086e-07 
1720.75 4148.11 105.336 36.8951 -0.0173425 6.27553 0.334163 -7.899e-07 
1665.5 4336.95 109.193 37.8643 0.571412 6.28 0.345776 -1.63578e-06 
1608.33 4525.89 126.828 28.1632 1.4 6.24722 0.357388 -0.000140978 
1569.84 4714.05 164.269 5.07114 0.09 3.39147 0.369 0 
1569.84 4714.05 164.269 5.07114 0.09 3.39147 0.369 0 
1595.97 4912.71 171.238 5 -0.721966 1.36073 1.15369 -1.02857 
1623.48 5029.21 145.363 25.1396 0.623857 -2.97328 -0.176776 -0.738614 
1582.38 4970.44 172.629 5 0.1023 -6.27206 0.507986 0.00281105 
1609.09 4778.15 180.101 5 0.1023 -6.27999 0.507986 0.00209755 
1636.41 4585.55 187.572 5 0.1023 -6.27999 0.507986 0.00198327 
1664.34 4392.94 195.044 5 0.1023 -6.27998 0.507986 0.00212771 
1692.87 4200.34 202.515 5 0.1023 -6.27994 0.507986 0.00209499 
1722 4007.74 209.987 5 0.1023 -6.27966 0.507986 0.0017729 
1751.75 3815.15 217.458 5 0.1023 -6.27931 0.507986 0.00169905 
1782.09 3622.57 224.93 5 0.1023 -6.27999 0.507986 0.00164625 
1813.05 3429.96 232.401 5 0.1023 -6.27962 0.507986 0.00279656 
1844.6 3237.37 239.873 5 0.1023 -6.27967 0.507986 0.00529426 
1876.77 3044.78 247.344 5 0.1023 -6.27967 0.507986 0.00163839 
1909.54 2852.19 254.816 5 0.1023 -6.27967 0.507986 3.06787e-05 
1942.91 2659.6 262.287 5 0.1023 -6.27967 0.507986 -0.00930398 
1976.89 2467.01 269.759 5 0.1023 -6.27967 0.507986 0.0286707 
2011.48 2274.41 277.231 5 0.1023 -6.27968 0.507986 0.0212103 
2046.67 2081.82 284.702 5 0.1023 -6.27968 0.507984 0.00432873 
2082.47 1889.23 292.174 5 0.102287 -6.27968 0.508208 0.00618347 
2118.87 1696.64 299.645 5 0.103628 -6.27969 0.485087 0.00679335 
2155.88 1504.04 307.17 5 -0.0348039 -6.2797 0.638164 0.00583535 
2193.61 1311.45 309.095 5 -0.0477741 -6.2797 0.811265 0.00467115 
2231.51 1118.86 306.417 5 -0.046828 -6.27972 0.794959 -0.00888282 
2269.19 926.264 303.778 5 -0.045882 -6.27975 0.778653 0.426798 
2306.65 733.669 301.178 5 -0.044936 -6.27977 0.762347 0.0398205 
2343.9 541.073 298.615 5 -0.0439899 -6.2798 0.746041 0.0066689 
2380.95 348.476 296.091 5 -0.0430439 -6.27979 0.729735 0.300946 
2417.78 155.879 293.605 5 -0.0420972 -5.07489 0.713429 0.450423 
2454.46 12.0274 291.157 5 -0.0411496 -2.0349 0.697122 0.0033057 
2491.03 -8.83878 288.748 5 -0.0402032 -1.33959 0.680816 -0.00134775 
2527.43 -1.57537 286.376 5 -0.0392573 -1.51648 0.66451 -9.56341e-05 
2563.63 -1.46834 284.044 5 -0.0383112 -1.51627 0.648204 -3.7324e-05 
2599.65 -1.35286 281.749 5 -0.0373652 -1.51649 0.631898 -0.00275346 
2635.47 -1.24609 279.493 5 -0.0364192 -1.56865 0.615592 0.00375549 
2671.11 -3.24956 277.275 5 -0.0354731 -1.48926 0.599286 -0.00113206 
2706.57 -2.04141 275.095 5 -0.0345271 -1.51631 0.58298 -8.11373e-05 
2741.86 -1.9274 272.954 5 -0.0335811 -1.51807 0.566673 -0.000307304 
2776.96 -1.88457 270.85 5 -0.032635 -1.52744 0.550367 0.000241696 
2811.9 -2.22088 268.785 5 -0.031689 -1.51866 0.534061 0.00041116 
2846.67 -2.20195 266.759 5 -0.0333994 -1.50207 0.517755 -6.2976e-05 
2881.28 -1.51171 264.663 5.08176 -0.0387473 -1.49775 0.501449 -0.000809064 
2915.45 -0.646465 262.345 5.33569 -0.0401818 -1.53835 0.485143 -0.0284599 
2948.62 -1.42309 259.953 5.59595 -0.0427588 -3.1216 0.468837 0.00916127 
2980.7 -66.2511 257.44 5.896 -0.0439989 -1.96197 0.452531 0.108008 
3011.64 -84.1642 254.858 6.18426 -0.0287135 0.317628 0.436224 0.086609 
3041.5 -9.85362 252.874 5.9552 -0.00221201 2.55309 0.419918 0.0648675 
3071.99 154.894 251.978 5 -0.163289 4.7428 0.403612 0.00656119 
3105.7 408.226 244.628 9.28357 -1.05783 6.27999 0.387306 -0.002248 
3125.71 723.756 200.81 40 -0.09 4.6228 0.369 0 
3125.71 723.756 200.81 40 -0.09 4.6228 0.369 0 
3100.35 798.386 201.155 36.6942 1.37197 2.87404 -0.188388 -1.02857 
3077.89 851.45 219.592 20.2425 1.4 0.423375 -0.0194835 -0.917973 
3072.1 874.284 238.699 5 0.258343 -1.65707 -0.104588 -0.985219 
3082.11 871.453 244.031 5 0.258342 -4.08003 -0.104588 -0.689132 
3092.23 838.745 249.363 5 0.25834 -6.27957 -0.104588 0.0354988 
3102.45 778.917 254.694 5 0.25834 -6.27956 -0.104588 0.010867 
3112.81 719.088 260.026 5 0.25834 -6.27953 -0.104578 0.00567149 
3123.3 659.26 265.358 5 0.258358 -6.27949 -0.104884 0.000894018 
3133.93 599.432 270.69 5 0.257813 -6.27972 -0.0954898 0.00112045 
3144.68 539.601 276.015 5 0.257139 -6.27928 -0.0838776 0.118565 
3155.56 479.776 281.332 5 0.256465 -6.27915 -0.0722653 0.145806 
3166.58 419.953 286.64 5 0.255791 -6.27899 -0.0606531 0.00898352 
3177.73 360.131 291.941 5 0.255118 -6.27878 -0.0490408 0.0737827 
3189.01 300.312 297.233 5 0.254444 -6.27849 -0.0374286 0.0602147 
3200.42 240.497 302.516 5 0.25377 -6.27805 -0.0258163 0.00199767 
3211.96 180.687 307.792 5 0.253097 -6.2773 -0.0142041 0.100098 
3223.63 120.886 313.059 5 0.252423 -6.27556 -0.00259184 0.48148 
3235.43 61.1068 318.318 5 0.25175 -4.93638 0.00902041 0.644296 
3247.38 17.8403 323.568 5 0.251077 -2.76136 0.0206327 0.219288 
3259.48 1.39266 328.81 5 0.250405 -0.940305 0.0322449 -0.00586782 
3271.72 7.39942 334.044 5 0.0451876 -1.42293 0.662678 -0.000113525 
3284.14 7.45516 336.747 5 -0.168273 -1.42881 0.811265 -0.00184684 
3296.68 7.4383 333.315 5 -0.167327 -1.49421 0.794959 0.00351313 
3309.13 6.6151 329.895 5 -0.16638 -1.37065 0.778653 -0.00153753 
3321.5 7.31547 326.486 5 -0.165434 -1.42801 0.762347 -3.57098e-05 
3333.78 7.30855 323.088 5 -0.164488 -1.42826 0.746041 -1.81878e-05 
3345.98 7.29848 319.703 5 -0.163542 -1.42823 0.729735 -1.45636e-05 
3358.1 7.28884 316.329 5 -0.162596 -1.42826 0.713429 -9.9815e-05 
3370.13 7.27887 312.967 5 -0.16165 -1.43196 0.697122 0.000109116 
3382.08 7.2232 309.616 5 -0.160704 -1.42722 0.680816 8.77836e-05 
3393.95 7.22603 306.277 5 -0.159758 -1.42345 0.66451 0.000111057 
3405.73 7.2753 302.95 5 -0.158812 -1.41833 0.648204 0.000139062 
3417.43 7.38777 299.634 5 -0.157866 -1.41145 0.631898 4.56737e-05 
3429.05 7.58502 296.33 5 -0.15692 -1.40907 0.615592 1.46993e-05 
3440.59 7.81157 293.038 5 -0.155974 -1.40833 0.599286 5.08694e-05 
3452.05 8.04725 289.757 5 -0.155028 -1.40509 0.58298 -3.49238e-05 
3463.42 8.32292 286.488 5 -0.154082 -1.40722 0.566673 -5.59704e-05 
3474.71 8.57235 283.231 5 -0.153136 -1.40855 0.550367 -0.000179161 
3485.93 8.80542 279.985 5 -0.15219 -1.41823 0.534061 -0.0131329 
3497.06 8.91911 276.752 5 -0.151245 -2.56578 0.517755 -0.00325894 
3508.1 -5.11696 273.529 5 -0.150299 -2.93616 0.501449 0.163386 
3519.06 -23.7201 270.319 5 -0.149352 -1.0801 0.485143 0.145836 
3529.95 -19.4371 267.12 5 -0.148405 0.767791 0.468837 0.125237 
3540.79 7.63113 263.932 5 -0.147458 2.60313 0.452531 0.103332 
3551.56 57.3299 260.757 5 -0.146511 4.42404 0.436224 0.081967 
3562.28 129.481 257.593 5 -0.145564 6.23158 0.419918 -0.000496701 
3572.93 223.921 254.441 5 -0.491378 5.5929 0.403612 0.000295432 
3583.58 310.484 247.024 8.25298 -1.4 6.27999 0.387306 -0.000451263 
3591.07 405.523 228.34 23.1336 -0.09 4.73209 0.369 0 
3591.07 405.523 228.34 23.1336 -0.09 4.73209 0.369 0 
3448.88 1609 206.841 6.44581 -0.0447089 -4.06917 0.0743873 -0.0478396 
3549.04 1120.63 222.458 10.2505 -0.224579 -6.27849 0.886987 0.193394 
3562.29 216.757 172.676 19.3212 -0.101124 -2.61874 -0.101224 0.000131024 
3419.54 0.943999 136.515 18.6162 -0.117201 -1.51805 -0.0901793 0.000167567 
3274.07 0.370553 98.3005 19.1401 -0.115322 -1.5168 -0.0789882 4.88935e-05 
3106.26 0.161275 60.2941 19.6447 -0.11243 -1.51722 -0.0679151 2.91302e-05 
2916.53 0.0127181 22.5552 20.1426 -0.0293896 -1.51783 -0.0573531 2.00325e-05 
2704.77 -0.111415 0.14697 20.3394 0.0695634 -1.51821 -0.0617107 1.42815e-05 
2481.24 -0.227652 0.133502 20.0704 0.0712636 -1.51807 -0.049722 1.64521e-05 
2261.75 -0.343958 0.127791 19.781 0.0728087 -1.51789 -0.0373596 1.7038e-05 
2046.61 -0.458109 0.118745 19.5071 0.0742318 -1.51774 -0.0251678 1.89973e-05 
1835.59 -0.571658 0.117176 19.2406 0.0753319 -1.51758 -0.0118113 3.13292e-05 
1628.58 -0.684117 0.116148 18.9946 0.0762232 -1.51709 0.00228971 8.86937e-06 
1425.26 -0.727102 0.115253 18.7707 0.076832 -1.518 0.0158515 0.000123695 
1225.32 -0.974445 0.117334 18.5703 0.0773933 -1.51584 0.0271324 0.000135824 
1028.39 -0.817537 0.116361 18.4038 0.0777039 -1.51576 0.0387265 0.000183916 
833.972 -0.662636 0.119049 18.2606 0.0777904 -1.51569 0.0505227 0.000186477 
641.708 -0.509436 0.118412 18.1506 0.0778312 -1.51563 0.061938 0.000145568 
451.1 -0.357569 0.117686 18.0495 0.0780524 -1.51558 0.0735003 8.5215e-05 
262.014 -0.206922 0.124398 17.9128 0.0979747 -1.51549 0.0907784 2.31678e-05 
74.9144 -0.0578449 2.4049 10.343 0.0719581 -1.5119 0.178248 2.83231e-07 
2.86367 -0.000495819 3.67135 5.78596 -0.00342026 -1.50993 0.311053 8.97462e-08 
1.97834 0.000106289 3.11515 5.75124 -0.00418239 -1.50991 0.316948 -6.47159e-07 
1.86252 0.000677888 2.91185 5.74339 -0.00291834 -1.50992 0.328684 4.62053e-07 
1.81139 -0.000543409 2.90739 5.74301 -0.000249471 -1.50991 0.335425 3.34758e-07 
1.74439 -0.000391523 4.03754 5.79682 0.0423694 -1.50994 0.278282 -8.81843e-07 
0.424348 0.00181429 23.2506 6.38596 0.0976638 -1.51019 0.19137 -1.3583e-06 
-3.48736 0.00434328 47.6907 7.00843 0.111436 -1.51023 0.191237 -2.51085e-06 
-7.63999 0.00768911 71.1218 7.54448 0.104481 -1.51025 0.199919 -3.15432e-06 
-10.9864 0.0104124 92.6717 8.11202 0.100458 -1.5103 0.209553 -3.68503e-06 
-14.7695 0.0134736 112.348 8.61595 0.0960427 -1.51033 0.219697 -4.24694e-06 
-18.7248 0.0166931 130.375 9.07644 0.0939989 -1.51041 0.229849 -4.81874e-06 
-22.8314 0.0200334 147.283 8.92826 0.0572644 -1.51049 0.241337 -3.61618e-06 
-17.7948 0.0161257 163.463 9.53209 0.0676814 -1.51098 0.250151 -2.68876e-06 
-15.9792 0.0147473 178.383 9.69861 0.06742 -1.51149 0.261399 2.86261e-07 
-8.01371 0.00878618 199.469 5.00188 0.182708 -1.46944 0.218159 1.23675e-06 
111.895 -0.0871805 258.729 5.00256 0.18441 -1.46953 0.229733 1.46919e-05 
254.104 -0.200303 317.844 5.00315 0.183725 -1.46963 0.241317 2.97059e-05 
418.566 -0.331275 376.869 5.00268 0.167923 -1.46972 0.308275 4.97656e-05 
605.322 -0.479995 433.349 5.00325 0.122423 -1.46763 0.318407 1.03835e-05 
813.508 -0.23578 481.247 5.00322 0.104836 -1.4688 0.33637 5.48876e-05 
1039.8 -0.211023 519.39 5.00355 -0.0948558 -1.46607 0.485003 3.87555e-05 
1281.2 0.327085 525.909 5.00334 -0.0939121 -1.48603 0.468715 5.35862e-05 
1525.05 1.34627 495.366 5.00303 -0.0923365 -0.897996 0.452432 0.00982814 
1757.03 110.257 465.118 5.0022 -0.0912627 6.27924 0.436142 0.00549851 
1978.98 1604.3 435.382 5.00263 -0.0902894 6.27646 0.419853 -6.28546e-05 
2189.66 3097.82 405.797 5.00308 -0.187145 6.27926 0.403567 -0.000638887 
2389.79 4591.86 357.731 19.2315 -0.353637 -0.659638 0.387291 2.14764e-05 
2357.14 4746.19 274.1 39.9789 -0.00250241 0.623379 0.369 0 
2357.14 4746.19 274.1 39.9789 -0.00250241 0.623379 0.369 0 
2320.78 4777.27 271.102 34.4365 1.4 -1.96569 -0.188388 -1.02859 
2290.67 4768.63 289.751 13.4598 0.694969 -5.4284 0.145342 -0.118353 
2287.09 4706.86 298.103 5.00001 -1.39998 -6.28 1.12107 0.00042483 
2294.8 4632.03 274.53 18.7516 -1.00653 -6.28 1.10476 0.000334364 
2284.76 4557.2 256.655 26.5486 -0.984468 -6.28 1.08844 0.00029776 
2264.58 4482.38 238.926 33.32 0.132547 -6.28 0.23154 0.000285481 
2235.19 4407.57 238.163 26.9603 0.25021 -6.28 0.313824 0.000274311 
2213.56 4332.76 239.361 19.8076 -0.369806 -6.28 1.03949 0.000261244 
2200.95 4257.93 231.225 20.1134 -0.355514 -6.28 1.02321 0.000248176 
2187.7 4183.11 223.301 20.2328 -0.334326 -6.28 1.00691 0.000237675 
2174.06 4108.29 215.699 20.1042 -0.333492 -6.28 0.990608 0.000226078 
2160.35 4033.47 208.113 19.9897 -0.388715 -6.28 0.974303 0.00021543 
2146.56 3958.64 199.683 20.5421 -0.496921 -6.28 0.957999 0.000204637 
2131.86 3883.82 189.579 22.3129 -0.560253 -6.28 0.941695 0.000193989 
2114.7 3809 178.461 24.6568 -0.402472 -6.28 0.92539 0.000183835 
2094.26 3734.18 169.705 24.9364 0.0556979 -6.28 0.909086 0.000174994 
2073.07 3659.36 167.97 19.8527 0.508908 -6.28 0.892781 0.000165686 
2057.94 3584.54 173.31 9.99964 0.178155 -6.28 0.876476 0.00015441 
2055.18 3509.7 173.82 5.00197 -0.206347 -6.28 0.860169 0.000144905 
2058.7 3434.87 168.555 5.00157 -0.205383 -6.28 0.843863 0.000135787 
2062.06 3360.03 163.305 5.00099 -0.204458 -6.28 0.827556 0.000126909 
2065.25 3285.19 158.07 5.00073 -0.203519 -6.28 0.811249 0.00011887 
2068.29 3210.35 152.848 5.00057 -0.202576 -6.28 0.794943 0.000110053 
2071.16 3135.52 147.641 5.00047 -0.201632 -6.28 0.778636 0.000101972 
2073.87 3060.68 142.449 5.0004 -0.200687 -6.28 0.762329 9.42771e-05 
2076.43 2985.84 137.271 5.00035 -0.199741 -6.28 0.746022 8.67567e-05 
2078.82 2911 132.108 5.00031 -0.198796 -6.28 0.729716 7.95298e-05 
2081.06 2836.16 126.959 5.00028 -0.19785 -6.28 0.713409 7.26258e-05 
2083.14 2761.33 121.825 5.00025 -0.196904 -6.28 0.697102 6.60151e-05 
2085.06 2686.49 116.705 5.00023 -0.195958 -6.28 0.680795 5.97305e-05 
2086.82 2611.65 111.6 5.00021 -0.195012 -6.28 0.664487 5.37028e-05 
2088.42 2536.81 106.509 5.0002 -0.194066 -6.28 0.64818 4.79856e-05 
2089.87 2461.97 101.433 5.00018 -0.193119 -6.28 0.631873 4.25872e-05 
2091.16 2387.14 96.3709 5.00017 -0.192173 -6.28 0.615565 3.74989e-05 
2092.3 2312.3 91.3236 5.00016 -0.191227 -6.28 0.599258 3.2725e-05 
2093.28 2237.46 86.2909 5.00015 -0.190281 -6.28 0.58295 2.82677e-05 
2094.1 2162.62 81.2727 5.00015 -0.189334 -6.28 0.566641 2.41283e-05 
2094.77 2087.78 76.269 5.00014 -0.188388 -6.28 0.550333 2.03106e-05 
2095.29 2012.95 71.2798 5.00013 -0.187442 -6.28 0.534024 1.68163e-05 
2095.65 1938.11 66.3051 5.00013 -0.186495 -6.28 0.517715 1.36474e-05 
2095.86 1863.27 61.345 5.00012 -0.185549 -6.28 0.501405 1.08057e-05 
2095.92 1788.43 56.3993 5.00011 -0.184602 -6.28 0.485095 8.29273e-06 
2095.83 1713.6 51.4682 5.00011 -0.183656 -6.28 0.468783 6.1099e-06 
2095.58 1638.76 46.5517 5.00011 -0.182709 -6.28 0.45247 4.25844e-06 
2095.18 1563.92 41.6496 5.0001 -0.181762 -6.28 0.436156 2.73928e-06 
2094.63 1489.08 36.7621 5.0001 -0.180814 -6.28 0.419838 1.55326e-06 
2093.93 1414.24 31.8891 5.00009 -0.40113 -6.28 0.403515 7.00339e-07 
2093.15 1339.41 23.637 7.58199 -1.39999 -6.28 0.369539 0.000133518 
2089.25 1264.57 0.00132559 26.4149 -0.274779 -4.84125 0.369 0 
2780.04 4656.63 1849.76 40 0.98366 0 0.0224347 0 
2780.04 4656.63 1849.76 40 0.98366 6.35962e-09 0.0227101 -0.063188 
2780.04 4656.63 1849.76 39.9975 1.02672 -0.400062 0.0212518 0.341494 
2548.01 4619.06 1874.68 38.7282 0.889944 1.67023 0.0221748 -0.019211 
3533.02 4682.31 1792.61 38.7801 0.881623 1.74842 0.0224274 -0.0932876 
4509.68 4753.55 1706.85 38.7881 0.912967 1.37534 0.0224417 -0.0864183 
5213.85 4797.6 1639.44 38.7997 0.946184 0.978926 0.0223953 -0.0611665 
5643.99 4812.86 1591.55 38.8106 0.971873 0.671566 0.0223494 -0.0386317 
5864.53 4805.89 1558.8 38.8204 0.990163 0.452108 0.0222799 -0.0118199 
5936.36 4783.11 1536.87 38.8265 0.997475 0.363406 0.022261 -0.00360587 
5942.39 4754.06 1519.31 38.8308 1.00175 0.311121 0.0222655 -0.0032408 
5906.61 4721.34 1504.32 38.8353 1.00659 0.252036 0.0222525 0.00239245 
5826.76 4684.46 1492.25 38.8393 1.00931 0.218284 0.0222456 0.00549137 
5719.42 4645.27 1481.83 38.8427 1.01088 0.198352 0.0222416 0.00736013 
5593.72 4604.76 1472.4 38.8459 1.01173 0.186916 0.0222267 0.012119 
5455.2 4563.56 1463.54 38.8482 1.01022 0.203785 0.0222244 0.0123931 
5320.68 4523.71 1453.84 38.8501 1.00829 0.225627 0.0222277 0.0108739 
5192.47 4485.57 1443.07 38.8521 1.00683 0.24196 0.0222318 0.00931172 
5066.69 4448.74 1431.49 38.8543 1.00593 0.251521 0.0222249 0.0111218 
4938.88 4412.71 1419.45 38.8561 1.00391 0.27445 0.0222293 0.00925813 
4816.49 4378.47 1406.27 38.8581 1.00253 0.28988 0.0222248 0.0101997 
4694.42 4345.47 1392.33 38.8598 1.0004 0.314218 0.0222303 0.00795051 
4577.35 4314.34 1377.2 38.8617 0.999085 0.328862 0.0222292 0.00793778 
4458.87 4284.39 1361.34 38.8636 0.997539 0.34623 0.022231 0.00699293 
4340.08 4255.82 1344.63 38.8655 0.996221 0.360913 0.0222279 0.00753458 
4218.88 4228.42 1327.19 38.8671 0.99438 0.381835 0.0222342 0.00515708 
4098.4 4202.65 1308.72 38.8692 0.993471 0.391628 0.0222285 0.00663795 
3971.51 4177.7 1289.77 38.871 0.991614 0.412734 0.0222288 0.00599265 
3844.47 4154.4 1269.78 38.8725 0.989773 0.433717 0.0222329 0.00427383 
3716.52 4132.72 1248.76 38.8742 0.988517 0.44774 0.0222349 0.00334125 
3582.95 4112.16 1227.05 38.8761 0.987528 0.458538 0.0222349 0.00309479 
3441.43 4092.5 1204.8 38.878 0.986494 0.469883 0.0222357 0.00262354 
3291.93 4073.76 1181.99 38.8797 0.985528 0.480451 0.0222376 0.00181485 
3133.64 4055.88 1158.67 38.8816 0.984817 0.487957 0.0222391 0.00125941 
2964.44 4038.66 1134.97 38.8838 0.984267 0.493463 0.0222375 0.00163945 
2782.92 4021.95 1111 38.8861 0.983405 0.502548 0.0222335 0.00261606 
2590.99 4006.02 1086.58 38.8886 0.981857 0.519655 0.0222274 0.00398359 
2393 3991.47 1061.32 38.8914 0.979283 0.54872 0.0222176 0.00611243 
2195.34 3979.21 1034.62 38.8943 0.97509 0.59675 0.0222052 0.00843032 
2008.07 3970.65 1005.56 38.8978 0.968873 0.668396 0.0221889 0.0112416 
1843.34 3967.56 972.964 38.9019 0.959994 0.771096 0.0221697 0.0140358 
1716.84 3972.26 935.31 38.9067 0.947981 0.910418 0.0221491 0.0161977 
1646.51 3987.51 890.794 38.9121 0.932606 1.08904 0.022129 0.0171441 
1650.65 4016.23 837.478 38.9183 0.913914 1.30644 0.02211 0.0166569 
1745.99 4061.34 773.456 38.9249 0.892082 1.56061 0.0220928 0.0146361 
1946.84 4125.57 696.917 38.9318 0.867377 1.84853 0.0220766 0.011386 
2264.61 4211.43 606.2 38.9387 0.839959 2.16854 0.0220518 0.00746053 
2708.62 4321.3 499.729 38.9444 0.808528 2.52217 0.0220761 0.00366253 
3288.06 4458.64 375.154 39.1195 0.774364 2.91876 0.0174193 -0.000379903 
4016 4628.29 234.581 38.4586 0.0404495 3.3626 0.0214347 0 
4016 4628.29 234.581 38.4586 0.0404495 3.3626 0.0214347 0 
3970.08 4733.4 232.138 31.4824 1.22824 6.00415 -0.188388 -0.819741 
3935.19 4893.26 254.547 12.5747 0.367522 2.48571 -0.176775 -0.921799 
3932.94 4980.15 259.744 9.78378 -1.4 -1.30205 -0.0462627 -0.878836 
3936.2 4988.54 228.396 35.1243 -0.351615 -5.01723 -0.153551 -0.0816985 
3895.58 4919.94 217.937 34.9413 -0.350722 -6.16215 -0.141939 0.0013121 
3854.81 4827.62 207.503 34.7583 -0.349827 -6.16538 -0.130326 0.00255999 
3813.92 4735.22 197.093 34.5753 -0.348931 -6.14536 -0.118714 0.00108503 
3772.89 4643.24 186.708 34.3923 -0.34804 -6.13886 -0.107102 0.000556416 
3731.73 4551.4 176.347 34.2093 -0.347157 -6.13695 -0.0954897 0.000685185 
3690.45 4459.6 166.011 34.0265 -0.346276 -6.13342 -0.0838775 0.000876935 
3649.05 4367.86 155.7 33.8439 -0.345363 -6.12742 -0.0722653 0.000943913 
3607.51 4276.26 145.413 33.6609 -0.344385 -6.12019 -0.060653 0.000930647 
3565.86 4184.8 135.153 33.4766 -0.34341 -6.11257 -0.0490408 0.000913227 
3524.08 4093.5 124.918 33.2912 -0.342703 -6.10458 -0.0374285 0.000918489 
3482.19 4002.36 114.705 33.109 -0.342472 -6.0959 -0.0258163 0.00093877 
3440.17 3911.41 104.503 32.9372 -0.342061 -6.08626 -0.014204 0.000963466 
3398.02 3820.65 94.3147 32.7715 -0.339448 -6.0755 -0.00259179 0.000990085 
3355.72 3730.12 84.1862 32.5764 -0.333487 -6.06349 0.00902046 0.00102106 
3313.31 3639.84 74.1877 32.3029 -0.330042 -6.05003 0.0206327 0.00105913 
3270.95 3549.83 64.2697 32.0015 -0.344423 -6.03484 0.0322449 0.00110581 
3228.68 3460.14 54.0637 31.9569 -0.381691 -6.01759 0.0438572 0.00116177 
3186.08 3370.81 43.0866 32.4955 -0.390849 -5.99788 0.0554694 0.00122688 
3142.13 3281.88 31.9019 33.0951 -0.258079 -5.97524 0.0670817 0.00129862 
3096.67 3193.43 23.4493 31.5095 0.0251399 -5.9492 0.0786939 0.00136691 
3053.37 3105.51 26.5851 31.3265 0.0260345 -5.91948 0.0903062 0.00140229 
3010.5 3018.21 29.7459 31.1436 0.0269282 -5.88636 0.101918 0.00133518 
2968.08 2931.6 32.9314 30.9606 0.0278213 -5.85176 0.113531 0.00105999 
2926.08 2845.7 36.1415 30.7776 0.0287145 -5.8195 0.125143 0.000729222 
2884.53 2760.47 39.3762 30.5947 0.0296096 -5.78402 0.136755 0.00185863 
2843.41 2675.98 42.6356 30.4117 0.0305078 -5.67819 0.148367 0.00818537 
2802.74 2593.68 45.9196 30.2286 0.0314037 -5.29994 0.15998 0.022056 
2762.51 2519.22 49.2283 30.0456 0.0322836 -4.39482 0.171592 0.0386445 
2722.73 2463.52 52.5613 29.8627 0.0331431 -2.90959 0.183204 0.0490338 
2683.42 2438.6 55.9182 29.6804 0.0340292 -1.05161 0.194816 0.0485325 
2644.59 2452.2 59.2995 29.4982 0.0350457 0.892826 0.206429 0.0387768 
2606.23 2506.1 62.7079 29.3139 0.0361975 2.69209 0.218041 0.0246786 
2568.35 2597.3 66.1463 29.1257 0.0370853 4.17849 0.229653 0.0114317 
2530.94 2719.31 69.6094 28.9383 0.0369532 5.22637 0.241265 0.0027618 
2494.01 2863.04 73.076 28.7678 0.0359842 5.77372 0.252878 -0.00034085 
2457.52 3018.11 76.5282 28.6249 0.0374925 5.8991 0.26449 -4.96868e-05 
2421.4 3175.78 80.0164 28.4669 0.0468578 5.84582 0.276102 0.000523474 
2385.69 3332.35 83.7039 28.1719 0.0609212 5.82447 0.287714 0.000454372 
2350.62 3488.48 87.6928 27.6844 0.0526706 5.85804 0.299327 0.000219801 
2316.53 3645.3 91.5268 27.3822 -0.0151602 5.9074 0.310939 8.20112e-05 
2283.12 3803.14 93.9649 28.1799 -0.104721 5.95131 0.322551 2.70812e-05 
2248.53 3961.89 94.52 30.2716 0.000497507 5.98175 0.334163 2.54629e-07 
2210.45 4121.28 97.1866 30.4108 0.549827 5.98847 0.345776 -9.1219e-07 
2172.02 4280.81 111.235 21.8577 1.14902 5.98843 0.357388 -0.000138807 
2148.13 4440.32 137.988 5 0.0899998 4.65702 0.369 0 
2148.13 4440.32 137.988 5 0.0899998 4.65702 0.369 0 
2182.36 4760.46 147.301 5 -0.619634 1.69694 1.15369 0.782188 
2218.17 4927 119.787 26.4268 0.510504 6.22395 -0.176776 0.00101278 
2161.04 5328.53 149.14 5 0.114339 6.24521 0.460747 -0.00402441 
2196.46 5731.09 159.715 5 0.114339 6.23704 0.460747 -0.00312357 
2232.99 6133.23 170.291 5 0.114339 6.23388 0.460747 -0.00313337 
2270.62 6535.2 180.867 5 0.114339 6.23018 0.460747 -0.00314877 
2309.35 6936.98 191.443 5 0.114339 6.22585 0.460747 -0.00318514 
2349.17 7338.54 202.018 5 0.114339 6.22068 0.460747 -0.00324588 
2390.1 7739.83 212.594 5 0.114339 6.21441 0.460747 -0.00334095 
2432.12 8140.79 223.17 5 0.114339 6.20665 0.460747 -0.0035021 
2475.25 8541.35 233.745 5 0.114339 6.19688 0.460747 -0.0038137 
2519.47 8941.41 244.321 5 0.114339 6.18408 0.460747 -0.00441925 
2564.79 9340.79 254.897 5 0.114339 6.16601 0.460747 -0.00522376 
2611.21 9739.25 265.473 5 0.114339 6.14003 0.460747 -0.00854858 
2658.73 10136.3 276.048 5 0.114339 6.11604 0.460748 0.00144336 
2707.35 10532.2 286.624 5 0.114339 6.28 0.460748 -0.0785951 
2757.08 10936.6 297.2 5 0.114339 5.50247 0.460748 -0.384744 
2807.87 11300.6 307.776 5 0.114337 2.45396 0.460748 -0.461625 
2859.64 11506.4 318.351 5 0.114335 -1.17097 0.460747 -0.404983 
2912.35 11524.1 328.927 5 0.114324 -4.49963 0.460918 -0.174681 
2966.03 11369.1 339.502 5 0.115624 -6.23411 0.438484 0.0124003 
3020.74 11124 350.144 5 -0.0570633 -6.14072 0.811237 -0.00146598 
3076.73 10883.8 349.134 5 -0.05612 -6.12896 0.794955 -0.00168029 
3132.62 10644.2 344.9 5 -0.0551742 -6.1567 0.778651 -0.000880695 
3188.07 10403.2 340.714 5 -0.0542283 -6.17785 0.762345 -0.000368467 
3243.08 10161.1 336.578 5 -0.0532823 -6.19254 0.74604 -7.82916e-05 
3297.65 9918.2 332.491 5 -0.0523363 -6.20328 0.729734 7.8692e-05 
3351.8 9674.75 328.453 5 -0.0513903 -6.21158 0.713428 0.000165782 
3405.53 9430.87 324.464 5 -0.0504443 -6.21825 0.697122 0.000213543 
3458.85 9186.65 320.524 5 -0.0494982 -6.22375 0.680816 0.000237153 
3511.75 8942.14 316.633 5 -0.0485522 -6.22835 0.66451 0.000245061 
3564.25 8697.39 312.792 5 -0.0476062 -6.23227 0.648204 0.000242441 
3616.35 8452.44 308.999 5 -0.0466602 -6.23565 0.631897 0.000232674 
3668.05 8207.31 305.256 5 -0.0457141 -6.23858 0.615591 0.000218086 
3719.36 7962.04 301.561 5 -0.0447681 -6.24116 0.599285 0.000200332 
3770.28 7716.62 297.916 5 -0.0438221 -6.24343 0.582979 0.000180635 
3820.83 7471.09 294.32 5 -0.042876 -6.24546 0.566673 0.000159921 
3871 7225.46 290.773 5 -0.04193 -6.24727 0.550367 0.000138913 
3920.8 6979.73 287.275 5 -0.040984 -6.24891 0.534061 0.000118187 
3970.24 6733.91 283.826 5 -0.040038 -6.25039 0.517755 9.82119e-05 
4019.32 6488.02 280.426 5 -0.0390919 -6.25174 0.501449 7.93782e-05 
4068.04 6242.06 277.075 5 -0.0381459 -6.25296 0.485143 6.20303e-05 
4116.41 5996.04 273.774 5 -0.0401665 -6.25409 0.468836 5.25523e-05 
4164.44 5749.95 270.367 5.11713 -0.0443334 -6.25397 0.452531 2.87289e-05 
4211.64 5503.88 266.735 5.39651 -0.0407254 -6.256 0.436224 2.10878e-05 
4257.29 5257.7 263.266 5.47632 -0.0263773 -6.25699 0.419918 1.09588e-05 
4302.23 5011.46 260.536 5 -0.10006 -6.25861 0.403612 5.5729e-06 
4348.95 4765.15 254.021 7.63123 -0.874852 -6.25746 0.387306 0.000369044 
4384.85 4518.9 207.08 40 -0.0899997 -4.65408 0.369 0 
4384.85 4518.9 207.08 40 -0.0899997 -4.65408 0.369 0 
4327.82 4450.46 199.68 32.3167 1.4 -0.0213498 -0.188388 0.0837098 
4284.42 4491.93 227.92 8.8986 -0.853426 1.33813 -0.176774 -0.894952 
4287.98 4565.6 203.591 29.7605 -1.01677 -4.36862 0.738973 -0.10475 
4250.69 4503.93 174.594 40 -0.491111 -6.10771 -0.0546786 0.000674207 
4192.28 4401.01 157.678 40 -0.49111 -6.09897 -0.0546789 0.000928692 
4133.06 4298.3 140.762 40 -0.49111 -6.08452 -0.0546793 0.0010115 
4073.04 4195.93 123.845 40 -0.49111 -6.06748 -0.0546799 0.0011137 
4012.21 4093.97 106.929 40 -0.49111 -6.0472 -0.0546807 0.00124758 
3950.59 3992.49 90.0134 40 -0.49111 -6.0227 -0.054682 0.00142738 
3888.15 3891.59 73.0974 40 -0.49111 -5.99247 -0.0546746 0.00167422 
3824.92 3791.4 56.1814 40 -0.491077 -5.9543 -0.05524 0.00203163 
3760.88 3692.13 39.2662 40 -0.493034 -5.90449 -0.021503 0.00215995 
3696.04 3594.03 22.3045 40 -0.375344 -5.84814 -0.0490384 3.96164e-05 
3630.34 3497.27 8.13497 40 -0.358598 -5.85102 -0.0374283 -1.69749e-05 
3563.96 3400.44 3.74905 40 -0.30119 -5.85561 -0.0258162 -8.41571e-05 
3497.34 3303.51 0.72507 40 -0.204244 -5.86244 -0.014204 7.40873e-05 
3430.53 3206.41 0.00100825 39.7309 -0.0688656 -5.86393 -0.0025918 0.00121251 
3364.13 3109.27 0.00103063 39.0663 0.043386 -5.82316 0.00902045 0.000544494 
3298.95 3013.11 0.00103064 38.8833 0.0442801 -5.80579 0.0206327 2.30416e-05 
3234.11 2917.35 0.00103064 38.7003 0.0451735 -5.80885 0.0322449 -1.36939e-05 
3169.62 2821.52 0.00103064 38.5173 0.0460668 -5.8135 0.0438572 6.30125e-05 
3105.48 2725.58 0.00103064 38.3344 0.0469603 -5.81451 0.0554694 9.07745e-05 
3041.68 2629.62 0.00103064 38.1514 0.0478538 -5.81388 0.0670817 8.26022e-05 
2978.23 2533.67 0.00103064 37.9684 0.0487473 -5.81335 0.0786939 7.12503e-05 
2915.13 2437.73 0.00103064 37.7855 0.0496407 -5.81313 0.0903062 6.21875e-05 
2852.38 2341.8 0.00103064 37.6025 0.0505342 -5.81315 0.101918 8.68749e-05 
2789.98 2245.87 0.00103185 37.4195 0.051428 -5.81107 0.113531 0.00122398 
2727.92 2149.98 5.43972 37.2365 0.0523224 -5.72162 0.125143 0.0024262 
2666.47 2056.22 10.9073 37.0536 0.053216 -5.52216 0.136755 0.00540063 
2605.63 1967.19 16.4032 36.8706 0.0541104 -5.02893 0.148367 0.017137 
2545.41 1889.86 21.9271 36.6876 0.0550067 -3.47439 0.15998 0.0372301 
2485.82 1849.41 27.4793 36.5046 0.0559027 -0.49675 0.171592 0.0398783 
2426.91 1879.6 33.0598 36.3216 0.0567905 2.59426 0.183204 0.0216103 
2368.66 1983.12 38.6682 36.1387 0.0576681 4.93473 0.194816 0.000737194 
2311.08 2142.16 44.3044 35.9561 0.0585671 5.91717 0.206429 -0.00369273 
2254.13 2324.51 49.9689 35.7734 0.0595532 5.70133 0.218041 0.000482186 
2197.79 2501.73 55.6637 35.589 0.0605901 5.71228 0.229653 0.000350428 
2142.07 2679.22 61.3902 35.4022 0.0612924 5.83713 0.241265 4.52601e-05 
2086.98 2859.67 67.1404 35.2194 0.061139 5.91715 0.252878 4.86101e-05 
2032.51 3042.02 72.8939 35.0555 0.0610629 5.9672 0.26449 5.42589e-05 
1978.63 3225.55 78.6519 34.9062 0.0653009 6.0039 0.276102 3.67265e-05 
1925.3 3409.96 84.516 34.6913 0.077003 6.03242 0.287714 2.09581e-05 
1872.66 3595.04 90.666 34.2862 0.0812255 6.05521 0.299327 1.13105e-05 
1821.08 3780.66 96.9315 33.8554 0.0354445 6.07397 0.310939 5.83084e-06 
1770.63 3966.72 102.127 34.3053 -0.0647288 6.08974 0.322551 2.7629e-06 
1719.63 4153.16 104.93 36.4816 -0.0198353 6.10322 0.334163 1.16378e-06 
1664.6 4339.93 108.714 37.4989 0.554035 6.11512 0.345776 -4.68518e-07 
1607.54 4526.97 126.074 27.9891 1.38164 6.11676 0.357388 -9.57499e-05 
1569 4714.05 163.429 5 0.0899998 3.74474 0.369 0 
1569 4714.05 163.429 5 0.0899998 3.74474 0.369 0 
1605.4 4637.12 218.965 21.6407 2.95955e-05 -0.268507 0.482653 -1.48933e-12 
1641.77 4560.2 272.341 22.4595 -1.88088e-07 -0.29482 0.480306 -2.78818e-14 
1678.12 4483.28 323.671 22.498 -2.00141e-07 -0.294992 0.477959 -1.30766e-14 
1714.45 4406.36 373.017 22.4998 -2.02371e-07 -0.294994 0.475612 -1.17053e-14 
1750.75 4329.44 420.411 22.4998 -2.04518e-07 -0.294994 0.473265 -1.07701e-14 
1787.04 4252.51 465.859 22.4999 -2.06568e-07 -0.294994 0.470918 -9.6661e-15 
1823.3 4175.59 509.357 22.4999 -2.08523e-07 -0.294994 0.468571 -8.97004e-15 
1859.55 4098.67 550.885 22.4999 -2.1039e-07 -0.294994 0.466224 -8.01432e-15 
1895.79 4021.75 590.418 22.4999 -2.12176e-07 -0.294994 0.463878 -7.16772e-15 
1932.01 3944.82 627.918 22.4999 -2.13889e-07 -0.294994 0.461531 -6.55333e-15 
1968.21 3867.9 663.346 22.4999 -2.15537e-07 -0.294994 0.459184 -5.57117e-15 
2004.41 3790.98 696.653 22.4999 -2.17126e-07 -0.294994 0.456837 -5.01408e-15 
2040.59 3714.06 727.789 22.4999 -2.18664e-07 -0.294994 0.45449 -4.43753e-15 
2076.76 3637.14 756.699 22.4999 -2.20155e-07 -0.294994 0.452143 -3.76305e-15 
2112.93 3560.21 783.325 22.4999 -2.21606e-07 -0.294994 0.449796 -3.50361e-15 
2149.09 3483.29 807.608 22.4999 -2.23021e-07 -0.294994 0.447449 -2.74349e-15 
2185.24 3406.37 829.489 22.4999 -2.24404e-07 -0.294994 0.445102 -2.42233e-15 
2221.39 3329.45 848.91 22.4999 -2.2576e-07 -0.294994 0.442755 -2.13331e-15 
2257.53 3252.53 865.813 22.4999 -2.27091e-07 -0.294994 0.440408 -1.66574e-15 
2293.68 3175.6 880.146 22.4999 -2.28403e-07 -0.294994 0.438061 -1.48405e-15 
2329.82 3098.68 891.86 22.4999 -2.29697e-07 -0.294994 0.435714 -9.98987e-16 
2365.96 3021.76 900.916 22.4999 -2.30976e-07 -0.294994 0.433367 -8.94446e-16 
2402.11 2944.84 907.278 22.4999 -2.32245e-07 -0.294994 0.43102 -6.56998e-16 
2438.26 2867.91 910.924 22.4999 -2.33505e-07 -0.294994 0.428673 -5.49533e-16 
2474.42 2790.99 911.838 22.4999 -2.34759e-07 -0.294994 0.426327 -2.64605e-16 
2510.58 2714.07 910.018 22.4999 -2.36011e-07 -0.294994 0.42398 -5.99206e-17 
2546.75 2637.15 905.47 22.4999 -2.37261e-07 -0.294994 0.421633 -1.57736e-17 
2582.93 2560.23 898.212 22.4999 -2.38514e-07 -0.294994 0.419286 1.67929e-16 
2619.11 2483.3 888.272 22.4999 -2.39771e-07 -0.294994 0.416939 1.84541e-16 
2655.31 2406.38 875.684 22.4999 -2.41036e-07 -0.294994 0.414592 3.43467e-16 
2691.52 2329.46 860.494 22.4999 -2.4231e-07 -0.294994 0.412245 3.38812e-16 
2727.75 2252.54 842.751 22.4999 -2.43595e-07 -0.294994 0.409898 3.54448e-16 
2763.99 2175.61 822.509 22.4999 -2.44895e-07 -0.294994 0.407551 3.56594e-16 
2800.25 2098.69 799.825 22.4999 -2.46212e-07 -0.294994 0.405204 3.79938e-16 
2836.52 2021.77 774.759 22.4999 -2.47548e-07 -0.294994 0.402857 3.31705e-16 
2872.82 1944.85 747.369 22.4999 -2.48905e-07 -0.294994 0.40051 4.34909e-16 
2909.13 1867.93 717.716 22.4999 -2.50285e-07 -0.294994 0.398163 3.25275e-16 
2945.47 1791 685.854 22.4999 -2.51689e-07 -0.294994 0.395816 3.21157e-16 
2981.83 1714.08 651.839 22.4999 -2.53117e-07 -0.294994 0.393469 2.55504e-16 
3018.22 1637.16 615.72 22.4999 -2.54568e-07 -0.294994 0.391122 2.44272e-16 
3054.63 1560.24 577.542 22.4999 -2.56039e-07 -0.294994 0.388776 2.33992e-16 
3091.06 1483.32 537.345 22.4999 -2.57521e-07 -0.294994 0.386429 1.84346e-16 
3127.53 1406.39 495.161 22.4999 -2.58997e-07 -0.294994 0.384082 1.39671e-16 
3164.03 1329.47 451.015 22.4999 -2.60437e-07 -0.294994 0.381735 1.07529e-16 
3200.55 1252.55 404.922 22.4999 -2.61784e-07 -0.294994 0.379388 5.9986e-17 
3237.11 1175.63 356.884 22.4999 -2.62925e-07 -0.294993 0.377041 2.74274e-17 
3273.7 1098.7 306.885 22.4999 -2.63625e-07 -0.294981 0.374694 1.94837e-16 
3310.33 1021.78 254.885 22.4999 -2.63182e-07 -0.293078 0.372347 3.40316e-15 
3346.99 944.86 200.81 22.5 -1.30687e-13 -0.00194049 0.369 0 
3346.99 944.86 200.81 22.5 -1.30687e-13 -0.00194049 0.369 0 
3338.22 962.075 200.909 21.5582 0.98716 0.0393779 -0.188388 0.974991 
3330.06 979.745 211.893 12.7986 0.94678 0.665226 -0.176775 1.00718 
3329.88 1004.3 222.586 5 0.025175 1.28535 0.810773 0.696378 
3337.03 1035.67 223.272 5 0.0251754 1.71455 0.810773 0.307763 
3344.2 1071.77 223.957 5 0.0251755 1.90575 0.810773 0.0113406 
3351.39 1109.98 224.642 5 0.0251755 1.91505 0.810773 -0.187174 
3358.59 1148.29 225.327 5 0.0251754 1.80207 0.810773 -0.31661 
3365.8 1185.35 226.013 5 0.0251753 1.6089 0.810773 -0.400849 
3373.03 1220.29 226.698 5 0.0251752 1.36312 0.810773 -0.455453 
3380.27 1252.52 227.383 5 0.025175 1.08283 0.810773 -0.490128 
3387.53 1281.66 228.068 5 0.0251748 0.78025 0.810773 -0.510975 
3394.79 1307.48 228.753 5 0.0251747 0.463886 0.810773 -0.521927 
3402.07 1329.81 229.439 5 0.0251745 0.139855 0.810773 -0.52559 
3409.36 1348.57 230.124 5 0.0251743 -0.18731 0.810773 -0.523736 
3416.66 1363.73 230.809 5 0.0251741 -0.514155 0.810773 -0.517602 
3423.98 1375.3 231.494 5 0.025174 -0.837976 0.810773 -0.508068 
3431.31 1383.3 232.18 5 0.0251738 -1.15661 0.810773 -0.495774 
3438.65 1387.79 232.865 5 0.0251735 -1.46827 0.810774 -0.481187 
3446 1388.85 233.55 5 0.0251748 -1.77149 0.81075 -0.464657 
3453.36 1386.57 234.235 5 0.0251361 -2.06496 0.811415 -0.446442 
3460.74 1381.06 234.92 5 0.0261905 -2.3476 0.793237 -0.426738 
3468.13 1372.44 235.617 5 -0.00265815 -2.61839 0.807899 -0.405694 
3475.54 1360.84 235.995 5.2345 -0.00702386 -2.87643 0.794959 -0.410202 
3482.75 1346.4 236.322 5.49503 -0.00814862 -3.13921 0.778653 -0.40892 
3489.73 1329.07 236.632 5.75421 -0.00889948 -3.4032 0.762347 -0.395479 
3496.49 1308.83 236.928 6.00901 -0.00942207 -3.65998 0.746041 -0.372456 
3503.03 1285.76 237.215 6.25783 -0.0101765 -3.90261 0.729735 -0.343479 
3509.36 1260.02 237.489 6.50304 -0.0117835 -4.1268 0.713428 -0.312623 
3515.47 1231.81 237.741 6.75204 -0.0146084 -4.33127 0.697122 -0.283603 
3521.37 1201.36 237.957 7.01476 -0.0182403 -4.51736 0.680816 -0.257951 
3527.04 1168.85 238.129 7.29698 -0.0212375 -4.68741 0.66451 -0.234709 
3532.46 1134.48 238.263 7.59197 -0.0215753 -4.84307 0.648204 -0.21207 
3537.63 1098.38 238.387 7.87656 -0.0179552 -4.98472 0.631898 -0.188898 
3542.54 1060.73 238.547 8.11833 -0.0115144 -5.11192 0.615592 -0.165124 
3547.25 1021.68 238.773 8.29673 -0.0067547 -5.22419 0.599286 -0.141424 
3551.8 981.399 239.049 8.4304 -0.0102628 -5.32149 0.58298 -0.118677 
3556.23 940.042 239.283 8.59177 -0.0265976 -5.40435 0.566673 -0.0975454 
3560.54 897.773 239.335 8.88631 -0.0527019 -5.47377 0.550367 -0.0783289 
3564.58 854.74 239.095 9.38628 -0.0745616 -5.53091 0.534061 -0.0610912 
3568.19 811.078 238.605 10.0414 -0.0708069 -5.57697 0.517755 -0.0458558 
3571.21 766.91 238.144 10.626 -0.0255905 -5.61312 0.501449 -0.032713 
3573.69 722.344 238.171 10.7979 0.0531946 -5.64056 0.485143 -0.0218014 
3576 677.476 239.063 10.3054 0.122068 -5.66057 0.468837 -0.0132226 
3578.75 632.388 240.721 9.2794 0.111881 -5.67447 0.452531 -0.0069639 
3582.45 587.146 242.285 8.42022 -0.0319921 -5.68357 0.436224 -0.00286383 
3586.96 541.803 242.281 8.83562 -0.290414 -5.68907 0.419918 -0.000615084 
3591.17 496.399 239.424 11.3936 -0.528969 -5.692 0.403612 0.000220028 
3593.12 450.966 233.896 15.774 -0.524467 -5.69309 0.387306 0.000199232 
3591.07 405.523 228.34 19.7545 -0.0899999 -5.69276 0.369 0 
3591.07 405.523 228.34 19.7545 -0.0899999 -5.69276 0.369 0 
3576.57 308.85 225.719 20.4739 0.843595 -5.02503 -0.188388 0.8348 
3560.15 227.949 245.121 5 -0.0541424 -3.52132 0.388053 -0.862017 
3574.38 182.54 243.905 7.43841 -0.970667 -5.12425 1.12108 -0.576977 
3584.35 99.2758 220.95 23.8215 -0.115126 -6.04036 -0.153551 0.030464 
3561.81 -5.60103 217.581 23.6386 -0.114232 -5.98116 -0.141939 -0.000156523 
3539.45 -109.08 214.241 23.4556 -0.113339 -5.95932 -0.130326 -0.0575492 
3517.28 -212.043 210.928 23.2726 -0.112445 -6.03928 -0.118714 -0.0230714 
3495.3 -316.895 207.644 23.0897 -0.111552 -6.082 -0.107102 0.135403 
3473.5 -422.757 204.387 22.9067 -0.110658 -5.85571 -0.0954897 0.298984 
3451.91 -523.274 201.159 22.7237 -0.109764 -5.31412 -0.0838775 0.415208 
3430.52 -610.999 197.959 22.5408 -0.10887 -4.5224 -0.0722653 0.486672 
3409.33 -680.026 194.786 22.3578 -0.107976 -3.55932 -0.060653 0.525426 
3388.36 -726.306 191.642 22.1748 -0.107083 -2.48945 -0.0490408 0.541189 
3367.61 -747.318 188.526 21.9919 -0.10619 -1.36176 -0.0374285 0.540488 
3347.07 -741.695 185.437 21.8089 -0.105292 -0.21327 -0.0258163 0.527101 
3326.76 -708.947 182.377 21.6259 -0.104387 0.926266 -0.014204 0.502439 
3306.67 -649.284 179.346 21.4427 -0.103492 2.02961 -0.00259179 0.465802 
3286.81 -563.563 176.342 21.2595 -0.10265 3.06739 0.00902046 0.414746 
3267.17 -453.33 173.365 21.0773 -0.101854 4.00411 0.0206327 0.346372 
3247.74 -320.974 170.414 20.8967 -0.100887 4.79714 0.0322449 0.260754 
3228.54 -169.888 167.492 20.7145 -0.0993824 5.40344 0.0438572 0.166083 
3209.55 -4.48238 164.613 20.5211 -0.0977357 5.79792 0.0554694 0.0803005 
3190.8 170.24 161.78 20.3159 -0.0984297 5.99593 0.0670817 0.0220748 
3172.31 349.639 158.939 20.1425 -0.104069 6.05675 0.0786939 -0.00365216 
3154.01 530.475 155.971 20.0852 -0.107365 6.05439 0.0903062 -0.00769809 
3135.69 711.254 152.927 20.0837 -0.0824475 6.04101 0.101918 -0.00414211 
3117.21 891.718 150.472 19.6228 -0.0175791 6.03648 0.113531 -0.000664551 
3099.46 1072.07 150.95 19.4398 -0.0166847 6.04147 0.125143 0.00103668 
3082.07 1252.55 151.458 19.2569 -0.0157909 6.05163 0.136755 0.00149355 
3065.06 1433.26 151.993 19.0739 -0.0148971 6.06357 0.148367 0.00138554 
3048.41 1614.25 152.556 18.8909 -0.0140028 6.07553 0.15998 0.00109302 
3032.14 1795.53 153.148 18.7079 -0.0131088 6.08682 0.171592 0.000778102 
3016.25 1977.08 153.767 18.5249 -0.0122181 6.09721 0.183204 0.000498775 
3000.73 2158.86 154.415 18.342 -0.0113315 6.10667 0.194816 0.000270945 
2985.58 2340.88 155.09 18.1592 -0.0104367 6.11526 0.206429 9.50085e-05 
2970.81 2523.09 155.793 17.9763 -0.00950744 6.12304 0.218041 -3.38527e-05 
2956.43 2705.49 156.526 17.7928 -0.00855535 6.1301 0.229653 -0.000121892 
2942.42 2888.05 157.287 17.6083 -0.00772819 6.13651 0.241265 -0.000175481 
2928.8 3070.77 158.076 17.4252 -0.00723899 6.14235 0.252878 -0.000200719 
2915.56 3253.62 158.882 17.2495 -0.00675925 6.1477 0.26449 -0.000203457 
2902.69 3436.6 159.707 17.08 -0.00465997 6.15264 0.276102 -0.000189568 
2890.19 3619.69 160.587 16.8868 0.000429871 6.15726 0.287714 -0.000165376 
2878.08 3802.9 161.596 16.6198 0.00311362 6.16166 0.299327 -0.000137554 
2866.53 3986.21 162.677 16.3335 -0.0130609 6.16582 0.310939 -0.000109581 
2855.58 4169.61 163.388 16.3698 -0.0518714 6.16959 0.322551 -6.64032e-05 
2844.62 4353.11 163.18 17.0859 -0.0405073 6.1736 0.334163 3.37512e-05 
2832.28 4536.7 163.214 17.4754 0.171714 6.184 0.345776 -7.36019e-05 
2819.1 4720.53 168.245 13.9794 0.50614 6.16035 0.357388 -0.000689462 
2812.63 4903.81 181.308 5 0.0899998 5.81468 0.369 0 
2812.63 4903.81 181.308 5 0.0899998 5.81468 0.369 0 
2824.45 5053.28 183.081 5 -0.890039 5.11092 1.151 -1.02859 
2836.74 5188.44 164.921 18.0446 -0.638768 3.25028 0.489506 -1.00718 
2826.89 5285.78 151.447 26.066 0.105753 1.41218 -0.154847 -0.985775 
2803.09 5345.74 152.853 22.0821 0.420049 -0.40337 -0.133616 -0.964367 
2785.68 5368.77 160.782 13.7439 0.0239599 -2.19635 0.275849 -0.942959 
2782.32 5355.32 160.927 12.2722 -0.725101 -3.9667 0.780618 -0.92155 
2781.64 5305.87 145.885 22.1331 -0.206366 -5.71441 0.0153994 -0.327925 
2764.03 5220.88 141.072 23.3473 -0.124747 -6.28 -0.0857986 0.00225037 
2744.21 5124.39 137.879 23.2284 -0.118779 -6.28 -0.0796637 0.00221239 
2724.45 5027.9 134.811 23.0275 -0.117301 -6.28 -0.0674149 0.00217279 
2704.89 4931.41 131.78 22.8193 -0.117354 -6.28 -0.0541338 0.00213155 
2685.54 4834.91 128.755 22.6276 -0.117144 -6.28 -0.0417618 0.00208866 
2666.39 4738.42 125.74 22.4469 -0.11628 -6.28 -0.030231 0.00204407 
2647.4 4641.93 122.749 22.2665 -0.115215 -6.28 -0.0188033 0.00199773 
2628.59 4545.44 119.786 22.0833 -0.114228 -6.28 -0.0072023 0.00194957 
2609.95 4448.95 116.848 21.8986 -0.113328 -6.28 0.00450847 0.00189956 
2591.5 4352.45 113.935 21.714 -0.112453 -6.28 0.0162279 0.00184766 
2573.23 4255.96 111.045 21.5298 -0.111565 -6.28 0.0279224 0.00179383 
2555.14 4159.47 108.18 21.3457 -0.110665 -6.28 0.0396023 0.00173806 
2537.23 4062.97 105.338 21.1617 -0.109763 -6.28 0.0512816 0.00168032 
2519.51 3966.48 102.522 20.9776 -0.108863 -6.28 0.0629642 0.00162063 
2501.97 3869.99 99.7292 20.7935 -0.107965 -6.28 0.074648 0.00155899 
2484.62 3773.49 96.961 20.6094 -0.107068 -6.28 0.0863311 0.00149544 
2467.45 3677 94.217 20.4253 -0.10617 -6.28 0.0980127 0.00143002 
2450.47 3580.5 91.4973 20.2413 -0.105273 -6.28 0.109693 0.00136281 
2433.68 3484.01 88.8019 20.0572 -0.104375 -6.28 0.121372 0.00129391 
2417.08 3387.51 86.1307 19.8732 -0.103478 -6.28 0.133049 0.00122345 
2400.67 3291.02 83.4837 19.6892 -0.102583 -6.28 0.144724 0.0011516 
2384.46 3194.52 80.861 19.5053 -0.101692 -6.28 0.156396 0.00107854 
2368.43 3098.03 78.2624 19.3215 -0.100802 -6.28 0.168065 0.00100451 
2352.6 3001.53 75.6878 19.1378 -0.0999023 -6.28 0.179731 0.000929788 
2336.96 2905.03 73.1376 18.954 -0.0989804 -6.28 0.191391 0.000854699 
2321.52 2808.54 70.6121 18.7699 -0.0980601 -6.28 0.203046 0.000779605 
2306.27 2712.04 68.1113 18.5855 -0.0972318 -6.28 0.214694 0.000704915 
2291.23 2615.54 65.6334 18.4022 -0.0965727 -6.28 0.226333 0.000631086 
2276.38 2519.05 63.1748 18.2226 -0.0958793 -6.28 0.237962 0.000558617 
2261.72 2422.55 60.7362 18.0456 -0.0944835 -6.28 0.249577 0.000488048 
2247.25 2326.05 58.3318 17.8601 -0.0919343 -6.28 0.261174 0.000419951 
2232.98 2229.55 55.9852 17.6492 -0.0899642 -6.28 0.272747 0.000354915 
2218.97 2133.05 53.6856 17.4255 -0.0935016 -6.28 0.284287 0.000293545 
2205.22 2036.56 51.3214 17.2758 -0.105007 -6.28 0.295786 0.000236461 
2191.63 1940.06 48.728 17.3136 -0.110151 -6.28 0.307238 0.00018431 
2177.87 1843.56 46.0288 17.4158 -0.0730896 -6.28 0.318617 0.000137715 
2163.82 1747.06 44.08 16.9207 0.0173309 -6.28 0.329839 9.71944e-05 
2150.46 1650.56 43.9864 15.082 0.0442837 -6.28 0.340729 6.31484e-05 
2140.08 1554.06 44.5009 13.0601 -0.250601 -6.28 0.351072 3.59938e-05 
2133.14 1457.55 39.0838 15.8599 -0.89655 -6.28 0.360601 1.62487e-05 
2121.67 1361.05 20.4376 28.2754 -0.958603 -6.28 0.368166 0.000676248 
2089.24 1264.57 0.12465 39.9987 1.39597 -5.87684 0.369 0 
