grtopS_101_3
50
2 2
12 12 
0 5 3 1 8 9 4 2 6 10 7 11 
0 5 3 1 8 9 4 2 6 10 7 11 
2580.27 8.71334 61.2513 265.181 80.2752 64.8854 104.82 305.088 64.7628 18.6479 11.5809 
1454.66 10.6855 58.6252 75.6165 244.555 0.083659 0 35.3362 0 31.6869 62.9175 
52.6585 0.177823 1.25003 5.41186 1.63827 1.32419 2.13917 6.2263 1.32169 0.380569 0.236345 
29.687 0.218071 1.19643 1.54319 4.99092 0.00170733 0 0.721147 0 0.646672 1.28403 
3.5313e-06 0.129764 0 0.570734 0 8.72918e-10 0 5.21559 0 0.268783 1.79285 
1.45235e-06 0.154907 5.16045e-07 1.4439e-06 1.43617e-06 1.43741e-06 7.21637 1.43195e-06 10.3564 1.44313e-06 1.21616 
683.5 456.99 547.94 40 1.02289 0 0.019529 0 
683.5 456.99 547.94 40 1.02289 3.53129e-06 0.0194631 0.0329598 
683.504 456.984 547.944 40 1.00221 0.388661 0.0195568 -0.0442162 
1109.94 494.171 525.252 36.4627 1.15586 -0.0324078 0.0181705 0.0555157 
1044.52 158.067 512.136 40 1.02488 -0.0228719 0.0195284 0.00100631 
972.287 154.487 514.32 40 1.02469 -0.0206648 0.0195284 0.000914206 
905.355 151.253 516.294 40 1.02451 -0.0186115 0.0195285 0.000832286 
843.274 148.34 518.071 40 1.02434 -0.0166572 0.0195285 0.000753933 
785.677 145.733 519.662 40 1.02418 -0.0148014 0.0195285 0.000681192 
732.21 143.416 521.076 40 1.02402 -0.0130197 0.0195285 0.00061207 
682.56 141.378 522.319 40 1.02387 -0.0113007 0.0195285 0.000543901 
636.432 139.61 523.399 40 1.02373 -0.00965951 0.0195286 0.000480998 
593.526 138.098 524.321 40 1.02359 -0.00806699 0.0195286 0.000423879 
553.582 136.835 525.092 40 1.02345 -0.00647548 0.0195286 0.000367198 
516.398 135.822 525.71 40 1.02331 -0.00488024 0.0195286 0.000311965 
481.778 135.058 526.176 40 1.02317 -0.00326262 0.0195285 0.00025576 
449.547 134.547 526.488 40 1.02303 -0.00162462 0.0195285 0.000200648 
419.524 134.293 526.643 40 1.02289 5.52241e-05 0.0195285 0.000144668 
391.548 134.301 526.638 40 1.02273 0.00178437 0.0195285 8.87635e-05 
365.462 134.581 526.467 40 1.02258 0.00358453 0.0195285 3.1975e-05 
341.127 135.141 526.125 40 1.02241 0.00547526 0.0195284 -2.71898e-05 
318.415 135.998 525.602 40 1.02224 0.00746678 0.0195284 -8.80408e-05 
297.201 137.167 524.889 40 1.02206 0.00958178 0.0195284 -0.000151407 
277.368 138.666 523.974 40 1.02186 0.0118428 0.0195283 -0.000217996 
258.811 140.52 522.843 40 1.02165 0.0142733 0.0195283 -0.000288419 
241.432 142.754 521.48 40 1.02142 0.0168999 0.0195282 -0.00036354 
225.141 145.398 519.866 40 1.02117 0.0197499 0.0195281 -0.000444153 
209.852 148.489 517.98 40 1.0209 0.0228529 0.0195281 -0.000530696 
195.484 152.066 515.797 40 1.02061 0.0262458 0.019528 -0.000624798 
181.966 156.173 513.291 40 1.02028 0.0299619 0.0195279 -0.000726972 
169.225 160.863 510.429 40 1.01993 0.0340424 0.0195278 -0.000838627 
157.194 166.19 507.178 40 1.01954 0.0385295 0.0195276 -0.000960118 
145.807 172.22 503.498 40 1.01911 0.043479 0.0195275 -0.00109396 
135.006 179.025 499.346 40 1.01863 0.0489404 0.0195273 -0.00124061 
124.73 186.684 494.672 40 1.0181 0.0549788 0.0195271 -0.00140244 
114.927 195.289 489.422 40 1.01752 0.0616591 0.0195269 -0.00158069 
105.541 204.939 483.533 40 1.01688 0.0690585 0.0195267 -0.00177771 
96.522 215.746 476.938 40 1.01617 0.0772595 0.0195265 -0.00199572 
87.8182 227.838 469.559 40 1.01537 0.086353 0.0195262 -0.00223826 
79.3782 241.352 461.312 40 1.0145 0.0964267 0.0195259 -0.00250564 
71.1341 256.444 452.103 40 1.01352 0.107602 0.0195256 -0.00280198 
63.0277 273.284 441.827 40 1.01244 0.120001 0.0195252 -0.00313094 
54.9977 292.064 430.367 40 1.01125 0.133758 0.0195248 -0.00349564 
46.9743 312.998 417.592 40 1.00992 0.149024 0.0195243 -0.00390007 
38.8839 336.321 403.36 40 1.00846 0.165968 0.0195238 -0.004344 
30.6477 362.274 387.523 39.9968 1.00695 0.184774 0.0195249 -0.00572082 
22.1965 390.847 369.89 39.9932 1.0062 0.194651 0.0194694 0.0105493 
1.36832 420.661 351.275 39.9993 0.988106 0.400009 0.0193786 0.0327753 
181.351 483.184 313.079 39.9999 0.940942 0.955274 0.0166755 0.00354654 
920.279 630.525 223.164 39.7217 0.0566592 1.39469 0.018529 0 
920.279 630.525 223.164 39.7217 0.0566592 1.39469 0.018529 0 
915.308 636.977 223.367 39.1031 0.382818 1.26519 -0.188388 -1.02859 
910.433 643.142 224.296 37.9631 0.62655 1.00953 -0.176775 -1.00718 
905.754 648.739 225.77 36.427 0.849529 0.756469 -0.165163 -0.985774 
901.344 653.775 227.743 34.5356 1.04349 0.506012 -0.153551 -0.964366 
897.27 658.254 230.154 32.343 1.20103 0.258157 -0.141939 -0.942958 
893.589 662.184 232.923 29.915 1.31592 0.0129059 -0.130326 -0.92155 
890.346 665.569 235.955 27.327 1.38332 -0.229742 -0.118714 -0.900142 
887.574 668.415 239.145 24.921 1.4 -0.469787 -0.107027 -0.878733 
885.242 670.728 242.381 22.5206 1.39983 -0.707227 -0.0954167 -0.857325 
883.351 672.514 245.626 20.154 1.34408 -0.942063 -0.0838127 -0.835917 
881.898 673.779 248.755 17.9146 1.2219 -1.17429 -0.0722064 -0.814509 
880.861 674.528 251.621 15.9126 1.05676 -1.40392 -0.060598 -0.793101 
880.2 674.767 254.127 14.2173 0.85387 -1.63094 -0.0489879 -0.771692 
879.86 674.502 256.19 12.8878 0.619859 -1.85535 -0.0373763 -0.750284 
879.776 673.74 257.738 11.9714 0.362654 -2.07716 -0.0257634 -0.728876 
879.873 672.484 258.719 11.5014 0.0910108 -2.29636 -0.0141492 -0.707468 
880.069 670.743 259.098 11.4955 -0.186068 -2.51296 -0.00253391 -0.686059 
880.28 668.521 258.863 11.9563 -0.45858 -2.72694 0.00908217 -0.664651 
880.419 665.824 258.021 12.8693 -0.716545 -2.93832 0.0206984 -0.643243 
880.404 662.658 256.604 14.2035 -0.949913 -3.14709 0.0323139 -0.621834 
880.155 659.029 254.665 15.9111 -1.14779 -3.35326 0.0439282 -0.600426 
879.602 654.943 252.28 17.927 -1.27686 -3.55681 0.0555416 -0.579018 
878.686 650.406 249.602 20.1305 -1.35545 -3.75776 0.0671535 -0.557609 
877.369 645.423 246.741 22.4336 -1.36917 -3.9561 0.0787651 -0.536201 
875.63 640.001 243.842 24.7254 -1.35452 -4.15183 0.0903799 -0.514793 
873.47 634.144 240.967 26.9583 -1.27547 -4.34495 0.101993 -0.493384 
870.896 627.859 238.26 29.0243 -0.939753 -4.53547 0.113606 -0.471976 
867.928 621.152 236.29 30.4925 -0.554838 -4.72338 0.125216 -0.450567 
864.672 614.028 235.169 31.2886 -0.237117 -4.90868 0.136827 -0.429158 
861.256 606.493 234.75 31.5358 -0.0174285 -5.09137 0.14844 -0.407749 
857.783 598.553 234.818 31.4074 0.214273 -5.27145 0.160052 -0.38634 
854.323 590.213 235.4 30.8886 0.490231 -5.44893 0.171665 -0.36493 
850.946 581.479 236.596 29.9103 0.892781 -5.62379 0.183272 -0.343519 
847.729 572.358 238.689 28.2654 1.06928 -5.79605 0.194878 -0.322105 
844.806 562.853 241.18 26.3453 1.21341 -5.96569 0.206484 -0.30068 
842.229 552.973 243.997 24.2085 1.31824 -6.13272 0.218091 -0.158447 
840.039 542.721 247.054 21.9246 1.3813 -6.28 0.229698 -0.000586444 
838.266 532.142 250.26 19.566 1.39996 -6.28 0.241335 -0.000185746 
836.926 521.563 253.515 17.2089 1.39988 -6.28 0.252949 -2.99889e-05 
836.019 510.983 256.778 14.8849 1.39988 -6.28 0.264561 5.10198e-05 
835.541 500.403 260.05 12.5934 1.36869 -6.28 0.27616 8.42748e-05 
835.485 489.823 263.26 10.3865 1.20671 -6.28 0.287765 6.58686e-05 
835.961 479.243 266.119 8.48377 1.00255 -6.28 0.299374 4.95987e-05 
836.938 468.662 268.532 6.9521 0.762762 -6.28 0.310986 3.54333e-05 
838.209 458.081 270.418 5.8462 0.49526 -6.28 0.322602 2.28443e-05 
839.696 447.5 271.715 5.20672 0.209091 -6.28 0.334227 1.42331e-05 
841.317 436.918 272.379 5.05842 0.156416 -6.28 0.345898 6.86468e-06 
842.968 426.337 272.926 5.00004 0.12168 -6.28 0.357455 0.000458878 
844.634 415.756 273.397 5.00001 0.038715 -6.20173 0.369 0 
844.634 415.756 273.397 5.00001 0.038715 -6.20173 0.369 0 
853.906 343.507 274.5 5.0642 -1.06991 -6.20463 1.15369 -0.0840978 
863.479 271.212 258.309 17.7371 -0.320655 -6.28 0.152161 0.306544 
856.473 197.754 253.489 20.9204 -0.0458291 -6.01866 -0.165163 0.985776 
845.255 128.376 252.875 20.7374 -0.0449352 -5.17158 -0.153551 0.964367 
834.256 72.2095 252.279 20.5545 -0.0440413 -4.34243 -0.141939 0.942959 
823.478 28.9754 251.703 20.3715 -0.0431474 -3.53122 -0.130327 0.921551 
812.921 -1.60633 251.144 20.1885 -0.0422534 -2.73796 -0.118714 0.900143 
802.584 -19.8155 250.605 20.0055 -0.0413593 -1.96266 -0.107102 0.878735 
792.468 -25.9324 250.083 19.8226 -0.0404654 -1.20533 -0.0954898 0.783721 
782.574 -20.2372 249.58 19.6396 -0.0395719 -0.529437 -0.0838776 -0.835918 
772.901 -4.00023 249.096 19.4566 -0.0386787 -1.24945 -0.0722653 -0.487858 
763.432 1.00643 248.63 19.2737 -0.0377853 -1.66984 -0.0606531 0.111184 
754.172 -0.544024 248.183 19.0907 -0.0368918 -1.57405 -0.0490408 0.00527272 
745.127 -0.600574 247.755 18.9077 -0.0359983 -1.5695 -0.0374286 -0.000535026 
736.297 -0.586438 247.344 18.7247 -0.0351048 -1.56996 -0.0258163 5.05325e-05 
727.683 -0.579668 246.953 18.5418 -0.0342113 -1.56992 -0.0142041 -6.80595e-06 
719.286 -0.572393 246.579 18.3588 -0.0333178 -1.56993 -0.00259184 -6.09069e-05 
711.104 -0.565386 246.225 18.1758 -0.0324243 -1.56998 0.00902041 1.70321e-05 
703.141 -0.559373 245.889 17.9929 -0.0315308 -1.56996 0.0206327 2.30665e-05 
695.395 -0.553308 245.571 17.8099 -0.0306374 -1.56994 0.0322449 -1.40395e-05 
687.867 -0.54711 245.272 17.6269 -0.029744 -1.56995 0.0438571 -9.06217e-05 
680.559 -0.541278 244.991 17.4439 -0.0288503 -1.57003 0.0554694 -0.00179249 
673.47 -0.536842 244.729 17.261 -0.0279564 -1.57158 0.0670816 0.0121746 
666.602 -0.556686 244.485 17.078 -0.0270625 -1.56108 0.0786939 0.400227 
659.954 -0.413018 244.26 16.895 -0.0261694 -1.21603 0.0903061 -0.426102 
653.532 5.11228 244.054 16.712 -0.0252778 -1.58316 0.101918 -0.493388 
647.327 4.9112 243.866 16.5291 -0.0243863 -2.00853 0.113531 -0.47198 
641.34 -1.9246 243.696 16.3462 -0.023492 -2.41571 0.125143 -0.450571 
635.571 -15.1114 243.545 16.1632 -0.0225921 -2.80468 0.136755 0.415191 
630.02 -34.3653 243.412 15.9802 -0.0216889 -2.44751 0.148367 0.407755 
624.698 -48.0485 243.298 15.797 -0.0207946 -2.09652 0.15998 0.386347 
619.606 -56.2575 243.203 15.6139 -0.0199248 -1.76378 0.171592 0.364939 
614.743 -59.2768 243.126 15.4311 -0.0190774 -1.44928 0.183204 0.343531 
610.11 -57.3909 243.067 15.2488 -0.0182081 -1.15304 0.194816 0.322122 
605.706 -50.8846 243.025 15.0667 -0.0172382 -0.875067 0.206429 0.300714 
601.532 -40.0431 243.004 14.8837 -0.0161371 -0.615381 0.218041 0.279306 
597.589 -25.1513 243.004 14.6981 -0.0150542 -0.373989 0.229653 0.257898 
593.88 -6.49465 243.026 14.5106 -0.0143516 -0.150902 0.241265 0.23649 
590.409 15.6413 243.063 14.3258 -0.014316 0.0538674 0.252878 0.215082 
587.173 40.9709 243.105 14.1514 -0.0145318 0.240308 0.26449 0.193673 
584.158 69.2083 243.149 13.9893 -0.013463 0.40841 0.276102 0.172265 
581.349 100.067 243.213 13.823 -0.0093165 0.55816 0.287714 0.150857 
578.75 133.262 243.346 13.6164 -0.00276924 0.689547 0.299327 0.129449 
576.414 168.506 243.587 13.3451 0.000180968 0.802559 0.310939 0.108041 
574.424 205.512 243.88 13.0583 -0.00995755 0.897186 0.322551 0.0866327 
572.806 243.994 244.022 12.9131 -0.0352236 0.973416 0.334163 0.0652245 
571.384 283.664 243.774 13.0744 -0.0544376 1.03124 0.345776 0.0438163 
569.758 324.237 243.222 13.4393 -0.0224106 1.07064 0.357388 0.0224081 
567.65 365.424 243.16 13.3791 0.09 1.09161 0.369 0 
567.65 365.424 243.16 13.3791 0.09 1.09161 0.369 0 
562.209 544.587 249.92 7.90605 0.0755732 0.528067 0.564435 -1.02859 
587.285 685.671 256.298 5 -0.326238 -3.87618 0.923373 -0.489455 
629.254 529.34 235.858 21.8041 -0.0763659 -6.28 -0.165163 0.57811 
577.067 210.759 230.471 21.6212 -0.0754715 -4.7057 -0.153551 0.687035 
525.225 -0.373921 225.166 21.4382 -0.0745764 -1.57911 -0.141939 2.29212e-05 
473.822 -0.379854 219.94 21.2552 -0.0736828 -1.57837 -0.130327 2.19229e-05 
422.701 -0.336814 214.794 21.0723 -0.0727895 -1.5784 -0.118714 1.28712e-05 
371.873 -0.296303 209.729 20.8893 -0.0718972 -1.57839 -0.107102 5.56842e-05 
321.348 -0.25606 204.744 20.7064 -0.0709982 -1.57838 -0.0954898 3.0202e-05 
271.137 -0.216026 199.839 20.5232 -0.0700564 -1.57838 -0.0838776 6.78138e-05 
221.252 -0.176283 195.018 20.3376 -0.069277 -1.57837 -0.0722653 4.0104e-05 
171.718 -0.136848 190.269 20.159 -0.0701633 -1.57836 -0.0606531 1.72188e-05 
122.509 -0.0976221 185.48 20.0699 -0.0680981 -1.57835 -0.0490408 1.16937e-05 
73.1318 -0.0583056 180.84 19.8793 -0.00605936 -1.57835 -0.0374286 7.7716e-06 
24.0738 -0.0192503 180.409 16.5508 0.046238 -1.57834 0.161822 2.60219e-07 
-7.10296 0.00583133 183.871 11.4063 -0.0253065 -1.56146 0.494689 -1.19232e-06 
-8.73671 0.00688685 183.058 11.209 -0.0248756 -1.56146 0.506989 -1.6813e-06 
-9.41348 0.00743254 182.296 11.0397 -0.0266363 -1.56146 0.51794 -1.58454e-06 
-9.2751 0.00731612 181.433 11.0028 -0.0261007 -1.56146 0.52006 -1.74427e-06 
-9.05417 0.007137 180.61 10.9482 -0.0278749 -1.56145 0.523673 -9.63955e-07 
-8.64705 0.00681638 179.673 10.9981 -0.0279591 -1.56145 0.520584 -4.81864e-07 
-8.63622 0.00680314 178.725 11.0395 -0.0273109 -1.56145 0.517895 4.53259e-07 
-8.97871 0.00707468 177.817 11.0374 -0.0273221 -1.56145 0.518048 6.31763e-07 
-9.43285 0.00743025 176.908 11.0364 -0.0271245 -1.56145 0.518011 1.93251e-06 
-10.0046 0.00789468 176.012 11.0258 -0.0279784 -1.56145 0.51903 -2.34991e-06 
-10.6389 0.00840132 175.06 11.0606 -0.0252853 -1.56145 0.516292 -5.07691e-06 
-11.5943 0.00916124 174.286 10.95 -0.0281053 -1.56144 0.523775 -9.26286e-06 
-12.0519 0.00952005 173.334 11.0106 -0.0260239 -1.56144 0.519781 -3.23356e-07 
-12.9691 0.0102485 172.515 10.9495 -0.0256221 -1.56144 0.526053 -5.01106e-06 
-13.667 0.0108042 171.73 10.8759 -0.00107331 -1.56144 0.415963 -3.73887e-06 
-14.1063 0.0111505 173.753 11.0432 0.00311279 -1.56144 0.410314 -3.11011e-07 
-15.1825 0.0120039 176.04 10.9386 0.059465 -1.56145 0.408058 1.66978e-05 
-15.4596 0.0122207 182.143 7.9917 0.0216838 -1.56146 0.597521 -8.10686e-06 
1.08517 -0.000953688 186.015 7.71782 0.0126491 -1.56146 0.615592 1.84146e-05 
19.6478 -0.0157321 189.305 7.97476 0.0113945 -1.56147 0.599286 -5.04075e-06 
37.2671 -0.029761 192.484 8.23169 0.0101398 -1.56147 0.58298 1.99394e-05 
53.928 -0.0430326 195.55 8.48862 0.00888514 -1.56148 0.566673 -2.65678e-06 
69.6151 -0.055524 198.503 8.74555 0.00763047 -1.56148 0.550367 1.68974e-05 
84.3133 -0.0672118 201.343 9.00248 0.00637579 -1.56149 0.534061 2.66809e-06 
98.0073 -0.0781193 204.072 9.25942 0.0051211 -1.56148 0.517755 5.92923e-07 
110.682 -0.087634 206.687 9.51635 0.00386691 -1.56176 0.501449 -0.147618 
122.322 -0.114472 209.19 9.77326 0.0026136 -2.68345 0.485143 0.104617 
132.852 -75.8842 211.581 10.0301 0.00134513 -1.72525 0.468837 0.129449 
142.369 -86.9491 213.858 10.2877 5.3169e-06 -0.671777 0.452531 0.108041 
150.859 -26.8754 216.017 10.5494 -0.000898229 0.304645 0.436224 0.0866327 
158.278 99.1338 218.087 10.791 0.00122726 1.2038 0.419918 0.0652245 
164.716 287.003 220.274 10.8657 -0.00672713 2.02549 0.403612 0.0438163 
171.1 530.357 221.915 11.3648 -0.130712 2.7695 0.387306 -0.0224082 
175.214 823.954 214.02 16.9211 -0.09 2.12688 0.369 0 
175.214 823.954 214.02 16.9211 -0.09 2.12688 0.369 0 
168.029 899.53 212.444 17.4191 0.768646 2.12991 -0.188387 -1.02859 
159.612 975.168 228.403 5 0.00125109 0.970726 0.522823 -1.00718 
172.485 1027.09 229.082 5.52803 -0.981163 -0.165194 1.1088 -0.985775 
184.905 1055.8 209.663 20.7355 -0.0485809 -1.27782 -0.153547 -0.964367 
171.221 1061.78 208.808 20.5527 -0.0476876 -2.36721 -0.141936 -0.942959 
157.783 1045.5 207.977 20.3698 -0.0467674 -3.43329 -0.130324 -0.921551 
144.593 1007.42 207.172 20.1866 -0.045822 -4.47607 -0.118711 -0.900142 
131.653 948.027 206.391 20.0025 -0.0449367 -5.4955 -0.107099 -0.69147 
118.966 867.793 205.635 19.8187 -0.0442604 -6.28 -0.0954864 0.00341449 
106.535 771.523 204.899 19.6384 -0.0437374 -6.28 -0.083874 0.00341454 
94.3696 675.253 204.179 19.4635 -0.04269 -6.28 -0.0722615 0.00341464 
82.4606 578.983 203.486 19.2851 -0.0400835 -6.28 -0.060649 0.00341482 
70.8144 482.712 202.853 19.0795 -0.0366267 -6.28 -0.0490363 0.00341512 
59.4776 386.442 202.297 18.837 -0.0376174 -6.28 -0.0374235 0.0274465 
48.5155 290.17 201.728 18.6318 -0.0500836 -6.25284 -0.0258105 0.728874 
37.8719 194.454 200.912 18.6373 -0.0665384 -5.43314 -0.0141972 0.707467 
27.206 115.494 199.759 18.8875 -0.0460764 -4.63694 -0.00258306 0.686059 
16.0876 52.8092 199.016 18.7756 0.0578012 -3.86429 0.00903515 0.664651 
5.09207 5.91879 200.4 17.0527 0.172991 -3.11519 0.0209931 0.643243 
-3.05965 -25.6612 204.195 13.7571 -0.0117275 -2.38967 0.304037 0.621834 
-5.57057 -42.4148 204.322 13.5178 0.033987 -1.68774 0.290256 0.600422 
-7.69164 -44.8203 205.392 12.6119 -0.00980891 -1.00943 0.357661 0.578994 
-8.25615 -33.3613 205.596 12.447 -0.02218 -0.354779 0.372514 -0.385615 
-8.52644 -8.52042 205.553 12.483 -0.0208428 -0.789484 0.368904 -0.535976 
-8.86517 7.43451 205.535 12.4967 -0.0235793 -1.39444 0.37214 -0.514775 
-9.23578 11.0233 205.461 12.5482 -0.0137175 -1.97593 0.370192 -0.493378 
-9.70726 2.72564 205.588 12.4413 -6.88322e-05 -2.53372 0.388063 -0.471969 
-10.013 -16.9743 205.996 12.1202 0.0470986 -3.06778 0.4372 0.0552893 
-9.80406 -47.5916 207.38 11.0639 0.180967 -3.00654 0.4083 0.429158 
-7.86214 -76.9585 211.534 8.09256 0.0188355 -2.52282 0.637905 0.407753 
-0.808966 -96.4413 212.472 7.8313 -0.0137747 -2.06289 0.664483 0.386346 
6.73136 -106.523 212.751 8.08801 -0.0150435 -1.62677 0.648191 0.364938 
13.8703 -107.689 212.997 8.34497 -0.0163122 -1.21448 0.631888 0.34353 
20.6056 -100.427 213.207 8.60214 -0.0175651 -0.826039 0.615584 0.322122 
26.9351 -85.2245 213.384 8.85925 -0.0187666 -0.461469 0.599279 0.300714 
32.8572 -62.5691 213.528 9.11552 -0.0199312 -0.120789 0.582973 0.279306 
38.3714 -32.9495 213.64 9.37047 -0.0212246 0.195981 0.566668 0.257898 
43.4783 3.14576 213.717 9.6263 -0.0228981 0.488822 0.550362 0.236489 
48.1748 45.2275 213.751 9.88878 -0.0247748 0.757715 0.534056 0.215081 
52.4479 92.8061 213.738 10.1602 -0.0255601 1.00264 0.51775 0.193673 
56.2802 145.392 213.7 10.4224 -0.02355 1.22357 0.501444 0.172265 
59.6843 202.494 213.695 10.6331 -0.0205991 1.4205 0.485139 0.150857 
62.745 263.622 213.744 10.7846 -0.026698 1.5934 0.468833 0.129448 
65.5649 328.284 213.662 11.0254 -0.0531016 1.74226 0.452526 0.10804 
68.0001 395.99 213.033 11.6596 -0.0820111 1.86705 0.43622 0.0866319 
69.3848 466.247 211.793 12.6735 -0.0372125 1.96775 0.419914 0.0652234 
69.0412 538.564 211.434 12.8704 0.153074 2.04434 0.403608 0.0438142 
68.2839 612.447 214.959 10.0965 0.327118 2.0968 0.387302 0.0208178 
72.1442 687.399 222.133 5.00003 -0.0899887 2.12332 0.369 0 
72.1442 687.399 222.133 5.00003 -0.0899887 2.12332 0.369 0 
82.1189 748.414 221.175 6.68594 -1.26188 2.12577 1.15369 -1.02859 
90.2171 809.472 200.809 22.3493 -0.210589 1.18887 -0.169649 -1.00718 
76.5442 855.066 197.399 24.0761 0.00615881 0.270873 -0.165162 -0.985769 
60.3886 885.494 197.524 22.889 0.500034 -0.628183 -0.153549 -0.96436 
45.6336 901.066 205.84 15.613 0.82714 -1.5083 -0.141923 -0.94295 
40.6672 902.089 219.754 5.00009 0.0377 -2.36945 0.475964 -0.921539 
50.4617 888.873 220.906 5.00285 -0.872708 -3.21159 1.05394 -0.900127 
60.5805 861.741 207.015 16.0281 -0.338617 -4.03472 0.244251 -0.87871 
55.4555 821.021 201.657 19.7429 -0.0873783 -4.83884 -0.0949664 -0.857276 
45.1414 767.019 200.351 20.147 -0.0966974 -5.62393 -0.0836415 -0.71538 
34.2418 700.046 198.881 20.6164 -0.0146422 -6.27995 -0.0720594 0.00342075 
22.6363 622.233 198.754 19.9954 0.167874 -6.27995 -0.0603284 0.00342805 
11.7885 544.421 201.659 17.1383 0.278578 -6.27994 -0.00531468 0.00343442 
4.78274 466.605 206.469 13.1572 0.075694 -6.27993 0.493422 0.00343417 
3.27405 388.786 208.032 11.7913 0.484405 -6.27991 0.247011 0.00345763 
3.49034 310.965 216.384 5.61452 0.0632665 -6.27989 0.78719 0.345627 
12.2999 233.138 217.942 5.00273 0.0165786 -5.96736 0.84453 0.68588 
21.9906 160.475 218.744 5.0019 0.0165442 -5.34388 0.844681 0.664534 
31.7172 98.1125 219.546 5.00147 0.0167537 -4.73948 0.836286 0.643134 
41.4787 45.7366 220.351 5.00459 -0.00382407 -4.15422 0.843734 0.621707 
51.2773 3.03065 220.817 5.26062 -0.00513261 -3.58814 0.827503 0.600238 
60.7602 -30.322 221.253 5.51737 -0.00639777 -3.0413 0.811212 0.578588 
69.9252 -54.639 221.663 5.77426 -0.00765349 -2.51387 0.794909 -0.083306 
78.771 -70.2413 222.044 6.03117 -0.00890719 -2.59057 0.778604 -0.468944 
87.2888 -87.1106 222.398 6.28807 -0.0101615 -3.01952 0.7623 0.514562 
95.4729 -111.067 222.725 6.54497 -0.0114158 -2.55055 0.745996 0.493289 
103.334 -127.275 223.024 6.80187 -0.0126691 -2.10069 0.729693 0.471924 
110.872 -136.049 223.295 7.05875 -0.0139217 -1.67005 0.713389 0.450534 
118.084 -137.708 223.539 7.31561 -0.0151768 -1.25865 0.697084 0.429136 
124.971 -132.569 223.756 7.57249 -0.0164389 -0.866532 0.680779 0.407733 
131.53 -120.951 223.945 7.82947 -0.0177062 -0.493695 0.664474 0.386329 
137.76 -103.172 224.106 8.08661 -0.0189635 -0.140159 0.648169 0.364923 
143.66 -79.5524 224.239 8.34375 -0.0201868 0.194062 0.631863 0.343517 
149.229 -50.4099 224.345 8.60049 -0.0213753 0.508954 0.615558 0.32211 
154.467 -16.0642 224.426 8.85641 -0.0225949 0.804504 0.599252 0.300702 
159.372 23.165 224.479 9.112 -0.0239718 1.0807 0.582946 0.279295 
163.945 66.9579 224.502 9.36928 -0.0255552 1.33753 0.566641 0.257887 
168.182 114.994 224.493 9.63065 -0.0270779 1.57497 0.550335 0.236479 
172.076 166.955 224.451 9.89491 -0.0279 1.79302 0.534028 0.21507 
175.622 222.518 224.389 10.153 -0.0275826 1.99167 0.517722 0.193662 
178.827 281.363 224.326 10.3911 -0.0271227 2.17089 0.501416 0.172253 
181.717 343.171 224.263 10.6097 -0.0296349 2.33068 0.48511 0.150844 
184.318 407.618 224.153 10.8483 -0.0381184 2.47103 0.468803 0.129434 
186.604 474.385 223.897 11.1797 -0.0493372 2.59191 0.452497 0.108023 
188.448 543.149 223.447 11.6284 -0.0487054 2.69332 0.43619 0.0866097 
189.685 613.589 222.995 12.0327 -0.0181036 2.77525 0.419883 0.0651915 
190.362 685.384 223.038 12.0206 0.0349412 2.83766 0.403576 0.0437527 
191.04 758.209 223.958 11.355 0.0448281 2.88054 0.387269 0.0208134 
192.627 831.742 225.059 10.6486 -0.0899084 2.90249 0.369 0 
192.627 831.742 225.059 10.6486 -0.0899084 2.90249 0.369 0 
196.676 951.117 223.271 12.388 -0.554776 2.90728 0.545788 -1.02859 
197.158 1070.62 209.001 23.0567 0.139599 1.39456 -0.176775 -1.00718 
173.656 1149.77 212.809 18.6203 0.629171 -0.0882232 -0.165163 -0.985775 
159.554 1189.33 229.873 5.00002 0.0278435 -1.54103 0.649664 -0.964367 
175.784 1190.09 231.47 5.00001 -0.75011 -2.96378 1.0144 -0.942959 
192.485 1152.88 212.303 20.3682 -0.0495249 -4.35643 -0.130326 -0.92155 
174.888 1078.51 211.177 20.1852 -0.0486221 -5.71902 -0.118714 -0.377224 
157.594 967.784 210.084 20.0019 -0.0477398 -6.28 -0.107102 0.00341423 
140.62 842.079 209.021 19.819 -0.046925 -6.28 -0.0954896 0.00341428 
123.98 716.375 207.989 19.6376 -0.0461075 -6.28 -0.0838774 0.00341433 
107.673 590.67 206.986 19.4575 -0.0448835 -6.28 -0.0722651 0.00341441 
91.6966 464.964 206.023 19.2702 -0.0429456 -6.28 -0.0606529 0.00341456 
76.0683 339.259 205.12 19.0624 -0.0421395 -6.28 -0.0490406 0.451295 
60.8356 213.553 204.248 18.8607 -0.0476013 -5.61922 -0.0374284 0.750284 
46.0046 105.484 203.238 18.7913 -0.057594 -4.51662 -0.0258161 0.728877 
31.2967 26.8447 201.964 18.9233 -0.0385172 -3.44442 -0.0142038 0.707469 
16.2511 -23.1754 201.194 18.6312 0.0596189 -2.40266 -0.00259101 0.686061 
1.75865 -45.3898 203.056 16.3834 0.127112 -1.39137 0.089516 0.664651 
-7.84127 -40.6152 206.816 13.0475 -0.00869089 -0.410593 0.339254 -0.465314 
-10.0121 -9.66786 207.094 12.7554 0.0118849 -1.09585 0.350283 -0.396904 
-11.5688 2.98831 207.933 12.0832 0.00191345 -1.68092 0.414752 0.0747825 
-11.6502 0.0270055 208.535 11.6545 0.0793119 -1.57071 0.447429 0.000544835 
-10.8215 0.00670564 211.221 9.69015 0.176143 -1.56991 0.504026 -4.544e-05 
-5.69948 0.00442341 216.576 6.03442 -0.00115274 -1.56999 0.778653 -3.91376e-07 
7.62224 -0.00617031 217.354 6.29135 -0.00240745 -1.56999 0.762347 -6.25586e-07 
20.4368 -0.0163634 218.089 6.54828 -0.00366212 -1.56999 0.746041 3.33528e-07 
32.7417 -0.0261638 218.779 6.80521 -0.00491678 -1.56999 0.729735 2.84214e-07 
44.5347 -0.0355321 219.424 7.06215 -0.00617145 -1.56999 0.713428 -8.0609e-07 
55.8134 -0.0444691 220.025 7.31908 -0.00742614 -1.56999 0.697122 -5.26821e-07 
66.5754 -0.0530162 220.581 7.57601 -0.00868081 -1.56999 0.680816 -2.9466e-07 
76.8183 -0.061161 221.093 7.83294 -0.00993541 -1.56999 0.66451 -1.07808e-06 
86.5397 -0.0688931 221.561 8.08987 -0.0111899 -1.57 0.648204 -2.54137e-05 
95.7373 -0.0762417 221.984 8.3468 -0.0124447 -1.57003 0.631898 0.000228811 
104.409 -0.084164 222.362 8.60373 -0.0137006 -1.5697 0.615592 0.0433843 
112.551 -0.0826483 222.696 8.86069 -0.0149567 -1.50569 0.599286 -0.0914392 
120.165 1.62775 222.986 9.11767 -0.0162068 -1.64053 0.58298 -0.279304 
127.241 -0.260397 223.231 9.37455 -0.0174447 -2.05267 0.566673 -0.0309239 
133.774 -13.1489 223.432 9.63109 -0.0186963 -2.09881 0.550367 0.236489 
139.768 -27.2686 223.588 9.88764 -0.020046 -1.75047 0.534061 0.215081 
145.23 -32.0902 223.698 10.1462 -0.0214899 -1.43335 0.517755 0.193673 
150.152 -28.4467 223.758 10.4083 -0.0225191 -1.14747 0.501449 0.172265 
154.524 -17.1721 223.78 10.6649 -0.0222452 -0.892862 0.485143 0.150857 
158.353 0.898673 223.797 10.8906 -0.0220942 -0.669571 0.468837 0.129449 
161.705 24.9298 223.809 11.0931 -0.0298973 -0.477626 0.452531 0.108041 
164.633 54.0846 223.604 11.4381 -0.0512454 -0.317059 0.436224 0.0866324 
166.827 87.5257 222.815 12.1758 -0.0496952 -0.187905 0.419918 0.0652242 
167.402 124.415 222.035 12.773 0.0733353 -0.0901964 0.403612 0.0438158 
166.596 163.914 224.514 10.7871 0.278475 -0.0239737 0.387306 0.0223731 
170.061 205.177 232.553 5 -0.0899997 0.0106755 0.369 0 
170.061 205.177 232.553 5 -0.0899997 0.0106755 0.369 0 
211.615 325.642 222.831 14.3247 -0.384631 -5.19999 0.715476 -0.396021 
193.745 38.4262 189.058 28.5422 -0.20045 -1.95204 -0.176776 3.52627e-06 
82.0279 14.0401 167.823 27.7356 0.0772259 -1.67753 -0.165163 4.16625e-06 
-18.6231 0.929323 168.261 10.8852 -0.129445 -1.51462 0.919898 2.93508e-07 
-13.3139 0.0107241 154.742 11.0602 -0.127959 -1.50283 0.909779 2.09428e-08 
-11.1999 0.00883613 141.316 11.0934 -0.115264 -1.5028 0.906147 1.84964e-08 
-11.4024 0.00918656 128.872 10.3719 -0.121419 -1.50278 0.952724 -6.34023e-08 
-9.04084 0.00710928 116.04 10.2198 -0.117552 -1.50276 0.962018 9.79407e-08 
-7.73572 0.00612538 103.527 9.88424 -0.118158 -1.50274 0.982995 -2.14426e-07 
-6.28857 0.00492167 91.0086 9.68245 -0.122259 -1.50272 0.997002 -1.9727e-07 
-5.52747 0.00438551 78.197 9.77714 -0.111952 -1.50271 0.990632 7.17145e-07 
-7.36604 0.00571097 66.1744 9.23657 -0.106828 -1.50268 0.974327 -7.44973e-08 
-7.71888 0.00610988 54.6171 8.72271 -0.105446 -1.50266 0.95802 -1.98005e-08 
-6.67408 0.00542353 43.2312 8.44325 -0.101297 -1.50265 0.941714 3.74003e-08 
-5.66839 0.00436851 32.2024 8.11593 -0.0990993 -1.50264 0.925408 -1.91641e-08 
-4.34522 0.00344223 21.3851 7.88035 -0.095318 -1.50263 0.909102 -2.3002e-07 
-3.24521 0.00258005 10.8909 7.59645 -0.0883346 -1.50264 0.892796 -3.59487e-07 
-2.02228 0.00128539 0.974553 7.09944 0.0148737 -1.52895 0.366558 -1.12612e-08 
-0.000782716 7.01674e-08 0.0483633 5.83486 0.0181253 -1.529 0.367528 -1.23109e-08 
-7.73933e-05 1.11935e-07 0.0483308 5.83485 0.0179993 -1.529 0.367487 -1.23309e-08 
-7.92245e-05 1.13584e-07 0.0483254 5.83484 0.0180071 -1.529 0.367442 -1.23357e-08 
-8.02551e-05 1.13007e-07 0.04832 5.83483 0.0180158 -1.529 0.367395 -1.23405e-08 
-8.03356e-05 1.11731e-07 0.0483145 5.83483 0.0180253 -1.529 0.367344 -1.23455e-08 
-7.98956e-05 1.10415e-07 0.048309 5.83482 0.0180358 -1.529 0.367288 -1.23505e-08 
-7.94276e-05 1.09459e-07 0.0483035 5.83481 0.0180476 -1.529 0.367226 -1.23558e-08 
-7.9125e-05 1.08874e-07 0.0482981 5.8348 0.0180607 -1.529 0.367156 -1.23615e-08 
-7.89719e-05 1.08528e-07 0.0482926 5.83478 0.0180754 -1.529 0.367078 -1.23678e-08 
-7.89081e-05 1.08304e-07 0.0482872 5.83477 0.018092 -1.529 0.366988 -1.23749e-08 
-7.88944e-05 1.08137e-07 0.0482818 5.83476 0.0181104 -1.529 0.366885 -1.23827e-08 
-7.89194e-05 1.08002e-07 0.0482763 5.83474 0.018131 -1.529 0.366767 -1.23914e-08 
-7.89983e-05 1.07901e-07 0.0482709 5.83473 0.0181535 -1.529 0.366631 -1.24033e-08 
-7.88912e-05 1.07996e-07 0.0482655 5.83471 0.018175 -1.529 0.366455 -1.26564e-08 
8.92802e-05 1.22947e-07 0.0482996 5.8337 0.0188086 -1.52899 0.367354 -8.63997e-10 
0.0910806 -2.95431e-06 2.65198 7.35752 0.10827 -1.52347 0.247596 3.17973e-07 
1.21214 -0.000817255 18.4705 8.00465 0.121812 -1.51021 0.20643 7.51599e-08 
-0.416164 0.00024001 35.2606 7.6649 0.132617 -1.51522 0.228824 -2.14664e-07 
-1.24022 0.000376485 52.9324 6.78174 0.152332 -1.56045 0.28144 2.09863e-07 
0.789678 -8.10608e-05 72.2457 5 0.130794 -1.51793 0.396135 1.50067e-07 
27.1627 -0.021443 90.1077 5 0.130794 -1.50271 0.396135 -7.76029e-07 
56.5388 -0.0448812 107.97 5 0.130794 -1.50273 0.396135 -2.07325e-07 
88.6953 -0.0709244 125.832 5 0.130794 -1.50275 0.396135 1.96427e-07 
123.632 -0.0984939 143.693 5 0.130794 -1.50278 0.396135 -1.36737e-07 
161.349 -0.128542 161.555 5 0.130794 -1.50144 0.396135 -1.30052e-07 
201.847 -0.055008 179.417 5 0.130794 -1.50415 0.396135 -1.70341e-08 
245.125 -0.191933 197.279 5 0.130794 -1.50382 0.396135 1.97775e-05 
291.183 -0.30331 215.141 5 0.130794 -1.0094 0.396134 8.01378e-05 
340.052 37.9967 233.003 5 0.13079 0.954281 0.396231 0.0357791 
391.823 228.852 250.865 5 0.131907 6.28 0.37702 -0.0223998 
446.702 843.886 268.813 5 -0.09 0.992678 0.369 0 
446.702 843.886 268.813 5 -0.09 0.992678 0.369 0 
456.643 886.14 267.856 6.68287 -1.25969 0.994374 1.15369 -1.02856 
464.714 928.424 247.565 22.2894 -0.2109 0.0585259 -0.146988 -1.00718 
451.134 955.291 244.158 24.0067 0.0518979 -0.858483 -0.165163 -0.985768 
435.074 967.037 245.039 22.2555 0.533111 -1.75659 -0.15355 -0.964353 
421.186 963.97 253.902 14.6463 0.759973 -2.63578 -0.141934 -0.942921 
417.559 946.397 266.708 5.00002 -0.177727 -3.49602 0.508991 -0.921532 
427.4 914.626 264.304 7.68164 -1.00088 -4.33731 1.05581 -0.900143 
433.879 868.984 248.255 20.005 -0.0421986 -5.15963 -0.107091 -0.878701 
423.217 809.794 247.69 19.8221 -0.0413011 -5.96298 -0.0954845 -0.344568 
412.766 737.355 247.145 19.6391 -0.0404072 -6.27997 -0.0838732 0.0034077 
402.535 659.689 246.619 19.4561 -0.0395137 -6.27998 -0.0722613 0.00341165 
392.527 582.022 246.113 19.2732 -0.0386202 -6.27998 -0.0606494 0.00341301 
382.745 504.355 245.626 19.0902 -0.0377267 -6.27998 -0.0490374 0.00341367 
373.188 426.688 245.159 18.9072 -0.0368332 -6.27998 -0.0374254 0.00341387 
363.857 349.02 244.711 18.7243 -0.0359397 -6.27998 -0.0258134 0.259526 
354.753 271.353 244.284 18.5413 -0.035046 -6.04653 -0.0142013 0.707452 
345.879 197.535 243.875 18.3583 -0.0341521 -5.40461 -0.00258916 0.686053 
337.241 134.303 243.486 18.1754 -0.033258 -4.78177 0.00902298 0.664648 
328.841 81.3426 243.117 17.9924 -0.0323641 -4.17804 0.0206351 0.643242 
320.677 38.3382 242.768 17.8094 -0.0314705 -3.59342 0.0322473 0.621835 
312.751 4.97483 242.438 17.6264 -0.0305778 -3.02792 0.0438595 0.600427 
305.064 -19.063 242.127 17.4435 -0.0296851 -2.48157 0.0554717 0.579019 
297.614 -34.0908 241.836 17.2605 -0.0287904 -1.95437 0.0670839 0.557611 
290.404 -40.4246 241.565 17.0776 -0.0278918 -1.44634 0.0786961 0.536203 
283.432 -38.3803 241.313 16.8946 -0.0269917 -0.95748 0.0903083 0.514794 
276.7 -28.2744 241.081 16.7115 -0.0260995 -0.487816 0.101921 -0.492219 
270.209 -10.4232 240.869 16.5284 -0.0252268 -0.935781 0.113533 -0.471975 
263.946 0.0401877 240.676 16.3456 -0.0243683 -1.36559 0.125145 -0.450554 
257.912 3.41528 240.501 16.1632 -0.0234814 -1.77615 0.136757 0.211027 
252.108 0.0193829 240.347 15.9809 -0.0225019 -1.58393 0.14837 0.0159482 
246.542 -0.206653 240.213 15.7974 -0.0214286 -1.5694 0.159982 -0.000543712 
241.214 -0.193287 240.102 15.6117 -0.0204422 -1.5699 0.171594 -0.000130836 
236.127 -0.188283 240.012 15.4251 -0.0198845 -1.57002 0.183206 0.000956267 
231.283 -0.185441 239.936 15.2431 -0.0198832 -1.56914 0.194819 0.0350253 
226.678 -0.168415 239.864 15.0722 -0.0197088 -1.53722 0.206431 -0.0703601 
222.296 0.374963 239.801 14.9091 -0.0176326 -1.60133 0.218043 -0.279244 
218.127 -0.139173 239.776 14.7289 -0.0124848 -1.8559 0.229655 -0.0407839 
214.189 -4.85163 239.84 14.4951 -0.00697598 -1.89326 0.241268 0.236464 
210.561 -10.1805 240.002 14.2088 -0.00950038 -1.67793 0.25288 0.215068 
207.319 -11.9586 240.129 13.9766 -0.0280947 -1.48195 0.264492 0.193664 
204.398 -10.505 239.956 13.9941 -0.0540122 -1.30536 0.276105 0.172257 
201.458 -6.13921 239.355 14.3265 -0.0480832 -1.14817 0.287717 0.15085 
198.059 0.819338 238.843 14.5403 0.0382605 -1.01038 0.29933 0.129441 
194.335 10.0504 239.749 13.6393 0.184931 -0.892021 0.310941 0.108033 
191.784 21.2325 243.098 10.9865 0.216598 -0.793102 0.322553 0.0866229 
192.84 34.0431 247.04 8.21304 -0.138192 -0.713634 0.334166 0.0652107 
197.809 48.1613 245.203 10.1806 -0.890775 -0.653622 0.345779 0.0437883 
200.367 63.271 230.904 21.3707 -1.29273 -0.613078 0.3574 0.0189796 
187.798 79.061 209.68 36.393 0.0899693 -0.595112 0.369 0 
187.798 79.061 209.68 36.393 0.0899693 -0.595112 0.369 0 
178.961 83.4293 210.289 34.9872 0.895572 -0.863689 -0.188388 -1.0285 
170.588 86.5219 214.734 30.8313 1.2381 -1.40227 -0.176775 -1.00707 
163.803 87.0557 220.837 25.5641 1.4 -1.93533 -0.165121 -0.985632 
159.064 85.0568 227.75 20.4101 1.4 -2.46285 -0.153535 -0.964178 
156.349 80.5513 234.701 15.4131 1.4 -2.98484 -0.141929 -0.942689 
155.599 73.5657 241.69 10.5684 1.24622 -3.50126 -0.130324 -0.921105 
156.772 64.1263 247.986 6.4267 0.52951 -4.01206 -0.118709 -0.899135 
159.647 52.2602 250.911 5 0.112867 -4.51704 0.466508 0.826985 
163.131 37.9958 251.867 5 0.112866 -4.05922 0.466511 0.855664 
166.625 25.9058 252.824 5.00001 0.112867 -3.56678 0.46651 0.834661 
170.13 16.1549 253.78 5.00001 0.112867 -3.07964 0.46651 0.81312 
173.646 8.71955 254.737 5.00001 0.112867 -2.5981 0.46651 0.790993 
177.173 3.58335 255.694 5.00001 0.112868 -2.12248 0.46651 0.762291 
180.711 0.712808 256.65 5.00001 0.112868 -1.72112 0.46651 -0.749122 
184.26 0.257386 257.607 5.00001 0.112868 -2.18624 0.46651 -0.728165 
187.816 -2.4873 258.564 5.00001 0.112867 -2.64607 0.46651 -0.706838 
191.379 -7.86324 259.52 5.00001 0.112867 -3.10042 0.46651 -0.68523 
194.95 -15.4 260.477 5.00001 0.112867 -3.54912 0.46651 -0.644857 
198.528 -25.0683 261.434 5.00001 0.112867 -3.71367 0.46651 0.642786 
202.114 -35.5181 262.39 5.00001 0.112867 -3.2767 0.466511 0.62164 
205.711 -43.8931 263.347 5.00001 0.112867 -2.84513 0.466511 0.600313 
209.319 -50.2189 264.303 5.00001 0.112867 -2.41906 0.466511 0.578941 
212.938 -54.5214 265.26 5.00001 0.112868 -1.9985 0.466511 0.557553 
216.568 -56.827 266.217 5.00001 0.112868 -1.58348 0.466511 0.536158 
220.208 -57.1618 267.173 5.00001 0.112868 -1.17398 0.466511 0.514758 
223.858 -55.5521 268.13 5.00001 0.112868 -0.770027 0.466511 0.493356 
227.52 -52.0242 269.087 5.00001 0.112869 -0.37161 0.466511 0.471952 
231.192 -46.6043 270.043 5.00001 0.112869 0.0212669 0.466511 0.450547 
234.874 -39.3189 271 5.00001 0.112869 0.408601 0.466511 0.429141 
238.568 -30.1942 271.957 5.00001 0.112869 0.790391 0.466511 0.407735 
242.271 -19.2566 272.913 5.00001 0.112869 1.16664 0.466511 0.386328 
245.985 -6.53228 273.87 5.00001 0.112869 1.53733 0.466511 0.364921 
249.71 7.95233 274.826 5.00001 0.11287 1.90248 0.466511 0.343514 
253.445 24.1709 275.783 5.00001 0.11287 2.26208 0.466511 0.322106 
257.191 42.0972 276.74 5.00001 0.11287 2.61613 0.46651 0.300698 
260.947 61.7049 277.696 5.00001 0.112869 2.96463 0.466529 0.27929 
264.714 82.9682 278.653 5.00001 0.112882 3.30758 0.466311 0.257882 
268.49 106.223 279.61 5.00001 0.11274 3.64497 0.468765 0.236473 
272.278 131.252 280.566 5.00001 0.114339 3.97681 0.441207 0.215064 
276.075 157.858 281.529 5.00001 0.0963836 4.30309 0.437383 0.193655 
279.885 186.013 282.408 5.06567 0.0758166 4.62381 0.501446 0.172245 
283.681 215.69 283.188 5.19019 0.10376 4.93898 0.485142 0.150833 
287.436 246.865 284.1 5.21332 0.125585 5.24858 0.468836 0.129419 
291.189 279.51 285.115 5.1603 0.136763 5.55262 0.45253 0.107999 
294.973 313.598 286.184 5.07196 0.13393 5.8511 0.436224 0.0865539 
298.802 349.104 287.24 5 0.115573 6.14399 0.419918 0.0450408 
302.671 386.001 288.21 5 0.0825173 6.27998 0.403612 0.00236136 
306.553 423.543 289.022 5.00001 0.0380813 6.27998 0.374596 -0.000322885 
310.447 461.086 289.624 5.07617 -0.0582941 6.06015 0.369 0 
310.447 461.086 289.624 5.07617 -0.0582941 6.06015 0.369 0 
314.01 481.793 287.753 5 -0.800487 4.2682 1.15369 -1.02857 
317.619 497.216 283.694 5 -0.799541 2.30839 1.13739 -1.00714 
321.199 506.859 279.638 5 -0.798667 0.351846 1.12108 -0.985679 
324.751 510.732 275.584 5.00016 -1.4 -1.60142 1.10478 -0.964173 
328.309 508.845 269.757 6.35159 -1.4 -3.5514 1.08847 -0.942505 
331.51 501.208 263.923 7.67918 -1.4 -5.49802 1.07216 -0.0125511 
334.357 487.83 258.084 8.98337 -1.4 -6.27986 1.05586 0.103557 
336.861 472.147 252.238 10.2646 -1.4 -6.27982 1.03955 0.248259 
339.026 456.465 246.386 11.5234 -1.4 -6.27976 1.02324 0.23442 
340.86 440.783 240.528 12.7601 -1.4 -6.2797 1.00694 0.219269 
342.367 425.101 234.664 13.9751 -1.4 -6.27963 0.990633 0.182449 
343.552 409.419 228.794 15.1689 -1.4 -6.27955 0.974327 0.186839 
344.421 393.739 222.919 16.3419 -1.4 -6.27946 0.95802 0.174833 
344.977 378.058 217.038 17.4945 -1.4 -6.27934 0.941714 0.152764 
345.226 362.378 211.152 18.627 -1.4 -6.27919 0.925408 0.148448 
345.173 346.699 205.261 19.7399 -1.4 -6.279 0.909102 0.138878 
344.823 331.021 199.364 20.8336 -1.4 -6.27874 0.892796 0.125428 
344.179 315.343 193.462 21.9083 -1.4 -6.27835 0.87649 0.105102 
343.246 299.667 187.555 22.9645 -1.4 -6.27764 0.860184 0.103035 
342.028 283.994 181.643 24.0026 -1.4 -6.27624 0.843878 0.0909045 
340.531 268.324 175.726 25.0228 -1.4 -6.27756 0.827571 0.0805714 
338.757 252.651 169.804 26.0255 -1.4 -6.27832 0.811265 0.070005 
336.712 236.976 163.878 27.0111 -1.4 -6.27866 0.794959 0.065164 
334.398 221.3 157.947 27.9799 -1.4 -6.27886 0.778653 0.059387 
331.821 205.623 152.011 28.9321 -1.4 -6.27901 0.762347 0.055455 
328.983 189.947 146.071 29.8682 -1.4 -6.27911 0.746041 0.0530671 
325.889 174.27 140.126 30.7885 -1.4 -6.27919 0.729735 0.046164 
322.543 158.593 134.177 31.6931 -1.4 -6.27926 0.713429 0.0795415 
318.948 142.916 128.224 32.5825 -1.4 -6.27931 0.697122 0.0703877 
315.107 127.239 122.266 33.457 -1.4 -6.27935 0.680816 0.0640086 
311.024 111.563 116.305 34.3167 -1.4 -6.27939 0.66451 0.0512936 
306.704 95.8857 110.339 35.1621 -1.4 -6.27941 0.648204 0.0656724 
302.148 80.209 104.369 35.9933 -1.4 -6.27942 0.631898 0.110942 
297.36 64.5325 98.3956 36.8107 -1.4 -6.27942 0.615592 0.0145431 
292.344 48.856 92.4182 37.6145 -1.4 -6.27941 0.599286 0.134279 
287.103 33.1798 86.4369 38.405 -1.4 -6.27935 0.58298 0.111163 
281.64 17.5039 80.4519 39.1824 -1.4 -5.61077 0.566673 0.254591 
275.959 3.79979 74.4632 39.9469 -1.08847 -3.77767 0.550367 0.234128 
270.048 -4.49834 69.3896 40 -1.06433 -1.94738 0.534061 0.212941 
264.097 -7.39896 64.387 40 -1.06338 -0.120276 0.517755 0.191409 
258.121 -4.91144 59.3871 40 -1.06243 1.70351 0.501449 0.169471 
252.12 2.95443 54.3901 40 -1.06149 3.52381 0.485143 0.146453 
246.093 16.1884 49.3958 40 -1.06054 5.34011 0.468837 0.00418467 
240.041 34.7786 44.4043 40 -1.05959 6.27889 0.452531 1.31204e-05 
233.962 56.1372 39.4156 40 -1.05865 6.27889 0.436224 -4.82596e-07 
227.853 77.4959 34.4298 40 -1.0577 6.27889 0.419918 -2.28259e-07 
221.715 98.8545 29.4467 40 -1.05675 6.27889 0.403612 -9.18343e-08 
215.547 120.213 24.4663 40 -1.05581 6.27888 0.387306 0.010906 
209.35 141.572 19.4888 40 -0.334078 5.05618 0.369 0 
683.5 456.99 547.94 40 1.02289 0 0.019529 0 
683.5 456.99 547.94 40 1.02289 5.46814e-09 0.0198156 -0.0852984 
683.5 456.99 547.94 39.9975 1.07372 -0.567076 0.018615 0.29747 
332.732 405.429 579.315 39.7988 0.920298 1.27152 0.0199032 -0.180929 
1142.52 506.311 510.758 39.8042 1.00041 0.349296 0.0195784 -0.0481015 
1330.99 526.071 491.89 39.8046 1.02288 0.0910039 0.0194806 -0.00889795 
1345.68 523.058 486.933 39.8048 1.02802 0.0318726 0.0194341 0.00744183 
1320.12 514.835 485.162 39.8049 1.02493 0.067304 0.0195239 -0.0212432 
1315.16 509.749 481.479 39.8051 1.03771 -0.0795063 0.0193859 0.0262286 
1216.65 491.716 485.706 39.8052 1.02605 0.0543342 0.0194543 0.000507379 
1204.07 485.5 482.725 39.8054 1.0265 0.0490625 0.0194562 0.000134194 
1186.02 478.828 480.027 39.8055 1.02728 0.0400737 0.0194592 -0.000428773 
1160.4 471.374 477.813 39.8058 1.02856 0.025222 0.0194453 0.00437592 
1123.96 462.619 476.4 39.8059 1.02737 0.0387967 0.0194534 0.00142087 
1094.86 455.073 474.255 39.8061 1.02761 0.0359775 0.0194496 0.00269607 
1062.43 447.289 472.262 39.8063 1.02717 0.0409871 0.0194497 0.00252179 
1031.61 439.96 469.999 39.8066 1.02671 0.0460571 0.019451 0.0019561 
1002.26 433.093 467.463 39.8069 1.02648 0.0486029 0.019451 0.00191914 
972.591 426.468 464.79 39.8072 1.02621 0.0515412 0.0194505 0.00199109 
942.761 420.119 461.959 39.8075 1.02584 0.0556921 0.01945 0.00204307 
913.397 414.156 458.905 39.8079 1.02534 0.0612139 0.0194492 0.00210936 
885.181 408.699 455.553 39.8083 1.02469 0.0685304 0.0194503 0.00156055 
859.004 403.91 451.807 39.8087 1.0242 0.0739821 0.0194499 0.00152925 
833.419 399.624 447.768 39.8091 1.02361 0.0805678 0.0194505 0.00115856 
808.91 395.943 443.374 39.8095 1.02309 0.0863037 0.0194513 0.000733295 
784.687 392.793 438.672 39.81 1.0227 0.0906275 0.0194482 0.00159472 
759.649 390.05 433.737 39.8105 1.02171 0.101759 0.0194494 0.000879847 
737.834 388.318 428.202 39.811 1.0209 0.110843 0.0194507 0.000190024 
717.53 387.416 422.178 39.8115 1.02029 0.11756 0.0194505 6.47752e-05 
696.91 387.136 415.793 39.812 1.01961 0.125102 0.0194506 -0.000179224 
676.216 387.553 409.002 39.8126 1.01891 0.132879 0.0194503 -0.000296311 
655.293 388.689 401.792 39.8132 1.01811 0.141793 0.0194501 -0.000502385 
634.532 390.644 394.102 39.8138 1.01724 0.151523 0.0194499 -0.000724065 
614.083 393.491 385.889 39.8144 1.01629 0.162163 0.0194495 -0.000905069 
594.119 397.311 377.103 39.815 1.01522 0.174199 0.0194489 -0.00108619 
575.08 402.228 367.669 39.8156 1.01399 0.187966 0.0194498 -0.00181214 
557.555 408.395 357.494 39.8162 1.0129 0.200251 0.0194522 -0.0029033 
540.077 415.679 346.658 39.8168 1.01218 0.208274 0.019456 -0.00429807 
519.519 423.704 335.389 39.8174 1.01209 0.208999 0.0194609 -0.00577849 
491.047 431.825 324.082 39.8179 1.01284 0.200118 0.0194655 -0.00680163 
448.69 439.193 313.253 39.8184 1.01437 0.182381 0.0194669 -0.00654003 
387.324 445.027 303.38 39.819 1.0161 0.162219 0.0194611 -0.00397073 
306.159 449.113 294.591 39.8196 1.01675 0.1544 0.019446 0.000987768 
213.635 452.544 286.224 39.8204 1.01469 0.177752 0.0194225 0.00742437 
129.345 458.078 276.6 39.8213 1.0084 0.249539 0.019396 0.0130421 
82.3174 469.998 263.112 39.8224 0.997364 0.375867 0.019374 0.0153773 
103.419 493.127 242.822 39.8236 0.982339 0.547919 0.0193593 0.0134626 
215.886 531.504 213.269 39.8249 0.964627 0.748339 0.0193792 0.00833563 
430.391 587.854 172.792 39.8588 0.94902 0.96312 0.0142991 -0.000102074 
747.709 660.55 123.521 39.2611 0.0579167 1.1645 0.018529 0 
747.709 660.55 123.521 39.2611 0.0579167 1.1645 0.018529 0 
742.027 667.84 123.771 38.5122 0.450246 1.00989 -0.188388 -1.02859 
736.487 674.71 125.092 36.9893 0.737923 0.700564 -0.176775 -1.00718 
731.271 680.737 127.202 34.8965 0.99014 0.394422 -0.165163 -0.985775 
726.507 685.931 130.008 32.3173 1.19232 0.091465 -0.153551 -0.964366 
722.31 690.301 133.375 29.3639 1.33209 -0.208306 -0.141939 -0.942958 
718.767 693.854 137.135 26.4819 1.4 -0.504891 -0.13025 -0.92155 
715.868 696.6 141.093 23.509 1.39999 -0.798288 -0.118616 -0.900142 
713.639 698.547 145.064 20.5874 1.39999 -1.0885 -0.107018 -0.878734 
712.067 699.703 149.047 17.7163 1.39999 -1.37552 -0.0954161 -0.857325 
711.143 700.079 153.043 14.8947 1.39999 -1.65935 -0.0838122 -0.835917 
710.855 699.681 157.051 12.1217 1.39999 -1.94 -0.0722069 -0.814509 
711.192 698.519 161.071 9.39651 1.26341 -2.21745 -0.0606227 -0.793101 
712.153 696.602 164.732 7.00097 0.849929 -2.49172 -0.0490121 -0.771692 
713.678 693.939 167.277 5.50248 0.380742 -2.76279 -0.0373849 -0.750284 
715.568 690.537 168.553 5.00044 0.113663 -3.03067 0.463594 -0.728876 
717.589 686.406 169.104 5.00002 0.113363 -3.29536 0.464568 -0.707468 
719.612 681.556 169.655 5.00011 0.113446 -3.55686 0.464282 -0.686059 
721.638 675.993 170.205 5.00006 0.113416 -3.81516 0.464368 -0.664651 
723.666 669.728 170.756 5.00007 0.113419 -4.07028 0.464358 -0.643242 
725.696 662.769 171.306 5.00007 0.113419 -4.3222 0.464359 -0.621834 
727.729 655.124 171.857 5.00007 0.113419 -4.57093 0.464359 -0.600425 
729.765 646.802 172.408 5.00007 0.113419 -4.81647 0.464359 -0.579017 
731.803 637.812 172.958 5.00007 0.113418 -5.05881 0.46436 -0.557608 
733.843 628.163 173.509 5.00007 0.113418 -5.29797 0.46436 -0.536199 
735.886 617.863 174.059 5.00007 0.113418 -5.53392 0.46436 -0.514789 
737.931 606.921 174.61 5.00007 0.113418 -5.76669 0.46436 -0.493377 
739.979 595.346 175.16 5.00007 0.113418 -5.99625 0.46436 -0.471958 
742.03 583.146 175.711 5.00007 0.113418 -6.22262 0.46436 -0.0647316 
744.083 570.33 176.261 5.00007 0.113418 -6.28 0.464361 0.00050574 
746.138 557.358 176.812 5.00007 0.113418 -6.28 0.464361 0.000463255 
748.197 544.386 177.362 5.00007 0.113418 -6.28 0.464361 0.000421731 
750.259 531.414 177.913 5.00007 0.113418 -6.28 0.464357 0.000381357 
752.324 518.442 178.464 5.00007 0.113416 -6.28 0.464385 0.000342274 
754.392 505.47 179.014 5.00007 0.113426 -6.28 0.464216 0.000304627 
756.462 492.498 179.565 5.00007 0.113367 -6.28 0.465235 0.000268556 
758.536 479.526 180.115 5.00007 0.113722 -6.28 0.459111 0.000234206 
760.613 466.554 180.666 5.00007 0.111587 -6.28 0.495912 0.000201713 
762.693 453.582 181.212 5.00007 0.124415 -6.28 0.274643 0.000171241 
764.775 440.61 181.792 5.00009 0.0472777 -6.28 0.533413 0.000142785 
766.864 427.638 182.163 5.12871 0.0755553 -6.28 0.517687 0.000116726 
768.926 414.666 182.61 5.19841 0.100674 -6.28 0.501422 9.30299e-05 
770.974 401.695 183.125 5.21682 0.120903 -6.28 0.485128 7.1812e-05 
773.02 388.723 183.695 5.19499 0.134922 -6.28 0.468828 5.31772e-05 
775.072 375.751 184.303 5.14648 0.141709 -6.28 0.452524 3.72206e-05 
777.139 362.779 184.93 5.08674 0.1406 -6.28 0.436219 2.40247e-05 
779.221 349.807 185.554 5.03231 0.131329 -6.28 0.419914 1.36586e-05 
781.32 336.835 186.153 5 0.114058 -6.28 0.403605 6.17928e-06 
783.429 323.863 186.706 5.00008 0.08938 -6.28 0.372277 0.000421451 
785.543 310.891 187.191 5.03214 -0.0289815 -6.19108 0.369 0 
785.543 310.891 187.191 5.03214 -0.0289815 -6.19108 0.369 0 
794.4 241.898 187.235 5.85932 -1.08434 -6.19384 1.12904 0.836899 
802.584 172.865 171.505 18.0916 -0.309475 -5.50601 0.168867 0.765583 
795.441 114.111 167.049 20.966 0.0407626 -4.87663 -0.116604 0.703825 
784.631 64.7564 167.753 19.771 0.154816 -4.29785 -0.0971977 0.645416 
775.243 24.0408 170.188 17.384 0.141128 -3.76691 -0.0276152 0.58863 
768.794 -8.75106 172.476 15.3389 -0.0547373 -3.28252 0.148538 0.53298 
764.924 -34.3136 171.889 15.6012 -0.143609 -2.84375 0.200417 0.478526 
760.755 -53.3258 169.969 16.8132 -0.0781403 -2.44965 0.114146 0.425632 
755.063 -66.4535 168.998 17.2206 -0.0347791 -2.09896 0.0767228 0.374831 
748.846 -74.3456 168.664 17.1206 -0.018013 -1.78998 0.0760478 0.326718 
742.738 -77.6252 168.582 16.8402 -0.0171996 -1.52052 0.0910389 0.281855 
736.965 -76.8824 168.52 16.5681 -0.0226171 -1.28792 0.10895 0.240694 
731.521 -72.6674 168.383 16.3721 -0.0264926 -1.08914 0.122988 0.203526 
726.31 -65.4852 168.193 16.23 -0.0267118 -0.920909 0.132855 0.170466 
721.266 -55.7917 168.003 16.0977 -0.0250246 -0.779859 0.14127 0.141459 
716.376 -43.9927 167.841 15.9535 -0.0233165 -0.66266 0.150133 0.116321 
711.654 -30.4441 167.709 15.7982 -0.0222615 -0.566134 0.159778 0.0947702 
707.114 -15.4548 167.595 15.6396 -0.0216898 -0.487333 0.169787 0.0764757 
702.762 0.710782 167.495 15.4834 -0.0212395 -0.423581 0.179736 0.0610834 
698.594 17.8279 167.404 15.3306 -0.0207103 -0.372492 0.189467 0.0482423 
694.607 35.7076 167.325 15.1804 -0.0200902 -0.331968 0.199016 0.0376186 
690.797 54.1921 167.26 15.0314 -0.0194436 -0.300186 0.20846 0.0289049 
687.164 73.151 167.207 14.8833 -0.018821 -0.275575 0.21784 0.0218238 
683.707 92.477 167.167 14.7364 -0.0182357 -0.256792 0.22715 0.0161285 
680.424 112.083 167.139 14.591 -0.0176784 -0.242698 0.23637 0.0116016 
677.314 131.9 167.123 14.4473 -0.017138 -0.232331 0.245478 0.00805312 
674.376 151.871 167.119 14.3055 -0.0166144 -0.224886 0.254464 0.00531781 
671.607 171.953 167.126 14.1656 -0.0161219 -0.219693 0.263318 0.00325257 
669.005 192.113 167.143 14.0279 -0.0156818 -0.216201 0.272029 0.00173387 
666.569 212.325 167.171 13.8928 -0.0153019 -0.213961 0.280586 0.000655521 
664.295 232.57 167.207 13.7609 -0.0149494 -0.212608 0.288975 -7.33856e-05 
662.179 252.835 167.252 13.6324 -0.0145498 -0.211857 0.297176 -0.000530271 
660.219 273.111 167.306 13.5063 -0.0140541 -0.211482 0.305166 -0.000780601 
658.411 293.392 167.37 13.3817 -0.0135722 -0.211314 0.312914 -0.000879235 
656.754 313.676 167.444 13.2586 -0.0134516 -0.211226 0.320385 -0.00087159 
655.246 333.962 167.523 13.1412 -0.0140828 -0.211133 0.327555 -0.000794676 
653.881 354.248 167.596 13.0376 -0.0153223 -0.210976 0.334408 -0.000678006 
652.643 374.537 167.652 12.9537 -0.0159031 -0.210722 0.340927 -0.000544437 
651.506 394.829 167.702 12.8803 -0.0138052 -0.210358 0.347054 -0.000410933 
650.459 415.127 167.785 12.7861 -0.00847094 -0.209884 0.352668 -0.000289296 
649.525 435.432 167.95 12.6368 -0.00403103 -0.209309 0.357627 -0.00018686 
648.773 455.745 168.185 12.4483 -0.00972427 -0.20865 0.361872 -0.000107176 
648.256 476.068 168.339 12.3401 -0.0325052 -0.207924 0.365487 -5.06796e-05 
647.879 496.401 168.155 12.4987 -0.0621351 -0.20715 0.368581 -1.53623e-05 
647.316 516.747 167.526 12.9764 -0.0619126 -0.206347 0.371026 2.55701e-06 
646.163 537.104 166.888 13.4035 0.0113129 -0.205528 0.372457 7.95302e-06 
644.458 557.475 167.334 12.9564 0.146836 -0.204706 0.372642 6.17092e-06 
643.261 577.857 169.813 11.0134 0.217158 -0.203888 0.371741 2.9342e-06 
644.441 598.25 173.388 8.4614 0.00945884 -0.203074 0.369 0 
644.441 598.25 173.388 8.4614 0.00945884 -0.203074 0.369 0 
650.651 624.566 174.079 8.53495 -0.727119 -0.20202 0.870242 -0.323607 
657.058 650.901 160.585 18.9637 0.0079878 -0.545362 -0.0193174 -0.26393 
646.565 670.639 160.924 18.071 0.0703927 -0.825477 0.00070393 -0.211547 
637.434 684.982 162.492 16.3592 0.0261291 -1.05006 0.101262 -0.166665 
631.019 694.998 163.261 15.4251 -0.040192 -1.22704 0.180692 -0.12894 
626.098 701.605 162.781 15.5122 -0.046961 -1.36401 0.182065 -0.0976728 
621.023 705.575 162.168 15.6864 -0.0337305 -1.4678 0.169151 -0.0720039 
615.65 707.547 161.805 15.656 -0.0261591 -1.54436 0.168961 -0.0510533 
610.306 708.045 161.588 15.5185 -0.0248679 -1.59867 0.177006 -0.0340048 
605.164 707.496 161.401 15.3726 -0.025534 -1.63489 0.186414 -0.0201451 
600.24 706.251 161.205 15.2468 -0.025747 -1.65638 0.194623 -0.00887371 
595.502 704.591 161.009 15.1328 -0.0253059 -1.66589 0.201921 0.000301628 
590.932 702.748 160.825 15.0206 -0.024666 -1.66564 0.209027 0.00777785 
586.528 700.909 160.657 14.9069 -0.0240847 -1.65744 0.216211 0.0138708 
582.292 699.228 160.503 14.793 -0.0235809 -1.64274 0.223434 0.0188293 
578.227 697.831 160.363 14.6798 -0.0231064 -1.62276 0.230617 0.022848 
574.331 696.817 160.235 14.5677 -0.0226349 -1.59848 0.237727 0.0260781 
570.603 696.272 160.12 14.4568 -0.0221653 -1.57075 0.244764 0.0286364 
567.042 696.26 160.017 14.3469 -0.0217037 -1.54027 0.251733 0.0306128 
563.647 696.834 159.927 14.2381 -0.021254 -1.50767 0.258631 0.0320766 
560.416 698.037 159.848 14.1305 -0.0208174 -1.47348 0.265453 0.0330815 
557.349 699.897 159.782 14.0243 -0.0203945 -1.43819 0.272192 0.0336694 
554.444 702.437 159.726 13.9194 -0.0199861 -1.40226 0.27884 0.0338743 
551.698 705.669 159.682 13.8161 -0.0195938 -1.36608 0.285392 0.0337246 
549.111 709.597 159.649 13.7144 -0.0192192 -1.33003 0.291837 0.0332455 
546.68 714.219 159.626 13.6145 -0.0188641 -1.29446 0.298168 0.0324609 
544.402 719.526 159.613 13.5166 -0.0185305 -1.2597 0.304375 0.0313946 
542.276 725.503 159.609 13.4207 -0.0182206 -1.22604 0.310445 0.0300714 
540.297 732.127 159.614 13.3273 -0.0179367 -1.19377 0.316367 0.028518 
538.464 739.372 159.628 13.2363 -0.0176815 -1.16313 0.322127 0.0267637 
536.771 747.208 159.649 13.1481 -0.0174581 -1.13433 0.327708 0.02484 
535.216 755.597 159.677 13.063 -0.0172701 -1.10756 0.333095 0.0227813 
533.794 764.502 159.712 12.9812 -0.0171214 -1.08295 0.338269 0.0206244 
532.499 773.881 159.752 12.9031 -0.0170147 -1.06063 0.343208 0.0184083 
531.327 783.69 159.796 12.8291 -0.0169507 -1.04064 0.347889 0.0161732 
530.271 793.883 159.844 12.7594 -0.016932 -1.02302 0.352289 0.0139602 
529.324 804.416 159.895 12.6945 -0.0169711 -1.00774 0.356378 0.0118101 
528.48 815.242 159.946 12.6348 -0.0170952 -0.994736 0.360129 0.00976221 
527.731 826.319 159.998 12.5812 -0.0173196 -0.983902 0.363511 0.00785351 
527.066 837.605 160.046 12.5347 -0.0175865 -0.975092 0.366492 0.00611696 
526.475 849.06 160.091 12.4955 -0.0177432 -0.968122 0.36904 0.00458027 
525.946 860.649 160.134 12.4613 -0.0177277 -0.962783 0.371114 0.00326452 
525.472 872.341 160.178 12.4294 -0.0179823 -0.95884 0.372678 0.00218272 
525.049 884.109 160.219 12.4039 -0.0195492 -0.956045 0.373705 0.00133847 
524.668 895.931 160.23 12.4037 -0.022776 -0.954147 0.374178 0.000724761 
524.288 907.789 160.178 12.4504 -0.0246063 -0.9529 0.374074 0.00032274 
523.835 919.672 160.091 12.5182 -0.0181791 -0.95208 0.373352 0.000100715 
523.272 931.57 160.125 12.4839 -0.00161958 -0.951496 0.371988 1.31893e-05 
522.757 943.479 160.478 12.2124 0.00438414 -0.951006 0.369 0 
522.757 943.479 160.478 12.2124 0.00438414 -0.951006 0.369 0 
524.093 982.025 162.023 11.1685 -0.164576 -0.949464 0.472941 -0.292614 
531.041 1020.66 153.151 18.2676 0.0298007 -1.95512 -0.00183116 -0.123256 
501.166 996.703 155.674 14.5815 -0.0180142 -2.38035 0.235439 -0.0333118 
490.037 946.247 155.588 14.0045 -0.0299852 -2.49704 0.273488 0.00714197 
481.787 888.523 154.814 14.1242 -0.0275913 -2.47477 0.265719 0.0235343 
472.841 832.185 154.177 14.1032 -0.0270186 -2.39602 0.267009 0.0288507 
463.923 780.752 153.578 14.0601 -0.0268368 -2.29877 0.269748 0.0291272 
455.149 735.375 152.995 14.0184 -0.026627 -2.20033 0.2724 0.0271794 
446.516 696.128 152.429 13.9763 -0.0264022 -2.10835 0.275069 0.0243446 
438.027 662.608 151.881 13.9333 -0.0261726 -2.02589 0.277796 0.0212733 
429.687 634.224 151.351 13.8894 -0.0259381 -1.9538 0.280583 0.0182849 
421.504 610.329 150.841 13.8446 -0.0256988 -1.89182 0.28343 0.0155253 
413.483 590.293 150.35 13.7988 -0.0254546 -1.83918 0.286339 0.0130509 
405.632 573.535 149.878 13.752 -0.0252058 -1.79493 0.289309 0.0108758 
397.958 559.532 149.427 13.7042 -0.0249526 -1.75806 0.29234 0.00899002 
390.467 547.826 148.997 13.6555 -0.0246952 -1.72758 0.295431 0.00737449 
383.167 538.018 148.587 13.6059 -0.0244341 -1.70259 0.298581 0.00600701 
376.064 529.765 148.198 13.5554 -0.0241695 -1.68224 0.301788 0.00486719 
369.165 522.78 147.831 13.504 -0.023902 -1.66577 0.305048 0.00393902 
362.477 516.82 147.486 13.4519 -0.0236322 -1.65245 0.308358 0.0032118 
356.007 511.689 147.163 13.399 -0.0233605 -1.6416 0.311714 0.00268007 
349.761 507.234 146.862 13.3455 -0.0230877 -1.63255 0.31511 0.00234522 
343.744 503.342 146.583 13.2914 -0.0228146 -1.62463 0.318541 0.00221243 
337.962 499.943 146.327 13.2369 -0.0225421 -1.61716 0.321999 0.00228974 
332.42 497.01 146.093 13.1821 -0.022271 -1.60939 0.325476 0.00258561 
327.122 494.56 145.882 13.1272 -0.0220024 -1.60059 0.328964 0.00310552 
322.073 492.657 145.692 13.0722 -0.0217375 -1.58998 0.332452 0.00384819 
317.274 491.416 145.525 13.0174 -0.0214776 -1.57678 0.335929 0.00480204 
312.728 490.996 145.379 12.963 -0.0212242 -1.56027 0.339383 0.00594205 
308.436 491.604 145.255 12.9091 -0.0209787 -1.53979 0.342798 0.00722593 
304.398 493.487 145.151 12.8561 -0.0207429 -1.51484 0.346162 0.00859314 
300.612 496.923 145.067 12.8042 -0.0205186 -1.48512 0.349455 0.00996626 
297.076 502.21 145.003 12.7537 -0.0203079 -1.45061 0.352659 0.0112549 
293.786 509.646 144.956 12.7049 -0.0201129 -1.41157 0.355755 0.0123596 
290.735 519.513 144.927 12.6581 -0.0199361 -1.36863 0.358719 0.0131831 
287.916 532.054 144.913 12.6138 -0.01978 -1.32275 0.361528 0.0136369 
285.318 547.452 144.913 12.5724 -0.0196472 -1.27519 0.364154 0.0136576 
282.929 565.812 144.926 12.5343 -0.0195405 -1.22744 0.366571 0.0132075 
280.734 587.144 144.949 12.4999 -0.0194629 -1.18113 0.368747 0.0122948 
278.716 611.361 144.981 12.4698 -0.0194173 -1.13784 0.37065 0.0109643 
276.854 638.274 145.018 12.4446 -0.0194059 -1.09902 0.372249 0.00930551 
275.124 667.604 145.058 12.4246 -0.0194317 -1.06581 0.373507 0.00744498 
273.501 699.002 145.099 12.4106 -0.0195166 -1.03892 0.37439 0.00553411 
271.954 732.074 145.136 12.4038 -0.0196888 -1.01855 0.374865 0.00373633 
270.447 766.415 145.163 12.4066 -0.0194319 -1.00431 0.374897 0.00220418 
268.93 801.642 145.206 12.396 -0.017223 -0.995314 0.374447 0.00105561 
267.469 837.43 145.387 12.2863 -0.0255996 -0.990246 0.373484 0.000346659 
266.588 873.533 145.058 12.6207 -0.107045 -0.987605 0.372028 4.43064e-05 
264.099 909.802 139.623 16.6821 0.00119025 -0.985991 0.369 0 
264.099 909.802 139.623 16.6821 0.00119025 -0.985991 0.369 0 
264.092 909.814 139.623 16.6812 0.00203454 -0.98599 0.46767 0.0015731 
264.085 909.827 139.624 16.6801 0.00319257 -0.985988 0.465965 0.00147695 
264.077 909.839 139.624 16.6791 0.00434495 -0.985986 0.464245 0.0013848 
264.07 909.852 139.624 16.678 0.00549161 -0.985984 0.462511 0.00129655 
264.063 909.864 139.625 16.6769 0.00663251 -0.985982 0.460762 0.00121214 
264.056 909.877 139.625 16.6758 0.00776759 -0.98598 0.458999 0.00113147 
264.049 909.889 139.626 16.6747 0.00889682 -0.985978 0.457221 0.00105445 
264.042 909.902 139.626 16.6736 0.0100201 -0.985976 0.455428 0.000981013 
264.034 909.914 139.627 16.6724 0.0111375 -0.985975 0.453621 0.000911062 
264.027 909.926 139.627 16.6713 0.0122488 -0.985973 0.451799 0.000844516 
264.02 909.939 139.628 16.6701 0.0133541 -0.985972 0.449963 0.00078129 
264.013 909.951 139.628 16.6689 0.0144533 -0.98597 0.448113 0.000721298 
264.006 909.964 139.629 16.6677 0.0155463 -0.985969 0.446248 0.000664457 
263.999 909.976 139.629 16.6665 0.0166331 -0.985967 0.444369 0.000610682 
263.992 909.989 139.63 16.6652 0.0177137 -0.985966 0.442475 0.000559887 
263.984 910.001 139.631 16.664 0.0187879 -0.985965 0.440567 0.000511989 
263.977 910.014 139.631 16.6627 0.0198558 -0.985964 0.438645 0.000466902 
263.97 910.026 139.632 16.6614 0.0209173 -0.985963 0.436709 0.000424541 
263.963 910.038 139.633 16.6601 0.0219724 -0.985962 0.434758 0.000384821 
263.956 910.051 139.634 16.6588 0.0230209 -0.985961 0.432793 0.000347659 
263.949 910.063 139.634 16.6574 0.0240629 -0.98596 0.430815 0.000312968 
263.942 910.076 139.635 16.6561 0.0250984 -0.985959 0.428822 0.000280664 
263.934 910.088 139.636 16.6547 0.0261271 -0.985958 0.426815 0.000250662 
263.927 910.101 139.637 16.6533 0.0271492 -0.985958 0.424795 0.000222878 
263.92 910.113 139.638 16.6519 0.0281646 -0.985957 0.42276 0.000197225 
263.913 910.126 139.639 16.6505 0.0291732 -0.985956 0.420712 0.00017362 
263.906 910.138 139.639 16.6491 0.0301749 -0.985955 0.41865 0.000151977 
263.899 910.151 139.64 16.6477 0.0311698 -0.985955 0.416575 0.000132211 
263.892 910.163 139.641 16.6462 0.0321578 -0.985954 0.414486 0.000114237 
263.885 910.175 139.642 16.6447 0.0331388 -0.985953 0.412383 9.79697e-05 
263.877 910.188 139.643 16.6433 0.0341128 -0.985953 0.410267 8.33249e-05 
263.87 910.2 139.644 16.6418 0.0350797 -0.985952 0.408138 7.0217e-05 
263.863 910.213 139.645 16.6403 0.0360395 -0.985952 0.405996 5.8561e-05 
263.856 910.225 139.646 16.6387 0.0369922 -0.985951 0.403841 4.82716e-05 
263.849 910.238 139.647 16.6372 0.0379377 -0.985951 0.401672 3.92639e-05 
263.842 910.25 139.649 16.6357 0.038876 -0.98595 0.399491 3.14525e-05 
263.835 910.263 139.65 16.6341 0.039807 -0.985949 0.397296 2.47524e-05 
263.828 910.275 139.651 16.6325 0.0407306 -0.985949 0.395089 1.90784e-05 
263.82 910.287 139.652 16.631 0.0416469 -0.985948 0.39287 1.43452e-05 
263.813 910.3 139.653 16.6294 0.0425558 -0.985948 0.390637 1.04676e-05 
263.806 910.312 139.654 16.6277 0.0434573 -0.985947 0.388393 7.36041e-06 
263.799 910.325 139.656 16.6261 0.0443513 -0.985947 0.386136 4.93829e-06 
263.792 910.337 139.657 16.6245 0.0452377 -0.985946 0.383866 3.11598e-06 
263.785 910.35 139.658 16.6228 0.0461165 -0.985946 0.381585 1.80818e-06 
263.778 910.362 139.659 16.6212 0.0469878 -0.985945 0.379292 9.2957e-07 
263.771 910.375 139.661 16.6195 0.0478514 -0.985945 0.376986 3.94813e-07 
263.764 910.387 139.662 16.6178 0.0487073 -0.985944 0.374669 1.18551e-07 
263.757 910.399 139.663 16.6161 0.0495554 -0.985944 0.37234 1.54109e-08 
263.75 910.412 139.665 16.6144 0.0503958 -0.985943 0.369 0 
263.75 910.412 139.665 16.6144 0.0503958 -0.985943 0.369 0 
266.893 903.196 143.882 18.537 0.00176633 -0.240924 0.482653 -2.28871e-13 
270.034 895.979 148.048 19.8512 6.20064e-05 0.0120601 0.480306 -7.38272e-14 
273.174 888.763 152.161 20.7359 2.27766e-06 0.09732 0.477959 -2.37168e-14 
276.312 881.547 156.222 21.3271 1.84434e-07 0.126026 0.475612 -7.61423e-15 
279.449 874.33 160.231 21.7208 1.11077e-07 0.135689 0.473265 -2.45385e-15 
282.584 867.114 164.188 21.9825 1.08508e-07 0.138943 0.470918 -7.02476e-16 
285.718 859.897 168.094 22.1564 1.08421e-07 0.140038 0.468571 -2.15123e-16 
288.85 852.681 171.947 22.2718 1.08421e-07 0.140407 0.466224 -8.35246e-17 
291.981 845.465 175.749 22.3485 1.08424e-07 0.140531 0.463878 -7.26625e-17 
295.111 838.248 179.498 22.3994 1.08428e-07 0.140573 0.461531 -2.03734e-17 
298.239 831.032 183.195 22.4333 1.08431e-07 0.140587 0.459184 -2.42521e-17 
301.366 823.816 186.841 22.4557 1.08435e-07 0.140592 0.456837 -6.01771e-17 
304.492 816.599 190.434 22.4706 1.08438e-07 0.140593 0.45449 -1.35805e-17 
307.616 809.383 193.975 22.4805 1.08442e-07 0.140594 0.452143 5.35913e-17 
310.739 802.166 197.464 22.4871 1.08445e-07 0.140594 0.449796 -1.5987e-18 
313.861 794.95 200.9 22.4914 1.08449e-07 0.140594 0.447449 -1.49705e-17 
316.982 787.734 204.284 22.4943 1.08452e-07 0.140594 0.445102 -3.87873e-17 
320.102 780.517 207.615 22.4963 1.08455e-07 0.140594 0.442755 6.36757e-17 
323.221 773.301 210.894 22.4975 1.08458e-07 0.140594 0.440408 -6.35526e-17 
326.339 766.085 214.119 22.4984 1.08462e-07 0.140594 0.438061 -7.27714e-17 
329.455 758.868 217.292 22.499 1.08465e-07 0.140594 0.435714 -6.64952e-17 
332.571 751.652 220.412 22.4993 1.08468e-07 0.140594 0.433367 2.83124e-17 
335.686 744.436 223.478 22.4996 1.08471e-07 0.140594 0.43102 1.47281e-18 
338.799 737.219 226.491 22.4997 1.08474e-07 0.140594 0.428673 -3.88191e-17 
341.912 730.003 229.451 22.4999 1.08476e-07 0.140594 0.426327 -2.59768e-17 
345.024 722.786 232.356 22.4999 1.08479e-07 0.140594 0.42398 -3.98626e-18 
348.135 715.57 235.208 22.5 1.08482e-07 0.140594 0.421633 -1.68269e-17 
351.245 708.354 238.006 22.5 1.08485e-07 0.140594 0.419286 1.27588e-17 
354.355 701.137 240.75 22.5 1.08488e-07 0.140594 0.416939 7.49397e-18 
357.463 693.921 243.44 22.5 1.0849e-07 0.140594 0.414592 -2.28327e-17 
360.571 686.705 246.075 22.5 1.08493e-07 0.140594 0.412245 -2.35591e-19 
363.679 679.488 248.656 22.5001 1.08495e-07 0.140594 0.409898 -3.16116e-18 
366.785 672.272 251.181 22.5001 1.08498e-07 0.140593 0.407551 8.81718e-18 
369.891 665.056 253.652 22.5001 1.085e-07 0.140593 0.405204 8.54479e-19 
372.996 657.839 256.068 22.5001 1.08503e-07 0.140593 0.402857 -2.59936e-17 
376.101 650.623 258.428 22.5001 1.08505e-07 0.140593 0.40051 -1.08459e-17 
379.205 643.406 260.733 22.5001 1.08508e-07 0.140593 0.398163 9.50253e-19 
382.308 636.19 262.983 22.5001 1.0851e-07 0.140593 0.395816 -1.30998e-17 
385.411 628.974 265.176 22.5001 1.08513e-07 0.140591 0.393469 -2.24568e-17 
388.514 621.757 267.314 22.5001 1.08515e-07 0.140586 0.391122 -5.78613e-18 
391.616 614.541 269.396 22.5001 1.08517e-07 0.140573 0.388776 -1.4328e-17 
394.718 607.325 271.421 22.5001 1.08519e-07 0.140534 0.386429 1.23327e-17 
397.819 600.108 273.39 22.5001 1.08522e-07 0.140422 0.384082 1.89357e-17 
400.92 592.892 275.302 22.5001 1.08524e-07 0.140103 0.381735 3.61544e-18 
404.02 585.675 277.158 22.5001 1.08526e-07 0.13919 0.379388 1.63738e-17 
407.121 578.459 278.957 22.5001 1.08523e-07 0.136585 0.377041 2.26296e-17 
410.221 571.243 280.698 22.5001 1.0839e-07 0.129164 0.374694 2.58743e-17 
413.32 564.026 282.383 22.5001 1.04624e-07 0.108025 0.372347 1.63053e-17 
416.42 556.81 284.01 22.5 1.67418e-11 0.0473943 0.369 0 
416.42 556.81 284.01 22.5 1.67418e-11 0.0473943 0.369 0 
409.204 571.369 284.045 21.7759 0.852566 0.0479773 -0.160121 -0.28257 
402.356 585.933 291.763 15.468 0.923252 -0.0919912 -0.127264 -0.252413 
400.183 599.235 300.207 9.033 0.499648 -0.217012 0.0643333 -0.224637 
402.876 611.407 304.933 5.79912 -0.210495 -0.328258 0.695702 -0.199191 
408.113 622.576 303.315 7.3656 -0.340236 -0.426877 0.748592 -0.175982 
412.215 632.859 300.507 9.7074 -0.26399 -0.513986 0.651232 -0.154897 
414.563 642.36 298.352 11.4286 -0.11978 -0.590642 0.513174 -0.135811 
415.604 651.172 297.469 12.1164 -0.0159271 -0.657835 0.422194 -0.118591 
416.115 659.379 297.511 12.0892 0.0231854 -0.716488 0.393833 -0.1031 
416.638 667.059 297.905 11.807 0.0214414 -0.767459 0.400268 -0.0892042 
417.372 674.28 298.288 11.5507 0.00431054 -0.811537 0.417147 -0.0767732 
418.301 681.104 298.52 11.4201 -0.0117978 -0.849448 0.430636 -0.0656829 
419.33 687.587 298.609 11.402 -0.0207446 -0.881856 0.436596 -0.0558161 
420.376 693.779 298.618 11.4438 -0.0231269 -0.909369 0.43658 -0.0470641 
421.392 699.722 298.605 11.4996 -0.0219372 -0.932538 0.433688 -0.0393261 
422.367 705.458 298.601 11.545 -0.0198979 -0.951868 0.430323 -0.0325093 
423.308 711.019 298.616 11.5752 -0.0185273 -0.967814 0.42764 -0.0265288 
424.228 716.437 298.642 11.5953 -0.0182051 -0.980791 0.425844 -0.0213067 
425.134 721.739 298.671 11.6127 -0.0185879 -0.991176 0.42469 -0.0167718 
426.027 726.946 298.696 11.6322 -0.0190333 -0.999309 0.423847 -0.0128589 
426.907 732.081 298.717 11.6539 -0.0189474 -1.0055 0.423048 -0.0095084 
427.772 737.16 298.739 11.674 -0.018086 -1.01002 0.422094 -0.00666536 
428.622 742.198 298.767 11.6875 -0.0167969 -1.01314 0.420822 -0.00427934 
429.463 747.208 298.808 11.6919 -0.0160822 -1.01506 0.419121 -0.00230375 
430.301 752.201 298.854 11.6917 -0.0172905 -1.01601 0.417 -0.000695425 
431.141 757.186 298.89 11.7008 -0.0213457 -1.01616 0.414682 0.000585744 
431.975 762.169 298.889 11.7379 -0.0277049 -1.01567 0.4126 0.00157711 
432.784 767.156 298.831 11.8173 -0.0336275 -1.01468 0.411235 0.00231358 
433.535 772.153 298.718 11.933 -0.0345584 -1.01333 0.410826 0.0028278 
434.201 777.162 298.594 12.0486 -0.0261603 -1.01172 0.411094 0.00315035 
434.78 782.185 298.545 12.0997 -0.0076443 -1.00995 0.411198 0.00330989 
435.318 787.224 298.662 12.0211 0.0151763 -1.00811 0.41003 0.00333323 
435.911 792.28 298.985 11.7913 0.029481 -1.00625 0.406755 0.00324544 
436.673 797.352 299.44 11.4783 0.0196434 -1.00443 0.401406 0.00306981 
437.67 802.44 299.811 11.2532 -0.0239546 -1.0027 0.395273 0.00282792 
438.844 807.544 299.793 11.3422 -0.0945224 -1.00109 0.390599 0.00253958 
439.967 812.663 299.139 11.9109 -0.163039 -0.999619 0.389254 0.00222281 
440.68 817.795 297.86 12.9158 -0.184158 -0.998306 0.391332 0.00189379 
440.649 822.939 296.377 14.0056 -0.116598 -0.997155 0.394957 0.00156676 
439.793 828.095 295.486 14.5675 0.0480107 -0.996168 0.397364 0.00125399 
438.487 833.259 296.068 13.9686 0.262007 -0.995339 0.396577 0.000965636 
437.584 838.431 298.584 11.9402 0.421628 -0.994655 0.392034 0.000709708 
438.161 843.608 302.565 8.93984 0.400544 -0.994101 0.383663 0.000491939 
440.976 848.788 306.4 6.26304 0.112675 -0.993655 0.369312 0.000315711 
445.843 853.97 307.684 5.71959 -0.419602 -0.993292 0.359011 0.00018196 
451.22 859.156 304.186 8.85596 -1.0064 -0.992987 0.362694 8.90982e-05 
454.378 864.345 295.362 15.824 -1.31467 -0.992721 0.366778 3.29176e-05 
452.409 869.541 283.665 24.4923 -1.02021 -0.992478 0.371711 6.4322e-06 
443.926 874.745 274.491 30.6345 0.0166529 -0.992252 0.369 0 
443.926 874.745 274.491 30.6345 0.0166529 -0.992252 0.369 0 
441.919 864.389 276.332 27.1797 0.000293789 -0.110151 0.482653 -9.14015e-14 
439.911 854.032 278.042 25.1397 5.29154e-06 0.0884052 0.480306 -1.94741e-14 
437.904 843.676 279.621 23.9781 2.03827e-07 0.132818 0.477959 -4.11911e-15 
435.897 833.319 281.069 23.3257 1.14109e-07 0.142748 0.475612 -9.03711e-16 
433.89 822.963 282.384 22.9609 1.12531e-07 0.144969 0.473265 -1.9048e-16 
431.883 812.606 283.566 22.7572 1.12507e-07 0.145466 0.470918 -3.97963e-17 
429.875 802.25 284.616 22.6435 1.12509e-07 0.145577 0.468571 6.88044e-17 
427.868 791.894 285.532 22.5801 1.12512e-07 0.145601 0.466224 5.89187e-17 
425.86 781.537 286.315 22.5447 1.12514e-07 0.145607 0.463878 -2.63297e-17 
423.852 771.181 286.964 22.525 1.12516e-07 0.145608 0.461531 2.091e-17 
421.844 760.824 287.479 22.514 1.12519e-07 0.145608 0.459184 -1.27688e-17 
419.835 750.468 287.86 22.5078 1.12521e-07 0.145608 0.456837 2.34719e-17 
417.825 740.111 288.107 22.5044 1.12523e-07 0.145608 0.45449 -4.9992e-17 
415.815 729.755 288.219 22.5025 1.12525e-07 0.145608 0.452143 5.58165e-17 
413.804 719.399 288.197 22.5014 1.12527e-07 0.145608 0.449796 -8.75677e-17 
411.793 709.042 288.041 22.5008 1.12529e-07 0.145608 0.447449 9.47594e-18 
409.781 698.686 287.751 22.5005 1.12532e-07 0.145608 0.445102 -3.57368e-17 
407.768 688.329 287.326 22.5003 1.12534e-07 0.145608 0.442755 2.72816e-18 
405.754 677.973 286.767 22.5002 1.12536e-07 0.145608 0.440408 3.10497e-17 
403.739 667.616 286.074 22.5001 1.12538e-07 0.145608 0.438061 -4.0112e-17 
401.724 657.26 285.248 22.5001 1.1254e-07 0.145608 0.435714 4.17065e-17 
399.707 646.904 284.288 22.5001 1.12543e-07 0.145608 0.433367 3.94214e-17 
397.689 636.547 283.195 22.5001 1.12545e-07 0.145608 0.43102 5.94092e-17 
395.67 626.191 281.969 22.5001 1.12547e-07 0.145608 0.428673 -3.75415e-17 
393.649 615.834 280.611 22.5001 1.12549e-07 0.145608 0.426327 4.87871e-17 
391.627 605.478 279.121 22.5001 1.12552e-07 0.145608 0.42398 2.08192e-17 
389.604 595.121 277.499 22.5001 1.12554e-07 0.145608 0.421633 -1.21996e-17 
387.58 584.765 275.746 22.5001 1.12556e-07 0.145608 0.419286 2.55626e-17 
385.554 574.409 273.862 22.5001 1.12559e-07 0.145608 0.416939 -2.41594e-18 
383.526 564.052 271.848 22.5001 1.12561e-07 0.145608 0.414592 1.79085e-17 
381.497 553.696 269.704 22.5001 1.12563e-07 0.145608 0.412245 -2.8061e-17 
379.466 543.339 267.432 22.5001 1.12566e-07 0.145608 0.409898 -1.95954e-17 
377.433 532.983 265.031 22.5001 1.12568e-07 0.145608 0.407551 -2.09508e-17 
375.398 522.626 262.502 22.5001 1.12571e-07 0.145608 0.405204 3.88736e-17 
373.362 512.27 259.846 22.5001 1.12573e-07 0.145608 0.402857 1.90726e-17 
371.324 501.914 257.064 22.5001 1.12576e-07 0.145608 0.40051 -2.97815e-17 
369.283 491.557 254.156 22.5001 1.12578e-07 0.145608 0.398163 3.26655e-17 
367.241 481.201 251.122 22.5001 1.12581e-07 0.145608 0.395816 3.87765e-18 
365.196 470.844 247.964 22.5001 1.12584e-07 0.145608 0.393469 -1.10717e-17 
363.15 460.488 244.682 22.5001 1.12586e-07 0.145608 0.391122 -1.87239e-17 
361.101 450.131 241.276 22.5001 1.12589e-07 0.145607 0.388776 -7.07051e-18 
359.049 439.775 237.749 22.5001 1.12592e-07 0.145604 0.386429 3.52187e-18 
356.996 429.419 234.099 22.5001 1.12595e-07 0.14559 0.384082 1.54165e-18 
354.939 419.062 230.328 22.5001 1.12598e-07 0.145529 0.381735 -4.3844e-18 
352.881 408.706 226.437 22.5001 1.12601e-07 0.14527 0.379388 1.57355e-18 
350.82 398.349 222.426 22.5001 1.12604e-07 0.144159 0.377041 6.01216e-18 
348.756 387.993 218.296 22.5001 1.12573e-07 0.139418 0.374694 1.42758e-17 
346.689 377.636 214.047 22.5001 1.10576e-07 0.119212 0.372347 1.36946e-17 
344.62 367.28 209.68 22.5 8.54484e-12 0.0325209 0.369 0 
344.62 367.28 209.68 22.5 8.54484e-12 0.0325209 0.369 0 
338.149 380.216 209.712 21.8507 0.764519 0.0330389 -0.129771 -0.354323 
331.974 393.155 215.921 16.72 0.871036 -0.12448 -0.0965037 -0.325161 
329.199 404.821 223.056 11.1933 0.624445 -0.269045 0.00793202 -0.297802 
330.152 415.318 228.272 7.43377 0.08361 -0.401452 0.440635 -0.272228 
333.706 424.744 229.173 7.03791 -0.217975 -0.522488 0.697543 -0.248407 
337.578 433.194 227.646 8.42274 -0.237335 -0.632936 0.688052 -0.226294 
340.533 440.752 225.945 9.85699 -0.162095 -0.733557 0.611223 -0.205824 
342.52 447.5 224.833 10.7813 -0.0705307 -0.825082 0.527425 -0.186924 
343.876 453.51 224.447 11.1247 -0.0101744 -0.908208 0.474623 -0.169513 
344.994 458.849 224.544 11.0984 0.0122258 -0.983596 0.456265 -0.153503 
346.126 463.58 224.822 10.9425 0.0102761 -1.05187 0.458351 -0.138805 
347.363 467.76 225.086 10.806 -0.00105779 -1.11361 0.467145 -0.12533 
348.695 471.442 225.26 10.7432 -0.012118 -1.16936 0.47447 -0.11299 
350.071 474.673 225.346 10.7489 -0.0190506 -1.21962 0.477532 -0.101701 
351.445 477.5 225.376 10.7958 -0.0217891 -1.26487 0.476767 -0.0913805 
352.79 479.961 225.384 10.8573 -0.0218387 -1.30552 0.47374 -0.0819529 
354.095 482.094 225.39 10.917 -0.0208331 -1.34199 0.469905 -0.0733467 
355.361 483.933 225.403 10.9687 -0.019899 -1.37463 0.466145 -0.0654954 
356.594 485.509 225.424 11.0133 -0.0195517 -1.40378 0.462793 -0.058338 
357.798 486.849 225.446 11.0546 -0.019838 -1.42974 0.459832 -0.0518182 
358.975 487.98 225.466 11.0966 -0.0205316 -1.45281 0.45711 -0.0458846 
360.125 488.925 225.48 11.1416 -0.0212921 -1.47323 0.454471 -0.0404904 
361.247 489.705 225.486 11.1898 -0.0217877 -1.49126 0.451805 -0.035593 
362.338 490.34 225.489 11.2395 -0.021805 -1.50711 0.449039 -0.0311536 
363.396 490.847 225.49 11.2876 -0.021358 -1.52098 0.446112 -0.027137 
364.423 491.242 225.495 11.3316 -0.0207617 -1.53307 0.442967 -0.0235113 
365.422 491.539 225.503 11.3706 -0.0206031 -1.54354 0.439573 -0.0202471 
366.395 491.752 225.513 11.4079 -0.0215497 -1.55257 0.435957 -0.0173178 
367.344 491.892 225.514 11.4503 -0.0239982 -1.56028 0.432229 -0.0146989 
368.267 491.97 225.495 11.5068 -0.0276755 -1.56684 0.428571 -0.0123679 
369.153 491.995 225.446 11.5842 -0.0314052 -1.57235 0.425172 -0.0103039 
369.989 491.975 225.365 11.6817 -0.0332773 -1.57695 0.422132 -0.00848726 
370.761 491.919 225.269 11.7866 -0.0313445 -1.58073 0.41939 -0.00689982 
371.463 491.832 225.186 11.8751 -0.024715 -1.58382 0.416715 -0.0055242 
372.105 491.72 225.156 11.9192 -0.0146074 -1.58628 0.413788 -0.0043439 
372.717 491.589 225.207 11.9 -0.00475113 -1.58823 0.410352 -0.00334305 
373.34 491.441 225.337 11.8225 -0.000598896 -1.58972 0.406345 -0.00250631 
374.015 491.282 225.502 11.7251 -0.00723836 -1.59085 0.401972 -0.00181876 
374.757 491.113 225.615 11.675 -0.0265355 -1.59167 0.397652 -0.00126574 
375.536 490.938 225.573 11.7476 -0.0546792 -1.59224 0.393839 -0.000832829 
376.272 490.758 225.302 11.9905 -0.0816013 -1.59262 0.390779 -0.000505759 
376.851 490.575 224.812 12.387 -0.0933874 -1.59285 0.388367 -0.000270341 
377.167 490.391 224.221 12.8359 -0.0776608 -1.59297 0.386212 -0.000112439 
377.181 490.206 223.751 13.1654 -0.0303704 -1.59303 0.383885 -1.7922e-05 
376.967 490.02 223.658 13.188 0.038851 -1.59305 0.381169 2.73609e-05 
376.726 489.835 224.124 12.7856 0.105874 -1.59304 0.378155 3.75873e-05 
376.741 489.649 225.136 11.9939 0.137861 -1.59304 0.375144 2.69502e-05 
377.28 489.463 226.416 11.0485 0.105399 -1.59303 0.372417 9.66787e-06 
378.455 489.276 227.446 10.3531 -0.00230036 -1.59304 0.369 0 
378.455 489.276 227.446 10.3531 -0.00230036 -1.59304 0.369 0 
382.396 487.692 226.568 9.14396 -0.123812 -0.439875 1.13687 0.698307 
387.914 504.582 223.774 8.99919 -0.00925425 1.2278 1.13739 0.504174 
393.513 548.191 222.82 7.4728 0.0824075 2.4854 1.12108 0.310265 
401.028 611.947 223.373 5.00002 -0.0983427 3.29139 1.10478 0.184687 
411.803 688.613 221.094 5.00016 -0.458094 3.78877 1.08847 0.0910042 
422.626 773.249 213.051 9.3969 -0.155189 4.04359 1.07216 0.0192073 
427.453 861.971 209.748 9.65396 -0.156437 4.10195 1.05586 -0.0351626 
431.845 951.629 206.418 9.91093 -0.157691 4.00208 1.03955 -0.0754515 
435.8 1039.69 203.062 10.1679 -0.158945 3.77607 1.02324 -0.104043 
439.314 1124.12 199.679 10.4248 -0.1602 3.45189 1.00694 -0.122881 
442.387 1203.37 196.27 10.6818 -0.161455 3.05417 0.990632 -0.133754 
445.015 1276.24 192.833 10.9387 -0.162709 2.60422 0.974326 -0.138324 
447.197 1341.9 189.37 11.1956 -0.163964 2.12001 0.95802 -0.138059 
448.933 1399.81 185.881 11.4526 -0.165219 1.61635 0.941714 -0.1342 
450.221 1449.64 182.364 11.7095 -0.166474 1.10528 0.925408 -0.127772 
451.061 1491.29 178.821 11.9665 -0.167729 0.596406 0.909102 -0.119609 
451.45 1524.79 175.251 12.2234 -0.168984 0.097241 0.892796 -0.110386 
451.389 1550.29 171.655 12.4803 -0.170239 -0.386494 0.876489 -0.100641 
450.877 1568.04 168.032 12.7372 -0.171494 -0.850634 0.860183 -0.0907869 
449.914 1578.35 164.382 12.9942 -0.17275 -1.29232 0.843877 -0.0811324 
448.498 1581.59 160.705 13.2511 -0.174006 -1.70976 0.827571 -0.0718956 
446.629 1578.13 157.002 13.5081 -0.17526 -2.10203 0.811265 -0.0632219 
444.307 1568.4 153.272 13.765 -0.17651 -2.46889 0.794959 -0.0551996 
441.531 1552.79 149.515 14.0219 -0.177758 -2.8106 0.778653 -0.0478725 
438.301 1531.7 145.732 14.2787 -0.179014 -3.12781 0.762347 -0.0412518 
434.616 1505.53 141.922 14.5356 -0.180288 -3.42146 0.74604 -0.0353246 
430.476 1474.66 138.085 14.7926 -0.181576 -3.69264 0.729734 -0.0300621 
425.879 1439.44 134.22 15.0501 -0.182841 -3.94259 0.713428 -0.0254246 
420.825 1400.21 130.329 15.3076 -0.184025 -4.17261 0.697122 -0.0213668 
415.313 1357.31 126.413 15.5643 -0.185119 -4.384 0.680816 -0.0178406 
409.343 1311.01 122.472 15.819 -0.186264 -4.5781 0.66451 -0.0147971 
402.918 1261.61 118.506 16.0725 -0.187752 -4.75622 0.648204 -0.0121886 
396.038 1209.35 114.51 16.3293 -0.189743 -4.91967 0.631898 -0.00996895 
388.699 1154.48 110.475 16.5951 -0.191745 -5.06971 0.615591 -0.00809417 
380.888 1097.2 106.402 16.869 -0.192392 -5.20761 0.599285 -0.00652231 
372.593 1037.71 102.311 17.1338 -0.190467 -5.3346 0.582979 -0.0052134 
363.824 976.185 98.2444 17.359 -0.187413 -5.45187 0.566673 -0.00412931 
354.634 912.784 94.2208 17.535 -0.189259 -5.56051 0.550367 -0.00323358 
345.087 847.643 90.163 17.7266 -0.203381 -5.66147 0.534061 -0.00249162 
335.167 780.884 85.8741 18.0819 -0.227169 -5.75539 0.517755 -0.00187135 
324.66 712.62 81.1949 18.7016 -0.235602 -5.84236 0.501449 -0.00134453 
313.209 642.964 76.3648 19.3709 -0.188841 -5.92144 0.485142 -0.000889075 
300.728 572.042 72.2666 19.4119 -0.0803954 -5.98994 0.468836 -0.000492458 
288.027 500.022 69.9048 18.1383 -0.00679795 -6.04216 0.45253 -0.000155836 
276.86 427.164 68.7548 16.1121 -0.166918 -6.06746 0.436224 0.00010271 
268.309 353.899 65.0916 16.2606 -0.670564 -6.04739 0.419918 0.000250025 
259.612 280.955 53.3553 22.5443 -1.18116 -5.95221 0.403612 0.00025343 
242.635 209.543 33.2772 34.4073 -0.76742 -5.73819 0.387306 0.000123818 
209.655 141.572 19.5232 40 1.4 -5.35005 0.369 0 
