grtopM_61_1
50
2 2
8 8 
0 6 1 5 3 4 2 7 
0 6 1 5 3 4 2 7 
177.987 867.093 9.43705e-12 247.688 163.267 308.747 132.167 
142809 282.248 111.621 200.147 77.4382 332.499 132.059 
3.63239 17.6958 1.92593e-13 5.05486 3.33198 6.30096 2.69728 
2914.47 5.76015 2.27797 4.08464 1.58037 6.78569 2.69507 
1925.18 2075.58 2768.13 1326.42 2.19133 5.03921 7.33963 
1.45161e-06 4.4185 5.91822 2.90859 3.64955 5.1658 7.33198 
4004.67 807.51 1981.86 18.3732 0.501011 0 0.170629 0 
2079.49 5.28958e-10 98.9849 5.01502 -1.08687e-09 0.213575 3.17632e-06 -1.44841e-13 
116.014 4.43851e-11 0.0158243 5.01502 4.46858e-10 -1.63697e-10 3.32257e-06 -1.77861e-14 
9.83507e-11 4.43851e-11 0.0158244 5.01502 4.46857e-10 1.63795e-09 3.48277e-06 -1.77859e-14 
4.34797e-11 4.43851e-11 0.0158244 5.01502 4.46857e-10 1.63795e-09 3.65921e-06 -1.77858e-14 
4.34797e-11 4.43851e-11 0.0158244 5.01502 4.46857e-10 1.63795e-09 3.85474e-06 -1.77857e-14 
4.34797e-11 4.43851e-11 0.0158244 5.01502 4.46857e-10 1.63795e-09 4.07299e-06 -1.77855e-14 
4.34797e-11 4.43851e-11 0.0158244 5.01502 4.46857e-10 1.63795e-09 4.31869e-06 -1.77854e-14 
4.34797e-11 4.43851e-11 0.0158244 5.01502 4.46857e-10 1.63795e-09 4.59808e-06 -1.77852e-14 
4.34797e-11 4.43851e-11 0.0158244 5.01502 4.46857e-10 1.63795e-09 4.91962e-06 -1.7785e-14 
4.34797e-11 4.43851e-11 0.0158244 5.01502 4.46858e-10 1.63795e-09 5.29498e-06 -1.77849e-14 
4.34797e-11 4.43851e-11 0.0158244 5.01502 4.46858e-10 1.63795e-09 5.74069e-06 -1.77846e-14 
4.34797e-11 4.43851e-11 0.0158244 5.01502 4.46859e-10 1.63795e-09 6.28067e-06 -1.77844e-14 
4.34797e-11 4.43851e-11 0.0158244 5.01502 4.46861e-10 1.63795e-09 6.95051e-06 -1.77841e-14 
4.34797e-11 4.43851e-11 0.0158244 5.01502 4.46862e-10 1.63795e-09 7.8045e-06 -1.77839e-14 
4.34797e-11 4.43851e-11 0.0158244 5.01502 4.46865e-10 1.63795e-09 8.92811e-06 -1.77836e-14 
4.34797e-11 4.43851e-11 0.0158244 5.01502 4.46868e-10 1.63795e-09 1.04613e-05 -1.77832e-14 
4.34797e-11 4.43851e-11 0.0158244 5.01502 4.46873e-10 1.63795e-09 1.26469e-05 -1.77828e-14 
4.34797e-11 4.43851e-11 0.0158244 5.01502 4.46879e-10 1.63795e-09 1.59475e-05 -1.77824e-14 
4.34797e-11 4.43851e-11 0.0158244 5.01502 4.46888e-10 1.63795e-09 2.13707e-05 -1.77819e-14 
4.34797e-11 4.43851e-11 0.0158244 5.01502 4.46901e-10 1.63795e-09 3.15033e-05 -1.77814e-14 
4.34797e-11 4.43851e-11 0.0158244 5.01502 4.46919e-10 1.63795e-09 5.40101e-05 -1.77808e-14 
4.34797e-11 4.43851e-11 0.0158244 5.01502 4.46948e-10 1.63795e-09 0.000113574 -1.77802e-14 
4.34797e-11 4.43851e-11 0.0158244 5.01502 4.46993e-10 1.63795e-09 0.00029022 -1.77795e-14 
4.34797e-11 4.43851e-11 0.0158244 5.01502 4.47062e-10 1.63795e-09 0.000822371 -1.77786e-14 
4.34797e-11 4.43851e-11 0.0158244 5.01502 4.4715e-10 1.63795e-09 0.00229479 -1.77777e-14 
4.34797e-11 4.43851e-11 0.0158244 5.01502 4.47214e-10 1.63795e-09 0.0057752 -1.77767e-14 
4.34797e-11 4.43851e-11 0.0158244 5.01502 4.4715e-10 1.63795e-09 0.0122543 -1.77755e-14 
4.34797e-11 4.43851e-11 0.0158244 5.01502 4.47055e-10 1.63795e-09 0.0197087 -1.77742e-14 
4.34797e-11 4.43851e-11 0.0158244 5.01502 4.46972e-10 1.63795e-09 0.0271604 -1.77726e-14 
4.34797e-11 4.43851e-11 0.0158244 5.01502 4.46888e-10 1.63795e-09 0.0346099 -1.77709e-14 
4.34797e-11 4.43851e-11 0.0158244 5.01502 4.46805e-10 1.63795e-09 0.0420573 -1.77687e-14 
4.34797e-11 4.43851e-11 0.0158244 5.01502 4.46722e-10 1.63794e-09 0.0495025 -1.77663e-14 
4.34797e-11 4.43851e-11 0.0158244 5.01502 4.46639e-10 1.63794e-09 0.0569451 -1.77635e-14 
4.34797e-11 4.43851e-11 0.0158244 5.01502 4.46555e-10 1.63794e-09 0.0643842 -1.776e-14 
4.34797e-11 4.43851e-11 0.0158244 5.01502 4.46472e-10 1.63794e-09 0.0718178 -1.77558e-14 
4.34797e-11 4.43851e-11 0.0158244 5.01502 4.46388e-10 1.63794e-09 0.0792433 -1.77505e-14 
4.34797e-11 4.43851e-11 0.0158244 5.01502 4.46304e-10 1.63793e-09 0.0866572 -1.77441e-14 
4.34797e-11 4.43851e-11 0.0158244 5.01502 4.46219e-10 1.63793e-09 0.0940558 -1.7736e-14 
4.34797e-11 4.43851e-11 0.0158244 5.01502 4.46133e-10 1.63793e-09 0.101436 -1.77258e-14 
4.34797e-11 4.43851e-11 0.0158244 5.01502 4.46048e-10 1.63793e-09 0.108797 -1.77129e-14 
4.34797e-11 4.43851e-11 0.0158244 5.01502 4.45963e-10 1.63793e-09 0.116142 -1.76971e-14 
4.34797e-11 4.43851e-11 0.0158244 5.01502 4.4588e-10 1.63793e-09 0.123475 -1.76784e-14 
4.34797e-11 4.43851e-11 0.0158244 5.01502 4.458e-10 1.63792e-09 0.130802 -1.76587e-14 
4.34797e-11 4.43851e-11 0.0158244 5.01502 4.4572e-10 1.63792e-09 0.138118 -1.76476e-14 
4.34797e-11 4.43851e-11 0.0158244 5.01502 4.45638e-10 1.63792e-09 0.145387 -1.76883e-14 
4.34797e-11 4.43851e-11 0.0158244 5.01502 4.45556e-10 1.63792e-09 0.152574 -1.79879e-14 
4.34797e-11 4.91448e-11 0.0158244 5.01502 2.16184e-10 1.63476e-09 0.159832 -1.95369e-14 
3.22739e-10 142.862 0.0158251 40 -1.4 1.0893e-08 0.16731 -1.3464e-13 
727.278 2197.89 255.11 5.01502 -1.11739e-12 6.19797e-14 0.169629 0 
727.278 2197.89 255.11 5.01502 -1.11739e-12 6.19797e-14 0.169629 0 
4.02891e-09 468.856 0.00867595 5.00773 -0.000124441 -6.27406 1.47438e-05 5.0609e-11 
1.95252e-10 9.20346e-10 0.00867539 5.00785 6.22693e-11 -1.12639e-08 1.58636e-05 -5.22041e-14 
1.95461e-10 1.9855e-10 0.00867541 5.00785 6.22897e-11 -1.12496e-08 1.71461e-05 -4.00974e-14 
1.95432e-10 1.99471e-10 0.00867541 5.00785 6.23125e-11 -1.12499e-08 1.86287e-05 -3.96202e-14 
1.95431e-10 1.995e-10 0.00867541 5.00785 6.23369e-11 -1.12499e-08 2.03613e-05 -3.96056e-14 
1.95431e-10 1.99501e-10 0.00867541 5.00785 6.2363e-11 -1.12499e-08 2.24119e-05 -3.96043e-14 
1.95431e-10 1.99501e-10 0.00867541 5.00785 6.2391e-11 -1.12499e-08 2.48758e-05 -3.96033e-14 
1.95431e-10 1.99501e-10 0.00867541 5.00785 6.24212e-11 -1.12499e-08 2.78906e-05 -3.96022e-14 
1.95431e-10 1.99501e-10 0.00867541 5.00785 6.24541e-11 -1.12499e-08 3.16636e-05 -3.96011e-14 
1.95431e-10 1.99501e-10 0.00867541 5.00785 6.24906e-11 -1.12499e-08 3.65222e-05 -3.95999e-14 
1.95431e-10 1.99501e-10 0.00867541 5.00785 6.25326e-11 -1.12499e-08 4.30178e-05 -3.95985e-14 
1.95431e-10 1.99501e-10 0.00867541 5.00785 6.25844e-11 -1.12499e-08 5.21651e-05 -3.9597e-14 
1.95431e-10 1.99501e-10 0.00867541 5.00785 6.26575e-11 -1.12499e-08 6.61088e-05 -3.95955e-14 
1.95431e-10 1.99501e-10 0.00867541 5.00785 6.27879e-11 -1.12499e-08 9.06345e-05 -3.95938e-14 
1.95431e-10 1.99501e-10 0.00867541 5.00785 6.31153e-11 -1.12499e-08 0.000151103 -3.9592e-14 
1.95431e-10 1.99501e-10 0.00867541 5.00785 6.41981e-11 -1.12499e-08 0.000513215 -3.95901e-14 
1.95431e-10 1.99501e-10 0.00867541 5.00785 6.54796e-11 -1.12499e-08 0.00420956 -3.9588e-14 
1.95431e-10 1.99501e-10 0.00867541 5.00785 6.29879e-11 -1.12499e-08 0.0150937 -3.95858e-14 
1.95431e-10 1.99501e-10 0.00867541 5.00785 6.02747e-11 -1.12499e-08 0.0266947 -3.95835e-14 
1.95431e-10 1.99501e-10 0.00867541 5.00785 5.75892e-11 -1.12499e-08 0.0382952 -3.9581e-14 
1.95431e-10 1.99501e-10 0.00867541 5.00785 5.49022e-11 -1.12499e-08 0.0498953 -3.95784e-14 
1.95431e-10 1.99501e-10 0.00867541 5.00785 5.22133e-11 -1.12499e-08 0.061495 -3.95757e-14 
1.95431e-10 1.99501e-10 0.00867541 5.00785 4.95221e-11 -1.12499e-08 0.0730941 -3.95729e-14 
1.95431e-10 1.99501e-10 0.00867541 5.00785 4.68284e-11 -1.12499e-08 0.0846926 -3.95699e-14 
1.95431e-10 1.99501e-10 0.00867541 5.00785 4.41318e-11 -1.12499e-08 0.0962907 -3.95668e-14 
1.95431e-10 1.99501e-10 0.00867541 5.00785 4.14322e-11 -1.12499e-08 0.107888 -3.95637e-14 
1.95431e-10 1.99501e-10 0.00867541 5.00785 3.87291e-11 -1.12499e-08 0.119485 -3.95604e-14 
1.95431e-10 1.99501e-10 0.00867541 5.00785 3.60227e-11 -1.12499e-08 0.131082 -3.9557e-14 
1.95431e-10 1.99501e-10 0.00867541 5.00785 3.33128e-11 -1.12499e-08 0.142678 -3.95536e-14 
1.95431e-10 1.99501e-10 0.00867541 5.00785 3.05995e-11 -1.12499e-08 0.154274 -3.955e-14 
1.95431e-10 1.99501e-10 0.00867541 5.00785 2.78832e-11 -1.12499e-08 0.16587 -3.95463e-14 
1.95431e-10 1.99501e-10 0.00867541 5.00785 2.51641e-11 -1.12499e-08 0.177465 -3.95423e-14 
1.95431e-10 1.99501e-10 0.00867541 5.00785 2.2443e-11 -1.12499e-08 0.189062 -3.9538e-14 
1.95431e-10 1.99501e-10 0.00867541 5.00785 1.97206e-11 -1.12499e-08 0.200659 -3.95334e-14 
1.95431e-10 1.99501e-10 0.00867541 5.00785 1.69978e-11 -1.12499e-08 0.212256 -3.95283e-14 
1.95431e-10 1.99501e-10 0.00867541 5.00785 1.4276e-11 -1.12499e-08 0.223855 -3.95226e-14 
1.95431e-10 1.99501e-10 0.00867541 5.00785 1.15565e-11 -1.12499e-08 0.235453 -3.95166e-14 
1.95431e-10 1.99501e-10 0.00867541 5.00785 8.84162e-12 -1.12499e-08 0.247052 -3.95103e-14 
1.95431e-10 1.99501e-10 0.00867541 5.00785 6.13455e-12 -1.12499e-08 0.258651 -3.95046e-14 
1.95431e-10 1.99501e-10 0.00867541 5.00785 3.44066e-12 -1.12499e-08 0.270248 -3.95003e-14 
1.95431e-10 1.99501e-10 0.00867541 5.00785 7.68994e-13 -1.12499e-08 0.281844 -3.95002e-14 
1.95431e-10 1.99501e-10 0.00867541 5.00785 -1.86636e-12 -1.12499e-08 0.29344 -3.9507e-14 
1.95431e-10 1.99501e-10 0.00867541 5.00785 -4.44658e-12 -1.12499e-08 0.305042 -3.95484e-14 
1.95428e-10 1.99493e-10 0.00867541 5.00785 -6.95415e-12 -1.12499e-08 0.316654 -4.0035e-14 
1.95355e-10 1.99319e-10 0.00867541 5.00785 -9.40428e-12 -1.12502e-08 0.328286 -3.88311e-14 
1.93892e-10 1.95905e-10 0.00867541 5.00785 -1.22201e-11 -1.12534e-08 0.339929 8.35717e-13 
3.39289e-09 3.7239e-09 0.00867543 5.00783 1.83114e-09 8.35671e-08 0.351586 4.81897e-11 
1623.21 1088.71 315.948 5 -1.4 6.28 0.362312 -6.66476e-11 
3865.52 4897.45 200.82 5.00785 -1.99277e-12 1.50958e-11 0.369 0 
3865.52 4897.45 200.82 5.00785 -1.99277e-12 1.50958e-11 0.369 0 
1097.39 2129.32 0.0225091 5.02124 4.39597e-15 2.97779e-10 1.42957e-05 1.01783e-22 
1.32791e-09 49.0684 0.0225088 5.02124 -5.11689e-20 5.79324e-17 1.53774e-05 6.87335e-23 
1.90605e-10 2.39405e-10 0.0225088 5.02124 1.83774e-22 3.45518e-18 1.66153e-05 7.98246e-23 
1.90578e-10 1.94544e-10 0.0225088 5.02124 2.32575e-22 1.11313e-20 1.80449e-05 -1.53644e-22 
1.90578e-10 1.94568e-10 0.0225088 5.02124 -2.94181e-22 -1.28477e-20 1.97131e-05 1.85047e-22 
1.90578e-10 1.94547e-10 0.0225088 5.02124 -1.74207e-22 -8.05842e-22 2.16832e-05 -7.1436e-23 
1.90578e-10 1.94547e-10 0.0225088 5.02124 -2.19009e-22 -1.8691e-23 2.40422e-05 -2.19848e-22 
1.90578e-10 1.94547e-10 0.0225088 5.02124 2.38756e-22 5.47864e-24 2.69127e-05 7.02727e-24 
1.90578e-10 1.94547e-10 0.0225088 5.02124 -9.25513e-23 2.86991e-23 3.04716e-05 2.5712e-22 
1.90578e-10 1.94547e-10 0.0225088 5.02124 -2.1092e-23 1.10493e-23 3.49831e-05 -9.16936e-23 
1.90578e-10 1.94547e-10 0.0225088 5.02124 -9.11631e-23 3.67397e-23 4.08778e-05 -1.34074e-22 
1.90578e-10 1.94547e-10 0.0225088 5.02124 -1.84479e-22 2.15106e-23 4.91252e-05 -2.49551e-22 
1.90578e-10 1.94547e-10 0.0225088 5.02124 -3.30065e-23 5.72134e-24 6.4038e-05 2.23919e-22 
1.90578e-10 1.94547e-10 0.0225088 5.02124 -2.48257e-22 4.11495e-23 0.000115963 -6.06605e-24 
1.90578e-10 1.94547e-10 0.0225088 5.02124 7.50476e-23 2.62956e-23 0.000422512 5.60351e-24 
1.90578e-10 1.94547e-10 0.0225088 5.02124 -2.10756e-21 1.65155e-23 0.00218439 3.17391e-22 
1.90578e-10 1.94547e-10 0.0225088 5.02124 -1.52626e-20 8.78268e-24 0.00829848 -1.93045e-23 
1.90578e-10 1.94547e-10 0.0225088 5.02124 8.46997e-18 1.08753e-23 0.0192852 3.05858e-22 
1.90578e-10 1.94547e-10 0.0225088 5.02124 1.09152e-17 1.04568e-23 0.0308017 -2.42333e-22 
1.90578e-10 1.94547e-10 0.0225088 5.02124 1.09158e-17 1.98485e-23 0.0423148 5.45515e-23 
1.90578e-10 1.94547e-10 0.0225088 5.02124 1.09153e-17 2.00598e-23 0.0538243 8.29768e-23 
1.90578e-10 1.94547e-10 0.0225088 5.02124 1.09153e-17 1.95907e-23 0.06533 2.96005e-22 
1.90578e-10 1.94547e-10 0.0225088 5.02124 1.09158e-17 2.23739e-23 0.0768318 4.66758e-22 
1.90578e-10 1.94547e-10 0.0225088 5.02124 1.09153e-17 1.51836e-23 0.0883298 6.08291e-22 
1.90578e-10 1.94547e-10 0.0225088 5.02124 1.09157e-17 1.74818e-23 0.0998244 -3.29946e-23 
1.90578e-10 1.94547e-10 0.0225088 5.02124 1.09152e-17 1.74847e-23 0.111316 2.35858e-23 
1.90578e-10 1.94547e-10 0.0225088 5.02124 1.09157e-17 1.80112e-23 0.122805 -2.97343e-22 
1.90578e-10 1.94547e-10 0.0225088 5.02124 1.0916e-17 1.58577e-23 0.134292 8.77788e-23 
1.90578e-10 1.94547e-10 0.0225088 5.02124 1.09159e-17 2.12076e-23 0.145778 -1.33429e-23 
1.90578e-10 1.94547e-10 0.0225088 5.02124 1.09161e-17 1.93245e-23 0.157263 9.57273e-24 
1.90578e-10 1.94547e-10 0.0225088 5.02124 1.09157e-17 1.91167e-23 0.168747 8.18546e-22 
1.90578e-10 1.94547e-10 0.0225088 5.02124 1.09161e-17 2.21605e-23 0.180229 2.71346e-22 
1.90578e-10 1.94547e-10 0.0225088 5.02124 1.09154e-17 1.96829e-23 0.191708 9.83657e-22 
1.90578e-10 1.94547e-10 0.0225088 5.02124 1.09158e-17 1.91894e-23 0.203181 3.98499e-22 
1.90578e-10 1.94547e-10 0.0225088 5.02124 1.09154e-17 1.74385e-24 0.214644 4.53463e-22 
1.90578e-10 1.94547e-10 0.0225088 5.02124 1.09157e-17 2.66044e-23 0.226093 9.53699e-22 
1.90578e-10 1.94547e-10 0.0225088 5.02124 1.09165e-17 4.10903e-25 0.237525 -5.5462e-23 
1.90578e-10 1.94547e-10 0.0225088 5.02124 1.09158e-17 1.47176e-23 0.248938 1.39546e-22 
1.90578e-10 1.94547e-10 0.0225088 5.02124 1.0916e-17 -4.04476e-24 0.260331 -1.60779e-22 
1.90578e-10 1.94547e-10 0.0225088 5.02124 1.0916e-17 4.34149e-23 0.271703 -1.60017e-21 
1.90578e-10 1.94547e-10 0.0225088 5.02124 1.09162e-17 3.88333e-23 0.283056 1.02318e-21 
1.90578e-10 1.94547e-10 0.0225088 5.02124 1.09164e-17 5.88752e-23 0.294399 -2.41625e-24 
1.90578e-10 1.94547e-10 0.0225088 5.02124 1.09163e-17 8.93285e-22 0.305746 3.17789e-22 
1.90578e-10 1.94547e-10 0.0225088 5.02124 1.09163e-17 1.34567e-20 0.317088 -1.95125e-22 
1.90578e-10 1.94547e-10 0.0225088 5.02124 1.09171e-17 -1.08401e-20 0.328343 3.87929e-21 
1.90578e-10 1.94547e-10 0.0225088 5.02124 1.09151e-17 -3.61442e-18 0.339378 3.03153e-21 
1.90578e-10 1.94547e-10 0.0225088 5.02124 7.00908e-18 -6.08372e-17 0.350345 -3.29117e-21 
2.74682e-10 8.3611e-10 0.0225093 5.02124 3.26085e-12 5.03206e-12 0.360264 2.21167e-21 
115.715 827.165 244.35 5.02124 6.71231e-16 -6.48182e-17 0.369 0 
115.715 827.165 244.35 5.02124 6.71231e-16 -6.48182e-17 0.369 0 
3.26902e-09 79.0411 0.0178363 5.02259 0.00207066 6.27815 1.37619e-05 -9.18912e-11 
1.90465e-10 17.5699 0.01785 5.0172 4.39353e-10 1.07939e-08 1.54342e-05 4.93981e-11 
6.64839e-11 -7.78174e-11 0.0178522 5.0172 4.15438e-10 7.69426e-09 1.7445e-05 3.18912e-12 
4.24857e-11 1.90184e-12 0.0178523 5.0172 4.15715e-10 8.04418e-09 1.99001e-05 2.39936e-13 
3.90161e-11 3.35867e-11 0.0178523 5.0172 4.1627e-10 8.06824e-09 2.29578e-05 4.38223e-14 
3.85338e-11 3.86427e-11 0.0178523 5.0172 4.16768e-10 8.0702e-09 2.68651e-05 2.84292e-14 
3.84664e-11 3.9191e-11 0.0178523 5.0172 4.17303e-10 8.07038e-09 3.2028e-05 2.72308e-14 
3.84567e-11 3.92702e-11 0.0178523 5.0172 4.17901e-10 8.0704e-09 3.91582e-05 2.72899e-14 
3.84552e-11 3.92386e-11 0.0178523 5.0172 4.18582e-10 8.0704e-09 4.96215e-05 2.74641e-14 
3.84548e-11 3.92546e-11 0.0178523 5.0172 4.19377e-10 8.0704e-09 6.63722e-05 2.76483e-14 
3.84547e-11 3.92508e-11 0.0178523 5.0172 4.20346e-10 8.0704e-09 9.67542e-05 2.78328e-14 
3.84547e-11 3.92546e-11 0.0178523 5.0172 4.21606e-10 8.0704e-09 0.000161437 2.80167e-14 
3.84548e-11 3.92571e-11 0.0178523 5.0172 4.23335e-10 8.0704e-09 0.000323058 2.82e-14 
3.84548e-11 3.92574e-11 0.0178523 5.0172 4.25689e-10 8.0704e-09 0.000770478 2.83828e-14 
3.84549e-11 3.92569e-11 0.0178523 5.0172 4.28456e-10 8.0704e-09 0.00200774 2.85655e-14 
3.8455e-11 3.92564e-11 0.0178523 5.0172 4.30652e-10 8.0704e-09 0.00501954 2.87487e-14 
3.84553e-11 3.92561e-11 0.0178523 5.0172 4.31302e-10 8.0704e-09 0.0108096 2.89333e-14 
3.84556e-11 3.9256e-11 0.0178523 5.0172 4.30916e-10 8.0704e-09 0.0214582 2.91206e-14 
3.84537e-11 3.92559e-11 0.0178523 5.0172 4.31269e-10 8.0704e-09 0.0329788 2.93122e-14 
3.8453e-11 3.92559e-11 0.0178523 5.0172 4.31718e-10 8.0704e-09 0.0444942 2.95102e-14 
3.84529e-11 3.92559e-11 0.0178523 5.0172 4.32092e-10 8.0704e-09 0.0560042 2.97171e-14 
3.84529e-11 3.92559e-11 0.0178523 5.0172 4.32385e-10 8.0704e-09 0.0675085 2.99358e-14 
3.84529e-11 3.92559e-11 0.0178523 5.0172 4.32593e-10 8.0704e-09 0.0790068 3.01696e-14 
3.84529e-11 3.92559e-11 0.0178523 5.0172 4.32709e-10 8.0704e-09 0.0904991 3.0422e-14 
3.84529e-11 3.92559e-11 0.0178523 5.0172 4.32725e-10 8.0704e-09 0.101985 3.06967e-14 
3.84529e-11 3.92559e-11 0.0178523 5.0172 4.3263e-10 8.0704e-09 0.113466 3.09975e-14 
3.84529e-11 3.92559e-11 0.0178523 5.0172 4.32411e-10 8.0704e-09 0.12494 3.13276e-14 
3.84529e-11 3.92559e-11 0.0178523 5.0172 4.32051e-10 8.0704e-09 0.136409 3.16892e-14 
3.84529e-11 3.92559e-11 0.0178523 5.0172 4.31529e-10 8.0704e-09 0.147874 3.20833e-14 
3.8453e-11 3.92559e-11 0.0178523 5.0172 4.30819e-10 8.0704e-09 0.159334 3.25085e-14 
3.8453e-11 3.92559e-11 0.0178523 5.0172 4.29895e-10 8.0704e-09 0.17079 3.29604e-14 
3.84531e-11 3.92559e-11 0.0178523 5.0172 4.28725e-10 8.0704e-09 0.182244 3.34305e-14 
3.84532e-11 3.92559e-11 0.0178523 5.0172 4.27284e-10 8.0704e-09 0.193693 3.39055e-14 
3.84533e-11 3.9256e-11 0.0178523 5.0172 4.25553e-10 8.0704e-09 0.205139 3.43668e-14 
3.84531e-11 3.92559e-11 0.0178523 5.0172 4.23532e-10 8.0704e-09 0.216579 3.47907e-14 
3.8452e-11 3.92557e-11 0.0178523 5.0172 4.21245e-10 8.0704e-09 0.228011 3.51504e-14 
3.84493e-11 3.9255e-11 0.0178523 5.0172 4.18759e-10 8.0704e-09 0.23943 3.54206e-14 
3.84453e-11 3.92528e-11 0.0178523 5.0172 4.16188e-10 8.0704e-09 0.25083 3.55885e-14 
3.8445e-11 3.92485e-11 0.0178523 5.0172 4.13715e-10 8.0704e-09 0.262202 3.57068e-14 
3.84193e-11 3.92432e-11 0.0178523 5.0172 4.11585e-10 8.07041e-09 0.273539 3.6383e-14 
3.83654e-11 3.92335e-11 0.0178523 5.0172 4.10112e-10 8.07047e-09 0.284834 4.41321e-14 
3.78126e-11 3.90171e-11 0.0178523 5.0172 4.09735e-10 8.07123e-09 0.296086 1.2942e-13 
3.37464e-11 3.68608e-11 0.0178524 5.0172 4.11798e-10 8.07938e-09 0.307302 1.02824e-12 
4.07387e-12 1.73e-11 0.0178524 5.0172 4.1694e-10 8.15924e-09 0.318495 9.67833e-12 
-1.91544e-10 -1.3089e-10 0.0178526 5.01719 -2.91195e-10 8.77146e-09 0.32966 6.5612e-11 
2.65872 -1.01212e-09 0.00396989 6.58394 0.393477 -0.0156648 0.340723 -1.92065e-10 
89.2354 29.454 0.219713 31.2687 -0.779637 -6.19271 0.351556 -8.40053e-12 
1290.57 332.477 81.71 5 -1.4 6.28 0.362261 4.7364e-11 
2636.37 2143.05 272.04 5.01721 2.57223e-10 -5.16703e-11 0.369 0 
2636.37 2143.05 272.04 5.01721 2.57223e-10 -5.16703e-11 0.369 0 
2659.07 2210.49 271.177 5 -0.755079 -2.18871 1.15369 -0.925283 
2682.32 2186.94 238.924 26.6477 -0.173126 -6.27999 -0.176776 0.00122723 
2630.15 1993.35 229.422 26.4648 -0.172232 -6.27999 -0.165163 0.000899518 
2577.79 1799.77 219.97 26.2818 -0.171339 -6.27999 -0.153551 0.00574101 
2525.25 1606.18 210.567 26.0988 -0.170445 -6.27998 -0.141939 0.00603273 
2472.54 1412.59 201.214 25.9158 -0.169552 -6.27998 -0.130327 0.00929827 
2419.66 1219 191.909 25.7329 -0.168658 -6.27998 -0.118714 0.0412831 
2366.61 1025.41 182.655 25.5499 -0.167765 -6.27997 -0.107102 0.167509 
2313.4 831.82 173.449 25.3669 -0.166871 -6.27997 -0.0954898 0.355227 
2260.03 638.23 164.293 25.184 -0.165978 -6.27995 -0.0838776 0.430342 
2206.51 444.64 155.186 25.001 -0.165085 -6.27993 -0.0722653 0.509145 
2152.84 251.05 146.128 24.818 -0.164191 -6.27987 -0.0606531 0.654178 
2099.02 57.4626 137.12 24.635 -0.163296 -3.24975 -0.0490408 0.0455155 
2045.16 -10.149 128.162 24.4521 -0.162401 -1.4219 -0.0374286 -0.00315736 
1991.23 -1.7687 119.252 24.2691 -0.161508 -1.62229 -0.0258163 2.4402e-06 
1937.15 -1.7203 110.392 24.0861 -0.160615 -1.62241 -0.0142041 -2.01961e-06 
1882.95 -1.67731 101.581 23.9032 -0.159721 -1.62239 -0.00259184 2.3763e-05 
1828.62 -1.63404 92.82 23.7202 -0.158828 -1.62236 0.00902041 -2.11298e-06 
1774.16 -1.58972 84.1079 23.5372 -0.157934 -1.62236 0.0206327 2.12354e-05 
1719.6 -1.54615 75.4453 23.3542 -0.15704 -1.62235 0.0322449 4.56933e-05 
1664.92 -1.5026 66.8319 23.1712 -0.15615 -1.62235 0.0438571 1.46165e-05 
1610.13 -1.45926 58.2678 22.9884 -0.15527 -1.62232 0.0554694 4.13653e-05 
1555.23 -1.41541 49.7524 22.8059 -0.154356 -1.62231 0.0670816 4.78175e-05 
1500.24 -1.37147 41.2873 22.6226 -0.153242 -1.62232 0.0786939 -6.42911e-06 
1445.14 -1.32868 32.8806 22.4325 -0.152255 -1.62225 0.0903061 4.267e-05 
1389.98 -1.28347 24.5276 22.2413 -0.154093 -1.62234 0.101918 3.65014e-07 
1334.77 -1.24233 16.1109 22.1388 -0.159024 -1.62219 0.113531 -3.83409e-05 
1279.19 -1.19518 7.49608 22.1987 -0.131995 -1.61981 0.125143 0.0001713 
1222.68 -1.04884 0.001 21.7247 -0.0105876 -1.62031 0.136755 3.31784e-05 
1167.02 -0.924633 0.001 21.5418 -0.00969415 -1.62218 0.148367 5.85621e-06 
1111.97 -0.878609 0.001 21.3588 -0.00880065 -1.62236 0.15998 2.80686e-05 
1057.53 -0.840734 0.001 21.1758 -0.00790715 -1.62227 0.171592 6.75911e-05 
1003.7 -0.799476 0.001 20.9928 -0.00701365 -1.62223 0.183204 2.42034e-05 
950.476 -0.75709 0.001 20.8099 -0.00612015 -1.62626 0.194816 7.3781e-06 
897.862 -0.882835 0.629241 20.6269 -0.00522665 -1.62275 0.206429 -1.59456e-05 
845.908 -0.863067 2.8919 20.4439 -0.00433322 -1.62199 0.218041 -2.41801e-05 
794.752 -0.812241 5.20389 20.261 -0.00343971 -1.62217 0.229653 -3.14084e-05 
744.397 -0.769138 7.56522 20.078 -0.0025454 -1.62301 0.241265 -0.0284207 
694.847 -0.76165 9.97592 19.895 -0.00165062 -2.92878 0.252878 0.00351696 
646.064 -55.0414 12.436 19.7119 -0.000765719 -2.32251 0.26449 0.190921 
598.115 -84.1164 14.9451 19.5292 8.79969e-05 0.299938 0.276102 0.170622 
551.07 -4.16419 17.5019 19.3477 0.0010318 2.88269 0.287714 0.148908 
504.928 183.165 20.11 19.1642 0.00255012 5.41915 0.299327 0.011426 
459.696 475.946 22.7934 18.9612 0.00384865 6.27727 0.310939 -5.37331e-05 
415.392 804.402 25.5443 18.7508 -0.00277777 6.27796 0.322551 -4.57292e-05 
372.023 1132.89 28.0338 18.7857 -0.019839 6.27835 0.334163 -2.61697e-05 
328.76 1461.39 29.8117 19.3295 0.0497832 6.27861 0.345776 -1.18672e-05 
283.775 1789.9 34.4478 17.5024 0.402265 6.27881 0.357388 -0.00632589 
244.97 2118.42 53.86 5 0.09 4.34426 0.369 0 
244.97 2118.42 53.86 5 0.09 4.34426 0.369 0 
297.328 2578.32 68.49 5 -0.463783 -0.676321 1.15369 -0.249978 
352.548 2643.51 39.5814 27.6181 0.344441 -6.27984 -0.176776 0.00420686 
259.104 2268.26 71.3655 5 0.125619 -6.27996 0.416441 0.00909993 
313.499 1892.88 88.7959 5 0.125619 -6.27997 0.416441 0.0212799 
370.639 1517.51 106.226 5 0.125619 -6.27996 0.416441 0.0225097 
430.525 1142.13 123.657 5 0.125619 -6.27994 0.416441 0.043646 
493.157 766.759 141.087 5 0.125619 -6.2799 0.416441 0.0749402 
558.534 391.389 158.517 5 0.125619 -6.2798 0.416441 0.0620516 
626.657 16.0271 175.948 5 0.125621 -1.71631 0.416441 0.000387948 
697.812 -0.552164 193.378 5 0.125621 -1.50622 0.416441 -9.12589e-05 
771.725 -0.614619 210.809 5 0.125621 -1.50618 0.416441 0.000263137 
848.384 -0.673873 228.239 5 0.125621 -1.50631 0.416441 0.000109864 
927.789 -0.742805 245.67 5 0.125621 -1.5062 0.416441 -9.41472e-05 
1009.94 -0.803261 263.1 5 0.125621 -1.50626 0.416441 -5.60993e-05 
1094.84 -0.868912 280.531 5 0.125621 -1.50626 0.416441 0.000269815 
1182.48 -0.934091 297.961 5 0.125621 -1.50637 0.416441 0.000790555 
1272.87 -1.00823 315.392 5 0.125621 -1.50632 0.416441 0.000257854 
1366 -1.07794 332.822 5 0.125621 -1.5064 0.416441 4.23987e-05 
1461.88 -1.15459 350.253 5 0.125621 -1.50643 0.416441 -3.16593e-06 
1560.5 -1.23286 367.684 5 0.125621 -1.50651 0.416441 -1.93634e-06 
1661.87 -1.31746 385.114 5 0.125621 -1.50671 0.416441 -2.36602e-07 
1765.99 -1.41805 402.545 5 0.12562 -1.5063 0.416465 -1.95429e-05 
1872.85 -1.48627 419.975 5 0.125903 -1.50652 0.411578 4.76096e-05 
1982.46 -1.57209 437.428 5 0.0687723 -1.50655 0.518415 -1.12289e-06 
2094.91 -1.66053 450.389 5 -0.0629413 -1.50706 0.762347 0.000265126 
2209.6 -1.78925 442.916 5 -0.0619953 -1.50622 0.746041 6.50473e-05 
2323.12 -1.85149 435.518 5 -0.0610492 -1.50649 0.729735 5.21197e-06 
2435.47 -1.93521 428.194 5 -0.0601032 -1.50657 0.713429 7.98377e-06 
2546.66 -2.02473 420.944 5 -0.0591572 -1.50651 0.697122 -2.44941e-06 
2656.71 -2.1099 413.769 5 -0.0582111 -1.50647 0.680816 -3.04579e-06 
2765.63 -2.19226 406.668 5 -0.0572651 -1.50666 0.66451 4.85101e-06 
2873.43 -2.28951 399.642 5 -0.0563191 -1.50642 0.648204 7.41461e-07 
2980.12 -2.36775 392.69 5 -0.055373 -1.50649 0.631898 -2.1723e-06 
3085.72 -2.45122 385.812 5 -0.054427 -1.50645 0.615592 -2.81346e-06 
3190.23 -2.53144 379.009 5 -0.053481 -1.50648 0.599286 -3.69859e-06 
3293.66 -2.61434 372.28 5 -0.0525349 -1.50653 0.58298 -1.16418e-06 
3396.04 -2.70113 365.625 5 -0.0515889 -1.50642 0.566673 -2.04657e-06 
3497.36 -2.77884 359.045 5 -0.0506429 -1.5064 0.550367 -2.10519e-06 
3597.65 -2.8551 352.539 5 -0.0496968 -1.50643 0.534061 -1.74251e-06 
3696.91 -2.93436 346.108 5 -0.0487508 -1.50647 0.517755 -6.14569e-07 
3795.16 -3.01621 339.751 5 -0.0478047 -1.50634 0.501449 -1.17963e-06 
3892.4 -3.088 333.468 5 -0.0468587 -1.50638 0.485143 -9.71822e-07 
3988.65 -3.16324 327.26 5 -0.0459127 -1.51315 0.468837 -0.00135228 
4083.93 -3.77009 321.126 5 -0.0449669 -2.02155 0.452531 0.108041 
4178.2 -44.3479 315.067 5 -0.044018 3.48574 0.436224 0.000519887 
4271.86 348.059 309.082 5 -0.0430705 6.28 0.419918 -2.32072e-05 
4364.75 968.991 303.171 5 -0.0600993 6.28 0.403612 -8.15124e-06 
4456.74 1591.16 295.922 6.07516 -0.617554 6.28 0.387306 -0.0153231 
4541.69 2213.34 244.71 40 -0.09 1.27196 0.369 0 
4541.69 2213.34 244.71 40 -0.09 1.27196 0.369 0 
4460.26 2301.71 233.53 37.1136 1.34223 -6.06383 -0.188388 -0.505182 
4384.7 2143.18 270.708 5 -1.00448 -6.28 -0.176776 -0.392475 
4399.82 1977.31 230.639 40 -0.525579 -6.28 0.0806375 -0.241908 
4317.53 1811.51 204.799 40 -0.525579 -6.28 0.0806375 -0.136187 
4233.5 1645.71 178.96 40 -0.525579 -6.28 0.0806375 -0.0731956 
4147.73 1479.91 153.12 40 -0.525579 -6.28 0.0806375 -0.0382323 
4060.21 1314.12 127.281 40 -0.525579 -6.28 0.0806375 -0.0195267 
3970.95 1148.32 101.441 40 -0.525579 -6.28 0.0806391 -0.0095579 
3879.95 982.522 75.6017 40 -0.525571 -6.28 0.0805022 -0.00445676 
3787.21 816.725 49.7625 40 -0.526252 -6.28 0.0922349 -0.00090983 
3692.72 650.928 23.9003 40 -0.467928 -6.28 0.035274 0.00881302 
3596.45 485.13 0.001 40 0.0559122 -6.28 -0.0606531 0.00604856 
3498.22 319.333 0.001 40 0.0552385 -6.28 -0.0490408 0.00435905 
3399.99 153.536 0.001 40 0.0545648 -6.28 -0.0374286 0.000347321 
3301.76 -2.23586 0.001 40 0.0538935 -1.79916 -0.0258163 -8.23326e-05 
3203.65 -2.5496 0.001 40 0.0532198 -1.78753 -0.0142041 -4.63894e-05 
3105.54 -2.47191 0.001 40 0.0525461 -1.78757 -0.00259184 -2.93391e-05 
3007.43 -2.39569 0.001 40 0.0518723 -1.78748 0.00902041 -2.16819e-05 
2909.32 -2.3164 0.001 40 0.0511986 -1.78778 0.0206327 -1.59668e-05 
2811.21 -2.24702 0.001 40 0.0505249 -1.78722 0.0322449 -1.38706e-05 
2713.1 -2.15876 0.001 40 0.0498512 -1.78748 0.0438571 -1.18474e-05 
2614.99 -2.07939 0.001 40 0.0491775 -1.78754 0.0554694 -1.16871e-05 
2516.89 -2.00186 0.001 40 -0.0971285 -1.78755 0.0670816 -1.09831e-05 
2418.88 -1.92474 0.001 40 -0.182276 -1.78748 0.0786939 -1.12324e-05 
2320.92 -1.84547 0.394701 40 -0.205672 -1.78755 0.0903061 -4.04273e-06 
2223.01 -1.76857 0.001 40 -0.169768 -1.78748 0.101918 -6.83061e-06 
2125.05 -1.68924 0.001 39.9593 -0.0769168 -1.78752 0.113531 -5.42744e-06 
2027.14 -1.61145 0.001 39.3737 0.0576454 -1.7875 0.125143 1.31804e-06 
1930.72 -1.53418 0.001 39.1907 0.0585389 -1.78752 0.136755 -5.30437e-06 
1834.79 -1.45788 0.001 39.0078 0.0594323 -1.78751 0.148367 -3.74467e-06 
1739.35 -1.38157 0.001 38.8248 0.0603255 -1.78772 0.15998 -7.45348e-06 
1644.4 -1.31276 0.001 38.6418 0.0612198 -1.78129 0.171592 0.298519 
1549.95 -1.02807 0.001 38.4589 0.0621171 6.11337 0.183204 0.0347861 
1456.2 264.954 0.001 38.2759 0.0630107 6.28 0.194816 0.00602334 
1362.95 536.543 0.001 38.0929 0.0639043 6.28 0.206429 0.0122189 
1270.19 808.132 0.001 37.9099 0.064797 6.28 0.218041 0.00234173 
1177.92 1079.72 0.001 37.727 0.0656888 6.28 0.229653 0.000192862 
1086.15 1351.31 0.001 37.5441 0.0665865 6.28 0.241265 1.84578e-05 
994.872 1622.9 0.001 37.361 0.0675018 6.28 0.252878 5.57114e-06 
904.085 1894.48 0.001 37.1775 0.0683964 6.28 0.26449 -9.21626e-06 
813.792 2166.07 0.001 36.994 0.0690973 6.28 0.276102 -8.57639e-06 
723.994 2437.66 0.001 36.8156 0.0696461 6.28 0.287714 -7.72153e-06 
634.677 2709.24 0.001 36.645 0.0716558 6.28 0.299327 -5.86665e-06 
545.818 2980.83 0.001 36.4431 0.077565 6.28 0.310939 -4.1743e-06 
457.5 3252.41 0.001 36.1169 0.077242 6.28 0.322551 -2.70825e-06 
370.061 3524 0.001 35.8533 0.0313106 6.28 0.334163 -1.55072e-06 
283.364 3795.58 0.00227219 36.8063 -0.0384742 6.28 0.345776 -7.22503e-07 
194.145 4067.17 0.001 39.3199 0.256732 6.28 0.357388 -0.000457129 
97.9477 4338.76 0.527084 27.9653 1.4 0.0219155 0.369 0 
4004.67 807.51 1981.86 18.3732 0.501011 0 0.170629 0 
4004.67 807.51 1981.86 18.3732 0.501011 -2e-09 0.170629 -1.46528e-05 
4004.67 807.511 1981.86 18.3744 0.501523 -0.0227887 0.170607 1.57027e-05 
2934.17 797.457 2007.62 18.0683 0.505237 -0.0468661 0.175994 0.00048774 
2609.77 -90.7246 1779.21 18.8737 0.488754 0.311648 0.161824 -0.000869764 
2481.75 1503.92 1904.18 18.5648 0.496314 0.119499 0.167258 -0.000333078 
2434.11 2114.56 1951.83 18.4471 0.499197 0.0462001 0.169328 -0.00012854 
2415.96 2350.21 1970.11 18.402 0.500302 0.018073 0.170122 -5.01175e-05 
2408.98 2442.09 1977.17 18.3847 0.500728 0.00722123 0.170427 -1.99378e-05 
2406.27 2478.64 1979.93 18.3778 0.500896 0.00296445 0.170547 -8.0832e-06 
2405.2 2493.45 1981.01 18.3752 0.500961 0.00130995 0.170594 -3.49887e-06 
2404.77 2499.87 1981.44 18.3741 0.500987 0.000645362 0.170613 -1.64159e-06 
2404.6 2502.88 1981.61 18.3737 0.500997 0.000392998 0.17062 -9.30542e-07 
2404.53 2504.58 1981.66 18.3736 0.501 0.000302437 0.170623 -6.65523e-07 
2404.5 2505.8 1981.68 18.3735 0.501001 0.000278929 0.170623 -5.85909e-07 
2404.49 2506.87 1981.68 18.3735 0.501001 0.000282712 0.170623 -5.77564e-07 
2404.48 2507.93 1981.67 18.3735 0.501001 0.000301426 0.170623 -6.09665e-07 
2404.48 2509.05 1981.65 18.3736 0.501 0.000326972 0.170623 -6.55979e-07 
2404.48 2510.25 1981.63 18.3736 0.500999 0.000359582 0.170622 -7.20729e-07 
2404.48 2511.57 1981.6 18.3736 0.500998 0.000396049 0.170621 -7.87006e-07 
2404.48 2513.01 1981.57 18.3737 0.500996 0.000442461 0.170621 -8.84283e-07 
2404.47 2514.63 1981.54 18.3737 0.500994 0.000489676 0.17062 -9.7067e-07 
2404.47 2516.4 1981.51 18.3738 0.500992 0.000549236 0.170619 -1.08816e-06 
2404.47 2518.4 1981.46 18.3739 0.50099 0.000616539 0.170617 -1.21647e-06 
2404.47 2520.62 1981.41 18.3739 0.500987 0.000696715 0.170616 -1.37046e-06 
2404.46 2523.13 1981.35 18.374 0.500984 0.000791143 0.170614 -1.55031e-06 
2404.46 2525.97 1981.28 18.3742 0.500981 0.000903753 0.170612 -1.76376e-06 
2404.45 2529.2 1981.19 18.3743 0.500976 0.00103899 0.17061 -2.01804e-06 
2404.45 2532.9 1981.08 18.3745 0.500971 0.00120328 0.170607 -2.32538e-06 
2404.44 2537.16 1980.95 18.3747 0.500964 0.00140429 0.170603 -2.69726e-06 
2404.43 2542.09 1980.79 18.3749 0.500956 0.00165403 0.170599 -3.15471e-06 
2404.42 2547.87 1980.59 18.3752 0.500946 0.00196846 0.170594 -3.71962e-06 
2404.41 2554.68 1980.33 18.3756 0.500932 0.00237448 0.170587 -4.45272e-06 
2404.39 2562.84 1979.99 18.3761 0.500916 0.00289533 0.170578 -5.35648e-06 
2404.36 2572.64 1979.54 18.3767 0.500893 0.0035971 0.170567 -6.57768e-06 
2404.32 2584.69 1978.93 18.3776 0.500863 0.00453931 0.170552 -8.16481e-06 
2404.27 2599.64 1978.09 18.3787 0.500821 0.00585228 0.170532 -1.03483e-05 
2404.2 2618.59 1976.89 18.3803 0.500763 0.00770766 0.170504 -1.33915e-05 
2404.1 2643.11 1975.17 18.3826 0.500679 0.0103685 0.170463 -1.78154e-05 
2403.95 2675.73 1972.75 18.386 0.500558 0.0141301 0.170404 -2.42266e-05 
2403.74 2720.09 1969.41 18.3911 0.500388 0.0193063 0.170313 -3.3808e-05 
2403.49 2781.99 1965.27 18.3988 0.500163 0.0257374 0.170179 -4.75809e-05 
2403.26 2869.12 1961.22 18.4088 0.499916 0.0320243 0.170002 -6.50967e-05 
2403.24 2988.33 1959.65 18.4176 0.49977 0.0344666 0.169848 -7.93932e-05 
2403.61 3133.71 1963.47 18.4132 0.49995 0.028544 0.169926 -7.07399e-05 
2404.15 3263.2 1969.62 18.375 0.50057 0.0189582 0.170598 -8.77207e-06 
2402.9 3279.04 1951.35 18.287 0.500861 0.0471197 0.172144 0.000117656 
2392.73 3062.65 1823.68 18.17 0.49765 0.24437 0.174203 0.000215889 
2344.61 2629.52 1381.32 18.1276 0.483202 0.898501 0.174906 -0.0016094 
788.009 2459.68 201.039 22.6023 1.04258e-05 0.0816668 0.169629 0 
788.009 2459.68 201.039 22.6023 1.04258e-05 0.0816668 0.169629 0 
734.199 2574.02 205.73 21.8214 0.320822 4.49921 -0.188388 0.202594 
685.353 3005.85 233.568 5 0.121168 6.25667 0.433938 -0.00274443 
737.778 3563.93 248.994 5 0.121168 6.25498 0.433938 -0.00270002 
792.424 4121.88 264.42 5 0.121168 6.25312 0.433938 -0.00266612 
849.292 4679.69 279.846 5 0.121168 6.25095 0.433938 -0.00263733 
908.381 5237.35 295.273 5 0.121168 6.24841 0.433938 -0.00261663 
969.692 5794.83 310.699 5 0.121168 6.24537 0.433938 -0.00260792 
1033.22 6352.09 326.125 5 0.121168 6.24168 0.433938 -0.00261716 
1098.98 6909.08 341.552 5 0.121168 6.23712 0.433938 -0.0026543 
1166.95 7465.75 356.978 5 0.121168 6.23131 0.433938 -0.00273703 
1237.15 8021.99 372.404 5 0.121168 6.22369 0.433938 -0.00289905 
1309.56 8577.69 387.83 5 0.121168 6.21323 0.433939 -0.00321064 
1384.2 9132.64 403.257 5 0.121166 6.19801 0.433983 -0.00384068 
1461.06 9686.5 418.683 5 0.121636 6.17379 0.425879 -0.00530405 
1540.13 10238.6 434.142 5 0.0350487 6.12915 0.662034 -0.0102853 
1621.56 10787.5 443.379 5 -0.0680095 6.01543 0.909099 -0.0843984 
1704.46 11328.2 436.372 5 -0.0670643 4.89097 0.892794 -0.440245 
1786.28 11788.2 429.432 5 -0.066121 -0.243638 0.876489 -0.0712683 
1866.8 11879 422.56 5 -0.0651756 -1.49915 0.860183 -0.000787868 
1946.27 11879.7 415.757 5 -0.0642296 -1.51893 0.843877 0.0010237 
2024.75 11878.9 409.021 5 -0.0632836 -1.50616 0.827571 0.000231843 
2102.26 11879 402.353 5 -0.0623376 -1.5077 0.811265 9.92517e-05 
2178.81 11879.1 395.754 5 -0.0613915 -1.50794 0.794959 4.45246e-05 
2254.41 11879.1 389.222 5 -0.0604455 -1.50937 0.778653 0.00021438 
2329.07 11879 382.758 5 -0.0594995 -1.50507 0.762347 0.00205577 
2402.79 11879.2 376.362 5 -0.0585534 -1.4867 0.746041 0.00485726 
2475.6 11880.7 370.035 5 -0.0576074 -1.42378 0.729734 -0.0982823 
2547.49 11886.8 363.775 5 -0.0566625 -3.68562 0.713428 -0.0787611 
2618.35 11730.3 357.583 5 -0.0557176 -5.7581 0.697122 -0.0096005 
2688.2 11424.8 351.459 5 -0.0547717 -6.0641 0.680816 -0.00203656 
2757.15 11097.4 345.403 5 -0.0538257 -6.14532 0.66451 -0.000644736 
2825.23 10764.1 339.415 5 -0.0528797 -6.18221 0.648204 -0.00019034 
2892.43 10428.2 333.495 5 -0.0519337 -6.20319 0.631898 -5.85839e-06 
2958.78 10090.7 327.643 5 -0.0509877 -6.21673 0.615592 7.51301e-05 
3024.29 9752.28 321.859 5 -0.0500416 -6.2262 0.599286 0.000109202 
3088.96 9413.18 316.143 5 -0.0490956 -6.2332 0.582979 0.000119668 
3152.81 9073.57 310.495 5 -0.0481496 -6.23858 0.566673 0.000117537 
3215.84 8733.58 304.915 5 -0.0472035 -6.24285 0.550367 0.000108566 
3278.06 8393.28 299.403 5 -0.0462575 -6.24632 0.534061 9.60131e-05 
3339.49 8052.73 293.959 5 -0.0453115 -6.2492 0.517755 8.1842e-05 
3400.14 7711.98 288.583 5 -0.0443654 -6.25163 0.501449 6.72997e-05 
3460.01 7371.05 283.275 5 -0.0434194 -6.2537 0.485143 5.32131e-05 
3519.11 7029.97 278.035 5 -0.0424734 -6.25549 0.468837 4.0151e-05 
3577.46 6688.76 272.863 5 -0.0415274 -6.25705 0.452531 2.85201e-05 
3635.06 6347.44 267.759 5 -0.0435177 -6.25843 0.436224 1.93047e-05 
3691.93 6006.02 262.512 5.16056 -0.0380742 -6.25921 0.419918 9.90447e-06 
3747.11 5664.55 257.637 5 -0.0657508 -6.26113 0.403612 5.15442e-06 
3802.55 5322.94 250.792 6.47975 -0.663435 -6.26129 0.387306 0.000329269 
3849.35 4981.32 200.82 40 -0.0899995 -3.94614 0.369 0 
3849.35 4981.32 200.82 40 -0.0899995 -3.94614 0.369 0 
3780.74 4919.75 191.658 33.6128 1.4 1.7573 -0.188388 -0.936152 
3725.44 5020.28 225.139 5.61035 -1.24606 -5.47317 -0.176753 -0.0308655 
3737.16 4915.24 184.685 40 -0.508787 -6.2027 0.0147149 0.000386522 
3667.82 4789.53 163.62 40 -0.508787 -6.19848 0.0147146 0.000373118 
3597.28 4663.94 142.555 40 -0.508786 -6.1942 0.0147143 0.000375646 
3525.54 4538.47 121.49 40 -0.508786 -6.18943 0.0147138 0.000379674 
3452.6 4413.13 100.425 40 -0.508786 -6.18411 0.0147129 0.00038586 
3378.46 4287.95 79.3601 40 -0.508787 -6.17812 0.0147199 0.00039469 
3303.12 4162.94 58.2952 40 -0.508752 -6.17133 0.0141317 0.000406823 
3226.58 4038.12 37.2313 40 -0.511206 -6.16357 0.0564259 0.000423425 
3148.84 3913.52 16.0977 40 -0.333994 -6.1546 0.014438 0.000247166 
3069.8 3789.18 0.00103834 40 0.04294 -6.15111 -0.060611 0.000141151 
2989.63 3664.93 0.00102434 40 0.0422663 -6.15111 -0.0489988 0.000134042 
2909.46 3540.69 0.00102434 40 0.0415926 -6.1511 -0.0373866 0.000126965 
2829.29 3416.45 0.00102434 40 0.0409189 -6.1511 -0.0257743 0.000120174 
2749.12 3292.2 0.00102434 40 0.0402452 -6.15109 -0.0141623 3.49976e-05 
2668.95 3167.96 0.00102434 40 -0.0750517 -6.15469 -0.00259129 0.000104286 
2588.85 3043.61 0.00102435 40 -0.163066 -6.15481 0.00902067 9.12179e-05 
2508.79 2919.26 0.419662 40 -0.198835 -6.15528 0.0206327 8.20567e-05 
2428.78 2794.9 0.00105237 40 -0.184109 -6.15595 0.0322449 8.53079e-05 
2348.74 2670.52 0.0010096 40 -0.12058 -6.15611 0.0438572 7.95299e-05 
2268.66 2546.13 0.00102434 39.6436 -0.0098845 -6.15629 0.0554694 0.000142813 
2189.33 2421.74 0.00102434 39.2473 0.0504404 -6.15179 0.0670817 8.88861e-05 
2110.87 2297.47 0.00102434 39.0644 0.0513342 -6.1505 0.0786939 6.13321e-05 
2032.82 2173.25 0.00102434 38.8814 0.0522276 -6.15087 0.0903062 5.7466e-05 
1955.19 2049.01 0.00102434 38.6984 0.053121 -6.15117 0.101918 5.57598e-05 
1877.98 1924.76 0.00102434 38.5154 0.0540145 -6.15119 0.113531 5.17001e-05 
1801.19 1800.51 0.00102434 38.3325 0.054908 -6.15116 0.125143 4.69569e-05 
1724.8 1676.26 0.00102434 38.1495 0.0558014 -6.15115 0.136755 4.24605e-05 
1648.84 1552.01 0.00102434 37.9665 0.056695 -6.15117 0.148367 7.69139e-05 
1573.29 1427.76 0.00105528 37.7836 0.0575894 -6.14596 0.15998 0.00011538 
1498.16 1303.66 6.97184 37.6006 0.0584836 -6.13376 0.171592 0.000123701 
1423.84 1179.9 13.9764 37.4176 0.0593774 -6.11805 0.183204 0.000123074 
1350.34 1056.59 21.0147 37.2346 0.0602692 -6.09979 0.194816 0.000126679 
1277.65 933.804 28.0867 37.0517 0.0611582 -6.07753 0.206429 0.00013609 
1205.79 811.646 35.1923 36.8688 0.0620557 -6.04889 0.218041 0.00015106 
1134.74 690.302 42.3318 36.6859 0.0629862 -6.01058 0.229653 0.000174194 
1064.52 570.046 49.506 36.5021 0.0639193 -5.95696 0.241265 0.000212367 
995.13 451.313 56.7151 36.3177 0.0646388 -5.87693 0.252878 0.000285299 
926.569 334.856 63.9531 36.1372 0.0649615 -5.74372 0.26449 0.000543551 
858.834 222.184 71.2085 35.9687 0.0659884 -5.42385 0.276102 0.00195693 
791.902 118.603 78.5007 35.7946 0.0708933 -4.02525 0.287714 0.0047755 
725.812 54.7756 85.9403 35.5321 0.0780513 -0.480717 0.299327 0.00420468 
660.818 91.695 93.5953 35.1489 0.0635917 3.29661 0.310939 0.00130757 
597.228 235.978 100.857 35.1349 -0.00426112 5.66045 0.322551 -2.18675e-05 
534.174 447.45 106.19 36.5762 -0.0243244 5.56706 0.334163 -9.37706e-05 
468.152 656.269 110.888 38.1698 0.393673 5.87535 0.345776 4.9696e-06 
398.536 873.854 127.394 30.4147 1.27606 5.94711 0.357388 -7.19259e-05 
347.023 1093.47 169.333 5 0.0899998 3.13486 0.369 0 
347.023 1093.47 169.333 5 0.0899998 3.13486 0.369 0 
380.557 1330.33 178.459 5 -0.627102 0.247382 1.15369 1.01229 
415.638 1420.02 151.037 26.3532 0.518601 5.96555 -0.176776 0.0467561 
359.779 1801.22 180.263 5 0.113666 6.24786 0.463391 -0.00394348 
394.531 2196.73 190.595 5 0.113666 6.24053 0.463391 -0.0030458 
430.339 2591.88 200.927 5 0.113666 6.23805 0.463391 -0.00303589 
467.201 2986.89 211.259 5 0.113666 6.23518 0.463391 -0.00302496 
505.119 3381.76 221.591 5 0.113666 6.23189 0.463391 -0.00302426 
544.091 3776.46 231.923 5 0.113666 6.22808 0.463391 -0.00303782 
584.118 4170.97 242.255 5 0.113666 6.22362 0.463391 -0.00307102 
625.2 4565.25 252.587 5 0.113666 6.21833 0.463391 -0.00313108 
667.337 4959.26 262.919 5 0.113666 6.21193 0.463391 -0.00322839 
710.529 5352.94 273.251 5 0.113666 6.20407 0.463391 -0.00338104 
754.776 5746.23 283.583 5 0.113666 6.19416 0.463391 -0.00362845 
800.077 6139 293.915 5 0.113666 6.18127 0.463391 -0.00405837 
846.433 6531.13 304.247 5 0.113666 6.16383 0.463391 -0.00472904 
893.843 6922.36 314.579 5 0.113666 6.1398 0.463391 -0.00488019 
942.307 7312.37 324.911 5 0.113666 6.10549 0.463391 -0.0182741 
991.825 7700.63 335.243 5 0.113666 6.03225 0.463391 -0.047868 
1042.39 8085.15 345.575 5 0.113665 5.50446 0.463391 -0.400317 
1094 8442.78 355.907 5 0.113664 2.26537 0.463392 -0.4607 
1146.53 8635.32 366.239 5 0.113662 -1.43623 0.463391 -0.398368 
1199.96 8639.21 376.571 5 0.113655 -4.81759 0.463483 -0.102746 
1254.31 8470.76 386.902 5 0.114337 -6.0716 0.451703 -0.0103076 
1309.66 8238.4 397.269 5 0.0252831 -6.07757 0.619033 -0.0019247 
1366.16 8005.74 403.096 5 -0.0537075 -6.13093 0.762341 -0.00113643 
1423.34 7770.36 399.081 5 -0.0527619 -6.15809 0.746038 -0.000650653 
1480.1 7533.59 395.113 5 -0.051816 -6.17723 0.729733 -0.000270927 
1536.46 7295.84 391.194 5 -0.05087 -6.19114 0.713427 -5.87106e-05 
1592.41 7057.39 387.323 5 -0.049924 -6.20171 0.697121 6.30321e-05 
1647.97 6818.4 383.501 5 -0.048978 -6.21004 0.680815 0.000133618 
1703.14 6578.99 379.726 5 -0.048032 -6.21676 0.664509 0.000172773 
1757.92 6339.23 376 5 -0.047086 -6.22231 0.648203 0.000191533 
1812.32 6099.19 372.322 5 -0.0461399 -6.22696 0.631897 0.000196655 
1866.34 5858.91 368.692 5 -0.0451939 -6.23092 0.615591 0.000192553 
1919.99 5618.43 365.111 5 -0.0442479 -6.23433 0.599285 0.000182242 
1973.27 5377.78 361.577 5 -0.0433019 -6.2373 0.582979 0.00016785 
2026.19 5136.97 358.092 5 -0.0423558 -6.2399 0.566673 0.00015093 
2078.76 4896.03 354.655 5 -0.0414098 -6.24221 0.550367 0.000132638 
2130.97 4654.98 351.266 5 -0.0404638 -6.24427 0.534061 0.000113856 
2182.84 4413.82 347.926 5 -0.0395177 -6.24611 0.517755 9.52715e-05 
2234.36 4172.57 344.633 5 -0.0385717 -6.24777 0.501449 7.74283e-05 
2285.54 3931.23 341.389 5 -0.0376257 -6.24928 0.485143 6.07747e-05 
2336.4 3689.81 338.193 5 -0.040806 -6.25065 0.468836 5.41416e-05 
2386.93 3448.33 334.835 5.16 -0.0443381 -6.25037 0.452531 2.6746e-05 
2436.46 3206.86 331.284 5.4405 -0.040259 -6.25297 0.436224 2.07007e-05 
2484.49 2965.25 327.918 5.50636 -0.0251199 -6.2542 0.419918 1.06024e-05 
2531.89 2723.59 325.318 5 -0.103222 -6.25621 0.403612 6.58563e-06 
2581.17 2481.82 318.779 7.72693 -0.887618 -6.2547 0.387306 0.000376329 
2619.44 2240.14 272.04 40 -0.0899997 -4.68003 0.369 0 
2619.44 2240.14 272.04 40 -0.0899997 -4.68003 0.369 0 
2572.29 2182.5 266.14 33.8651 1.4 -1.10944 -0.188388 0.373297 
2534.06 2195.25 289.816 13.9493 0.067695 1.99703 -0.176774 -0.856447 
2528.81 2269.24 287.849 16.5704 -1.4 -2.36569 0.239198 -0.594567 
2519.86 2257.2 256.858 40 -0.469594 -6.10634 -0.136586 -0.00215625 
2472.23 2171.43 243.473 40 -0.459828 -6.14179 -0.138704 -0.00114683 
2424.07 2084.96 230.281 39.8553 -0.456525 -6.17235 -0.130326 0.00137452 
2375.62 1997.89 217.158 39.6724 -0.455657 -6.1535 -0.118714 0.00203844 
2326.93 1911.19 204.059 39.4899 -0.454777 -6.12459 -0.107102 0.00109114 
2278.02 1825.06 190.982 39.3075 -0.453818 -6.10962 -0.0954897 0.000352679 
2228.88 1739.22 177.93 39.124 -0.452752 -6.10684 -0.0838775 0.00034173 
2179.51 1653.44 164.905 38.938 -0.451781 -6.10404 -0.0722653 0.000547369 
2129.92 1567.71 151.905 38.7513 -0.451374 -6.09692 -0.060653 0.000666798 
2080.12 1482.13 138.919 38.5723 -0.451663 -6.0868 -0.0490408 0.000680939 
2030.08 1396.74 125.932 38.4106 -0.451176 -6.07564 -0.0374285 0.000664646 
1979.79 1311.57 112.961 38.2522 -0.446715 -6.06401 -0.0258163 0.0006666 
1929.23 1226.64 100.082 38.0371 -0.43774 -6.05147 -0.014204 0.000690727 
1878.5 1141.95 87.3877 37.705 -0.434946 -6.03737 -0.00259179 0.000725086 
1827.79 1057.53 74.7586 37.3635 -0.460068 -6.02128 0.00902046 0.000762792 
1777.13 973.436 61.6448 37.4326 -0.514201 -6.00292 0.0206327 0.000804464 
1725.87 889.702 47.4615 38.2949 -0.519953 -5.9819 0.0322449 0.000853176 
1672.68 806.383 33.1374 39.1226 -0.330293 -5.95773 0.0438572 0.000910144 
1617.55 723.542 22.5272 36.9885 0.0437721 -5.92979 0.0554694 0.000971809 
1565.23 641.249 19.3606 36.8055 0.0446763 -5.89747 0.0670817 0.00102457 
1513.06 559.594 23.5166 36.6225 0.0455708 -5.8605 0.0786939 0.00103323 
1461.36 478.667 27.6961 36.4395 0.0464646 -5.81975 0.0903062 0.00092172 
1410.1 398.543 31.899 36.2565 0.0473574 -5.77863 0.101918 0.000638557 
1359.3 319.231 36.1252 36.0736 0.0482497 -5.74043 0.113531 0.000686654 
1308.96 240.671 40.3749 35.8906 0.0491437 -5.676 0.125143 0.00324554 
1259.08 163.381 44.648 35.7077 0.0500429 -5.43043 0.136755 0.0112699 
1209.65 90.9339 48.9446 35.5246 0.0509455 -4.69376 0.148367 0.023417 
1160.7 33.0128 53.2648 35.3415 0.0518355 -3.25405 0.15998 0.0327752 
1112.23 3.48114 57.6083 35.1584 0.0526903 -1.25553 0.171592 0.0336699 
1064.25 13.3583 61.9745 34.9759 0.0535271 0.917399 0.183204 0.0263549 
1016.77 66.0835 66.3629 34.7943 0.0544606 2.88123 0.194816 0.0153936 
969.776 157.533 70.7755 34.6119 0.0556382 4.35833 0.206429 0.00606686 
923.269 278.11 75.2171 34.4251 0.0569135 5.2209 0.218041 0.00135665 
877.244 415.696 79.6897 34.2332 0.0574771 5.56138 0.229653 0.000419723 
831.706 559.995 84.1795 34.0473 0.0563668 5.65613 0.241265 0.000516796 
786.64 706.162 88.6533 33.8919 0.0547629 5.71702 0.252878 0.000405172 
741.998 853.53 93.1004 33.7704 0.0583619 5.78458 0.26449 0.000203576 
697.723 1002.23 97.6223 33.6004 0.073381 5.8461 0.276102 8.14967e-05 
653.89 1152.14 102.446 33.2168 0.0904969 5.89555 0.287714 4.37624e-05 
610.849 1303.03 107.619 32.6156 0.0697621 5.93408 0.299327 3.74782e-05 
568.97 1454.68 112.402 32.3927 -0.0285913 5.96785 0.310939 2.6122e-05 
527.672 1606.99 115.253 33.6638 -0.132106 5.99799 0.322551 -2.41188e-05 
484.519 1759.9 116.022 36.3144 0.0384392 5.95056 0.334163 -0.000177341 
437.141 1911.87 120.071 36.0558 0.73437 5.13303 0.345776 -0.0027035 
390.044 2047.73 137.851 25.3796 1.4 1.82437 0.357388 -1.99399e-05 
360.204 2118.33 169.094 5.55722 0.0899988 1.35334 0.369 0 
360.204 2118.33 169.094 5.55722 0.0899988 1.35334 0.369 0 
412.347 2360.64 184.513 5 -0.320515 -3.78209 1.15369 1.02336 
471.235 2168.15 165.249 20.3903 0.263086 6.14098 -0.176775 0.00873804 
422.123 2815.9 193.31 5 0.120377 6.25707 0.437044 -0.00270667 
482.434 3473.41 211.377 5 0.120377 6.25506 0.437044 -0.00265816 
545.809 4130.74 229.443 5 0.120377 6.25285 0.437044 -0.0026286 
612.249 4787.88 247.509 5 0.120377 6.25022 0.437044 -0.00260772 
681.754 5444.81 265.576 5 0.120377 6.24702 0.437044 -0.00260028 
754.323 6101.46 283.642 5 0.120377 6.24306 0.437044 -0.00261398 
829.957 6757.78 301.709 5 0.120377 6.23801 0.437044 -0.0026624 
908.656 7413.67 319.775 5 0.120377 6.23137 0.437044 -0.00277156 
990.418 8068.99 337.841 5 0.120377 6.22224 0.437044 -0.0029969 
1075.25 8723.55 355.908 5 0.120377 6.20889 0.437044 -0.00347474 
1163.14 9376.97 373.974 5 0.120377 6.18757 0.437045 -0.00462357 
1254.09 10028.6 392.041 5 0.120377 6.14809 0.437045 -0.00857782 
1348.11 10676.9 410.107 5 0.120377 6.04738 0.437045 -0.0781095 
1445.18 11316.6 428.173 5 0.120376 4.88095 0.437044 -0.463135 
1545.24 11857.6 446.24 5 0.12037 -1.21487 0.437104 -0.0338419 
1647.96 11882.5 464.305 5 0.121108 -1.5485 0.424369 0.00204863 
1753.71 11879.1 482.434 5 -0.0392896 -1.5117 0.705493 0.000313102 
1862.82 11878.8 486.981 5 -0.0636183 -1.50711 0.843875 -0.000104098 
1972.73 11878.9 479.137 5 -0.0626724 -1.5097 0.82757 0.000389467 
2081.32 11878.8 471.374 5 -0.0617265 -1.50185 0.811264 -0.00135628 
2188.59 11879.4 463.69 5 -0.0607805 -1.556 0.794959 -0.026996 
2294.55 11875.4 456.087 5 -0.0598349 -2.46577 0.778653 -0.149661 
2399.15 11794.3 448.563 5 -0.0588907 -5.83003 0.762346 -0.00992842 
2502.25 11428.5 441.119 5 -0.0579448 -6.10475 0.74604 -0.00169793 
2604.07 11039.3 433.756 5 -0.0569988 -6.16785 0.729734 -0.000463733 
2704.63 10644.8 426.473 5 -0.0560528 -6.19748 0.713428 -4.82486e-05 
2803.96 10247.8 419.269 5 -0.0551068 -6.21475 0.697122 0.000124537 
2902.06 9849.33 412.146 5 -0.0541607 -6.22607 0.680816 0.000200366 
2998.95 9449.9 405.103 5 -0.0532147 -6.23405 0.66451 0.00023059 
3094.64 9049.8 398.14 5 -0.0522687 -6.23998 0.648204 0.000237088 
3189.15 8649.2 391.257 5 -0.0513226 -6.24456 0.631898 0.000230467 
3282.48 8248.21 384.455 5 -0.0503766 -6.24821 0.615592 0.000216386 
3374.67 7846.91 377.732 5 -0.0494306 -6.25117 0.599286 0.000198103 
3465.71 7445.36 371.089 5 -0.0484846 -6.25363 0.582979 0.000177613 
3555.62 7043.6 364.527 5 -0.0475385 -6.25571 0.566673 0.000156205 
3644.42 6641.66 358.044 5 -0.0465925 -6.25748 0.550367 0.000134754 
3732.11 6239.57 351.642 5 -0.0456465 -6.25902 0.534061 0.000113878 
3818.72 5837.36 345.32 5 -0.0447004 -6.26036 0.517755 9.4031e-05 
3904.25 5435.03 339.078 5 -0.0437544 -6.26153 0.501449 7.55556e-05 
3988.73 5032.6 332.916 5 -0.0428084 -6.26258 0.485143 5.87183e-05 
4072.15 4630.09 326.834 5 -0.0418623 -6.26351 0.468837 4.37297e-05 
4154.55 4227.49 320.832 5 -0.0409163 -6.26435 0.452531 3.09167e-05 
4235.92 3824.82 314.911 5 -0.0434549 -6.26503 0.436224 1.99748e-05 
4316.29 3422.1 308.774 5.22447 -0.0374622 -6.26569 0.419918 1.11832e-05 
4394.09 3019.32 303.114 5 -0.058233 -6.26658 0.403612 5.26893e-06 
4472.49 2616.46 295.726 6.2983 -0.571439 -6.26682 0.387306 0.000321061 
4541.69 2213.59 244.71 40 -0.0899993 -3.6096 0.369 0 
4541.69 2213.59 244.71 40 -0.0899993 -3.6096 0.369 0 
4460.2 2152.39 233.541 37.0973 1.3427 3.70618 -0.188388 -0.0578115 
4385 2337.2 270.707 5 -1.00566 2.36176 -0.176772 -0.808531 
4400.35 2476.73 230.632 40 -0.525495 -6.07558 0.0803099 -0.00122018 
4318.13 2332.61 204.818 40 -0.525495 -6.12196 0.0803096 0.000943935 
4234.18 2186.93 179.005 40 -0.525495 -6.09685 0.0803094 0.0011847 
4148.48 2042.09 153.191 40 -0.525495 -6.06203 0.0803091 0.00156301 
4061.05 1898.42 127.377 40 -0.525495 -6.011 0.0803085 0.00209221 
3971.88 1756.47 101.563 40 -0.525495 -5.92982 0.0803091 0.00346796 
3880.98 1617.24 75.7489 40 -0.525488 -5.75848 0.0801863 0.0126025 
3788.33 1483.78 49.9352 40 -0.526089 -5.28329 0.0905596 0.0710347 
3693.97 1366.3 24.1013 40 -0.474539 -2.4518 0.0598523 0.0723749 
3597.9 1344.04 0.0010292 40 0.0558475 0.392132 -0.0606182 0.0211268 
3499.93 1417.41 0.00102019 40 0.0551743 1.38781 -0.049006 0.00553742 
3401.98 1524.27 0.00102019 40 0.0545007 1.67063 -0.0373937 0.00127843 
3304.05 1640.63 0.00102019 40 0.0538271 1.74305 -0.0257815 0.000156101 
3206.11 1759.43 0.00102019 40 0.0531534 1.7563 -0.0141692 -0.000175092 
3108.18 1878.68 0.00102019 40 0.0524797 1.75033 -0.00255699 -0.000443011 
3010.24 1997.72 0.00102019 40 0.0518059 1.72676 0.00905525 -0.00117406 
2912.31 2115.97 0.00102019 40 0.0511322 1.65216 0.0206675 -0.00359747 
2814.38 2231.72 0.00102019 40 0.0504583 1.39865 0.0322797 -0.0113922 
2716.44 2338.93 0.00102019 40 0.0497842 0.539334 0.043892 -0.0342059 
2618.47 2417.25 0.00102019 40 0.0477571 -1.99388 0.0554698 -0.0105561 
2520.44 2410.39 0.00102019 40 -0.0997436 -2.91087 0.0670818 -0.00443035 
2422.49 2372.69 0.00102648 40 -0.183073 -3.33173 0.078694 -0.00395113 
2324.58 2320.84 0.365873 40 -0.204774 -3.73776 0.0903062 -0.000322471 
2226.69 2255.33 0.00100902 40 -0.167293 -3.77646 0.101918 0.00518468 
2128.76 2188.52 0.00102019 39.9426 -0.0729742 -3.15836 0.113531 0.0265608 
2030.93 2142.49 0.00102019 39.3686 0.0576307 -0.176346 0.125143 0.0115346 
1934.65 2196.75 0.00102019 39.1856 0.0585252 1.42339 0.136755 0.00155196 
1838.9 2304.8 0.00102019 39.0026 0.0594187 1.67375 0.148367 -0.000182361 
1743.64 2421.26 0.00102019 38.8196 0.0603122 1.64606 0.15998 -2.50702e-05 
1648.88 2536.8 0.00102019 38.6367 0.0612057 1.64549 0.171592 4.54411e-05 
1554.62 2652.32 0.00102019 38.4537 0.0620992 1.65977 0.183204 1.80373e-05 
1460.84 2768.31 0.00102019 38.2707 0.0629928 1.66857 0.194816 3.80488e-06 
1367.56 2884.6 0.00102019 38.0878 0.0638863 1.674 0.206429 5.37021e-06 
1274.77 3001.08 0.00102019 37.9048 0.064779 1.68009 0.218041 8.93453e-06 
1182.47 3117.76 0.00102019 37.7218 0.0656709 1.6878 0.229653 1.09152e-05 
1090.66 3234.69 0.00102019 37.5389 0.0665686 1.69695 0.241265 1.17109e-05 
999.352 3351.94 0.00102019 37.3559 0.0674841 1.70743 0.252878 1.16697e-05 
908.532 3469.53 0.00102019 37.1723 0.0683784 1.71916 0.26449 1.07368e-05 
818.207 3587.52 0.00102019 36.9888 0.0690781 1.73188 0.276102 8.51973e-06 
728.376 3705.94 0.00102019 36.8104 0.0696262 1.74465 0.287714 3.89262e-06 
639.026 3824.79 0.00102019 36.6399 0.0716434 1.75406 0.299327 -5.96658e-06 
550.134 3943.95 0.00102019 36.4378 0.0775678 1.74823 0.310939 -2.71599e-05 
461.782 4062.92 0.00102019 36.1113 0.0772205 1.68536 0.322551 -6.99286e-05 
374.309 4179.77 0.00102019 35.8479 0.0311774 1.42048 0.334163 -0.000140793 
287.569 4287.71 0.00102019 36.803 -0.038612 0.480923 0.345776 -0.000205019 
198.278 4364.06 0.00101361 39.317 0.256948 -2.22283 0.357388 2.24706e-05 
101.941 4349.5 0.535759 25.777 1.4 -0.942471 0.369 0 
