grtopS_81_5
50
2 2
10 10 
0 8 6 3 7 2 4 1 5 9 
0 8 6 3 7 2 4 1 5 9 
2239.15 64.3221 62.9665 63.8103 66.7437 75.0242 64.802 65.1411 84.7631 
98807 56.2131 52.7007 0.0379035 3.04504e-09 26.9545 3.13646 70.6718 139.508 
45.697 1.3127 1.28503 1.30225 1.36212 1.53111 1.32249 1.32941 1.72986 
2016.47 1.14721 1.07552 0.000773541 6.21437e-11 0.550092 0.0640095 1.44228 2.84711 
1.24235e-05 0.0718919 4.12853e-10 4.81332e-08 3.57625e-08 0.289852 2.93125e-11 0 0.436273 
1.45399e-06 1.45443e-06 1.48561e-06 1.44137e-06 3.79101 1.43688e-06 1.43811e-06 1.44526e-06 1.5389 
565.81 207.03 529.24 32.4688 0.798079 0 0.0434861 0 
565.81 207.03 529.24 32.4688 0.798083 6.76329e-06 0.0437244 -0.0261915 
565.817 207.027 529.244 32.4628 0.850901 -0.361497 0.0428046 0.0319317 
191.395 150.72 583.76 22.7 1.00665 -0.0446054 0.0594509 0.04175 
207.48 -382.487 480.16 33.1088 0.781304 0.0426731 0.0424505 -0.00301391 
195.609 -344.246 483.728 32.6623 0.790923 0.0404016 0.0431787 -0.00109837 
185.461 -330.47 482.648 32.6692 0.790622 0.0420182 0.0431676 -0.00114787 
175.755 -316.153 481.483 32.6875 0.789929 0.0436579 0.0431432 -0.00126193 
166.415 -300.517 480.198 32.7519 0.788782 0.0453466 0.0430315 -0.00150336 
157.356 -281.608 479.833 32.6504 0.790789 0.0463925 0.043199 -0.00108857 
148.964 -268.067 478.227 32.679 0.790123 0.0484584 0.0431514 -0.00121381 
140.876 -252.908 476.863 32.6593 0.790464 0.0503586 0.0431836 -0.00113444 
133.199 -238.738 475.211 32.6479 0.790788 0.0525535 0.0431985 -0.0010687 
125.908 -225.278 473.52 32.5824 0.792078 0.0548966 0.043304 -0.000798701 
119.112 -215.277 471.022 32.5715 0.792011 0.0579431 0.0433242 -0.000784196 
112.617 -205.551 468.099 32.6082 0.791089 0.0613456 0.0432634 -0.00095126 
106.308 -193.678 465.421 32.5894 0.791335 0.064603 0.0432933 -0.000883475 
100.313 -182.662 462.384 32.5771 0.791426 0.0682212 0.0433119 -0.000846064 
94.5959 -172.138 459.036 32.564 0.791304 0.0721423 0.0433374 -0.000832661 
89.1157 -161.902 455.135 32.6162 0.790174 0.0765331 0.0432479 -0.00104638 
83.7268 -148.8 451.771 32.5409 0.791599 0.0806241 0.0433694 -0.000737351 
78.7317 -139.613 447.421 32.5205 0.791742 0.085639 0.0434028 -0.000675723 
73.9608 -131.23 442.548 32.5193 0.791479 0.0911705 0.043404 -0.000694197 
69.3524 -122.606 437.365 32.5067 0.79145 0.097063 0.0434249 -0.000661697 
64.9259 -114.351 431.74 32.4902 0.791744 0.103472 0.0434445 -0.000579287 
60.7122 -106.937 425.879 32.3899 0.793222 0.110329 0.0436129 -0.000219936 
56.9047 -104.293 418.268 32.4679 0.79113 0.118681 0.0434845 -0.000588424 
53.0523 -96.9362 411.043 32.4478 0.791121 0.12685 0.0435164 -0.00053915 
49.4081 -90.213 403.149 32.4336 0.790909 0.135722 0.0435395 -0.000523223 
45.9344 -83.7165 394.573 32.4295 0.790525 0.145309 0.0435446 -0.000542462 
42.5933 -76.943 385.464 32.3996 0.79062 0.155533 0.043592 -0.000458648 
39.4344 -71.2226 375.475 32.3793 0.790424 0.166691 0.0436247 -0.000425187 
36.4218 -65.9441 364.618 32.3693 0.78998 0.178769 0.0436398 -0.000437043 
33.5162 -60.5125 352.975 32.3505 0.78967 0.191724 0.0436694 -0.000415982 
30.7274 -55.35 340.397 32.3324 0.78929 0.205696 0.0436978 -0.000402344 
28.0411 -50.3626 326.831 32.3132 0.78887 0.220749 0.0437279 -0.000389569 
25.447 -45.5402 312.203 32.2932 0.788403 0.236962 0.0437593 -0.000378465 
22.9347 -40.8617 296.435 32.2721 0.787888 0.254422 0.0437924 -0.000368873 
20.494 -36.3089 279.445 32.2499 0.787322 0.273222 0.0438272 -0.000360806 
18.1149 -31.8627 261.141 32.2264 0.786701 0.29346 0.0438639 -0.000354237 
15.7879 -27.5054 241.427 32.2016 0.786021 0.315245 0.0439028 -0.000349177 
13.5026 -23.2165 220.198 32.1755 0.785287 0.338693 0.0439435 -0.000344939 
11.2511 -18.98 197.354 32.1446 0.78454 0.363922 0.0439924 -0.000330543 
9.03288 -14.9369 172.723 32.1166 0.783659 0.391101 0.0440333 -0.000335719 
6.82686 -10.8516 146.263 32.0751 0.782413 0.420274 0.0441032 -0.000556754 
4.60861 -6.76612 117.156 32.2 0.776837 0.449316 0.0439121 -0.00181893 
-0.781567 7.22723 86.3603 32.5737 0.764941 0.474009 0.0433827 -0.00311844 
-15.7774 45.7792 55.4696 33.3471 0.754419 0.508654 0.0422755 -0.000694824 
-30.1792 120.182 38.9857 30.8424 0.873898 0.601418 0.0389864 -0.00595153 
32.669 -12.2485 64.3 8.57493 0.0131927 0.341534 0.0424861 0 
32.669 -12.2485 64.3 8.57493 0.0131927 0.341534 0.0424861 0 
37.8801 18.9849 65.0181 8.74302 -1.32271 0.270896 1.15369 -1.02859 
43.3309 49.0611 43.8508 24.7369 0.111713 -0.730981 -0.176776 1.00718 
26.6131 62.7444 45.7583 22.1108 0.601499 0.253304 -0.165163 0.985776 
13.2569 92.547 55.757 13.7969 0.702746 1.21884 -0.0146589 -0.964367 
11.1196 138.156 67.6323 5 0.0239985 0.277094 0.815388 -0.914343 
21.1275 168.33 68.6212 5 0.0239981 -0.585018 0.815388 -0.921551 
31.1566 184.383 69.6101 5 0.0239976 -1.49058 0.815389 -0.795676 
41.2064 185.604 70.599 5 0.0239972 -2.2455 0.815388 -0.781093 
51.2788 174.46 71.5879 5 0.0239968 -3.01962 0.815389 0.193973 
61.3735 150.637 72.5768 5 0.0239969 -2.78981 0.815389 0.707873 
71.5037 130.578 73.5657 5 0.0239972 -2.20242 0.815389 0.563106 
81.674 120.14 74.5546 5 0.0239975 -1.72841 0.815389 0.464173 
91.8829 117.465 75.5435 5 0.0239977 -1.26214 0.815389 -0.404694 
102.13 122.428 76.5324 5 0.0239975 -1.64952 0.815389 -0.750286 
112.405 121.046 77.5213 5 0.0239971 -2.40073 0.815389 -0.728878 
122.703 107.36 78.5102 5 0.0239967 -3.13305 0.815389 0.370087 
133.023 81.6785 79.499 5 0.0239969 -2.72714 0.815389 0.686061 
143.381 62.6459 80.4879 5 0.0239974 -2.03489 0.815388 0.664653 
153.781 54.9517 81.4768 5 0.0239953 -1.36156 0.815429 0.643245 
164.222 58.2861 82.4657 5 0.0240941 -0.707178 0.813733 0.621837 
174.704 72.3387 83.4562 5 0.0200411 -0.0717457 0.808455 0.600429 
185.228 96.7991 84.3803 5.05432 0.0031549 0.544722 0.811265 -0.57902 
195.724 131.357 85.0264 5.31125 0.00189953 -0.0499939 0.794959 -0.557612 
205.898 156.174 85.6452 5.56818 0.000642959 -0.625719 0.778653 -0.536204 
215.747 171.561 86.2366 5.82513 -0.000613917 -1.18244 0.762347 -0.514796 
225.271 177.83 86.8007 6.0821 -0.00186794 -1.72014 0.746041 -0.493388 
234.471 175.293 87.3376 6.33906 -0.00311577 -2.23882 0.729735 -0.248753 
243.344 164.26 87.8472 6.59592 -0.00435996 -2.53634 0.713429 0.450571 
251.893 148.354 88.3298 6.85266 -0.00561473 -2.05716 0.697122 -0.122053 
260.128 140.297 88.785 7.10943 -0.00689933 -2.11883 0.680816 -0.407755 
268.041 131.23 89.2125 7.36658 -0.00820932 -2.56024 0.66451 -0.251371 
275.624 114.933 89.6117 7.6244 -0.00948362 -2.7441 0.648204 0.364939 
282.881 95.6254 89.9833 7.88236 -0.0106201 -2.34258 0.631898 0.343531 
289.816 82.8945 90.3295 8.13875 -0.0115983 -1.96018 0.615592 0.322122 
296.432 76.4272 90.653 8.39175 -0.0126665 -1.59692 0.599286 0.300714 
302.732 75.9101 90.9524 8.64285 -0.0143482 -1.25279 0.58298 0.279306 
308.717 81.0298 91.2175 8.8999 -0.0169265 -0.927825 0.566673 0.257898 
314.378 91.4725 91.4338 9.17343 -0.0194615 -0.622026 0.550367 0.23649 
319.692 106.924 91.6013 9.46114 -0.0193962 -0.335407 0.534061 0.215082 
324.638 127.071 91.7623 9.72913 -0.01458 -0.0679823 0.517755 0.193673 
329.239 151.598 91.9952 9.92028 -0.00816614 0.180236 0.501449 0.032121 
333.598 180.191 92.3281 10.0229 -0.012107 0.184169 0.485143 -0.150857 
337.835 208.848 92.5938 10.1755 -0.0399403 -0.0231488 0.468837 -0.129449 
341.887 234.11 92.3996 10.6704 -0.083455 -0.21122 0.452531 -0.108041 
345.294 256.292 91.4796 11.6665 -0.0892283 -0.380033 0.436224 -0.0866327 
347.364 275.71 90.439 12.64 0.0197815 -0.529574 0.419918 -0.0652245 
348.084 292.679 91.1583 12.163 0.237852 -0.659834 0.403612 -0.0438163 
349.381 307.515 95.4619 9.03126 0.337806 -0.770804 0.387306 0.0220991 
354.895 320.529 101.485 5 -0.09 -0.678581 0.369 0 
354.895 320.529 101.485 5 -0.09 -0.678581 0.369 0 
364.539 334.815 100.555 6.63618 -1.22724 -0.678006 1.15369 -1.02787 
372.416 349.111 81.348 21.419 -0.215253 -1.58836 -0.0051568 -0.988273 
360.347 348.825 77.9876 23.1323 0.247784 -2.46424 -0.165162 -0.969587 
345.809 334.498 82.0075 19.1314 0.57913 -3.32413 -0.153549 -0.957283 
336.423 306.38 91.443 11.4983 0.324308 -4.17367 -0.131564 -0.941025 
337.218 264.631 96.9888 7.75575 -1.03247 -5.00935 1.07216 -0.92017 
343.424 209.48 80.8763 20.1032 -0.0493713 -5.82705 -0.110574 0.737536 
332.923 141.23 80.2095 20.0051 -0.0417765 -5.17613 -0.107093 0.872596 
322.532 83.4175 79.6669 19.8221 -0.0408964 -4.4051 -0.0954825 0.846166 
312.369 37.9672 79.1432 19.6393 -0.0400221 -3.65699 -0.0838684 0.824832 
302.433 4.5117 78.6382 19.4567 -0.0391199 -2.92732 -0.0722529 0.812407 
292.724 -17.2443 78.1523 19.274 -0.0381528 -2.20818 -0.0606373 0.7917 
283.243 -27.47 77.6867 19.0903 -0.0371437 -1.50694 -0.0490199 0.770664 
273.992 -26.4521 77.2419 18.9053 -0.036229 -0.823887 -0.0373879 0.0588326 
264.973 -14.4824 76.8166 18.7203 -0.035575 -0.771266 -0.0255332 -0.727728 
256.179 -1.66912 76.4065 18.5382 -0.0346517 -1.41571 -0.0139548 -0.24203 
247.596 0.810951 76.0159 18.3556 -0.0336756 -1.63011 -0.00240806 0.0654351 
239.233 -0.146884 75.6456 18.1721 -0.0327895 -1.57216 0.00925093 0.00251458 
231.094 -0.175668 75.2942 17.9887 -0.0318765 -1.56993 0.0208594 -0.000251397 
223.179 -0.168923 74.9622 17.8051 -0.0310402 -1.57015 0.0324979 -4.42892e-05 
215.489 -0.165933 74.6484 17.6222 -0.0302362 -1.57019 0.0442085 -0.000788678 
208.023 -0.163756 74.3521 17.4404 -0.0291776 -1.57089 0.0556287 0.00564672 
200.782 -0.172971 74.0775 17.2565 -0.0284115 -1.56589 0.0673734 0.218191 
193.767 -0.102136 73.8199 17.0743 -0.0274583 -1.37251 0.0789123 -0.145581 
186.981 3.06911 73.5822 16.8912 -0.0265787 -1.50141 0.0905313 -0.514724 
180.42 4.17346 73.3634 16.7083 -0.0256928 -1.95754 0.10214 -0.493345 
174.081 -2.03606 73.1634 16.5256 -0.0247995 -2.39502 0.113742 -0.47193 
167.964 -15.2603 72.9825 16.3428 -0.0239018 -2.81381 0.125346 0.200013 
162.071 -35.1996 72.8207 16.1599 -0.0229986 -2.63734 0.136949 0.429133 
156.41 -52.3096 72.678 15.9769 -0.0221009 -2.2577 0.148553 0.407741 
150.984 -63.3326 72.5545 15.7939 -0.0212259 -1.89678 0.160158 0.386338 
145.793 -68.5688 72.4496 15.6111 -0.020376 -1.55459 0.171765 0.364933 
140.838 -68.3186 72.3631 15.4288 -0.0195099 -1.23116 0.183376 0.343526 
136.118 -62.8826 72.2952 15.2468 -0.018541 -0.926486 0.194964 0.322119 
131.633 -52.5617 72.2475 15.0638 -0.017484 -0.640591 0.206545 0.300711 
127.385 -37.6569 72.2215 14.8788 -0.0165107 -0.373485 0.218289 0.279303 
123.377 -18.4696 72.2158 14.693 -0.0155272 -0.12518 0.229666 0.257895 
119.611 4.69887 72.2306 14.5065 -0.0155436 0.104311 0.241458 0.236487 
116.087 31.5468 72.25 14.3314 -0.0156424 0.314977 0.253001 0.215079 
112.792 61.7723 72.2723 14.1676 -0.0146953 0.506805 0.264599 0.193671 
109.71 95.0735 72.3139 14.0012 -0.01087 0.679783 0.276198 0.172263 
106.844 131.148 72.4212 13.7973 -0.00462108 0.833899 0.287798 0.150855 
104.244 169.693 72.634 13.5302 -0.0016847 0.96914 0.299399 0.129447 
101.995 210.407 72.9007 13.2471 -0.0115839 1.0855 0.31103 0.108039 
100.122 252.986 73.0159 13.106 -0.0364543 1.18295 0.352622 0.0866299 
98.4435 297.127 72.736 13.2536 0.0173257 1.2615 0.419726 0.0652209 
96.5502 342.528 73.3146 12.6823 0.253214 1.32112 0.403537 0.0438098 
95.3346 388.885 77.6901 9.30458 0.359091 1.3618 0.386887 -0.0211621 
98.5657 435.89 83.85 5.00001 -0.0899665 1.34492 0.369 0 
98.5657 435.89 83.85 5.00001 -0.0899665 1.34492 0.369 0 
108.365 483.246 82.9079 6.65771 -1.24245 1.34682 1.15369 -0.984196 
116.35 530.635 63.1962 21.8243 -0.213295 0.464802 -0.00279106 -0.990938 
103.601 563.707 59.812 23.4918 0.324049 -0.423868 -0.165153 -0.982587 
88.3837 582.342 65.1156 18.4564 0.713738 -1.30563 -0.153524 -0.962673 
79.7574 586.644 76.8824 9.1285 0.349083 -2.17009 0.120774 -0.941835 
83.7664 576.89 82.9668 5.09944 -0.77874 -3.01639 1.04607 -0.920589 
93.575 553.38 70.8304 14.7757 -0.259532 -3.84413 0.28748 -0.899066 
90.2105 516.43 66.8785 17.553 -0.10183 -4.65309 0.0770116 -0.877148 
83.0398 466.339 65.4167 18.2375 -0.0304394 -5.4429 -0.0300123 -0.397257 
74.8967 403.415 65.0971 18.0438 -0.11478 -5.80221 0.00307456 -0.525095 
67.0182 334.652 63.4122 18.8895 -0.147024 -6.27658 -0.0284816 0.090204 
57.9881 258.182 61.1813 20.0669 -0.125056 -6.19862 -0.0370464 0.792025 
47.3463 182.98 59.2766 20.8542 0.056942 -5.49029 0.0223527 0.771141 
35.5674 119.289 60.3088 19.2656 0.500795 -4.80025 -0.019252 0.749896 
25.7551 66.8079 68.5944 12.3881 0.590644 -4.12885 0.144159 0.728597 
25.1466 25.2296 78.519 5.01089 0.0166959 -3.47615 0.843983 0.70726 
34.6611 -5.75097 79.3098 5.00816 0.0165896 -2.84218 0.844184 0.685881 
44.2132 -26.4301 80.0989 5.0069 0.0165523 -2.22699 0.844239 0.664454 
53.8006 -37.1132 80.8875 5.00619 0.0164551 -1.63065 0.835939 0.642948 
63.4224 -38.1064 81.6745 5.01272 -0.00389459 -1.05323 0.843111 0.615949 
73.0753 -29.7173 82.1307 5.26498 -0.00544279 -0.499686 0.827193 -0.413525 
82.4224 -12.3334 82.5551 5.52109 -0.00676289 -0.870393 0.81096 -0.575323 
91.4454 -0.972802 82.9514 5.77804 -0.00802955 -1.38666 0.794663 -0.34331 
100.141 1.99934 83.3205 6.03513 -0.00927071 -1.69488 0.778348 0.139809 
108.509 -0.036489 83.6626 6.29204 -0.01051 -1.56939 0.76204 0.198373 
116.557 -0.0330472 83.978 6.54876 -0.0117585 -1.39123 0.745747 -0.212793 
124.283 2.86567 84.2664 6.80542 -0.0130079 -1.58223 0.729459 -0.470153 
131.682 2.66109 84.5278 7.06203 -0.0142544 -2.0045 0.713169 -0.449083 
138.751 -4.40465 84.7622 7.31856 -0.0155114 -2.40812 0.696876 -0.301344 
145.489 -18.0285 84.9696 7.57515 -0.016799 -2.67932 0.68058 0.406809 
151.896 -36.0587 85.1494 7.83217 -0.0181126 -2.31467 0.664284 0.385985 
157.979 -48.1636 85.3011 8.08991 -0.0193874 -1.96849 0.647987 0.364689 
163.737 -54.643 85.4254 8.3478 -0.0205158 -1.6412 0.631689 0.343308 
169.168 -55.8043 85.5246 8.60403 -0.0214776 -1.33291 0.615391 0.321896 
174.272 -51.9559 85.6015 8.85671 -0.0225341 -1.04365 0.599091 0.300463 
179.054 -43.407 85.6547 9.10739 -0.024233 -0.773448 0.58279 0.279011 
183.516 -30.4675 85.6738 9.36422 -0.0268737 -0.522338 0.566488 0.257533 
187.648 -13.4474 85.6432 9.63819 -0.0294939 -0.290356 0.550186 0.236005 
191.426 7.34236 85.563 9.92724 -0.0294562 -0.0775571 0.533883 0.214376 
194.828 31.5902 85.4758 10.1969 -0.024492 0.115954 0.517578 0.192455 
197.876 58.9826 85.4623 10.3884 -0.0176832 0.289904 0.501269 0.169212 
200.675 89.2017 85.5544 10.4871 -0.0211157 0.443091 0.484957 0.13669 
203.352 121.91 85.5882 10.6294 -0.0488777 0.567169 0.468648 0.105501 
205.855 156.635 85.1671 11.1116 -0.0937722 0.663316 0.452346 0.100461 
207.733 192.922 84.004 12.1095 -0.103144 0.755001 0.436041 0.0825205 
208.277 230.7 82.6627 13.1292 0.00168861 0.830632 0.419698 0.0618172 
207.417 269.708 82.9982 12.7567 0.221818 0.887715 0.403182 0.0393977 
206.982 309.644 86.9203 9.71423 0.340308 0.924694 0.387251 0.000482837 
210.599 350.177 92.8469 5.54053 -0.050466 0.926743 0.369 0 
210.599 350.177 92.8469 5.54053 -0.050466 0.926743 0.369 0 
220.093 392.604 92.5181 6.7038 -1.16969 0.928444 1.11246 -0.974866 
228.373 435.06 73.1355 21.6527 -0.191938 0.0143615 0.0515619 -1.00713 
215.29 461.997 69.9634 23.0989 0.480018 -0.930684 -0.165158 -0.985759 
199.888 472.875 78.1723 15.8588 0.821218 -1.85631 -0.153519 -0.964349 
194.497 468.013 92.3775 5 0.0194252 -2.76246 0.79475 -0.942947 
204.638 447.738 93.2513 5 -0.107473 -3.64911 0.860036 -0.921535 
214.84 412.393 91.9684 6.59188 -0.0660995 -4.51624 0.848091 -0.900113 
222.805 362.313 91.3453 7.48142 0.200425 -5.36383 0.616337 -0.878625 
229.434 297.829 95.2277 5 0.0165244 -6.19183 0.844717 0.262644 
239.627 219.269 96.0522 5 0.0165245 -5.94824 0.844717 0.835896 
249.851 144.849 96.8768 5 0.0165249 -5.16596 0.844717 0.814498 
260.114 83.7249 97.7013 5 0.0165253 -4.40325 0.844717 0.79309 
270.415 35.5634 98.5258 5 0.0165256 -3.66013 0.844717 0.771682 
280.754 0.0318832 99.3504 5 0.016526 -2.93662 0.844716 0.750274 
291.131 -23.2029 100.175 5.00001 0.0165257 -2.23272 0.844716 0.728793 
301.546 -34.4745 100.999 5.00002 0.0165253 -1.54852 0.844716 0.70733 
311.998 -34.1176 101.824 5.00003 0.0165264 -0.884026 0.844712 0.3676 
322.487 -22.467 102.649 5.00004 0.0165213 -0.538227 0.844807 -0.664569 
333.009 -4.93933 103.473 5.00005 0.0167588 -1.16184 0.836805 -0.565905 
343.551 1.9896 104.302 5.00298 -0.00332129 -1.69319 0.843876 0.435227 
354.116 -0.112193 104.789 5.25993 -0.00457615 -1.28441 0.82757 -0.06369 
364.354 4.73383 105.247 5.51688 -0.00582948 -1.34405 0.811262 -0.578966 
374.257 8.56654 105.678 5.77381 -0.00708411 -1.88779 0.794956 -0.557537 
383.818 3.15818 106.08 6.03074 -0.00833983 -2.41177 0.77865 -0.536202 
393.036 -11.1554 106.454 6.28767 -0.0095958 -2.91607 0.762344 -0.42017 
401.911 -34.0396 106.8 6.54462 -0.0108493 -3.3117 0.746038 0.493387 
410.442 -63.6477 107.117 6.80155 -0.0121003 -2.84939 0.729731 0.471979 
418.641 -85.3981 107.406 7.05844 -0.0133543 -2.40687 0.713425 0.45057 
426.507 -99.6272 107.666 7.31532 -0.0146142 -1.98416 0.69712 0.429156 
434.037 -106.672 107.899 7.57229 -0.0158799 -1.58128 0.680814 0.40774 
441.232 -106.869 108.102 7.82939 -0.0171405 -1.19825 0.664507 0.386341 
448.089 -100.556 108.278 8.08655 -0.0183749 -0.835059 0.648201 0.364933 
454.607 -88.0697 108.425 8.34343 -0.0195732 -0.491731 0.631895 0.343525 
460.785 -69.7481 108.545 8.59959 -0.0207807 -0.16828 0.61559 0.322117 
466.624 -45.929 108.637 8.85522 -0.0221105 0.135281 0.599284 0.300709 
472.121 -16.9503 108.7 9.11198 -0.0236478 0.418937 0.582976 0.279302 
477.276 16.8496 108.73 9.37241 -0.0252134 0.682675 0.566668 0.257894 
482.081 55.1322 108.726 9.63647 -0.0262144 0.926482 0.550365 0.236486 
486.53 97.5589 108.698 9.89647 -0.0260636 1.15034 0.534059 0.215078 
490.627 143.79 108.665 10.138 -0.0254474 1.35425 0.517749 0.19367 
494.397 193.488 108.636 10.357 -0.0273637 1.53818 0.501432 0.172261 
497.87 246.311 108.569 10.5887 -0.0354015 1.70212 0.485098 0.150849 
501.031 301.922 108.359 10.911 -0.0474248 1.84606 0.452147 0.0191293 
503.751 359.979 107.935 11.3778 -0.0909625 1.86636 0.419908 -0.108018 
505.837 418.381 106.759 12.38 -0.140309 1.76723 0.426818 -0.0866112 
506.533 475.1 104.717 13.9042 -0.00975991 1.68814 0.387418 -0.0652091 
505.038 530.476 104.853 13.601 0.263551 1.6291 0.345779 -0.0438025 
503.867 584.849 109.641 9.82857 0.376867 1.59012 0.357403 -0.000619148 
507.958 638.555 116.458 5.00002 -0.0899632 1.59168 0.369 0 
507.958 638.555 116.458 5.00002 -0.0899632 1.59168 0.369 0 
519.195 698.691 115.061 6.65915 -1.15513 1.30426 1.15369 -1.02859 
528.239 753.305 93.2636 22.9319 -0.0633195 -0.0695124 -0.176775 -1.00708 
511.101 781.694 91.8261 22.4315 -0.0207805 -1.42155 -0.165163 -0.985642 
494.637 784.284 91.2166 21.9451 -0.0366143 -2.75197 -0.153551 -0.96418 
478.881 761.478 90.3196 21.7395 -0.106997 -4.06068 -0.108002 -0.942615 
463.411 713.681 88.0842 21.9648 -0.0797544 -5.34746 -0.13013 -0.620142 
447.481 641.307 86.3624 21.7844 -0.0786934 -6.26853 -0.118712 0.0536681 
431.747 551.279 84.6664 21.6014 -0.0777963 -6.27941 -0.1071 -0.149026 
416.228 461.037 82.9931 21.4183 -0.0769051 -6.2799 -0.0954855 -0.143134 
400.926 370.78 81.3424 21.2353 -0.0760165 -6.28 -0.0838709 -0.0932925 
385.842 280.519 79.7144 21.0524 -0.0751216 -6.28 -0.0722586 0.446043 
370.975 190.258 78.109 20.8694 -0.0742179 -6.04156 -0.0606463 0.793101 
356.33 104.552 76.5266 20.6864 -0.073309 -4.91763 -0.0490332 0.771694 
341.921 40.318 74.9671 20.5031 -0.0724167 -3.81545 -0.0374194 0.750285 
327.749 -2.69976 73.4303 20.3199 -0.0715696 -2.73503 -0.0258049 0.728877 
313.815 -24.8635 71.9153 20.1374 -0.070749 -1.6764 -0.0141913 0.707469 
300.118 -26.6812 70.4216 19.956 -0.0698257 -0.639555 -0.00257716 -0.412571 
286.658 -8.60672 68.9511 19.774 -0.068615 -1.21645 0.00904045 -0.181533 
273.41 -1.5593 67.5093 19.5872 -0.0672181 -1.51388 0.0206604 -0.075637 
260.389 -0.215593 66.0999 19.3935 -0.0664908 -1.58292 0.0322671 -0.000639787 
247.608 -0.192384 64.7103 19.2035 -0.0677245 -1.58316 0.0438683 -1.80226e-05 
235.064 -0.174903 63.3029 19.0454 -0.0702246 -1.58341 0.0554765 0.000128568 
222.71 -0.163707 61.8527 18.9336 -0.0681734 -1.58343 0.0670903 6.17014e-06 
210.471 -0.154715 60.4458 18.7974 -0.0532665 -1.58339 0.0787072 5.1077e-06 
198.381 -0.147228 59.3279 18.5315 -0.0301721 -1.58327 0.0903204 0.000165231 
186.648 -0.140456 58.6662 18.3162 -0.0225835 -1.58302 0.101932 0.000575265 
175.216 -0.132595 58.6036 18.1285 -0.0210054 -1.58294 0.113547 0.0010498 
164.067 -0.127531 58.6151 17.9442 -0.0202859 -1.58202 0.125146 0.0519063 
153.199 -0.109966 58.732 17.7643 -0.0198693 -1.5416 0.136756 0.00167544 
142.611 0.675285 58.8625 17.591 -0.0189075 -1.52443 0.148368 -0.112298 
132.293 1.80721 59.0167 17.4155 -0.0162029 -1.67854 0.15998 -0.386115 
122.246 0.0254576 59.2279 17.2128 -0.0121826 -2.37592 0.171592 -0.324745 
112.505 -15.3796 59.5222 16.9671 -0.0118055 -2.96502 0.183204 0.168164 
103.143 -42.2986 59.8311 16.7367 -0.0227695 -2.92952 0.194817 0.322121 
94.1494 -68.5561 59.9377 16.6846 -0.0420471 -2.30056 0.206429 0.300713 
85.257 -82.695 59.6776 16.9093 -0.0371906 -1.69372 0.218041 0.279305 
76.018 -85.2515 59.5034 17.0257 0.0413707 -1.10903 0.229654 0.257897 
66.573 -76.6506 60.8265 15.976 0.172368 -0.546493 0.24129 0.236489 
58.7441 -57.3167 64.6843 13.1431 0.151309 -0.00613835 0.25293 0.215081 
55.4158 -27.6755 68.2265 10.9592 0.0848316 0.512024 0.400614 0.193672 
55.5995 11.8497 70.5655 9.88875 0.0595864 1.00798 0.441738 0.172264 
57.5286 60.8368 72.451 9.28198 0.0280848 1.48171 0.463253 0.150856 
60.4784 119.284 73.7557 9.19129 0.00227561 1.93319 0.468142 0.129385 
64.0756 186.496 74.5716 9.4839 -0.0239483 2.36229 0.451957 0.107897 
67.3279 261.904 74.8777 10.135 -0.0426603 2.76894 0.436095 0.0864765 
69.6864 345.073 74.8063 10.9903 0.0117349 3.15326 0.419835 0.0650526 
70.718 435.58 75.748 10.9623 0.173348 3.51523 0.403598 0.0435888 
71.7738 532.999 79.778 8.60249 0.280005 3.85473 0.387157 0.00311055 
76.5622 636.911 85.9178 5.00008 -0.0898593 4.0908 0.369 0 
76.5622 636.911 85.9178 5.00008 -0.0898593 4.0908 0.369 0 
86.5498 730.314 84.9629 6.68221 -1.26024 4.09455 1.15369 -1.02797 
94.668 823.781 64.6505 22.3053 -0.210924 3.16072 -0.153887 -1.00647 
81.0988 901.854 61.2401 24.0273 0.0375179 2.24585 -0.165152 -0.984962 
65.0459 964.833 61.8839 22.4533 0.522549 1.34999 -0.15353 -0.963436 
50.9236 1013.03 70.5729 14.9509 0.780733 0.473162 -0.135495 -0.94189 
46.9118 1046.75 83.7207 5.00072 -0.0944556 -0.384604 0.581035 -0.920322 
56.7686 1066.3 82.6899 6.58602 -0.742062 -1.22324 0.904757 -0.898724 
64.6979 1072.01 70.9308 15.8953 -0.331392 -2.04272 0.264269 -0.877085 
59.7832 1064.22 65.7021 19.5144 -0.0520311 -2.84301 -0.0750503 -0.855373 
49.8076 1043.22 64.9875 19.4842 -0.048664 -3.62403 -0.0723638 -0.833511 
39.8369 1009.33 64.3292 19.4131 -0.0434525 -4.38564 -0.0601894 -0.811246 
29.9268 962.876 63.7589 19.2753 -0.0194565 -5.12743 -0.0398086 -0.787311 
20.1623 904.181 63.5881 18.8363 0.0327656 -5.84789 0.0238549 -0.41652 
10.946 833.597 64.2907 17.7424 0.172243 -6.23063 0.0106228 -0.0424418 
3.14815 756.695 67.3238 15.0248 0.105401 -6.27243 0.175329 0.00176513 
-0.934573 679.102 69.3258 13.3186 0.0209747 -6.27393 0.28637 0.00215962 
-2.66728 601.481 69.9797 12.7749 -0.0548516 -6.27507 0.428247 0.00242943 
-3.63445 523.842 69.3968 13.1383 0.135481 -6.27597 0.241487 0.00263536 
-5.16419 446.187 71.9451 11.2091 -0.0813832 -6.27668 0.485802 0.00279131 
-3.98732 368.519 70.9658 12.032 0.00654972 -6.27724 0.420493 0.371114 
-3.95993 290.843 71.4157 11.7101 0.0604477 -5.94186 0.44218 0.598359 
-3.50536 218.7 72.7636 10.7303 0.116418 -5.399 0.529617 0.578022 
-1.72208 155.515 75.061 9.0895 0.233639 -4.87432 0.491093 0.556962 
2.27482 100.986 79.336 6.1816 -0.0028584 -4.36851 0.767218 0.535721 
10.3427 54.7998 79.7855 6.35434 -0.00877557 -3.88173 0.757626 0.514408 
18.2054 16.6467 80.1327 6.58978 -0.0112164 -3.41407 0.743106 0.493058 
25.7752 -13.7892 80.4334 6.84112 -0.012593 -2.96557 0.727203 0.471688 
33.0289 -36.8239 80.7048 7.09431 -0.0138463 -2.53627 0.711107 0.450303 
39.9629 -52.7744 80.9488 7.34773 -0.0151672 -2.12619 0.695035 0.42891 
46.5758 -61.9576 81.1643 7.60219 -0.0164589 -1.73535 0.678875 0.407511 
52.8648 -64.6912 81.3517 7.85728 -0.0177746 -1.36377 0.662687 0.386107 
58.8281 -61.293 81.5107 8.11324 -0.0190883 -1.01146 0.646501 0.3647 
64.4633 -52.0809 81.6412 8.36997 -0.0202544 -0.678452 0.630282 0.34329 
69.7681 -37.3735 81.7457 8.62555 -0.0212394 -0.364748 0.61404 0.321877 
74.7428 -17.4893 81.8272 8.87784 -0.0222825 -0.070368 0.597791 0.30046 
79.3909 7.25292 81.8848 9.12794 -0.0239152 0.204673 0.581524 0.279038 
83.7143 36.5339 81.9089 9.38349 -0.0265122 0.460356 0.565265 0.257605 
87.7049 70.0343 81.8833 9.65601 -0.0291834 0.69666 0.548988 0.236102 
91.3383 107.434 81.8065 9.94461 -0.0293189 0.913508 0.532702 0.214959 
94.5904 148.413 81.7197 10.2158 -0.0244733 1.11121 0.516415 0.193351 
97.4822 192.654 81.7058 10.4088 -0.0174806 1.28934 0.500107 0.171905 
100.118 239.835 81.8022 10.5051 -0.0206456 1.44803 0.483837 0.15045 
102.633 289.635 81.8437 10.6427 -0.0487864 1.58725 0.467513 0.128978 
104.979 341.732 81.4173 11.1306 -0.0951066 1.70698 0.451202 0.107471 
106.682 395.805 80.2136 12.1595 -0.104446 1.80717 0.434881 0.0858917 
106.99 451.532 78.8287 13.2069 0.00700931 1.88775 0.418534 0.0641294 
105.831 508.591 79.2551 12.7543 0.239734 1.94853 0.402243 0.0416373 
105.208 566.652 83.5338 9.44059 0.357031 1.98882 0.385866 -0.000409661 
109.07 625.374 89.8358 5.02252 -0.0863314 1.99079 0.369 0 
109.07 625.374 89.8358 5.02252 -0.0863314 1.99079 0.369 0 
119.051 684.432 88.9337 6.66649 -1.25938 1.99316 1.15369 -1.02858 
127.207 743.53 68.5298 22.3621 -0.207053 1.05249 -0.17263 -1.00718 
113.461 787.041 65.1642 24.0519 0.00510881 0.130785 -0.165161 -0.985766 
97.2741 815.266 65.2731 22.876 0.497148 -0.771904 -0.153548 -0.964355 
82.4789 828.515 73.575 15.6092 0.823554 -1.65557 -0.141921 -0.942943 
77.4984 827.099 87.4844 5.00009 0.0304704 -2.52021 0.476073 -0.921531 
87.3328 811.33 88.5205 5.09402 -0.883115 -3.36577 1.05584 -0.900119 
97.3688 781.534 74.3998 16.2827 -0.327672 -4.19223 0.242358 -0.878705 
91.8688 738.041 69.1951 19.8479 -0.0403261 -4.99962 -0.0954528 -0.857259 
81.3512 681.159 68.662 19.6488 -0.0352995 -5.7879 -0.0838472 -0.533622 
71.0685 611.202 68.2176 19.3992 -0.0329119 -6.27996 -0.072232 0.00340814 
61.0954 533.081 67.8195 19.138 -0.0410096 -6.27997 -0.0606075 0.00340969 
51.459 454.961 67.294 18.9987 -0.0611973 -6.27997 -0.0489834 0.00341083 
41.9969 376.84 66.4373 19.1207 -0.0740812 -6.27998 -0.0373633 0.00345558 
32.3485 298.719 65.3637 19.3836 -0.0387507 -6.27994 -0.0257364 0.712555 
22.3033 220.6 64.8691 19.1637 0.0660082 -5.62975 -0.0140848 0.70742 
12.5077 153.265 66.1181 17.637 0.163031 -4.98384 -0.00235685 0.686039 
4.75915 96.6426 69.017 15.0423 0.047305 -4.3571 0.183224 0.664637 
0.602365 50.4137 70.0654 14.0527 -0.0141061 -3.74957 0.32762 0.64323 
-2.17582 14.2612 70.1213 13.8394 0.127918 -3.16126 0.229257 0.621822 
-4.70791 -12.1327 72.5388 11.9287 -0.010061 -2.5922 0.422124 0.600412 
-4.56686 -29.0892 72.7183 11.8247 0.0322564 -2.04238 0.424032 0.578997 
-4.28838 -36.9255 73.6025 11.1965 0.0621285 -1.51183 0.502118 0.557454 
-3.14843 -35.9619 74.999 10.2021 0.186159 -1.00068 0.482241 -0.164277 
-0.674705 -26.5205 78.4793 7.76438 0.10225 -1.15093 0.624222 -0.514734 
5.18056 -19.574 80.6325 6.54518 -0.0113121 -1.62259 0.74598 -0.493342 
12.7593 -20.4526 80.9344 6.80177 -0.0125807 -2.07496 0.729703 -0.471918 
20.0015 -28.8348 81.2084 7.05856 -0.0138295 -2.50798 0.713405 -0.0918821 
26.9063 -44.3995 81.4549 7.31527 -0.0150823 -2.59285 0.697102 0.429036 
33.4772 -61.3717 81.6738 7.57198 -0.0163611 -2.20016 0.680798 0.407736 
39.7199 -71.8298 81.8646 7.82903 -0.0176687 -1.82674 0.664494 0.386335 
45.6326 -76.0934 82.027 8.08673 -0.0189532 -1.47269 0.648189 0.36493 
51.2133 -74.4839 82.1611 8.34472 -0.0201122 -1.13803 0.631884 0.343523 
56.4604 -67.3229 82.2692 8.60139 -0.0211029 -0.822779 0.615579 0.322116 
61.3743 -54.9324 82.354 8.85477 -0.0221368 -0.526944 0.599274 0.300709 
65.9586 -37.6343 82.415 9.10574 -0.0237325 -0.250539 0.582969 0.279302 
70.2155 -15.751 82.4428 9.36166 -0.0262567 0.00642135 0.566663 0.257894 
74.1375 10.3949 82.4219 9.63371 -0.0289134 0.243925 0.550357 0.236486 
77.7011 40.4807 82.3497 9.92182 -0.0291654 0.461957 0.534052 0.215078 
80.8824 74.1835 82.2657 10.1939 -0.0245364 0.660507 0.517746 0.19367 
83.7003 111.18 82.2512 10.3901 -0.0176396 0.83956 0.50144 0.172262 
86.257 151.147 82.3459 10.49 -0.0204451 0.999103 0.485134 0.150853 
88.6871 193.76 82.3915 10.6265 -0.0478967 1.13912 0.468828 0.129445 
90.9484 238.697 81.978 11.1065 -0.0937692 1.25961 0.452522 0.108036 
92.5747 285.632 80.7909 12.1256 -0.103704 1.36055 0.436216 0.0866269 
92.8116 334.242 79.4118 13.1718 0.00628667 1.44192 0.419909 0.0652164 
91.5768 384.204 79.8295 12.7287 0.238128 1.50372 0.403603 0.0438002 
90.8686 435.19 84.1046 9.41968 0.355414 1.54592 0.387296 0.00244245 
94.6623 486.873 90.4132 5.00011 -0.0899783 1.55022 0.369 0 
94.6623 486.873 90.4132 5.00011 -0.0899783 1.55022 0.369 0 
108.119 553.774 88.7253 6.76605 -1.1846 1.11665 1.15369 -1.02859 
118.914 611.319 63.3497 25.5112 0.297279 -0.544428 -0.176776 -1.00715 
95.5226 633.037 69.3108 18.5528 0.754772 -2.18139 -0.113396 -0.985775 
84.1983 619.413 85.3874 5 -0.0178772 -3.79431 0.979773 -0.964367 
97.3148 570.956 85.2557 5 -0.017878 -5.38304 0.979773 -0.456433 
110.398 488.208 85.124 5 -0.0178785 -6.28 0.979773 0.228068 
123.461 386.099 84.9923 5 -0.0178785 -6.28 0.979773 -0.214312 
136.517 283.991 84.8606 5 -0.0178785 -6.28 0.979773 0.404637 
149.568 181.882 84.7289 5 -0.01788 -6.1285 0.9798 0.857326 
162.616 83.0432 84.5971 5 -0.017794 -4.67334 0.978331 0.835918 
175.684 15.6132 84.4672 5 -0.022444 -3.24246 0.982428 0.81451 
188.772 -20.9322 84.237 5.07247 -0.0137679 -1.83588 0.974327 0.793098 
201.745 -27.1175 84.1915 5 -0.0166134 -0.453631 0.95802 -0.564462 
214.867 -3.46802 84.0871 5 -0.0156679 -1.3956 0.941714 -0.0170848 
227.967 -0.150187 84.0031 5 -0.0147219 -1.55017 0.925408 -4.96138e-05 
241.061 -0.168722 83.9395 5 -0.0137759 -1.54988 0.909102 -5.76483e-05 
254.152 -0.181098 83.8963 5 -0.0128299 -1.54979 0.892796 3.08512e-05 
267.24 -0.191431 83.8736 5 -0.0118838 -1.5498 0.87649 8.21461e-05 
280.327 -0.20201 83.8713 5 -0.0109378 -1.54978 0.860184 0.000189772 
293.414 -0.21211 83.8894 5 -0.00999178 -1.54976 0.843878 0.000378361 
306.501 -0.221859 83.9279 5 -0.161853 -1.54979 0.827571 0.000250223 
319.655 -0.232358 80.6886 7.50932 -0.053627 -1.54989 0.811265 9.85331e-05 
328.282 -0.241455 79.6985 7.90399 -0.0476734 -1.54977 0.794959 -1.9751e-05 
336.182 -0.247397 78.8232 8.16093 -0.0489281 -1.54983 0.778653 -4.70108e-05 
343.6 -0.254292 77.9119 8.41786 -0.0501828 -1.54982 0.762347 -0.000112592 
350.534 -0.260611 76.9647 8.67479 -0.0514374 -1.54982 0.746041 -1.62366e-05 
356.984 -0.266599 75.9815 8.93172 -0.0526916 -1.54983 0.729735 -1.63197e-06 
362.947 -0.272362 74.9624 9.18865 -0.0539461 -1.5498 0.713429 4.00884e-06 
368.423 -0.277219 73.9073 9.44557 -0.055202 -1.54988 0.697122 4.2391e-05 
373.409 -0.283509 72.8161 9.70251 -0.05646 -1.54976 0.680816 5.3701e-05 
377.904 -0.286679 71.689 9.95951 -0.0577153 -1.54978 0.66451 0.000110878 
381.906 -0.290022 70.5259 10.2165 -0.0589574 -1.54967 0.648204 8.61744e-05 
385.414 -0.29071 69.327 10.4733 -0.0601863 -1.54954 0.631898 -0.000448649 
388.427 -0.288211 68.0928 10.7297 -0.0614466 -1.54938 0.615592 0.0274971 
390.944 -0.281945 66.8225 10.9862 -0.0628195 -1.36453 0.599286 -0.280639 
392.965 3.71464 65.5136 11.2448 -0.0642675 -2.11283 0.58298 -0.276462 
394.471 -8.43985 64.1646 11.5063 -0.0653802 -2.87655 0.566673 0.0181164 
395.453 -37.0785 62.7825 11.7648 -0.0655649 -2.52908 0.550367 0.236364 
395.935 -58.2169 61.3875 12.0055 -0.065454 -1.81179 0.534061 0.215056 
395.952 -63.8726 59.9866 12.2261 -0.0686926 -1.11918 0.517755 0.193661 
395.54 -54.5786 58.5081 12.4843 -0.0793135 -0.451481 0.501449 0.172257 
394.634 -30.8724 56.7914 12.8963 -0.0894201 0.191263 0.485143 0.15085 
392.957 6.70748 54.8424 13.4317 -0.0676137 0.809026 0.468837 0.129442 
390.27 57.6221 53.3454 13.5493 0.0105601 1.40178 0.452531 0.108033 
387.292 121.331 53.5318 12.3822 0.0582233 1.9695 0.436224 0.0866216 
386.329 197.293 54.7873 10.6121 -0.186542 2.51217 0.419918 0.0652046 
388.597 284.964 50.8209 13.1259 -0.83959 3.02975 0.403612 0.0435844 
386.637 383.811 32.672 26.0256 -1.01457 3.52203 0.387306 0.00044633 
361.666 493.301 10.2999 40 1.4 3.63973 0.369 0 
565.81 207.03 529.24 32.4688 0.798079 0 0.0434861 0 
565.81 207.03 529.24 32.4688 0.79808 1.55001e-08 0.0434861 2.23432e-06 
565.811 207.014 529.256 32.4639 0.798118 0.0013248 0.0434938 5.52339e-06 
627.164 198.446 524.062 32.4774 0.797824 0.000725283 0.0434725 -3.87129e-05 
399.27 222.545 524.782 32.5092 0.796877 0.00361654 0.043422 -0.000208742 
339.846 335.804 528.208 32.4781 0.797801 0.000836457 0.0434713 -4.82771e-05 
326.07 361.999 529.001 32.4709 0.798015 0.000194135 0.0434827 -1.12035e-05 
322.875 368.078 529.184 32.4693 0.798064 4.51102e-05 0.0434853 -2.60226e-06 
322.134 369.49 529.227 32.4689 0.798076 1.0542e-05 0.043486 -6.07074e-07 
321.962 369.819 529.237 32.4688 0.798079 2.52736e-06 0.0434861 -1.4441e-07 
321.922 369.897 529.239 32.4688 0.798079 6.74553e-07 0.0434861 -3.73628e-08 
321.913 369.918 529.24 32.4688 0.798079 2.51666e-07 0.0434861 -1.28311e-08 
321.911 369.925 529.24 32.4688 0.798079 1.61374e-07 0.0434861 -7.4727e-09 
321.91 369.929 529.24 32.4688 0.798079 1.49402e-07 0.0434861 -6.61763e-09 
321.91 369.932 529.24 32.4688 0.798079 1.56892e-07 0.0434861 -6.86893e-09 
321.91 369.936 529.24 32.4688 0.798079 1.6948e-07 0.0434861 -7.38748e-09 
321.91 369.94 529.24 32.4688 0.798079 1.85429e-07 0.0434861 -8.07586e-09 
321.91 369.944 529.24 32.4688 0.798079 2.03123e-07 0.0434861 -8.83711e-09 
321.91 369.949 529.24 32.4688 0.798079 2.23533e-07 0.0434861 -9.71254e-09 
321.91 369.954 529.24 32.4688 0.798079 2.46664e-07 0.0434861 -1.07043e-08 
321.91 369.96 529.24 32.4688 0.798079 2.7341e-07 0.0434861 -1.18521e-08 
321.91 369.966 529.24 32.4688 0.798079 3.0394e-07 0.0434861 -1.31606e-08 
321.91 369.973 529.24 32.4688 0.798079 3.39095e-07 0.0434861 -1.46589e-08 
321.91 369.981 529.24 32.4688 0.798079 3.8016e-07 0.0434861 -1.64149e-08 
321.91 369.99 529.24 32.4688 0.798079 4.27721e-07 0.0434861 -1.84299e-08 
321.91 370 529.24 32.4688 0.798079 4.84158e-07 0.0434861 -2.0831e-08 
321.91 370.011 529.24 32.4688 0.798079 5.50531e-07 0.0434861 -2.36373e-08 
321.91 370.024 529.239 32.4688 0.798079 6.29679e-07 0.0434861 -2.69777e-08 
321.91 370.039 529.239 32.4688 0.798079 7.24827e-07 0.0434861 -3.09721e-08 
321.91 370.055 529.239 32.4688 0.798079 8.4069e-07 0.0434861 -3.58346e-08 
321.91 370.075 529.239 32.4688 0.798079 9.81838e-07 0.0434861 -4.17177e-08 
321.91 370.097 529.239 32.4688 0.798079 1.15709e-06 0.0434861 -4.89962e-08 
321.909 370.123 529.239 32.4688 0.798079 1.37662e-06 0.0434861 -5.80618e-08 
321.909 370.155 529.238 32.4688 0.798079 1.65546e-06 0.0434861 -6.94988e-08 
321.909 370.192 529.238 32.4688 0.798079 2.01607e-06 0.0434861 -8.41854e-08 
321.909 370.237 529.238 32.4688 0.798079 2.48983e-06 0.0434861 -1.03297e-07 
321.909 370.293 529.237 32.4688 0.798079 3.12686e-06 0.0434861 -1.28668e-07 
321.909 370.362 529.236 32.4688 0.798078 4.00815e-06 0.0434861 -1.63101e-07 
321.908 370.45 529.235 32.4688 0.798078 5.27819e-06 0.0434861 -2.11041e-07 
321.908 370.564 529.233 32.4688 0.798078 7.23485e-06 0.0434861 -2.7992e-07 
321.907 370.714 529.23 32.4688 0.798077 1.06233e-05 0.043486 -3.82739e-07 
321.906 370.92 529.224 32.4688 0.798076 1.77197e-05 0.043486 -5.44383e-07 
321.903 371.213 529.207 32.4689 0.798074 3.65806e-05 0.0434859 -8.17177e-07 
321.896 371.653 529.15 32.4689 0.798069 9.83664e-05 0.0434859 -1.32793e-06 
321.874 372.367 528.94 32.4689 0.798056 0.000329195 0.0434859 -2.43488e-06 
321.793 373.673 528.099 32.4685 0.798011 0.001251 0.0434865 -5.32309e-06 
321.472 376.52 524.639 32.4663 0.797841 0.00504609 0.0434899 -1.45592e-05 
320.169 384.279 510.216 32.4556 0.797179 0.0208657 0.0435065 -5.23231e-05 
314.795 408.028 450.085 32.2594 0.799042 0.0821888 0.043705 2.35322e-05 
80.9154 68.2388 191.828 22.6008 4.99646e-05 -0.00303475 0.0424861 0 
80.9154 68.2388 191.828 22.6008 4.99646e-05 -0.00303475 0.0424861 0 
69.3191 90.6781 191.883 21.6454 0.671916 -0.00213627 -0.172572 -0.188928 
58.628 113.129 201.577 13.598 0.743088 -0.150734 -0.0735325 -0.170372 
57.423 133.446 212.474 5.46369 -0.0664458 -0.284737 0.798714 -0.15376 
66.0906 151.838 211.971 6.35311 -0.10052 -0.405655 0.792894 -0.138895 
73.732 168.499 210.959 7.53432 -0.0258535 -0.51488 0.698694 -0.125597 
79.9669 183.597 210.988 7.85173 0.00633134 -0.613648 0.662935 -0.113696 
85.8283 197.283 211.471 7.81161 0.0045626 -0.703057 0.663927 -0.10304 
91.7491 209.688 211.93 7.79387 -0.000494306 -0.784086 0.666457 -0.0934888 
97.7039 220.934 212.317 7.83126 -0.00246123 -0.857605 0.664742 -0.0849172 
103.627 231.127 212.674 7.88767 -0.00299183 -0.924383 0.661199 -0.0772124 
109.494 240.364 213.023 7.94683 -0.00344096 -0.985104 0.657343 -0.0702734 
115.303 248.732 213.364 8.0078 -0.00410288 -1.04037 0.653405 -0.0640101 
121.052 256.309 213.694 8.07278 -0.00490631 -1.09071 0.649244 -0.0583426 
126.735 263.166 214.012 8.14307 -0.00578026 -1.1366 0.644755 -0.0532001 
132.347 269.366 214.315 8.21917 -0.00670539 -1.17844 0.639896 -0.0485202 
137.879 274.967 214.603 8.3013 -0.00768313 -1.21661 0.634654 -0.044248 
143.326 280.022 214.875 8.38974 -0.00871467 -1.25141 0.629013 -0.0403353 
148.679 284.578 215.13 8.48473 -0.00979626 -1.28315 0.62296 -0.0367403 
153.93 288.681 215.368 8.58646 -0.0109205 -1.31205 0.616483 -0.0334267 
159.071 292.37 215.587 8.69503 -0.012078 -1.33835 0.609577 -0.0303631 
164.094 295.682 215.788 8.81045 -0.0132586 -1.36224 0.602241 -0.0275228 
168.991 298.653 215.968 8.93259 -0.0144517 -1.3839 0.594484 -0.0248831 
173.752 301.313 216.129 9.06123 -0.0156462 -1.40348 0.58632 -0.022425 
178.371 303.694 216.27 9.19604 -0.0168299 -1.42113 0.577772 -0.0201327 
182.84 305.822 216.391 9.33657 -0.0179888 -1.43697 0.568867 -0.0179934 
187.15 307.723 216.491 9.48223 -0.0191112 -1.45113 0.559638 -0.0159967 
191.297 309.422 216.573 9.63237 -0.0201933 -1.46372 0.550122 -0.0141346 
195.274 310.941 216.635 9.78629 -0.0212444 -1.47484 0.540359 -0.0124009 
199.077 312.3 216.679 9.94347 -0.0222763 -1.4846 0.530398 -0.0107911 
202.701 313.52 216.705 10.1035 -0.0232735 -1.49309 0.520289 -0.0093019 
206.142 314.619 216.713 10.2659 -0.0241619 -1.5004 0.510086 -0.00793089 
209.397 315.613 216.704 10.4292 -0.0248321 -1.50664 0.499833 -0.0066765 
212.465 316.518 216.682 10.5911 -0.0252608 -1.51188 0.489567 -0.00553752 
215.346 317.349 216.65 10.7491 -0.0256791 -1.51623 0.479322 -0.00451286 
218.046 318.117 216.608 10.9033 -0.0265767 -1.51977 0.469153 -0.00360131 
220.567 318.834 216.55 11.0593 -0.0282861 -1.52259 0.459148 -0.00280127 
222.909 319.512 216.464 11.2258 -0.0301946 -1.52478 0.449418 -0.00211054 
225.057 320.158 216.347 11.4036 -0.0303052 -1.52642 0.440038 -0.00152613 
226.998 320.78 216.224 11.572 -0.0263526 -1.52761 0.431 -0.00104399 
228.742 321.386 216.154 11.6873 -0.0189574 -1.52841 0.422231 -0.000658953 
230.349 321.981 216.187 11.7169 -0.0147953 -1.52891 0.413707 -0.000364526 
231.922 322.569 216.279 11.7038 -0.0249147 -1.52917 0.405589 -0.000152809 
233.515 323.152 216.227 11.8072 -0.0539984 -1.52927 0.398212 -1.4408e-05 
234.997 323.735 215.756 12.2224 -0.0843361 -1.52926 0.391821 6.16236e-05 
235.997 324.318 214.841 12.9333 -0.0715244 -1.52918 0.386283 8.78129e-05 
236.152 324.902 214.093 13.4419 0.0256282 -1.52909 0.381256 7.82777e-05 
235.675 325.489 214.724 12.8481 0.179354 -1.529 0.376657 4.87154e-05 
235.853 326.076 217.569 10.6385 0.240139 -1.52895 0.3728 1.63788e-05 
238.629 326.662 221.335 7.97554 -0.00797505 -1.52892 0.369 0 
238.629 326.662 221.335 7.97554 -0.00797505 -1.52892 0.369 0 
243.47 327.21 221.593 8.24728 -0.582825 -1.52889 0.835039 0.0477407 
248.18 327.757 214.131 14.0883 -0.179911 -1.49345 0.366 0.0405271 
246.301 328.786 211.951 15.5827 0.0190715 -1.46334 0.188792 0.0346561 
242.703 330.22 212.408 15.0198 0.0496952 -1.43758 0.194105 0.0299059 
239.714 331.999 213.289 14.1903 0.018921 -1.41532 0.244145 0.0260913 
237.65 334.077 213.774 13.7179 -0.0165222 -1.39589 0.284492 0.0230569 
236.117 336.414 213.794 13.6248 -0.03059 -1.37869 0.298087 0.0206717 
234.688 338.983 213.628 13.6754 -0.0290234 -1.36326 0.296787 0.0188252 
233.2 341.758 213.481 13.7064 -0.0236519 -1.34918 0.293916 0.0174231 
231.673 344.722 213.405 13.6815 -0.0201849 -1.33614 0.294299 0.016385 
230.17 347.862 213.377 13.6231 -0.019171 -1.32386 0.297414 0.0156419 
228.73 351.166 213.364 13.5577 -0.0193454 -1.31212 0.301511 0.0151341 
227.359 354.628 213.349 13.4973 -0.019624 -1.30076 0.305482 0.01481 
226.053 358.242 213.332 13.4428 -0.0196124 -1.28963 0.309063 0.0146247 
224.806 362.005 213.317 13.3907 -0.0193635 -1.27863 0.312404 0.0145391 
223.614 365.916 213.306 13.3387 -0.0190393 -1.26769 0.315693 0.0145191 
222.477 369.974 213.3 13.286 -0.0187407 -1.25676 0.319016 0.0145349 
221.398 374.178 213.3 13.2328 -0.0184901 -1.24581 0.322372 0.0145607 
220.375 378.529 213.304 13.1798 -0.0182719 -1.23483 0.325731 0.0145745 
219.41 383.028 213.312 13.1272 -0.0180672 -1.22384 0.329068 0.0145575 
218.501 387.674 213.324 13.0751 -0.0178671 -1.21285 0.332369 0.0144939 
217.649 392.467 213.34 13.0236 -0.0176736 -1.20191 0.335631 0.0143712 
216.853 397.407 213.359 12.9726 -0.0174967 -1.19105 0.338847 0.0141796 
216.112 402.493 213.382 12.9224 -0.0173503 -1.18033 0.342012 0.013912 
215.426 407.723 213.408 12.8733 -0.0172412 -1.1698 0.345121 0.0135644 
214.794 413.094 213.437 12.8255 -0.0171534 -1.15953 0.348167 0.0131349 
214.214 418.603 213.468 12.7791 -0.0170419 -1.14956 0.351142 0.0126244 
213.684 424.245 213.501 12.7339 -0.01686 -1.13997 0.354033 0.0120363 
213.204 430.016 213.538 12.6891 -0.0166313 -1.13081 0.356817 0.011376 
212.773 435.91 213.578 12.6443 -0.0165212 -1.12214 0.35947 0.0106511 
212.392 441.921 213.622 12.6006 -0.0167991 -1.114 0.36198 0.00987102 
212.059 448.04 213.662 12.5621 -0.0175899 -1.10643 0.364362 0.00904699 
211.769 454.261 213.693 12.5337 -0.0184851 -1.09947 0.36665 0.00819146 
211.51 460.576 213.712 12.5155 -0.0183978 -1.09314 0.368854 0.007318 
211.272 466.975 213.732 12.4967 -0.016205 -1.08746 0.370909 0.00644093 
211.053 473.451 213.783 12.456 -0.0123152 -1.08242 0.372669 0.00557491 
210.879 479.994 213.887 12.378 -0.0101386 -1.07802 0.373997 0.00473459 
210.791 486.596 214.021 12.2839 -0.0152439 -1.07425 0.374915 0.00393414 
210.809 493.249 214.089 12.2496 -0.0303963 -1.07106 0.375681 0.00318688 
210.87 499.945 213.955 12.3725 -0.048136 -1.06843 0.376624 0.00250472 
210.801 506.676 213.579 12.6653 -0.0480756 -1.0663 0.377774 0.0018978 
210.406 513.435 213.199 12.9311 -0.00849506 -1.06462 0.378673 0.00137394 
209.704 520.218 213.343 12.7691 0.0660576 -1.06333 0.378678 0.000938225 
209.161 527.017 214.492 11.86 0.11884 -1.06236 0.37751 0.000592523 
209.612 533.829 216.369 10.4922 0.0528771 -1.06165 0.375607 0.000335044 
211.601 540.65 217.389 9.91869 -0.189742 -1.06113 0.374107 0.000159915 
214.301 547.476 215.166 11.8733 -0.504443 -1.06074 0.373349 5.67585e-05 
214.923 554.31 208.678 16.8705 -0.567192 -1.06041 0.37213 1.03056e-05 
210.013 561.152 201.241 22.072 0.00390091 -1.06012 0.369 0 
210.013 561.152 201.241 22.072 0.00390091 -1.06012 0.369 0 
210.006 561.157 201.241 22.0713 0.00477622 -1.06012 0.476213 0.00072914 
209.999 561.162 201.241 22.0704 0.00580601 -1.06012 0.474132 0.000684567 
209.991 561.167 201.241 22.0696 0.00683271 -1.06012 0.472046 0.000641848 
209.984 561.172 201.241 22.0687 0.00785631 -1.06012 0.469955 0.000600944 
209.976 561.177 201.241 22.0679 0.00887681 -1.06012 0.467858 0.000561815 
209.969 561.182 201.241 22.067 0.0098942 -1.06012 0.465755 0.000524422 
209.962 561.187 201.241 22.0662 0.0109085 -1.06012 0.463647 0.000488726 
209.954 561.191 201.242 22.0653 0.0119196 -1.06012 0.461534 0.000454687 
209.947 561.196 201.242 22.0644 0.0129276 -1.06011 0.459415 0.000422266 
209.939 561.201 201.242 22.0635 0.0139325 -1.06011 0.457291 0.000391423 
209.932 561.206 201.242 22.0627 0.0149342 -1.06011 0.45516 0.00036212 
209.924 561.211 201.242 22.0618 0.0159327 -1.06011 0.453025 0.000334317 
209.917 561.216 201.243 22.0609 0.0169281 -1.06011 0.450883 0.000307974 
209.91 561.221 201.243 22.06 0.0179202 -1.06011 0.448736 0.000283052 
209.902 561.226 201.243 22.059 0.0189092 -1.06011 0.446584 0.000259512 
209.895 561.231 201.243 22.0581 0.019895 -1.06011 0.444425 0.000237314 
209.887 561.236 201.243 22.0572 0.0208776 -1.06011 0.442261 0.00021642 
209.88 561.241 201.244 22.0563 0.021857 -1.06011 0.440092 0.000196789 
209.873 561.246 201.244 22.0553 0.0228331 -1.06011 0.437916 0.000178382 
209.865 561.251 201.244 22.0544 0.023806 -1.06011 0.435735 0.000161161 
209.858 561.256 201.244 22.0534 0.0247757 -1.06011 0.433548 0.000145084 
209.85 561.26 201.245 22.0525 0.0257421 -1.06011 0.431355 0.000130114 
209.843 561.265 201.245 22.0515 0.0267053 -1.06011 0.429156 0.000116211 
209.836 561.27 201.245 22.0505 0.0276652 -1.06011 0.426952 0.000103335 
209.828 561.275 201.246 22.0495 0.0286218 -1.06011 0.424742 9.14465e-05 
209.821 561.28 201.246 22.0486 0.0295751 -1.06011 0.422526 8.05068e-05 
209.813 561.285 201.246 22.0476 0.0305252 -1.06011 0.420304 7.04762e-05 
209.806 561.29 201.247 22.0466 0.0314719 -1.06011 0.418077 6.13153e-05 
209.798 561.295 201.247 22.0456 0.0324153 -1.06011 0.415844 5.29847e-05 
209.791 561.3 201.247 22.0446 0.0333554 -1.06011 0.413605 4.5445e-05 
209.784 561.305 201.248 22.0436 0.0342922 -1.06011 0.41136 3.86566e-05 
209.776 561.31 201.248 22.0425 0.0352256 -1.06011 0.40911 3.25803e-05 
209.769 561.315 201.248 22.0415 0.0361557 -1.06011 0.406854 2.71765e-05 
209.761 561.32 201.249 22.0405 0.0370824 -1.06011 0.404592 2.24059e-05 
209.754 561.325 201.249 22.0395 0.0380058 -1.06011 0.402325 1.8229e-05 
209.747 561.329 201.25 22.0384 0.0389258 -1.06011 0.400052 1.46064e-05 
209.739 561.334 201.25 22.0374 0.0398424 -1.06011 0.397773 1.14985e-05 
209.732 561.339 201.251 22.0363 0.0407556 -1.06011 0.395489 8.8661e-06 
209.724 561.344 201.251 22.0353 0.0416654 -1.06011 0.393199 6.6696e-06 
209.717 561.349 201.251 22.0342 0.0425718 -1.06011 0.390904 4.86957e-06 
209.71 561.354 201.252 22.0331 0.0434748 -1.06011 0.388603 3.42658e-06 
209.702 561.359 201.252 22.0321 0.0443743 -1.06011 0.386296 2.30115e-06 
209.695 561.364 201.253 22.031 0.0452705 -1.06011 0.383984 1.45383e-06 
209.688 561.369 201.253 22.0299 0.0461632 -1.06011 0.381667 8.4516e-07 
209.68 561.374 201.254 22.0288 0.0470524 -1.06011 0.379344 4.35663e-07 
209.673 561.379 201.254 22.0277 0.0479382 -1.06011 0.377016 1.85874e-07 
209.665 561.384 201.255 22.0266 0.0488205 -1.0601 0.374683 5.63182e-08 
209.658 561.389 201.255 22.0255 0.0496993 -1.0601 0.372344 7.52017e-09 
209.651 561.393 201.256 22.0244 0.0505747 -1.0601 0.369 0 
209.651 561.393 201.256 22.0244 0.0505747 -1.0601 0.369 0 
213.442 563.554 202.281 22.1014 0.00537247 -0.587377 0.482653 8.53537e-13 
217.233 565.716 203.284 22.1635 0.000471997 -0.324428 0.480306 4.56923e-13 
221.024 567.877 204.266 22.2136 -5.9206e-05 -0.179 0.477959 2.44429e-13 
224.815 570.04 205.227 22.254 -0.000116787 -0.098712 0.475612 1.30709e-13 
228.606 572.203 206.167 22.2866 -0.000123029 -0.0544113 0.473265 6.97569e-14 
232.397 574.366 207.085 22.3129 -0.000123706 -0.0299714 0.470918 3.71818e-14 
236.188 576.53 207.982 22.3341 -0.000123779 -0.0164891 0.468571 1.97423e-14 
239.979 578.695 208.857 22.3512 -0.000123787 -0.00905161 0.466224 1.0494e-14 
243.77 580.86 209.711 22.365 -0.000123788 -0.00494878 0.463878 5.50754e-15 
247.561 583.026 210.543 22.3762 -0.000123788 -0.00268549 0.461531 2.93314e-15 
251.352 585.192 211.354 22.3851 -0.000123788 -0.00143696 0.459184 1.62654e-15 
255.143 587.359 212.142 22.3924 -0.000123788 -0.000748225 0.456837 7.37493e-16 
258.934 589.527 212.91 22.3982 -0.000123788 -0.000368288 0.45449 4.97155e-16 
262.725 591.695 213.655 22.4029 -0.000123788 -0.000158699 0.452143 2.42707e-16 
266.516 593.864 214.379 22.4067 -0.000123788 -4.30812e-05 0.449796 1.54029e-16 
270.307 596.033 215.081 22.4098 -0.000123788 2.06984e-05 0.447449 4.21236e-17 
274.098 598.203 215.761 22.4123 -0.000123788 5.58819e-05 0.445102 -1.53832e-17 
277.889 600.374 216.42 22.4143 -0.000123788 7.52906e-05 0.442755 -2.46768e-17 
281.68 602.545 217.056 22.4159 -0.000123788 8.59972e-05 0.440408 -7.79425e-18 
285.471 604.717 217.671 22.4172 -0.000123788 9.19034e-05 0.438061 -9.48558e-18 
289.262 606.89 218.263 22.4183 -0.000123788 9.51616e-05 0.435714 -3.97106e-17 
293.053 609.063 218.834 22.4191 -0.000123788 9.69589e-05 0.433367 -2.26731e-17 
296.844 611.237 219.382 22.4198 -0.000123788 9.79504e-05 0.43102 2.45723e-17 
300.635 613.412 219.909 22.4204 -0.000123788 9.84973e-05 0.428673 -3.77994e-17 
304.426 615.587 220.414 22.4208 -0.000123788 9.8799e-05 0.426327 -4.89516e-17 
308.217 617.763 220.896 22.4212 -0.000123788 9.89654e-05 0.42398 -3.15387e-17 
312.008 619.94 221.356 22.4215 -0.000123788 9.90572e-05 0.421633 3.1891e-18 
315.799 622.117 221.794 22.4218 -0.000123788 9.91078e-05 0.419286 4.50124e-19 
319.59 624.295 222.21 22.422 -0.000123788 9.91357e-05 0.416939 -4.84523e-18 
323.381 626.474 222.604 22.4222 -0.000123788 9.9151e-05 0.414592 -1.08063e-17 
327.172 628.653 222.976 22.4224 -0.000123788 9.91592e-05 0.412245 -6.59498e-18 
330.963 630.833 223.325 22.4225 -0.000123788 9.91634e-05 0.409898 7.02983e-18 
334.754 633.014 223.652 22.4227 -0.000123788 9.91649e-05 0.407551 1.84499e-17 
338.545 635.196 223.957 22.4229 -0.000123788 9.91645e-05 0.405204 -7.48568e-18 
342.336 637.378 224.24 22.4231 -0.000123788 9.91617e-05 0.402857 -8.24464e-18 
346.127 639.561 224.5 22.4233 -0.000123788 9.91555e-05 0.40051 3.06839e-17 
349.918 641.745 224.738 22.4235 -0.000123788 9.91433e-05 0.398163 -1.0236e-18 
353.709 643.929 224.954 22.4238 -0.000123788 9.91201e-05 0.395816 -3.5019e-18 
357.5 646.114 225.147 22.4242 -0.000123788 9.90768e-05 0.393469 7.89341e-18 
361.291 648.3 225.318 22.4246 -0.000123788 9.89961e-05 0.391122 1.78596e-17 
365.082 650.487 225.467 22.4251 -0.000123788 9.88457e-05 0.388776 4.48408e-18 
368.873 652.675 225.593 22.4258 -0.000123788 9.8566e-05 0.386429 1.3314e-17 
372.664 654.863 225.697 22.4266 -0.000123788 9.80467e-05 0.384082 1.6867e-17 
376.455 657.052 225.778 22.4276 -0.000123786 9.70829e-05 0.381735 1.33761e-17 
380.246 659.242 225.837 22.4289 -0.000123774 9.52958e-05 0.379388 1.18004e-17 
384.037 661.433 225.874 22.4305 -0.000123654 9.19848e-05 0.377041 1.00752e-17 
387.828 663.625 225.888 22.4325 -0.00012248 8.5855e-05 0.374694 1.28674e-17 
391.619 665.817 225.88 22.4349 -0.000111044 7.45145e-05 0.372347 6.4655e-18 
395.41 668.01 225.85 22.438 -5.86875e-08 5.35478e-05 0.369 0 
395.41 668.01 225.85 22.438 -5.86875e-08 5.35478e-05 0.369 0 
389.939 678.791 225.878 21.8885 0.646311 0.000485217 -0.128813 -0.466651 
384.682 689.574 230.348 18.1393 0.741315 -0.176132 -0.104535 -0.429479 
381.534 699.144 235.511 14.0544 0.616658 -0.338696 -0.0554372 -0.393463 
380.721 707.596 239.863 10.7882 0.277731 -0.48764 0.0576008 -0.358787 
381.809 715.025 241.926 9.40382 -0.154943 -0.623465 0.312794 -0.325618 
383.746 721.52 241.033 10.2634 -0.412518 -0.746739 0.509796 -0.294099 
385.232 727.17 238.363 12.3699 -0.410155 -0.858086 0.496666 -0.264346 
385.522 732.056 235.687 14.3739 -0.2843 -0.958176 0.380368 -0.236442 
384.655 736.256 233.852 15.6662 -0.148387 -1.04771 0.261357 -0.210439 
383.033 739.843 232.936 16.227 -0.0515514 -1.1274 0.191285 -0.186356 
381.077 742.882 232.678 16.2783 0.00913283 -1.19798 0.160893 -0.164183 
379.08 745.437 232.836 16.0197 0.0415045 -1.26017 0.154608 -0.143884 
377.222 747.566 233.219 15.6054 0.0503518 -1.31467 0.163161 -0.125402 
375.596 749.319 233.668 15.1609 0.0409611 -1.36218 0.180849 -0.108664 
374.222 750.747 234.057 14.78 0.020876 -1.40335 0.20291 -0.0935807 
373.066 751.892 234.312 14.5143 -0.00119956 -1.43881 0.224621 -0.0800585 
372.061 752.793 234.418 14.3692 -0.0181156 -1.46914 0.242077 -0.0679965 
371.14 753.486 234.411 14.3136 -0.0264361 -1.49491 0.253571 -0.0572924 
370.251 754.003 234.346 14.3004 -0.0265198 -1.51663 0.259898 -0.0478438 
369.368 754.37 234.282 14.2864 -0.0209706 -1.53476 0.263252 -0.0395501 
368.491 754.612 234.255 14.243 -0.0129394 -1.54976 0.265849 -0.0323141 
367.636 754.752 234.284 14.1589 -0.00513201 -1.56201 0.269152 -0.0260423 
366.826 754.808 234.368 14.0367 0.000525233 -1.57189 0.273761 -0.0206458 
366.084 754.795 234.491 13.889 0.00291733 -1.57972 0.279635 -0.0160405 
365.425 754.729 234.633 13.7337 0.00171077 -1.58581 0.286384 -0.0121471 
364.853 754.621 234.768 13.5896 -0.00266625 -1.59043 0.293528 -0.00889123 
364.363 754.481 234.875 13.4726 -0.00905436 -1.59381 0.30068 -0.00620322 
363.94 754.319 234.939 13.3921 -0.0156651 -1.59617 0.307633 -0.00401802 
363.562 754.139 234.959 13.3475 -0.0203324 -1.5977 0.314351 -0.002275 
363.21 753.95 234.947 13.3273 -0.0209702 -1.59857 0.320885 -0.000917792 
362.87 753.754 234.931 13.3094 -0.0162189 -1.59892 0.32726 0.000105965 
362.538 753.556 234.948 13.2655 -0.00613787 -1.59889 0.333406 0.000844731 
362.229 753.358 235.035 13.169 0.00730846 -1.59858 0.339146 0.00134324 
361.972 753.162 235.214 13.005 0.0202604 -1.59808 0.34426 0.00164264 
361.807 752.969 235.485 12.779 0.0276808 -1.59746 0.348586 0.00178059 
361.768 752.781 235.809 12.5232 0.0247859 -1.5968 0.352126 0.00179135 
361.875 752.597 236.116 12.2928 0.00890637 -1.59612 0.355087 0.00170585 
362.115 752.418 236.316 12.1547 -0.0187895 -1.59548 0.357821 0.00155173 
362.437 752.243 236.328 12.1666 -0.0524356 -1.5949 0.360682 0.00135341 
362.758 752.072 236.109 12.3529 -0.0821012 -1.5944 0.363857 0.00113204 
362.978 751.904 235.684 12.6847 -0.0961633 -1.59397 0.367253 0.000905572 
363.01 751.74 235.159 13.0741 -0.0850528 -1.59363 0.370509 0.000688737 
362.821 751.578 234.706 13.3871 -0.0453742 -1.59338 0.37314 0.000493039 
362.447 751.418 234.522 13.4781 0.0170305 -1.5932 0.374752 0.000326757 
362.012 751.259 234.765 13.2386 0.0864983 -1.59308 0.375222 0.00019494 
361.703 751.101 235.488 12.647 0.140316 -1.59301 0.374718 9.94011e-05 
361.721 750.943 236.586 11.8009 0.154711 -1.59298 0.373558 3.87174e-05 
362.218 750.785 237.793 10.9178 0.112787 -1.59298 0.371991 8.2238e-06 
363.223 750.627 238.722 10.2937 0.0121779 -1.59298 0.369 0 
363.223 750.627 238.722 10.2937 0.0121779 -1.59298 0.369 0 
363.363 750.608 238.75 10.2856 -0.0045135 -1.59298 0.247295 0.0802292 
363.503 750.59 238.765 10.2919 -0.035769 -1.58944 0.269937 0.0755011 
363.643 750.574 238.756 10.3164 -0.0642461 -1.58611 0.290773 0.0709557 
363.782 750.561 238.723 10.3573 -0.0900255 -1.58298 0.309612 0.0665898 
363.919 750.551 238.67 10.4131 -0.113224 -1.58004 0.326336 0.0624004 
364.053 750.542 238.598 10.482 -0.133983 -1.57728 0.3409 0.0583843 
364.183 750.536 238.51 10.5627 -0.152464 -1.57471 0.353326 0.0545383 
364.307 750.533 238.406 10.6537 -0.168835 -1.5723 0.363694 0.0508592 
364.426 750.531 238.29 10.7539 -0.183265 -1.57005 0.37213 0.0473438 
364.538 750.531 238.161 10.862 -0.195917 -1.56796 0.378789 0.0439889 
364.644 750.532 238.023 10.977 -0.206944 -1.56602 0.383847 0.0407913 
364.742 750.535 237.876 11.098 -0.216488 -1.56422 0.387493 0.0377476 
364.832 750.54 237.72 11.2239 -0.224673 -1.56255 0.389912 0.0348545 
364.914 750.546 237.559 11.3541 -0.231609 -1.56101 0.391292 0.0321087 
364.988 750.553 237.391 11.4878 -0.237388 -1.5596 0.391809 0.0295068 
365.052 750.561 237.219 11.6243 -0.242088 -1.55829 0.39163 0.0270454 
365.108 750.57 237.042 11.763 -0.245773 -1.5571 0.390909 0.0247211 
365.155 750.581 236.863 11.9031 -0.248491 -1.55601 0.389784 0.0225303 
365.193 750.592 236.681 12.0443 -0.250281 -1.55501 0.388382 0.0204696 
365.221 750.604 236.498 12.1858 -0.251168 -1.55411 0.386813 0.0185353 
365.24 750.616 236.314 12.3272 -0.25117 -1.55329 0.385172 0.016724 
365.25 750.63 236.129 12.468 -0.250298 -1.55255 0.383539 0.0150319 
365.25 750.644 235.945 12.6075 -0.248557 -1.55188 0.38198 0.0134554 
365.241 750.658 235.763 12.7453 -0.245949 -1.55129 0.380548 0.0119907 
365.223 750.673 235.582 12.8808 -0.24247 -1.55076 0.379281 0.0106341 
365.196 750.688 235.404 13.0136 -0.238121 -1.55029 0.378209 0.00938189 
365.16 750.704 235.229 13.1431 -0.232899 -1.54987 0.377346 0.0082301 
365.115 750.72 235.058 13.2687 -0.226806 -1.54951 0.3767 0.00717488 
365.062 750.737 234.892 13.39 -0.219844 -1.54919 0.376269 0.00621233 
365.001 750.753 234.731 13.5065 -0.212022 -1.54892 0.376042 0.00533847 
364.932 750.77 234.576 13.6176 -0.203354 -1.54868 0.376002 0.00454931 
364.856 750.787 234.428 13.7229 -0.193858 -1.54848 0.376125 0.0038408 
364.772 750.805 234.288 13.8219 -0.183559 -1.54831 0.376385 0.00320885 
364.682 750.822 234.155 13.9141 -0.172491 -1.54816 0.376748 0.00264934 
364.585 750.839 234.032 13.999 -0.160692 -1.54805 0.37718 0.0021581 
364.483 750.857 233.918 14.0763 -0.14821 -1.54795 0.377642 0.00173093 
364.375 750.875 233.813 14.1457 -0.1351 -1.54787 0.378095 0.00136357 
364.262 750.893 233.719 14.2067 -0.121423 -1.54781 0.378499 0.00105173 
364.145 750.91 233.636 14.259 -0.107249 -1.54776 0.378813 0.000791055 
364.025 750.928 233.564 14.3024 -0.0926559 -1.54773 0.378998 0.000577163 
363.901 750.946 233.503 14.3368 -0.0777252 -1.5477 0.379017 0.000405597 
363.775 750.964 233.455 14.3619 -0.0625465 -1.54768 0.378836 0.00027184 
363.647 750.982 233.419 14.3776 -0.0472138 -1.54767 0.378424 0.000171298 
363.517 751 233.394 14.384 -0.0318257 -1.54766 0.377755 9.92923e-05 
363.387 751.018 233.383 14.381 -0.0164837 -1.54766 0.376808 5.10647e-05 
363.257 751.036 233.383 14.3687 -0.00129177 -1.54765 0.375567 2.17958e-05 
363.127 751.054 233.395 14.3473 0.013645 -1.54765 0.374023 6.66316e-06 
362.998 751.072 233.42 14.317 0.0282217 -1.54765 0.372168 9.27104e-07 
362.872 751.09 233.456 14.2781 0.042334 -1.54765 0.369 0 
362.872 751.09 233.456 14.2781 0.042334 -1.54765 0.369 0 
360.257 751.494 234.526 13.2146 0.344865 -1.54764 0.106588 -0.260944 
359.105 751.897 241.071 8.34212 -0.245667 -1.8072 0.652039 -0.196421 
365.424 747.624 237.129 11.6931 -0.188226 -2.00274 0.468491 -0.142308 
366.746 739.835 234.124 14.0104 -0.0540831 -2.14461 0.288696 -0.0982871 
364.567 729.496 233.467 14.3621 -0.0109927 -2.24279 0.250705 -0.0632512 
361.841 717.391 233.575 14.1128 -0.0109655 -2.30619 0.263333 -0.0357758 
359.476 704.144 233.69 13.8824 -0.0194941 -2.34231 0.27962 -0.0144401 
357.451 690.247 233.659 13.7828 -0.0233544 -2.35723 0.287411 0.00201559 
355.57 676.082 233.561 13.7415 -0.023172 -2.35579 0.290364 0.0146387 
353.745 661.942 233.468 13.7003 -0.0220888 -2.3418 0.292839 0.0242682 
351.975 648.054 233.395 13.6471 -0.0214109 -2.31821 0.296078 0.0315626 
350.28 634.59 233.336 13.5882 -0.0211138 -2.28736 0.299774 0.0370318 
348.668 621.682 233.284 13.5293 -0.0209179 -2.25104 0.303524 0.0410685 
347.139 609.427 233.237 13.4716 -0.0206938 -2.21068 0.307196 0.043973 
345.692 597.899 233.196 13.4147 -0.0204387 -2.1674 0.310809 0.045975 
344.326 587.149 233.161 13.3581 -0.020179 -2.1221 0.314397 0.0472496 
343.042 577.214 233.132 13.3017 -0.0199288 -2.0755 0.31797 0.0479308 
341.838 568.118 233.11 13.2457 -0.0196897 -2.02819 0.321521 0.0481201 
340.715 559.874 233.093 13.1902 -0.0194602 -1.98065 0.325042 0.0478951 
339.671 552.484 233.083 13.1352 -0.0192398 -1.9333 0.328526 0.0473153 
338.708 545.947 233.077 13.0809 -0.0190294 -1.8865 0.331968 0.0464268 
337.823 540.252 233.078 13.0274 -0.0188303 -1.84055 0.335362 0.0452656 
337.015 535.384 233.083 12.9747 -0.0186438 -1.79572 0.3387 0.0438612 
336.285 531.322 233.093 12.923 -0.0184712 -1.75225 0.341976 0.0422383 
335.63 528.043 233.108 12.8723 -0.0183137 -1.71037 0.345182 0.0404191 
335.049 525.518 233.127 12.8229 -0.0181726 -1.67026 0.348308 0.0384243 
334.54 523.714 233.15 12.7749 -0.0180499 -1.63211 0.351346 0.0362749 
334.102 522.596 233.176 12.7285 -0.0179479 -1.59607 0.354286 0.0339921 
333.733 522.127 233.206 12.6837 -0.0178683 -1.56228 0.357118 0.031599 
333.43 522.266 233.239 12.6409 -0.0178101 -1.53084 0.359829 0.02912 
333.189 522.971 233.273 12.6001 -0.0177697 -1.50185 0.362408 0.0265812 
333.01 524.198 233.31 12.5615 -0.0177488 -1.47536 0.364841 0.024011 
332.888 525.901 233.348 12.5252 -0.0177676 -1.45141 0.367113 0.0214391 
332.819 528.035 233.387 12.4917 -0.0178634 -1.43 0.369212 0.0188964 
332.801 530.555 233.425 12.4617 -0.0180408 -1.4111 0.371125 0.0164145 
332.828 533.414 233.461 12.4361 -0.0181853 -1.39466 0.372842 0.014025 
332.894 536.57 233.495 12.4141 -0.0180699 -1.38058 0.374344 0.0117588 
332.992 539.979 233.532 12.392 -0.0176618 -1.36875 0.3756 0.00964488 
333.124 543.6 233.576 12.3659 -0.0176637 -1.35901 0.376577 0.00770965 
333.295 547.397 233.622 12.342 -0.0194961 -1.35119 0.377273 0.00597574 
333.503 551.335 233.635 12.3455 -0.0234782 -1.34508 0.377733 0.00446096 
333.707 555.382 233.576 12.4028 -0.0255439 -1.34048 0.377985 0.00317725 
333.828 559.513 233.478 12.4814 -0.017127 -1.33716 0.377958 0.00212968 
333.829 563.703 233.53 12.4356 0.00444036 -1.33487 0.377486 0.00131549 
333.891 567.934 233.971 12.1002 0.0164705 -1.33339 0.376499 0.000723214 
334.447 572.192 234.638 11.6403 -0.0315803 -1.3325 0.375187 0.000331953 
335.708 576.465 234.454 11.8932 -0.160553 -1.332 0.373805 0.000110673 
336.644 580.747 231.942 13.8833 -0.247386 -1.33172 0.372158 1.76571e-05 
334.652 585.037 227.809 16.8303 0.00248736 -1.33152 0.369 0 
334.652 585.037 227.809 16.8303 0.00248736 -1.33152 0.369 0 
323.798 591.983 226.821 13.6781 0.224435 -0.0673329 0.53289 0.794318 
321.725 643.833 233.898 5 -0.0572126 2.57736 1.13431 0.502567 
345.133 789.615 231.463 5.00004 -0.0564419 4.2115 1.12108 -0.0455715 
368.413 993.449 229.055 5.00001 -0.0554974 4.07324 1.10478 -0.238871 
391.518 1192.37 226.681 5.00003 -0.0545517 3.30164 1.08847 -0.314458 
414.431 1363.88 224.341 5.00004 -0.0536067 2.25939 1.07216 -0.325836 
437.147 1498.37 222.034 5.00006 -0.0526638 1.15497 1.05586 -0.296372 
459.667 1593.62 219.76 5.00015 -0.116178 0.129575 1.03955 -0.240083 
482.041 1652.45 215.231 6.7424 -0.0752135 -0.717973 1.02324 -0.170155 
499.081 1681.17 212.057 6.99971 -0.0764594 -1.33134 1.00694 -0.0988579 
515.145 1688.1 208.825 7.25669 -0.0777136 -1.69578 0.990632 -0.0400035 
530.238 1682.08 205.533 7.51364 -0.0789682 -1.84701 0.974326 -0.00110635 
544.363 1670.69 202.182 7.77058 -0.0802228 -1.85163 0.95802 0.0184201 
557.518 1659.14 198.772 8.02751 -0.0814774 -1.77866 0.941714 0.0232924 
569.702 1650.19 195.302 8.28445 -0.082732 -1.6835 0.925408 0.0194705 
580.911 1644.61 191.774 8.54138 -0.0839867 -1.60141 0.909102 0.0124223 
591.141 1641.95 188.186 8.79832 -0.0852413 -1.54726 0.892796 0.00590247 
600.387 1641.21 184.539 9.05525 -0.0864959 -1.5206 0.87649 0.00163114 
608.643 1641.43 180.833 9.31218 -0.0877506 -1.51292 0.860183 -0.000310815 
615.906 1641.91 177.067 9.56912 -0.0890053 -1.51438 0.843877 -0.000731354 
622.169 1642.34 173.243 9.82605 -0.09026 -1.51804 0.827571 -0.000581852 
627.43 1642.65 169.359 10.083 -0.0915146 -1.52107 0.811265 -0.000466789 
631.684 1642.85 165.416 10.3399 -0.0927693 -1.52362 0.794959 -0.000507598 
634.927 1642.95 161.414 10.5968 -0.094024 -1.52654 0.778653 -0.000578081 
637.154 1642.96 157.353 10.8538 -0.0952786 -1.53007 0.762347 -0.000325279 
638.362 1642.84 153.232 11.1107 -0.0965333 -1.53219 0.746041 0.000556562 
638.546 1642.64 149.052 11.3676 -0.097788 -1.52838 0.729734 0.00207512 
637.702 1642.58 144.813 11.6246 -0.0990426 -1.51321 0.713428 0.00386378 
635.826 1643.06 140.515 11.8815 -0.100297 -1.48295 0.697122 0.00528229 
632.915 1644.62 136.158 12.1384 -0.101552 -1.43852 0.680816 0.00563592 
628.964 1647.75 131.741 12.3954 -0.102807 -1.38743 0.66451 0.00442008 
623.97 1652.71 127.265 12.6523 -0.104061 -1.34429 0.648204 0.00150119 
617.928 1659.19 122.73 12.9092 -0.105316 -1.32927 0.631898 -0.00282211 
610.833 1666.21 118.136 13.1662 -0.106571 -1.36502 0.615592 -0.00788822 
602.68 1671.95 113.483 13.4231 -0.107825 -1.47252 0.599285 -0.0128416 
593.462 1673.88 108.77 13.68 -0.109079 -1.66679 0.582979 -0.0168453 
583.173 1668.91 103.999 13.9369 -0.110337 -1.95362 0.566673 -0.0192749 
571.805 1653.75 99.1675 14.1939 -0.111599 -2.32785 0.550367 -0.0198446 
559.353 1625.3 94.2769 14.4511 -0.112839 -2.77379 0.534061 -0.0186401 
545.808 1581 89.3277 14.7078 -0.113997 -3.26766 0.517755 -0.0160603 
531.167 1519.17 84.3227 14.962 -0.115234 -3.7813 0.501449 -0.012693 
515.433 1439.08 79.2594 15.2163 -0.117411 -4.28649 0.485143 -0.00916203 
498.602 1341.05 74.1041 15.4961 -0.120435 -4.75846 0.468836 -0.00598344 
480.596 1226.25 68.8256 15.8185 -0.115676 -5.17807 0.45253 -0.00346455 
461.282 1096.55 63.6977 15.9631 -0.0891545 -5.53107 0.436224 -0.0016695 
441.162 954.302 59.5038 15.383 -0.10158 -5.80124 0.419918 -0.000479994 
422.396 802.459 54.9015 15.2987 -0.39522 -5.94385 0.403612 0.000219046 
403.747 645.55 39.8725 23.1957 -0.791478 -5.81317 0.387306 0.000328398 
361.835 493.301 10.3168 40 1.4 -5.14262 0.369 0 
