grtopS_31_1
50
2 2
5 5 
0 3 2 1 4 
0 3 2 1 4 
2107.65 3.53487 71.5109 46.3174 
120426 0.0396106 2.85076e-09 0 
43.0132 0.0721402 1.45941 0.945253 
2457.67 0.00080838 5.81789e-11 0 
1.16687e-11 0.0517278 0.0671664 1.30816 
1.44655e-06 1.4405e-06 6.76529 11.7694 
161.16 131.23 542.11 24.8874 0.630484 0 0.0856422 0 
161.16 131.23 542.11 24.8874 0.630484 3.57316e-12 0.085838 -0.00820508 
161.16 131.23 542.11 24.8831 0.661783 -0.139067 0.0845714 0.0096697 
40.9116 111.329 569.065 16.0386 0.746676 -0.0267612 0.138558 0.0198972 
46.7574 -269.436 445.148 25.2435 0.621259 0.118973 0.0835161 -0.00095824 
45.3644 -251.243 446.201 24.9206 0.62544 0.117936 0.0854489 -0.00023346 
44.2073 -246.904 442.682 24.9543 0.624777 0.122293 0.0852503 -0.000317473 
43.0335 -240.979 439.444 24.9737 0.62441 0.126318 0.0851328 -0.000364614 
41.8574 -234.146 436.381 24.9607 0.624477 0.13015 0.0852086 -0.000338428 
40.7007 -227.807 433.046 24.9473 0.624441 0.134314 0.0852916 -0.000315732 
39.5589 -221.914 429.339 24.9665 0.624081 0.138923 0.0851741 -0.000361919 
38.4156 -215.124 425.808 24.9443 0.624229 0.143341 0.0853054 -0.000316569 
37.2967 -209.199 421.844 24.9368 0.624105 0.148284 0.0853519 -0.000307581 
36.1887 -203.457 417.581 24.9499 0.623741 0.153585 0.0852734 -0.00034353 
35.08 -197.029 413.336 24.9475 0.623609 0.158875 0.0852868 -0.000343122 
33.9814 -190.603 408.915 24.9361 0.623569 0.16439 0.0853543 -0.000323582 
32.8973 -184.548 404.17 24.9306 0.623436 0.170302 0.0853864 -0.000317889 
31.8232 -178.6 399.171 24.9251 0.623286 0.176531 0.0854186 -0.000312947 
30.7588 -172.747 393.903 24.9215 0.623082 0.183091 0.0854402 -0.000313415 
29.7017 -166.889 388.369 24.9232 0.622823 0.189978 0.0854296 -0.000324814 
28.6487 -160.811 382.653 24.9162 0.622685 0.197098 0.08547 -0.000316349 
27.6058 -154.889 376.639 24.9039 0.622552 0.20459 0.0855437 -0.000298772 
26.5741 -149.309 370.2 24.9085 0.622223 0.212599 0.0855156 -0.000317702 
25.5436 -143.364 363.591 24.8985 0.62206 0.220829 0.0855745 -0.00030493 
24.5229 -137.662 356.589 24.8936 0.621814 0.229544 0.0856034 -0.000304131 
23.5081 -131.976 349.248 24.8887 0.621549 0.238679 0.0856323 -0.000304042 
22.4987 -126.294 341.554 24.8845 0.62127 0.248253 0.085656 -0.000305564 
21.4935 -120.579 333.514 24.8761 0.621018 0.25826 0.0857058 -0.000298663 
20.4956 -114.996 325.042 24.8721 0.620706 0.2688 0.0857287 -0.000301493 
19.5016 -109.357 316.199 24.8621 0.620441 0.279806 0.0857876 -0.000292124 
18.5149 -103.897 306.874 24.8567 0.620096 0.291408 0.0858193 -0.000293676 
17.5324 -98.4078 297.113 24.8508 0.619738 0.303552 0.0858541 -0.000294732 
16.5541 -92.899 286.892 24.8445 0.619366 0.316268 0.0858905 -0.000295676 
15.5799 -87.3725 276.191 24.8372 0.618987 0.329581 0.0859333 -0.00029494 
14.6099 -81.8604 264.976 24.8295 0.618589 0.343531 0.0859786 -0.000294025 
13.6435 -76.3664 253.222 24.8218 0.618169 0.358153 0.0860236 -0.000293941 
12.6799 -70.8744 240.909 24.8131 0.617731 0.373468 0.0860744 -0.000292755 
11.7188 -65.4062 227.998 24.8059 0.617254 0.389526 0.0861162 -0.000295517 
10.7589 -59.8879 214.493 24.7958 0.61677 0.406321 0.086176 -0.000293435 
9.79907 -54.4143 200.313 24.792 0.616192 0.423951 0.0861979 -0.000305445 
8.83469 -48.7107 185.535 24.7817 0.615663 0.442329 0.0862587 -0.000304261 
7.87025 -43.0312 170.038 24.7738 0.615101 0.4616 0.0862977 -0.00031121 
6.90425 -37.269 153.857 24.7548 0.613752 0.481678 0.0863684 -0.000376537 
5.89971 -31.3174 136.027 25.0447 0.596784 0.502872 0.0851488 -0.00165564 
4.04792 -4.58606 110.874 29.2475 0.542127 0.530353 0.0599858 -0.0109463 
-1.08825 202.662 145.038 28.7098 0.553107 0.490449 0.0631188 -0.00954107 
-3.99111 384.297 175.059 27.886 0.568084 0.456267 0.0679412 -0.00728049 
-4.16796 527.86 197.142 26.9078 0.584554 0.435716 0.0733952 0.00239624 
1.63125 627.041 208.66 25.9448 0.553506 0.552028 0.0789863 -0.0183785 
120.389 712.359 168.913 39.3548 0.0899999 0.367403 0.0846422 0 
120.389 712.359 168.913 39.3548 0.0899999 0.367403 0.0846422 0 
118.502 714.053 169.025 39.0814 0.293255 0.315745 -0.188387 -1.02859 
116.631 715.7 169.32 38.6813 0.392959 0.212909 -0.176775 -1.00718 
114.787 717.255 169.706 38.2148 0.490707 0.111134 -0.165163 -0.985772 
112.976 718.718 170.18 37.6837 0.585934 0.0104201 -0.153551 -0.964364 
111.203 720.09 170.741 37.09 0.678092 -0.0892321 -0.141939 -0.942955 
109.471 721.372 171.386 36.4361 0.766651 -0.187823 -0.130326 -0.921547 
107.786 722.566 172.111 35.7251 0.851101 -0.285352 -0.118714 -0.900138 
106.153 723.672 172.913 34.9599 0.93096 -0.38182 -0.107102 -0.878729 
104.574 724.691 173.788 34.144 1.00577 -0.477226 -0.0954898 -0.857319 
103.054 725.625 174.732 33.2812 1.0751 -0.57157 -0.0838775 -0.835909 
101.597 726.473 175.74 32.3755 1.13857 -0.664853 -0.0722653 -0.814496 
100.206 727.237 176.806 31.4313 1.19581 -0.757073 -0.060653 -0.793074 
98.8837 727.918 177.924 30.4529 1.24649 -0.848231 -0.0490408 -0.756568 
97.633 728.517 179.09 29.4451 1.29034 -0.877724 -0.0374286 -0.247668 
96.4564 729.089 180.297 28.4127 1.32711 -0.838297 -0.0258163 0.728864 
95.3558 729.697 181.538 27.3607 1.3566 -0.750282 -0.0142041 0.707461 
94.3328 730.384 182.808 26.2942 1.37864 -0.663328 -0.00259182 0.686055 
93.3887 731.149 184.098 25.2184 1.39314 -0.577436 0.00902043 0.664648 
92.5243 731.992 185.404 24.1386 1.4 -0.492606 0.0264938 0.643241 
91.7401 732.911 186.717 23.0597 1.4 -0.408838 0.0949244 0.621833 
91.0361 733.905 188.031 21.9843 1.4 -0.326132 0.163124 0.600425 
90.4122 734.973 189.348 20.9126 1.4 -0.244488 0.231094 0.579017 
89.8679 736.115 190.665 19.8445 1.4 -0.163906 0.298834 0.55761 
89.4031 737.33 191.985 18.78 1.4 -0.0843866 0.264932 0.536202 
89.0176 738.615 193.305 17.723 1.4 -0.00592925 0.136396 0.514794 
88.7107 739.972 194.628 16.6774 1.4 0.0714658 0.108407 0.493386 
88.4817 741.398 195.952 15.7266 1.4 0.147798 0.113632 0.471977 
88.3237 742.893 197.277 14.797 1.4 0.223069 0.125195 0.450569 
88.2351 744.455 198.603 13.8724 1.4 0.297277 0.13679 0.429161 
88.2158 746.084 199.931 12.9528 1.4 0.370422 0.148393 0.407753 
88.2651 747.779 201.261 12.0381 1.4 0.442505 0.16 0.386345 
88.383 749.539 202.591 11.1283 1.4 0.513525 0.171609 0.364937 
88.5688 751.37 203.923 10.2234 1.35638 0.583483 0.183208 0.343529 
88.8232 753.358 205.217 9.35323 1.25884 0.652379 0.194819 0.322121 
89.1445 755.41 206.424 8.55448 1.15554 0.720211 0.206431 0.300712 
89.5275 757.523 207.54 7.83069 1.0471 0.786982 0.218043 0.279304 
89.9667 759.696 208.559 7.18495 0.934167 0.852689 0.229655 0.257896 
90.4564 761.928 209.477 6.61988 0.817406 0.917334 0.241267 0.236488 
90.9907 764.218 210.291 6.13762 0.697512 0.980917 0.252879 0.215079 
91.5634 766.566 210.998 5.73984 0.575194 1.04344 0.264492 0.193671 
92.1683 768.97 211.595 5.42769 0.451175 1.10489 0.276104 0.172263 
92.7991 771.429 212.081 5.20185 0.326188 1.16529 0.287718 0.150854 
93.4493 773.942 212.455 5.06246 0.200969 1.22462 0.299333 0.129446 
94.1126 776.509 212.716 5.00918 0.126065 1.28289 0.415042 0.108037 
94.7816 779.128 212.91 5.00291 0.119987 1.34009 0.436218 0.0866273 
95.4515 781.799 213.099 5 0.11671 1.39624 0.419915 0.0652167 
96.1221 784.52 213.284 5 0.11122 1.45131 0.403608 0.0438011 
96.7932 787.291 213.465 5.00002 0.103542 1.50533 0.37113 -0.00513044 
97.4647 790.111 213.639 5.00605 0.0086221 1.45361 0.369 0 
97.4647 790.111 213.639 5.00605 0.0086221 1.45361 0.369 0 
108.471 845.095 214.446 5.5644 -1.21685 1.38866 1.15369 -1.02859 
119.137 898.897 192.92 22.2692 -0.185478 0.28839 -0.00240001 -1.00718 
104.252 932.682 189.688 23.6323 0.426757 -0.791159 -0.165163 -0.985768 
87.021 946.812 197.565 16.6168 0.818301 -1.84996 -0.153551 -0.964358 
80.1563 941.652 212.777 5 0.0228041 -2.888 0.820071 -0.942946 
91.0715 917.576 213.842 5 0.0228035 -3.90522 0.820072 -0.921532 
102.011 874.977 214.907 5 0.022803 -4.90161 0.820072 -0.900101 
112.974 814.234 215.972 5 0.0228025 -5.87714 0.820072 -0.361526 
123.963 735.726 217.037 5 0.0228022 -6.27995 0.820072 0.0134644 
134.984 649.884 218.102 5 0.0228022 -6.27994 0.820072 0.0134535 
146.045 564.042 219.166 5 0.0228022 -6.27993 0.820072 0.013452 
157.144 478.2 220.231 5 0.0228022 -6.27993 0.820072 0.0142375 
168.282 392.359 221.296 5 0.0228022 -6.27992 0.820072 0.0226598 
179.458 306.517 222.361 5 0.0228022 -6.27992 0.820072 0.446046 
190.674 220.676 223.426 5 0.0228024 -5.86718 0.820072 0.728812 
201.935 142.35 224.491 5 0.0228028 -5.06965 0.820072 0.707442 
213.246 78.5469 225.556 5 0.0228032 -4.29301 0.820073 0.686044 
224.607 28.8862 226.621 5 0.0228037 -3.53732 0.820071 0.664637 
236.018 -7.01348 227.686 5 0.0227997 -2.80264 0.820147 0.643222 
247.478 -29.4832 228.751 5 0.0230027 -2.08897 0.816653 0.621813 
258.987 -38.8965 229.819 5 0.013699 -1.39634 0.816311 0.600346 
270.549 -35.6938 230.718 5.12918 0.00366432 -0.724865 0.811265 0.264724 
281.969 -20.2644 231.431 5.3861 0.00240965 -0.496807 0.794959 -0.557524 
293.043 -0.677917 232.113 5.64303 0.0011546 -1.12426 0.778653 -0.536167 
303.759 7.48296 232.765 5.89997 -0.000100726 -1.73073 0.762347 -0.51477 
314.116 4.48861 233.387 6.1569 -0.00135629 -2.31612 0.746041 -0.493352 
324.112 -9.17197 233.978 6.41384 -0.00261128 -2.88037 0.729735 -0.468607 
333.747 -33.1072 234.539 6.67079 -0.00386431 -3.39239 0.713428 0.450551 
343.021 -66.3661 235.069 6.9277 -0.00511561 -2.87309 0.697122 0.429155 
351.947 -90.1684 235.569 7.18457 -0.00636998 -2.37492 0.680816 0.40775 
360.524 -104.899 236.039 7.44145 -0.00763441 -1.89794 0.66451 0.386344 
368.751 -110.944 236.479 7.69848 -0.00890762 -1.44215 0.648204 0.364936 
376.626 -108.688 236.888 7.95575 -0.0101644 -1.00757 0.631898 0.343529 
384.148 -98.5186 237.266 8.21302 -0.0113623 -0.594229 0.615592 0.322121 
391.314 -80.8221 237.615 8.46946 -0.0125037 -0.202129 0.599286 0.300713 
398.125 -55.9852 237.936 8.72439 -0.0137322 0.16871 0.58298 0.279305 
404.581 -24.3951 238.226 8.9792 -0.015306 0.518272 0.566673 0.257897 
410.682 13.5608 238.481 9.23869 -0.0172389 0.846541 0.550367 0.236489 
416.419 57.4947 238.693 9.50727 -0.0187167 1.1535 0.534061 0.215081 
421.777 107.019 238.871 9.77756 -0.0181802 1.43914 0.517755 0.193673 
426.751 161.745 239.05 10.0215 -0.0153774 1.70344 0.501449 0.172264 
431.378 221.342 239.273 10.2107 -0.0149113 1.94638 0.485143 0.150856 
435.741 285.438 239.499 10.3841 -0.0261612 2.16795 0.468837 0.129448 
439.866 353.57 239.515 10.7059 -0.0516021 2.36814 0.452531 0.10804 
443.535 425.347 239.059 11.3551 -0.0653321 2.54693 0.436224 0.0866313 
446.247 500.381 238.333 12.1306 -0.0111279 2.70429 0.419918 0.0652227 
447.784 578.282 238.572 12.0762 0.131337 2.84023 0.403612 0.0438131 
449.359 658.657 241.407 10.0676 0.217008 2.9547 0.387306 -0.0122043 
453.938 741.115 245.86 7.09181 -0.0899998 2.9095 0.369 0 
453.938 741.115 245.86 7.09181 -0.0899998 2.9095 0.369 0 
460.397 792.636 243.828 6.82644 0.0407166 1.6035 1.15369 -1.02855 
467.016 828.753 243.343 5 -0.146238 -0.373668 1.13739 -1.00704 
475.374 841.549 240.687 5 -0.145293 -2.33768 1.12108 -0.969465 
483.652 831.181 238.043 5 -0.144348 -4.2782 1.10478 -0.917453 
491.848 797.926 235.409 5 -0.143402 -5.94205 1.08847 0.165251 
499.966 745.046 232.787 5 -0.142456 -6.09219 1.07216 0.238268 
508.021 690.396 230.176 5 -0.79383 -6.09453 1.05586 0.241955 
516.168 635.718 219.882 10.8534 -0.524616 -6.06373 1.03955 0.218252 
518.476 581.407 212.653 13.8497 -0.244053 -6.09328 1.02324 0.212259 
517.716 526.751 208.677 14.1067 -0.245302 -6.04385 1.00694 0.194667 
516.619 472.677 204.681 14.3635 -0.24655 -6.01566 0.990633 0.190997 
515.186 418.937 200.665 14.6204 -0.247803 -6.09718 0.974327 0.191542 
513.414 364.235 196.629 14.8772 -0.249068 -6.06738 0.95802 0.175784 
511.305 309.884 192.574 15.1341 -0.250344 -6.07093 0.941714 0.173255 
508.858 255.493 188.499 15.3912 -0.25162 -6.06358 0.925408 0.17043 
506.072 201.187 184.404 15.6485 -0.252876 -6.07231 0.909102 0.163758 
502.946 146.78 180.289 15.9058 -0.25409 -6.07435 0.892796 0.177789 
499.48 92.3478 176.155 16.1627 -0.255267 -6.0484 0.87649 0.558934 
495.674 38.2223 172.003 16.4189 -0.256449 -4.47354 0.860184 0.590925 
491.542 2.6716 167.831 16.6745 -0.257715 -2.86971 0.843878 0.556216 
487.087 -13.9628 163.64 16.9303 -0.259129 -1.29541 0.827571 0.107072 
482.305 -12.029 159.428 17.1877 -0.260666 -0.487422 0.811265 -0.149229 
477.188 -0.5653 155.192 17.4475 -0.262152 -1.43973 0.794959 -0.00160067 
471.718 -0.333363 150.934 17.7092 -0.26331 -1.46248 0.778653 0.00021401 
465.899 -0.369554 146.657 17.9697 -0.263937 -1.45892 0.762347 -2.26414e-05 
459.734 -0.363457 142.368 18.2242 -0.264179 -1.45903 0.746041 5.73206e-07 
453.226 -0.358555 138.071 18.4699 -0.2647 -1.45896 0.729735 -6.48333e-06 
446.385 -0.352618 133.764 18.7098 -0.266493 -1.45899 0.713429 -4.14345e-06 
439.216 -0.346787 129.431 18.9559 -0.270176 -1.45898 0.697122 -6.7856e-06 
431.713 -0.340708 125.05 19.2246 -0.27504 -1.45902 0.680816 1.9579e-06 
423.853 -0.334928 120.606 19.5248 -0.278538 -1.45891 0.66451 -1.12561e-05 
415.605 -0.327602 116.115 19.8417 -0.277173 -1.45903 0.648204 -4.49738e-06 
406.952 -0.321393 111.635 20.1306 -0.269134 -1.45903 0.631898 4.18938e-06 
397.918 -0.314984 107.243 20.3336 -0.257656 -1.45885 0.615592 -6.06292e-06 
388.585 -0.306393 102.984 20.4265 -0.25238 -1.45895 0.599286 -1.6321e-07 
379.063 -0.298869 98.7847 20.4734 -0.265522 -1.4589 0.58298 -1.84956e-06 
369.4 -0.290722 94.4296 20.6432 -0.301963 -1.45891 0.566673 -6.9295e-07 
359.483 -0.282556 89.6415 21.1353 -0.34766 -1.45889 0.550367 -9.54052e-06 
348.998 -0.273738 84.3052 22.0082 -0.366456 -1.45926 0.534061 3.59355e-05 
337.566 -0.268713 78.7307 22.9911 -0.316188 -1.45696 0.517755 -0.000139959 
325.062 -0.23584 73.7305 23.4559 -0.185519 -1.46752 0.501449 -0.0171392 
311.969 -0.327106 70.2626 22.721 -0.0334596 -2.19934 0.485143 0.0201405 
299.447 -9.05024 68.6021 20.6865 0.00564295 -2.30349 0.468837 0.0819346 
288.798 -19.0032 67.4413 18.4661 -0.211835 -1.0131 0.452531 0.0804675 
280.283 -13.7387 63.7574 18.3762 -0.703109 0.292101 0.436224 0.0638513 
271.894 6.9198 54.2809 22.7101 -1.22631 1.59093 0.419918 0.0415493 
259.321 42.9004 38.5516 31.4143 -1.28673 2.87511 0.403612 0.0123364 
238.177 94.0336 21.9452 40 -0.402504 4.13315 0.387306 -0.00119435 
208.329 160.011 15.6054 40 1.4 3.56248 0.369 0 
161.16 131.23 542.11 24.8874 0.630484 0 0.0856422 0 
161.16 131.23 542.11 24.8874 0.630485 1.96162e-08 0.0856422 5.42638e-06 
161.161 131.196 542.157 24.869 0.630581 0.00516594 0.0857504 3.11417e-05 
419.265 91.2028 520.279 24.9842 0.627949 0.0262315 0.0850731 -0.000265153 
373.906 374.824 535.358 24.9176 0.629696 0.00813239 0.0854648 -8.25899e-05 
360.836 463.149 540.136 24.8962 0.630253 0.00237817 0.0855903 -2.41607e-05 
357.04 488.987 541.535 24.89 0.630417 0.000692171 0.0856271 -7.03047e-06 
355.937 496.505 541.942 24.8881 0.630464 0.000201971 0.0856378 -2.04947e-06 
355.616 498.697 542.061 24.8876 0.630478 5.95977e-05 0.0856409 -6.0263e-07 
355.523 499.341 542.095 24.8875 0.630482 1.83034e-05 0.0856418 -1.82808e-07 
355.496 499.537 542.105 24.8874 0.630483 6.38544e-06 0.0856421 -6.1451e-08 
355.488 499.602 542.108 24.8874 0.630484 3.01066e-06 0.0856421 -2.68698e-08 
355.486 499.631 542.108 24.8874 0.630484 2.12813e-06 0.0856422 -1.7577e-08 
355.485 499.65 542.108 24.8874 0.630484 1.9814e-06 0.0856422 -1.57239e-08 
355.485 499.667 542.108 24.8874 0.630484 2.06084e-06 0.0856422 -1.61224e-08 
355.485 499.684 542.108 24.8874 0.630484 2.22166e-06 0.0856422 -1.72937e-08 
355.485 499.702 542.108 24.8874 0.630484 2.42438e-06 0.0856422 -1.88342e-08 
355.485 499.722 542.108 24.8874 0.630484 2.65832e-06 0.0856422 -2.06194e-08 
355.485 499.744 542.108 24.8874 0.630484 2.92584e-06 0.0856422 -2.26604e-08 
355.485 499.769 542.107 24.8874 0.630484 3.2319e-06 0.0856421 -2.49971e-08 
355.485 499.795 542.107 24.8874 0.630484 3.58149e-06 0.0856421 -2.76556e-08 
355.485 499.825 542.107 24.8874 0.630484 3.98443e-06 0.0856421 -3.07183e-08 
355.485 499.858 542.106 24.8874 0.630484 4.4493e-06 0.0856421 -3.42376e-08 
355.485 499.894 542.106 24.8874 0.630484 4.99052e-06 0.0856421 -3.83303e-08 
355.485 499.935 542.105 24.8874 0.630484 5.62214e-06 0.0856421 -4.30866e-08 
355.485 499.981 542.105 24.8874 0.630483 6.36617e-06 0.0856421 -4.86742e-08 
355.484 500.033 542.104 24.8874 0.630483 7.24773e-06 0.0856421 -5.52714e-08 
355.484 500.092 542.103 24.8874 0.630483 8.30017e-06 0.0856421 -6.31175e-08 
355.484 500.159 542.102 24.8874 0.630483 9.56686e-06 0.0856421 -7.25166e-08 
355.484 500.237 542.101 24.8874 0.630483 1.11065e-05 0.085642 -8.38877e-08 
355.484 500.326 542.1 24.8874 0.630483 1.2996e-05 0.085642 -9.77634e-08 
355.484 500.43 542.098 24.8874 0.630483 1.53419e-05 0.085642 -1.14882e-07 
355.484 500.553 542.095 24.8874 0.630483 1.82916e-05 0.0856419 -1.3625e-07 
355.483 500.698 542.092 24.8875 0.630482 2.20542e-05 0.0856419 -1.63268e-07 
355.483 500.873 542.088 24.8875 0.630482 2.69349e-05 0.0856418 -1.97942e-07 
355.483 501.084 542.083 24.8875 0.630481 3.33925e-05 0.0856417 -2.43217e-07 
355.482 501.343 542.076 24.8875 0.630481 4.21412e-05 0.0856416 -3.03464e-07 
355.481 501.667 542.066 24.8875 0.63048 5.4365e-05 0.0856414 -3.8553e-07 
355.48 502.078 542.052 24.8876 0.630479 7.21605e-05 0.0856412 -5.00419e-07 
355.478 502.612 542.03 24.8876 0.630477 9.96201e-05 0.0856409 -6.66864e-07 
355.475 503.324 541.993 24.8877 0.630474 0.000145658 0.0856404 -9.18802e-07 
355.47 504.304 541.923 24.8878 0.630468 0.000232005 0.0856397 -1.32295e-06 
355.459 505.715 541.774 24.888 0.630458 0.000417045 0.0856385 -2.02361e-06 
355.434 507.873 541.41 24.8883 0.630436 0.000869391 0.0856367 -3.36781e-06 
355.367 511.464 540.419 24.8889 0.630381 0.00209954 0.0856333 -6.28911e-06 
355.175 518.165 537.523 24.8901 0.630228 0.00569282 0.0856264 -1.36596e-05 
354.596 532.712 528.745 24.8937 0.629761 0.0165844 0.0856048 -3.63358e-05 
352.795 571.388 502.215 24.9091 0.628285 0.0494951 0.0855143 -0.000119241 
346.884 693.741 425.027 24.8808 0.625429 0.141067 0.0856053 -0.000587926 
122.596 862.91 165.738 22.7248 4.71325e-05 0.0477133 0.0846422 0 
122.596 862.91 165.738 22.7248 4.71325e-05 0.0477133 0.0846422 0 
122.588 862.926 165.738 22.7241 0.000595891 0.047714 0.47573 -3.18915e-05 
122.579 862.943 165.738 22.7232 0.00173376 0.0477146 0.473667 -2.99255e-05 
122.571 862.959 165.738 22.7223 0.00286842 0.0477152 0.471598 -2.80426e-05 
122.563 862.975 165.738 22.7214 0.00399987 0.0477159 0.469524 -2.62411e-05 
122.555 862.992 165.738 22.7205 0.00512809 0.0477165 0.467445 -2.45191e-05 
122.546 863.008 165.738 22.7196 0.00625309 0.0477171 0.465359 -2.28747e-05 
122.538 863.024 165.738 22.7187 0.00737484 0.0477178 0.463268 -2.13061e-05 
122.53 863.041 165.739 22.7178 0.00849334 0.0477184 0.461172 -1.98115e-05 
122.522 863.057 165.739 22.7169 0.00960857 0.0477191 0.459069 -1.83889e-05 
122.513 863.073 165.739 22.7159 0.0107205 0.0477197 0.456961 -1.70366e-05 
122.505 863.09 165.739 22.715 0.0118292 0.0477204 0.454846 -1.57528e-05 
122.497 863.106 165.739 22.714 0.0129346 0.047721 0.452726 -1.45356e-05 
122.489 863.122 165.739 22.7131 0.0140367 0.0477216 0.4506 -1.33832e-05 
122.48 863.139 165.739 22.7121 0.0151355 0.0477223 0.448468 -1.22937e-05 
122.472 863.155 165.74 22.7111 0.016231 0.0477229 0.44633 -1.12654e-05 
122.464 863.171 165.74 22.7101 0.0173232 0.0477236 0.444185 -1.02965e-05 
122.455 863.188 165.74 22.7091 0.018412 0.0477242 0.442035 -9.38512e-06 
122.447 863.204 165.74 22.7081 0.0194974 0.0477249 0.439879 -8.52948e-06 
122.439 863.22 165.741 22.7071 0.0205795 0.0477255 0.437717 -7.72779e-06 
122.431 863.236 165.741 22.7061 0.0216583 0.0477262 0.435548 -6.97824e-06 
122.422 863.253 165.741 22.7051 0.0227336 0.0477268 0.433373 -6.27906e-06 
122.414 863.269 165.741 22.7041 0.0238056 0.0477275 0.431193 -5.62845e-06 
122.406 863.285 165.742 22.703 0.0248742 0.0477281 0.429006 -5.02463e-06 
122.398 863.302 165.742 22.702 0.0259394 0.0477288 0.426812 -4.46582e-06 
122.389 863.318 165.742 22.7009 0.0270011 0.0477294 0.424613 -3.95024e-06 
122.381 863.334 165.742 22.6999 0.0280595 0.0477301 0.422408 -3.47614e-06 
122.373 863.351 165.743 22.6988 0.0291144 0.0477307 0.420196 -3.04172e-06 
122.365 863.367 165.743 22.6977 0.0301658 0.0477314 0.417978 -2.64524e-06 
122.356 863.383 165.743 22.6967 0.0312138 0.047732 0.415754 -2.28494e-06 
122.348 863.4 165.744 22.6956 0.0322583 0.0477327 0.413524 -1.95905e-06 
122.34 863.416 165.744 22.6945 0.0332994 0.0477333 0.411288 -1.66583e-06 
122.332 863.432 165.745 22.6934 0.0343369 0.047734 0.409045 -1.40352e-06 
122.323 863.449 165.745 22.6923 0.035371 0.0477346 0.406797 -1.17039e-06 
122.315 863.465 165.745 22.6912 0.0364016 0.0477353 0.404542 -9.64698e-07 
122.307 863.481 165.746 22.6901 0.0374286 0.0477359 0.402281 -7.847e-07 
122.299 863.498 165.746 22.6889 0.0384521 0.0477366 0.400014 -6.28668e-07 
122.29 863.514 165.747 22.6878 0.0394721 0.0477372 0.397741 -4.94872e-07 
122.282 863.53 165.747 22.6867 0.0404886 0.0477379 0.395462 -3.81589e-07 
122.274 863.547 165.747 22.6855 0.0415015 0.0477386 0.393177 -2.87097e-07 
122.266 863.563 165.748 22.6844 0.0425108 0.0477392 0.390885 -2.09681e-07 
122.257 863.579 165.748 22.6832 0.0435165 0.0477399 0.388588 -1.47627e-07 
122.249 863.596 165.749 22.682 0.0445187 0.0477405 0.386285 -9.92265e-08 
122.241 863.612 165.749 22.6809 0.0455173 0.0477412 0.383976 -6.27747e-08 
122.233 863.628 165.75 22.6797 0.0465123 0.0477418 0.381661 -3.65704e-08 
122.224 863.645 165.75 22.6785 0.0475036 0.0477425 0.379341 -1.89165e-08 
122.216 863.661 165.751 22.6773 0.0484914 0.0477431 0.377014 -8.11989e-09 
122.208 863.677 165.751 22.6761 0.0494755 0.0477438 0.374682 -2.4912e-09 
122.2 863.694 165.752 22.6749 0.0504559 0.0477444 0.372344 -3.45072e-10 
122.191 863.71 165.752 22.6737 0.0514328 0.0477451 0.369 0 
122.191 863.71 165.752 22.6737 0.0514328 0.0477451 0.369 0 
128.956 861.351 168.914 22.4994 0.00145987 0.0173344 0.482653 2.04816e-11 
135.722 858.996 172.017 22.3807 -0.000514499 0.0064881 0.480306 5.84152e-12 
142.487 856.645 175.061 22.2998 -0.0005925 0.00261974 0.477959 1.50065e-12 
149.252 854.299 178.046 22.2447 -0.000595582 0.00124008 0.475612 2.49881e-13 
156.017 851.956 180.972 22.2073 -0.000595704 0.00074802 0.473265 -9.31688e-14 
162.783 849.617 183.838 22.1817 -0.000595709 0.000572527 0.470918 -1.76688e-13 
169.548 847.282 186.644 22.1643 -0.00059571 0.000509937 0.468571 -1.89364e-13 
176.313 844.95 189.39 22.1525 -0.00059571 0.000487614 0.466224 -1.83816e-13 
183.079 842.623 192.075 22.1445 -0.00059571 0.000479652 0.463878 -1.74376e-13 
189.844 840.299 194.699 22.139 -0.000595711 0.000476813 0.461531 -1.64429e-13 
196.609 837.979 197.261 22.1352 -0.000595711 0.0004758 0.459184 -1.548e-13 
203.374 835.663 199.762 22.1327 -0.000595711 0.000475439 0.456837 -1.45542e-13 
210.14 833.351 202.201 22.131 -0.000595712 0.00047531 0.45449 -1.36831e-13 
216.905 831.043 204.577 22.1298 -0.000595712 0.000475264 0.452143 -1.28299e-13 
223.67 828.738 206.891 22.129 -0.000595712 0.000475248 0.449796 -1.20136e-13 
230.436 826.437 209.141 22.1284 -0.000595713 0.000475242 0.447449 -1.1237e-13 
237.201 824.139 211.328 22.1281 -0.000595713 0.00047524 0.445102 -1.04858e-13 
243.966 821.845 213.451 22.1278 -0.000595713 0.000475239 0.442755 -9.76045e-14 
250.731 819.555 215.51 22.1276 -0.000595714 0.000475239 0.440408 -9.0825e-14 
257.497 817.268 217.504 22.1275 -0.000595714 0.000475238 0.438061 -8.41572e-14 
264.262 814.985 219.433 22.1274 -0.000595714 0.000475238 0.435714 -7.78243e-14 
271.027 812.706 221.297 22.1274 -0.000595714 0.000475238 0.433367 -7.17221e-14 
277.793 810.43 223.096 22.1274 -0.000595715 0.000475238 0.43102 -6.60415e-14 
284.558 808.157 224.828 22.1273 -0.000595715 0.000475238 0.428673 -6.06041e-14 
291.323 805.888 226.494 22.1273 -0.000595715 0.000475238 0.426327 -5.53784e-14 
298.088 803.622 228.093 22.1273 -0.000595716 0.000475237 0.42398 -5.0512e-14 
304.854 801.36 229.626 22.1273 -0.000595716 0.000475237 0.421633 -4.58962e-14 
311.619 799.101 231.091 22.1273 -0.000595716 0.000475237 0.419286 -4.1429e-14 
318.384 796.846 232.488 22.1273 -0.000595716 0.000475237 0.416939 -3.7346e-14 
325.15 794.594 233.818 22.1274 -0.000595717 0.000475237 0.414592 -3.34003e-14 
331.915 792.345 235.079 22.1274 -0.000595717 0.000475236 0.412245 -2.9755e-14 
338.68 790.1 236.272 22.1275 -0.000595717 0.000475236 0.409898 -2.63212e-14 
345.445 787.857 237.396 22.1275 -0.000595717 0.000475236 0.407551 -2.31525e-14 
352.211 785.618 238.451 22.1276 -0.000595718 0.000475235 0.405204 -2.01786e-14 
358.976 783.383 239.437 22.1278 -0.000595718 0.000475235 0.402857 -1.74217e-14 
365.741 781.15 240.353 22.1281 -0.000595718 0.000475235 0.40051 -1.49455e-14 
372.507 778.921 241.2 22.1285 -0.000595718 0.000475233 0.398163 -1.26517e-14 
379.272 776.695 241.976 22.129 -0.000595718 0.000475231 0.395816 -1.06046e-14 
386.037 774.472 242.683 22.1298 -0.000595719 0.000475224 0.393469 -8.80749e-15 
392.802 772.252 243.319 22.131 -0.000595719 0.000475205 0.391122 -7.35663e-15 
399.568 770.035 243.885 22.1328 -0.000595719 0.000475154 0.388776 -6.37534e-15 
406.333 767.822 244.38 22.1353 -0.000595719 0.00047501 0.386429 -6.18317e-15 
413.098 765.611 244.804 22.1391 -0.000595719 0.000474607 0.384082 -7.28308e-15 
419.864 763.403 245.158 22.1447 -0.000595719 0.000473476 0.381735 -1.04135e-14 
426.629 761.199 245.44 22.1528 -0.000595718 0.000470302 0.379388 -1.63452e-14 
433.394 758.997 245.652 22.1648 -0.000595683 0.000461395 0.377041 -2.46535e-14 
440.159 756.799 245.792 22.1824 -0.000594791 0.000436398 0.374694 -3.06029e-14 
446.925 754.603 245.862 22.2082 -0.000572191 0.000366238 0.372347 -2.23137e-14 
453.69 752.41 245.86 22.2462 -1.01229e-07 0.000169319 0.369 0 
453.69 752.41 245.86 22.2462 -1.01229e-07 0.000169319 0.369 0 
448.706 740.641 245.497 22.3689 1.37675e-07 0.144622 0.482653 -1.27455e-14 
443.725 728.871 244.924 22.4323 1.40966e-07 0.17172 0.480306 -2.22996e-15 
438.747 717.102 244.141 22.4651 1.41014e-07 0.176802 0.477959 -3.92939e-16 
433.771 705.332 243.149 22.482 1.41018e-07 0.177754 0.475612 -1.08942e-16 
428.798 693.563 241.947 22.4907 1.41022e-07 0.177933 0.473265 -8.11333e-19 
423.827 681.794 240.538 22.4953 1.41025e-07 0.177967 0.470918 -8.40991e-17 
418.858 670.024 238.921 22.4976 1.41029e-07 0.177973 0.468571 -1.90447e-17 
413.892 658.255 237.099 22.4988 1.41032e-07 0.177974 0.466224 -1.58054e-17 
408.927 646.486 235.072 22.4994 1.41036e-07 0.177974 0.463878 -1.917e-17 
403.964 634.716 232.841 22.4997 1.41039e-07 0.177974 0.461531 5.00523e-18 
399.003 622.947 230.407 22.4999 1.41043e-07 0.177974 0.459184 -4.59649e-17 
394.042 611.177 227.773 22.5 1.41046e-07 0.177974 0.456837 6.89775e-18 
389.083 599.408 224.94 22.5 1.4105e-07 0.177974 0.45449 2.35214e-17 
384.126 587.639 221.909 22.5001 1.41054e-07 0.177974 0.452143 -3.40507e-17 
379.169 575.869 218.682 22.5001 1.41058e-07 0.177974 0.449796 8.76898e-18 
374.213 564.1 215.261 22.5001 1.41062e-07 0.177974 0.447449 -5.16766e-17 
369.257 552.33 211.646 22.5001 1.41066e-07 0.177974 0.445102 -3.22435e-17 
364.302 540.561 207.841 22.5001 1.4107e-07 0.177974 0.442755 -5.5302e-17 
359.347 528.792 203.846 22.5001 1.41074e-07 0.177974 0.440408 7.79789e-18 
354.392 517.022 199.664 22.5001 1.41079e-07 0.177974 0.438061 1.12022e-17 
349.438 505.253 195.296 22.5001 1.41083e-07 0.177974 0.435714 4.24998e-17 
344.483 493.483 190.743 22.5001 1.41088e-07 0.177974 0.433367 -9.77867e-18 
339.527 481.714 186.008 22.5001 1.41093e-07 0.177974 0.43102 1.67569e-17 
334.571 469.945 181.092 22.5001 1.41098e-07 0.177974 0.428673 2.71916e-17 
329.615 458.175 175.996 22.5001 1.41103e-07 0.177974 0.426327 -1.75088e-17 
324.658 446.406 170.722 22.5001 1.41108e-07 0.177974 0.42398 2.40631e-17 
319.699 434.637 165.271 22.5001 1.41114e-07 0.177974 0.421633 -2.16063e-17 
314.74 422.867 159.644 22.5001 1.41119e-07 0.177974 0.419286 3.40214e-18 
309.779 411.098 153.844 22.5001 1.41125e-07 0.177974 0.416939 -1.17932e-17 
304.817 399.328 147.87 22.5001 1.41132e-07 0.177974 0.414592 -4.75692e-18 
299.853 387.559 141.723 22.5001 1.41138e-07 0.177974 0.412245 1.23318e-17 
294.888 375.79 135.405 22.5001 1.41146e-07 0.177974 0.409898 1.63832e-17 
289.92 364.02 128.915 22.5001 1.41153e-07 0.177974 0.407551 -1.54732e-17 
284.951 352.251 122.255 22.5001 1.41161e-07 0.177974 0.405204 -1.63361e-17 
279.979 340.481 115.423 22.5001 1.41169e-07 0.177974 0.402857 2.68442e-17 
275.005 328.712 108.421 22.5001 1.41178e-07 0.177974 0.40051 1.891e-17 
270.028 316.943 101.246 22.5001 1.41188e-07 0.177974 0.398163 -2.60458e-17 
265.048 305.173 93.8988 22.5001 1.41199e-07 0.177974 0.395816 -6.35639e-18 
260.066 293.404 86.3769 22.5001 1.4121e-07 0.177974 0.393469 2.8746e-18 
255.081 281.634 78.6781 22.5001 1.41223e-07 0.177974 0.391122 -1.15582e-17 
250.092 269.865 70.7993 22.5001 1.41238e-07 0.177974 0.388776 9.92751e-19 
245.1 258.096 62.7361 22.5001 1.41254e-07 0.177973 0.386429 -8.24083e-18 
240.105 246.326 54.4826 22.5001 1.41273e-07 0.177968 0.384082 8.66076e-18 
235.106 234.557 46.0308 22.5001 1.41296e-07 0.177941 0.381735 -1.12313e-18 
230.103 222.788 37.3689 22.5001 1.41324e-07 0.177796 0.379388 -1.71466e-18 
225.096 211.018 28.4799 22.5001 1.41361e-07 0.177021 0.377041 7.43696e-18 
220.085 199.249 19.3361 22.5001 1.41391e-07 0.172891 0.374694 1.8441e-17 
215.07 187.479 9.88648 22.5001 1.39603e-07 0.150864 0.372347 2.78365e-17 
210.05 175.71 0.00223874 22.5 1.94631e-09 0.0334361 0.369 0 
