grtopS_21_3
50
2 2
4 4 
0 2 1 3 
0 2 1 3 
2723.16 11.6499 84.7951 
131497 34.3666 1.08161e-09 
55.5746 0.237752 1.73051 
2683.61 0.701359 2.20737e-11 
0 0.21811 3.04003 
2.74849e-06 1.43645e-06 10.5085 
973.55 68.45 574.77 20.1601 0.5346 0 0.139035 0 
973.55 68.45 574.77 20.1601 0.5346 -2.13376e-14 0.139297 -0.0312471 
973.55 68.45 574.77 20.1523 0.57831 -0.84472 0.137719 0.0278994 
159.184 43.1243 616.686 10.114 0.637414 -0.172517 0.26885 0.0211034 
51.1041 -495.977 431.347 20.3562 0.52691 0.205057 0.136521 -0.000433251 
49.5258 -482.208 429.486 20.3443 0.526928 0.207776 0.136678 -0.000415029 
47.983 -469.022 427.303 20.3576 0.526701 0.210954 0.136507 -0.000439237 
46.4713 -455.07 425.279 20.3636 0.526584 0.213903 0.136428 -0.00045028 
44.9898 -440.764 423.312 20.3543 0.526602 0.216772 0.136548 -0.000436066 
43.5424 -426.911 421.1 20.3536 0.526555 0.219992 0.136555 -0.000435676 
42.1259 -413.067 418.822 20.3396 0.526606 0.223312 0.136736 -0.000413913 
40.7442 -399.92 416.198 20.3391 0.526514 0.227123 0.136743 -0.000414675 
39.3902 -386.747 413.469 20.3382 0.526444 0.231087 0.136753 -0.000414535 
38.0661 -373.576 410.647 20.3264 0.526465 0.235185 0.136905 -0.000396391 
36.7732 -360.984 407.511 20.3206 0.526436 0.239734 0.136977 -0.000388212 
35.5091 -348.649 404.183 20.3053 0.526447 0.244561 0.137176 -0.000365213 
34.2749 -337.051 400.434 20.3112 0.526261 0.249988 0.1371 -0.000377242 
33.0636 -325.068 396.67 20.3049 0.526193 0.255439 0.137179 -0.000369106 
31.8783 -313.345 392.665 20.2983 0.526116 0.261237 0.137264 -0.000360602 
30.7174 -301.895 388.397 20.2941 0.526006 0.26741 0.137317 -0.000356124 
29.5783 -290.58 383.907 20.2887 0.525903 0.273909 0.137386 -0.000350087 
28.4656 -279.465 379.164 20.2822 0.525805 0.280765 0.13747 -0.000341715 
27.373 -268.609 374.14 20.2744 0.525703 0.288031 0.13757 -0.000331965 
26.3058 -258.066 368.798 20.2687 0.52557 0.295753 0.137643 -0.000325823 
25.2602 -247.718 363.166 20.2627 0.525428 0.30389 0.137719 -0.000319399 
24.2352 -237.576 357.229 20.2568 0.525269 0.312467 0.137795 -0.000313424 
23.2298 -227.624 350.97 20.2535 0.525094 0.321506 0.137837 -0.00031136 
22.2426 -217.733 344.449 20.2397 0.525041 0.330926 0.138012 -0.000291338 
21.2778 -208.472 337.486 20.2128 0.525009 0.340989 0.138361 -0.000251921 
20.3386 -200.478 329.731 20.2277 0.524574 0.352176 0.138168 -0.000282015 
19.4108 -191.522 321.979 20.2257 0.524315 0.363366 0.138194 -0.000283562 
18.5003 -182.517 313.919 20.2193 0.524087 0.375 0.138275 -0.000278097 
17.6075 -173.687 305.458 20.213 0.523845 0.38721 0.138356 -0.000273001 
16.7314 -165.02 296.585 20.2058 0.523551 0.400013 0.13845 -0.000267718 
15.87 -156.527 287.226 20.2192 0.52313 0.413511 0.138274 -0.000294885 
15.0182 -147.157 277.84 20.1893 0.523084 0.427062 0.138659 -0.000250979 
14.1897 -139.19 267.563 20.1823 0.522763 0.441887 0.138749 -0.000246384 
13.3746 -131.371 256.779 20.1829 0.522365 0.457439 0.138741 -0.000254325 
12.5702 -123.299 245.627 20.1761 0.522024 0.473524 0.138827 -0.000250317 
11.778 -115.355 233.955 20.1695 0.521664 0.490356 0.138911 -0.000246878 
10.9969 -107.521 221.749 20.1623 0.521284 0.507957 0.138987 -0.00024677 
10.2266 -99.8177 208.972 20.1582 0.51787 0.526274 0.139207 -0.000323671 
9.36229 -90.3609 192.787 21.5481 0.501375 0.548918 0.121387 -0.0026986 
7.84222 -5.02043 200.057 22.5966 0.491985 0.538313 0.107802 -0.00444445 
6.19708 135.819 227.961 22.3 0.496194 0.49813 0.111624 -0.00391364 
4.5832 260.072 251.526 22.1863 0.498926 0.464398 0.113056 -0.00368022 
3.18934 377.33 274.506 21.8444 0.504332 0.431851 0.117407 -0.00305279 
2.34487 475.151 293.015 21.2866 0.511408 0.406121 0.12424 0.0153486 
2.41142 542.26 302.553 20.8657 0.462645 0.864568 0.131137 -0.0136862 
457.703 617.073 253.16 40 0.09 0.629603 0.138035 0 
457.703 617.073 253.16 40 0.09 0.629603 0.138035 0 
450.942 623.822 253.137 39.032 0.542123 0.411755 -0.188388 -1.02859 
444.383 629.924 254.461 37.105 0.820827 0.0252163 -0.176776 -1.00718 
438.273 634.879 256.62 34.5847 1.04955 -0.357859 -0.165163 -0.985776 
432.761 638.697 259.469 31.5955 1.21179 -0.73747 -0.153551 -0.964367 
427.965 641.389 262.815 28.2963 1.29459 -1.11362 -0.141939 -0.942959 
423.968 642.964 266.421 24.8725 1.28954 -1.4863 -0.130327 -0.921551 
420.805 643.433 270.029 21.5247 1.19343 -1.85551 -0.118714 -0.900143 
418.465 642.805 273.367 18.4571 1.00872 -2.22126 -0.107102 -0.878735 
416.884 641.093 276.173 15.8641 0.743587 -2.58354 -0.0954898 -0.857327 
415.95 638.305 278.204 13.9181 0.41166 -2.94236 -0.0838776 -0.835918 
415.51 634.452 279.259 12.7574 0.0313506 -3.2977 -0.0722653 -0.81451 
415.374 629.545 279.192 12.476 -0.375102 -3.64957 -0.0606531 -0.793102 
415.328 623.594 277.921 13.1158 -0.782898 -3.99798 -0.0490408 -0.771694 
415.145 616.609 275.436 14.6621 -1.16614 -4.34291 0.187005 -0.750286 
414.602 608.602 271.808 17.0125 -1.4 -4.68437 0.563876 -0.728878 
413.492 599.582 267.474 19.796 -1.4 -5.02236 0.38733 0.472386 
411.694 589.56 263.128 22.5488 -1.4 -4.76198 0.21273 0.686061 
409.216 580.31 258.768 25.2713 -1.4 -4.43175 0.0854486 0.664653 
406.066 572.041 254.395 27.9578 -1.37989 -4.10498 0.860184 0.643245 
402.251 564.742 250.069 30.4455 -0.941075 -3.7817 0.51325 0.621837 
397.793 558.402 247.033 31.9401 -0.587605 -3.46188 0.0438571 0.600429 
392.942 553.012 245.039 32.6696 -0.401348 -3.14554 0.0554694 0.57902 
387.895 548.56 243.593 32.9631 -0.190096 -2.83267 0.0670816 0.557612 
382.759 545.036 242.773 32.7726 0.0338084 -2.52328 0.0786939 0.536204 
377.65 542.43 242.618 32.0789 0.256721 -2.21736 0.0903061 0.514796 
372.692 540.731 243.128 30.8939 0.464504 -1.91491 0.101918 0.493388 
368.008 539.93 244.259 29.2615 0.643405 -1.61594 0.113531 0.47198 
363.708 540.015 245.93 27.2552 0.780948 -1.32045 0.125143 0.450571 
359.888 540.976 248.017 24.9758 0.866773 -1.02843 0.136755 0.429163 
356.618 542.803 250.37 22.5453 0.893386 -0.739893 0.148367 0.407755 
353.938 545.486 252.814 20.1001 0.856745 -0.454829 0.15998 0.386347 
351.857 549.014 255.161 17.7834 0.756662 -0.17324 0.171592 0.364939 
350.348 553.376 257.221 15.7359 0.596967 0.104872 0.183204 0.343531 
349.347 558.564 258.818 14.0868 0.385433 0.379508 0.194816 0.322122 
348.761 564.565 259.795 12.9455 0.133441 0.650667 0.206429 0.300714 
348.468 571.371 260.03 12.3935 -0.144597 0.918349 0.218041 0.279306 
348.325 578.971 259.442 12.4782 -0.432031 1.18255 0.229653 0.257898 
348.175 587.355 258.002 13.2085 -0.710934 1.44328 0.241265 0.23649 
347.861 596.512 255.731 14.5526 -0.963194 1.70053 0.252878 0.215082 
347.229 606.433 252.705 16.4385 -1.17165 1.9543 0.26449 0.193673 
346.144 617.107 249.051 18.7569 -1.32124 2.20459 0.276102 0.172265 
344.496 628.523 244.943 21.3666 -1.4 2.4514 0.287714 0.150857 
342.208 640.673 240.589 24.1021 -1.4 2.69473 0.299327 0.129449 
339.244 653.545 236.222 26.7832 -1.31798 2.93458 0.310939 0.108041 
335.613 667.129 232.085 29.2258 -1.15575 3.17095 0.322551 0.0866327 
331.368 681.414 228.418 31.2536 -0.920304 3.40383 0.334163 0.0652245 
326.605 696.391 225.44 32.7092 -0.623548 3.63323 0.345776 0.0438163 
321.462 712.048 223.335 33.6364 -0.281778 3.85915 0.357388 0.000430079 
316.066 728.376 222.24 33.7756 0.09 3.82284 0.369 0 
316.066 728.376 222.24 33.7756 0.09 3.82284 0.369 0 
282.306 841.81 226.918 26.765 1.4 0.824578 -0.188388 -0.840414 
260.261 890.495 260.125 5 0.25616 -3.04376 -0.0960235 -0.658956 
277.737 855.623 269.387 5 0.256159 -6.26472 -0.0960228 0.00229861 
295.558 751.202 278.649 5 0.256159 -6.27035 -0.0960345 0.00272086 
313.78 646.66 287.911 5 0.256122 -6.27213 -0.0953949 0.000268225 
332.403 542.079 297.172 5 0.258149 -6.2728 -0.130327 0.00414336 
351.426 437.483 306.477 5 -0.180781 -6.2728 1.05586 0.0016218 
371.04 332.888 301.813 5 -0.179835 -6.2722 1.03955 0.0764104 
390.452 228.305 295.58 5 -0.178889 -6.27041 1.02324 -0.00662052 
409.595 123.761 289.368 5 -0.177943 -6.26043 1.00694 0.781383 
428.468 19.4329 283.177 5 -0.176995 -2.35896 0.990633 0.0643769 
447.14 -0.65298 277.006 5 -0.176048 -1.41374 0.974327 -0.00133391 
465.562 -0.32942 270.855 5 -0.175102 -1.42931 0.95802 -0.000195435 
483.716 -0.341954 264.725 5 -0.174156 -1.42937 0.941714 -6.99433e-07 
501.605 -0.355781 258.615 5 -0.17321 -1.42937 0.925408 3.72143e-06 
519.229 -0.369562 252.526 5 -0.172264 -1.42936 0.909102 -8.72784e-06 
536.589 -0.383197 246.457 5 -0.171318 -1.42935 0.892796 -8.89821e-06 
553.686 -0.396685 240.409 5 -0.170372 -1.42934 0.87649 -6.00503e-06 
570.521 -0.409977 234.38 5 -0.169426 -1.42935 0.860184 -5.29933e-06 
587.095 -0.423299 228.373 5 -0.16848 -1.42936 0.843878 1.87095e-05 
603.408 -0.436854 222.386 5 -0.167534 -1.42886 0.827571 -1.33894e-05 
619.462 -0.439742 216.419 5 -0.166588 -1.42878 0.811265 -7.37885e-06 
635.258 -0.440942 210.473 5 -0.165642 -1.42881 0.794959 -3.23662e-06 
650.796 -0.44268 204.547 5 -0.164696 -1.42877 0.778653 -1.29219e-06 
666.077 -0.44354 198.641 5 -0.16375 -1.42869 0.762347 9.98455e-08 
681.102 -0.442727 192.756 5 -0.162804 -1.42857 0.746041 2.2176e-07 
695.872 -0.439209 186.891 5 -0.161858 -1.42844 0.729735 3.82971e-07 
710.388 -0.433009 181.047 5 -0.160912 -1.42832 0.713429 -8.21347e-07 
724.651 -0.424138 175.223 5 -0.159966 -1.42824 0.697122 -1.00864e-05 
738.662 -0.413486 169.42 5 -0.159019 -1.42808 0.680816 -2.51735e-06 
752.421 -0.399429 163.637 5 -0.158073 -1.42799 0.66451 -5.07376e-06 
765.929 -0.383461 157.875 5 -0.157127 -1.42789 0.648204 -1.61083e-06 
779.188 -0.365281 152.132 5 -0.156181 -1.42789 0.631898 -0.000822844 
792.198 -0.347084 146.411 5 -0.155235 -1.483 0.615592 0.00139278 
804.959 -1.51888 140.71 5 -0.154289 -1.37716 0.599286 -0.000578229 
817.475 -0.405469 135.029 5 -0.153343 -1.42737 0.58298 -6.70432e-06 
829.743 -0.376024 129.368 5 -0.152397 -1.42796 0.566673 -0.000475705 
841.767 -0.359301 123.728 5 -0.151451 -1.48407 0.550367 0.000561992 
853.545 -1.55423 118.109 5 -0.150505 -1.4086 0.534061 2.43944e-06 
865.081 -1.11959 112.51 5 -0.149559 -1.40994 0.517755 -0.0047316 
876.374 -0.713842 106.931 5 -0.148613 -2.1161 0.501449 0.00338323 
887.413 -15.556 101.373 5 -0.147667 -2.04525 0.485143 0.146646 
898.213 -28.8682 95.8352 5 -0.14672 1.16436 0.468837 0.126544 
908.827 27.123 90.3178 5 -0.145772 4.35431 0.452531 0.0593514 
919.258 151.993 84.8209 5 -0.144825 6.27878 0.436224 9.25751e-05 
929.483 318.418 79.3445 5 -0.143879 6.27917 0.419918 1.33947e-05 
939.471 484.85 73.8885 5 -1.15835 6.27925 0.403612 -5.8234e-06 
949.662 651.284 46.5275 21.6809 -1.4 6.27995 0.387306 0.00794166 
929.912 817.756 13.3714 40 0.0167179 3.88661 0.369 0 
973.55 68.45 574.77 20.1601 0.5346 0 0.139035 0 
973.55 68.45 574.77 20.1601 0.534603 2.60004e-06 0.139035 -7.19175e-06 
973.671 68.3799 574.902 20.0957 0.535615 -0.009635 0.13986 0.000122024 
533.957 -108.281 534.102 20.2767 0.531697 0.0577056 0.137542 -0.000227884 
491.88 241.02 558.383 20.2079 0.53342 0.0232981 0.138424 -9.32003e-05 
477.084 383.835 568.741 20.1777 0.534166 0.00857367 0.13881 -3.43597e-05 
471.749 436.484 572.582 20.1665 0.534443 0.00311186 0.138953 -1.24721e-05 
469.819 455.594 573.976 20.1624 0.534543 0.00112873 0.139006 -4.52139e-06 
469.121 462.522 574.481 20.161 0.53458 0.00041106 0.139025 -1.64376e-06 
468.868 465.041 574.663 20.1604 0.534593 0.000151624 0.139031 -6.03249e-07 
468.777 465.965 574.729 20.1602 0.534598 5.80089e-05 0.139034 -2.27528e-07 
468.744 466.314 574.753 20.1602 0.534599 2.44064e-05 0.139035 -9.23708e-08 
468.732 466.455 574.761 20.1601 0.5346 1.25447e-05 0.139035 -4.43315e-08 
468.727 466.523 574.764 20.1601 0.5346 8.58055e-06 0.139035 -2.78954e-08 
468.726 466.566 574.765 20.1601 0.5346 7.51411e-06 0.139035 -2.30104e-08 
468.725 466.601 574.765 20.1601 0.5346 7.54135e-06 0.139035 -2.24304e-08 
468.725 466.635 574.764 20.1601 0.5346 8.01839e-06 0.139035 -2.3565e-08 
468.725 466.671 574.764 20.1601 0.5346 8.71831e-06 0.139035 -2.54828e-08 
468.725 466.71 574.763 20.1601 0.5346 9.57378e-06 0.139035 -2.7898e-08 
468.725 466.753 574.763 20.1601 0.5346 1.05711e-05 0.139035 -3.07337e-08 
468.725 466.8 574.762 20.1601 0.5346 1.17201e-05 0.139035 -3.39955e-08 
468.724 466.852 574.761 20.1601 0.5346 1.30475e-05 0.139035 -3.77589e-08 
468.724 466.91 574.76 20.1601 0.5346 1.45845e-05 0.139035 -4.21021e-08 
468.724 466.974 574.759 20.1601 0.5346 1.63735e-05 0.139035 -4.71388e-08 
468.724 467.046 574.757 20.1602 0.5346 1.8469e-05 0.139035 -5.30146e-08 
468.724 467.127 574.755 20.1602 0.5346 2.09392e-05 0.139035 -5.9911e-08 
468.724 467.219 574.753 20.1602 0.534599 2.38719e-05 0.139035 -6.80575e-08 
468.724 467.323 574.751 20.1602 0.534599 2.73816e-05 0.139035 -7.77529e-08 
468.724 467.442 574.748 20.1602 0.534599 3.16183e-05 0.139035 -8.93828e-08 
468.724 467.579 574.744 20.1602 0.534599 3.67826e-05 0.139035 -1.03461e-07 
468.723 467.737 574.74 20.1602 0.534599 4.31442e-05 0.139035 -1.20659e-07 
468.723 467.922 574.735 20.1602 0.534598 5.10787e-05 0.139034 -1.41906e-07 
468.723 468.139 574.728 20.1602 0.534598 6.11128e-05 0.139034 -1.68464e-07 
468.722 468.397 574.719 20.1602 0.534597 7.40135e-05 0.139034 -2.0213e-07 
468.721 468.706 574.707 20.1602 0.534597 9.09245e-05 0.139034 -2.4545e-07 
468.72 469.081 574.691 20.1603 0.534596 0.000113643 0.139034 -3.02241e-07 
468.719 469.544 574.669 20.1603 0.534595 0.000145114 0.139033 -3.78265e-07 
468.717 470.122 574.638 20.1604 0.534593 0.000190502 0.139032 -4.82739e-07 
468.715 470.861 574.59 20.1604 0.53459 0.000259465 0.139032 -6.30928e-07 
468.71 471.826 574.512 20.1605 0.534586 0.00037138 0.13903 -8.49735e-07 
468.702 473.126 574.376 20.1607 0.534579 0.000567664 0.139029 -1.18948e-06 
468.688 474.945 574.116 20.1609 0.534567 0.000941677 0.139026 -1.75097e-06 
468.657 477.623 573.581 20.1613 0.534542 0.00171241 0.139021 -2.75071e-06 
468.591 481.828 572.404 20.1619 0.53449 0.00340707 0.139012 -4.69057e-06 
468.438 488.999 569.694 20.1633 0.534372 0.00730808 0.138995 -8.85641e-06 
468.075 502.535 563.313 20.1667 0.53409 0.0164925 0.138951 -1.91021e-05 
467.217 531.729 548.492 20.1772 0.533405 0.0378285 0.138816 -4.73923e-05 
465.256 604.15 516.186 20.1962 0.531963 0.0843196 0.138573 -0.00010216 
460.164 760.224 442.753 20.1475 0.529667 0.189968 0.139141 -0.000466459 
446.735 867.001 195.789 22.7312 4.08481e-05 0.0280771 0.138035 0 
446.735 867.001 195.789 22.7312 4.08481e-05 0.0280771 0.138035 0 
439.554 880.992 195.821 22.1027 0.546489 0.0286373 -0.134101 -0.448303 
432.719 894.987 200.643 17.977 0.679497 -0.187661 -0.104209 -0.406557 
428.837 907.088 206.688 13.1895 0.50817 -0.383843 -0.0255925 -0.366437 
428.446 917.469 211.3 9.78532 0.0444703 -0.560686 0.229637 -0.328221 
430.604 926.3 211.902 9.56397 -0.363056 -0.719098 0.536838 -0.292146 
432.997 933.745 208.941 11.9499 -0.383193 -0.86011 0.51467 -0.258393 
433.668 939.957 205.77 14.3424 -0.234298 -0.984845 0.355641 -0.227084 
432.578 945.078 203.868 15.6685 -0.0964597 -1.09448 0.228151 -0.19828 
430.501 949.242 203.154 16.0505 -0.0167425 -1.19022 0.172506 -0.171984 
428.128 952.567 203.133 15.9015 0.0210904 -1.27328 0.159401 -0.148148 
425.853 955.166 203.444 15.5141 0.0290498 -1.34484 0.169065 -0.126687 
423.852 957.138 203.831 15.0922 0.0174461 -1.40604 0.190032 -0.107482 
422.156 958.574 204.122 14.7634 -0.00161667 -1.45798 0.213243 -0.0903967 
420.699 959.556 204.251 14.5713 -0.0173991 -1.50166 0.231724 -0.0752827 
419.381 960.155 204.244 14.4882 -0.0247844 -1.53805 0.242768 -0.061986 
418.122 960.436 204.174 14.4547 -0.0245536 -1.56803 0.247989 -0.0503537 
416.885 960.454 204.107 14.4195 -0.0202799 -1.59238 0.250742 -0.0402371 
415.671 960.259 204.077 14.3568 -0.0153662 -1.61185 0.253725 -0.0314943 
414.499 959.894 204.091 14.2639 -0.0118011 -1.6271 0.258178 -0.0239914 
413.392 959.395 204.138 14.1507 -0.0101592 -1.63873 0.26417 -0.0176039 
412.364 958.795 204.201 14.0308 -0.0100809 -1.64727 0.271155 -0.012216 
411.422 958.119 204.266 13.9145 -0.0108149 -1.6532 0.278456 -0.00772121 
410.563 957.392 204.326 13.8069 -0.0116398 -1.65697 0.285559 -0.00402131 
409.78 956.632 204.381 13.7082 -0.0120913 -1.65894 0.292228 -0.00102608 
409.067 955.854 204.433 13.6155 -0.0120061 -1.65947 0.298457 0.00134735 
408.421 955.072 204.487 13.5252 -0.0114609 -1.65885 0.304365 0.00317517 
407.838 954.295 204.547 13.4341 -0.0106892 -1.65735 0.310079 0.0045274 
407.32 953.531 204.615 13.3408 -0.0100099 -1.65519 0.315674 0.00546849 
406.869 952.786 204.69 13.2462 -0.00975509 -1.65257 0.321167 0.00605778 
406.485 952.064 204.769 13.1532 -0.0101682 -1.64967 0.326536 0.00634986 
406.169 951.367 204.846 13.0661 -0.0112721 -1.64663 0.33176 0.00639498 
405.914 950.697 204.914 12.9893 -0.0127538 -1.64356 0.33683 0.0062393 
405.715 950.053 204.97 12.9249 -0.0139582 -1.64057 0.341743 0.00592507 
405.563 949.436 205.017 12.8702 -0.0140735 -1.63773 0.346486 0.00549087 
405.45 948.843 205.063 12.8176 -0.0125221 -1.6351 0.351007 0.00497164 
405.374 948.274 205.124 12.7559 -0.00943916 -1.63271 0.355223 0.00439885 
405.342 947.725 205.212 12.6755 -0.00599333 -1.63061 0.359034 0.00380044 
405.367 947.195 205.332 12.5754 -0.00426171 -1.62879 0.362374 0.00320092 
405.464 946.68 205.469 12.4681 -0.00648734 -1.62726 0.36524 0.0026213 
405.639 946.179 205.587 12.3806 -0.0138377 -1.62602 0.367697 0.00207913 
405.879 945.689 205.642 12.3462 -0.0251501 -1.62503 0.369834 0.00158838 
406.147 945.207 205.599 12.3881 -0.0364102 -1.62428 0.371694 0.00115948 
406.386 944.732 205.457 12.502 -0.0416421 -1.62374 0.373222 0.00079925 
406.543 944.262 205.267 12.6436 -0.0353843 -1.62337 0.374278 0.000510889 
406.597 943.795 205.13 12.735 -0.0160724 -1.62314 0.37471 0.000293921 
406.581 943.33 205.161 12.6925 0.0111852 -1.62302 0.374442 0.000144154 
406.59 942.866 205.431 12.471 0.0342875 -1.62297 0.373514 5.36415e-05 
406.756 942.403 205.906 12.1088 0.0375782 -1.62296 0.37202 1.07105e-05 
407.183 941.939 206.415 11.7458 0.00884645 -1.62298 0.369 0 
407.183 941.939 206.415 11.7458 0.00884645 -1.62298 0.369 0 
417.691 939.091 206.905 16.2372 0.000108462 -0.357515 0.482653 4.0803e-14 
428.2 936.258 207.177 18.9572 -4.13564e-05 -0.0780377 0.480306 8.5577e-15 
438.708 933.438 207.233 20.5154 -4.39251e-05 -0.017005 0.477959 1.7583e-15 
449.217 930.632 207.072 21.3875 -4.39692e-05 -0.00368392 0.475612 3.53016e-16 
459.726 927.841 206.693 21.8718 -4.39699e-05 -0.000776502 0.473265 5.67613e-17 
470.234 925.063 206.098 22.1401 -4.39699e-05 -0.000141941 0.470918 -4.24374e-17 
480.743 922.298 205.288 22.2885 -4.39699e-05 -3.4446e-06 0.468571 1.68789e-17 
491.251 919.548 204.263 22.3707 -4.39699e-05 2.67831e-05 0.466224 6.83832e-18 
501.76 916.811 203.024 22.4162 -4.39699e-05 3.33805e-05 0.463878 -1.05658e-18 
512.268 914.087 201.573 22.4413 -4.397e-05 3.48204e-05 0.461531 -1.1348e-17 
522.777 911.377 199.911 22.4552 -4.397e-05 3.51347e-05 0.459184 -7.54496e-17 
533.285 908.681 198.041 22.4629 -4.397e-05 3.52033e-05 0.456837 6.43355e-17 
543.794 905.998 195.964 22.4672 -4.397e-05 3.52182e-05 0.45449 -4.52485e-17 
554.302 903.328 193.683 22.4696 -4.397e-05 3.52215e-05 0.452143 -4.94088e-17 
564.811 900.671 191.199 22.4709 -4.397e-05 3.52222e-05 0.449796 9.03221e-18 
575.319 898.027 188.516 22.4716 -4.397e-05 3.52224e-05 0.447449 -5.52124e-17 
585.828 895.397 185.634 22.472 -4.397e-05 3.52224e-05 0.445102 -2.32887e-18 
596.336 892.779 182.558 22.4722 -4.397e-05 3.52224e-05 0.442755 -2.51976e-17 
606.845 890.175 179.29 22.4723 -4.397e-05 3.52224e-05 0.440408 -5.22031e-17 
617.353 887.583 175.831 22.4724 -4.397e-05 3.52224e-05 0.438061 -5.5476e-17 
627.862 885.005 172.186 22.4724 -4.397e-05 3.52224e-05 0.435714 1.73648e-17 
638.37 882.439 168.355 22.4725 -4.397e-05 3.52224e-05 0.433367 -1.49704e-17 
648.879 879.885 164.342 22.4725 -4.397e-05 3.52224e-05 0.43102 -2.18634e-18 
659.387 877.345 160.15 22.4725 -4.397e-05 3.52224e-05 0.428673 1.24183e-17 
669.896 874.817 155.78 22.4725 -4.397e-05 3.52224e-05 0.426327 -4.9767e-17 
680.404 872.301 151.235 22.4725 -4.397e-05 3.52224e-05 0.42398 -2.33054e-17 
690.913 869.798 146.516 22.4725 -4.397e-05 3.52224e-05 0.421633 5.27724e-19 
701.421 867.307 141.627 22.4725 -4.397e-05 3.52224e-05 0.419286 -8.10103e-18 
711.93 864.829 136.57 22.4725 -4.397e-05 3.52224e-05 0.416939 -7.1915e-18 
722.438 862.362 131.345 22.4725 -4.397e-05 3.52224e-05 0.414592 -9.94896e-18 
732.947 859.908 125.954 22.4725 -4.397e-05 3.52224e-05 0.412245 -2.7222e-17 
743.455 857.467 120.4 22.4725 -4.397e-05 3.52224e-05 0.409898 4.53664e-19 
753.964 855.037 114.683 22.4725 -4.397e-05 3.52224e-05 0.407551 -7.43388e-18 
764.472 852.619 108.804 22.4725 -4.397e-05 3.52224e-05 0.405204 1.98298e-17 
774.981 850.213 102.765 22.4725 -4.397e-05 3.52225e-05 0.402857 1.03713e-17 
785.489 847.819 96.5648 22.4725 -4.397e-05 3.52225e-05 0.40051 -8.10651e-18 
795.998 845.437 90.2043 22.4725 -4.397e-05 3.52225e-05 0.398163 1.31274e-17 
806.506 843.067 83.6831 22.4725 -4.397e-05 3.52225e-05 0.395816 2.64481e-18 
817.015 840.708 77.0003 22.4725 -4.397e-05 3.52224e-05 0.393469 4.53409e-18 
827.523 838.361 70.1543 22.4725 -4.397e-05 3.52224e-05 0.391122 2.23986e-18 
838.032 836.025 63.1429 22.4726 -4.397e-05 3.52223e-05 0.388776 3.93683e-18 
848.54 833.701 55.9627 22.4727 -4.397e-05 3.52218e-05 0.386429 6.22301e-18 
859.049 831.389 48.6089 22.4728 -4.397e-05 3.52195e-05 0.384082 2.07951e-18 
869.557 829.087 41.0747 22.4731 -4.397e-05 3.52088e-05 0.381735 -4.29346e-18 
880.066 826.798 33.35 22.4736 -4.397e-05 3.516e-05 0.379388 9.48378e-19 
890.574 824.519 25.4201 22.4746 -4.39698e-05 3.49362e-05 0.377041 2.32482e-18 
901.083 822.252 17.2605 22.4762 -4.39574e-05 3.39108e-05 0.374694 -3.72357e-18 
911.591 819.995 8.82618 22.4793 -4.32291e-05 2.92128e-05 0.372347 -1.35083e-18 
922.1 817.75 0.00226884 22.4848 -7.53892e-07 7.68751e-06 0.369 0 
