grtopS_62_1
50
2 2
8 8 
0 2 6 4 1 3 5 7 
0 2 6 4 1 3 5 7 
1639.6 51.0192 158.235 64.319 92.0002 67.2736 67.552 
1651.07 47.4591 98.4708 68.238 89.0353 42.415 0 
33.4611 1.04121 3.22928 1.31263 1.87755 1.37293 1.37861 
33.6954 0.968553 2.00961 1.39261 1.81705 0.865612 0 
0 1.46836 1.17446e-07 6.09367e-12 0 0 1.62197 
1.45321e-06 1.36893 1.43916e-06 1.45428e-06 5.09294e-07 1.44295e-06 5.04686 
180.6 671.72 590.56 40 1.17425 0 0.0111219 0 
180.6 671.72 590.56 40 1.17425 -9.22298e-10 0.0113323 -0.0070502 
180.6 671.72 590.56 39.9988 1.2163 -0.0405771 0.0105943 0.07832 
159.624 619.791 612.26 35.1645 1.4 0.174391 0.00471199 0.167739 
267.928 278.591 579.717 37.958 1.29947 -0.126129 0.00809686 0.149155 
193.655 97.6075 581.425 37.733 1.27739 0.0301366 0.00811208 0.0991111 
201.593 -59.0246 564.774 40 1.17216 0.0221936 0.0111207 -0.0016 
191.495 -56.4479 563.695 40 1.17193 0.0246891 0.0111207 -0.00180782 
181.784 -53.5814 562.494 40 1.17168 0.0273049 0.0111205 -0.00200124 
172.422 -50.4111 561.166 40 1.17141 0.0301871 0.0111212 -0.0022299 
163.438 -46.9061 559.699 40 1.17127 0.0332732 0.0111195 -0.00226188 
154.823 -43.2247 558.157 39.9814 1.1719 0.0369773 0.0110937 -0.00162098 
146.832 -40.5594 556.365 39.968 1.17226 0.0408482 0.0110745 -0.00121684 
139.343 -38.5191 554.349 39.9546 1.17252 0.0449908 0.0110557 -0.000971163 
132.31 -36.9667 552.052 39.9524 1.17207 0.0491187 0.0110555 -0.00140706 
125.488 -34.8926 549.457 39.9725 1.17086 0.0532351 0.0110811 -0.0024247 
118.624 -31.061 546.855 39.9581 1.17122 0.0582976 0.0110602 -0.00198296 
112.201 -27.864 543.997 39.9369 1.17183 0.0638642 0.01103 -0.00133075 
106.265 -25.697 540.802 39.9184 1.17214 0.0697497 0.0110049 -0.00102588 
100.698 -24.1485 537.195 39.919 1.17145 0.075667 0.0110071 -0.00165497 
95.1729 -21.7434 533.249 39.9323 1.17028 0.0818214 0.0110244 -0.00265486 
89.5286 -17.7224 529.11 39.9282 1.16991 0.0887787 0.0110183 -0.00289372 
84.0186 -13.2945 524.653 39.9166 1.16989 0.0964485 0.0110003 -0.00279835 
78.7448 -8.9904 519.827 39.8967 1.17 0.104786 0.0109744 -0.00264908 
73.7439 -5.08438 514.442 39.9013 1.16904 0.113348 0.0109799 -0.00342826 
68.6648 0.0682702 508.704 39.8936 1.16863 0.122816 0.0109683 -0.00367639 
63.6795 5.62904 502.515 39.8786 1.16849 0.133161 0.010947 -0.00367295 
58.8652 11.1764 495.787 39.8628 1.16831 0.144348 0.0109244 -0.00367909 
54.2052 16.7323 488.482 39.8448 1.16816 0.156465 0.0108993 -0.00365219 
49.6986 22.2456 480.543 39.8263 1.16802 0.169597 0.0108721 -0.00357414 
45.3402 27.6959 471.959 39.7976 1.16822 0.18398 0.0108317 -0.00317151 
41.2363 32.5192 462.596 39.77 1.16829 0.199518 0.0107917 -0.00289093 
37.3321 36.8989 452.417 39.7395 1.16823 0.216277 0.0107507 -0.00277784 
33.5763 40.968 441.262 39.7289 1.16727 0.234066 0.0107338 -0.0034146 
29.6849 46.0842 429.286 39.7008 1.16692 0.253565 0.0106947 -0.00349011 
25.8552 51.2607 416.264 39.6786 1.16626 0.274555 0.0106612 -0.00382321 
21.9831 56.9706 402.213 39.6442 1.16581 0.297354 0.0106149 -0.00401102 
18.1431 62.7878 386.87 39.6327 1.16432 0.321578 0.0105948 -0.00509985 
13.9906 70.2973 370.4 39.6013 1.1632 0.347899 0.0105533 -0.00598514 
9.66718 78.782 352.386 39.6147 1.15985 0.375392 0.0105725 -0.00889638 
4.48695 91.5811 333.05 39.6329 1.15632 0.404942 0.0105947 -0.0118423 
-1.59246 108.972 312.451 39.6201 1.15401 0.437327 0.0105737 -0.0136747 
-8.16169 129.053 290.263 39.6029 1.15134 0.47213 0.0105527 -0.0159293 
-15.3009 152.2 266.166 39.6276 1.14677 0.508897 0.0105839 -0.0198169 
-23.5907 181.318 240.464 39.6233 1.14327 0.548963 0.0105755 -0.0226905 
-32.6686 214.692 212.823 39.614 1.13961 0.592073 0.0105808 -0.0255315 
-42.5834 252.468 183.003 39.6191 1.13874 0.63937 0.0105078 -0.0272317 
-52.9933 291.389 152.887 39.1366 1.151 0.681786 0.00986825 0.0235066 
-66.6692 308.937 114.217 39.9356 1.09335 0.947472 0.00583372 -0.0222345 
24.653 407.98 70.4106 39.3691 0.089937 1.27315 0.0101219 0 
24.653 407.98 70.4106 39.3691 0.089937 1.27315 0.0101219 0 
-1.86933 443.471 72.7473 34.744 1.23092 -0.193736 -0.188388 -1.02789 
-23.8278 459.902 90.0036 19.3468 1.4 -2.39904 -0.176776 -1.0058 
-29.3754 447.669 109.777 6.51189 0.358888 -4.58886 -0.0824941 -0.390878 
-20.7992 406.975 116.292 5 0.208897 -6.2791 0.0895129 0.0875189 
-10.458 344.322 120.89 5 0.208897 -6.27906 0.0895129 0.728026 
0.00280296 281.669 125.488 5 0.208897 -6.27893 0.0895129 0.343663 
10.5833 219.017 130.086 5 0.208897 -6.27869 0.0895129 0.724125 
21.2835 156.369 134.684 5 0.208897 -6.27823 0.0895129 0.41001 
32.1034 93.7268 139.282 5 0.208897 -6.25105 0.0895135 0.853273 
43.0433 31.4376 143.879 5 0.208898 -4.17535 0.0895135 0.832659 
54.1243 -3.88475 148.477 5 0.208899 -2.11279 0.0895134 0.70714 
65.3463 -12.411 153.075 5 0.2089 -0.517082 0.0895127 -0.00403886 
76.7045 -0.20639 157.673 5 0.2089 -1.44604 0.0895129 -1.55963e-05 
88.1728 -0.0704928 162.271 5 0.2089 -1.45706 0.0895129 -1.98722e-06 
99.7607 -0.0777731 166.869 5 0.2089 -1.45726 0.0895129 -1.9876e-06 
111.468 -0.0875632 171.467 5 0.2089 -1.45725 0.0895129 -1.8044e-06 
123.296 -0.0973099 176.065 5 0.2089 -1.45718 0.0895129 -4.01101e-06 
135.242 -0.10614 180.663 5 0.2089 -1.45725 0.0895129 -4.29088e-06 
147.309 -0.115787 185.261 5 0.2089 -1.45726 0.0895129 -4.73206e-06 
159.495 -0.125572 189.858 5 0.2089 -1.45724 0.0895129 -7.85477e-06 
171.801 -0.135084 194.456 5 0.2089 -1.45725 0.0895129 -8.96638e-06 
184.227 -0.144855 199.054 5 0.2089 -1.45767 0.0895129 -2.19225e-06 
196.772 -0.159983 203.652 5 0.208899 -1.45692 0.0895137 -6.15538e-06 
209.437 -0.165429 208.25 5 0.208901 -1.45727 0.0894885 -3.20056e-06 
222.222 -0.175433 212.848 5 0.208853 -1.45738 0.0903061 -3.53223e-06 
235.126 -0.186773 217.445 5 0.20818 -1.45724 0.101918 -2.9121e-06 
248.151 -0.196407 222.034 5 0.207506 -1.45729 0.113531 -2.56373e-06 
261.295 -0.206692 226.614 5 0.206832 -1.45734 0.125143 -2.33404e-06 
274.558 -0.217628 231.185 5 0.206159 -1.4573 0.136755 -2.23475e-06 
287.94 -0.228049 235.747 5 0.205485 -1.45733 0.148367 -2.16564e-06 
301.442 -0.23886 240.301 5 0.204811 -1.45735 0.15998 -1.33162e-06 
315.062 -0.249812 244.845 5 0.204138 -1.45734 0.171592 -1.15504e-06 
328.8 -0.260628 249.381 5 0.203464 -1.45736 0.183204 -1.1658e-06 
342.657 -0.271717 253.909 5 0.20279 -1.45735 0.194816 -1.59479e-06 
356.632 -0.282754 258.427 5 0.202116 -1.45744 0.206429 -2.65587e-07 
370.724 -0.294923 262.937 5 0.201443 -1.45731 0.218041 7.22522e-08 
384.935 -0.305402 267.438 5 0.200769 -1.45673 0.229653 0.000198166 
399.262 -0.308416 271.93 5 0.200095 -1.34961 0.241265 -0.000887295 
413.708 1.08025 276.414 5 0.199421 -1.79157 0.252878 -0.20787 
428.266 -3.27279 280.889 5 0.198747 -3.40389 0.26449 0.193654 
442.924 -28.5726 285.355 5 0.121281 -1.90703 0.370804 0.171449 
457.734 -34.4257 288.814 5 -0.111169 -0.316315 0.485143 0.150371 
472.71 -19.6128 286.317 5 -0.110222 1.26034 0.468837 0.129109 
487.638 15.6834 283.832 5 -0.109275 2.82265 0.452531 0.107753 
502.517 71.2766 281.36 5 -0.108328 4.37047 0.436224 0.0862998 
517.348 146.979 278.9 5 -0.107382 5.90366 0.419918 0.000757949 
532.13 242.599 276.452 5 -0.106435 6.27993 0.403612 -2.61466e-06 
546.852 343.109 274.016 5 -0.681488 6.27997 0.387306 -0.00334166 
561.66 443.618 264.11 13.543 -0.09 4.90456 0.369 0 
561.66 443.618 264.11 13.543 -0.09 4.90456 0.369 0 
558.492 704.502 261.221 15.4116 0.313067 4.91502 0.0504634 -1.02859 
548.733 965.813 274.452 5.00001 -0.506751 2.63463 0.91561 -1.00718 
574.246 1135.21 255.322 20.9153 -0.0552324 0.398291 -0.165147 -0.985768 
546.393 1214.54 253.358 20.7323 -0.0543396 -1.79401 -0.153533 -0.964357 
518.902 1205.54 251.441 20.5493 -0.053448 -3.94216 -0.141918 -0.94294 
491.778 1109.98 249.572 20.3663 -0.0525556 -6.04608 -0.130305 -0.101765 
465.025 929.64 247.751 20.1833 -0.0516609 -6.27996 -0.118692 0.0034166 
438.707 739.88 245.978 20.0003 -0.0507652 -6.27995 -0.107079 0.00341965 
412.837 550.12 244.253 19.8172 -0.0498805 -6.27994 -0.0954649 0.00342828 
387.418 360.36 242.575 19.6344 -0.0490266 -6.27991 -0.0838507 0.573891 
362.452 170.601 240.943 19.4528 -0.048086 -5.00935 -0.0722358 0.814391 
337.982 32.0354 239.361 19.2694 -0.0466161 -3.20111 -0.0606199 0.792938 
314.032 -33.6701 237.85 19.0685 -0.0453169 -1.43773 -0.0490025 0.253275 
290.665 -28.3237 236.405 18.8598 -0.0508634 -0.87343 -0.0373822 -0.312901 
267.878 -0.24019 234.749 18.8553 -0.0658524 -1.56919 -0.0257559 -0.000390545 
244.961 -0.191134 232.49 19.2908 -0.0118714 -1.57005 -0.014116 4.74414e-05 
220.412 -0.1758 232.377 17.9365 0.27583 -1.56995 -0.00243573 -1.62568e-08 
199.994 -0.159531 243.945 8.09736 0.103181 -1.56997 0.634515 -3.88471e-08 
212.417 -0.169434 249.191 5.00152 0.0163278 -1.56998 0.843256 1.73348e-06 
235.329 -0.187674 251.138 5.00982 0.00812436 -1.56997 0.843818 -7.02575e-07 
258.377 -0.205834 252.754 5.26642 0.00686442 -1.56998 0.827534 -2.02447e-06 
280.729 -0.223469 254.302 5.52323 0.00560895 -1.56998 0.811235 7.83584e-07 
302.377 -0.240695 255.783 5.78008 0.0043539 -1.56998 0.794934 -4.3936e-06 
323.317 -0.257257 257.197 6.03696 0.003099 -1.57 0.778631 5.12866e-06 
343.542 -0.273615 258.544 6.29385 0.0018442 -1.56999 0.762328 -1.06943e-06 
363.048 -0.288913 259.824 6.55076 0.000589465 -1.56999 0.746024 -1.37459e-06 
381.829 -0.303702 261.036 6.80767 -0.000665243 -1.56999 0.729719 -7.80821e-07 
399.879 -0.318008 262.182 7.06458 -0.00191993 -1.57 0.713414 -2.45415e-09 
417.193 -0.331774 263.26 7.3215 -0.00317461 -1.57 0.697109 -4.6017e-06 
433.766 -0.344927 264.271 7.57842 -0.00442929 -1.57001 0.680803 5.03273e-06 
449.592 -0.357877 265.215 7.83534 -0.00568396 -1.57 0.664498 -1.33162e-05 
464.666 -0.369757 266.092 8.09226 -0.00693863 -1.57003 0.648192 6.00845e-05 
478.982 -0.382208 266.902 8.34919 -0.00819328 -1.5699 0.631887 0.0384207 
492.534 -0.388644 267.644 8.60611 -0.00944788 -1.48433 0.615581 -0.0371936 
505.321 3.05344 268.319 8.86304 -0.0107026 -1.56703 0.599275 -0.300367 
517.331 3.16397 268.928 9.11996 -0.0119577 -2.23599 0.582969 -0.169606 
528.541 -23.6798 269.469 9.37689 -0.0132125 -2.61481 0.566664 0.257817 
538.953 -65.7867 269.943 9.63382 -0.0144661 -2.0423 0.550358 0.236456 
548.594 -84.8243 270.349 9.89073 -0.0157195 -1.51643 0.534052 0.215061 
557.456 -82.6724 270.689 10.1476 -0.016982 -1.03737 0.517746 0.193658 
565.532 -61.2168 270.961 10.4048 -0.0182621 -0.605195 0.50144 0.172252 
572.815 -22.3469 271.165 10.6626 -0.01946 -0.220001 0.485134 0.150845 
579.295 32.0443 271.304 10.9185 -0.0203009 0.118138 0.468828 0.129438 
584.971 100.061 271.393 11.162 -0.0215583 0.409145 0.452522 0.108029 
589.88 179.804 271.415 11.4091 -0.0279478 0.65294 0.436216 0.0866186 
594.005 269.371 271.164 11.8162 -0.0378438 0.849445 0.41991 0.0652057 
596.809 366.857 270.488 12.4488 0.00999144 0.998577 0.403603 0.0437826 
597.483 470.353 271.699 11.4779 0.198882 1.10023 0.387297 0.0202965 
601.241 577.943 280.583 5.00038 -0.0899494 1.14974 0.369 0 
601.241 577.943 280.583 5.00038 -0.0899494 1.14974 0.369 0 
611.115 622.48 279.634 6.67104 -1.25156 1.15153 1.15369 -1.02859 
619.147 667.048 259.615 22.0707 -0.211953 0.222162 -0.0685029 -1.00718 
605.958 696.411 256.22 23.7559 0.20712 -0.688459 -0.165163 -0.985776 
590.298 710.861 259.643 20.1093 0.643127 -1.58031 -0.153551 -0.964367 
579.381 710.7 270.304 11.4104 0.533312 -2.45337 -0.141939 -0.942959 
580.254 696.231 279.395 5 -0.895662 -3.30763 1.06061 -0.921551 
590.296 667.763 265.249 16.2105 -0.349908 -4.14302 0.256617 -0.900143 
584.972 625.625 259.748 20.0052 -0.0420933 -4.9596 -0.107102 -0.878735 
574.375 570.117 259.188 19.8222 -0.0412002 -5.75735 -0.0954898 -0.574292 
563.99 501.542 258.648 19.6392 -0.040307 -6.28 -0.0838776 0.00341449 
553.82 424.408 258.128 19.4563 -0.0394135 -6.28 -0.0722653 0.00341451 
543.872 347.273 257.627 19.2733 -0.0385201 -6.28 -0.0606531 0.0588393 
534.148 270.138 257.145 19.0903 -0.0376264 -6.22982 -0.0490408 0.771694 
524.649 193.824 256.683 18.9073 -0.0367326 -5.53427 -0.0374286 0.750286 
515.383 128.903 256.24 18.7244 -0.0358387 -4.85764 -0.0258163 0.728878 
506.352 75.0632 255.817 18.5414 -0.0349449 -4.19994 -0.0142041 0.707469 
497.555 31.9954 255.413 18.3584 -0.0340511 -3.5612 -0.00259184 0.686061 
488.993 -0.611039 255.028 18.1755 -0.0331572 -2.94141 0.00902041 0.664653 
480.666 -23.0666 254.663 17.9925 -0.0322634 -2.3406 0.0206327 0.643245 
472.575 -35.6821 254.318 17.8095 -0.0313695 -1.75878 0.0322449 0.621837 
464.72 -38.7684 253.992 17.6265 -0.0304757 -1.19595 0.0438571 0.600429 
457.102 -32.6368 253.685 17.4436 -0.029582 -0.652141 0.0554694 -0.0454343 
449.72 -17.5986 253.398 17.2606 -0.0286885 -0.69267 0.0670816 -0.557612 
442.568 -3.22433 253.13 17.0776 -0.027795 -1.1969 0.0786939 -0.536204 
435.641 2.89124 252.882 16.8946 -0.0269015 -1.68208 0.0903061 0.0294744 
428.939 1.06016 252.653 16.7117 -0.0260086 -1.65547 0.101918 0.106949 
422.47 -0.335281 252.443 16.5287 -0.0251166 -1.55871 0.113531 0.283574 
416.235 -0.146066 252.253 16.3457 -0.0242244 -1.30198 0.125143 -0.450571 
410.237 4.24772 252.082 16.1628 -0.0233289 -1.7097 0.136755 -0.429163 
404.468 1.96343 251.931 15.9798 -0.0224277 -2.09832 0.148367 -0.407755 
398.928 -6.6859 251.8 15.7968 -0.0215259 -2.4678 0.15998 0.114473 
393.62 -21.387 251.688 15.6136 -0.0206389 -2.36476 0.171592 0.364939 
388.549 -34.4007 251.595 15.4306 -0.0197813 -2.0349 0.183204 0.343531 
383.719 -42.012 251.521 15.248 -0.0189367 -1.72421 0.194816 0.322122 
379.131 -44.5348 251.466 15.0659 -0.0180335 -1.4327 0.206429 0.300714 
374.783 -42.2833 251.43 14.8837 -0.0169842 -1.16037 0.218041 0.279306 
370.676 -35.5717 251.416 14.6994 -0.0158256 -0.907245 0.229653 0.257898 
366.813 -24.7145 251.426 14.512 -0.0148728 -0.673336 0.241265 0.23649 
363.2 -10.0265 251.457 14.3243 -0.0146128 -0.458653 0.252878 0.215082 
359.836 8.17748 251.497 14.145 -0.0150727 -0.263211 0.26449 0.193673 
356.712 29.5823 251.534 13.9822 -0.0149354 -0.0870205 0.276102 0.172265 
353.805 53.8727 251.577 13.8266 -0.0116566 0.0699045 0.287714 0.150857 
351.105 80.7331 251.679 13.6385 -0.00416872 0.207552 0.299327 0.129449 
348.654 109.848 251.908 13.3686 0.00238152 0.325908 0.310939 0.108041 
346.564 140.9 252.251 13.0376 -0.00465065 0.424961 0.322551 0.0866327 
344.923 173.575 252.488 12.8212 -0.0345014 0.504699 0.334163 0.0652245 
343.585 207.556 252.241 12.9914 -0.0689548 0.565109 0.345776 0.0438163 
342.028 242.526 251.426 13.5643 -0.0479272 0.606178 0.357388 -0.0221427 
339.686 278.169 250.94 13.8057 0.09 0.587562 0.369 0 
339.686 278.169 250.94 13.8057 0.09 0.587562 0.369 0 
337.186 328.717 253.467 11.6438 0.377678 0.589584 0.0638749 -1.02858 
338.728 379.308 262.815 5 -0.890046 -0.740324 1.07736 -1.00718 
353.75 398.734 242.713 20.9177 -0.0509657 -2.04373 -0.165163 -0.985775 
337.531 387.648 241.671 20.7349 -0.0500716 -3.32067 -0.153551 -0.964367 
321.581 346.647 240.657 20.552 -0.0491463 -4.57109 -0.141939 -0.942959 
305.903 276.352 239.671 20.3686 -0.0482002 -5.79496 -0.130318 0.192335 
290.501 177.385 238.714 20.1842 -0.0473367 -5.54986 -0.118714 0.900143 
275.403 84.16 237.784 20.0006 -0.0468075 -4.38799 -0.107102 0.878735 
260.628 18.1536 236.874 19.8236 -0.0464062 -3.25275 -0.0954897 0.857326 
246.163 -21.2575 235.979 19.6545 -0.0446648 -2.14416 -0.0838774 0.835918 
231.994 -34.6978 235.132 19.4682 -0.0398734 -1.06226 -0.0722652 0.371548 
218.153 -22.7923 234.404 19.2129 -0.0359373 -0.580656 -0.0606529 -0.782254 
204.764 0.395251 233.778 18.9144 -0.0481353 -1.59268 -0.0490407 0.0166734 
191.892 -0.126467 232.877 18.8669 -0.0856054 -1.57111 -0.0374284 0.000891643 
179.086 -0.142937 231.1 19.4825 -0.0919534 -1.56995 -0.0258163 -1.48021e-05 
165.044 -0.131406 229.152 20.1052 0.0791229 -1.56997 -0.014204 8.65482e-06 
149.66 -0.119265 231.188 17.5717 0.424311 -1.56996 -0.00259109 -5.67636e-06 
138.967 -0.110607 241.405 9.26048 0.238326 -1.56999 0.512829 1.98093e-06 
144.442 -0.115002 247.578 5.00002 0.0164403 -1.56999 0.84062 3.31201e-06 
158.309 -0.126015 248.713 5.00579 0.00211093 -1.56999 0.843877 -1.58013e-05 
172.224 -0.136956 249.511 5.26272 0.000856073 -1.57001 0.827571 1.03444e-05 
185.695 -0.148012 250.271 5.51965 -0.000398625 -1.57 0.811265 9.02308e-06 
198.721 -0.158389 250.991 5.77658 -0.0016533 -1.56999 0.794959 -6.19835e-06 
211.298 -0.168126 251.673 6.03351 -0.00290797 -1.57 0.778653 -5.93822e-06 
223.426 -0.177683 252.315 6.29044 -0.00416264 -1.57001 0.762347 -1.80345e-06 
235.102 -0.187051 252.919 6.54737 -0.0054173 -1.57001 0.746041 6.34352e-06 
246.324 -0.196105 253.483 6.80431 -0.00667199 -1.57 0.729734 6.5566e-06 
257.092 -0.204595 254.009 7.06124 -0.00792672 -1.56999 0.713428 -0.000123984 
267.402 -0.212515 254.495 7.31817 -0.00918142 -1.57015 0.697122 0.000768708 
277.254 -0.223822 254.942 7.5751 -0.0104358 -1.56916 0.680816 0.110012 
286.644 -0.211439 255.35 7.83203 -0.0116899 -1.4267 0.66451 -0.0893825 
295.575 3.13869 255.72 8.08895 -0.0129447 -1.54231 0.648204 -0.364936 
304.039 3.78081 256.05 8.34587 -0.0142021 -2.01485 0.631898 -0.343528 
312.029 -6.64686 256.341 8.60284 -0.0154614 -2.4601 0.615592 0.138784 
319.542 -27.5053 256.593 8.85988 -0.0167126 -2.28123 0.599286 0.300713 
326.588 -44.1727 256.806 9.11685 -0.0179394 -1.8925 0.582979 0.279305 
333.169 -51.733 256.98 9.37331 -0.0191599 -1.53112 0.566673 0.257898 
339.285 -50.8268 257.117 9.62925 -0.0204847 -1.19713 0.550367 0.236489 
344.934 -42.0958 257.212 9.88658 -0.0220297 -0.890547 0.534061 0.215081 
350.11 -26.182 257.262 10.149 -0.0234764 -0.611397 0.517755 0.193673 
354.802 -3.72813 257.268 10.4141 -0.0236926 -0.359706 0.501449 0.172265 
359.001 24.6226 257.259 10.6594 -0.0221388 -0.135501 0.485143 0.150857 
362.743 58.2261 257.278 10.8564 -0.0232458 0.061193 0.468837 0.129449 
366.121 96.4379 257.262 11.0599 -0.0376544 0.23035 0.45253 0.108041 
369.125 138.613 256.902 11.506 -0.0635513 0.371944 0.436224 0.0866324 
371.29 184.106 255.919 12.3625 -0.0467768 0.485951 0.419918 0.0652241 
371.795 232.271 255.296 12.8061 0.102555 0.572342 0.403612 0.0438156 
371.37 282.46 258.154 10.5372 0.289152 0.631086 0.387306 0.0223594 
375.252 334.023 265.47 5.30576 -0.0899995 0.662095 0.369 0 
375.252 334.023 265.47 5.30576 -0.0899995 0.662095 0.369 0 
385.154 372.253 264.468 7.01973 -1.25541 0.663629 1.15369 -1.02859 
393.069 410.51 243.454 23.138 -0.111385 -0.308761 -0.176776 -1.00718 
377.732 432.128 241.596 23.5527 0.221089 -1.26158 -0.165163 -0.985776 
361.635 437.423 245.422 19.5791 0.643857 -2.19479 -0.153551 -0.964367 
350.966 426.728 256.6 10.5304 0.442949 -3.10838 -0.00781477 -0.942959 
353.158 400.372 264.584 5 -0.849489 -4.00233 1.07216 -0.921551 
363.646 358.696 250.579 16.1149 -0.25004 -4.87658 0.20738 -0.900143 
358.18 302.056 246.539 18.8302 -0.0715893 -5.73117 -0.0392257 -0.400794 
348.774 230.779 245.481 19.1031 -0.0870636 -6.11353 -0.0344845 0.857327 
338.958 152.952 244.15 19.5436 -0.0458097 -5.30486 -0.0767033 0.835918 
328.488 88.9793 243.514 19.4292 -0.0419236 -4.5159 -0.0709334 0.81451 
318.163 38.5214 242.948 19.2726 -0.041919 -3.74668 -0.0604687 0.793102 
308.044 1.24071 242.386 19.1255 -0.0405591 -2.9972 -0.0490408 0.771694 
298.117 -23.201 241.851 18.9684 -0.033862 -2.26747 -0.0374285 0.750286 
288.395 -35.1421 241.435 18.7328 -0.0230763 -1.55752 -0.0258163 0.728878 
278.989 -34.9213 241.211 18.3742 -0.0210283 -0.867343 -0.0142041 0.408775 
270.075 -22.8779 241.031 18.0201 -0.0475108 -0.479798 -0.00235212 -0.686061 
261.656 -4.19587 240.408 18.0418 -0.100593 -1.12867 0.010471 -0.664653 
253.195 3.37049 238.875 18.7431 -0.116278 -1.75771 0.0360319 0.176113 
243.715 0.161621 237.053 19.5513 0.0475729 -1.59108 0.0634718 0.209964 
233.01 -0.191787 238.017 18.113 0.409475 -1.39229 0.0438571 0.301302 
224.191 2.85885 245.219 12.1334 0.480467 -1.10688 0.205446 -0.57902 
223.807 10.7922 253.802 5.77385 -0.00692929 -1.65484 0.794959 -0.557612 
232.606 9.33154 254.21 6.03079 -0.00818309 -2.18289 0.778653 -0.536204 
241.059 -1.1748 254.59 6.28772 -0.009435 -2.69104 0.762347 -0.514796 
249.167 -20.3858 254.941 6.54461 -0.0106877 -3.17926 0.746041 0.187872 
256.928 -47.96 255.263 6.80147 -0.0119474 -3.00247 0.729735 0.47198 
264.35 -72.5055 255.557 7.05841 -0.013218 -2.55654 0.713429 0.450571 
271.436 -89.4117 255.822 7.31556 -0.0144872 -2.13058 0.697122 0.429163 
278.184 -99.0205 256.059 7.57287 -0.0157208 -1.7246 0.680816 0.407755 
284.593 -101.674 256.267 7.82988 -0.0168923 -1.33861 0.66451 0.386347 
290.662 -97.7155 256.447 8.08579 -0.0180541 -0.972624 0.648204 0.364939 
296.392 -87.4868 256.601 8.34061 -0.0193831 -0.626659 0.631898 0.343531 
301.782 -71.3312 256.726 8.59663 -0.0210535 -0.300727 0.615592 0.322122 
306.83 -49.5918 256.814 8.85818 -0.0228625 0.00515716 0.599286 0.300714 
311.527 -22.6122 256.865 9.12644 -0.0239113 0.29098 0.58298 0.279306 
315.862 9.26409 256.89 9.39075 -0.0231259 0.556729 0.566673 0.257898 
319.838 45.6931 256.921 9.62766 -0.0211838 0.802389 0.550367 0.23649 
323.492 86.3308 256.979 9.82513 -0.0225568 1.02795 0.534061 0.215082 
326.881 130.833 257.008 10.0308 -0.033576 1.23339 0.517755 0.193673 
329.996 178.854 256.843 10.3694 -0.052719 1.4187 0.501449 0.172265 
332.649 230.05 256.34 10.9321 -0.0582399 1.58387 0.485143 0.150857 
334.516 284.077 255.728 11.5162 -0.0140588 1.72888 0.468837 0.129449 
335.548 340.588 255.856 11.4717 0.082305 1.85372 0.452531 0.108041 
336.613 399.237 257.636 10.1885 0.12777 1.95837 0.436224 0.0866327 
339.488 459.678 260.23 8.46836 -0.0776451 2.04282 0.419918 0.0652245 
344.883 521.564 259.353 9.62977 -0.599784 2.10706 0.403612 0.0438163 
348.835 584.552 249.499 17.479 -0.964618 2.15109 0.387306 0.0224076 
341.799 648.302 233.18 29.2192 -0.09 2.17488 0.369 0 
341.799 648.302 233.18 29.2192 -0.09 2.17488 0.369 0 
320.424 711.116 229.892 26.6377 1.01463 0.557153 -0.188388 -1.02562 
302.092 746.101 245.677 10.3124 0.244135 -2.03571 0.997804 -1.00076 
307.035 736.465 248.659 5 -0.123446 -4.6034 1.12108 -0.709919 
319.494 682.656 245.464 5 -0.1225 -5.05649 1.10478 0.00203674 
331.837 621.052 242.285 5 -0.121554 -4.84287 1.08847 0.00023081 
344.073 563.123 239.122 5 -0.120608 -4.842 1.07216 0.268091 
356.199 505.209 235.976 5 -0.119662 -4.84194 1.05586 0.355778 
368.217 447.297 232.846 5 -0.118716 -4.84196 1.03955 0.32899 
380.127 389.383 229.732 5 -0.11777 -4.84194 1.02324 0.250726 
391.929 331.47 226.634 5 -0.116823 -4.84195 1.00694 0.309608 
403.623 273.557 223.553 5 -0.115877 -4.84193 0.990633 0.317194 
415.212 215.645 220.488 5 -0.114931 -4.84191 0.974327 0.30921 
426.694 157.732 217.439 5 -0.113985 -4.842 0.95802 0.29203 
438.071 99.8184 214.407 5 -0.113039 -4.84325 0.941714 0.238483 
449.343 41.883 211.391 5 -0.112093 -3.8175 0.925408 0.490082 
460.525 1.59217 208.391 5 -0.111146 -2.34546 0.909102 0.464843 
471.623 -13.3771 205.407 5 -0.110199 -0.882945 0.892796 -0.0495685 
482.638 -3.18887 202.44 5 -0.109253 -1.31298 0.87649 -0.0069161 
493.545 -0.397874 199.489 5 -0.108307 -1.47521 0.860184 -3.56057e-05 
504.348 -0.397532 196.554 5 -0.107361 -1.47582 0.843878 4.3954e-06 
515.048 -0.407732 193.636 5 -0.106415 -1.47564 0.827571 -1.50824e-05 
525.649 -0.414786 190.733 5 -0.105469 -1.47575 0.811265 -1.60426e-06 
536.148 -0.423796 187.847 5 -0.104523 -1.47569 0.794959 -7.28265e-06 
546.548 -0.431696 184.978 5 -0.144915 -1.47571 0.778653 -5.3374e-06 
556.863 -0.439903 181.413 5.54099 -0.94252 -1.4757 0.762347 -8.33281e-06 
566.584 -0.447613 164.114 16.472 -0.219577 -1.47573 0.746041 2.53113e-06 
560.393 -0.443644 158.949 16.7289 -0.220843 -1.47561 0.729735 -6.96398e-06 
553.67 -0.437412 153.755 16.986 -0.222114 -1.47566 0.713429 -4.44814e-06 
546.415 -0.431616 148.532 17.2432 -0.223365 -1.47566 0.697122 -2.48241e-06 
538.626 -0.425606 143.28 17.5004 -0.224562 -1.47563 0.680816 -2.9904e-06 
530.301 -0.418875 138.001 17.7568 -0.225722 -1.47562 0.66451 -2.56725e-06 
521.441 -0.4117 132.695 18.012 -0.226973 -1.47561 0.648204 -4.4082e-06 
512.048 -0.404014 127.36 18.2674 -0.228504 -1.47565 0.631898 2.71336e-07 
502.119 -0.396676 121.992 18.5265 -0.230287 -1.47558 0.615592 -3.73873e-06 
491.648 -0.387835 116.586 18.7923 -0.231698 -1.47564 0.599286 2.10391e-05 
480.625 -0.379838 111.148 19.0592 -0.231659 -1.47479 0.58298 0.00320296 
469.047 -0.356835 105.704 19.308 -0.230027 -1.34774 0.566673 -0.0105512 
456.94 1.85186 100.281 19.52 -0.229775 -1.78358 0.550367 -0.0682396 
444.347 -3.43645 94.8566 19.7172 -0.236883 -3.02722 0.534061 0.0212308 
431.281 -30.1172 89.3044 19.9978 -0.253594 -2.15869 0.517755 0.044772 
417.654 -41.8573 83.4569 20.478 -0.266142 -0.930893 0.501449 0.0331749 
403.186 -32.4769 77.3804 21.081 -0.242078 0.282816 0.485143 0.0250344 
387.685 -2.21802 71.7012 21.3138 -0.162139 1.50417 0.468837 0.0177176 
371.656 49.0504 67.3907 20.4868 -0.0877716 2.72637 0.452531 0.0116232 
356.611 121.342 64.3822 18.7916 -0.191578 3.94733 0.436224 0.000183174 
343.85 214.634 59.6348 18.6573 -0.611413 4.01837 0.419918 3.17555e-05 
331.256 309.147 47.6692 24.0449 -1.08651 4.04301 0.403612 9.78399e-06 
310.988 404.091 27.3828 35.0585 -0.715915 4.06074 0.387306 0.000437748 
274.713 499.351 13.1674 40 1.4 5.00431 0.369 0 
180.6 671.72 590.56 40 1.17425 0 0.0111219 0 
180.6 671.72 590.56 40 1.17425 2.957e-08 0.0112327 -0.0355731 
180.6 671.719 590.56 39.9993 1.19655 -0.206175 0.010998 0.0581165 
73.2716 643.993 602.145 39.6344 1.19363 0.00475345 0.0105996 0.0239969 
85.5049 615.142 600.87 39.6536 1.18996 0.0344021 0.0106364 0.01617 
112.099 591.102 598.282 39.6512 1.18959 0.0394025 0.0106352 0.0151056 
139.116 567.486 595.429 39.6523 1.18945 0.0402996 0.0106367 0.0149757 
164.196 544.06 592.536 39.653 1.18933 0.0412462 0.0106374 0.014941 
187.331 520.8 589.599 39.6535 1.18916 0.042703 0.010638 0.0148523 
208.752 497.755 586.593 39.654 1.18896 0.0445859 0.0106384 0.0147192 
228.62 474.96 583.496 39.6542 1.18874 0.0468158 0.0106386 0.014558 
247.04 452.446 580.292 39.6543 1.1885 0.049367 0.0106386 0.0143762 
264.089 430.237 576.963 39.6543 1.18823 0.0522444 0.0106383 0.0141758 
279.832 408.358 573.494 39.6541 1.18794 0.055466 0.0106379 0.0139558 
294.33 386.839 569.868 39.6537 1.18762 0.0590548 0.0106372 0.0137146 
307.642 365.709 566.065 39.6532 1.18728 0.0630355 0.0106363 0.0134502 
319.822 345.002 562.067 39.6525 1.1869 0.0674343 0.0106352 0.0131603 
330.924 324.754 557.852 39.6517 1.18649 0.0722782 0.0106338 0.0128429 
340.998 305.004 553.399 39.6507 1.18604 0.0775957 0.0106322 0.0124955 
350.088 285.796 548.683 39.6496 1.18556 0.0834168 0.0106304 0.012116 
358.236 267.176 543.68 39.6483 1.18503 0.0897733 0.0106283 0.0117018 
365.478 249.193 538.363 39.6469 1.18446 0.0966994 0.010626 0.0112502 
371.847 231.9 532.704 39.6452 1.18384 0.104231 0.0106234 0.0107585 
377.37 215.356 526.672 39.6435 1.18317 0.112408 0.0106206 0.0102236 
382.068 199.622 520.236 39.6415 1.18245 0.121273 0.0106175 0.00964256 
385.96 184.766 513.362 39.6394 1.18166 0.130871 0.0106142 0.00901238 
389.056 170.86 506.012 39.6371 1.18081 0.141257 0.0106107 0.00833033 
391.369 157.983 498.149 39.6347 1.17989 0.152497 0.0106068 0.00759398 
392.909 146.222 489.73 39.6321 1.17888 0.164681 0.0106027 0.00680064 
393.699 135.672 480.708 39.6293 1.17779 0.177926 0.0105982 0.00594527 
393.784 126.446 471.03 39.6264 1.17659 0.192387 0.0105935 0.00501631 
393.245 118.671 460.638 39.6233 1.17527 0.208231 0.0105885 0.00398909 
392.199 112.496 449.462 39.62 1.17382 0.22557 0.0105832 0.00281924 
390.766 108.081 437.43 39.6166 1.17225 0.24432 0.010578 0.00144175 
388.957 105.577 424.471 39.6129 1.1706 0.263969 0.010573 -0.000215016 
386.461 105.074 410.541 39.609 1.169 0.283317 0.0105688 -0.00219095 
382.302 106.518 395.655 39.605 1.16762 0.300292 0.0105655 -0.00443024 
374.44 109.619 379.927 39.6008 1.16675 0.312047 0.0105635 -0.00670794 
359.448 113.751 363.613 39.5965 1.16665 0.315538 0.0105624 -0.00858615 
332.53 117.945 347.115 39.5923 1.16752 0.30868 0.0105612 -0.00944991 
288.146 121.008 330.941 39.5888 1.16928 0.291922 0.0105587 -0.0086544 
221.413 121.834 315.572 39.5864 1.17147 0.269825 0.0105534 -0.00576604 
130.23 119.908 301.27 39.5863 1.17312 0.252106 0.0105442 -0.000841687 
17.7748 115.929 287.822 39.5895 1.17277 0.253614 0.0105312 0.00531636 
-105.223 112.431 274.29 39.5973 1.16861 0.292805 0.0105156 0.0110646 
-219.219 114.201 258.838 39.6106 1.15882 0.388778 0.0104997 0.014319 
-296.27 128.322 238.7 39.6293 1.14176 0.558925 0.0104732 0.0136198 
-301.712 163.89 210.266 39.6519 1.11391 0.821325 0.0104818 0.00918961 
-194.508 234.379 168.035 39.9221 1.06668 1.21534 0.00595868 -0.00014679 
82.2312 367.104 109.612 39.6345 0.0682512 1.82195 0.0101219 0 
82.2312 367.104 109.612 39.6345 0.0682512 1.82195 0.0101219 0 
57.3161 406.749 111.521 35.5076 1.15728 0.568972 -0.188388 0.535044 
36.1683 431.249 126.672 21.7987 1.4 1.84424 -0.0847691 0.756624 
28.616 471.15 145.021 9.54072 0.678971 3.54206 -0.165162 0.575239 
33.5689 531.56 154.894 5 0.20933 4.96099 0.0878387 0.259727 
43.285 609.115 159.18 5 0.20933 5.77834 0.0878386 0.0432731 
53.1128 696.547 163.465 5 0.20933 5.99059 0.0878386 -0.0190641 
63.0463 786.544 167.75 5 0.20933 5.93077 0.0878387 -0.0178367 
73.0831 875.818 172.035 5 0.20933 5.86055 0.0878387 -0.0100943 
83.2229 964.244 176.321 5 0.20933 5.81836 0.0878388 -0.00679782 
93.4661 1052.16 180.606 5 0.20933 5.77282 0.0878389 -0.0113954 
103.813 1139.53 184.891 5 0.20933 5.68174 0.0878389 -0.0260947 
114.262 1225.79 189.177 5 0.20933 5.50397 0.087839 -0.0502999 
124.814 1309.91 193.462 5 0.20933 5.20801 0.087839 -0.080737 
135.466 1390.45 197.747 5 0.209329 4.77752 0.0878391 -0.112918 
146.218 1465.78 202.033 5 0.209329 4.21153 0.0878392 -0.142561 
157.068 1534.28 206.318 5 0.209329 3.52126 0.0878392 -0.166381 
168.016 1594.43 210.603 5 0.209328 2.72587 0.0878394 -0.182303 
179.059 1644.98 214.888 5 0.209328 1.84897 0.0878395 -0.189357 
190.198 1684.92 219.174 5 0.209327 0.916378 0.0878396 -0.187481 
201.432 1713.6 223.459 5 0.209327 -0.045028 0.0878398 -0.177337 
212.76 1730.65 227.744 5 0.209326 -1.00768 0.0878401 -0.16019 
224.183 1736.08 232.029 5 0.209326 -1.94348 0.0878402 -0.137813 
235.7 1730.19 236.315 5 0.209325 -2.82433 0.0878433 -0.112381 
247.313 1713.66 240.6 5 0.20933 -3.62346 0.087759 -0.0863169 
259.022 1687.47 244.885 5 0.209181 -4.31803 0.090311 -0.0569047 
270.827 1652.88 249.169 5 0.208507 -4.85729 0.101924 -0.03666 
282.732 1611.78 253.444 5 0.207833 -5.26782 0.113536 -0.0208694 
294.736 1565.72 257.711 5 0.207159 -5.55428 0.125149 -0.00989801 
306.841 1516.2 261.97 5 0.206485 -5.73298 0.136762 -0.00330499 
319.048 1464.51 266.221 5 0.205811 -5.82875 0.148376 -7.96657e-05 
331.357 1411.67 270.464 5 0.205137 -5.86946 0.159989 0.0009891 
343.768 1358.34 274.699 5 0.204464 -5.88015 0.171604 0.000966416 
356.282 1304.88 278.925 5 0.203789 -5.87906 0.183219 0.000577016 
368.899 1251.43 283.144 5 0.203115 -5.87671 0.194837 0.000193095 
381.617 1198.01 287.354 5 0.20244 -5.87749 0.206463 -6.21446e-05 
394.438 1144.58 291.556 5 0.201759 -5.8822 0.218135 -0.00019019 
407.361 1091.09 295.749 5 -0.116217 -5.89011 0.566544 -0.000230918 
420.462 1037.51 296.1 5 -0.115281 -5.90021 0.550329 -0.000222198 
433.571 983.802 293.725 5 -0.114337 -5.91163 0.534039 -0.000189894 
446.622 929.959 291.361 5 -0.113392 -5.92374 0.517739 -0.000148515 
459.616 875.97 289.008 5 -0.112446 -5.936 0.501437 -0.000104877 
472.553 821.833 286.667 5 -0.1115 -5.94775 0.485133 -6.1523e-05 
485.432 767.554 284.337 5 -0.110555 -5.95774 0.468828 -2.02311e-05 
498.255 713.154 282.019 5 -0.109609 -5.96364 0.452523 1.16694e-05 
511.021 658.683 279.712 5 -0.108663 -5.96297 0.436218 -4.74838e-06 
523.731 604.219 277.416 5 -0.107717 -5.96664 0.419913 -0.000126539 
536.386 549.712 275.132 5 -0.106771 -6.01165 0.403607 0.000164554 
548.984 494.661 272.859 5 -0.642692 -5.67989 0.387306 0.000131916 
561.66 443.618 264.11 11.4176 -0.0899997 -5.11105 0.369 0 
561.66 443.618 264.11 11.4176 -0.0899997 -5.11105 0.369 0 
563.759 354.825 262.397 12.9277 -0.344039 -5.11461 0.486951 0.664696 
562.865 265.945 254.254 18.9068 0.209882 -4.19689 -0.0440248 0.556055 
549.29 200.086 259.76 13.9294 0.179117 -3.42885 0.22397 0.455485 
546.022 153.478 264.695 10.0556 -0.0293964 -2.79943 0.522666 0.363666 
550.903 122.646 264.557 10.462 -0.0332619 -2.29663 0.502403 0.282696 
554.972 104.423 264.305 10.8982 -0.0163596 -1.90554 0.47129 0.214051 
558.151 96.0066 264.46 10.9751 -0.0128651 -1.60921 0.465286 0.157902 
561.188 95.021 264.699 10.9794 -0.0136911 -1.3904 0.465064 0.113284 
564.233 99.5221 264.918 10.9991 -0.0142961 -1.23321 0.463923 0.0786102 
567.253 107.965 265.12 11.0283 -0.0144963 -1.12392 0.462084 0.0521392 
570.227 119.148 265.317 11.0586 -0.0146332 -1.0512 0.460154 0.0322469 
573.151 132.155 265.509 11.0887 -0.014795 -1.00599 0.45824 0.0175426 
576.026 146.295 265.695 11.1191 -0.0149709 -0.981108 0.45631 0.00688839 
578.849 161.059 265.876 11.15 -0.0151503 -0.970969 0.454348 -0.000622877 
581.619 176.078 266.051 11.1814 -0.0153322 -0.97123 0.45235 -0.00570664 
584.336 191.09 266.22 11.2134 -0.015517 -0.978538 0.450318 -0.00892249 
586.996 205.918 266.383 11.246 -0.015705 -0.99031 0.448252 -0.0107093 
589.599 220.452 266.541 11.2791 -0.0158962 -1.00457 0.44615 -0.0114111 
592.143 234.628 266.692 11.3128 -0.0160905 -1.01982 0.444012 -0.0112989 
594.627 248.422 266.837 11.347 -0.0162876 -1.03493 0.441839 -0.0105875 
597.049 261.837 266.975 11.3818 -0.0164876 -1.04906 0.439629 -0.00944831 
599.409 274.898 267.108 11.4172 -0.01669 -1.06163 0.437382 -0.00801902 
601.703 287.643 267.233 11.4531 -0.0168948 -1.07224 0.4351 -0.00641154 
603.932 300.123 267.352 11.4896 -0.0171017 -1.08062 0.432782 -0.00471723 
606.093 312.393 267.465 11.5267 -0.0173103 -1.08667 0.43043 -0.0030116 
608.185 324.511 267.571 11.5643 -0.0175205 -1.09036 0.428045 -0.00135663 
610.207 336.536 267.67 11.6024 -0.0177317 -1.09176 0.425627 0.000196483 
612.158 348.527 267.762 11.6409 -0.0179437 -1.091 0.423178 0.00160672 
614.035 360.536 267.847 11.68 -0.0181561 -1.0883 0.420702 0.00284177 
615.839 372.613 267.925 11.7194 -0.0183684 -1.08387 0.418199 0.00387748 
617.568 384.802 267.997 11.7592 -0.0185804 -1.07801 0.415672 0.00469789 
619.221 397.137 268.061 11.7994 -0.0187915 -1.07101 0.413124 0.00529477 
620.796 409.648 268.119 11.8398 -0.019001 -1.06317 0.410558 0.00566755 
622.293 422.356 268.17 11.8805 -0.0192076 -1.0548 0.407978 0.00582316 
623.712 435.274 268.214 11.9213 -0.0194126 -1.04621 0.405386 0.00577557 
625.051 448.407 268.251 11.9622 -0.0196227 -1.03768 0.402786 0.00554536 
626.31 461.754 268.281 12.0033 -0.0198399 -1.02946 0.400183 0.00515896 
627.488 475.307 268.305 12.0448 -0.0200299 -1.02177 0.397582 0.00464768 
628.584 489.053 268.321 12.0859 -0.0201154 -1.01477 0.394984 0.00404649 
629.598 502.975 268.334 12.1249 -0.0201495 -1.00861 0.392388 0.00339265 
630.535 517.051 268.345 12.161 -0.0206531 -1.00334 0.389797 0.00272398 
631.401 531.259 268.341 12.2037 -0.0222684 -0.998997 0.387233 0.00207708 
632.181 545.577 268.295 12.273 -0.0233022 -0.995544 0.384721 0.00148526 
632.82 559.981 268.221 12.3536 -0.0172376 -0.992908 0.382237 0.000976474 
633.291 574.451 268.295 12.308 -0.00152482 -0.990975 0.379699 0.000571053 
633.849 588.97 268.765 11.9729 -0.00660831 -0.989602 0.377106 0.00027952 
635.107 603.522 269.122 11.7924 -0.100845 -0.988632 0.374657 0.000100362 
636.792 618.099 267.122 13.4419 -0.244338 -0.987906 0.372375 1.78643e-05 
635.135 632.696 261.458 17.5618 -0.000313742 -0.987287 0.369 0 
635.135 632.696 261.458 17.5618 -0.000313742 -0.987287 0.369 0 
628.061 642.827 261.659 16.7269 0.833207 -0.986882 -0.188074 -0.284637 
621.866 652.964 276.366 5.39466 0.0664305 -1.25988 0.418586 -0.228828 
632.225 658.345 278.065 5.01708 -0.975569 -1.47945 1.11714 -0.180507 
643.527 659.91 261.669 17.9217 -0.245415 -1.65273 0.100043 -0.139783 
636.035 658.479 257.6 20.4925 -0.0456559 -1.78704 -0.137512 -0.106135 
624.75 654.716 256.931 20.3137 -0.0433304 -1.88912 -0.126712 -0.0787371 
613.689 649.18 256.308 20.116 -0.0424658 -1.96497 -0.114447 -0.0566617 
602.88 642.325 255.705 19.9199 -0.04232 -2.01967 -0.101895 -0.0390134 
592.323 634.52 255.11 19.7345 -0.0418821 -2.05745 -0.0899356 -0.0249956 
582.002 626.058 254.527 19.5551 -0.0409408 -2.0818 -0.0785041 -0.0139286 
571.91 617.173 253.966 19.3748 -0.039883 -2.09553 -0.0670908 -0.00524681 
562.049 608.048 253.429 19.1922 -0.0389063 -2.10093 -0.0555318 0.00151217 
552.423 598.83 252.913 19.0084 -0.0380127 -2.09985 -0.043882 0.00672374 
543.035 589.631 252.419 18.8248 -0.0371457 -2.09376 -0.0322213 0.0106883 
533.885 580.537 251.944 18.6415 -0.0362677 -2.08386 -0.0205838 0.0136478 
524.973 571.614 251.49 18.4584 -0.0353741 -2.07111 -0.00896393 0.0157947 
516.301 562.914 251.056 18.2754 -0.034475 -2.05629 0.002653 0.0172845 
507.868 554.47 250.643 18.0922 -0.0335775 -2.04002 0.0142738 0.0182406 
499.675 546.309 250.251 17.9091 -0.0326829 -2.02283 0.0258979 0.0187637 
491.724 538.447 249.879 17.7259 -0.0317894 -2.00513 0.0375227 0.0189345 
484.015 530.891 249.528 17.5428 -0.0308957 -1.98724 0.0491467 0.0188186 
476.549 523.647 249.198 17.3596 -0.0300015 -1.96946 0.0607701 0.0184699 
469.326 516.711 248.888 17.1765 -0.029107 -1.952 0.0723932 0.0179332 
462.347 510.079 248.599 16.9933 -0.0282127 -1.93504 0.0840163 0.0172456 
455.613 503.741 248.331 16.8102 -0.0273188 -1.91873 0.0956395 0.0164382 
449.125 497.686 248.083 16.627 -0.0264252 -1.90318 0.107262 0.0155377 
442.882 491.901 247.856 16.4439 -0.025531 -1.88849 0.118885 0.0145673 
436.887 486.371 247.649 16.2608 -0.0246353 -1.87472 0.130508 0.013547 
431.14 481.081 247.464 16.0776 -0.0237387 -1.86192 0.14213 0.012495 
425.641 476.012 247.298 15.8945 -0.0228448 -1.85012 0.153752 0.0114271 
420.391 471.148 247.154 15.7113 -0.021959 -1.83934 0.165374 0.0103578 
415.391 466.472 247.03 15.5282 -0.0210803 -1.82958 0.176996 0.00930022 
410.641 461.964 246.926 15.3454 -0.0201904 -1.82083 0.188617 0.0082661 
406.142 457.609 246.843 15.1626 -0.019258 -1.81307 0.200237 0.0072662 
401.895 453.388 246.781 14.9792 -0.0182811 -1.80626 0.211857 0.00631008 
397.9 449.286 246.742 14.7948 -0.0173507 -1.80036 0.223475 0.00540624 
394.161 445.286 246.723 14.61 -0.0166434 -1.79533 0.235093 0.00456196 
390.678 441.373 246.722 14.4279 -0.0162115 -1.7911 0.24671 0.00378337 
387.448 437.533 246.734 14.2518 -0.0156151 -1.78763 0.258324 0.00307533 
384.464 433.753 246.761 14.0789 -0.0138744 -1.78482 0.269936 0.00244139 
381.721 430.022 246.822 13.8936 -0.0105007 -1.78263 0.281546 0.00188377 
379.237 426.329 246.948 13.6758 -0.00756641 -1.78097 0.29315 0.00140333 
377.06 422.665 247.131 13.435 -0.0104284 -1.77977 0.304747 0.000999564 
375.225 419.021 247.271 13.2503 -0.0227771 -1.77895 0.316334 0.000670637 
373.657 415.391 247.201 13.241 -0.0351929 -1.77845 0.327904 0.000413434 
372.103 411.769 246.916 13.388 -0.0188673 -1.7782 0.339441 0.000223654 
370.329 408.153 246.91 13.2936 0.051259 -1.77813 0.350896 9.58767e-05 
368.662 404.537 248.126 12.2741 0.134146 -1.77819 0.362034 2.36311e-05 
368.428 400.919 250.81 10.2657 0.076418 -1.77831 0.369 0 
368.428 400.919 250.81 10.2657 0.076418 -1.77831 0.369 0 
372.403 396.193 253.076 8.93072 -0.405134 -1.7785 0.74646 0.0415133 
379.125 391.46 244.474 15.7216 0.117655 -1.72665 0.153806 0.031902 
372.883 387.914 247.477 13.0846 0.078108 -1.68682 0.306145 0.0245228 
371.587 385.266 249.679 11.3669 -0.0108925 -1.6562 0.436409 0.018841 
373.552 383.31 249.926 11.3078 -0.0253298 -1.63267 0.446067 0.0144568 
375.642 381.887 249.848 11.4968 -0.0193694 -1.61461 0.433237 0.0110696 
377.384 380.875 249.898 11.5679 -0.0164215 -1.60078 0.427902 0.00845202 
378.997 380.175 250.012 11.583 -0.0163462 -1.59021 0.426815 0.00643182 
380.588 379.716 250.128 11.5956 -0.0167137 -1.58217 0.426067 0.00487749 
382.162 379.439 250.234 11.6135 -0.0168884 -1.57607 0.424962 0.00368838 
383.709 379.3 250.336 11.6328 -0.0169613 -1.57145 0.423737 0.00278705 
385.225 379.266 250.436 11.6518 -0.0170274 -1.56796 0.42253 0.00211368 
386.711 379.311 250.533 11.6703 -0.0171032 -1.56531 0.421354 0.00162182 
388.168 379.416 250.628 11.6886 -0.0171823 -1.56327 0.420195 0.00127517 
389.597 379.567 250.721 11.7067 -0.0172613 -1.56167 0.419047 0.00104517 
390.996 379.755 250.811 11.7246 -0.0173401 -1.56035 0.417909 0.000909099 
392.368 379.973 250.899 11.7424 -0.0174192 -1.55921 0.416781 0.000848687 
393.711 380.216 250.984 11.76 -0.0174992 -1.55813 0.41566 0.000849005 
395.026 380.484 251.067 11.7776 -0.0175803 -1.55706 0.414547 0.000897616 
396.313 380.777 251.148 11.795 -0.0176627 -1.55592 0.413438 0.000983943 
397.572 381.095 251.226 11.8124 -0.0177469 -1.55467 0.412333 0.00109878 
398.802 381.441 251.301 11.8298 -0.0178331 -1.55328 0.411228 0.00123394 
400.005 381.819 251.374 11.8473 -0.0179218 -1.55172 0.410121 0.00138199 
401.18 382.233 251.444 11.8648 -0.0180132 -1.54997 0.40901 0.00153606 
402.326 382.686 251.511 11.8823 -0.0181079 -1.54803 0.407893 0.00168978 
403.443 383.183 251.576 11.9001 -0.0182061 -1.54589 0.406766 0.00183721 
404.531 383.729 251.637 11.918 -0.0183083 -1.54357 0.405626 0.00197281 
405.589 384.327 251.696 11.9362 -0.0184148 -1.54107 0.404469 0.00209153 
406.617 384.982 251.752 11.9547 -0.0185261 -1.53843 0.403293 0.00218884 
407.614 385.698 251.804 11.9736 -0.0186429 -1.53565 0.402094 0.00226082 
408.579 386.475 251.854 11.9929 -0.0187654 -1.53279 0.400868 0.00230427 
409.511 387.318 251.899 12.0127 -0.0188934 -1.52987 0.399611 0.00231677 
410.41 388.228 251.941 12.033 -0.0190253 -1.52693 0.398319 0.00229682 
411.274 389.203 251.98 12.0539 -0.0191622 -1.52401 0.396989 0.00224391 
412.102 390.246 252.014 12.0754 -0.0193148 -1.52116 0.395615 0.00215853 
412.892 391.352 252.044 12.0977 -0.0194983 -1.51841 0.394195 0.0020423 
413.643 392.521 252.07 12.1213 -0.0196903 -1.5158 0.392727 0.00189788 
414.353 393.75 252.09 12.1462 -0.0197763 -1.51337 0.391207 0.00172898 
415.018 395.033 252.107 12.1705 -0.0196572 -1.51116 0.389625 0.00154033 
415.64 396.367 252.126 12.1906 -0.0196941 -1.50917 0.387967 0.00133748 
416.227 397.745 252.143 12.2101 -0.0210086 -1.50744 0.386239 0.00112677 
416.779 399.163 252.13 12.2512 -0.0239537 -1.50597 0.384477 0.000915063 
417.258 400.615 252.049 12.3387 -0.0239777 -1.50477 0.382702 0.000709611 
417.574 402.094 251.964 12.4155 -0.0112135 -1.50382 0.380837 0.000517788 
417.741 403.594 252.166 12.2626 0.0113875 -1.50311 0.378754 0.000346865 
418.184 405.11 252.885 11.7445 -0.00650447 -1.50262 0.376495 0.000203761 
419.61 406.637 253.218 11.6139 -0.142834 -1.5023 0.374359 9.47887e-05 
421.35 408.171 250.464 13.8563 -0.310806 -1.50211 0.372308 2.54193e-05 
418.967 409.712 243.821 18.6668 0.000385041 -1.50201 0.369 0 
418.967 409.712 243.821 18.6668 0.000385041 -1.50201 0.369 0 
413.609 410.451 243.934 18.0643 0.631533 -1.50198 -0.103275 0.0926143 
408.638 411.189 250.874 12.5431 0.431133 -1.44667 0.0373043 0.0842447 
408.64 412.521 255.746 8.99025 -0.104851 -1.39633 0.46731 0.0771089 
411.938 414.395 254.89 9.88672 -0.303856 -1.35022 0.583574 0.0710232 
414.485 416.767 251.869 12.2999 -0.221045 -1.30772 0.459594 0.065827 
414.861 419.599 249.701 13.9219 -0.0923782 -1.26831 0.324145 0.0613822 
413.758 422.859 248.894 14.437 -0.0178938 -1.23153 0.261933 0.057569 
412.177 426.516 248.883 14.3335 0.00798789 -1.19701 0.251085 0.0542839 
410.679 430.546 249.153 14.0298 0.00544813 -1.16445 0.263933 0.051437 
409.452 434.927 249.401 13.7621 -0.00741124 -1.13356 0.28212 0.0489501 
408.464 439.642 249.515 13.6104 -0.0181506 -1.10415 0.295592 0.0467554 
407.612 444.674 249.515 13.5511 -0.0225518 -1.07604 0.302306 0.0447938 
406.813 450.01 249.469 13.5289 -0.022132 -1.04908 0.304839 0.0430142 
406.033 455.637 249.428 13.5037 -0.019896 -1.02318 0.30631 0.0413723 
405.273 461.543 249.411 13.4612 -0.0178991 -0.998241 0.308448 0.0398302 
404.549 467.719 249.417 13.4042 -0.016831 -0.974215 0.311599 0.0383554 
403.875 474.155 249.435 13.3409 -0.0165221 -0.951059 0.315404 0.0369206 
403.256 480.841 249.458 13.2778 -0.0165492 -0.928749 0.319391 0.0355032 
402.692 487.767 249.481 13.2174 -0.0166061 -0.907277 0.323259 0.0340848 
402.181 494.925 249.505 13.1599 -0.0165995 -0.886641 0.326923 0.032651 
401.721 502.307 249.53 13.1047 -0.0165668 -0.866853 0.330426 0.0311912 
401.309 509.902 249.556 13.0514 -0.0165372 -0.847928 0.333851 0.0296981 
400.944 517.701 249.584 12.9999 -0.0164368 -0.829885 0.337259 0.0281677 
400.625 525.695 249.613 12.9497 -0.0161016 -0.812749 0.340664 0.026599 
400.349 533.874 249.647 12.8986 -0.0154202 -0.796542 0.344028 0.0249936 
400.119 542.228 249.69 12.8439 -0.0145499 -0.781286 0.347275 0.0233557 
399.937 550.747 249.742 12.7843 -0.0140509 -0.767001 0.350327 0.0216918 
399.807 559.42 249.801 12.7234 -0.0147285 -0.753704 0.353159 0.0200103 
399.732 568.237 249.854 12.671 -0.0170613 -0.741405 0.355846 0.0183214 
399.703 577.186 249.882 12.6401 -0.0203932 -0.730108 0.35855 0.0166368 
399.703 586.258 249.875 12.6375 -0.0224758 -0.719813 0.361429 0.0149693 
399.706 595.441 249.846 12.6509 -0.020151 -0.710508 0.364484 0.0133325 
399.696 604.724 249.841 12.6427 -0.0115621 -0.702176 0.367451 0.0117405 
399.691 614.097 249.93 12.5632 0.000869173 -0.694792 0.369856 0.0102076 
399.754 623.55 250.154 12.3859 0.00888034 -0.688319 0.37128 0.00874773 
399.974 633.073 250.467 12.1546 0.000949893 -0.682716 0.371729 0.00737443 
400.402 642.656 250.699 12.0045 -0.0298218 -0.67793 0.371847 0.00610009 
400.973 652.29 250.601 12.1178 -0.0753653 -0.673902 0.372667 0.00493577 
401.452 661.969 250.009 12.597 -0.107415 -0.670566 0.374831 0.00389071 
401.512 671.683 249.063 13.3048 -0.0865364 -0.667853 0.377921 0.00297201 
400.933 681.427 248.33 13.7897 0.0114775 -0.665687 0.380572 0.00218417 
399.899 691.196 248.648 13.4338 0.162136 -0.663992 0.381379 0.00152877 
399.146 700.982 250.598 11.8646 0.275765 -0.66269 0.379738 0.00100406 
399.769 710.781 253.803 9.47293 0.224742 -0.661703 0.375981 0.00060464 
402.542 720.589 256.499 7.67063 -0.0764032 -0.660953 0.371824 0.000321094 
406.999 730.404 255.973 8.47174 -0.564827 -0.660367 0.371196 0.000139704 
410.856 740.226 250.158 13.2302 -0.966075 -0.65988 0.372137 4.21488e-05 
410.557 750.056 239.927 20.9505 -0.873813 -0.659445 0.372033 5.08997e-06 
403.334 759.896 230.558 27.3693 0.00702745 -0.659033 0.369 0 
403.334 759.896 230.558 27.3693 0.00702745 -0.659033 0.369 0 
400.748 754.849 225.874 26.1814 0.000470878 -0.208172 0.482653 -5.15957e-13 
398.161 749.802 221.19 25.2744 3.16736e-05 -0.000866443 0.480306 -2.25917e-13 
395.575 744.755 216.505 24.5869 2.25267e-06 0.0939587 0.477959 -9.89041e-14 
392.988 739.709 211.82 24.068 2.81866e-07 0.137272 0.475612 -4.31847e-14 
390.401 734.662 207.134 23.6774 1.49858e-07 0.157047 0.473265 -1.87955e-14 
387.814 729.615 202.448 23.3837 1.41023e-07 0.166074 0.470918 -8.17155e-15 
385.226 724.568 197.762 23.1632 1.40439e-07 0.170194 0.468571 -3.54762e-15 
382.638 719.521 193.074 22.9976 1.40406e-07 0.172075 0.466224 -1.47404e-15 
380.05 714.474 188.387 22.8734 1.4041e-07 0.172933 0.463878 -7.117e-16 
377.462 709.427 183.698 22.7801 1.40416e-07 0.173325 0.461531 -2.95091e-16 
374.873 704.381 179.01 22.7102 1.40422e-07 0.173504 0.459184 -1.45167e-16 
372.284 699.334 174.32 22.6577 1.40428e-07 0.173586 0.456837 -2.40046e-17 
369.695 694.287 169.63 22.6183 1.40434e-07 0.173623 0.45449 8.58748e-18 
367.106 689.24 164.939 22.5888 1.4044e-07 0.17364 0.452143 -1.9612e-17 
364.516 684.193 160.248 22.5666 1.40446e-07 0.173648 0.449796 4.80564e-17 
361.926 679.146 155.556 22.55 1.40452e-07 0.173651 0.447449 -2.43775e-18 
359.335 674.099 150.864 22.5375 1.40458e-07 0.173653 0.445102 -8.63264e-18 
356.744 669.053 146.17 22.5282 1.40464e-07 0.173654 0.442755 6.16649e-17 
354.153 664.006 141.476 22.5212 1.40471e-07 0.173654 0.440408 8.68504e-18 
351.561 658.959 136.781 22.5159 1.40478e-07 0.173654 0.438061 -4.61898e-17 
348.969 653.912 132.086 22.512 1.40485e-07 0.173654 0.435714 -1.76722e-18 
346.377 648.865 127.389 22.509 1.40492e-07 0.173654 0.433367 -3.12055e-17 
343.784 643.818 122.692 22.5068 1.405e-07 0.173654 0.43102 3.60014e-17 
341.191 638.771 117.994 22.5051 1.40508e-07 0.173654 0.428673 -2.66182e-17 
338.597 633.725 113.295 22.5038 1.40516e-07 0.173654 0.426327 3.72891e-18 
336.003 628.678 108.595 22.5029 1.40525e-07 0.173654 0.42398 -1.0775e-18 
333.408 623.631 103.894 22.5022 1.40534e-07 0.173654 0.421633 7.67577e-18 
330.813 618.584 99.1916 22.5017 1.40544e-07 0.173654 0.419286 1.12322e-17 
328.218 613.537 94.4884 22.5013 1.40554e-07 0.173654 0.416939 2.18214e-17 
325.621 608.49 89.7842 22.501 1.40565e-07 0.173654 0.414592 2.63717e-17 
323.025 603.443 85.0787 22.5008 1.40577e-07 0.173654 0.412245 -1.01092e-17 
320.428 598.397 80.372 22.5006 1.40589e-07 0.173654 0.409898 -2.39662e-17 
317.83 593.35 75.6639 22.5005 1.40602e-07 0.173654 0.407551 2.54687e-17 
315.232 588.303 70.9545 22.5004 1.40616e-07 0.173654 0.405204 -2.45001e-17 
312.634 583.256 66.2435 22.5003 1.40631e-07 0.173653 0.402857 2.10432e-17 
310.034 578.209 61.531 22.5002 1.40647e-07 0.173651 0.40051 -1.87418e-17 
307.435 573.162 56.8167 22.5002 1.40665e-07 0.173647 0.398163 1.69325e-17 
304.834 568.115 52.1006 22.5002 1.40684e-07 0.173637 0.395816 3.4075e-18 
302.233 563.069 47.3825 22.5002 1.40706e-07 0.173617 0.393469 1.70606e-17 
299.632 558.022 42.6623 22.5001 1.4073e-07 0.173573 0.391122 2.10732e-17 
297.03 552.975 37.9397 22.5001 1.40757e-07 0.173477 0.388776 1.60112e-17 
294.427 547.928 33.2144 22.5001 1.40788e-07 0.173265 0.386429 1.87831e-17 
291.824 542.881 28.4861 22.5001 1.40825e-07 0.172801 0.384082 3.48458e-17 
289.22 537.834 23.7544 22.5001 1.40868e-07 0.171785 0.381735 6.98307e-17 
286.615 532.787 19.0186 22.5001 1.40921e-07 0.16956 0.379388 8.13611e-17 
284.01 527.741 14.2779 22.5001 1.40959e-07 0.164684 0.377041 1.02181e-16 
281.404 522.694 9.53092 22.5001 1.40521e-07 0.154001 0.374694 1.0947e-16 
278.797 517.647 4.77484 22.5001 1.3248e-07 0.130601 0.372347 6.10947e-17 
276.19 512.6 0.00213338 22.5001 9.45867e-09 0.0793505 0.369 0 
