grtopM_81_3
50
2 2
10 10 
0 2 6 1 4 3 7 8 5 9 
0 2 6 1 4 3 7 8 5 9 
123.94 1935.15 151.935 41.9776 135.31 1026.27 314.176 67.7776 28.2254 
209253 107.12 0 91.4357 115.151 0 257.169 67.1108 28.7143 
2.52939 39.4928 3.10072 0.856685 2.76144 20.9444 6.41176 1.38322 0.576028 
4270.47 2.18613 0 1.86604 2.35003 0 5.24835 1.36961 0.586006 
169.053 35.2095 3.00599 1.84434 0.692173 18.2817 4.29447 3.00838 1.50064 
1.45383e-06 2.00141 33.6498 1.28216 1.05568 12.5582 5.78119 3.04609 1.48406 
293.53 512.84 1729.11 11.9947 0.40482 0 0.419563 0 
343.726 550.918 1560.06 5 -1.4 6.52084e-09 0 0 
393.922 599.486 1503.61 5 1.4 -0.0121867 0 0 
444.117 402.279 1414.38 5 1.4 -0.0243733 0 0 
494.313 494.836 1371.15 5 1.4 -0.03656 0 0 
544.509 560.713 1308.9 5 1.4 -0.0487467 0 0 
594.704 625.319 1246.59 5 1.4 -0.0609334 0 0 
644.9 689.339 1184.27 5 1.4 -0.07312 0 0 
695.096 753.28 1121.93 5 1.4 -0.0853067 0 0 
745.292 817.595 984.771 5 1.4 -0.0974934 0 0 
795.487 882.766 836.503 5 -1.4 -0.10968 0 0 
845.62 949.389 610.151 5 -1.4 -1.1499 0 0 
897.057 991.937 383.799 5 -1.4 4.95712 0 0 
946.325 1034.21 157.448 5 1.4 6.08835 0 0 
996.29 1157.64 19.5446 5 1.4 6.16818 0 0 
1046.48 1178.41 0.0502883 5 1.4 6.20169 0 0 
1096.67 1239.55 0.0329676 5 1.4 6.23304 0.00197968 0 
1146.87 1300.7 0.0243563 5 1.4 6.26423 0.0146034 0 
1197.06 1361.84 0.0200997 5 1.4 6.28 0.0272271 0 
1247.26 1422.98 0.0180205 5 1.4 6.28 0.0398509 0 
1297.45 1484.13 0.01703 5 1.4 6.28 0.0524746 0 
1347.65 1545.27 0.0165839 5 1.4 6.28 0.0650983 0 
1397.85 1606.42 0.0164101 5 1.4 6.28 0.0777221 0 
1448.04 1667.56 0.0163725 5 1.4 6.28 0.0903458 0 
1498.24 1728.71 0.0164033 5 1.4 6.28 0.10297 0 
1548.43 1789.85 0.0164687 5 1.4 6.28 0.115593 0 
1598.63 1777.2 0.0165524 5 1.4 6.28 0.128217 0 
1648.82 1848.31 0.0166471 5 1.4 6.28 0.140841 0 
1699.02 1919.42 0.016751 5 1.4 6.28 0.153464 0 
1749.22 1990.53 0.016867 5 1.4 6.28 0.166088 0 
1799.41 2061.64 0.017004 5 1.4 6.28 0.178712 0 
1849.61 2132.75 0.0171822 5 1.4 6.28 0.191336 0 
1899.8 2203.86 0.0174569 5 1.4 6.28 0.203959 0 
1950.04 2274.97 0.0182684 5 1.4 6.28 0.216583 0 
2001.06 2346.08 0.0280067 5 1.4 6.28 0.229207 0 
2070.23 2417.19 0.00412788 5 1.4 -0.160607 0.241831 0 
2118.66 2488.31 0.00649765 5 1.4 -0.253556 0.254454 0 
2164.56 2559.42 0.011625 5 1.4 -0.256178 0.267078 0 
2210.4 2594.01 0.0218583 5 1.4 -0.258597 0.279702 0 
2256.18 2679.73 0.0423029 5 1.4 -0.261036 0.292325 0 
2301.91 2765.44 0.08317 5 1.4 -0.263513 0.304949 0 
2347.58 2851.16 0.164882 5 1.4 -0.266066 0.317573 0 
2393.2 2936.88 0.328283 5 1.4 -0.26877 0.330197 0 
2438.77 3022.59 0.655064 5 1.4 -0.271773 0.34282 0 
2484.28 3057.19 1.3086 5 1.4 -0.275243 0.355444 0 
2529.74 3128.3 0.001 5 1.4 -0.224846 0.368068 0 
2576.52 3199.41 0.001 5 1.4 5.82162 0.380692 0 
2620.58 3270.52 0.001 5 1.4 6.27928 0.393315 0 
2666.87 3305.25 151.362 5 -1.4 6.28 0.405939 0 
2736.78 3454.06 258.83 5 0.09 -0.58496 0.418563 0 
2736.78 3454.06 258.83 5 0.09 -0.58496 0.418563 0 
2997.86 3909.13 285.365 21.9336 -0.205725 -6.23531 0.247575 0.00143117 
2686 1575.29 159.079 28.6577 -0.186697 -4.82552 -0.176775 0.00312552 
1929.85 -1.10101 28.9485 28.4715 -0.0218372 -1.64194 -0.165163 1.30371e-05 
1051.25 -0.837156 4.88824 24.6589 0.0326192 -1.64099 -0.153551 1.79429e-05 
283.894 -0.226048 0.001 12.4207 0.0662374 -1.64098 0.852279 3.00019e-05 
-5.4001 0.00429432 7.33363 5 0.0256621 -1.64099 0.485349 1.37873e-07 
5.95198 -0.00460035 0.532833 5.44005 -0.0056106 -1.57277 0.485279 6.61713e-08 
-4.59436e-06 8.53079e-07 0.406614 5.43965 -0.0056116 -1.57277 0.485204 6.61342e-08 
-1.52188e-06 8.5085e-07 0.406601 5.43934 -0.00560827 -1.57277 0.485121 6.60329e-08 
-7.94171e-07 8.503e-07 0.406622 5.43904 -0.00560659 -1.57277 0.485068 6.59199e-08 
-4.80223e-07 8.50066e-07 0.406626 5.43873 -0.00560601 -1.57277 0.485039 6.57932e-08 
-4.46743e-07 8.50046e-07 0.406622 5.43839 -0.00560605 -1.57277 0.485029 6.56552e-08 
-5.31299e-07 8.50116e-07 0.406615 5.43804 -0.00560673 -1.57277 0.485045 6.55036e-08 
-6.59526e-07 8.50219e-07 0.406607 5.43765 -0.00560836 -1.57277 0.485101 6.53338e-08 
-7.82978e-07 8.50319e-07 0.406598 5.43723 -0.00561144 -1.57277 0.485216 6.51407e-08 
-8.31449e-07 8.50363e-07 0.406589 5.4368 -0.00561644 -1.57277 0.485411 6.49145e-08 
-8.75873e-07 8.50404e-07 0.406579 5.43633 -0.005624 -1.57277 0.485709 6.46449e-08 
-9.64034e-07 8.50479e-07 0.406569 5.43584 -0.00563494 -1.57277 0.486143 6.43318e-08 
-7.8051e-07 8.50348e-07 0.406558 5.43534 -0.00564818 -1.57277 0.48667 6.39602e-08 
-5.49487e-07 8.50183e-07 0.406546 5.43484 -0.00566293 -1.57277 0.487253 6.35201e-08 
-3.06745e-07 8.50011e-07 0.406534 5.43433 -0.00567832 -1.57277 0.487853 6.30029e-08 
-4.82095e-08 8.49828e-07 0.406522 5.43382 -0.00569339 -1.57277 0.48843 6.2401e-08 
2.3303e-07 8.49629e-07 0.406508 5.4333 -0.00570721 -1.57277 0.488941 6.17084e-08 
5.46365e-07 8.49409e-07 0.406494 5.43277 -0.00571882 -1.57277 0.489344 6.09213e-08 
9.03325e-07 8.49158e-07 0.406479 5.43224 -0.00572735 -1.57277 0.489599 6.00391e-08 
1.31713e-06 8.48866e-07 0.406462 5.43169 -0.00573197 -1.57277 0.489668 5.90655e-08 
1.80209e-06 8.48522e-07 0.406445 5.43114 -0.005732 -1.57277 0.489523 5.80094e-08 
2.37296e-06 8.48115e-07 0.406427 5.43057 -0.00572702 -1.57277 0.489146 5.68861e-08 
3.04338e-06 8.47633e-07 0.406407 5.43 -0.00571694 -1.57277 0.488534 5.57179e-08 
3.82266e-06 8.47071e-07 0.406386 5.42942 -0.00570172 -1.57277 0.487687 5.4533e-08 
4.71421e-06 8.46426e-07 0.406364 5.42884 -0.00568081 -1.57277 0.486578 5.33652e-08 
5.72257e-06 8.45697e-07 0.40634 5.42825 -0.00565258 -1.57277 0.485129 5.22512e-08 
6.86719e-06 8.44872e-07 0.406314 5.42766 -0.0056145 -1.57276 0.483215 5.12267e-08 
8.18927e-06 8.4392e-07 0.406286 5.42708 -0.00556395 -1.57276 0.480713 5.03186e-08 
9.74694e-06 8.42799e-07 0.406256 5.42652 -0.00549898 -1.57276 0.477531 4.95327e-08 
1.16094e-05 8.41458e-07 0.406224 5.42597 -0.00541839 -1.57276 0.473613 4.88359e-08 
1.38549e-05 8.3984e-07 0.406191 5.42545 -0.00532146 -1.57276 0.468926 4.81362e-08 
1.65634e-05 8.37886e-07 0.406156 5.42499 -0.00520786 -1.57276 0.463454 4.72607e-08 
1.97967e-05 8.35554e-07 0.406122 5.42462 -0.00507789 -1.57276 0.457206 4.59429e-08 
2.35888e-05 8.32823e-07 0.406094 5.4244 -0.00493299 -1.57276 0.450227 4.38327e-08 
2.81461e-05 8.2954e-07 0.406074 5.42445 -0.00477589 -1.57276 0.442605 4.0559e-08 
3.51124e-05 8.24447e-07 0.406026 5.42497 -0.00460903 -1.57276 0.434462 3.58671e-08 
5.13352e-05 8.12286e-07 0.405612 5.42646 -0.00442917 -1.57276 0.425936 2.99367e-08 
0.000101687 7.74495e-07 0.403085 5.43018 -0.00405485 -1.57275 0.417492 2.59794e-08 
0.00118172 -6.28243e-08 0.405426 5.39845 0.0776527 -1.57274 0.408315 1.72446e-06 
11.0379 -0.00893585 70.5644 5 0.137545 -1.56546 0.373377 4.91917e-05 
123.106 -0.0986544 185.46 5.09156 0.136164 -1.12049 0.379178 0.000191506 
357.725 207.483 299.947 5.28076 -0.099541 2.62114 0.386925 -3.67868e-05 
718.48 2244.78 237.74 22.6419 -0.0520618 6.94194e-05 0.369 0 
718.48 2244.78 237.74 22.6419 -0.0520618 6.94194e-05 0.369 0 
690.056 2302.55 238.875 24.0314 0.662134 -2.9897 -0.188388 -0.405419 
656.768 2244.64 267.556 5 0.148767 -6.27992 0.325568 0.00201703 
684.999 2059.4 277.556 5 0.148767 -6.27924 0.325568 0.00512268 
714.004 1874.17 287.555 5 0.148767 -6.27753 0.325568 0.0045347 
743.785 1689.02 297.554 5 0.148767 -6.27687 0.325568 0.0229012 
774.341 1503.89 307.554 5 0.148767 -6.27709 0.325568 0.00685703 
805.671 1318.75 317.553 5 0.148767 -6.27734 0.325568 0.0365376 
837.778 1133.6 327.552 5 0.148767 -6.27757 0.325568 0.0498197 
870.659 948.447 337.551 5 0.148767 -6.27777 0.325568 0.106041 
904.315 763.283 347.551 5 0.148767 -6.27791 0.325568 0.00578848 
938.746 578.113 357.55 5 0.148767 -6.27794 0.325568 0.138278 
973.953 392.942 367.549 5 0.148767 -6.27801 0.325568 0.0138861 
1009.93 207.769 377.549 5 0.148767 -6.2783 0.325566 0.625572 
1046.69 22.5836 387.548 5 0.148754 -2.09398 0.325834 0.00870183 
1084.35 -0.713255 397.547 5 0.150294 -1.49245 0.299292 0.000379696 
1122.81 -0.73712 407.605 5 -0.00161443 -1.49227 0.52781 8.42537e-06 
1162.16 -0.75418 411.786 5 -0.0883857 -1.49228 0.892796 -3.38182e-05 
1201.9 -0.771862 406.598 5 -0.0874396 -1.49229 0.87649 0.000180063 
1241.24 -0.789894 401.447 5 -0.0864936 -1.49229 0.860184 1.31651e-05 
1280.18 -0.807975 396.332 5 -0.0855476 -1.49228 0.843878 -2.97774e-06 
1318.72 -0.825442 391.254 5 -0.0846015 -1.49232 0.827571 3.17705e-05 
1356.86 -0.844372 386.213 5 -0.0836555 -1.49237 0.811265 -5.05926e-05 
1394.62 -0.865341 381.208 5 -0.0827095 -1.49362 0.794959 4.75019e-05 
1431.99 -0.934648 376.239 5 -0.0817634 -1.49212 0.778653 -0.000208409 
1468.97 -0.945992 371.308 5 -0.0808174 -1.498 0.762347 0.000412064 
1505.57 -1.185 366.412 5 -0.0798714 -1.48833 0.746041 -0.000143263 
1541.78 -1.04966 361.554 5 -0.0789253 -1.49277 0.729735 -3.74646e-05 
1577.62 -1.08602 356.732 5 -0.0779793 -1.49313 0.713429 -7.43998e-06 
1613.09 -1.13633 351.947 5 -0.0770333 -1.49283 0.697122 -0.000558698 
1648.18 -1.175 347.198 5 -0.0760872 -1.51499 0.680816 0.00101167 
1682.91 -2.07114 342.486 5 -0.0751412 -1.47168 0.66451 -0.000427374 
1717.27 -1.29156 337.81 5 -0.0741952 -1.49151 0.648204 1.26658e-05 
1751.27 -1.27933 333.171 5 -0.0732491 -1.49066 0.631898 0.000484696 
1784.9 -1.23416 328.569 5 -0.0723031 -1.46347 0.615592 -0.00111483 
1818.18 -0.137155 324.003 5 -0.0713571 -1.53341 0.599286 0.000706718 
1851.1 -1.74599 319.474 5 -0.070411 -1.48309 0.58298 -0.000109935 
1883.68 -1.408 314.982 5 -0.069465 -1.49208 0.566673 -2.17975e-05 
1915.9 -1.4177 310.526 5 -0.068519 -1.49387 0.550367 2.79847e-05 
1947.78 -1.49691 306.106 5 -0.0675729 -1.49058 0.534061 -3.55648e-05 
1979.31 -1.44881 301.724 5 -0.0666269 -1.49501 0.517755 2.09149e-05 
2010.5 -1.57203 297.378 5 -0.0656809 -1.49172 0.501449 -2.03199e-06 
2041.36 -1.56809 293.068 5 -0.0647348 -1.49286 0.485143 3.02785e-06 
2071.88 -1.60808 288.795 5 -0.0637888 -1.49219 0.468837 -6.69919e-05 
2102.07 -1.62234 284.559 5 -0.0628428 -1.50006 0.452531 -0.00232905 
2131.93 -1.94071 280.359 5 -0.0618974 -2.84615 0.436224 -0.00703872 
2161.42 -54.3384 276.196 5 -0.0609501 -0.269064 0.419918 0.0645522 
2190.67 -7.03068 272.07 5 -0.124131 2.87556 0.403612 0.0435727 
2219.74 161.94 265.499 6.88764 -1.20016 5.98111 0.387306 -0.0214636 
2243.38 451.067 217.18 40 -0.09 3.21607 0.369 0 
2243.38 451.067 217.18 40 -0.09 3.21607 0.369 0 
2219.61 500.449 215.168 36.8085 0.851698 1.37422 -0.188388 -0.607598 
2196.99 533.646 225.87 26.4462 1.4 -0.273555 -0.176775 -0.599164 
2184.23 548.622 239.491 15.4547 0.515493 -2.47115 -0.165163 -0.615919 
2180.27 537.873 243.349 12.9537 -1.28787 -4.45294 -0.0227236 -0.424814 
2179.23 505.948 228.463 24.8968 -1.4 -5.72278 -0.092924 0.106756 
2168.77 460.096 211.797 34.1719 -0.426279 -6.27863 0.061979 -0.0950215 
2148.74 408.329 205.626 35.0522 -0.390921 -6.14984 -0.118714 0.268695 
2127.83 357.949 200.398 35.0534 -0.412234 -5.72437 -0.107102 0.426138 
2106.82 312.12 194.952 35.0515 -0.397016 -5.1508 -0.0954897 0.408279 
2085.69 272.974 189.585 34.9206 -0.36082 -4.40198 -0.0838775 0.488939 
2064.56 242.022 184.685 34.499 -0.318335 -4.09942 -0.0722652 0.453083 
2043.68 215.064 180.429 33.7557 -0.277906 -2.1687 -0.0606529 0.777778 
2023.34 207.689 176.762 32.9121 -0.308175 0.134926 -0.0490407 0.735789 
2003.66 224.234 171.964 32.361 -0.422524 2.32393 -0.0374284 0.673251 
1984.38 267.431 166.447 32.7628 -0.415388 4.30687 -0.0258162 0.65428 
1964.67 331.703 161.416 33.1001 -0.493575 6.27884 -0.014204 0.300021 
1944.61 416.931 155.073 34.0372 -0.497287 6.27913 -0.0025917 0.0595293 
1924.01 502.162 148.109 34.7486 -0.483602 6.27943 0.00902052 -0.00432911 
1901.96 587.397 141.85 35.2937 -0.377236 6.27971 0.0206327 0.0418565 
1879.75 672.635 139.067 35.5163 0.0395019 6.27998 0.032245 0.092465 
1858.82 757.876 137.523 31.8163 0.16858 6.27998 0.0438573 -0.0432614 
1840.92 843.115 137.497 30.6072 -0.0510285 6.27998 0.0554696 0.079114 
1822.52 928.353 135.074 31.5352 0.0362679 6.27998 0.0670818 -0.149788 
1802.81 1013.59 136.848 31.7375 0.303194 6.27175 0.0786941 0.0231423 
1785.04 1095.63 140.042 29.7496 -0.0602331 6.27998 0.0903063 0.0225499 
1767.97 1180.86 141.16 29.5859 -0.0600794 6.27998 0.101919 0.019519 
1750.35 1266.1 142.283 30.1651 -0.0568478 6.27999 0.113531 0.012231 
1732.25 1351.34 142.473 30.9978 -0.0463331 6.27999 0.125143 0.00985211 
1713.46 1436.58 143.654 31.0499 0.0525661 6.27999 0.136755 0.00783176 
1694.62 1521.82 145.788 30.3485 0.04193 6.27999 0.148367 0.00687623 
1676.42 1607.05 147.918 29.7331 -0.0110481 6.27999 0.15998 -0.00703221 
1658.79 1692.29 149.496 29.702 0.0290233 6.27999 0.171592 0.00357265 
1641.22 1777.53 151.414 29.323 0.116665 6.27999 0.183204 0.00163116 
1623.98 1862.77 154.011 28.9709 -0.00210437 6.27999 0.194817 -0.00224934 
1608.45 1948 155.45 29.1088 -0.0568267 6.27999 0.206429 0.00126082 
1592.54 2033.24 155.886 29.7372 -0.0417059 6.27999 0.218041 0.000831608 
1575.08 2118.48 156.417 30.4212 0.052577 6.27999 0.229653 -0.000686058 
1557.04 2203.72 158.557 29.8604 0.215822 6.27999 0.241265 -0.000443734 
1540.34 2288.86 162.625 28.2576 0.250635 6.27999 0.252878 -0.000276427 
1524.37 2370.98 166.711 26.5575 0.262546 6.27999 0.26449 -0.000165684 
1509.91 2453.1 170.848 25.1733 0.170769 6.27999 0.276102 2.06464e-05 
1496.73 2535.47 174.086 24.6264 -0.105574 6.27999 0.287715 -2.95763e-06 
1484.2 2619.75 174.619 25.9467 -0.399516 6.27999 0.299327 -3.0157e-05 
1470.61 2704.04 172.038 29.5058 -0.542775 6.27999 0.310939 -1.74354e-05 
1453.64 2788.92 167.379 34.3116 -0.0698227 6.27999 0.322551 -9.99702e-06 
1432.11 2874.16 167.327 34.9994 0.752417 6.27999 0.334164 -5.39433e-06 
1409.97 2959.41 177.042 29.0104 1.4 6.27999 0.345776 -2.39936e-06 
1392.87 3044.98 193.113 18.1667 1.39649 6.27998 0.357388 -0.000355632 
1385.4 3130.74 208.61 7.95052 0.09 5.33219 0.369 0 
1385.4 3130.74 208.61 7.95052 0.09 5.33219 0.369 0 
1397.33 3369.25 211.958 5.39343 -0.705912 4.64954 1.06637 -1.02859 
1417.08 3584.22 188.024 23.214 -0.0996408 2.00704 -0.176776 -1.00687 
1385.48 3708.19 183.995 23.0311 -0.0987486 -0.597506 -0.165163 -0.916089 
1354.04 3742.41 180.006 22.8481 -0.0978563 -2.71153 -0.153551 -0.875388 
1322.77 3703.79 176.059 22.6651 -0.096964 -4.84233 -0.141939 -0.574881 
1291.68 3591.76 172.152 22.4821 -0.0960711 -6.11424 -0.130327 0.00906952 
1260.78 3435.9 168.287 22.2992 -0.0951776 -6.11535 -0.118714 0.00930275 
1230.12 3280 164.462 22.1162 -0.0942841 -6.11535 -0.107102 0.00289994 
1199.7 3124.1 160.678 21.9332 -0.0933906 -6.11541 -0.0954898 0.00289434 
1169.53 2968.19 156.935 21.7503 -0.0924971 -6.11541 -0.0838776 0.00288327 
1139.6 2812.29 153.233 21.5673 -0.0916036 -6.1154 -0.0722653 0.00285337 
1109.92 2656.39 149.572 21.3843 -0.0907101 -6.1154 -0.0606531 0.00282425 
1080.49 2500.48 145.952 21.2013 -0.0898166 -6.1154 -0.0490408 0.00280079 
1051.32 2344.58 142.372 21.0184 -0.0889231 -6.1154 -0.0374286 0.00277951 
1022.4 2188.67 138.834 20.8354 -0.0880296 -6.1154 -0.0258163 0.00273925 
993.749 2032.77 135.336 20.6524 -0.0871361 -6.1154 -0.0142041 0.00270882 
965.357 1876.86 131.88 20.4695 -0.0862426 -6.1154 -0.00259184 0.00268744 
937.231 1720.96 128.464 20.2865 -0.0853491 -6.1154 0.00902041 0.00266342 
909.373 1565.05 125.089 20.1035 -0.0844556 -6.1154 0.0206327 0.00247778 
881.787 1409.14 121.755 19.9205 -0.0835621 -6.1154 0.0322449 0.00244842 
854.475 1253.24 118.462 19.7376 -0.0826686 -6.11541 0.0438571 0.00254551 
827.441 1097.33 115.209 19.5546 -0.0817752 -6.1155 0.0554694 0.00219031 
800.686 941.418 111.998 19.3716 -0.0808816 -6.11672 0.0670816 -0.00688476 
774.215 785.464 108.827 19.1887 -0.0799874 -6.12724 0.0786939 0.120363 
748.028 629.148 105.698 19.0057 -0.0790932 -5.81339 0.0903061 0.443433 
722.139 483.645 102.609 18.8227 -0.0782047 -4.41769 0.101918 0.454909 
696.58 386.232 99.5612 18.6398 -0.0773258 -2.93549 0.113531 0.436971 
671.355 339.888 96.5536 18.4574 -0.0764042 -1.47904 0.125143 0.416311 
646.465 343.727 93.5879 18.2741 -0.0753203 -0.058634 0.136755 0.392041 
621.915 396.508 90.6697 18.0859 -0.0743509 1.31198 0.148367 0.361789 
597.72 496.513 87.7952 17.8969 -0.0750902 2.60979 0.15998 0.33917 
573.885 641.235 84.9057 17.752 -0.0777294 3.86368 0.171592 0.319164 
550.286 829.161 81.9333 17.6913 -0.0677727 5.08367 0.183204 0.221153 
526.677 1059.12 79.3073 17.3655 -0.0182939 5.94229 0.194816 -0.00387922 
503.774 1318.67 79.7884 17.1825 -0.0174006 5.94046 0.206429 -0.00227306 
481.41 1578.15 80.3105 16.9996 -0.0165074 5.94038 0.218041 -0.00208095 
459.586 1837.63 80.8734 16.8166 -0.0156131 5.94037 0.229653 -0.00186409 
438.306 2097.1 81.4772 16.6336 -0.0147149 5.94036 0.241265 -0.00164551 
417.572 2356.58 82.1221 16.4505 -0.0138212 5.94038 0.252878 -0.00142743 
397.387 2616.06 82.8079 16.2674 -0.0129709 5.94038 0.26449 -0.00124118 
377.754 2875.54 83.5331 16.0855 -0.012154 5.94007 0.276102 0.00105526 
358.674 3135 84.2965 15.9054 -0.0109917 5.96116 0.287714 0.0060879 
340.143 3395.19 85.1099 15.7175 -0.00891914 6.04929 0.299327 -0.000183266 
322.188 3658.42 86.0051 15.4999 -0.00848081 6.05749 0.310939 -0.00394728 
304.895 3921.93 86.9274 15.302 -0.019342 5.97587 0.322551 -0.0466537 
288.218 4182.63 87.4864 15.4155 -0.0346076 5.30784 0.334163 -0.0443214 
271.258 4420.31 87.5131 15.8861 0.0475769 4.5883 0.345776 0.00656512 
252.924 4633.2 90.3456 14.079 0.339782 5.02201 0.357388 -0.00111763 
239.586 4861.03 103.346 5 0.09 4.68881 0.369 0 
239.586 4861.03 103.346 5 0.09 4.68881 0.369 0 
390.197 6478.26 120.454 14.1616 -0.219384 -6.28 0.732933 5.01418e-05 
345.722 5229.12 49.3625 28.5358 -0.110228 -6.28 -0.176775 5.06205e-05 
-37.5289 3980.64 0.84051 7.15741 0.0429623 -6.28 0.38733 5.11232e-05 
0.66313 2731.98 1.24923 8.97676 -0.0103749 -6.28 0.289958 0.000711917 
1.28199 1483.28 0.187435 9.03039 -0.00831828 -6.28 0.288074 0.00378626 
0.179691 234.065 0.245986 9.16826 -0.00594885 -2.39628 0.285219 0.000467586 
-2.39752e-05 -0.00855095 0.246032 9.16838 -0.00597225 -1.56565 0.286221 -2.34333e-07 
-1.14487e-05 4.3545e-05 0.24603 9.16836 -0.00599044 -1.56568 0.287344 -2.15051e-07 
-1.31026e-05 7.86545e-07 0.246027 9.16833 -0.00601062 -1.56568 0.2886 -2.14552e-07 
-1.49396e-05 7.85528e-07 0.246024 9.16831 -0.00603318 -1.56568 0.290014 -2.14076e-07 
-1.68621e-05 7.86969e-07 0.246021 9.16827 -0.00605856 -1.56568 0.291617 -2.13569e-07 
-1.87898e-05 7.88423e-07 0.246017 9.16824 -0.00608729 -1.56568 0.293446 -2.13029e-07 
-2.06453e-05 7.89834e-07 0.246013 9.1682 -0.00612 -1.56568 0.295543 -2.12452e-07 
-2.23854e-05 7.91171e-07 0.246008 9.16815 -0.00615746 -1.56568 0.297959 -2.11835e-07 
-2.40108e-05 7.92436e-07 0.246003 9.16809 -0.00620063 -1.56568 0.300763 -2.11175e-07 
-2.53603e-05 7.9351e-07 0.245998 9.16803 -0.00625056 -1.56568 0.304028 -2.10462e-07 
-2.57193e-05 7.93851e-07 0.245993 9.16796 -0.0063072 -1.56568 0.307757 -2.09668e-07 
-2.44454e-05 7.92943e-07 0.245988 9.16788 -0.00636614 -1.56568 0.311911 -2.03009e-07 
5.96226e-05 7.1762e-07 0.245893 9.16492 -0.00421377 -1.56567 0.316152 -2.07235e-07 
-2.25233e-05 7.91698e-07 0.24602 9.16482 -0.00427721 -1.56567 0.320851 -2.06195e-07 
-2.03286e-05 7.90015e-07 0.246015 9.16474 -0.00434324 -1.56567 0.325805 -2.05089e-07 
-1.89527e-05 7.88999e-07 0.246011 9.16465 -0.00441184 -1.56567 0.330986 -2.03865e-07 
-1.76706e-05 7.88044e-07 0.246008 9.16456 -0.00448254 -1.56567 0.336358 -2.02498e-07 
-1.6485e-05 7.87153e-07 0.246004 9.16446 -0.00455482 -1.56567 0.341885 -2.00957e-07 
-1.53952e-05 7.86329e-07 0.246001 9.16436 -0.00462805 -1.56567 0.347526 -1.99199e-07 
-1.43981e-05 7.8557e-07 0.245998 9.16427 -0.00470152 -1.56567 0.353238 -1.97173e-07 
-1.34883e-05 7.84876e-07 0.245995 9.16417 -0.00477437 -1.56567 0.358975 -1.94814e-07 
-1.26576e-05 7.84242e-07 0.245992 9.16406 -0.00484555 -1.56567 0.364682 -1.92039e-07 
-1.18947e-05 7.8366e-07 0.245989 9.16396 -0.00491383 -1.56567 0.370295 -1.88747e-07 
-1.11843e-05 7.8312e-07 0.245986 9.16386 -0.0049778 -1.56567 0.375741 -1.84818e-07 
-1.05067e-05 7.82607e-07 0.245984 9.16376 -0.00503584 -1.56567 0.380932 -1.80109e-07 
-9.83848e-06 7.82103e-07 0.245981 9.16366 -0.0050863 -1.56567 0.385771 -1.74459e-07 
-9.15334e-06 7.81588e-07 0.245979 9.16356 -0.00512763 -1.56567 0.390143 -1.67694e-07 
-8.42398e-06 7.81038e-07 0.245977 9.16346 -0.00515868 -1.56567 0.393931 -1.59635e-07 
-7.62408e-06 7.80433e-07 0.245975 9.16337 -0.00517916 -1.56567 0.39701 -1.50119e-07 
-6.73023e-06 7.79752e-07 0.245973 9.16328 -0.00519018 -1.56567 0.399263 -1.39021e-07 
-5.72449e-06 7.78976e-07 0.245971 9.1632 -0.00519478 -1.56567 0.400582 -1.26286e-07 
-4.58548e-06 7.78079e-07 0.245969 9.16313 -0.0051986 -1.56567 0.400889 -1.11805e-07 
1.06961e-05 7.65959e-07 0.245962 9.16318 -0.00507565 -1.56567 0.393649 -9.62327e-08 
-1.68171e-05 7.8781e-07 0.245976 9.16304 -0.00525917 -1.56567 0.39846 -7.96889e-08 
-2.81023e-06 7.76288e-07 0.245967 9.16299 -0.00538542 -1.56567 0.395844 -6.29328e-08 
-1.44575e-05 7.82689e-07 0.245975 9.16327 -0.00570304 -1.56567 0.392362 -2.65986e-07 
-0.0132185 8.00294e-06 0.412531 9.20885 0.0455114 -1.56652 0.38644 -1.3704e-05 
-1.74681 0.00127426 25.1465 9.87844 0.103788 -1.59035 0.310977 -9.86132e-06 
-7.14878 0.00469675 76.8678 8.62027 0.125971 -1.61188 0.322551 3.35436e-05 
40.7569 -0.0321045 134.913 5 0.135595 -1.4995 0.377294 0.0014048 
231.401 -0.0135767 196.99 5 0.135885 5.39119 0.372363 6.78775e-05 
455.982 1800.77 259.143 5 -0.0563848 6.28 0.387306 -0.000164694 
714.296 3870.39 270.37 6.49196 -0.00914474 0.000400055 0.369 0 
714.296 3870.39 270.37 6.49196 -0.00914474 0.000400055 0.369 0 
757.06 3991.7 276.301 5 -0.265928 -4.05513 1.15369 -0.262547 
810.49 3788.55 261.879 16.8063 0.239191 -6.1467 -0.176776 -0.0104895 
784.983 3418.13 286.355 5 0.107889 -6.25031 0.486043 0.00406587 
839.288 3039.36 301.84 5 0.107889 -6.24656 0.486043 -0.00493725 
896.075 2660.89 317.325 5 0.107889 -6.25512 0.486043 0.0053976 
955.343 2281.74 332.81 5 0.107889 -6.27556 0.486043 -0.00421926 
1017.09 1900.95 348.296 5 0.107889 -6.27152 0.486043 0.000678987 
1081.32 1520.48 363.781 5 0.107889 -6.27721 0.486043 -0.000851541 
1148.04 1139.56 379.266 5 0.107889 -6.27936 0.486043 0.000320598 
1217.23 758.465 394.751 5 0.107889 -6.26245 0.486043 -0.00104392 
1288.91 378.724 410.236 5 0.107889 -6.19486 0.486043 0.467636 
1363.08 4.39018 425.721 5 0.107888 -1.58173 0.486112 0.0058854 
1440.02 -0.880856 441.206 5 0.108709 -1.51596 0.471959 -2.32739e-05 
1519.44 -0.889964 456.757 5 -0.0596563 -1.51632 0.941714 -0.00165183 
1601.63 -0.927983 452.1 5 -0.0587103 -1.53495 0.925408 0.00286675 
1683.07 -2.45682 445.668 5 -0.0577643 -1.50035 0.909102 -0.00128381 
1763.48 -1.21765 439.311 5 -0.0568182 -1.51602 0.892796 -1.42922e-05 
1842.87 -1.23179 433.03 5 -0.0558722 -1.51604 0.87649 -1.6893e-05 
1921.25 -1.24787 426.825 5 -0.0549262 -1.51602 0.860184 -1.61365e-05 
1998.63 -1.26228 420.695 5 -0.0539801 -1.51601 0.843878 -3.3832e-05 
2075.03 -1.27538 414.642 5 -0.0530341 -1.51634 0.827571 -1.23524e-07 
2150.46 -1.31539 408.663 5 -0.0520881 -1.51609 0.811265 -3.05091e-05 
2224.92 -1.33497 402.761 5 -0.051142 -1.51636 0.794959 -9.55721e-06 
2298.44 -1.37621 396.934 5 -0.050196 -1.51643 0.778653 -0.0017936 
2371.03 -1.42334 391.183 5 -0.04925 -1.54989 0.762347 0.0031307 
2442.69 -4.14717 385.508 5 -0.0483039 -1.48707 0.746041 -0.00139446 
2513.44 -1.84558 379.908 5 -0.0473579 -1.51662 0.729735 -4.42561e-06 
2583.29 -1.90791 374.384 5 -0.0464119 -1.51663 0.713429 -4.92623e-06 
2652.25 -1.97055 368.935 5 -0.0454658 -1.51659 0.697122 -1.28051e-05 
2720.34 -2.03037 363.563 5 -0.0445198 -1.51677 0.680816 -2.60655e-05 
2787.56 -2.1042 358.266 5 -0.0435738 -1.51736 0.66451 2.61414e-05 
2853.94 -2.22587 353.045 5 -0.0426277 -1.51634 0.648204 -1.17395e-06 
2919.48 -2.26539 347.899 5 -0.0416817 -1.51619 0.631898 5.65149e-05 
2984.19 -2.29337 342.829 5 -0.0407357 -1.51375 0.615592 1.47362e-05 
3048.08 -2.12597 337.835 5 -0.0397896 -1.51291 0.599286 4.94934e-06 
3111.18 -1.8913 332.916 5 -0.0388436 -1.5125 0.58298 -0.000605888 
3173.48 -1.62372 328.073 5 -0.0378976 -1.54742 0.566673 0.000804629 
3235.01 -4.14954 323.306 5 -0.0369515 -1.4933 0.550367 -0.000359939 
3295.77 -2.34625 318.615 5 -0.0360055 -1.52149 0.534061 8.13845e-05 
3355.77 -2.7981 313.999 5 -0.0350594 -1.51365 0.517755 -2.85757e-05 
3415.04 -2.62276 309.459 5 -0.0341134 -1.51679 0.501449 -0.00345252 
3473.58 -2.69849 304.994 5 -0.0372935 -2.01655 0.485143 0.0129932 
3531.37 -42.7561 300.275 5.25112 -0.0386157 -0.00855737 0.468837 0.128378 
3586.93 77.8321 295.418 5.50945 -0.0400674 4.85413 0.452531 0.000761093 
3640.36 587.45 290.412 5.7792 -0.0404439 6.27827 0.436224 0.000378995 
3691.36 1211 285.342 5.98886 -0.0311885 6.27878 0.419918 4.79336e-05 
3740.18 1834.6 280.984 5.58346 -0.05875 6.27902 0.403612 -7.95421e-06 
3790.95 2458.21 274.474 7.12456 -0.585809 6.27886 0.387306 -0.0223796 
3831.64 3081.82 225.6 40 -0.09 3.36212 0.369 0 
3831.64 3081.82 225.6 40 -0.09 3.36212 0.369 0 
3796.68 3163.97 226.639 34.8164 1.4 1.20515 -0.13505 -1.01223 
3768.38 3208.88 253.537 11.0349 0.712812 -0.473374 -0.176775 -0.863206 
3774.12 3224.8 269.233 5 0.304225 -4.16505 -0.165163 -0.210278 
3788.83 3176.99 278.044 5 0.30355 -5.97254 -0.153551 0.0371968 
3803.83 3097.99 286.844 5 0.302877 -5.55509 -0.141938 0.00134201 
3819.13 3026.2 295.632 5 0.302203 -5.53924 -0.130326 -0.00785128 
3834.74 2954.68 304.408 5 0.301529 -5.6582 -0.118714 -0.045376 
3850.65 2881.1 313.173 5 0.300855 -6.23083 -0.107101 -0.00330419 
3866.86 2797.65 321.926 5 0.300181 -6.26413 -0.0954891 -0.00010314 
3883.37 2713.61 330.667 5 0.299508 -6.27035 -0.0838768 7.19141e-05 
3900.18 2629.47 339.397 5 0.298834 -6.27304 -0.0722645 0.000166184 
3917.29 2545.29 348.115 5 0.29816 -6.27454 -0.0606522 0.000158588 
3934.71 2461.08 356.821 5 0.297487 -6.27547 -0.0490398 0.000165118 
3952.42 2376.85 365.516 5 0.296813 -6.27609 -0.0374275 0.000163718 
3970.44 2292.61 374.199 5 0.296139 -6.27652 -0.0258151 0.000164337 
3988.76 2208.36 382.871 5 0.295465 -6.27683 -0.0142027 0.000172397 
4007.37 2124.11 391.531 5 0.294792 -6.27705 -0.00259022 0.000160288 
4026.29 2039.86 400.179 5 0.294118 -6.27721 0.00902234 0.000183084 
4045.51 1955.6 408.816 5 0.293444 -6.27732 0.0206351 0.000730217 
4065.02 1871.34 417.441 5 0.29277 -6.2774 0.0322481 0.00027097 
4084.84 1787.08 426.054 5 0.292096 -6.27744 0.043862 0.000120855 
4104.95 1702.81 434.656 5 0.291422 -6.27745 0.055479 0.000116678 
4125.36 1618.55 443.246 5 0.285925 -6.27744 0.0911906 0.000105673 
4146.07 1534.29 451.741 5 -0.208751 -6.27741 0.778643 0.000100462 
4167.24 1450.03 445.682 5 -0.207805 -6.27735 0.762342 0.00011391 
4188.2 1365.77 439.639 5 -0.206859 -6.27727 0.746038 8.50327e-05 
4208.96 1281.51 433.613 5 -0.205914 -6.27716 0.729732 7.86464e-05 
4229.5 1197.25 427.603 5 -0.204968 -6.27703 0.713427 7.22549e-05 
4249.84 1113 421.609 5 -0.204022 -6.27686 0.697121 6.66417e-05 
4269.97 1028.74 415.631 5 -0.203076 -6.27663 0.680815 6.15669e-05 
4289.89 944.497 409.67 5 -0.20213 -6.27633 0.664509 5.72957e-05 
4309.61 860.253 403.725 5 -0.201184 -6.27592 0.648203 5.69433e-05 
4329.12 776.018 397.797 5 -0.200238 -6.27532 0.631897 4.44149e-05 
4348.43 691.792 391.885 5 -0.199291 -6.27442 0.615591 -0.000163017 
4367.53 607.582 385.989 5 -0.198345 -6.27289 0.599285 5.48131e-05 
4386.42 523.398 380.109 5 -0.197399 -6.26985 0.582979 8.58502e-05 
4405.11 439.267 374.246 5 -0.196453 -6.26121 0.566673 0.00145417 
4423.6 355.285 368.399 5 -0.195507 -6.0673 0.550367 0.000439241 
4441.89 274.649 362.569 5 -0.194561 -5.99431 0.534061 0.00636775 
4459.98 195.273 356.754 5 -0.193615 -4.80682 0.517755 0.150403 
4477.88 136.393 350.956 5 -0.192667 -1.68543 0.501448 0.153825 
4495.63 131.384 345.175 5 -0.191719 1.45687 0.485142 0.133902 
4513.22 180.609 339.41 5 -0.190772 4.5826 0.468836 0.00428151 
4530.65 283.781 333.661 5 -0.189825 6.2735 0.45253 -5.63613e-06 
4547.91 416.136 327.928 5 -0.188879 6.27438 0.436224 -3.925e-06 
4564.96 548.507 322.212 5 -0.187933 6.27487 0.419918 -2.30477e-06 
4581.82 680.886 316.512 5 -0.186987 6.27519 0.403612 -1.04449e-06 
4598.49 813.271 310.829 5 -1.4 6.27548 0.372926 -0.000138748 
4615.37 945.66 284.21 25.5674 -0.00861628 4.54203 0.369 0 
4615.37 945.66 284.21 25.5674 -0.00861628 4.54203 0.369 0 
4609.37 988.095 282.64 23.3919 -0.619325 3.09024 0.343835 -0.98423 
4604.67 1020.09 276.706 24.6657 -1.4 1.21738 0.984098 -0.631362 
4599.26 1038.63 265.147 29.9456 -1.4 0.338821 0.658677 -0.750692 
4590.64 1050.86 253.526 35.0815 -1.38984 -0.340725 1.10478 0.184655 
4578.89 1058.2 241.92 39.7797 -0.551183 -1.15909 0.0707641 -0.346669 
4564.13 1059.67 236.287 40 -0.509757 -2.4805 0.0185298 -0.706703 
4549.16 1051.64 230.949 40 -0.509758 -4.18027 0.0185298 -0.69447 
4534.1 1031.39 225.611 40 -0.509759 -5.85854 0.0185305 -0.0384274 
4518.95 999.077 220.274 40 -0.509759 -6.21803 0.0185306 -0.00435284 
4503.73 964.182 214.936 40 -0.509759 -6.21695 0.0185306 -0.00279149 
4488.43 929.294 209.598 40 -0.509759 -6.20802 0.0185306 0.00306152 
4473.05 894.471 204.26 40 -0.509759 -6.19386 0.0185306 0.00899115 
4457.59 859.749 198.923 40 -0.509759 -6.17713 0.0185308 0.00720052 
4442.06 825.148 193.585 40 -0.509759 -6.19606 0.0185277 0.00155724 
4426.45 790.411 188.247 40 -0.509762 -6.2437 0.0185819 -0.00323408 
4410.76 755.331 182.909 40 -0.509707 -6.26116 0.0176329 -0.00606539 
4395 720.126 177.572 40 -0.510671 -6.26555 0.0342511 -0.00638703 
4379.16 684.889 172.228 40 -0.493787 -6.25132 0.0413343 -0.0017046 
4363.24 649.754 167.005 39.9054 -0.469443 -6.2647 0.0206327 0.00106104 
4347.29 614.523 161.958 39.6887 -0.473967 -6.25158 0.0322449 0.447871 
4331.4 579.387 156.881 39.5032 -0.480742 -4.66144 0.0438571 0.0289987 
4315.56 555.679 151.757 39.3598 -0.487623 -4.18366 0.0554694 -0.404761 
4299.72 535.405 146.586 39.257 -0.491746 -5.73306 0.0670816 -0.0263673 
4283.86 503.995 141.386 39.1779 -0.490366 -6.20543 0.0786939 0.0428597 
4267.97 469.19 136.198 39.0913 -0.481918 -5.56469 0.0903061 0.183637 
4252.06 438.99 131.07 38.9589 -0.466974 -4.25968 0.101918 0.090614 
4236.15 418.17 126.052 38.7472 -0.448709 -3.20124 0.113531 -0.00403298 
4220.3 404.957 121.168 38.4419 -0.432544 -3.32767 0.125143 -0.00804883 
4204.55 390.835 116.403 38.0589 -0.424836 -3.55129 0.136755 0.0129248 
4188.95 375.106 111.698 37.6479 -0.43081 -3.17503 0.148367 -0.00143693 
4173.52 362.081 106.954 37.2852 -0.452249 -3.22465 0.15998 -0.000499737 
4158.24 348.699 102.061 37.053 -0.485738 -3.24565 0.171592 -0.00393245 
4143.02 335.166 96.9302 37.0111 -0.522287 -3.45014 0.183204 -0.0192321 
4127.76 320.163 91.5368 37.1674 -0.54891 -4.14062 0.194816 0.0391371 
4112.33 300.198 85.9503 37.4582 -0.552203 -3.04952 0.206429 0.109418 
4096.66 288.075 80.3368 37.7498 -0.523199 -1.64679 0.218041 0.122443 
4080.74 286.033 74.9283 37.8654 -0.462125 -0.199784 0.229653 0.107759 
4064.68 294.393 69.9575 37.6379 -0.381231 1.24467 0.241265 0.0957746 
4048.67 313.134 65.5708 36.9751 -0.304044 2.68855 0.252878 0.0838832 
4032.98 342.252 61.7464 35.9176 -0.260176 4.13076 0.26449 0.056813 
4017.85 381.736 58.2495 34.666 -0.276219 5.53536 0.276102 0.00428474 
4003.4 431.314 54.6518 33.5571 -0.364878 6.19999 0.287714 -7.57127e-05 
3989.55 485.669 50.4296 32.9813 -0.515822 6.18216 0.299327 -0.000657683 
3975.99 539.896 45.1291 33.2541 -0.692229 5.96761 0.310939 -0.000773094 
3962.22 592.58 38.5575 34.4751 -0.836097 5.61521 0.322551 -1.28058e-06 
3947.68 642.733 30.9379 36.422 -0.883143 5.61633 0.334163 -0.000295698 
3931.91 692.894 22.9577 38.5312 -0.784768 5.34618 0.345776 0.000254253 
3914.79 741.114 15.6603 40 -0.531148 6.20809 0.387306 0.000327697 
3896.69 795.531 10.1688 40 0.643221 5.14357 0.369 0 
293.53 512.84 1729.11 11.9947 0.40482 0 0.419563 0 
293.53 512.84 1729.11 11.9947 0.40482 1.97833e-09 0.419563 1.43335e-05 
293.53 512.837 1729.12 11.9887 0.404247 0.0500244 0.419975 -1.17006e-05 
2649.62 500.94 1692.12 11.9128 0.404214 0.0815077 0.425223 8.64757e-05 
2538.07 191.732 1525.85 12.2424 0.398121 0.460026 0.402442 -0.000308065 
2497.01 1299.25 1627.1 12.1187 0.401459 0.230922 0.41099 -0.000154295 
2478.18 1853.91 1677.45 12.0571 0.403119 0.116938 0.415245 -7.77582e-05 
2468.94 2133.44 1702.46 12.0268 0.403943 0.0603344 0.417342 -4.00048e-05 
2464.34 2277.24 1715.21 12.0113 0.404363 0.0314691 0.41841 -2.07757e-05 
2461.97 2351.93 1721.74 12.0035 0.404578 0.0166805 0.418954 -1.09721e-05 
2460.75 2391.37 1725.15 11.9994 0.40469 0.00896114 0.419238 -5.86538e-06 
2460.11 2412.45 1726.95 11.9972 0.404749 0.00490029 0.419386 -3.18366e-06 
2459.76 2423.89 1727.9 11.9961 0.40478 0.0027501 0.419465 -1.76661e-06 
2459.58 2430.24 1728.4 11.9955 0.404797 0.001603 0.419507 -1.00884e-06 
2459.48 2433.87 1728.67 11.9951 0.404806 0.000996347 0.419529 -6.06229e-07 
2459.43 2436.05 1728.81 11.995 0.40481 0.000681016 0.419541 -3.94782e-07 
2459.4 2437.47 1728.88 11.9949 0.404812 0.000523563 0.419547 -2.86263e-07 
2459.38 2438.5 1728.91 11.9948 0.404813 0.000453656 0.41955 -2.33974e-07 
2459.38 2439.34 1728.92 11.9948 0.404814 0.000434802 0.419551 -2.14938e-07 
2459.37 2440.11 1728.91 11.9948 0.404814 0.000444347 0.419551 -2.12391e-07 
2459.37 2440.87 1728.9 11.9948 0.404813 0.000475648 0.419551 -2.23705e-07 
2459.37 2441.68 1728.88 11.9948 0.404813 0.000519967 0.41955 -2.40545e-07 
2459.36 2442.54 1728.85 11.9949 0.404812 0.000580295 0.419549 -2.67092e-07 
2459.36 2443.5 1728.82 11.9949 0.404811 0.000651652 0.419547 -2.96473e-07 
2459.36 2444.57 1728.78 11.9949 0.40481 0.000742054 0.419545 -3.36526e-07 
2459.36 2445.78 1728.74 11.9949 0.404808 0.000848184 0.419543 -3.80829e-07 
2459.36 2447.15 1728.68 11.995 0.404806 0.000980835 0.41954 -4.36251e-07 
2459.36 2448.71 1728.6 11.995 0.404804 0.00114649 0.419536 -5.03698e-07 
2459.35 2450.52 1728.51 11.9951 0.404801 0.00135862 0.419532 -5.91103e-07 
2459.35 2452.65 1728.39 11.9952 0.404798 0.00162712 0.419527 -6.95761e-07 
2459.34 2455.15 1728.23 11.9953 0.404793 0.00198475 0.41952 -8.33026e-07 
2459.34 2458.14 1728.02 11.9954 0.404787 0.00246738 0.419511 -1.01238e-06 
2459.33 2461.78 1727.73 11.9956 0.404778 0.00313614 0.419498 -1.25749e-06 
2459.31 2466.3 1727.31 11.9958 0.404765 0.00407291 0.419482 -1.58634e-06 
2459.29 2472 1726.72 11.9962 0.404747 0.00542815 0.419458 -2.06756e-06 
2459.26 2479.43 1725.86 11.9967 0.404722 0.00737247 0.419425 -2.73634e-06 
2459.21 2489.26 1724.6 11.9974 0.404684 0.0102261 0.419375 -3.73294e-06 
2459.14 2502.67 1722.77 11.9984 0.404629 0.0143697 0.419301 -5.20717e-06 
2459.04 2521.38 1720.15 12 0.40455 0.0203062 0.41919 -7.408e-06 
2458.9 2548 1716.52 12.0024 0.404439 0.0285489 0.419024 -1.06523e-05 
2458.72 2586.28 1711.72 12.006 0.404292 0.0394353 0.418781 -1.53172e-05 
2458.5 2641.32 1705.87 12.0106 0.40411 0.0526868 0.418462 -2.13835e-05 
2458.27 2718.17 1699.27 12.0159 0.403905 0.067666 0.418093 -2.83727e-05 
2458.04 2820.12 1691.97 12.0204 0.403685 0.0842017 0.417782 -3.45203e-05 
2457.73 2944.16 1681.88 12.0213 0.403405 0.107089 0.417723 -3.70271e-05 
2456.91 3077.17 1660.05 12.0155 0.402837 0.156536 0.418125 -3.38941e-05 
2454.19 3198.83 1601.7 12.0023 0.401307 0.288702 0.419031 -2.82755e-05 
2445.03 3299.84 1449.25 11.9867 0.397224 0.633825 0.420111 -3.18067e-05 
2408.54 3421.85 1078.24 11.9797 0.386759 1.48259 0.420594 -0.00107139 
2724.97 3727.62 202.757 22.6146 2.41687e-06 0.0241563 0.418563 0 
2724.97 3727.62 202.757 22.6146 2.41687e-06 0.0241563 0.418563 0 
2700.85 3773.12 200.858 21.1967 0.814639 1.9797 -0.188388 -0.993404 
2679.31 3871.96 221.243 5 -1.2361 -1.46229 1.13732 -0.961524 
2695.33 3876.88 186.396 28.6419 -0.21501 -4.8438 -0.165163 -0.341063 
2657.15 3789.61 178.369 28.459 -0.214117 -6.20836 -0.153551 0.00250089 
2618.89 3665.11 170.374 28.276 -0.213223 -6.20149 -0.141939 0.00250508 
2580.6 3540.8 162.411 28.093 -0.212329 -6.19535 -0.130326 0.00160996 
2542.28 3416.66 154.481 27.9101 -0.211436 -6.19293 -0.118714 0.0015236 
2503.91 3292.59 146.583 27.7271 -0.210542 -6.19068 -0.107102 0.00164206 
2465.52 3168.57 138.717 27.5441 -0.209649 -6.1876 -0.0954898 0.00168421 
2427.1 3044.64 130.884 27.3611 -0.208755 -6.18401 -0.0838775 0.00166955 
2388.65 2920.81 123.084 27.1782 -0.207862 -6.18018 -0.0722653 0.00165238 
2350.17 2797.08 115.315 26.9952 -0.206969 -6.17611 -0.060653 0.00164656 
2311.66 2673.46 107.579 26.8122 -0.206076 -6.1717 -0.0490408 0.00164712 
2273.13 2549.96 99.8754 26.6293 -0.205179 -6.16689 -0.0374285 0.00165051 
2234.59 2426.59 92.2042 26.4463 -0.204275 -6.16163 -0.0258163 0.00165705 
2196.02 2303.37 84.5657 26.263 -0.203388 -6.15586 -0.014204 0.00166806 
2157.43 2180.3 76.9593 26.08 -0.202567 -6.14949 -0.00259179 0.00168468 
2118.83 2057.41 69.3834 25.8984 -0.201766 -6.14245 0.00902045 0.00170798 
2080.21 1934.7 61.8372 25.7186 -0.200592 -6.1346 0.0206327 0.00173933 
2041.57 1812.22 54.331 25.5323 -0.198627 -6.1258 0.0322449 0.00178056 
2002.93 1689.97 46.8864 25.3244 -0.197542 -6.11587 0.0438572 0.00183406 
1964.33 1567.99 39.4806 25.117 -0.202904 -6.10456 0.0554694 0.00190302 
1925.79 1446.32 31.9375 25.0437 -0.214383 -6.09159 0.0670817 0.00199174 
1887 1325 24.0846 25.2077 -0.197117 -6.07653 0.0786939 0.00210599 
1847.41 1204.1 16.6955 24.9703 -0.0907184 -6.05885 0.0903062 0.00225267 
1807.88 1083.67 12.219 24.4576 -0.00178447 -6.03778 0.101918 0.00243766 
1769.18 963.824 14.1936 24.2746 -0.00089033 -6.01224 0.113531 0.00267018 
1730.99 844.671 16.2006 24.0916 3.40057e-06 -5.9806 0.125143 0.00300861 
1693.3 726.38 18.2399 23.9087 0.000897011 -5.93974 0.136755 0.00361666 
1656.13 609.204 20.3117 23.7257 0.00179057 -5.88473 0.148367 0.004229 
1619.47 493.528 22.4158 23.5427 0.00268418 -5.81751 0.15998 0.00674857 
1583.33 379.686 24.5524 23.3598 0.00357807 -5.67038 0.171592 0.0305925 
1547.71 269.856 26.7213 23.1768 0.00447194 -5.03265 0.183204 0.0731512 
1512.62 177.421 28.9225 22.9938 0.00536435 -3.78822 0.194816 0.101407 
1478.08 118.931 31.1562 22.8109 0.00625549 -2.22164 0.206429 0.108214 
1444.09 103.173 33.4221 22.628 0.00715506 -0.535889 0.218041 0.0989979 
1410.66 133.398 35.7206 22.445 0.00807848 1.15721 0.229653 0.0788579 
1377.79 209.805 38.0522 22.2614 0.00899292 2.77291 0.241265 0.0520803 
1345.49 330.284 40.4168 22.0775 0.00974443 4.20717 0.252878 0.0247487 
1313.75 489.886 42.81 21.8967 0.0102594 5.28762 0.26449 0.00599241 
1282.55 678.959 45.2251 21.7234 0.0113538 5.77648 0.276102 0.00158909 
1251.88 881.367 47.6777 21.5442 0.014941 5.81248 0.287714 0.000955559 
1221.73 1084.76 50.2359 21.3085 0.0194205 5.89334 0.299327 -0.000101962 
1192.24 1290.35 52.9266 21.0077 0.0101445 5.96508 0.310939 -0.000166014 
1163.56 1497.9 55.3775 20.9389 -0.0292503 5.99906 0.322551 -1.09171e-06 
1135.18 1706.38 56.7567 21.6859 -0.0378473 6.02154 0.334163 2.14168e-05 
1105.26 1915.47 57.8688 22.4645 0.194171 6.04314 0.345776 -1.38519e-05 
1073.56 2125.16 65.2758 18.2757 0.667244 6.02739 0.357388 -0.000253648 
1051.17 2334.4 85.77 5 0.0899997 5.05209 0.369 0 
1051.17 2334.4 85.77 5 0.0899997 5.05209 0.369 0 
1080.3 2300.75 110.205 18.9155 0.000155024 -0.108813 0.482653 -2.26729e-13 
1109.43 2267.1 133.839 21.8466 4.05291e-08 -0.280596 0.480306 -1.06758e-14 
1138.56 2233.45 156.707 22.3814 -2.26816e-07 -0.286163 0.477959 -4.21962e-16 
1167.69 2199.8 178.829 22.4784 -2.27286e-07 -0.286344 0.475612 1.86076e-16 
1196.82 2166.15 200.216 22.496 -2.27299e-07 -0.28635 0.473265 6.56749e-17 
1225.94 2132.5 220.87 22.4992 -2.27311e-07 -0.28635 0.470918 4.41334e-17 
1255.07 2098.85 240.788 22.4997 -2.27324e-07 -0.28635 0.468571 6.19115e-18 
1284.2 2065.2 259.962 22.4998 -2.27336e-07 -0.28635 0.466224 2.81637e-18 
1313.32 2031.55 278.382 22.4999 -2.27347e-07 -0.28635 0.463878 -1.28829e-17 
1342.45 1997.9 296.033 22.4999 -2.27359e-07 -0.28635 0.461531 2.67966e-18 
1371.57 1964.25 312.899 22.4999 -2.2737e-07 -0.28635 0.459184 -1.51353e-17 
1400.7 1930.6 328.961 22.4999 -2.2738e-07 -0.28635 0.456837 -1.29261e-17 
1429.82 1896.95 344.198 22.4999 -2.27391e-07 -0.28635 0.45449 5.37568e-18 
1458.94 1863.3 358.586 22.4999 -2.27401e-07 -0.28635 0.452143 6.71495e-17 
1488.07 1829.65 372.101 22.4999 -2.27411e-07 -0.28635 0.449796 5.15786e-17 
1517.19 1796 384.717 22.4999 -2.2742e-07 -0.28635 0.447449 4.9831e-17 
1546.31 1762.35 396.408 22.4999 -2.27429e-07 -0.28635 0.445102 -2.16823e-17 
1575.43 1728.7 407.145 22.4999 -2.27438e-07 -0.28635 0.442755 2.75042e-17 
1604.55 1695.05 416.9 22.4999 -2.27447e-07 -0.28635 0.440408 8.78183e-18 
1633.67 1661.4 425.645 22.4999 -2.27455e-07 -0.28635 0.438061 -1.36678e-17 
1662.79 1627.76 433.355 22.4999 -2.27464e-07 -0.28635 0.435714 4.09243e-17 
1691.91 1594.11 440.002 22.4999 -2.27472e-07 -0.28635 0.433367 8.40388e-17 
1721.03 1560.46 445.564 22.4999 -2.2748e-07 -0.28635 0.43102 -1.16503e-17 
1750.15 1526.81 450.019 22.4999 -2.27487e-07 -0.28635 0.428673 9.99057e-17 
1779.27 1493.16 453.35 22.4999 -2.27495e-07 -0.28635 0.426327 1.65396e-17 
1808.39 1459.51 455.544 22.4999 -2.27502e-07 -0.28635 0.42398 6.44278e-19 
1837.51 1425.86 456.591 22.4999 -2.2751e-07 -0.28635 0.421633 -2.43165e-18 
1866.63 1392.21 456.486 22.4999 -2.27517e-07 -0.28635 0.419286 -9.93254e-18 
1895.74 1358.56 455.231 22.4999 -2.27524e-07 -0.28635 0.416939 4.40288e-17 
1924.86 1324.91 452.83 22.4999 -2.27531e-07 -0.28635 0.414592 1.13079e-17 
1953.98 1291.26 449.294 22.4999 -2.27537e-07 -0.28635 0.412245 1.67739e-17 
1983.1 1257.61 444.637 22.4999 -2.27544e-07 -0.28635 0.409898 8.56755e-18 
2012.21 1223.96 438.877 22.4999 -2.2755e-07 -0.28635 0.407551 3.51013e-17 
2041.33 1190.31 432.035 22.4999 -2.27556e-07 -0.28635 0.405204 8.89598e-18 
2070.45 1156.66 424.136 22.4999 -2.27562e-07 -0.28635 0.402857 -1.88639e-17 
2099.56 1123.01 415.205 22.4999 -2.27567e-07 -0.28635 0.40051 -1.32154e-17 
2128.68 1089.36 405.27 22.4999 -2.27573e-07 -0.28635 0.398163 2.54654e-17 
2157.79 1055.71 394.358 22.4999 -2.27578e-07 -0.28635 0.395816 2.93441e-18 
2186.91 1022.06 382.498 22.4999 -2.27583e-07 -0.28635 0.393469 9.60448e-18 
2216.02 988.408 369.717 22.4999 -2.27587e-07 -0.28635 0.391122 5.84667e-18 
2245.14 954.759 356.041 22.4999 -2.2759e-07 -0.28635 0.388776 1.65368e-17 
2274.25 921.109 341.497 22.4999 -2.27593e-07 -0.28635 0.386429 4.30068e-18 
2303.37 887.459 326.109 22.4999 -2.27596e-07 -0.28635 0.384082 1.13122e-17 
2332.48 853.809 309.9 22.4999 -2.27597e-07 -0.28635 0.381735 -6.90934e-18 
2361.6 820.159 292.89 22.4999 -2.27597e-07 -0.28635 0.379388 1.45763e-17 
2390.72 786.509 275.099 22.4999 -2.27594e-07 -0.286341 0.377041 8.18271e-18 
2419.83 752.86 256.541 22.4999 -2.27589e-07 -0.286059 0.374694 1.54675e-17 
2448.95 719.21 237.232 22.4999 -2.27247e-07 -0.277371 0.372347 1.19195e-16 
2478.06 685.56 217.18 22.5 -1.36243e-12 -0.00933604 0.369 0 
2478.06 685.56 217.18 22.5 -1.36243e-12 -0.00933604 0.369 0 
2458.1 723.192 215.99 21.1858 0.923931 1.23922 -0.188388 -0.927777 
2440.14 789.894 236.361 5 -0.405751 -1.10408 0.352036 -0.941933 
2453.89 802.011 226.376 14.2688 -0.825353 -3.51378 0.806736 -0.841507 
2450.04 758.035 206.276 26.5325 -0.172043 -5.69508 -0.153551 -0.162607 
2422.03 663.29 200.929 26.3495 -0.17115 -6.13722 -0.141939 0.0185688 
2394.1 558.249 195.61 26.1666 -0.170256 -6.0855 -0.130326 0.00116428 
2366.26 454.413 190.318 25.9836 -0.169363 -6.08713 -0.118714 0.00485251 
2338.52 350.538 185.055 25.8006 -0.168469 -6.07752 -0.107102 0.00621054 
2310.87 246.887 179.819 25.6177 -0.167575 -6.06346 -0.0954897 0.00785254 
2283.32 143.563 174.61 25.4347 -0.166682 -6.04417 -0.0838775 0.00912638 
2255.87 40.6882 169.429 25.2517 -0.165789 -6.02135 -0.0722653 0.0101746 
2228.52 -61.6559 164.276 25.0687 -0.164898 -5.99768 -0.060653 0.0104593 
2201.27 -163.449 159.15 24.8858 -0.164005 -5.97852 -0.0490408 0.00747808 
2174.12 -264.796 154.052 24.7029 -0.163103 -5.9763 -0.0374285 -0.000663464 
2147.07 -366.093 148.982 24.5198 -0.162186 -6.00401 -0.0258163 -0.00441022 
2120.13 -468.034 143.94 24.3364 -0.161295 -6.03114 -0.014204 0.0194481 
2093.29 -570.607 138.925 24.153 -0.160513 -5.94374 -0.00259179 0.0809943 
2066.57 -671.146 133.936 23.9717 -0.159812 -5.60684 0.00902046 0.162681 
2039.95 -763.841 128.97 23.7935 -0.158743 -4.95973 0.0206327 0.239114 
2013.45 -841.469 124.035 23.6115 -0.156616 -4.02935 0.0322449 0.295028 
1987.07 -897.435 119.157 23.4075 -0.154308 -2.88814 0.0438572 0.326488 
1960.87 -926.83 114.339 23.1817 -0.156674 -1.61586 0.0554694 0.335289 
1934.88 -926.602 109.476 23.0201 -0.168407 -0.283269 0.0670817 0.324453 
1909.01 -895.347 104.345 23.079 -0.175074 1.04925 0.0786939 0.296349 
1882.81 -833.066 99.0564 23.2351 -0.128195 2.32681 0.0903062 0.252786 
1856.07 -741.039 94.8538 22.5252 -0.00778518 3.4946 0.101918 0.196381 
1830.43 -621.823 93.4812 22.3422 -0.00688152 4.49565 0.113531 0.132582 
1805.08 -479.299 94.7007 22.1592 -0.00598706 5.27515 0.125143 0.0709984 
1780.15 -318.626 95.9479 21.9762 -0.00509314 5.79472 0.136755 0.0236228 
1755.63 -145.856 97.2227 21.7933 -0.00419902 6.05518 0.148367 -0.00138172 
1731.51 32.9783 98.5252 21.6103 -0.00330435 6.11454 0.15998 -0.00626886 
1707.79 213.194 99.8554 21.4273 -0.00241061 6.07476 0.171592 -0.00206479 
1684.47 392.484 101.213 21.2443 -0.00152176 6.02779 0.183204 0.00166193 
1661.56 570.68 102.599 21.0614 -0.00063776 6.00972 0.194816 0.00257825 
1639.06 748.454 104.011 20.8786 0.000260496 6.01426 0.206429 0.00204536 
1616.96 926.335 105.452 20.6958 0.00120769 6.02822 0.218041 0.00126829 
1595.27 1104.54 106.921 20.5119 0.00217653 6.04432 0.229653 0.000680214 
1573.99 1283.12 108.42 20.3269 0.00295325 6.05976 0.241265 0.00032988 
1553.12 1462.06 109.944 20.1443 0.00327764 6.0737 0.252878 0.000150043 
1532.67 1641.32 111.482 19.9716 0.00368761 6.08607 0.26449 6.62885e-05 
1512.61 1820.87 113.036 19.806 0.00639393 6.09705 0.276102 2.86756e-05 
1492.93 2000.68 114.659 19.6056 0.0128764 6.10686 0.287714 1.16765e-05 
1473.7 2180.71 116.441 19.3089 0.0153679 6.11568 0.299327 4.28419e-06 
1455.1 2360.95 118.292 19.0011 -0.00727749 6.12369 0.310939 8.24746e-07 
1437.18 2541.38 119.627 19.1293 -0.0568055 6.13103 0.322551 -2.32432e-06 
1419.1 2721.97 119.804 20.1034 -0.0363292 6.13781 0.334163 -8.0959e-06 
1399.2 2902.73 120.421 20.555 0.238827 6.14231 0.345776 -3.24784e-05 
1378.36 3083.59 127.428 16.052 0.646431 6.13852 0.357388 -0.000348199 
1366.06 3264.36 144.094 5 0.0899998 5.52668 0.369 0 
1366.06 3264.36 144.094 5 0.0899998 5.52668 0.369 0 
1382.68 3473.49 146.615 5 -0.940304 4.4878 1.15369 -1.01602 
1400.03 3652.16 118.926 24.8901 -0.133692 1.81283 -0.176776 -0.983562 
1368.49 3752.43 113.953 24.7071 -0.1328 -0.794995 -0.165163 -0.953905 
1337.02 3776.23 109.015 24.5242 -0.131908 -3.34464 -0.153551 -0.908132 
1305.62 3725.27 104.112 24.3412 -0.131016 -5.78419 -0.141939 -0.115257 
1274.32 3602.77 99.2436 24.1582 -0.130122 -6.19343 -0.130326 0.00677009 
1243.14 3468.27 94.41 23.9753 -0.129227 -6.1854 -0.118714 0.00441978 
1212.12 3334.01 89.6113 23.7923 -0.128331 -6.17969 -0.107102 0.0040811 
1181.24 3199.92 84.8474 23.6092 -0.127449 -6.17486 -0.0954898 0.00414457 
1150.51 3065.97 80.118 23.4264 -0.126593 -6.16968 -0.0838775 0.00436582 
1119.93 2932.17 75.4223 23.2444 -0.125686 -6.16372 -0.0722653 0.00456871 
1089.5 2798.54 70.7618 23.0619 -0.124505 -6.15699 -0.060653 0.0047684 
1059.23 2665.11 66.1444 22.873 -0.123194 -6.14946 -0.0490408 0.00500579 
1029.13 2531.91 61.5744 22.6758 -0.123568 -6.14096 -0.0374285 0.00529976 
999.224 2398.95 57.0027 22.5096 -0.127838 -6.13128 -0.0258163 0.00566158 
969.444 2266.27 52.3136 22.4555 -0.127259 -6.12015 -0.014204 0.00610789 
939.514 2133.92 47.644 22.3837 -0.0908923 -6.10722 -0.0025918 0.00665793 
909.458 2001.95 44.0442 21.9743 -0.0248592 -6.09204 0.00902045 0.00730273 
880.115 1870.42 44.5111 21.7914 -0.0239651 -6.07416 0.0206327 0.00801915 
851.228 1739.42 45.0129 21.6084 -0.0230714 -6.05312 0.0322449 0.00959478 
822.8 1609.03 45.5495 21.4254 -0.0221778 -6.02559 0.0438572 0.0145315 
794.835 1479.46 46.1209 21.2425 -0.0212843 -5.97912 0.0554694 0.0156746 
767.333 1351.24 46.7271 21.0595 -0.0203907 -5.92813 0.0670817 0.0352531 
740.297 1224.52 47.3681 20.8765 -0.0194971 -5.79384 0.0786939 0.165381 
713.732 1101.73 48.0439 20.6936 -0.0186033 -5.14843 0.0903062 0.276358 
687.65 997.873 48.7545 20.5106 -0.0177092 -4.06814 0.101918 0.32306 
662.066 925.689 49.5 20.3276 -0.016815 -2.78594 0.113531 0.333863 
636.984 891.103 50.2802 20.1446 -0.0159208 -1.42762 0.125143 0.326636 
612.409 896.345 51.0953 19.9617 -0.0150265 -0.0553793 0.136755 0.308433 
588.343 941.825 51.9452 19.7787 -0.0141323 1.29278 0.148367 0.280998 
564.788 1026.84 52.8299 19.5957 -0.0132381 2.5838 0.15998 0.242742 
541.745 1149.7 53.7494 19.4128 -0.0123439 3.77614 0.171592 0.189243 
519.213 1307.53 54.7038 19.2298 -0.0114498 4.80345 0.183204 0.116591 
497.19 1495.48 55.693 19.0468 -0.0105563 5.55592 0.194816 0.0385012 
475.673 1705.5 56.7169 18.8638 -0.00966395 5.90674 0.206429 0.00320746 
454.653 1925.8 57.7757 18.6809 -0.00877019 5.94239 0.218041 0.00609836 
434.126 2147.15 58.8692 18.4979 -0.00786677 5.9928 0.229653 0.00226144 
414.093 2369.97 59.9978 18.3148 -0.00695728 6.04411 0.241265 0.000207551 
394.557 2594.3 61.1617 18.1313 -0.00610452 6.06901 0.252878 0.000329499 
375.522 2819.36 62.3593 17.9488 -0.00539465 6.08546 0.26449 0.000336489 
356.985 3044.9 63.5862 17.7703 -0.00454267 6.10098 0.276102 0.000162475 
338.939 3270.89 64.8465 17.5919 -0.00244139 6.11481 0.287714 4.2325e-05 
321.386 3497.3 66.1768 17.3857 0.000884872 6.1267 0.299327 -5.37732e-06 
304.394 3724.04 67.6143 17.1296 -0.00233279 6.13699 0.310939 -1.52773e-05 
288.09 3951.09 68.9695 16.9793 -0.0257093 6.14599 0.322551 -1.47236e-05 
272.233 4178.41 69.6463 17.3641 -0.0391919 6.1539 0.334163 -1.53755e-05 
255.52 4405.95 69.9097 17.9611 0.105547 6.16047 0.345776 -6.2223e-05 
237.334 4633.69 74.3891 15.2001 0.461985 6.14714 0.357388 -0.000545901 
225.69 4861.04 89.45 5 0.0899997 5.61003 0.369 0 
225.69 4861.04 89.45 5 0.0899997 5.61003 0.369 0 
238.248 4848.48 97.9338 12.7743 0.000967612 0.892125 0.482653 -9.62865e-11 
250.806 4835.92 106.25 17.4311 -0.00011225 -0.036308 0.480306 -2.27395e-11 
263.365 4823.36 114.4 19.9195 -0.000125345 -0.196358 0.477959 -4.85875e-12 
275.923 4810.81 122.384 21.179 -0.000125502 -0.223762 0.475612 -9.82372e-13 
288.481 4798.25 130.203 21.8059 -0.000125503 -0.228452 0.473265 -1.93289e-13 
301.039 4785.69 137.856 22.1167 -0.000125503 -0.229255 0.470918 -3.89431e-14 
313.597 4773.13 145.341 22.2706 -0.000125503 -0.229392 0.468571 -9.58882e-15 
326.156 4760.57 152.659 22.3467 -0.000125503 -0.229416 0.466224 -3.95159e-15 
338.714 4748.02 159.807 22.3845 -0.000125503 -0.22942 0.463878 -2.71584e-15 
351.272 4735.46 166.783 22.4031 -0.000125503 -0.22942 0.461531 -2.53905e-15 
363.83 4722.9 173.586 22.4124 -0.000125504 -0.229421 0.459184 -2.20673e-15 
376.388 4710.34 180.213 22.417 -0.000125504 -0.229421 0.456837 -2.10374e-15 
388.947 4697.78 186.662 22.4192 -0.000125504 -0.229421 0.45449 -2.06911e-15 
401.505 4685.22 192.93 22.4203 -0.000125504 -0.229421 0.452143 -1.92079e-15 
414.063 4672.67 199.013 22.4209 -0.000125504 -0.229421 0.449796 -1.84607e-15 
426.621 4660.11 204.909 22.4212 -0.000125505 -0.229421 0.447449 -1.64449e-15 
439.179 4647.55 210.614 22.4213 -0.000125505 -0.229421 0.445102 -1.49867e-15 
451.738 4634.99 216.125 22.4214 -0.000125505 -0.229421 0.442755 -1.44458e-15 
464.296 4622.43 221.438 22.4214 -0.000125505 -0.229421 0.440408 -1.42349e-15 
476.854 4609.88 226.549 22.4214 -0.000125505 -0.229421 0.438061 -1.30643e-15 
489.412 4597.32 231.454 22.4214 -0.000125506 -0.229421 0.435714 -1.23448e-15 
501.97 4584.76 236.149 22.4214 -0.000125506 -0.229421 0.433367 -1.0615e-15 
514.529 4572.2 240.631 22.4214 -0.000125506 -0.229421 0.43102 -8.97712e-16 
527.087 4559.64 244.894 22.4214 -0.000125506 -0.229421 0.428673 -8.75383e-16 
539.645 4547.08 248.935 22.4214 -0.000125506 -0.229421 0.426327 -8.64355e-16 
552.203 4534.53 252.749 22.4214 -0.000125506 -0.229421 0.42398 -6.80379e-16 
564.761 4521.97 256.331 22.4214 -0.000125507 -0.229421 0.421633 -6.73765e-16 
577.32 4509.41 259.679 22.4214 -0.000125507 -0.229421 0.419286 -6.01419e-16 
589.878 4496.85 262.786 22.4214 -0.000125507 -0.229421 0.416939 -5.94512e-16 
602.436 4484.29 265.651 22.4214 -0.000125507 -0.229421 0.414592 -5.09532e-16 
614.994 4471.73 268.267 22.4214 -0.000125507 -0.229421 0.412245 -4.85679e-16 
627.552 4459.18 270.633 22.4214 -0.000125507 -0.229421 0.409898 -3.40098e-16 
640.111 4446.62 272.743 22.4214 -0.000125507 -0.229421 0.407551 -3.36715e-16 
652.669 4434.06 274.595 22.4214 -0.000125508 -0.229421 0.405204 -3.08977e-16 
665.227 4421.5 276.187 22.4214 -0.000125508 -0.229421 0.402857 -2.57287e-16 
677.785 4408.94 277.514 22.4214 -0.000125508 -0.229421 0.40051 -2.11614e-16 
690.343 4396.39 278.576 22.4214 -0.000125508 -0.229421 0.398163 -1.95017e-16 
702.902 4383.83 279.37 22.4215 -0.000125508 -0.229421 0.395816 -1.61557e-16 
715.46 4371.27 279.894 22.4215 -0.000125508 -0.229421 0.393469 -1.08516e-16 
728.018 4358.71 280.149 22.4215 -0.000125508 -0.229421 0.391122 -1.06966e-16 
740.576 4346.15 280.133 22.4216 -0.000125508 -0.22942 0.388776 -9.56302e-17 
753.134 4333.59 279.847 22.4217 -0.000125508 -0.22942 0.386429 -2.99609e-17 
765.693 4321.04 279.291 22.422 -0.000125508 -0.229416 0.384082 4.97225e-17 
778.251 4308.48 278.466 22.4226 -0.000125508 -0.229393 0.381735 3.17217e-16 
790.809 4295.92 277.373 22.4238 -0.000125508 -0.229258 0.379388 1.03062e-15 
803.367 4283.36 276.015 22.4263 -0.000125508 -0.228468 0.377041 2.66001e-15 
815.925 4270.8 274.393 22.4312 -0.00012549 -0.223854 0.374694 4.82652e-15 
828.484 4258.25 272.51 22.4411 -0.000123986 -0.196888 0.372347 3.99327e-15 
841.042 4245.69 270.37 22.4611 -6.3662e-09 -0.0393856 0.369 0 
841.042 4245.69 270.37 22.4611 -6.3662e-09 -0.0393856 0.369 0 
794.503 4340.18 276.413 22.9894 0.399491 5.73961 -0.188388 0.0401661 
745.763 4813.13 308.562 5 0.16679 6.25369 0.254841 -0.00178733 
795.968 5319.66 327.361 5 0.16679 6.25139 0.254841 -0.00175528 
848.64 5826.05 346.159 5 0.16679 6.24885 0.254841 -0.00173677 
903.778 6332.26 364.958 5 0.16679 6.24581 0.254841 -0.00172576 
961.383 6838.28 383.756 5 0.16679 6.24214 0.254841 -0.00172711 
1021.45 7344.06 402.555 5 0.16679 6.23759 0.254841 -0.00174851 
1083.99 7849.54 421.353 5 0.16679 6.23179 0.254841 -0.00180445 
1148.99 8354.64 440.152 5 0.16679 6.22412 0.254841 -0.00192367 
1216.46 8859.24 458.95 5 0.16679 6.21341 0.254841 -0.00216936 
1286.4 9363.14 477.749 5 0.16679 6.19727 0.254841 -0.00270674 
1358.8 9865.98 496.547 5 0.16679 6.17033 0.254841 -0.00400016 
1433.67 10367.1 515.346 5 0.16679 6.11828 0.25484 -0.00855755 
1511 10864.7 534.144 5 0.16678 5.97587 0.255005 -0.0817506 
1590.79 11353.1 552.942 5 0.168376 4.41083 0.227488 -0.377074 
1672.96 11738.9 571.844 5 -0.0993086 -1.22954 0.875575 -0.00255489 
1757.67 11755.4 573.217 5 -0.102298 -1.50256 0.892793 0.000504354 
1842.55 11754 562.831 5 -0.101352 -1.4801 0.876488 -0.00153536 
1926.06 11754.1 552.508 5 -0.100407 -1.53552 0.860183 0.0143987 
2008.22 11750.5 542.246 5 -0.0994605 -1.58888 0.843877 -0.157206 
2089.03 11743.5 532.047 5 -0.0985165 -5.40167 0.827571 -0.020727 
2168.29 11486.7 521.909 5 -0.0975708 -6.01384 0.811265 -0.00330813 
2246.2 11189.9 511.833 5 -0.0966248 -6.12838 0.794959 -0.00101735 
2322.78 10885.6 501.819 5 -0.0956788 -6.17413 0.778653 -0.000350184 
2398.03 10578.3 491.867 5 -0.0947328 -6.19869 0.762347 -8.26418e-05 
2471.98 10269.4 481.977 5 -0.0937868 -6.214 0.746041 4.14308e-05 
2544.63 9959.43 472.149 5 -0.0928408 -6.22446 0.729734 0.000102336 
2615.99 9648.82 462.382 5 -0.0918947 -6.23205 0.713428 0.000131583 
2686.07 9337.71 452.678 5 -0.0909487 -6.23782 0.697122 0.000143534 
2754.87 9026.22 443.036 5 -0.0900027 -6.24235 0.680816 0.000145478 
2822.4 8714.43 433.456 5 -0.0890567 -6.246 0.66451 0.000141429 
2888.68 8402.41 423.937 5 -0.0881106 -6.24901 0.648204 0.000133745 
2953.71 8090.18 414.481 5 -0.0871646 -6.25152 0.631898 0.000123886 
3017.49 7777.8 405.086 5 -0.0862186 -6.25366 0.615592 0.000112799 
3080.04 7465.27 395.754 5 -0.0852725 -6.2555 0.599286 0.000101118 
3141.36 7152.62 386.483 5 -0.0843265 -6.2571 0.582979 8.92874e-05 
3201.47 6839.87 377.275 5 -0.0833805 -6.2585 0.566673 7.76232e-05 
3260.36 6527.03 368.128 5 -0.0824344 -6.25975 0.550367 6.6359e-05 
3318.06 6214.1 359.043 5 -0.0814884 -6.26085 0.534061 5.56708e-05 
3374.56 5901.11 350.021 5 -0.0805424 -6.26184 0.517755 4.5694e-05 
3429.88 5588.04 341.06 5 -0.0795963 -6.26274 0.501449 3.65344e-05 
3484.02 5274.92 332.161 5 -0.0786503 -6.26355 0.485143 2.82761e-05 
3536.99 4961.75 323.324 5 -0.0777043 -6.26429 0.468837 2.09865e-05 
3588.8 4648.53 314.549 5 -0.0767582 -6.26496 0.452531 1.47202e-05 
3639.45 4335.26 305.836 5 -0.0758122 -6.26558 0.436224 9.52078e-06 
3688.97 4021.95 297.185 5 -0.0748662 -6.26615 0.419918 5.42368e-06 
3737.34 3708.61 288.596 5 -0.0739201 -6.26668 0.403612 2.4637e-06 
3784.59 3395.23 280.069 5 -0.775471 -6.26713 0.387306 0.000215008 
3831.64 3081.82 225.6 40 -0.00635656 -3.34352 0.369 0 
3831.64 3081.82 225.6 40 -0.00635656 -3.34352 0.369 0 
3796.97 3048.5 228.125 33.7126 1.4 -4.82812 -0.0608078 0.947296 
3770.5 2989.8 254.857 10.1646 0.663069 -0.985022 -0.176775 0.851365 
3777.49 2996.75 269.639 5 0.309405 2.69507 -0.165162 0.463897 
3792.24 3066.58 278.52 5 0.308732 5.56579 -0.15355 0.0252606 
3807.32 3185.47 287.388 5 0.308059 5.95543 -0.141938 -0.00136219 
3822.72 3311.02 296.246 5 0.307385 5.94576 -0.130325 0.00767621 
3838.41 3436.41 305.091 5 0.306712 5.92646 -0.118713 -0.0271487 
3854.42 3561.47 313.926 5 0.306037 5.32773 -0.107101 -0.110833 
3870.71 3676.29 322.748 5 0.305363 3.93947 -0.0954885 -0.188096 
3887.29 3767.39 331.56 5 0.304688 1.99356 -0.0838762 -0.225906 
3904.14 3825.23 340.359 5 0.304013 -0.227702 -0.0722638 -0.213915 
3921.27 3845.12 349.147 5 0.303339 -2.45492 -0.0606514 -0.155137 
3938.67 3826.94 357.924 5 0.302664 -4.34473 -0.049039 -0.0747249 
3956.34 3776.47 366.689 5 0.301989 -5.4948 -0.0374266 -0.0183713 
3974.29 3706.35 375.443 5 0.301316 -5.87036 -0.0258141 -0.00196044 
3992.54 3629.8 384.185 5 0.300642 -5.9283 -0.0142016 -0.00128109 
4011.09 3552.27 392.915 5 0.299968 -5.9583 -0.00258895 -0.0015467 
4029.94 3474.22 401.634 5 0.299294 -5.99422 0.00902383 -0.00129408 
4049.09 3395.56 410.342 5 0.29862 -6.02694 0.0206369 -0.000974948 
4068.53 3316.34 419.038 5 0.297947 -6.05403 0.0322503 -0.000722101 
4088.28 3236.66 427.722 5 0.297273 -6.07618 0.0438648 -0.000536677 
4108.32 3156.6 436.395 5 0.296598 -6.09446 0.0554825 -0.00040141 
4128.65 3076.23 445.056 5 0.295921 -6.10975 0.0671263 -0.00030172 
4149.29 2995.59 453.706 5 -0.213924 -6.12273 0.778621 -0.000227719 
4170.39 2914.74 447.744 5 -0.212981 -6.13387 0.762335 -0.00017156 
4191.29 2833.69 441.605 5 -0.212035 -6.14354 0.746034 -0.000128816 
4211.98 2752.48 435.482 5 -0.211089 -6.15201 0.72973 -9.60854e-05 
4232.45 2671.12 429.375 5 -0.210144 -6.15949 0.713425 -7.09346e-05 
4252.72 2589.64 423.285 5 -0.209198 -6.16615 0.697119 -5.15889e-05 
4272.78 2508.04 417.21 5 -0.208252 -6.17211 0.680814 -3.67321e-05 
4292.63 2426.34 411.152 5 -0.207306 -6.17748 0.664508 -2.53736e-05 
4312.28 2344.55 405.11 5 -0.20636 -6.18233 0.648202 -1.67572e-05 
4331.71 2262.67 399.084 5 -0.205414 -6.18675 0.631896 -1.02986e-05 
4350.94 2180.72 393.074 5 -0.204468 -6.19079 0.61559 -5.54116e-06 
4369.97 2098.7 387.08 5 -0.203522 -6.19449 0.599284 -2.12464e-06 
4388.78 2016.62 381.103 5 -0.202576 -6.1979 0.582978 2.38012e-07 
4407.4 1934.48 375.142 5 -0.20163 -6.20105 0.566672 1.77738e-06 
4425.8 1852.28 369.197 5 -0.200684 -6.20396 0.550366 2.68007e-06 
4444.01 1770.04 363.268 5 -0.199738 -6.20667 0.53406 3.09818e-06 
4462.01 1687.75 357.355 5 -0.198792 -6.20919 0.517754 3.15632e-06 
4479.81 1605.41 351.458 5 -0.197846 -6.21155 0.501448 2.95703e-06 
4497.4 1523.04 345.578 5 -0.196899 -6.21375 0.485142 2.5849e-06 
4514.8 1440.63 339.713 5 -0.195953 -6.21581 0.468836 2.11165e-06 
4531.99 1358.18 333.865 5 -0.195007 -6.21776 0.45253 1.60843e-06 
4548.98 1275.7 328.033 5 -0.194061 -6.21958 0.436224 1.06593e-06 
4565.77 1193.19 322.218 5 -0.193115 -6.22131 0.419918 -3.00208e-07 
4582.37 1110.65 316.418 5 -0.192169 -6.2237 0.403611 5.42582e-05 
4598.76 1028.07 310.634 5 -1.4 -6.21324 0.372893 0.000117755 
4615.37 945.662 284.21 23.7354 -0.0076943 -4.58475 0.369 0 
4615.37 945.662 284.21 23.7354 -0.0076943 -4.58475 0.369 0 
4610.24 922.146 282.684 21.6469 -0.713317 -3.50686 0.51324 0.312466 
4606.42 906.511 276.023 23.5367 -1.4 -2.39634 1.01673 0.225429 
4601.5 898.997 264.319 28.9939 -1.4 -1.44316 0.670601 0.15672 
4593.22 898.454 252.551 34.3027 -1.39999 -0.670082 1.03009 0.106854 
4581.67 903.567 240.721 39.2426 -0.639653 -0.0749286 0.15458 0.0747419 
4566.93 913.034 234.392 40 -0.499845 0.380262 -0.0203708 0.0489218 
4551.64 925.83 229.077 40 -0.499845 0.701632 -0.0203702 0.0287789 
4536.28 940.975 223.762 40 -0.499845 0.903612 -0.0203703 0.0132419 
4520.84 957.597 218.447 40 -0.499845 1.00262 -0.0203704 0.0014142 
4505.32 974.944 213.132 40 -0.499845 1.0148 -0.0203704 -0.00745989 
4489.73 992.379 207.817 40 -0.499845 0.954729 -0.020371 -0.0140051 
4474.05 1009.38 202.501 40 -0.499846 0.834907 -0.0203609 -0.0187326 
4458.3 1025.49 197.186 40 -0.499835 0.665696 -0.0205422 -0.0220586 
4442.47 1040.38 191.871 40 -0.500023 0.455437 -0.0173089 -0.0243227 
4426.56 1053.72 186.555 40 -0.496678 0.210616 0.0104487 -0.0258056 
4410.57 1065.28 181.263 39.9724 -0.463048 -0.064019 -0.0141939 -0.0225584 
4394.51 1074.83 176.217 39.767 -0.458529 -0.318194 -0.00258779 -0.017497 
4378.5 1082.51 171.207 39.5425 -0.455601 -0.52733 0.00902295 -0.0129138 
4362.54 1088.67 166.22 39.3087 -0.455568 -0.691413 0.0206347 -0.0100394 
4346.65 1093.63 161.237 39.0821 -0.459049 -0.82732 0.0322468 -0.00906701 
4330.81 1097.6 156.231 38.8819 -0.465517 -0.958427 0.0438591 -0.00947881 
4315.02 1100.6 151.18 38.7235 -0.473114 -1.1052 0.0554716 -0.0104655 
4299.25 1102.54 146.075 38.6111 -0.478937 -1.27918 0.0670842 -0.0112892 
4283.47 1103.2 140.929 38.5327 -0.479811 -1.48117 0.0786969 -0.0114987 
4267.66 1102.38 135.778 38.4592 -0.473424 -1.70329 0.0903094 -0.0109788 
4251.81 1099.94 130.674 38.3499 -0.459502 -1.93302 0.101922 -0.00987651 
4235.95 1095.82 125.673 38.1646 -0.440589 -2.1577 0.113534 -0.0084681 
4220.12 1090.06 120.813 37.8792 -0.421991 -2.36799 0.125146 -0.00703169 
4204.38 1082.76 116.092 37.5002 -0.410643 -2.55943 0.136758 -0.00576368 
4188.8 1074.06 111.458 37.0724 -0.412965 -2.73225 0.14837 -0.0047501 
4173.39 1064.1 106.812 36.6741 -0.432221 -2.88992 0.159982 -0.00398222 
4158.16 1052.98 102.031 36.3982 -0.466217 -3.03705 0.171594 -0.00339548 
4143.02 1040.79 97.0037 36.3207 -0.506351 -3.17755 0.183207 -0.00291109 
4127.85 1027.57 91.6841 36.4665 -0.538821 -3.3134 0.194819 -0.00246609 
4112.53 1013.35 86.1254 36.7822 -0.54823 -3.44421 0.206431 -0.00202664 
4096.94 998.183 80.4941 37.1315 -0.523007 -3.56753 0.218043 -0.00158673 
4081.05 982.112 75.0432 37.3201 -0.461127 -3.67945 0.229656 -0.00115828 
4064.97 965.222 70.0426 37.1517 -0.374037 -3.77533 0.241268 -0.000759525 
4048.9 947.631 65.6807 36.5031 -0.286682 -3.85023 0.25288 -0.000406434 
4033.14 929.492 61.9652 35.3957 -0.232325 -3.8989 0.264492 -0.000108921 
4017.96 910.997 58.6601 34.0349 -0.242462 -3.91544 0.276104 0.000128624 
4003.53 892.38 55.2968 32.7916 -0.334086 -3.89246 0.287717 0.000304565 
3989.79 873.931 51.2781 32.1136 -0.498358 -3.82017 0.299329 0.00041724 
3976.41 856.01 46.0663 32.3779 -0.695501 -3.68531 0.310941 0.000463915 
3962.84 839.075 39.4098 33.7225 -0.859954 -3.47035 0.322553 0.000442465 
3948.4 823.712 31.5352 35.9142 -0.917167 -3.15301 0.334166 0.000356134 
3932.58 810.671 23.2165 38.316 -0.809392 -2.7068 0.345778 0.000221295 
3915.21 800.894 15.6577 40 -0.5235 -2.1032 0.387305 1.00891e-05 
3896.71 795.531 10.1696 40 0.669893 -1.99382 0.369 0 
