grtopM_52_1
50
2 2
7 7 
0 1 3 4 5 2 6 
0 1 3 4 5 2 6 
6590.81 7.84 117.513 485.778 173.576 48.2396 
173844 42.7643 0 104.809 124.081 53.2813 
134.506 0.16 2.39821 9.91384 3.54237 0.984481 
3547.83 0.872741 0 2.13896 2.53226 1.08737 
0.000809244 0.118783 1.33153 1649.6 2.44411 1.74325 
1.45123e-06 5.16761e-07 54.9772 1.6769 6.22532 1.66618 
3553.32 4870.17 1207.25 20.9111 0.286504 0 0.144062 0 
3553.32 4870.17 1207.25 20.9103 0.285775 0.000809245 0.144205 -0.0497013 
3555.51 4870.64 1205.25 21.8191 0.328943 -3.13148 0.131789 0.0566544 
-4900.01 4954.07 1354.27 15.1029 0.344724 0.286983 0.221251 0.0567731 
-3631.34 4158.41 1290.57 17.3648 0.267365 3.65526 0.191401 -0.0468794 
6510.8 3716.07 1104.13 21.5871 0.267938 0.768255 0.135051 0.00337775 
8236.82 3818.05 1079.74 20.9629 0.271096 1.049 0.143512 -0.0649759 
10638.3 3836.99 1040.13 19.7258 0.347 -2.99315 0.159665 0.0510802 
2000.73 3635.97 1158.3 16.8581 0.315927 0.0076989 0.19822 0.00319133 
1856.9 3089.66 1083.62 36.258 0.134352 0.101362 -0.0604454 0.00334452 
1714.66 5190.71 1256.47 11.8117 0.368781 0.868207 0.265276 -0.0205694 
4222.62 3951.28 1132.58 18.6552 0.320729 -0.729811 0.174074 0.0155335 
2002.48 3633.01 1139.17 20.8748 0.285177 0.124787 0.144543 9.3802e-05 
2110.21 3629.38 1134.2 20.6841 0.28696 0.135563 0.147091 -0.00347476 
2230.34 3599.73 1126.81 20.7034 0.290042 -0.0851191 0.146832 0.00258185 
1730.17 3570.12 1128.46 20.759 0.291535 0.0646437 0.146061 -0.0142345 
1639.63 3546.5 1136.25 15.2949 0.357992 -0.851474 0.218804 0.0213202 
-896.429 2765.06 1115.64 19.7714 0.294968 0.231969 0.159242 -0.0003935 
-578.622 2611.29 1095.16 20.6096 0.288431 0.176276 0.148057 0.000515802 
-479.961 2570.86 1088.89 19.0371 0.303518 0.201673 0.169009 0.00143523 
-333.832 2315.55 1063.56 19.9246 0.294315 0.229894 0.157218 -0.0128538 
-196.741 2182.06 1047.14 19.4807 0.312008 -0.609288 0.163016 0.0334397 
-2379.01 1977.24 1061.58 18.8743 0.286473 1.4067 0.171224 -0.0162489 
926.441 1714.47 984.072 20.6365 0.284679 0.382011 0.147723 -0.0047621 
1206.64 1680.5 968.711 19.511 0.303536 0.088462 0.162659 -0.000629297 
643.19 1486.31 961.442 15.897 0.339267 -0.0133062 0.210812 0.00946394 
-219.28 797.441 913.204 19.6502 0.295041 0.390682 0.160798 0.0162018 
-153.989 627.969 888.308 19.0733 0.284436 1.38131 0.168572 -0.0137658 
2500.32 392.492 812.869 21.109 0.277552 0.520704 0.141455 -0.0139148 
2579.02 425.143 796.238 19.7351 0.308042 -0.324145 0.159631 0.0140707 
322.379 256.299 809.646 15.1474 0.338694 0.484549 0.220811 0.0053465 
292.698 -528.831 731.37 20.6371 0.280027 0.630905 0.147706 0.000505266 
394.672 -559.035 703.479 20.6463 0.279098 0.686281 0.147586 -0.000428259 
552.261 -587.313 673.43 20.6465 0.2791 0.6863 0.147582 2.85491e-05 
608.859 -615.565 643.395 20.6408 0.278647 0.71526 0.147657 0.00011538 
642.594 -644.191 611.921 20.7362 0.276697 0.751346 0.146383 3.45306e-05 
667.854 -658.956 578.815 21.2735 0.266633 0.789261 0.139287 -0.00108284 
684.085 -596.404 538.978 26.2894 0.216019 0.793583 0.0724742 -0.00448975 
578.016 153.55 553.243 24.9834 0.229979 0.768133 0.0898641 -0.00280679 
451.254 723.9 555.53 24.7986 0.231805 0.797824 0.0923185 -0.002065 
412.291 1268.97 555.722 24.3265 0.236023 0.867635 0.0986048 -0.00299995 
562.322 1749.76 549.347 23.8027 0.241963 0.862958 0.105571 -0.00149071 
678.298 2158.25 539.089 23.1918 0.247492 0.931871 0.113721 -0.0090096 
945.707 2483.53 520.528 22.8298 0.257673 0.50629 0.118508 0.00722218 
2.47758 2754 515.674 22.7737 0.250546 1.06706 0.119247 0.006991 
555.885 3022.91 489.459 21.834 0.253026 1.63929 0.131824 -0.0270088 
2565.03 3168.59 434.213 20.0113 0.297432 0.0581033 0.155993 0.00999918 
122.332 3043.82 429.494 17.6881 0.311186 0.649079 0.186896 0.0155091 
-741.768 2608.36 373.574 19.2528 0.265326 1.53702 0.165979 0.0224078 
601.765 2411.23 253.4 40 -0.0899989 3.02867 0.143062 0 
601.765 2411.23 253.4 40 -0.0899989 3.02867 0.143062 0 
597.491 2420.53 253.291 39.6495 0.244186 3.14783 -0.188388 1.02859 
593.26 2430.08 253.85 38.8252 0.472124 3.38049 -0.176776 1.00718 
589.155 2440.08 254.867 37.6644 0.687398 3.61081 -0.165163 0.985775 
585.231 2450.55 256.318 36.1907 0.883674 3.83879 -0.153551 0.964367 
581.541 2461.47 258.165 34.437 1.05508 4.06442 -0.141939 0.942959 
578.132 2472.84 260.359 32.4448 1.19638 4.2877 -0.130327 0.921551 
575.046 2484.65 262.843 30.2628 1.30313 4.50864 -0.118714 0.900143 
572.315 2496.91 265.546 27.9461 1.37182 4.72724 -0.107102 0.878735 
569.962 2509.6 268.394 25.5542 1.4 4.94349 -0.0496951 0.857326 
568.003 2522.72 271.306 23.1455 1.4 5.15739 0.103079 0.835918 
566.441 2536.28 274.225 20.7547 1.4 5.36895 0.254716 0.81451 
565.274 2550.25 277.152 18.3816 1.4 5.57817 0.405226 0.793102 
564.499 2564.64 280.087 16.0262 1.4 5.78504 0.554617 0.771693 
564.112 2579.44 283.029 13.6882 1.4 5.98956 0.702895 0.750285 
564.111 2594.65 285.979 11.3676 1.4 6.19174 0.204076 0.188338 
564.494 2610.27 288.936 9.12113 1.20737 6.28 -0.0141888 -0.153262 
565.256 2626.06 291.516 7.21569 0.907622 6.28 -0.00258055 0.0520112 
566.344 2641.85 293.504 5.78937 0.576 6.28 0.00903479 0.0480827 
567.682 2657.64 294.834 5.12175 0.221649 6.28 0.0207398 0.0451836 
569.147 2673.43 295.458 5 0.0964995 6.28 0.660717 0.0420444 
570.638 2689.22 295.834 5.00001 0.11895 6.28 0.426332 0.0388302 
572.13 2705 296.254 5.00001 0.112415 6.28 0.537571 0.0350038 
573.624 2720.79 296.661 5.00001 0.138645 6.28 0.0830514 0.0712451 
575.119 2736.58 297.12 5.00001 -0.0183886 6.28 0.558241 0.0655988 
576.621 2752.37 297.266 5.00001 -0.0564054 6.28 0.758168 0.0591249 
578.126 2768.16 297.336 5.00001 -0.0557095 6.28 0.743981 0.0528467 
579.631 2783.95 297.407 5.00001 -0.0548446 6.28 0.728371 0.0445993 
581.136 2799.74 297.48 5.00001 -0.0539387 6.28 0.71241 -0.0145008 
582.642 2815.53 297.555 5.00001 -0.0530166 6.28 0.696309 -0.0119138 
584.148 2831.32 297.606 5.00001 -0.0520866 6.28 0.68014 -0.00986959 
585.654 2847.11 297.448 5.00001 -0.0511519 6.28 0.663932 0.00652764 
587.159 2862.9 297.291 5.00001 -0.0502143 6.28 0.647698 0.00911545 
588.663 2878.69 297.136 5.00001 -0.0492749 6.28 0.631449 0.00703638 
590.167 2894.48 296.983 5.00001 -0.0483341 6.28 0.615188 0.00518079 
591.671 2910.27 296.832 5.00001 -0.0473924 6.28 0.598919 0.00269975 
593.173 2926.06 296.682 5.00001 -0.0464499 6.28 0.582643 0.00175726 
594.675 2941.85 296.534 5.00001 -0.0455069 6.28 0.566363 0.00094737 
596.177 2957.64 296.389 5.00001 -0.0445635 6.28 0.550079 -0.000462436 
597.677 2973.43 296.245 5.00001 -0.0436197 6.28 0.533793 -0.00022947 
599.178 2989.22 296.103 5.00001 -0.0426756 6.28 0.517504 -0.000170262 
600.677 3005.01 295.963 5.00001 -0.0417313 6.28 0.501213 -0.00013662 
602.176 3020.8 295.825 5.00001 -0.0407869 6.28 0.48492 -0.000105806 
603.674 3036.59 295.688 5.00001 -0.039856 6.28 0.468627 -7.8452e-05 
605.172 3052.38 295.554 5.00003 -0.0361216 6.28 0.452491 -5.49425e-05 
606.669 3068.17 295.427 5.00001 -0.0341797 6.28 0.436205 -3.54709e-05 
608.166 3083.95 295.304 5 -0.0370928 6.28 0.419874 -2.0152e-05 
609.662 3099.74 295.175 5.00011 -0.0448988 6.28 0.403477 -9.08645e-06 
611.158 3115.53 295.03 5.01353 -0.0728291 6.28 0.387274 -0.000390812 
612.652 3131.32 294.83 5.21922 -0.0899903 6.21196 0.369 0 
612.652 3131.32 294.83 5.21922 -0.0899903 6.21196 0.369 0 
631.62 3362.84 294.415 6.89835 -0.818726 5.16933 1.15369 -0.983196 
646.949 3563.17 272.114 23.8041 0.682211 2.27731 -0.176776 -1.00718 
619.438 3676.98 293.915 5 0.0922644 -0.715515 0.547393 -0.985775 
638.603 3701.21 298.965 5 0.0922628 -3.6765 0.547393 -0.851767 
658 3636.83 304.014 5 0.0922614 -6.28 0.547394 0.0317215 
677.637 3494.54 309.064 5 0.0922614 -6.27999 0.547394 0.0645757 
697.578 3352.25 314.113 5 0.0922614 -6.27999 0.547394 0.0957591 
717.821 3209.97 319.163 5 0.0922614 -6.27998 0.547394 0.21122 
738.367 3067.68 324.212 5 0.0922615 -6.27995 0.547393 -0.00702149 
759.216 2925.4 329.262 5 0.0922575 -6.27991 0.547462 0.002897 
780.368 2783.11 334.311 5 0.0925632 -6.27985 0.542193 0.0152027 
801.822 2640.83 339.37 5 0.069307 -6.27973 0.647048 0.510291 
823.593 2498.55 343.733 5 -0.0485364 -6.27868 0.95802 0.103382 
845.696 2356.31 341.906 5 -0.0475898 -5.27683 0.941714 0.380734 
867.714 2244.04 340.108 5 -0.0466429 -3.50022 0.925408 0.000692125 
889.665 2184.93 338.338 5 -0.0456968 -3.49696 0.909102 0.00021922 
911.509 2125.92 336.596 5 -0.0447508 -3.49744 0.892796 0.000299194 
933.249 2066.9 334.882 5 -0.0438048 -3.49761 0.87649 0.000137962 
954.885 2007.88 333.197 5 -0.0428587 -3.49943 0.860184 0.00060691 
976.42 1948.79 331.541 5 -0.0419127 -3.49803 0.843878 0.000303581 
997.855 1889.75 329.912 5 -0.0409667 -3.4988 0.827571 0.000430832 
1019.19 1830.69 328.312 5 -0.0400206 -3.49847 0.811265 0.000188485 
1040.43 1771.64 326.74 5 -0.0390746 -3.49991 0.794959 -0.000191583 
1061.58 1712.54 325.196 5 -0.0381286 -3.50583 0.778653 0.00249851 
1082.63 1653.27 323.681 5 -0.0371825 -3.48606 0.762347 -0.00103689 
1103.59 1594.59 322.194 5 -0.0362365 -3.4989 0.746041 0.000233498 
1124.46 1535.52 320.736 5 -0.0352905 -3.49952 0.729735 0.000424489 
1145.24 1476.44 319.305 5 -0.0343444 -3.49837 0.713429 -0.000238072 
1165.94 1417.39 317.903 5 -0.0333984 -3.50367 0.697122 0.00126193 
1186.55 1358.18 316.53 5 -0.0324524 -3.49393 0.680816 4.31161e-05 
1207.08 1299.26 315.184 5 -0.0315063 -3.49656 0.66451 0.00018263 
1227.53 1240.27 313.867 5 -0.0305603 -3.49749 0.648204 0.000726358 
1247.9 1181.24 312.578 5 -0.0296143 -3.4916 0.631898 -0.000152129 
1268.19 1122.4 311.318 5 -0.0286682 -3.49658 0.615592 0.000589628 
1288.4 1063.4 310.086 5 -0.0277222 -3.491 0.599286 -3.87069e-05 
1308.54 1004.57 308.882 5 -0.0267762 -3.49442 0.58298 9.58338e-05 
1328.61 945.64 307.706 5 -0.0258301 -3.49554 0.566673 -9.2919e-05 
1348.61 886.675 306.559 5 -0.0332664 -3.50124 0.550367 0.000331078 
1368.54 827.54 305.189 5.19083 -0.0368044 -3.49487 0.534061 0.000125051 
1387.93 768.595 303.704 5.44654 -0.0377404 -3.49567 0.517755 7.54117e-05 
1406.62 709.627 302.179 5.69523 -0.0390353 -3.4927 0.501449 0.000114545 
1424.63 650.748 300.604 5.94644 -0.0426658 -3.4842 0.485143 -9.14391e-05 
1441.94 592.124 298.907 6.25285 -0.0478336 -3.48376 0.468837 -0.00335858 
1458.42 533.514 297.042 6.63871 -0.0388359 -3.7347 0.452531 0.00147736 
1473.85 467.395 295.427 6.76601 0.00634661 -3.59901 0.436224 0.0865941 
1488.85 405.337 295.157 5.8614 0.0131438 -2.12677 0.419918 0.0645597 
1506.04 387.332 295.135 5 -0.309613 -0.690112 0.403612 0.0436763 
1525.52 412.316 285.496 11.676 -1.31673 0.714067 0.387306 -0.000408082 
1529.05 479.33 245.4 40 -0.09 0.0527727 0.369 0 
1529.05 479.33 245.4 40 -0.09 0.0527727 0.369 0 
656.872 1.26552e-12 0.00297825 30.9437 1.39871 -0.257833 3.79518e-09 1.67261e-15 
3.7323 2.27284e-14 0.00315524 5.00216 1.32043e-13 -1.86135e-11 4.08353e-09 -4.30692e-17 
6.90273e-14 5.28827e-14 0.00315524 5.00216 9.42701e-14 -1.86129e-11 4.41252e-09 -4.30692e-17 
6.46388e-14 5.28827e-14 0.00315524 5.00216 9.42702e-14 -1.86129e-11 4.7926e-09 -4.30692e-17 
6.46388e-14 5.28827e-14 0.00315524 5.00216 9.42702e-14 -1.86129e-11 5.23637e-09 -4.30692e-17 
6.46388e-14 5.28827e-14 0.00315524 5.00216 9.42701e-14 -1.86129e-11 5.76093e-09 -4.30692e-17 
6.46388e-14 5.28827e-14 0.00315524 5.00216 9.42701e-14 -1.86129e-11 6.39009e-09 -4.30692e-17 
6.46388e-14 5.28827e-14 0.00315524 5.00216 9.42701e-14 -1.86129e-11 7.15795e-09 -4.30692e-17 
6.46388e-14 5.28827e-14 0.00315524 5.00216 9.42701e-14 -1.86129e-11 8.11526e-09 -4.30692e-17 
6.46388e-14 5.28827e-14 0.00315524 5.00216 9.42701e-14 -1.86129e-11 9.34083e-09 -4.30692e-17 
6.46388e-14 5.28827e-14 0.00315524 5.00216 9.42701e-14 -1.86129e-11 1.09642e-08 -4.30692e-17 
6.46388e-14 5.28827e-14 0.00315524 5.00216 9.42701e-14 -1.86129e-11 1.3214e-08 -4.30692e-17 
6.46388e-14 5.28827e-14 0.00315524 5.00216 9.42702e-14 -1.86129e-11 1.65356e-08 -4.30692e-17 
6.46388e-14 5.28827e-14 0.00315524 5.00216 9.42702e-14 -1.86129e-11 2.19271e-08 -4.30692e-17 
6.46388e-14 5.28827e-14 0.00315524 5.00216 9.42702e-14 -1.86129e-11 3.21822e-08 -4.30692e-17 
6.46388e-14 5.28827e-14 0.00315524 5.00216 9.42701e-14 -1.86129e-11 5.92282e-08 -4.30692e-17 
6.46388e-14 5.28827e-14 0.00315524 5.00216 9.41575e-14 -1.86129e-11 8.66421e-05 -4.30692e-17 
6.46388e-14 5.28827e-14 0.00315524 5.00216 9.21014e-14 -1.86129e-11 0.0103466 -4.30692e-17 
6.46388e-14 5.28827e-14 0.00315524 5.00216 8.7479e-14 -1.86129e-11 0.0219521 -4.30692e-17 
6.46388e-14 5.28827e-14 0.00315524 5.00216 8.29731e-14 -1.86129e-11 0.0335571 -4.30692e-17 
6.46388e-14 5.28827e-14 0.00315524 5.00216 7.84675e-14 -1.86129e-11 0.0451616 -4.30692e-17 
6.46388e-14 5.28827e-14 0.00315524 5.00216 7.39621e-14 -1.86129e-11 0.0567655 -4.30692e-17 
6.46388e-14 5.28827e-14 0.00315524 5.00216 6.94568e-14 -1.86129e-11 0.068369 -4.30692e-17 
6.46388e-14 5.28827e-14 0.00315524 5.00216 6.49513e-14 -1.86129e-11 0.0799719 -4.30692e-17 
6.46388e-14 5.28827e-14 0.00315524 5.00216 6.04456e-14 -1.86129e-11 0.0915744 -4.30692e-17 
6.46388e-14 5.28827e-14 0.00315524 5.00216 5.59393e-14 -1.86129e-11 0.103177 -4.30692e-17 
6.46388e-14 5.28827e-14 0.00315524 5.00216 5.14322e-14 -1.86129e-11 0.114778 -4.30692e-17 
6.46388e-14 5.28827e-14 0.00315524 5.00216 4.69241e-14 -1.86129e-11 0.12638 -4.30692e-17 
6.46388e-14 5.28827e-14 0.00315524 5.00216 4.24147e-14 -1.86129e-11 0.137982 -4.30692e-17 
6.46388e-14 5.28827e-14 0.00315524 5.00216 3.79039e-14 -1.86129e-11 0.149584 -4.30692e-17 
6.46388e-14 5.28827e-14 0.00315524 5.00216 3.33916e-14 -1.86129e-11 0.161187 -4.30692e-17 
6.46388e-14 5.28827e-14 0.00315524 5.00216 2.8878e-14 -1.86129e-11 0.17279 -4.30692e-17 
6.46388e-14 5.28827e-14 0.00315524 5.00216 2.43634e-14 -1.86129e-11 0.184394 -4.30692e-17 
6.46388e-14 5.28827e-14 0.00315524 5.00216 1.98482e-14 -1.86129e-11 0.195998 -4.30692e-17 
6.46388e-14 5.28827e-14 0.00315524 5.00216 1.53332e-14 -1.86129e-11 0.207602 -4.30692e-17 
6.46388e-14 5.28827e-14 0.00315524 5.00216 1.08194e-14 -1.86129e-11 0.219205 -4.30693e-17 
6.46388e-14 5.28827e-14 0.00315524 5.00216 6.30784e-15 -1.86129e-11 0.230808 -4.30692e-17 
6.46388e-14 5.28827e-14 0.00315524 5.00216 1.79952e-15 -1.86129e-11 0.242407 -4.30692e-17 
6.46388e-14 5.28827e-14 0.00315524 5.00216 -2.70502e-15 -1.86129e-11 0.254003 -4.30692e-17 
6.46388e-14 5.28827e-14 0.00315524 5.00216 -7.20631e-15 -1.86129e-11 0.265594 -4.30692e-17 
6.46388e-14 5.28827e-14 0.00315524 5.00216 -1.17064e-14 -1.86129e-11 0.277182 -4.30692e-17 
6.46388e-14 5.28827e-14 0.00315524 5.00216 -1.6209e-14 -1.86129e-11 0.288767 -4.30691e-17 
6.46388e-14 5.28827e-14 0.00315524 5.00216 -2.0718e-14 -1.86129e-11 0.300353 -4.3069e-17 
6.46388e-14 5.28827e-14 0.00315524 5.00216 -2.52347e-14 -1.86129e-11 0.311943 -4.30691e-17 
6.46388e-14 5.28827e-14 0.00315524 5.00216 -2.97517e-14 -1.86129e-11 0.323527 -4.3069e-17 
6.46388e-14 5.28827e-14 0.00315524 5.00216 -3.42497e-14 -1.86129e-11 0.335074 -4.3069e-17 
8.55099e-13 5.28827e-14 0.00315525 5.00214 1.049e-11 -1.85382e-11 0.346579 4.15372e-14 
1067.01 2.34224e-12 236.573 5 -1.4 6.28 0.357696 -4.17981e-14 
2792.75 2292.59 255.48 5.00216 -9.7321e-15 7.27529e-15 0.369 0 
2792.75 2292.59 255.48 5.00216 -9.7321e-15 7.27529e-15 0.369 0 
2821.71 2359.52 259.338 5 -0.694652 -2.44129 1.15369 -0.714787 
2851.56 2318.54 232.492 25.8682 0.590298 -6.26864 -0.176776 0.0166726 
2803.85 2108.45 260.963 5 0.110643 -6.27512 0.475234 0.0364538 
2832.99 1898.02 269.711 5 0.110643 -6.27683 0.475234 0.0409378 
2862.9 1687.52 278.46 5 0.110643 -6.27801 0.475234 0.0260014 
2893.59 1476.96 287.208 5 0.110643 -6.27872 0.475234 0.0123946 
2925.05 1266.37 295.957 5 0.110643 -6.27906 0.475234 0.159494 
2957.29 1055.76 304.705 5 0.110643 -6.27922 0.475234 0.251437 
2990.31 845.152 313.453 5 0.110643 -6.27928 0.475234 0.000785397 
3024.1 634.537 322.202 5 0.110643 -6.27923 0.475234 0.000451199 
3058.66 423.925 330.95 5 0.110643 -6.279 0.475234 0.00166424 
3094 213.322 339.699 5 0.110643 -6.19063 0.475235 0.79209 
3130.11 6.626 348.447 5 0.110645 -1.82203 0.475234 0.00789522 
3167.16 -6.97878 357.196 5 0.110645 -1.44382 0.475234 0.00482225 
3204.99 -3.86687 365.944 5 0.110645 -1.46917 0.475234 -0.00220518 
3243.6 -1.87541 374.693 5 0.110645 -1.51356 0.475234 0.00509032 
3282.98 -1.8457 383.441 5 0.110645 -1.51313 0.475233 0.00018366 
3323.13 -1.79737 392.19 5 0.110639 -1.51298 0.475337 -0.00309789 
3364.06 -1.74232 400.938 5 0.111315 -1.57604 0.463681 0.00467243 
3405.76 -4.47419 409.716 5 0.0350078 -1.4791 0.67147 -0.00169981 
3448.31 -2.92173 415.121 5 -0.0551603 -1.51056 0.827571 0.000960412 
3491.42 -2.75964 411.653 5 -0.0542143 -1.51621 0.811265 0.000106415 
3534.21 -2.84755 408.227 5 -0.0532682 -1.51422 0.794959 -3.99463e-05 
3576.71 -2.84746 404.842 5 -0.0523222 -1.51477 0.778653 2.03026e-05 
3618.9 -2.87171 401.499 5 -0.0513762 -1.51417 0.762347 7.74742e-05 
3660.8 -2.86934 398.198 5 -0.0504301 -1.51288 0.746041 0.000212171 
3702.4 -2.80977 394.939 5 -0.0494841 -1.51291 0.729735 -4.58641e-05 
3743.72 -2.75141 391.721 5 -0.0485381 -1.51386 0.713429 -1.84798e-05 
3784.74 -2.73516 388.546 5 -0.047592 -1.51469 0.697122 -9.25555e-06 
3825.49 -2.75575 385.412 5 -0.046646 -1.51473 0.680816 -8.42488e-06 
3865.96 -2.77791 382.32 5 -0.0457 -1.51477 0.66451 -7.0196e-06 
3906.15 -2.80187 379.27 5 -0.0447539 -1.51486 0.648204 -1.85663e-05 
3946.07 -2.82997 376.262 5 -0.0438079 -1.51522 0.631898 -4.92649e-05 
3985.73 -2.87376 373.295 5 -0.0428619 -1.51648 0.615592 1.57836e-05 
4025.12 -2.97334 370.37 5 -0.0419158 -1.51582 0.599286 1.19252e-05 
4064.25 -3.04388 367.488 5 -0.0409698 -1.51534 0.58298 7.99428e-05 
4103.13 -3.09318 364.646 5 -0.0400238 -1.51243 0.566673 0.000118906 
4141.75 -3.01364 361.847 5 -0.0390777 -1.50767 0.550367 2.49227e-05 
4180.13 -2.72384 359.09 5 -0.0381317 -1.50509 0.534061 -9.21775e-05 
4218.25 -2.32004 356.374 5 -0.0371857 -1.50423 0.517755 -0.0153098 
4256.14 -1.8783 353.7 5 -0.0362402 -2.65883 0.501449 0.00903384 
4293.75 -52.4697 351.068 5 -0.037622 -1.64351 0.485143 0.150856 
4331.17 -58.1841 348.375 5.0783 -0.0433548 1.16902 0.468837 0.129449 
4368.17 60.4153 345.423 5.35868 -0.0447765 3.93424 0.452531 0.0592985 
4404.02 301.238 342.388 5.63798 -0.0363681 6.28 0.436224 -0.00151354 
4438.68 645.743 339.706 5.58593 -0.0190999 6.28 0.419918 0.000121436 
4473.27 990.249 337.79 5 -0.132173 6.28 0.403612 -1.13848e-05 
4509.87 1334.75 330.917 8.417 -0.998084 6.28 0.387306 -0.00749008 
4534.53 1679.27 285.53 40 -0.09 3.99332 0.369 0 
4534.53 1679.27 285.53 40 -0.09 3.99332 0.369 0 
4505.77 1749.37 282.385 36.7086 1.3684 2.2528 -0.188388 -0.839161 
4479.8 1798.09 297.22 23.1606 1.4 2.97145 -0.176776 -1.00718 
4467.53 1855.63 312.709 11.0746 -0.124111 0.546553 -0.165163 -0.985776 
4467.88 1883.37 309.715 14.1935 -1.4 -1.86498 0.196984 -0.964367 
4465.38 1881.49 290.986 25.5778 -1.4 -4.26313 1.04889 -0.40107 
4451.19 1850.16 272.033 35.3149 -0.353516 -6.28 -0.130327 0.000572737 
4426.68 1794.07 265.743 35.1319 -0.352624 -6.28 -0.118714 0.0126703 
4402.19 1737.97 259.468 34.949 -0.351731 -6.28 -0.107102 0.00357359 
4377.72 1681.87 253.208 34.766 -0.350837 -6.28 -0.0954898 0.000430761 
4353.28 1625.78 246.962 34.583 -0.349942 -6.28 -0.0838776 0.00147288 
4328.87 1569.68 240.73 34.4001 -0.349046 -6.28 -0.0722653 0.00374207 
4304.48 1513.59 234.514 34.2171 -0.34815 -6.28 -0.0606531 0.000266906 
4280.12 1457.49 228.311 34.034 -0.347257 -6.28 -0.0490408 0.0010345 
4255.79 1401.39 222.124 33.851 -0.346371 -6.28 -0.0374286 0.00501321 
4231.49 1345.29 215.951 33.6681 -0.345489 -6.28 -0.0258163 0.000849843 
4207.21 1289.2 209.792 33.4853 -0.344603 -6.28 -0.0142041 0.00772901 
4182.96 1233.1 203.648 33.3025 -0.343701 -6.28 -0.00259184 0.000698666 
4158.74 1177 197.518 33.1196 -0.342776 -6.28 0.00902041 0.000415536 
4134.55 1120.91 191.404 32.9364 -0.34184 -6.28 0.0206327 0.00138783 
4110.39 1064.81 185.304 32.7529 -0.340929 -6.28 0.0322449 0.105088 
4086.26 1008.71 179.22 32.5692 -0.340085 -6.28 0.0438571 0.00439501 
4062.16 952.611 173.149 32.3861 -0.339322 -6.28 0.0554694 0.00117422 
4038.09 896.513 167.091 32.2041 -0.338578 -6.28 0.0670816 -0.000487969 
4014.05 840.415 161.046 32.0235 -0.337709 -6.28 0.0786939 -0.000821654 
3990.03 784.316 155.016 31.843 -0.336565 -6.28 0.0903061 0.00850813 
3966.05 728.218 149.003 31.6599 -0.335143 -6.28 0.101918 0.0386412 
3942.1 672.119 143.011 31.4718 -0.333745 -6.28 0.113531 0.42229 
3918.19 616.02 137.039 31.2795 -0.332942 -5.14466 0.125143 0.450571 
3894.33 573.867 131.082 31.0888 -0.333228 -3.09723 0.136755 0.429163 
3870.53 556.865 125.125 30.9097 -0.334401 -1.06333 0.148367 0.407755 
3846.78 564.846 119.156 30.7496 -0.335092 0.957032 0.15998 0.386347 
3823.06 597.646 113.183 30.6025 -0.333095 2.96386 0.171592 0.364939 
3799.36 655.096 107.237 30.4423 -0.326938 4.95713 0.183204 0.00439953 
3775.69 737.032 101.37 30.231 -0.318215 6.28 0.194816 -0.136469 
3752.09 835.217 95.6136 29.9488 -0.312898 6.28 0.206429 0.00559057 
3728.63 933.402 89.9285 29.6333 -0.319187 6.28 0.218041 4.05034e-05 
3705.34 1031.59 84.1723 29.3955 -0.340801 6.28 0.229653 -0.0154383 
3682.14 1129.77 78.1554 29.3724 -0.368472 6.28 0.241265 -0.00030023 
3658.83 1227.96 71.799 29.6034 -0.377123 6.28 0.252878 -4.37226e-05 
3635.14 1326.14 65.3317 29.8906 -0.337455 6.28 0.26449 -3.66405e-05 
3610.99 1424.33 59.3461 29.7777 -0.243644 6.28 0.276102 -2.74321e-05 
3586.79 1522.51 54.5151 28.7908 -0.143022 6.28 0.287714 -1.86028e-05 
3563.41 1620.7 50.9395 26.9363 -0.137392 6.28 0.299327 -1.05127e-05 
3541.77 1718.88 47.4696 25.1713 -0.326348 6.28 0.310939 -4.09169e-06 
3521.83 1817.06 41.7133 25.3072 -0.696651 6.28 0.322551 -6.25654e-08 
3501.7 1915.24 31.4056 28.8867 -1.02447 6.28 0.334163 9.71315e-07 
3477.88 2013.43 17.0006 35.2369 -0.9097 6.28 0.345776 -1.63142e-05 
3447.42 2111.62 3.88035 40 -0.0363124 6.28 0.357388 -0.00213601 
3411.74 2209.81 1.39489 36.4821 1.4 4.93136 0.369 0 
3553.32 4870.17 1207.25 20.9111 0.286504 0 0.144062 0 
3553.32 4870.17 1207.25 20.9111 0.286504 -4.45034e-10 0.144062 -2.41229e-05 
3553.32 4870.17 1207.25 20.9119 0.287106 -0.0401336 0.144051 3.4478e-05 
697.041 4860.38 1250.88 20.7101 0.289348 -0.0407476 0.146736 0.000159493 
1667.34 4116.9 1251.81 20.5515 0.291227 -0.0495262 0.148848 0.000289883 
2094.81 2794.02 1227.35 20.7466 0.288662 -0.0224739 0.146251 0.000132653 
2278.54 2188.92 1215.96 20.8395 0.287443 -0.00975212 0.145014 5.77156e-05 
2357.36 1925.67 1210.98 20.8804 0.286906 -0.00417321 0.144469 2.46957e-05 
2391.18 1813.03 1208.85 20.8979 0.286677 -0.0017873 0.144237 1.05991e-05 
2405.68 1764.68 1207.93 20.9055 0.286578 -0.000758013 0.144136 4.52323e-06 
2411.91 1744.05 1207.53 20.9087 0.286535 -0.000312409 0.144093 1.88768e-06 
2414.58 1735.44 1207.36 20.9101 0.286517 -0.00012148 0.144074 7.6203e-07 
2415.73 1731.96 1207.29 20.9107 0.286509 -3.84268e-05 0.144066 2.74431e-07 
2416.22 1730.71 1207.25 20.911 0.286505 -1.66463e-06 0.144063 6.14387e-08 
2416.43 1730.42 1207.24 20.9111 0.286504 1.55137e-05 0.144061 -3.52892e-08 
2416.52 1730.58 1207.23 20.9112 0.286503 2.44219e-05 0.14406 -8.24481e-08 
2416.56 1730.95 1207.23 20.9112 0.286502 2.99882e-05 0.14406 -1.09151e-07 
2416.57 1731.45 1207.22 20.9112 0.286502 3.43392e-05 0.14406 -1.27724e-07 
2416.58 1732.03 1207.22 20.9112 0.286502 3.84698e-05 0.144059 -1.44008e-07 
2416.58 1732.68 1207.22 20.9113 0.286502 4.28165e-05 0.144059 -1.60307e-07 
2416.59 1733.41 1207.21 20.9113 0.286501 4.76562e-05 0.144059 -1.78097e-07 
2416.59 1734.21 1207.21 20.9113 0.286501 5.31592e-05 0.144058 -1.98006e-07 
2416.59 1735.11 1207.2 20.9113 0.2865 5.95222e-05 0.144058 -2.20866e-07 
2416.58 1736.11 1207.2 20.9114 0.2865 6.6929e-05 0.144058 -2.47302e-07 
2416.58 1737.23 1207.19 20.9114 0.286499 7.56112e-05 0.144057 -2.78009e-07 
2416.58 1738.49 1207.18 20.9115 0.286499 8.58816e-05 0.144057 -3.14088e-07 
2416.58 1739.91 1207.17 20.9115 0.286498 9.81129e-05 0.144056 -3.56707e-07 
2416.58 1741.53 1207.16 20.9116 0.286497 0.000112798 0.144055 -4.07301e-07 
2416.58 1743.38 1207.15 20.9116 0.286496 0.000130619 0.144054 -4.6801e-07 
2416.58 1745.5 1207.13 20.9117 0.286495 0.000152478 0.144053 -5.41516e-07 
2416.58 1747.95 1207.11 20.9118 0.286493 0.000179614 0.144051 -6.31247e-07 
2416.57 1750.81 1207.08 20.912 0.286491 0.000213806 0.14405 -7.41983e-07 
2416.57 1754.17 1207.04 20.9121 0.286489 0.000257669 0.144047 -8.80527e-07 
2416.56 1758.16 1207 20.9124 0.286485 0.000315112 0.144045 -1.0559e-06 
2416.56 1762.95 1206.94 20.9126 0.286481 0.000392366 0.144041 -1.2817e-06 
2416.55 1768.76 1206.85 20.913 0.286475 0.000499612 0.144036 -1.57753e-06 
2416.54 1775.9 1206.72 20.9135 0.286468 0.000654376 0.14403 -1.97372e-06 
2416.52 1784.85 1206.54 20.9141 0.286457 0.000887939 0.144021 -2.51758e-06 
2416.49 1796.25 1206.24 20.9151 0.286441 0.00125842 0.144009 -3.28835e-06 
2416.43 1811.15 1205.74 20.9164 0.286417 0.00187666 0.14399 -4.42492e-06 
2416.34 1831.2 1204.87 20.9185 0.286377 0.00295826 0.143962 -6.19436e-06 
2416.17 1859.26 1203.3 20.9221 0.286308 0.00492364 0.143915 -9.16291e-06 
2415.85 1900.77 1200.36 20.9285 0.286182 0.00857805 0.14383 -1.4595e-05 
2415.24 1966.89 1194.88 20.9408 0.285942 0.0154034 0.143666 -2.49571e-05 
2414.1 2079.93 1184.7 20.9616 0.285521 0.0280711 0.143389 -4.25155e-05 
2411.87 2272.48 1165.4 20.9822 0.284932 0.0520895 0.143115 -6.07989e-05 
2406.86 2547.62 1124.85 20.9674 0.284339 0.102499 0.143312 -5.26853e-05 
2392.68 2784.79 1027.24 20.8759 0.28353 0.223576 0.144529 -3.55569e-06 
2337.53 2727.45 780.277 20.7481 0.280652 0.504407 0.146208 -0.000624466 
362.935 2295.37 200.383 22.7456 1.87864e-05 0.0295009 0.143062 0 
362.935 2295.37 200.383 22.7456 1.87864e-05 0.0295009 0.143062 0 
353.987 2312.79 200.422 21.9604 0.689664 0.0301986 -0.154207 0.111073 
345.575 2330.22 207.985 15.6601 0.805948 0.0977408 -0.112943 0.0990211 
342.8 2348.39 216.923 8.82372 0.337913 0.158056 0.267552 0.0884423 
346.288 2367.2 220.885 6.16716 -0.210496 0.212039 0.764434 0.0791613 
352.301 2386.61 218.921 8.00379 -0.217753 0.260468 0.720029 0.0710069 
356.67 2406.54 216.845 9.79156 -0.10767 0.304011 0.595859 0.0638302 
359.411 2426.94 215.937 10.6001 -0.0165344 0.34325 0.506691 0.057502 
361.406 2447.77 216.008 10.6391 0.0118154 0.378697 0.483101 0.0519096 
363.363 2468.99 216.387 10.4518 0.00545543 0.410792 0.490943 0.046955 
365.494 2490.56 216.699 10.3267 -0.00739151 0.439919 0.501833 0.0425532 
367.743 2512.45 216.874 10.3117 -0.0152668 0.466409 0.506095 0.0386304 
370.012 2534.62 216.963 10.3609 -0.0176576 0.49055 0.504614 0.0351225 
372.24 2557.06 217.026 10.4272 -0.0173462 0.51259 0.500686 0.0319743 
374.412 2579.74 217.091 10.4881 -0.0165909 0.532744 0.496535 0.029138 
376.532 2602.63 217.163 10.5404 -0.0163168 0.551201 0.4929 0.0265723 
378.608 2625.73 217.236 10.5885 -0.0165635 0.568121 0.489685 0.0242419 
380.644 2649.01 217.307 10.6367 -0.0170769 0.583645 0.486591 0.0221163 
382.64 2672.46 217.371 10.6872 -0.0176404 0.597897 0.483408 0.0201695 
384.593 2696.07 217.428 10.7404 -0.0181584 0.610984 0.480066 0.0183794 
386.501 2719.82 217.478 10.7957 -0.0186199 0.622998 0.476578 0.0167272 
388.363 2743.7 217.523 10.8526 -0.0190447 0.634024 0.472978 0.0151971 
390.175 2767.7 217.562 10.9107 -0.0194537 0.644133 0.469289 0.0137759 
391.939 2791.81 217.595 10.9698 -0.0198648 0.653391 0.465522 0.0124525 
393.651 2816.02 217.623 11.0299 -0.0202981 0.661857 0.461679 0.0112182 
395.312 2840.32 217.645 11.0912 -0.0207712 0.669583 0.457766 0.0100654 
396.92 2864.71 217.661 11.154 -0.0212789 0.676619 0.453793 0.00898856 
398.474 2889.17 217.67 11.2184 -0.0217671 0.68301 0.449779 0.007983 
399.972 2913.71 217.673 11.2843 -0.022131 0.688798 0.445738 0.00704523 
401.412 2938.3 217.67 11.3504 -0.0222715 0.694025 0.441671 0.00617262 
402.795 2962.96 217.665 11.4149 -0.0222051 0.698728 0.437561 0.00536322 
404.122 2987.66 217.66 11.4763 -0.0221662 0.702947 0.433389 0.0046156 
405.395 3012.41 217.654 11.535 -0.0225805 0.706717 0.429158 0.00392875 
406.617 3037.21 217.642 11.595 -0.0238143 0.710075 0.424915 0.00330189 
407.786 3062.03 217.616 11.663 -0.0257435 0.713058 0.420744 0.00273434 
408.896 3086.89 217.568 11.7442 -0.0274146 0.7157 0.416729 0.00222545 
409.934 3111.78 217.5 11.8354 -0.0272203 0.718037 0.412889 0.0017744 
410.892 3136.7 217.433 11.9204 -0.0238674 0.720104 0.409145 0.00138015 
411.773 3161.64 217.4 11.9733 -0.0178829 0.721934 0.405357 0.00104133 
412.605 3186.6 217.432 11.9747 -0.0126729 0.723561 0.401424 0.000756111 
413.437 3211.57 217.521 11.9348 -0.0137803 0.725017 0.397379 0.00052219 
414.305 3236.56 217.598 11.9088 -0.0255721 0.726333 0.393423 0.000336645 
415.2 3261.57 217.547 11.9843 -0.046329 0.727538 0.389808 0.000195902 
416.033 3286.59 217.269 12.2281 -0.0649147 0.728659 0.386652 9.56609e-05 
416.651 3311.62 216.784 12.6101 -0.0632439 0.729721 0.383819 3.08435e-05 
416.924 3336.66 216.311 12.9525 -0.0267953 0.730744 0.381033 -4.46142e-06 
416.881 3361.72 216.229 12.9699 0.0399768 0.731745 0.378126 -1.70395e-05 
416.806 3386.78 216.874 12.4344 0.102966 0.732739 0.375183 -1.45802e-05 
417.199 3411.86 218.213 11.4164 0.105109 0.733733 0.37244 -5.70726e-06 
418.509 3436.94 219.594 10.4542 -0.00225297 0.734732 0.369 0 
418.509 3436.94 219.594 10.4542 -0.00225297 0.734732 0.369 0 
447.263 3381.97 256.275 21.4422 -1.707e-06 -0.299362 0.482653 -1.47154e-15 
475.979 3326.99 291.676 22.4101 -2.49014e-07 -0.312428 0.480306 -9.57302e-17 
504.659 3272.01 325.814 22.4922 -2.48068e-07 -0.312593 0.477959 4.49515e-18 
533.302 3217.04 358.696 22.4992 -2.48066e-07 -0.312595 0.475612 -3.05037e-17 
561.909 3162.06 390.317 22.4998 -2.48066e-07 -0.312595 0.473265 -1.14502e-16 
590.481 3107.08 420.666 22.4998 -2.48065e-07 -0.312595 0.470918 -4.84322e-17 
619.018 3052.1 449.729 22.4998 -2.48065e-07 -0.312595 0.468571 -3.57948e-17 
647.52 2997.13 477.485 22.4998 -2.48065e-07 -0.312595 0.466224 5.47941e-17 
675.989 2942.15 503.908 22.4998 -2.48065e-07 -0.312595 0.463878 8.24803e-17 
704.424 2887.17 528.973 22.4998 -2.48065e-07 -0.312595 0.461531 3.89721e-17 
732.827 2832.2 552.647 22.4998 -2.48065e-07 -0.312595 0.459184 -5.03856e-17 
761.197 2777.22 574.898 22.4998 -2.48065e-07 -0.312595 0.456837 3.20488e-18 
789.535 2722.24 595.69 22.4998 -2.48066e-07 -0.312595 0.45449 6.19305e-18 
817.842 2667.26 614.987 22.4998 -2.48066e-07 -0.312595 0.452143 -7.27861e-18 
846.119 2612.29 632.752 22.4998 -2.48066e-07 -0.312595 0.449796 -5.94424e-17 
874.365 2557.31 648.946 22.4998 -2.48067e-07 -0.312595 0.447449 -2.37798e-17 
902.581 2502.33 663.531 22.4998 -2.48067e-07 -0.312595 0.445102 -3.33296e-17 
930.769 2447.35 676.47 22.4998 -2.48068e-07 -0.312595 0.442755 5.59949e-17 
958.927 2392.38 687.729 22.4998 -2.48068e-07 -0.312595 0.440408 -2.6734e-17 
987.058 2337.4 697.275 22.4998 -2.48068e-07 -0.312595 0.438061 2.43742e-18 
1015.16 2282.42 705.078 22.4998 -2.48069e-07 -0.312595 0.435714 -1.08576e-16 
1043.24 2227.45 711.114 22.4998 -2.48069e-07 -0.312595 0.433367 -5.50835e-18 
1071.29 2172.47 715.362 22.4998 -2.4807e-07 -0.312595 0.43102 -1.69134e-17 
1099.31 2117.49 717.807 22.4998 -2.4807e-07 -0.312595 0.428673 1.42674e-18 
1127.31 2062.51 718.442 22.4998 -2.48071e-07 -0.312595 0.426327 -3.93235e-18 
1155.28 2007.54 717.263 22.4998 -2.48071e-07 -0.312595 0.42398 3.48015e-17 
1183.23 1952.56 714.275 22.4998 -2.48071e-07 -0.312595 0.421633 -5.26909e-18 
1211.15 1897.58 709.489 22.4998 -2.48072e-07 -0.312595 0.419286 -1.62033e-17 
1239.05 1842.6 702.92 22.4998 -2.48072e-07 -0.312595 0.416939 -1.89087e-18 
1266.93 1787.63 694.591 22.4998 -2.48073e-07 -0.312595 0.414592 6.614e-18 
1294.79 1732.65 684.528 22.4998 -2.48073e-07 -0.312595 0.412245 1.02081e-17 
1322.62 1677.67 672.761 22.4998 -2.48073e-07 -0.312595 0.409898 2.23703e-17 
1350.44 1622.7 659.324 22.4998 -2.48073e-07 -0.312595 0.407551 2.40674e-17 
1378.23 1567.72 644.252 22.4998 -2.48074e-07 -0.312595 0.405204 9.08606e-19 
1406 1512.74 627.583 22.4998 -2.48074e-07 -0.312595 0.402857 6.54264e-18 
1433.75 1457.76 609.354 22.4998 -2.48074e-07 -0.312595 0.40051 -3.25486e-17 
1461.49 1402.79 589.604 22.4998 -2.48074e-07 -0.312595 0.398163 -1.52191e-17 
1489.2 1347.81 568.37 22.4998 -2.48074e-07 -0.312595 0.395816 -1.35383e-17 
1516.9 1292.83 545.689 22.4998 -2.48074e-07 -0.312595 0.393469 -1.13443e-17 
1544.58 1237.86 521.594 22.4998 -2.48073e-07 -0.312595 0.391122 -8.92122e-18 
1572.24 1182.88 496.118 22.4998 -2.48073e-07 -0.312595 0.388776 1.2892e-17 
1599.89 1127.9 469.292 22.4998 -2.48072e-07 -0.312595 0.386429 -1.21915e-17 
1627.52 1072.92 441.142 22.4998 -2.48071e-07 -0.312595 0.384082 -2.91217e-18 
1655.13 1017.95 411.691 22.4998 -2.4807e-07 -0.312595 0.381735 7.73988e-19 
1682.73 962.969 380.958 22.4998 -2.48068e-07 -0.312595 0.379388 -7.39926e-19 
1710.31 907.992 348.958 22.4998 -2.48065e-07 -0.312594 0.377041 -7.15035e-18 
1737.89 853.014 315.699 22.4998 -2.48062e-07 -0.312546 0.374694 -1.00218e-19 
1765.44 798.037 281.183 22.4999 -2.47896e-07 -0.308698 0.372347 -3.46541e-18 
1792.99 743.06 245.4 22.5 -6.62174e-13 -0.00397612 0.369 0 
1792.99 743.06 245.4 22.5 -6.62174e-13 -0.00397612 0.369 0 
1773.26 783.197 247.182 22.0293 0.851864 1.66857 -0.188388 0.986045 
1754.22 867.972 271.72 5 0.123472 4.74072 0.424891 0.442685 
1773.35 1034.71 277.546 5 0.123473 6.20307 0.424891 1.47782e-05 
1792.83 1240.48 283.372 5 0.123473 6.21044 0.424891 -0.00341153 
1812.63 1446.44 289.198 5 0.123473 6.2068 0.424891 -0.00343925 
1832.73 1652.31 295.024 5 0.123473 6.20268 0.424891 -0.00345888 
1853.15 1858.06 300.85 5 0.123473 6.19812 0.424891 -0.00350972 
1873.87 2063.7 306.676 5 0.123473 6.193 0.424891 -0.00357893 
1894.91 2269.19 312.502 5 0.123473 6.18718 0.424891 -0.00367102 
1916.26 2474.54 318.328 5 0.123473 6.18054 0.424891 -0.00379682 
1937.92 2679.7 324.154 5 0.123473 6.17287 0.424892 -0.00397497 
1959.89 2884.66 329.98 5 0.123473 6.16392 0.424892 -0.00423598 
1982.18 3089.38 335.806 5 0.123473 6.15335 0.424892 -0.00462429 
2004.77 3293.82 341.632 5 0.123473 6.14059 0.424893 -0.00515345 
2027.68 3497.92 347.458 5 0.123473 6.12485 0.424885 -0.0055313 
2050.9 3701.6 353.284 5 0.123439 6.10558 0.425477 -0.00541895 
2074.43 3904.77 359.109 5 0.125757 6.0809 0.385512 -0.00785797 
2098.26 4107.27 364.996 5 -0.031334 6.0418 0.686311 -0.00714399 
2122.5 4308.73 366.69 5 -0.0669503 6.03468 0.860171 -0.00198882 
2146.85 4510.01 364.08 5 -0.0660051 5.96693 0.843871 -0.158311 
2171.05 4709.47 361.495 5 -0.0650598 5.04665 0.827567 -0.310601 
2195.1 4884.37 358.936 5 -0.0641147 3.4573 0.811262 -0.371151 
2218.97 5016.86 356.402 5 -0.0631697 1.60054 0.794957 -0.379222 
2242.67 5099.79 353.892 5 -0.0622247 -0.327589 0.778651 -0.356738 
2266.19 5131.26 351.409 5 -0.0612797 -2.21849 0.762345 -0.304254 
2289.54 5112.26 348.95 5 -0.0603346 -3.95881 0.746039 -0.207319 
2312.72 5046.82 346.517 5 -0.0593893 -5.34336 0.729733 -0.0682654 
2335.75 4944.43 344.108 5 -0.0584437 -6.02375 0.713427 0.00406466 
2358.62 4823.87 341.725 5 -0.0574977 -6.03988 0.697121 -0.00297896 
2381.37 4702.89 339.368 5 -0.0565516 -6.05251 0.680815 -0.0015435 
2403.99 4581.56 337.035 5 -0.0556056 -6.087 0.664509 -0.000841949 
2426.49 4459.32 334.728 5 -0.0546596 -6.11048 0.648203 -0.000905547 
2448.86 4336.45 332.446 5 -0.0537136 -6.12885 0.631897 -0.00069936 
2471.11 4213.09 330.189 5 -0.0527676 -6.14387 0.615591 -0.000452841 
2493.24 4089.33 327.958 5 -0.0518216 -6.15609 0.599285 -0.000276156 
2515.25 3965.25 325.752 5 -0.0508755 -6.16623 0.582979 -0.000161984 
2537.13 3840.89 323.571 5 -0.0499295 -6.17482 0.566673 -9.02581e-05 
2558.91 3716.31 321.415 5 -0.0489835 -6.1822 0.550367 -4.59112e-05 
2580.56 3591.52 319.285 5 -0.0480375 -6.18861 0.534061 -1.88809e-05 
2602.1 3466.57 317.179 5 -0.0470914 -6.19424 0.517755 -2.77369e-06 
2623.53 3341.46 315.099 5 -0.0461454 -6.19921 0.501448 6.42383e-06 
2644.85 3216.23 313.045 5 -0.0451994 -6.20363 0.485142 1.11414e-05 
2666.05 3090.87 311.015 5 -0.0442533 -6.2076 0.468836 1.11914e-05 
2687.15 2965.41 309.011 5 -0.0433073 -6.21121 0.45253 4.28815e-06 
2708.14 2839.85 307.032 5 -0.0423613 -6.21446 0.436224 1.54355e-05 
2729.02 2714.21 305.078 5 -0.0414152 -6.21748 0.419918 1.76754e-05 
2749.8 2588.49 303.15 5 -0.315489 -6.19632 0.403612 0.00671638 
2770.62 2463.33 293.907 10.5843 -1.4 -4.73632 0.387304 0.000142214 
2779.61 2377.14 255.48 38.2631 -0.0899922 -4.24047 0.369 0 
2779.61 2377.14 255.48 38.2631 -0.0899922 -4.24047 0.369 0 
2720.54 2286.59 258.188 37.2257 1.4 1.9603 -0.188388 0.265861 
2663.47 2391.96 308.027 5 0.334767 6.2311 -0.176775 -0.000533082 
2691.94 2632.21 325.84 5 0.334094 6.22863 -0.165163 -0.00054966 
2721.53 2872.38 343.633 5 0.33342 6.22497 -0.153551 -0.000544604 
2752.24 3112.43 361.403 5 0.332746 6.22076 -0.141938 -0.000543614 
2784.08 3352.35 379.153 5 0.332072 6.21585 -0.130326 -0.000553382 
2817.05 3592.11 396.881 5 0.331399 6.21005 -0.118714 -0.000572325 
2851.14 3831.69 414.588 5 0.330725 6.2031 -0.107102 -0.000598033 
2886.35 4071.05 432.274 5 0.330051 6.19463 -0.0954892 -0.000629929 
2922.67 4310.15 449.938 5 0.329378 6.18405 -0.0838769 -0.000672801 
2960.12 4548.91 467.582 5 0.328704 6.17049 -0.0722646 -0.000747529 
2998.69 4787.24 485.203 5 0.32803 6.15248 -0.0606523 -0.000906804 
3038.37 5025 502.804 5 0.327356 6.12746 -0.04904 -0.00115428 
3079.16 5261.97 520.383 5 0.326683 6.09131 -0.0374276 -0.000752662 
3121.07 5497.8 537.941 5 0.326009 6.03221 -0.0258152 -0.00443205 
3164.08 5731.76 555.478 5 0.325335 5.89603 -0.0142027 -0.0101766 
3208.21 5961.42 572.993 5 0.324661 4.9959 -0.0025901 -0.206582 
3253.42 6162.64 590.488 5 0.323985 0.0776826 0.00902272 -0.203406 
3299.61 6208.46 607.96 5 0.323308 -4.95527 0.0206361 -0.0128172 
3346.79 6095.26 625.412 5 0.322633 -5.90837 0.0322519 -0.00209212 
3395.05 5951.95 642.842 5 0.264075 -6.02351 0.36855 -0.000876993 
3444.44 5804.99 658.421 5 -0.240506 -6.08748 0.811258 -0.000476582 
3495.14 5656.02 645.608 5 -0.239561 -6.12578 0.794956 -0.000270802 
3545.02 5505.83 632.824 5 -0.238615 -6.15136 0.778651 -0.000158041 
3594.1 5354.84 620.07 5 -0.237669 -6.16966 0.762345 -9.23744e-05 
3642.36 5203.27 607.346 5 -0.236723 -6.1834 0.746039 -5.21554e-05 
3689.82 5051.26 594.652 5 -0.235777 -6.1941 0.729734 -2.67097e-05 
3736.47 4898.92 581.988 5 -0.234831 -6.20267 0.713428 -1.03468e-05 
3782.33 4746.31 569.353 5 -0.233885 -6.20969 0.697122 1.83749e-07 
3827.38 4593.47 556.749 5 -0.232939 -6.21553 0.680816 6.84609e-06 
3871.63 4440.45 544.174 5 -0.231993 -6.22049 0.66451 1.0882e-05 
3915.09 4287.27 531.629 5 -0.231047 -6.22473 0.648203 1.31066e-05 
3957.75 4133.96 519.115 5 -0.230101 -6.22841 0.631897 1.40713e-05 
3999.62 3980.53 506.63 5 -0.229155 -6.23163 0.615591 1.41595e-05 
4040.69 3827 494.175 5 -0.228209 -6.23448 0.599285 1.36437e-05 
4080.98 3673.38 481.75 5 -0.227263 -6.23701 0.582979 1.27212e-05 
4120.48 3519.68 469.354 5 -0.226317 -6.23927 0.566673 1.15377e-05 
4159.2 3365.91 456.989 5 -0.225371 -6.2413 0.550367 1.02022e-05 
4197.13 3212.08 444.653 5 -0.224425 -6.24315 0.534061 8.79742e-06 
4234.28 3058.18 432.348 5 -0.223479 -6.24482 0.517755 7.38696e-06 
4270.65 2904.24 420.072 5 -0.222533 -6.24635 0.501449 6.02021e-06 
4306.24 2750.24 407.826 5 -0.221587 -6.24776 0.485143 4.73593e-06 
4341.06 2596.2 395.611 5 -0.220641 -6.24905 0.468836 3.56471e-06 
4375.1 2442.12 383.424 5 -0.219695 -6.25024 0.45253 2.53071e-06 
4408.37 2288.01 371.268 5 -0.218748 -6.25134 0.436224 1.65303e-06 
4440.88 2133.86 359.142 5 -0.217802 -6.25237 0.419918 8.53047e-07 
4472.61 1979.67 347.046 5 -0.216857 -6.25331 0.403612 2.09259e-05 
4503.57 1825.46 334.979 5 -1.4 -5.99388 0.37253 8.63768e-05 
4534.53 1679.44 285.53 36.3623 -0.00111435 -3.02114 0.369 0 
4534.53 1679.44 285.53 36.3623 -0.00111435 -3.02114 0.369 0 
4506.88 1661.43 283.601 32.3902 1.4 -1.52293 -0.188388 0.656136 
4483.13 1663.75 300.768 15.2074 1.13863 0.430796 -0.176775 -0.0932865 
4478.62 1692.57 314.762 5 -1.30355 -0.00742429 -0.0355041 -0.481242 
4486.25 1715.42 295.844 20.8197 -1.4 -1.86479 1.10477 -0.533409 
4476.17 1713.1 275.273 32.221 -0.433547 -3.786 -0.00367625 -0.367942 
4452.85 1684.71 267.567 33.302 -0.31301 -5.30845 -0.130326 -0.144489 
4428.09 1635.67 261.472 33.119 -0.312117 -6.02282 -0.118714 -0.00281194 
4403.37 1576.94 255.394 32.9361 -0.311223 -6.04025 -0.107102 0.0390253 
4378.67 1517.97 249.331 32.7531 -0.310329 -5.82729 -0.0954897 0.028817 
4354.02 1461.89 243.285 32.5701 -0.309436 -5.66359 -0.0838775 0.010553 
4329.4 1408.03 237.255 32.3872 -0.308543 -5.60207 -0.0722652 0.00377072 
4304.81 1355 231.241 32.2042 -0.307649 -5.58033 -0.060653 0.00797608 
4280.26 1302.27 225.244 32.0212 -0.306755 -5.5296 -0.0490407 0.0155755 
4255.74 1250.23 219.262 31.8382 -0.30586 -5.42367 -0.0374285 0.0210517 
4231.27 1199.63 213.296 31.6553 -0.304966 -5.27264 -0.0258162 0.0232304 
4206.83 1151.07 207.347 31.4723 -0.304075 -5.09699 -0.014204 0.0235177 
4182.43 1104.9 201.413 31.2893 -0.303186 -4.9093 -0.00259175 0.0235922 
4158.07 1061.27 195.496 31.1064 -0.302297 -4.71015 0.0090205 0.0242538 
4133.75 1020.35 189.595 30.9235 -0.301401 -4.49321 0.0206327 0.0254478 
4109.47 982.364 183.709 30.7406 -0.300492 -4.25156 0.032245 0.0267735 
4085.23 947.661 177.84 30.5575 -0.299576 -3.98111 0.0438572 0.0278952 
4061.03 916.627 171.988 30.3742 -0.298673 -3.68062 0.0554695 0.0286712 
4036.88 889.67 166.152 30.1909 -0.297811 -3.35039 0.0670817 0.0290938 
4012.77 867.193 160.331 30.0079 -0.296998 -2.99106 0.078694 0.02919 
3988.7 849.592 154.526 29.8257 -0.296188 -2.60324 0.0903062 0.0289683 
3964.68 837.252 148.735 29.6443 -0.295273 -2.18785 0.101918 0.0284162 
3940.7 830.548 142.961 29.4626 -0.294153 -1.74646 0.113531 0.027521 
3916.77 829.832 137.206 29.2784 -0.292877 -1.28157 0.125143 0.0262873 
3892.89 835.424 131.472 29.0904 -0.291761 -0.796529 0.136755 0.0247423 
3869.06 847.596 125.757 28.9005 -0.291298 -0.295469 0.148367 0.0229318 
3845.28 866.567 120.053 28.7157 -0.291713 0.216933 0.15998 0.0209142 
3821.56 892.489 114.347 28.5446 -0.292344 0.735599 0.171592 0.0187544 
3797.88 925.449 108.637 28.3882 -0.291429 1.2552 0.183204 0.0165204 
3774.21 965.458 102.942 28.2291 -0.287105 1.77029 0.194816 0.0142795 
3750.57 1012.46 97.3092 28.0326 -0.279756 2.27552 0.206429 0.0120948 
3726.99 1066.31 91.7805 27.7706 -0.274254 2.76571 0.218041 0.010022 
3703.55 1126.81 86.3322 27.4681 -0.278979 3.23605 0.229653 0.00810668 
3680.29 1193.69 80.8264 27.2341 -0.298984 3.68214 0.241265 0.00638225 
3657.16 1266.63 75.0542 27.2204 -0.325212 4.10001 0.252878 0.00486918 
3633.89 1345.24 68.9264 27.4716 -0.329255 4.48599 0.26449 0.0035757 
3610.18 1429.08 62.7384 27.7354 -0.277407 4.83643 0.276102 0.00249948 
3586.02 1517.68 57.248 27.4338 -0.168949 5.14719 0.287714 0.0016304 
3562 1610.49 53.2358 26.0323 -0.0774654 5.41291 0.299327 0.000954 
3539.38 1706.91 50.4952 23.8035 -0.144047 5.62566 0.310939 0.000454995 
3519.12 1806.21 46.8998 22.452 -0.472506 5.77319 0.322551 0.000119901 
3500.33 1907.51 38.8773 24.6036 -0.945883 5.83629 0.334163 -6.3114e-05 
3479.11 2009.67 24.3854 31.4443 -1.11161 5.78542 0.345776 -0.000110273 
3450.1 2111.15 7.49622 39.384 -0.371903 5.57726 0.357388 -5.88733e-05 
3411.8 2209.81 0.470531 39.4284 1.4 5.15335 0.369 0 
