grtopM_22_3
50
2 2
4 4 
0 2 1 4 
0 2 1 4 
13.9076 166.88 81.5403 
149716 85.5105 86.8082 
0.283828 3.40572 1.66409 
3055.44 1.74511 1.7716 
365.341 8.86039 4.00897 
1.45243e-06 0.511632 3.89386 
2338.39 392.56 1770.14 20.1564 0.534529 0 0.139092 0 
2380.64 434.813 1404.8 35.5585 1.4 0.85529 -0.193099 0.857819 
2401.32 400.727 1693.84 40 1.4 -6.28 -0.1862 0.846115 
2624.64 352.845 1571.09 5 0.832666 6.28 0.290488 0.785676 
2289.63 383.113 1780.46 5 -1.4 -6.28 -0.172401 0.763407 
2619.18 538.573 1403.41 5 1.4 -6.28 0.202939 0.372922 
2737.36 167.007 1770.82 5 -1.4 6.28 -0.158601 0.14717 
2793.83 238.04 1393.76 40 -1.4 -6.28 -0.151701 0.420265 
2681.54 613.865 1021.77 38.93 1.4 6.28 -0.144801 0.878735 
2930.49 848.237 1305.68 40 1.4 -6.28 0.149444 0.619882 
3107.4 485.22 1247.69 40 -1.4 -6.28 -0.131002 0.61335 
3076.54 861.045 1259.61 40 1.4 6.28 -0.124102 0.0290626 
3001.17 1228.71 1304.18 5 -1.4 -6.28 -0.117202 -0.0184624 
3081.79 1595.99 1440.55 40 -1.4 -6.28 -0.110302 0.00687355 
3193.55 1971.81 1068.56 40 -1.4 -6.27997 -0.103402 0.00703092 
3329.42 2347.64 696.56 5 1.4 6.28 -0.0965024 -0.00878744 
2988.15 2706.76 1063.97 5 1.4 -6.27997 0.525509 -0.00877741 
3167.71 2979.23 700.698 5 1.4 6.28 0.373165 0.00712895 
3094.19 3110.96 632.652 5 1.4 -6.28 0.504817 -0.0127212 
3190.33 3201.44 643.925 17.1665 -1.4 6.28 0.35446 -0.471857 
3118.92 3216.77 459.094 40 1.4 -6.28 0.521641 0.00711961 
3160.09 3156.48 100.883 5 -1.4 -6.28 0.728611 0.428883 
3106.96 3146.48 400.293 5 -1.4 -6.28 -0.0481993 0.00646769 
3336.8 2909.29 23.2371 40 -1.4 6.28 -0.0413036 -0.00427477 
3204.64 3285.12 79.9051 5 -1.4 -6.28 -0.0344038 -0.414011 
3434.03 3652.4 362.922 5 1.4 -6.28 0.235446 -0.0219727 
3602.55 3280.83 0.001 5 1.4 6.28 0.2476 -0.00519077 
3535.13 3288.4 0.00100008 5 1.4 6.28 0.240225 -0.00503328 
3474.99 3306.63 0.00100001 5 1.4 6.28 0.235712 0.015909 
3858.69 3325.07 0.00100003 5 1.4 6.28 0.238427 -0.420943 
3809.67 3347.08 0.001 5 1.4 -6.28 0.227862 0.407755 
3400.85 3366.11 5.58849 35.8041 1.4 6.28 0.0138951 -0.239412 
3424.92 3397.72 0.001 40 -0.534875 6.28 0.0294613 -0.00242253 
3808.62 3082.85 4.58618 40 1.4 6.28 0.2782 -0.0445219 
3776.2 3450.51 377.057 5 -1.4 6.28 0.45537 -0.31571 
3713.23 3817.79 0.001 40 1.4 -6.28 0.0414945 -0.295667 
3304.41 3462.25 0.001 40 -1.4 6.28 0.0483943 -0.172628 
3254.01 3838.07 358.688 5 1.4 -6.28 0.111104 0.031545 
3568.78 3466.51 0.001 5 1.4 6.27999 0.371296 0.0302458 
3458.28 3642.61 78.2848 36.7714 1.4 -6.28 0.350277 0.0269615 
3050.01 3401.89 87.6761 40 1.39972 -6.28 0.329259 0.0196426 
3181.85 3468.5 126.512 40 1.39949 6.28 0.30824 -0.0597723 
3094.86 3447.11 163.056 40 1.39956 6.28 0.287222 0.0111163 
2969.24 3425.72 186.212 36.6287 1.4 -6.28 0.266203 0.05508 
3031.48 3257.89 558.049 5 -1.4 1.70961 0.245185 -0.0597586 
2790 3625.16 180.993 40 -1.4 -6.28 0.224166 -0.000104485 
2830.56 3485.28 0.001 40 1.4 6.28 0.117393 -0.0349098 
2863.67 3547.76 0.001 40 0.443348 6.28 0.177592 -0.0432451 
2765.66 3557.57 0.001 40 1.4 6.28 0.131197 -0.0221441 
2528.54 3482.31 203.75 40 0.079154 -6.28 0.138092 0 
2528.54 3482.31 203.75 40 0.079154 -6.28 0.138092 0 
2438.08 3273.37 197.724 38.4688 0.820512 -6.28 -0.188387 0.000185176 
2340.16 3064.43 240.531 5 -0.731687 -6.28 -0.176776 0.00175487 
2360.75 2855.4 219.083 39.6555 -0.141488 -5.98181 -0.1192 0.00414215 
2261.55 2673.29 203.478 39.8202 0.0233241 -5.77744 -0.151012 0.000319648 
2159.39 2503.03 212.317 40 0.0612555 -6.26654 -0.141939 0.000679253 
2057.33 2309.64 222.756 38.8835 0.0319801 -6.18396 -0.0945866 0.000600722 
1959.98 2104.78 223.224 36.971 -0.044851 -6.28 -0.0712231 0.000200164 
1885.95 1895.84 228.589 36.882 0.024071 -6.28 -0.0845346 0.00059745 
1813.33 1687.1 237.396 37.9411 0.0880872 -6.28 -0.0948881 0.000248164 
1737.82 1478.5 248.465 37.1263 0.135531 -6.28 -0.0838497 0.000345769 
1666.28 1269.56 262.256 34.4996 0.128791 -6.28 -0.0716219 0.000336668 
1595.74 1060.61 275.098 33.2801 0.0896824 -6.28 -0.0606531 0.000279579 
1525.79 851.653 287.203 33.6422 0.0638613 -6.26968 -0.0485238 0.00028704 
1455.37 643.227 297.45 34.716 0.53714 -6.28 -0.0374286 0.0312189 
1380.68 434.277 328.471 19.7634 0.662953 -6.28 -0.0258163 0.051118 
1357.91 225.286 365.516 5 0.326551 -6.28 -0.0141912 0.00148467 
1404.87 16.2548 389.357 5.00037 0.331572 -2.07666 -0.00259184 0.00179293 
1454.05 0.739694 413.239 5 0.339045 -1.42745 0.00935012 -8.4437e-05 
1505.22 -1.20642 437.351 5.00017 0.324395 -1.48133 0.0207662 -6.82086e-05 
1558.43 -1.25572 461.105 5.00011 0.301233 -1.75353 0.0690262 -6.39527e-06 
1613.71 -1.28988 483.875 5.00901 0.307829 -1.77236 0.084977 0.000150468 
1670.82 -1.31476 506.717 5.15195 0.336975 -1.77227 0.0556154 0.000272401 
1730.12 -1.3165 530.432 5.0003 0.308207 -1.36916 0.118597 -4.99952e-06 
1789.64 -1.32943 553.142 5.04783 0.269426 -1.3672 0.139901 -0.000199763 
1848.27 -1.2733 572.625 5.1911 0.165236 -1.78429 0.16321 0.000252563 
1913.19 -1.81035 589.854 5.16632 0.337399 -1.36216 0.101918 -0.000123657 
1979.53 -1.52547 613.665 5 -0.252737 -1.44881 0.678248 8.46289e-05 
2045.97 -1.7257 597.145 5.15725 -0.23408 -1.36804 0.708987 -1.46686e-05 
2113.45 -1.69358 585.687 5.26528 -0.255161 -1.36859 0.651739 8.64989e-06 
2172.21 -1.72858 569.552 5.74456 -0.243276 -1.36912 0.677422 5.1038e-06 
2217.92 -1.76518 552.109 5.65862 -0.24014 -1.36934 0.663588 7.95204e-07 
2262.44 -1.80024 534.647 5.51256 -0.325051 -1.36931 0.648204 -3.90622e-06 
2305.74 -1.83435 513.775 8.12604 -0.255557 -1.36941 0.631786 -1.07028e-05 
2346.64 -1.8664 495.454 7.90753 -0.227805 -1.36908 0.615463 3.09809e-05 
2387.3 -1.89655 478.328 6.89265 -0.204746 -1.3024 0.598545 0.00110169 
2437.37 0.885744 462.861 5.15142 -0.223322 2.27709 0.582546 0.0157032 
2493.55 162.956 445.859 5.16607 -0.226588 6.28 0.564798 0.0138382 
2548.37 505.323 428.718 5.14963 -0.208719 6.19908 0.509711 -0.000100993 
2601.03 844.309 412.358 5.15053 -0.210185 5.83883 0.488412 0.000108 
2646.52 1162.79 396.508 5.39087 -0.206991 6.28 0.472842 6.5286e-05 
2690.84 1505.22 380.77 5.87042 -0.187079 6.28 0.462437 8.28183e-06 
2735.65 1847.64 365.26 5.14427 -0.195473 6.28 0.455851 -0.000117507 
2783.66 2190.07 349.443 5.40778 -0.195884 6.28 0.425788 -2.23377e-05 
2826.27 2532.49 333.863 5.17762 -0.19632 6.28 0.40994 -4.7223e-06 
2866.76 2874.92 318.337 5.25934 -0.194064 6.28 0.39933 -3.48955e-06 
2906.39 3217.34 302.853 5.25073 -0.188329 6.28 0.389618 -1.77961e-06 
2945.16 3559.77 287.331 5.1767 -0.192484 6.28 0.381532 -4.40701e-05 
2983.06 3902.2 271.639 5.00035 -1.30398 5.55476 0.375233 -0.000197473 
3022.38 4203.72 209.87 39.9996 -0.000577257 0.153554 0.369 0 
3022.38 4203.72 209.87 39.9996 -0.000577257 0.153554 0.369 0 
2980.62 4235.54 213.366 31.9612 1.4 -3.3462 -0.0479688 -0.165751 
2951.75 4194.67 246.211 5 0.329568 -5.92597 -0.176776 -0.00557835 
2969.49 4100.21 257.728 5 0.328894 -6.12876 -0.165163 0.000214399 
2987.72 4001.53 269.23 5 0.32822 -6.1323 -0.153551 0.000186974 
3006.42 3902.79 280.718 5 0.327547 -6.13306 -0.141939 0.00043541 
3025.6 3804.02 292.192 5 0.326873 -6.12903 -0.130327 0.000114405 
3045.26 3705.34 303.653 5 0.326199 -6.13184 -0.118714 -0.00244892 
3065.4 3606.6 315.099 5 0.325525 -6.23108 -0.107102 -0.00107278 
3086.01 3505.8 326.531 5 0.324852 -6.26601 -0.0954898 8.45568e-05 
3107.1 3404.28 337.949 5 0.324178 -6.27038 -0.0838776 0.000144343 
3128.66 3302.66 349.354 5 0.323504 -6.27224 -0.0722653 0.000188494 
3150.69 3201.01 360.744 5 -0.244774 -6.27328 0.974327 0.000225345 
3173.44 3099.33 358.288 5 -0.243828 -6.27396 0.95802 0.000167359 
3196.08 2997.64 349.881 5 -0.242882 -6.27444 0.941714 0.000165385 
3218.38 2895.94 341.493 5 -0.241936 -6.2748 0.925408 0.000155648 
3240.32 2794.23 333.124 5 -0.24099 -6.27507 0.909102 5.60788e-05 
3261.92 2692.52 324.776 5 -0.240044 -6.27528 0.892796 0.000680258 
3283.16 2590.8 316.447 5 -0.239098 -6.27545 0.87649 0.000286199 
3304.06 2489.08 308.138 5 -0.238152 -6.27559 0.860184 7.94993e-05 
3324.62 2387.35 299.848 5 -0.237206 -6.27569 0.843878 0.000137379 
3344.83 2285.63 291.578 5 -0.23626 -6.27578 0.827571 8.08401e-05 
3364.69 2183.9 283.327 5 -0.235314 -6.27584 0.811265 9.1943e-05 
3384.22 2082.17 275.097 5 -0.234368 -6.27588 0.794959 0.000168276 
3403.39 1980.44 266.886 5 -0.233422 -6.27591 0.778653 0.000361704 
3422.23 1878.71 258.694 5 -0.232476 -6.27591 0.762347 0.000245198 
3440.73 1776.98 250.522 5 -0.23153 -6.2759 0.746041 6.89917e-05 
3458.88 1675.25 242.37 5 -0.230584 -6.27588 0.729735 6.33337e-05 
3476.7 1573.52 234.238 5 -0.229638 -6.27583 0.713429 5.43025e-05 
3494.17 1471.79 226.125 5 -0.228692 -6.27576 0.697122 -0.000157986 
3511.31 1370.06 218.031 5 -0.227746 -6.27567 0.680816 -0.000110847 
3528.11 1268.33 209.958 5 -0.2268 -6.27555 0.66451 0.00484192 
3544.58 1166.61 201.904 5 -0.225854 -6.27539 0.648204 3.80686e-05 
3560.71 1064.89 193.87 5 -0.224908 -6.27519 0.631898 0.00012602 
3576.51 963.175 185.855 5 -0.223962 -6.27494 0.615592 6.74391e-05 
3591.97 861.465 177.86 5 -0.223016 -6.2746 0.599286 5.54074e-05 
3607.1 759.761 169.884 5 -0.22207 -6.27415 0.58298 1.46622e-05 
3621.89 658.067 161.929 5 -0.221124 -6.27352 0.566673 1.5878e-05 
3636.36 556.386 153.993 5 -0.220178 -6.27262 0.550367 1.88835e-05 
3650.49 454.723 146.076 5 -0.219232 -6.27119 0.534061 2.19179e-05 
3664.3 353.09 138.179 5 -0.218286 -6.26859 0.517755 0.0037916 
3677.77 251.511 130.302 5 -0.217339 -4.80492 0.501449 0.158178 
3690.95 180.324 122.445 5 -0.216391 -0.634859 0.485143 0.137473 
3703.86 195.722 114.607 5 -0.215442 3.51507 0.468837 0.00542397 
3716.52 297.288 106.789 5 -0.214495 6.26822 0.452531 -3.01186e-06 
3728.89 456.019 98.9902 5 -0.213549 6.27121 0.436224 -3.10136e-06 
3740.94 614.812 91.2114 5 -0.212603 6.27189 0.419918 0.000107466 
3752.67 773.619 83.4522 5 -1.39856 6.23282 0.403612 -6.15584e-05 
3764.57 931.615 51.0681 23.7497 -1.4 6.27875 0.387306 -0.000737919 
3743.92 1090.59 18.0302 40 0.0418533 3.09812 0.369 0 
2338.39 392.56 1770.14 20.1564 0.534529 0 0.139092 0 
2338.39 392.56 1770.14 20.1564 0.534529 2.86875e-09 0.139092 8.46512e-06 
2338.39 392.557 1770.15 20.1537 0.534236 0.0125727 0.139127 -1.46291e-05 
3005.13 394.57 1750.38 20.0588 0.535127 0.0210294 0.140343 0.00016129 
2610.42 119.251 1630.15 20.5573 0.524531 0.199157 0.133955 -0.000783797 
2471.95 1486.78 1724.21 20.2879 0.531249 0.0653546 0.137407 -0.000257081 
2427.15 1935.31 1755 20.1997 0.533449 0.0215405 0.138537 -8.46596e-05 
2412.53 2083.01 1765.11 20.1708 0.534171 0.00715444 0.138909 -2.80415e-05 
2407.69 2131.93 1768.43 20.1613 0.534407 0.00243624 0.13903 -9.5049e-06 
2406.08 2148.52 1769.53 20.1581 0.534486 0.000863272 0.139071 -3.30313e-06 
2405.55 2154.28 1769.89 20.1571 0.534512 0.00035623 0.139084 -1.32138e-06 
2405.38 2156.58 1770.02 20.1567 0.534521 0.000178859 0.139088 -6.12475e-07 
2405.31 2157.65 1770.05 20.1566 0.534523 0.000129342 0.13909 -4.11536e-07 
2405.29 2158.37 1770.06 20.1566 0.534524 0.000117695 0.13909 -3.5555e-07 
2405.28 2158.99 1770.06 20.1566 0.534524 0.000121732 0.13909 -3.63128e-07 
2405.28 2159.62 1770.05 20.1566 0.534524 0.000129449 0.13909 -3.81757e-07 
2405.28 2160.29 1770.04 20.1566 0.534523 0.000141062 0.13909 -4.14772e-07 
2405.28 2161.01 1770.03 20.1567 0.534522 0.000154665 0.139089 -4.53725e-07 
2405.28 2161.8 1770.02 20.1567 0.534522 0.000170391 0.139089 -4.99245e-07 
2405.28 2162.67 1770.01 20.1567 0.534521 0.000188189 0.139089 -5.50247e-07 
2405.28 2163.63 1770 20.1567 0.53452 0.000208735 0.139088 -6.09332e-07 
2405.27 2164.69 1769.98 20.1568 0.534519 0.000232291 0.139088 -6.761e-07 
2405.27 2165.87 1769.96 20.1568 0.534518 0.000260048 0.139088 -7.56418e-07 
2405.27 2167.18 1769.94 20.1568 0.534517 0.000291486 0.139087 -8.45133e-07 
2405.27 2168.66 1769.91 20.1569 0.534515 0.00032884 0.139086 -9.51256e-07 
2405.27 2170.31 1769.88 20.157 0.534513 0.000372668 0.139086 -1.07392e-06 
2405.26 2172.19 1769.84 20.157 0.534511 0.000425537 0.139085 -1.22443e-06 
2405.26 2174.32 1769.8 20.1571 0.534508 0.000487318 0.139084 -1.39508e-06 
2405.26 2176.75 1769.75 20.1572 0.534505 0.000563596 0.139082 -1.60942e-06 
2405.25 2179.55 1769.69 20.1573 0.534501 0.000654904 0.139081 -1.85943e-06 
2405.25 2182.79 1769.61 20.1575 0.534496 0.000769335 0.139079 -2.1755e-06 
2405.24 2186.58 1769.51 20.1577 0.534491 0.00091057 0.139076 -2.55844e-06 
2405.23 2191.04 1769.38 20.1579 0.534483 0.00109046 0.139073 -3.04293e-06 
2405.22 2196.34 1769.22 20.1582 0.534474 0.0013221 0.13907 -3.65866e-06 
2405.2 2202.71 1769.01 20.1586 0.534461 0.00162664 0.139065 -4.45589e-06 
2405.18 2210.48 1768.73 20.1591 0.534444 0.00203654 0.139058 -5.50703e-06 
2405.15 2220.07 1768.33 20.1597 0.534421 0.00260514 0.13905 -6.93232e-06 
2405.11 2232.15 1767.77 20.1607 0.534389 0.00341929 0.139038 -8.90498e-06 
2405.04 2247.66 1766.92 20.162 0.534341 0.00463758 0.139021 -1.17699e-05 
2404.94 2268.16 1765.61 20.1639 0.534268 0.00652769 0.138996 -1.60342e-05 
2404.76 2296.09 1763.48 20.1671 0.53415 0.00960022 0.138956 -2.28767e-05 
2404.48 2335.94 1759.96 20.1723 0.533956 0.0146639 0.138889 -3.42165e-05 
2404.01 2395.54 1754.2 20.1814 0.533628 0.0229636 0.138772 -5.39893e-05 
2403.27 2489.6 1745.39 20.1982 0.533095 0.0356579 0.138557 -8.88529e-05 
2402.38 2644.39 1734.4 20.2217 0.532399 0.0514945 0.138255 -0.000136917 
2401.55 2882.9 1723.17 20.2396 0.531764 0.0676704 0.138026 -0.000175401 
2400.18 3188.33 1706.08 20.2129 0.531445 0.092192 0.138368 -0.000141179 
2392.82 3433.53 1630.51 20.0973 0.529994 0.200474 0.139848 7.83245e-06 
2351.14 3420.41 1298.16 19.9555 0.519033 0.679959 0.141619 -0.0014799 
2333.61 3378.3 164.198 22.6125 2.0176e-05 0.0785215 0.138092 0 
2333.61 3378.3 164.198 22.6125 2.0176e-05 0.0785215 0.138092 0 
2316.46 3413.7 164.792 20.5544 0.823769 0.581962 -0.188388 1.01518 
2302.58 3460.06 183.394 6.47893 0.140021 2.30124 0.568898 0.911106 
2314.4 3543.84 187.6 5 0.0565221 3.79996 0.687718 0.802704 
2329.04 3660.25 190.039 5 0.0565229 5.07708 0.687718 0.515313 
2343.81 3804.47 192.477 5 0.0565233 5.85157 0.687718 0.154787 
2358.71 3965.55 194.916 5 0.0565234 6.07761 0.687718 -0.0111843 
2373.71 4131.56 197.355 5 0.0565234 6.06715 0.687718 -0.0196394 
2388.82 4297.34 199.794 5 0.0565234 6.04511 0.687718 0.00103496 
2404.03 4462.63 202.233 5 0.0565233 6.05339 0.687718 0.0100069 
2419.35 4628.11 204.672 5 0.0565233 6.07785 0.687718 -0.00555867 
2434.78 4794.12 207.111 5 0.0565233 6.08388 0.687718 -0.0493507 
2450.31 4960.26 209.55 5 0.0565233 6.02691 0.687718 -0.114252 
2465.95 5125.16 211.989 5 0.0565232 5.86851 0.687718 -0.187407 
2481.7 5286.62 214.428 5 0.056523 5.58749 0.687718 -0.257034 
2497.54 5441.95 216.867 5 0.0565228 5.18135 0.687719 -0.315734 
2513.48 5588.44 219.306 5 0.0565225 4.66149 0.687719 -0.360479 
2529.53 5723.61 221.745 5 0.0565222 4.04699 0.687719 -0.391191 
2545.66 5845.39 224.184 5 0.0565218 3.35963 0.687719 -0.409285 
2561.89 5952.22 226.623 5 0.0565214 2.62077 0.687719 -0.416648 
2578.22 6042.95 229.062 5 0.0565209 1.84985 0.68772 -0.415077 
2594.64 6116.9 231.5 5 0.0565205 1.06405 0.68772 -0.406044 
2611.15 6173.73 233.939 5 0.05652 0.278428 0.687721 -0.390643 
2627.75 6213.46 236.378 5 0.0565195 -0.493588 0.687721 -0.369637 
2644.45 6236.38 238.817 5 0.056519 -1.23975 0.687722 -0.343549 
2661.24 6243.05 241.256 5 0.0565185 -1.94856 0.687723 -0.312772 
2678.12 6234.29 243.695 5 0.056518 -2.60901 0.687725 -0.277688 
2695.1 6211.15 246.134 5 0.0565174 -3.21046 0.687727 -0.238766 
2712.18 6174.91 248.572 5 0.0565143 -3.74267 0.68777 -0.196633 
2729.35 6127.08 251.011 5 0.0566367 -4.19593 0.685645 -0.152078 
2746.62 6069.38 253.453 5 0.0498093 -4.56107 0.680816 -0.133415 
2764 6003.73 255.745 5.11776 0.0275409 -4.89722 0.66451 -0.136429 
2781.27 5930.77 257.282 5.60338 -0.0228954 -5.25852 0.648204 -0.110416 
2797.78 5849.93 256.947 5.86394 -0.0248944 -5.57049 0.631898 -0.0723134 
2813.81 5762.31 256.56 6.12044 -0.0261257 -5.79492 0.615592 -0.0402622 
2829.38 5669.79 256.137 6.37661 -0.0274475 -5.93884 0.599286 -0.0193523 
2844.48 5574.14 255.676 6.63399 -0.0289258 -6.02553 0.58298 -0.00686687 
2859.11 5476.61 255.174 6.89501 -0.0303049 -6.07358 0.566673 0.000107905 
2873.26 5378.03 254.633 7.15752 -0.0308368 -6.09518 0.550367 0.00320345 
2886.93 5278.98 254.071 7.40725 -0.0302383 -6.09989 0.534061 0.00370798 
2900.14 5179.83 253.513 7.62731 -0.0311714 -6.09585 0.517755 0.00287379 
2912.94 5080.76 252.928 7.84727 -0.039719 -6.08919 0.501449 0.00167698 
2925.33 4981.84 252.149 8.1933 -0.0557054 -6.08388 0.485143 0.000672344 
2937.1 4883.04 251.009 8.77073 -0.0529358 -6.08225 0.468837 8.38811e-05 
2947.81 4784.27 249.91 9.23601 0.0158422 -6.08511 0.452531 5.04506e-06 
2957.62 4685.45 250.292 8.51156 0.125801 -6.089 0.436224 0.000513809 
2968.67 4586.53 253.093 6.08397 0.0304654 -6.07686 0.419918 0.00142623 
2984.12 4487.88 253.904 5.59586 -0.616212 -6.00647 0.403612 0.0018998 
3000.74 4390.76 240.65 15.9057 -1.4 -5.82221 0.387306 0.000347829 
2999.14 4297.66 209.97 38.1969 -0.0899994 -5.68567 0.369 0 
2999.14 4297.66 209.97 38.1969 -0.0899994 -5.68567 0.369 0 
2957.44 4202.83 211.405 31.7767 1.4 -2.06374 -0.092675 0.874636 
2926.58 4188.05 246.005 5 0.307327 2.7431 -0.176774 0.428413 
2945.25 4279.49 257.399 5 0.306655 6.25442 -0.165162 -0.0268438 
2964.49 4448.54 268.779 5 0.305981 6.03438 -0.15355 -0.00223894 
2984.23 4612.74 280.144 5 0.305308 6.00579 -0.141937 0.00211014 
3004.47 4776.3 291.493 5 0.304634 5.93996 -0.130324 -0.0591269 
3025.21 4938.4 302.828 5 0.303959 4.85133 -0.118712 -0.206809 
3046.43 5076.44 314.148 5 0.303284 2.37307 -0.107099 -0.292255 
3068.12 5159.7 325.454 5 0.302609 -0.725951 -0.0954847 -0.266163 
3090.25 5174.45 336.744 5 0.301933 -3.74389 -0.0838673 -0.136741 
3112.82 5122.5 348.019 5 0.0748621 -5.78575 0.500971 -0.0106982 
3135.97 5025.4 354.275 5 -0.222528 -6.13488 0.974316 0.00439526 
3159.51 4920.59 346.169 5 -0.221583 -6.05286 0.958015 -0.000659723 
3182.69 4817.59 338.084 5 -0.220637 -6.0689 0.941711 -0.00109934 
3205.52 4714.24 330.02 5 -0.219691 -6.09899 0.925406 -0.000819935 
3227.99 4610.22 321.977 5 -0.218745 -6.12353 0.9091 -0.000567393 
3250.1 4505.66 313.955 5 -0.217799 -6.14246 0.892794 -0.000388932 
3271.85 4400.69 305.954 5 -0.216853 -6.15727 0.876488 -0.000267141 
3293.25 4295.38 297.974 5 -0.215907 -6.16918 0.860182 -0.000182873 
3314.3 4189.81 290.014 5 -0.214961 -6.17896 0.843876 -0.000123317 
3334.99 4084.03 282.076 5 -0.214015 -6.18715 0.82757 -8.05358e-05 
3355.33 3978.06 274.158 5 -0.213069 -6.19411 0.811264 -4.9497e-05 
3375.32 3871.94 266.261 5 -0.212123 -6.20011 0.794958 -2.6886e-05 
3394.96 3765.69 258.386 5 -0.211177 -6.20532 0.778652 -1.04435e-05 
3414.25 3659.32 250.531 5 -0.210231 -6.20989 0.762346 1.4135e-06 
3433.2 3552.85 242.697 5 -0.209285 -6.21393 0.74604 9.82033e-06 
3451.79 3446.29 234.884 5 -0.208339 -6.21754 0.729734 1.56076e-05 
3470.04 3339.65 227.092 5 -0.207393 -6.22077 0.713428 1.93935e-05 
3487.94 3232.94 219.321 5 -0.206447 -6.22369 0.697122 2.16456e-05 
3505.5 3126.17 211.57 5 -0.205501 -6.22633 0.680816 2.27221e-05 
3522.71 3019.34 203.841 5 -0.204555 -6.22873 0.66451 2.29009e-05 
3539.58 2912.45 196.133 5 -0.203609 -6.23093 0.648204 2.24004e-05 
3556.11 2805.52 188.445 5 -0.202663 -6.23295 0.631898 2.13936e-05 
3572.3 2698.54 180.778 5 -0.201716 -6.23481 0.615591 2.0019e-05 
3588.15 2591.52 173.133 5 -0.20077 -6.23653 0.599285 1.83885e-05 
3603.66 2484.46 165.508 5 -0.199824 -6.23812 0.582979 1.65932e-05 
3618.83 2377.37 157.904 5 -0.198878 -6.2396 0.566673 1.47076e-05 
3633.66 2270.24 150.321 5 -0.197932 -6.24098 0.550367 1.27934e-05 
3648.16 2163.09 142.759 5 -0.196986 -6.24227 0.534061 1.09017e-05 
3662.32 2055.9 135.218 5 -0.19604 -6.24348 0.517755 9.07513e-06 
3676.15 1948.69 127.698 5 -0.195094 -6.24461 0.501449 7.34944e-06 
3689.64 1841.45 120.198 5 -0.194148 -6.24567 0.485143 5.7545e-06 
3702.8 1734.19 112.72 5 -0.193202 -6.24668 0.468836 4.31516e-06 
3715.63 1626.91 105.262 5 -0.192256 -6.24762 0.45253 3.05277e-06 
3728.13 1519.61 97.8259 5 -0.19131 -6.24851 0.436224 1.98744e-06 
3740.3 1412.29 90.4102 5 -0.190364 -6.24934 0.419918 8.91079e-07 
3752.14 1304.95 83.0154 5 -1.20538 -6.25014 0.403612 2.24109e-05 
3764.1 1197.59 53.1835 22.0862 -1.4 -6.23487 0.387305 0.000115674 
3744.57 1090.59 18.4443 40 0.0822861 -4.18186 0.369 0 
