grtopS_82_4
50
2 2
10 10 
0 5 6 3 8 2 4 1 7 10 
0 5 6 3 8 2 4 1 7 10 
2949.51 5.5654 143.854 25.4327 54.3325 64.8192 4.16617e-30 69.2675 43.5048 
110524 0.0398744 32.9812 0 27.4765 2.85473 0 0 83.08 
60.1942 0.11358 2.93579 0.519035 1.10883 1.32284 8.50238e-32 1.41362 0.887852 
2255.6 0.000813763 0.673087 0 0.560745 0.0582598 0 0 1.69551 
5.94691e-11 0.0690885 4.27479 0.577124 0.2192 0 6.2706 0.256805 1.57504 
1.44744e-06 1.43168e-06 1.43208e-06 2.8911 1.43328e-06 0.0645607 4.4469 3.42869 1.24236 
881.21 491.26 568.29 35.842 0.876783 0 0.0326977 0 
881.21 491.26 568.29 35.842 0.876783 5.94689e-11 0.0328281 -0.0120424 
881.21 491.26 568.29 35.8388 0.91879 -0.198334 0.0323622 0.0167103 
607.513 421.473 626.114 25.2809 1.1643 -0.0776351 0.0399291 0.06855 
587.394 -461.971 534.215 36.5667 0.856911 -0.00619649 0.0322061 -0.00381618 
527.566 -401.111 540.325 36.1515 0.867444 0.00404681 0.0324916 -0.00206037 
491.067 -373.707 541.758 36.1185 0.868337 0.0044646 0.0325139 -0.00185549 
457.301 -349.055 542.895 36.1055 0.868692 0.00497256 0.0325225 -0.00177576 
425.947 -325.49 543.924 36.0892 0.869157 0.00548732 0.0325331 -0.00167001 
396.852 -303.323 544.838 36.0659 0.869781 0.00603504 0.0325488 -0.00152548 
369.889 -283.09 545.538 36.0519 0.870154 0.00666478 0.032558 -0.00143931 
344.847 -264.012 546.103 36.0368 0.87056 0.00734432 0.032568 -0.00134449 
321.594 -246.191 546.529 36.019 0.87102 0.00809136 0.0325799 -0.00123581 
300.013 -229.819 546.766 36.0063 0.871341 0.00893562 0.0325882 -0.00115897 
279.954 -214.467 546.86 35.9913 0.871707 0.00986481 0.0325982 -0.00107038 
261.317 -200.299 546.765 35.9806 0.87196 0.0109065 0.0326052 -0.00100748 
243.976 -186.962 546.524 35.9662 0.872288 0.0120547 0.0326149 -0.000925661 
227.856 -174.726 546.068 35.9585 0.872438 0.0133433 0.0326199 -0.000884555 
212.829 -163.035 545.46 35.9463 0.872695 0.0147581 0.032628 -0.000816928 
198.839 -152.239 544.646 35.935 0.872913 0.01634 0.0326355 -0.000757315 
185.807 -142.24 543.609 35.9256 0.873067 0.0181026 0.0326417 -0.000710838 
173.647 -132.859 542.348 35.9165 0.873204 0.0200644 0.0326476 -0.000667076 
162.296 -124.057 540.854 35.9053 0.873369 0.0222425 0.0326551 -0.000614725 
151.702 -115.956 539.073 35.898 0.873422 0.0246755 0.0326598 -0.000586943 
141.787 -108.224 537.027 35.888 0.873528 0.0273731 0.0326664 -0.000544332 
132.515 -101.055 534.664 35.8778 0.873612 0.03038 0.0326731 -0.000504638 
123.838 -94.4172 531.946 35.8699 0.873616 0.0337321 0.0326782 -0.000481239 
115.695 -88.0898 528.868 35.8598 0.873651 0.0374555 0.0326849 -0.000447668 
108.058 -82.2117 525.367 35.8511 0.873621 0.0416034 0.0326906 -0.000426273 
100.877 -76.6187 521.422 35.8408 0.873601 0.0462143 0.0326973 -0.000399065 
94.1224 -71.3887 516.973 35.8307 0.873538 0.0513477 0.0327038 -0.000377904 
87.7565 -66.4424 511.972 35.8202 0.873449 0.0570591 0.0327107 -0.000358864 
81.7471 -61.7529 506.362 35.8092 0.873333 0.0634122 0.0327178 -0.000341346 
76.0623 -57.2947 500.083 35.7962 0.873218 0.0704804 0.0327262 -0.000318304 
70.6822 -53.1465 493.044 35.784 0.873028 0.0783502 0.0327341 -0.000307308 
65.5697 -49.15 485.18 35.7706 0.872813 0.0871019 0.0327428 -0.000295266 
60.7005 -45.316 476.398 35.756 0.87257 0.09684 0.0327522 -0.000283041 
56.0542 -41.6421 466.604 35.738 0.87233 0.107673 0.032764 -0.000262141 
51.6192 -38.2628 455.647 35.724 0.871925 0.119734 0.0327728 -0.000270648 
47.3379 -34.7496 443.481 35.6996 0.871691 0.133147 0.0327884 -0.00023133 
43.2589 -31.789 429.863 35.6801 0.871118 0.148067 0.0327979 -0.000271362 
39.2765 -28.6281 414.554 35.6983 0.868156 0.164434 0.0327996 -0.000837855 
34.843 -19.8541 395.999 36.1979 0.853495 0.182368 0.0324515 -0.00417635 
27.2347 32.4679 380.328 36.1857 0.850703 0.199243 0.0324789 -0.0047019 
19.3312 88.9533 360.24 36.9156 0.829231 0.217735 0.0319821 -0.00962478 
6.71739 209.149 344.294 37.122 0.821363 0.234127 0.0318504 -0.0111107 
-7.27353 350.343 327.042 37.5619 0.807372 0.254987 0.0315732 -0.0119653 
-18.4385 531.675 310.836 37.8248 0.804054 0.313234 0.0312119 0.0050015 
26.3877 728.632 302.217 34.8678 0.8487 0.663121 0.0310827 -0.0158795 
541.081 737.697 218.388 38.8054 -0.0101341 0.504887 0.0316977 0 
541.081 737.697 218.388 38.8054 -0.0101341 0.504887 0.0316977 0 
538.025 740.571 218.273 38.5037 0.202583 0.435916 -0.188388 -1.02859 
534.996 743.347 218.46 37.9892 0.364309 0.286368 -0.176775 -1.00718 
532.021 745.911 218.878 37.3044 0.521315 0.138488 -0.165163 -0.985774 
529.121 748.265 219.52 36.4559 0.671322 -0.00772435 -0.153551 -0.964366 
526.315 750.412 220.376 35.4527 0.812145 -0.152268 -0.141939 -0.942958 
523.621 752.355 221.434 34.3063 0.941724 -0.295143 -0.130327 -0.921549 
521.056 754.094 222.678 33.03 1.05815 -0.43635 -0.118714 -0.900141 
518.636 755.634 224.09 31.6392 1.15971 -0.575888 -0.107102 -0.878733 
516.375 756.975 225.65 30.1511 1.24488 -0.713757 -0.0954898 -0.857325 
514.285 758.121 227.333 28.5841 1.31239 -0.849957 -0.0838775 -0.835917 
512.376 759.074 229.116 26.9581 1.36121 -0.984488 -0.0722653 -0.814508 
510.655 759.836 230.971 25.2938 1.39057 -1.11735 -0.060653 -0.7931 
509.127 760.41 232.872 23.6124 1.4 -1.24854 -0.0490402 -0.771692 
507.795 760.797 234.79 21.9357 1.3893 -1.37807 -0.0374281 -0.750283 
506.659 761.001 236.697 20.2852 1.35856 -1.50592 -0.0258159 -0.728875 
505.716 761.024 238.564 18.6824 1.30817 -1.6321 -0.0142038 -0.707467 
504.963 760.867 240.363 17.1481 1.23881 -1.75662 -0.00259155 -0.686058 
504.39 760.534 242.067 15.7019 1.15142 -1.87946 0.00902066 -0.66465 
503.989 760.027 243.651 14.3626 1.04722 -2.00063 0.0206329 -0.643241 
503.747 759.347 245.09 13.1473 0.927676 -2.12013 0.0322451 -0.621832 
503.65 758.499 246.362 12.0714 0.79447 -2.23797 0.0438574 -0.600423 
503.683 757.483 247.448 11.1483 0.6495 -2.35413 0.0554696 -0.579014 
503.828 756.303 248.331 10.3893 0.494837 -2.46862 0.0670818 -0.557605 
504.066 754.96 248.996 9.83277 0.332701 -2.58144 0.0786941 -0.536195 
504.373 753.457 249.433 9.56424 0.165822 -2.69259 0.0903063 -0.514783 
504.717 751.797 249.634 9.47739 -0.00192517 -2.80206 0.101919 -0.49337 
505.075 749.981 249.597 9.57149 -0.1681 -2.90987 0.113531 -0.47195 
505.428 748.013 249.325 9.84316 -0.330276 -3.016 0.125143 -0.450504 
505.753 745.895 248.822 10.2865 -0.486076 -3.12045 0.136755 0.384681 
506.031 743.628 248.098 10.8929 -0.633206 -3.15942 0.148368 0.407568 
506.242 741.306 247.163 11.6517 -0.76949 -3.0585 0.15998 0.386289 
506.368 739.128 246.034 12.5497 -0.892901 -2.95924 0.171592 0.364899 
506.393 737.09 244.728 13.5717 -1.00159 -2.86165 0.183205 0.343498 
506.301 735.19 243.265 14.7007 -1.09392 -2.76573 0.194817 0.322094 
506.08 733.427 241.669 15.9182 -1.16848 -2.67148 0.20643 0.300687 
505.718 731.797 239.964 17.204 -1.22412 -2.5789 0.218043 0.27928 
505.206 730.299 238.178 18.5373 -1.25993 -2.48799 0.229656 0.257872 
504.54 728.929 236.338 19.8961 -1.27534 -2.39875 0.241272 0.236464 
503.714 727.819 234.473 21.2583 -1.27001 -2.31118 0.252898 0.215055 
502.728 726.838 232.612 22.6014 -1.24394 -2.22529 0.405933 0.193646 
501.584 725.98 230.786 23.8944 -1.16153 -2.14107 0.496223 0.172235 
500.286 725.24 229.073 25.081 -0.910602 -2.05852 0.391083 0.150823 
498.841 724.618 227.719 25.927 -0.666472 -1.97765 0.314942 0.129409 
497.289 724.111 226.83 26.4344 -0.492134 -1.89845 0.312008 0.107991 
495.673 723.716 226.089 26.7493 -0.385234 -1.82092 0.322936 0.0865648 
494.015 723.43 225.495 26.9453 -0.272039 -1.74507 0.334398 0.0651144 
492.33 723.253 225.06 27.0168 -0.153996 -1.6709 0.345954 0.043526 
490.633 723.18 224.79 26.9596 -0.0327532 -1.59842 0.357544 0.00525468 
488.938 723.21 224.69 26.7718 0.0899694 -1.53219 0.369 0 
488.938 723.21 224.69 26.7718 0.0899694 -1.53219 0.369 0 
442.634 720.354 223.604 24.5719 0.764484 -5.80693 -0.188388 0.0101923 
402.09 560.903 247.356 5 -1.16578 -6.28 1.13739 0.00927364 
422.136 384.077 201.549 33.202 -0.31164 -6.28 -0.165163 0.000428754 
355.416 207.317 185.375 32.9737 -0.3109 -6.28 -0.153551 0.0575259 
288.178 30.5564 169.241 32.7605 -0.325879 -2.52634 -0.141939 4.46552e-05 
220.502 -0.153433 152.57 32.9969 -0.350663 -1.68712 -0.130327 1.16487e-05 
150.952 -0.121008 134.978 33.8489 -0.228799 -1.68631 -0.118714 1.55167e-05 
77.5202 -0.0568298 121.8 31.0824 0.246974 -1.50573 -0.107102 -9.70142e-07 
10.8983 -0.00717109 126.213 15.6981 -0.194289 -1.45423 0.960483 -1.1032e-06 
-1.36938 0.00112306 115.365 14.5577 -0.114136 -1.45378 1.00694 2.20652e-07 
-11.1445 0.00888103 107.52 11.3806 -0.178813 -1.45357 0.990633 7.34553e-09 
-12.1227 0.00962152 97.492 10.7907 -0.177715 -1.45353 0.974327 4.47767e-07 
-12.1062 0.00961873 87.5391 10.3374 -0.178302 -1.45353 0.95802 7.45868e-07 
-11.4894 0.00912714 77.5913 10.0351 -0.176407 -1.45354 0.941714 1.21981e-06 
-10.7165 0.00852456 67.7307 9.77846 -0.171377 -1.45357 0.925408 -6.12266e-06 
-9.91786 0.00776972 58.0694 9.4693 -0.170254 -1.4536 0.909102 -1.61607e-06 
-8.92163 0.00706894 48.4674 9.22899 -0.167779 -1.45364 0.892796 -1.25042e-06 
-7.9266 0.00632672 38.9701 9.00343 -0.16461 -1.45371 0.87649 -3.48679e-07 
-6.96888 0.00556731 29.6022 8.76976 -0.160391 -1.45382 0.860184 -1.90991e-07 
-6.01594 0.00473214 20.4025 8.50067 -0.15544 -1.45399 0.843878 -1.31994e-06 
-4.95199 0.00396836 11.4 8.18419 -0.135579 -1.45435 0.827571 -3.33359e-06 
-3.63444 0.00162148 3.14364 7.4161 -0.113027 -1.50241 0.18933 -6.1359e-08 
-0.68627 7.57699e-07 2.03858 7.23483 0.140259 -1.52247 0.0670816 1.83688e-06 
2.43496 -0.000242021 12.4918 8.78518 0.174266 -1.45918 0.0786939 2.66286e-06 
1.84144 -0.00136203 24.0997 8.99893 0.230787 -1.45335 0.0903061 4.52491e-07 
1.43126 -0.00120225 37.7656 7.56768 0.283149 -1.45361 0.101918 1.9969e-07 
6.18672 -0.00493966 53.4335 5 0.212335 -1.45335 0.113531 -1.95369e-06 
19.6807 -0.0156997 66.6582 5 0.211662 -1.45317 0.125143 -6.43706e-07 
34.1457 -0.0271348 79.8582 5 0.210988 -1.45317 0.136755 2.01541e-06 
49.5801 -0.0396083 93.0336 5 0.210314 -1.45318 0.148367 5.04302e-06 
65.982 -0.0526472 106.184 5 0.209641 -1.4532 0.15998 -5.84744e-06 
83.3495 -0.066172 119.31 5 0.208967 -1.45323 0.171592 -2.69023e-06 
101.681 -0.0807779 132.412 5 0.208293 -1.45325 0.183204 -2.13391e-06 
120.974 -0.0962538 145.488 5 0.207619 -1.45327 0.194816 -1.43064e-06 
141.228 -0.112442 158.54 5 0.206946 -1.45329 0.206429 -1.61534e-06 
162.44 -0.129265 171.567 5 0.206272 -1.45331 0.218041 -9.50611e-07 
184.609 -0.146875 184.57 5 0.205598 -1.45333 0.229653 -7.64373e-07 
207.733 -0.165249 197.548 5 0.204925 -1.45335 0.241265 -4.70919e-07 
231.809 -0.18442 210.501 5 0.204251 -1.45344 0.252878 -3.89498e-07 
256.837 -0.206717 223.43 5 0.203577 -1.45334 0.26449 -2.65745e-07 
282.814 -0.225295 236.334 5 0.202904 -1.45341 0.276102 -2.00606e-07 
309.739 -0.246575 249.213 5 0.20223 -1.45344 0.287714 -2.2873e-07 
337.61 -0.268892 262.067 5 0.201556 -1.45398 0.299327 -4.84403e-05 
366.424 -0.310959 274.897 5 0.200882 -2.19655 0.310939 0.000355962 
396.159 -27.5544 287.702 5 0.20021 0.782819 0.322551 0.0866327 
426.921 54.3403 300.483 5 0.199538 5.23646 0.334163 0.00183801 
458.752 307.927 313.239 5 0.198865 6.28 0.345776 1.24299e-06 
491.549 599.741 325.97 5 -1.2311 6.28 0.366503 -0.0220338 
526.329 891.553 286.32 38.6736 -0.00187183 1.97289 0.369 0 
526.329 891.553 286.32 38.6736 -0.00187183 1.97289 0.369 0 
513.329 913.931 285.588 36.902 1.02692 1.3967 -0.188388 -1.02856 
501.103 932.578 291.538 30.2955 1.4 0.45215 -0.152117 -1.00715 
492.33 945.104 299.972 22.1192 1.4 -0.484978 0.366475 -0.985731 
487.903 951.558 308.491 14.1397 1.4 -1.41468 -0.153551 -0.964313 
487.724 951.987 317.093 6.64561 0.407429 -2.33695 0.05771 -0.942892 
491.669 946.441 319.345 5 -0.113801 -3.25178 1.07216 -0.921461 
496.559 934.969 318.238 5 -0.112855 -4.15917 1.05586 -0.900007 
501.431 917.621 317.137 5 -0.11191 -5.05909 1.03955 -0.878461 
506.283 894.444 316.042 5 -0.110964 -5.95148 1.02324 0.117881 
511.117 865.488 314.954 5 -0.110018 -6.2799 1.00694 0.430977 
515.935 834.406 313.871 5 -0.109072 -6.2799 0.990633 0.494724 
520.738 803.323 312.795 5 -0.108126 -6.2799 0.974327 0.224707 
525.528 772.24 311.725 5 -0.10718 -6.2799 0.95802 0.151395 
530.303 741.157 310.661 5 -0.106234 -6.27989 0.941714 0.305327 
535.064 710.075 309.603 5 -0.105288 -6.27989 0.925408 0.426092 
539.812 678.992 308.551 5 -0.104342 -6.27989 0.909102 0.387386 
544.546 647.909 307.505 5 -0.103396 -6.27989 0.892796 0.254256 
549.266 616.826 306.465 5 -0.10245 -6.27988 0.87649 0.378446 
553.972 585.744 305.432 5 -0.101504 -6.27988 0.860184 0.352929 
558.665 554.661 304.405 5 -0.100558 -6.27988 0.843878 0.345281 
563.345 523.579 303.384 5 -0.0996119 -6.27987 0.827571 0.321835 
568.011 492.496 302.368 5 -0.0986658 -6.27987 0.811265 0.306817 
572.664 461.413 301.36 5 -0.0977198 -6.27986 0.794959 0.296521 
577.304 430.331 300.357 5 -0.0967738 -6.27985 0.778653 0.272919 
581.93 399.248 299.36 5 -0.0958277 -6.27985 0.762347 0.271624 
586.544 368.166 298.369 5 -0.0948817 -6.27984 0.746041 0.267801 
591.144 337.084 297.385 5 -0.0939357 -6.27983 0.729735 0.272648 
595.732 306.001 296.407 5 -0.0929894 -5.74153 0.713429 0.450065 
600.309 278.405 295.435 5 -0.0920429 -5.00456 0.697122 0.428899 
604.878 255.582 294.468 5 -0.0910965 -4.27489 0.680816 0.40757 
609.438 237.484 293.509 5 -0.0901501 -3.55264 0.66451 0.3862 
613.989 224.064 292.555 5 -0.0892037 -2.83783 0.648204 0.364813 
618.531 215.273 291.607 5 -0.0882573 -2.13049 0.631898 0.343418 
623.064 211.063 290.666 5 -0.0873109 -1.43061 0.615592 0.322018 
627.589 211.385 289.73 5 -0.0863645 -0.738218 0.599286 0.300614 
632.104 216.192 288.801 5 -0.0854181 -0.0533027 0.58298 0.279207 
636.612 225.434 287.878 5 -0.0844717 0.624128 0.566673 0.257798 
641.11 239.063 286.961 5 -0.0835253 1.29407 0.550367 0.236385 
645.6 257.032 286.05 5 -0.082579 1.95652 0.534061 0.214969 
650.082 279.29 285.145 5 -0.0816326 2.61147 0.517755 0.193548 
654.555 305.79 284.246 5 -0.0806862 3.25892 0.501449 0.172119 
659.019 336.483 283.354 5 -0.0797398 3.89886 0.485143 0.150672 
663.476 371.321 282.468 5 -0.0787935 4.53128 0.468837 0.129183 
667.923 410.254 281.587 5 -0.0778471 5.15613 0.452531 0.107516 
672.363 453.234 280.713 5 -0.144094 5.7733 0.322551 0.0169942 
676.803 500.211 279.41 5.36357 -1.22508 6.27984 0.419918 -3.92219e-06 
681.18 550.469 271.102 11.0101 -1.4 6.27985 0.403612 -4.23036e-06 
682.542 600.728 261.603 17.285 -0.986034 6.27986 0.387306 -0.000592176 
680.47 650.991 254.72 21.6287 -0.09 5.8648 0.369 0 
680.47 650.991 254.72 21.6287 -0.09 5.8648 0.369 0 
670.21 753.643 253.329 21.3221 0.888964 5.64972 -0.188388 -1.02859 
659.978 853.319 265.49 11.5174 0.659967 4.64791 -0.176775 -1.00718 
661.005 939.127 274.7 5 -0.826367 3.66191 0.724839 -0.985775 
669.912 1011.29 263.49 14.1645 -0.841919 2.69177 0.732774 -0.964367 
668.343 1070.03 251.862 22.2235 -0.0771953 1.73746 -0.141937 -0.942959 
657.295 1115.58 250.636 22.0405 -0.0762999 0.798982 -0.130325 -0.921551 
646.406 1148.15 249.425 21.8576 -0.0754057 -0.123647 -0.118713 -0.900143 
635.675 1167.95 248.232 21.6746 -0.0745127 -1.03042 -0.107101 -0.878735 
625.104 1175.2 247.055 21.4916 -0.0736207 -1.92132 -0.0954885 -0.857326 
614.693 1170.13 245.894 21.3086 -0.0727281 -2.79634 -0.0838761 -0.835918 
604.443 1152.95 244.749 21.1257 -0.0718333 -3.65548 -0.0722638 -0.81451 
594.354 1123.88 243.621 20.9427 -0.0709365 -4.49872 -0.0606516 -0.793102 
584.427 1083.15 242.51 20.7597 -0.0700407 -5.32605 -0.0490394 -0.771693 
574.663 1030.97 241.415 20.5767 -0.0691508 -6.13748 -0.0374272 -0.00391842 
565.062 967.57 240.336 20.3937 -0.0682696 -6.28 -0.0258149 0.0659338 
555.633 902.193 239.273 20.2108 -0.0673913 -6.28 -0.0142026 0.0652859 
546.376 836.816 238.227 20.0281 -0.0664981 -6.28 -0.00259032 0.0645535 
537.293 771.439 237.197 19.8454 -0.0655705 -6.28 0.00902196 0.0638786 
528.384 706.062 236.184 19.6623 -0.0646111 -6.28 0.0206342 0.0630243 
519.649 640.684 235.189 19.4785 -0.0636701 -6.28 0.0322465 0.0622376 
511.09 575.307 234.21 19.2943 -0.0628359 -6.28 0.0438588 0.0614651 
502.708 509.929 233.247 19.1108 -0.0621621 -6.28 0.0554711 0.0625226 
494.502 444.551 232.298 18.9297 -0.0615489 -6.28 0.0670834 0.0728773 
486.471 379.173 231.361 18.7514 -0.0606856 -6.28 0.0786957 0.0787117 
478.611 313.795 230.44 18.573 -0.0592104 -6.28 0.090308 0.230544 
470.923 248.416 229.543 18.3881 -0.0571455 -6.19363 0.10192 0.493386 
463.416 184.233 228.679 18.191 -0.0553552 -5.59968 0.113533 0.471979 
456.109 128.267 227.844 17.9858 -0.0554257 -5.02178 0.125145 0.450571 
449.013 80.2956 227.013 17.7928 -0.0583938 -4.45992 0.136757 0.429163 
442.114 40.0979 226.145 17.6414 -0.0626143 -3.91413 0.14837 0.407755 
435.367 7.45141 225.222 17.5411 -0.0626123 -3.3844 0.159982 0.386346 
428.711 -17.8662 224.301 17.4429 -0.0517607 -2.87076 0.171594 0.364938 
422.141 -36.0774 223.533 17.2327 -0.0299592 -2.3732 0.183207 0.34353 
415.783 -47.4048 223.072 16.9186 -0.0120691 -1.89173 0.194819 0.322122 
409.76 -52.0711 222.926 16.7605 -0.0116436 -1.42637 0.206432 0.300714 
403.913 -49.8618 223.165 16.6054 -0.00794754 -0.977125 0.218044 0.279306 
398.249 -41.4365 223.459 16.4184 -0.000640066 -0.544002 0.229657 0.257898 
392.803 -27.0189 223.859 16.1643 0.00603706 -0.12701 0.24127 0.236489 
387.653 -6.83219 224.356 15.8558 0.00329943 0.273841 0.252882 0.215081 
382.864 18.9002 224.823 15.5968 -0.0158336 0.658543 0.264496 0.193673 
378.384 49.9548 225.03 15.5555 -0.0445974 1.02709 0.276109 0.172265 
373.968 86.1083 224.841 15.8136 -0.0543032 1.37946 0.287725 0.150856 
369.267 127.137 224.511 16.1435 -0.0060129 1.71566 0.299342 0.129448 
364.181 172.818 224.843 15.9283 0.108752 2.03568 0.310962 0.10804 
359.316 222.926 226.767 14.5174 0.217478 2.3395 0.322584 0.086631 
356.045 277.237 230.226 12.0821 0.16357 2.62711 0.346781 0.0652217 
356.021 335.524 232.994 10.4191 0.279465 2.89851 0.403598 0.0438102 
357.889 397.565 237.402 7.65135 0.29306 3.15367 0.387299 0.0078642 
362.946 463.134 242.06 5.00004 -0.0899871 3.36769 0.369 0 
362.946 463.134 242.06 5.00004 -0.0899871 3.36769 0.369 0 
372.927 544.626 241.103 6.68422 -1.26068 3.37096 1.15369 -1.02859 
381.035 626.174 220.778 22.3168 -0.210754 2.43584 -0.157266 -1.00718 
367.437 692.304 217.369 24.0383 0.0312095 1.5196 -0.165163 -0.985774 
351.357 743.312 217.908 22.5419 0.518184 0.622279 -0.153551 -0.964366 
337.102 779.508 226.525 15.0828 0.790329 -0.256114 -0.141938 -0.942958 
332.896 801.198 239.831 5 -0.0805332 -1.11556 0.492981 -0.92155 
342.741 808.691 239.03 6.47511 -0.945772 -1.95603 1.05585 -0.900141 
350.883 802.312 223.909 18.2468 -0.175872 -2.77749 0.0565485 -0.878733 
342.691 782.388 221.183 19.8123 -0.0438625 -3.57999 -0.0954881 -0.857324 
332.285 749.219 220.595 19.6624 -0.0444547 -4.36349 -0.0838765 -0.835915 
322.047 703.118 220.002 19.5276 -0.0398458 -5.12798 -0.0722644 -0.814504 
311.956 644.398 219.488 19.341 -0.0277758 -5.87343 -0.0606522 -0.442506 
302.082 573.374 219.178 19.0144 -0.0164963 -6.27999 -0.0490401 0.00341477 
292.62 495.639 219.063 18.5728 -0.0278769 -6.28 -0.0374281 0.00341467 
283.742 417.904 218.772 18.3132 -0.0794553 -6.28 -0.02577 0.00341338 
275.214 340.168 217.636 18.7207 -0.141885 -6.28 -0.0142002 0.109127 
266.131 262.432 215.459 19.8599 -0.110857 -6.18355 -0.00259107 0.686056 
255.46 186.29 213.764 20.4785 0.12632 -5.56068 0.00902108 0.66465 
243.845 120.429 215.968 18.0437 0.484231 -4.95694 0.0206388 0.643242 
235.413 64.5314 224.143 11.3678 0.483104 -4.37234 0.246447 0.621834 
236.088 18.2757 232.477 5.25965 -0.00518615 -3.80688 0.827571 0.600426 
245.287 -18.6533 232.912 5.51686 -0.00643321 -3.26057 0.811265 0.579016 
254.167 -46.5647 233.32 5.77395 -0.00763535 -2.73343 0.794913 0.557604 
262.727 -65.775 233.702 6.0304 -0.00892569 -2.22547 0.778653 -0.182604 
270.969 -76.6008 234.055 6.28732 -0.0101786 -2.3925 0.762347 -0.414823 
278.88 -90.1834 234.381 6.54422 -0.0114332 -2.77151 0.74604 0.493379 
286.458 -110.021 234.68 6.80112 -0.0126932 -2.32217 0.729734 0.471976 
293.713 -122.443 234.95 7.05809 -0.0139581 -1.89207 0.713428 0.450569 
300.642 -127.764 235.194 7.31519 -0.0152165 -1.48121 0.697122 0.429162 
307.246 -126.304 235.409 7.57233 -0.0164486 -1.08961 0.680816 0.407754 
313.522 -118.38 235.598 7.82915 -0.0176498 -0.717282 0.66451 0.386346 
319.469 -104.31 235.76 8.08533 -0.0188684 -0.36424 0.648204 0.364938 
325.089 -84.4129 235.894 8.34113 -0.0202065 -0.0304949 0.631898 0.34353 
330.379 -59.0066 236.001 8.5981 -0.0217198 0.283939 0.615592 0.322122 
335.338 -28.41 236.075 8.85832 -0.0232215 0.57905 0.599285 0.300714 
339.959 7.05784 236.117 9.12129 -0.0242045 0.854825 0.582979 0.279306 
344.238 47.0778 236.137 9.3802 -0.0242488 1.11125 0.566673 0.257897 
348.178 91.3306 236.149 9.6237 -0.0240074 1.34831 0.550367 0.236489 
351.8 139.497 236.158 9.84986 -0.0258952 1.566 0.534061 0.215081 
355.127 191.256 236.131 10.0873 -0.0325827 1.76431 0.517755 0.193673 
358.143 246.289 235.986 10.395 -0.042215 1.94321 0.501449 0.172265 
360.754 304.274 235.675 10.8025 -0.0437391 2.1027 0.485142 0.150857 
362.817 364.893 235.327 11.1972 -0.0217172 2.24276 0.468836 0.129449 
364.342 427.824 235.333 11.2847 0.0213898 2.36338 0.45253 0.10804 
365.738 492.746 236.048 10.8334 0.0371497 2.46455 0.436224 0.086632 
367.751 559.338 237.034 10.2447 -0.0581632 2.54626 0.419918 0.0652237 
370.608 627.278 236.464 10.928 -0.283885 2.60849 0.403612 0.0438149 
372.618 696.245 232.149 14.3842 -0.438563 2.65123 0.387306 0.0222891 
369.965 765.921 225.19 19.423 -0.0899988 2.67437 0.369 0 
369.965 765.921 225.19 19.423 -0.0899988 2.67437 0.369 0 
363.694 759.65 218.919 13.1524 -0.238255 -3.59623 0.0555873 1.53666e-10 
357.424 753.38 212.649 6.88179 -0.138771 -5.54087 0.0591981 2.7973e-10 
351.153 747.109 206.378 5.38529 -0.103831 -3.91161 0.0630726 1.33206e-10 
344.883 740.839 200.108 5.38288 -0.0645999 -3.05377 0.0672264 5.60804e-11 
338.612 734.568 193.837 5.38071 -0.0163646 -2.69434 0.071675 6.57812e-11 
332.341 728.297 187.566 5.37845 0.00533206 -2.28209 0.0764341 4.17328e-11 
326.071 722.027 181.296 5.37477 0.00387907 -2.02457 0.0815194 2.8281e-11 
319.8 715.756 175.025 5.37071 0.0023381 -1.85261 0.086946 3.75478e-11 
313.53 709.486 168.755 5.36792 0.00139989 -1.63059 0.092728 2.36852e-11 
307.259 703.215 162.484 5.36637 0.00106381 -1.49191 0.098877 1.98864e-11 
300.988 696.944 156.213 5.36604 0.0013291 -1.37796 0.105402 1.65294e-11 
294.718 690.674 149.943 5.36603 0.000501824 -1.28498 0.112311 8.52693e-07 
288.447 684.403 143.672 5.36601 0.000105258 -1.16273 0.119599 -5.6015e-09 
282.177 678.133 137.402 5.36598 1.19102e-05 -1.0112 0.127296 -9.01026e-07 
275.906 671.862 131.131 5.36596 -4.99512e-05 -0.830404 0.135432 -9.27331e-07 
269.635 665.591 124.86 5.36593 -8.06981e-05 -0.633444 0.144057 3.39524e-11 
263.365 659.321 118.59 5.3659 -8.19972e-05 -0.463428 0.15301 9.84893e-07 
257.094 653.05 112.319 5.36586 -8.59698e-05 -0.320356 0.16215 6.56051e-09 
250.824 646.78 106.049 5.36588 -7.28279e-05 -0.20423 0.17127 -1.04991e-06 
244.553 640.509 99.7779 5.36598 -4.15865e-05 -0.115051 0.180371 1.33766e-11 
238.282 634.238 93.5073 5.36604 -2.09033e-05 -0.0528175 0.189507 7.63065e-12 
232.012 627.968 88.8937 5.36607 -8.84509e-06 -0.0175299 0.198722 -9.18584e-10 
238.281 621.697 95.1643 5.36608 -3.09281e-06 -0.00918742 0.208093 -1.20963e-06 
244.551 615.427 101.435 5.36609 1.60706e-06 -0.00871626 0.217671 4.73474e-14 
250.822 609.156 107.706 5.3661 6.52182e-06 -0.00817821 0.227493 -1.30907e-06 
257.093 602.885 113.976 5.3661 1.18775e-05 -0.00757321 0.237567 9.19348e-14 
263.363 596.615 120.247 5.36611 1.94718e-05 -0.00690128 0.247866 1.11963e-13 
269.634 590.344 126.517 5.36614 3.38911e-05 -0.0061623 0.258331 1.29724e-13 
275.904 584.074 132.788 5.36619 5.65081e-05 -0.00535687 0.268881 1.44616e-13 
282.175 577.803 139.059 5.36628 7.16221e-05 -0.00448432 0.279425 1.56573e-13 
288.446 571.532 145.329 5.36625 2.50366e-05 -0.00354364 0.28987 1.12406e-08 
294.716 565.262 151.6 5.36621 -5.99291e-05 -0.00253565 0.300144 3.19247e-13 
300.987 558.991 157.87 5.36617 -0.000175908 -0.00146065 0.310189 1.65529e-14 
307.257 552.721 164.141 5.36613 -0.000605104 -0.000318746 0.319995 1.34785e-08 
313.528 546.45 170.412 5.3661 -0.00145582 0.000890385 0.329592 2.61817e-13 
319.799 540.179 176.682 5.36607 -0.00128919 0.00216642 0.339052 1.75844e-13 
326.069 533.909 182.953 5.36605 -0.000873813 0.00350885 0.348449 2.55314e-06 
332.34 527.638 189.223 5.36602 -0.00052257 0.00491094 0.357783 -6.89635e-14 
338.61 521.367 195.494 5.36491 -0.00071299 0.00446478 0.366888 -1.96651e-13 
344.881 515.097 201.765 5.3626 -0.00150686 0.00318692 0.375433 -2.21768e-14 
351.152 508.826 208.035 5.3591 -0.00290174 0.00274378 0.382821 -2.51531e-08 
357.422 502.556 214.306 5.35536 0.0182496 0.00261646 0.387805 1.61839e-12 
363.693 496.285 220.576 5.353 0.0667546 0.0102048 0.388902 6.03811e-12 
369.963 490.014 226.847 5.35108 0.124575 0.0448232 0.386125 5.14965e-12 
376.234 483.744 233.118 5.34948 0.154722 0.0918755 0.381451 4.96061e-08 
382.505 477.473 239.388 5.34648 0.216496 0.121905 0.377378 -1.74921e-12 
388.775 471.203 245.659 5.34455 0.351781 0.162173 0.3747 -6.08703e-12 
395.046 464.932 251.929 5.3436 0.407765 0.31897 0.37291 -2.63202e-06 
401.316 458.661 258.2 5.36596 2.00754e-05 1.25917e-05 0.369 0 
401.316 458.661 258.2 5.36596 2.00754e-05 1.25917e-05 0.369 0 
411.642 486.089 258.497 5.65899 -0.934942 -0.255646 1.15369 -1.02854 
421.891 509.007 242.295 17.8541 -0.0513752 -1.51423 0.475515 -1.00712 
414.003 509.74 241.333 17.3184 0.868424 -2.75282 -0.165163 -0.985677 
406.495 488.626 256.61 5 -0.00825524 -3.97137 0.941999 -0.964166 
417.229 446.004 256.772 5 -0.00825587 -5.16969 0.941999 -0.90233 
427.953 382.246 256.934 5 -0.00825647 -6.27978 0.942 0.0638082 
438.666 298.908 257.095 5 -0.00825647 -6.27974 0.942 0.206095 
449.386 215.57 257.257 5 -0.00825647 -6.27968 0.942 0.821537 
460.111 132.233 257.419 5 -0.00825606 -5.4883 0.942 0.856857 
470.852 62.8551 257.581 5 -0.0082555 -4.39933 0.942 0.835586 
481.615 12.6849 257.743 5 -0.00825472 -3.33019 0.941996 0.814138 
492.399 -18.6274 257.904 5 -0.00826386 -2.28125 0.942163 0.792436 
503.203 -31.438 258.066 5 -0.00783295 -1.25301 0.934745 0.752754 
514.027 -26.1121 258.235 5 -0.0269535 -0.279272 0.94123 -0.748154 
524.877 -3.6108 258.067 5.25154 -0.0285921 -1.26248 0.925408 -0.190012 
535.353 1.54838 257.863 5.50848 -0.029847 -1.66623 0.909102 0.00565759 
545.453 -0.413631 257.63 5.76541 -0.0311016 -1.55652 0.892796 4.27192e-05 
555.184 -0.440239 257.367 6.02234 -0.0323562 -1.55543 0.87649 -0.000126856 
564.543 -0.447233 257.075 6.27927 -0.0336108 -1.55565 0.860184 0.000186952 
573.528 -0.457845 256.753 6.5362 -0.0348654 -1.55528 0.843878 -9.99094e-05 
582.14 -0.46167 256.402 6.79313 -0.0361202 -1.55544 0.827571 -3.57323e-05 
590.377 -0.468094 256.022 7.05007 -0.0373754 -1.55549 0.811265 5.32444e-05 
598.237 -0.475006 255.612 7.307 -0.0386306 -1.55536 0.794959 -2.26334e-05 
605.721 -0.479472 255.173 7.56395 -0.0398845 -1.5554 0.778653 -1.70361e-05 
612.826 -0.484333 254.705 7.82088 -0.0411361 -1.55542 0.762347 -0.000295165 
619.552 -0.489179 254.207 8.07778 -0.0423876 -1.55599 0.746041 0.000570642 
625.897 -0.503869 253.679 8.33463 -0.0436457 -1.55484 0.729735 -0.000306241 
631.862 -0.49794 253.123 8.59154 -0.0449167 -1.55544 0.713429 -7.7598e-05 
637.444 -0.502304 252.536 8.84867 -0.0461913 -1.55557 0.697122 0.000158644 
642.642 -0.508701 251.92 9.10605 -0.0474321 -1.55527 0.680816 -8.0158e-05 
647.455 -0.509552 251.275 9.36318 -0.0485991 -1.55543 0.66451 -0.000698417 
651.883 -0.512873 250.602 9.61912 -0.0497334 -1.55689 0.648204 0.00122583 
655.925 -0.541693 249.901 9.87356 -0.0510362 -1.55421 0.631898 -0.000529228 
659.584 -0.522852 249.171 10.1289 -0.0527549 -1.55538 0.615592 -6.98021e-05 
662.856 -0.524487 248.403 10.3907 -0.0547248 -1.55475 0.599286 0.00677421 
665.732 -0.514663 247.593 10.6615 -0.0558704 -1.43272 0.58298 -0.106692 
668.199 1.64787 246.755 10.9293 -0.0546982 -1.77077 0.566673 -0.257398 
670.252 -2.15202 245.93 11.1632 -0.0517674 -2.27818 0.550367 -0.11183 
671.937 -14.9016 245.15 11.3436 -0.0527646 -2.15819 0.534061 0.21504 
673.342 -25.5344 244.347 11.5294 -0.0665523 -1.69219 0.517755 0.193661 
674.468 -27.9476 243.296 11.8915 -0.0919723 -1.24667 0.501449 0.172259 
675.06 -22.502 241.786 12.5659 -0.0993119 -0.821699 0.485143 0.150854 
674.653 -9.55989 240.128 13.2739 -0.036781 -0.417292 0.468837 0.129447 
673.172 10.5162 239.553 13.0741 0.0997954 -0.0334706 0.452531 0.108039 
671.909 37.3621 241.392 11.0771 0.157187 0.329748 0.436224 0.0866312 
673.519 70.6125 244.301 8.55229 -0.163247 0.67235 0.419918 0.065223 
678.918 109.903 241.628 10.6304 -0.941862 0.994331 0.403612 0.0438142 
681.564 154.875 225.163 22.9309 -1.4 1.29569 0.359301 -0.00231997 
666.41 205.176 200.27 40 0.09 1.12493 0.369 0 
666.41 205.176 200.27 40 0.09 1.12493 0.369 0 
643.556 233.475 199.425 35.5116 1.4 -0.443388 -0.188388 -1.00429 
624.363 244.398 213.172 20.5787 1.29958 -2.61251 0.0827641 -0.925626 
618.733 231.279 226.072 7.43766 0.0819586 -4.7003 1.12108 -0.0671207 
625.307 195.023 225.716 5 -0.185438 -5.71758 1.10478 0.316771 
634.087 147.495 222.441 5 -0.184492 -5.69975 1.08847 0.216634 
642.794 100.164 219.176 5 -0.183546 -5.70292 1.07216 0.511987 
651.428 52.7987 215.922 5 -0.1826 -5.02419 1.05586 0.679683 
659.996 12.9523 212.679 5 -0.181653 -3.20243 1.03955 0.663053 
668.507 -6.71248 209.445 5 -0.180706 -1.38678 1.02324 0.0181096 
676.963 -6.26305 206.223 5 -0.17976 -0.915605 1.00694 -0.020653 
685.351 -0.593903 203.011 5 -0.178814 -1.42144 0.990633 -0.000147241 
693.663 -0.528451 199.809 5 -0.177868 -1.42994 0.974327 5.0022e-05 
701.904 -0.557163 196.618 5 -0.176922 -1.42828 0.95802 1.64177e-05 
710.074 -0.567477 193.438 5 -0.175976 -1.42677 0.941714 -5.13711e-05 
718.173 -0.561126 190.267 5 -0.17503 -1.42818 0.925408 3.24499e-05 
726.202 -0.57043 187.108 5 -0.174084 -1.42759 0.909102 -7.49222e-05 
734.16 -0.573124 183.958 5 -0.173138 -1.42945 0.892796 0.000100079 
742.048 -0.596407 180.82 5 -0.172192 -1.42678 0.87649 -3.55494e-05 
749.866 -0.590155 177.692 5 -0.171246 -1.42756 0.860184 -7.33467e-05 
757.614 -0.592513 174.574 5 -0.170299 -1.42933 0.843878 9.67708e-05 
765.293 -0.61445 171.466 5 -0.169353 -1.42667 0.827571 -2.23939e-05 
772.903 -0.60694 168.37 5 -0.168407 -1.42717 0.811265 -7.86528e-05 
780.444 -0.604948 165.283 5 -0.167461 -1.4293 0.794959 7.73975e-05 
787.916 -0.626583 162.208 5 -0.166515 -1.42711 0.778653 -3.82802e-05 
795.32 -0.623952 159.142 5 -0.165569 -1.42807 0.762347 1.13969e-05 
802.655 -0.631949 156.087 5 -0.164623 -1.42769 0.746041 -1.23579e-05 
809.923 -0.635775 153.043 5 -0.163677 -1.42788 0.729735 -2.44365e-06 
817.123 -0.641667 150.009 5 -0.162731 -1.42784 0.713429 -9.82905e-06 
824.255 -0.647098 146.986 5 -0.161785 -1.42806 0.697122 8.29749e-06 
831.32 -0.65498 143.973 5 -0.160839 -1.4277 0.680816 -5.68511e-06 
838.317 -0.658965 140.97 5 -0.159893 -1.42782 0.66451 -5.19564e-06 
845.248 -0.664175 137.978 5 -0.158947 -1.42792 0.648204 4.95902e-07 
852.112 -0.670508 134.997 5 -0.158001 -1.42782 0.631898 -2.44261e-06 
858.91 -0.67572 132.026 5 -1.0251 -1.42786 0.615592 -1.00805e-06 
865.834 -0.681524 119.449 12.3162 -1.4 -1.42781 0.599286 -4.81063e-07 
866.068 -0.681756 102.589 22.2719 -0.508674 -1.42779 0.58298 -1.23425e-06 
856.892 -0.674516 95.4262 24.0045 -0.39201 -1.42779 0.566673 2.30583e-07 
845.994 -0.666023 89.5253 24.6368 -0.42731 -1.42782 0.550367 -3.98017e-05 
834.411 -0.657478 83.2222 25.5289 -0.422777 -1.42676 0.534061 0.000737925 
821.895 -0.636556 76.9534 26.3263 -0.351663 -1.36012 0.517755 -0.00616243 
808.518 0.123165 71.4583 26.4748 -0.224767 -1.94044 0.501449 -0.022166 
794.853 -5.54578 67.3663 25.551 -0.110927 -3.02952 0.485143 0.055981 
781.882 -23.2805 64.5519 23.7424 -0.122502 -1.56899 0.468837 0.0473439 
770.47 -24.8364 61.6413 22.1699 -0.350715 -0.0736726 0.452531 0.0326189 
760.453 -9.8281 56.2305 22.6424 -0.767955 1.41733 0.436224 0.0228584 
750.002 21.6981 46.189 26.6053 -1.15714 2.90371 0.419918 0.0132445 
735.91 69.6934 31.7657 33.5704 -1.15233 4.36799 0.403612 0.00151039 
715.327 133.915 17.2721 40 -0.443593 5.58113 0.387306 -0.000207969 
688.568 211.581 10.5158 40 1.11555 4.83835 0.369 0 
881.21 491.26 568.29 35.842 0.876783 0 0.0326977 0 
881.21 491.26 568.29 35.842 0.876784 -3.38714e-07 0.0326977 6.82497e-07 
881.192 491.17 568.365 35.8218 0.877364 0.000220778 0.0327112 0.000127868 
896.854 425.843 563.316 35.8409 0.876882 -0.000971607 0.0326984 2.4554e-05 
566.112 418.132 566.559 35.8581 0.876271 0.000540745 0.032687 -0.000114957 
496.452 473.099 567.957 35.8451 0.876683 0.000105862 0.0326956 -2.23679e-05 
483.135 483.791 568.226 35.8426 0.876764 1.98352e-05 0.0326973 -4.22281e-06 
480.557 485.811 568.278 35.8421 0.876779 3.99105e-06 0.0326976 -8.40446e-07 
480.063 486.212 568.288 35.842 0.876782 7.51822e-07 0.0326977 -1.63663e-07 
479.968 486.291 568.29 35.842 0.876783 -4.23458e-08 0.0326977 1.32955e-08 
479.949 486.285 568.289 35.842 0.876783 5.8033e-07 0.0326977 -9.93763e-08 
479.947 486.331 568.29 35.842 0.876783 -2.40855e-07 0.0326977 3.67959e-08 
479.945 486.314 568.29 35.842 0.876783 -1.57678e-08 0.0326977 -1.6996e-09 
479.945 486.315 568.29 35.842 0.876783 -1.64306e-07 0.0326977 4.25603e-08 
479.945 486.295 568.289 35.842 0.876783 5.94397e-07 0.0326977 -1.01467e-07 
479.945 486.343 568.29 35.842 0.876783 -2.34398e-07 0.0326977 3.67186e-08 
479.945 486.325 568.29 35.842 0.876783 -2.71152e-08 0.0326977 4.83033e-09 
479.945 486.323 568.29 35.842 0.876783 1.98319e-08 0.0326977 5.38859e-09 
479.945 486.321 568.29 35.842 0.876783 2.84388e-07 0.0326977 -4.43125e-08 
479.944 486.341 568.29 35.842 0.876783 7.23235e-08 0.0326977 -1.87946e-08 
479.945 486.35 568.29 35.842 0.876783 -2.5742e-07 0.0326977 5.15698e-08 
479.946 486.326 568.29 35.842 0.876783 3.32143e-07 0.0326977 -5.63606e-08 
479.944 486.353 568.29 35.842 0.876783 -6.65393e-08 0.0326977 1.79842e-08 
479.946 486.344 568.29 35.842 0.876783 2.10916e-07 0.0326977 -3.15811e-08 
479.945 486.359 568.29 35.842 0.876783 1.02752e-07 0.0326977 -7.42338e-09 
479.945 486.362 568.29 35.842 0.876783 3.26385e-07 0.0326977 -6.13656e-08 
479.945 486.391 568.29 35.842 0.876783 -3.35777e-07 0.0326977 6.5623e-08 
479.945 486.36 568.29 35.842 0.876783 4.22035e-07 0.0326977 -6.17061e-08 
479.945 486.389 568.29 35.842 0.876783 2.084e-07 0.0326977 -2.723e-08 
479.945 486.402 568.29 35.842 0.876783 2.09833e-07 0.0326977 -2.71267e-08 
479.944 486.415 568.29 35.842 0.876783 2.49624e-07 0.0326977 -3.03997e-08 
479.945 486.429 568.29 35.842 0.876783 3.07752e-07 0.0326977 -4.15881e-08 
479.944 486.449 568.29 35.842 0.876783 2.9195e-07 0.0326977 -4.1476e-08 
479.945 486.469 568.29 35.842 0.876783 1.57389e-07 0.0326977 1.00004e-08 
479.944 486.464 568.289 35.842 0.876782 1.28135e-06 0.0326977 -1.97501e-07 
479.945 486.557 568.29 35.842 0.876783 2.35768e-07 0.0326977 -1.4311e-08 
479.944 486.564 568.289 35.842 0.876783 8.41105e-07 0.0326977 -1.00192e-07 
479.944 486.611 568.289 35.842 0.876782 1.21284e-06 0.0326977 -1.68671e-07 
479.944 486.69 568.289 35.842 0.876783 8.75295e-07 0.0326977 -8.1011e-08 
479.943 486.728 568.288 35.842 0.876782 2.09192e-06 0.0326977 -2.5658e-07 
479.943 486.849 568.287 35.842 0.876782 2.71837e-06 0.0326977 -3.00847e-07 
479.942 486.991 568.286 35.8421 0.876781 4.6371e-06 0.0326977 -4.46176e-07 
479.94 487.201 568.281 35.8421 0.87678 1.00072e-05 0.0326977 -5.6621e-07 
479.938 487.467 568.258 35.8421 0.876777 3.42544e-05 0.0326976 -1.07436e-06 
479.921 487.973 568.157 35.842 0.876772 0.000144604 0.0326977 -1.62148e-06 
479.874 488.733 567.641 35.8416 0.876746 0.000702194 0.032698 -3.62314e-06 
479.605 490.424 565.016 35.8387 0.876632 0.00354456 0.0326998 -1.00889e-05 
478.263 495.087 551.503 35.8284 0.875909 0.0181657 0.0327064 -7.09585e-05 
470.988 529.776 482.741 35.8229 0.871622 0.0948171 0.0326014 -0.00108263 
549.968 823.022 182.82 22.6837 4.61141e-05 0.138038 0.0316977 0 
549.968 823.022 182.82 22.6837 4.61141e-05 0.138038 0.0316977 0 
549.96 823.039 182.82 22.683 0.000514272 0.138039 0.475658 -9.99159e-05 
549.951 823.057 182.82 22.6821 0.00165565 0.138039 0.473598 -9.37919e-05 
549.943 823.074 182.82 22.6813 0.00279381 0.13804 0.471533 -8.79238e-05 
549.935 823.091 182.82 22.6804 0.00392873 0.138041 0.469461 -8.23063e-05 
549.927 823.109 182.82 22.6795 0.00506041 0.138041 0.467385 -7.69338e-05 
549.918 823.126 182.82 22.6785 0.00618885 0.138042 0.465302 -7.18008e-05 
549.91 823.143 182.82 22.6776 0.00731402 0.138043 0.463214 -6.69018e-05 
549.902 823.161 182.821 22.6767 0.00843593 0.138043 0.46112 -6.22313e-05 
549.893 823.178 182.821 22.6758 0.00955455 0.138044 0.45902 -5.77838e-05 
549.885 823.195 182.821 22.6748 0.0106699 0.138045 0.456914 -5.35538e-05 
549.877 823.213 182.821 22.6739 0.0117819 0.138045 0.454802 -4.95359e-05 
549.869 823.23 182.821 22.6729 0.0128907 0.138046 0.452684 -4.57244e-05 
549.86 823.248 182.821 22.6719 0.0139961 0.138047 0.45056 -4.2114e-05 
549.852 823.265 182.821 22.671 0.0150982 0.138047 0.448431 -3.86991e-05 
549.844 823.282 182.822 22.67 0.0161969 0.138048 0.446295 -3.54744e-05 
549.835 823.3 182.822 22.669 0.0172923 0.138049 0.444153 -3.24342e-05 
549.827 823.317 182.822 22.668 0.0183844 0.138049 0.442004 -2.95731e-05 
549.819 823.334 182.822 22.667 0.0194731 0.13805 0.43985 -2.68857e-05 
549.811 823.352 182.823 22.666 0.0205584 0.138051 0.43769 -2.43664e-05 
549.802 823.369 182.823 22.665 0.0216403 0.138051 0.435523 -2.20099e-05 
549.794 823.386 182.823 22.6639 0.0227188 0.138052 0.43335 -1.98107e-05 
549.786 823.404 182.823 22.6629 0.0237939 0.138053 0.431171 -1.77632e-05 
549.777 823.421 182.824 22.6619 0.0248656 0.138053 0.428986 -1.58621e-05 
549.769 823.438 182.824 22.6608 0.0259339 0.138054 0.426794 -1.41019e-05 
549.761 823.456 182.824 22.6598 0.0269987 0.138055 0.424596 -1.24771e-05 
549.753 823.473 182.824 22.6587 0.0280601 0.138055 0.422392 -1.09823e-05 
549.744 823.49 182.825 22.6576 0.029118 0.138056 0.420182 -9.61205e-06 
549.736 823.508 182.825 22.6566 0.0301725 0.138057 0.417965 -8.36091e-06 
549.728 823.525 182.825 22.6555 0.0312235 0.138057 0.415742 -7.22346e-06 
549.719 823.542 182.826 22.6544 0.032271 0.138058 0.413513 -6.19424e-06 
549.711 823.56 182.826 22.6533 0.033315 0.138059 0.411278 -5.26783e-06 
549.703 823.577 182.827 22.6522 0.0343555 0.13806 0.409037 -4.4388e-06 
549.695 823.595 182.827 22.6511 0.0353924 0.13806 0.406789 -3.70172e-06 
549.686 823.612 182.827 22.65 0.0364259 0.138061 0.404535 -3.05118e-06 
549.678 823.629 182.828 22.6488 0.0374558 0.138062 0.402275 -2.48176e-06 
549.67 823.647 182.828 22.6477 0.0384822 0.138062 0.400009 -1.98803e-06 
549.662 823.664 182.829 22.6466 0.039505 0.138063 0.397737 -1.5646e-06 
549.653 823.681 182.829 22.6454 0.0405242 0.138064 0.395458 -1.20604e-06 
549.645 823.699 182.83 22.6443 0.0415398 0.138064 0.393174 -9.06956e-07 
549.637 823.716 182.83 22.6431 0.0425519 0.138065 0.390883 -6.61941e-07 
549.628 823.733 182.83 22.642 0.0435604 0.138066 0.388586 -4.65596e-07 
549.62 823.751 182.831 22.6408 0.0445652 0.138066 0.386284 -3.12524e-07 
549.612 823.768 182.831 22.6396 0.0455665 0.138067 0.383975 -1.97331e-07 
549.604 823.785 182.832 22.6384 0.0465641 0.138068 0.381661 -1.14628e-07 
549.595 823.803 182.832 22.6372 0.0475581 0.138069 0.37934 -5.9026e-08 
549.587 823.82 182.833 22.636 0.0485484 0.138069 0.377014 -2.51419e-08 
549.579 823.837 182.833 22.6348 0.0495351 0.13807 0.374682 -7.59424e-09 
549.571 823.855 182.834 22.6336 0.0505181 0.138071 0.372344 -1.00522e-09 
549.562 823.872 182.835 22.6324 0.0514975 0.138071 0.369 0 
549.562 823.872 182.835 22.6324 0.0514975 0.138071 0.369 0 
542.729 838.223 183.299 21.6203 0.857269 0.138645 -0.147079 -0.424707 
536.45 852.578 190.543 15.7064 0.927175 -0.0579475 -0.111687 -0.385852 
534.26 865.278 198.455 9.65635 0.570267 -0.23657 0.041671 -0.34876 
536.332 876.476 203.45 6.16105 -0.0720827 -0.398029 0.648082 -0.313608 
540.948 886.315 203.098 6.73658 -0.225487 -0.543215 0.760793 -0.280545 
545.196 894.935 201.449 8.21901 -0.190198 -0.6731 0.711473 -0.249679 
548.411 902.465 200.077 9.41312 -0.0991814 -0.788701 0.62472 -0.221065 
550.784 909.025 199.454 9.99248 -0.022884 -0.891059 0.554523 -0.194719 
552.742 914.726 199.463 10.0786 0.0106983 -0.981222 0.523937 -0.170611 
554.637 919.67 199.753 9.95686 0.0124363 -1.06022 0.521597 -0.148681 
556.617 923.95 200.059 9.83149 0.0015321 -1.12907 0.529289 -0.12884 
558.689 927.651 200.276 9.77982 -0.00958931 -1.18873 0.53588 -0.110982 
560.8 930.852 200.4 9.79958 -0.0164438 -1.24013 0.537871 -0.0949864 
562.901 933.621 200.466 9.86133 -0.0191609 -1.28411 0.53588 -0.0807254 
564.962 936.021 200.508 9.93779 -0.0194359 -1.32149 0.53169 -0.0680698 
566.972 938.106 200.547 10.0134 -0.0188801 -1.353 0.52679 -0.0568911 
568.931 939.927 200.589 10.0831 -0.0184631 -1.37934 0.521968 -0.0470647 
570.844 941.527 200.635 10.1481 -0.0185514 -1.40112 0.517432 -0.0384713 
572.713 942.945 200.678 10.2118 -0.0191555 -1.41893 0.513078 -0.030998 
574.541 944.212 200.716 10.2775 -0.0201462 -1.43326 0.50873 -0.0245391 
576.325 945.359 200.744 10.3476 -0.0213544 -1.44461 0.504267 -0.018996 
578.062 946.411 200.762 10.4232 -0.0225757 -1.45339 0.499659 -0.014277 
579.749 947.389 200.768 10.5041 -0.023552 -1.45997 0.494928 -0.0102973 
581.382 948.312 200.764 10.5886 -0.0240117 -1.46472 0.490096 -0.00697856 
582.958 949.196 200.756 10.6733 -0.0238031 -1.46792 0.485139 -0.0042483 
584.477 950.052 200.749 10.7538 -0.0230821 -1.46986 0.479977 -0.00203954 
585.941 950.892 200.746 10.8272 -0.0224391 -1.47077 0.474514 -0.000290408 
587.356 951.725 200.748 10.8945 -0.0228152 -1.47087 0.468708 0.00105632 
588.725 952.556 200.745 10.9626 -0.0251157 -1.47035 0.462637 0.00205354 
590.049 953.392 200.723 11.044 -0.0295858 -1.46936 0.456516 0.00275016 
591.319 954.237 200.662 11.1518 -0.0352143 -1.46805 0.45064 0.00319138 
592.516 955.092 200.552 11.2918 -0.0395831 -1.46654 0.445249 0.0034189 
593.617 955.961 200.403 11.4541 -0.0395323 -1.46491 0.440377 0.00347109 
594.607 956.843 200.253 11.6089 -0.032683 -1.46327 0.435794 0.00338316 
595.49 957.738 200.158 11.7132 -0.0193292 -1.46166 0.431081 0.00318723 
596.298 958.648 200.174 11.7283 -0.00372073 -1.46014 0.425822 0.00291243 
597.093 959.57 200.321 11.6447 0.00633282 -1.45876 0.419827 0.00258493 
597.946 960.504 200.553 11.5037 0.0021177 -1.45752 0.413271 0.00222793 
598.898 961.448 200.752 11.3998 -0.0214982 -1.45645 0.406699 0.00186173 
599.928 962.401 200.754 11.4549 -0.0613923 -1.45554 0.400823 0.00150363 
600.927 963.362 200.42 11.764 -0.10388 -1.45481 0.396133 0.00116797 
601.719 964.329 199.726 12.3295 -0.127233 -1.45423 0.392578 0.00086608 
602.124 965.301 198.827 13.0145 -0.109826 -1.45378 0.38961 0.000606217 
602.049 966.278 198.065 13.5519 -0.0418122 -1.45346 0.386567 0.000393565 
601.588 967.257 197.868 13.6265 0.0644705 -1.45324 0.383096 0.000230188 
601.056 968.238 198.562 13.0192 0.171278 -1.45309 0.379308 0.000115025 
600.927 969.22 200.161 11.764 0.223957 -1.453 0.375638 4.38326e-05 
601.66 970.202 202.219 10.2423 0.17165 -1.45295 0.372516 9.07385e-06 
603.461 971.184 203.859 9.13931 -0.00512213 -1.45291 0.369 0 
603.461 971.184 203.859 9.13931 -0.00512213 -1.45291 0.369 0 
606.352 968.293 205.09 10.8901 -0.00108758 -0.994752 0.482653 9.533e-09 
609.243 965.402 206.312 12.4621 -0.000361539 -0.704272 0.480306 6.31042e-09 
612.134 962.511 207.525 13.8467 -0.00025048 -0.52062 0.477959 4.14435e-09 
615.025 959.62 208.73 15.0534 -0.00023849 -0.403841 0.475612 2.69415e-09 
617.917 956.728 209.926 16.0992 -0.00023874 -0.32937 0.473265 1.72947e-09 
620.808 953.837 211.114 17.0023 -0.000239121 -0.281863 0.470918 1.09289e-09 
623.699 950.946 212.294 17.7802 -0.000238958 -0.251594 0.468571 6.7677e-10 
626.59 948.055 213.466 18.4488 -0.000238643 -0.232349 0.466224 4.0779e-10 
629.481 945.164 214.629 19.0226 -0.000238373 -0.220149 0.463878 2.36274e-10 
632.372 942.273 215.785 19.5143 -0.000238188 -0.212444 0.461531 1.28764e-10 
635.263 939.382 216.932 19.9351 -0.000238073 -0.207598 0.459184 6.2868e-11 
638.154 936.491 218.072 20.2948 -0.000238002 -0.204567 0.456837 2.37057e-11 
641.045 933.6 219.204 20.602 -0.000237959 -0.202682 0.45449 1.46722e-12 
643.936 930.709 220.327 20.8642 -0.00023793 -0.201518 0.452143 -1.02577e-11 
646.828 927.817 221.443 21.0878 -0.00023791 -0.200805 0.449796 -1.56138e-11 
649.719 924.926 222.552 21.2783 -0.000237894 -0.200372 0.447449 -1.72462e-11 
652.61 922.035 223.652 21.4406 -0.000237882 -0.200111 0.445102 -1.68172e-11 
655.501 919.144 224.745 21.5787 -0.000237873 -0.199955 0.442755 -1.53484e-11 
658.392 916.253 225.83 21.6963 -0.000237866 -0.199863 0.440408 -1.34511e-11 
661.283 913.362 226.908 21.7963 -0.00023786 -0.19981 0.438061 -1.14753e-11 
664.174 910.471 227.978 21.8813 -0.000237857 -0.199778 0.435714 -9.60933e-12 
667.065 907.58 229.04 21.9535 -0.000237855 -0.19976 0.433367 -7.94234e-12 
669.956 904.689 230.095 22.0149 -0.000237854 -0.199749 0.43102 -6.50525e-12 
672.847 901.798 231.142 22.067 -0.000237855 -0.199742 0.428673 -5.29641e-12 
675.739 898.906 232.181 22.1112 -0.000237857 -0.199738 0.426327 -4.29704e-12 
678.63 896.015 233.213 22.1487 -0.00023786 -0.199734 0.42398 -3.4807e-12 
681.521 893.124 234.237 22.1805 -0.000237864 -0.199731 0.421633 -2.81899e-12 
684.412 890.233 235.253 22.2075 -0.000237868 -0.199728 0.419286 -2.28412e-12 
687.303 887.342 236.262 22.2303 -0.000237873 -0.199724 0.416939 -1.8506e-12 
690.194 884.451 237.262 22.2497 -0.000237879 -0.199719 0.414592 -1.49563e-12 
693.085 881.56 238.256 22.2661 -0.000237886 -0.199712 0.412245 -1.19927e-12 
695.976 878.669 239.241 22.28 -0.000237893 -0.199701 0.409898 -9.43976e-13 
698.867 875.778 240.218 22.2918 -0.0002379 -0.199683 0.407551 -7.15073e-13 
701.758 872.887 241.187 22.3018 -0.000237907 -0.199656 0.405204 -4.99716e-13 
704.65 869.995 242.149 22.3104 -0.000237915 -0.199611 0.402857 -2.87421e-13 
707.541 867.104 243.102 22.3177 -0.000237923 -0.19954 0.40051 -7.02756e-14 
710.432 864.213 244.047 22.3239 -0.00023793 -0.199427 0.398163 1.56915e-13 
713.323 861.322 244.984 22.3293 -0.000237937 -0.199246 0.395816 3.956e-13 
716.214 858.431 245.913 22.334 -0.000237944 -0.19896 0.393469 6.42873e-13 
719.105 855.54 246.833 22.3381 -0.000237948 -0.198508 0.391122 8.89801e-13 
721.996 852.649 247.744 22.3418 -0.00023795 -0.197796 0.388776 1.12055e-12 
724.887 849.758 248.647 22.3452 -0.000237948 -0.196679 0.386429 1.31174e-12 
727.778 846.867 249.542 22.3483 -0.000237946 -0.194928 0.384082 1.43266e-12 
730.67 843.975 250.428 22.3513 -0.000237961 -0.19219 0.381735 1.44859e-12 
733.561 841.084 251.304 22.3543 -0.000238022 -0.187906 0.379388 1.32793e-12 
736.452 838.193 252.172 22.3573 -0.000237865 -0.181183 0.377041 1.05631e-12 
739.343 835.302 253.031 22.3605 -0.00023383 -0.170555 0.374694 6.59513e-13 
742.234 832.411 253.88 22.3638 -0.00019225 -0.15353 0.372347 2.35682e-13 
745.125 829.52 254.72 22.3672 -2.07453e-07 -0.126445 0.369 0 
745.125 829.52 254.72 22.3672 -2.07453e-07 -0.126445 0.369 0 
739.587 839.625 254.749 21.8103 0.654131 -0.12604 -0.116261 -0.488181 
734.27 849.732 259.361 17.9465 0.758841 -0.31444 -0.0898265 -0.452686 
731.169 858.519 264.749 13.6934 0.634218 -0.489167 -0.0304202 -0.418262 
730.543 866.082 269.313 10.2793 0.290801 -0.650628 0.115847 -0.385057 
731.943 872.514 271.512 8.8037 -0.123224 -0.799289 0.403884 -0.353205 
734.259 877.904 270.831 9.51033 -0.330635 -0.935669 0.555117 -0.322823 
736.196 882.341 268.691 11.2421 -0.331456 -1.06034 0.536932 -0.294005 
737.133 885.907 266.526 12.9049 -0.236488 -1.17389 0.44777 -0.266821 
737.093 888.678 265.006 14.0139 -0.125266 -1.27697 0.352255 -0.241316 
736.393 890.729 264.253 14.5098 -0.0412703 -1.37021 0.288922 -0.217508 
735.393 892.128 264.081 14.5555 0.0087164 -1.45427 0.25927 -0.195391 
734.357 892.939 264.259 14.3422 0.0303339 -1.5298 0.253063 -0.174939 
733.44 893.221 264.59 14.0255 0.0311487 -1.59745 0.261252 -0.156106 
732.705 893.029 264.93 13.7164 0.0195212 -1.65783 0.276758 -0.138835 
732.149 892.415 265.193 13.4784 0.00370289 -1.71155 0.293807 -0.123054 
731.731 891.425 265.348 13.3302 -0.00994051 -1.75918 0.308228 -0.108687 
731.401 890.102 265.409 13.257 -0.0182209 -1.80126 0.318064 -0.0956488 
731.114 888.484 265.412 13.2281 -0.0210089 -1.83832 0.323461 -0.0838561 
730.843 886.607 265.397 13.2138 -0.0200464 -1.87082 0.325826 -0.0732231 
730.58 884.503 265.388 13.1942 -0.0175725 -1.89923 0.326848 -0.0636659 
730.327 882.2 265.397 13.162 -0.0153483 -1.92394 0.327869 -0.0551029 
730.091 879.724 265.422 13.1192 -0.0142068 -1.94535 0.329669 -0.0474557 
729.88 877.098 265.456 13.0717 -0.0140338 -1.96381 0.332512 -0.0406498 
729.696 874.343 265.491 13.0245 -0.0140416 -1.97964 0.336296 -0.0346148 
729.539 871.477 265.526 12.9784 -0.0132206 -1.99314 0.340704 -0.0292845 
729.407 868.516 265.568 12.9286 -0.0108582 -2.00458 0.34532 -0.0245968 
729.304 865.476 265.627 12.8671 -0.00699016 -2.01422 0.34972 -0.0204938 
729.236 862.368 265.714 12.7865 -0.00263194 -2.02227 0.35355 -0.0169215 
729.213 859.204 265.832 12.6851 0.000347432 -2.02894 0.356595 -0.0138297 
729.248 855.993 265.972 12.5716 -0.000232715 -2.03442 0.358839 -0.0111715 
729.35 852.744 266.109 12.4656 -0.00598796 -2.03887 0.360479 -0.00890354 
729.513 849.463 266.207 12.3947 -0.0170046 -2.04244 0.361886 -0.00698532 
729.718 846.157 266.229 12.3851 -0.0311657 -2.04528 0.363492 -0.00537921 
729.932 842.832 266.152 12.4509 -0.0441643 -2.04749 0.365641 -0.00405024 
730.109 839.491 265.983 12.5822 -0.050451 -2.04919 0.368442 -0.00296586 
730.211 836.138 265.769 12.7401 -0.0450556 -2.05047 0.371702 -0.00209583 
730.221 832.777 265.591 12.8611 -0.0258309 -2.05142 0.374959 -0.00141206 
730.158 829.409 265.546 12.8732 0.00465844 -2.0521 0.377635 -0.000888469 
730.083 826.036 265.714 12.7217 0.0384964 -2.05258 0.379253 -0.00050089 
730.091 822.659 266.121 12.3964 0.0637013 -2.05291 0.379631 -0.000226964 
730.283 819.281 266.707 11.9517 0.0675341 -2.05313 0.378954 -4.60531e-05 
730.733 815.9 267.326 11.5071 0.0411519 -2.05329 0.377705 6.08276e-05 
731.444 812.518 267.764 11.2235 -0.0157897 -2.0534 0.376455 0.000111054 
732.328 809.136 267.808 11.2564 -0.0923611 -2.05349 0.375595 0.000120422 
733.205 805.752 267.315 11.6956 -0.167019 -2.05358 0.375126 0.000103169 
733.839 802.368 266.295 12.5124 -0.212438 -2.05367 0.374675 7.19986e-05 
734.007 798.984 264.949 13.5339 -0.203816 -2.05378 0.37377 3.81238e-05 
733.583 795.6 263.651 14.4631 -0.128507 -2.0539 0.372168 1.13254e-05 
732.609 792.215 262.869 14.9496 0.00609922 -2.05403 0.369 0 
732.609 792.215 262.869 14.9496 0.00609922 -2.05403 0.369 0 
732.464 791.863 262.821 14.8589 -0.0415853 -2.04573 -0.188385 0.0837851 
732.326 791.518 262.738 14.813 -0.150371 -2.03421 -0.176773 0.0788141 
732.191 791.18 262.575 14.827 -0.25812 -2.02305 -0.16516 0.0740448 
732.057 790.851 262.335 14.9002 -0.364418 -2.01224 -0.153548 0.0694734 
731.92 790.53 262.017 15.0314 -0.468861 -2.00176 -0.141935 0.0650957 
731.777 790.216 261.623 15.2195 -0.571049 -1.99161 -0.130323 0.060908 
731.623 789.909 261.155 15.4627 -0.670594 -1.98178 -0.11871 0.0569061 
731.456 789.61 260.614 15.7596 -0.767118 -1.97226 -0.107097 0.0530861 
731.272 789.318 260.003 16.108 -0.860254 -1.96305 -0.0954845 0.0494437 
731.069 789.032 259.323 16.5059 -0.94965 -1.95414 -0.0838714 0.0459749 
730.842 788.753 258.578 16.9509 -1.03497 -1.94551 -0.0722579 0.0426756 
730.59 788.481 257.77 17.4407 -1.11589 -1.93717 -0.0606438 0.0395413 
730.31 788.214 256.903 17.9726 -1.1921 -1.92911 -0.0490285 0.036568 
729.998 787.953 255.98 18.5437 -1.26333 -1.92131 -0.03741 0.0337513 
729.652 787.698 255.005 19.1511 -1.3293 -1.91377 -0.0257789 0.0310868 
729.271 787.448 253.981 19.7918 -1.38977 -1.90649 0.395817 0.0285702 
728.852 787.204 252.912 20.4493 -1.4 -1.89946 0.448241 0.0261966 
728.393 786.965 251.835 21.1077 -1.4 -1.89267 0.406482 0.0239614 
727.894 786.731 250.757 21.7643 -1.4 -1.88611 0.364835 0.0218598 
727.356 786.501 249.679 22.4191 -1.4 -1.87979 0.323301 0.0198872 
726.777 786.277 248.599 23.0722 -1.4 -1.87368 0.281879 0.0180391 
726.16 786.056 247.519 23.7235 -1.4 -1.86779 0.24057 0.016311 
725.502 785.84 246.439 24.3731 -1.4 -1.86212 0.199371 0.0146984 
724.805 785.629 245.357 25.0209 -1.4 -1.85665 0.158284 0.0131969 
724.069 785.421 244.275 25.6669 -1.4 -1.85138 0.117266 0.0118023 
723.294 785.217 243.192 26.3112 -1.4 -1.84631 0.101919 0.0104992 
722.479 785.017 242.108 26.9529 -1.39724 -1.84144 0.113531 0.00928327 
721.626 784.82 241.025 27.5897 -1.38879 -1.83676 0.125143 0.00815393 
720.734 784.627 239.948 28.2185 -1.37471 -1.83229 0.136756 0.00711028 
719.803 784.437 238.88 28.8361 -1.35505 -1.82802 0.148368 0.00615109 
718.835 784.25 237.826 29.4395 -1.3299 -1.82395 0.15998 0.00527481 
717.829 784.066 236.79 30.0258 -1.29935 -1.82009 0.171592 0.00447955 
716.788 783.885 235.775 30.592 -1.26352 -1.81643 0.183205 0.00376308 
715.711 783.707 234.785 31.1354 -1.22257 -1.81299 0.194817 0.00312283 
714.601 783.531 233.824 31.6532 -1.17665 -1.80975 0.206429 0.0025559 
713.459 783.358 232.897 32.1428 -1.12594 -1.80673 0.218042 0.00205906 
712.286 783.187 232.005 32.6016 -1.07065 -1.80392 0.229654 0.00162875 
711.084 783.017 231.154 33.0273 -1.01098 -1.80132 0.241266 0.00126112 
709.855 782.85 230.345 33.4176 -0.947169 -1.79894 0.252879 0.000952018 
708.601 782.685 229.582 33.7704 -0.879465 -1.79678 0.264491 0.000697016 
707.325 782.521 228.868 34.0837 -0.808129 -1.79483 0.276103 0.000491438 
706.028 782.359 228.205 34.3557 -0.733435 -1.7931 0.287716 0.000330375 
704.714 782.197 227.596 34.5847 -0.655671 -1.79159 0.299328 0.000208707 
703.384 782.037 227.044 34.7693 -0.575136 -1.79029 0.310941 0.000121135 
702.042 781.878 226.55 34.9081 -0.492138 -1.78922 0.322554 6.22044e-05 
700.689 781.72 226.116 35 -0.406994 -1.78836 0.334168 2.63341e-05 
699.329 781.562 225.744 35.0442 -0.32003 -1.78773 0.345784 7.84595e-06 
697.965 781.405 225.435 35.1681 -0.231574 -1.78731 0.372544 9.94881e-07 
696.592 781.248 225.19 35.1771 -0.0473609 -1.78711 0.369 0 
696.592 781.248 225.19 35.1771 -0.0473609 -1.78711 0.369 0 
694.918 776.801 226.533 32.6775 -0.00394502 -0.852837 0.482653 -9.03523e-13 
693.244 772.354 227.849 30.5983 -0.000328508 -0.371362 0.480306 -4.28043e-13 
691.572 767.907 229.139 28.8954 -2.72807e-05 -0.128284 0.477959 -2.02401e-13 
689.9 763.46 230.402 27.5215 -2.19081e-06 -0.0062919 0.475612 -9.5506e-14 
688.229 759.014 231.638 26.4265 -1.01002e-07 0.0548275 0.473265 -4.50272e-14 
686.559 754.567 232.847 25.5619 7.30763e-08 0.0854344 0.470918 -2.12173e-14 
684.889 750.12 234.029 24.8834 8.75863e-08 0.10076 0.468571 -9.91454e-15 
683.221 745.673 235.184 24.3531 8.88035e-08 0.108433 0.466224 -4.61216e-15 
681.553 741.226 236.311 23.9398 8.8912e-08 0.112276 0.463878 -2.18569e-15 
679.886 736.779 237.411 23.6183 8.8927e-08 0.1142 0.461531 -1.01965e-15 
678.219 732.332 238.484 23.3683 8.89334e-08 0.115164 0.459184 -4.62829e-16 
676.554 727.885 239.529 23.1741 8.89383e-08 0.115646 0.456837 -2.95985e-16 
674.889 723.438 240.547 23.0233 8.89426e-08 0.115888 0.45449 -1.32988e-16 
673.225 718.991 241.537 22.9062 8.89464e-08 0.116009 0.452143 -6.62293e-17 
671.561 714.545 242.499 22.8153 8.89498e-08 0.11607 0.449796 -7.14169e-17 
669.899 710.098 243.433 22.7447 8.8953e-08 0.1161 0.447449 -8.51264e-17 
668.237 705.651 244.339 22.6899 8.89559e-08 0.116115 0.445102 6.51739e-17 
666.576 701.204 245.218 22.6474 8.89587e-08 0.116123 0.442755 -3.99558e-17 
664.915 696.757 246.068 22.6144 8.89613e-08 0.116127 0.440408 4.8404e-17 
663.255 692.31 246.89 22.5888 8.89638e-08 0.116129 0.438061 -4.88026e-17 
661.596 687.863 247.683 22.569 8.89663e-08 0.116129 0.435714 1.25811e-17 
659.938 683.416 248.449 22.5535 8.89686e-08 0.11613 0.433367 -3.46942e-17 
658.28 678.969 249.186 22.5416 8.89709e-08 0.11613 0.43102 4.84497e-17 
656.623 674.522 249.894 22.5323 8.89732e-08 0.11613 0.428673 3.22719e-18 
654.967 670.076 250.574 22.5251 8.89754e-08 0.11613 0.426327 -2.16303e-17 
653.311 665.629 251.225 22.5195 8.89776e-08 0.11613 0.42398 -7.47576e-18 
651.656 661.182 251.848 22.5151 8.89798e-08 0.11613 0.421633 -8.51634e-18 
650.002 656.735 252.442 22.5117 8.89819e-08 0.11613 0.419286 -4.15986e-18 
648.348 652.288 253.007 22.5091 8.8984e-08 0.11613 0.416939 5.19499e-18 
646.695 647.841 253.543 22.5071 8.89861e-08 0.11613 0.414592 -7.71683e-18 
645.042 643.394 254.051 22.5055 8.89883e-08 0.11613 0.412245 3.49052e-17 
643.391 638.947 254.529 22.5043 8.89903e-08 0.116129 0.409898 -3.06842e-17 
641.739 634.5 254.979 22.5033 8.89924e-08 0.116129 0.407551 -1.46521e-17 
640.089 630.053 255.399 22.5026 8.89945e-08 0.116127 0.405204 -1.16984e-17 
638.439 625.607 255.791 22.502 8.89966e-08 0.116124 0.402857 -8.50073e-18 
636.789 621.16 256.153 22.5016 8.89986e-08 0.116118 0.40051 8.28967e-18 
635.141 616.713 256.486 22.5013 8.90007e-08 0.116108 0.398163 -2.57593e-17 
633.492 612.266 256.79 22.501 8.90028e-08 0.116087 0.395816 8.29519e-18 
631.845 607.819 257.065 22.5008 8.90048e-08 0.116046 0.393469 1.33156e-17 
630.198 603.372 257.31 22.5006 8.90069e-08 0.115968 0.391122 1.13111e-17 
628.551 598.925 257.526 22.5005 8.90089e-08 0.115817 0.388776 5.64908e-18 
626.906 594.478 257.713 22.5004 8.9011e-08 0.115526 0.386429 2.49526e-17 
625.26 590.031 257.871 22.5003 8.9013e-08 0.114968 0.384082 1.77282e-17 
623.616 585.584 257.999 22.5003 8.90146e-08 0.113898 0.381735 1.7101e-17 
621.971 581.138 258.098 22.5002 8.9012e-08 0.111848 0.379388 6.81206e-18 
620.328 576.691 258.168 22.5002 8.89601e-08 0.107929 0.377041 3.37312e-18 
618.685 572.244 258.208 22.5002 8.83434e-08 0.100443 0.374694 -7.03521e-18 
617.042 567.797 258.219 22.5002 8.12511e-08 0.0861324 0.372347 -1.03093e-17 
615.4 563.35 258.2 22.5001 3.51408e-11 0.0586355 0.369 0 
615.4 563.35 258.2 22.5001 3.51408e-11 0.0586355 0.369 0 
618.829 559.921 257.355 22.5037 2.98686e-05 0.0614564 0.482653 -2.9498e-14 
622.257 556.493 256.496 22.5067 3.41646e-05 0.0638109 0.480306 -2.16752e-14 
625.686 553.064 255.623 22.5092 3.4776e-05 0.065644 0.477959 -1.52516e-14 
629.115 549.635 254.735 22.5112 3.48623e-05 0.066995 0.475612 -1.0093e-14 
632.543 546.207 253.832 22.513 3.48744e-05 0.0679519 0.473265 -6.60655e-15 
635.972 542.778 252.916 22.5145 3.48761e-05 0.0686102 0.470918 -4.23116e-15 
639.401 539.349 251.984 22.5157 3.48763e-05 0.0690534 0.468571 -2.62761e-15 
642.83 535.92 251.039 22.5167 3.48763e-05 0.0693467 0.466224 -1.59814e-15 
646.258 532.492 250.079 22.5175 3.48763e-05 0.0695382 0.463878 -1.00227e-15 
649.687 529.063 249.104 22.5183 3.48763e-05 0.069662 0.461531 -6.70206e-16 
653.116 525.634 248.116 22.5188 3.48764e-05 0.0697413 0.459184 -3.43503e-16 
656.544 522.206 247.113 22.5193 3.48764e-05 0.0697916 0.456837 -1.52634e-16 
659.973 518.777 246.096 22.5198 3.48764e-05 0.0698235 0.45449 -1.50025e-16 
663.402 515.348 245.065 22.5201 3.48764e-05 0.0698435 0.452143 -1.51841e-16 
666.83 511.92 244.02 22.5204 3.48764e-05 0.069856 0.449796 -7.53356e-17 
670.259 508.491 242.96 22.5206 3.48764e-05 0.0698637 0.447449 7.26862e-18 
673.688 505.062 241.887 22.5208 3.48764e-05 0.0698686 0.445102 -5.82416e-17 
677.116 501.634 240.799 22.521 3.48764e-05 0.0698716 0.442755 -1.08394e-16 
680.545 498.205 239.698 22.5211 3.48764e-05 0.0698734 0.440408 -3.02534e-17 
683.974 494.776 238.582 22.5212 3.48764e-05 0.0698745 0.438061 1.66661e-17 
687.403 491.347 237.452 22.5213 3.48764e-05 0.0698752 0.435714 -3.29757e-17 
690.831 487.919 236.309 22.5214 3.48764e-05 0.0698756 0.433367 3.2625e-19 
694.26 484.49 235.151 22.5215 3.48764e-05 0.0698759 0.43102 -6.78666e-17 
697.689 481.061 233.98 22.5215 3.48764e-05 0.069876 0.428673 -8.23859e-18 
701.117 477.633 232.795 22.5216 3.48764e-05 0.069876 0.426327 3.64337e-17 
704.546 474.204 231.596 22.5216 3.48764e-05 0.069876 0.42398 -2.0015e-17 
707.975 470.775 230.383 22.5216 3.48764e-05 0.0698758 0.421633 1.04208e-17 
711.403 467.347 229.156 22.5216 3.48764e-05 0.0698756 0.419286 5.20507e-17 
714.832 463.918 227.916 22.5216 3.48764e-05 0.0698751 0.416939 9.75592e-18 
718.261 460.489 226.662 22.5216 3.48764e-05 0.0698743 0.414592 1.05305e-17 
721.689 457.061 225.394 22.5216 3.48764e-05 0.069873 0.412245 -2.73402e-18 
725.118 453.632 224.113 22.5216 3.48764e-05 0.0698707 0.409898 1.17529e-17 
728.547 450.203 222.818 22.5216 3.48764e-05 0.069867 0.407551 1.78551e-17 
731.975 446.774 221.51 22.5215 3.48764e-05 0.0698609 0.405204 4.41064e-17 
735.404 443.346 220.187 22.5215 3.48764e-05 0.0698507 0.402857 1.55601e-17 
738.833 439.917 218.852 22.5215 3.48764e-05 0.0698338 0.40051 2.94938e-17 
742.262 436.488 217.503 22.5214 3.48764e-05 0.0698058 0.398163 2.47371e-17 
745.69 433.06 216.14 22.5213 3.48764e-05 0.0697596 0.395816 3.13852e-17 
749.119 429.631 214.764 22.5212 3.48764e-05 0.0696832 0.393469 2.42888e-17 
752.548 426.202 213.375 22.5211 3.48764e-05 0.0695574 0.391122 4.18994e-17 
755.976 422.774 211.972 22.521 3.48764e-05 0.0693501 0.388776 6.5987e-17 
759.405 419.345 210.555 22.5208 3.48764e-05 0.0690092 0.386429 7.74563e-17 
762.834 415.916 209.126 22.5206 3.48762e-05 0.0684493 0.384082 7.69759e-17 
766.262 412.488 207.683 22.5204 3.48745e-05 0.0675312 0.381735 9.06949e-17 
769.691 409.059 206.227 22.5201 3.48624e-05 0.0660281 0.379388 7.44758e-17 
773.12 405.63 204.757 22.5197 3.47761e-05 0.0635715 0.377041 7.54741e-17 
776.548 402.202 203.275 22.5193 3.41649e-05 0.0595629 0.374694 4.54024e-17 
779.977 398.773 201.779 22.5188 2.98714e-05 0.0530314 0.372347 1.67796e-17 
783.406 395.344 200.27 22.5182 2.41064e-08 0.0423971 0.369 0 
783.406 395.344 200.27 22.5182 2.41064e-08 0.0423971 0.369 0 
767.651 428.23 199.11 19.571 0.765776 1.17119 0.0527074 0.874828 
756.537 484.993 214.251 5.00001 -0.0776387 3.25784 1.13739 0.618167 
771.158 585.88 212.043 5.00001 -0.0767098 4.77302 1.12108 0.333324 
785.71 718.823 209.855 5.00031 -0.0890988 5.61704 1.10478 0.122912 
800.188 869.621 207.404 5.2152 -0.22421 5.94117 1.08847 -0.000359245 
814.261 1027.28 202.088 7.59037 -0.112016 5.9466 1.07216 -0.0679538 
824.035 1185.05 199.065 7.8475 -0.113263 5.76813 1.05586 -0.108891 
833.242 1339.05 196.006 8.10448 -0.114516 5.47082 1.03955 -0.137997 
841.879 1486.76 192.913 8.36144 -0.115771 5.08249 1.02324 -0.160723 
849.944 1626.25 189.784 8.61838 -0.117026 4.61718 1.00694 -0.178416 
857.433 1755.9 186.62 8.87533 -0.11828 4.08593 0.990632 -0.191095 
864.345 1874.31 183.42 9.13227 -0.119535 3.50037 0.974326 -0.198549 
870.675 1980.34 180.186 9.3892 -0.12079 2.87349 0.95802 -0.200721 
876.423 2073.1 176.916 9.64614 -0.122045 2.2193 0.941714 -0.197846 
881.587 2152.02 173.611 9.90307 -0.1233 1.55217 0.925408 -0.190476 
886.163 2216.83 170.271 10.16 -0.124555 0.885962 0.909102 -0.179436 
890.153 2267.55 166.895 10.4169 -0.12581 0.233166 0.892796 -0.16572 
893.553 2304.45 163.484 10.6739 -0.127065 -0.395778 0.876489 -0.150369 
896.363 2328.05 160.038 10.9308 -0.12832 -0.992911 0.860183 -0.134344 
898.581 2339.02 156.556 11.1877 -0.129575 -1.55286 0.843877 -0.118444 
900.208 2338.14 153.04 11.4447 -0.13083 -2.07266 0.827571 -0.103253 
901.242 2326.27 149.488 11.7016 -0.132085 -2.55133 0.811265 -0.0891426 
901.682 2304.27 145.901 11.9585 -0.13334 -2.98936 0.794959 -0.0762951 
901.528 2273 142.278 12.2155 -0.134595 -3.38815 0.778653 -0.0647549 
900.778 2233.3 138.62 12.4724 -0.13585 -3.74958 0.762347 -0.0544792 
899.433 2185.95 134.927 12.7293 -0.137104 -4.07562 0.74604 -0.0453832 
897.49 2131.7 131.199 12.9863 -0.138359 -4.36819 0.729734 -0.0373728 
894.949 2071.26 127.436 13.2432 -0.139614 -4.62903 0.713428 -0.0303621 
891.81 2005.31 123.637 13.5001 -0.14087 -4.85977 0.697122 -0.0242797 
888.07 1934.48 119.803 13.7571 -0.142128 -5.06197 0.680816 -0.0190661 
883.73 1859.36 115.933 14.0141 -0.143382 -5.23726 0.66451 -0.0146674 
878.787 1780.54 112.029 14.2711 -0.14462 -5.38738 0.648204 -0.011028 
873.241 1698.55 108.089 14.5278 -0.145851 -5.51428 0.631898 -0.00808583 
867.092 1613.87 104.115 14.7841 -0.147128 -5.62007 0.615591 -0.00577003 
860.338 1526.95 100.105 15.0409 -0.148522 -5.70708 0.599285 -0.00400166 
852.978 1438.19 96.0568 15.3 -0.14994 -5.77773 0.582979 -0.00269691 
845.007 1347.94 91.9699 15.5613 -0.15093 -5.83454 0.566673 -0.00177139 
836.419 1256.48 87.8531 15.8178 -0.151034 -5.87999 0.550367 -0.00114459 
827.221 1164.07 83.7255 16.0559 -0.151252 -5.91655 0.534061 -0.000743503 
817.444 1070.88 79.5851 16.2799 -0.155279 -5.94659 0.517755 -0.00050497 
807.113 977.056 75.352 16.553 -0.165844 -5.97242 0.501449 -0.000376488 
796.143 882.686 70.8861 16.9737 -0.172931 -5.99633 0.485142 -0.000315278 
784.274 787.811 66.256 17.4658 -0.14704 -6.02072 0.468836 -0.000285162 
771.363 692.421 62.1569 17.4885 -0.0747072 -6.04816 0.45253 -0.000249955 
758.208 596.45 59.5874 16.3591 -0.0511528 -6.08058 0.436224 -0.000163947 
746.849 499.792 57.5544 15.0215 -0.306061 -6.11342 0.419918 2.10977e-05 
737.778 402.437 50.174 17.9863 -0.87421 -6.10983 0.403612 0.000262368 
723.609 305.162 30.6735 29.7023 -0.885503 -5.93599 0.387306 0.000272217 
688.76 211.581 10.5369 40 1.4 -5.35847 0.369 0 
