grtopM_51_2
50
2 2
7 7 
0 2 5 3 1 4 6 
0 2 5 3 1 4 6 
21.5891 178.188 87.8401 89.859 579.575 54.9453 
110600 210.574 88.5535 99.0364 118.903 68.0435 
0.440593 3.6365 1.79265 1.83386 11.8281 1.12133 
2257.15 4.29742 1.80721 2.02115 2.42659 1.38864 
1881.09 4.46793 4.42061 3.18091 1356.02 2098.84 
1.4516e-06 2.26107 4.38726 2.96489 1.19167 3.02602 
711.18 3856 1559.66 29.0626 0.721071 0 0.0583987 0 
4.8512e-11 2014.1 0.00486633 5.04773 0.180855 -6.27635 -0.191449 2.6607e-14 
9.24714e-13 171.382 0.00582247 5.00502 4.44091e-11 3.51138e-12 1.55946e-07 -4.74638e-17 
2.61687e-12 9.82573e-12 0.00582229 5.00502 2.97398e-12 3.76298e-12 1.6064e-07 -4.74614e-17 
2.61687e-12 2.86795e-12 0.00582229 5.00502 2.97398e-12 3.76298e-12 1.65623e-07 -4.74598e-17 
2.61687e-12 2.86795e-12 0.00582229 5.00502 2.97398e-12 3.76298e-12 1.70921e-07 -4.74602e-17 
2.61687e-12 2.86795e-12 0.00582229 5.00502 2.97398e-12 3.76298e-12 1.76567e-07 -4.74598e-17 
2.61687e-12 2.86795e-12 0.00582229 5.00502 2.97398e-12 3.76298e-12 1.82595e-07 -4.74585e-17 
2.61687e-12 2.86795e-12 0.00582229 5.00502 2.97398e-12 3.76298e-12 1.89046e-07 -4.74572e-17 
2.61687e-12 2.86795e-12 0.00582229 5.00502 2.97398e-12 3.76298e-12 1.95966e-07 -4.74561e-17 
2.61687e-12 2.86795e-12 0.00582229 5.00502 2.97399e-12 3.76298e-12 2.03409e-07 -4.7455e-17 
2.61687e-12 2.86795e-12 0.00582229 5.00502 2.97399e-12 3.76298e-12 2.11438e-07 -4.7453e-17 
2.61687e-12 2.86795e-12 0.00582229 5.00502 2.97399e-12 3.76298e-12 2.20126e-07 -4.74523e-17 
2.61687e-12 2.86795e-12 0.00582229 5.00502 2.97399e-12 3.76298e-12 2.29558e-07 -4.74501e-17 
2.61687e-12 2.86795e-12 0.00582229 5.00502 2.97399e-12 3.76298e-12 2.39837e-07 -4.74479e-17 
2.61687e-12 2.86795e-12 0.00582229 5.00502 2.97399e-12 3.76298e-12 2.51086e-07 -4.74464e-17 
2.61687e-12 2.86795e-12 0.00582229 5.00502 2.97399e-12 3.76298e-12 2.63452e-07 -4.74442e-17 
2.61687e-12 2.86795e-12 0.00582229 5.00502 2.97399e-12 3.76298e-12 2.77117e-07 -4.74432e-17 
2.61687e-12 2.86795e-12 0.00582229 5.00502 2.974e-12 3.76298e-12 2.92306e-07 -4.74409e-17 
2.61687e-12 2.86795e-12 0.00582229 5.00502 2.974e-12 3.76298e-12 3.093e-07 -4.74378e-17 
2.61687e-12 2.86795e-12 0.00582229 5.00502 2.974e-12 3.76298e-12 3.28459e-07 -4.74353e-17 
2.61687e-12 2.86795e-12 0.00582229 5.00502 2.97401e-12 3.76298e-12 3.50248e-07 -4.74337e-17 
2.61687e-12 2.86795e-12 0.00582229 5.00502 2.97401e-12 3.76298e-12 3.75283e-07 -4.74273e-17 
2.61687e-12 2.86795e-12 0.00582229 5.00502 2.97402e-12 3.76298e-12 4.04396e-07 -4.74244e-17 
2.61687e-12 2.86795e-12 0.00582229 5.00502 2.97403e-12 3.76298e-12 4.38741e-07 -4.74216e-17 
2.61687e-12 2.86795e-12 0.00582229 5.00502 2.97404e-12 3.76298e-12 4.79961e-07 -4.74175e-17 
2.61687e-12 2.86795e-12 0.00582229 5.00502 2.97406e-12 3.76298e-12 5.30482e-07 -4.74113e-17 
2.61687e-12 2.86795e-12 0.00582229 5.00502 2.97408e-12 3.76298e-12 5.94022e-07 -4.74067e-17 
2.61687e-12 2.86795e-12 0.00582229 5.00502 2.97411e-12 3.76298e-12 6.76566e-07 -4.74012e-17 
2.61687e-12 2.86795e-12 0.00582229 5.00502 2.97414e-12 3.76298e-12 7.88316e-07 -4.73929e-17 
2.61687e-12 2.86795e-12 0.00582229 5.00502 2.97419e-12 3.76298e-12 9.47956e-07 -4.73882e-17 
2.61687e-12 2.86795e-12 0.00582229 5.00502 2.97426e-12 3.76298e-12 1.19269e-06 -4.73783e-17 
2.61687e-12 2.86795e-12 0.00582229 5.00502 2.97435e-12 3.76299e-12 1.60405e-06 -4.73698e-17 
2.61687e-12 2.86795e-12 0.00582229 5.00502 2.9745e-12 3.76299e-12 2.38496e-06 -4.73606e-17 
2.61687e-12 2.86795e-12 0.00582229 5.00502 2.97472e-12 3.763e-12 4.19359e-06 -4.73457e-17 
2.61687e-12 2.86795e-12 0.00582229 5.00502 2.97509e-12 3.76301e-12 1.0816e-05 -4.73317e-17 
2.61687e-12 2.86795e-12 0.00582229 5.00502 2.97578e-12 3.76302e-12 6.07232e-05 -4.73213e-17 
2.61687e-12 2.86795e-12 0.00582229 5.00502 2.97704e-12 3.76305e-12 0.000561963 -4.73017e-17 
2.61687e-12 2.86795e-12 0.00582229 5.00502 2.97726e-12 3.76307e-12 0.00325526 -4.7296e-17 
2.61687e-12 2.86795e-12 0.00582229 5.00502 2.97565e-12 3.76307e-12 0.00840833 -4.72905e-17 
2.61687e-12 2.86795e-12 0.00582229 5.00502 2.97551e-12 3.76307e-12 0.0136342 -4.73049e-17 
2.61687e-12 2.86795e-12 0.00582229 5.00502 2.97542e-12 3.76306e-12 0.018858 -4.73526e-17 
2.61687e-12 2.86795e-12 0.00582229 5.00502 2.97534e-12 3.76306e-12 0.0240806 -4.74808e-17 
2.61687e-12 2.86795e-12 0.00582229 5.00502 2.97527e-12 3.76305e-12 0.0293041 -4.77902e-17 
2.61687e-12 2.86795e-12 0.00582229 5.00502 2.97522e-12 3.76305e-12 0.0345318 -4.8598e-17 
2.61687e-12 2.86795e-12 0.00582229 5.00502 2.87875e-12 3.76121e-12 0.0397602 -5.07616e-17 
2.61687e-12 2.51502e-12 0.00582229 5.27569 -1.3966 3.7803e-12 0.0449601 -1.7559e-16 
2.61687e-12 3.97772e-12 0.00582228 5.24964 1.3966 3.73241e-12 0.0501064 8.09437e-17 
4.15696e-12 42.4324 0.0058224 18.8336 -1.4 1.53679e-11 0.0552708 -1.07381e-16 
71.5827 1938.07 248.84 5.00502 1.72001e-14 1.54212e-16 0.0573987 0 
71.5827 1938.07 248.84 5.00502 1.72001e-14 1.54212e-16 0.0573987 0 
103.267 2004.82 254.759 5 -0.864747 -4.46505 1.15369 -0.00268078 
136.13 1868.97 221.441 30.3357 0.722127 -6.27996 -0.176776 0.000354985 
72.3443 1650.84 258.284 5 0.184123 -6.27997 0.18677 0.000479838 
104.511 1432.64 272.558 5 0.184123 -6.27993 0.18677 0.000868777 
137.975 1214.44 286.832 5 0.184123 -6.27992 0.18677 0.00254975 
172.737 996.241 301.106 5 0.184123 -6.27996 0.18677 0.00166694 
208.797 778.04 315.379 5 0.184123 -6.27987 0.18677 0.0280009 
246.154 559.843 329.653 5 0.184123 -6.27968 0.18677 0.0105014 
284.809 341.655 343.927 5 0.184123 -6.27805 0.18677 0.0783387 
324.762 123.541 358.201 5 0.184124 -4.1989 0.18677 0.000965449 
366.087 -0.232937 372.475 5 0.184125 -1.47309 0.18677 3.86349e-05 
408.809 -0.324884 386.749 5 0.184125 -1.47184 0.18677 0.000401262 
452.829 -0.35977 401.023 5 0.184125 -1.47185 0.18677 0.000224586 
498.146 -0.395265 415.297 5 0.184125 -1.47189 0.18677 -1.62931e-05 
544.76 -0.432504 429.571 5 0.184125 -1.47193 0.18677 -5.80165e-06 
592.673 -0.471643 443.845 5 0.184125 -1.47192 0.186767 -1.31935e-05 
641.883 -0.510392 458.119 5 0.184103 -1.47194 0.187153 -2.216e-06 
692.391 -0.549963 472.392 5 0.186696 -1.47198 0.142452 1.15073e-05 
744.194 -0.591231 486.783 5 -0.113796 -1.47201 0.860177 1.76647e-05 
797.578 -0.634044 481.127 5 -0.112851 -1.472 0.843876 3.00269e-05 
850.447 -0.676457 472.99 5 -0.111905 -1.47196 0.827571 5.15793e-06 
902.576 -0.71729 464.896 5 -0.110959 -1.47196 0.811265 -1.49475e-05 
953.968 -0.757997 456.845 5 -0.110013 -1.47195 0.794959 2.92142e-05 
1004.63 -0.798403 448.837 5 -0.109067 -1.47193 0.778653 2.51077e-05 
1054.56 -0.837777 440.871 5 -0.10812 -1.47193 0.762347 6.36909e-07 
1103.76 -0.877079 432.949 5 -0.107174 -1.47191 0.746041 1.45608e-06 
1152.25 -0.915383 425.07 5 -0.106228 -1.4719 0.729735 9.51939e-07 
1200.01 -0.953311 417.233 5 -0.105282 -1.47189 0.713428 8.32842e-06 
1247.07 -0.990828 409.439 5 -0.104336 -1.47188 0.697122 -8.79689e-07 
1293.41 -1.02765 401.689 5 -0.10339 -1.47186 0.680816 7.04454e-06 
1339.05 -1.06391 393.981 5 -0.102444 -1.47185 0.66451 -2.54457e-06 
1383.99 -1.0997 386.316 5 -0.101498 -1.47183 0.648204 -1.05883e-06 
1428.22 -1.13465 378.694 5 -0.100552 -1.47183 0.631898 7.23634e-07 
1471.77 -1.16925 371.115 5 -0.0996062 -1.47181 0.615592 -1.98471e-06 
1514.63 -1.20323 363.579 5 -0.0986602 -1.47192 0.599286 1.68006e-06 
1556.8 -1.24205 356.086 5 -0.0977141 -1.47208 0.58298 -0.000113607 
1598.28 -1.28839 348.636 5 -0.0967685 -2.31179 0.566673 -6.28702e-05 
1639.06 -39.4357 341.229 5 -0.0958213 -0.0303753 0.550367 0.23647 
1679.25 25.9346 333.864 5 -0.0948726 5.03339 0.534061 0.143482 
1718.95 321.07 326.543 5 -0.0939259 6.27999 0.517755 0.0825832 
1758.03 681.558 319.265 5 -0.0929799 6.27999 0.501449 0.02663 
1796.44 1042.19 312.03 5 -0.0920339 6.28 0.485143 0.0024018 
1834.2 1402.83 304.837 5 -0.0910878 6.28 0.468837 0.00016704 
1871.3 1763.46 297.688 5 -0.0901418 6.28 0.452531 -1.62292e-05 
1907.76 2124.1 290.581 5 -0.0891958 6.28 0.436224 -1.3176e-05 
1943.56 2484.73 283.517 5 -0.0882497 6.28 0.419918 -7.5572e-06 
1978.72 2845.37 276.497 5 -0.0873037 6.28 0.403612 -3.42757e-06 
2013.24 3206 269.519 5 -1.10023 6.28 0.387306 -0.00720568 
2048.05 3566.64 216.58 40 -0.00711683 1.84111 0.369 0 
2048.05 3566.64 216.58 40 -0.00711683 1.84111 0.369 0 
2003.2 3638.56 220.302 31.3498 1.4 -2.57644 -0.00926108 -0.179952 
1973.32 3611.65 255.809 5 0.335556 -6.2759 -0.176776 0.000104017 
1992.66 3501.96 268.45 5 0.334882 -6.27862 -0.165163 0.000146195 
2012.57 3392.21 281.077 5 0.334209 -6.27869 -0.153551 0.000263795 
2033.04 3282.45 293.689 5 0.333535 -6.27871 -0.141939 0.000243848 
2054.08 3172.7 306.285 5 0.332861 -6.27871 -0.130327 0.000137357 
2075.69 3062.94 318.867 5 0.332187 -6.2787 -0.118714 0.000161426 
2097.86 2953.19 331.433 5 0.331514 -6.27868 -0.107102 0.00015979 
2120.59 2843.44 343.985 5 0.33084 -6.27866 -0.0954898 0.000235383 
2143.89 2733.68 356.521 5 0.330166 -6.27864 -0.0838776 0.000380137 
2167.74 2623.93 369.042 5 0.329493 -6.27862 -0.0722653 0.000751883 
2192.16 2514.17 381.548 5 0.328819 -6.2786 -0.0606531 0.00153244 
2217.14 2404.42 394.04 5 0.328145 -6.27857 -0.0490408 0.00038152 
2242.69 2294.67 406.516 5 0.327472 -6.27854 -0.0374286 0.000394287 
2268.78 2184.92 418.977 5 0.326798 -6.27851 -0.0258163 0.00206175 
2295.44 2075.17 431.422 5 0.326124 -6.27847 -0.0142041 0.000393623 
2322.66 1965.42 443.853 5 0.32545 -6.27842 -0.00259184 0.00073949 
2350.43 1855.67 456.269 5 0.324777 -6.27837 0.00902041 0.000374828 
2378.77 1745.92 468.67 5 0.324103 -6.27831 0.0206327 0.000519503 
2407.65 1636.18 481.055 5 0.323429 -6.27824 0.0322449 0.000189033 
2437.09 1526.43 493.426 5 0.322756 -6.27816 0.0438571 0.00062934 
2467.09 1416.69 505.781 5 0.322082 -6.27807 0.0554694 0.000324777 
2497.64 1306.95 518.122 5 -0.240356 -6.27795 0.794959 0.000169434 
2529 1197.21 516.742 5 -0.23941 -6.27782 0.778653 0.000154459 
2560.29 1087.48 507.682 5 -0.238464 -6.27766 0.762347 0.00017829 
2591.18 977.746 498.643 5 -0.237518 -6.27746 0.746041 0.00165617 
2621.66 868.019 489.625 5 -0.236572 -6.2772 0.729735 0.0014865 
2651.74 758.298 480.629 5 -0.235626 -6.27686 0.713429 6.89528e-05 
2681.41 648.584 471.653 5 -0.23468 -6.2764 0.697122 0.000183921 
2710.68 538.881 462.699 5 -0.233734 -6.27573 0.680816 0.000608763 
2739.55 429.193 453.765 5 -0.232788 -6.27465 0.66451 0.000539398 
2768.02 319.528 444.853 5 -0.231842 -6.27266 0.648204 0.00853161 
2796.09 209.909 435.963 5 -0.230896 -6.26768 0.631898 0.00204587 
2823.76 100.4 427.093 5 -0.22995 -6.05083 0.615592 0.0609663 
2851.03 -4.25743 418.244 5 -0.229002 -2.34305 0.599286 0.300422 
2877.98 -25.9803 409.417 5 -0.228053 2.44775 0.58298 0.115599 
2904.61 59.4568 400.611 5 -0.227105 6.27989 0.566673 0.00888625 
2930.92 230.61 391.826 5 -0.226159 6.27995 0.550367 0.00263492 
2956.83 401.766 383.062 5 -0.225213 6.27996 0.534061 0.00107973 
2982.35 572.921 374.319 5 -0.224267 6.27997 0.517755 8.15688e-05 
3007.48 744.076 365.598 5 -0.223321 6.27997 0.501449 -8.78648e-06 
3032.21 915.232 356.898 5 -0.222375 6.27997 0.485143 -1.00234e-05 
3056.56 1086.39 348.218 5 -0.221429 6.27997 0.468837 -7.45591e-06 
3080.52 1257.54 339.56 5 -0.220483 6.27996 0.452531 -5.19556e-06 
3104.08 1428.7 330.924 5 -0.219537 6.27996 0.436224 -3.34208e-06 
3127.26 1599.85 322.308 5 -0.218591 6.27994 0.419918 -1.89516e-06 
3150.06 1771.01 313.713 5 -0.217645 6.27964 0.403612 -8.55532e-07 
3172.47 1942.16 305.14 5 -1.4 6.28 0.372225 -0.000739234 
3195.02 2113.31 270.12 33.3599 -0.00218099 2.41735 0.369 0 
3195.02 2113.31 270.12 33.3599 -0.00218099 2.41735 0.369 0 
3153.62 2201.4 266.581 27.0942 1.33909 -0.759909 -0.188388 -1.02859 
3122.88 2216.78 293.963 5 -0.618987 -5.24107 -0.176776 -0.573458 
3134.71 2129.58 277.35 20.276 -1.17524 -6.28 1.03629 -0.554311 
3118.01 2018.64 247.449 35.3709 -0.357904 -6.28 -0.153551 -0.538125 
3071.89 1907.72 235.697 35.1879 -0.357011 -6.28 -0.141939 -0.522361 
3025.56 1796.79 223.972 35.0049 -0.356118 -6.28 -0.130327 0.000732953 
2979.03 1685.87 212.274 34.822 -0.355224 -6.28 -0.118714 0.000431359 
2932.3 1574.95 200.603 34.639 -0.35433 -6.28 -0.107102 0.000673655 
2885.38 1464.03 188.959 34.456 -0.353436 -6.28 -0.0954898 0.00134406 
2838.25 1353.1 177.343 34.273 -0.352544 -6.28 -0.0838776 0.00254819 
2790.92 1242.18 165.753 34.09 -0.351656 -6.28 -0.0722653 0.0011696 
2743.4 1131.26 154.191 33.9072 -0.350766 -6.28 -0.0606531 0.00324972 
2695.68 1020.33 142.655 33.7244 -0.349855 -6.28 -0.0490408 0.00111654 
2647.77 909.41 131.148 33.5412 -0.348911 -6.28 -0.0374286 0.00172945 
2599.67 798.486 119.668 33.3572 -0.348006 -6.28 -0.0258163 0.00387621 
2551.38 687.561 108.216 33.1732 -0.347326 -6.28 -0.0142041 0.00227936 
2502.9 576.636 96.7865 32.993 -0.346874 -6.28 -0.00259184 0.0991653 
2454.22 465.711 85.3738 32.8201 -0.345804 -6.28 0.00902041 0.318435 
2405.34 354.786 73.9918 32.6426 -0.342556 -6.28 0.0206327 0.505088 
2356.26 243.86 62.6908 32.4233 -0.338178 -6.28 0.0322449 0.50015 
2307.07 132.934 51.4979 32.1488 -0.341766 -6.28 0.0438571 0.560531 
2257.86 22.0081 40.233 31.9659 -0.365081 -2.96818 0.0554694 0.000236416 
2208.55 -6.77563 28.4413 32.2045 -0.387717 -1.48957 0.0670816 -4.27744e-05 
2158.29 -1.72555 16.1229 32.7899 -0.318337 -1.70813 0.0786939 2.08168e-06 
2106.36 -1.6757 5.37062 32.0684 -0.0842562 -1.70854 0.0903061 5.67578e-05 
2055.15 -1.63627 0.001 31.3909 0.0268054 -1.70843 0.101918 0.000105642 
2004.89 -1.59534 0.001 31.208 0.0276988 -1.70854 0.113531 6.43183e-05 
1954.96 -1.55722 0.001 31.025 0.0285921 -1.70842 0.125143 2.32594e-05 
1905.37 -1.51653 0.001 30.842 0.0294855 -1.70848 0.136755 9.19092e-06 
1856.12 -1.4776 0.001 30.6591 0.0303799 -1.70847 0.148367 8.21721e-05 
1807.19 -1.43853 0.001 30.4761 0.0312755 -1.70847 0.15998 0.000197811 
1758.61 -1.3999 3.69361 30.2931 0.0321686 -1.70849 0.171592 6.44855e-05 
1710.53 -1.3619 7.41495 30.1101 0.0330517 -1.70849 0.183204 3.10901e-05 
1662.95 -1.32407 11.1632 29.9272 0.0339281 -1.7085 0.194816 -5.1435e-06 
1615.88 -1.2867 14.9382 29.7447 0.0348383 -1.70848 0.206429 4.39473e-05 
1569.32 -1.24936 18.7408 29.5618 0.0358408 -1.71069 0.218041 -6.90318e-05 
1523.26 -1.26271 22.573 29.377 0.0368567 -2.85599 0.229653 -0.00108961 
1477.7 -27.483 26.4352 29.1903 0.0374714 -1.37099 0.241265 0.23649 
1432.69 -26.0856 30.3183 29.0091 0.0372914 2.10922 0.252878 0.215082 
1388.25 54.9452 34.204 28.8463 0.0375123 5.56553 0.26449 0.118972 
1344.35 221.425 38.1006 28.6922 0.0421261 6.28 0.276102 0.0530294 
1300.92 404.253 42.1085 28.4691 0.0529067 6.28 0.287714 0.0153401 
1258.08 587.081 46.3713 28.0798 0.0547158 6.28 0.299327 0.000861875 
1216.15 769.908 50.6898 27.7054 0.0117827 6.28 0.310939 -8.7048e-06 
1175.12 952.734 54.0395 28.1225 -0.0714723 6.28 0.322551 -6.29188e-06 
1133.52 1135.56 55.469 29.915 -0.0223867 6.28 0.334163 -3.67037e-06 
1088.67 1318.39 57.9559 30.574 0.453619 6.28 0.345776 -1.69277e-06 
1042.52 1501.22 71.3105 22.8363 1.09931 6.28 0.357388 -0.0116742 
1010.86 1684.04 99.7237 5 0.09 3.11196 0.369 0 
1010.86 1684.04 99.7237 5 0.09 3.11196 0.369 0 
34.8814 1018.94 0.0162925 5.01542 -2.91681e-12 -2.2618e-08 8.12541e-05 -5.12133e-19 
-4.30333e-10 40.861 0.0162945 5.01539 1.42429e-13 -1.45928e-11 8.85274e-05 -6.10995e-19 
6.85797e-10 -4.49325e-10 0.0162948 5.01539 1.44355e-13 -3.10194e-11 9.7093e-05 -6.46939e-19 
1.00923e-09 3.96539e-10 0.0162949 5.01539 1.44356e-13 -3.11292e-11 0.000107336 -6.52881e-19 
1.072e-09 1.04096e-09 0.0162949 5.01539 1.4435e-13 -3.11314e-11 0.000119814 -6.58229e-19 
1.08256e-09 1.16259e-09 0.0162949 5.01539 1.44342e-13 -3.11314e-11 0.000135379 -6.62937e-19 
1.08429e-09 1.18417e-09 0.0162949 5.01539 1.44332e-13 -3.11314e-11 0.000155417 -6.66389e-19 
1.08458e-09 1.18793e-09 0.0162949 5.01539 1.44317e-13 -3.11314e-11 0.000182383 -6.70766e-19 
1.08462e-09 1.18857e-09 0.0162949 5.01539 1.44296e-13 -3.11314e-11 0.000221035 -6.7487e-19 
1.08463e-09 1.18868e-09 0.0162949 5.01539 1.44261e-13 -3.11314e-11 0.000281352 -6.80506e-19 
1.08463e-09 1.1887e-09 0.0162949 5.01539 1.44199e-13 -3.11314e-11 0.000385323 -6.74946e-19 
1.08463e-09 1.1887e-09 0.0162949 5.01539 1.4408e-13 -3.11314e-11 0.000581954 -6.83182e-19 
1.08463e-09 1.1887e-09 0.0162949 5.01539 1.43838e-13 -3.11314e-11 0.000977159 -6.81933e-19 
1.08463e-09 1.1887e-09 0.0162949 5.01539 1.43339e-13 -3.11314e-11 0.00178402 -6.83525e-19 
1.08463e-09 1.1887e-09 0.0162949 5.01539 1.42346e-13 -3.11314e-11 0.00339349 -6.78682e-19 
1.08463e-09 1.1887e-09 0.0162949 5.01539 1.40483e-13 -3.11314e-11 0.00652496 -6.97932e-19 
1.08463e-09 1.1887e-09 0.0162949 5.01539 1.37409e-13 -3.11314e-11 0.0125224 -7.02093e-19 
1.08463e-09 1.1887e-09 0.0162949 5.01539 1.33297e-13 -3.11314e-11 0.0233413 -7.12136e-19 
1.08463e-09 1.1887e-09 0.0162949 5.01539 1.26528e-13 -3.11314e-11 0.0348827 -7.08531e-19 
1.08463e-09 1.1887e-09 0.0162949 5.01539 1.19268e-13 -3.11314e-11 0.0464216 -6.96035e-19 
1.08463e-09 1.1887e-09 0.0162949 5.01539 1.12008e-13 -3.11314e-11 0.0579581 -7.03531e-19 
1.08463e-09 1.1887e-09 0.0162949 5.01539 1.04751e-13 -3.11314e-11 0.0694921 -7.17349e-19 
1.08463e-09 1.1887e-09 0.0162949 5.01539 9.74949e-14 -3.11314e-11 0.0810236 -7.16491e-19 
1.08463e-09 1.1887e-09 0.0162949 5.01539 9.02408e-14 -3.11314e-11 0.0925524 -7.23832e-19 
1.08463e-09 1.1887e-09 0.0162949 5.01539 8.29888e-14 -3.11314e-11 0.104078 -7.26784e-19 
1.08463e-09 1.1887e-09 0.0162949 5.01539 7.57391e-14 -3.11314e-11 0.1156 -7.30057e-19 
1.08463e-09 1.1887e-09 0.0162949 5.01539 6.84922e-14 -3.11314e-11 0.127118 -7.33469e-19 
1.08463e-09 1.1887e-09 0.0162949 5.01539 6.12487e-14 -3.11314e-11 0.138631 -7.36116e-19 
1.08463e-09 1.1887e-09 0.0162949 5.01539 5.40092e-14 -3.11314e-11 0.150138 -7.33648e-19 
1.08463e-09 1.1887e-09 0.0162949 5.01539 4.67746e-14 -3.11314e-11 0.161636 -7.28478e-19 
1.08463e-09 1.1887e-09 0.0162949 5.01539 3.95459e-14 -3.11314e-11 0.173125 -7.42951e-19 
1.08463e-09 1.1887e-09 0.0162949 5.01539 3.23242e-14 -3.11314e-11 0.184603 -7.75882e-19 
1.08463e-09 1.1887e-09 0.0162949 5.01539 2.51108e-14 -3.11314e-11 0.196066 -7.40074e-19 
1.08463e-09 1.1887e-09 0.0162949 5.01539 1.79066e-14 -3.11314e-11 0.207515 -7.65055e-19 
1.08463e-09 1.1887e-09 0.0162949 5.01539 1.07125e-14 -3.11314e-11 0.218946 -7.55094e-19 
1.08463e-09 1.1887e-09 0.0162949 5.01539 3.52907e-15 -3.11314e-11 0.230359 -7.41262e-19 
1.08463e-09 1.1887e-09 0.0162949 5.01539 -3.64405e-15 -3.11314e-11 0.241754 -7.73764e-19 
1.08463e-09 1.18869e-09 0.0162949 5.01539 -1.0808e-14 -3.11314e-11 0.253134 -7.79185e-19 
1.08462e-09 1.18863e-09 0.0162949 5.01539 -1.79651e-14 -3.11314e-11 0.2645 -7.84869e-19 
1.08456e-09 1.18832e-09 0.0162949 5.01539 -2.5118e-14 -3.11314e-11 0.275858 -7.90486e-19 
1.08421e-09 1.18652e-09 0.0162949 5.01539 -3.22679e-14 -3.11314e-11 0.287211 -8.35199e-19 
1.08216e-09 1.17663e-09 0.0162949 5.01539 -3.94111e-14 -3.11314e-11 0.298555 -8.25792e-19 
1.07051e-09 1.12371e-09 0.0162949 5.01539 -4.6535e-14 -3.11321e-11 0.309873 -7.65255e-19 
1.00593e-09 8.62738e-10 0.0162949 5.01539 -5.36193e-14 -3.11626e-11 0.321129 -8.38613e-19 
6.71626e-10 1.53924e-10 0.0162949 5.01539 -6.06553e-14 -3.50732e-11 0.332283 -9.17656e-19 
-2.21354e-10 9.11006 0.0162948 5.01539 1.20321e-13 4.91459e-09 0.343322 2.80314e-19 
15.4903 60.7472 0.0162944 5.01539 -3.86249e-10 3.81664e-08 0.354275 4.08204e-15 
759.518 1402.28 119.327 5 -1.4 6.28 0.358644 -4.90176e-15 
2214.78 3916.76 210.34 5.01539 3.16357e-13 -1.00375e-10 0.369 0 
2214.78 3916.76 210.34 5.01539 3.16357e-13 -1.00375e-10 0.369 0 
188.936 1886.11 0.00823164 5.00728 4.44018e-13 -1.29721e-09 2.55763e-06 -3.24677e-18 
1.25768e-10 7.26684e-09 0.00823176 5.00728 8.69407e-15 -1.46621e-12 2.75127e-06 -3.24675e-18 
4.22884e-11 4.62679e-11 0.00823176 5.00728 8.69406e-15 -1.46621e-12 2.97294e-06 -3.24674e-18 
4.22971e-11 4.63552e-11 0.00823176 5.00728 8.69405e-15 -1.46621e-12 3.22903e-06 -3.24674e-18 
4.22972e-11 4.63555e-11 0.00823176 5.00728 8.69404e-15 -1.46621e-12 3.52803e-06 -3.24675e-18 
4.22972e-11 4.63555e-11 0.00823176 5.00728 8.69403e-15 -1.46621e-12 3.88148e-06 -3.24674e-18 
4.22972e-11 4.63555e-11 0.00823176 5.00728 8.69402e-15 -1.46621e-12 4.30538e-06 -3.24675e-18 
4.22972e-11 4.63555e-11 0.00823176 5.00728 8.694e-15 -1.46621e-12 4.82275e-06 -3.2467e-18 
4.22972e-11 4.63555e-11 0.00823176 5.00728 8.69398e-15 -1.46621e-12 5.46775e-06 -3.24674e-18 
4.22972e-11 4.63555e-11 0.00823176 5.00728 8.69395e-15 -1.46621e-12 6.29348e-06 -3.24675e-18 
4.22972e-11 4.63555e-11 0.00823176 5.00728 8.69392e-15 -1.46621e-12 7.38717e-06 -3.24678e-18 
4.22972e-11 4.63555e-11 0.00823176 5.00728 8.69387e-15 -1.46621e-12 8.90278e-06 -3.24674e-18 
4.22972e-11 4.63555e-11 0.00823176 5.00728 8.69379e-15 -1.46621e-12 1.11398e-05 -3.24671e-18 
4.22972e-11 4.63555e-11 0.00823176 5.00728 8.69366e-15 -1.46621e-12 1.47647e-05 -3.24678e-18 
4.22972e-11 4.63555e-11 0.00823176 5.00728 8.69337e-15 -1.46621e-12 2.15836e-05 -3.24678e-18 
4.22972e-11 4.63555e-11 0.00823176 5.00728 8.69079e-15 -1.46621e-12 5.01532e-05 -3.24671e-18 
4.22972e-11 4.63555e-11 0.00823176 5.00728 8.57497e-15 -1.46621e-12 0.00234725 -3.24673e-18 
4.22972e-11 4.63555e-11 0.00823176 5.00728 8.09075e-15 -1.46621e-12 0.0133608 -3.24674e-18 
4.22972e-11 4.63555e-11 0.00823176 5.00728 7.71829e-15 -1.46621e-12 0.0249464 -3.24679e-18 
4.22972e-11 4.63555e-11 0.00823176 5.00728 7.35688e-15 -1.46621e-12 0.0365313 -3.2467e-18 
4.22972e-11 4.63555e-11 0.00823176 5.00728 6.99549e-15 -1.46621e-12 0.0481155 -3.24676e-18 
4.22972e-11 4.63555e-11 0.00823176 5.00728 6.63411e-15 -1.46621e-12 0.0596991 -3.24674e-18 
4.22972e-11 4.63555e-11 0.00823176 5.00728 6.27276e-15 -1.46621e-12 0.0712822 -3.24677e-18 
4.22972e-11 4.63555e-11 0.00823176 5.00728 5.91141e-15 -1.46621e-12 0.0828647 -3.24673e-18 
4.22972e-11 4.63555e-11 0.00823176 5.00728 5.55008e-15 -1.46621e-12 0.0944468 -3.24676e-18 
4.22972e-11 4.63555e-11 0.00823176 5.00728 5.18876e-15 -1.46621e-12 0.106028 -3.24673e-18 
4.22972e-11 4.63555e-11 0.00823176 5.00728 4.82746e-15 -1.46621e-12 0.11761 -3.24676e-18 
4.22972e-11 4.63555e-11 0.00823176 5.00728 4.46617e-15 -1.46621e-12 0.12919 -3.24673e-18 
4.22972e-11 4.63555e-11 0.00823176 5.00728 4.10491e-15 -1.46621e-12 0.140771 -3.24676e-18 
4.22972e-11 4.63555e-11 0.00823176 5.00728 3.74367e-15 -1.46621e-12 0.15235 -3.24672e-18 
4.22972e-11 4.63555e-11 0.00823176 5.00728 3.38249e-15 -1.46621e-12 0.163928 -3.24665e-18 
4.22972e-11 4.63555e-11 0.00823176 5.00728 3.02136e-15 -1.46621e-12 0.175505 -3.24673e-18 
4.22972e-11 4.63555e-11 0.00823176 5.00728 2.66034e-15 -1.46621e-12 0.187079 -3.2468e-18 
4.22972e-11 4.63555e-11 0.00823176 5.00728 2.29943e-15 -1.46621e-12 0.198651 -3.24679e-18 
4.22972e-11 4.63555e-11 0.00823176 5.00728 1.93867e-15 -1.46621e-12 0.210218 -3.24678e-18 
4.22972e-11 4.63555e-11 0.00823176 5.00728 1.57808e-15 -1.46621e-12 0.221781 -3.24679e-18 
4.22972e-11 4.63555e-11 0.00823176 5.00728 1.21769e-15 -1.46621e-12 0.233338 -3.24658e-18 
4.22972e-11 4.63555e-11 0.00823176 5.00728 8.57498e-16 -1.46621e-12 0.244889 -3.24681e-18 
4.22972e-11 4.63555e-11 0.00823176 5.00728 4.97525e-16 -1.46621e-12 0.256433 -3.24688e-18 
4.22972e-11 4.63555e-11 0.00823176 5.00728 1.37791e-16 -1.46621e-12 0.26797 -3.24667e-18 
4.22972e-11 4.63555e-11 0.00823176 5.00728 -2.21654e-16 -1.46621e-12 0.279498 -3.24675e-18 
4.22972e-11 4.63555e-11 0.00823176 5.00728 -5.80785e-16 -1.46621e-12 0.291017 -3.24676e-18 
4.22972e-11 4.63555e-11 0.00823176 5.00728 -9.39444e-16 -1.46621e-12 0.302525 -3.24676e-18 
4.22972e-11 4.63555e-11 0.00823176 5.00728 -1.29737e-15 -1.46621e-12 0.314015 -3.24721e-18 
4.22972e-11 4.63555e-11 0.00823176 5.00728 -1.65417e-15 -1.46621e-12 0.325478 -3.2471e-18 
4.22972e-11 4.63555e-11 0.00823176 5.00728 -2.00958e-15 -1.46621e-12 0.336893 -3.24702e-18 
4.22968e-11 4.72609e-11 0.00823176 5.00728 -2.82893e-15 6.68633e-12 0.348249 4.09539e-14 
9.53777e-11 80.3006 0.00823177 5.02764 0.00507796 6.28 0.358993 -4.09644e-14 
227.158 2288.97 0.00135429 5.00728 -7.99989e-15 8.33214e-14 0.369 0 
711.18 3856 1559.66 29.0626 0.721071 0 0.0583987 0 
711.18 3856 1559.66 29.0626 0.721071 -1.1764e-09 0.0583988 -2.04733e-05 
711.18 3856 1559.66 29.0629 0.721829 -0.0155908 0.0583978 9.82283e-05 
-57.0595 3823.7 1597.47 29.0354 0.722459 -0.0165912 0.0584794 0.000115032 
1258.76 3717.52 1625.37 28.6292 0.733179 -0.0678341 0.0596885 0.00165688 
1624.68 2458.36 1576.06 28.9542 0.724099 -0.0169609 0.0587213 0.000414425 
1714.26 2143.44 1563.71 29.0358 0.721819 -0.00419062 0.0584784 0.000102418 
1736.28 2065.62 1560.66 29.056 0.721255 -0.00103 0.0584183 2.52002e-05 
1741.69 2046.47 1559.9 29.061 0.721116 -0.000248526 0.0584035 6.11182e-06 
1743.03 2041.82 1559.71 29.0622 0.721081 -5.50385e-05 0.0583998 1.38822e-06 
1743.35 2040.77 1559.67 29.0625 0.721073 -6.75041e-06 0.0583989 2.13971e-07 
1743.44 2040.6 1559.66 29.0626 0.72107 6.03609e-06 0.0583986 -9.46212e-08 
1743.46 2040.68 1559.65 29.0626 0.72107 9.76534e-06 0.0583986 -1.81818e-07 
1743.46 2040.81 1559.65 29.0627 0.721069 1.12857e-05 0.0583985 -2.11619e-07 
1743.46 2040.97 1559.65 29.0627 0.721069 1.28607e-05 0.0583985 -2.46764e-07 
1743.46 2041.16 1559.65 29.0627 0.721069 1.37033e-05 0.0583985 -2.59937e-07 
1743.46 2041.36 1559.65 29.0627 0.721069 1.51218e-05 0.0583985 -2.87104e-07 
1743.46 2041.57 1559.65 29.0627 0.721069 1.66418e-05 0.0583985 -3.16692e-07 
1743.46 2041.81 1559.64 29.0627 0.721068 1.8186e-05 0.0583984 -3.43916e-07 
1743.46 2042.07 1559.64 29.0627 0.721068 2.02435e-05 0.0583984 -3.83801e-07 
1743.46 2042.36 1559.64 29.0627 0.721068 2.23659e-05 0.0583984 -4.22924e-07 
1743.46 2042.68 1559.64 29.0627 0.721067 2.48985e-05 0.0583983 -4.70995e-07 
1743.46 2043.04 1559.64 29.0627 0.721067 2.76847e-05 0.0583983 -5.21539e-07 
1743.46 2043.43 1559.63 29.0627 0.721066 3.11499e-05 0.0583983 -5.86808e-07 
1743.46 2043.88 1559.63 29.0628 0.721066 3.50467e-05 0.0583982 -6.59356e-07 
1743.46 2044.38 1559.63 29.0628 0.721065 3.95704e-05 0.0583981 -7.40481e-07 
1743.46 2044.94 1559.62 29.0628 0.721064 4.53607e-05 0.0583981 -8.51705e-07 
1743.46 2045.58 1559.62 29.0628 0.721064 5.14924e-05 0.058398 -9.60373e-07 
1743.45 2046.31 1559.61 29.0629 0.721062 5.95547e-05 0.0583979 -1.11076e-06 
1743.45 2047.15 1559.6 29.0629 0.721061 6.88595e-05 0.0583978 -1.27623e-06 
1743.45 2048.11 1559.59 29.063 0.721059 8.09876e-05 0.0583976 -1.50236e-06 
1743.45 2049.25 1559.58 29.063 0.721057 9.49994e-05 0.0583974 -1.75081e-06 
1743.44 2050.58 1559.56 29.0631 0.721055 0.000113365 0.0583972 -2.08136e-06 
1743.44 2052.15 1559.54 29.0632 0.721052 0.000136611 0.0583968 -2.50014e-06 
1743.43 2054.04 1559.51 29.0633 0.721048 0.000165922 0.0583965 -3.00951e-06 
1743.43 2056.32 1559.48 29.0635 0.721042 0.000206084 0.058396 -3.71953e-06 
1743.42 2059.13 1559.43 29.0637 0.721035 0.000258991 0.0583953 -4.63198e-06 
1743.41 2062.64 1559.37 29.0641 0.721025 0.000332559 0.0583944 -5.88419e-06 
1743.39 2067.09 1559.28 29.0645 0.721011 0.000437572 0.0583931 -7.63164e-06 
1743.36 2072.86 1559.14 29.0651 0.720991 0.000594096 0.0583913 -1.01598e-05 
1743.32 2080.55 1558.93 29.066 0.720961 0.000840004 0.0583886 -1.39541e-05 
1743.26 2091.11 1558.56 29.0674 0.720911 0.00125559 0.0583843 -1.9972e-05 
1743.15 2106.22 1557.89 29.0698 0.720826 0.00202275 0.0583773 -3.01259e-05 
1742.93 2129 1556.51 29.074 0.720662 0.00359616 0.0583647 -4.90543e-05 
1742.46 2166.11 1553.41 29.0828 0.720311 0.007136 0.0583387 -8.86946e-05 
1741.37 2233.18 1546.01 29.1019 0.719508 0.0155834 0.0582816 -0.000177713 
1738.68 2367.53 1527.58 29.1303 0.71791 0.0365745 0.0581968 -0.000333401 
1730.63 2619.23 1472.72 29.0681 0.716155 0.0988617 0.0583807 -0.000335761 
1695.54 2841.44 1238.71 28.5422 0.715632 0.334819 0.0598556 -0.00101606 
81.8152 2194.73 195.271 22.6326 3.53894e-05 0.104967 0.0573987 0 
81.8152 2194.73 195.271 22.6326 3.53894e-05 0.104967 0.0573987 0 
40.505 2282.32 197.734 21.2687 0.391334 2.3633 -0.188388 0.786788 
4.99634 2491 221.296 5 0.0883025 6.24037 0.562961 -0.00399904 
42.409 2907.52 230.007 5 0.0883025 6.23697 0.562961 -0.00426031 
80.7575 3323.85 238.718 5 0.0883025 6.23352 0.562961 -0.0042077 
120.042 3740 247.429 5 0.0883025 6.23001 0.562961 -0.00425589 
160.262 4155.96 256.141 5 0.0883025 6.22589 0.562961 -0.00433055 
201.417 4571.7 264.852 5 0.0883025 6.22101 0.562961 -0.00443425 
243.509 4987.18 273.563 5 0.0883024 6.21516 0.562961 -0.00458845 
286.536 5402.34 282.274 5 0.0883024 6.20803 0.562961 -0.00483515 
330.498 5817.13 290.986 5 0.0883024 6.19906 0.562961 -0.00525651 
375.396 6231.43 299.697 5 0.0883024 6.18721 0.562962 -0.00601012 
421.23 6645.09 308.408 5 0.0883023 6.17048 0.562962 -0.00739389 
467.998 7057.86 317.119 5 0.0882969 6.14495 0.563055 -0.00984952 
515.702 7469.26 325.83 5 0.0890293 6.10376 0.550426 -0.0132876 
564.339 7878.45 334.58 5 -0.0114468 6.04061 0.751482 -0.0197176 
614.021 8284.26 337.943 5 -0.0426289 5.93839 0.909096 -0.0999947 
664.093 8684.58 335.111 5 -0.0416836 5.31482 0.892793 -0.333242 
713.833 9051.47 332.33 5 -0.0407388 3.17516 0.876488 -0.408473 
763.183 9303.63 329.6 5 -0.0397942 0.507714 0.860182 -0.280056 
812.124 9412.75 326.92 5 -0.0388492 -1.4012 0.843876 -0.0379608 
860.694 9419.52 324.291 5 -0.0379033 -1.74448 0.82757 0.0399945 
908.967 9407.88 321.713 5 -0.0369572 -1.50005 0.811264 0.0284783 
956.972 9409.35 319.186 5 -0.0360111 -1.31148 0.794958 -0.111613 
1004.71 9420.92 316.709 5 -0.0350655 -2.23832 0.778652 -0.20159 
1052.15 9382.8 314.283 5 -0.0341204 -3.9473 0.762346 -0.140418 
1099.25 9253.05 311.908 5 -0.0331751 -5.23152 0.74604 -0.0534914 
1146.03 9054.43 309.583 5 -0.0322293 -5.77173 0.729734 -0.0179495 
1192.55 8826.84 307.309 5 -0.0312834 -5.97151 0.713428 -0.00741439 
1238.81 8588.54 305.086 5 -0.0303374 -6.06433 0.697122 -0.00354851 
1284.82 8345.27 302.913 5 -0.0293914 -6.11679 0.680816 -0.00177208 
1330.6 8099.18 300.791 5 -0.0284454 -6.1498 0.66451 -0.000865976 
1376.15 7851.32 298.72 5 -0.0274994 -6.17211 0.648204 -0.000377965 
1421.48 7602.27 296.7 5 -0.0265533 -6.18803 0.631898 -0.000107194 
1466.59 7352.36 294.73 5 -0.0256073 -6.19989 0.615592 4.38704e-05 
1511.48 7101.82 292.812 5 -0.0246613 -6.20903 0.599285 0.000126433 
1556.16 6850.78 290.943 5 -0.0237153 -6.21624 0.582979 0.000170799 
1600.65 6599.36 289.126 5 -0.0272155 -6.22196 0.566673 0.000358358 
1644.94 6347.63 287.121 5.18139 -0.029675 -6.22164 0.550367 3.03791e-05 
1688.24 6095.92 284.968 5.43832 -0.0309304 -6.23064 0.534061 0.000149932 
1730.2 5843.73 282.726 5.69529 -0.0321844 -6.23464 0.517755 0.00014622 
1770.83 5591.33 280.395 5.95221 -0.0334221 -6.23751 0.501449 0.000121544 
1810.09 5338.77 277.975 6.20844 -0.0346645 -6.24012 0.485143 9.76487e-05 
1848 5086.07 275.467 6.46442 -0.0362623 -6.24247 0.468837 7.49911e-05 
1884.54 4833.25 272.851 6.73473 -0.0383236 -6.24457 0.452531 5.41991e-05 
1919.65 4580.32 270.101 7.03327 -0.0335376 -6.24645 0.436224 3.61086e-05 
1953.16 4327.28 267.582 7.07085 -0.00799739 -6.24809 0.419918 2.08257e-05 
1986.22 4074.16 266.429 6.09197 -0.0955789 -6.24964 0.403612 1.03843e-05 
2023.46 3820.95 260.665 9.06663 -0.805455 -6.25032 0.387306 0.00052121 
2048.05 3567.72 216.58 40 -0.0899996 -5.01091 0.369 0 
2048.05 3567.72 216.58 40 -0.0899996 -5.01091 0.369 0 
2002.68 3485.78 218.394 32.7707 1.4 -0.861441 -0.0573232 0.949611 
1969.86 3497.4 254.068 5 0.331525 4.60764 -0.176775 0.137592 
1989.41 3632.31 266.653 5 0.330852 6.16708 -0.165163 -0.00131287 
2009.56 3802.38 279.222 5 0.330178 6.16093 -0.15355 -0.00104852 
2030.27 3972.31 291.776 5 0.329505 6.14917 -0.141938 -0.00115451 
2051.55 4141.98 304.315 5 0.328831 6.13468 -0.130326 -0.00131405 
2073.4 4311.32 316.838 5 0.328157 6.11659 -0.118714 -0.00152128 
2095.81 4480.25 329.347 5 0.327484 6.09342 -0.107101 -0.00177906 
2118.79 4648.66 341.84 5 0.32681 6.06272 -0.0954889 -0.0022019 
2142.33 4816.38 354.318 5 0.326136 6.02025 -0.0838766 -0.00298626 
2166.44 4983.13 366.781 5 0.325462 5.95869 -0.0722643 -0.00438554 
2191.11 5148.51 379.228 5 0.324789 5.85314 -0.0606519 -0.0130097 
2216.33 5311.5 391.661 5 0.324115 5.5373 -0.0490396 -0.095926 
2242.12 5467.37 404.078 5 0.32344 3.44968 -0.0374272 -0.227838 
2268.43 5576.16 416.48 5 0.322764 -0.0233309 -0.0258148 -0.218331 
2295.24 5606.64 428.867 5 0.322089 -3.49565 -0.0142023 -0.082942 
2322.54 5558.82 441.238 5 0.321414 -5.68838 -0.00258971 -0.00293549 
2350.36 5461.56 453.594 5 0.32074 -5.82924 0.00902301 -0.00293547 
2378.75 5361.12 465.936 5 0.320066 -5.95184 0.020636 -0.00160835 
2407.68 5257.91 478.261 5 0.319392 -6.01938 0.0322495 -0.00095541 
2437.17 5153.18 490.572 5 0.318718 -6.06285 0.0438648 -0.000603327 
2467.22 5047.47 502.868 5 0.318043 -6.09359 0.0554907 -0.000399453 
2497.83 4941.07 515.148 5 -0.236317 -6.11664 0.794932 -0.000271731 
2529.23 4834.15 514.831 5 -0.235373 -6.1346 0.778645 -0.000186907 
2560.63 4726.82 505.858 5 -0.234427 -6.14899 0.762342 -0.00012888 
2591.61 4619.17 496.906 5 -0.233481 -6.1608 0.746037 -8.83039e-05 
2622.19 4511.25 487.975 5 -0.232535 -6.17065 0.729732 -5.95139e-05 
2652.37 4403.11 479.065 5 -0.231589 -6.179 0.713426 -3.89113e-05 
2682.15 4294.79 470.177 5 -0.230643 -6.18617 0.697121 -2.41244e-05 
2711.52 4186.3 461.31 5 -0.229697 -6.19238 0.680815 -1.35424e-05 
2740.49 4077.67 452.465 5 -0.228751 -6.19783 0.664509 -6.04289e-06 
2769.06 3968.92 443.641 5 -0.227805 -6.20263 0.648203 -8.26408e-07 
2797.23 3860.05 434.838 5 -0.226859 -6.20691 0.631897 2.68789e-06 
2825.01 3751.1 426.056 5 -0.225913 -6.21074 0.615591 4.92919e-06 
2852.38 3642.05 417.296 5 -0.224967 -6.21419 0.599285 6.21948e-06 
2879.36 3532.93 408.557 5 -0.224021 -6.21731 0.582979 6.80374e-06 
2905.95 3423.74 399.84 5 -0.223075 -6.22015 0.566673 6.87057e-06 
2932.14 3314.48 391.144 5 -0.222129 -6.22274 0.550367 6.56686e-06 
2957.93 3205.17 382.469 5 -0.221183 -6.22512 0.534061 6.00816e-06 
2983.34 3095.8 373.815 5 -0.220237 -6.22731 0.517754 5.28616e-06 
3008.35 2986.39 365.183 5 -0.219291 -6.22933 0.501448 4.47425e-06 
3032.97 2876.92 356.572 5 -0.218345 -6.23121 0.485142 3.63157e-06 
3057.21 2767.42 347.983 5 -0.217399 -6.23294 0.468836 2.80588e-06 
3081.05 2657.87 339.415 5 -0.216453 -6.23456 0.45253 2.03577e-06 
3104.51 2548.29 330.868 5 -0.215507 -6.23607 0.436224 1.35178e-06 
3127.58 2438.68 322.342 5 -0.214561 -6.23749 0.419918 6.36572e-07 
3150.27 2329.03 313.838 5 -0.213615 -6.23877 0.403612 2.76356e-05 
3172.57 2219.35 305.355 5 -1.4 -6.07761 0.372564 9.61284e-05 
3195.02 2113.31 270.12 29.2768 -0.00226498 -3.85059 0.369 0 
3195.02 2113.31 270.12 29.2768 -0.00226498 -3.85059 0.369 0 
3158.06 2058.79 266.923 23.6071 1.04141 -0.919707 -0.188388 -0.567404 
3131.92 2078.17 290.276 5 -1.39999 -3.99609 0.733426 -0.315034 
3145.74 2019.93 252.812 33.2952 -0.312235 -6.17987 -0.165163 -0.000374947 
3099.89 1906.67 241.636 33.1122 -0.311341 -6.19851 -0.153551 0.00273469 
3053.85 1792.94 230.49 32.9293 -0.310448 -6.1809 -0.141939 0.00184718 
3007.61 1679.66 219.374 32.7463 -0.309554 -6.17005 -0.130326 0.000966422 
2961.19 1566.64 208.287 32.5633 -0.308661 -6.16613 -0.118714 0.000835199 
2914.57 1453.73 197.231 32.3803 -0.307767 -6.16306 -0.107102 0.000969042 
2867.76 1340.89 186.204 32.1974 -0.306874 -6.1584 -0.0954898 0.00104485 
2820.76 1228.17 175.208 32.0144 -0.30598 -6.15259 -0.0838775 0.00105112 
2773.58 1115.6 164.241 31.8314 -0.305086 -6.14624 -0.0722653 0.00104682 
2726.21 1003.18 153.305 31.6484 -0.304195 -6.13943 -0.060653 0.00105672 
2678.66 890.94 142.398 31.4655 -0.303304 -6.13195 -0.0490408 0.00107778 
2630.93 778.885 131.521 31.2826 -0.302406 -6.12362 -0.0374285 0.00110447 
2583.02 667.041 120.674 31.0996 -0.301486 -6.11429 -0.0258163 0.00113635 
2534.93 555.431 109.858 30.9161 -0.300573 -6.10381 -0.014204 0.00117536 
2486.66 444.085 99.0721 30.7324 -0.299784 -6.09196 -0.00259179 0.00122308 
2438.22 333.038 88.3136 30.5507 -0.299187 -6.07849 0.00902045 0.00127999 
2389.6 222.33 77.5775 30.3745 -0.298263 -6.06311 0.0206327 0.00134532 
2340.8 112.01 66.8718 30.1967 -0.295715 -6.04546 0.0322449 0.00141714 
2291.81 2.13532 56.2375 29.9862 -0.291997 -6.02517 0.0438572 0.00149598 
2242.71 -107.229 45.7056 29.7261 -0.294928 -6.00171 0.0554694 0.00160368 
2193.61 -216.001 35.1102 29.552 -0.316178 -5.97384 0.0670817 0.00183794 
2144.33 -324.071 23.986 29.8013 -0.334645 -5.93768 0.0786939 0.00240894 
2094 -431.229 12.386 30.3511 -0.249258 -5.88367 0.0903062 0.0032009 
2041.92 -537.024 2.91712 29.1593 0.00866902 -5.80404 0.101918 0.00168126 
1991.65 -640.812 0.00110121 28.9423 0.0179353 -5.75857 0.113531 -0.00164041 
1941.67 -743.454 0.0010362 28.7593 0.018829 -5.80561 0.125143 0.00523284 
1892.06 -847.283 0.00117302 28.5764 0.0197234 -5.62868 0.136755 0.0204895 
1842.81 -946.65 3.31717 28.3934 0.0206177 -4.9447 0.148367 0.0396431 
1794.12 -1028.77 6.66315 28.2104 0.0215126 -3.6446 0.15998 0.0551075 
1746 -1078.1 10.0391 28.0275 0.0224079 -1.83831 0.171592 0.060228 
1698.45 -1081.88 13.445 27.8445 0.0233011 0.204225 0.183204 0.0535465 
1651.48 -1034.15 16.8809 27.6615 0.0241892 2.1892 0.194816 0.0386821 
1605.09 -936.357 20.3465 27.4787 0.0250795 3.8894 0.206429 0.0215135 
1559.28 -795.69 23.842 27.2959 0.0260017 5.1516 0.218041 0.00750216 
1514.05 -623.192 27.3681 27.1125 0.0269685 5.89348 0.229653 -0.000142823 
1469.38 -431.985 30.9261 26.9278 0.0278427 6.14399 0.241265 -0.00170845 
1425.26 -234.461 34.5135 26.7438 0.0283074 6.08912 0.252878 -0.000551385 
1381.7 -38.3205 38.1201 26.5682 0.0285313 5.98567 0.26449 0.000233177 
1338.67 155.211 41.7395 26.4042 0.0305291 5.95496 0.276102 0.000232253 
1296.15 347.967 45.4158 26.2159 0.0370285 5.97508 0.287714 6.13945e-05 
1254.2 541.231 49.2637 25.9209 0.0420888 6.00957 0.299327 -1.00557e-05 
1213.03 735.363 53.2511 25.5644 0.0202655 6.04122 0.310939 -8.82386e-07 
1172.8 930.293 56.7026 25.6723 -0.042344 6.06497 0.322551 9.05524e-06 
1132.56 1125.82 58.5707 26.9507 -0.0335833 6.08194 0.334163 -3.88717e-06 
1089.82 1321.78 60.6081 27.8381 0.324093 6.08367 0.345776 -7.17974e-06 
1045.22 1517.79 71.6299 21.7041 0.926866 6.08166 0.357388 -0.000138299 
1013.26 1713.73 98.1009 5 0.0899998 4.72996 0.369 0 
1013.26 1713.73 98.1009 5 0.0899998 4.72996 0.369 0 
1032.68 1903.27 102.986 5 -0.872271 3.55654 1.15369 0.749889 
1052.96 2057.29 78.7359 23.8693 0.637293 5.55266 -0.176776 0.179293 
1025.12 2271.78 99.2762 8.4036 0.216289 6.23856 0.337546 -0.0195605 
1036.32 2507.01 107.82 5 0.0835202 6.19826 0.581735 -0.00489878 
1056.37 2741.01 112.509 5 0.0835202 6.19501 0.581735 -0.00532733 
1076.71 2974.91 117.198 5 0.0835202 6.19042 0.581735 -0.00541679 
1097.33 3208.68 121.887 5 0.0835202 6.18536 0.581735 -0.00554035 
1118.23 3442.29 126.576 5 0.0835202 6.17969 0.581735 -0.00569649 
1139.43 3675.73 131.265 5 0.0835202 6.1733 0.581735 -0.00589279 
1160.9 3908.97 135.954 5 0.0835202 6.16603 0.581735 -0.00613866 
1182.66 4142 140.643 5 0.0835201 6.15768 0.581735 -0.00644062 
1204.7 4374.77 145.332 5 0.0835201 6.148 0.581735 -0.00677777 
1227.03 4607.25 150.021 5 0.0835201 6.1368 0.581735 -0.00705115 
1249.64 4839.39 154.71 5 0.0835201 6.12426 0.581735 -0.00726534 
1272.54 5071.15 159.399 5 0.0835201 6.11062 0.581735 -0.0084217 
1295.72 5302.5 164.088 5 0.0835201 6.09263 0.581735 -0.0124272 
1319.18 5533.3 168.777 5 0.0835201 6.06004 0.581735 -0.0164208 
1342.93 5763.12 173.466 5 0.08352 6.01445 0.581735 0.00272047 
1366.96 5991.55 178.155 5 0.0835201 6.04057 0.581735 -0.0144626 
1391.28 6220.78 182.844 5 0.08352 5.98793 0.581735 -0.186435 
1415.88 6448.41 187.533 5 0.0835197 5.28357 0.581735 -0.328162 
1440.74 6654.72 192.222 5 0.083519 4.03814 0.581735 -0.390478 
1465.86 6823.32 196.911 5 0.0835182 2.53411 0.581735 -0.406505 
1491.23 6946.38 201.6 5 0.0835174 0.93432 0.581735 -0.398229 
1516.85 7021 206.289 5 0.0835165 -0.675835 0.581735 -0.373522 
1542.71 7046.87 210.978 5 0.0835157 -2.23759 0.581735 -0.331507 
1568.82 7025.45 215.667 5 0.0835149 -3.68627 0.581736 -0.26427 
1595.17 6960.17 220.356 5 0.0835142 -4.92054 0.581736 -0.161982 
1621.79 6857.52 225.045 5 0.0835138 -5.77658 0.581736 -0.0430901 
1648.66 6728.95 229.733 5 0.0835136 -6.09827 0.581736 0.0107331 
1675.81 6590.64 234.422 5 0.0835135 -6.05284 0.581737 -0.00366164 
1703.25 6453.7 239.111 5 0.0835135 -6.03692 0.581737 -0.00640885 
1730.98 6317.25 243.8 5 0.0835134 -6.07039 0.581738 -0.00254252 
1758.98 6179.79 248.489 5 0.0835128 -6.09893 0.581747 -0.000722342 
1787.27 6041.46 253.177 5 0.0835489 -6.11672 0.581122 -0.000497622 
1815.85 5902.59 257.867 5 0.0807466 -6.12829 0.580372 0.00352906 
1844.71 5763.37 262.472 5.06555 0.0746298 -6.06519 0.566673 -0.00512535 
1873.69 5626.06 266.889 5.27739 0.0256385 -6.14336 0.550367 -0.000996538 
1902.46 5486.39 267.429 5.73378 -0.0345824 -6.16513 0.534061 -8.8891e-05 
1930.19 5346.05 266.123 5.98979 -0.0354858 -6.17182 0.517755 -1.23213e-05 
1957.22 5205.52 264.777 6.23788 -0.036667 -6.1771 0.501449 -5.48504e-06 
1983.56 5064.82 263.384 6.48603 -0.0403851 -6.18288 0.485143 9.3165e-06 
2009.23 4923.96 261.866 6.79265 -0.0465353 -6.18827 0.468837 1.84179e-05 
2034.05 4782.92 260.147 7.20224 -0.0382571 -6.19301 0.452531 1.90182e-05 
2057.78 4641.75 258.658 7.36212 0.0134671 -6.19725 0.436224 1.4535e-05 
2081 4500.45 258.728 6.32075 0.0354613 -6.2012 0.419918 -5.12422e-05 
2106.73 4359.02 259.515 5 -0.315766 -6.2171 0.403611 0.000139105 
2135.93 4217.12 249.731 12.0523 -1.28232 -6.19512 0.387306 0.000551298 
2148.01 4075.89 210.34 40 -0.0899997 -5.57953 0.369 0 
2148.01 4075.89 210.34 40 -0.0899997 -5.57953 0.369 0 
2106.75 4009.47 205.337 34.7902 1.4 -2.60307 -0.188388 1.02859 
2072.06 3994.62 226.295 17.0053 0.56193 1.22123 -0.176775 -0.389162 
2063.15 4046.01 233.227 12.2674 -1.4 -1.31587 -0.16516 -0.670818 
2061.69 4053.44 206.295 33.9183 -0.811248 -4.67399 0.319597 -0.154071 
2028.99 4002.71 188.964 38.9407 -0.432616 -6.11956 -0.141939 0.00803658 
1988.57 3926.93 178.054 38.7577 -0.431763 -6.02863 -0.130326 0.012758 
1948.02 3852.73 167.164 38.5752 -0.430911 -5.87526 -0.118714 0.00825413 
1907.35 3781.19 156.293 38.3933 -0.429972 -5.77277 -0.107102 0.000739988 
1866.55 3711.42 145.444 38.2106 -0.428867 -5.76579 -0.0954897 -0.000751825 
1825.63 3641.77 134.619 38.0251 -0.427716 -5.77918 -0.0838775 0.00132225 
1784.6 3571.89 123.819 37.8365 -0.426984 -5.76274 -0.0722653 0.00324887 
1743.45 3502.3 113.037 37.6507 -0.427175 -5.71572 -0.060653 0.00408889 
1702.18 3433.52 102.257 37.4795 -0.427812 -5.65254 -0.0490408 0.00422841 
1660.78 3365.83 91.471 37.3271 -0.42649 -5.58346 -0.0374285 0.0043515 
1619.21 3299.34 80.7118 37.1656 -0.420152 -5.50821 -0.0258163 0.00486747 
1577.5 3234.16 70.0669 36.93 -0.410397 -5.41877 -0.014204 0.00584798 
1535.74 3170.52 59.5976 36.5834 -0.409472 -5.30434 -0.00259178 0.00727696 
1494.1 3108.87 49.1539 36.2549 -0.435395 -5.15265 0.00902046 0.00922188 
1452.56 3049.84 38.2702 36.2964 -0.484654 -4.9478 0.0206327 0.0117554 
1410.61 2994.37 26.5318 36.9736 -0.496051 -4.66949 0.032245 0.0146021 
1367.32 2943.71 14.5771 37.7158 -0.366 -4.30069 0.0438572 0.0165946 
1322.55 2899.45 4.85522 36.6509 -0.0867366 -3.85241 0.0554694 0.0152834 
1278.82 2862.96 0.00166526 35.7045 0.0420782 -3.40831 0.0670817 0.00793827 
1236.2 2834.15 0.00104323 35.5215 0.0429732 -3.15874 0.0786939 0.0016827 
1193.84 2809.67 0.00104322 35.3386 0.0438667 -3.10231 0.0903062 -0.000614588 
1151.73 2786.17 0.00104322 35.1556 0.0447574 -3.12613 0.101918 -0.000472991 
1109.88 2762.26 0.00104322 34.9726 0.0456449 -3.14623 0.113531 9.80818e-05 
1068.28 2738 0.00104322 34.7897 0.0465346 -3.14302 0.125143 0.000308247 
1026.93 2713.79 0.00104322 34.6069 0.0474387 -3.12931 0.136755 0.000232612 
985.836 2689.82 0.00104322 34.4239 0.0483635 -3.1181 0.148367 0.000112909 
944.997 2666.05 0.00104322 34.2405 0.0492839 -3.11257 0.15998 5.45393e-05 
904.412 2642.37 0.00104322 34.0568 0.0501326 -3.1101 0.171592 4.56698e-05 
864.082 2618.73 0.00104322 33.8737 0.050861 -3.10785 0.183204 4.95169e-05 
824.006 2595.13 0.00104322 33.6929 0.051582 -3.10486 0.194816 4.85578e-05 
784.18 2571.59 0.00104322 33.5141 0.0526542 -3.10141 0.206429 4.29226e-05 
744.603 2548.1 0.00104322 33.3324 0.0544046 -3.09789 0.218041 3.74321e-05 
705.277 2524.67 0.00104322 33.1393 0.0563556 -3.09433 0.229653 3.5056e-05 
666.219 2501.31 0.00104322 32.9334 0.0566243 -3.09032 0.241265 3.69085e-05 
627.446 2478.01 0.00104322 32.7384 0.0531443 -3.08503 0.252878 4.40407e-05 
588.946 2454.81 0.00104322 32.6023 0.0477691 -3.07695 0.26449 5.8442e-05 
550.636 2431.74 0.00104322 32.5436 0.0502246 -3.06305 0.276102 8.30147e-05 
512.407 2408.92 0.00104324 32.4503 0.0730451 -3.03727 0.287714 0.00012078 
474.301 2386.54 0.00104326 32.0578 0.110132 -2.98746 0.299327 0.000172963 
436.727 2365.03 0.00104323 31.2119 0.112086 -2.88969 0.310939 0.000234918 
400.328 2345.21 0.00104306 30.4268 0.00519738 -2.69845 0.322551 0.000289468 
365.059 2328.7 2.18807 31.1305 -0.19832 -2.33368 0.334163 0.00013388 
328.964 2318.51 1.60639 34.4287 -0.252117 -2.03592 0.345776 -5.70024e-05 
288.293 2313.49 0.00100792 38.0549 0.266616 -2.32563 0.357388 2.47253e-05 
242.348 2303.45 1.2309 31.0658 1.4 -1.86495 0.369 0 
