grtopM_52_2
50
2 2
7 7 
0 1 5 4 2 3 6 
0 1 5 4 2 3 6 
4336.09 18.3177 295.244 92.9145 443.244 6.83396e-13 
142468 4.10124e-09 243.449 91.4102 165.156 0 
88.4916 0.37383 6.0254 1.89621 9.04579 1.39469e-14 
2907.51 8.36988e-11 4.96835 1.86551 3.37053 0 
2.40272e-10 1030.51 4.88484 4.6767 1759.65 1939.9 
1.4524e-06 2.30961 5.45427 4.65651 2.15826 47.0953 
4261.37 417.17 1576.95 18.7833 0.508555 0 0.16258 0 
4261.37 417.17 1576.95 18.7833 0.508555 2.40272e-10 0.162923 -0.0625746 
4261.37 417.17 1576.95 18.7667 0.593724 -2.891 0.16144 0.0639283 
64.1643 346.954 1699.88 5.50761 0.638869 -0.18443 0.380404 0.0207071 
68.3661 -784.631 1317.05 19.0115 0.496896 0.394372 0.158852 -0.000497246 
65.9571 -757.554 1309.96 19.0044 0.496713 0.405209 0.158969 -0.000489874 
63.5879 -730.881 1302.29 19.0027 0.496465 0.416915 0.158996 -0.000491175 
61.2553 -704.14 1294.19 18.9966 0.496245 0.429281 0.159096 -0.000485761 
58.9559 -677.692 1285.51 18.9886 0.496021 0.442535 0.159226 -0.000477776 
56.6907 -651.68 1276.16 18.9816 0.495765 0.456807 0.15934 -0.00047166 
54.4583 -626.001 1266.14 18.9737 0.495496 0.472103 0.15947 -0.000464356 
52.2593 -600.718 1255.38 18.9651 0.495205 0.488519 0.159609 -0.000456529 
50.0935 -575.861 1243.83 18.957 0.494883 0.506138 0.159742 -0.000449738 
47.9607 -551.374 1231.47 18.9483 0.494538 0.525005 0.159882 -0.000442637 
45.861 -527.273 1218.23 18.9392 0.494166 0.545202 0.160032 -0.000435112 
43.7951 -503.58 1204.05 18.9298 0.493763 0.566824 0.160185 -0.000427838 
41.7634 -480.283 1188.89 18.9206 0.493325 0.58995 0.160335 -0.000421246 
39.7659 -457.344 1172.7 18.9106 0.492857 0.614652 0.160498 -0.000413999 
37.8026 -434.801 1155.39 18.901 0.492345 0.641045 0.160654 -0.000408093 
35.8721 -412.581 1136.93 18.8921 0.491788 0.669198 0.160801 -0.000403619 
33.9718 -390.605 1117.27 18.8811 0.491207 0.69917 0.16098 -0.000396696 
32.1007 -369.008 1096.3 18.8709 0.490573 0.731147 0.161145 -0.000391748 
30.2556 -347.682 1073.97 18.86 0.489898 0.765193 0.161323 -0.000386352 
28.4347 -326.651 1050.19 18.8486 0.489176 0.801445 0.161509 -0.000380914 
26.6366 -305.916 1024.87 18.8373 0.488399 0.840042 0.161693 -0.000376379 
24.8599 -285.43 997.932 18.8256 0.48757 0.8811 0.161884 -0.000372094 
23.1029 -265.177 969.287 18.8133 0.486685 0.924762 0.162084 -0.00036786 
21.365 -245.155 938.831 18.8007 0.485739 0.971185 0.162291 -0.000363959 
19.6453 -225.348 906.454 18.7887 0.48472 1.02053 0.162487 -0.000362129 
17.9403 -205.643 872.081 18.7759 0.483638 1.07292 0.162695 -0.000360107 
16.247 -186.05 835.586 18.7626 0.482485 1.12853 0.162911 -0.000358468 
14.5619 -166.55 796.846 18.7491 0.481256 1.18757 0.163132 -0.000357588 
12.8816 -147.1 755.738 18.7352 0.479946 1.25021 0.163357 -0.000357469 
11.2024 -127.66 712.132 18.7211 0.478548 1.31666 0.163588 -0.000358245 
9.52066 -108.184 665.886 18.7083 0.476981 1.38712 0.163801 -0.000363741 
7.82901 -88.4268 616.814 18.7432 0.474946 1.46187 0.163226 -0.000443065 
6.10531 -64.327 566.291 18.7131 0.473551 1.53886 0.163712 -0.00042088 
4.38442 -41.4249 512.447 18.6269 0.472413 1.62092 0.165128 -0.00031635 
2.67723 -24.2607 453.237 18.6609 0.470003 1.71111 0.164569 -0.000400056 
0.918897 -2.51689 391.993 18.6486 0.468106 1.80442 0.16475 -0.000411835 
-0.857494 19.8065 327.464 18.5273 0.464344 1.90269 0.166904 -0.000309197 
-2.72716 35.8026 252.248 20.5089 0.44104 2.0166 0.134514 -0.00353873 
-5.60885 223.819 228.58 21.8625 0.427981 2.04889 0.112269 -0.00555851 
-13.9775 527.03 244.278 21.4296 0.433159 2.02573 0.11934 -0.00478474 
-21.2432 792.592 248.84 21.0381 0.437474 2.0233 0.125729 -0.00416892 
-21.9375 1024.4 242.8 20.6347 0.44158 2.03681 0.132314 -0.00374199 
-16.3772 1221.71 225.335 20.1958 0.445858 2.05815 0.139478 -0.00293166 
-18.4845 1381.62 195.172 19.7428 0.449935 2.10451 0.146822 0.0225266 
-20.0125 1503.23 151.411 19.1041 0.44659 3.31524 0.154201 -0.0182872 
1639.41 1578.18 75.27 5 0.09 2.65004 0.16158 0 
1639.41 1578.18 75.27 5 0.09 2.65004 0.16158 0 
611.717 567.355 0.0327155 5.0318 6.98734e-10 -3.07456e-08 0.000147598 -4.25592e-16 
65.0051 52.6938 0.0327153 5.0318 6.2653e-11 -2.65408e-09 0.000158838 -4.20736e-16 
6.67278e-09 5.18188e-09 0.0327153 5.0318 1.78792e-12 -1.89921e-10 0.000171733 -4.20155e-16 
2.69638e-09 1.96755e-09 0.0327153 5.0318 1.78644e-12 -1.89915e-10 0.000186679 -4.20185e-16 
2.69641e-09 1.96756e-09 0.0327153 5.0318 1.78612e-12 -1.89914e-10 0.000204217 -4.20171e-16 
2.6964e-09 1.96755e-09 0.0327153 5.0318 1.78592e-12 -1.89914e-10 0.000225117 -4.20193e-16 
2.69639e-09 1.96755e-09 0.0327153 5.0318 1.78586e-12 -1.89915e-10 0.000250537 -4.20185e-16 
2.69654e-09 1.96769e-09 0.0327153 5.0318 1.78617e-12 -1.89915e-10 0.000282376 -4.20168e-16 
2.69639e-09 1.96754e-09 0.0327153 5.0318 1.78736e-12 -1.89915e-10 0.000324179 -4.20147e-16 
2.6964e-09 1.96755e-09 0.0327153 5.0318 1.79047e-12 -1.89915e-10 0.000383754 -4.20135e-16 
2.6964e-09 1.96755e-09 0.0327153 5.0318 1.79766e-12 -1.89915e-10 0.000481506 -4.20133e-16 
2.6964e-09 1.96755e-09 0.0327153 5.0318 1.81301e-12 -1.89915e-10 0.000677442 -4.20141e-16 
2.6964e-09 1.96755e-09 0.0327153 5.0318 1.84217e-12 -1.89915e-10 0.00115308 -4.20105e-16 
2.6964e-09 1.96755e-09 0.0327153 5.0318 1.88584e-12 -1.89915e-10 0.00241031 -4.20051e-16 
2.6964e-09 1.96755e-09 0.0327153 5.0318 1.92135e-12 -1.89915e-10 0.00552894 -4.20102e-16 
2.6964e-09 1.96755e-09 0.0327153 5.0318 1.89909e-12 -1.89915e-10 0.0118366 -4.20059e-16 
2.6964e-09 1.96755e-09 0.0327153 5.0318 1.80634e-12 -1.89915e-10 0.0212918 -4.19998e-16 
2.6964e-09 1.96755e-09 0.0327153 5.0318 1.69325e-12 -1.89915e-10 0.0325684 -4.19961e-16 
2.6964e-09 1.96755e-09 0.0327153 5.0318 1.63985e-12 -1.89915e-10 0.0440218 -4.19936e-16 
2.6964e-09 1.96755e-09 0.0327153 5.0318 1.59461e-12 -1.89915e-10 0.0554731 -4.1998e-16 
2.6964e-09 1.96755e-09 0.0327153 5.0318 1.54942e-12 -1.89915e-10 0.0669229 -4.19903e-16 
2.6964e-09 1.96755e-09 0.0327153 5.0318 1.50424e-12 -1.89915e-10 0.0783721 -4.19894e-16 
2.6964e-09 1.96755e-09 0.0327153 5.0318 1.45905e-12 -1.89915e-10 0.0898216 -4.19862e-16 
2.6964e-09 1.96755e-09 0.0327153 5.0318 1.41384e-12 -1.89915e-10 0.101272 -4.19787e-16 
2.6964e-09 1.96755e-09 0.0327153 5.0318 1.36862e-12 -1.89915e-10 0.112723 -4.19795e-16 
2.6964e-09 1.96755e-09 0.0327153 5.0318 1.32336e-12 -1.89915e-10 0.124176 -4.1971e-16 
2.6964e-09 1.96755e-09 0.0327153 5.0318 1.27807e-12 -1.89915e-10 0.135631 -4.19631e-16 
2.6964e-09 1.96755e-09 0.0327153 5.0318 1.23273e-12 -1.89915e-10 0.147086 -4.19613e-16 
2.6964e-09 1.96755e-09 0.0327153 5.0318 1.18736e-12 -1.89915e-10 0.158542 -4.19569e-16 
2.6964e-09 1.96755e-09 0.0327153 5.0318 1.14193e-12 -1.89915e-10 0.169996 -4.19501e-16 
2.6964e-09 1.96755e-09 0.0327153 5.0318 1.09646e-12 -1.89915e-10 0.181446 -4.1948e-16 
2.6964e-09 1.96755e-09 0.0327153 5.0318 1.05094e-12 -1.89915e-10 0.19289 -4.19305e-16 
2.6964e-09 1.96755e-09 0.0327153 5.0318 1.00537e-12 -1.89915e-10 0.204322 -4.19241e-16 
2.6964e-09 1.96755e-09 0.0327153 5.0318 9.59743e-13 -1.89915e-10 0.215736 -4.19138e-16 
2.6964e-09 1.96755e-09 0.0327153 5.0318 9.1403e-13 -1.89915e-10 0.227125 -4.1887e-16 
2.6964e-09 1.96755e-09 0.0327153 5.0318 8.68148e-13 -1.89915e-10 0.238481 -4.18619e-16 
2.6964e-09 1.96755e-09 0.0327153 5.0318 8.21896e-13 -1.89915e-10 0.249794 -4.18363e-16 
2.6964e-09 1.96755e-09 0.0327153 5.0318 7.74892e-13 -1.89915e-10 0.261059 -4.1785e-16 
2.6964e-09 1.96755e-09 0.0327153 5.0318 7.26547e-13 -1.89915e-10 0.272274 -4.17178e-16 
2.6964e-09 1.96755e-09 0.0327153 5.0318 6.76166e-13 -1.89915e-10 0.283439 -4.16219e-16 
2.6964e-09 1.96755e-09 0.0327153 5.0318 6.23336e-13 -1.89915e-10 0.29456 -4.14929e-16 
2.6964e-09 1.96755e-09 0.0327153 5.0318 5.68723e-13 -1.89915e-10 0.305638 -4.13518e-16 
2.6964e-09 1.96755e-09 0.0327153 5.0318 5.15019e-13 -1.89915e-10 0.316673 -4.11848e-16 
2.69639e-09 1.96755e-09 0.0327153 5.0318 4.66908e-13 -1.89915e-10 0.327631 -4.10467e-16 
2.69654e-09 1.96755e-09 0.0327153 5.0318 4.2819e-13 -1.89915e-10 0.338367 -4.10889e-16 
2.69639e-09 1.96769e-09 0.0327153 5.0318 3.89248e-13 -1.89915e-10 0.348707 -4.27895e-16 
2.41296e-08 2.09612e-09 0.0327153 5.0318 -5.2319e-10 1.76754e-10 0.358807 1.40343e-11 
402.685 13.5683 0.460614 5 -1.4 6.28 0.368238 -3.72086e-11 
1435.45 1080.69 295.29 5.0318 -3.96823e-11 5.57158e-11 0.369 0 
1435.45 1080.69 295.29 5.0318 -3.96823e-11 5.57158e-11 0.369 0 
1485.27 1193.81 302.576 5 -0.432916 -4.88011 1.15369 -0.046237 
1536.73 940.023 277.318 24.7973 0.337734 -6.27903 -0.176776 0.0347957 
1463.89 581.164 307.614 5 0.127113 -6.27887 0.410574 0.234166 
1515.19 222.221 324.461 5 0.127114 -4.4761 0.410574 0.110787 
1569.13 -1.18544 341.307 5 0.127116 -1.50566 0.410574 3.9605e-05 
1625.79 -1.26844 358.154 5 0.127116 -1.50511 0.410574 0.00189821 
1684.99 -1.31009 375 5 0.127116 -1.50527 0.410574 0.00164257 
1746.73 -1.36374 391.847 5 0.127116 -1.50507 0.410574 0.000432721 
1811 -1.4029 408.694 5 0.127116 -1.50533 0.410574 0.000122845 
1877.81 -1.46116 425.54 5 0.127116 -1.50528 0.410574 9.694e-05 
1947.16 -1.51628 442.387 5 0.127116 -1.50528 0.410574 4.59156e-05 
2019.05 -1.57109 459.233 5 0.127116 -1.50539 0.410574 -2.06493e-05 
2093.47 -1.63451 476.08 5 0.127116 -1.50541 0.410573 1.01364e-06 
2170.43 -1.69889 492.927 5 0.127111 -1.50534 0.410663 -7.29031e-06 
2249.93 -1.75794 509.773 5 0.128112 -1.50542 0.393403 -1.09012e-05 
2331.97 -1.82304 526.695 5 -0.0647918 -1.50546 0.840814 6.83988e-06 
2416.84 -1.89126 529.113 5 -0.0716638 -1.50544 0.892796 -6.0358e-06 
2502.09 -1.95814 521.245 5 -0.0707178 -1.50542 0.87649 -1.2109e-05 
2586.15 -2.02398 513.449 5 -0.0697717 -1.50547 0.860184 1.27805e-05 
2669.04 -2.09365 505.723 5 -0.0688257 -1.50536 0.843878 1.31618e-05 
2750.76 -2.15498 498.069 5 -0.0678797 -1.50536 0.827571 -5.65287e-06 
2831.33 -2.21638 490.486 5 -0.0669336 -1.50548 0.811265 2.57546e-05 
2910.75 -2.28647 482.974 5 -0.0659876 -1.5053 0.794959 -9.35945e-06 
2989.04 -2.34305 475.533 5 -0.0650416 -1.50541 0.778653 -5.33443e-06 
3066.21 -2.40772 468.163 5 -0.0640955 -1.50535 0.762347 -5.64151e-06 
3142.27 -2.4683 460.865 5 -0.0631495 -1.50531 0.746041 -8.08242e-06 
3217.23 -2.52534 453.637 5 -0.0622034 -1.5053 0.729735 -8.49751e-06 
3291.09 -2.58154 446.481 5 -0.0612574 -1.50539 0.713429 -2.96057e-06 
3363.88 -2.6449 439.395 5 -0.0603114 -1.50527 0.697122 -7.06786e-06 
3435.6 -2.69938 432.381 5 -0.0593653 -1.50534 0.680816 -3.07581e-06 
3506.25 -2.75922 425.438 5 -0.0584193 -1.50522 0.66451 -5.32537e-06 
3575.87 -2.81002 418.566 5 -0.0574733 -1.50525 0.648204 -4.63125e-06 
3644.44 -2.8631 411.765 5 -0.0565272 -1.50528 0.631898 -4.92122e-06 
3711.99 -2.91813 405.035 5 -0.0555812 -1.50535 0.615592 9.2141e-08 
3778.53 -2.97837 398.377 5 -0.0546352 -1.50513 0.599286 -3.94563e-06 
3844.06 -3.02237 391.789 5 -0.0536891 -1.50521 0.58298 -2.50868e-06 
3908.59 -3.07193 385.273 5 -0.0527431 -1.5052 0.566673 -2.74921e-06 
3972.15 -3.12108 378.828 5 -0.0517971 -1.50525 0.550367 -8.80445e-07 
4034.73 -3.17402 372.454 5 -0.050851 -1.50514 0.534061 -1.8084e-06 
4096.35 -3.21884 366.151 5 -0.049905 -1.50518 0.517755 -1.15574e-06 
4157.02 -3.26621 359.919 5 -0.048959 -1.50516 0.501449 -1.54152e-06 
4216.75 -3.3123 353.758 5 -0.0480129 -1.50528 0.485143 -0.0027478 
4275.55 -3.36757 347.669 5 -0.0470673 -2.21522 0.468837 0.0637295 
4333.38 -56.7975 341.65 5 -0.0461186 2.90618 0.452531 0.0218155 
4390.62 274.809 335.703 5 -0.0451708 6.28 0.436224 -3.01102e-05 
4447.16 860.067 329.827 5 -0.0442247 6.28 0.419918 -1.76659e-05 
4502.82 1445.32 324.023 5 -0.0616325 6.28 0.403612 -8.1901e-06 
4557.62 2030.58 316.909 6.04981 -0.644872 6.28 0.387306 -0.00363847 
4605.91 2615.84 265.82 40 -0.09 1.72304 0.369 0 
4605.91 2615.84 265.82 40 -0.09 1.72304 0.369 0 
4549.16 2689.12 258.443 32.3414 1.4 -2.95054 -0.188388 -0.558513 
4505.78 2651.81 286.611 8.97804 -0.837888 -6.28 -0.176763 0.000144011 
4509.02 2535.69 262.716 29.4881 -1.03208 -6.28 0.759812 0.00025918 
4472.34 2419.6 233.448 40 -0.490823 -6.28 -0.0558057 0.000209667 
4414.09 2303.52 216.588 40 -0.490823 -6.28 -0.0558063 0.000319172 
4355.04 2187.45 199.728 40 -0.490823 -6.28 -0.0558068 0.000229166 
4295.2 2071.38 182.868 40 -0.490823 -6.28 -0.0558073 0.0006848 
4234.55 1955.3 166.008 40 -0.490823 -6.28 -0.0558078 0.000259464 
4173.1 1839.23 149.148 40 -0.490823 -6.28 -0.0558075 0.000608758 
4110.85 1723.15 132.288 40 -0.49082 -6.28 -0.0558575 0.00221584 
4047.81 1607.08 115.429 40 -0.490991 -6.28 -0.052899 0.000295751 
3983.96 1491.01 98.5646 40 -0.4807 -6.28 -0.0571653 0.000586344 
3919.31 1374.93 81.9441 39.8192 -0.485769 -6.28 -0.0490407 0.00169758 
3854.22 1258.86 65.2105 39.7491 -0.502538 -6.28 -0.0374285 0.000855725 
3788.47 1142.78 48.0829 39.9794 -0.493528 -6.28 -0.0258162 0.000904552 
3721.48 1026.71 31.1597 40 -0.392095 -6.28 -0.014204 0.00181633 
3653.59 910.636 16.6357 40 -0.24785 -6.28 -0.00259172 0.00147176 
3584.95 794.562 5.52456 39.5253 -0.0665966 -6.28 0.00902052 0.00124779 
3516.59 678.488 0.00109665 38.8655 0.0442312 -6.28 0.0206328 0.000727559 
3449.17 562.412 0.00109661 38.6825 0.0451278 -6.28 0.032245 0.00162427 
3382.1 446.337 0.00109655 38.4995 0.046021 -6.28 0.0438572 0.00214643 
3315.37 330.261 0.0010965 38.3166 0.0469139 -6.28 0.0554695 0.00307368 
3248.99 214.184 0.0010964 38.1336 0.0478074 -6.28 0.0670817 0.00262601 
3182.96 98.108 0.00109622 37.9506 0.0487018 -6.01309 0.078694 0.00125505 
3117.28 -2.30352 0.00109601 37.7677 0.0495973 -1.77441 0.0903062 -1.45272e-05 
3052.02 -2.4278 0.00109576 37.5847 0.0504909 -1.76697 0.101918 0.000120713 
2987.11 -2.37655 0.00109547 37.4017 0.0513844 -1.767 0.113531 0.00019672 
2922.55 -2.32624 0.00109513 37.2187 0.0522777 -1.76695 0.125143 3.57332e-05 
2858.33 -2.27488 0.00109475 37.0358 0.053171 -1.76699 0.136755 2.17066e-05 
2794.46 -2.22487 0.00109431 36.8528 0.0540649 -1.76696 0.148367 -4.49262e-06 
2730.94 -2.17431 0.00109381 36.6698 0.0549601 -1.76688 0.15998 -1.33435e-05 
2667.76 -2.12213 0.00109324 36.4868 0.0558542 -1.76697 0.171592 0.000147512 
2604.93 -2.07237 0.00109259 36.3038 0.0567397 -1.76699 0.183204 6.55179e-05 
2542.45 -2.02343 0.00109187 36.1209 0.0576154 -1.76692 0.194816 3.632e-05 
2480.31 -1.97305 0.00109116 35.9384 0.0585139 -1.76696 0.206429 3.70656e-05 
2418.52 -1.92391 0.00109049 35.7556 0.0595018 -1.76702 0.218041 1.81927e-05 
2357.07 -1.87642 0.00108973 35.5712 0.0605413 -1.76691 0.229653 5.71873e-05 
2295.97 -1.82658 0.00476838 35.3843 0.0612394 -1.76696 0.241265 4.65927e-05 
2235.23 -1.77827 5.735 35.2016 0.0610644 -1.76696 0.252878 3.41994e-05 
2175.11 -1.73023 11.468 35.0382 0.0609939 -1.76699 0.26449 4.46506e-05 
2115.56 -1.68313 17.2056 34.8891 0.0653255 -1.76726 0.276102 3.5107e-05 
2056.57 -1.64265 23.0513 34.6729 0.0771517 -1.92864 0.287714 -0.000316292 
1998.26 -5.42084 29.185 34.265 0.0812217 -1.80715 0.299327 0.129444 
1941.01 -15.6754 35.4305 33.8346 0.0347914 3.0386 0.310939 0.0756089 
1884.99 98.0731 40.5937 34.2943 -0.0657736 6.28 0.322551 0.000440364 
1828.45 288.514 43.3602 36.4812 -0.0194681 6.28 0.334163 -1.85708e-06 
1767.87 478.958 47.1393 37.4853 0.556756 6.28 0.345776 -8.45299e-07 
1705.3 669.403 64.5138 27.95 1.38299 6.28 0.357388 -0.00929276 
1661.23 859.835 101.799 5 0.0899996 1.60889 0.369 0 
1661.23 859.835 101.799 5 0.0899996 1.60889 0.369 0 
359.994 39.0036 0.00359592 5.93066 0.231183 -0.00920363 9.30242e-08 1.98542e-15 
49.1111 5.81684e-10 0.00587856 5.01836 0.00344243 -0.000137047 1.00067e-07 -2.2146e-16 
0.742344 1.24479e-12 0.00613626 5.00516 1.43347e-12 -7.22352e-11 1.08129e-07 -2.5533e-16 
3.4275e-12 1.24489e-12 0.00613626 5.00516 1.36585e-12 -7.22325e-11 1.17442e-07 -2.5533e-16 
1.70604e-12 1.24489e-12 0.00613626 5.00516 1.36585e-12 -7.22325e-11 1.28317e-07 -2.55329e-16 
1.70604e-12 1.24489e-12 0.00613626 5.00516 1.36585e-12 -7.22325e-11 1.41174e-07 -2.5533e-16 
1.70604e-12 1.24489e-12 0.00613626 5.00516 1.36585e-12 -7.22325e-11 1.56598e-07 -2.5533e-16 
1.70604e-12 1.24489e-12 0.00613626 5.00516 1.36585e-12 -7.22325e-11 1.75437e-07 -2.5533e-16 
1.70604e-12 1.24489e-12 0.00613626 5.00516 1.36585e-12 -7.22325e-11 1.98987e-07 -2.55329e-16 
1.70604e-12 1.24489e-12 0.00613626 5.00516 1.36584e-12 -7.22325e-11 2.29446e-07 -2.5533e-16 
1.70604e-12 1.24489e-12 0.00613626 5.00516 1.36584e-12 -7.22325e-11 2.71861e-07 -2.55329e-16 
1.70604e-12 1.24489e-12 0.00613626 5.00516 1.36584e-12 -7.22325e-11 3.49067e-07 -2.5533e-16 
1.70604e-12 1.24489e-12 0.00613626 5.00516 1.36585e-12 -7.22325e-11 6.73422e-07 -2.5533e-16 
1.70604e-12 1.24489e-12 0.00613626 5.00516 1.36585e-12 -7.22325e-11 3.96253e-06 -2.55329e-16 
1.70604e-12 1.24489e-12 0.00613626 5.00516 1.3658e-12 -7.22325e-11 4.5195e-05 -2.5533e-16 
1.70604e-12 1.24489e-12 0.00613626 5.00516 1.36512e-12 -7.22325e-11 0.000468728 -2.5533e-16 
1.70604e-12 1.24489e-12 0.00613626 5.00516 1.36369e-12 -7.22325e-11 0.00322595 -2.5533e-16 
1.70604e-12 1.24489e-12 0.00613626 5.00516 1.32848e-12 -7.22325e-11 0.0135946 -2.55329e-16 
1.70604e-12 1.24489e-12 0.00613626 5.00516 1.30027e-12 -7.22325e-11 0.0251838 -2.5533e-16 
1.70604e-12 1.24489e-12 0.00613626 5.00516 1.27728e-12 -7.22325e-11 0.0367723 -2.5533e-16 
1.70604e-12 1.24489e-12 0.00613626 5.00516 1.25429e-12 -7.22325e-11 0.0483602 -2.5533e-16 
1.70604e-12 1.24489e-12 0.00613626 5.00516 1.23131e-12 -7.22325e-11 0.0599475 -2.55329e-16 
1.70604e-12 1.24489e-12 0.00613626 5.00516 1.20833e-12 -7.22325e-11 0.0715339 -2.55328e-16 
1.70604e-12 1.24489e-12 0.00613626 5.00516 1.18536e-12 -7.22325e-11 0.0831193 -2.55329e-16 
1.70604e-12 1.24489e-12 0.00613626 5.00516 1.1624e-12 -7.22325e-11 0.0947037 -2.55329e-16 
1.70604e-12 1.24489e-12 0.00613626 5.00516 1.13944e-12 -7.22325e-11 0.106287 -2.5533e-16 
1.70604e-12 1.24489e-12 0.00613626 5.00516 1.11649e-12 -7.22325e-11 0.117868 -2.5533e-16 
1.70604e-12 1.24489e-12 0.00613626 5.00516 1.09356e-12 -7.22325e-11 0.129447 -2.55329e-16 
1.70604e-12 1.24489e-12 0.00613626 5.00516 1.07064e-12 -7.22325e-11 0.141024 -2.5533e-16 
1.70604e-12 1.24489e-12 0.00613626 5.00516 1.04775e-12 -7.22325e-11 0.152597 -2.5533e-16 
1.70604e-12 1.24489e-12 0.00613626 5.00516 1.02488e-12 -7.22325e-11 0.164166 -2.5533e-16 
1.70604e-12 1.24489e-12 0.00613626 5.00516 1.00204e-12 -7.22325e-11 0.175731 -2.55329e-16 
1.70604e-12 1.24489e-12 0.00613626 5.00516 9.79232e-13 -7.22325e-11 0.187289 -2.55329e-16 
1.70604e-12 1.24489e-12 0.00613626 5.00516 9.56469e-13 -7.22325e-11 0.198842 -2.55329e-16 
1.70604e-12 1.24489e-12 0.00613626 5.00516 9.33752e-13 -7.22325e-11 0.210389 -2.55329e-16 
1.70604e-12 1.24489e-12 0.00613626 5.00516 9.11086e-13 -7.22325e-11 0.221929 -2.55328e-16 
1.70604e-12 1.24489e-12 0.00613626 5.00516 8.88472e-13 -7.22325e-11 0.233462 -2.55328e-16 
1.70604e-12 1.24489e-12 0.00613626 5.00516 8.65905e-13 -7.22325e-11 0.244991 -2.55326e-16 
1.70604e-12 1.24489e-12 0.00613626 5.00516 8.43377e-13 -7.22325e-11 0.256516 -2.55328e-16 
1.70604e-12 1.24489e-12 0.00613626 5.00516 8.2087e-13 -7.22325e-11 0.268039 -2.55321e-16 
1.70604e-12 1.24489e-12 0.00613626 5.00516 7.98371e-13 -7.22325e-11 0.279561 -2.55323e-16 
1.70604e-12 1.24489e-12 0.00613626 5.00516 7.75885e-13 -7.22325e-11 0.291078 -2.5532e-16 
1.70604e-12 1.24489e-12 0.00613626 5.00516 7.53472e-13 -7.22325e-11 0.302581 -2.55313e-16 
1.70604e-12 1.24489e-12 0.00613626 5.00516 7.31276e-13 -7.22325e-11 0.314055 -2.55318e-16 
1.70605e-12 1.24489e-12 0.00613626 5.00516 7.09492e-13 -7.22325e-11 0.325491 -2.55385e-16 
3.07633e-09 5.44088e-11 0.00613626 5.00516 -3.92467e-12 -9.07511e-12 0.336898 1.29145e-12 
51.0578 22.5036 0.0292648 5.00259 -0.236684 5.22646 0.348266 2.60046e-13 
1623.24 184.456 230.305 5 -1.4 6.28 0.359611 -1.57622e-12 
3483.42 2830.07 251.02 5.00516 1.47111e-12 1.46971e-11 0.369 0 
3483.42 2830.07 251.02 5.00516 1.47111e-12 1.46971e-11 0.369 0 
1543.52 890.172 0.0220524 5.02054 5.204e-11 -2.0775e-12 5.0502e-05 1.96997e-21 
27.9929 1.69852e-08 0.0220511 5.02049 3.37348e-13 -1.81599e-11 5.43252e-05 -6.13802e-21 
1.51681e-09 6.76333e-10 0.022051 5.02049 5.75665e-21 -1.21839e-21 5.87034e-05 -6.62602e-21 
9.2687e-10 6.76333e-10 0.022051 5.02049 8.14249e-21 6.61156e-23 6.37642e-05 -6.5003e-21 
9.2687e-10 6.76333e-10 0.022051 5.02049 9.48933e-21 -4.8302e-22 6.96771e-05 -2.08473e-21 
9.2687e-10 6.76333e-10 0.022051 5.02049 2.91993e-21 -3.15362e-22 7.66723e-05 4.06684e-21 
9.2687e-10 6.76333e-10 0.022051 5.02049 8.52053e-21 5.05781e-22 8.50693e-05 -5.65235e-21 
9.2687e-10 6.76333e-10 0.022051 5.02049 5.75008e-21 1.67789e-22 9.53246e-05 -4.99378e-21 
9.2687e-10 6.76333e-10 0.022051 5.02049 2.34308e-21 -6.53163e-22 0.000108112 -4.12426e-21 
9.2687e-10 6.76333e-10 0.022051 5.02049 5.96128e-21 6.22579e-22 0.000124474 3.61212e-21 
9.2687e-10 6.76333e-10 0.022051 5.02049 -2.52639e-21 -3.54904e-22 0.000146136 -4.53928e-21 
9.2687e-10 6.76333e-10 0.022051 5.02049 1.0379e-20 2.84863e-22 0.000176383 5.13959e-21 
9.2687e-10 6.76333e-10 0.022051 5.02049 -1.56733e-21 -3.06305e-22 0.000223664 2.43442e-22 
9.2687e-10 6.76333e-10 0.022051 5.02049 7.13426e-21 6.19252e-22 0.000322988 -4.72454e-22 
9.2687e-10 6.76333e-10 0.022051 5.02049 5.70392e-21 -5.35813e-22 0.000692366 1.40281e-21 
9.2687e-10 6.76333e-10 0.022051 5.02049 -3.21866e-21 4.45117e-22 0.00269587 -2.43613e-22 
9.2687e-10 6.76333e-10 0.022051 5.02049 2.99193e-21 -5.27556e-22 0.00909521 -2.34102e-21 
9.2687e-10 6.76333e-10 0.022051 5.02049 8.26144e-21 2.49894e-22 0.0200304 2.51146e-21 
9.2687e-10 6.76333e-10 0.022051 5.02049 1.85345e-20 -5.07158e-22 0.0315762 5.31284e-21 
9.2687e-10 6.76333e-10 0.022051 5.02049 1.17939e-20 3.83152e-22 0.0431199 1.47741e-21 
9.2687e-10 6.76333e-10 0.022051 5.02049 1.49736e-20 -2.61748e-22 0.0546615 -4.00172e-21 
9.2687e-10 6.76333e-10 0.022051 5.02049 1.698e-20 6.87592e-22 0.0662008 -4.30421e-21 
9.2687e-10 6.76333e-10 0.022051 5.02049 1.98103e-20 -4.88336e-22 0.0777379 -5.42616e-21 
9.2687e-10 6.76333e-10 0.022051 5.02049 1.94078e-20 7.21377e-22 0.0892726 6.40155e-21 
9.2687e-10 6.76333e-10 0.022051 5.02049 1.84082e-20 -5.74146e-22 0.100805 -2.8155e-21 
9.2687e-10 6.76333e-10 0.022051 5.02049 2.72651e-20 7.62826e-22 0.112335 -1.93641e-21 
9.2687e-10 6.76333e-10 0.022051 5.02049 2.56805e-20 -1.97523e-22 0.123862 8.48413e-22 
9.2687e-10 6.76333e-10 0.022051 5.02049 1.84844e-20 7.21189e-22 0.135387 1.20127e-20 
9.2687e-10 6.76333e-10 0.022051 5.02049 1.72709e-20 -3.36849e-22 0.146909 4.33809e-22 
9.2687e-10 6.76333e-10 0.022051 5.02049 1.64574e-20 6.05481e-22 0.158428 1.31738e-20 
9.2687e-10 6.76333e-10 0.022051 5.02049 2.44016e-20 -2.94608e-22 0.169944 -5.93289e-21 
9.2687e-10 6.76333e-10 0.022051 5.02049 2.02502e-20 3.96151e-22 0.181456 4.28851e-22 
9.2687e-10 6.76333e-10 0.022051 5.02049 2.03485e-20 -3.06317e-22 0.192963 3.15765e-22 
9.2687e-10 6.76333e-10 0.022051 5.02049 2.0467e-20 5.48641e-22 0.204464 2.57127e-21 
9.2687e-10 6.76333e-10 0.022051 5.02049 1.71485e-20 -1.76648e-22 0.215957 1.24863e-21 
9.2687e-10 6.76333e-10 0.022051 5.02049 1.72871e-20 7.28817e-22 0.227442 1.15245e-20 
9.2687e-10 6.76333e-10 0.022051 5.02049 2.20337e-20 -4.20201e-22 0.238915 2.17074e-21 
9.2687e-10 6.76333e-10 0.022051 5.02049 1.80108e-20 6.59372e-22 0.250376 7.69351e-21 
9.2687e-10 6.76333e-10 0.022051 5.02049 2.26722e-20 -2.69875e-22 0.261822 -1.29811e-20 
9.2687e-10 6.76333e-10 0.022051 5.02049 1.52268e-20 5.83759e-22 0.27325 -1.39039e-20 
9.2687e-10 6.76333e-10 0.022051 5.02049 2.75877e-20 -1.90461e-22 0.28466 1.35891e-20 
9.2687e-10 6.76333e-10 0.022051 5.02049 1.93709e-20 5.7341e-22 0.296048 -2.82249e-21 
9.2687e-10 6.76333e-10 0.022051 5.02049 1.74093e-20 -4.34629e-22 0.307407 -3.66957e-20 
9.2687e-10 6.76333e-10 0.022051 5.02049 1.9153e-20 5.53842e-22 0.31871 1.25311e-20 
9.2687e-10 6.76333e-10 0.022051 5.02049 3.5998e-20 -7.18125e-22 0.329915 6.84628e-21 
9.2687e-10 6.76333e-10 0.022051 5.02049 1.43162e-20 -3.10717e-22 0.341029 1.13384e-20 
9.2687e-10 6.76333e-10 0.022051 5.02049 1.76231e-20 7.07308e-22 0.352241 3.13566e-20 
3.69858e-09 -6.81934e-10 0.0220511 5.02049 -7.07834e-19 -1.65942e-17 0.364384 -8.09454e-20 
1223.73 552.102 0.012142 5.02049 7.29576e-19 9.21706e-22 0.369 0 
4261.37 417.17 1576.95 18.7833 0.508555 0 0.16258 0 
4261.37 417.17 1576.95 18.7833 0.508555 -1.25856e-07 0.16258 -1.88781e-05 
4261.36 417.175 1576.94 18.7876 0.509187 -0.0286401 0.162509 1.83197e-05 
2894.58 411.318 1613.21 18.5093 0.512923 -0.0610663 0.167055 0.000456715 
2617 -400.699 1433.65 19.1514 0.499537 0.216056 0.156569 -0.000656347 
2506.84 773.92 1524.6 18.9177 0.505262 0.078927 0.160386 -0.000239584 
2466.74 1202.68 1557.72 18.8326 0.507346 0.0289913 0.161775 -8.78826e-05 
2451.95 1359.96 1569.82 18.8015 0.508107 0.0107545 0.162282 -3.25525e-05 
2446.47 1418.21 1574.28 18.7901 0.508388 0.00403116 0.162469 -1.21237e-05 
2444.41 1439.91 1575.9 18.7859 0.50849 0.00157891 0.162537 -4.70659e-06 
2443.62 1448.33 1576.52 18.7844 0.508528 0.000654884 0.162563 -1.90206e-06 
2443.33 1451.74 1576.74 18.7838 0.508542 0.000315021 0.162572 -8.70258e-07 
2443.21 1453.29 1576.82 18.7836 0.508548 0.000190278 0.162576 -4.85884e-07 
2443.17 1454.16 1576.85 18.7835 0.508549 0.000149399 0.162577 -3.54736e-07 
2443.15 1454.79 1576.86 18.7835 0.50855 0.000140486 0.162577 -3.18906e-07 
2443.14 1455.36 1576.85 18.7835 0.50855 0.00014482 0.162577 -3.21892e-07 
2443.14 1455.94 1576.85 18.7835 0.508549 0.000155226 0.162577 -3.41614e-07 
2443.14 1456.55 1576.84 18.7835 0.508549 0.000169337 0.162577 -3.71269e-07 
2443.14 1457.21 1576.83 18.7835 0.508548 0.000185941 0.162576 -4.06055e-07 
2443.14 1457.94 1576.82 18.7835 0.508548 0.000205577 0.162576 -4.48128e-07 
2443.13 1458.74 1576.8 18.7836 0.508547 0.000227991 0.162576 -4.95646e-07 
2443.13 1459.63 1576.78 18.7836 0.508546 0.000254012 0.162575 -5.51257e-07 
2443.13 1460.61 1576.76 18.7836 0.508545 0.000283831 0.162575 -6.13658e-07 
2443.13 1461.71 1576.74 18.7837 0.508544 0.000319162 0.162574 -6.88787e-07 
2443.13 1462.94 1576.71 18.7837 0.508542 0.000359978 0.162573 -7.73728e-07 
2443.13 1464.32 1576.68 18.7838 0.50854 0.000408749 0.162572 -8.76084e-07 
2443.12 1465.89 1576.64 18.7838 0.508538 0.00046627 0.162571 -9.95048e-07 
2443.12 1467.67 1576.6 18.7839 0.508536 0.00053564 0.16257 -1.13842e-06 
2443.12 1469.7 1576.54 18.784 0.508533 0.000619375 0.162569 -1.30988e-06 
2443.11 1472.04 1576.48 18.7841 0.508529 0.000721848 0.162567 -1.51797e-06 
2443.1 1474.75 1576.39 18.7842 0.508525 0.000848763 0.162565 -1.77371e-06 
2443.1 1477.92 1576.29 18.7844 0.50852 0.00100767 0.162562 -2.09109e-06 
2443.09 1481.66 1576.16 18.7846 0.508513 0.00120907 0.162559 -2.4845e-06 
2443.07 1486.1 1575.98 18.7849 0.508504 0.00147201 0.162554 -2.9974e-06 
2443.06 1491.45 1575.76 18.7852 0.508492 0.00181586 0.162549 -3.64444e-06 
2443.03 1497.97 1575.45 18.7857 0.508476 0.00228612 0.162542 -4.52058e-06 
2443 1506.05 1575.02 18.7863 0.508454 0.00293689 0.162532 -5.69872e-06 
2442.95 1516.23 1574.41 18.7871 0.508424 0.00386705 0.162518 -7.33501e-06 
2442.88 1529.33 1573.51 18.7883 0.508379 0.00523798 0.162499 -9.69111e-06 
2442.77 1546.65 1572.15 18.79 0.508311 0.00730681 0.16247 -1.32001e-05 
2442.6 1570.24 1570.08 18.7928 0.508208 0.0104694 0.162425 -1.86148e-05 
2442.34 1603.5 1566.93 18.7972 0.508048 0.0152614 0.162352 -2.73603e-05 
2441.98 1652.39 1562.47 18.8046 0.507809 0.0220558 0.162232 -4.13967e-05 
2441.55 1726.37 1557.08 18.8158 0.507497 0.0302726 0.16205 -6.18924e-05 
2441.23 1836.98 1552.57 18.8266 0.507219 0.0371456 0.161872 -8.14757e-05 
2441.14 1982.55 1550.22 18.8196 0.507214 0.0407105 0.161987 -7.16508e-05 
2440.05 2110.4 1537.68 18.7641 0.507377 0.0596636 0.162893 9.28987e-06 
2431.48 2092.91 1454.26 18.6501 0.505665 0.186009 0.164753 0.000137445 
2386.59 1831.55 1127.89 18.5602 0.495192 0.669973 0.166177 -0.00123776 
1703.85 1620.32 174.618 22.6246 1.44339e-05 0.0642326 0.16158 0 
1703.85 1620.32 174.618 22.6246 1.44339e-05 0.0642326 0.16158 0 
1704.47 1618.01 176.928 22.6091 0.00333848 0.0173221 0.482653 -3.9558e-13 
1705.1 1615.7 179.237 22.5954 0.00400415 -0.0147484 0.480306 -2.84468e-13 
1705.72 1613.39 181.547 22.5835 0.00413525 -0.0366406 0.477959 -2.03494e-13 
1706.35 1611.08 183.856 22.5731 0.00416051 -0.0515692 0.475612 -1.44601e-13 
1706.97 1608.77 186.166 22.5639 0.00416523 -0.0617412 0.473265 -1.02349e-13 
1707.59 1606.46 188.476 22.5559 0.00416608 -0.0686675 0.470918 -7.21693e-14 
1708.22 1604.15 190.785 22.5488 0.00416622 -0.0733811 0.468571 -5.05344e-14 
1708.84 1601.84 193.095 22.5426 0.00416625 -0.0765869 0.466224 -3.52444e-14 
1709.47 1599.53 195.405 22.5372 0.00416625 -0.0787662 0.463878 -2.45879e-14 
1710.09 1597.22 197.714 22.5325 0.00416625 -0.0802467 0.461531 -1.69843e-14 
1710.71 1594.91 200.024 22.5283 0.00416626 -0.081252 0.459184 -1.16945e-14 
1711.34 1592.6 202.333 22.5247 0.00416626 -0.0819342 0.456837 -8.07011e-15 
1711.96 1590.3 204.643 22.5215 0.00416626 -0.0823968 0.45449 -5.44095e-15 
1712.58 1587.99 206.953 22.5187 0.00416626 -0.0827104 0.452143 -3.72748e-15 
1713.21 1585.68 209.262 22.5163 0.00416627 -0.0829228 0.449796 -2.50282e-15 
1713.83 1583.37 211.572 22.5141 0.00416627 -0.0830665 0.447449 -1.7178e-15 
1714.45 1581.06 213.881 22.5123 0.00416627 -0.0831637 0.445102 -1.15543e-15 
1715.08 1578.75 216.191 22.5106 0.00416628 -0.0832294 0.442755 -8.02441e-16 
1715.7 1576.44 218.501 22.5092 0.00416628 -0.0832737 0.440408 -4.78167e-16 
1716.32 1574.13 220.81 22.5079 0.00416628 -0.0833036 0.438061 -2.99163e-16 
1716.95 1571.82 223.12 22.5068 0.00416628 -0.0833237 0.435714 -3.20345e-16 
1717.57 1569.51 225.429 22.5058 0.00416629 -0.0833372 0.433367 -1.87355e-16 
1718.19 1567.2 227.739 22.505 0.00416629 -0.0833462 0.43102 2.28242e-18 
1718.82 1564.89 230.049 22.5042 0.00416629 -0.0833521 0.428673 -5.24206e-17 
1719.44 1562.58 232.358 22.5036 0.00416629 -0.0833558 0.426327 -6.37589e-17 
1720.06 1560.27 234.668 22.503 0.0041663 -0.0833579 0.42398 1.43314e-17 
1720.69 1557.96 236.978 22.5025 0.0041663 -0.0833587 0.421633 3.22654e-17 
1721.31 1555.65 239.287 22.5021 0.0041663 -0.0833583 0.419286 2.95348e-17 
1721.93 1553.34 241.597 22.5017 0.0041663 -0.0833566 0.416939 8.49983e-17 
1722.56 1551.03 243.906 22.5013 0.0041663 -0.0833533 0.414592 6.17931e-17 
1723.18 1548.72 246.216 22.501 0.00416631 -0.0833476 0.412245 5.68805e-17 
1723.8 1546.41 248.526 22.5008 0.00416631 -0.0833387 0.409898 9.25893e-17 
1724.42 1544.1 250.835 22.5006 0.00416631 -0.083325 0.407551 1.17425e-16 
1725.05 1541.79 253.145 22.5004 0.00416631 -0.0833039 0.405204 1.58477e-16 
1725.67 1539.48 255.454 22.5002 0.00416632 -0.0832719 0.402857 1.69191e-16 
1726.29 1537.17 257.764 22.5001 0.00416632 -0.0832234 0.40051 2.08149e-16 
1726.91 1534.86 260.074 22.4999 0.00416632 -0.0831503 0.398163 2.08794e-16 
1727.54 1532.55 262.383 22.4998 0.00416632 -0.0830404 0.395816 2.52089e-16 
1728.16 1530.25 264.693 22.4997 0.00416632 -0.0828752 0.393469 2.83174e-16 
1728.78 1527.94 267.002 22.4996 0.00416633 -0.0826277 0.391122 3.17686e-16 
1729.4 1525.63 269.312 22.4996 0.00416633 -0.0822574 0.388776 3.14948e-16 
1730.03 1523.32 271.622 22.4995 0.00416631 -0.0817042 0.386429 3.17402e-16 
1730.65 1521.01 273.931 22.4995 0.00416617 -0.080879 0.384082 2.96856e-16 
1731.27 1518.7 276.241 22.4995 0.00416532 -0.0796497 0.381735 2.86712e-16 
1731.89 1516.39 278.551 22.4994 0.00416058 -0.0778207 0.379388 2.29317e-16 
1732.51 1514.08 280.86 22.4994 0.00413522 -0.0751029 0.377041 1.62608e-16 
1733.14 1511.77 283.17 22.4994 0.00400368 -0.0710692 0.374694 9.41352e-17 
1733.76 1509.46 285.479 22.4994 0.00333614 -0.0650898 0.372347 2.7741e-17 
1734.38 1507.15 287.789 22.4994 4.26347e-06 -0.0562376 0.369 0 
1734.38 1507.15 287.789 22.4994 4.26347e-06 -0.0562376 0.369 0 
1690.11 1595.58 293.488 22.9654 0.419144 5.39555 -0.188388 0.0731199 
1643.99 2021.98 325.124 5 0.166282 6.24428 0.256832 -0.00124226 
1691.39 2500.93 342.87 5 0.166282 6.24597 0.256832 -0.00159285 
1741 2979.98 360.615 5 0.166282 6.24518 0.256832 -0.00176218 
1792.81 3458.98 378.361 5 0.166282 6.24189 0.256832 -0.00187863 
1846.83 3937.78 396.106 5 0.166282 6.23643 0.256832 -0.00200873 
1903.04 4416.24 413.852 5 0.166282 6.22855 0.256832 -0.00219369 
1961.47 4894.21 431.598 5 0.166282 6.21756 0.256832 -0.00247865 
2022.09 5371.5 449.343 5 0.166282 6.20225 0.256832 -0.0029274 
2084.92 5847.84 467.089 5 0.166282 6.18043 0.256832 -0.00364315 
2149.95 6322.83 484.835 5 0.166282 6.14778 0.256832 -0.00485906 
2217.19 6795.79 502.58 5 0.166282 6.0941 0.256832 -0.00750532 
2286.62 7265.42 520.326 5 0.166282 5.98832 0.256833 -0.0180914 
2358.26 7728.5 538.071 5 0.166282 5.67526 0.256832 -0.101799 
2432.08 8172.17 555.817 5 0.16627 3.91669 0.257017 -0.308143 
2508.03 8506.83 573.562 5 0.167969 -0.70016 0.227703 -0.0143437 
2585.94 8555.27 591.412 5 -0.101904 -1.58054 0.892775 0.00591197 
2666.36 8549.13 586.187 5 -0.10096 -1.52941 0.876487 0.00511649 
2746.14 8546.17 576.457 5 -0.100014 -1.46948 0.860182 0.000354655 
2824.71 8546.92 566.785 5 -0.0990685 -1.46272 0.843876 -0.000858636 
2902.08 8548.09 557.173 5 -0.0981225 -1.47933 0.827571 -0.000846605 
2978.25 8548.23 547.618 5 -0.0971765 -1.49731 0.811265 -0.000194158 
3053.23 8547.25 538.123 5 -0.0962304 -1.50008 0.794959 0.00143661 
3127.03 8546.1 528.686 5 -0.0952844 -1.46085 0.778653 0.000842813 
3199.66 8547.39 519.308 5 -0.0943384 -1.44558 0.762347 0.00368329 
3271.13 8549.62 509.989 5 -0.0933923 -1.38629 0.74604 0.0121169 
3341.44 8555.52 500.728 5 -0.0924462 -1.23226 0.729734 -0.0739793 
3410.6 8570.98 491.526 5 -0.0915016 -4.01424 0.713428 -0.0325126 
3478.49 8413.97 482.382 5 -0.0905563 -5.44778 0.697122 -0.00839947 
3545.16 8168.1 473.297 5 -0.0896105 -5.87881 0.680816 -0.00265705 
3610.69 7895.5 464.271 5 -0.0886646 -6.03788 0.66451 -0.00103116 
3675.08 7613.04 455.303 5 -0.0877186 -6.11257 0.648204 -0.000444428 
3738.36 7325.96 446.394 5 -0.0867726 -6.15411 0.631898 -0.000194763 
3800.53 7036.29 437.543 5 -0.0858266 -6.18012 0.615592 -7.63202e-05 
3861.59 6745.02 428.751 5 -0.0848805 -6.19785 0.599286 -1.66142e-05 
3921.56 6452.64 420.018 5 -0.0839345 -6.21068 0.582979 1.38033e-05 
3980.45 6159.48 411.344 5 -0.0829885 -6.22038 0.566673 2.84186e-05 
4038.25 5865.7 402.728 5 -0.0820425 -6.22794 0.550367 3.40637e-05 
4094.99 5571.46 394.171 5 -0.0810964 -6.23398 0.534061 3.4498e-05 
4150.66 5276.85 385.672 5 -0.0801504 -6.2389 0.517755 3.19304e-05 
4205.27 4981.93 377.232 5 -0.0792044 -6.24295 0.501449 2.77254e-05 
4258.83 4686.76 368.851 5 -0.0782583 -6.24633 0.485143 2.27546e-05 
4311.35 4391.38 360.528 5 -0.0773123 -6.24918 0.468837 1.75802e-05 
4362.84 4095.83 352.264 5 -0.0763663 -6.25163 0.45253 1.25549e-05 
4413.29 3800.12 344.059 5 -0.0754202 -6.25388 0.436224 7.90398e-06 
4462.73 3504.27 335.912 5 -0.0744742 -6.25629 0.419918 3.93695e-06 
4511.15 3208.27 327.824 5 -0.0735282 -6.25951 0.403612 2.203e-06 
4558.57 2912.08 319.795 5 -0.814669 -6.26008 0.387306 0.00021751 
4605.91 2615.84 265.82 40 -0.00810379 -3.47948 0.369 0 
4605.91 2615.84 265.82 40 -0.00810379 -3.47948 0.369 0 
4549.88 2576.09 260.414 30.9595 1.4 1.09294 -0.188388 -0.13386 
4509.9 2642.76 288.121 8.23957 -1.1619 -0.929403 -0.176774 -0.737191 
4514.73 2662.32 257.043 34.3233 -0.792534 -6.14171 0.403454 -0.00134712 
4469.2 2560.59 233.589 40 -0.494883 -6.17175 -0.0398654 0.000449728 
4411.85 2458.17 216.852 40 -0.494883 -6.16731 -0.0398656 0.000453015 
4353.72 2355.85 200.115 40 -0.494883 -6.16241 -0.0398657 0.000454735 
4294.8 2253.65 183.378 40 -0.494883 -6.15707 -0.0398659 0.000457769 
4235.11 2151.57 166.641 40 -0.494883 -6.15122 -0.0398662 0.000462421 
4174.63 2049.63 149.904 40 -0.494883 -6.14479 -0.0398665 0.000468955 
4113.38 1947.84 133.167 40 -0.494883 -6.13768 -0.0398667 0.000477683 
4051.34 1846.21 116.43 40 -0.494882 -6.12979 -0.0398772 0.000488598 
3988.53 1744.77 99.6927 40 -0.494917 -6.12098 -0.0392846 0.000497031 
3924.93 1643.53 82.9549 40 -0.492888 -6.11125 -0.0409395 -0.00135175 
3860.55 1542.52 66.2643 39.9658 -0.496664 -6.15545 -0.0374285 0.00172049 
3795.46 1440.48 49.4871 40 -0.495698 -6.10595 -0.0258163 0.0018731 
3729.53 1339.59 32.731 40 -0.446839 -6.04843 -0.014204 0.000132994 
3662.79 1240.04 17.1123 40 -0.35895 -6.04793 -0.00259178 0.000103962 
3595.28 1140.51 3.53943 40 -0.233102 -6.04824 0.00902046 9.72749e-05 
3527.07 1040.96 0.00103301 39.6279 -0.0703378 -6.04858 0.0206327 0.00035637 
3459.33 941.409 0.00103301 38.9345 0.0462742 -6.03778 0.0322449 0.000193779 
3392.82 842.107 0.00103301 38.7516 0.0471683 -6.03325 0.0438572 7.16983e-05 
3326.65 742.91 0.00103301 38.5686 0.0480617 -6.03398 0.0554694 5.61569e-05 
3260.82 643.695 0.00103301 38.3856 0.048955 -6.03525 0.0670817 6.84105e-05 
3195.34 544.451 0.00103301 38.2026 0.0498484 -6.03562 0.0786939 7.10978e-05 
3130.19 445.198 0.00103301 38.0197 0.0507418 -6.03553 0.0903062 6.59795e-05 
3065.39 345.946 0.00103301 37.8367 0.0516356 -6.03542 0.101918 0.000177157 
3000.92 246.697 0.00105916 37.6537 0.0525299 -6.02709 0.113531 0.000378046 
2936.8 147.642 5.40659 37.4708 0.0534238 -6.00217 0.125143 0.000474971 
2873.27 49.1663 10.8398 37.2878 0.0543174 -5.96628 0.136755 0.000512037 
2810.34 -48.4742 16.3007 37.1048 0.0552118 -5.92289 0.148367 0.000562372 
2748 -145.105 21.7892 36.9218 0.0561077 -5.86926 0.15998 0.000663182 
2686.26 -240.488 27.3053 36.7388 0.0570015 -5.79762 0.171592 0.000830368 
2625.12 -334.203 32.8492 36.5558 0.0578848 -5.69559 0.183204 0.00114346 
2564.58 -425.544 38.4204 36.373 0.0587586 -5.53424 0.194816 0.00239381 
2504.64 -513.129 44.0187 36.1905 0.059665 -5.14123 0.206429 0.00771968 
2445.32 -591.567 49.645 36.0077 0.0606754 -3.82012 0.218041 0.0160194 
2386.62 -639.253 55.3016 35.8228 0.0617219 -1.27435 0.229653 0.0173248 
2328.57 -627.682 60.9895 35.6355 0.0623433 1.57806 0.241265 0.01108 
2271.19 -549.716 66.6988 35.4538 0.0620232 4.02159 0.252878 0.00333819 
2214.47 -414.872 72.4075 35.2933 0.0619998 5.34143 0.26449 0.000522946 
2158.33 -249.307 78.1216 35.1457 0.0669691 5.52523 0.276102 0.000338122 
2102.73 -79.463 83.9568 34.9206 0.0796236 5.6836 0.287714 -4.39893e-05 
2047.83 94.0666 90.0951 34.4935 0.0826541 5.81656 0.299327 -1.93879e-05 
1994.01 270.69 96.3198 34.0657 0.0318087 5.87708 0.310939 2.40598e-05 
1941.3 448.722 101.377 34.5912 -0.071615 5.91949 0.322551 1.40003e-05 
1887.9 627.742 104.007 36.8567 -0.0159401 5.88159 0.334163 -0.00176096 
1830.36 805.883 107.849 37.7806 0.578131 2.51799 0.345776 -0.0045088 
1770.95 905.732 125.484 28.0319 1.4 -1.90008 0.357388 2.06716e-05 
1730.07 902.727 162.613 5.09802 0.0899994 -1.21974 0.369 0 
1730.07 902.727 162.613 5.09802 0.0899994 -1.21974 0.369 0 
1757.02 915.282 169.895 5 -0.704509 -3.36108 1.15369 1.01946 
1785.52 837.78 143.77 25.3386 0.604695 1.14285 -0.176776 0.99298 
1742.32 949.75 171.333 5 0.103878 5.58099 0.501812 0.14492 
1770.56 1248.31 179.206 5 0.103879 6.23388 0.501812 -0.00339027 
1799.48 1574.34 187.078 5 0.103879 6.23185 0.501812 -0.0034693 
1829.06 1900.27 194.95 5 0.103879 6.22911 0.501812 -0.00345644 
1859.31 2226.1 202.822 5 0.103879 6.22606 0.501812 -0.00345239 
1890.22 2551.79 210.695 5 0.103879 6.22263 0.501813 -0.00346017 
1921.79 2877.34 218.567 5 0.103879 6.21873 0.501813 -0.00348191 
1954.03 3202.72 226.439 5 0.103879 6.21426 0.501813 -0.00352147 
1986.93 3527.92 234.312 5 0.103879 6.20909 0.501813 -0.00358512 
2020.49 3852.9 242.184 5 0.103879 6.20302 0.501813 -0.0036825 
2054.71 4177.62 250.056 5 0.103879 6.19582 0.501813 -0.0038287 
2089.6 4502.05 257.928 5 0.103879 6.1871 0.501813 -0.00404983 
2125.16 4826.1 265.801 5 0.103879 6.17633 0.501813 -0.00438865 
2161.37 5149.7 273.673 5 0.103879 6.16267 0.501813 -0.00481701 
2198.25 5472.73 281.545 5 0.103879 6.14515 0.501813 -0.00499569 
2235.79 5795.02 289.418 5 0.103879 6.12264 0.501813 -0.00740121 
2273.99 6116.36 297.29 5 0.103879 6.08109 0.501813 -0.0161061 
2312.86 6435.96 305.162 5 0.103879 6.04877 0.501813 0.000867049 
2352.38 6754.2 313.034 5 0.103878 6.01771 0.501814 -0.244973 
2392.57 7071.13 320.907 5 0.103878 4.32032 0.501814 -0.390525 
2433.37 7316.68 328.779 5 0.103876 1.7593 0.501813 -0.410307 
2474.74 7454.52 336.651 5 0.103862 -0.967631 0.502039 -0.37404 
2516.69 7477.67 344.523 5 0.105261 -3.56631 0.47788 -0.262632 
2559.21 7391.54 352.453 5 -0.0452001 -5.60491 0.746008 -0.0364427 
2602.46 7219.67 349.891 5 -0.0442574 -6.13378 0.729728 -0.000732135 
2645.47 7025.56 347.216 5 -0.0433117 -6.04816 0.713425 -0.00558257 
2688.26 6835.05 344.582 5 -0.0423658 -6.10305 0.69712 -0.000802942 
2730.83 6642.24 341.987 5 -0.0414198 -6.13497 0.680814 -0.000624726 
2773.17 6448.08 339.432 5 -0.0404738 -6.15537 0.664509 -0.000480212 
2815.3 6253.06 336.917 5 -0.0395279 -6.17086 0.648203 -0.000250111 
2857.21 6057.39 334.442 5 -0.0385818 -6.18286 0.631897 -9.26073e-05 
2898.92 5861.22 332.006 5 -0.0376358 -6.19239 0.615591 7.42996e-07 
2940.42 5664.64 329.611 5 -0.0366898 -6.20018 0.599285 5.42619e-05 
2981.71 5467.74 327.255 5 -0.0357438 -6.20668 0.582979 8.29722e-05 
3022.81 5270.56 324.939 5 -0.0347978 -6.21219 0.566673 9.56355e-05 
3063.71 5073.16 322.662 5 -0.0338517 -6.21693 0.550367 9.77232e-05 
3104.41 4875.55 320.426 5 -0.0329057 -6.22104 0.534061 9.29184e-05 
3144.93 4677.77 318.229 5 -0.0319597 -6.22465 0.517755 8.39664e-05 
3185.26 4479.84 316.072 5 -0.038484 -6.22782 0.501448 0.000154859 
3225.42 4281.77 313.64 5.23902 -0.0402061 -6.22488 0.485143 5.8151e-07 
3264.57 4083.83 311.12 5.49791 -0.042539 -6.23268 0.468837 3.87187e-05 
3302.63 3885.57 308.485 5.79076 -0.0440395 -6.23583 0.452531 3.43735e-05 
3339.48 3687.17 305.766 6.08163 -0.0312185 -6.23772 0.436224 2.2421e-05 
3375.12 3488.69 303.568 5.91283 -0.0055729 -6.23955 0.419918 6.66995e-06 
3411.12 3290.13 302.459 5 -0.150876 -6.24426 0.403612 1.52811e-05 
3450.22 3091.38 295.301 9.01675 -1.02714 -6.23835 0.387306 0.000422461 
3475.92 2892.88 251.02 40 -0.0899997 -5.07978 0.369 0 
3475.92 2892.88 251.02 40 -0.0899997 -5.07978 0.369 0 
3430.39 2845.78 279.762 24.594 -7.92648e-05 0.0698278 0.482653 -2.36128e-15 
3384.87 2798.69 307.364 22.7296 5.73071e-08 0.159256 0.480306 1.09652e-16 
3339.34 2751.59 333.816 22.5252 1.27283e-07 0.160789 0.477959 -3.19448e-17 
3293.81 2704.5 359.102 22.5028 1.27347e-07 0.160815 0.475612 -7.94162e-18 
3248.28 2657.4 383.201 22.5004 1.27349e-07 0.160816 0.473265 1.90001e-19 
3202.76 2610.31 406.087 22.5001 1.27352e-07 0.160816 0.470918 2.37491e-17 
3157.23 2563.21 427.733 22.5001 1.27354e-07 0.160816 0.468571 -4.78189e-17 
3111.7 2516.12 448.105 22.5001 1.27356e-07 0.160816 0.466224 -2.32516e-17 
3066.18 2469.02 467.167 22.5001 1.27358e-07 0.160816 0.463878 4.02996e-17 
3020.65 2421.93 484.884 22.5001 1.2736e-07 0.160816 0.461531 2.94843e-17 
2975.12 2374.83 501.215 22.5001 1.27361e-07 0.160816 0.459184 4.9092e-17 
2929.6 2327.74 516.121 22.5001 1.27363e-07 0.160816 0.456837 -5.60206e-18 
2884.07 2280.64 529.561 22.5001 1.27365e-07 0.160816 0.45449 -1.01594e-17 
2838.54 2233.55 541.494 22.5001 1.27366e-07 0.160816 0.452143 6.23622e-17 
2793.02 2186.45 551.883 22.5001 1.27368e-07 0.160816 0.449796 4.93887e-17 
2747.49 2139.36 560.691 22.5001 1.27369e-07 0.160816 0.447449 -1.21021e-17 
2701.96 2092.26 567.885 22.5001 1.27371e-07 0.160816 0.445102 5.05718e-17 
2656.44 2045.16 573.437 22.5001 1.27373e-07 0.160816 0.442755 2.45802e-17 
2610.91 1998.07 577.324 22.5001 1.27374e-07 0.160816 0.440408 1.84879e-17 
2565.39 1950.97 579.529 22.5001 1.27376e-07 0.160816 0.438061 -5.08697e-17 
2519.86 1903.88 580.043 22.5001 1.27377e-07 0.160816 0.435714 1.64455e-17 
2474.33 1856.78 578.863 22.5001 1.27379e-07 0.160816 0.433367 -4.22499e-17 
2428.81 1809.69 575.995 22.5001 1.2738e-07 0.160816 0.43102 1.97545e-17 
2383.28 1762.59 571.451 22.5001 1.27382e-07 0.160816 0.428673 1.28739e-17 
2337.75 1715.5 565.25 22.5001 1.27383e-07 0.160816 0.426327 -1.04113e-18 
2292.23 1668.4 557.417 22.5001 1.27385e-07 0.160816 0.42398 6.4159e-18 
2246.7 1621.31 547.983 22.5001 1.27386e-07 0.160816 0.421633 -2.55925e-17 
2201.17 1574.21 536.982 22.5001 1.27388e-07 0.160816 0.419286 4.28393e-19 
2155.65 1527.12 524.452 22.5001 1.2739e-07 0.160816 0.416939 1.07589e-17 
2110.12 1480.02 510.43 22.5001 1.27391e-07 0.160816 0.414592 1.64188e-17 
2064.6 1432.93 494.959 22.5001 1.27393e-07 0.160816 0.412245 7.88342e-18 
2019.07 1385.83 478.078 22.5001 1.27395e-07 0.160816 0.409898 3.07986e-17 
1973.54 1338.73 459.828 22.5001 1.27397e-07 0.160816 0.407551 -7.30344e-18 
1928.02 1291.64 440.245 22.5001 1.27399e-07 0.160816 0.405204 1.25843e-17 
1882.49 1244.54 419.369 22.5001 1.27401e-07 0.160816 0.402857 -1.84504e-17 
1836.96 1197.45 397.231 22.5001 1.27403e-07 0.160816 0.40051 -1.24968e-17 
1791.44 1150.35 373.864 22.5001 1.27406e-07 0.160816 0.398163 5.83145e-18 
1745.91 1103.26 349.296 22.5001 1.27408e-07 0.160816 0.395816 5.09892e-18 
1700.38 1056.16 323.549 22.5001 1.27411e-07 0.160816 0.393469 -1.07649e-17 
1654.85 1009.07 296.643 22.5001 1.27414e-07 0.160816 0.391122 -1.1328e-17 
1609.33 961.972 268.592 22.5001 1.27418e-07 0.160816 0.388776 5.48025e-19 
1563.8 914.877 239.402 22.5001 1.27422e-07 0.160816 0.386429 7.40814e-18 
1518.27 867.782 209.072 22.5001 1.27426e-07 0.160816 0.384082 -1.18055e-17 
1472.75 820.687 177.587 22.5001 1.27432e-07 0.160816 0.381735 2.42208e-18 
1427.22 773.591 144.917 22.5001 1.27438e-07 0.160816 0.379388 -7.20636e-18 
1381.69 726.496 111.006 22.5001 1.27447e-07 0.160815 0.377041 -6.1112e-18 
1336.16 679.401 75.7488 22.5001 1.2746e-07 0.160769 0.374694 -1.03245e-18 
1290.64 632.305 38.9339 22.5001 1.27372e-07 0.158106 0.372347 3.75872e-18 
1245.11 585.21 0.00265693 22.5 1.12374e-10 0.00276225 0.369 0 
