grtopS_42_1
50
2 2
6 6 
0 1 4 2 3 6 
0 1 4 2 3 6 
1248.27 78.1075 64.7628 26.4276 117.958 
102383 79.0812 77.5271 6.8414 0 
25.4749 1.59403 1.32169 0.539339 2.40731 
2089.45 1.6139 1.58219 0.13962 0 
1.37475e-09 0.862482 0 0.23486 1.54668 
1.45447e-06 0.30268 1.45444e-06 0.0992671 9.11941 
152.3 600 522.5 29.8723 0.739143 0 0.0543888 0 
152.3 600 522.5 29.8723 0.739143 5.64281e-10 0.0556822 -0.027368 
152.3 600 522.5 29.857 0.886129 -0.22888 0.0498756 0.0405623 
23.5762 524.361 604.904 5.0006 1.12886 -0.0610451 0.122131 0.0781332 
41.7245 -143.689 397.255 31.1525 0.71285 0.137964 0.0508802 -0.00437869 
39.5513 -106.107 404.438 29.6804 0.735637 0.132002 0.0548995 0.000192801 
38.5999 -107.922 399.173 29.83 0.73268 0.137703 0.0545065 -0.000317149 
37.502 -105.405 394.812 29.885 0.731924 0.142587 0.0543448 -0.000474801 
36.3732 -101.466 390.969 29.8177 0.732709 0.147034 0.0545281 -0.000283115 
35.2981 -99.1956 386.413 29.8272 0.732193 0.152169 0.0545062 -0.000337364 
34.2094 -96.4809 381.731 29.8459 0.731718 0.157452 0.0544526 -0.000405382 
33.1099 -93.1719 377.102 29.8291 0.73171 0.162719 0.054499 -0.000369068 
32.0246 -90.1739 372.18 29.8297 0.731514 0.1683 0.0544938 -0.000380662 
30.9439 -87.0647 367.159 29.8113 0.731485 0.174013 0.0545454 -0.000342407 
29.8776 -84.2866 361.806 29.8161 0.731209 0.180078 0.0545277 -0.000368615 
28.8137 -81.2768 356.38 29.7956 0.731109 0.186246 0.0545883 -0.000331751 
27.7632 -78.6014 350.546 29.8156 0.73062 0.19284 0.054528 -0.000402426 
26.7055 -75.2988 344.78 29.7851 0.730708 0.199413 0.0546138 -0.00033163 
25.6723 -72.616 338.54 29.7957 0.730306 0.206475 0.0545803 -0.000377022 
24.6366 -69.5279 332.256 29.7721 0.730263 0.213625 0.0546468 -0.000329545 
23.6204 -66.863 325.542 29.7814 0.72982 0.221223 0.0546185 -0.000375297 
22.6012 -63.7951 318.738 29.764 0.729716 0.228956 0.0546652 -0.000343907 
21.5978 -61.0008 311.579 29.7606 0.729392 0.237071 0.0546736 -0.000356 
20.599 -58.1049 304.177 29.7538 0.729113 0.245464 0.054691 -0.000357671 
19.6068 -55.1946 296.503 29.7456 0.72885 0.254168 0.0547118 -0.000355203 
18.622 -52.3039 288.539 29.7357 0.72859 0.263199 0.0547374 -0.000349116 
17.6445 -49.4656 280.26 29.7271 0.728294 0.272585 0.0547593 -0.00034797 
16.6727 -46.6369 271.667 29.7178 0.727993 0.282325 0.0547834 -0.000345454 
15.7064 -43.83 262.745 29.7085 0.727674 0.292437 0.0548072 -0.000344159 
14.7447 -41.0345 253.483 29.6988 0.727341 0.302932 0.054832 -0.000342926 
13.7872 -38.2502 243.869 29.6891 0.726992 0.313825 0.0548571 -0.000342404 
12.833 -35.4711 233.891 29.6789 0.726629 0.32513 0.0548831 -0.000341996 
11.8817 -32.6964 223.534 29.6685 0.726251 0.336862 0.0549099 -0.000341811 
10.9326 -29.9244 212.786 29.6577 0.725857 0.349036 0.0549376 -0.000341853 
9.98504 -27.1533 201.631 29.6467 0.725445 0.361669 0.0549658 -0.00034239 
9.03827 -24.379 190.055 29.6352 0.725019 0.374777 0.0549954 -0.000342841 
8.09163 -21.6027 178.042 29.6235 0.724573 0.388379 0.0550254 -0.000343844 
7.14416 -18.8186 165.578 29.6111 0.724113 0.402492 0.0550572 -0.000344624 
6.19567 -16.0308 152.642 29.5986 0.72363 0.417136 0.0550892 -0.00034623 
5.24462 -13.2308 139.22 29.5856 0.723128 0.43233 0.0551226 -0.000348106 
4.29057 -10.4177 125.293 29.5723 0.722611 0.448093 0.0551554 -0.000351145 
3.33231 -7.59033 110.847 29.5574 0.721956 0.464434 0.0551997 -0.000360627 
2.3638 -4.70792 95.7777 29.5668 0.721211 0.481458 0.0551621 -0.000420317 
1.3724 -1.26609 80.4509 29.5158 0.720824 0.498851 0.0552894 -0.000401976 
0.402118 1.4126 64.03 29.5718 0.716608 0.51685 0.0551942 -0.00135697 
-0.90379 7.30768 46.1995 30.0154 0.706209 0.531777 0.0539171 -0.00355052 
-5.16991 26.885 30.1328 30.4991 0.679968 0.540486 0.0535049 -0.00533581 
-14.7706 69.0207 7.60811 33.8379 0.661713 0.564862 0.0443328 -0.00927567 
-25.0074 183.375 32.1148 27.2249 0.886968 0.577575 0.0482179 -0.0205248 
-12.4866 57.7513 69.8208 5.00031 0.0899664 0.233557 0.0533888 0 
-12.4866 57.7513 69.8208 5.00031 0.0899664 0.233557 0.0533888 0 
0.28117 92.7512 73.1089 5.4462 -1.4 -0.627491 1.15369 -1.02859 
13.0485 110.625 46.7481 25.6897 0.497654 -2.61999 -0.176776 -1.00718 
-8.28347 88.8962 57.4853 17.4869 0.850354 -4.59059 -0.165163 0.910975 
-16.2862 27.9622 75.4991 5 0.0903334 -3.19402 0.554968 0.964367 
-3.3461 -5.21064 78.7946 5 0.0903345 -1.27263 0.554968 -0.0011573 
9.75577 -0.168089 82.09 5 0.0903343 -1.51866 0.554968 7.15065e-05 
22.9851 -0.0188521 85.3854 5 0.0903343 -1.52666 0.554968 5.78058e-06 
36.3456 -0.0288348 88.6808 5 0.0903343 -1.5267 0.554968 -2.14152e-05 
49.8374 -0.039576 91.9763 5 0.0903343 -1.5267 0.554968 -4.84293e-05 
63.4605 -0.0503481 95.2717 5 0.0903343 -1.5267 0.554968 -3.73406e-05 
77.215 -0.0611288 98.5671 5 0.0903343 -1.52671 0.554968 1.14708e-05 
91.1008 -0.0721228 101.863 5 0.0903343 -1.52672 0.554968 6.95023e-05 
105.118 -0.0832438 105.158 5 0.0903343 -1.52672 0.554968 7.17812e-05 
119.266 -0.0944617 108.453 5 0.0903343 -1.52672 0.554968 0.000101564 
133.546 -0.105586 111.749 5 0.0903343 -1.52675 0.554968 0.000174562 
147.957 -0.117226 115.044 5 0.0903343 -1.52675 0.554968 -6.18079e-05 
162.5 -0.128941 118.34 5 0.0903343 -1.52674 0.554968 8.73318e-05 
177.173 -0.140459 121.635 5 0.0903343 -1.52677 0.554968 0.000107987 
191.979 -0.152584 124.931 5 0.0903343 -1.52674 0.554968 3.31301e-05 
206.915 -0.164045 128.226 5 0.0903343 -1.52676 0.554968 0.00012026 
221.983 -0.175885 131.521 5 0.0903343 -1.52676 0.554968 3.18123e-05 
237.182 -0.187876 134.817 5 0.0903343 -1.52677 0.554968 -2.24105e-05 
252.512 -0.200024 138.112 5 0.0903343 -1.52678 0.554968 -4.22747e-06 
267.974 -0.212295 141.408 5 0.0903343 -1.52677 0.554968 -1.53429e-05 
283.567 -0.224365 144.703 5 0.0903343 -1.52685 0.554968 4.25215e-07 
299.291 -0.238072 147.999 5 0.0903343 -1.52678 0.554968 3.26069e-05 
315.147 -0.250363 151.294 5 0.0903343 -1.52681 0.554968 -4.27605e-06 
331.134 -0.263193 154.589 5 0.0903343 -1.52678 0.554968 4.97236e-07 
347.252 -0.275534 157.885 5 0.0903343 -1.52697 0.554968 3.02952e-05 
363.502 -0.291585 161.18 5 0.0903343 -1.52667 0.554968 -8.60053e-06 
379.883 -0.301742 164.476 5 0.0903343 -1.52687 0.554968 -1.77246e-06 
396.395 -0.315808 167.771 5 0.0903343 -1.52677 0.554968 1.03098e-05 
413.039 -0.327943 171.067 5 0.0903343 -1.52685 0.554968 1.32487e-05 
429.814 -0.341735 174.362 5 0.0903344 -1.52682 0.554968 -1.13509e-06 
446.72 -0.354838 177.657 5 0.0903328 -1.52679 0.554995 2.20888e-06 
463.758 -0.367423 180.953 5 0.0904119 -1.48348 0.553632 0.000351273 
480.927 0.481433 184.25 5 0.0864402 -1.4006 0.550353 -0.257898 
498.231 2.97879 187.468 5.06298 0.0728221 -2.54648 0.550367 -0.217765 
515.55 -17.3147 190.413 5.32384 0.0714318 -3.21271 0.534061 0.215082 
532.561 -50.859 193.322 5.58624 0.0707853 -2.11509 0.517755 0.193673 
549.287 -62.5718 196.21 5.83874 0.0711553 -1.04012 0.501449 0.172265 
565.742 -52.9037 199.097 6.06724 0.0706518 0.0121615 0.485143 0.150857 
581.966 -22.3058 201.967 6.28806 0.0647729 1.04175 0.468837 0.129449 
597.97 28.7703 204.713 6.58355 0.0521992 2.04862 0.452531 0.108041 
613.634 99.8731 207.2 7.04533 0.0471553 3.03277 0.436224 0.0866327 
628.679 191.614 209.571 7.5379 0.0807973 3.99416 0.419918 0.0652245 
643.035 303.139 212.596 7.47188 0.15802 4.93278 0.403612 0.0438163 
657.6 433.332 217.159 6.26021 0.172552 5.84861 0.387306 -0.00240005 
674.288 581.74 222.049 5 -0.09 5.09648 0.369 0 
674.288 581.74 222.049 5 -0.09 5.09648 0.369 0 
684.283 691.672 221.092 6.68289 -1.25969 5.10089 1.15369 -1.02859 
692.408 801.677 200.801 22.2895 -0.210895 4.16772 -0.146996 -1.00718 
678.882 896.311 197.394 24.0067 0.0518923 3.25342 -0.165163 -0.985776 
662.875 975.868 198.275 22.2556 0.533109 2.35803 -0.153551 -0.964367 
649.041 1040.66 207.138 14.6465 0.759989 1.48155 -0.141939 -0.942959 
645.468 1090.98 219.944 5 -0.177698 0.623992 0.508966 -0.921551 
655.364 1127.16 217.541 7.6813 -1.00092 -0.21459 1.05585 -0.900143 
661.898 1149.51 201.491 20.0051 -0.0421915 -1.03419 -0.107102 -0.878735 
651.289 1158.35 200.926 19.8221 -0.0412983 -1.83484 -0.0954898 -0.857327 
640.892 1153.99 200.381 19.6392 -0.0404052 -2.61651 -0.0838776 -0.835918 
630.709 1136.74 199.855 19.4562 -0.0395121 -3.37918 -0.0722653 -0.81451 
620.74 1106.91 199.349 19.2732 -0.038619 -4.12284 -0.0606531 -0.793102 
610.986 1064.82 198.862 19.0903 -0.037726 -4.84747 -0.0490408 -0.771694 
601.447 1010.77 198.395 18.9073 -0.0368329 -5.55307 -0.0374286 -0.750286 
592.126 945.094 197.948 18.7243 -0.0359396 -6.23963 -0.0258163 -0.0409066 
583.022 868.092 197.52 18.5413 -0.0350461 -6.28 -0.0142041 0.00341464 
574.145 790.424 197.112 18.3584 -0.0341526 -6.28 -0.00259184 0.00341467 
565.496 712.756 196.723 18.1754 -0.0332592 -6.28 0.00902041 0.00341469 
557.076 635.087 196.354 17.9924 -0.0323658 -6.28 0.0206327 0.00341472 
548.884 557.419 196.004 17.8095 -0.0314723 -6.28 0.0322449 0.00341475 
540.923 479.75 195.674 17.6265 -0.0305784 -6.28 0.0438571 0.406672 
533.193 402.081 195.363 17.4435 -0.0296843 -5.91241 0.0554694 0.57902 
525.698 330.474 195.072 17.2605 -0.0287907 -5.38748 0.0670816 0.557612 
518.443 267.523 194.801 17.0776 -0.0278983 -4.88171 0.0786939 0.536204 
511.426 212.913 194.549 16.8946 -0.0270068 -4.39513 0.0903061 0.514796 
504.649 166.328 194.317 16.7117 -0.0261132 -3.92773 0.101918 0.493388 
498.112 127.45 194.104 16.5287 -0.0252136 -3.47954 0.113531 0.47198 
491.815 95.9631 193.911 16.3457 -0.0243083 -3.05058 0.125143 0.450571 
485.759 71.5504 193.738 16.1626 -0.0234094 -2.64084 0.136755 0.429163 
479.944 53.8947 193.585 15.9794 -0.0225391 -2.25034 0.148367 0.407755 
474.372 42.6785 193.45 15.7965 -0.0217039 -1.87911 0.15998 0.386347 
469.041 37.5845 193.335 15.6143 -0.0208532 -1.52714 0.171592 0.364939 
463.951 38.2946 193.238 15.4326 -0.0198745 -1.19445 0.183204 0.343531 
459.102 44.4911 193.162 15.2497 -0.0186995 -0.881057 0.194816 0.322122 
454.496 55.8556 193.11 15.0633 -0.01752 -0.586973 0.206429 0.300714 
450.139 72.0698 193.083 14.8736 -0.0168887 -0.312208 0.218041 0.279306 
446.034 92.8151 193.071 14.688 -0.0172967 -0.0567764 0.229653 0.257898 
442.178 117.773 193.057 14.5189 -0.0180975 0.17931 0.241265 0.23649 
438.548 146.623 193.034 14.3697 -0.016687 0.396037 0.252878 0.215082 
435.117 179.048 193.039 14.2103 -0.0100211 0.593393 0.26449 0.193673 
431.897 214.727 193.158 13.976 0.000219116 0.771365 0.276102 0.172265 
428.99 253.341 193.452 13.6299 0.00225315 0.92994 0.287714 0.150857 
426.551 294.57 193.788 13.287 -0.0212177 1.0691 0.299327 0.129449 
424.585 338.093 193.747 13.267 -0.0691943 1.18885 0.310939 0.108041 
422.663 383.591 192.915 13.8427 -0.0907577 1.28916 0.322551 0.0866327 
419.96 430.744 191.712 14.6186 0.00663465 1.37002 0.334163 0.0652245 
416.162 479.231 192.095 14.0807 0.251951 1.43142 0.345776 0.0438163 
413.007 528.731 196.537 10.5142 0.437065 1.47333 0.357388 0.0224041 
414.65 578.917 204.127 5 0.09 1.49575 0.369 0 
414.65 578.917 204.127 5 0.09 1.49575 0.369 0 
418.45 599.31 205.183 5 -0.623598 1.26172 -0.166419 -1.02859 
422.359 618.128 201.436 8.8126 -1.4 0.645018 0.358079 -1.00718 
424.264 632.798 192.424 16.2773 -1.4 0.0361262 1.00236 -0.985775 
422.018 643.373 183.331 23.2233 -0.276538 -0.564967 -0.153474 -0.964367 
415.749 649.907 181.723 24.4559 -0.0876555 -1.15827 -0.141934 -0.942959 
408.766 652.448 181.374 24.6639 -0.0730511 -1.74377 -0.130325 -0.92155 
401.66 651.049 181.12 24.3152 -0.0336344 -2.32147 -0.118713 -0.900142 
394.731 645.762 181.136 23.7767 -0.00509407 -2.89136 -0.107101 -0.878734 
388.086 636.639 181.349 23.5815 0.000564309 -3.45344 -0.0954889 -0.857326 
381.545 623.735 181.602 23.3625 0.00540455 -4.00771 -0.0838766 -0.835917 
375.121 607.1 181.891 23.1248 0.00791472 -4.55417 -0.0722643 -0.814508 
368.827 586.787 182.199 22.8813 0.00692658 -5.09281 -0.0606519 -0.793099 
362.665 562.849 182.503 22.6501 0.00209336 -5.62363 -0.0490394 -0.771689 
356.63 535.34 182.776 22.4503 -0.00577083 -6.14663 -0.0374269 0.273077 
350.705 504.31 182.999 22.2961 -0.0146379 -6.28 -0.0258145 0.395702 
344.866 472.383 183.164 22.1905 -0.0215946 -6.28 -0.0142022 0.395881 
339.087 440.456 183.284 22.1218 -0.0235511 -6.28 -0.00259014 0.398175 
333.347 408.529 183.391 22.0627 -0.0182017 -6.27972 0.00902194 0.664646 
327.64 376.604 183.534 21.9753 -0.00499374 -5.7989 0.0206341 0.643242 
321.983 347.914 183.768 21.8207 0.0142099 -5.32591 0.0322462 0.621835 
316.412 322.407 184.132 21.5711 0.0350752 -4.86076 0.0438584 0.600427 
310.98 300.031 184.64 21.2221 0.0515336 -4.40345 0.0554707 0.579019 
305.744 280.732 185.261 20.8008 0.0572876 -3.95398 0.067083 0.557611 
300.745 264.457 185.927 20.365 0.0478061 -3.51234 0.0786953 0.536203 
295.993 251.155 186.533 19.9934 0.0222902 -3.07856 0.0903077 0.514795 
291.456 240.771 186.971 19.7653 -0.0150396 -2.65261 0.10192 0.493387 
287.054 233.254 187.161 19.7349 -0.0549421 -2.23452 0.113532 0.471979 
282.68 228.55 187.082 19.9067 -0.0847945 -1.82428 0.125145 0.450571 
278.218 226.607 186.801 20.2203 -0.0917873 -1.42188 0.136757 0.429163 
273.586 227.373 186.469 20.5526 -0.0670581 -1.02735 0.148369 0.407754 
268.769 230.793 186.3 20.7402 -0.00967282 -0.640667 0.159981 0.386346 
263.844 236.816 186.516 20.6223 0.0708889 -0.261847 0.171593 0.364938 
258.976 245.388 187.274 20.0937 0.154968 0.109111 0.183206 0.34353 
254.393 256.926 188.604 19.1543 0.216351 0.472206 0.194818 0.322122 
250.329 270.907 190.358 17.9384 0.229033 0.827434 0.20643 0.300714 
246.945 287.278 192.21 16.7074 0.17577 1.17479 0.218043 0.279305 
244.258 305.986 193.716 15.7997 0.0561271 1.51429 0.229655 0.257897 
242.099 326.978 194.428 15.5409 -0.108763 1.84591 0.241267 0.236489 
240.113 350.202 194.032 16.1342 -0.277172 2.16966 0.252879 0.215081 
237.826 375.605 192.497 17.5603 -0.394747 2.48553 0.264492 0.193672 
234.767 403.134 190.155 19.5224 -0.408801 2.79353 0.276104 0.172264 
230.622 432.736 187.698 21.467 -0.285985 3.09365 0.287716 0.150856 
225.381 464.36 186.045 22.694 -0.0285053 3.38588 0.299329 0.129447 
219.422 497.95 186.113 22.5455 0.316827 3.67023 0.310941 0.108039 
213.5 533.454 188.506 20.6319 0.661623 3.94669 0.322553 0.0866303 
208.596 570.817 193.24 17.0335 0.893364 4.21525 0.334165 0.065221 
205.667 609.987 199.572 12.403 0.905535 4.47592 0.345778 0.0438094 
205.32 650.908 206.036 7.9098 0.634078 4.72869 0.35739 0.0152595 
207.521 693.529 210.722 5.00001 0.0899975 4.96724 0.369 0 
207.521 693.529 210.722 5.00001 0.0899975 4.96724 0.369 0 
227.161 888.328 212.839 5 -0.500146 3.42843 1.15369 -1.02859 
247.246 1036.91 197.231 14.851 0.316612 0.180056 0.481482 -1.00716 
242.114 1087.93 205.681 5 -0.067189 -3.03666 1.12108 -0.93159 
261.354 1042.32 203.077 5 -0.0662445 -6.03269 1.10478 -0.0926246 
280.364 906.708 200.501 5 -0.0652981 -5.40643 1.08847 0.139101 
299.234 789.911 197.954 5 -0.0643518 -4.91764 1.07216 0.227862 
317.962 687.796 195.435 5 -0.0634058 -4.90066 1.05586 0.277323 
336.539 586.192 192.945 5 -0.0624598 -4.9005 1.03955 0.200755 
354.964 484.592 190.483 5 -0.0615137 -4.90066 1.02324 0.272145 
373.241 382.987 188.049 5 -0.0605677 -4.90055 1.00694 0.264659 
391.371 281.386 185.644 5 -0.0596217 -4.90066 0.990633 0.249714 
409.356 179.781 183.267 5 -0.0586756 -4.9011 0.974327 0.383378 
427.197 78.1631 180.919 5 -0.0577291 -3.9729 0.95802 0.55746 
444.918 4.42586 178.599 5 -0.0567822 -2.21031 0.941714 0.296494 
462.541 -16.3683 176.308 5 -0.0558355 -0.98738 0.925408 -0.0747358 
480.056 -0.429024 174.045 5 -0.0548897 -1.51671 0.909102 -0.000216849 
497.42 -0.389436 171.81 5 -0.0539437 -1.51858 0.892796 7.30691e-06 
514.65 -0.405954 169.604 5 -0.0529977 -1.51848 0.87649 -1.32925e-05 
531.746 -0.419263 167.427 5 -0.0520516 -1.51849 0.860184 -1.76924e-05 
548.711 -0.432879 165.277 5 -0.0511056 -1.51848 0.843878 -2.03365e-05 
565.545 -0.44624 163.156 5 -0.0501596 -1.51847 0.827571 -2.00372e-05 
582.252 -0.459426 161.064 5 -0.0492135 -1.51847 0.811265 -1.8624e-05 
598.832 -0.472631 159 5 -0.0482675 -1.51847 0.794959 -1.238e-05 
615.287 -0.48569 156.964 5 -0.0473215 -1.51849 0.778653 -3.28357e-06 
631.619 -0.49947 154.957 5 -0.0463754 -1.51844 0.762347 -1.01103e-05 
647.83 -0.511758 152.978 5 -0.0454294 -1.51846 0.746041 -6.59025e-06 
663.921 -0.524563 151.028 5 -0.0444834 -1.51845 0.729735 -7.76828e-07 
679.894 -0.537214 149.106 5 -0.0435373 -1.5184 0.713429 -1.28145e-05 
695.751 -0.548401 147.212 5 -0.0425914 -1.5185 0.697122 -3.23767e-06 
711.493 -0.562342 145.347 5 -0.0848815 -1.51845 0.680816 -4.04219e-06 
727.149 -0.574947 142.212 5.98806 -0.378398 -1.51843 0.66451 -6.12952e-06 
740.414 -0.58515 130.212 13.5119 -0.123904 -1.51843 0.648204 -2.17654e-06 
734.695 -0.580946 125.495 13.7688 -0.125158 -1.5184 0.631898 -5.2983e-06 
728.075 -0.575289 120.727 14.0258 -0.126412 -1.51842 0.615592 -2.02044e-06 
720.551 -0.569611 115.91 14.2827 -0.127665 -1.51839 0.599286 -3.87967e-06 
712.118 -0.5626 111.043 14.5396 -0.128923 -1.5184 0.58298 3.91112e-06 
702.776 -0.555365 106.125 14.7965 -0.130196 -1.51824 0.566673 -1.54033e-05 
692.519 -0.542964 101.157 15.0539 -0.131456 -1.51857 0.550367 5.66059e-06 
681.345 -0.53977 96.1384 15.3113 -0.132588 -1.51834 0.534061 -1.00975e-07 
669.25 -0.529312 91.0736 15.5658 -0.133584 -1.51826 0.517755 -3.40161e-05 
656.239 -0.516082 85.9667 15.8149 -0.13528 -1.51955 0.501449 -0.0141882 
642.321 -0.540847 80.7967 16.0756 -0.1392 -2.12129 0.485143 -0.00145657 
627.453 -18.6398 75.4965 16.3965 -0.14195 -2.21591 0.468837 0.0356647 
611.493 -39.5804 70.0982 16.739 -0.126456 -0.98496 0.452531 0.0254172 
594.404 -23.546 65.1489 16.682 -0.0871974 0.243938 0.436224 0.0154921 
577.16 29.4011 61.3815 15.7607 -0.138696 1.45312 0.419918 0.00820306 
561.966 118.667 56.1116 16.2182 -0.523692 2.64543 0.403612 0.000952919 
545.614 243.747 39.2554 25.4059 -0.83802 3.82053 0.387306 0.0201518 
506.352 404.141 12.5154 40 1.4 4.53604 0.369 0 
152.3 600 522.5 29.8723 0.739143 0 0.0543888 0 
152.3 600 522.5 29.8723 0.739142 -2.22741e-08 0.0543888 3.62278e-07 
152.299 600.028 522.469 29.8826 0.738909 0.000313228 0.0543622 -3.24616e-05 
165.115 625.739 526.104 29.8865 0.738822 0.0004686 0.054352 -5.80292e-05 
374.985 661.155 531.302 29.8092 0.740926 -0.00866486 0.0545522 0.000258049 
435.067 488.724 524.678 29.8567 0.739584 -0.00214303 0.0544292 6.38132e-05 
449.969 446.083 523.04 29.8684 0.739252 -0.000531691 0.0543988 1.58337e-05 
453.668 435.503 522.634 29.8713 0.73917 -0.000131729 0.0543913 3.92461e-06 
454.586 432.88 522.533 29.8721 0.73915 -3.24284e-05 0.0543894 9.68036e-07 
454.815 432.233 522.508 29.8722 0.739145 -7.75229e-06 0.0543889 2.33499e-07 
454.871 432.077 522.502 29.8723 0.739143 -1.5993e-06 0.0543888 5.05132e-08 
454.885 432.043 522.5 29.8723 0.739143 -4.41208e-08 0.0543888 4.4568e-09 
454.889 432.04 522.5 29.8723 0.739143 3.72679e-07 0.0543888 -7.68989e-09 
454.89 432.045 522.5 29.8723 0.739143 5.08319e-07 0.0543888 -1.14183e-08 
454.89 432.053 522.499 29.8723 0.739143 5.80295e-07 0.0543888 -1.32203e-08 
454.89 432.062 522.499 29.8723 0.739143 6.39762e-07 0.0543888 -1.46094e-08 
454.89 432.071 522.499 29.8723 0.739143 7.01403e-07 0.0543888 -1.60054e-08 
454.89 432.082 522.499 29.8723 0.739143 7.70604e-07 0.0543888 -1.75753e-08 
454.89 432.094 522.499 29.8723 0.739143 8.47936e-07 0.0543888 -1.93154e-08 
454.89 432.107 522.499 29.8723 0.739143 9.36229e-07 0.0543888 -2.12977e-08 
454.89 432.121 522.499 29.8723 0.739143 1.03753e-06 0.0543888 -2.35769e-08 
454.89 432.136 522.499 29.8723 0.739143 1.15332e-06 0.0543888 -2.61683e-08 
454.89 432.154 522.499 29.8723 0.739143 1.28727e-06 0.0543888 -2.91576e-08 
454.89 432.173 522.499 29.8723 0.739143 1.44355e-06 0.0543888 -3.26488e-08 
454.89 432.195 522.499 29.8723 0.739143 1.62527e-06 0.0543888 -3.66899e-08 
454.89 432.219 522.498 29.8723 0.739143 1.83925e-06 0.0543888 -4.14359e-08 
454.889 432.247 522.498 29.8723 0.739143 2.0926e-06 0.0543888 -4.70439e-08 
454.889 432.278 522.498 29.8723 0.739143 2.39442e-06 0.0543888 -5.36912e-08 
454.889 432.314 522.498 29.8723 0.739143 2.75811e-06 0.0543888 -6.16878e-08 
454.889 432.355 522.497 29.8723 0.739142 3.19846e-06 0.0543888 -7.13126e-08 
454.889 432.402 522.497 29.8723 0.739142 3.73909e-06 0.0543887 -8.30878e-08 
454.889 432.457 522.496 29.8723 0.739142 4.40859e-06 0.0543887 -9.75858e-08 
454.889 432.522 522.495 29.8723 0.739142 5.24875e-06 0.0543887 -1.15669e-07 
454.889 432.599 522.494 29.8723 0.739142 6.31795e-06 0.0543887 -1.38523e-07 
454.888 432.691 522.493 29.8723 0.739142 7.69988e-06 0.0543887 -1.67798e-07 
454.888 432.803 522.492 29.8723 0.739141 9.52125e-06 0.0543887 -2.0601e-07 
454.887 432.94 522.489 29.8724 0.739141 1.19714e-05 0.0543886 -2.5669e-07 
454.887 433.11 522.486 29.8724 0.739141 1.53636e-05 0.0543886 -3.25596e-07 
454.886 433.326 522.482 29.8724 0.73914 2.02275e-05 0.0543885 -4.21589e-07 
454.884 433.607 522.476 29.8724 0.739139 2.75731e-05 0.0543885 -5.59659e-07 
454.882 433.978 522.465 29.8725 0.739137 3.9576e-05 0.0543884 -7.66129e-07 
454.879 434.488 522.445 29.8725 0.739135 6.17021e-05 0.0543882 -1.09078e-06 
454.873 435.212 522.403 29.8726 0.73913 0.000109819 0.0543879 -1.63706e-06 
454.859 436.3 522.291 29.8728 0.73912 0.000235342 0.0543875 -2.64612e-06 
454.82 438.056 521.953 29.873 0.739095 0.000617138 0.0543869 -4.76164e-06 
454.702 441.215 520.812 29.8733 0.739024 0.00190293 0.0543861 -9.98383e-06 
454.294 447.827 516.748 29.8735 0.738785 0.00648167 0.0543856 -2.55377e-05 
452.81 464.703 501.937 29.8679 0.738064 0.023156 0.0543996 -6.94948e-05 
446.829 503.316 446.034 29.6188 0.740956 0.0786491 0.0549424 0.000118397 
80.4972 35.6351 172.876 22.7186 4.64808e-05 -0.0135573 0.0533888 0 
80.4972 35.6351 172.876 22.7186 4.64808e-05 -0.0135573 0.0533888 0 
64.296 66.6916 173.252 21.0467 0.697812 0.27918 -0.188388 1.01132 
50.5313 103.641 187.733 9.72414 0.332858 1.69022 0.350279 0.859158 
55.7904 168.991 195.23 5 0.042112 2.83813 0.744286 0.796054 
69.1103 257.45 197.025 5 0.0421127 3.8882 0.744285 0.687843 
82.5194 367.055 198.82 5 0.0421131 4.7626 0.744285 0.477772 
96.015 494.269 200.615 5 0.0421134 5.35305 0.744285 0.204158 
109.592 633.372 202.41 5 0.0421136 5.60555 0.744285 -0.00373561 
123.246 777.561 204.205 5 0.0421135 5.60674 0.744285 -0.137275 
136.973 921.773 206 5 0.0421135 5.44496 0.744285 -0.231934 
150.769 1062.73 207.795 5 0.0421133 5.16442 0.744285 -0.302757 
164.633 1198.03 209.59 5 0.0421131 4.79131 0.744285 -0.354028 
178.564 1325.82 211.384 5 0.0421129 4.34741 0.744285 -0.388231 
192.559 1444.68 213.179 5 0.0421126 3.85268 0.744285 -0.407981 
206.62 1553.57 214.974 5 0.0421123 3.32492 0.744285 -0.415919 
220.744 1651.83 216.769 5 0.042112 2.77951 0.744286 -0.41443 
234.932 1739.11 218.564 5 0.0421117 2.22936 0.744286 -0.405531 
249.183 1815.31 220.359 5 0.0421115 1.68514 0.744286 -0.390887 
263.499 1880.55 222.154 5 0.0421112 1.15543 0.744286 -0.371887 
277.878 1935.12 223.949 5 0.0421109 0.647017 0.744286 -0.349728 
292.321 1979.46 225.743 5 0.0421106 0.164975 0.744286 -0.325479 
306.829 2014.09 227.538 5 0.0421104 -0.287197 0.744286 -0.300101 
321.403 2039.61 229.333 5 0.0421102 -0.707466 0.744286 -0.274433 
336.042 2056.67 231.128 5 0.0421101 -1.09511 0.744284 -0.249148 
350.747 2065.93 232.923 5 0.0421042 -1.45044 0.744382 -0.224699 
365.519 2068.02 234.718 5 0.0423912 -1.77448 0.739432 -0.201278 
380.358 2063.6 236.518 5 0.0277847 -2.06853 0.743013 -0.178817 
395.271 2053.25 238.024 5.2206 0.0242938 -2.33373 0.729735 -0.242245 
409.885 2037.56 239.453 5.47753 0.0230389 -2.71334 0.713429 -0.249042 
424.138 2014.23 240.849 5.73446 0.0217843 -3.11664 0.697122 -0.225978 
438.026 1982.77 242.211 5.99139 0.0205298 -3.49071 0.680816 -0.197038 
451.549 1943.79 243.539 6.24831 0.0192744 -3.82422 0.66451 -0.17273 
464.706 1898.09 244.834 6.50524 0.0180172 -4.12483 0.648204 -0.152612 
477.496 1846.33 246.095 6.76221 0.0167598 -4.39951 0.631898 -0.133533 
489.919 1789.05 247.322 7.01922 0.0155095 -4.64946 0.615592 -0.11437 
501.973 1726.73 248.516 7.27614 0.0142727 -4.87355 0.599286 -0.0956263 
513.658 1659.9 249.677 7.53279 0.013034 -5.07134 0.58298 -0.0780497 
524.972 1589.08 250.804 7.78923 0.0117409 -5.24366 0.566673 -0.0620888 
535.917 1514.8 251.898 8.04632 0.0103549 -5.39206 0.550367 -0.0479567 
546.488 1437.53 252.955 8.3054 0.00900243 -5.51835 0.534061 -0.035773 
556.683 1357.71 253.976 8.5657 0.00806244 -5.62444 0.517755 -0.0255906 
566.497 1275.76 254.97 8.82073 0.00775673 -5.71223 0.501449 -0.0173651 
575.939 1192.04 255.95 9.06147 0.00706603 -5.78346 0.485143 -0.0109471 
585.031 1106.89 256.908 9.29569 0.00327323 -5.83942 0.468837 -0.00611799 
593.785 1020.61 257.782 9.57178 -0.00479133 -5.88068 0.452531 -0.00265356 
602.131 933.501 258.485 9.94968 -0.0090399 -5.90671 0.436224 -0.000381689 
609.896 845.868 259.09 10.3576 0.00986007 -5.91542 0.419918 0.000804558 
617.021 758.06 260.063 10.4369 0.05708 -5.90262 0.403612 0.00101042 
624.037 670.51 261.983 9.79679 0.0692607 -5.86179 0.387306 0.000503781 
632.16 583.781 264.17 8.7766 -0.0899997 -5.78507 0.369 0 
632.16 583.781 264.17 8.7766 -0.0899997 -5.78507 0.369 0 
637.98 500.564 262.905 10.3052 -0.783925 -5.7884 0.773371 0.741933 
641.605 417.282 247.893 21.7073 0.0165203 -4.98212 -0.16266 0.645094 
626.297 349.933 248.322 20.4359 0.170752 -4.28089 -0.142018 0.55848 
612.967 296.425 251.836 16.9935 0.144467 -3.67362 -0.0559045 0.478472 
605.241 254.902 254.94 14.3137 -0.271076 -3.15318 0.310182 0.404741 
602.05 223.649 249.925 17.901 -0.0986669 -2.71277 0.043806 0.337848 
592.924 201.096 248.201 18.6694 -0.0448222 -2.34501 -0.0183792 0.2784 
582.499 185.804 247.515 18.5844 -0.0318892 -2.04183 -0.0172447 0.226683 
572.181 176.497 247.087 18.3151 -0.0318094 -1.79484 -0.00123437 0.182565 
562.276 172.065 246.669 18.0653 -0.0348883 -1.59581 0.0153255 0.145555 
552.754 171.563 246.199 17.8794 -0.0357856 -1.437 0.0277781 0.114933 
543.511 174.195 245.716 17.7201 -0.0347021 -1.31147 0.0379982 0.0898825 
534.502 179.306 245.26 17.5561 -0.0333043 -1.21319 0.0482916 0.0695867 
525.735 186.356 244.837 17.3832 -0.0322592 -1.13697 0.0591768 0.0532849 
517.225 194.911 244.44 17.2074 -0.0314711 -1.07849 0.0703207 0.0403025 
508.979 204.62 244.064 17.0327 -0.0307217 -1.03412 0.0814251 0.0300578 
500.995 215.205 243.708 16.8595 -0.0299268 -1.00089 0.0924263 0.0220571 
493.27 226.446 243.373 16.6871 -0.0291022 -0.976375 0.10337 0.0158871 
485.806 238.17 243.06 16.5149 -0.0282779 -0.958569 0.114293 0.0112033 
478.601 250.246 242.769 16.343 -0.0274645 -0.94586 0.1252 0.00771876 
471.656 262.573 242.5 16.1714 -0.0266602 -0.936944 0.136084 0.00519563 
464.972 275.075 242.252 16.0004 -0.0258615 -0.930773 0.146936 0.00343587 
458.549 287.699 242.024 15.8299 -0.0250679 -0.926518 0.157753 0.00227472 
452.386 300.406 241.818 15.6601 -0.0242804 -0.923526 0.168532 0.00157508 
446.483 313.173 241.633 15.4908 -0.0235002 -0.921296 0.17927 0.00122298 
440.841 325.983 241.469 15.3222 -0.0227279 -0.919448 0.189964 0.0011233 
435.458 338.83 241.325 15.1545 -0.0219649 -0.917707 0.200608 0.00119707 
430.335 351.711 241.202 14.9875 -0.0212145 -0.915885 0.211196 0.00137981 
425.47 364.627 241.098 14.8216 -0.0204815 -0.913862 0.221722 0.00161895 
420.864 377.583 241.015 14.6568 -0.0197663 -0.911576 0.232178 0.00187251 
416.515 390.584 240.95 14.4933 -0.0190565 -0.909012 0.242555 0.002108 
412.422 403.636 240.905 14.3312 -0.0183344 -0.906189 0.25284 0.00230114 
408.583 416.743 240.88 14.1701 -0.0176204 -0.903152 0.263021 0.00243538 
404.998 429.91 240.873 14.0102 -0.0170279 -0.899967 0.273079 0.00250082 
401.665 443.14 240.883 13.8532 -0.0167041 -0.896709 0.282996 0.00249346 
398.581 456.433 240.905 13.7028 -0.0165143 -0.893455 0.292753 0.00241472 
395.736 469.791 240.935 13.5605 -0.0156768 -0.890285 0.302323 0.00227043 
393.117 483.211 240.986 13.4155 -0.013263 -0.88727 0.311658 0.00207018 
390.728 496.69 241.09 13.2448 -0.0104885 -0.884471 0.320678 0.00182648 
388.612 510.225 241.253 13.0466 -0.0131058 -0.881936 0.329299 0.00155394 
386.818 523.809 241.372 12.9056 -0.0273214 -0.879696 0.337511 0.00126825 
385.256 537.438 241.214 12.9891 -0.043355 -0.877765 0.345378 0.000985393 
383.563 551.104 240.736 13.2959 -0.0201967 -0.876142 0.352795 0.000720531 
381.357 564.803 240.707 13.2089 0.0816595 -0.874807 0.359221 0.000487027 
379.246 578.528 242.691 11.5976 0.183822 -0.873728 0.363892 0.000295398 
379.723 592.273 246.742 8.65514 -0.00395894 -0.872861 0.36642 0.000152298 
385.089 606.031 247.18 8.90939 -0.730212 -0.872144 0.369209 5.94648e-05 
390.356 619.803 233.272 20.0365 -1.38378 -0.871505 0.366956 1.23336e-05 
377.73 633.602 206.11 39.5505 0.0522075 -0.870896 0.369 0 
377.73 633.602 206.11 39.5505 0.0522075 -0.870896 0.369 0 
373.85 634.92 206.259 39.0483 0.399291 -0.807013 -0.188387 0.658357 
370.029 636.349 207.015 38.1346 0.592341 -0.680098 -0.176775 0.635077 
366.332 637.999 208.109 36.9745 0.772937 -0.555805 -0.165163 0.611674 
362.794 639.865 209.522 35.5874 0.937037 -0.434176 -0.153551 0.588087 
359.449 641.944 211.224 33.9976 1.08093 -0.315267 -0.141939 0.56426 
356.328 644.229 213.181 32.2342 1.20131 -0.199149 -0.130326 0.540148 
353.455 646.716 215.353 30.3304 1.29536 -0.0859047 -0.118714 0.515718 
350.852 649.4 217.693 28.3227 1.36083 0.0243703 -0.107102 0.490947 
348.536 652.277 220.154 26.2501 1.39604 0.131571 -0.0954897 0.465831 
346.517 655.34 222.682 24.352 1.4 0.235582 -0.0838769 0.440863 
344.771 658.583 225.222 22.4693 1.37565 0.336385 -0.0722647 0.416127 
343.298 662.002 227.724 20.6394 1.32329 0.433971 -0.0606524 0.391663 
342.091 665.591 230.141 18.8987 1.24387 0.528335 -0.0490402 0.367514 
341.139 669.345 232.424 17.2822 1.13891 0.619472 -0.0374279 0.34373 
340.424 673.256 234.529 15.8223 1.0105 0.707382 -0.0258156 0.320364 
339.924 677.321 236.414 14.5482 0.861282 0.792066 -0.0142034 0.297475 
339.615 681.533 238.043 13.4855 0.694367 0.873532 -0.00259108 0.275128 
339.465 685.887 239.384 12.6552 0.513278 0.951791 0.00902122 0.253389 
339.442 690.377 240.412 12.0734 0.32188 1.02686 0.0206335 0.232324 
339.511 694.998 241.108 11.751 0.124294 1.09876 0.0322459 0.212003 
339.634 699.744 241.46 11.6933 -0.0751837 1.16752 0.0438583 0.192492 
339.774 704.61 241.466 11.8997 -0.272183 1.23317 0.0554707 0.173853 
339.892 709.59 241.127 12.364 -0.46235 1.29574 0.0670832 0.156143 
339.951 714.68 240.456 13.0741 -0.641442 1.3553 0.0786957 0.139411 
339.914 719.873 239.471 14.0127 -0.805423 1.41187 0.0903085 0.123698 
339.749 725.164 238.198 15.1571 -0.950556 1.46552 0.101922 0.109033 
339.424 730.55 236.669 16.48 -1.07348 1.51629 0.113535 0.0954351 
338.914 736.024 234.921 17.9498 -1.1713 1.56426 0.125151 0.0829102 
338.197 741.581 233 19.5318 -1.24164 1.60947 0.136776 0.071454 
337.254 747.218 230.951 21.1881 -1.14808 1.65199 0.680742 0.0610504 
336.069 752.929 229.061 22.6598 -0.821934 1.69189 0.664493 0.0516736 
334.662 758.709 227.735 23.6837 -0.476392 1.72921 0.648193 0.0432886 
333.094 764.555 227.007 24.2393 -0.118903 1.76401 0.631888 0.035853 
331.435 770.461 226.902 24.316 0.24278 1.79635 0.615581 0.0293183 
329.751 776.424 227.426 23.9138 0.600742 1.82629 0.599272 0.0236312 
328.113 782.439 228.574 23.0429 0.947085 1.85387 0.58295 0.018735 
326.589 788.502 230.329 21.7241 1.2741 1.87913 0.229704 0.0145707 
325.244 794.609 232.657 20.014 1.4 1.90212 0.241326 0.0110792 
324.141 800.755 235.209 18.1555 1.4 1.92287 0.252954 0.00820037 
323.306 806.938 237.766 16.3173 1.4 1.94142 0.264592 0.00587355 
322.737 813.152 240.328 14.499 1.4 1.9578 0.276257 0.00403823 
322.431 819.395 242.896 12.7005 1.34931 1.97205 0.287722 0.00263353 
322.386 825.663 245.38 10.9886 1.22947 1.98417 0.29933 0.00159985 
322.594 831.951 247.66 9.45418 1.08463 1.99421 0.310941 0.000879011 
323.028 838.257 249.692 8.12796 0.917792 2.00217 0.322553 0.000414066 
323.661 844.576 251.437 6.83902 0.732429 2.00806 0.334165 0.000149017 
324.486 850.906 252.863 5.80962 0.529195 2.01188 0.345777 2.8473e-05 
325.467 857.242 253.938 5.25843 0.312412 2.01364 0.357389 -2.74482e-06 
326.536 863.581 254.636 5.00004 0.0899998 2.01334 0.369 0 
326.536 863.581 254.636 5.00004 0.0899998 2.01334 0.369 0 
330.261 854.462 251.485 11.0609 0.00202699 0.664353 0.482653 2.89082e-13 
333.984 845.342 248.249 15.3125 4.57889e-05 0.310043 0.480306 7.17871e-14 
337.704 836.223 244.928 18.1073 1.17526e-06 0.218134 0.477959 1.78006e-14 
341.423 827.103 241.522 19.8523 1.70611e-07 0.194298 0.475612 4.37827e-15 
345.14 817.984 238.032 20.9133 1.47983e-07 0.188115 0.473265 1.07547e-15 
348.855 808.865 234.459 21.5512 1.47471e-07 0.186511 0.470918 3.19607e-16 
352.568 799.745 230.801 21.9331 1.47461e-07 0.186095 0.468571 7.18149e-17 
356.279 790.626 227.06 22.1614 1.47462e-07 0.185987 0.466224 -2.11579e-17 
359.989 781.506 223.235 22.2978 1.47465e-07 0.185959 0.463878 8.62477e-17 
363.697 772.387 219.327 22.3793 1.47468e-07 0.185952 0.461531 -3.80895e-17 
367.403 763.268 215.336 22.4279 1.47472e-07 0.18595 0.459184 -4.77609e-17 
371.108 754.148 211.263 22.457 1.47476e-07 0.185949 0.456837 4.50223e-17 
374.812 745.029 207.106 22.4743 1.4748e-07 0.185949 0.45449 4.30398e-17 
378.514 735.909 202.867 22.4847 1.47485e-07 0.185949 0.452143 -1.56933e-17 
382.215 726.79 198.546 22.4909 1.47489e-07 0.185949 0.449796 3.86227e-17 
385.915 717.67 194.142 22.4946 1.47494e-07 0.185949 0.447449 -4.45502e-17 
389.613 708.551 189.656 22.4968 1.47499e-07 0.185949 0.445102 -4.05122e-17 
393.311 699.432 185.088 22.4981 1.47504e-07 0.185949 0.442755 1.84473e-17 
397.007 690.312 180.438 22.4989 1.47509e-07 0.185949 0.440408 2.88894e-17 
400.702 681.193 175.706 22.4994 1.47515e-07 0.185949 0.438061 2.39352e-17 
404.397 672.073 170.892 22.4997 1.4752e-07 0.185949 0.435714 -1.98653e-17 
408.09 662.954 165.996 22.4998 1.47526e-07 0.185949 0.433367 4.6123e-17 
411.783 653.835 161.018 22.4999 1.47532e-07 0.185949 0.43102 4.26347e-17 
415.475 644.715 155.958 22.5 1.47538e-07 0.185949 0.428673 -2.64912e-17 
419.166 635.596 150.815 22.5 1.47545e-07 0.185949 0.426327 2.24524e-18 
422.857 626.476 145.59 22.5001 1.47552e-07 0.185949 0.42398 9.39009e-19 
426.547 617.357 140.283 22.5001 1.47559e-07 0.185949 0.421633 -1.52854e-17 
430.237 608.238 134.892 22.5001 1.47566e-07 0.185949 0.419286 -1.16477e-17 
433.926 599.118 129.419 22.5001 1.47574e-07 0.185949 0.416939 2.70049e-18 
437.615 589.999 123.861 22.5001 1.47582e-07 0.185949 0.414592 -3.65307e-19 
441.304 580.879 118.22 22.5001 1.47591e-07 0.185949 0.412245 7.36579e-18 
444.992 571.76 112.493 22.5001 1.476e-07 0.185949 0.409898 4.31338e-18 
448.68 562.641 106.681 22.5001 1.47609e-07 0.185949 0.407551 1.53234e-17 
452.368 553.521 100.782 22.5001 1.4762e-07 0.185949 0.405204 6.29739e-18 
456.056 544.402 94.7962 22.5001 1.47631e-07 0.185949 0.402857 1.66093e-17 
459.744 535.282 88.7214 22.5001 1.47643e-07 0.185949 0.40051 2.26715e-17 
463.433 526.163 82.5564 22.5001 1.47655e-07 0.185949 0.398163 6.18801e-18 
467.121 517.043 76.2995 22.5001 1.47669e-07 0.185949 0.395816 1.06208e-17 
470.809 507.924 69.9486 22.5001 1.47685e-07 0.185949 0.393469 1.17011e-17 
474.498 498.805 63.5011 22.5001 1.47702e-07 0.185948 0.391122 5.36963e-18 
478.187 489.685 56.954 22.5001 1.47721e-07 0.185946 0.388776 1.2057e-17 
481.877 480.566 50.3033 22.5001 1.47742e-07 0.185938 0.386429 -7.8711e-18 
485.567 471.446 43.5442 22.5001 1.47767e-07 0.185907 0.384082 1.14671e-17 
489.257 462.327 36.6701 22.5001 1.47798e-07 0.185787 0.381735 9.52606e-18 
492.948 453.208 29.6724 22.5001 1.47835e-07 0.185326 0.379388 1.06794e-17 
496.64 444.088 22.5383 22.5001 1.47883e-07 0.183546 0.377041 2.69574e-17 
500.333 434.969 15.2481 22.5001 1.47886e-07 0.176684 0.374694 4.12499e-17 
504.026 425.849 7.766 22.5001 1.4484e-07 0.150236 0.372347 4.03627e-17 
507.72 416.73 0.00210553 22.5001 3.33244e-09 0.0483298 0.369 0 
