grtopM_41_4
50
2 2
6 6 
0 4 3 2 1 5 
0 4 3 2 1 5 
106.617 1418.04 80.2674 2.40086e-06 630.306 
144861 178.93 0 197.471 44.6885 
2.17585 28.9395 1.63811 4.89971e-08 12.8634 
2956.34 3.65163 0 4.03002 0.91201 
2311.48 764.16 0.300728 762.894 2423.57 
1.45123e-06 2.38585 72.6124 4.26509 1.57571 
2663.49 1021.68 1435.9 19.5536 0.522997 0 0.1488 0 
759.521 1.76733e-11 53.7307 5.00464 5.93812e-15 2.1546e-13 6.71472e-09 -1.28565e-22 
38.2549 1.09764e-13 0.00529799 5.00464 2.1445e-16 2.96915e-16 6.99798e-09 -1.38014e-22 
7.71053e-13 1.09754e-13 0.00529805 5.00464 2.1445e-16 5.09307e-16 7.30478e-09 -1.29835e-22 
1.04054e-13 1.09754e-13 0.00529805 5.00464 2.14451e-16 5.09306e-16 7.63812e-09 -1.29096e-22 
1.04053e-13 1.09754e-13 0.00529805 5.00464 2.1445e-16 5.09307e-16 8.00149e-09 -1.2947e-22 
1.04053e-13 1.09754e-13 0.00529805 5.00464 2.14451e-16 5.09306e-16 8.39903e-09 -1.29457e-22 
1.04053e-13 1.09754e-13 0.00529805 5.00464 2.14449e-16 5.09307e-16 8.83569e-09 -1.37902e-22 
1.04053e-13 1.09754e-13 0.00529805 5.00464 2.14451e-16 5.09306e-16 9.31737e-09 -1.27477e-22 
1.04053e-13 1.09754e-13 0.00529805 5.00464 2.14453e-16 5.09307e-16 9.85124e-09 -1.34846e-22 
1.04053e-13 1.09754e-13 0.00529805 5.00464 2.1445e-16 5.09306e-16 1.0446e-08 -1.34143e-22 
1.04053e-13 1.09754e-13 0.00529805 5.00464 2.1445e-16 5.09307e-16 1.11125e-08 -1.25829e-22 
1.04053e-13 1.09754e-13 0.00529805 5.00464 2.14448e-16 5.09306e-16 1.18643e-08 -1.25353e-22 
1.04053e-13 1.09754e-13 0.00529805 5.00464 2.14452e-16 5.09307e-16 1.27182e-08 -1.37835e-22 
1.04053e-13 1.09754e-13 0.00529805 5.00464 2.1445e-16 5.09306e-16 1.36963e-08 -1.3814e-22 
1.04053e-13 1.09754e-13 0.00529805 5.00464 2.1445e-16 5.09307e-16 1.48269e-08 -1.37838e-22 
1.04053e-13 1.09754e-13 0.00529805 5.00464 2.14451e-16 5.09306e-16 1.61481e-08 -1.32449e-22 
1.04053e-13 1.09754e-13 0.00529805 5.00464 2.1445e-16 5.09307e-16 1.77111e-08 -1.36256e-22 
1.04053e-13 1.09754e-13 0.00529805 5.00464 2.14451e-16 5.09306e-16 1.95875e-08 -1.37236e-22 
1.04053e-13 1.09754e-13 0.00529805 5.00464 2.14449e-16 5.09307e-16 2.18797e-08 -1.38329e-22 
1.04053e-13 1.09754e-13 0.00529805 5.00464 2.1445e-16 5.09306e-16 2.4742e-08 -1.24849e-22 
1.04053e-13 1.09754e-13 0.00529805 5.00464 2.14453e-16 5.09307e-16 2.84445e-08 -1.2676e-22 
1.04053e-13 1.09754e-13 0.00529805 5.00464 2.1445e-16 5.09306e-16 3.38503e-08 -1.42985e-22 
1.04053e-13 1.09754e-13 0.00529805 5.00464 2.14452e-16 5.09307e-16 4.85374e-08 -1.24689e-22 
1.04053e-13 1.09754e-13 0.00529805 5.00464 2.14449e-16 5.09306e-16 1.78601e-07 -1.18759e-22 
1.04053e-13 1.09754e-13 0.00529805 5.00464 2.14449e-16 5.09307e-16 2.01289e-06 -1.18428e-22 
1.04053e-13 1.09754e-13 0.00529805 5.00464 2.14451e-16 5.09306e-16 2.71094e-05 -1.44083e-22 
1.04053e-13 1.09754e-13 0.00529805 5.00464 2.14452e-16 5.09307e-16 0.000290785 -1.35202e-22 
1.04053e-13 1.09754e-13 0.00529805 5.00464 2.14447e-16 5.09306e-16 0.00189557 -1.40294e-22 
1.04053e-13 1.09754e-13 0.00529805 5.00464 2.14439e-16 5.09307e-16 0.00827813 -1.298e-22 
1.04053e-13 1.09754e-13 0.00529805 5.00464 2.14432e-16 5.09306e-16 0.0153362 -1.41717e-22 
1.04053e-13 1.09754e-13 0.00529805 5.00464 2.14428e-16 5.09307e-16 0.0223935 -1.43708e-22 
1.04053e-13 1.09754e-13 0.00529805 5.00464 2.14423e-16 5.09305e-16 0.0294504 -1.24826e-22 
1.04053e-13 1.09754e-13 0.00529805 5.00464 2.14415e-16 5.09307e-16 0.0365072 -1.2789e-22 
1.04053e-13 1.09754e-13 0.00529805 5.00464 2.14411e-16 5.09305e-16 0.043564 -1.3772e-22 
1.04053e-13 1.09754e-13 0.00529805 5.00464 2.14404e-16 5.09306e-16 0.0506209 -1.25662e-22 
1.04053e-13 1.09754e-13 0.00529805 5.00464 2.14397e-16 5.09305e-16 0.0576776 -1.23322e-22 
1.04053e-13 1.09754e-13 0.00529805 5.00464 2.14392e-16 5.09306e-16 0.0647332 -1.55854e-22 
1.04053e-13 1.09754e-13 0.00529805 5.00464 2.14386e-16 5.09305e-16 0.0717862 -1.43687e-22 
1.04053e-13 1.09754e-13 0.00529805 5.00464 2.14384e-16 5.09306e-16 0.0788346 -1.15606e-22 
1.04053e-13 1.09754e-13 0.00529805 5.00464 2.14372e-16 5.09304e-16 0.0858757 -1.23286e-22 
1.04053e-13 1.09754e-13 0.00529805 5.00464 2.14369e-16 5.09305e-16 0.0929072 -1.35508e-22 
1.04053e-13 1.09754e-13 0.00529805 5.00464 2.1436e-16 5.09304e-16 0.0999276 -1.37753e-22 
1.04053e-13 1.09754e-13 0.00529805 5.00464 2.14361e-16 5.09305e-16 0.106937 -1.60931e-22 
1.04053e-13 1.09754e-13 0.00529805 5.00464 2.14351e-16 5.09303e-16 0.113941 -1.81917e-22 
1.04053e-13 1.09754e-13 0.00529805 5.00464 2.14347e-16 5.09305e-16 0.120943 -1.77697e-22 
1.04054e-13 1.09754e-13 0.00529805 5.00464 2.14339e-16 2.88297e-12 0.127935 -6.53808e-23 
5.59442e-12 2.38738e-12 0.00529805 5.00464 -4.38925e-16 -2.07738e-12 0.134871 1.0122e-19 
1363.61 574.014 2.69685 35.8996 -1.4 6.28 0.141732 -1.01898e-19 
3828.6 2957.17 244.05 5.00464 -3.91543e-18 1.71651e-17 0.1478 0 
3828.6 2957.17 244.05 5.00464 -3.91543e-18 1.71651e-17 0.1478 0 
3281.04 2759.75 0.001 40 1.4 -6.28 0.00255199 3.3466e-08 
1532.44 295.489 0.001 32.5514 1.4 -0.273415 0.00275669 -6.68424e-11 
1.09278 3.6503e-08 0.045099 5.04411 1.98275e-07 -3.81151e-05 0.00298965 -8.04434e-11 
3.49974e-08 3.69109e-08 0.045099 5.04411 1.97926e-07 -3.81151e-05 0.00326088 -8.05491e-11 
3.49938e-08 3.69109e-08 0.045099 5.04411 1.97835e-07 -3.81151e-05 0.00358082 -8.06557e-11 
3.49938e-08 3.69109e-08 0.045099 5.04411 1.97742e-07 -3.81151e-05 0.00396406 -8.07625e-11 
3.49938e-08 3.69109e-08 0.045099 5.04411 1.97653e-07 -3.81151e-05 0.00443161 -8.08692e-11 
3.49938e-08 3.69109e-08 0.045099 5.04411 1.97568e-07 -3.81151e-05 0.00501454 -8.09752e-11 
3.49938e-08 3.69109e-08 0.045099 5.04411 1.97485e-07 -3.81151e-05 0.00575959 -8.10797e-11 
3.49938e-08 3.69109e-08 0.045099 5.04411 1.97387e-07 -3.81151e-05 0.00673739 -8.11822e-11 
3.49938e-08 3.69109e-08 0.045099 5.04411 1.97224e-07 -3.81151e-05 0.00805263 -8.12818e-11 
3.49938e-08 3.69109e-08 0.045099 5.04411 1.96889e-07 -3.81151e-05 0.00985402 -8.13776e-11 
3.49938e-08 3.69109e-08 0.045099 5.04411 1.96185e-07 -3.81151e-05 0.0123453 -8.14688e-11 
3.49938e-08 3.69109e-08 0.045099 5.04411 1.94786e-07 -3.81151e-05 0.0158203 -8.15543e-11 
3.49938e-08 3.69109e-08 0.045099 5.04411 1.92149e-07 -3.81151e-05 0.0207623 -8.16332e-11 
3.49938e-08 3.69109e-08 0.045099 5.04411 1.87437e-07 -3.81151e-05 0.0278819 -8.17044e-11 
3.49938e-08 3.69109e-08 0.045099 5.04411 1.80088e-07 -3.81151e-05 0.0375348 -8.1767e-11 
3.49938e-08 3.69109e-08 0.045099 5.04411 1.7085e-07 -3.81151e-05 0.0489165 -8.18201e-11 
3.49938e-08 3.69109e-08 0.045099 5.04411 1.61471e-07 -3.81151e-05 0.0604503 -8.18627e-11 
3.49938e-08 3.69109e-08 0.045099 5.04411 1.521e-07 -3.81151e-05 0.0719815 -8.18945e-11 
3.49938e-08 3.69109e-08 0.045099 5.04411 1.42738e-07 -3.81151e-05 0.0835102 -8.19151e-11 
3.49938e-08 3.69109e-08 0.045099 5.04411 1.33393e-07 -3.81151e-05 0.0950364 -8.19246e-11 
3.49938e-08 3.69109e-08 0.045099 5.04411 1.2407e-07 -3.81151e-05 0.10656 -8.19235e-11 
3.49938e-08 3.69109e-08 0.045099 5.04411 1.14777e-07 -3.81151e-05 0.118082 -8.19131e-11 
3.49938e-08 3.69109e-08 0.045099 5.04411 1.05519e-07 -3.81151e-05 0.1296 -8.18952e-11 
3.49938e-08 3.69109e-08 0.045099 5.04411 9.62995e-08 -3.81151e-05 0.141116 -8.18726e-11 
3.49938e-08 3.69109e-08 0.045099 5.04411 8.71225e-08 -3.81151e-05 0.152629 -8.18488e-11 
3.49938e-08 3.69109e-08 0.045099 5.04411 7.79881e-08 -3.81151e-05 0.164138 -8.18283e-11 
3.49938e-08 3.69109e-08 0.045099 5.04411 6.88943e-08 -3.81151e-05 0.175642 -8.18166e-11 
3.49938e-08 3.69109e-08 0.045099 5.04411 5.98356e-08 -3.81151e-05 0.18714 -8.18197e-11 
3.49938e-08 3.69109e-08 0.045099 5.04411 5.08026e-08 -3.81151e-05 0.19863 -8.18441e-11 
3.49938e-08 3.69109e-08 0.045099 5.04411 4.17801e-08 -3.81151e-05 0.21011 -8.18956e-11 
3.49938e-08 3.69109e-08 0.045099 5.04411 3.2747e-08 -3.81151e-05 0.221578 -8.1979e-11 
3.49938e-08 3.69109e-08 0.045099 5.04411 2.36765e-08 -3.81151e-05 0.233031 -8.20956e-11 
3.49938e-08 3.69109e-08 0.045099 5.04411 1.4541e-08 -3.81151e-05 0.244465 -8.22412e-11 
3.49938e-08 3.69109e-08 0.045099 5.04411 5.32306e-09 -3.81151e-05 0.255876 -8.24037e-11 
3.49938e-08 3.69109e-08 0.045099 5.04411 -3.96693e-09 -3.81151e-05 0.267261 -8.256e-11 
3.49938e-08 3.69109e-08 0.045099 5.04411 -1.3275e-08 -3.81151e-05 0.278621 -8.26761e-11 
3.49938e-08 3.69109e-08 0.045099 5.04411 -2.25033e-08 -3.81151e-05 0.289961 -8.27124e-11 
3.49938e-08 3.69109e-08 0.045099 5.04411 -3.15347e-08 -3.81151e-05 0.301296 -8.26425e-11 
3.49938e-08 3.69109e-08 0.045099 5.04411 -4.02798e-08 -3.81151e-05 0.312637 -8.24953e-11 
3.49938e-08 3.69109e-08 0.045099 5.04411 -4.87283e-08 -3.81151e-05 0.323982 -8.24378e-11 
3.49938e-08 3.69109e-08 0.045099 5.04411 -5.70096e-08 -3.81151e-05 0.335269 -8.29185e-11 
3.49938e-08 3.69109e-08 0.045099 5.04411 -6.57925e-08 -3.81151e-05 0.346065 -8.48788e-11 
3.49938e-08 3.69109e-08 0.045099 5.04411 -7.47512e-08 -3.81151e-05 0.33874 -8.98622e-11 
3.49938e-08 3.69109e-08 0.045099 5.04411 -8.13522e-08 -3.81151e-05 0.36713 -9.85089e-11 
4.94694e-08 3.95085e-07 0.045099 5.04411 1.64774e-06 4.35415e-05 0.386483 4.26037e-08 
393.645 824.624 223.472 5 -1.4 6.28 0.372437 -1.8384e-08 
1371.57 4204.79 201.73 5.04411 -5.20121e-09 2.7507e-09 0.369 0 
1371.57 4204.79 201.73 5.04411 -5.20121e-09 2.7507e-09 0.369 0 
1383.47 4237.17 202.082 5.42371 -1.14261 -0.299442 1.15369 -1.02859 
1395.22 4263.43 179.066 22.813 -0.0694747 -1.76117 -0.176776 -1.00718 
1377.08 4259.84 177.416 22.3986 -0.0374508 -3.19994 -0.165163 -0.985775 
1359.52 4226.84 176.434 22.1324 -0.050984 -4.61571 -0.153551 -0.964367 
1342.34 4164.9 175.183 22.1016 -0.0802857 -6.00845 -0.141939 -0.132884 
1325.14 4074.49 173.335 21.9187 -0.0793921 -6.28 -0.130327 0.0030652 
1308.17 3978.53 171.511 21.7357 -0.078499 -6.28 -0.118714 0.0030606 
1291.42 3882.58 169.712 21.5527 -0.0776068 -6.28 -0.107102 0.00309015 
1274.9 3786.62 167.936 21.3698 -0.0767147 -6.28 -0.0954898 0.0030976 
1258.6 3690.66 166.185 21.1868 -0.0758184 -6.28 -0.0838776 0.00304594 
1242.53 3594.7 164.458 21.0038 -0.0749145 -6.28 -0.0722653 0.00305015 
1226.69 3498.74 162.756 20.8207 -0.0740127 -6.28 -0.0606531 0.00299739 
1211.07 3402.79 161.078 20.6375 -0.0731437 -6.28 -0.0490408 0.00330514 
1195.69 3306.83 159.424 20.4546 -0.0723277 -6.28 -0.0374286 0.00393558 
1180.54 3210.87 157.792 20.273 -0.0714825 -6.28 -0.0258163 0.00389032 
1165.63 3114.91 156.184 20.0919 -0.0703788 -6.28 -0.0142041 0.00502474 
1150.94 3018.95 154.604 19.9073 -0.0689121 -6.28 -0.00259184 0.00491394 
1136.49 2922.99 153.06 19.714 -0.0677727 -6.28 0.00902041 0.00547111 
1122.29 2827.03 151.546 19.5183 -0.0686371 -6.28 0.0206327 0.00532483 
1108.35 2731.07 150.021 19.3516 -0.0719313 -6.28 0.0322449 0.00485662 
1094.62 2635.11 148.433 19.2478 -0.0719743 -6.28 0.0438571 0.00463097 
1081 2539.15 146.849 19.1481 -0.0566549 -6.28 0.0554694 0.00474851 
1067.47 2443.19 145.58 18.8129 -0.0255666 -6.28 0.0670816 0.0046933 
1054.42 2347.23 144.958 18.63 -0.024673 -6.28 0.0786939 0.00356095 
1041.65 2251.27 144.962 18.447 -0.0237795 -6.28 0.0903061 0.00382809 
1029.17 2155.3 144.99 18.264 -0.0228861 -6.28 0.101918 0.0025562 
1017 2059.34 145.042 18.0811 -0.0219929 -6.28 0.113531 0.00385025 
1005.13 1963.38 145.119 17.8981 -0.0210996 -6.28 0.125143 0.00373519 
993.559 1867.42 145.219 17.7151 -0.0202052 -6.28 0.136755 0.00401207 
982.294 1771.46 145.345 17.5322 -0.0193094 -6.28 0.148367 0.00371165 
971.332 1675.49 145.494 17.3491 -0.018415 -6.28 0.15998 0.00321194 
960.677 1579.53 145.667 17.1661 -0.0175288 -6.28 0.171592 0.00291027 
950.328 1483.57 145.865 16.9832 -0.0166521 -6.28 0.183204 0.00245147 
940.286 1387.6 146.087 16.8006 -0.0157617 -6.28 0.194816 0.00193562 
930.552 1291.64 146.333 16.6179 -0.0148091 -6.28 0.206429 0.00131165 
921.127 1195.68 146.604 16.4343 -0.0137946 -6.28 0.218041 0.0019545 
912.013 1099.71 146.902 16.2489 -0.0129063 -6.28 0.229653 0.0291837 
903.214 1003.75 147.224 16.0639 -0.0124889 -6.28 0.241265 0.0857425 
894.732 907.782 147.561 15.8866 -0.0124529 -6.1719 0.252878 0.21508 
886.556 814.027 147.904 15.7218 -0.0113028 -5.63195 0.26449 0.193672 
878.672 731.308 148.277 15.5507 -0.00662937 -5.11575 0.276102 0.172264 
871.09 659.139 148.75 15.3192 0.000240864 -4.62331 0.287714 0.150856 
863.911 597.035 149.372 15.0012 -0.00243053 -4.15465 0.299327 0.129448 
857.288 544.51 149.949 14.7566 -0.0311572 -3.70979 0.310939 0.10804 
851.108 501.078 149.947 14.9809 -0.0710945 -3.28876 0.322551 0.0866314 
844.583 466.251 149.121 15.7859 -0.0311959 -2.89156 0.334163 0.0652227 
836.697 439.544 149.085 15.8527 0.199055 -2.51823 0.345776 0.0438127 
828.612 420.468 153.753 12.3196 0.472145 -2.16879 0.357388 0.00313531 
826.398 408.529 164.118 5 0.09 -1.97068 0.369 0 
826.398 408.529 164.118 5 0.09 -1.97068 0.369 0 
63.5038 -0.0343622 1.63788 5.03002 -1.36832 1.63566 0.000955279 3.24675e-11 
28.3411 -0.0327904 0.0392351 5.03834 3.07259e-05 1.92933 0.0010304 9.96225e-11 
8.5281e-08 -0.0312564 0.0392351 5.03836 4.50267e-05 2.82734 0.00111759 9.49901e-11 
1.43421e-08 -0.0297288 0.0392351 5.03838 5.86289e-05 3.68145 0.00121999 9.03053e-11 
1.43459e-08 -0.028203 0.0392351 5.03839 7.1533e-05 4.49171 0.00134196 8.52775e-11 
1.43459e-08 -0.0266779 0.0392351 5.0384 8.37393e-05 5.2581 0.00148963 7.95339e-11 
1.43459e-08 -0.0251532 0.0392351 5.03841 9.5248e-05 5.98024 0.00167201 3.34049e-11 
1.43463e-08 -0.0236285 0.0392351 5.03842 0.000106059 6.24814 0.00190305 -1.66573e-12 
1.43467e-08 -0.022104 0.0392351 5.03843 0.000116173 6.24803 0.00220584 -7.49766e-13 
1.43467e-08 -0.0205795 0.0392351 5.03844 0.000125589 6.24774 0.0026216 -7.13727e-14 
1.43466e-08 -0.0190551 0.0392351 5.03845 0.000134307 6.24737 0.00322954 3.87713e-13 
1.43466e-08 -0.0175306 0.0392351 5.03846 0.000142328 6.24701 0.00418854 5.81453e-13 
1.43466e-08 -0.0160062 0.0392351 5.03846 0.000149652 6.24673 0.00581164 5.98296e-13 
1.43466e-08 -0.0144818 0.0392351 5.03847 0.000156278 6.24651 0.00863976 5.31741e-13 
1.43466e-08 -0.0129574 0.0392351 5.03848 0.000162206 6.24637 0.0133546 4.33398e-13 
1.43466e-08 -0.0114329 0.0392351 5.03848 0.000167437 6.24628 0.0204039 3.2608e-13 
1.43466e-08 -0.00990853 0.0392351 5.03849 0.000171971 6.24622 0.0296297 2.18424e-13 
1.43466e-08 -0.00838412 0.0392351 5.03849 0.000175807 6.24618 0.0408699 1.12748e-13 
1.43466e-08 -0.00685971 0.0392351 5.03849 0.000178946 6.24617 0.0523926 8.57204e-15 
1.43466e-08 -0.0053353 0.0392351 5.0385 0.000181387 6.24616 0.063913 -9.59665e-14 
1.43466e-08 -0.00381089 0.0392351 5.0385 0.00018313 6.24616 0.0754307 -2.03619e-13 
1.43466e-08 -0.00228648 0.0392351 5.0385 0.000184177 6.24616 0.0869453 -3.17998e-13 
1.43466e-08 -0.000762072 0.0392351 5.0385 0.000184525 6.24616 0.0984565 -4.438e-13 
1.43465e-08 0.000762336 0.0392351 5.0385 0.000184177 6.24616 0.109964 -5.87243e-13 
1.43465e-08 0.00228674 0.0392351 5.0385 0.00018313 6.24616 0.121466 -7.56716e-13 
1.43465e-08 0.00381115 0.0392351 5.0385 0.000181386 6.24616 0.132963 -9.63702e-13 
1.43465e-08 0.00533556 0.0392351 5.03849 0.000178945 6.24617 0.144452 -1.22394e-12 
1.43465e-08 0.00685997 0.0392351 5.03849 0.000175807 6.24618 0.155933 -1.55871e-12 
1.43465e-08 0.00838438 0.0392351 5.03849 0.00017197 6.24622 0.167404 -1.99539e-12 
1.43465e-08 0.00990879 0.0392351 5.03848 0.000167437 6.24628 0.178862 -2.56516e-12 
1.43465e-08 0.0114332 0.0392351 5.03848 0.000162205 6.24637 0.190307 -3.29105e-12 
1.43465e-08 0.0129576 0.0392351 5.03847 0.000156277 6.24651 0.201736 -4.14928e-12 
1.43465e-08 0.014482 0.0392351 5.03846 0.000149651 6.24673 0.21315 -4.96387e-12 
1.43465e-08 0.0160065 0.0392351 5.03846 0.000142327 6.24701 0.224547 -5.1658e-12 
1.43465e-08 0.0175309 0.0392351 5.03845 0.000134306 6.24737 0.235929 -3.43391e-12 
1.43465e-08 0.0190553 0.0392351 5.03844 0.000125587 6.24774 0.247297 1.97564e-12 
1.43464e-08 0.0205798 0.0392351 5.03843 0.000116171 6.24803 0.258652 9.22894e-12 
1.43464e-08 0.0221043 0.0392351 5.03842 0.000106057 6.24814 0.269993 -2.57376e-11 
1.43468e-08 0.0236288 0.0392351 5.03841 9.52462e-05 5.98014 0.281317 -7.1282e-11 
1.43472e-08 0.0251534 0.0392351 5.0384 8.37374e-05 5.25798 0.292616 -7.40301e-11 
1.43472e-08 0.0266782 0.0392351 5.03839 7.1531e-05 4.49159 0.303877 -7.53773e-11 
1.43473e-08 0.0282033 0.0392351 5.03838 5.86268e-05 3.68133 0.315076 -7.59242e-11 
1.43473e-08 0.029729 0.0392351 5.03836 4.50245e-05 2.82721 0.326183 -7.61096e-11 
1.43472e-08 0.0312609 0.0392351 5.03835 3.07233e-05 1.9292 0.337179 -7.65044e-11 
1.78609e-07 759.955 0.0392351 5.03833 1.57062e-05 0.987131 0.348094 -1.25211e-10 
406.585 1522.85 0.0339265 14.8593 1.36946 -0.0979142 0.35882 -4.76427e-10 
1169.48 2285.74 0.0276838 39.9657 1.37392 -6.24895 0.376426 5.33964e-10 
1932.37 3048.64 0.0235519 39.9734 1.37051 -0.692718 0.372386 -1.40443e-10 
2695.27 3811.53 206.46 5.03833 9.16768e-10 4.1172e-11 0.369 0 
2695.27 3811.53 206.46 5.03833 9.16768e-10 4.1172e-11 0.369 0 
450.981 1649.26 0.0139826 5.01319 -1.16433e-13 -1.61702e-09 8.15251e-08 -1.74498e-18 
1.67707e-11 57.6 0.0139836 5.01319 -5.85822e-14 -3.34289e-12 8.7695e-08 -1.74528e-18 
1.22783e-12 3.75041e-12 0.0139836 5.01319 -2.86326e-14 -2.64491e-12 9.47605e-08 -1.74523e-18 
1.22783e-12 1.29509e-12 0.0139836 5.01319 -1.10842e-14 -2.06669e-12 1.0293e-07 -1.74513e-18 
1.22783e-12 1.29509e-12 0.0139836 5.01319 -1.92954e-15 -1.62665e-12 1.12488e-07 -1.74513e-18 
1.22783e-12 1.29509e-12 0.0139836 5.01319 2.38141e-15 -1.31674e-12 1.23839e-07 -1.74502e-18 
1.22783e-12 1.29509e-12 0.0139836 5.01319 4.19229e-15 -1.10776e-12 1.37611e-07 -1.74512e-18 
1.22783e-12 1.29509e-12 0.0139836 5.01319 4.82781e-15 -9.70746e-13 1.54952e-07 -1.745e-18 
1.22783e-12 1.29509e-12 0.0139836 5.01319 4.96451e-15 -8.82687e-13 1.78642e-07 -1.745e-18 
1.22783e-12 1.29509e-12 0.0139836 5.01319 4.91974e-15 -8.26928e-13 2.18496e-07 -1.7449e-18 
1.22783e-12 1.29509e-12 0.0139836 5.01319 4.82904e-15 -7.92031e-13 3.23348e-07 -1.7452e-18 
1.22783e-12 1.29509e-12 0.0139836 5.01319 4.74257e-15 -7.70395e-13 8.00775e-07 -1.74507e-18 
1.22783e-12 1.29509e-12 0.0139836 5.01319 4.67332e-15 -7.57083e-13 3.85966e-06 -1.7451e-18 
1.22783e-12 1.29509e-12 0.0139836 5.01319 4.61933e-15 -7.48947e-13 2.59477e-05 -1.74501e-18 
1.22783e-12 1.29509e-12 0.0139836 5.01319 4.57269e-15 -7.44001e-13 0.00018221 -1.74498e-18 
1.22783e-12 1.29509e-12 0.0139836 5.01319 4.52139e-15 -7.41009e-13 0.00115406 -1.74516e-18 
1.22783e-12 1.29509e-12 0.0139836 5.01319 4.44798e-15 -7.39206e-13 0.00538571 -1.74482e-18 
1.22783e-12 1.29509e-12 0.0139836 5.01319 4.32695e-15 -7.38124e-13 0.0160395 -1.74535e-18 
1.22783e-12 1.29509e-12 0.0139836 5.01319 4.18072e-15 -7.37476e-13 0.0275994 -1.74492e-18 
1.22783e-12 1.29509e-12 0.0139836 5.01319 4.02018e-15 -7.37089e-13 0.0391578 -1.74519e-18 
1.22783e-12 1.29509e-12 0.0139836 5.01319 3.85092e-15 -7.36857e-13 0.0507145 -1.74547e-18 
1.22783e-12 1.29509e-12 0.0139836 5.01319 3.67681e-15 -7.36716e-13 0.0622692 -1.74536e-18 
1.22783e-12 1.29509e-12 0.0139836 5.01319 3.50015e-15 -7.36628e-13 0.0738217 -1.74525e-18 
1.22783e-12 1.29509e-12 0.0139836 5.01319 3.32221e-15 -7.36567e-13 0.0853716 -1.74483e-18 
1.22783e-12 1.29509e-12 0.0139836 5.01319 3.14365e-15 -7.36518e-13 0.0969186 -1.74508e-18 
1.22783e-12 1.29509e-12 0.0139836 5.01319 2.9648e-15 -7.36465e-13 0.108462 -1.74475e-18 
1.22783e-12 1.29509e-12 0.0139836 5.01319 2.78581e-15 -7.36394e-13 0.120003 -1.7453e-18 
1.22783e-12 1.29509e-12 0.0139836 5.01319 2.60674e-15 -7.36286e-13 0.131539 -1.74527e-18 
1.22783e-12 1.29509e-12 0.0139836 5.01319 2.42757e-15 -7.36111e-13 0.14307 -1.74487e-18 
1.22783e-12 1.29509e-12 0.0139836 5.01319 2.24825e-15 -7.35823e-13 0.154597 -1.74468e-18 
1.22783e-12 1.29509e-12 0.0139836 5.01319 2.06867e-15 -7.35346e-13 0.166119 -1.74468e-18 
1.22783e-12 1.29509e-12 0.0139836 5.01319 1.8886e-15 -7.34557e-13 0.177635 -1.74455e-18 
1.22783e-12 1.29509e-12 0.0139836 5.01319 1.70768e-15 -7.33258e-13 0.189146 -1.74355e-18 
1.22783e-12 1.29509e-12 0.0139836 5.01319 1.52526e-15 -7.31129e-13 0.200651 -1.74386e-18 
1.22783e-12 1.29509e-12 0.0139836 5.01319 1.34028e-15 -7.27658e-13 0.21215 -1.74305e-18 
1.22783e-12 1.29509e-12 0.0139836 5.01319 1.15096e-15 -7.22041e-13 0.223644 -1.74265e-18 
1.22783e-12 1.29509e-12 0.0139836 5.01319 9.5439e-16 -7.13029e-13 0.235132 -1.7398e-18 
1.22783e-12 1.29509e-12 0.0139836 5.01319 7.45797e-16 -6.98714e-13 0.246615 -1.73707e-18 
1.22783e-12 1.29509e-12 0.0139836 5.01319 5.17521e-16 -6.76262e-13 0.258092 -1.73034e-18 
1.22783e-12 1.29509e-12 0.0139836 5.01319 2.5745e-16 -6.41595e-13 0.269561 -1.72087e-18 
1.22783e-12 1.29509e-12 0.0139836 5.01319 -5.31896e-17 -5.8913e-13 0.281018 -1.70352e-18 
1.22783e-12 1.29509e-12 0.0139836 5.01319 -4.42702e-16 -5.11721e-13 0.292454 -1.67731e-18 
1.22783e-12 1.29509e-12 0.0139836 5.01319 -9.52217e-16 -4.01205e-13 0.30386 -1.63489e-18 
1.22783e-12 1.29509e-12 0.0139836 5.01319 -1.63828e-15 -2.49966e-13 0.315229 -1.57186e-18 
1.22783e-12 1.29509e-12 0.0139836 5.01319 -2.57183e-15 -5.53945e-14 0.326558 -1.47085e-18 
1.22783e-12 1.29509e-12 0.0139836 5.01319 -3.82621e-15 1.66808e-13 0.337852 -1.32128e-18 
1.22783e-12 8.02894e-12 0.0139836 5.01319 -6.37385e-15 9.42016e-13 0.349074 4.55691e-16 
2.2167e-11 744.198 0.0139837 7.58543 0.642118 6.28 0.360079 -4.62909e-16 
1549.1 4427.67 0.00102396 5.01319 -5.598e-17 8.12139e-17 0.369 0 
2663.49 1021.68 1435.9 19.5536 0.522997 0 0.1488 0 
2663.49 1021.68 1435.9 19.5536 0.522997 -1.17173e-09 0.1488 -2.96964e-06 
2663.49 1021.68 1435.9 19.5549 0.523098 -0.00439796 0.148782 -7.11896e-07 
2443.05 1022.01 1442.86 19.3906 0.525231 -0.0154477 0.151121 0.000278804 
2183.58 539.941 1314.02 19.8862 0.514762 0.177891 0.144065 -0.000624412 
2084.34 1629.52 1392.75 19.6712 0.520083 0.0629971 0.147126 -0.000220765 
2049.77 2014.73 1420.42 19.5957 0.521953 0.0225955 0.148201 -7.90272e-05 
2037.59 2152.62 1430.27 19.5689 0.522617 0.00822823 0.148583 -2.86844e-05 
2033.19 2202.67 1433.8 19.5593 0.522856 0.00307173 0.148719 -1.06438e-05 
2031.6 2221.24 1435.08 19.5558 0.522942 0.00119846 0.148769 -4.09412e-06 
2031.02 2228.39 1435.55 19.5545 0.522974 0.000514712 0.148787 -1.70572e-06 
2030.8 2231.36 1435.72 19.554 0.522986 0.000263326 0.148794 -8.22638e-07 
2030.72 2232.8 1435.78 19.5539 0.52299 0.000174926 0.148796 -5.07343e-07 
2030.68 2233.68 1435.8 19.5538 0.522991 0.000147655 0.148797 -4.03518e-07 
2030.67 2234.38 1435.8 19.5538 0.522991 0.00014452 0.148797 -3.82495e-07 
2030.67 2235.05 1435.8 19.5538 0.522991 0.000151464 0.148797 -3.952e-07 
2030.66 2235.74 1435.79 19.5538 0.52299 0.000163301 0.148797 -4.2333e-07 
2030.66 2236.48 1435.78 19.5538 0.52299 0.000178282 0.148797 -4.5856e-07 
2030.66 2237.28 1435.77 19.5539 0.522989 0.000197548 0.148796 -5.10904e-07 
2030.66 2238.17 1435.75 19.5539 0.522988 0.000216625 0.148796 -5.56244e-07 
2030.66 2239.14 1435.74 19.5539 0.522987 0.00024079 0.148796 -6.17858e-07 
2030.66 2240.21 1435.72 19.5539 0.522986 0.000267987 0.148795 -6.85819e-07 
2030.66 2241.41 1435.7 19.554 0.522985 0.000299731 0.148794 -7.65227e-07 
2030.66 2242.74 1435.67 19.554 0.522984 0.000336707 0.148794 -8.5739e-07 
2030.65 2244.23 1435.64 19.5541 0.522982 0.000380048 0.148793 -9.65062e-07 
2030.65 2245.92 1435.61 19.5542 0.52298 0.000431134 0.148792 -1.09123e-06 
2030.65 2247.82 1435.57 19.5542 0.522978 0.000491955 0.148791 -1.24093e-06 
2030.64 2249.98 1435.52 19.5543 0.522975 0.000564761 0.14879 -1.41847e-06 
2030.64 2252.45 1435.46 19.5544 0.522971 0.000653267 0.148788 -1.63428e-06 
2030.64 2255.3 1435.38 19.5546 0.522967 0.000760854 0.148786 -1.89325e-06 
2030.63 2258.6 1435.29 19.5547 0.522962 0.000894363 0.148784 -2.21275e-06 
2030.62 2262.45 1435.18 19.5549 0.522956 0.00106153 0.148781 -2.60806e-06 
2030.61 2267 1435.04 19.5552 0.522947 0.00127464 0.148778 -3.10695e-06 
2030.6 2272.41 1434.85 19.5555 0.522937 0.0015504 0.148773 -3.74192e-06 
2030.58 2278.93 1434.6 19.5559 0.522923 0.00191577 0.148768 -4.56849e-06 
2030.55 2286.89 1434.27 19.5564 0.522905 0.00241164 0.14876 -5.66566e-06 
2030.51 2296.77 1433.8 19.5571 0.522879 0.00310445 0.14875 -7.16007e-06 
2030.45 2309.24 1433.12 19.5582 0.522843 0.0041034 0.148735 -9.24938e-06 
2030.37 2325.36 1432.11 19.5596 0.522789 0.00559624 0.148714 -1.22946e-05 
2030.23 2346.78 1430.55 19.5618 0.522706 0.00788953 0.148683 -1.68572e-05 
2030.03 2376.15 1428.1 19.5652 0.522577 0.0115047 0.148635 -2.40215e-05 
2029.66 2418 1424.22 19.5708 0.522371 0.0172287 0.148556 -3.5619e-05 
2029.15 2480.07 1418.21 19.5809 0.522034 0.0260911 0.148412 -5.60108e-05 
2028.49 2577.67 1410.24 19.5965 0.521562 0.0378551 0.14819 -8.67474e-05 
2027.8 2728.84 1401.66 19.6171 0.52101 0.0505234 0.147896 -0.000126292 
2027.64 2948.9 1395.97 19.6267 0.520693 0.0589231 0.147759 -0.000145721 
2027.16 3202.68 1388.54 19.5893 0.520855 0.0697527 0.148291 -8.83754e-05 
2020.32 3355.91 1333.99 19.479 0.520133 0.14961 0.149861 9.07481e-05 
1981.03 3247.49 1080.37 19.3526 0.511077 0.56621 0.151613 -0.001133 
4060.12 3076.86 186.602 22.6374 1.89916e-05 0.0601674 0.1478 0 
4060.12 3076.86 186.602 22.6374 1.89916e-05 0.0601674 0.1478 0 
4020.69 3153.55 184.387 21.7603 0.485234 2.42577 -0.188388 -1.00901 
3983.91 3338.02 204.343 5 -0.687436 -2.44413 1.13739 -0.778891 
4011.03 3300.55 172.093 26.4282 -0.171973 -6.21942 -0.165163 0.000128284 
3956.36 3091.13 161.764 26.2452 -0.171079 -6.22744 -0.153551 0.00250046 
3901.42 2881.35 151.489 26.0623 -0.170186 -6.22355 -0.141939 0.00222935 
3846.21 2671.74 141.269 25.8793 -0.169292 -6.22076 -0.130327 0.00227972 
3790.73 2462.26 131.102 25.6963 -0.168399 -6.21743 -0.118714 0.00232716 
3735 2252.93 120.989 25.5134 -0.167505 -6.21355 -0.107102 0.00236062 
3679 2043.77 110.931 25.3304 -0.166612 -6.20916 -0.0954898 0.00240497 
3622.76 1834.82 100.927 25.1474 -0.165718 -6.20416 -0.0838775 0.00246799 
3566.27 1626.09 90.9763 24.9644 -0.164824 -6.19841 -0.0722653 0.00255404 
3509.54 1417.62 81.0801 24.7814 -0.163931 -6.1917 -0.060653 0.00267071 
3452.57 1209.46 71.2379 24.5985 -0.163046 -6.1838 -0.0490408 0.00282998 
3395.37 1001.66 61.4495 24.4158 -0.162156 -6.17433 -0.0374285 0.00305007 
3337.95 794.289 51.7149 24.2332 -0.161142 -6.16278 -0.0258163 0.00335761 
3280.3 587.444 42.0398 24.0462 -0.159986 -6.14842 -0.0142041 0.00378752 
3222.45 381.253 32.4311 23.8514 -0.160554 -6.13016 -0.00259181 0.00439505 
3164.44 175.893 22.8107 23.7107 -0.166165 -6.10637 0.00902044 0.00544459 
3106.07 -28.3833 12.945 23.783 -0.153162 -6.07319 0.0206327 0.00808052 
3046.52 -231.147 3.66642 23.3597 -0.0306463 -6.01693 0.0322449 0.00430553 
2987.56 -431.349 0.00103995 23.1518 -0.0183848 -5.98905 0.0438572 0.000327599 
2929.02 -630.282 0.00102574 22.9689 -0.0174914 -5.99424 0.0554694 0.000657874 
2871.14 -829.451 0.00102574 22.7859 -0.016598 -5.99623 0.0670817 0.000810548 
2813.93 -1028.71 0.00102574 22.6029 -0.0157045 -5.99638 0.0786939 -6.75755e-06 
2757.38 -1227.98 0.00102574 22.42 -0.0148111 -6.00442 0.0903062 -0.00250981 
2701.51 -1427.61 0.00102574 22.237 -0.0139175 -6.04087 0.101918 0.0122766 
2646.3 -1628.91 1.53886 22.054 -0.0130227 -5.88087 0.113531 0.111757 
2591.9 -1822.92 3.54342 21.871 -0.0121284 -4.63591 0.125143 0.238323 
2538.4 -1960.2 5.60211 21.6881 -0.0112336 -2.32512 0.136755 0.271222 
2485.84 -1992.19 7.71493 21.5051 -0.0103387 0.270102 0.148367 0.24682 
2434.23 -1905.94 9.88189 21.3221 -0.00944381 2.78326 0.15998 0.181945 
2383.58 -1705.19 12.103 21.1392 -0.00854915 4.92621 0.171592 0.0749767 
2333.87 -1406.79 14.3782 20.9562 -0.00765499 6.22642 0.183204 -0.0162866 
2285.09 -1049.15 16.7075 20.7732 -0.00676149 6.2186 0.194816 -0.000973384 
2237.19 -691.872 19.0909 20.5902 -0.00586807 6.04901 0.206429 0.000157571 
2190.16 -342.319 21.5284 20.4073 -0.00497456 6.09551 0.218041 -0.00100738 
2144.03 9.35258 24.02 20.2243 -0.00408108 6.12703 0.229653 -2.54673e-05 
2098.79 362.459 26.5656 20.0413 -0.00318726 6.14662 0.241265 4.87274e-05 
2054.46 716.458 29.1653 19.8583 -0.00229261 6.16176 0.252878 -0.000115553 
2011.02 1071.15 31.8191 19.6753 -0.00140209 6.17336 0.26449 -0.00018457 
1968.5 1426.36 34.5269 19.4924 -0.000531327 6.18279 0.276102 -0.000171235 
1926.9 1782.01 37.2877 19.3103 0.000371448 6.19075 0.287714 -0.000125821 
1886.21 2138.02 40.1029 19.1276 0.00163566 6.19753 0.299327 -8.19435e-05 
1846.44 2494.33 42.9891 18.932 0.00299573 6.20335 0.310939 -5.11335e-05 
1807.65 2850.91 45.9515 18.7239 -0.00113462 6.20837 0.322551 -3.24556e-05 
1769.89 3207.72 48.741 18.6975 -0.0158185 6.21274 0.334163 -1.8692e-05 
1732.5 3564.73 50.8633 19.1645 0.037894 6.21669 0.345776 -1.17e-05 
1693.55 3921.92 55.3988 17.6076 0.369345 6.21772 0.357388 -0.000388345 
1660.39 4279.15 75.15 5 0.0899997 4.99548 0.369 0 
1660.39 4279.15 75.15 5 0.0899997 4.99548 0.369 0 
1640.86 4206.54 130.895 20.0287 3.32038e-05 -0.248353 0.482653 -1.32784e-15 
1621.3 4133.93 184.263 22.3708 -2.15489e-07 -0.286995 0.480306 3.96672e-17 
1601.71 4061.31 235.527 22.4931 -2.27902e-07 -0.287278 0.477959 7.22231e-18 
1582.1 3988.7 284.829 22.4995 -2.27903e-07 -0.28728 0.475612 -7.23571e-17 
1562.45 3916.09 332.247 22.4998 -2.279e-07 -0.28728 0.473265 -8.12872e-17 
1542.78 3843.48 377.823 22.4999 -2.27898e-07 -0.28728 0.470918 -1.14453e-17 
1523.07 3770.86 421.575 22.4999 -2.27897e-07 -0.28728 0.468571 3.28993e-17 
1503.33 3698.25 463.506 22.4999 -2.27896e-07 -0.28728 0.466224 -9.41737e-17 
1483.56 3625.64 503.605 22.4999 -2.27895e-07 -0.28728 0.463878 -7.62036e-17 
1463.75 3553.03 541.854 22.4999 -2.27894e-07 -0.28728 0.461531 -2.94916e-18 
1443.9 3480.41 578.226 22.4999 -2.27894e-07 -0.28728 0.459184 -4.56027e-17 
1424.02 3407.8 612.686 22.4999 -2.27893e-07 -0.28728 0.456837 -5.64833e-17 
1404.1 3335.19 645.197 22.4999 -2.27893e-07 -0.28728 0.45449 -5.13142e-18 
1384.13 3262.58 675.716 22.4999 -2.27892e-07 -0.28728 0.452143 4.94986e-17 
1364.13 3189.96 704.196 22.4999 -2.27892e-07 -0.28728 0.449796 8.84093e-17 
1344.08 3117.35 730.589 22.4999 -2.27892e-07 -0.28728 0.447449 1.05698e-16 
1323.98 3044.74 754.843 22.4999 -2.27891e-07 -0.28728 0.445102 5.83413e-17 
1303.84 2972.13 776.906 22.4999 -2.27891e-07 -0.28728 0.442755 6.60659e-17 
1283.66 2899.51 796.727 22.4999 -2.27891e-07 -0.28728 0.440408 6.39851e-17 
1263.42 2826.9 814.255 22.4999 -2.27891e-07 -0.28728 0.438061 -1.00198e-17 
1243.14 2754.29 829.441 22.4999 -2.2789e-07 -0.28728 0.435714 9.46086e-17 
1222.8 2681.68 842.241 22.4999 -2.2789e-07 -0.28728 0.433367 4.05716e-17 
1202.41 2609.06 852.613 22.4999 -2.2789e-07 -0.28728 0.43102 -4.6929e-17 
1181.97 2536.45 860.525 22.4999 -2.2789e-07 -0.28728 0.428673 4.63102e-17 
1161.47 2463.84 865.948 22.4999 -2.2789e-07 -0.28728 0.426327 -8.86161e-18 
1140.92 2391.23 868.863 22.4999 -2.27889e-07 -0.28728 0.42398 -2.63099e-17 
1120.31 2318.61 869.261 22.4999 -2.27889e-07 -0.28728 0.421633 3.48052e-18 
1099.64 2246 867.139 22.4999 -2.27889e-07 -0.28728 0.419286 1.1805e-18 
1078.91 2173.39 862.505 22.4999 -2.27889e-07 -0.28728 0.416939 -2.51366e-17 
1058.12 2100.78 855.376 22.4999 -2.27888e-07 -0.28728 0.414592 -9.03944e-18 
1037.27 2028.16 845.777 22.4999 -2.27888e-07 -0.28728 0.412245 2.37682e-18 
1016.36 1955.55 833.739 22.4999 -2.27888e-07 -0.28728 0.409898 -1.34017e-17 
995.376 1882.94 819.301 22.4999 -2.27887e-07 -0.28728 0.407551 -9.51133e-18 
974.329 1810.33 802.507 22.4999 -2.27887e-07 -0.28728 0.405204 -2.71853e-19 
953.215 1737.71 783.404 22.4999 -2.27886e-07 -0.28728 0.402857 -7.00071e-18 
932.032 1665.1 762.043 22.4999 -2.27886e-07 -0.28728 0.40051 -3.57387e-18 
910.778 1592.49 738.474 22.4999 -2.27885e-07 -0.28728 0.398163 -3.30324e-17 
889.453 1519.88 712.751 22.4999 -2.27884e-07 -0.28728 0.395816 2.99437e-18 
868.056 1447.26 684.924 22.4999 -2.27884e-07 -0.28728 0.393469 1.5771e-17 
846.584 1374.65 655.043 22.4999 -2.27883e-07 -0.28728 0.391122 1.14747e-17 
825.038 1302.04 623.156 22.4999 -2.27882e-07 -0.28728 0.388776 -1.68685e-17 
803.414 1229.43 589.306 22.4999 -2.2788e-07 -0.28728 0.386429 8.34036e-20 
781.713 1156.81 553.533 22.4999 -2.27879e-07 -0.28728 0.384082 -9.31909e-18 
759.933 1084.2 515.874 22.4999 -2.27877e-07 -0.28728 0.381735 2.91947e-18 
738.072 1011.59 476.355 22.4999 -2.27875e-07 -0.28728 0.379388 3.29287e-18 
716.13 938.977 435.001 22.4999 -2.27872e-07 -0.28728 0.377041 -7.80481e-18 
694.105 866.365 391.823 22.4999 -2.27869e-07 -0.287265 0.374694 2.35805e-18 
671.995 793.752 346.823 22.4999 -2.27995e-07 -0.285191 0.372347 -5.53367e-18 
649.8 721.14 299.99 22.5 4.66264e-13 -0.00211772 0.369 0 
649.8 721.14 299.99 22.5 4.66264e-13 -0.00211772 0.369 0 
613.735 795.749 304.453 22.7188 0.499342 4.25996 -0.188388 0.229439 
576.906 1084.68 334.008 5 0.160898 6.2579 0.27797 -0.00181943 
614.869 1474.01 347.972 5 0.160898 6.25683 0.27797 -0.00177698 
654.238 1863.29 361.937 5 0.160898 6.25567 0.27797 -0.00173463 
695.014 2252.52 375.901 5 0.160898 6.25439 0.27797 -0.00169242 
737.197 2641.67 389.865 5 0.160898 6.25296 0.27797 -0.00165138 
780.787 3030.76 403.83 5 0.160898 6.25137 0.277971 -0.00161204 
825.784 3419.77 417.794 5 0.160898 6.24958 0.277971 -0.00157497 
872.188 3808.68 431.758 5 0.160898 6.24755 0.277971 -0.00154093 
919.998 4197.5 445.723 5 0.160898 6.24523 0.27797 -0.00151089 
969.215 4586.2 459.687 5 0.160889 6.24256 0.278127 -0.00148611 
1019.84 4974.76 473.651 5 0.162053 6.23945 0.258063 -0.00146803 
1071.87 5363.17 487.673 5 0.0124393 6.23577 0.629749 -0.0014565 
1125.46 5751.39 494.172 5 -0.100582 6.2314 0.94171 -0.00145966 
1179.82 6139.39 486.458 5 -0.0996364 6.22602 0.925406 -0.00147236 
1233.41 6527.13 478.791 5 -0.0986904 6.2193 0.909101 -0.00150298 
1286.21 6914.52 471.172 5 -0.0977444 6.21067 0.892795 -0.00157282 
1338.25 7301.48 463.6 5 -0.0967984 6.19919 0.876489 -0.00175624 
1389.53 7687.86 456.076 5 -0.0958524 6.18313 0.860183 -0.00216744 
1440.05 8073.44 448.6 5 -0.0949064 6.15879 0.843877 -0.00173701 
1489.81 8457.79 441.171 5 -0.0939604 6.11612 0.827571 -0.0100265 
1538.82 8840 433.79 5 -0.0930144 6.06293 0.811265 -0.0450354 
1587.08 9219.53 426.456 5 -0.0920691 4.74597 0.794959 -0.350129 
1634.55 9532.83 419.17 5 -0.0911254 0.2546 0.778653 -0.341743 
1681.11 9620.3 411.931 5 -0.0901817 -4.2712 0.762347 -0.065798 
1726.75 9480.18 404.74 5 -0.0892367 -6.09851 0.74604 -0.00494108 
1771.6 9248.18 397.596 5 -0.0882906 -6.1066 0.729734 -0.000485237 
1815.72 9015.77 390.5 5 -0.0873446 -6.15473 0.713428 -0.000471304 
1859.13 8780.94 383.451 5 -0.0863986 -6.18083 0.697122 -0.000194635 
1901.82 8544.8 376.45 5 -0.0854526 -6.19764 0.680816 -5.06254e-05 
1943.81 8307.81 369.497 5 -0.0845066 -6.2095 0.66451 1.75127e-05 
1985.09 8070.23 362.591 5 -0.0835605 -6.21837 0.648204 5.1612e-05 
2025.68 7832.2 355.732 5 -0.0826145 -6.22526 0.631898 6.83716e-05 
2065.58 7593.83 348.922 5 -0.0816685 -6.23076 0.615592 7.51203e-05 
2104.79 7355.17 342.158 5 -0.0807224 -6.23526 0.599286 7.56818e-05 
2143.31 7116.3 335.443 5 -0.0797764 -6.23901 0.582979 7.23352e-05 
2181.16 6877.23 328.775 5 -0.0788304 -6.24218 0.566673 6.65557e-05 
2218.34 6638 322.154 5 -0.0778843 -6.2449 0.550367 5.93474e-05 
2254.85 6398.64 315.581 5 -0.0769383 -6.24725 0.534061 5.14167e-05 
2290.69 6159.16 309.056 5 -0.0759923 -6.24931 0.517755 4.32721e-05 
2325.88 5919.57 302.578 5 -0.0750462 -6.25113 0.501449 3.52846e-05 
2360.41 5679.9 296.148 5 -0.0741002 -6.25274 0.485143 2.77283e-05 
2394.29 5440.14 289.765 5 -0.0731542 -6.25418 0.468837 2.08097e-05 
2427.53 5200.31 283.43 5 -0.0722081 -6.25548 0.45253 1.47035e-05 
2460.13 4960.42 277.143 5 -0.0712621 -6.25665 0.436224 9.58872e-06 
2492.1 4720.46 270.903 5 -0.0703161 -6.25771 0.419918 5.40314e-06 
2523.43 4480.46 264.71 5 -0.0695969 -6.25867 0.403612 2.46701e-06 
2554.15 4240.4 258.554 5.00868 -0.983143 -6.25855 0.387306 0.000240145 
2585.12 4000.35 206.46 40 -0.0899997 -4.01452 0.369 0 
2585.12 4000.35 206.46 40 -0.0899997 -4.01452 0.369 0 
2558.44 3974.13 203.586 36.9901 1.30025 -2.55108 -0.188388 0.745038 
2534.14 3964.55 216.587 25.5984 1.4 -0.660133 -0.176775 0.0386989 
2520.52 3976.49 230.931 14.1821 0.290102 -0.503894 -0.16516 -0.498927 
2517.89 3990.2 232.853 13.2156 -1.4 -2.15025 0.365954 -0.584252 
2516.56 3985.17 215.56 25.9218 -1.4 -3.87559 1.05472 -0.437544 
2503.23 3960.52 198.035 34.9529 -0.344339 -5.37892 -0.130326 -0.184851 
2481.01 3918.76 192.359 34.77 -0.343445 -6.23897 -0.118714 -0.00691284 
2458.81 3867.22 186.696 34.5871 -0.342543 -6.28 -0.107102 0.0583205 
2436.66 3815.21 181.047 34.4041 -0.341635 -5.95464 -0.0954897 0.0555208 
2414.55 3766.91 175.411 34.221 -0.340727 -5.63263 -0.0838775 0.0244257 
2392.48 3722.26 169.789 34.0378 -0.339834 -5.48139 -0.0722652 -0.00321064 
2370.45 3679.34 164.181 33.8546 -0.338968 -5.50263 -0.060653 -0.0129596 
2348.45 3636.18 158.585 33.6716 -0.338125 -5.59258 -0.0490407 -0.00737846 
2326.5 3591.99 153.003 33.4891 -0.337279 -5.64623 -0.0374285 0.00411575 
2304.58 3547.2 147.434 33.307 -0.336382 -5.61452 -0.0258162 0.0138513 
2282.71 3502.76 141.878 33.1248 -0.335394 -5.50337 -0.014204 0.0188745 
2260.87 3459.59 136.336 32.9417 -0.334327 -5.34437 -0.00259175 0.0200746 
2239.07 3418.23 130.811 32.7571 -0.333275 -5.16586 0.0090205 0.0199234 
2217.32 3378.9 125.3 32.5713 -0.3324 -4.97832 0.0206327 0.0204864 
2195.62 3341.7 119.803 32.3858 -0.331833 -4.77417 0.032245 0.0225354 
2173.96 3306.83 114.316 32.2033 -0.331531 -4.53659 0.0438572 0.0257169 
2152.34 3274.66 108.835 32.026 -0.331165 -4.24955 0.0554695 0.0292004 
2130.76 3245.75 103.362 31.8528 -0.330188 -3.90378 0.0670817 0.0322462 
2109.22 3220.78 97.9031 31.6781 -0.328161 -3.49737 0.078694 0.0344504 
2087.72 3200.44 92.4705 31.493 -0.325253 -3.03331 0.0903062 0.0357107 
2066.26 3185.37 87.0743 31.2907 -0.3226 -2.51684 0.101918 0.036076 
2044.87 3176.18 81.7121 31.0745 -0.322061 -1.95407 0.113531 0.0356207 
2023.56 3173.4 76.3599 30.8639 -0.325096 -1.35189 0.125143 0.0343983 
2002.33 3177.47 70.977 30.6893 -0.331059 -0.718594 0.136755 0.032458 
1981.14 3188.75 65.5295 30.5735 -0.336023 -0.0642469 0.148367 0.02988 
1959.94 3207.47 60.0275 30.5034 -0.333671 0.599436 0.15998 0.0267952 
1938.68 3233.74 54.5536 30.4123 -0.319169 1.25979 0.171592 0.0233794 
1917.38 3267.53 49.2464 30.1966 -0.294943 1.90417 0.183204 0.0198294 
1896.16 3308.65 44.2189 29.7813 -0.27456 2.52084 0.194816 0.0163355 
1875.21 3356.79 39.4308 29.2145 -0.279482 3.09981 0.206429 0.0130591 
1854.67 3411.52 34.5971 28.7266 -0.325702 3.63322 0.218041 0.0101202 
1834.48 3472.31 29.2463 28.6691 -0.40417 4.11565 0.229653 0.0075928 
1814.24 3538.6 23.0036 29.2894 -0.468041 4.54408 0.241265 0.00550623 
1793.31 3609.76 16.0228 30.4109 -0.444447 4.91775 0.252878 0.00385078 
1771.2 3685.17 9.29006 31.2391 -0.280535 5.23774 0.26449 0.00258583 
1748.14 3764.23 4.40745 30.581 -0.00980224 5.5063 0.276102 0.00165015 
1725.51 3846.34 2.6177 27.7927 0.206088 5.72579 0.287714 0.000973487 
1705.34 3930.95 3.33566 26.3168 0.13823 5.89679 0.299327 0.00048848 
1686.55 4017.5 6.45947 25.532 -0.0680856 6.01515 0.310939 0.000142099 
1668.59 4105.4 7.24989 26.5858 -0.336495 6.06692 0.322551 -9.47773e-05 
1649.76 4193.89 4.96671 29.8795 -0.467961 6.02062 0.334163 -0.000223094 
1627.89 4281.86 1.12744 34.0612 -0.222863 5.81841 0.345776 -0.000225927 
1602.07 4367.52 0.00100504 35.8051 0.489484 5.37482 0.357388 -6.26094e-05 
1574.46 4448.14 3.7976 29.602 1.4 4.90593 0.369 0 
