grtopL_104_2
50
2 2
12 12 
0 6 5 9 2 1 4 10 7 3 8 14 
0 6 5 9 2 1 4 10 7 3 8 14 
436.032 5197.12 3932.93 5062 193.744 3539.79 1934.96 4424.72 1805.68 62.9889 458.125 
1605.52 109.612 244.094 169.318 0 232.44 119.868 414.473 132.018 81.7307 269.375 
8.89861 106.064 80.2639 103.306 3.95395 72.2406 39.4889 90.3004 36.8507 1.28549 9.34949 
32.7658 2.23697 4.98151 3.45547 0 4.74367 2.44629 8.45863 2.69425 1.66797 5.49746 
810.973 3916.75 70.9356 335.681 11.8292 234.684 2.58148 847.306 2.54691 2.68439 4.13368 
1.45119e-06 2.36589 13.7141 10.0831 122.32 5.17249 1.15228 7.3256 7.32916 0.726365 4.30151 
1212.11 3526.68 4662 37.2723 0.910863 0 0.0289807 0 
401.137 2715.71 3851.03 5 -1.4 6.07812 -0.195347 0 
646.295 2612.75 3107.22 5 1.05339 5.27242 0 0 
561.971 1588.74 2249.41 40 -0.20283 5.31009 0 0 
380.284 1622.49 1231.51 40 -0.220724 6.28 0 0 
564.598 1623.19 209.986 40 -1.4 6.28 0 0 
559.468 1623.89 0.001 40 -1.4 6.28 0 0 
555.836 1624.58 0.001 5 -1.4 6.28 0 0 
552.351 1625.28 14.2593 5.02876 -1.4 6.28 0 0 
550.64 1625.98 0.001 5 -1.4 6.28 0 0 
548.809 1626.67 0.001 5 -1.4 6.28 0 0 
547.01 1627.37 0.001 5 -1.4 6.28 0 0 
545.24 1628.07 0.001 5 -1.4 6.28 0 0 
543.487 1628.77 0.001 5 -1.4 6.28 0 0 
541.745 1629.46 0.001 5 -1.4 6.28 0 0 
540.008 1630.16 0.001 5 -1.4 6.28 0 0 
538.274 1630.86 0.001 5 -1.4 6.28 0 0 
536.542 1631.56 0.001 5 -1.4 6.28 0 0 
534.81 1632.25 0.001 5 -1.4 6.28 0 0 
533.078 1632.95 0.001 5 -1.4 6.28 0 0 
531.347 1633.65 0.001 5 -1.4 6.28 0 0 
529.616 1634.35 0.001 5 -1.4 6.28 0 0 
527.885 1635.04 0.001 5 -1.4 6.28 0 0 
526.154 1635.74 0.001 5 -1.4 6.28 0 0 
524.422 1636.44 0.001 5 -1.4 6.28 0 0 
522.691 1637.14 0.001 5 -1.4 6.28 0 0 
520.96 1637.83 0.416604 5 -1.4 6.28 0 0 
519.229 1638.53 4.5505 5 -1.4 6.28 0 0 
517.497 1639.23 8.6844 5 -1.4 6.28 0 0 
515.766 1639.92 12.8183 5 -1.4 6.28 0 0 
514.035 1640.62 16.9522 5 -1.4 6.28 0 0 
512.305 1641.32 20.1117 5 -1.4 6.28 0 0 
510.574 1642.02 23.3094 5 -1.4 6.28 0 0 
508.843 1642.71 26.5514 5 -1.4 6.28 0 0 
507.112 1643.41 29.8441 5 -1.4 6.28 0 0 
505.38 1644.11 33.1938 5 -1.4 6.28 0 0 
503.649 1644.81 36.6068 5 -1.4 6.28 0 0 
501.918 1645.5 40.0899 5 -1.4 6.28 0 0 
500.187 1646.2 43.6499 5 -1.4 6.28 0 0 
498.458 1646.9 47.2941 5 -1.4 6.28 0 0 
496.732 1647.6 51.0302 5 -1.4 6.28 0 0 
495.02 1648.29 54.8669 5 -1.4 6.28 0 0 
493.354 1648.99 58.8145 5 -1.4 6.28 0 0 
491.842 1649.69 62.8868 5.77661 -1.4 6.28 6.47031e-05 0 
490.844 1650.39 67.1038 8.69982 -1.4 6.28 0.00471737 0 
491.555 1651.08 71.4978 11.8073 -1.4 6.28 0.00937004 0 
497.922 1651.78 76.1256 15.101 -1.4 6.28 0.0140227 0 
523.007 1651.87 81.0925 15.3741 -1.4 6.28 0.0186754 0 
1365.23 1326.95 189.599 5 1.4 6.28 0.023328 0 
2458.2 211.747 93.05 5.64891 -0.09 0.161229 0.0279807 0 
2458.2 211.747 93.05 5.64891 -0.09 0.161229 0.0279807 0 
-730.488 -1414.46 858.316 5 -1.39998 3.9316 0.991725 -0.0647038 
6050.96 1949.23 680.084 5.06256 1.39976 -4.33179 -0.176537 0.187958 
8575.47 99.2536 748.362 11.7576 1.39976 -3.52187 1.12084 0.000841232 
13128.2 -91.713 1089.42 39.6437 -1.39976 -0.577053 -0.153313 0.00206029 
12708.7 3.50601 784.293 34.8213 -0.408055 -1.73953 -0.117213 -0.00374739 
12135.5 29.9672 504.211 35.8066 0.0735832 -1.41018 0.0822386 0.00159117 
11436.8 4.36187 427.575 38.943 0.824206 -1.72723 0.092504 4.87648e-05 
10668.2 1.99238 348.742 38.9232 0.826872 -1.72798 0.0983877 6.32973e-05 
9838.74 0.277996 271.724 38.8978 0.830005 -1.734 0.00713325 1.11873e-05 
8952.66 -0.611301 196.842 36.0997 -0.235432 -1.6366 -0.083637 0.000166828 
7978.39 -1.465 437.362 29.3905 -1.36141 -2.55284 -0.0720365 -0.00199448 
7139.93 -0.224586 211.944 39.1109 1.06001 -2.62118 -0.0604244 0.00405992 
6265.4 -28.5729 248.564 39.2896 -0.309621 -2.55471 -0.0488143 -0.00193717 
4475.67 0.660371 0.00123551 9.6154 1.3932 -0.858225 0.56445 3.47386e-07 
4972.45 95.4731 141.565 22.7063 1.39388 -3.35611 0.541949 1.23886e-05 
5840.12 -97.3165 0.00123551 39.9998 0.974193 -0.57531 0.537266 6.86006e-06 
4543.78 -1.02245 0.00123551 21.3541 -1.02589 -2.53122 -0.00236168 1.41455e-05 
4594.71 -1.6004 0.00123552 25.7877 0.895913 -2.52701 0.514438 1.1774e-05 
4454.78 -1.99847 0.00123551 39.9998 0.975295 -2.52868 0.456224 1.717e-05 
3152.49 -1.50367 0.00123573 21.634 1.13099 -2.52845 0.504264 1.55436e-05 
3177.59 -2.03287 112.266 30.4446 1.08965 -2.5272 0.389841 4.00703e-05 
2351.14 -1.91407 203.193 25.371 -1.39976 -0.574139 0.523372 3.22535e-05 
2476.46 -2.24264 0.00123551 12.2014 0.969097 -2.52607 0.281715 1.65633e-05 
1975.45 -1.85738 0.00123553 21.9402 -1.02495 -0.572578 0.0789544 1.3114e-05 
2015.75 -1.80597 0.00123551 34.4181 -0.274387 -2.52648 0.0905668 -8.17408e-07 
1178.73 -1.39288 0.00123559 5.25514 -0.187346 -1.78952 0.38869 -1.66355e-05 
1817.46 -2.10988 155.942 5.00024 -1.20613 -0.571901 0.550223 0.000117857 
2017.58 -2.91915 78.0423 5.00024 -0.166199 -1.77192 0.555228 2.13861e-05 
2786.37 -2.64941 151.075 5.00024 -0.16683 -1.77146 0.558544 1.65696e-05 
3509.14 -2.23657 208.156 5.00024 -0.167511 -1.77108 0.5594 1.51354e-05 
4310.58 -1.79217 264.768 5.00024 -0.168173 -1.77074 0.558234 1.26828e-05 
5177.57 -1.30279 320.918 5.00024 -0.169462 -1.77047 0.555234 1.00986e-05 
6110.08 -0.769452 376.514 5.00024 -0.0433633 -1.77192 0.549734 1.99337e-06 
7068.35 -0.222886 514.724 6.88503 -0.201748 -1.78558 0.538432 -3.18548e-06 
7932.59 0.381577 535.358 6.07463 -0.192859 -2.52098 0.527188 -9.58354e-06 
8914.32 1.03545 564.758 5.86263 -0.18959 -2.52137 0.516014 -1.51056e-05 
9955.05 1.71812 597.622 5.80345 -0.225045 -1.78757 0.504878 -2.23568e-05 
11031.3 2.42376 600.338 5.82546 -0.226999 -2.52132 0.493653 -1.04547e-05 
12095.2 3.19133 601.672 5.87054 -0.230209 -2.52191 0.48255 -0.000241858 
13143.7 4.01566 600.976 5.90865 0.27015 -1.74832 0.47143 0.000337685 
14230.9 4.83983 775.463 7.69977 -1.15226 -0.582103 0.276302 0.098268 
14646 6.3559 657.838 6.39854 -0.324197 6.18077 0.287908 0.108756 
15296.1 9846.26 354.515 16.1749 -0.201063 4.19842 0.299514 -0.0114939 
15399.5 20238.8 83.5323 22.4934 -0.371286 2.62132 0.311119 -0.00934666 
13930 21870.1 18.9496 23.7865 0.170424 1.76456 0.322724 -0.0757378 
11567.3 22367.6 17.0307 30.1218 0.15846 1.42641 0.344512 -0.0650395 
8338.85 22418.1 15.6527 8.38904 -1.39389 -6.27957 0.350763 -0.0436442 
5954.5 19797.5 0.00123557 5.00021 -1.39977 -6.28 0.357521 0.00655205 
4048.72 9646.82 254.62 5.00025 0.0897998 -5.91642 0.369 0 
4048.72 9646.82 254.62 5.00025 0.0897998 -5.91642 0.369 0 
4572.35 5257.3 305.654 28.7139 -0.217636 -5.94059 -0.188388 0.0157933 
3301.56 849.405 10.7294 28.5828 -0.0263784 -2.48505 -0.176775 0.00395099 
1463.36 -1.19636 0.0775904 22.9602 0.0330003 -1.5978 -0.165163 2.99658e-05 
42.2634 -0.0321287 7.63611 6.0142 -0.00126963 -1.57423 0.697773 2.1593e-06 
2.66902 -0.00207985 3.62185 6.50195 -0.0138476 -1.57092 0.675357 -8.57908e-08 
0.854148 -0.000639343 3.31594 6.49283 -0.0135752 -1.57092 0.671341 -8.10017e-08 
0.0024331 3.88688e-05 3.31597 6.48562 -0.0134696 -1.57092 0.667084 -7.55258e-08 
0.0011946 3.9841e-05 3.315 6.48643 -0.0133642 -1.57092 0.662349 -6.98403e-08 
0.00116247 3.98429e-05 3.31481 6.48735 -0.0132561 -1.57092 0.657461 -6.41971e-08 
0.00115893 3.98138e-05 3.31465 6.48831 -0.0131448 -1.57092 0.652423 -5.86124e-08 
0.00116145 3.97732e-05 3.3145 6.48933 -0.0130304 -1.57092 0.647237 -5.30966e-08 
0.0011578 3.9735e-05 3.31435 6.49039 -0.0129127 -1.57092 0.641902 -4.76616e-08 
0.00114823 3.96977e-05 3.3142 6.49149 -0.0127919 -1.57092 0.636419 -4.23209e-08 
0.00113482 3.96786e-05 3.31404 6.49264 -0.012668 -1.57092 0.630787 -3.70877e-08 
0.00111807 3.96306e-05 3.31388 6.49383 -0.0125409 -1.57092 0.625008 -3.19768e-08 
0.00109809 3.9606e-05 3.31371 6.49507 -0.0124108 -1.57092 0.619081 -2.70027e-08 
0.00107646 3.95831e-05 3.31354 6.49636 -0.0122777 -1.57092 0.613008 -2.21807e-08 
0.00105509 3.95601e-05 3.31338 6.4977 -0.0121415 -1.57092 0.606787 -1.75264e-08 
0.00103481 3.95389e-05 3.3132 6.4991 -0.0120023 -1.57092 0.600422 -1.30533e-08 
0.00101506 3.95069e-05 3.31303 6.50057 -0.0118601 -1.57092 0.593912 -8.78009e-09 
0.000996303 3.9585e-05 3.31285 6.5021 -0.0117147 -1.57092 0.587253 -4.71446e-09 
0.000978383 3.94376e-05 3.31267 6.5037 -0.0115661 -1.57092 0.580445 -8.96463e-10 
0.000961021 3.94238e-05 3.31249 6.50539 -0.0114143 -1.57092 0.573485 2.67652e-09 
0.000944429 3.94099e-05 3.31231 6.50716 -0.0112591 -1.57092 0.566372 5.97979e-09 
0.000928732 3.93952e-05 3.31213 6.50901 -0.0111006 -1.57092 0.559107 8.99525e-09 
0.000914397 3.93783e-05 3.31196 6.51097 -0.0109388 -1.57092 0.551689 1.17048e-08 
0.00090172 3.9362e-05 3.31178 6.51302 -0.0107736 -1.57092 0.544122 1.40905e-08 
0.000897946 3.93491e-05 3.31161 6.51519 -0.0106052 -1.57092 0.536407 1.61352e-08 
0.000902427 3.93401e-05 3.31145 6.51748 -0.0104337 -1.57092 0.52855 1.78192e-08 
0.000920128 3.96496e-05 3.31131 6.5199 -0.0102592 -1.57092 0.520554 1.91342e-08 
0.000946052 3.89371e-05 3.31117 6.52247 -0.0100819 -1.57092 0.512427 2.00548e-08 
0.000924987 3.94232e-05 3.31113 6.52524 -0.00988565 -1.57092 0.504168 2.05497e-08 
-0.00588348 4.46662e-05 3.33948 6.52903 -0.00966791 -1.57092 0.495773 2.06235e-08 
-0.0435171 7.47912e-05 3.43142 6.53417 -0.00950189 -1.57092 0.487264 2.03624e-08 
-0.0814634 0.000104742 3.49934 6.53945 -0.00933305 -1.57092 0.478663 1.97071e-08 
-0.172281 0.000176857 3.54431 6.54438 -0.00914998 -1.57092 0.469995 1.85367e-08 
-0.314501 0.000289914 3.58464 6.54657 -0.00767152 -1.57092 0.460899 -2.60927e-06 
-0.540299 0.000458729 5.84399 6.47101 0.0127688 -1.58044 0.429177 -8.72543e-08 
-6.09818 0.00483458 43.1272 7.4182 0.00618401 -1.58239 0.407733 1.17574e-07 
-12.5365 0.00973751 71.7538 8.10252 0.0961965 -1.58246 0.364572 -2.18862e-05 
-44.6984 0.0338199 266.086 12.0304 0.0827377 -1.64079 0.276102 -6.81405e-07 
-58.664 0.0444707 440.634 11.7708 0.0928332 -1.64106 0.287714 3.15133e-05 
298.249 -0.229806 625.71 5 0.0657737 -1.49981 0.396293 4.27419e-06 
1712.4 -1.34809 794.554 5 -0.0538183 -1.50009 0.452531 -2.34927e-07 
3467.76 -2.7524 701.756 5 -0.0528723 -1.51652 0.436224 8.58638e-08 
5025.49 -4.08305 609.906 5 -0.0519263 -1.51478 0.419918 1.81296e-06 
6385.96 -4.788 519.003 5 -0.0509801 -1.18682 0.403612 0.000912179 
7570.25 353.309 429.048 5 -0.0959655 6.27021 0.387306 -0.000209539 
8587.49 8275.68 294.04 40 -0.0027637 0.00584756 0.369 0 
8587.49 8275.68 294.04 40 -0.0027637 0.00584756 0.369 0 
5410.57 9973.53 0.0527224 39.8724 0.147359 -6.27995 -0.188339 0.000185672 
1477.24 3568.97 2.45915 13.0834 0.240335 -4.07787 0.264373 -0.000102009 
316.903 0.69588 1.16396 6.09324 0.00123665 -1.77458 0.305296 2.37183e-06 
0.615522 0.0062967 1.14567 6.00082 -0.00265373 -1.77406 0.310464 -3.53719e-07 
0.327668 0.002724 1.14514 6.00036 -0.00274243 -1.77405 0.31538 -3.04136e-07 
0.104138 0.000253879 1.14526 5.99918 -0.00281837 -1.77404 0.320324 -3.60916e-07 
0.0064097 5.98046e-07 1.14561 5.99835 -0.00291383 -1.77404 0.32537 -3.58832e-07 
0.00563718 -1.28204e-06 1.14543 5.99836 -0.00300347 -1.77404 0.330364 -3.52762e-07 
0.00492528 -2.1795e-06 1.14542 5.99834 -0.00309654 -1.77404 0.335369 -3.46269e-07 
0.00429142 -2.34448e-06 1.1454 5.99833 -0.00319302 -1.77404 0.340371 -3.39169e-07 
0.00367962 -3.55154e-06 1.14539 5.99832 -0.00329294 -1.77404 0.345355 -3.3169e-07 
0.0031341 7.07216e-07 1.14538 5.99831 -0.00339637 -1.77404 0.350305 -3.23545e-07 
0.00259341 6.56881e-07 1.14538 5.99829 -0.00350338 -1.77404 0.355207 -3.14876e-07 
0.00205725 6.21467e-07 1.14538 5.99828 -0.00361418 -1.77404 0.360047 -3.05629e-07 
0.00151449 5.73415e-07 1.14537 5.99826 -0.00372904 -1.77404 0.364812 -2.95886e-07 
0.0011728 7.95703e-07 1.14537 5.99824 -0.00384791 -1.77404 0.36948 -2.85509e-07 
0.000855064 1.04727e-06 1.14537 5.99822 -0.00397034 -1.77404 0.374017 -2.74527e-07 
0.00054107 1.29575e-06 1.14537 5.9982 -0.00409774 -1.77404 0.378433 -2.63011e-07 
0.000214547 1.55423e-06 1.14537 5.99818 -0.00422276 -1.77404 0.382544 -2.50915e-07 
1.97438e-05 1.70849e-06 1.14537 5.99816 -0.00434404 -1.77404 0.386311 -2.38224e-07 
1.65855e-06 1.72289e-06 1.14537 5.99814 -0.00446141 -1.77404 0.389729 -2.24964e-07 
1.63605e-06 1.72291e-06 1.14537 5.99812 -0.00457477 -1.77404 0.392796 -2.11153e-07 
1.63383e-06 1.72291e-06 1.14537 5.9981 -0.00468399 -1.77404 0.395507 -1.9681e-07 
1.63309e-06 1.72291e-06 1.14537 5.99809 -0.00478897 -1.77404 0.397863 -1.81958e-07 
1.6325e-06 1.72291e-06 1.14537 5.99807 -0.0048896 -1.77404 0.399864 -1.66628e-07 
1.63199e-06 1.72291e-06 1.14537 5.99805 -0.00498575 -1.77404 0.401512 -1.50853e-07 
1.63154e-06 1.72291e-06 1.14537 5.99804 -0.0050773 -1.77404 0.402809 -1.34678e-07 
1.63112e-06 1.72291e-06 1.14537 5.99802 -0.00516412 -1.77404 0.40376 -1.1815e-07 
1.6307e-06 1.72291e-06 1.14537 5.998 -0.0052461 -1.77404 0.404371 -1.0133e-07 
1.63029e-06 1.72291e-06 1.14537 5.99799 -0.0053232 -1.77404 0.404652 -8.42892e-08 
1.6299e-06 1.72291e-06 1.14537 5.99797 -0.00539546 -1.77404 0.404612 -6.71128e-08 
1.62961e-06 1.72291e-06 1.14537 5.99796 -0.00546307 -1.77404 0.404267 -4.99074e-08 
1.62953e-06 1.72291e-06 1.14537 5.99795 -0.00552634 -1.77404 0.403629 -3.28059e-08 
1.62982e-06 1.72291e-06 1.14537 5.99793 -0.00558573 -1.77404 0.402715 -1.59766e-08 
1.63081e-06 1.72291e-06 1.14537 5.99792 -0.0056418 -1.77404 0.401541 3.65066e-10 
1.62672e-06 1.72291e-06 1.14537 5.99791 -0.00569514 -1.77404 0.400123 1.59423e-08 
9.46371e-07 1.72345e-06 1.14538 5.9979 -0.00574621 -1.77404 0.398477 3.04015e-08 
-4.89733e-06 1.72808e-06 1.1454 5.99788 -0.00579518 -1.77404 0.396621 4.32981e-08 
-1.13177e-05 1.73316e-06 1.14542 5.99787 -0.00584151 -1.77404 0.394574 5.40872e-08 
-1.85363e-05 1.73888e-06 1.14544 5.99786 -0.0058835 -1.77404 0.392357 6.21302e-08 
-2.18453e-05 1.74151e-06 1.14548 5.99785 -0.00591802 -1.77404 0.390001 6.67389e-08 
-1.75514e-05 1.7381e-06 1.14551 5.99784 -0.00594068 -1.77404 0.387537 6.7262e-08 
5.42697e-05 1.62825e-06 1.14554 5.99784 -0.00594755 -1.77404 0.385006 6.324e-08 
0.00042222 1.48673e-06 1.1456 5.99785 -0.00592829 -1.77404 0.382442 5.44326e-08 
-0.00213159 4.04565e-06 1.16491 5.9979 -0.00589574 -1.77404 0.379871 4.29645e-08 
0.0287629 -2.2648e-05 1.19417 5.99769 0.0763319 -1.77403 0.377254 5.56622e-07 
-37.42 0.0186395 364.845 13.849 0.304896 -1.38281 0.388339 4.6494e-06 
60.9953 336.953 1110.72 14.3919 -0.405784 3.49991 0.387305 -1.06144e-06 
2323.56 6579.95 276.07 40 -8.45672e-06 -1.4966e-06 0.369 0 
2323.56 6579.95 276.07 40 -8.45672e-06 -1.4966e-06 0.369 0 
2226.64 6645.66 286.709 40 1.0243 -6.17971 -0.188388 -8.62759e-05 
2129.52 6406.5 347.884 5 0.390942 -6.27999 -0.176776 0.000411799 
2177.42 6162.28 380.578 5 0.390268 -6.22774 -0.165163 0.000147158 
2228.56 5920.63 413.24 5 0.389595 -6.22845 -0.153551 0.000150156 
2282.94 5678.96 445.868 5 0.388921 -6.23013 -0.141939 0.000213413 
2340.53 5437.19 478.463 5 0.388247 -6.22249 -0.130327 0.000508818 
2401.35 5195.81 511.024 5 0.387574 -6.1775 -0.118714 -0.000600104 
2465.39 4956.64 543.553 5 0.3869 -6.26444 -0.107102 0.000547185 
2532.65 4713.19 576.048 5 0.386226 -6.2283 -0.0954898 -0.000266395 
2603.11 4471.52 608.51 5 0.385552 -6.25796 -0.0838776 2.50679e-05 
2676.79 4228.38 640.939 5 0.384879 -6.27081 -0.0722653 9.1548e-05 
2753.67 3984.61 673.334 5 0.384205 -6.27666 -0.0606531 0.000102828 
2833.75 3740.56 705.697 5 0.383531 -6.2775 -0.0490408 0.000107026 
2917.04 3496.46 738.026 5 0.382858 -6.27661 -0.0374286 9.97107e-05 
3003.52 3252.4 770.322 5 0.382184 -6.27706 -0.0258163 9.63507e-05 
3093.19 3008.32 802.584 5 0.38151 -6.27731 -0.0142041 0.000108203 
3186.05 2764.23 834.813 5 0.380836 -6.27746 -0.00259184 8.84861e-05 
3282.1 2520.14 867.01 5 0.380163 -6.27754 0.00902041 8.82188e-05 
3381.34 2276.04 899.172 5 0.379489 -6.27756 0.0206327 9.40848e-05 
3483.75 2031.93 931.302 5 0.284932 -6.27754 0.403197 8.94e-05 
3589.43 1787.83 958.767 5 -0.297635 -6.27746 0.827571 6.11916e-05 
3698.4 1543.74 933.832 5 -0.296689 -6.27732 0.811265 1.55838e-05 
3804.91 1299.64 908.943 5 -0.295743 -6.27709 0.794959 0.000258021 
3908.95 1055.56 884.102 5 -0.294797 -6.27671 0.778653 8.65486e-05 
4010.54 811.504 859.307 5 -0.29385 -6.27606 0.762347 5.98971e-05 
4109.68 567.476 834.559 5 -0.292904 -6.27471 0.746041 8.19183e-05 
4206.37 323.514 809.857 5 -0.291958 -6.27064 0.729735 0.0152229 
4300.61 79.753 785.202 5 -0.291011 -3.00201 0.713429 0.00663257 
4392.55 -2.74862 760.594 5 -0.290064 -1.33152 0.697122 3.87721e-06 
4482.12 -2.83617 736.033 5 -0.289118 -1.33092 0.680816 -1.49166e-06 
4569.26 -2.8939 711.518 5 -0.288172 -1.331 0.66451 -2.44289e-06 
4653.98 -2.95542 687.05 5 -0.287226 -1.33135 0.648204 -1.97067e-06 
4736.27 -3.03434 662.629 5 -0.28628 -1.33162 0.631898 -2.49468e-06 
4816.16 -3.12656 638.254 5 -0.285334 -1.33222 0.615592 -2.59964e-06 
4893.63 -3.24834 613.926 5 -0.284388 -1.33302 0.599286 3.54773e-07 
4968.69 -3.40969 589.644 5 -0.283442 -1.33233 0.58298 1.07325e-06 
5041.36 -3.53691 565.41 5 -0.282495 -1.33113 0.566673 7.91286e-06 
5111.62 -3.60496 541.222 5 -0.281549 -1.32451 0.550367 4.34232e-06 
5179.5 -3.34641 517.08 5 -0.280603 -1.32001 0.534061 -5.28143e-05 
5244.99 -2.86575 492.986 5 -0.279657 -1.37822 0.517755 5.60991e-05 
5308.1 -5.25707 468.938 5 -0.278711 -1.30092 0.501449 -1.97114e-05 
5368.82 -3.83506 444.936 5 -0.277765 -1.33451 0.485143 8.5059e-07 
5427.18 -4.06996 420.982 5 -0.276819 -1.3321 0.468837 8.25738e-07 
5483.17 -4.18615 397.074 5 -0.275873 -1.32908 0.452531 -2.29506e-06 
5536.79 -4.15329 373.212 5 -0.274927 -1.33868 0.436224 -1.59173e-05 
5588.05 -4.59398 349.398 5 -0.273981 -1.44706 0.419918 0.000506207 
5636.95 -10.3817 325.63 5 -0.273033 3.56515 0.403612 0.000106009 
5683.7 231.11 301.908 5 -1.20456 6.26203 0.387306 -8.19995e-05 
5729.13 605.653 232.23 40 -0.000304899 0.148102 0.369 0 
5729.13 605.653 232.23 40 -0.000304899 0.148102 0.369 0 
3507.66 2095.29 0.001 40 0.154966 -4.15561 -0.188387 9.37179e-05 
860.896 -0.138773 0.00311004 15.2636 0.245143 -1.46175 0.0672995 -2.7777e-06 
1.05393 -0.000766062 0.292611 5.27305 0.00185845 -1.39021 0.115241 -3.49558e-07 
1.83687e-06 4.76929e-05 0.282304 5.27777 0.00174577 -1.34748 0.119846 -3.49274e-07 
3.86228e-07 4.1026e-07 0.282304 5.27777 0.00168019 -1.34749 0.124722 -3.4993e-07 
3.85606e-07 4.10925e-07 0.282304 5.27776 0.00161089 -1.34749 0.129882 -3.5068e-07 
3.85286e-07 4.10818e-07 0.282304 5.27776 0.0015377 -1.34749 0.135343 -3.51539e-07 
3.8495e-07 4.10648e-07 0.282304 5.27775 0.00146043 -1.3475 0.141122 -3.52524e-07 
3.84599e-07 4.10459e-07 0.282304 5.27775 0.00137883 -1.3475 0.147239 -3.53652e-07 
3.84237e-07 4.10252e-07 0.282304 5.27774 0.00129265 -1.3475 0.153713 -3.54942e-07 
3.83875e-07 4.1002e-07 0.282304 5.27774 0.00120157 -1.34751 0.160564 -3.56415e-07 
3.83529e-07 4.09756e-07 0.282304 5.27773 0.00110519 -1.34751 0.167817 -3.58091e-07 
3.83228e-07 4.09449e-07 0.282304 5.27772 0.00100296 -1.34751 0.175506 -3.59994e-07 
3.83021e-07 4.09079e-07 0.282304 5.27771 0.000893995 -1.34752 0.18368 -3.62148e-07 
3.82991e-07 4.08603e-07 0.282304 5.27771 0.00077655 -1.34752 0.192452 -3.64578e-07 
3.83283e-07 4.07965e-07 0.282304 5.27769 0.000647808 -1.34753 0.201999 -3.67309e-07 
3.8402e-07 4.07271e-07 0.282304 5.27768 0.000508024 -1.34753 0.21227 -3.70367e-07 
3.85183e-07 4.06665e-07 0.282304 5.27767 0.000360762 -1.34754 0.222971 -3.73772e-07 
3.86591e-07 4.06277e-07 0.282304 5.27765 0.000211956 -1.34755 0.233647 -3.77544e-07 
3.8828e-07 4.05902e-07 0.282304 5.27764 6.22802e-05 -1.34756 0.244228 -3.81695e-07 
3.90213e-07 4.05505e-07 0.282304 5.27762 -8.8441e-05 -1.34756 0.254705 -3.86231e-07 
3.92245e-07 4.05089e-07 0.282304 5.27761 -0.000240507 -1.34757 0.265079 -3.91143e-07 
3.94135e-07 4.04657e-07 0.282304 5.27759 -0.000394433 -1.34758 0.275362 -3.96408e-07 
3.95545e-07 4.04217e-07 0.282304 5.27757 -0.000551004 -1.34759 0.285583 -4.01976e-07 
3.96075e-07 4.03786e-07 0.282304 5.27755 -0.000711184 -1.3476 0.295776 -4.07766e-07 
3.9537e-07 4.03398e-07 0.282304 5.27752 -0.000875736 -1.34761 0.305961 -4.1365e-07 
3.93266e-07 4.03105e-07 0.282305 5.2775 -0.00104453 -1.34762 0.316105 -4.19443e-07 
3.89926e-07 4.02972e-07 0.282305 5.27747 -0.00121577 -1.34763 0.326085 -4.24888e-07 
3.85855e-07 4.03061e-07 0.282305 5.27744 -0.00138564 -1.34764 0.335677 -4.29629e-07 
3.81753e-07 4.03399e-07 0.282305 5.27742 -0.00154879 -1.34765 0.344595 -4.33202e-07 
3.78267e-07 4.03967e-07 0.282305 5.27739 -0.00169967 -1.34765 0.352579 -4.35009e-07 
3.75795e-07 4.04705e-07 0.282305 5.27736 -0.00183384 -1.34766 0.359463 -4.34316e-07 
3.74438e-07 4.05529e-07 0.282305 5.27734 -0.00194867 -1.34767 0.365216 -4.30252e-07 
3.74066e-07 4.06368e-07 0.282305 5.27731 -0.00204308 -1.34768 0.369911 -4.21841e-07 
3.74439e-07 4.07178e-07 0.282305 5.27729 -0.00211677 -1.34768 0.373674 -4.0808e-07 
3.75309e-07 4.07939e-07 0.282305 5.27728 -0.00216946 -1.34769 0.376633 -3.88072e-07 
3.76492e-07 4.08644e-07 0.282305 5.27726 -0.00220092 -1.34769 0.378915 -3.61228e-07 
3.77883e-07 4.0928e-07 0.282305 5.27725 -0.00221171 -1.3477 0.380679 -3.27555e-07 
3.79419e-07 4.09844e-07 0.282305 5.27724 -0.00220452 -1.3477 0.38213 -2.87962e-07 
3.81014e-07 4.10371e-07 0.282305 5.27723 -0.00218475 -1.3477 0.383421 -2.44491e-07 
3.8251e-07 4.10943e-07 0.282305 5.27722 -0.00215908 -1.34771 0.384438 -2.00249e-07 
3.83748e-07 4.11594e-07 0.282305 5.27722 -0.00213206 -1.34771 0.384685 -1.58723e-07 
3.8473e-07 4.12196e-07 0.282305 5.27721 -0.00210305 -1.34771 0.383686 -1.22347e-07 
3.85675e-07 4.12501e-07 0.282305 5.27721 -0.00206861 -1.34771 0.381665 -9.10327e-08 
3.87243e-07 4.11872e-07 0.282305 5.27721 -0.00202939 -1.34771 0.379362 -8.60867e-08 
5.58367e-07 6.41883e-09 0.282306 5.27721 -0.00169687 -1.34808 0.377065 7.15371e-06 
2.15889 0.00152686 4.2935 5.11541 0.245562 0.856167 0.37358 1.23834e-05 
352.682 2412.91 441.268 5.70816 -0.308983 6.28 0.358403 -6.2245e-06 
1464.84 9723.04 220.07 13.0371 -8.05009e-06 2.69711e-06 0.369 0 
1464.84 9723.04 220.07 13.0371 -8.05009e-06 2.69711e-06 0.369 0 
1445.84 10499.2 232.061 5.15232 0.0251044 2.5216 0.800044 0.12975 
1750.69 12512.5 262.651 5.00005 0.0249708 6.16619 0.809821 -0.00446566 
2093.21 16326.4 293.287 5.16781 0.0240531 6.21582 0.798975 -0.158129 
2459.34 20164.9 323.238 5.14381 0.00855777 2.19273 0.845009 -0.0569074 
2854.56 22021.2 345.66 5.08228 0.00721061 0.525837 0.874505 -0.0702976 
3273.71 23051.5 362.328 5.08151 0.00741574 -1.38499 0.874544 -0.00645444 
3708.59 23140.3 379.101 5.00509 0.0076006 -1.55827 0.879348 -0.0699498 
4162.99 23143.3 396.022 5.00022 0.00763192 -3.50087 0.879297 0.0602453 
4633.53 22189.1 412.964 5.00021 -0.0227543 -1.86416 0.879191 -0.0612008 
5121.73 22041.3 414.932 16.3935 -0.0433234 -3.66714 0.156396 -0.0963043 
5161.58 21005.5 397.854 19.7123 -0.0637257 -6.27121 -0.0539768 0.00434477 
5052.72 18686.8 368.022 19.5203 -0.0631805 -6.24405 -0.0417949 0.00388831 
4916.91 16381.5 338.61 19.4768 -0.0624865 -6.22915 -0.0390248 0.00331728 
4753.73 14083.6 309.573 19.2513 -0.0616196 -6.21927 -0.024721 0.00320189 
4570.8 11790.6 281.145 19.1147 -0.061034 -6.23301 -0.0160534 0.00213812 
4365.18 9490.74 253.108 19.0088 -0.0603321 -6.26563 -0.00932454 0.00288445 
4136.03 7174.75 225.5 18.8332 -0.059458 -6.27859 0.00181848 0.0353667 
3886.54 4852.34 198.462 18.6505 -0.0585689 -5.49158 0.0134107 0.112628 
3617.88 2917.71 172.007 18.4691 -0.0576826 -2.33745 0.0249229 -0.0181085 
3331.5 2542.07 146.132 18.2882 -0.0569567 -2.85482 0.0364016 0.038261 
3026.51 1911.53 120.755 18.1675 -0.0562179 -1.80613 0.0441256 -0.00992637 
2701.63 1797.66 95.8374 17.9899 -0.0511875 -2.08673 0.0555912 0.00229391 
2359.91 1543.71 78.6731 17.6567 -0.0342538 -2.03529 0.0671987 0.00723239 
2013.35 1316.15 64.9803 15.5234 -0.0153055 -1.83964 0.18857 0.0026266 
1737.38 1184.33 67.4482 8.43369 -0.00175864 -1.77063 0.623332 0.00128188 
1744.37 1085.18 79.1766 8.72875 -0.00900863 -1.73852 0.628807 -0.000609348 
1752.67 1001.88 85.527 8.89453 -0.0101311 -1.75979 0.620689 0.00206336 
1762.01 908.109 91.1025 9.04522 -0.0110246 -1.70496 0.612503 -0.0098355 
1771.04 841.403 96.0776 9.19465 -0.0118205 -1.98789 0.603673 0.0231386 
1779.06 635.089 100.513 9.33191 -0.0125627 -1.33446 0.595446 -0.0239499 
1786.35 751.214 104.457 9.47251 -0.0133845 -2.01761 0.586695 0.0239134 
1791.75 530.245 107.876 9.65441 -0.0144248 -1.33639 0.574957 0.00464348 
1793.62 645.43 110.64 9.89899 -0.0152921 -1.19703 0.559142 -0.0112365 
1788.6 829.384 112.793 10.0352 -0.0160236 -1.518 0.549593 0.00720394 
1780.15 854.962 114.502 10.2368 -0.0171127 -1.30355 0.535011 0.000523999 
1765.42 986.335 115.57 10.5637 -0.0177521 -1.28411 0.510673 -0.0425213 
1738.59 1127.33 116.212 10.7236 -0.0128541 -2.57483 0.482608 0.167086 
1705.13 631.714 120.646 10.5982 -0.00280261 2.8146 0.462195 0.0269043 
1681.71 2794.63 133.139 10.4911 -0.00993709 3.73351 0.461346 -0.188528 
1673.82 5410.31 142.248 13.7008 -0.019617 -3.11174 0.264519 0.180177 
1545.6 4653.28 144.054 14.5127 -0.0245201 4.01601 0.276128 0.0591664 
1389.96 7408.27 142.803 14.3046 -0.0235955 6.15908 0.289329 -0.00692593 
1242.15 11218.9 142.172 14.1314 -0.0229756 6.07449 0.300143 -0.112579 
1100.49 14987.7 141.984 13.9562 -0.0355783 1.13285 0.310964 -0.10262 
963.754 16316.9 135.723 13.7812 -0.0207799 -4.16984 0.322561 -0.0353822 
828.602 15033.5 136.893 13.5084 -0.0194503 -6.19518 0.338818 0.000702782 
701.485 12752.2 138.933 13.2591 -0.0181194 -6.20953 0.345781 0.000587193 
586.205 10463.9 141.825 13.1599 0.00320112 -6.20587 0.363317 0.00442737 
477.487 8177.27 155.301 5.00547 0.09 -4.81947 0.369 0 
477.487 8177.27 155.301 5.00547 0.09 -4.81947 0.369 0 
299.605 3672.52 11.902 6.96512 0.68535 -4.59807 -0.0862768 0.000920416 
1.68514 1057.16 1.42784 5.37823 0.00453385 -1.78843 0.0353671 0.000641729 
-0.598099 0.059372 0.235579 5.26371 0.00462173 -0.835875 0.0424181 9.90648e-07 
0.0100292 1.95431e-06 0.222733 5.26951 0.00462288 -0.835823 0.0434283 -4.60378e-08 
0.00668004 2.58552e-06 0.222007 5.26973 0.0046228 -0.835823 0.0449701 -4.42258e-08 
5.74492e-05 2.82998e-06 0.221889 5.26966 0.004619 -0.835823 0.0467619 -4.38837e-08 
5.70326e-05 2.83051e-06 0.221852 5.26966 0.00461892 -0.835823 0.0488233 -4.34346e-08 
8.85319e-05 2.80562e-06 0.221957 5.26967 0.00461931 -0.835823 0.0512088 -4.29587e-08 
0.000122476 2.77881e-06 0.222163 5.26967 0.00461959 -0.835823 0.0539818 -4.24676e-08 
0.000159273 2.74975e-06 0.222456 5.26968 0.0046211 -0.835823 0.0571636 -4.19352e-08 
0.000204211 2.71425e-06 0.22288 5.2697 0.00462103 -0.835823 0.0609582 -4.14064e-08 
0.000258312 2.67151e-06 0.223442 5.26971 0.0046203 -0.835823 0.0654461 -4.08284e-08 
0.000383713 2.57259e-06 0.224325 5.26974 0.00461973 -0.835823 0.0707028 -4.02178e-08 
0.000599003 2.40262e-06 0.225749 5.26983 0.00462036 -0.835823 0.0768233 -3.93698e-08 
-0.00379473 2.17905e-06 0.227864 5.26957 0.00462057 -0.835823 0.0839517 -3.88166e-08 
-0.000744041 1.91413e-06 0.230785 5.26969 0.00462019 -0.835823 0.0920993 -3.80341e-08 
-0.000948798 1.55655e-06 0.234787 5.26979 0.00461931 -0.835822 0.101237 -3.72767e-08 
-0.000467877 1.1777e-06 0.239886 5.26993 0.00461759 -0.835822 0.111543 -3.64447e-08 
-0.000934744 6.83373e-07 0.246493 5.27011 0.00461533 -0.835822 0.122 -3.55672e-08 
-0.00126836 2.45213e-08 0.255159 5.27034 0.00461304 -0.835822 0.132406 -3.47417e-08 
-0.00176913 -6.26238e-07 0.269473 5.2707 0.00461028 -0.835822 0.142756 -3.37903e-08 
-0.00172081 -1.51457e-06 0.284276 5.27107 0.00460672 -0.835821 0.153056 -3.27177e-08 
-0.000352867 -2.82048e-06 0.296698 5.27139 0.00460335 -0.835821 0.16331 -3.17232e-08 
0.00133655 -4.20988e-06 0.306772 5.2718 0.00459971 -0.83582 0.173512 -3.42891e-08 
-0.00994667 4.89363e-06 0.312145 5.27181 0.00459906 -0.835821 0.183698 -3.30218e-08 
-0.00806704 3.70255e-06 0.310706 5.2718 0.00459802 -0.835821 0.193847 -3.30142e-08 
-0.00721764 3.51848e-06 0.309872 5.2718 0.00459723 -0.835821 0.203965 -2.93896e-08 
-0.0060171 1.86942e-06 0.309751 5.2718 0.00459667 -0.835821 0.214063 -3.10298e-08 
-0.00275324 2.95966e-06 0.309138 5.2718 0.00459635 -0.835821 0.224149 -2.93277e-08 
0.00135332 2.88214e-06 0.308457 5.2718 0.0045963 -0.835821 0.234232 -2.83641e-08 
0.00613008 2.77884e-06 0.307769 5.2718 0.00459649 -0.835821 0.244321 -2.73772e-08 
0.011515 2.69965e-06 0.307003 5.27181 0.00459682 -0.835821 0.254419 -2.6336e-08 
0.0172551 2.8465e-06 0.305279 5.27184 0.00460222 -0.835821 0.264518 -2.57212e-08 
0.0195485 6.32171e-06 0.306742 5.27239 0.00491946 -0.835821 0.273975 -2.95441e-08 
-0.0694705 8.26251e-05 0.906789 5.28542 0.0049151 -0.835823 0.283118 -3.80273e-08 
-0.209606 0.000200903 1.54197 5.30167 0.0047716 -0.835828 0.293224 -3.69664e-08 
-0.382787 0.000340943 1.98804 5.31804 0.0046181 -0.835835 0.303267 -6.05761e-08 
-1.02285 0.000857843 2.24762 5.32065 0.00508031 -0.835851 0.313032 -1.19777e-07 
-1.3714 0.00114088 3.33318 5.33672 0.00541881 -0.835925 0.321345 -1.62026e-07 
-1.25065 0.000711563 5.1507 5.37253 0.00516756 -0.83607 0.330633 -9.5115e-08 
-0.517699 2.59356e-05 6.63103 5.34592 0.00523407 -0.836175 0.332462 9.54707e-08 
5.54659 -0.00495216 9.29487 5.31874 0.00490523 -0.836076 0.331362 2.42778e-07 
19.4678 -0.0140523 14.6709 5.25384 0.00299561 -0.835872 0.334984 1.42641e-07 
51.7217 -0.0286907 21.268 5.22061 0.00813083 -0.836032 0.365479 1.47946e-06 
104.85 -0.0496092 27.8155 5.09655 0.00798555 -0.835532 0.400949 3.65042e-07 
181.89 -0.110981 35.1142 5.07814 0.0209454 -0.834879 0.387501 7.85425e-06 
305.571 -0.0476036 102.421 5.04432 0.882237 -0.774543 0.376534 1.73605e-05 
1649.92 66.3662 1961.21 5 -0.95029 6.21915 0.387205 -2.54393e-06 
7275.99 8077.53 281.86 13.0733 -9.07336e-05 0.00118438 0.369 0 
7275.99 8077.53 281.86 13.0733 -9.07336e-05 0.00118438 0.369 0 
7251.98 8797.53 288.03 6.89842 -0.0422863 -2.41326 0.758639 -0.143433 
7460.66 8411.7 279.349 21.3372 -0.0724231 -6.21021 -0.156213 0.00352634 
7128.27 6276.41 246.347 21.4944 -0.0714432 -6.20168 -0.165102 0.00765457 
6764.55 4145.02 216.208 21.2258 -0.0696915 -6.2635 -0.152173 0.0659779 
6383.06 1985.19 187.102 21.1285 -0.0694375 -5.07106 -0.141879 0.0998561 
5978.2 373.663 159.689 20.9483 -0.0677041 -2.05254 -0.130267 0.0111534 
5556.28 150.092 132.984 20.64 -0.0541841 -1.73761 -0.117969 0.000367396 
5116.23 73.728 113.776 20.5811 -0.0540281 -1.73147 -0.107042 0.00580119 
4665.5 0.17202 94.6549 20.4002 -0.0523404 -1.58285 -0.0954886 0.000313916 
4198.97 -3.19919 76.4589 19.9672 -0.050356 -1.57376 -0.0835867 5.45927e-06 
3731.65 -2.81195 59.4858 19.8981 -0.0482186 -1.57367 -0.0719481 4.58421e-07 
3251.22 -2.39225 43.582 19.0523 -0.0407626 -1.57406 -0.0606403 1.43329e-05 
2787.21 -2.04292 31.7382 17.9094 -0.0332413 -1.57388 -0.0115188 1.26709e-05 
2354.32 -1.6442 24.1951 16.5631 -0.0314927 -1.57404 0.0739392 2.99368e-05 
1964.07 -1.35277 18.4482 16.9046 -0.0261701 -1.57388 0.052109 4.76337e-05 
1555.89 -0.987865 14.8968 14.8038 -0.0353297 -1.57395 0.187049 2.44849e-05 
1221.93 -0.772038 8.10517 15.2741 -0.0233551 -1.5738 0.157344 1.02613e-05 
864.369 -0.549549 6.13839 10.5958 -0.0140109 -1.57369 0.454292 2.3381e-06 
677.225 -0.409881 11.7748 10.7412 0.00110474 -1.5737 0.444479 1.87832e-06 
489.766 -0.26617 25.2703 9.57541 0.00445355 -1.57372 0.518367 2.29917e-06 
357.662 -0.172417 41.1596 9.22797 -0.000553238 -1.57375 0.542708 2.264e-06 
253.05 -0.10057 53.899 7.03885 0.00464039 -1.57375 0.679805 1.27789e-06 
240.783 -0.0923746 70.4924 6.89425 0.00537558 -1.57377 0.689069 4.71135e-06 
249.124 -0.100325 87.2594 6.95075 0.00485305 -1.5738 0.685691 5.56962e-06 
270.833 -0.118095 103.532 7.24883 0.00332895 -1.57383 0.666402 0.00014004 
301.37 -0.143874 119.656 6.9799 0.00715606 -1.57385 0.683588 8.67407e-06 
352.373 -0.186843 138.005 6.22896 0.0191981 -1.56567 0.729607 -3.02007e-06 
447.309 -0.264437 163.168 6.48499 0.00543485 -1.56571 0.713393 6.47919e-06 
561.13 -0.360576 180.966 6.74154 0.00575662 -1.56562 0.697083 5.24491e-06 
681.872 -0.40546 197.981 6.99836 0.00296244 -1.56576 0.680772 3.01084e-05 
808.829 -0.506165 214.241 7.25726 -0.000271309 -1.57404 0.664467 2.82658e-05 
941.233 -0.631144 224.655 7.51182 0.00620617 -1.56582 0.648153 6.81565e-06 
1073.72 -0.743499 242.41 7.76803 -0.00279097 -1.56537 0.631896 -5.41279e-06 
1213.37 -0.867467 251.294 8.02723 -0.00404672 -1.57401 0.615519 1.22097e-05 
1346.67 -0.951133 259.466 8.28194 -0.0054541 -1.56592 0.599281 7.19005e-06 
1483.12 -1.13455 266.737 8.59783 -0.00673807 -1.56582 0.580708 -1.3699e-05 
1612.96 -1.21255 273.211 8.80104 -0.00809577 -1.57411 0.56651 9.10083e-06 
1737.95 -1.32099 278.895 9.16007 -0.00949066 -1.56591 0.545127 -2.79162e-06 
1859.49 -1.42702 283.684 9.3727 -0.0107866 -1.56593 0.533111 -2.83436e-06 
1973.08 -1.52895 287.709 9.63773 -0.0121898 -1.56594 0.516844 -1.47995e-06 
2080.63 -1.62802 290.886 9.9234 -0.0132208 -1.5659 0.496625 -1.51006e-05 
2185.12 -1.70512 293.396 10.138 -0.0175369 -1.57416 0.482758 9.54803e-06 
2279.52 -1.79373 293.772 11.5083 -0.0252781 -1.56591 0.46751 -1.2775e-05 
2328.24 -1.8311 289.533 11.7542 -0.0264692 -1.57407 0.451273 -0.000281023 
2364.52 -1.83918 284.574 12.0166 -0.0277535 -1.57397 0.435138 -5.19396e-05 
2386.08 -5.5668 278.82 12.2613 -0.0288539 -1.57627 0.418724 0.00237062 
2393.84 -10.3442 272.393 12.5005 -0.0302117 -1.48904 0.402725 0.0264824 
2386.64 25.3078 265.153 12.8133 -0.105259 1.06177 0.385734 -0.00231381 
2363.17 1237.36 223.241 38.8362 0.0839524 0.287106 0.369 0 
2363.17 1237.36 223.241 38.8362 0.0839524 0.287106 0.369 0 
2331.97 1269.86 226.915 32.1293 1.4 2.97269 -0.188388 0.847451 
2309.12 1345.43 249.488 15.8269 0.336718 6.28 -0.176773 0.181082 
2308.33 1474.03 254.784 14.1955 -1.4 6.28 -0.165158 0.0628189 
2310.37 1602.63 229.921 33.9198 -0.756025 6.28 0.213029 0.0304552 
2286.05 1731.24 214.88 38.4617 -0.491366 6.28 -0.141938 0.0206029 
2255.33 1859.87 203.967 39.1762 -0.445392 6.28 -0.130326 0.0170083 
2223.32 1988.49 193.774 39.2468 -0.263897 6.28 -0.118714 0.00499821 
2190.83 2117.11 186.489 37.0871 -0.0472839 6.28 -0.107102 0.0341233 
2160.82 2245.73 182.735 37.87 -0.13512 6.28 -0.0954896 -0.280412 
2129.71 2374.35 177.551 37.98 -0.0745055 6.28 -0.0838773 0.0707333 
2098.27 2502.98 173.337 37.1266 0.029488 6.28 -0.0722651 -0.00526566 
2067.75 2631.6 170.813 36.9439 0.0296628 6.28 -0.0606528 0.094855 
2037.4 2760.22 173.665 36.7701 0.0298994 6.28 -0.0490406 0.0336583 
2007.35 2888.84 176.525 36.6034 0.0315401 6.28 -0.0374283 -0.00644486 
1977.62 3017.46 179.416 36.4259 0.0356349 6.28 -0.025816 -0.000191163 
1948.2 3146.08 182.377 36.2087 0.0404953 6.28 -0.0142038 -0.00134212 
1919.15 3274.7 185.422 35.9467 0.0400852 6.28 -0.0025915 0.00917145 
1890.54 3403.32 188.466 35.7089 0.0276924 6.28 0.00902078 0.0344903 
1862.34 3531.94 191.319 35.6389 0.00721605 6.28 0.0206331 0.00158908 
1834.33 3660.56 193.844 35.8179 0.00431637 6.28 0.0322454 -2.53327e-05 
1806.16 3789.18 196.319 36.0054 0.0564912 6.28 0.0438577 -0.00113046 
1777.82 3917.8 199.625 35.5284 0.163984 6.28 0.0554702 -0.000156273 
1750.17 4046.42 204.668 33.7812 0.224777 6.28 0.0670834 -0.00014622 
1724.9 4175.04 210.731 31.4666 0.0467693 6.28 0.078718 -9.5695e-05 
1702.86 4303.65 213.998 31.5579 -0.141146 6.28 0.0903427 5.51973e-05 
1680.87 4432.27 214.249 33.9246 0.628963 6.28 0.101965 0.000374565 
1655.59 4560.89 226.791 26.638 0.918239 6.28 0.113591 0.000742969 
1639.99 4689.5 244.16 16.5747 0.745558 6.28 0.125222 -0.000111939 
1637.94 4818.1 259.019 9.66222 0.298688 6.28 0.13687 -0.000124101 
1645.4 4946.69 266.887 8.91718 0.312936 6.28 0.148565 -9.99296e-05 
1654.06 5075.28 275.003 8.06781 0.285006 6.28 0.160818 -9.93169e-05 
1664.08 5203.87 282.693 7.63911 0.254557 6.28 0.354853 -8.65696e-05 
1674.91 5332.46 289.185 7.47847 0.259217 6.28 0.394018 -7.71453e-05 
1686.15 5461.06 292.517 7.22196 0.0743839 6.28 0.437842 -6.68017e-05 
1697.89 5589.65 291.592 7.11393 -0.119529 6.28 0.452493 -5.73916e-05 
1709.8 5718.24 287.567 7.03219 -0.140983 6.28 0.454817 -4.91341e-05 
1721.69 5846.83 283.169 6.95551 -0.157406 6.28 0.456531 -4.14759e-05 
1733.54 5975.42 278.532 6.87789 -0.170567 6.28 0.458875 -3.45504e-05 
1745.35 6104.01 273.692 6.79039 -0.17785 6.28 0.46336 -2.83269e-05 
1757.12 6232.6 268.72 6.68834 -0.179489 6.28 0.463844 -2.27825e-05 
1768.86 6361.19 263.717 6.59711 0.187882 6.28 0.442679 -1.78631e-05 
1780.44 6489.78 264.704 6.38187 -0.179475 6.28 0.440758 -1.36421e-05 
1792.45 6618.37 259.711 6.34275 -0.175524 6.28 0.426088 -1.0002e-05 
1804.34 6746.96 254.773 6.25912 -0.172203 6.28 0.413461 -6.95511e-06 
1816.19 6875.55 249.882 6.13447 -0.14732 6.28 0.404705 -4.4824e-06 
1828.02 7004.13 245.387 5.717 -0.142996 6.28 0.38575 -2.56571e-06 
1840.25 7132.72 240.99 5.45334 -0.129032 6.28 0.377129 -1.1707e-06 
1852.67 7261.31 236.797 5.0001 -1.10515 6.28 0.387215 -0.000241191 
1865.85 7389.9 216.9 16.3276 -0.00381181 4.36943 0.369 0 
1865.85 7389.9 216.9 16.3276 -0.00381181 4.36943 0.369 0 
1834.53 8078.68 222.203 7.8376 0.0949993 0.290741 0.427075 -0.678708 
1883.21 8291.58 240.62 5 0.0768353 -6.27765 0.607952 0.00160008 
1962.14 7738.21 257.449 5 0.0768351 -6.27199 0.607957 0.00246985 
2045.01 7185.49 274.278 5 0.0769135 -6.2714 0.606605 0.00398919 
2131.81 6632.84 291.116 5 0.0534308 -6.25681 0.735157 0.00267364 
2222.61 6081.9 305.215 5 -0.043246 -6.25302 1.07216 0.00163569 
2316.92 5531.4 299.768 5 -0.0422999 -6.25951 1.05586 0.00216161 
2409.96 4980.14 294.431 5 -0.0413539 -6.26083 1.03955 0.00173104 
2501.75 4428.72 289.205 5 -0.0404079 -6.26521 1.02324 0.00206657 
2592.32 3876.8 284.089 5 -0.0394618 -6.26527 1.00694 0.0022424 
2681.69 3324.87 279.084 5 -0.0385158 -6.26106 0.990633 0.000988892 
2769.88 2773.43 274.188 5 -0.0375698 -6.27641 0.974327 0.00224144 
2856.93 2220.2 269.404 5 -0.0366237 -6.27428 0.95802 0.00169267 
2942.86 1667.21 264.729 5 -0.0356777 -6.27354 0.941714 0.0020674 
3027.69 1114.32 260.165 5 -0.0347317 -6.27296 0.925408 0.00152962 
3111.45 561.489 255.712 5 -0.0337856 -6.26945 0.909102 0.387973 
3194.18 9.0696 251.368 5 -0.0328372 -1.6446 0.892796 0.0103566 
3276.31 -3.82238 247.136 5 -0.0318911 -1.52096 0.87649 -0.00107232 
3357.46 -2.29094 243.013 5 -0.030945 -1.53408 0.860184 -2.12098e-05 
3437.65 -2.28976 239.001 5 -0.029999 -1.53419 0.843878 -7.90023e-06 
3516.9 -2.30212 235.1 5 -0.029053 -1.53413 0.827571 -3.16913e-05 
3595.23 -2.30711 231.309 5 -0.0281069 -1.5344 0.811265 -3.23964e-05 
3672.67 -2.34345 227.628 5 -0.0271609 -1.5347 0.794959 -7.61018e-06 
3749.25 -2.41449 224.057 5 -0.0262149 -1.53465 0.778653 -1.45571e-05 
3825 -2.47944 220.597 5 -0.0252688 -1.53471 0.762347 -1.37165e-05 
3899.93 -2.55161 217.247 5 -0.0243228 -1.53477 0.746041 -6.75256e-06 
3974.08 -2.63077 214.008 5 -0.0233768 -1.53472 0.729735 0.000108373 
4047.47 -2.70431 210.879 5 -0.0224307 -1.53263 0.713429 -0.000235757 
4120.12 -2.53397 207.86 5 -0.0214847 -1.53694 0.697122 0.000170439 
4192.07 -2.86625 204.952 5 -0.0205387 -1.53328 0.680816 -0.000219446 
4263.34 -2.77209 202.154 5 -0.0195926 -1.53802 0.66451 0.000197051 
4333.95 -3.23123 199.467 5 -0.0186466 -1.53311 0.648204 -6.72525e-05 
4403.93 -3.11651 196.889 5 -0.0177006 -1.53471 0.631898 -1.37617e-06 
4473.3 -3.18843 194.423 5 -0.018146 -1.53461 0.615592 -1.65345e-05 
4542.1 -3.24941 191.904 5.1235 -0.0197696 -1.5349 0.599286 -0.00803343 
4609.16 -3.34267 189.172 5.38117 -0.0210033 -1.82158 0.58298 0.0294976 
4673.15 -36.8784 186.249 5.63642 -0.0214168 -0.671838 0.566673 0.257257 
4734.18 63.715 183.23 5.81834 -0.0238143 5.12075 0.550367 0.0219188 
4793.34 840.063 179.897 6.15898 -0.108952 6.27937 0.534061 -0.000562131 
4848.85 1751.58 166.568 13.881 -0.0900377 6.27966 0.517755 -0.000474476 
4829.01 2663.18 154.002 14.1379 -0.0912923 6.27976 0.501449 -0.000382903 
4803.84 3574.8 141.241 14.3949 -0.0925468 6.27981 0.485143 -0.000298515 
4773.29 4486.43 128.286 14.6518 -0.0938041 6.27984 0.468837 -0.000222958 
4737.31 5398.06 115.137 14.9089 -0.0950792 6.27986 0.452531 -0.00015721 
4695.86 6309.69 101.79 15.1677 -0.0960977 6.27988 0.436224 -0.0001021 
4648.87 7221.33 88.2765 15.4042 -0.0950843 6.27988 0.419918 -5.83349e-05 
4596.51 8132.97 74.8369 15.4549 -0.117055 6.27988 0.403612 -2.66768e-05 
4540.59 9044.62 58.8247 17.501 -0.364079 6.27935 0.387306 -0.000602382 
4462.37 9956.21 13.6125 40 1.4 4.09551 0.369 0 
1212.11 3526.68 4662 37.2723 0.910863 0 0.0289807 0 
1212.11 3526.68 4662 37.2723 0.910863 -4.60783e-11 0.0287548 0.0841299 
1212.11 3526.68 4662 37.2751 0.869658 0.725279 0.0287744 0.0162585 
1755.13 3566.49 4631.22 34.6516 0.923007 0.955248 0.0299525 -0.0062627 
2445.12 3502.13 4572.48 34.6833 0.928113 0.874791 0.0299463 -0.00659073 
3026.75 3433.48 4518.37 34.699 0.93471 0.780378 0.0299341 -0.00307172 
3493.38 3358.79 4469.62 34.7118 0.940222 0.701924 0.0299214 0.000602844 
3861.32 3279.03 4425.32 34.7187 0.944444 0.643135 0.0299116 0.00371686 
4148.96 3195.33 4384.35 34.7197 0.947527 0.601989 0.029905 0.00622174 
4372.24 3108.68 4345.73 34.7154 0.949661 0.575718 0.0299013 0.00819985 
4544.22 3019.89 4308.59 34.7064 0.951012 0.56185 0.0299002 0.00974574 
4675.38 2929.61 4272.23 34.6932 0.951715 0.558366 0.0299012 0.0109417 
4774.16 2838.39 4236.05 34.6763 0.95188 0.563658 0.0299041 0.0118548 
4847.26 2746.66 4199.56 34.6558 0.95159 0.576465 0.0299087 0.012539 
4900.06 2654.81 4162.33 34.6322 0.950911 0.595801 0.0299147 0.0130372 
4936.84 2563.14 4123.97 34.6055 0.949897 0.62091 0.0299221 0.0133836 
4960.99 2471.91 4084.16 34.5759 0.948584 0.651218 0.0299306 0.0136052 
4975.23 2381.35 4042.61 34.5435 0.947005 0.686295 0.0299404 0.0137236 
4981.69 2291.67 3999.03 34.5083 0.94518 0.725836 0.0299512 0.0137558 
4982.07 2203.04 3953.17 34.4703 0.943125 0.769633 0.029963 0.0137151 
4977.67 2115.63 3904.8 34.4295 0.940851 0.817556 0.0299759 0.0136118 
4969.52 2029.59 3853.66 34.3858 0.938365 0.869545 0.0299898 0.0134541 
4958.41 1945.07 3799.53 34.3391 0.93567 0.925593 0.0300048 0.013248 
4944.92 1862.21 3742.18 34.2893 0.932766 0.985738 0.0300208 0.0129982 
4929.48 1781.16 3681.36 34.2364 0.929653 1.05006 0.030038 0.0127078 
4912.38 1702.05 3616.84 34.1801 0.926326 1.11866 0.0300563 0.0123791 
4893.79 1625.02 3548.37 34.1202 0.922783 1.19168 0.0300758 0.0120134 
4873.78 1550.2 3475.7 34.0566 0.919018 1.26927 0.0300965 0.0116116 
4852.34 1477.74 3398.57 33.989 0.915026 1.3516 0.0301186 0.0111738 
4829.36 1407.77 3316.69 33.9172 0.910803 1.43885 0.0301422 0.0106999 
4804.64 1340.43 3229.8 33.8407 0.906345 1.53123 0.0301673 0.0101898 
4777.9 1275.86 3137.58 33.7593 0.901648 1.62892 0.030194 0.0096434 
4748.76 1214.18 3039.75 33.6726 0.896711 1.73214 0.0302227 0.00906125 
4716.77 1155.53 2935.97 33.5799 0.891536 1.8411 0.0302533 0.00844441 
4681.35 1100 2825.92 33.4807 0.886125 1.95602 0.0302861 0.00779489 
4641.82 1047.71 2709.25 33.3743 0.880487 2.07713 0.0303215 0.00711563 
4597.4 998.715 2585.61 33.2597 0.874637 2.20468 0.0303597 0.00641036 
4547.2 953.064 2454.61 33.1356 0.868596 2.3389 0.0304011 0.00568326 
4490.18 910.749 2315.88 33.0004 0.862402 2.48001 0.0304465 0.00493833 
4425.17 871.695 2169.02 32.852 0.856119 2.62821 0.0304965 0.00417887 
4350.82 835.723 2013.61 32.6872 0.849849 2.78354 0.0305525 0.00340712 
4265.47 802.489 1849.24 32.5013 0.843767 2.9459 0.0306163 0.00262492 
4167.02 771.388 1675.5 32.2868 0.838174 3.11476 0.0306908 0.00183596 
4052.69 741.377 1492.02 32.0316 0.833595 3.28901 0.0307812 0.00105082 
3918.53 710.655 1298.51 31.7137 0.830993 3.46647 0.0308959 0.000295828 
3758.72 676.058 1094.82 31.2918 0.832175 3.6431 0.0310528 -0.000372861 
3564.3 631.845 881.096 30.6895 0.840671 3.81138 0.0313619 -0.000849358 
3320.8 567.337 658.141 29.7273 0.878645 3.95704 0.0313139 -0.00101328 
3003.73 446.862 438.708 25.2124 0.968067 4.01852 0.0290406 -0.000691281 
2552.94 149.419 169.355 30.7345 0.00298612 3.88789 0.0279807 0 
2552.94 149.419 169.355 30.7345 0.00298612 3.88789 0.0279807 0 
2514.58 299.426 171.546 27.0481 1.0373 6.2499 -0.188388 -6.6491e-05 
2484.07 515.355 202.771 5 0.160802 6.2575 0.278346 -0.00395622 
2505.11 731.457 210.519 5 0.160802 6.24571 0.278346 -0.00164961 
2526.58 947.23 218.266 5 0.160802 6.24573 0.278346 -0.00176818 
2548.48 1163 226.013 5 0.160802 6.24484 0.278346 -0.00172907 
2570.82 1378.75 233.76 5 0.160802 6.24385 0.278346 -0.00168288 
2593.59 1594.47 241.507 5 0.160802 6.2428 0.278346 -0.00163586 
2616.79 1810.16 249.254 5 0.160802 6.24168 0.278347 -0.00158889 
2640.43 2025.82 257.001 5 0.160802 6.24049 0.278347 -0.00154213 
2664.5 2241.45 264.748 5 0.160802 6.23923 0.278347 -0.00149566 
2689 2457.04 272.495 5 0.160802 6.23788 0.278347 -0.00144956 
2713.94 2672.6 280.242 5 0.160802 6.23644 0.278347 -0.0014039 
2739.31 2888.11 287.989 5 0.160802 6.2349 0.278347 -0.00135877 
2765.11 3103.58 295.736 5 0.160802 6.23325 0.278347 -0.00131426 
2791.34 3319.01 303.483 5 0.160802 6.23147 0.278347 -0.00127046 
2818.01 3534.38 311.23 5 0.160802 6.22956 0.278347 -0.0012275 
2845.11 3749.71 318.977 5 0.160802 6.22748 0.278347 -0.00118548 
2872.65 3964.97 326.724 5 0.160802 6.22523 0.278348 -0.00114454 
2900.62 4180.17 334.471 5 0.160802 6.22277 0.278348 -0.00110482 
2929.02 4395.3 342.218 5 0.160802 6.22009 0.278348 -0.00106651 
2957.85 4610.36 349.965 5 0.160802 6.21714 0.278349 -0.00102978 
2987.12 4825.34 357.712 5 0.160803 6.21389 0.278338 -0.000994859 
3016.82 5040.22 365.459 5 0.160752 6.21029 0.279213 -0.00096207 
3046.96 5255.01 373.205 5 0.16434 6.20628 0.217359 -0.00092974 
3077.52 5469.68 381.051 5 -0.0900989 6.2018 0.762316 -0.000901009 
3108.67 5684.23 380.359 5 -0.0891555 6.19677 0.746032 -0.000879426 
3139.77 5898.63 376.397 5 -0.0882099 6.191 0.72973 -0.000858484 
3170.66 6112.88 372.462 5 -0.0872641 6.18438 0.713425 -0.000842193 
3201.32 6326.94 368.554 5 -0.0863181 6.1767 0.69712 -0.000831467 
3231.77 6540.79 364.671 5 -0.0853722 6.16771 0.680814 -0.000827635 
3261.99 6754.38 360.815 5 -0.0844262 6.15704 0.664508 -0.000832451 
3292 6967.68 356.986 5 -0.0834802 6.14417 0.648203 -0.000847901 
3321.8 7180.62 353.183 5 -0.0825342 6.1284 0.631897 -0.000874628 
3351.38 7393.12 349.406 5 -0.0815882 6.10878 0.615591 -0.000905158 
3380.75 7605.07 345.656 5 -0.0806421 6.08433 0.599285 -0.000909834 
3409.91 7816.33 341.932 5 -0.0796961 6.0549 0.582979 -0.00092024 
3438.86 8026.78 338.234 5 -0.0787501 6.01826 0.566673 -0.00185322 
3467.6 8236.21 334.563 5 -0.0778042 5.91759 0.550366 -0.0069718 
3496.13 8442.82 330.919 5 -0.0768584 5.47012 0.53406 -0.0170442 
3524.45 8636.94 327.3 5 -0.0759129 4.32 0.517754 -0.02396 
3552.54 8798.97 323.708 5 -0.0749678 2.65845 0.501448 -0.022872 
3580.39 8914.61 320.143 5 -0.0740227 0.865145 0.485142 -0.0160578 
3608 8980.2 316.604 5 -0.0730776 -0.830483 0.468836 -0.00695742 
3635.38 8998.47 313.091 5 -0.0721322 -2.07956 0.45253 0.00162913 
3662.53 8981.87 309.605 5 -0.0711858 -1.50129 0.436224 0.00777783 
3689.5 8981.41 306.145 5 -0.0702386 0.876675 0.419918 0.00969114 
3716.33 9047.32 302.711 5 -0.212547 3.10872 0.403612 0.00715331 
3743.09 9175.53 295.306 8.04209 -1.4 5.40417 0.387306 -0.000165086 
3763.35 9367.82 254.62 37.3005 -0.0899995 4.4149 0.369 0 
3763.35 9367.82 254.62 37.3005 -0.0899995 4.4149 0.369 0 
3653.83 9726.21 261.51 40 0.806815 6.27401 -0.188388 0.00198654 
3530.7 10200.2 323.875 5 0.3658 6.26064 -0.176775 -0.000319195 
3590.2 10673.2 362.314 5 0.365126 6.25931 -0.165163 -0.000347402 
3654.49 11146.1 400.712 5 0.364452 6.25778 -0.153551 -0.000333055 
3723.56 11618.9 439.067 5 0.363779 6.256 -0.141939 -0.000322912 
3797.41 12091.6 477.381 5 0.363105 6.25392 -0.130326 -0.000315921 
3876.03 12564.1 515.653 5 0.362431 6.25145 -0.118714 -0.000311305 
3959.42 13036.5 553.883 5 0.361758 6.24845 -0.107102 -0.000308006 
4047.57 13508.8 592.071 5 0.361084 6.24476 -0.0954896 -0.000303724 
4140.48 13980.8 630.217 5 0.36041 6.24009 -0.0838773 -0.000294969 
4238.13 14452.5 668.322 5 0.359736 6.23398 -0.0722651 -0.000280989 
4340.54 14923.8 706.384 5 0.359063 6.22568 -0.0606528 -0.000279265 
4447.68 15394.6 744.405 5 0.358389 6.21372 -0.0490405 -0.000347466 
4559.56 15864.7 782.383 5 0.357715 6.19494 -0.0374282 -0.000404937 
4676.17 16333.6 820.32 5 0.357042 6.16136 -0.0258159 -3.19514e-05 
4797.5 16800.4 858.215 5 0.356368 6.07436 -0.0142036 0.00121833 
4923.55 17261.8 896.068 5 0.355694 5.56265 -0.00259129 -0.162464 
5054.29 17691.4 933.879 5 0.355014 -5.38083 0.0090211 -0.00386788 
5189.2 17440.8 971.648 5 0.35434 -6.09291 0.0206336 -0.000400797 
5328.77 17145.9 1009.38 5 0.353666 -6.15999 0.0322464 -0.000148184 
5473.05 16846.9 1047.06 5 0.352992 -6.1941 0.0438604 -4.63987e-05 
5622.01 16545.7 1084.7 5 -0.271538 -6.21315 0.811248 -2.49702e-06 
5776.44 16243.4 1063.1 5 -0.270593 -6.22529 0.794957 1.83008e-05 
5928.18 15940.3 1034.56 5 -0.269648 -6.2337 0.778652 2.83719e-05 
6076.35 15636.7 1006.07 5 -0.268702 -6.23987 0.762346 3.30233e-05 
6220.99 15332.6 977.645 5 -0.267756 -6.24459 0.74604 3.46985e-05 
6362.07 15028.3 949.276 5 -0.26681 -6.24832 0.729734 3.46409e-05 
6499.63 14723.8 920.966 5 -0.265863 -6.25134 0.713428 3.35395e-05 
6633.66 14419.1 892.715 5 -0.264917 -6.25383 0.697122 3.18025e-05 
6764.16 14114.2 864.523 5 -0.263971 -6.25592 0.680816 2.96848e-05 
6891.16 13809.2 836.39 5 -0.263025 -6.25771 0.66451 2.73521e-05 
7014.65 13504.1 808.315 5 -0.262079 -6.25924 0.648204 2.49157e-05 
7134.64 13198.9 780.299 5 -0.261133 -6.26058 0.631898 2.24525e-05 
7251.15 12893.6 752.342 5 -0.260187 -6.26176 0.615592 2.00168e-05 
7364.17 12588.2 724.444 5 -0.259241 -6.2628 0.599286 1.76478e-05 
7473.71 12282.8 696.605 5 -0.258295 -6.26373 0.582979 1.53743e-05 
7579.79 11977.3 668.824 5 -0.257349 -6.26457 0.566673 1.32179e-05 
7682.4 11671.8 641.102 5 -0.256403 -6.26532 0.550367 1.11948e-05 
7781.56 11366.2 613.439 5 -0.255457 -6.266 0.534061 9.31772e-06 
7877.28 11060.5 585.835 5 -0.254511 -6.26663 0.517755 7.59642e-06 
7969.55 10754.9 558.29 5 -0.253565 -6.2672 0.501449 6.03863e-06 
8058.4 10449.2 530.803 5 -0.252619 -6.26772 0.485143 4.65051e-06 
8143.82 10143.4 503.376 5 -0.251673 -6.2682 0.468837 3.437e-06 
8225.82 9837.67 476.007 5 -0.250727 -6.26865 0.45253 2.40207e-06 
8304.42 9531.87 448.697 5 -0.249781 -6.26906 0.436224 1.54896e-06 
8379.61 9226.05 421.445 5 -0.248835 -6.26944 0.419918 8.80245e-07 
8451.4 8920.21 394.253 5 -0.247889 -6.2698 0.403612 3.97582e-07 
8519.81 8614.34 367.119 5 -0.98707 -6.27013 0.387306 5.41227e-05 
8585.76 8308.45 294.04 40 -0.000258857 -1.19247 0.369 0 
8585.76 8308.45 294.04 40 -0.000258857 -1.19247 0.369 0 
8480.6 8334.89 282.906 39.9352 1.14964 6.26963 -0.188388 -0.858097 
8373.96 8683.06 321.356 5 -1.37483 -5.42618 1.13738 -0.0166645 
8393.12 8526.86 253.375 40 -0.552438 -6.17963 0.186076 0.000567601 
8284.74 8338.26 218.434 40 -0.552438 -6.16131 0.186076 0.000597705 
8173.36 8150.46 183.492 40 -0.552438 -6.14036 0.186076 0.000732272 
8058.95 7963.57 148.551 40 -0.552438 -6.11134 0.186075 0.000971999 
7941.53 7777.92 113.61 40 -0.552438 -6.06801 0.186083 0.00143811 
7821.09 7594.14 78.6683 40 -0.552387 -5.99659 0.185202 0.0025357 
7697.63 7413.44 43.7292 40 -0.558 -5.85809 0.281952 0.00613662 
7571.16 7238.72 8.54812 40 0.059733 -5.49509 0.0108362 0.0030279 
7441.14 7079.64 0.00102104 40 0.0773252 -5.30987 -0.0722377 0.000146597 
7310.37 6928.55 0.00101597 40 0.0766515 -5.30656 -0.0606255 9.82828e-05 
7179.6 6777.6 0.00101597 40 0.0759778 -5.30612 -0.0490132 9.24458e-05 
7048.82 6626.68 0.00101597 40 0.0753041 -5.30574 -0.037401 8.71337e-05 
6918.05 6475.76 0.00101597 40 0.0746303 -5.30539 -0.0257887 8.19469e-05 
6787.28 6324.87 0.00101597 40 0.0739566 -5.30508 -0.0141765 7.69244e-05 
6656.52 6173.98 0.00101597 40 0.0732829 -5.3048 -0.00256424 7.20724e-05 
6525.75 6023.11 0.00101597 40 0.0726092 -5.30456 0.009048 6.73909e-05 
6394.98 5872.25 0.00101597 40 0.0719355 -5.30435 0.0206602 6.28789e-05 
6264.21 5721.4 0.00101597 40 0.0712618 -5.30417 0.0322725 5.85355e-05 
6133.45 5570.56 0.00101597 40 0.0705881 -5.30403 0.0438847 5.43596e-05 
6002.68 5419.72 0.00101597 40 0.0699144 -5.30393 0.055497 5.035e-05 
5871.91 5268.89 0.00101597 40 0.0692407 -5.30386 0.0671092 4.65056e-05 
5741.15 5118.05 0.00101597 40 0.068567 -5.30383 0.0787215 4.28252e-05 
5610.38 4967.23 0.00101597 40 0.0678933 -5.30383 0.0903337 3.93078e-05 
5479.62 4816.4 0.00101597 40 0.0672196 -5.30387 0.101946 3.59524e-05 
5348.86 4665.57 0.00101597 40 0.0665458 -5.30394 0.113558 3.27601e-05 
5218.09 4514.73 0.00101597 40 0.0658721 -5.30404 0.12517 2.97375e-05 
5087.33 4363.89 0.00101597 40 0.0651984 -5.30418 0.136783 2.67021e-05 
4956.57 4213.05 0.00101597 40 0.0645247 -5.30439 0.148395 1.20057e-05 
4825.81 4062.19 0.00101597 40 0.063851 -5.30774 0.160008 -0.000639017 
4695.05 3911.2 0.00101597 40 -0.0532485 -5.4983 0.171592 -1.32552e-05 
4564.38 3751.98 0.00101597 40 -0.171908 -5.50936 0.183204 -7.64443e-05 
4433.82 3592.29 0.00107298 40 -0.209755 -5.54397 0.194816 -7.91274e-06 
4303.29 3431.11 0.00100896 40 -0.1709 -5.5541 0.206429 6.14957e-05 
4172.72 3269.49 0.00101597 39.8753 -0.0592413 -5.53182 0.218041 0.00594557 
4042.49 3108.83 0.00103767 39.3927 0.0705927 -2.41187 0.229653 0.0330301 
3913.92 3082.69 12.1303 39.2097 0.0714922 6.28 0.241265 0.00405667 
3787.33 3431.3 24.311 39.0267 0.0723894 5.91851 0.252878 -4.48867e-05 
3662.41 3764.33 36.5431 38.8436 0.0732674 6.04389 0.26449 -1.64449e-05 
3539.18 4102.76 48.8257 38.661 0.0740822 6.09953 0.276102 -4.95512e-05 
3417.65 4443.59 61.156 38.4809 0.0750635 6.13423 0.287714 2.18276e-07 
3297.8 4785.91 73.5411 38.2971 0.0772126 6.15982 0.299327 -9.01867e-06 
3179.66 5129.34 86.0315 38.0724 0.078964 6.17702 0.310939 -3.87641e-06 
3063.37 5473.51 98.613 37.8312 0.0636103 6.18914 0.322551 -8.97999e-07 
2949.02 5818.2 110.549 38.1394 0.0253201 6.19952 0.334163 -5.24255e-07 
2834.67 6163.34 120.813 39.5949 0.189619 6.20819 0.345776 -3.42071e-07 
2716.03 6508.86 138.06 35.2299 1.01484 6.21399 0.357388 -6.13951e-05 
2613.25 6854.62 191.189 5 0.0899998 1.8627 0.369 0 
2613.25 6854.62 191.189 5 0.0899998 1.8627 0.369 0 
2682.29 6732.3 282.38 22.149 1.15555e-05 -0.300231 0.482653 -5.41307e-14 
2751.35 6609.98 369.905 22.4929 -2.30354e-07 -0.305865 0.480306 -7.86185e-16 
2820.37 6487.66 454.044 22.4997 -2.3271e-07 -0.30588 0.477959 -5.11328e-16 
2889.37 6365.34 534.945 22.4998 -2.33474e-07 -0.30588 0.475612 -3.85216e-16 
2958.33 6243.02 612.681 22.4998 -2.34185e-07 -0.30588 0.473265 -2.88644e-16 
3027.27 6120.7 687.28 22.4998 -2.34847e-07 -0.30588 0.470918 -2.55478e-16 
3096.18 5998.38 758.739 22.4998 -2.35466e-07 -0.30588 0.468571 -1.88745e-16 
3165.07 5876.06 827.031 22.4998 -2.36047e-07 -0.30588 0.466224 -2.27681e-16 
3233.94 5753.74 892.108 22.4998 -2.36595e-07 -0.30588 0.463878 -1.242e-16 
3302.78 5631.42 953.909 22.4998 -2.37115e-07 -0.30588 0.461531 -2.76023e-17 
3371.6 5509.1 1012.36 22.4998 -2.3761e-07 -0.30588 0.459184 3.4649e-17 
3440.41 5386.78 1067.37 22.4998 -2.38083e-07 -0.30588 0.456837 2.2659e-18 
3509.2 5264.46 1118.85 22.4998 -2.38538e-07 -0.30588 0.45449 1.49875e-16 
3577.97 5142.14 1166.7 22.4998 -2.38976e-07 -0.30588 0.452143 1.64869e-16 
3646.73 5019.82 1210.8 22.4998 -2.394e-07 -0.30588 0.449796 5.82356e-17 
3715.47 4897.5 1251.05 22.4998 -2.39811e-07 -0.30588 0.447449 2.01725e-16 
3784.2 4775.18 1287.32 22.4998 -2.40212e-07 -0.30588 0.445102 3.03857e-16 
3852.93 4652.86 1319.5 22.4998 -2.40603e-07 -0.30588 0.442755 2.80113e-16 
3921.64 4530.54 1347.49 22.4998 -2.40987e-07 -0.30588 0.440408 2.6221e-17 
3990.34 4408.22 1371.17 22.4998 -2.41363e-07 -0.30588 0.438061 2.79488e-16 
4059.04 4285.9 1390.45 22.4998 -2.41734e-07 -0.30588 0.435714 1.9729e-16 
4127.73 4163.58 1405.25 22.4998 -2.42101e-07 -0.30588 0.433367 2.75049e-16 
4196.42 4041.26 1415.5 22.4998 -2.42464e-07 -0.30588 0.43102 2.21742e-16 
4265.1 3918.94 1421.16 22.4998 -2.42825e-07 -0.30588 0.428673 1.85459e-16 
4333.78 3796.62 1422.19 22.4998 -2.43184e-07 -0.30588 0.426327 2.6682e-16 
4402.47 3674.3 1418.59 22.4998 -2.43543e-07 -0.30588 0.42398 2.20706e-16 
4471.15 3551.98 1410.38 22.4998 -2.43902e-07 -0.30588 0.421633 2.28439e-16 
4539.83 3429.66 1397.59 22.4998 -2.44263e-07 -0.30588 0.419286 2.71139e-16 
4608.52 3307.34 1380.3 22.4998 -2.44626e-07 -0.30588 0.416939 2.33847e-16 
4677.21 3185.02 1358.56 22.4998 -2.44992e-07 -0.30588 0.414592 2.00097e-16 
4745.91 3062.7 1332.48 22.4998 -2.45362e-07 -0.30588 0.412245 1.56429e-16 
4814.61 2940.38 1302.15 22.4998 -2.45737e-07 -0.30588 0.409898 1.64777e-16 
4883.32 2818.06 1267.68 22.4998 -2.46119e-07 -0.30588 0.407551 7.23808e-17 
4952.04 2695.74 1229.19 22.4998 -2.46508e-07 -0.30588 0.405204 9.38986e-17 
5020.77 2573.42 1186.79 22.4998 -2.46905e-07 -0.30588 0.402857 1.28445e-16 
5089.51 2451.1 1140.6 22.4998 -2.47312e-07 -0.30588 0.40051 1.29517e-16 
5158.26 2328.78 1090.72 22.4998 -2.47729e-07 -0.30588 0.398163 3.02536e-17 
5227.02 2206.46 1037.26 22.4998 -2.48158e-07 -0.30588 0.395816 8.89074e-17 
5295.8 2084.14 980.331 22.4998 -2.486e-07 -0.30588 0.393469 8.57065e-17 
5364.6 1961.82 920.01 22.4998 -2.49055e-07 -0.30588 0.391122 6.95465e-17 
5433.41 1839.5 856.381 22.4998 -2.49524e-07 -0.30588 0.388776 4.51642e-17 
5502.23 1717.18 789.512 22.4998 -2.50006e-07 -0.30588 0.386429 4.17074e-17 
5571.08 1594.86 719.457 22.4998 -2.50498e-07 -0.30588 0.384082 3.34712e-17 
5639.95 1472.54 646.252 22.4998 -2.50992e-07 -0.30588 0.381735 9.0636e-18 
5708.84 1350.22 569.912 22.4998 -2.51472e-07 -0.30588 0.379388 3.51421e-18 
5777.75 1227.9 490.424 22.4998 -2.519e-07 -0.30588 0.377041 1.88218e-17 
5846.68 1105.58 407.738 22.4998 -2.52184e-07 -0.305878 0.374694 1.1466e-17 
5915.64 983.26 321.744 22.4999 -2.52025e-07 -0.305085 0.372347 2.4773e-16 
5984.62 860.94 232.23 22.5 -7.66823e-14 -0.000802259 0.369 0 
5984.62 860.94 232.23 22.5 -7.66823e-14 -0.000802259 0.369 0 
5931.98 959.027 227.291 22.9097 0.435647 5.15244 -0.188388 -1.01173 
5876.53 1362.13 248.098 5 -0.673046 -3.25985 1.13739 -0.272439 
5909.41 1267.25 204.982 30.1152 -0.250806 -6.23012 -0.165163 0.0020932 
5817.42 996.66 184.475 29.9323 -0.249913 -6.21706 -0.153551 0.00166087 
5723.87 726.841 164.039 29.7493 -0.249019 -6.2074 -0.141939 0.00147936 
5628.76 457.592 143.673 29.5663 -0.248128 -6.19714 -0.130327 0.00113448 
5532.1 188.95 123.377 29.3834 -0.247241 -6.18385 -0.118714 0.000887663 
5433.9 -78.906 103.15 29.2008 -0.246294 -6.16436 -0.107102 0.00208274 
5334.17 -345.609 82.9975 29.0157 -0.245154 -6.13493 -0.0954898 -0.000959092 
5232.93 -610.571 62.9296 28.8203 -0.245253 -6.08742 -0.0838775 0.016592 
5130.23 -872.722 42.8744 28.6743 -0.252256 -6.28 -0.0722653 0.0379659 
5025.85 -1146.27 22.4186 28.8697 -0.237925 -5.13845 -0.060653 0.356989 
4918.15 -1352.25 2.79253 28.3141 -0.0123853 -0.668016 -0.0490408 0.183477 
4810.71 -1293.64 0.00101748 28.1311 -0.0114903 2.12988 -0.0374286 0.0428723 
4703.93 -1069.41 0.00101748 27.9481 -0.0105965 2.89534 -0.0258163 0.00919536 
4598.06 -799.887 0.00101748 27.7652 -0.00970293 3.07745 -0.0142041 0.0015538 
4493.06 -519.58 0.00101748 27.5822 -0.0088094 3.11894 -0.00259182 -0.00056965 
4388.93 -236.819 0.00101748 27.3992 -0.00791591 3.1183 0.00902043 -0.00106811 
4285.66 45.9029 0.00101748 27.2162 -0.00702241 3.10615 0.0206327 -0.00110469 
4183.27 327.906 0.00101748 27.0333 -0.00612892 3.0918 0.0322449 -0.00103425 
4081.73 609.058 0.00101748 26.8503 -0.00523543 3.0776 0.0438572 -0.000943389 
3981.07 889.37 0.00101748 26.6673 -0.00434194 3.06415 0.0554694 -0.000851661 
3881.27 1168.88 0.00101748 26.4844 -0.00344845 3.05158 0.0670817 -0.000763982 
3782.34 1447.65 0.00101748 26.3014 -0.00255496 3.03995 0.0786939 -0.000681632 
3684.27 1725.74 0.00101748 26.1184 -0.00166146 3.02927 0.0903061 -0.000604864 
3587.07 2003.18 0.00101748 25.9354 -0.000767971 3.01954 0.101918 -0.000533647 
3490.73 2280.05 0.00101748 25.7525 0.000125523 3.01075 0.113531 -0.000467866 
3395.27 2556.41 0.00101748 25.5695 0.00101902 3.00292 0.125143 -0.000407363 
3300.66 2832.29 0.00101748 25.3865 0.00191251 2.99602 0.136755 -0.000351928 
3206.93 3107.77 0.00101748 25.2036 0.00280601 2.99008 0.148367 -0.000301219 
3114.06 3382.89 0.00101748 25.0206 0.0036995 2.9851 0.15998 -0.000254551 
3022.06 3657.72 0.00101748 24.8376 0.004593 2.98112 0.171592 -0.000210274 
2930.92 3932.32 0.00101748 24.6546 0.0054865 2.97832 0.183204 -0.000164044 
2840.65 4206.74 0.00101748 24.4717 0.00637999 2.97721 0.194816 -0.000104042 
2751.25 4481.1 0.00101748 24.2887 0.00727349 2.97945 0.206429 2.1445e-06 
2662.71 4755.6 0.00101748 24.1057 0.008167 2.99044 0.218041 0.000243353 
2575.04 5030.74 0.00101748 23.9228 0.0090605 3.02756 0.229653 0.000864954 
2488.24 5308.08 0.00101748 23.7398 0.00995403 3.14757 0.241265 0.00257878 
2402.31 5592.52 0.00101748 23.5568 0.0108479 3.54179 0.252878 0.00789418 
2317.27 5900.29 0.0010308 23.3738 0.0117429 4.87392 0.26449 0.00429773 
2233.16 6286.91 6.01885 23.1909 0.0126331 5.81542 0.276102 0.000629992 
2150.67 6729.26 12.1068 23.0081 0.0135196 6.00935 0.287714 0.000168584 
2069.78 7183.08 18.2645 22.8255 0.0145076 6.08762 0.299327 5.40839e-05 
1990.49 7641.54 24.498 22.6386 0.01573 6.13233 0.310939 1.4274e-05 
1912.82 8102.64 30.8216 22.4383 0.0146943 6.16073 0.322551 1.26669e-06 
1836.85 8565.42 37.1029 22.3316 0.0041157 6.18052 0.334163 -1.63784e-06 
1762.15 9029.38 42.7682 22.7121 0.0371057 6.19575 0.345776 -1.15521e-06 
1686.28 9494.23 50.35 21.4299 0.383797 6.20882 0.357388 -0.000224708 
1616.98 9959.86 78.5738 5 0.0899997 3.57541 0.369 0 
1616.98 9959.86 78.5738 5 0.0899997 3.57541 0.369 0 
1634.18 10118.1 81.1451 5 -0.929148 2.43753 1.15369 -1.01851 
1652.14 10241.5 52.6083 25.3924 -0.123319 -0.411272 -0.176776 -0.988597 
1617.91 10278.1 47.6707 24.8077 -0.0308885 -3.1989 -0.165163 -0.952377 
1584.68 10229.5 45.5829 24.4818 -0.0578991 -5.90343 -0.153551 -0.0602824 
1552.07 10098.4 42.6867 24.8323 -0.125246 -6.22459 -0.141939 0.00404721 
1518.47 9957.51 37.7176 24.3568 -0.0358892 -6.22379 -0.130326 0.00327189 
1485.66 9816.63 37.7419 24.1715 -0.0342922 -6.22059 -0.118714 0.00308458 
1453.32 9675.85 37.8859 23.9885 -0.0333984 -6.21812 -0.107102 0.00287864 
1421.42 9535.15 38.0662 23.8055 -0.0325048 -6.21604 -0.0954898 0.00287521 
1389.99 9394.51 38.2827 23.6226 -0.0316112 -6.21381 -0.0838775 0.00290054 
1359.01 9253.93 38.5354 23.4396 -0.0307177 -6.21134 -0.0722653 0.00291148 
1328.5 9113.43 38.8244 23.2566 -0.0298242 -6.20866 -0.060653 0.00291736 
1298.45 8973.02 39.1496 23.0737 -0.0289307 -6.20577 -0.0490408 0.00292684 
1268.87 8832.69 39.511 22.8907 -0.0280372 -6.20263 -0.0374285 0.00294169 
1239.76 8692.45 39.9086 22.7077 -0.0271436 -6.19923 -0.0258163 0.00296191 
1211.12 8552.32 40.3425 22.5247 -0.0262501 -6.19551 -0.014204 0.0029881 
1182.95 8412.3 40.8126 22.3418 -0.0253566 -6.19143 -0.0025918 0.00302153 
1155.26 8272.41 41.3189 22.1588 -0.0244631 -6.18693 0.00902045 0.00306393 
1128.05 8132.65 41.8614 21.9758 -0.0235696 -6.18195 0.0206327 0.00311755 
1101.32 7993.05 42.4402 21.7929 -0.0226761 -6.17641 0.0322449 0.00318561 
1075.07 7853.61 43.0552 21.6099 -0.0217826 -6.17019 0.0438572 0.00327292 
1049.3 7714.37 43.7064 21.4269 -0.0208891 -6.16315 0.0554694 0.00338683 
1024.03 7575.34 44.3938 21.2439 -0.0199956 -6.15511 0.0670817 0.00353706 
999.237 7436.55 45.1175 21.061 -0.0191021 -6.14582 0.0786939 0.00372735 
974.939 7298.05 45.8774 20.878 -0.0182086 -6.13494 0.0903062 0.00392553 
951.136 7159.87 46.6735 20.695 -0.0173151 -6.12223 0.101918 0.00402737 
927.828 7022.09 47.5058 20.5121 -0.0164216 -6.10778 0.113531 0.00391589 
905.018 6884.75 48.3744 20.3291 -0.015528 -6.09224 0.125143 0.00347019 
882.709 6747.88 49.2792 20.1461 -0.0146345 -6.07801 0.136755 0.00125231 
860.903 6611.44 50.2202 19.9631 -0.0137411 -6.08041 0.148367 -0.00417982 
839.601 6474.93 51.1974 19.7802 -0.0128476 -6.11664 0.15998 0.014239 
818.804 6337.32 52.2109 19.5972 -0.011954 -5.99157 0.171592 0.0836586 
798.52 6203.52 53.2606 19.4142 -0.0110601 -5.41083 0.183204 0.149625 
778.761 6087.45 54.3465 19.2313 -0.0101663 -4.44871 0.194816 0.181893 
759.539 6000.74 55.4686 19.0483 -0.00927305 -3.29025 0.206429 0.188911 
740.861 5949.39 56.627 18.8653 -0.00837925 -2.05145 0.218041 0.181753 
722.73 5935.86 57.8216 18.6824 -0.00747892 -0.792482 0.229653 0.166423 
705.15 5960.76 59.0526 18.4993 -0.00657131 0.452518 0.241265 0.145587 
688.123 6023.65 60.3203 18.3159 -0.00569957 1.65919 0.252878 0.120337 
671.651 6123.38 61.6236 18.1331 -0.00494578 2.80453 0.26449 0.0913464 
655.733 6258.07 62.9588 17.9536 -0.0041317 3.86117 0.276102 0.0600678 
640.36 6425.01 64.3277 17.7752 -0.00232831 4.79192 0.287714 0.0301354 
625.53 6620.36 65.7603 17.5748 0.000769562 5.54326 0.299327 0.00755949 
611.293 6838.64 67.2973 17.3267 -0.00125531 6.03959 0.310939 -0.00272971 
597.771 7072.07 68.7846 17.1593 -0.0220151 6.20608 0.322551 -0.0024857 
584.766 7310.58 69.6465 17.4916 -0.0374893 6.11433 0.334163 -0.0003035 
571.007 7546.3 70.0197 18.1016 0.0966374 6.05579 0.345776 -3.35595e-05 
555.697 7780.22 74.4572 15.4598 0.455249 6.05463 0.357388 -0.000410331 
546.9 8014.11 89.97 5 0.0899997 5.55994 0.369 0 
546.9 8014.11 89.97 5 0.0899997 5.55994 0.369 0 
617.85 8759.25 110.171 5 -0.0926303 -1.72136 1.15369 0.577911 
692.846 8735.9 111.096 5 0.134669 6.26534 0.380938 -0.00247974 
768.229 9555.49 136.011 5 0.134669 6.26442 0.380938 -0.00223165 
848.881 10375 160.926 5 0.134669 6.26337 0.380938 -0.00217719 
934.801 11194.4 185.841 5 0.134669 6.26217 0.380938 -0.00211794 
1025.99 12013.6 210.756 5 0.134669 6.26078 0.380938 -0.00206185 
1122.45 12832.7 235.671 5 0.134669 6.25917 0.380938 -0.00201124 
1224.17 13651.7 260.587 5 0.134669 6.25725 0.380938 -0.00196844 
1331.17 14470.4 285.502 5 0.134669 6.25496 0.380938 -0.00193573 
1443.43 15288.9 310.417 5 0.134669 6.25215 0.380938 -0.00191314 
1560.96 16107.1 335.332 5 0.134669 6.24865 0.380938 -0.00189477 
1683.76 16924.9 360.247 5 0.134669 6.24417 0.380938 -0.00186777 
1811.83 17742.3 385.162 5 0.134669 6.23818 0.380938 -0.00183271 
1945.16 18559 410.077 5 0.134669 6.22969 0.380938 -0.00188849 
2083.77 19374.8 434.992 5 0.134669 6.21678 0.380939 -0.00213638 
2227.64 20189.3 459.907 5 0.134669 6.19757 0.380939 -0.00153254 
2376.78 21001.7 484.822 5 0.134669 6.15561 0.380939 -0.0105781 
2531.18 21809.7 509.737 5 0.134669 6.21839 0.380939 -0.31496 
2690.86 22624.4 534.653 5 0.134665 -0.224949 0.380944 -0.279822 
2855.27 22759 559.567 5 0.134745 -6.28 0.379515 0.00291635 
3024.43 22254.5 584.49 5 0.11227 -6.15353 0.525779 -0.000566799 
3198.92 21763.4 607.041 5 -0.0727657 -6.19535 0.811263 -2.32519e-05 
3378.57 21267.8 595.412 5 -0.0718198 -6.21647 0.794958 0.000202415 
3555.76 20770 583.883 5 -0.0708738 -6.22923 0.778652 0.000301424 
3730.5 20270.9 572.453 5 -0.0699278 -6.23776 0.762346 0.000340203 
3902.83 19770.9 561.123 5 -0.0689818 -6.24386 0.74604 0.000350307 
4072.76 19270.2 549.893 5 -0.0680358 -6.24842 0.729734 0.000345471 
4240.3 18769.1 538.763 5 -0.0670897 -6.25197 0.713428 0.000332214 
4405.5 18267.6 527.733 5 -0.0661437 -6.2548 0.697122 0.000313996 
4568.36 17765.8 516.802 5 -0.0651977 -6.25712 0.680816 0.000292842 
4728.9 17263.7 505.972 5 -0.0642516 -6.25904 0.66451 0.000270032 
4887.16 16761.4 495.241 5 -0.0633056 -6.26067 0.648204 0.000246425 
5043.14 16259 484.61 5 -0.0623596 -6.26206 0.631898 0.00022262 
5196.87 15756.4 474.079 5 -0.0614136 -6.26327 0.615592 0.000199056 
5348.37 15253.7 463.648 5 -0.0604675 -6.26432 0.599286 0.000176061 
5497.67 14750.9 453.317 5 -0.0595215 -6.26525 0.582979 0.000153891 
5644.77 14247.9 443.085 5 -0.0585755 -6.26607 0.566673 0.000132747 
5789.71 13744.9 432.954 5 -0.0576294 -6.26681 0.550367 0.000112797 
5932.51 13241.9 422.922 5 -0.0566834 -6.26748 0.534061 9.41768e-05 
6073.19 12738.7 412.99 5 -0.0557374 -6.26808 0.517755 7.70031e-05 
6211.76 12235.5 403.158 5 -0.0547913 -6.26862 0.501449 6.13753e-05 
6348.25 11732.2 393.426 5 -0.0538453 -6.26912 0.485143 4.73787e-05 
6482.68 11228.9 383.793 5 -0.0528993 -6.26957 0.468837 3.50867e-05 
6615.07 10725.5 374.261 5 -0.0519532 -6.26999 0.452531 2.45613e-05 
6745.44 10222.1 364.828 5 -0.0510072 -6.27038 0.436224 1.5855e-05 
6873.82 9718.61 355.495 5 -0.0500612 -6.27074 0.419918 9.01613e-06 
7000.22 9215.11 346.262 5 -0.0518046 -6.27108 0.403612 3.92907e-06 
7124.67 8711.57 336.845 5.21596 -0.48321 -6.27137 0.387306 0.000248944 
7246.22 8208.01 281.86 40 -0.0899989 -2.74346 0.369 0 
7246.22 8208.01 281.86 40 -0.0899989 -2.74346 0.369 0 
7164.78 8175.95 270.695 37.0912 1.34288 2.46483 -0.188388 -0.896698 
7089.59 8318.97 307.856 5 -1.0061 -6.26376 -0.176764 0.000111224 
7104.7 8168.49 267.78 40 -0.525465 -6.26665 0.0801896 0.000204797 
7022.5 8017.98 241.975 40 -0.525465 -6.26648 0.0801895 0.000195989 
6938.57 7867.49 216.171 40 -0.525465 -6.26632 0.0801894 0.000187955 
6852.9 7716.99 190.366 40 -0.525465 -6.26616 0.0801892 0.000180054 
6765.49 7566.5 164.562 40 -0.525465 -6.266 0.0801889 0.000172293 
6676.35 7416.02 138.757 40 -0.525465 -6.26583 0.0801886 0.000164675 
6585.46 7265.55 112.953 40 -0.525465 -6.26566 0.0801879 0.000157203 
6492.84 7115.08 87.1483 40 -0.525466 -6.26549 0.0802005 0.000149878 
6398.48 6964.61 61.3438 40 -0.525399 -6.26531 0.0790474 0.000142704 
6302.38 6814.15 35.5416 40 -0.531115 -6.26512 0.177579 0.000135675 
6204.54 6663.7 9.54718 40 -0.0418411 -6.26493 0.0235386 0.000126613 
6104.63 6513.26 0.00103015 40 0.0544734 -6.26488 -0.0373926 0.00011895 
6004.01 6362.81 0.00102085 40 0.0537997 -6.26488 -0.0257803 0.000112479 
5903.39 6212.37 0.00102085 40 0.053126 -6.26488 -0.0141681 0.000106171 
5802.77 6061.92 0.00102085 40 0.0524523 -6.26488 -0.00255585 0.000100028 
5702.15 5911.48 0.00102085 40 0.0517786 -6.26488 0.00905639 9.40521e-05 
5601.53 5761.04 0.00102085 40 0.0511049 -6.26488 0.0206686 8.82448e-05 
5500.91 5610.59 0.00102085 40 0.0504312 -6.26488 0.0322809 8.26083e-05 
5400.29 5460.15 0.00102085 40 0.0497575 -6.26488 0.0438931 7.64193e-05 
5299.68 5309.71 0.00102085 40 0.0460761 -6.26494 0.0554698 7.18251e-05 
5199.06 5159.26 0.00102085 40 -0.100707 -6.26494 0.0670818 6.66097e-05 
5098.55 5008.81 0.00102737 40 -0.183367 -6.26494 0.078694 6.15596e-05 
4998.08 4858.37 0.35527 40 -0.204445 -6.26496 0.0903062 5.6899e-05 
4897.66 4707.92 0.00100931 40 -0.166382 -6.26496 0.101918 5.23522e-05 
4797.19 4557.47 0.00102085 39.9364 -0.0715218 -6.26496 0.113531 4.86267e-05 
4696.82 4407.03 0.00102085 39.3667 0.0576229 -6.26488 0.125143 4.39879e-05 
4597.91 4256.58 0.00102085 39.1837 0.0585166 -6.26487 0.136755 3.982e-05 
4499.48 4106.14 0.00102085 39.0007 0.05941 -6.26487 0.148367 3.60038e-05 
4401.55 3955.69 0.00102085 38.8177 0.0603034 -6.26488 0.15998 3.23728e-05 
4304.11 3805.24 0.00102085 38.6348 0.0611969 -6.26488 0.171592 2.89155e-05 
4207.16 3654.8 0.00102085 38.4518 0.0620906 -6.26488 0.183204 2.62588e-05 
4110.71 3504.35 0.0011358 38.2688 0.0629849 -6.26473 0.194816 2.33293e-05 
4014.74 3353.91 8.73048 38.0859 0.0638779 -6.26451 0.206429 2.03474e-05 
3919.86 3203.47 17.4997 37.9029 0.0647704 -6.2643 0.218041 1.75605e-05 
3826.06 3053.04 26.3088 37.72 0.0656684 -6.26409 0.229653 1.49932e-05 
3733.34 2902.62 35.158 37.5369 0.0665796 -6.26387 0.241265 1.26283e-05 
3641.72 2752.21 44.0476 37.3534 0.0674639 -6.26365 0.252878 1.04618e-05 
3551.19 2601.8 52.9769 37.1703 0.0681843 -6.26342 0.26449 8.49559e-06 
3461.75 2451.4 61.9402 36.9916 0.0688586 -6.26319 0.276102 6.73121e-06 
3373.39 2301 70.9358 36.8176 0.0709098 -6.26295 0.287714 5.16979e-06 
3286.11 2150.62 80.0098 36.612 0.0757689 -6.2627 0.299327 3.8123e-06 
3199.99 2000.24 89.2582 36.31 0.0732703 -6.26244 0.310939 2.65939e-06 
3115.31 1849.87 98.4389 36.1208 0.0329821 -6.26218 0.322551 1.71179e-06 
3031.78 1699.51 106.275 36.9862 -0.00765948 -6.26191 0.334163 9.71382e-07 
2946.48 1549.16 112.699 38.6843 0.287231 -6.26163 0.345776 4.42234e-07 
2856.84 1398.82 128.945 32.4509 1.16952 -6.2613 0.357388 7.98886e-05 
2784.49 1248.48 175.186 5 0.0899998 -2.73597 0.369 0 
2784.49 1248.48 175.186 5 0.0899998 -2.73597 0.369 0 
2796.17 1224.93 176.999 5 -1.29623 -2.89098 1.15369 -0.428564 
2808.5 1198.15 149.961 24.7759 -0.127915 -3.36144 -0.176775 0.609582 
2786.23 1161.6 146.579 24.5929 -0.127021 -2.32031 -0.165163 0.685167 
2764.15 1146.73 143.221 24.4099 -0.126127 -1.11767 -0.153551 0.657609 
2742.24 1156.88 139.888 24.227 -0.125233 0.04778 -0.141939 0.605022 
2720.53 1191.29 136.58 24.044 -0.124338 1.12636 -0.130326 0.553837 
2698.99 1248.14 133.296 23.861 -0.123444 2.12095 -0.118714 0.501807 
2677.65 1325.7 130.037 23.678 -0.12255 3.02922 -0.107102 0.441628 
2656.48 1422.15 126.803 23.4951 -0.121659 3.83361 -0.0954897 0.363734 
2635.5 1535.35 123.593 23.3121 -0.120768 4.50002 -0.0838775 0.265628 
2614.7 1662.42 120.408 23.1293 -0.11987 4.99124 -0.0722652 0.16812 
2594.08 1799.71 117.248 22.9463 -0.118955 5.30757 -0.060653 0.0957863 
2573.64 1943.58 114.113 22.763 -0.118041 5.49327 -0.0490407 0.0542786 
2553.38 2091.32 111.004 22.5794 -0.117192 5.60327 -0.0374285 0.033904 
2533.29 2241.35 107.918 22.3966 -0.116463 5.67581 -0.0258162 0.0239934 
2513.38 2392.88 104.853 22.2164 -0.115695 5.73014 -0.014204 0.0184542 
2493.65 2545.55 101.81 22.0378 -0.114379 5.77436 -0.00259174 0.0147399 
2474.08 2699.14 98.8007 21.8519 -0.11221 5.8118 0.0090205 0.0119389 
2454.7 2853.51 95.8426 21.6462 -0.110648 5.84409 0.0206327 0.00971905 
2435.54 3008.54 92.9239 21.433 -0.113579 5.87222 0.032245 0.00792712 
2416.62 3164.17 89.9514 21.2845 -0.122373 5.89695 0.0438572 0.00646804 
2397.82 3320.3 86.8007 21.2847 -0.12414 5.91884 0.0554695 0.0052724 
2378.89 3476.9 83.6133 21.3022 -0.0897245 5.93837 0.0670817 0.00428721 
2359.79 3633.9 81.1416 20.7619 -0.0166071 5.95588 0.078694 0.00347152 
2341.45 3791.26 80.2133 20.579 -0.0157114 5.97169 0.0903062 0.00279301 
2323.38 3948.95 80.7587 20.396 -0.0148173 5.98602 0.101918 0.00222775 
2305.64 4106.94 81.3288 20.213 -0.0139238 5.99908 0.113531 0.00175669 
2288.23 4265.2 81.9237 20.03 -0.0130303 6.01103 0.125143 0.0013646 
2271.15 4423.71 82.5432 19.8471 -0.012136 6.022 0.136755 0.00103924 
2254.39 4582.45 83.1875 19.6641 -0.0112402 6.03211 0.148367 0.000770648 
2237.97 4741.4 83.8565 19.4811 -0.0103452 6.04146 0.15998 0.000550614 
2221.88 4900.54 84.5503 19.2981 -0.00945794 6.05013 0.171592 0.000372282 
2206.13 5059.87 85.2686 19.1151 -0.00858181 6.0582 0.183204 0.000229855 
2190.71 5219.36 86.0113 18.9325 -0.00769519 6.06572 0.194816 0.00011836 
2175.63 5379 86.7785 18.7499 -0.00674536 6.07274 0.206429 3.3471e-05 
2160.88 5538.8 87.5715 18.5664 -0.00572082 6.07932 0.218041 -2.86306e-05 
2146.47 5698.73 88.392 18.3809 -0.00480951 6.0855 0.229653 -7.13636e-05 
2132.41 5858.78 89.2377 18.1954 -0.00440272 6.09131 0.241265 -9.78194e-05 
2118.68 6018.96 90.098 18.018 -0.00447523 6.09678 0.252878 -0.000110791 
2105.29 6179.26 90.9628 17.8551 -0.00342918 6.10195 0.26449 -0.000112749 
2092.21 6339.65 91.8547 17.6871 0.00157526 6.10684 0.276102 -0.0001058 
2079.45 6500.16 92.8564 17.4519 0.00942738 6.11148 0.287714 -9.1916e-05 
2067.11 6660.75 94.0294 17.1137 0.00682379 6.11593 0.299327 -7.43282e-05 
2055.39 6821.44 95.1594 16.8519 -0.0263075 6.12022 0.310939 -6.07612e-05 
2044.16 6982.22 95.6087 17.1395 -0.074148 6.12422 0.322551 -6.26338e-05 
2032.5 7143.08 95.0527 18.135 -0.0280093 6.12674 0.334163 -7.32485e-05 
2019.13 7304 95.4237 18.2542 0.249357 6.12525 0.345776 -0.000160063 
2005.47 7464.88 101.563 13.9548 0.579519 6.08971 0.357388 -0.000505658 
1999.09 7625.02 114.718 5 0.0899996 5.7439 0.369 0 
1999.09 7625.02 114.718 5 0.0899996 5.7439 0.369 0 
2044.75 8122.39 127.387 5 -0.488265 1.48217 1.15369 0.580889 
2092.72 8327.41 100.39 26.1067 0.381877 6.26302 -0.176775 -0.00264933 
2020.03 8860.48 130.76 5 0.123266 6.26227 0.425705 -0.00256812 
2067.88 9393.4 145.712 5 0.123266 6.26118 0.425705 -0.00250668 
2117.78 9926.24 160.663 5 0.123266 6.26002 0.425705 -0.00245812 
2169.74 10459 175.614 5 0.123266 6.25871 0.425706 -0.00240845 
2223.76 10991.7 190.565 5 0.123266 6.25721 0.425706 -0.00235922 
2279.83 11524.3 205.516 5 0.123266 6.25549 0.425706 -0.00231227 
2337.95 12056.7 220.467 5 0.123266 6.25349 0.425706 -0.00226987 
2398.13 12589 235.418 5 0.123262 6.25113 0.425763 -0.00223547 
2460.36 13121.2 250.369 5 0.123839 6.24831 0.415827 -0.00221424 
2524.65 13653.1 265.36 5 0.0225581 6.24488 0.681816 -0.00221118 
2591.14 14184.9 273.403 5 -0.0724672 6.24065 0.958017 -0.00223643 
2658.86 14716.3 266.324 5 -0.0715213 6.23522 0.941713 -0.00227778 
2725.61 15247.4 259.311 5 -0.0705753 6.22808 0.925407 -0.00232152 
2791.39 15777.9 252.363 5 -0.0696293 6.21823 0.909101 -0.00245862 
2856.21 16307.8 245.479 5 -0.0686833 6.20373 0.892795 -0.0031564 
2920.09 16836.7 238.661 5 -0.0677373 6.18049 0.876489 -0.00282237 
2983.03 17364 231.907 5 -0.0667913 6.13514 0.860183 -0.0247102 
3045.03 17888.2 225.218 5 -0.0658453 6.07216 0.843877 -0.41254 
3106.12 18408.1 218.595 5 -0.0649019 1.15855 0.827571 -0.456932 
3166.02 18591 212.035 5 -0.0639587 -4.25786 0.811265 -0.0939358 
3224.72 18402.2 205.541 5 -0.0630136 -6.11087 0.794959 -0.00457967 
3282.43 18086.4 199.111 5 -0.0620676 -6.16317 0.778653 -0.000754893 
3339.25 17767 192.747 5 -0.0611216 -6.19422 0.762347 -0.000213592 
3395.19 17445.5 186.447 5 -0.0601756 -6.21217 0.746041 7.79971e-05 
3450.26 17122.7 180.212 5 -0.0592295 -6.22388 0.729735 0.000190549 
3504.48 16799.2 174.042 5 -0.0582835 -6.23215 0.713428 0.000244093 
3557.84 16475.1 167.936 5 -0.0573375 -6.23829 0.697122 0.000268383 
3610.37 16150.5 161.896 5 -0.0563915 -6.24303 0.680816 0.000274519 
3662.06 15825.6 155.921 5 -0.0554454 -6.24681 0.66451 0.000268965 
3712.93 15500.5 150.01 5 -0.0544994 -6.24989 0.648204 0.000255952 
3762.99 15175.1 144.165 5 -0.0535534 -6.25244 0.631898 0.000238302 
3812.24 14849.6 138.384 5 -0.0526073 -6.2546 0.615592 0.000217916 
3860.69 14524 132.668 5 -0.0516613 -6.25644 0.599286 0.000196096 
3908.36 14198.2 127.017 5 -0.0507153 -6.25803 0.582979 0.000173751 
3955.25 13872.3 121.431 5 -0.0497692 -6.25942 0.566673 0.000151535 
4001.38 13546.3 115.91 5 -0.0488232 -6.26065 0.550367 0.000129931 
4046.74 13220.2 110.454 5 -0.0478772 -6.26174 0.534061 0.000109308 
4091.35 12894 105.062 5 -0.0469311 -6.26271 0.517755 8.99509e-05 
4135.22 12567.8 99.7359 5 -0.0459851 -6.26358 0.501449 7.2091e-05 
4178.35 12241.5 94.4743 5 -0.0450391 -6.26437 0.485143 5.59158e-05 
4220.76 11915.2 89.2776 5 -0.044093 -6.26509 0.468837 4.15821e-05 
4262.45 11588.8 84.1458 5 -0.043147 -6.26575 0.452531 2.92188e-05 
4303.44 11262.3 79.0789 5 -0.0435642 -6.26635 0.436224 1.92335e-05 
4343.73 10935.9 73.9834 5.07115 -0.0405011 -6.26669 0.419918 1.03893e-05 
4382.93 10609.4 69.0901 5 -0.0403089 -6.26759 0.403612 3.63876e-06 
4421.85 10282.8 64.2179 5 -0.710028 -6.26783 0.387306 0.000320674 
4461.01 9956.21 13.4066 40 -1.22236 -4.01232 0.369 0 
