grtopS_71_4
50
2 2
9 9 
0 2 4 3 1 7 6 5 8 
0 2 4 3 1 7 6 5 8 
1016.24 10.85 65.727 64.8229 64.8865 4.69238e-08 12.9245 121.64 
107840 0.0390173 28.3438 0 24.0384 0 25.3447 148.085 
20.7396 0.221429 1.34137 1.32292 1.32421 9.57629e-10 0.263766 2.48245 
2200.81 0.000796271 0.578445 0 0.490579 0 0.517239 3.02213 
0.0650125 0.0776549 1.77608e-09 0 0 12.4269 119.625 1.3553 
4.56654e-06 1.43682e-06 1.43828e-06 8.26149 1.44052e-06 12.8387 1.4426e-06 1.83801 
185.95 950.38 505.49 16.4702 0.467576 0 0.216106 0 
185.885 950.315 505.555 16.5352 0.532589 -0.0650125 0.207122 -0.0324476 
166.03 941.444 526.051 5 0.581372 -0.56814 0.504347 0.0541566 
3.51904 711.506 453.594 5 0.568965 0.0868127 0.504544 0.0155189 
3.14722 483.479 377.353 5 0.566527 0.218153 0.503808 0.0153883 
3.29341 255.826 300.368 5 0.526794 0.349771 0.507628 0.0147544 
3.65699 34.2913 211.269 11.717 0.474641 0.500133 0.337419 0.0031355 
3.67171 -54.8593 169.056 16.485 0.457142 0.5715 0.214402 -0.0001371 
3.56093 -53.0446 166.077 16.4723 0.457087 0.576568 0.214728 -0.000134177 
3.45088 -51.4556 162.964 16.4727 0.456988 0.581864 0.214718 -0.000133081 
3.34123 -49.8442 159.824 16.4722 0.456891 0.587204 0.214731 -0.000133787 
3.23172 -48.2276 156.649 16.4717 0.456796 0.592603 0.214744 -0.000136245 
3.12265 -46.6059 153.441 16.4707 0.456702 0.59806 0.214768 -0.000135631 
3.01401 -44.9873 150.195 16.4697 0.456606 0.603581 0.214793 -0.000136873 
2.90582 -43.3722 146.91 16.4688 0.456509 0.609167 0.214816 -0.00013822 
2.79808 -41.7593 143.588 16.4677 0.456411 0.614819 0.214843 -0.000136955 
2.69081 -40.1509 140.225 16.4668 0.456306 0.620538 0.214867 -0.000137502 
2.58395 -38.5434 136.822 16.4667 0.456209 0.626325 0.214868 -0.000138049 
2.47749 -36.9232 133.388 16.4646 0.456112 0.632166 0.214921 -0.000136617 
2.37144 -35.3262 129.906 16.4634 0.45601 0.638089 0.214952 -0.000136195 
2.26575 -33.7361 126.381 16.4623 0.455907 0.644084 0.21498 -0.000135867 
2.1604 -32.151 122.814 16.4612 0.455802 0.650151 0.215009 -0.000135559 
2.05539 -30.5709 119.204 16.46 0.455696 0.65629 0.215038 -0.000135255 
1.9507 -28.9955 115.552 16.4589 0.455589 0.662501 0.215067 -0.000134958 
1.84632 -27.4249 111.856 16.4577 0.45548 0.668787 0.215095 -0.000134677 
1.74223 -25.8586 108.116 16.4566 0.45537 0.675147 0.215124 -0.000134407 
1.63842 -24.2965 104.332 16.4554 0.455259 0.681583 0.215153 -0.000134148 
1.53488 -22.7384 100.503 16.4543 0.455146 0.688094 0.215182 -0.0001339 
1.43159 -21.1841 96.6288 16.4531 0.455031 0.694682 0.215211 -0.000133669 
1.32855 -19.6335 92.7093 16.452 0.454915 0.701348 0.21524 -0.000133437 
1.22574 -18.0863 88.7436 16.4508 0.454798 0.708092 0.215269 -0.000133228 
1.12315 -16.5424 84.7315 16.4497 0.454679 0.714915 0.215298 -0.000133004 
1.02076 -15.0016 80.6723 16.4485 0.454559 0.721818 0.215328 -0.000132807 
0.918566 -13.4638 76.5656 16.4474 0.454437 0.728801 0.215357 -0.000132608 
0.816556 -11.9288 72.4109 16.4462 0.454314 0.735867 0.215387 -0.0001324 
0.714719 -10.3966 68.2077 16.445 0.45419 0.743014 0.215417 -0.000132188 
0.613046 -8.86727 63.9554 16.4438 0.454064 0.750246 0.215447 -0.000131951 
0.511531 -7.341 59.6533 16.4426 0.453937 0.757561 0.215477 -0.00013178 
0.410171 -5.81774 55.3011 16.4413 0.453758 0.764961 0.215514 -0.000132099 
0.308605 -4.29103 50.8823 16.4491 0.453524 0.772473 0.215154 -0.000145088 
0.206274 -2.58413 46.4649 16.4628 0.444839 0.779783 0.215692 -0.000193854 
0.0425139 0.714109 39.5275 17.9957 0.434383 0.791238 0.176763 -0.000475345 
-0.225128 34.0015 43.7314 18.9007 0.433133 0.784115 0.155805 -0.00287009 
-0.485084 84.2356 56.0138 18.5654 0.436517 0.763398 0.164277 -0.00300676 
-0.693755 127.741 66.1935 18.2315 0.43986 0.746176 0.172748 -0.00603542 
-0.87561 164.551 74.2713 17.8916 0.445152 0.628197 0.18122 0.00815708 
-32.8433 194.253 80.7858 17.5494 0.444656 0.804323 0.189691 0.0652245 
-7.8592 217.697 83.9504 17.2498 0.434039 1.68969 0.198163 0.0438163 
288.861 237.229 81.0769 16.3118 0.488658 2.3176 0.206634 -0.0223896 
775.553 230.986 86.09 5 0.09 1.96262 0.215106 0 
775.553 230.986 86.09 5 0.09 1.96262 0.215106 0 
777.133 240.667 86.5047 5 -0.247569 1.88536 -0.188257 -1.02859 
778.734 250.135 85.9867 5.75875 -0.698123 1.651 -0.176564 -1.00718 
780.189 258.955 84.2205 7.44948 -1.01987 1.4199 -0.164694 -0.985775 
781.276 267.138 81.5579 9.78464 -1.29134 1.19203 0.0802914 -0.964366 
781.847 274.691 78.1349 12.6185 -1.3997 0.967416 0.162756 -0.942958 
781.777 281.623 74.4 15.6191 -1.3995 0.746044 0.132769 -0.92155 
781.021 287.945 70.6523 18.5689 -1.33314 0.527917 0.918353 -0.900142 
779.587 293.665 67.0749 21.2303 -0.865613 0.313034 -0.104592 -0.878734 
777.518 298.791 64.7775 22.9857 -0.752083 0.101395 -0.0947074 -0.857325 
775.041 303.333 62.7859 24.4697 -0.588906 -0.106998 -0.0834772 -0.835917 
772.215 307.3 61.2386 25.5827 -0.382802 -0.312146 -0.0720094 -0.814509 
769.122 310.7 60.2559 26.2409 -0.143545 -0.514048 -0.0604658 -0.793101 
765.864 313.542 59.9312 26.383 0.116837 -0.712704 -0.0488895 -0.771693 
762.558 315.836 60.3254 25.9738 0.384513 -0.908114 -0.0372957 -0.750284 
759.33 317.589 61.4609 25.0078 0.494078 -1.10028 -0.0256901 -0.728876 
756.316 318.812 62.9034 23.8276 0.58026 -1.28919 -0.0140777 -0.707468 
753.565 319.512 64.5892 22.486 0.640287 -1.47486 -0.00246084 -0.68606 
751.117 319.699 66.4468 21.041 0.709747 -1.65728 0.00915842 -0.664652 
748.996 319.382 68.5027 19.4745 0.859311 -1.83645 0.0207761 -0.643243 
747.224 318.569 70.9788 17.6205 0.972555 -2.01237 0.0323888 -0.621835 
745.869 317.27 73.776 15.5604 1.04175 -2.18504 0.0439958 -0.600427 
744.983 315.494 76.7735 13.3905 1.06147 -2.35446 0.0555996 -0.579019 
744.689 313.249 79.8351 11.2169 1.02851 -2.52064 0.0672043 -0.55761 
744.951 310.545 82.8152 9.15018 0.927033 -2.68356 0.0788138 -0.536202 
745.692 307.39 85.5241 7.33261 0.639191 -2.84322 0.09044 -0.514794 
746.867 303.794 87.4458 6.15139 0.46353 -2.99964 0.102127 -0.493386 
748.323 299.765 88.8874 5.35925 0.263324 -3.1528 0.119575 -0.471977 
749.973 295.313 89.7794 5.00009 0.0502924 -3.30271 0.125702 -0.450569 
751.719 290.447 90.0843 5.09444 -0.168937 -3.44937 0.137197 -0.429161 
753.458 285.175 89.7832 5.6465 -0.380239 -3.59277 0.656129 -0.407752 
755.085 279.508 88.8958 6.56951 -0.36224 -3.73292 0.664313 -0.386344 
756.5 273.453 88.054 7.43706 -0.316745 -3.86981 0.648126 -0.364936 
757.717 267.021 87.3341 8.19534 -0.255362 -4.00345 0.631854 -0.343527 
758.757 260.219 86.7805 8.81292 -0.18104 -4.13383 0.615563 -0.322119 
759.654 253.057 86.4294 9.26515 -0.0975155 -4.26096 0.599265 -0.30071 
760.443 245.544 86.3071 9.53565 -0.00915026 -4.38484 0.582964 -0.279302 
761.167 237.689 86.4277 9.61752 0.0792815 -4.50546 0.566661 -0.257893 
761.868 229.5 86.7924 9.51403 0.162841 -4.62282 0.550357 -0.236485 
762.59 220.988 87.3883 9.23874 0.236693 -4.73693 0.534052 -0.215076 
763.371 212.159 88.1895 8.81516 0.29637 -4.84778 0.517747 -0.193667 
764.247 203.025 89.1575 8.27575 0.338038 -4.95538 0.501441 -0.172258 
765.245 193.593 90.2429 7.66045 0.358724 -5.05971 0.485136 -0.150848 
766.384 183.873 91.3883 7.01474 0.35651 -5.16079 0.46883 -0.129438 
767.672 173.874 92.5304 6.38729 0.330673 -5.25861 0.452524 -0.108027 
769.107 163.604 93.6039 5.82744 0.281769 -5.35317 0.436218 -0.0866142 
770.674 153.073 94.5447 5.38246 0.211643 -5.44447 0.419912 -0.0651964 
772.348 142.289 95.2938 5.09488 0.123369 -5.53251 0.403606 -0.0437595 
774.095 131.262 95.8002 5.00001 0.0211272 -5.61728 0.387297 -0.0129345 
775.871 120.001 96.0246 5.11502 -0.0899961 -5.68923 0.369 0 
775.871 120.001 96.0246 5.11502 -0.0899961 -5.68923 0.369 0 
785.717 51.0499 95.0507 6.8103 -1.25886 -5.69199 1.15369 1.02859 
793.647 -17.946 74.468 22.6247 -0.17427 -4.74316 -0.175829 1.00718 
779.329 -71.044 71.6139 23.8859 0.0727924 -3.81352 -0.165163 0.985773 
763.153 -108.581 72.861 21.8557 0.541601 -2.90307 -0.153551 0.964365 
749.597 -130.883 82.009 14.0687 0.708283 -2.01183 -0.141938 0.942955 
746.746 -138.276 94.1556 5.00001 -0.333946 -1.1398 0.639396 0.921544 
756.826 -131.084 89.1017 9.61445 -0.84029 -0.286966 0.864433 0.900127 
760.728 -109.613 75.4495 20.0069 -0.0424513 0.54664 -0.107097 0.366359 
749.98 -74.1787 74.8718 19.8243 -0.0412424 0.886986 -0.0954866 -0.857298 
739.461 -33.0484 74.3192 19.6377 -0.0399817 0.0955335 -0.0838745 -0.835896 
729.163 -5.1649 73.7928 19.4468 -0.0393088 -0.676651 -0.0722618 -0.814483 
719.092 9.79445 73.2827 19.2595 -0.0398895 -1.42954 -0.0606491 -0.793046 
709.246 12.1525 72.768 19.0915 -0.0411171 -2.16311 -0.0490366 0.461756 
699.599 2.2327 72.2372 18.9489 -0.0399302 -1.73633 -0.0374243 0.179038 
690.13 -0.544224 71.7301 18.7981 -0.0323538 -1.57081 -0.0258121 -0.000275911 
680.846 -0.551015 71.3538 18.5587 -0.0198038 -1.57106 -0.0141997 -0.0368733 
671.867 -0.562334 71.1941 18.1771 -0.0164272 -1.60518 -0.00258696 0.322183 
663.392 -1.145 71.101 17.7855 -0.0446002 -1.30714 0.00902671 0.364692 
655.453 3.26006 70.547 17.7868 -0.105275 -0.969584 0.0206417 -0.643214 
647.518 13.3148 68.9774 18.5519 -0.135516 -1.56423 0.032253 -0.621822 
638.507 13.4179 66.8811 19.6101 -0.0148144 -2.13948 0.0438611 -0.600417 
627.958 3.89419 66.7766 19.0074 0.300304 -2.69532 0.0554694 -0.579005 
618.101 -14.9331 71.9624 14.4492 0.542652 -3.23173 0.067085 -0.377126 
614.443 -42.743 81.3267 7.29365 0.0865399 -3.58174 0.6612 0.536196 
620.843 -76.419 83.249 6.28754 -0.00993147 -3.08705 0.762346 0.514792 
628.695 -101.816 83.5836 6.54486 -0.0111772 -2.61183 0.74604 0.493386 
636.221 -119.26 83.8905 6.80203 -0.0123594 -2.15609 0.729675 0.471978 
643.418 -129.075 84.1707 7.0583 -0.0136521 -1.71984 0.713428 0.45057 
650.288 -131.589 84.4223 7.31508 -0.0149027 -1.30311 0.697122 0.429162 
656.827 -127.127 84.6462 7.57183 -0.016177 -0.905909 0.680816 0.407754 
663.036 -116.018 84.8419 7.82885 -0.01748 -0.528243 0.66451 0.386346 
668.911 -98.5869 85.0088 8.08648 -0.0187675 -0.170129 0.648203 0.364938 
674.452 -75.1621 85.1473 8.34446 -0.0199435 0.168421 0.631897 0.34353 
679.657 -46.0707 85.2592 8.60132 -0.0209556 0.487393 0.615591 0.322122 
684.525 -11.6404 85.3472 8.8551 -0.0219835 0.786774 0.599285 0.300714 
689.061 27.8009 85.4113 9.10634 -0.0235153 1.06655 0.582979 0.279306 
693.265 71.925 85.4429 9.36174 -0.0259441 1.32671 0.566673 0.257898 
697.133 120.404 85.4271 9.63225 -0.0285938 1.56724 0.550367 0.236489 
700.642 172.908 85.3597 9.91905 -0.0290627 1.78812 0.53406 0.215081 
703.766 229.11 85.2767 10.1926 -0.0248119 1.98935 0.517754 0.193673 
706.522 288.68 85.2575 10.3942 -0.0180372 2.17091 0.501448 0.172265 
709.008 351.29 85.3463 10.4996 -0.0201907 2.33278 0.485142 0.150857 
711.358 416.608 85.3962 10.633 -0.0463503 2.47496 0.468836 0.129448 
713.541 484.306 85.0048 11.097 -0.0916071 2.59743 0.45253 0.10804 
715.106 554.055 83.8434 12.0987 -0.103166 2.70018 0.436224 0.0866319 
715.293 625.524 82.4617 13.1504 0.00356585 2.78319 0.419917 0.0652234 
713.99 698.384 82.8381 12.7403 0.234177 2.84645 0.403611 0.0438142 
713.172 772.302 87.0853 9.45057 0.354461 2.88994 0.387305 0.0217605 
716.869 846.944 93.4339 5.00002 -0.0899975 2.91305 0.369 0 
716.869 846.944 93.4339 5.00002 -0.0899975 2.91305 0.369 0 
726.844 920.936 92.4764 6.68443 -1.26076 2.91602 1.15369 -1.02859 
734.947 994.979 72.1488 22.3188 -0.210742 1.98054 -0.158034 -1.00717 
721.339 1053.6 68.74 24.0407 0.0296681 1.06396 -0.165162 -0.985765 
705.25 1097.09 69.254 22.5633 0.517069 0.1663 -0.153549 -0.964355 
690.959 1125.76 77.8524 15.1154 0.792596 -0.712435 -0.141899 -0.942946 
686.701 1139.92 91.196 5.00006 -0.0731615 -1.57222 0.491592 -0.921538 
696.538 1139.87 90.5164 6.38368 -0.942007 -2.41303 1.05574 -0.900129 
704.798 1125.95 75.4583 18.1187 -0.186704 -3.23483 0.0700371 -0.87872 
696.779 1098.48 72.5574 19.8242 -0.0412556 -4.03767 -0.0954619 -0.857308 
686.349 1057.75 72.0123 19.6403 -0.0399663 -4.8215 -0.0838618 -0.835886 
676.134 1004.09 71.4933 19.4515 -0.0388656 -5.5863 -0.0722523 -0.757364 
666.141 937.798 70.9974 19.2607 -0.0386872 -6.27997 -0.0606412 0.0034113 
656.374 860.059 70.5096 19.0798 -0.0397186 -6.27997 -0.0490298 0.00341297 
646.832 782.32 70.0095 18.9228 -0.0404004 -6.27998 -0.0374182 0.00341374 
637.48 704.58 69.5023 18.7827 -0.0369925 -6.27998 -0.0258063 0.00341437 
628.296 626.841 69.055 18.6065 -0.0269172 -6.27998 -0.0141942 0.00341514 
619.327 549.101 68.7788 18.3143 -0.0159636 -6.27998 -0.00258189 0.00341598 
610.732 471.361 68.691 17.9075 -0.0222933 -6.27998 0.00903047 0.00341648 
602.673 393.621 68.5096 17.6154 -0.0634876 -6.27997 0.0206427 0.197577 
595.009 315.88 67.6559 17.8637 -0.120918 -6.10282 0.0322548 0.621807 
587.01 241.064 65.8476 18.798 -0.109782 -5.53849 0.0438668 0.600412 
577.718 175.564 64.1985 19.4835 0.0758661 -4.9933 0.0554795 0.579008 
567.412 119.064 65.5956 17.7554 0.393726 -4.46728 0.0671958 0.557602 
559.339 71.2453 72.2853 12.2128 0.464052 -3.96046 0.198418 0.536194 
558.802 31.7866 80.2825 6.28763 -0.0101775 -3.47283 0.762326 0.514786 
566.529 0.370585 80.6084 6.54451 -0.0114356 -3.00441 0.746027 0.493378 
573.933 -23.313 80.9068 6.80143 -0.0126844 -2.5552 0.729724 0.471968 
581.014 -39.5814 81.1778 7.05828 -0.0139279 -2.12524 0.713419 0.450557 
587.771 -48.7522 81.4215 7.315 -0.0151815 -1.71452 0.697115 0.429143 
594.202 -51.1431 81.6377 7.57173 -0.0164631 -1.32307 0.68081 0.407715 
600.305 -47.0723 81.8259 7.82882 -0.0177731 -0.950908 0.664504 0.0734514 
606.081 -36.858 81.9857 8.08659 -0.0190551 -0.883482 0.648199 -0.364885 
611.522 -25.5305 82.1176 8.34462 -0.0202041 -1.21595 0.631893 -0.343491 
616.622 -19.6906 82.2236 8.6012 -0.0211831 -1.52911 0.615587 -0.322069 
621.383 -19.0198 82.3067 8.85435 -0.022222 -1.82294 0.599281 0.123649 
625.807 -23.1987 82.3659 9.10519 -0.0238555 -1.71029 0.582975 0.279268 
629.904 -25.518 82.3916 9.36145 -0.0264328 -1.45558 0.566669 0.257879 
633.668 -23.6326 82.3679 9.6344 -0.029089 -1.22022 0.550363 0.236477 
637.073 -17.8618 82.2932 9.92322 -0.0292136 -1.00423 0.534057 0.215072 
640.097 -8.52542 82.2087 10.1944 -0.0243731 -0.807621 0.517751 0.193665 
642.76 4.05652 82.197 10.3875 -0.0174193 -0.630418 0.501445 0.172258 
645.167 19.5637 82.295 10.4844 -0.020603 -0.47263 0.485139 0.15085 
647.453 37.6756 82.3378 10.6228 -0.0487732 -0.33427 0.468833 0.129442 
649.568 58.0714 81.912 11.1119 -0.0949631 -0.21535 0.452527 0.108033 
651.039 80.4307 80.7108 12.1404 -0.103971 -0.115884 0.436221 0.0866232 
651.115 104.433 79.3337 13.1832 0.00781727 -0.0358852 0.419915 0.0652117 
649.729 129.757 79.7743 12.7219 0.240298 0.0246275 0.403609 0.0437927 
648.892 156.079 84.0645 9.40244 0.355912 0.0656316 0.387303 0.0193687 
652.551 183.075 90.351 5.00005 -0.0899926 0.0843756 0.369 0 
652.551 183.075 90.351 5.00005 -0.0899926 0.0843756 0.369 0 
662.499 210.402 89.3926 6.68602 -1.2619 0.085473 1.15369 -1.02859 
670.57 237.749 69.0262 22.3499 -0.210577 -0.852796 -0.169815 -1.00718 
656.87 249.609 65.616 24.0766 0.00585189 -1.77216 -0.165163 -0.985775 
640.686 246.281 65.736 22.8933 0.499814 -2.67259 -0.153551 -0.964366 
625.898 228.075 74.0491 15.6195 0.82759 -3.55408 -0.141938 -0.942958 
620.896 195.295 87.9705 5 0.0390995 -4.4166 0.455592 -0.921484 
630.663 148.253 89.1451 5.00002 -0.92164 -5.26007 1.05584 0.889999 
640.776 87.2747 74.4455 16.6394 -0.382337 -4.44967 0.326962 0.878729 
634.824 39.6987 68.3485 20.7778 0.16957 -3.64903 -0.0900194 0.857323 
623.02 5.35588 71.261 17.8368 0.329433 -2.86743 0.15471 0.835914 
615.164 -16.0757 76.8928 13.0244 0.629799 -2.10487 0.092097 0.814505 
613.776 -24.9126 87.6149 5.00005 0.0165279 -1.36137 0.844714 0.79309 
623.579 -21.4732 88.4166 5.00003 0.0165278 -0.636912 0.844714 -0.526838 
633.418 -6.06383 89.2182 5.00002 0.0165273 -1.11745 0.844715 -0.621272 
643.277 1.40573 90.0198 5.00002 0.0165269 -1.68455 0.844715 0.0815145 
653.156 -0.49484 90.8214 5.00002 0.0165269 -1.61018 0.844716 0.454145 
663.062 -1.16662 91.6231 5.00001 0.0165273 -1.19544 0.844713 0.212775 
673 5.01425 92.4247 5.00001 0.0165206 -1.00087 0.844829 -0.664644 
682.967 14.41 93.2262 5.00001 0.0167996 -1.60751 0.836336 -0.64324 
692.953 13.7824 94.0323 5.00269 -0.00388554 -2.19499 0.843876 -0.621833 
702.961 3.44782 94.4966 5.25961 -0.0051415 -2.76332 0.827571 -0.600423 
712.637 -16.2769 94.9333 5.51654 -0.0063962 -3.31247 0.811265 -0.437754 
721.981 -45.0748 95.3425 5.77347 -0.00765115 -3.71342 0.794959 0.557609 
730.993 -80.4973 95.7242 6.0304 -0.00890693 -3.20558 0.778653 0.536202 
739.684 -107.529 96.0782 6.28734 -0.0101633 -2.71696 0.762346 0.514795 
748.054 -126.486 96.4048 6.54431 -0.0114173 -2.24756 0.74604 0.493387 
756.101 -137.688 96.7038 6.80127 -0.0126654 -1.79741 0.729734 0.471979 
763.825 -141.451 96.9754 7.05815 -0.0139093 -1.36651 0.713428 0.450571 
771.223 -138.095 97.2196 7.3149 -0.0151619 -0.954873 0.697122 0.429163 
778.295 -127.936 97.4363 7.57165 -0.0164427 -0.562517 0.680816 0.407755 
785.04 -111.295 97.6251 7.82874 -0.017752 -0.189453 0.66451 0.386347 
791.456 -88.4893 97.7854 8.08651 -0.0190343 0.164306 0.648204 0.364938 
797.542 -59.8382 97.9177 8.34454 -0.0201849 0.498747 0.631898 0.34353 
803.295 -25.6609 98.0242 8.60115 -0.0211658 0.813859 0.615591 0.322122 
808.716 13.7232 98.1076 8.85435 -0.0222034 1.10963 0.599285 0.300714 
813.809 57.9945 98.1672 9.10522 -0.0238292 1.38604 0.582979 0.279306 
818.576 106.833 98.1933 9.36142 -0.0263957 1.64308 0.566673 0.257898 
823.009 159.919 98.1702 9.63418 -0.0290522 1.88075 0.550367 0.23649 
827.084 216.932 98.096 9.92287 -0.0292027 2.09901 0.534061 0.215081 
830.777 277.552 98.0117 10.1943 -0.0244047 2.29787 0.517755 0.193673 
834.109 341.458 97.9995 10.388 -0.0174618 2.47731 0.501449 0.172265 
837.184 408.329 98.0968 10.4855 -0.0205689 2.63732 0.485143 0.150857 
840.137 477.844 98.1402 10.6235 -0.0485948 2.77788 0.468836 0.129449 
842.919 549.682 97.7169 11.1108 -0.0947219 2.89899 0.45253 0.10804 
845.06 623.521 96.5185 12.1373 -0.103916 3.00062 0.436224 0.0866322 
845.805 699.04 95.1411 13.1808 0.00751306 3.08277 0.419918 0.0652239 
845.088 775.918 95.5771 12.7231 0.239867 3.14542 0.403612 0.0438152 
844.915 853.831 99.8644 9.40578 0.355811 3.18855 0.387306 0.018552 
849.239 932.453 106.155 5.00001 -0.0899992 3.20863 0.369 0 
849.239 932.453 106.155 5.00001 -0.0899992 3.20863 0.369 0 
836.812 920.026 93.7281 5.75017 0.130949 -6.20068 0.0571773 6.7404e-11 
824.385 907.599 81.3013 5.62581 0.0725299 -6.12858 0.0613981 1.60674e-10 
811.958 895.172 68.8744 5.60364 0.0699015 -4.79868 0.065978 4.10854e-11 
799.531 882.745 56.4475 5.58096 0.0642154 -4.37801 0.0709363 5.06706e-11 
787.105 870.319 44.0207 5.55525 0.0574627 -3.86077 0.0762896 5.82966e-11 
774.678 857.892 31.5938 5.5288 0.0467036 -3.27491 0.082051 6.3096e-11 
762.251 845.465 19.167 5.50553 0.0354289 -2.65131 0.0882286 5.92817e-11 
749.824 833.038 6.74014 5.49636 0.0308671 -2.06788 0.0948252 1.66113e-11 
737.397 820.611 0.402042 5.49055 0.028188 -1.89769 0.101837 1.45853e-11 
724.97 808.184 0.402151 5.4855 0.0259274 -1.74535 0.109256 1.27507e-11 
712.543 795.757 0.402253 5.48097 0.0240044 -1.61042 0.117066 9.90996e-12 
700.116 783.33 0.40236 5.47634 0.0220543 -1.5037 0.125251 9.77735e-12 
687.69 770.904 0.402425 5.47353 0.0209818 -1.39741 0.133794 3.55221e-12 
675.263 758.477 0.402476 5.47138 0.0202476 -1.35573 0.142684 4.21799e-12 
662.836 746.05 0.40253 5.46908 0.0194611 -1.30644 0.151916 3.49805e-12 
650.409 733.623 0.402588 5.46664 0.018622 -1.26424 0.161469 3.69893e-12 
637.982 721.196 0.40265 5.46405 0.0177308 -1.2194 0.171271 3.89649e-12 
625.555 708.769 0.402657 5.46375 0.0177217 -1.17197 0.181248 2.9984e-12 
613.128 696.342 0.402614 5.46561 0.0185461 -1.13359 0.191234 -1.68844e-12 
600.701 683.915 0.402628 5.46508 0.0184784 -1.14477 0.201199 -4.39198e-12 
588.275 671.489 0.402698 5.46214 0.017519 -1.18397 0.211136 -4.17257e-13 
575.848 659.062 0.402824 5.45684 0.0156689 -1.17841 0.221038 3.55363e-12 
563.421 646.635 0.402977 5.45053 0.013426 -1.1281 0.230893 7.52604e-12 
550.994 634.208 0.403112 5.44496 0.0114553 -1.03306 0.240688 1.03604e-11 
538.567 621.781 0.403231 5.44013 0.00975656 -0.905922 0.250409 9.02803e-12 
526.14 609.354 0.403333 5.43599 0.00832898 -0.79242 0.260037 7.69286e-12 
513.713 596.927 0.403418 5.43255 0.00717261 -0.692554 0.269551 6.3607e-12 
501.286 584.5 0.403487 5.4298 0.00628745 -0.606323 0.278928 5.02344e-12 
488.86 572.074 0.403539 5.42771 0.0056735 -0.533727 0.288147 3.66619e-12 
476.433 559.647 0.403581 5.42617 0.00527694 -0.474765 0.297184 2.32003e-12 
464.006 547.22 11.9264 5.42457 0.00486701 -0.429427 0.30602 9.88202e-13 
451.579 534.793 24.3532 5.42291 0.0044437 -0.397714 0.31464 1.55129e-14 
439.152 522.366 36.7801 5.42121 0.00400737 -0.375795 0.323024 1.56188e-14 
426.725 509.939 49.2069 5.41946 0.00355797 -0.353215 0.331141 1.73249e-14 
414.298 497.512 61.6338 5.41765 0.00309569 -0.329973 0.338949 1.92137e-14 
401.872 485.085 74.0607 5.4158 0.0026202 -0.30607 0.346432 2.96954e-14 
389.445 472.659 86.4875 5.41389 0.00213678 -0.281505 0.353617 2.48002e-14 
377.018 460.232 98.9144 5.41194 0.00439466 -0.256278 0.360532 2.81233e-14 
364.591 447.805 111.341 5.40992 0.00866425 -0.23039 0.367153 3.16762e-14 
352.164 435.378 123.768 5.40797 0.0125721 -0.203841 0.314783 3.50988e-14 
339.737 422.951 136.195 5.40645 0.0159301 -0.176635 0.378203 3.82242e-14 
327.31 410.524 148.622 5.40525 0.0245974 -0.14877 0.381001 5.42627e-14 
314.886 398.097 161.049 5.40378 0.0466652 -0.120237 0.382094 5.02706e-14 
327.313 385.67 173.476 5.40358 0.0473208 -0.0917373 0.381253 2.19158e-14 
339.74 373.243 185.903 5.4029 0.0559696 -0.0649789 0.379329 4.14342e-15 
352.167 360.817 198.329 5.40173 0.0774832 -0.0399594 0.37704 4.87922e-15 
364.594 348.39 210.756 5.39955 0.12412 -0.01702 0.374694 -3.61714e-15 
377.02 335.963 223.183 5.39671 0.228106 -0.00136762 0.372348 4.04143e-13 
389.447 323.536 235.61 5.40562 3.96866e-06 -1.81423e-09 0.369 0 
389.447 323.536 235.61 5.40562 3.96866e-06 -1.81423e-09 0.369 0 
271.69 209.076 116.088 14.1651 1.39997 -6.28 6.35718e-05 3.76464e-10 
150.727 73.9505 3.04471 7.72003 0.677906 -0.0269884 6.83788e-05 8.56626e-13 
30.7814 1.01695e-07 0.0159571 5.01505 8.22304e-10 -4.59338e-09 7.38828e-05 -1.00859e-14 
3.7249e-08 4.33294e-09 0.0159588 5.01505 2.41398e-11 -4.56221e-09 8.02452e-05 -1.00858e-14 
4.23462e-09 4.3332e-09 0.0159589 5.01505 2.41364e-11 -4.56221e-09 8.76838e-05 -1.00858e-14 
4.23444e-09 4.33316e-09 0.0159593 5.01505 2.41296e-11 -4.56221e-09 9.65016e-05 -1.00856e-14 
4.23458e-09 4.33299e-09 0.0159588 5.01505 2.41278e-11 -4.56221e-09 0.000107138 -1.00856e-14 
4.23458e-09 4.33504e-09 0.0159586 5.01505 2.41279e-11 -4.56221e-09 0.000120266 -1.00855e-14 
4.23441e-09 4.33301e-09 0.0159586 5.01505 2.41309e-11 -4.56221e-09 0.000137004 -1.00853e-14 
4.23644e-09 4.33319e-09 0.0159586 5.01505 2.41404e-11 -4.56221e-09 0.000159403 -1.00852e-14 
4.2344e-09 4.3332e-09 0.0159586 5.01505 2.41638e-11 -4.56221e-09 0.000191781 -1.00851e-14 
4.23458e-09 4.3332e-09 0.0159586 5.01505 2.42175e-11 -4.56221e-09 0.000244821 -1.00849e-14 
4.23459e-09 4.33319e-09 0.0159586 5.01505 2.43396e-11 -4.56221e-09 0.000349927 -1.00848e-14 
4.23458e-09 4.33319e-09 0.0159586 5.01505 2.46105e-11 -4.56221e-09 0.000615164 -1.00846e-14 
4.23458e-09 4.33319e-09 0.0159586 5.01505 2.5109e-11 -4.56221e-09 0.00145468 -1.00844e-14 
4.23458e-09 4.33319e-09 0.0159586 5.01505 2.53392e-11 -4.56221e-09 0.00433712 -1.00843e-14 
4.23458e-09 4.33319e-09 0.0159586 5.01505 2.38784e-11 -4.56221e-09 0.0117026 -1.0084e-14 
4.23458e-09 4.33319e-09 0.0159586 5.01505 2.15208e-11 -4.56221e-09 0.0229211 -1.00838e-14 
4.23458e-09 4.33319e-09 0.0159586 5.01505 2.02681e-11 -4.56221e-09 0.0345118 -1.00836e-14 
4.23458e-09 4.33319e-09 0.0159586 5.01505 1.91486e-11 -4.56221e-09 0.0461014 -1.00832e-14 
4.23458e-09 4.33319e-09 0.0159586 5.01505 1.80278e-11 -4.56221e-09 0.0576896 -1.00829e-14 
4.23458e-09 4.33319e-09 0.0159586 5.01505 1.69072e-11 -4.56221e-09 0.0692762 -1.00825e-14 
4.23458e-09 4.33319e-09 0.0159586 5.01505 1.57872e-11 -4.56221e-09 0.0808607 -1.00821e-14 
4.23458e-09 4.33319e-09 0.0159586 5.01505 1.46678e-11 -4.56221e-09 0.0924428 -1.00817e-14 
4.23458e-09 4.33319e-09 0.0159586 5.01505 1.35491e-11 -4.56221e-09 0.104022 -1.00812e-14 
4.23458e-09 4.33319e-09 0.0159586 5.01505 1.24314e-11 -4.56221e-09 0.115597 -1.00807e-14 
4.23458e-09 4.33319e-09 0.0159586 5.01505 1.13147e-11 -4.56221e-09 0.127167 -1.00801e-14 
4.23458e-09 4.33319e-09 0.0159586 5.01505 1.01993e-11 -4.56221e-09 0.138731 -1.00794e-14 
4.23458e-09 4.33319e-09 0.0159586 5.01505 9.08555e-12 -4.56221e-09 0.150289 -1.00785e-14 
4.23458e-09 4.33319e-09 0.0159586 5.01505 7.97356e-12 -4.56221e-09 0.161838 -1.00776e-14 
4.23458e-09 4.33319e-09 0.0159586 5.01505 6.86363e-12 -4.56221e-09 0.173378 -1.00764e-14 
4.23458e-09 4.33319e-09 0.0159586 5.01505 5.75599e-12 -4.56221e-09 0.184907 -1.00752e-14 
4.23458e-09 4.33319e-09 0.0159586 5.01505 4.65087e-12 -4.56221e-09 0.196423 -1.00737e-14 
4.23458e-09 4.33319e-09 0.0159586 5.01505 3.54845e-12 -4.56221e-09 0.207927 -1.00721e-14 
4.23458e-09 4.33319e-09 0.0159586 5.01505 2.44888e-12 -4.56221e-09 0.219415 -1.00699e-14 
4.23458e-09 4.33319e-09 0.0159586 5.01505 1.35222e-12 -4.56221e-09 0.230889 -1.00675e-14 
4.23458e-09 4.33319e-09 0.0159586 5.01505 2.58285e-13 -4.56221e-09 0.242347 -1.00644e-14 
4.23458e-09 4.33319e-09 0.0159586 5.01505 -8.33534e-13 -4.56221e-09 0.253793 -1.00607e-14 
4.23458e-09 4.33319e-09 0.0159586 5.01505 -1.92427e-12 -4.56221e-09 0.265229 -1.00565e-14 
4.23457e-09 4.33319e-09 0.0159586 5.01505 -3.01473e-12 -4.56221e-09 0.27666 -1.00515e-14 
4.23457e-09 4.33319e-09 0.0159586 5.01505 -4.10372e-12 -4.56221e-09 0.288087 -1.00453e-14 
4.23458e-09 4.33319e-09 0.0159586 5.01505 -5.18523e-12 -4.56221e-09 0.299497 -1.00394e-14 
4.23458e-09 4.33319e-09 0.0159586 5.01505 -6.24661e-12 -4.56221e-09 0.310856 -1.00367e-14 
4.23458e-09 4.33319e-09 0.0159586 5.01505 -7.27389e-12 -4.56221e-09 0.322109 -1.00477e-14 
4.23441e-09 4.33303e-09 0.0159586 5.01505 -8.26832e-12 -4.56221e-09 0.333174 -1.0116e-14 
4.23644e-09 4.33501e-09 0.0159587 5.01505 -9.34124e-12 -4.56221e-09 0.344014 -1.04995e-14 
1.92879e-08 4.10526e-08 0.0159593 5.01505 5.24152e-08 3.28626e-08 0.355089 3.65985e-10 
21.3457 29.325 43.1687 5.00007 1.4 5.62492 0.365543 -6.94805e-10 
141.6 172.628 167.507 5.01505 1.91172e-09 3.62998e-09 0.369 0 
141.6 172.628 167.507 5.01505 1.91172e-09 3.62998e-09 0.369 0 
161.509 219.888 167.142 5 -0.84052 -1.35199 1.15369 -0.994188 
181.921 225.271 140.742 23.4192 0.642122 -4.37114 -0.176776 0.0544255 
153.985 137.173 159.353 5 -0.0570204 -5.25536 1.12108 0.909672 
173.331 21.6495 157.222 5 -0.0560729 -2.51108 1.10478 0.125857 
192.612 -8.8704 155.121 5 -0.0551262 -1.24507 1.08847 -0.0060795 
211.794 -0.175836 153.049 5 -0.0541803 -1.52594 1.07216 0.000663011 
230.839 -0.181212 151.007 5 -0.0532343 -1.52627 1.05586 0.000194441 
249.757 -0.19668 148.993 5 -0.0522882 -1.52624 1.03955 5.86916e-05 
268.549 -0.211403 147.009 5 -0.0513422 -1.52625 1.02324 -3.49761e-05 
287.218 -0.226501 145.054 5 -0.0503962 -1.52623 1.00694 -5.48479e-05 
305.765 -0.240881 143.129 5 -0.0494501 -1.52625 0.990633 -8.11985e-05 
324.192 -0.25584 141.233 5 -0.0485041 -1.52622 0.974327 -2.35111e-05 
342.5 -0.269844 139.366 5 -0.0475581 -1.52618 0.95802 3.49585e-05 
360.692 -0.282726 137.528 5 -0.046612 -1.5263 0.941714 5.72127e-06 
378.769 -0.299159 135.72 5 -0.045666 -1.52617 0.925408 -3.53256e-05 
396.734 -0.311565 133.941 5 -0.04472 -1.52621 0.909102 -2.41436e-05 
414.587 -0.325417 132.191 5 -0.0437739 -1.52622 0.892796 -1.89803e-05 
432.332 -0.339496 130.471 5 -0.0428279 -1.52623 0.87649 -2.19006e-05 
449.969 -0.35394 128.78 5 -0.0418819 -1.52624 0.860184 -1.01073e-05 
467.5 -0.368431 127.118 5 -0.0409358 -1.52617 0.843878 -1.67676e-05 
484.928 -0.380924 125.486 5 -0.0399898 -1.5262 0.827571 -3.22131e-06 
502.254 -0.39434 123.883 5 -0.0390438 -1.52619 0.811265 2.34774e-05 
519.48 -0.407313 122.309 5 -0.0380977 -1.52619 0.794959 -2.15445e-05 
536.607 -0.420486 120.764 5 -0.0371517 -1.52616 0.778653 -8.09303e-06 
553.639 -0.432625 119.249 5 -0.0362057 -1.52626 0.762347 -2.96196e-05 
570.575 -0.447754 117.763 5 -0.0352596 -1.52652 0.746041 2.67338e-05 
587.419 -0.470991 116.307 5 -0.0343136 -1.52588 0.729735 -1.93085e-05 
604.171 -0.474471 114.879 5 -0.0333676 -1.52623 0.713429 -1.87598e-05 
620.835 -0.488872 113.481 5 -0.0324215 -1.52642 0.697122 2.05556e-05 
637.411 -0.509173 112.113 5 -0.0314755 -1.52596 0.680816 -2.4116e-05 
653.902 -0.515176 110.773 5 -0.0305295 -1.52626 0.66451 5.71469e-07 
670.309 -0.530404 109.463 5 -0.0295834 -1.52615 0.648204 -7.4794e-06 
686.634 -0.54234 108.182 5 -0.0286374 -1.52619 0.631898 -4.3215e-06 
702.879 -0.555431 106.931 5 -0.0276914 -1.52619 0.615592 -3.99586e-06 
719.045 -0.568384 105.709 5 -0.0267453 -1.52618 0.599286 -3.58074e-06 
735.136 -0.581259 104.516 5 -0.0257993 -1.52618 0.58298 -3.09308e-06 
751.151 -0.5941 103.352 5 -0.0248533 -1.52618 0.566673 -8.96196e-07 
767.094 -0.606896 102.218 5 -0.0239072 -1.52598 0.550367 0.000625773 
782.966 -0.613625 101.113 5 -0.0473559 -1.50166 0.534061 -0.143491 
798.785 0.133 99.2817 5.57488 -0.267043 -2.96535 0.517755 -0.0562558 
813.163 -44.4567 90.6171 11.2331 -0.245341 -2.46468 0.501449 0.140711 
812.958 -73.5271 82.3438 15.2601 -0.121223 -0.926828 0.485143 0.123091 
802.207 -54.9549 77.7151 15.5716 -0.124364 0.591204 0.468837 0.110568 
790.434 10.6387 72.9737 15.9166 -0.111414 2.1027 0.452531 0.0906802 
777.54 123.051 68.6163 15.9091 -0.0731489 3.58344 0.436224 0.0704039 
764.408 281.329 65.4444 15.0236 -0.113925 5.0328 0.419918 0.00457811 
753.337 484.499 61.0536 15.3002 -0.488466 5.82068 0.403612 -3.23744e-05 
741.559 712.073 45.0476 24.3695 -0.843621 5.81151 0.387306 -0.00128098 
706.497 939.382 17.5906 40 1.4 5.06402 0.369 0 
185.95 950.38 505.49 16.4702 0.467576 0 0.216106 0 
185.95 950.38 505.49 16.4702 0.467571 -4.38173e-06 0.216106 5.74794e-06 
185.808 950.446 505.338 16.5602 0.466633 0.00784349 0.213831 -0.000131167 
431.223 1142.69 564.135 16.3484 0.470535 -0.0989605 0.219183 0.00018812 
455.844 855.109 539.095 16.3981 0.469293 -0.0567802 0.217927 0.000111033 
467.576 685.435 523.163 16.4321 0.468481 -0.0298693 0.217069 5.86928e-05 
473.484 595.751 514.639 16.4504 0.468045 -0.015464 0.216605 3.04207e-05 
476.507 549.268 510.209 16.46 0.467818 -0.0079762 0.216364 1.56975e-05 
478.062 525.282 507.921 16.4649 0.467701 -0.00410809 0.216239 8.09029e-06 
478.864 512.92 506.739 16.4675 0.46764 -0.00211117 0.216174 4.16383e-06 
479.278 506.558 506.129 16.4688 0.467609 -0.00107959 0.216141 2.13624e-06 
479.491 503.294 505.813 16.4695 0.467593 -0.000546034 0.216124 1.08822e-06 
479.602 501.631 505.649 16.4698 0.467584 -0.000269452 0.216115 5.45702e-07 
479.658 500.797 505.564 16.47 0.46758 -0.000125439 0.21611 2.64028e-07 
479.688 500.394 505.52 16.4701 0.467578 -4.97502e-05 0.216108 1.16895e-07 
479.703 500.215 505.496 16.4702 0.467576 -9.18668e-06 0.216107 3.90496e-08 
479.711 500.155 505.482 16.4702 0.467576 1.34246e-05 0.216106 -3.23042e-09 
479.715 500.16 505.474 16.4702 0.467575 2.69925e-05 0.216106 -2.74154e-08 
479.717 500.202 505.469 16.4702 0.467575 3.616e-05 0.216105 -4.25805e-08 
479.718 500.267 505.465 16.4702 0.467575 4.33725e-05 0.216105 -5.34524e-08 
479.718 500.349 505.461 16.4702 0.467575 4.99639e-05 0.216105 -6.25734e-08 
479.718 500.444 505.457 16.4702 0.467575 5.66932e-05 0.216105 -7.13095e-08 
479.718 500.553 505.452 16.4702 0.467574 6.40615e-05 0.216105 -8.0509e-08 
479.718 500.676 505.447 16.4703 0.467574 7.24466e-05 0.216105 -9.07251e-08 
479.718 500.814 505.442 16.4703 0.467574 8.22076e-05 0.216104 -1.02419e-07 
479.718 500.971 505.435 16.4703 0.467574 9.37423e-05 0.216104 -1.1605e-07 
479.717 501.148 505.427 16.4703 0.467573 0.000107535 0.216104 -1.3214e-07 
479.717 501.349 505.417 16.4703 0.467573 0.00012421 0.216104 -1.51323e-07 
479.716 501.58 505.405 16.4703 0.467572 0.000144601 0.216103 -1.74428e-07 
479.716 501.847 505.39 16.4703 0.467572 0.000169843 0.216103 -2.02524e-07 
479.715 502.156 505.371 16.4703 0.467571 0.000201524 0.216102 -2.37092e-07 
479.714 502.518 505.348 16.4704 0.46757 0.00024189 0.216102 -2.80123e-07 
479.712 502.945 505.317 16.4704 0.467569 0.000294199 0.216101 -3.3443e-07 
479.711 503.455 505.276 16.4704 0.467567 0.000363239 0.2161 -4.0401e-07 
479.708 504.072 505.222 16.4705 0.467565 0.000456177 0.216099 -4.94677e-07 
479.704 504.827 505.147 16.4706 0.467562 0.000583874 0.216097 -6.15035e-07 
479.699 505.766 505.041 16.4707 0.467558 0.000762979 0.216095 -7.78151e-07 
479.692 506.953 504.89 16.4708 0.467552 0.00101911 0.216091 -1.0041e-06 
479.681 508.485 504.671 16.471 0.467543 0.00139172 0.216087 -1.32466e-06 
479.665 510.507 504.348 16.4712 0.46753 0.00194083 0.21608 -1.79109e-06 
479.64 513.24 503.869 16.4716 0.467511 0.00275523 0.216071 -2.48864e-06 
479.604 517.038 503.161 16.4722 0.467483 0.00395823 0.216056 -3.5649e-06 
479.553 522.478 502.139 16.4732 0.467441 0.00569593 0.21603 -5.29198e-06 
479.484 530.555 500.75 16.4749 0.467381 0.00805777 0.215986 -8.19148e-06 
479.411 543.059 499.143 16.478 0.467302 0.0107922 0.21591 -1.29334e-05 
479.378 562.8 497.989 16.4806 0.467242 0.0127547 0.215843 -1.69903e-05 
479.391 588.708 497.515 16.4679 0.467343 0.0135405 0.216163 3.39446e-07 
478.731 588.039 487.73 16.4059 0.467586 0.0300499 0.217729 9.22115e-05 
473.882 461.591 424.302 16.3278 0.465675 0.150173 0.219654 -0.000205368 
866.045 212.89 221.539 22.7959 1.49665e-05 0.0123103 0.215106 0 
866.045 212.89 221.539 22.7959 1.49665e-05 0.0123103 0.215106 0 
866.037 212.906 221.539 22.7951 0.000755796 0.0123109 0.475897 -1.03774e-05 
866.029 212.921 221.539 22.7943 0.00188355 0.0123116 0.473828 -9.75271e-06 
866.02 212.937 221.539 22.7934 0.00300814 0.0123122 0.471753 -9.15317e-06 
866.012 212.953 221.539 22.7925 0.00412955 0.0123128 0.469672 -8.57829e-06 
866.004 212.969 221.539 22.7916 0.00524778 0.0123134 0.467587 -8.02759e-06 
865.996 212.984 221.539 22.7907 0.00636281 0.0123141 0.465495 -7.50057e-06 
865.988 213 221.539 22.7898 0.00747465 0.0123147 0.463398 -6.99677e-06 
865.979 213.016 221.54 22.7889 0.00858327 0.0123153 0.461295 -6.51568e-06 
865.971 213.032 221.54 22.788 0.00968868 0.0123159 0.459187 -6.05683e-06 
865.963 213.047 221.54 22.787 0.0107909 0.0123166 0.457073 -5.61971e-06 
865.955 213.063 221.54 22.7861 0.0118898 0.0123172 0.454953 -5.20384e-06 
865.947 213.079 221.54 22.7852 0.0129855 0.0123178 0.452827 -4.80872e-06 
865.938 213.094 221.54 22.7842 0.0140779 0.0123184 0.450696 -4.43384e-06 
865.93 213.11 221.54 22.7832 0.0151671 0.0123191 0.448559 -4.07871e-06 
865.922 213.126 221.541 22.7823 0.016253 0.0123197 0.446415 -3.74282e-06 
865.914 213.142 221.541 22.7813 0.0173356 0.0123203 0.444266 -3.42567e-06 
865.906 213.157 221.541 22.7803 0.0184149 0.0123209 0.442111 -3.12674e-06 
865.897 213.173 221.541 22.7793 0.0194909 0.0123216 0.43995 -2.84552e-06 
865.889 213.189 221.541 22.7783 0.0205636 0.0123222 0.437784 -2.58149e-06 
865.881 213.205 221.542 22.7773 0.021633 0.0123228 0.435611 -2.33415e-06 
865.873 213.22 221.542 22.7763 0.022699 0.0123235 0.433432 -2.10297e-06 
865.865 213.236 221.542 22.7753 0.0237618 0.0123241 0.431247 -1.88742e-06 
865.856 213.252 221.543 22.7743 0.0248211 0.0123247 0.429056 -1.68699e-06 
865.848 213.267 221.543 22.7732 0.0258771 0.0123253 0.426859 -1.50114e-06 
865.84 213.283 221.543 22.7722 0.0269297 0.012326 0.424656 -1.32934e-06 
865.832 213.299 221.543 22.7712 0.027979 0.0123266 0.422447 -1.17107e-06 
865.824 213.315 221.544 22.7701 0.0290248 0.0123272 0.420232 -1.02578e-06 
865.815 213.33 221.544 22.7691 0.0300673 0.0123279 0.418011 -8.92943e-07 
865.807 213.346 221.544 22.768 0.0311064 0.0123285 0.415784 -7.72014e-07 
865.799 213.362 221.545 22.7669 0.032142 0.0123291 0.413551 -6.62451e-07 
865.791 213.378 221.545 22.7658 0.0331742 0.0123297 0.411312 -5.63709e-07 
865.783 213.393 221.545 22.7647 0.034203 0.0123304 0.409067 -4.75241e-07 
865.775 213.409 221.546 22.7637 0.0352283 0.012331 0.406816 -3.96495e-07 
865.766 213.425 221.546 22.7626 0.0362502 0.0123316 0.404559 -3.26919e-07 
865.758 213.44 221.547 22.7615 0.0372686 0.0123323 0.402295 -2.65958e-07 
865.75 213.456 221.547 22.7603 0.0382835 0.0123329 0.400026 -2.13053e-07 
865.742 213.472 221.547 22.7592 0.039295 0.0123335 0.397752 -1.67645e-07 
865.734 213.488 221.548 22.7581 0.0403029 0.0123341 0.395471 -1.2917e-07 
865.725 213.503 221.548 22.757 0.0413074 0.0123348 0.393184 -9.70625e-08 
865.717 213.519 221.549 22.7558 0.0423083 0.0123354 0.390891 -7.07549e-08 
865.709 213.535 221.549 22.7547 0.0433057 0.012336 0.388593 -4.96764e-08 
865.701 213.551 221.55 22.7535 0.0442996 0.0123367 0.386289 -3.32541e-08 
865.693 213.566 221.55 22.7524 0.04529 0.0123373 0.383979 -2.09122e-08 
865.685 213.582 221.551 22.7512 0.0462768 0.0123379 0.381663 -1.20728e-08 
865.676 213.598 221.551 22.75 0.04726 0.0123385 0.379342 -6.15505e-09 
865.668 213.613 221.552 22.7489 0.0482397 0.0123392 0.377015 -2.57586e-09 
865.66 213.629 221.552 22.7477 0.0492158 0.0123398 0.374682 -7.49523e-10 
865.652 213.645 221.553 22.7465 0.0501883 0.0123404 0.372344 -8.7804e-11 
865.644 213.661 221.553 22.7453 0.0511573 0.0123411 0.369 0 
865.644 213.661 221.553 22.7453 0.0511573 0.0123411 0.369 0 
859.706 225.086 221.948 21.8721 0.751352 0.012798 -0.132215 0.0510475 
854.178 236.515 227.406 17.3547 0.845568 0.033612 -0.103868 0.0450765 
851.328 248.091 233.597 12.5235 0.660672 0.0520488 -0.0385253 0.0398498 
851.388 259.798 238.51 8.91391 0.217457 0.068408 0.15697 0.0352828 
853.67 271.622 240.265 7.84559 -0.258039 0.082955 0.518122 0.0312984 
856.665 283.55 238.6 9.32349 -0.413209 0.0959221 0.614299 0.0278272 
858.803 295.573 235.799 11.5533 -0.362329 0.10751 0.551311 0.024807 
859.604 307.68 233.339 13.4189 -0.227324 0.117896 0.427111 0.022182 
859.271 319.863 231.832 14.495 -0.0997962 0.127236 0.318809 0.0199021 
858.276 332.113 231.232 14.8547 -0.0165282 0.135667 0.259437 0.0179226 
857.052 344.425 231.23 14.7592 0.0266223 0.143311 0.237764 0.0162036 
855.877 356.792 231.54 14.4381 0.0395108 0.15027 0.239197 0.0147096 
854.89 369.209 231.947 14.0609 0.0318809 0.156635 0.253659 0.0134087 
854.129 381.672 232.303 13.7387 0.0141157 0.162484 0.273463 0.0122728 
853.561 394.177 232.535 13.523 -0.00417773 0.16788 0.292416 0.0112771 
853.125 406.721 232.637 13.4117 -0.0166381 0.172882 0.306588 0.0103995 
852.755 419.3 232.65 13.3697 -0.0213185 0.177535 0.314923 0.00962074 
852.412 431.914 232.631 13.3526 -0.0198511 0.181878 0.318582 0.00892396 
852.077 444.558 232.621 13.3271 -0.0156171 0.185945 0.319613 0.00829455 
851.757 457.232 232.643 13.2793 -0.0120494 0.189762 0.319882 0.00771997 
851.464 469.934 232.691 13.214 -0.0114946 0.193351 0.320627 0.00718956 
851.209 482.661 232.744 13.1485 -0.0146045 0.196729 0.322479 0.00669439 
850.994 495.413 232.776 13.1026 -0.0201692 0.199911 0.325652 0.00622713 
850.806 508.188 232.767 13.0884 -0.025406 0.202907 0.330114 0.00578187 
850.628 520.984 232.721 13.1021 -0.0267606 0.205727 0.335653 0.00535401 
850.441 533.801 232.665 13.121 -0.021191 0.208376 0.341854 0.00494016 
850.241 546.636 232.649 13.1063 -0.00769776 0.210862 0.348074 0.00453799 
850.048 559.49 232.731 13.0163 0.011385 0.213187 0.353487 0.00414611 
849.905 572.361 232.951 12.824 0.029986 0.215357 0.357277 0.00376398 
849.874 585.247 233.308 12.5374 0.0393658 0.217374 0.358939 0.00339178 
850.012 598.147 233.736 12.2122 0.0308615 0.219243 0.358595 0.00303028 
850.346 611.061 234.106 11.9492 -0.000173488 0.220969 0.357138 0.0026808 
850.842 623.987 234.255 11.8694 -0.0505012 0.222557 0.35604 0.00234499 
851.394 636.925 234.042 12.07 -0.10704 0.224011 0.356799 0.00202483 
851.834 649.873 233.418 12.5715 -0.14856 0.225339 0.360293 0.00172245 
851.982 662.831 232.489 13.2762 -0.151674 0.226547 0.366395 0.00144002 
851.709 675.798 231.53 13.963 -0.0999992 0.227642 0.373898 0.00117969 
851.017 688.773 230.935 14.3313 0.0062804 0.228634 0.380823 0.000943423 
850.089 701.756 231.104 14.0965 0.144303 0.22953 0.385217 0.00073291 
849.279 714.745 232.271 13.1134 0.269831 0.230341 0.386013 0.000549459 
849.036 727.739 234.355 11.487 0.327932 0.231078 0.383256 0.000393878 
849.756 740.738 236.878 9.61892 0.271364 0.231752 0.377934 0.000266354 
851.6 753.741 239.014 8.15104 0.0818143 0.232376 0.371974 0.000166357 
854.352 766.748 239.799 7.79495 -0.212912 0.232963 0.368378 9.26467e-05 
857.364 779.758 238.461 9.07513 -0.533353 0.233523 0.368602 4.33577e-05 
859.662 792.774 234.795 12.0546 -0.763295 0.234068 0.370777 1.54443e-05 
860.217 805.795 229.435 16.1559 -0.785216 0.234605 0.372473 2.91566e-06 
858.326 818.821 223.87 20.1842 -0.524699 0.235137 0.372088 -1.23711e-06 
853.987 831.853 220.138 22.5925 0.00861052 0.235664 0.369 0 
853.987 831.853 220.138 22.5925 0.00861052 0.235664 0.369 0 
851.869 823.592 222.368 22.558 0.000234126 0.175026 0.482653 1.765e-14 
849.758 815.33 224.498 22.5363 6.47783e-06 0.158452 0.480306 3.99859e-15 
847.652 807.069 226.527 22.5228 2.90967e-07 0.154078 0.477959 8.55091e-16 
845.553 798.807 228.454 22.5143 1.22828e-07 0.152943 0.475612 1.14059e-16 
843.46 790.546 230.279 22.509 1.18262e-07 0.152653 0.473265 6.43181e-17 
841.373 782.284 232 22.5057 1.18141e-07 0.152581 0.470918 1.26121e-16 
839.293 774.023 233.618 22.5036 1.1814e-07 0.152563 0.468571 -1.24272e-17 
837.218 765.761 235.131 22.5023 1.18143e-07 0.152559 0.466224 -2.59858e-17 
835.149 757.5 236.539 22.5014 1.18146e-07 0.152558 0.463878 -2.83576e-17 
833.086 749.238 237.841 22.5009 1.18149e-07 0.152557 0.461531 -4.28229e-17 
831.03 740.977 239.038 22.5006 1.18152e-07 0.152557 0.459184 -4.44148e-17 
828.979 732.715 240.127 22.5004 1.18155e-07 0.152557 0.456837 -5.1135e-17 
826.934 724.454 241.11 22.5003 1.18158e-07 0.152557 0.45449 5.47865e-17 
824.895 716.192 241.985 22.5002 1.18161e-07 0.152557 0.452143 8.02558e-17 
822.862 707.931 242.752 22.5002 1.18164e-07 0.152557 0.449796 -2.57854e-17 
820.834 699.669 243.411 22.5001 1.18167e-07 0.152557 0.447449 -1.14593e-17 
818.813 691.408 243.961 22.5001 1.1817e-07 0.152557 0.445102 1.73242e-17 
816.797 683.146 244.403 22.5001 1.18173e-07 0.152557 0.442755 8.22598e-18 
814.787 674.885 244.735 22.5001 1.18176e-07 0.152557 0.440408 -1.46036e-17 
812.782 666.623 244.959 22.5001 1.18179e-07 0.152557 0.438061 6.48566e-17 
810.783 658.362 245.073 22.5001 1.18182e-07 0.152557 0.435714 2.22697e-17 
808.79 650.1 245.078 22.5001 1.18185e-07 0.152557 0.433367 3.88909e-18 
806.803 641.839 244.974 22.5001 1.18188e-07 0.152557 0.43102 8.49978e-17 
804.821 633.577 244.76 22.5001 1.18191e-07 0.152557 0.428673 -7.05068e-18 
802.844 625.316 244.438 22.5001 1.18194e-07 0.152557 0.426327 -3.84256e-17 
800.873 617.054 244.006 22.5001 1.18197e-07 0.152557 0.42398 2.06381e-17 
798.908 608.793 243.466 22.5001 1.18199e-07 0.152557 0.421633 4.33559e-17 
796.947 600.531 242.817 22.5001 1.18202e-07 0.152557 0.419286 1.66485e-18 
794.993 592.27 242.06 22.5001 1.18205e-07 0.152557 0.416939 1.34177e-17 
793.044 584.008 241.194 22.5001 1.18208e-07 0.152557 0.414592 1.4981e-17 
791.1 575.747 240.222 22.5001 1.18211e-07 0.152557 0.412245 2.76492e-17 
789.161 567.485 239.142 22.5001 1.18214e-07 0.152557 0.409898 -2.74821e-17 
787.228 559.224 237.955 22.5001 1.18217e-07 0.152557 0.407551 1.41328e-17 
785.3 550.962 236.663 22.5001 1.1822e-07 0.152557 0.405204 1.07341e-17 
783.377 542.701 235.264 22.5001 1.18224e-07 0.152557 0.402857 6.96084e-18 
781.459 534.439 233.761 22.5001 1.18227e-07 0.152557 0.40051 -1.14623e-17 
779.547 526.178 232.153 22.5001 1.1823e-07 0.152557 0.398163 -1.97536e-17 
777.639 517.916 230.441 22.5001 1.18233e-07 0.152557 0.395816 -1.04783e-17 
775.737 509.655 228.626 22.5001 1.18236e-07 0.152556 0.393469 -4.343e-18 
773.84 501.393 226.708 22.5001 1.18239e-07 0.152555 0.391122 9.97652e-18 
771.948 493.132 224.689 22.5001 1.18243e-07 0.152549 0.388776 -1.96395e-17 
770.061 484.87 222.568 22.5001 1.18246e-07 0.152532 0.386429 -7.64209e-18 
768.179 476.609 220.346 22.5001 1.18249e-07 0.152473 0.384082 1.53038e-17 
766.302 468.347 218.025 22.5001 1.18253e-07 0.15228 0.381735 1.45215e-18 
764.43 460.086 215.605 22.5001 1.18256e-07 0.151642 0.379388 1.2548e-17 
762.563 451.824 213.087 22.5001 1.18257e-07 0.149541 0.377041 9.20507e-18 
760.7 443.563 210.471 22.5001 1.18171e-07 0.142627 0.374694 2.30734e-17 
758.843 435.301 207.759 22.5001 1.14972e-07 0.119885 0.372347 2.00894e-17 
756.99 427.04 204.95 22.5 1.39958e-11 0.044597 0.369 0 
756.99 427.04 204.95 22.5 1.39958e-11 0.044597 0.369 0 
752.081 436.927 204.974 22.0074 0.579981 0.0449929 -0.0881101 0.0356057 
747.342 446.817 208.553 18.9571 0.709296 0.0574302 -0.0719382 0.033685 
744.128 456.781 212.954 15.4217 0.675576 0.0692194 -0.030869 0.0319542 
742.707 466.816 217.183 12.1734 0.474642 0.0804263 0.0521641 0.0303871 
742.954 476.919 220.214 9.96793 0.162707 0.0911076 0.217638 0.0289597 
744.359 487.086 221.357 9.25842 -0.12358 0.101312 0.428686 0.0276507 
746.162 497.315 220.754 9.85345 -0.255991 0.111078 0.526421 0.0264408 
747.681 507.604 219.335 11.015 -0.263586 0.120439 0.523626 0.025313 
748.614 517.951 217.859 12.1663 -0.206328 0.129421 0.473257 0.0242524 
748.957 528.354 216.721 13.0187 -0.128769 0.138045 0.410221 0.0232458 
748.859 538.809 216.05 13.4929 -0.0599759 0.14633 0.358221 0.0222819 
748.512 549.315 215.796 13.6418 -0.011723 0.15429 0.32587 0.0213509 
748.082 559.871 215.835 13.5688 0.0152419 0.161937 0.311422 0.0204445 
747.686 570.473 216.04 13.3771 0.0245721 0.169279 0.31003 0.0195558 
747.385 581.119 216.304 13.15 0.0214445 0.176322 0.316814 0.0186792 
747.199 591.809 216.551 12.9446 0.0113696 0.18307 0.327527 0.0178103 
747.118 602.54 216.738 12.7915 -0.00074647 0.189526 0.338784 0.0169458 
747.116 613.311 216.853 12.6978 -0.0113633 0.195691 0.348331 0.0160835 
747.163 624.119 216.904 12.6548 -0.018606 0.201566 0.35516 0.015222 
747.232 634.963 216.911 12.6453 -0.0220494 0.20715 0.359316 0.0143609 
747.307 645.842 216.897 12.6512 -0.022216 0.212445 0.361476 0.0135004 
747.378 656.752 216.881 12.657 -0.0200683 0.21745 0.362509 0.0126417 
747.446 667.694 216.879 12.6522 -0.0166548 0.222166 0.363168 0.0117864 
747.516 678.664 216.898 12.6316 -0.0129365 0.226594 0.363937 0.0109368 
747.597 689.662 216.94 12.5943 -0.00973707 0.230735 0.365015 0.0100956 
747.695 700.684 217.001 12.5433 -0.00773804 0.234592 0.36639 0.00926589 
747.819 711.731 217.076 12.4847 -0.0074543 0.23817 0.367935 0.00845121 
747.973 722.799 217.153 12.4266 -0.00916062 0.241473 0.369513 0.00765524 
748.156 733.887 217.22 12.3784 -0.0127787 0.244507 0.371038 0.00688184 
748.364 744.994 217.265 12.3486 -0.0177722 0.24728 0.372506 0.00613497 
748.588 756.118 217.28 12.3428 -0.0231184 0.249802 0.373974 0.00541857 
748.816 767.257 217.262 12.3617 -0.0274203 0.252082 0.375511 0.00473652 
749.035 778.411 217.218 12.3995 -0.0291889 0.254131 0.377141 0.00409249 
749.235 789.576 217.162 12.4436 -0.0272629 0.255964 0.37881 0.00348992 
749.412 800.753 217.118 12.4765 -0.0212686 0.257593 0.38038 0.00293191 
749.572 811.941 217.11 12.4797 -0.0119741 0.259033 0.381665 0.00242113 
749.73 823.136 217.16 12.4392 -0.0013841 0.260301 0.382487 0.00195972 
749.906 834.34 217.274 12.3508 0.007532 0.261413 0.382745 0.00154924 
750.126 845.55 217.444 12.2243 0.0114914 0.262386 0.38245 0.00119057 
750.41 856.767 217.639 12.0844 0.00781677 0.263238 0.381725 0.000883821 
750.765 867.988 217.813 11.9675 -0.0046014 0.263986 0.380764 0.00062827 
751.181 879.214 217.912 11.9133 -0.0245894 0.264649 0.379754 0.000422265 
751.628 890.444 217.89 11.9547 -0.0484977 0.265242 0.378806 0.00026316 
752.056 901.678 217.721 12.106 -0.0707027 0.265781 0.377908 0.000147232 
752.412 912.915 217.414 12.3549 -0.0847948 0.266282 0.37694 6.96052e-05 
752.643 924.155 217.018 12.6598 -0.0852362 0.266757 0.375737 2.41665e-05 
752.72 935.398 216.617 12.9549 -0.0690961 0.267216 0.374174 3.50252e-06 
752.645 946.645 216.312 13.1634 -0.0373897 0.267668 0.372233 -1.15708e-06 
752.46 957.894 216.199 13.2166 0.00440831 0.268119 0.369 0 
752.46 957.894 216.199 13.2166 0.00440831 0.268119 0.369 0 
746.012 945.055 221.402 17.7774 5.13275e-05 0.173076 0.482653 5.87479e-15 
739.571 932.217 226.42 20.1695 7.15421e-07 0.158329 0.480306 8.51395e-16 
733.135 919.378 231.253 21.3601 1.27494e-07 0.156093 0.477959 7.8468e-17 
726.704 906.539 235.898 21.9438 1.20665e-07 0.155758 0.475612 -4.29921e-17 
720.279 893.701 240.356 22.2287 1.20587e-07 0.155708 0.473265 1.36672e-17 
713.858 880.862 244.623 22.3677 1.20588e-07 0.155701 0.470918 -7.30249e-17 
707.443 868.023 248.698 22.4355 1.20591e-07 0.1557 0.468571 3.01661e-17 
701.033 855.185 252.581 22.4686 1.20594e-07 0.1557 0.466224 6.82272e-17 
694.628 842.346 256.27 22.4847 1.20596e-07 0.1557 0.463878 5.04971e-17 
688.228 829.507 259.762 22.4926 1.20599e-07 0.1557 0.461531 -4.91419e-18 
681.832 816.669 263.058 22.4964 1.20602e-07 0.155699 0.459184 -8.37149e-17 
675.44 803.83 266.154 22.4983 1.20605e-07 0.155699 0.456837 3.29767e-17 
669.053 790.992 269.051 22.4992 1.20607e-07 0.155699 0.45449 4.21701e-17 
662.669 778.153 271.746 22.4997 1.2061e-07 0.155699 0.452143 5.09468e-17 
656.29 765.314 274.239 22.4999 1.20612e-07 0.155699 0.449796 -4.21273e-17 
649.915 752.476 276.528 22.5 1.20615e-07 0.155699 0.447449 4.07562e-17 
643.543 739.637 278.612 22.5 1.20617e-07 0.155699 0.445102 1.12762e-17 
637.175 726.798 280.49 22.5001 1.2062e-07 0.155699 0.442755 8.87015e-18 
630.81 713.96 282.161 22.5001 1.20622e-07 0.155699 0.440408 -2.5051e-17 
624.448 701.121 283.625 22.5001 1.20625e-07 0.155699 0.438061 -4.19365e-17 
618.09 688.282 284.88 22.5001 1.20627e-07 0.155699 0.435714 3.31435e-17 
611.735 675.444 285.926 22.5001 1.20629e-07 0.155699 0.433367 2.4716e-17 
605.383 662.605 286.761 22.5001 1.20632e-07 0.155699 0.43102 -4.25694e-17 
599.033 649.766 287.387 22.5001 1.20634e-07 0.155699 0.428673 -4.47117e-17 
592.686 636.928 287.802 22.5001 1.20637e-07 0.155699 0.426327 -2.89635e-17 
586.341 624.089 288.006 22.5001 1.20639e-07 0.155699 0.42398 -1.04886e-17 
579.999 611.25 288 22.5001 1.20641e-07 0.155699 0.421633 -1.70462e-17 
573.659 598.412 287.782 22.5001 1.20644e-07 0.155699 0.419286 1.48579e-17 
567.321 585.573 287.354 22.5001 1.20646e-07 0.155699 0.416939 -3.52806e-17 
560.985 572.734 286.715 22.5001 1.20649e-07 0.155699 0.414592 5.04931e-18 
554.651 559.896 285.866 22.5001 1.20651e-07 0.155699 0.412245 4.44415e-18 
548.318 547.057 284.807 22.5001 1.20653e-07 0.155699 0.409898 -3.9989e-17 
541.987 534.218 283.539 22.5001 1.20656e-07 0.155699 0.407551 -1.50001e-18 
535.657 521.38 282.062 22.5001 1.20658e-07 0.155699 0.405204 -4.62465e-18 
529.329 508.541 280.378 22.5001 1.20661e-07 0.155699 0.402857 2.49997e-17 
523.001 495.702 278.486 22.5001 1.20663e-07 0.155699 0.40051 -4.05956e-17 
516.675 482.864 276.389 22.5001 1.20666e-07 0.155699 0.398163 -1.18444e-17 
510.349 470.025 274.087 22.5001 1.20668e-07 0.155699 0.395816 7.15937e-18 
504.024 457.187 271.582 22.5001 1.20671e-07 0.155699 0.393469 2.89583e-18 
497.699 444.348 268.874 22.5001 1.20674e-07 0.155699 0.391122 2.16484e-17 
491.375 431.509 265.964 22.5001 1.20676e-07 0.155699 0.388776 -5.63787e-18 
485.051 418.671 262.855 22.5001 1.20679e-07 0.155698 0.386429 8.25336e-18 
478.728 405.832 259.547 22.5001 1.20682e-07 0.155695 0.384082 -2.30396e-18 
472.404 392.993 256.042 22.5001 1.20684e-07 0.155678 0.381735 -7.35603e-18 
466.08 380.155 252.341 22.5001 1.20687e-07 0.155578 0.379388 3.90976e-18 
459.756 367.316 248.446 22.5001 1.2069e-07 0.155006 0.377041 3.05653e-18 
453.431 354.477 244.358 22.5001 1.20677e-07 0.151734 0.374694 8.5932e-18 
447.106 341.639 240.079 22.5001 1.19271e-07 0.133065 0.372347 1.23878e-17 
440.78 328.8 235.61 22.5 5.95656e-12 0.0259977 0.369 0 
440.78 328.8 235.61 22.5 5.95656e-12 0.0259977 0.369 0 
435.604 339.104 235.635 21.9807 0.611499 0.0264103 -0.106158 -0.377255 
430.618 349.411 239.613 18.616 0.728568 -0.107762 -0.0850009 -0.350684 
427.407 358.851 244.38 14.812 0.659427 -0.232491 -0.0385691 -0.325413 
426.234 367.484 248.741 11.4943 0.402997 -0.348236 0.0597677 -0.301446 
426.865 375.369 251.481 9.54714 0.0404652 -0.45546 0.264171 -0.278774 
428.585 382.561 251.902 9.40375 -0.241321 -0.554619 0.475752 -0.257378 
430.42 389.113 250.505 10.5897 -0.325777 -0.646169 0.530021 -0.237233 
431.635 395.074 248.552 12.125 -0.284769 -0.730555 0.487002 -0.218303 
432.024 400.492 246.846 13.4067 -0.191674 -0.80821 0.406224 -0.200549 
431.716 405.408 245.729 14.2003 -0.0987924 -0.879554 0.331791 -0.183927 
430.971 409.865 245.203 14.5257 -0.0298443 -0.944987 0.284009 -0.16839 
430.042 413.9 245.118 14.5125 0.0124152 -1.00489 0.261542 -0.153887 
429.112 417.548 245.306 14.2988 0.0318895 -1.05964 0.257243 -0.140368 
428.293 420.842 245.622 13.9996 0.0340028 -1.10959 0.26461 -0.127783 
427.632 423.814 245.955 13.7006 0.0249116 -1.15505 0.278269 -0.116082 
427.131 426.493 246.232 13.4549 0.0107725 -1.19636 0.29365 -0.105215 
426.762 428.905 246.421 13.2845 -0.00345559 -1.23379 0.307238 -0.0951348 
426.485 431.075 246.519 13.1873 -0.0148926 -1.26764 0.317098 -0.0857964 
426.262 433.026 246.545 13.1476 -0.0226803 -1.29817 0.323018 -0.0771562 
426.059 434.781 246.521 13.146 -0.0271322 -1.32563 0.326043 -0.0691735 
425.858 436.358 246.468 13.1656 -0.0287279 -1.35024 0.327715 -0.0618094 
425.646 437.777 246.404 13.1916 -0.0275062 -1.37223 0.329422 -0.0550276 
425.42 439.054 246.348 13.2101 -0.0230545 -1.39181 0.332038 -0.0487941 
425.183 440.204 246.321 13.2052 -0.0149849 -1.40917 0.335818 -0.0430767 
424.946 441.242 246.346 13.1599 -0.0036323 -1.42449 0.340469 -0.0378456 
424.732 442.182 246.445 13.0593 0.00934288 -1.43796 0.345323 -0.0330726 
424.569 443.034 246.628 12.8979 0.0207503 -1.44972 0.34957 -0.0287312 
424.491 443.811 246.887 12.6861 0.026297 -1.45994 0.352554 -0.0247963 
424.525 444.521 247.183 12.455 0.0217259 -1.46876 0.354031 -0.0212444 
424.683 445.174 247.453 12.2558 0.00448878 -1.47631 0.354317 -0.0180529 
424.949 445.779 247.613 12.1494 -0.0245252 -1.48273 0.354227 -0.0152004 
425.276 446.342 247.587 12.19 -0.0599075 -1.48813 0.354794 -0.012666 
425.587 446.87 247.333 12.4025 -0.0919905 -1.49262 0.356888 -0.0104299 
425.788 447.37 246.869 12.763 -0.10882 -1.49632 0.360887 -0.00847265 
425.799 447.845 246.293 13.1898 -0.0996278 -1.49933 0.366516 -0.00677521 
425.581 448.302 245.772 13.5519 -0.0589841 -1.50172 0.372864 -0.00531895 
425.163 448.743 245.509 13.6974 0.00960927 -1.5036 0.378616 -0.00408542 
424.658 449.172 245.687 13.4984 0.0921219 -1.50504 0.382505 -0.00305637 
424.248 449.591 246.401 12.9015 0.165586 -1.50612 0.38379 -0.00221363 
424.146 450.004 247.594 11.9686 0.203234 -1.50689 0.382488 -0.0015391 
424.537 450.411 249.04 10.8904 0.182304 -1.50743 0.379342 -0.00101467 
425.507 450.814 250.362 9.96126 0.0925838 -1.50778 0.375635 -0.000622092 
426.986 451.215 251.115 9.51279 -0.0568348 -1.50798 0.372805 -0.000342954 
428.726 451.614 250.908 9.81764 -0.235264 -1.50809 0.371748 -0.000158585 
430.329 452.012 249.546 10.9861 -0.394714 -1.50813 0.372227 -5.01663e-05 
431.33 452.411 247.143 12.8882 -0.481053 -1.50813 0.373142 1.12319e-06 
431.328 452.81 244.163 15.1339 -0.449559 -1.5081 0.373308 1.40156e-05 
430.122 453.211 241.363 17.1306 -0.280842 -1.50808 0.372144 7.26918e-06 
427.825 453.612 239.632 18.2151 0.00754209 -1.50806 0.369 0 
427.825 453.612 239.632 18.2151 0.00754209 -1.50806 0.369 0 
412.315 454.127 238.486 14.1793 0.211395 0.271927 0.541401 0.924389 
408.813 521.753 245.271 5 -0.0645173 3.82441 1.13739 0.56565 
433.874 723.316 242.206 5 -0.0635701 5.97783 1.12108 -0.00393302 
458.767 1006.08 239.177 5 -0.0626241 5.97303 1.10478 -0.0543125 
483.43 1288.67 236.184 5 -0.0616781 5.77692 1.08847 -0.125814 
507.861 1563.86 233.227 5 -0.0607323 5.29746 1.07216 -0.259838 
532.053 1820.97 230.305 5 -0.0597869 4.26641 1.05586 -0.38068 
555.992 2039.2 227.418 5 -0.0588416 2.71481 1.03955 -0.418701 
579.666 2198.92 224.568 5 -0.0578965 0.971018 1.02324 -0.357239 
603.072 2292.88 221.753 5 -0.0569513 -0.549632 1.00694 -0.21708 
626.219 2329.51 218.973 5 -0.0560057 -1.49971 0.990632 -0.0543384 
649.126 2330.3 216.23 5 -0.0550598 -1.75214 0.974326 0.0459358 
671.818 2321.58 213.522 5.00001 -0.0541137 -1.54859 0.95802 0.0273939 
694.311 2320.54 210.85 5.00001 -0.0531676 -1.42025 0.941714 -0.0131262 
716.605 2324.33 208.213 5.00001 -0.0522216 -1.485 0.925408 -0.00887307 
738.697 2325.68 205.612 5.00001 -0.0512756 -1.53019 0.909102 -0.00387088 
760.591 2325.33 203.047 5.00001 -0.0503296 -1.55094 0.892796 -0.000320981 
782.289 2324.2 200.517 5.00001 -0.0493836 -1.5532 0.87649 0.00134384 
803.795 2322.98 198.023 5.00001 -0.0484376 -1.54605 0.860184 0.00165515 
825.113 2322.03 195.565 5.00001 -0.0474915 -1.53663 0.843877 0.00130209 
846.244 2321.43 193.142 5.00001 -0.0465455 -1.52886 0.827571 0.000877287 
867.192 2321.13 190.755 5.00001 -0.0455995 -1.52337 0.811265 0.000491126 
887.959 2321.04 188.404 5.00001 -0.0446535 -1.5202 0.794959 0.00032181 
908.548 2321.06 186.088 5.00002 -0.0437076 -1.51805 0.778653 0.000352702 
928.961 2321.17 183.809 5.00002 -0.0427617 -1.51547 0.762347 0.000447158 
949.201 2321.37 181.564 5.00003 -0.0418159 -1.51191 0.746041 0.000455212 
969.271 2321.71 179.356 5.00004 -0.040871 -1.50803 0.729735 0.000334941 
989.173 2322.19 177.183 5.00009 -0.181023 -1.50494 0.713428 -0.000198618 
1009.02 2322.79 169.725 9.04808 -0.20128 -1.50692 0.697122 -0.0016887 
1016.08 2323.33 161.258 12.7096 -0.113024 -1.52523 0.680816 -0.00130204 
1011.38 2323.18 155.899 12.9666 -0.114278 -1.54045 0.66451 -0.000692012 
1005.49 2322.46 150.476 13.2236 -0.115532 -1.54915 0.648204 0.0014336 
998.417 2321.42 144.991 13.4805 -0.116787 -1.52963 0.631898 0.00519964 
990.156 2321.11 139.443 13.7374 -0.118042 -1.45399 0.615592 0.00698391 
980.702 2323.65 133.832 13.9944 -0.119296 -1.34953 0.599286 0.00213964 
970.053 2330.13 128.158 14.2513 -0.12055 -1.33508 0.582979 -0.00909995 
958.199 2337.16 122.421 14.5082 -0.121806 -1.55354 0.566673 -0.0213072 
945.131 2335.95 116.621 14.7652 -0.123066 -2.06983 0.550367 -0.0285 
930.833 2315.27 110.759 15.0223 -0.124315 -2.83091 0.534061 -0.0281071 
915.293 2265.9 104.834 15.2792 -0.125511 -3.69899 0.517755 -0.0217086 
898.505 2183.79 98.8478 15.5343 -0.126725 -4.51601 0.501449 -0.0131976 
880.469 2070.87 92.8007 15.7888 -0.128569 -5.1621 0.485143 -0.00615463 
861.19 1933.59 86.6687 16.0607 -0.131273 -5.59 0.468837 -0.00210604 
840.615 1780.17 80.4183 16.3706 -0.128547 -5.82736 0.45253 -0.000530574 
818.623 1617.81 74.252 16.5532 -0.107103 -5.94472 0.436224 -0.000154759 
795.593 1451.02 68.8832 16.1029 -0.113207 -6.0074 0.419918 -0.000100343 
773.521 1281.86 63.3115 15.9655 -0.371741 -6.05438 0.403612 -2.37578e-05 
751.636 1110.94 47.9992 23.3061 -0.759697 -6.07154 0.387306 0.000436717 
706.707 939.381 17.6139 40 1.4 -5.13558 0.369 0 
