grtopL_103_1
50
2 2
12 12 
0 5 8 7 3 9 4 10 6 1 2 12 
0 5 8 7 3 9 4 10 6 1 2 12 
2750.21 85.029 1.15904 226.129 2555.63 27.5471 66.5556 3294.3 234.464 205.751 86.7259 
157696 312.229 176.661 187.672 131.643 121.69 26.2188 167.066 258.817 244.046 87.7109 
56.1268 1.73529 0.0236538 4.61488 52.1557 0.562186 1.35828 67.2305 4.78498 4.19899 1.76992 
3218.28 6.37202 3.60533 3.83005 2.68659 2.48347 0.535078 3.40952 5.28198 4.98053 1.79002 
2.54262e-08 4827.25 430.564 3.44822 2965.9 5203.73 3.10833e-16 574.31 291.835 9.09865 4.35305 
1.45074e-06 5.10814 10.528 2.65569 7.24712 5.82052 0.467137 2.20132 4.07985 3.78312 4.33136 
9844.23 9963.65 4157.97 17.8132 0.490891 0 0.182522 0 
9844.23 9963.65 4157.97 17.8132 0.490891 -2.07548e-10 0.182659 0.00927701 
9844.23 9963.65 4157.97 17.809 0.511324 0.286653 0.180433 -0.00994488 
10097 9953.81 4175.87 5 0.573509 -0.0574989 0.436137 0.0167226 
10071.4 9280.63 3909.7 27.883 0.420732 0.310166 -0.0167525 -0.00736292 
9996.52 9812.14 4114.27 9.68347 0.553129 0.20923 0.341928 0.0615897 
10119.7 9380.39 3954.04 16.9299 0.4506 2.00002 0.200459 -0.048575 
11597 9355.66 3895.15 19.9917 0.462789 0.571778 0.138875 0.155161 
11732.4 9476.73 3928.01 17.1005 0.380381 5.41684 0.197168 -0.139989 
16186 9493.53 3811.71 17.909 0.465617 1.29067 0.180299 0.0286756 
16838.1 9510.18 3791.95 16.3095 0.460885 2.22232 0.211719 -0.0116002 
18284 9449.89 3725.71 15.1216 0.475036 1.91802 0.235287 0.00774421 
19368.7 9324.13 3640.51 16.0089 0.484717 2.18591 0.215894 -0.0168129 
20570 9237.72 3587.32 5.1498 0.538154 1.67754 0.433058 -0.0131115 
21248.4 8588.62 3293.94 26.4395 0.410027 1.18714 0.0119204 -0.00491673 
21082.8 9053.73 3450.88 11.3488 0.52437 1.1811 0.309072 0.00952938 
21132.1 8717.97 3309.36 14.3441 0.495809 1.41516 0.250158 0.00190344 
21189.1 8543.93 3221.9 14.1749 0.49279 1.4651 0.253684 0.00832823 
21167.5 8362.94 3127.31 15.771 0.469912 1.71901 0.222619 -0.00264724 
21237 8271.74 3054.78 18.0459 0.438308 1.67506 0.178989 0.00494175 
21166 8308.03 3014.57 24.9986 0.378975 1.92262 0.0423556 -0.0145113 
21256.8 8716.45 3106 24.2951 0.405541 1.67614 0.0549293 -0.0099122 
21258.7 9077.52 3202.25 16.7248 0.467126 1.52384 0.203916 0.00199915 
21261.3 9034.84 3152.49 17.73 0.460077 1.62849 0.184038 -0.00120571 
21286.3 9045.25 3123.12 16.1743 0.490813 1.64682 0.213133 0.00223233 
21286.3 8964.16 3079.69 7.13622 0.559065 1.71594 0.390906 0.0154339 
21286.3 8403.53 2857.3 8.29198 0.531827 2.06984 0.369116 0.0135055 
21286.3 7912.94 2641.47 13.3309 0.501034 2.4133 0.268754 0.00623962 
21286.3 7686.29 2531.82 5.23201 0.561748 2.5878 0.427991 0.0120902 
21286.3 7030.14 2261.41 5.31634 0.55615 2.83355 0.426597 -0.0535242 
21123.5 6380.79 1988.3 5.14506 0.595452 1.06196 0.429792 -0.0688049 
19015.5 5704.45 1745.31 5.14562 0.607791 -1.2527 0.431928 0.121553 
14525.6 5022.32 1513.21 23.1398 0.398751 2.29231 0.0777808 0.0481512 
12835.8 5329.4 1572.9 18.0886 0.430444 3.94638 0.175033 -0.00287702 
12688.1 5371.52 1526.89 5.14443 0.504877 3.96654 0.431711 0.0186316 
12493.7 4737.84 1204.02 18.8723 0.388166 4.517 0.161442 -0.00342407 
12331.6 4838.68 1141.46 16.6453 0.393236 4.59653 0.206139 0.0062189 
12151.9 4826.89 1024.46 21.9554 0.356645 4.96487 0.100646 -0.0118379 
12132.8 5095.2 1015.68 15.356 0.398691 4.84128 0.231624 -0.0498924 
11992.3 5017.02 869.371 21.7536 0.378045 3.46598 0.106061 -0.116387 
10433.9 5265.25 874.127 21.2804 0.455267 0.0732835 0.114477 0.100878 
5890.77 5453.66 934.452 20.9115 0.408112 3.2546 0.120418 0.0504539 
4237.32 5646.03 943.439 12.2123 0.42437 4.96292 0.292962 0.00563803 
4102.79 5400.15 736.59 20.2156 0.355096 5.25714 0.135614 -0.00494104 
3937.43 5583.06 680.419 19.7856 0.36338 5.34946 0.143512 -0.00339391 
3774.65 5740.79 620.174 16.4879 0.384545 5.47463 0.208556 0.000428419 
3637.7 5725.31 491.34 17.6797 0.37463 5.67972 0.184826 -0.00649386 
3500.82 5773.5 385.294 15.7549 0.387611 5.68881 0.222553 0.0131024 
3223.15 5720.29 239.769 16.8176 0.336321 6.28 0.202167 -0.0179434 
3262.56 5743.86 77.1334 31.4404 -0.0702371 6.00442 0.181522 0 
3262.56 5743.86 77.1334 31.4404 -0.0702371 6.00442 0.181522 0 
619.089 3100.39 0.0484043 5.04304 -0.001959 -6.24933 0.00059075 3.47053e-11 
1.38782e-08 456.925 0.0484041 5.04552 9.73616e-12 -4.064e-08 0.00063566 -1.89593e-15 
4.26944e-09 1.10211e-08 0.0484041 5.04552 1.03897e-11 -6.52313e-10 0.000687651 -1.90242e-15 
4.26947e-09 4.45508e-09 0.0484041 5.04552 1.03805e-11 -6.52313e-10 0.000748938 -1.90239e-15 
4.26947e-09 4.45506e-09 0.0484041 5.04552 1.0371e-11 -6.52313e-10 0.000823025 -1.90234e-15 
4.26947e-09 4.45506e-09 0.0484041 5.04552 1.0362e-11 -6.52313e-10 0.000915803 -1.90235e-15 
4.26947e-09 4.45506e-09 0.0484041 5.04552 1.03544e-11 -6.52313e-10 0.00103774 -1.90228e-15 
4.26947e-09 4.45506e-09 0.0484041 5.04552 1.03497e-11 -6.52313e-10 0.0012083 -1.9023e-15 
4.26947e-09 4.45506e-09 0.0484041 5.04552 1.03496e-11 -6.52313e-10 0.00146455 -1.90231e-15 
4.26947e-09 4.45506e-09 0.0484041 5.04552 1.03556e-11 -6.52313e-10 0.00187725 -1.90218e-15 
4.26947e-09 4.45506e-09 0.0484041 5.04552 1.03678e-11 -6.52313e-10 0.00257731 -1.90217e-15 
4.26947e-09 4.45506e-09 0.0484041 5.04552 1.03822e-11 -6.52313e-10 0.00378976 -1.90213e-15 
4.26947e-09 4.45506e-09 0.0484041 5.04552 1.03883e-11 -6.52313e-10 0.00585528 -1.90212e-15 
4.26947e-09 4.45506e-09 0.0484041 5.04552 1.03684e-11 -6.52313e-10 0.00919968 -1.90213e-15 
4.26947e-09 4.45506e-09 0.0484041 5.04552 1.03031e-11 -6.52313e-10 0.0142322 -1.90209e-15 
4.26947e-09 4.45506e-09 0.0484041 5.04552 1.01815e-11 -6.52313e-10 0.0212437 -1.90199e-15 
4.26947e-09 4.45506e-09 0.0484041 5.04552 1.00105e-11 -6.52313e-10 0.0303539 -1.90194e-15 
4.26947e-09 4.45506e-09 0.0484041 5.04552 9.80453e-12 -6.52313e-10 0.0415831 -1.90195e-15 
4.26947e-09 4.45506e-09 0.0484041 5.04552 9.60809e-12 -6.52313e-10 0.0530829 -1.90169e-15 
4.26947e-09 4.45506e-09 0.0484041 5.04552 9.41371e-12 -6.52313e-10 0.0645744 -1.90169e-15 
4.26947e-09 4.45506e-09 0.0484041 5.04552 9.21945e-12 -6.52313e-10 0.0760573 -1.90146e-15 
4.26947e-09 4.45506e-09 0.0484041 5.04552 9.0253e-12 -6.52313e-10 0.0875312 -1.90157e-15 
4.26947e-09 4.45506e-09 0.0484041 5.04552 8.83131e-12 -6.52313e-10 0.0989947 -1.9014e-15 
4.26947e-09 4.45506e-09 0.0484041 5.04552 8.63755e-12 -6.52313e-10 0.110444 -1.90137e-15 
4.26947e-09 4.45506e-09 0.0484041 5.04552 8.44415e-12 -6.52313e-10 0.121875 -1.90127e-15 
4.26947e-09 4.45506e-09 0.0484041 5.04552 8.25125e-12 -6.52313e-10 0.133279 -1.9012e-15 
4.26947e-09 4.45506e-09 0.0484041 5.04552 8.05895e-12 -6.52313e-10 0.144652 -1.90116e-15 
4.26947e-09 4.45506e-09 0.0484041 5.04552 7.86731e-12 -6.52313e-10 0.155991 -1.90083e-15 
4.26947e-09 4.45506e-09 0.0484041 5.04552 7.67631e-12 -6.52313e-10 0.167296 -1.90103e-15 
4.26947e-09 4.45506e-09 0.0484041 5.04552 7.48587e-12 -6.52313e-10 0.17857 -1.90081e-15 
4.26947e-09 4.45506e-09 0.0484041 5.04552 7.2959e-12 -6.52313e-10 0.189815 -1.90046e-15 
4.26947e-09 4.45506e-09 0.0484041 5.04552 7.10624e-12 -6.52313e-10 0.201035 -1.90036e-15 
4.26947e-09 4.45506e-09 0.0484041 5.04552 6.91674e-12 -6.52313e-10 0.212232 -1.90018e-15 
4.26947e-09 4.45506e-09 0.0484041 5.04552 6.72717e-12 -6.52313e-10 0.223409 -1.89984e-15 
4.26947e-09 4.45506e-09 0.0484041 5.04552 6.53723e-12 -6.52313e-10 0.234573 -1.89946e-15 
4.26947e-09 4.45506e-09 0.0484041 5.04552 6.34656e-12 -6.52313e-10 0.245747 -1.8982e-15 
4.26947e-09 4.45506e-09 0.0484041 5.04552 6.15494e-12 -6.52313e-10 0.256967 -1.89576e-15 
4.26947e-09 4.45506e-09 0.0484041 5.04552 5.96265e-12 -6.52313e-10 0.268282 -1.8921e-15 
4.26947e-09 4.45506e-09 0.0484041 5.04552 5.77106e-12 -6.52313e-10 0.279725 -1.88501e-15 
4.26947e-09 4.45506e-09 0.0484041 5.04552 5.58167e-12 -6.52313e-10 0.291277 -1.87382e-15 
4.26947e-09 4.45506e-09 0.0484041 5.04552 5.39392e-12 -6.52313e-10 0.302778 -1.85558e-15 
4.26947e-09 4.45506e-09 0.0484041 5.04552 5.21835e-12 -6.52313e-10 0.313414 -1.82644e-15 
4.26947e-09 4.45506e-09 0.0484041 5.04552 5.08755e-12 -6.52313e-10 0.32143 -1.78675e-15 
4.26947e-09 4.45506e-09 0.0484041 5.04552 4.7727e-12 -6.52313e-10 0.336837 -1.74294e-15 
4.26947e-09 4.45506e-09 0.0484041 5.04552 4.72216e-12 -6.52313e-10 0.343889 -1.72997e-15 
4.26947e-09 4.45506e-09 0.0484041 5.04552 4.49977e-12 -6.52313e-10 0.354683 -1.82573e-15 
3.32368e-08 4.45504e-09 0.0484041 5.04551 -4.3294e-09 -4.72859e-10 0.364556 7.44827e-12 
2507.42 6.60545e-08 21.4004 5 -1.4 6.27608 0.37103 -1.01205e-11 
7345.97 3165.57 270.45 5.04552 -3.27456e-12 8.60199e-12 0.369 0 
7345.97 3165.57 270.45 5.04552 -3.27456e-12 8.60199e-12 0.369 0 
6915.58 2735.47 0.0696945 7.30811 0.55037 -4.43441 0.0121257 1.54918e-12 
6484.97 2304.07 0.0707558 7.25488 0.537089 -3.84708 0.0131505 2.28531e-12 
6054.37 1872.89 0.0723352 7.17615 0.517468 -3.02104 0.0143349 3.03944e-12 
5623.77 1441.9 0.0744353 7.07204 0.491496 -1.93754 0.0157169 3.81666e-12 
5193.17 1011.24 0.0770686 6.94245 0.459165 -0.552905 0.0173458 5.20968e-13 
4762.57 580.982 0.0802493 6.78726 0.42044 -0.310012 0.0192846 4.89526e-13 
4331.98 150.793 0.0839938 6.60653 0.37533 -0.0149528 0.021612 5.02761e-15 
3901.4 1.53524e-07 0.0883198 6.40025 0.323815 -0.0128998 0.0244242 5.65864e-15 
3470.81 6.91584e-08 0.0932456 6.1685 0.265885 -0.0105912 0.0278324 6.28995e-15 
3040.24 6.91583e-08 0.0987899 5.91177 0.201521 -0.00802633 0.0319583 6.9216e-15 
2609.67 6.91583e-08 0.104971 5.63579 0.130707 -0.00520437 0.0369219 2.22207e-15 
2179.11 6.91584e-08 0.107719 5.52394 0.102137 -0.0040664 0.042824 1.0958e-15 
1748.55 6.91584e-08 0.109607 5.44818 0.0831565 -0.00331071 0.0497246 1.18275e-15 
1317.99 6.91584e-08 0.111645 5.36647 0.0626724 -0.00249515 0.0576292 1.27546e-15 
887.434 6.91584e-08 0.113839 5.27862 0.0406256 -0.00161736 0.0664916 9.72049e-16 
456.881 6.91584e-08 0.11584 5.19856 0.0206284 -0.000821248 0.0762307 9.61295e-16 
26.3298 6.91584e-08 0.117905 5.11597 2.60366e-11 -1.23368e-11 0.0866855 -2.50851e-17 
7.63062e-08 6.91585e-08 0.117905 5.11597 -6.58271e-14 -1.12962e-11 0.0976784 -2.51838e-17 
6.62774e-08 6.91585e-08 0.117905 5.11597 -7.00408e-14 -1.12985e-11 0.108734 -2.49207e-17 
6.62774e-08 6.91585e-08 0.117905 5.11597 -7.2651e-14 -1.12962e-11 0.119783 -2.51273e-17 
6.62774e-08 6.91585e-08 0.117905 5.11597 -7.52649e-14 -1.12985e-11 0.130826 -2.49712e-17 
6.62774e-08 6.91585e-08 0.117905 5.11597 -7.68803e-14 -1.12962e-11 0.141864 -2.50275e-17 
6.62774e-08 6.91585e-08 0.117905 5.11597 -8.14992e-14 -1.12985e-11 0.152898 -2.50117e-17 
6.62774e-08 6.91585e-08 0.117905 5.11597 -8.21076e-14 -1.12962e-11 0.163925 -2.50727e-17 
6.62774e-08 6.91585e-08 0.117905 5.11597 -8.47005e-14 -1.12985e-11 0.174945 -2.50308e-17 
6.62774e-08 6.91585e-08 0.117905 5.11597 -9.12849e-14 -1.12962e-11 0.185954 -2.49609e-17 
6.62774e-08 6.91585e-08 0.117905 5.11597 -9.08045e-14 -1.12985e-11 0.196948 -2.51069e-17 
6.62774e-08 6.91585e-08 0.117905 5.11597 -9.32771e-14 -1.12962e-11 0.20792 -2.51028e-17 
6.62774e-08 6.91585e-08 0.117905 5.11597 -9.26634e-14 -1.12985e-11 0.218862 -2.49321e-17 
6.62774e-08 6.91585e-08 0.117905 5.11597 -9.89772e-14 -1.12962e-11 0.229763 -2.50435e-17 
6.62774e-08 6.91585e-08 0.117905 5.11597 -1.00154e-13 -1.12985e-11 0.24061 -2.5e-17 
6.62774e-08 6.91585e-08 0.117905 5.11597 -1.03203e-13 -1.12962e-11 0.251388 -2.48607e-17 
6.62774e-08 6.91585e-08 0.117905 5.11597 -1.03074e-13 -1.12985e-11 0.262079 -2.50423e-17 
6.62774e-08 6.91585e-08 0.117905 5.11597 -1.06774e-13 -1.12962e-11 0.272663 -2.51976e-17 
6.62774e-08 6.91585e-08 0.117905 5.11597 -1.06257e-13 -1.12985e-11 0.283119 -2.50401e-17 
6.62774e-08 6.91585e-08 0.117905 5.11597 -1.09533e-13 -1.12962e-11 0.293424 -2.55878e-17 
6.62774e-08 6.91585e-08 0.117905 5.11597 -1.09593e-13 -1.12985e-11 0.303556 -2.54357e-17 
6.62774e-08 6.91585e-08 0.117905 5.11597 -1.08478e-13 -1.12962e-11 0.313499 -2.53112e-17 
6.62774e-08 6.91585e-08 0.117905 5.11597 -1.13258e-13 -1.12985e-11 0.32324 -2.4671e-17 
6.62774e-08 6.91585e-08 0.117905 5.11597 -1.11895e-13 -1.12962e-11 0.332765 -2.48843e-17 
6.62774e-08 6.91585e-08 0.117905 5.11597 -1.13216e-13 -1.12985e-11 0.342034 -2.60383e-17 
6.62774e-08 6.91585e-08 0.117905 5.11597 -1.09564e-13 -1.12962e-11 0.350926 -2.54309e-17 
6.62774e-08 6.91585e-08 0.117905 5.11597 -1.09662e-13 -1.12985e-11 0.359166 -2.56062e-17 
6.62774e-08 6.91585e-08 0.117905 5.11597 -1.01539e-13 -1.12962e-11 0.366249 -2.53435e-17 
6.62774e-08 6.91585e-08 0.117905 5.11597 -8.88599e-14 -1.12984e-11 0.371404 -2.66133e-17 
6.62778e-08 6.91585e-08 0.117905 5.11597 -6.62176e-14 -1.12974e-11 0.373854 -2.61104e-17 
4.97308e-06 6.91628e-08 0.117905 5.11597 -6.04566e-10 1.27551e-11 0.374297 5.68565e-16 
294.32 1.74714e-05 0.118449 5.09495 -0.0061159 0.000243825 0.367026 -6.14025e-16 
724.899 391.313 222.099 5.11597 -5.29979e-11 2.25213e-12 0.369 0 
724.899 391.313 222.099 5.11597 -5.29979e-11 2.25213e-12 0.369 0 
762.373 478.242 227.379 5 -0.578762 -3.4446 1.15369 -0.363188 
801.5 366.822 199.343 26.8453 0.466039 -5.9449 -0.176776 0.398115 
735.282 111.511 229.452 5 0.118451 -3.43872 0.444586 0.197743 
773.846 0.43048 241.563 5 0.118452 -1.51986 0.444586 0.00564347 
813.895 -0.157976 253.674 5 0.118452 -1.5097 0.444586 0.00184531 
855.342 -0.161556 265.785 5 0.118452 -1.51036 0.444586 0.000898565 
898.186 -0.202743 277.896 5 0.118452 -1.51078 0.444586 7.58164e-05 
942.427 -0.268407 290.007 5 0.118452 -1.5107 0.444586 -0.000109434 
988.065 -0.329397 302.118 5 0.118452 -1.51033 0.444586 -9.60127e-05 
1035.1 -0.368897 314.229 5 0.118452 -1.5099 0.444586 -8.58491e-05 
1083.53 -0.383587 326.34 5 0.118452 -1.51017 0.444586 0.00111541 
1133.36 -0.414151 338.451 5 0.118452 -1.50959 0.444586 -8.2311e-05 
1184.59 -0.410953 350.562 5 0.118452 -1.50984 0.444586 -8.28601e-05 
1237.22 -0.42242 362.673 5 0.118452 -1.50985 0.444586 -6.00113e-05 
1291.24 -0.434669 374.783 5 0.118452 -1.50983 0.444586 -7.90088e-05 
1346.66 -0.445349 386.894 5 0.118452 -1.51016 0.444586 -0.00148151 
1403.47 -0.47493 399.005 5 0.118452 -1.53234 0.444586 0.00314039 
1461.69 -1.78188 411.116 5 0.118452 -1.49131 0.444585 -0.00105177 
1521.3 -0.726254 423.227 5 0.118444 -1.50993 0.444728 0.000185278 
1582.31 -0.742908 435.338 5 0.119672 -1.50666 0.423566 -0.000398891 
1644.71 -0.571137 447.519 5 -0.0611893 -1.51299 0.827571 0.000238193 
1708.73 -0.764077 449.218 5 -0.0602432 -1.51009 0.811265 3.63445e-05 
1772.94 -0.789969 444.142 5 -0.0592972 -1.51005 0.794959 -5.06034e-06 
1836.57 -0.813901 439.122 5 -0.0583512 -1.51005 0.778653 3.41586e-06 
1899.61 -0.837867 434.155 5 -0.0574051 -1.51009 0.762347 -1.06306e-05 
1962.09 -0.863923 429.244 5 -0.0564591 -1.51012 0.746041 -0.000154447 
2023.99 -0.891479 424.386 5 -0.0555131 -1.51303 0.729735 0.000184686 
2085.33 -1.08683 419.584 5 -0.054567 -1.509 0.713429 -7.69234e-05 
2146.12 -1.05025 414.835 5 -0.053621 -1.51066 0.697122 1.11088e-06 
2206.36 -1.10907 410.141 5 -0.052675 -1.51049 0.680816 -1.8473e-05 
2266.05 -1.15809 405.502 5 -0.0517289 -1.51078 0.66451 -0.000453545 
2325.21 -1.22397 400.917 5 -0.0507829 -1.52397 0.648204 0.00077961 
2383.84 -2.04912 396.387 5 -0.0498369 -1.49904 0.631898 -0.000330217 
2441.95 -1.43911 391.911 5 -0.0488908 -1.51063 0.615592 -9.66857e-06 
2499.54 -1.49594 387.489 5 -0.0479448 -1.51074 0.599286 2.51007e-05 
2556.61 -1.5591 383.122 5 -0.0469988 -1.50932 0.58298 6.25098e-05 
2613.18 -1.54085 378.81 5 -0.0460527 -1.50598 0.566673 -0.000234313 
2669.26 -1.33001 374.552 5 -0.0451067 -1.51995 0.550367 0.000174337 
2724.84 -1.92348 370.348 5 -0.0441607 -1.50741 0.534061 -0.00588938 
2779.93 -1.79504 366.199 5 -0.0432149 -2.06229 0.517755 0.00511215 
2834.52 -33.618 362.104 5 -0.0422684 -1.20586 0.501449 0.171921 
2888.68 -16.126 358.064 5 -0.0413203 2.78927 0.485143 0.0992779 
2942.55 231.414 354.079 5 -0.0403725 6.27957 0.468837 0.00275051 
2996.12 679.933 350.148 5 -0.0423689 6.2798 0.452531 -0.000323965 
3049.24 1128.47 346.102 5.1289 -0.0429577 6.27996 0.436224 -5.62916e-05 
3101.3 1577.01 342.01 5.27668 -0.0335886 6.27996 0.419918 -2.5807e-05 
3152.19 2025.55 338.444 5 -0.0844843 6.27241 0.403612 -7.37271e-06 
3204.01 2473.66 331.973 7.09826 -0.804646 6.28 0.387306 -0.00212152 
3246.23 2922.21 283.84 40 -0.09 3.35089 0.369 0 
3246.23 2922.21 283.84 40 -0.09 3.35089 0.369 0 
3648.14 3159.84 361.923 14.6751 1.39982 6.28 1.07396 -0.343923 
4188.09 11234.4 351.446 5.00134 1.3781 -4.2592 0.413547 0.00479629 
4652.89 6719.55 273.103 24.5574 1.37107 -4.70308 0.127491 0.139653 
4763.95 1808.34 196.216 12.6764 1.30997 -0.898866 -0.152237 0.075056 
4514.53 21.1709 113.014 26.0518 1.33952 0.0899682 -0.140628 -4.01827e-05 
4173.82 0.584031 32.7114 33.9358 1.39781 0.336323 -0.129017 -1.81686e-05 
3735.96 0.34495 0.0023342 34.5575 1.39806 0.336388 -0.117406 -1.38881e-06 
3290.75 0.126816 0.0023342 33.1561 1.39822 0.336505 -0.105796 1.44323e-05 
2856.66 -0.0853455 0.0023342 31.6424 1.39838 0.336685 -0.0941852 2.94252e-05 
2434.01 -0.291929 0.0023342 30.1433 1.39846 0.336926 -0.0825746 4.81228e-05 
2022.67 -0.492989 0.0023342 28.6698 1.39851 0.338161 -0.0709639 3.98861e-05 
1622.48 -0.589367 0.00369533 27.2373 1.39858 0.335658 -0.0593531 0.000108058 
1233.13 -0.978399 0.031355 25.8681 1.39863 0.342559 -0.0477409 5.60142e-05 
854.211 -0.676765 0.110073 24.5722 1.39867 0.342759 -0.0361269 3.11549e-05 
485.296 -0.382938 1.21554 22.6123 1.39867 0.34288 -0.0245124 7.09093e-06 
131.602 -0.101321 10.5393 5.93582 -1.39362 0.343029 0.106607 -3.95824e-07 
-2.9852 0.00584162 34.3176 6.13153 -1.38821 0.341407 0.0686183 -1.00564e-06 
-11.4115 0.0125273 82.577 7.01214 -1.3882 0.341367 0.0152511 -1.71714e-06 
-20.618 0.01982 131.522 8.17523 -1.391 0.341255 0.0226684 -2.25367e-06 
-26.9716 0.0248445 173.706 6.60196 -1.39585 0.342779 0.033724 -6.20589e-06 
-107.663 0.0890234 202.39 6.98908 -1.39803 0.342725 0.0451495 -1.15723e-05 
-215.165 0.174604 225.127 7.00833 -1.39808 0.342639 0.0567507 -1.51672e-05 
-298.149 0.24051 247.866 7.00713 -1.39806 0.342537 0.0683606 -1.69931e-05 
-354.152 0.284926 270.711 7.00096 -1.39802 0.342424 0.0799667 -1.71861e-05 
-387.467 0.311284 293.012 11.948 0.00590672 0.340601 0.0915718 -1.59471e-05 
-382.812 0.307526 316.072 11.9166 0.00606787 0.340394 0.103178 -3.74615e-05 
-358.644 0.288131 338.759 31.9437 1.39867 0.329904 0.114783 7.50932e-05 
-297.81 -0.685906 362.132 29.9293 1.39867 0.344392 0.126395 -4.37867e-06 
-212.338 -0.164618 385.666 27.2947 1.39867 0.339051 0.138003 1.2515e-05 
-98.1438 -0.231549 409.332 24.704 1.39867 0.339428 0.149606 1.38953e-05 
44.594 -0.284052 432.979 25.2786 -1.39607 0.339821 0.161218 1.434e-05 
202.547 -0.311297 457.809 6.17488 -1.3914 0.340226 0.311242 1.74871e-05 
533.685 -0.438775 496.119 5.00133 -1.38826 0.340643 0.537603 2.51532e-05 
1096.35 -0.712872 544.936 5.00133 -1.38824 0.341117 0.538311 4.33179e-05 
1351.83 276.474 223.405 39.9735 1.39868 -6.23519 0.538931 -7.32565e-06 
2309.91 207.43 187.465 39.9732 1.39868 -6.2357 0.539528 4.59811e-05 
3177.25 138.057 201.743 39.9728 1.39868 -6.23497 0.53954 3.84664e-06 
4047.53 69.1583 216.015 39.9727 1.38195 -6.23512 0.540235 3.1339e-06 
4953.27 0.159095 202.467 39.9727 1.38148 -6.23506 0.532897 -3.1858e-06 
5808.24 -68.7998 185.921 39.9727 1.38209 -6.23503 0.516602 -9.85404e-06 
6617.08 -137.741 169.717 39.9727 1.38271 -6.23509 0.500318 -1.53143e-05 
7415.82 -206.722 153.841 39.9736 1.38784 -6.235 0.288849 0.0202219 
8302.19 -275.643 483.964 5.00133 1.38751 3.18518 0.300429 0.00269189 
8525.05 4375.41 440.042 5.01019 1.38323 2.37427 0.312009 -0.000280097 
9064.16 9679.25 381.949 19.3092 1.37219 3.06292 0.323585 -0.000184299 
9255.12 14571.4 310.783 28.4017 1.37628 2.85412 0.335159 -0.00284081 
9337.91 16653.3 262.804 17.9843 -1.39775 -5.39758 0.346723 -0.00396081 
8895.94 15562.7 286.702 22.9994 1.39984 -6.28 0.380691 0.000557653 
5364.32 9532.08 244.74 11.3005 0.0888994 -1.02083 0.369 0 
5364.32 9532.08 244.74 11.3005 0.0888994 -1.02083 0.369 0 
810.015 4977.77 0.0513137 5.0364 -3.78929e-06 -0.237893 0.000795702 4.33081e-15 
1.98663e-08 423.464 0.0513139 5.03641 9.18913e-16 -1.4141e-10 0.00085597 -1.4157e-18 
5.72231e-09 1.29365e-08 0.0513139 5.03641 3.16027e-15 -6.37532e-13 0.000924968 -1.42193e-18 
5.72231e-09 5.97106e-09 0.0513139 5.03641 3.15913e-15 -6.37532e-13 0.00100469 -1.42187e-18 
5.72231e-09 5.97105e-09 0.0513139 5.03641 3.15797e-15 -6.37532e-13 0.00109778 -1.41726e-18 
5.72231e-09 5.97105e-09 0.0513139 5.03641 3.15682e-15 -6.37532e-13 0.00120783 -1.41729e-18 
5.72231e-09 5.97105e-09 0.0513139 5.03641 3.15574e-15 -6.37532e-13 0.00133977 -1.42206e-18 
5.72231e-09 5.97105e-09 0.0513139 5.03641 3.15503e-15 -6.37532e-13 0.00150065 -1.42969e-18 
5.72231e-09 5.97105e-09 0.0513139 5.03641 3.15498e-15 -6.37532e-13 0.00170082 -1.43735e-18 
5.72231e-09 5.97105e-09 0.0513139 5.03641 3.15635e-15 -6.37532e-13 0.00195609 -1.42496e-18 
5.72231e-09 5.97105e-09 0.0513139 5.03641 3.16046e-15 -6.37532e-13 0.00229224 -1.43466e-18 
5.72231e-09 5.97105e-09 0.0513139 5.03641 3.16971e-15 -6.37532e-13 0.00275544 -1.43533e-18 
5.72231e-09 5.97105e-09 0.0513139 5.03641 3.18745e-15 -6.37532e-13 0.00344181 -1.42637e-18 
5.72231e-09 5.97105e-09 0.0513139 5.03641 3.21382e-15 -6.37532e-13 0.0045992 -1.40433e-18 
5.72231e-09 5.97105e-09 0.0513139 5.03641 3.21394e-15 -6.37532e-13 0.00695602 -1.40806e-18 
5.72231e-09 5.97105e-09 0.0513139 5.03641 3.03124e-15 -6.37532e-13 0.0120705 -1.42759e-18 
5.72231e-09 5.97105e-09 0.0513139 5.03641 2.56775e-15 -6.37532e-13 0.0207547 -1.41648e-18 
5.72231e-09 5.97105e-09 0.0513139 5.03641 2.05915e-15 -6.37532e-13 0.0320049 -1.45004e-18 
5.72231e-09 5.97105e-09 0.0513139 5.03641 1.86063e-15 -6.37532e-13 0.0435398 -1.43517e-18 
5.72231e-09 5.97105e-09 0.0513139 5.03641 1.70511e-15 -6.37532e-13 0.0550745 -1.45677e-18 
5.72231e-09 5.97105e-09 0.0513139 5.03641 1.5495e-15 -6.37532e-13 0.066609 -1.45337e-18 
5.72231e-09 5.97105e-09 0.0513139 5.03641 1.39392e-15 -6.37532e-13 0.0781434 -1.40063e-18 
5.72231e-09 5.97105e-09 0.0513139 5.03641 1.23835e-15 -6.37532e-13 0.0896777 -1.46185e-18 
5.72231e-09 5.97105e-09 0.0513139 5.03641 1.08275e-15 -6.37532e-13 0.101212 -1.42537e-18 
5.72231e-09 5.97105e-09 0.0513139 5.03641 9.27215e-16 -6.37532e-13 0.112745 -1.44935e-18 
5.72231e-09 5.97105e-09 0.0513139 5.03641 7.71738e-16 -6.37532e-13 0.124278 -1.40318e-18 
5.72231e-09 5.97105e-09 0.0513139 5.03641 6.16326e-16 -6.37532e-13 0.13581 -1.38125e-18 
5.72231e-09 5.97105e-09 0.0513139 5.03641 4.61023e-16 -6.37532e-13 0.14734 -1.37919e-18 
5.72231e-09 5.97105e-09 0.0513139 5.03641 3.05835e-16 -6.37532e-13 0.158869 -1.37909e-18 
5.72231e-09 5.97105e-09 0.0513139 5.03641 1.50855e-16 -6.37532e-13 0.170394 -1.4671e-18 
5.72231e-09 5.97105e-09 0.0513139 5.03641 -3.95463e-18 -6.37532e-13 0.181915 -1.34011e-18 
5.72231e-09 5.97105e-09 0.0513139 5.03641 -1.58444e-16 -6.37532e-13 0.193432 -1.35327e-18 
5.72231e-09 5.97105e-09 0.0513139 5.03641 -3.12621e-16 -6.37532e-13 0.204942 -1.36749e-18 
5.72231e-09 5.97105e-09 0.0513139 5.03641 -4.66359e-16 -6.37532e-13 0.216445 -1.35404e-18 
5.72231e-09 5.97105e-09 0.0513139 5.03641 -6.19671e-16 -6.37532e-13 0.227939 -1.38494e-18 
5.72231e-09 5.97105e-09 0.0513139 5.03641 -7.72526e-16 -6.37532e-13 0.239423 -1.31376e-18 
5.72231e-09 5.97105e-09 0.0513139 5.03641 -9.25149e-16 -6.37532e-13 0.250895 -1.30853e-18 
5.72231e-09 5.97105e-09 0.0513139 5.03641 -1.07773e-15 -6.37532e-13 0.262359 -1.46134e-18 
5.72231e-09 5.97105e-09 0.0513139 5.03641 -1.23049e-15 -6.37532e-13 0.273814 -1.47028e-18 
5.72231e-09 5.97105e-09 0.0513139 5.03641 -1.38341e-15 -6.37532e-13 0.285261 -1.38617e-18 
5.72231e-09 5.97105e-09 0.0513139 5.03641 -1.53638e-15 -6.37532e-13 0.296701 -1.37702e-18 
5.72231e-09 5.97105e-09 0.0513139 5.03641 -1.68872e-15 -6.37532e-13 0.308128 -1.54605e-18 
5.72231e-09 5.97105e-09 0.0513139 5.03641 -1.83961e-15 -6.37532e-13 0.319531 -1.44573e-18 
5.72231e-09 5.97105e-09 0.0513139 5.03641 -1.98762e-15 -6.37532e-13 0.33089 -1.68841e-18 
5.72231e-09 5.97105e-09 0.0513139 5.03641 -2.13275e-15 -6.37532e-13 0.342169 -1.48716e-18 
5.72231e-09 5.97105e-09 0.0513139 5.03641 -2.29027e-15 -6.37532e-13 0.353322 -1.88111e-18 
5.79059e-09 5.97105e-09 0.0513139 5.03641 -1.58243e-12 -5.64863e-13 0.364127 2.14015e-15 
759.47 1.61247e-08 6.69936 5 -1.4 2.64228 0.359564 -5.91444e-15 
5964.27 1852.82 282.84 5.03641 -6.8808e-13 3.14156e-14 0.369 0 
5964.27 1852.82 282.84 5.03641 -6.8808e-13 3.14156e-14 0.369 0 
5974.4 1879.42 283.381 5.60137 -1.19802 0.00106585 1.15369 -1.02613 
5984.18 1906.04 263.603 20.9642 -0.295069 -0.959097 -0.0428626 -1.00566 
5972.1 1916.4 258.711 23.8828 0.0275034 -1.90076 -0.165163 -0.983828 
5955.78 1910.81 259.206 22.4113 0.502635 -2.82261 -0.153551 -0.962854 
5941.29 1889.59 267.794 14.9673 0.761409 -3.72546 -0.141939 -0.941859 
5937.11 1853.06 280.97 5 -0.150759 -4.60926 0.512524 -0.92048 
5947.21 1801.54 278.957 7.40547 -0.988305 -5.47361 1.05586 -0.853532 
5954.24 1735.38 262.684 19.9382 -0.0475506 -6.2758 -0.100949 5.80779e-05 
5943.38 1655.63 262.014 19.822 -0.0416975 -6.27895 -0.0954897 0.00291932 
5932.64 1575.83 261.447 19.6391 -0.0407948 -6.27941 -0.0838775 0.00316481 
5922.14 1496.03 260.9 19.4561 -0.0398813 -6.27964 -0.0722652 0.00327304 
5911.86 1416.22 260.374 19.2728 -0.0389774 -6.27977 -0.0606529 0.00331478 
5901.82 1336.4 259.868 19.0894 -0.0381231 -6.27987 -0.0489963 0.00327298 
5892.01 1256.59 259.381 18.9065 -0.0372212 -6.28 -0.0373873 0.00341454 
5882.42 1176.77 258.914 18.7236 -0.0363104 -6.28 -0.0257825 0.00341456 
5873.08 1096.95 258.468 18.5404 -0.0354201 -6.28 -0.0141551 0.00341463 
5863.96 1017.13 258.042 18.3572 -0.034528 -6.28 -0.00253192 0.00341464 
5855.08 937.316 257.637 18.1741 -0.0336355 -6.28 0.00908956 0.00341468 
5846.43 857.497 257.251 17.991 -0.0327424 -6.28 0.0207097 0.0034147 
5838.02 777.679 256.885 17.8079 -0.0318485 -6.28 0.0323291 0.00341473 
5829.84 697.86 256.54 17.6249 -0.0309541 -6.28 0.0439481 0.00341475 
5821.9 618.041 256.214 17.4418 -0.0300595 -6.28 0.0555673 0.00341478 
5814.2 538.222 255.909 17.2587 -0.0291654 -6.28 0.0671867 0.144574 
5806.74 458.402 255.624 17.0756 -0.0282723 -6.14777 0.0788062 0.536204 
5799.51 380.824 255.359 16.8925 -0.0273799 -5.64857 0.0904254 0.514796 
5792.53 311.705 255.114 16.7095 -0.0264864 -5.16909 0.102045 0.493388 
5785.8 250.713 254.889 16.5264 -0.0255889 -4.70934 0.113663 0.47198 
5779.32 197.512 254.684 16.3433 -0.0246868 -4.26933 0.125282 0.450571 
5773.08 151.768 254.5 16.1601 -0.0237885 -3.84908 0.1369 0.429163 
5767.09 113.147 254.336 15.9769 -0.0229107 -3.44859 0.148517 0.407755 
5761.35 81.3121 254.192 15.7939 -0.0220604 -3.06789 0.160134 0.386347 
5755.86 55.9295 254.067 15.6115 -0.0212017 -2.70699 0.171751 0.364939 
5750.61 36.6633 253.961 15.4294 -0.0202463 -2.36589 0.183366 0.343531 
5745.62 23.1778 253.877 15.2465 -0.0191359 -2.04462 0.194981 0.322122 
5740.87 15.1369 253.816 15.0607 -0.0180206 -1.74319 0.206595 0.300714 
5736.38 12.2045 253.78 14.8724 -0.0173517 -1.4616 0.218208 0.279306 
5732.14 14.0442 253.76 14.6876 -0.0175308 -1.19988 0.229822 0.257898 
5728.16 20.3194 253.742 14.5168 -0.0179811 -0.958036 0.241434 0.23649 
5724.41 30.6931 253.721 14.362 -0.0164473 -0.736082 0.253043 0.215082 
5720.88 44.8283 253.73 14.1959 -0.0104126 -0.534032 0.264647 0.193673 
5717.57 62.3876 253.845 13.9615 -0.00180391 -0.351899 0.27625 0.172265 
5714.58 83.0335 254.114 13.6334 -0.00161412 -0.189697 0.287859 0.150857 
5712.05 106.428 254.394 13.3304 -0.0247202 -0.0474406 0.299476 0.129449 
5709.96 132.233 254.291 13.3501 -0.0666039 0.0748588 0.311089 0.108041 
5707.84 160.111 253.477 13.899 -0.0750912 0.177188 0.322671 0.0866326 
5704.96 189.724 252.505 14.4881 0.0340348 0.259531 0.334245 0.0652244 
5701.21 220.732 253.366 13.5963 0.264851 0.321873 0.345832 0.043816 
5698.62 252.797 258.164 9.81827 0.377212 0.364197 0.357401 -0.0172055 
5701.29 285.575 264.968 5.00001 -0.0899687 0.349382 0.369 0 
5701.29 285.575 264.968 5.00001 -0.0899687 0.349382 0.369 0 
5639.66 1328.15 4.42659 39.7807 0.694912 -2.4981 -0.187759 0.000223648 
2779.76 -1.64306 0.562427 28.1667 0.694217 -2.25415 1.04657 5.2759e-05 
712.665 -0.559111 12.8525 8.41453 0.490932 -1.37389 0.126576 2.28596e-06 
41.4342 -0.0281533 0.631034 5.7408 0.000587053 -1.37255 0.1368 1.47483e-06 
20.5417 -0.00999964 0.632178 5.59415 -0.000182871 -1.37209 0.145109 2.68329e-06 
10.4613 -0.00341399 0.59163 5.53166 -0.000292482 -1.37184 0.15198 -5.58891e-08 
4.78613 0.0005318 0.572839 5.45662 -0.000354167 -1.37183 0.159354 -1.07225e-07 
4.38381 0.000264853 0.564614 5.45836 -0.000370258 -1.37183 0.163334 -1.02004e-07 
4.00164 -1.53993e-05 0.554785 5.45828 -0.000377542 -1.37183 0.167652 -9.90328e-08 
3.60934 -0.000165006 0.545627 5.45781 -0.000383492 -1.37183 0.172221 -7.41316e-08 
3.23335 -0.000227503 0.539236 5.458 -0.000391492 -1.37183 0.177072 -5.52055e-08 
2.83355 -0.00029447 0.533532 5.45609 -0.000392193 -1.37183 0.182306 -9.51156e-08 
2.55384 -0.000325145 0.530622 5.45546 -0.000408116 -1.37183 0.187885 -8.31836e-08 
2.31448 -0.000340339 0.527279 5.45539 -0.000420153 -1.37183 0.193847 -9.17845e-08 
2.07395 -0.000279736 0.524124 5.45547 -0.000433353 -1.37183 0.200353 -9.07302e-08 
1.82277 -0.000436588 0.521332 5.4546 -0.000445919 -1.37183 0.207675 -1.04676e-07 
1.62524 -0.000379791 0.520663 5.45386 -0.000466364 -1.37183 0.216021 -1.04674e-07 
1.47882 -0.000363356 0.519416 5.45373 -0.000488058 -1.37183 0.224983 -1.01011e-07 
1.33905 -0.000349293 0.518324 5.45357 -0.000509448 -1.37183 0.234051 -9.59236e-08 
1.20838 -0.00034159 0.51832 5.45356 -0.000532276 -1.37183 0.243171 -9.30036e-08 
1.07811 -0.000337362 0.518314 5.45353 -0.000555555 -1.37183 0.252334 -9.9705e-08 
0.949564 -0.000285454 0.518307 5.45361 -0.000579063 -1.37183 0.261521 -9.82767e-08 
0.815489 -0.00035144 0.518316 5.45309 -0.000599862 -1.37182 0.270723 -1.02731e-07 
0.716629 -0.000316225 0.521767 5.45277 -0.000622796 -1.37182 0.279899 -1.00928e-07 
0.644915 -0.000301953 0.527187 5.45289 -0.000642919 -1.37182 0.288963 -9.88282e-08 
0.573386 -0.000287768 0.53882 5.45311 -0.000668162 -1.37182 0.297921 -9.68657e-08 
0.505316 -0.000276164 0.55013 5.45346 -0.000694659 -1.37182 0.30672 -9.6106e-08 
0.432383 -0.000260038 0.559512 5.45387 -0.000720509 -1.37182 0.315314 -9.79702e-08 
0.348306 -0.000237379 0.567264 5.45376 -0.000743229 -1.37182 0.323677 -8.77367e-08 
0.284808 -0.000297546 0.576383 5.45352 -0.000762117 -1.37182 0.331767 -9.40978e-08 
0.253494 -0.000213818 0.591915 5.45365 -0.00078114 -1.37182 0.339484 -9.1083e-08 
0.235246 -0.000182058 0.613099 5.45365 -0.00080391 -1.37182 0.346839 -9.01442e-08 
0.253406 -0.000174353 0.633608 5.45434 -0.000829605 -1.37182 0.353767 -8.87195e-08 
0.260993 -0.000166905 0.649137 5.45467 -0.000849747 -1.37182 0.360225 -7.39403e-08 
0.275147 -0.000229851 0.663748 5.4535 -0.000862385 -1.37182 0.366159 -6.7094e-08 
0.393895 -0.000332924 0.684525 5.45391 -0.000881377 -1.37182 0.371385 -7.49102e-08 
0.523668 -0.000107594 0.702586 5.45371 -0.000893904 -1.37183 0.375793 -5.11285e-08 
0.698516 -0.000227364 0.722524 5.45334 -0.000902563 -1.37182 0.379222 -5.66162e-08 
0.936904 -6.97387e-05 0.745906 5.45243 -0.000823188 -1.37182 0.381562 -3.66518e-08 
1.2739 -0.00019608 0.891038 5.45264 -0.00051987 -1.37182 0.381964 -3.0648e-08 
1.60537 -4.74177e-05 1.48204 5.46615 -0.000618765 -1.37184 0.381809 -6.8205e-08 
2.02851 0.000177493 1.97244 5.46754 -0.000240577 -1.37187 0.381062 -4.95945e-08 
3.11276 -0.000149751 3.00037 5.45527 5.26662e-05 -1.37197 0.380394 3.4656e-06 
6.97645 -0.0021061 4.41525 5.44506 0.000100526 -1.37126 0.380035 9.56237e-06 
14.1105 0.286372 6.11216 5.43425 0.00184953 -1.36957 0.378504 1.40627e-05 
25.2214 1.71437 10.5901 5.40943 0.0339503 -1.36521 0.377784 6.90166e-06 
51.7983 6.08362 227.899 5.00078 0.919008 0.0457822 0.347266 -1.11548e-05 
770.848 1392.49 1508.07 5.00119 -0.846707 6.20217 0.387258 -1.30299e-06 
3218.14 7408.43 250.326 31.4841 -4.34513e-05 -0.000269642 0.369 0 
3218.14 7408.43 250.326 31.4841 -4.34513e-05 -0.000269642 0.369 0 
3216.62 7408.1 248.935 39.9994 1.39944 -1.42449 -0.187876 -1.02805 
3184.46 7381.71 274.164 39.9995 1.32564 -6.27945 -0.176265 -1.00665 
3181.67 7373.32 60.0371 39.9909 -1.39945 -6.17303 -0.164654 -0.98524 
3170.33 7390.43 53.4097 39.9994 -1.39945 -6.27911 1.10427 -0.824936 
3135.44 7377.62 50.6868 39.9994 -1.39945 -6.27733 -0.141433 -0.812783 
3136.05 7205.59 11.5061 37.2348 1.36211 -6.27901 -0.129823 -0.799992 
2963.66 7155.12 11.0949 35.8094 -1.39859 -6.27897 -0.118212 -0.788242 
2963.59 7104.64 6.91299 39.9994 1.34288 -6.27638 -0.106602 -0.773429 
2985.22 6918.98 56.8616 39.9994 1.39945 -6.27885 -0.0949898 -0.662684 
2985.21 6832.05 55.9049 38.112 -1.39944 -6.27928 -0.0833805 -0.835392 
2827.95 6829.03 38.2235 39.9994 1.39944 -6.27936 0.990132 0.813985 
2825.03 6822.22 41.6504 39.9994 0.410806 -6.27931 -0.0601596 0.419669 
2757.16 6675.41 44.3411 39.7446 -0.129622 -6.28 0.957523 -0.425508 
2718.65 6102.47 42.9167 39.9994 1.39944 -6.27931 0.183607 0.44144 
2691.03 5945.07 42.2592 39.9994 -1.39945 -6.27936 -0.025328 -0.535911 
2654.2 5939.41 37.945 39.9994 1.39945 -6.27936 -0.0137163 -0.706954 
2583.1 5936.39 6.35895 39.9994 -1.39945 -6.27935 -0.00210691 0.685547 
2556.9 5894.97 6.50568 39.9555 1.38887 -6.28 0.00950374 0.329137 
2551.52 5322.03 0.00135714 37.1109 1.39945 -6.27935 0.0211144 -0.333649 
2452.09 5294.21 0.00136658 5.00047 1.39945 -2.25501 0.0327252 -0.397724 
2450.17 4961.45 0.212312 5.00045 1.39944 -6.27936 0.64173 0.357822 
2424.66 4958.69 30.6542 5.00055 -1.39945 -6.10317 0.0559465 -0.352008 
2224.71 4955.66 9.39505 5.67562 -1.23134 -6.27979 0.794483 -0.403735 
1937.83 4954.41 0.00135656 39.9994 -0.44537 -6.27936 0.778179 -0.403542 
1939.47 4953.15 0.0013785 39.9994 -0.623175 -6.27936 0.761876 -0.514302 
1935.86 4941.31 0.00138853 39.9994 1.39944 -3.48827 0.745572 0.492897 
1904.17 4668.59 0.00137222 39.9994 1.39945 -6.27936 0.113998 -0.471491 
1831.83 4667.59 15.6518 39.9994 1.39945 -6.27929 0.712964 -0.339249 
1769.67 4490.91 6.42506 39.9994 0.703739 -6.27936 0.69666 -0.42868 
1665.57 4486.26 26.0081 40 1.4 -6.27997 0.148826 0.407274 
1213.33 4352.18 6.08602 39.9994 1.39945 -6.27936 0.160435 -0.385869 
1111.28 4349.58 34.0391 39.9994 1.39945 -4.53587 0.172043 -0.141281 
1107.7 4096.57 35.4375 39.9994 -1.39945 -6.27936 0.631452 0.343058 
1102.73 4093.97 60.8349 39.9994 1.39948 -6.27936 0.615151 0.321652 
1107.36 4090.33 240.907 5.00056 -1.39945 -6.27936 0.206866 0.300248 
915.302 4097.21 244.504 6.3807 1.39926 -6.28 0.278138 -0.278844 
910.715 3524.15 277.966 39.9995 -1.39944 -6.27934 0.230083 -0.231956 
906.881 3530.08 274.434 6.41039 1.39944 -6.27937 0.549945 0.179891 
877.128 3527.06 277.283 39.9995 -1.39945 -6.27936 0.253298 -0.214639 
877.499 3517.37 272.879 7.5609 -1.23028 -6.27936 0.264903 0.193239 
881.512 3514.35 273.959 8.87951 1.39944 -6.27936 0.276508 0.171836 
847.094 3511.33 279.508 7.53399 -1.39944 -6.27936 0.288111 -0.150437 
848.383 3508.56 261.738 6.3211 1.39944 -2.33691 0.299716 0.0856789 
844.341 3170.92 250.862 39.8118 1.39945 -6.27932 0.452152 0.107634 
797.562 3046.58 289.255 8.37825 -1.39945 -6.27936 0.322934 -0.0862383 
702.51 3043.77 250.862 39.9994 1.39945 -2.86369 0.419577 -0.0648541 
732.79 2674.8 235.466 40 1.4 -6.17331 0.346107 0.0434606 
305.606 2691.9 226.431 39.9994 1.39945 -6.27935 0.387092 -0.0221723 
247.816 2635.81 234.54 32.7009 -0.0896033 -4.95425 0.369 0 
247.816 2635.81 234.54 32.7009 -0.0896033 -4.95425 0.369 0 
171.956 2449.47 238.293 37.6724 0.844543 4.1373 -0.188388 0.0757264 
75.0196 2739.48 290.572 5 0.304056 6.28 -0.176776 -0.0251214 
121.39 3141.64 317.277 5 0.303382 6.28 -0.165163 -0.176371 
170.565 3543.8 343.947 5 0.302708 6.28 -0.153551 -0.0942834 
222.54 3945.96 370.582 5 0.302035 6.28 -0.141939 0.0135984 
277.312 4348.12 397.181 5 0.301361 6.28 -0.130327 -0.876245 
334.877 4750.28 423.745 5 0.300681 -4.97029 -0.118714 0.000487194 
394.762 4563.01 450.273 5 0.300007 -5.93575 -0.107102 0.00121291 
457.391 4325.15 476.766 5 0.299334 -5.83894 -0.0954898 0.00395183 
522.807 4092.37 503.223 5 0.29866 -5.74929 -0.0838776 0.00991924 
591.005 3864.28 529.646 5 0.297986 -5.2595 -0.0722653 0.0494494 
661.997 3661.85 556.033 5 0.297314 -3.12657 -0.0606531 0.0340349 
735.849 3571.17 582.384 5 0.296641 -1.51534 -0.0490408 0.00422758 
812.535 3564.91 608.701 5 0.295967 -1.31659 -0.0374286 -0.00140636 
891.993 3569.07 634.982 5 0.295294 -1.38931 -0.0258163 -0.000415957 
974.207 3569.41 661.228 5 0.29462 -1.41618 -0.0142041 9.65996e-05 
1059.18 3568.35 687.439 5 0.293946 -1.40851 -0.00259184 0.000115773 
1146.9 3567.68 713.614 5 0.293272 -1.40043 0.00902041 4.52031e-05 
1237.37 3567.44 739.754 5 0.292599 -1.39691 0.0206327 4.37341e-06 
1330.58 3567.39 765.859 5 0.291925 -1.39787 0.0322449 -6.83961e-06 
1426.54 3567.29 791.928 5 -0.114534 -1.39373 0.51573 -3.71873e-06 
1525.66 3567.4 796.702 5 -0.209793 -1.3986 0.811265 -1.04304e-05 
1625.38 3567.25 778.288 5 -0.208847 -1.39634 0.794959 -1.92713e-05 
1723.16 3567.23 759.923 5 -0.207901 -1.4011 0.778653 -3.97864e-05 
1819.02 3566.95 741.608 5 -0.206955 -1.39877 0.762347 6.87922e-05 
1912.95 3566.8 723.342 5 -0.206009 -1.39644 0.746041 9.06824e-05 
2004.97 3566.77 705.126 5 -0.205063 -1.38299 0.729735 8.57617e-05 
2095.07 3567.44 686.96 5 -0.204117 -1.3718 0.713429 -0.000240956 
2183.27 3568.71 668.843 5 -0.203171 -1.40743 0.697122 -0.000640515 
2269.56 3568.1 650.775 5 -0.202225 -1.50518 0.680816 0.0019474 
2353.95 3562.37 632.757 5 -0.201279 -1.20972 0.66451 0.014715 
2436.45 3572.12 614.789 5 -0.200331 1.59167 0.648204 0.0233564 
2517.19 3728.65 596.871 5 -0.199383 5.49373 0.631898 0.00135567 
2596.21 4089.61 579.002 5 -0.198437 5.85158 0.615592 0.000241486 
2673.37 4469.33 561.182 5 -0.197491 5.93196 0.599286 8.82164e-05 
2748.66 4853.25 543.412 5 -0.196545 5.9768 0.58298 2.95527e-05 
2822.08 5239.53 525.692 5 -0.195599 5.99581 0.566673 -1.74408e-06 
2893.65 5626.8 508.022 5 -0.194653 6.01557 0.550367 -1.38184e-05 
2963.36 6015.11 490.4 5 -0.193707 6.02643 0.534061 -3.67086e-05 
3031.21 6403.98 472.829 5 -0.192761 6.01286 0.517755 1.27885e-05 
3097.23 6792.15 455.307 5 -0.191815 6.17441 0.501449 3.93283e-05 
3161.41 7188.77 437.835 5 -0.190868 6.27997 0.485143 -0.000340515 
3223.75 7590.93 420.412 5 -0.189923 4.53706 0.468837 -0.129449 
3284.2 7901.78 403.038 5 -0.188982 -4.92363 0.452531 0.0108691 
3342.43 7716.95 385.714 5 -0.188037 -6.28 0.436224 -0.0592876 
3398.78 7461.05 368.44 5 -0.187091 -6.28 0.419918 0.000769542 
3453.31 7205.16 351.215 5 -0.186145 -6.28 0.403612 -0.000130134 
3506.04 6949.26 334.04 5 -1.06326 -6.28 0.387306 5.81293e-05 
3557.88 6693.37 270.91 40 -0.000599151 -3.18717 0.369 0 
3557.88 6693.37 270.91 40 -0.000599151 -3.18717 0.369 0 
3504.79 6662.05 266.011 31.3615 1.4 1.16445 -0.188388 -0.714288 
3466.23 6726.81 292.349 9.68316 -0.881672 -0.698298 -0.176776 -1.00718 
3468.17 6750.41 269.066 29.4493 -1.07634 -6.28 0.782874 0.000242351 
3434.09 6650.77 240.784 40 -0.489886 -6.28 -0.0594834 0.00023425 
3379.83 6551.15 225.08 40 -0.489886 -6.28 -0.0594834 0.000225021 
3324.88 6451.53 209.376 40 -0.489886 -6.28 -0.0594834 0.000214999 
3269.23 6351.9 193.671 40 -0.489886 -6.28 -0.0594834 0.000206548 
3212.88 6252.28 177.967 40 -0.489886 -6.28 -0.0594834 0.000197724 
3155.85 6152.65 162.263 40 -0.489886 -6.28 -0.0594825 0.000189244 
3098.11 6053.03 146.559 40 -0.489883 -6.28 -0.0595333 0.0001807 
3039.68 5953.4 130.855 40 -0.490048 -6.28 -0.0566963 0.000172949 
2980.56 5853.78 115.147 40 -0.480851 -6.28 -0.0574016 0.00015947 
2920.74 5754.15 99.6422 39.8462 -0.474219 -6.28 -0.0490408 0.000161439 
2860.5 5654.53 84.2895 39.5949 -0.472368 -6.28 -0.0374286 0.000155903 
2800.02 5554.9 68.9865 39.3374 -0.484832 -6.28 -0.0258163 0.00014776 
2739.33 5455.28 53.4174 39.315 -0.512546 -6.28 -0.0142041 0.000142715 
2678 5355.65 37.237 39.7501 -0.505918 -6.28 -0.00259184 0.000148174 
2615.18 5256.03 21.1876 40 -0.370118 -6.28 0.00902041 0.000104308 
2551.16 5156.4 8.12843 39.7016 -0.147279 -6.28 0.0206327 -0.00503205 
2486.98 5056.78 0.001 38.6247 0.0456291 -6.28 0.0322449 0.0431973 
2424.26 4957.15 0.001 38.4417 0.0465223 -6.28 0.0438571 0.166713 
2361.87 4857.52 0.001 38.2588 0.0474166 -6.02221 0.0554694 0.579016 
2299.8 4763.59 0.001 38.0758 0.0483131 -0.969759 0.0670816 0.557595 
2238.15 4781.24 0.001 37.8928 0.0492091 4.06445 0.0786939 0.0141655 
2176.91 4910.06 0.001 37.7099 0.0501035 6.27996 0.0903061 -0.00277577 
2116.03 5087.8 0.001 37.5269 0.0509971 6.27995 0.101918 -0.000264443 
2055.47 5265.55 0.001 37.3439 0.0518906 6.27999 0.113531 -4.92327e-05 
1995.24 5443.3 0.001 37.1609 0.0527839 6.12645 0.125143 0.00010218 
1935.33 5617.66 0.001 36.978 0.0536769 6.09615 0.136755 9.69902e-05 
1875.74 5791.35 0.001 36.795 0.05457 6.11402 0.148367 5.22059e-05 
1816.48 5965.43 0.001 36.6121 0.0554648 6.12695 0.15998 1.75855e-05 
1757.53 6139.8 0.001 36.4291 0.0563628 6.13659 0.171592 -3.16928e-07 
1698.92 6314.38 0.001 36.246 0.0572587 6.14253 0.183204 -7.93561e-06 
1640.62 6489.09 0.001 36.0629 0.0581373 6.14803 0.194816 -1.09577e-05 
1582.65 6663.92 0.001 35.8801 0.0589928 6.15322 0.206429 -1.48447e-05 
1525 6838.87 0.001 35.6979 0.0598816 6.16962 0.218041 -1.92412e-05 
1467.68 7014.18 0.001 35.5157 0.0609318 6.27999 0.229653 4.06602e-05 
1410.68 7191.92 0.001 35.3307 0.0621325 6.28 0.241265 8.85946e-06 
1354 7369.67 0.001 35.1409 0.0629068 6.28 0.252878 8.96814e-05 
1297.67 7547.41 0.001 34.954 0.0622462 6.28 0.26449 5.06774e-06 
1241.66 7725.16 0.001 34.7938 0.0608141 6.28 0.276102 1.02337e-05 
1185.93 7902.9 0.001 34.6694 0.0642102 6.28 0.287714 3.35201e-06 
1130.43 8080.65 0.001 34.4946 0.0797972 6.28 0.299327 -4.46158e-06 
1075.23 8258.39 0.001 34.0717 0.0966971 6.28 0.310939 -4.77904e-06 
1020.77 8436.14 0.001 33.4144 0.0629826 6.28 0.322551 -3.33223e-06 
967.482 8613.88 0.001 33.4068 -0.0690678 6.28 0.334163 -1.90557e-06 
914.271 8791.62 0.001 35.6076 -0.160962 6.28 0.345776 -0.000159673 
857.205 8969.37 0.001 39.0244 0.248284 4.92911 0.357388 -0.00619492 
793.888 9117.29 0.6332 29.734 1.4 3.68608 0.369 0 
9844.23 9963.65 4157.97 17.8132 0.490891 0 0.182522 0 
9844.23 9963.65 4157.97 17.8132 0.490891 6.94841e-10 0.182522 -7.33368e-05 
9844.23 9963.65 4157.97 17.8118 0.493687 -0.129938 0.182551 0.000119389 
3274.94 9883.89 4297.08 17.828 0.49522 -0.207634 0.182233 3.0765e-05 
3969.89 9808.69 4538.27 16.9459 0.512453 -0.600914 0.199447 0.00146017 
4186.33 6764.15 4312.46 17.4607 0.499657 -0.244329 0.189401 0.000593592 
4262.85 5526.69 4220.78 17.6699 0.494456 -0.0993826 0.185318 0.000241347 
4292.13 5023.59 4183.58 17.7548 0.492344 -0.0405206 0.183662 9.83985e-05 
4303.78 4818.48 4168.41 17.7893 0.491485 -0.0165244 0.182989 4.0278e-05 
4308.49 4734.53 4162.13 17.8036 0.491129 -0.00657564 0.18271 1.62157e-05 
4310.39 4700.73 4159.5 17.8096 0.49098 -0.00241389 0.182594 6.17754e-06 
4311.18 4687.85 4158.38 17.8121 0.490917 -0.00064361 0.182545 1.91958e-06 
4311.5 4683.85 4157.89 17.8131 0.490889 0.000122286 0.182524 1.08046e-07 
4311.62 4683.62 4157.66 17.8136 0.490877 0.000486746 0.182514 -7.40572e-07 
4311.68 4685.16 4157.55 17.8139 0.49087 0.000674587 0.182509 -1.15509e-06 
4311.7 4687.57 4157.47 17.814 0.490866 0.000796071 0.182506 -1.40262e-06 
4311.7 4690.49 4157.41 17.8141 0.490863 0.000896793 0.182504 -1.5946e-06 
4311.7 4693.81 4157.34 17.8142 0.49086 0.000994619 0.182502 -1.77086e-06 
4311.7 4697.5 4157.28 17.8144 0.490856 0.0011006 0.1825 -1.9586e-06 
4311.7 4701.58 4157.2 17.8145 0.490853 0.00121893 0.182498 -2.16517e-06 
4311.7 4706.09 4157.12 17.8146 0.490848 0.00135427 0.182495 -2.40083e-06 
4311.69 4711.09 4157.02 17.8148 0.490844 0.00150978 0.182492 -2.66706e-06 
4311.69 4716.64 4156.91 17.8149 0.490838 0.00169329 0.182489 -2.9888e-06 
4311.68 4722.87 4156.77 17.8151 0.490831 0.00190184 0.182485 -3.34116e-06 
4311.68 4729.83 4156.62 17.8154 0.490824 0.00215295 0.18248 -3.77455e-06 
4311.67 4737.69 4156.43 17.8156 0.490815 0.00244564 0.182475 -4.26249e-06 
4311.66 4746.57 4156.21 17.816 0.490803 0.00280527 0.182468 -4.88243e-06 
4311.65 4756.73 4155.94 17.8164 0.490791 0.00322521 0.182461 -5.57782e-06 
4311.63 4768.35 4155.62 17.8169 0.490775 0.00374628 0.182451 -6.44339e-06 
4311.62 4781.77 4155.21 17.8174 0.490755 0.00438983 0.18244 -7.4903e-06 
4311.59 4797.37 4154.7 17.8182 0.49073 0.00520884 0.182425 -8.84413e-06 
4311.58 4815.79 4154.06 17.8191 0.490699 0.00622717 0.182408 -1.04455e-05 
4311.53 4837.55 4153.2 17.8203 0.490658 0.0075829 0.182384 -1.26392e-05 
4311.51 4863.88 4152.11 17.8218 0.490606 0.00931959 0.182355 -1.53117e-05 
4311.43 4895.77 4150.62 17.8238 0.490534 0.0116947 0.182315 -1.90432e-05 
4311.37 4935.43 4148.63 17.8265 0.49044 0.0148584 0.182263 -2.38958e-05 
4311.28 4985.2 4145.9 17.8303 0.490309 0.0192006 0.182189 -3.07895e-05 
4311.09 5049.33 4142.31 17.8354 0.490135 0.0249095 0.182089 -4.00064e-05 
4310.89 5132.65 4137.7 17.8425 0.489906 0.0322503 0.181951 -5.26386e-05 
4310.64 5242.29 4132.3 17.8519 0.489628 0.0408493 0.181768 -6.90136e-05 
4310.36 5386.04 4127.04 17.863 0.489337 0.049223 0.18155 -8.80266e-05 
4310.1 5569.38 4123.99 17.8735 0.489128 0.0540708 0.181345 -0.000105036 
4310.02 5788.17 4126.3 17.8773 0.489169 0.0504018 0.181271 -0.000109666 
4310.36 6016.6 4136.44 17.8644 0.489644 0.0342821 0.181523 -8.59149e-05 
4311.23 6195.55 4151.05 17.8234 0.490556 0.0110296 0.182324 -1.81365e-05 
4312.4 6233.3 4149.46 17.7477 0.491263 0.0135486 0.1838 9.40246e-05 
4312.37 6037.29 4068.87 17.6463 0.48954 0.141654 0.185778 0.000209863 
4305.25 5599.93 3747.23 17.5589 0.479462 0.653274 0.18748 0.00018795 
4287.09 5186.98 2783.55 17.5689 0.446745 2.16859 0.187255 -0.00370621 
3345.44 5686.51 180.915 22.5647 6.50242e-06 0.168798 0.181522 0 
3345.44 5686.51 180.915 22.5647 6.50242e-06 0.168798 0.181522 0 
3286.38 5819.71 186.328 15.8723 0.24753 5.27704 -0.188388 0.0961618 
3270.74 6359 212.275 5 0.125884 6.25574 0.415424 -0.00250039 
3328.76 6976.06 229.935 5 0.125884 6.25376 0.415424 -0.00253122 
3389.6 7592.96 247.595 5 0.125884 6.25161 0.415424 -0.00251463 
3453.24 8209.69 265.255 5 0.125884 6.24908 0.415424 -0.00250008 
3519.7 8826.22 282.915 5 0.125884 6.24605 0.415425 -0.00249264 
3588.98 9442.5 300.576 5 0.125884 6.24237 0.415425 -0.00248128 
3661.06 10058.5 318.236 5 0.125884 6.23778 0.415425 -0.00244237 
3735.96 10674.1 335.896 5 0.125884 6.23193 0.415425 -0.00237006 
3813.67 11289.3 353.556 5 0.125884 6.2242 0.415425 -0.00239654 
3894.2 11903.8 371.216 5 0.125884 6.21352 0.415425 -0.00281604 
3977.53 12517.5 388.876 5 0.125884 6.19784 0.415425 -0.00270827 
4063.68 13130 406.536 5 0.125884 6.17338 0.415425 -0.00513497 
4152.64 13740.5 424.197 5 0.125884 6.13657 0.415425 0.0118218 
4244.42 14348.1 441.857 5 0.125884 6.176 0.415425 -0.398156 
4339 14958.8 459.517 5 0.125882 1.06618 0.415425 -0.484445 
4436.08 15163.3 477.177 5 0.125875 -5.04849 0.415491 -0.0580491 
4535.59 14881.5 494.836 5 0.126654 -6.19066 0.402044 0.00154421 
4637.83 14509 512.557 5 -0.0323437 -6.1605 0.67667 -0.000706207 
4743.15 14138.9 517.637 5 -0.0678738 -6.18936 0.843874 -0.000197261 
4849.34 13766.5 509.676 5 -0.0669279 -6.20822 0.82757 0.000122607 
4954.25 13392.6 501.79 5 -0.065982 -6.22057 0.811264 0.000282453 
5057.9 13017.7 493.979 5 -0.065036 -6.22926 0.794958 0.00036075 
5160.31 12642.1 486.243 5 -0.06409 -6.23573 0.778652 0.000396577 
5261.49 12266 478.583 5 -0.0631439 -6.24074 0.762346 0.00040841 
5361.44 11889.5 470.998 5 -0.0621979 -6.24473 0.74604 0.00040575 
5460.18 11512.7 463.488 5 -0.0612519 -6.24798 0.729734 0.000393933 
5557.73 11135.6 456.053 5 -0.0603059 -6.25068 0.713428 0.000376189 
5654.09 10758.3 448.694 5 -0.0593598 -6.25297 0.697122 0.000354591 
5749.27 10380.8 441.409 5 -0.0584138 -6.25492 0.680816 0.000330539 
5843.3 10003.2 434.2 5 -0.0574678 -6.25661 0.66451 0.000305019 
5936.17 9625.46 427.066 5 -0.0565218 -6.25809 0.648204 0.00027875 
6027.9 9247.58 420.008 5 -0.0555757 -6.25939 0.631898 0.000252275 
6118.51 8869.6 413.024 5 -0.0546297 -6.26055 0.615592 0.000226017 
6208.01 8491.52 406.116 5 -0.0536837 -6.26158 0.599286 0.000200314 
6296.4 8113.37 399.283 5 -0.0527376 -6.26251 0.582979 0.000175441 
6383.7 7735.14 392.525 5 -0.0517916 -6.26335 0.566673 0.000151631 
6469.92 7356.84 385.842 5 -0.0508456 -6.26411 0.550367 0.00012908 
6555.08 6978.49 379.235 5 -0.0498995 -6.26481 0.534061 0.000107957 
6639.19 6600.07 372.703 5 -0.0489535 -6.26545 0.517755 8.84115e-05 
6722.25 6221.61 366.246 5 -0.0480075 -6.26603 0.501449 7.05715e-05 
6804.28 5843.1 359.864 5 -0.0470614 -6.26657 0.485143 5.45506e-05 
6885.29 5464.55 353.558 5 -0.0461154 -6.26707 0.468837 4.04472e-05 
6965.3 5085.95 347.326 5 -0.0451694 -6.26754 0.45253 2.83461e-05 
7044.32 4707.32 341.17 5 -0.0442233 -6.26797 0.436224 1.83178e-05 
7122.35 4328.66 335.089 5 -0.0432773 -6.26837 0.419918 1.04222e-05 
7199.41 3949.96 329.084 5 -0.0595927 -6.26875 0.403612 4.18198e-06 
7275.54 3571.24 321.781 6.04413 -0.611683 -6.26896 0.387306 0.000303997 
7344.73 3192.5 270.45 40 -0.0899994 -3.63702 0.369 0 
7344.73 3192.5 270.45 40 -0.0899994 -3.63702 0.369 0 
7234.99 3110.12 254.789 40 1.10693 6.2709 -0.188388 -0.903525 
7123.12 3473.45 292.972 5 -1.33071 -6.18011 1.13739 -8.56338e-05 
7142.6 3276.57 224.021 40 -0.552725 -6.19408 0.187204 0.000475738 
7029 3079.16 187.544 40 -0.552725 -6.17938 0.187204 0.000547732 
6912.12 2882.41 151.066 40 -0.552725 -6.16003 0.187204 0.000700412 
6791.94 2686.53 114.589 40 -0.552725 -6.13141 0.18721 0.000997453 
6668.48 2491.93 78.1119 40 -0.552677 -6.08476 0.186377 0.00169436 
6541.74 2299.44 41.6369 40 -0.558223 -5.99543 0.281978 0.00395205 
6411.71 2110.97 4.91243 40 0.0788947 -5.76549 -0.095465 8.58675e-05 
6277.81 1932.83 0.00101478 40 0.0782209 -5.76764 -0.083852 0.00011039 
6143.47 1754.61 0.00101478 40 0.0775472 -5.76789 -0.0722398 0.000105218 
6009.13 1576.37 0.00101478 40 0.0768734 -5.76814 -0.0606275 9.97906e-05 
5874.79 1398.12 0.00101478 40 0.0761997 -5.7684 -0.0490153 9.44735e-05 
5740.45 1219.86 0.00101478 40 0.075526 -5.76866 -0.0374031 8.92934e-05 
5606.11 1041.58 0.00101478 40 0.0748523 -5.76895 -0.0257908 8.42537e-05 
5471.77 863.297 0.00101478 40 0.0741786 -5.76925 -0.0141786 7.93558e-05 
5337.43 684.997 0.00101478 40 0.0735049 -5.76956 -0.00256632 7.46003e-05 
5203.1 506.683 0.00101478 40 0.0728312 -5.76989 0.00904593 6.9988e-05 
5068.76 328.354 0.00101478 40 0.0721575 -5.77023 0.0206582 6.55197e-05 
4934.42 150.01 0.00101478 40 0.0714838 -5.77059 0.0322704 6.1196e-05 
4800.09 -28.3499 0.00101478 40 0.0708101 -5.77096 0.0438827 5.70176e-05 
4665.75 -206.727 0.00101478 40 0.0701364 -5.77135 0.0554949 5.29851e-05 
4531.41 -385.121 0.00101478 40 0.0694626 -5.77176 0.0671071 4.9099e-05 
4397.08 -563.534 0.00101478 40 0.0687889 -5.77218 0.0787194 4.536e-05 
4262.75 -741.966 0.00101478 40 0.0681152 -5.77261 0.0903316 4.17684e-05 
4128.41 -920.417 0.00101478 40 0.0674415 -5.77307 0.101944 3.83247e-05 
3994.08 -1098.89 0.00101478 40 0.0667678 -5.77354 0.113556 3.50295e-05 
3859.75 -1277.38 0.00101478 40 0.0660941 -5.77403 0.125168 3.18845e-05 
3725.42 -1455.9 0.00101478 40 0.0654204 -5.77453 0.136781 2.8898e-05 
3591.09 -1634.43 0.00101478 40 0.0647467 -5.77505 0.148393 2.49575e-05 
3456.76 -1812.99 0.00101478 40 0.064073 -5.77589 0.160005 -0.000234392 
3322.43 -1991.59 0.00101478 40 -0.0296758 -5.85405 0.171592 9.77666e-06 
3188.18 -2173.71 0.00101478 40 -0.162329 -5.85848 0.183204 -1.76984e-05 
3054.05 -2356.02 0.00104328 40 -0.209923 -5.87293 0.194816 6.68632e-06 
2919.96 -2538.99 0.00100891 40 -0.176971 -5.87779 0.206429 6.31425e-06 
2785.85 -2722.17 0.00101478 39.8984 -0.0677448 -5.88241 0.218041 0.000271669 
2652 -2905.56 0.00101633 39.4104 0.0704285 -5.73431 0.229653 0.00422159 
2519.79 -3082.29 12.6551 39.2275 0.0713254 -2.99598 0.241265 0.0275855 
2389.48 -3135.84 25.3629 39.0445 0.0722262 5.62581 0.252878 -0.00548186 
2261.28 -2801.53 38.1244 38.8614 0.0731105 6.11112 0.26449 -0.000393358 
2134.91 -2445.39 50.939 38.6786 0.073944 6.05702 0.276102 -9.33282e-05 
2010.35 -2091.68 63.8041 38.4979 0.0748826 6.11822 0.287714 -1.31856e-05 
1887.6 -1735.22 76.7246 38.3149 0.0767667 6.15112 0.299327 -7.35824e-06 
1766.68 -1377.28 89.7429 38.0981 0.0786103 6.17297 0.310939 -2.776e-06 
1647.71 -1018.36 102.86 37.8587 0.065965 6.1886 0.322551 -4.08907e-06 
1530.79 -658.735 115.425 38.0991 0.0299747 6.2002 0.334163 -9.70324e-07 
1414.18 -298.588 126.354 39.4778 0.176402 6.20919 0.345776 -3.55388e-07 
1293.45 61.9664 143.771 35.4178 0.980633 6.21596 0.357388 -5.99302e-05 
1188.2 422.814 197.659 5 0.0899998 1.75827 0.369 0 
1188.2 422.814 197.659 5 0.0899998 1.75827 0.369 0 
1219.52 579.194 206.145 5 -0.654019 -0.877999 1.15369 1.01195 
1252.26 609.588 179.074 26.0725 0.547922 4.40816 -0.176776 0.34742 
1200.77 892.669 207.829 5 0.111115 6.25205 0.473403 -0.00432701 
1233.22 1263.8 217.324 5 0.111115 6.24374 0.473404 -0.00336534 
1266.57 1634.54 226.818 5 0.111115 6.24018 0.473404 -0.00332124 
1300.83 2005.11 236.313 5 0.111115 6.23638 0.473404 -0.00320373 
1336.01 2375.49 245.807 5 0.111115 6.23277 0.473404 -0.00313413 
1372.09 2745.71 255.302 5 0.111115 6.22906 0.473404 -0.00310225 
1409.08 3115.74 264.796 5 0.111115 6.225 0.473404 -0.00310146 
1446.98 3485.59 274.291 5 0.111115 6.22036 0.473404 -0.00313275 
1485.78 3855.21 283.785 5 0.111115 6.21492 0.473404 -0.00320059 
1525.5 4224.57 293.28 5 0.111115 6.20838 0.473404 -0.00330864 
1566.12 4593.62 302.775 5 0.111115 6.20043 0.473404 -0.00345253 
1607.66 4962.28 312.269 5 0.111115 6.19068 0.473404 -0.00360377 
1650.1 5330.49 321.764 5 0.111115 6.17876 0.473404 -0.00370883 
1693.45 5698.12 331.258 5 0.111115 6.16448 0.473404 -0.00387788 
1737.71 6065.07 340.753 5 0.111115 6.14775 0.473404 -0.00449307 
1782.88 6431.22 350.247 5 0.111115 6.13246 0.473404 -0.00155407 
1828.96 6796.64 359.742 5 0.111115 6.16138 0.473405 0.0141935 
1875.94 7163.44 369.236 5 0.111115 6.27395 0.473405 -0.0486364 
1923.85 7535.62 378.731 5 0.111115 5.72702 0.473404 -0.230339 
1972.63 7881.67 388.226 5 0.111103 3.77536 0.473596 -0.349084 
2022.26 8134.44 397.719 5 0.112453 0.970837 0.450287 -0.364777 
2072.68 8253.19 407.278 5 -0.0526792 -2.00548 0.778623 -0.290173 
2124.07 8229.7 406.032 5 -0.0517373 -4.57143 0.762342 -0.135454 
2175.23 8083.59 402.433 5 -0.0507924 -6.06109 0.746038 -0.00236125 
2226 7866.29 398.878 5 -0.0498465 -6.28 0.729733 0.00955247 
2276.41 7638.52 395.369 5 -0.0489005 -6.16142 0.713427 -0.000264735 
2326.5 7416.42 391.905 5 -0.0479545 -6.14258 0.697121 -0.000728907 
2376.25 7195.23 388.487 5 -0.0470085 -6.15568 0.680815 -0.000279911 
2425.67 6973.4 385.113 5 -0.0460625 -6.17031 0.664509 -0.00013595 
2474.77 6750.88 381.785 5 -0.0451165 -6.18291 0.648203 -6.14714e-05 
2523.54 6527.76 378.502 5 -0.0441704 -6.19341 0.631897 5.47351e-06 
2572.01 6304.13 375.264 5 -0.0432244 -6.2021 0.615591 5.78219e-05 
2620.16 6080.09 372.071 5 -0.0422784 -6.2093 0.599285 9.14613e-05 
2668 5855.7 368.924 5 -0.0413324 -6.21535 0.582979 0.000108474 
2715.54 5631.03 365.822 5 -0.0403863 -6.22046 0.566673 0.00011278 
2762.78 5406.11 362.765 5 -0.0394403 -6.22484 0.550367 0.000108222 
2809.73 5180.98 359.753 5 -0.0384943 -6.22864 0.534061 9.80559e-05 
2856.39 4955.67 356.786 5 -0.0375483 -6.23198 0.517755 8.49848e-05 
2902.77 4730.2 353.865 5 -0.0366022 -6.23493 0.501449 7.07133e-05 
2948.86 4504.59 350.989 5 -0.0370079 -6.2376 0.485143 9.3314e-05 
2994.68 4278.85 348.093 5.04914 -0.0426693 -6.23574 0.468837 1.46364e-05 
3040.04 4053.2 344.923 5.32322 -0.0443485 -6.24212 0.452531 2.54125e-05 
3084.05 3827.25 341.652 5.6074 -0.0382416 -6.24513 0.436224 1.75808e-05 
3126.65 3601.15 338.651 5.61543 -0.0202167 -6.24773 0.419918 6.01266e-06 
3168.91 3374.93 336.511 5 -0.115961 -6.25172 0.403612 -1.68497e-06 
3213.42 3148.52 329.842 8.09174 -0.934065 -6.24976 0.387306 0.000398643 
3246.23 2922.21 283.84 40 -0.0899997 -4.81929 0.369 0 
3246.23 2922.21 283.84 40 -0.0899997 -4.81929 0.369 0 
3179.52 2806.1 287.262 38.9168 1.4 2.41119 -0.188388 0.167652 
3115.14 2932.37 340.69 5 0.359955 6.25906 -0.176775 -0.000365574 
3146.25 3187.55 361.076 5 0.359281 6.25846 -0.165163 -0.000361305 
3178.73 3442.71 381.439 5 0.358607 6.25774 -0.153551 -0.000348504 
3212.58 3697.85 401.78 5 0.357934 6.25697 -0.141938 -0.000335637 
3247.79 3952.97 422.098 5 0.35726 6.25614 -0.130326 -0.000323082 
3284.38 4208.05 442.393 5 0.356586 6.25525 -0.118714 -0.000310833 
3322.32 4463.11 462.666 5 0.355913 6.25429 -0.107102 -0.000298899 
3361.63 4718.13 482.916 5 0.355239 6.25325 -0.0954892 -0.000287294 
3402.29 4973.12 503.144 5 0.354565 6.25213 -0.0838769 -0.000276032 
3444.32 5228.07 523.349 5 0.353891 6.2509 -0.0722646 -0.000265134 
3487.7 5482.98 543.532 5 0.353218 6.24957 -0.0606523 -0.00025462 
3532.44 5737.85 563.692 5 0.352544 6.2481 -0.0490399 -0.000244517 
3578.54 5992.66 583.829 5 0.35187 6.24649 -0.0374275 -0.000234853 
3625.98 6247.42 603.944 5 0.351197 6.24471 -0.0258151 -0.000225669 
3674.78 6502.13 624.036 5 0.350523 6.24273 -0.0142025 -0.00021701 
3724.93 6756.76 644.106 5 0.349849 6.24051 -0.00258963 -0.000208936 
3776.43 7011.32 664.153 5 0.349175 6.23801 0.00902391 -0.000201523 
3829.27 7265.8 684.178 5 0.348501 6.23517 0.0206412 -0.000194874 
3883.46 7520.18 704.179 5 -0.267578 6.23192 0.843857 -0.000189561 
3939.4 7774.46 694.765 5 -0.266634 6.22817 0.827567 -0.000184868 
3994.71 8028.61 679.652 5 -0.265688 6.22377 0.811263 -0.000181532 
4049.01 8282.61 664.571 5 -0.264742 6.21857 0.794957 -0.000179946 
4102.29 8536.43 649.522 5 -0.263796 6.2123 0.778652 -0.000180714 
4154.56 8790.05 634.504 5 -0.26285 6.20461 0.762346 -0.000184799 
4205.83 9043.4 619.518 5 -0.261904 6.19495 0.74604 -0.000193835 
4256.08 9296.44 604.564 5 -0.260958 6.18245 0.729734 -0.000210789 
4305.33 9549.05 589.641 5 -0.260012 6.16565 0.713428 -0.000241505 
4353.57 9801.11 574.75 5 -0.259066 6.14186 0.697122 -0.000298401 
4400.82 10052.4 559.891 5 -0.25812 6.1057 0.680816 -0.000409242 
4447.06 10302.4 545.064 5 -0.257174 6.04435 0.66451 -0.000760084 
4492.31 10550.4 530.268 5 -0.256228 5.90716 0.648204 -0.00608555 
4536.56 10793.8 515.504 5 -0.255283 4.5785 0.631898 -0.0605684 
4579.78 10992.6 500.771 5 -0.25434 -1.29772 0.615591 -0.0313044 
4621.85 10994.5 486.071 5 -0.253396 -6.0012 0.599285 -0.000820506 
4662.81 10838.7 471.401 5 -0.25245 -5.97145 0.582979 2.35641e-06 
4702.78 10683.9 456.764 5 -0.251504 -6.07893 0.566673 -9.16104e-05 
4741.77 10525.5 442.158 5 -0.250558 -6.12569 0.550367 -3.33551e-05 
4779.78 10365.5 427.584 5 -0.249612 -6.15484 0.534061 -1.41083e-05 
4816.8 10204.5 413.042 5 -0.248666 -6.17468 0.517755 -1.01658e-05 
4852.85 10042.9 398.531 5 -0.24772 -6.1891 0.501449 -4.36791e-06 
4887.92 9880.81 384.053 5 -0.246774 -6.20005 0.485143 6.59219e-07 
4922.02 9718.34 369.605 5 -0.245828 -6.20865 0.468836 1.90437e-06 
4955.15 9555.58 355.19 5 -0.244882 -6.21557 0.45253 5.19404e-07 
4987.3 9392.59 340.806 5 -0.243936 -6.22127 0.436224 1.03609e-07 
5018.49 9229.41 326.454 5 -0.24299 -6.22525 0.419918 0.000971316 
5048.72 9066.09 312.134 5 -0.242042 -1.88847 0.403612 0.0250312 
5078.1 9048.15 297.846 5 -1.4 5.35492 0.372506 -6.52727e-05 
5107.49 9273.03 244.74 37.0977 -0.000774427 2.35374 0.369 0 
5107.49 9273.03 244.74 37.0977 -0.000774427 2.35374 0.369 0 
5050.56 9388.84 249.695 36.8077 1.4 -3.46191 -0.187805 -0.163228 
4993.65 9324.44 298.069 5.00056 0.0996941 -6.28 0.441313 0.000276046 
5019.46 9172.66 307.726 5.00129 -0.20866 -6.28 0.740168 0.000264646 
5046.05 9020.87 307.826 5.00129 -0.208527 -6.28 0.731367 0.000254124 
5072.65 8869.09 307.928 5.00129 -0.208462 -6.28 0.724674 0.000243764 
5099.26 8717.3 308.029 5.00129 -0.208419 -6.28 0.717732 0.000233571 
5125.87 8565.51 308.128 5.00129 -0.208346 -6.28 0.710545 0.000223548 
5152.49 8413.73 308.228 5.00129 -0.208249 -6.28 0.703123 0.0002137 
5179.12 8261.94 308.329 5.00129 -0.208131 -6.28 0.695477 0.00020403 
5205.75 8110.15 308.431 5.00129 -0.207994 -6.28 0.687619 0.000194542 
5232.39 7958.37 308.535 5.00129 -0.20784 -6.28 0.679561 0.00018524 
5259.03 7806.58 308.643 5.00129 -0.207666 -6.28 0.671313 0.000176127 
5285.68 7654.8 308.754 5.00129 -0.207466 -6.28 0.662887 0.000167207 
5312.34 7503.01 308.871 5.00129 -0.207236 -6.28 0.654295 0.000158484 
5339.01 7351.22 308.996 5.00129 -0.20697 -6.28 0.645549 0.000149962 
5365.68 7199.44 309.128 5.00129 -0.206662 -6.28 0.636659 0.000141643 
5392.36 7047.65 309.272 5.00129 -0.206311 -6.28 0.627636 0.000133531 
5419.05 6895.86 309.427 5.00129 -0.205918 -6.28 0.618493 0.00012563 
5445.75 6744.08 309.598 5.00129 -0.205488 -6.28 0.60924 0.000117944 
5472.46 6592.29 309.784 5.00129 -0.20503 -6.28 0.599888 0.000110474 
5499.18 6440.51 309.989 5.00129 -0.204553 -6.28 0.590451 0.000103225 
5525.91 6288.72 310.212 5.00129 -0.204068 -6.28 0.580941 9.61997e-05 
5552.65 6136.93 310.453 5.00129 -0.203584 -6.28 0.57137 8.94011e-05 
5579.42 5985.15 310.714 5.00129 -0.203108 -6.28 0.561752 8.28321e-05 
5606.19 5833.36 310.993 5.00129 -0.202644 -6.28 0.552102 7.64956e-05 
5632.99 5681.57 311.29 5.00129 -0.202195 -6.28 0.542434 7.03945e-05 
5659.8 5529.79 311.603 5.00129 -0.20176 -6.28 0.532765 6.45316e-05 
5686.63 5378 311.93 5.00129 -0.201339 -6.28 0.523112 5.89093e-05 
5713.48 5226.22 312.271 5.00129 -0.200931 -6.28 0.513492 5.35303e-05 
5740.35 5074.43 312.623 5.00129 -0.200533 -6.28 0.503926 4.8397e-05 
5767.24 4922.64 312.985 5.00129 -0.200145 -6.28 0.494434 4.35118e-05 
5794.16 4770.86 313.355 5.00129 -0.199765 -6.28 0.485038 3.88768e-05 
5821.1 4619.07 313.732 5.00129 -0.199393 -6.28 0.475762 3.44943e-05 
5848.06 4467.28 314.114 5.00129 -0.199029 -6.28 0.466632 3.03662e-05 
5875.05 4315.5 314.5 5.00129 -0.198672 -6.28 0.457675 2.64945e-05 
5902.05 4163.71 314.888 5.00129 -0.198323 -6.28 0.44892 2.28809e-05 
5929.09 4011.93 315.279 5.00129 -0.197984 -6.28 0.440399 1.95272e-05 
5956.14 3860.14 315.67 5.00129 -0.197655 -6.28 0.432145 1.64348e-05 
5983.22 3708.35 316.061 5.00129 -0.197339 -6.28 0.424194 1.36054e-05 
6010.33 3556.57 316.452 5.00129 -0.197037 -6.28 0.416582 1.10401e-05 
6037.46 3404.78 316.842 5.00129 -0.196752 -6.28 0.409349 8.74023e-06 
6064.61 3252.99 317.23 5.00129 -0.196486 -6.28 0.402535 6.70687e-06 
6091.79 3101.21 317.617 5.00129 -0.19624 -6.28 0.396182 4.94096e-06 
6118.99 2949.42 318.002 5.00129 -0.196018 -6.28 0.39033 3.44335e-06 
6146.21 2797.64 318.385 5.00129 -0.195822 -6.28 0.385023 2.21476e-06 
6173.46 2645.85 318.767 5.00129 -0.195655 -6.28 0.380298 1.25576e-06 
6200.73 2494.06 319.147 5.00129 -0.195499 -6.28 0.376027 5.66822e-07 
6228.03 2342.28 319.526 5.0013 -1.39151 -6.28 0.372543 0.000101058 
6256.09 2190.49 282.84 36.2174 -0.00132598 -3.33069 0.369 0 
6256.09 2190.49 282.84 36.2174 -0.00132598 -3.33069 0.369 0 
6242.91 2178.28 282.244 34.623 1.03174 -3.7983 -0.188388 -1.02859 
6230.44 2162.94 288.561 28.0148 1.4 -4.64563 -0.176775 -1.00718 
6221.53 2141.95 297.408 19.8201 1.35899 -5.48529 -0.165163 -0.935426 
6217.13 2115.34 306.07 13.1211 0.811578 -6.28 -0.153551 0.0012628 
6216.49 2083.43 311.148 9.49061 -0.14364 -6.28 -0.141938 0.00121749 
6217.99 2051.52 309.887 10.8667 -1.30938 -6.28 -0.0971675 0.00117011 
6218.9 2019.6 300.829 18.091 -1.4 -6.28 0.287037 0.00113355 
6215.83 1987.69 291.088 25.348 -0.650143 -6.28 0.42979 0.00110464 
6208.65 1955.78 286.276 27.5042 -0.2388 -6.28 -0.0954884 0.00107192 
6200.19 1923.88 284.187 27.632 -0.218143 -6.28 -0.083877 0.00103529 
6191.64 1891.97 282.235 27.6458 -0.17799 -6.28 -0.072265 0.000998611 
6183.05 1860.06 280.551 27.4517 -0.125698 -6.28 -0.0606528 0.000961836 
6174.53 1828.16 279.218 26.997 -0.074517 -6.28 -0.0490406 0.000924892 
6166.23 1796.25 278.231 26.2986 -0.0409194 -6.28 -0.0374283 0.000887696 
6158.29 1764.34 277.477 25.4566 -0.0401747 -6.28 -0.0258161 0.0008502 
6150.78 1732.44 276.736 24.644 -0.0811123 -6.28 -0.0142038 0.000812422 
6143.71 1700.53 275.731 25.0054 -0.161541 -6.28 -0.00259148 0.000774465 
6136.44 1668.62 274.185 25.7563 -0.2069 -6.28 0.00902084 0.000736885 
6128.76 1636.71 272.328 25.7673 -0.192834 -6.28 0.0206331 0.000699849 
6121.04 1604.8 270.564 25.7029 -0.166599 -6.28 0.0322454 0.000663093 
6113.33 1572.9 268.977 25.5047 -0.133062 -6.28 0.0438576 0.000626641 
6105.7 1540.99 267.616 25.1413 -0.100749 -6.28 0.0554698 0.000590508 
6098.24 1509.08 266.474 24.6261 -0.080095 -6.28 0.067082 0.000554712 
6091.04 1477.17 265.476 24.0251 -0.0806059 -6.28 0.0786942 0.000519289 
6084.14 1445.27 264.48 23.4493 -0.107549 -6.28 0.0903064 0.000484308 
6077.55 1413.36 263.311 23.0321 -0.159116 -6.28 0.101919 0.000449871 
6071.17 1381.45 261.803 22.8915 -0.225087 -6.28 0.113531 0.000416107 
6064.85 1349.54 259.855 23.0887 -0.28785 -6.28 0.125143 0.00038316 
6058.42 1317.63 257.486 23.5928 -0.326065 -6.28 0.136755 0.000351166 
6051.68 1285.72 254.856 24.2658 -0.320517 -6.28 0.148368 0.000320231 
6044.55 1253.81 252.257 24.8778 -0.260871 -6.28 0.15998 0.000290425 
6037.05 1221.91 250.049 25.1567 -0.151407 -6.28 0.171592 0.000261775 
6029.35 1190 248.569 24.864 -0.0135838 -6.28 0.183204 0.000234281 
6021.78 1158.09 248.012 23.8806 0.116224 -6.28 0.194817 0.00020794 
6014.7 1126.18 248.332 22.2772 0.194389 -6.28 0.206429 0.000182767 
6008.48 1094.27 249.192 20.3431 0.182105 -6.28 0.218041 0.000158819 
6003.3 1062.36 249.99 18.5531 0.059172 -6.28 0.229653 0.000136198 
5999.11 1030.45 250.496 18.3952 -0.164426 -6.28 0.241266 0.000115038 
5995.04 998.543 249.935 19.3764 -0.384676 -6.28 0.252878 9.55325e-05 
5990.47 966.633 247.894 21.4303 -0.52955 -6.28 0.26449 7.7779e-05 
5984.79 934.723 244.863 24.1274 -0.531797 -6.28 0.276102 6.18286e-05 
5977.62 902.815 241.788 26.715 -0.351865 -6.28 0.287715 4.76906e-05 
5969.01 870.908 239.887 28.2728 0.00189482 -6.28 0.299327 3.53514e-05 
5959.49 839.002 240.332 27.9624 0.462972 -6.28 0.310939 2.47994e-05 
5950.08 807.095 243.858 25.3201 0.912367 -6.28 0.322551 1.60469e-05 
5942.08 775.187 250.412 20.5066 1.20268 -6.28 0.334164 9.13659e-06 
5936.69 743.278 258.957 14.4245 1.19785 -6.28 0.345776 4.12913e-06 
5934.68 711.366 267.534 8.6281 0.819951 -6.28 0.357388 0.000339432 
5935.93 679.451 273.65 5.00001 0.0899996 -6.01303 0.369 0 
5935.93 679.451 273.65 5.00001 0.0899996 -6.01303 0.369 0 
5958.98 492.612 276.638 5 -0.735111 -6.26882 1.15369 0.00985088 
5982.98 294.891 244.525 26.5462 -0.171121 -6.22895 -0.176776 0.0246357 
5930.32 98.9251 234.935 26.3632 -0.170227 -6.127 -0.165163 -0.0076803 
5877.47 -92.7044 225.396 26.1802 -0.169334 -6.16983 -0.153551 0.000219325 
5824.42 -286.156 215.908 25.9972 -0.16844 -6.17663 -0.141939 0.00386729 
5771.19 -479.898 206.47 25.8143 -0.167546 -6.16638 -0.130327 0.004186 
5717.78 -673.204 197.082 25.6313 -0.166653 -6.15418 -0.118714 0.0042256 
5664.19 -865.992 187.745 25.4483 -0.165759 -6.14126 -0.107102 0.00435884 
5610.43 -1058.23 178.459 25.2654 -0.164866 -6.12683 -0.0954898 0.00460788 
5556.5 -1249.86 169.223 25.0824 -0.163972 -6.10913 -0.0838775 0.00658004 
5502.41 -1440.73 160.037 24.8994 -0.163079 -6.07869 -0.0722653 0.0114439 
5448.16 -1630.31 150.902 24.7164 -0.162185 -6.03113 -0.060653 0.00347652 
5393.75 -1817.86 141.818 24.5335 -0.161292 -6.05356 -0.0490408 -0.0199921 
5339.19 -2006.37 132.784 24.3505 -0.160399 -6.1695 -0.0374285 0.120754 
5284.48 -2199.81 123.8 24.1675 -0.159505 -5.42386 -0.0258163 0.324829 
5229.65 -2361.54 114.867 23.9846 -0.15861 -3.53178 -0.0142041 0.432389 
5174.75 -2442.77 105.984 23.8016 -0.157715 -1.02831 -0.0025918 0.452018 
5119.8 -2417.49 97.1523 23.6186 -0.15682 1.63112 0.00902044 0.39274 
5064.81 -2279.08 88.3709 23.4357 -0.155925 4.04008 0.0206327 0.237797 
5009.78 -2038.19 79.64 23.2527 -0.15503 5.64307 0.0322449 0.0523065 
4954.68 -1729.1 70.9596 23.0697 -0.154138 6.0982 0.0438572 -0.0082504 
4899.47 -1400.65 62.3297 22.8867 -0.153257 6.06239 0.0554694 -0.00118336 
4844.16 -1073.73 53.7497 22.7042 -0.152364 6.05851 0.0670817 0.00165057 
4788.73 -746.965 45.2202 22.5215 -0.151307 6.08323 0.0786939 0.0012126 
4733.2 -419.154 36.7481 22.3335 -0.150132 6.10743 0.0903062 0.000633603 
4677.59 -90.3145 28.3388 22.1378 -0.151005 6.12708 0.101918 0.000234418 
4621.93 239.361 19.9057 22.0028 -0.15693 6.14285 0.113531 -3.09455e-05 
4566.01 569.707 11.2298 22.0751 -0.143184 6.15567 0.125143 -0.000197601 
4509.1 900.599 3.13374 21.6607 -0.02718 6.16636 0.136755 -0.000685803 
4452.81 1231.94 0.00104756 21.4399 -0.0102176 6.17029 0.148367 -0.000895449 
4397 1563.46 0.00102945 21.2569 -0.00932435 6.1703 0.15998 -0.000831764 
4341.81 1894.97 0.00102945 21.0739 -0.00843086 6.17007 0.171592 -0.000285298 
4287.24 2226.47 0.194106 20.891 -0.00753596 6.17818 0.183204 -0.000283314 
4233.31 2558.32 2.35213 20.708 -0.00664222 6.18577 0.194816 -0.000314139 
4180.19 2890.48 4.56067 20.525 -0.00574864 6.19203 0.206429 -0.00031091 
4127.87 3222.92 6.81971 20.342 -0.00485515 6.19748 0.218041 -0.000293525 
4076.38 3555.58 9.12924 20.1591 -0.00396166 6.20231 0.229653 -0.000269429 
4025.7 3888.46 11.4892 19.9761 -0.00306743 6.20662 0.241265 -0.000240839 
3975.85 4221.51 13.8998 19.7931 -0.00217216 6.21048 0.252878 -0.000209603 
3926.83 4554.73 16.3609 19.6101 -0.0012855 6.21395 0.26449 -0.000177382 
3878.64 4888.09 18.8722 19.4273 -0.00042746 6.21709 0.276102 -0.000145514 
3831.29 5221.59 21.4325 19.2456 0.000500758 6.21995 0.287714 -0.000115079 
3784.77 5555.21 24.0446 19.0624 0.00193936 6.22256 0.299327 -8.69879e-05 
3739.1 5888.94 26.7304 18.8616 0.003268 6.22495 0.310939 -6.20588e-05 
3694.34 6222.77 29.4865 18.6517 -0.0025953 6.22714 0.322551 -4.07565e-05 
3650.54 6556.69 32.0074 18.668 -0.0189778 6.22913 0.334163 -2.27433e-05 
3606.91 6890.7 33.8303 19.1881 0.0457951 6.23108 0.345776 -8.45306e-06 
3561.61 7224.79 38.3733 17.4459 0.390745 6.22641 0.357388 -0.000409802 
3522.34 7558.68 57.71 5 0.0899997 5.03875 0.369 0 
3522.34 7558.68 57.71 5 0.0899997 5.03875 0.369 0 
3557.96 7998.28 61.6699 6.77988 -0.518651 0.988247 1.15369 -0.937426 
3585.3 8170.94 25.3281 27.8715 -0.193116 -6.16639 -0.176776 0.0401548 
3495.65 7872.15 8.21311 27.4521 -0.0321816 -5.85137 -0.165163 0.0239878 
3405.76 7594.12 1.74889 27.2691 -0.0312852 -5.66252 -0.153551 -0.00783649 
3315.99 7328.54 0.00101374 27.0861 -0.030392 -5.74037 -0.141939 3.19398e-05 
3226.95 7057.83 0.00101374 26.9032 -0.0294986 -5.75111 -0.130327 0.00142382 
3138.88 6786.41 0.00101374 26.7202 -0.0286051 -5.7493 -0.118714 0.00125806 
3051.77 6515.1 0.00101374 26.5372 -0.0277116 -5.74866 -0.107102 0.00117219 
2965.62 6243.84 0.00101374 26.3543 -0.0268181 -5.74849 -0.0954898 0.00113472 
2880.44 5972.59 0.00101374 26.1713 -0.0259246 -5.74834 -0.0838775 0.00109683 
2796.23 5701.35 0.00101374 25.9883 -0.0250311 -5.74821 -0.0722653 0.00105732 
2712.98 5430.12 0.00101374 25.8053 -0.0241376 -5.74811 -0.060653 0.00101762 
2630.69 5158.89 0.00101374 25.6224 -0.0232441 -5.74805 -0.0490408 0.000977866 
2549.38 4887.66 0.00101374 25.4394 -0.0223506 -5.74802 -0.0374286 0.000938057 
2469.02 4616.44 0.00101374 25.2564 -0.0214571 -5.74802 -0.0258163 0.000898229 
2389.63 4345.21 0.00101374 25.0735 -0.0205636 -5.74806 -0.0142041 0.000858426 
2311.21 4073.99 0.00101374 24.8905 -0.0196701 -5.74813 -0.00259182 0.000818695 
2233.75 3802.75 0.00101374 24.7075 -0.0187766 -5.74824 0.00902042 0.000779086 
2157.26 3531.51 0.00101374 24.5245 -0.0178831 -5.74838 0.0206327 0.000739653 
2081.73 3260.26 0.00101374 24.3416 -0.0169896 -5.74855 0.0322449 0.000700453 
2007.16 2989 0.00101374 24.1586 -0.0160961 -5.74876 0.0438572 0.000661549 
1933.57 2717.72 0.00101374 23.9756 -0.0152026 -5.749 0.0554694 0.000623006 
1860.93 2446.42 0.00101374 23.7927 -0.0143091 -5.74928 0.0670816 0.000584893 
1789.26 2175.11 0.00101374 23.6097 -0.0134156 -5.74959 0.0786939 0.000547281 
1718.56 1903.77 0.00101374 23.4267 -0.0125221 -5.74994 0.0903061 0.000510246 
1648.82 1632.42 0.00101374 23.2437 -0.0116286 -5.75033 0.101918 0.000473867 
1580.05 1361.03 0.00101374 23.0608 -0.0107351 -5.75075 0.113531 0.000438223 
1512.24 1089.62 0.00101374 22.8778 -0.0098416 -5.75121 0.125143 0.000403397 
1445.4 818.171 0.00101374 22.6948 -0.0089481 -5.75171 0.136755 0.000369474 
1379.52 546.693 0.00101374 22.5119 -0.0080546 -5.75224 0.148367 0.000336539 
1314.61 275.178 0.00101374 22.3289 -0.00716111 -5.75281 0.15998 0.000304676 
1250.66 3.62527 0.00101374 22.1459 -0.00626761 -5.75343 0.171592 0.000273969 
1187.68 -267.969 0.00101374 21.9629 -0.00537411 -5.75408 0.183204 0.000244504 
1125.66 -539.607 0.00101374 21.78 -0.00448061 -5.75478 0.194816 0.0002165 
1064.61 -811.291 0.00101374 21.597 -0.00358711 -5.75551 0.206429 0.00019423 
1004.52 -1083.03 0.00101374 21.414 -0.00269362 -5.75605 0.218041 0.00029886 
945.396 -1354.79 0.00101374 21.2311 -0.00180017 -5.74851 0.229653 0.00389201 
887.239 -1626.07 0.00101374 21.0481 -0.000906537 -5.47867 0.241265 0.0705484 
830.061 -1879.56 0.00101374 20.8651 -1.12113e-05 -2.16794 0.252878 0.131961 
774.022 -1914.85 2.94618 20.6821 0.000885341 2.01576 0.26449 0.098795 
719.556 -1674.42 7.53607 20.4992 0.00177956 5.98538 0.276102 0.00355464 
666.87 -1172.37 12.2042 20.3163 0.00266893 6.10374 0.287714 0.000203643 
615.772 -662.511 16.9503 20.1335 0.00360088 6.15931 0.299327 1.99691e-05 
566.266 -148.994 21.7772 19.9488 0.00468584 6.18728 0.310939 -3.5528e-07 
518.374 366.365 26.695 19.7552 0.00464254 6.20476 0.322551 -1.24818e-05 
472.155 882.876 31.6305 19.6131 -0.00195615 6.2167 0.334163 -1.54244e-05 
427.346 1400.17 36.146 19.8292 0.0175734 6.22537 0.345776 -6.26971e-06 
381.968 1918.04 41.9259 18.9394 0.284777 6.23111 0.357388 -0.000327626 
341.7 2436.28 65.41 5 0.0899998 4.09335 0.369 0 
341.7 2436.28 65.41 5 0.0899998 4.09335 0.369 0 
382.874 2784.42 76.7741 5 -0.54781 0.334222 1.15369 0.821662 
426.069 2898.95 48.5017 27.0512 0.433332 6.24814 -0.176775 -0.00167101 
355.012 3381.08 79.0056 5 0.120146 6.25662 0.437954 -0.00311231 
397.948 3863.65 92.243 5 0.120146 6.25229 0.437954 -0.00268973 
442.532 4345.95 105.48 5 0.120146 6.25045 0.437954 -0.00263236 
488.764 4828.14 118.718 5 0.120146 6.24852 0.437954 -0.00258427 
536.645 5310.21 131.955 5 0.120146 6.24639 0.437954 -0.00253816 
586.173 5792.15 145.193 5 0.120146 6.24401 0.437954 -0.00249474 
637.35 6273.94 158.43 5 0.120146 6.24133 0.437954 -0.00245561 
690.174 6755.56 171.668 5 0.120146 6.23829 0.437954 -0.00242319 
744.647 7236.99 184.905 5 0.120146 6.23478 0.437954 -0.00240121 
800.768 7718.21 198.143 5 0.120146 6.23066 0.437954 -0.00239519 
858.536 8199.16 211.38 5 0.120146 6.22575 0.437954 -0.00241243 
917.953 8679.82 224.617 5 0.120146 6.21978 0.437954 -0.00246079 
979.018 9160.1 237.855 5 0.120146 6.21239 0.437954 -0.00254498 
1041.73 9639.92 251.092 5 0.120145 6.20308 0.437954 -0.00265734 
1106.09 10119.2 264.33 5 0.120145 6.19123 0.437954 -0.00276086 
1172.1 10597.7 277.567 5 0.120145 6.17618 0.437954 -0.00286096 
1239.75 11075.2 290.805 5 0.120145 6.15742 0.437954 -0.00334748 
1309.06 11551.7 304.042 5 0.120145 6.13872 0.437954 -0.000789093 
1380.01 12026.9 317.279 5 0.120145 6.1801 0.437954 0.0110428 
1452.61 12504.7 330.517 5 0.120145 6.22232 0.437954 -0.114825 
1526.86 12985.2 343.754 5 0.120145 4.54499 0.437954 -0.306388 
1602.67 13361.4 356.992 5 0.120143 0.885855 0.437955 -0.330743 
1679.96 13510.2 370.229 5 0.120141 -3.09642 0.437954 -0.188447 
1758.69 13411.5 383.466 5 0.120132 -5.82227 0.438076 -0.00786077 
1838.94 13143.4 396.703 5 0.121245 -6.28 0.418886 0.00671999 
1920.81 12846.9 410.008 5 -0.0558707 -6.15382 0.7134 -0.000694139 
2004.57 12558.3 411.202 5 -0.0549275 -6.15295 0.697118 -0.000298117 
2088.47 12269.6 405.994 5 -0.0539817 -6.17107 0.680814 -7.04612e-05 
2171.72 11979.9 400.844 5 -0.0530358 -6.18651 0.664509 -1.19149e-05 
2254.33 11689.2 395.753 5 -0.0520898 -6.19883 0.648203 4.41411e-05 
2336.3 11397.7 390.721 5 -0.0511438 -6.20864 0.631897 9.06699e-05 
2417.65 11105.7 385.747 5 -0.0501978 -6.21651 0.615591 0.000119619 
2498.37 10813.1 380.832 5 -0.0492518 -6.22292 0.599285 0.000132413 
2578.48 10520.1 375.976 5 -0.0483057 -6.22821 0.582979 0.000133173 
2657.98 10226.8 371.179 5 -0.0473597 -6.23263 0.566673 0.000125933 
2736.89 9933.27 366.441 5 -0.0464137 -6.23638 0.550367 0.000113874 
2815.2 9639.47 361.761 5 -0.0454677 -6.23961 0.534061 9.92719e-05 
2892.93 9345.46 357.141 5 -0.0445216 -6.24242 0.517755 8.3671e-05 
2970.09 9051.29 352.579 5 -0.0435756 -6.2449 0.501449 6.80897e-05 
3046.67 8756.96 348.076 5 -0.0426296 -6.24712 0.485143 5.32147e-05 
3122.69 8462.49 343.631 5 -0.0416835 -6.24914 0.468836 3.96233e-05 
3198.16 8167.9 339.246 5 -0.0411467 -6.251 0.45253 3.19017e-05 
3273.08 7873.19 334.893 5.01935 -0.0437136 -6.25127 0.436224 1.51106e-05 
3347.37 7578.46 330.38 5.19695 -0.0363668 -6.25445 0.419918 8.08854e-06 
3420.2 7283.54 326.305 5 -0.0763541 -6.2577 0.403612 1.97358e-06 
3493.55 6988.42 319.765 6.81813 -0.754345 -6.25656 0.387306 0.000332226 
3557.88 6693.37 270.91 40 -0.0899996 -4.28162 0.369 0 
3557.88 6693.37 270.91 40 -0.0899996 -4.28162 0.369 0 
3504.28 6637.17 264.03 32.8536 1.4 -0.0157712 -0.188388 0.169584 
3462.57 6676.25 290.685 10.6408 -0.520728 2.20558 -0.176774 -0.867831 
3462.71 6764.9 275.236 24.2875 -1.34428 -3.02166 1.12108 -0.293475 
3438 6736.82 240.904 40 -0.484465 -6.11567 -0.0807672 0.00226983 
3383.21 6639.66 225.214 40 -0.484465 -6.06287 -0.0807673 0.00143585 
3327.71 6543.68 209.523 40 -0.484465 -6.04068 -0.0807675 0.00129227 
3271.5 6448.2 193.833 40 -0.484465 -6.02059 -0.0807669 0.00137578 
3214.6 6353.17 178.143 40 -0.484462 -5.99904 -0.0808075 0.00187842 
3156.99 6258.61 162.452 40 -0.484595 -5.96512 -0.0785273 0.00364922 
3098.69 6164.82 146.759 40 -0.477116 -5.8884 -0.079764 -0.00346941 
3039.68 6072.73 131.233 39.8741 -0.473959 -6.07163 -0.0722653 0.00456773 
2980.19 5976.56 115.782 39.7056 -0.47251 -6.04813 -0.060653 -0.00851013 
2920.32 5880.91 100.369 39.5254 -0.46803 -5.92235 -0.0490408 -0.0201472 
2860.07 5788.06 85.0629 39.284 -0.463042 -6.07633 -0.0374285 -0.0184767 
2799.57 5691.78 69.8766 38.9814 -0.470541 -6.28 -0.0258163 0.0256751 
2738.93 5590.95 54.5338 38.8389 -0.503115 -5.46382 -0.014204 0.0876059 
2677.89 5508.35 38.4685 39.2592 -0.526247 -3.31707 -0.00259179 0.120564 
2615.43 5473.7 21.8715 40 -0.421103 -0.378909 0.00902045 0.0626747 
2550.9 5504.67 7.59634 39.2377 -0.123253 1.6168 0.0206327 0.0383575 
2487 5580.21 0.00105196 38.2883 0.0442047 2.9902 0.0322449 0.0157033 
2424.41 5686.43 0.00103398 38.1053 0.0450992 3.62029 0.0438572 0.00339804 
2362.16 5806.72 0.00103398 37.9223 0.0459926 3.77214 0.0554694 -0.000194071 
2300.24 5930.41 0.00103398 37.7394 0.0468859 3.76789 0.0670817 -0.000346284 
2238.64 6053.99 0.00103398 37.5564 0.0477794 3.75532 0.0786939 -3.03758e-05 
2177.37 6177.3 0.00103398 37.3734 0.0486729 3.75844 0.0903062 3.92757e-05 
2116.43 6300.67 0.00103398 37.1904 0.0495664 3.76551 0.101918 -1.17021e-05 
2055.82 6424.21 0.00103398 37.0075 0.05046 3.76954 0.113531 -4.50136e-05 
1995.53 6547.83 0.00103398 36.8245 0.0513535 3.77119 0.125143 -4.50081e-05 
1935.57 6671.49 0.00103398 36.6415 0.0522465 3.77255 0.136755 -3.52535e-05 
1875.94 6795.18 0.00103398 36.4586 0.0531396 3.77438 0.148367 -2.82414e-05 
1816.63 6918.91 0.00103398 36.2756 0.054034 3.77654 0.15998 -2.43234e-05 
1757.65 7042.69 0.00103398 36.0926 0.0549314 3.77882 0.171592 -2.13159e-05 
1699 7166.52 0.00103398 35.9096 0.0558277 3.78115 0.183204 -1.8347e-05 
1640.68 7290.4 0.00103398 35.7265 0.056709 3.78355 0.194816 -1.5489e-05 
1582.68 7414.33 0.00103398 35.5437 0.057568 3.78606 0.206429 -1.2915e-05 
1525.01 7538.32 0.00103398 35.3614 0.0584523 3.78866 0.218041 -1.06634e-05 
1467.67 7662.37 0.00103398 35.1791 0.0594819 3.79137 0.229653 -8.70724e-06 
1410.65 7786.48 0.00103398 34.9945 0.060665 3.79417 0.241265 -7.02422e-06 
1353.96 7910.65 0.00103398 34.8052 0.0614851 3.79705 0.252878 -5.61782e-06 
1297.61 8034.88 0.00103398 34.618 0.0609624 3.8 0.26449 -4.54298e-06 
1241.6 8159.18 0.00103398 34.4555 0.0595917 3.80296 0.276102 -3.9969e-06 
1185.87 8283.55 0.00103398 34.3285 0.0626162 3.80572 0.287714 -4.56615e-06 
1130.37 8407.97 0.00103398 34.1572 0.0774297 3.80747 0.299327 -7.78294e-06 
1075.18 8532.44 0.00103398 33.7476 0.0943358 3.80522 0.310939 -1.7089e-05 
1020.71 8656.85 0.00103398 33.0989 0.0628739 3.78776 0.322551 -3.84582e-05 
967.408 8780.88 0.00103398 33.0678 -0.066275 3.71466 0.334163 -7.62327e-05 
914.223 8903.27 0.00103398 35.2244 -0.159866 3.44841 0.345776 -0.000112462 
857.215 9019.72 0.00101869 38.6459 0.244041 2.60295 0.357388 -3.01495e-05 
793.888 9117.29 0.630355 29.8274 1.4 1.73958 0.369 0 
