grtopS_102_2
50
2 2
12 12 
0 6 7 2 9 5 8 1 4 10 3 11 
0 6 7 2 9 5 8 1 4 10 3 11 
1079.85 59.2872 60.5211 108.367 86.3266 80.3942 64.4239 258.413 65.0411 138.668 112.509 
101848 54.7108 68.0764 34.9238 0 22.9191 5.18785e-10 2.26081 24.8293 0 100.354 
22.0378 1.20994 1.23512 2.21157 1.76177 1.6407 1.31477 5.27374 1.32737 2.82995 2.2961 
2078.52 1.11655 1.38931 0.712731 0 0.467737 1.05874e-11 0.0461389 0.506719 0 2.04803 
1.99251e-13 0.321706 0.00769593 0.963056 9.92185e-08 0.413989 1.11392e-08 90.2469 0 1.45799e-08 1.83662 
1.45493e-06 1.4431e-06 1.45469e-06 1.44746e-06 9.30273 1.4406e-06 2.41106 0.0661522 0.287566 11.1712 1.8905 
123.1 661.41 509.46 28.3704 0.705744 0 0.0621017 0 
123.1 661.41 509.46 28.3704 0.705744 1.2352e-12 0.0637375 -0.0282308 
123.1 661.41 509.46 28.3531 0.858473 -0.215054 0.0569408 0.038528 
20.7613 599.187 581.894 5 1.07437 -0.0668086 0.142236 0.0687984 
28.8759 57.6967 423.262 20.07 0.809434 0.106708 0.0914147 0.0222394 
32.165 -123.579 353.962 28.8866 0.69056 0.17751 0.0602814 -0.0018391 
30.9662 -108.763 354.115 28.3542 0.697724 0.17794 0.0621524 -0.000386183 
30.0564 -105.782 350.067 28.3525 0.697461 0.182626 0.0621607 -0.000398173 
29.1462 -102.723 345.87 28.3632 0.697082 0.187469 0.0621293 -0.000431694 
28.229 -99.3308 341.646 28.3644 0.697387 0.192418 0.0620979 -0.000418352 
27.3394 -96.0417 337.584 28.2736 0.69792 0.197179 0.0624363 -0.000209422 
26.4774 -94.4919 332.478 28.3503 0.696661 0.203024 0.0621649 -0.000430603 
25.5839 -91.1446 327.87 28.3424 0.696556 0.208382 0.062192 -0.000418994 
24.701 -87.8888 323.097 28.3359 0.696441 0.213928 0.0622107 -0.000412948 
23.8277 -84.6945 318.177 28.3264 0.696145 0.219629 0.0622522 -0.000409978 
22.9571 -81.5389 312.982 28.352 0.695721 0.225635 0.0621546 -0.000481484 
22.0819 -77.7829 307.949 28.3189 0.69592 0.231499 0.0622703 -0.000402535 
21.2247 -74.6629 302.538 28.3143 0.69573 0.237775 0.0622847 -0.000402968 
20.3731 -71.5418 296.972 28.3072 0.695548 0.244229 0.0623095 -0.000397286 
19.526 -68.4672 291.216 28.3032 0.695344 0.250899 0.0623219 -0.00039834 
18.6822 -65.3763 285.307 28.2941 0.695217 0.257756 0.0623506 -0.000386272 
17.8456 -62.3869 279.208 28.2823 0.695012 0.264824 0.0623941 -0.000371782 
17.0122 -59.5128 272.841 28.2877 0.694652 0.272199 0.0623779 -0.000396175 
16.1804 -56.4008 266.382 28.2779 0.694951 0.279729 0.0623868 -0.000356078 
15.3735 -53.5755 259.923 28.1928 0.695269 0.287282 0.0627062 -0.000172255 
14.6023 -52.307 252.4 28.2705 0.693946 0.295931 0.0624271 -0.000399042 
13.8021 -49.1975 245.358 28.2492 0.693814 0.304112 0.0625043 -0.000363236 
13.0153 -46.3926 237.949 28.255 0.69341 0.31269 0.0624815 -0.000351085 
12.2286 -43.3257 230.43 28.2424 0.693254 0.321746 0.0625229 -0.000492304 
11.6091 -40.4078 222.657 28.2262 0.693127 0.329874 0.062578 -0.000232871 
10.5749 -37.7101 214.592 28.2203 0.692783 0.340099 0.0625976 -0.000387765 
9.96303 -34.9723 206.279 28.211 0.69252 0.349471 0.0626283 -0.000347505 
9.23086 -32.2823 197.708 28.2026 0.692222 0.3594 0.0626565 -0.000344587 
8.5019 -29.6137 188.875 28.1937 0.691915 0.369635 0.0626858 -0.000340927 
7.7767 -26.9684 179.769 28.1848 0.691606 0.38019 0.0627152 -0.000335073 
7.05753 -24.3484 170.388 28.1741 0.691284 0.391083 0.0627514 -0.0003392 
6.35376 -21.7768 160.702 28.1667 0.690919 0.402251 0.0627756 -0.000328116 
5.62775 -19.1816 150.735 28.1571 0.690563 0.413851 0.0628075 -0.00033519 
4.93068 -16.6035 140.462 28.1474 0.690188 0.425734 0.0628396 -0.000332363 
4.22891 -14.036 129.872 28.1389 0.68975 0.437997 0.0628701 -0.000336666 
3.52774 -11.4331 118.952 28.1351 0.689359 0.450643 0.0628771 -0.000346011 
2.82815 -8.73462 107.792 28.1102 0.689097 0.463589 0.0629633 -0.000312722 
2.14118 -6.34844 96.1514 28.1087 0.688386 0.477038 0.0629711 -0.000350353 
1.44085 -3.69857 84.1509 28.1252 0.6874 0.490877 0.0629385 -0.000415667 
0.714565 -0.372189 71.9168 28.1438 0.688449 0.505157 0.0624504 -0.000702758 
0.0431587 2.84065 60.4478 27.8243 0.66002 0.516251 0.0649501 -0.00639049 
-1.6674 12.2225 30.8829 33.1088 0.596477 0.511056 0.0463819 0.00156556 
-22.1392 136.013 46.6154 31.8883 0.644183 0.626897 0.0504445 0.0437957 
21.1828 219.986 67.6047 25.8547 0.834883 1.01907 0.0557731 -0.0102833 
262.692 125.42 93.1 5 0.0899999 0.817917 0.0611017 0 
262.692 125.42 93.1 5 0.0899999 0.817917 0.0611017 0 
272.058 161.783 95.2634 5 -1.35657 0.497917 1.15369 -1.02859 
281.922 193.307 75.5878 20.2437 -0.313705 -0.680839 0.231948 -1.00718 
272.422 206.479 71.2876 23.2546 0.783104 -1.84247 -0.165163 -0.985775 
258.804 202.054 83.4731 13.6485 0.781343 -2.98696 -0.153551 -0.964366 
257.162 180.342 95.8645 5 0.052795 -4.11429 0.702332 -0.942957 
266.563 141.602 97.4662 5 0.0527944 -5.22441 0.702333 0.695111 
275.999 86.1019 99.0678 5 0.0527946 -4.79252 0.702333 0.900141 
285.49 37.1224 100.67 5 0.0527952 -3.72162 0.702333 0.878734 
295.041 4.3103 102.271 5 0.0527957 -2.66794 0.702333 0.857325 
304.653 -12.0342 103.873 5 0.0527963 -1.63148 0.702333 0.704247 
314.327 -12.7534 105.475 5 0.0527968 -0.740216 0.702332 -0.624194 
324.059 -0.554999 107.076 5 0.0527963 -1.52598 0.702333 -0.00629696 
333.831 -0.219336 108.678 5 0.0527963 -1.55175 0.702333 0.00107452 
343.651 -0.272667 110.28 5 0.0527963 -1.54937 0.702333 0.00289507 
353.519 -0.290163 111.882 5 0.0527963 -1.54621 0.702333 0.000567195 
363.436 -0.259868 113.483 5 0.0527963 -1.55175 0.702333 0.00333738 
373.401 -0.313288 115.085 5 0.0527963 -1.54778 0.702333 0.000196211 
383.414 -0.306723 116.687 5 0.0527963 -1.54839 0.702333 0.000665431 
393.476 -0.309277 118.288 5 0.0527963 -1.54874 0.702333 0.000270865 
403.587 -0.317125 119.89 5 0.0527963 -1.54859 0.702333 -1.25816e-05 
413.746 -0.322836 121.492 5 0.0527963 -1.54866 0.702333 1.02204e-05 
423.953 -0.329468 123.093 5 0.0527963 -1.54869 0.702333 0.000564806 
434.209 -0.336639 124.695 5 0.0527963 -1.54848 0.702333 9.48615e-05 
444.513 -0.340592 126.297 5 0.0527963 -1.54854 0.702333 0.000260524 
454.866 -0.345427 127.899 5 0.0527964 -1.54879 0.702331 0.000198713 
465.267 -0.354158 129.5 5 0.0527924 -1.54842 0.702401 0.0252481 
475.716 -0.357172 131.102 5 0.0529458 -1.40698 0.699757 0.0206034 
486.216 1.77505 132.706 5 0.0471363 -1.42951 0.694737 -0.450571 
496.766 4.21062 134.222 5.07007 0.0301095 -2.12712 0.697122 -0.429163 
507.273 -3.88566 135.48 5.32723 0.0287868 -2.80729 0.680816 -0.407755 
517.5 -22.8177 136.711 5.58513 0.0274971 -3.47001 0.66451 0.264657 
527.445 -51.8306 137.917 5.84335 0.0263477 -2.95476 0.648204 0.364939 
537.12 -73.0646 139.099 6.10023 0.0253794 -2.32936 0.631898 0.343531 
546.528 -84.8566 140.26 6.35382 0.0243986 -1.72145 0.615592 0.322122 
555.671 -87.4706 141.4 6.60461 0.0229362 -1.13103 0.599286 0.300714 
564.554 -81.1709 142.512 6.85839 0.0205984 -0.558124 0.58298 0.279306 
573.171 -66.2216 143.583 7.12492 0.0178292 -0.00273166 0.566673 0.257898 
581.505 -42.8873 144.605 7.40791 0.01646 0.535132 0.550367 0.23649 
589.535 -11.4326 145.6 7.68965 0.0188197 1.05546 0.534061 0.215082 
597.259 27.8778 146.624 7.92745 0.0246634 1.55823 0.517755 0.193673 
604.731 74.7789 147.73 8.08559 0.0276435 2.04344 0.501449 0.172265 
612.05 129.447 148.877 8.20482 0.0164199 2.51109 0.485143 0.150857 
619.269 191.377 149.852 8.4521 -0.0143206 2.96115 0.468837 0.129449 
626.233 260.102 150.357 9.039 -0.0459163 3.39362 0.452531 0.108041 
632.516 335.356 150.371 9.94194 -0.0297795 3.80849 0.436224 0.0866326 
637.708 416.875 150.606 10.5816 0.0784391 4.20574 0.419918 0.0652245 
642.106 504.392 152.46 9.92615 0.239442 4.58537 0.403612 0.0438163 
647.308 597.639 156.76 7.49682 0.267072 4.94735 0.387306 -0.000187703 
655.575 696.349 161.537 5 -0.09 4.90185 0.369 0 
655.575 696.349 161.537 5 -0.09 4.90185 0.369 0 
664.905 796.089 160.635 6.58036 -1.17538 4.89815 1.15369 -1.02859 
672.591 895.773 142.967 20.1789 -0.204087 4.01828 -0.0487286 -1.00718 
662.628 981.91 139.932 21.8413 -0.0482694 3.15608 -0.165163 -0.985776 
650.46 1054.76 139.258 21.589 0.079409 2.31158 -0.153551 -0.964367 
638.533 1114.6 140.557 19.8725 0.194661 1.48478 -0.141939 -0.942959 
628.72 1161.69 143.675 16.9692 0.0839462 0.675717 -0.130327 -0.921551 
622.612 1196.31 145.158 15.6476 -0.421903 -0.115611 0.334187 -0.900143 
618.329 1218.74 138.878 20.0585 -0.0422738 -0.88918 -0.107102 -0.878735 
608.278 1229.25 138.34 19.8754 -0.0413442 -1.645 -0.0954898 -0.857327 
598.428 1228.1 137.821 19.6919 -0.0404303 -2.38305 -0.0838776 -0.835918 
588.778 1215.59 137.32 19.5082 -0.0395927 -3.10332 -0.0722653 -0.81451 
579.331 1191.97 136.837 19.3253 -0.038858 -3.80579 -0.0606531 -0.793102 
570.086 1157.53 136.37 19.1441 -0.0381187 -4.49047 -0.0490408 -0.771694 
561.041 1112.54 135.918 18.9647 -0.0371041 -5.15733 -0.0374286 -0.750286 
552.196 1057.27 135.487 18.7834 -0.0355831 -5.80637 -0.0258163 -0.54618 
543.553 991.992 135.083 18.5946 -0.0338239 -6.28 -0.0142041 0.00341405 
535.124 919.418 134.727 18.4116 -0.0329306 -6.28 -0.00259184 0.00341412 
526.91 846.845 134.389 18.2287 -0.0320372 -6.28 0.00902041 0.00341411 
518.911 774.271 134.069 18.0457 -0.0311435 -6.28 0.0206327 0.00341409 
511.128 701.697 133.767 17.8627 -0.0302494 -6.28 0.0322449 0.00341409 
503.561 629.123 133.484 17.6797 -0.0293552 -6.28 0.0438571 0.00341423 
496.211 556.549 133.219 17.4968 -0.0284618 -6.28 0.0554694 0.316295 
489.079 483.974 132.972 17.3138 -0.0275706 -6.01075 0.0670816 0.557612 
482.168 415.549 132.744 17.1308 -0.026681 -5.53079 0.0786939 0.536204 
475.481 354.521 132.534 16.9479 -0.0257886 -5.06878 0.0903061 0.514796 
469.02 300.612 132.342 16.765 -0.0248867 -4.62472 0.101918 0.493388 
462.783 253.547 132.169 16.582 -0.023974 -4.19862 0.113531 0.47198 
456.772 213.048 132.014 16.3988 -0.023066 -3.7905 0.125143 0.450571 
450.987 178.839 131.877 16.2154 -0.0221944 -3.40036 0.136755 0.429163 
445.429 150.642 131.759 16.0324 -0.0213797 -3.02821 0.148367 0.407755 
440.097 128.18 131.658 15.8502 -0.020577 -2.67408 0.15998 0.386347 
434.992 111.176 131.573 15.6691 -0.0196497 -2.33795 0.171592 0.364939 
430.111 99.3518 131.508 15.4874 -0.0184566 -2.01986 0.183204 0.343531 
425.457 92.4295 131.465 15.302 -0.0170869 -1.71981 0.194816 0.322122 
421.033 90.1313 131.448 15.1113 -0.0160745 -1.43781 0.206429 0.300714 
416.847 92.1788 131.451 14.92 -0.0161929 -1.17387 0.218041 0.279306 
412.901 98.2937 131.457 14.7414 -0.0175114 -0.928004 0.229653 0.257898 
409.179 108.198 131.447 14.5883 -0.0181534 -0.700223 0.241265 0.23649 
405.649 121.612 131.431 14.4502 -0.0144085 -0.490538 0.252878 0.215082 
402.29 138.257 131.476 14.2741 -0.00416551 -0.29896 0.26449 0.193673 
399.15 157.855 131.684 13.9878 0.00691892 -0.1255 0.276102 0.172265 
396.368 180.126 132.069 13.5923 0.00272364 0.0298308 0.287714 0.150857 
394.089 204.79 132.4 13.2778 -0.0324024 0.167021 0.299327 0.129449 
392.222 231.568 132.196 13.3989 -0.0860702 0.28606 0.310939 0.108041 
390.216 260.181 131.163 14.1292 -0.0943571 0.386938 0.322551 0.0866326 
387.281 290.349 129.984 14.8754 0.0308524 0.469642 0.334163 0.0652244 
383.351 321.793 130.716 14.0707 0.289457 0.534157 0.345776 0.0438162 
380.357 354.23 135.454 10.3067 0.452605 0.580469 0.357388 0.000614148 
382.109 387.377 142.799 5 0.09 0.579964 0.369 0 
382.109 387.377 142.799 5 0.09 0.579964 0.369 0 
397.671 447.048 145.202 5 -0.989338 1.54539 1.15369 -1.02859 
413.984 533.889 117.821 24.778 -0.130771 -0.983062 -0.176775 -1.00718 
384.539 550.418 113.259 24.595 -0.128906 -3.4817 -0.165163 -0.661114 
355.408 498.65 108.755 24.4002 -0.127071 -5.44716 -0.153551 0.255632 
326.407 391.314 104.31 24.2097 -0.12836 -4.09848 -0.141938 0.942959 
297.618 321.66 99.8384 24.0389 -0.131549 -1.69994 -0.130326 -0.908995 
268.991 317.962 95.2859 23.9538 -0.131437 -4.03382 -0.118714 0.756939 
240.233 249.585 90.7539 23.9337 -0.104355 -3.14136 -0.107102 0.816 
211.344 207.158 86.9565 23.5355 -0.0368894 -1.06158 -0.0954893 -0.857327 
183.158 221.289 85.3319 23.3093 -0.0278635 -3.33173 -0.083877 -0.342009 
155.214 172.845 85.599 23.0429 -0.030393 -4.8098 -0.0722646 0.674746 
127.667 83.4843 85.8081 22.8634 -0.0546198 -3.93886 -0.0606523 0.666306 
100.561 18.7976 85.3566 23.2106 -0.077134 -2.66242 -0.0490408 0.771638 
72.7033 -11.4989 84.2684 23.9539 0.0428145 -0.539473 -0.0374286 -0.748759 
43.1218 17.1894 86.4574 22.0313 0.450064 -2.64346 -0.0258163 0.255033 
17.6416 -12.2446 99.9693 11.8902 0.337171 -1.39147 0.161834 -0.266345 
15.4214 -6.7554 110.815 5.71436 0.100426 -0.854693 0.577346 0.407225 
27.5988 13.8571 115.251 5.11324 0.0806953 -1.13429 0.605614 -0.664615 
41.3555 26.0626 119.205 5 0.0759081 -3.09524 0.611574 0.356059 
57.2252 -16.3051 123.116 5.00035 0.0758803 -1.69005 0.612453 0.148981 
73.4222 -20.051 127.029 5.00014 0.0798072 -0.532626 0.539604 -0.305669 
89.8529 8.97317 131.056 5.00006 -0.225485 -1.8837 0.585336 -0.0979426 
106.654 -0.0551042 125.066 9.43378 -0.47683 -1.5691 0.785776 -0.113355 
112.107 -0.0889612 111.702 18.1041 0.527599 -1.56852 0.110234 -0.118088 
96.9108 -0.0873762 125.642 5.04008 -0.0217377 -1.72013 0.758031 -0.0881715 
113.373 -4.43529 124.96 5 -0.0270151 -1.30438 0.746041 -0.124698 
129.899 2.77068 124.134 5.07304 -0.0146723 -1.61895 0.72595 -0.116058 
146.152 1.17446 123.646 5 -0.0200461 -1.653 0.713429 -0.115286 
162.594 -1.41045 123.012 5 -0.0197437 -1.79923 0.694726 0.310135 
178.961 -8.09584 122.388 5 -0.0187913 -0.906204 0.679498 -0.407755 
195.3 10.5993 121.789 5 -0.0178078 -2.49047 0.66451 0.386249 
211.62 -15.2751 121.217 5 -0.0308419 -0.949416 0.648204 -0.267877 
227.948 2.11026 120.286 5.27078 0.0489752 -2.05075 0.609095 -0.190179 
243.558 -11.5272 123.404 5.15443 0.0276405 -1.74964 0.590191 0.322039 
259.58 -16.8856 126.005 6.16227 -0.021637 -0.305387 0.584405 -0.241194 
273.612 18.4087 127.203 8.03462 0.173608 -1.59397 0.392304 0.180821 
283.435 17.6629 133.705 5.70524 0.0602071 -0.882245 0.566673 -0.257898 
298.846 36.2665 137.181 5.96311 0.0602323 -2.23791 0.550367 -0.22127 
313.849 16.8611 140.646 6.19393 0.060462 -3.48717 0.534061 0.215082 
328.46 -36.3885 144.108 6.39827 0.0538178 -2.19818 0.517755 0.193673 
342.889 -52.8208 147.377 6.72523 0.0336007 -0.940415 0.501449 0.172265 
356.814 -35.8005 150.06 7.32964 0.0323069 0.286087 0.485131 0.150857 
369.578 15.538 152.694 7.97745 0.0810231 1.48129 0.415751 0.129449 
381.055 98.85 156.644 7.57356 0.052325 2.64516 0.452531 0.108041 
393.685 214.233 159.82 7.80002 0.0705685 3.77767 0.436224 -0.020448 
406.005 362.756 163.489 7.62262 0.08021 3.09048 0.419918 -0.00361362 
418.899 492.056 167.433 7.29455 -0.024044 2.98691 0.403612 0.00276647 
432.793 618.017 168.513 9.23408 -0.277872 3.49616 0.387306 -0.000386751 
442.608 758.055 162.504 16.1417 -0.0849135 3.78844 0.369 0 
442.608 758.055 162.504 16.1417 -0.0849135 3.78844 0.369 0 
436.281 875.852 160.948 16.7038 0.676022 3.79316 -0.18832 -1.02846 
428.56 993.753 176.1 5.00002 -0.295553 2.54822 0.736735 -1.00708 
442.528 1084.27 170.306 10.3242 -0.641991 1.32819 0.682343 -0.985628 
446.993 1147.98 156.709 20.7323 -0.0493003 0.13317 -0.153439 -0.964019 
432.244 1185.43 155.774 20.5481 -0.0486187 -1.03667 -0.141886 -0.942831 
417.759 1197.16 154.861 20.3677 -0.0483824 -2.18179 -0.130281 -0.921353 
403.53 1183.73 153.959 20.1979 -0.0476261 -3.30183 -0.118663 -0.899941 
389.541 1145.67 153.08 20.0285 -0.0441088 -4.39684 -0.10705 -0.878093 
375.791 1083.54 152.284 19.8132 -0.0378348 -5.46626 -0.0954488 -0.666721 
362.364 997.898 151.633 19.5126 -0.0384576 -6.2798 -0.0838381 0.00337098 
349.423 894.375 150.98 19.2542 -0.0635442 -6.27985 -0.0721847 0.00341331 
336.92 790.85 149.784 19.4411 -0.103532 -6.27985 -0.0601821 0.00341268 
324.053 687.326 147.702 20.2583 -0.0641617 -6.27985 -0.0438664 0.00341338 
309.637 583.802 146.458 20.2841 0.197938 -6.27985 0.0065137 0.00342485 
295.006 480.279 150.973 15.874 0.624044 -6.27985 -0.0252165 0.00343868 
288.154 376.75 165.011 5.00002 0.016524 -6.27984 0.844716 0.279051 
301.342 273.206 166.078 5.00003 0.0165244 -5.94493 0.844715 0.685718 
314.582 177.024 167.144 5.00003 0.0165256 -5.1156 0.844701 0.664477 
327.883 99.0721 168.211 5.00003 0.0164789 -4.31134 0.840051 0.643226 
341.246 38.8001 169.276 5.00533 0.00116661 -3.5322 0.843875 0.621832 
354.666 -4.34436 170.005 5.26225 -8.83491e-05 -2.77837 0.82757 0.600427 
367.68 -30.9174 170.697 5.51919 -0.00134271 -2.04988 0.811263 0.579019 
380.286 -41.476 171.352 5.77613 -0.00259691 -1.34676 0.794957 0.557612 
392.48 -36.578 171.971 6.03307 -0.00385119 -0.669032 0.77865 -0.156616 
404.261 -16.7816 172.553 6.29 -0.00510609 -0.858537 0.762344 -0.514793 
415.613 -1.15054 173.099 6.54694 -0.00636117 -1.48341 0.746037 -0.109584 
426.526 0.744523 173.608 6.80388 -0.00761607 -1.61649 0.729731 0.0370756 
437.006 -0.285363 174.08 7.06082 -0.00887093 -1.57148 0.713424 0.000944668 
447.057 -0.325512 174.515 7.31776 -0.0101256 -1.57033 0.697117 0.000516569 
456.674 -0.340105 174.914 7.5747 -0.0113797 -1.56971 0.680811 -0.000201834 
465.857 -0.340556 175.277 7.83164 -0.0126336 -1.56995 0.664504 -0.000134722 
474.604 -0.346038 175.602 8.08856 -0.0138897 -1.57012 0.648197 -2.27667e-05 
482.914 -0.354763 175.891 8.3455 -0.0151507 -1.57014 0.63189 3.28251e-05 
490.784 -0.363744 176.144 8.60255 -0.016411 -1.57011 0.615583 0.000681137 
498.213 -0.371494 176.359 8.85968 -0.017649 -1.56928 0.599276 0.048615 
505.199 -0.360696 176.538 9.1165 -0.018849 -1.51021 0.582969 -0.201698 
511.742 0.948979 176.682 9.37243 -0.020076 -1.75523 0.566662 -0.257633 
517.837 -3.12717 176.79 9.62804 -0.0215153 -2.06843 0.550356 0.218334 
523.482 -14.0879 176.857 9.88692 -0.0232277 -1.80358 0.53405 0.214731 
528.679 -19.2263 176.878 10.1532 -0.0245233 -1.54288 0.517743 0.193449 
533.413 -18.6333 176.86 10.4188 -0.0238754 -1.3078 0.501437 0.172147 
537.682 -12.8725 176.848 10.6513 -0.0214702 -1.0984 0.485131 0.150759 
541.544 -2.50812 176.88 10.8262 -0.0242375 -0.914805 0.468825 0.129354 
545.103 11.8924 176.845 11.0381 -0.0440603 -0.757055 0.45252 0.107947 
548.299 29.7609 176.367 11.567 -0.0727758 -0.625176 0.436216 0.0865399 
550.558 50.5291 175.239 12.5161 -0.0441411 -0.519191 0.41991 0.0651271 
551.084 73.6285 174.707 12.8663 0.127882 -0.439131 0.403604 0.0436821 
550.896 98.4884 177.944 10.3051 0.314824 -0.385063 0.387298 0.00353878 
555.28 124.533 185.381 5.0002 -0.0899714 -0.379731 0.369 0 
555.28 124.533 185.381 5.0002 -0.0899714 -0.379731 0.369 0 
567.184 148.478 184.607 6.67478 -1.12795 -0.792658 1.15369 -1.02848 
576.727 163.995 162.529 23.5835 -0.0785303 -2.36964 -0.176775 -1.00701 
557.173 147.261 161.375 23.0939 -0.00958927 -3.92359 -0.165163 -0.455227 
538.321 98.7794 161.654 22.4134 -0.00175219 -4.85425 -0.153549 0.955998 
520.579 31.1488 162.115 21.691 -0.090577 -3.36205 -0.141908 0.942147 
504.138 -5.20526 160.782 22.438 -0.0419113 -1.88433 -0.130298 0.365055 
486.39 -11.3655 160.421 22.3168 -0.0379145 -1.067 -0.118685 -0.195091 
468.843 -0.660137 160.145 22.1391 -0.0367424 -1.58782 -0.107085 -0.0465287 
451.561 -0.617609 159.899 21.9564 -0.0356859 -1.57774 -0.0954805 -0.00893364 
434.564 -0.368697 159.681 21.7711 -0.0347137 -1.5884 -0.0838649 -0.000670454 
417.862 -0.338708 159.489 21.5849 -0.0341222 -1.58927 -0.0722511 1.23677e-05 
401.462 -0.326702 159.315 21.4038 -0.0339976 -1.589 -0.06064 -5.7009e-06 
385.347 -0.309283 159.15 21.2344 -0.0334841 -1.58927 -0.049029 -1.08403e-05 
369.502 -0.297761 159.001 21.0692 -0.0302977 -1.58926 -0.0374172 -4.72499e-05 
353.921 -0.286229 158.922 20.8659 -0.023484 -1.58925 -0.0258061 -3.8895e-05 
338.667 -0.274124 158.989 20.573 -0.021037 -1.58897 -0.0141961 -0.000105306 
323.895 -0.256329 159.117 20.2707 -0.040123 -1.58932 -0.00258255 -0.000117168 
309.632 -0.246265 158.863 20.2954 -0.0817385 -1.58931 0.00903068 -8.49402e-05 
295.335 -0.235894 157.757 20.9546 -0.0817932 -1.58924 0.0206433 -0.000141862 
279.912 -0.222749 156.628 21.5161 0.0835021 -1.5892 0.0322502 0.000563122 
263.453 -0.208486 158.864 19.4178 0.386756 -1.58911 0.0438634 0.0295464 
250.423 -0.197471 167.377 12.8657 0.526334 -1.58624 0.058989 0.117848 
248.438 -0.1388 178.963 5.00007 0.0509443 -1.59043 0.709597 0.169105 
260.031 -0.188161 181.075 5.00008 0.0509462 -1.58817 0.709595 0.174855 
271.682 -0.219001 183.187 5.00007 0.050947 -1.56989 0.709568 -0.0293364 
284.233 -0.439155 185.298 5.00007 0.0508619 -1.57764 0.70937 -0.249106 
296.872 -0.991254 187.409 5.00158 0.0501719 -1.58388 0.70616 -0.35944 
309.595 -1.67916 189.504 5.01653 0.039978 -1.58957 0.706367 -0.318519 
322.385 -2.48436 191.391 5.18807 0.033564 -1.54305 0.69712 -0.111009 
334.985 -2.33524 193.141 5.44498 0.0323095 -1.30691 0.680815 -0.4035 
347.238 2.83378 194.857 5.70189 0.0310545 -1.75693 0.664508 -0.38349 
359.132 -0.645016 196.538 5.95881 0.0297949 -2.60406 0.648202 -0.314217 
370.657 -21.8261 198.186 6.2158 0.0285312 -3.37384 0.631896 -0.126075 
381.815 -59.173 199.799 6.47291 0.0272784 -3.10428 0.61559 0.322121 
392.629 -91.0042 201.378 6.72998 0.0260618 -2.32705 0.599284 0.300713 
403.096 -106.686 202.923 6.98643 0.0248692 -1.57341 0.582977 0.279305 
413.218 -106.982 204.436 7.24199 0.0235819 -0.843372 0.566671 0.257897 
422.995 -92.3822 205.914 7.49825 0.022028 -0.136963 0.550365 0.236489 
432.426 -63.3702 207.352 7.75925 0.0203501 0.545801 0.534059 0.215081 
441.501 -20.4479 208.747 8.02631 0.0194741 1.2049 0.517753 0.193673 
450.204 35.9396 210.115 8.28609 0.0205518 1.84032 0.501445 0.172265 
458.543 105.336 211.497 8.50907 0.0221128 2.45203 0.485055 0.150857 
466.588 187.961 212.903 8.69284 0.0166061 3.04002 0.468761 0.129449 
474.398 282.598 214.19 8.95263 -0.00291575 3.60427 0.452505 0.10804 
481.853 388.814 215.07 9.49651 -0.0212142 4.14476 0.436211 0.0866322 
488.471 506.051 215.557 10.2675 0.0166137 4.66146 0.419909 0.065224 
493.837 633.864 216.793 10.3612 0.153225 5.15437 0.403602 0.0438159 
499.045 771.936 220.822 8.32912 0.254842 5.62345 0.387293 -0.00249187 
507.727 919.607 226.998 5.00036 -0.0899659 5.65053 0.369 0 
507.727 919.607 226.998 5.00036 -0.0899659 5.65053 0.369 0 
517.676 1038.05 226.047 6.67399 -1.25348 5.65528 1.15366 -1.01896 
525.776 1156.58 205.964 22.1224 -0.211772 4.7361 -0.0876845 -1.00351 
512.555 1260.04 202.565 23.8165 0.169022 3.83029 -0.165062 -0.982988 
496.858 1348.64 205.368 20.6329 0.616146 2.94248 -0.153392 -0.961683 
485.28 1422.68 215.589 12.2006 0.588441 2.0734 -0.139926 -0.939921 
485.121 1482.45 225.578 5.0057 -0.716209 1.22348 0.995819 -0.917923 
495.164 1528.27 214.353 14.041 -0.330907 0.392985 0.380045 -0.895776 
492.824 1560.47 209.212 17.7473 -0.05768 -0.417985 0.0623119 -0.873562 
485.343 1579.38 208.455 17.8773 0.00773229 -1.20935 -0.0458243 -0.851373 
477.634 1585.3 208.768 17.2553 -0.17288 -1.98112 0.11145 -0.829192 
470.803 1578.56 206.135 18.8401 -0.061304 -2.73328 -0.0265584 -0.806781 
461.755 1559.48 205.29 18.9629 -0.0437444 -3.46561 -0.0388118 -0.783551 
452.502 1528.39 204.73 18.8622 -0.0374735 -4.17736 -0.0344716 -0.757889 
443.353 1485.63 204.275 18.6909 -0.0363354 -4.86631 -0.0234728 -0.722071 
434.404 1431.56 203.844 18.5157 -0.0348956 -5.52324 -0.0126136 -0.353734 
425.662 1366.71 203.441 18.3334 -0.0341015 -5.84659 -0.00100431 -0.437216 
417.142 1296.56 203.056 18.1523 -0.0332077 -6.24586 0.0104735 -0.0143724 
408.842 1219.86 202.69 17.971 -0.0323567 -6.26197 0.0218523 -0.00218054 
400.768 1142.89 202.343 17.7903 -0.0318066 -6.26703 0.0333521 0.000431729 
392.92 1065.84 202.01 17.6137 -0.0311754 -6.26973 0.0451313 0.00151458 
385.292 988.746 201.691 17.4396 -0.029139 -6.27144 0.0572372 0.00207574 
377.883 911.623 201.411 17.2499 -0.0245399 -6.27265 0.0696528 0.00240929 
370.712 834.481 201.211 17.0141 -0.0190881 -6.27356 0.0824313 0.0026357 
363.842 757.323 201.107 16.7262 -0.0190775 -6.27426 0.0959647 0.0534992 
357.348 680.154 201.01 16.4591 -0.0306487 -6.22884 0.111407 0.508569 
351.205 603.729 200.731 16.3539 -0.0456596 -5.77075 0.131828 0.49052 
345.203 534.82 200.208 16.4324 -0.0267031 -5.32872 0.164702 0.470147 
339.08 473.162 199.994 16.2422 0.0846453 -4.90487 0.209156 0.449232 
333.169 418.457 201.612 14.6504 0.273199 -4.49971 0.215428 0.428109 
329.347 370.397 206.365 10.8708 0.226086 -4.11345 0.376273 0.406883 
330.671 328.67 210.444 7.96689 -0.0133876 -3.74617 0.654419 0.3856 
336.028 292.965 210.672 8.16086 -0.0180009 -3.39795 0.643213 0.36428 
341.145 262.972 210.818 8.3998 -0.0198384 -3.06883 0.628317 0.342937 
345.957 238.38 210.928 8.64691 -0.0210044 -2.75885 0.61265 0.321577 
350.452 218.872 211.012 8.8935 -0.0221324 -2.46803 0.596751 0.300203 
354.63 204.136 211.071 9.13933 -0.0238725 -2.19641 0.580756 0.27882 
358.491 193.856 211.096 9.39218 -0.0265657 -1.94399 0.564698 0.257428 
362.024 187.718 211.069 9.66324 -0.0292588 -1.71081 0.548587 0.236028 
365.205 185.405 210.991 9.95061 -0.0292509 -1.49688 0.532433 0.21462 
368.007 186.602 210.906 10.2189 -0.0241631 -1.30221 0.516249 0.193204 
370.456 190.993 210.897 10.4066 -0.0171404 -1.12685 0.500043 0.171776 
372.657 198.26 210.999 10.4984 -0.020779 -0.970792 0.48382 0.150335 
374.744 208.088 211.038 10.6376 -0.049833 -0.834078 0.467582 0.128872 
376.66 220.159 210.597 11.1362 -0.0964863 -0.716735 0.451333 0.107375 
377.924 234.156 209.378 12.1756 -0.104555 -0.618807 0.435075 0.0858075 
377.785 249.76 207.999 13.2164 0.00922945 -0.540371 0.418812 0.0640687 
376.196 266.652 208.459 12.7375 0.24271 -0.481599 0.402543 0.041636 
375.177 284.507 212.762 9.40753 0.357386 -0.443136 0.386257 1.54914e-05 
378.638 302.991 219.034 5.01405 -0.0875747 -0.442391 0.369 0 
378.638 302.991 219.034 5.01405 -0.0875747 -0.442391 0.369 0 
508.399 467.406 208.522 40 0.446192 -6.28 1.15369 0.000145686 
270.801 162.559 146.05 40 1.4 -1.23408 1.13739 -0.000227462 
27.7418 94.7228 146.341 6.73026 -0.527657 -1.24535 -0.165163 -9.85118e-05 
23.1748 26.0029 124.278 5 -0.65779 -2.21501 1.10478 1.16852e-05 
38.8132 -0.0340732 110.513 10.6566 -1.4 -1.93706 1.08847 1.62355e-07 
125.994 -0.102839 70.2243 40 -1.4 -2.02667 1.07216 3.24996e-07 
-125.802 0.108508 43.9229 5 -1.4 -1.62088 1.05586 2.02459e-07 
-17.3903 0.00726631 24.6773 11.8244 -0.791091 -1.92768 1.03955 1.07495e-07 
-5.48134 0.00430265 5.20023 11.0497 -0.573891 -1.92765 0.202638 4.16775e-08 
-0.563946 0.000460055 0.0525083 6.98826 0.108211 -1.92736 0.535439 2.37461e-08 
-0.0215864 3.71301e-05 0.0626062 7.10811 0.10834 -1.92736 0.528132 2.37938e-08 
-0.000828127 -1.89558e-05 0.0625491 7.11212 0.108357 -1.92736 0.526941 2.38496e-08 
-6.23733e-05 2.16238e-05 0.0625575 7.11227 0.108362 -1.92736 0.525435 2.39181e-08 
-5.9309e-05 -2.10643e-05 0.062555 7.11228 0.108366 -1.92736 0.522825 2.39867e-08 
-0.000105413 1.01512e-05 0.0625498 7.11228 0.10837 -1.92736 0.518187 2.40551e-08 
-0.000174263 -1.94733e-05 0.0625406 7.11228 0.108374 -1.92736 0.510553 2.41266e-08 
-0.000245741 -3.08414e-05 0.0625262 7.11228 0.108378 -1.92736 0.499832 2.42031e-08 
-0.000315414 1.03707e-05 0.0625079 7.11227 0.108381 -1.92736 0.486018 2.42917e-08 
-0.000327621 3.16899e-05 0.0624861 7.11226 0.108387 -1.92736 0.471769 2.43882e-08 
-0.000327859 2.17549e-05 0.0624675 7.11226 0.108394 -1.92736 0.457564 2.44928e-08 
-0.000327697 4.67348e-07 0.0624495 7.11226 0.1084 -1.92736 0.443408 2.46067e-08 
-0.000327535 -2.08434e-05 0.0624315 7.11226 0.108407 -1.92736 0.429313 2.47316e-08 
-0.000327385 4.46273e-07 0.0624136 7.11226 0.108413 -1.92736 0.41529 2.48692e-08 
-0.000327223 -3.08061e-05 0.0623956 7.11225 0.10842 -1.92736 0.401361 2.50213e-08 
-0.000326986 3.16854e-05 0.0623777 7.11225 0.108426 -1.92736 0.387559 2.51897e-08 
-0.000326536 -3.07459e-05 0.0623597 7.11225 0.108433 -1.92736 0.373934 2.53764e-08 
-0.000325592 3.17018e-05 0.0623418 7.11225 0.108439 -1.92736 0.360573 2.55833e-08 
-0.000323642 3.16335e-05 0.062324 7.11225 0.108446 -1.92736 0.347611 2.58123e-08 
-0.000319828 -7.18551e-05 0.0623064 7.11224 0.108453 -1.92736 0.335256 2.60658e-08 
-0.000312871 7.27585e-05 0.0622891 7.11224 0.108461 -1.92737 0.323808 2.63464e-08 
-0.000301139 -7.19081e-05 0.0622724 7.11224 0.108469 -1.92736 0.313667 2.66577e-08 
-0.000282979 6.28888e-05 0.0622567 7.11223 0.10848 -1.92736 0.305304 2.70047e-08 
-0.000257368 -2.09029e-05 0.0622426 7.11223 0.108492 -1.92736 0.299187 2.73947e-08 
-0.000224685 -9.55429e-06 0.0622303 7.11222 0.108505 -1.92736 0.295669 2.78387e-08 
-0.000187119 -2.10005e-05 0.0622204 7.11222 0.108518 -1.92736 0.294876 2.83521e-08 
-0.000148302 3.15972e-05 0.0622128 7.11222 0.108531 -1.92736 0.296667 2.89561e-08 
-0.000112426 -9.64041e-06 0.0622074 7.11222 0.108543 -1.92736 0.300685 2.96772e-08 
-8.95216e-05 1.022e-05 0.0622034 7.11226 0.108553 -1.92736 0.306493 3.05501e-08 
-0.000262832 1.05407e-05 0.0621881 7.11328 0.108568 -1.92736 0.313719 3.17914e-08 
-0.00527395 2.22742e-05 0.0618529 7.13954 0.108874 -1.92736 0.324853 3.46259e-08 
-0.134911 0.000242288 6.96017 6.54079 0.578625 -1.92731 0.276102 9.54097e-08 
-3.63667 0.00287303 24.4879 5 0.517714 -1.92679 0.287714 -4.80179e-07 
10.9633 0.0424155 69.6107 5.00391 0.517112 -1.93009 0.299327 2.86553e-05 
41.8142 -0.215945 107.906 5.00383 0.516353 -1.92755 0.310939 9.26089e-07 
89.9105 -0.264358 146.29 5.00412 0.515243 -1.92271 0.33501 -7.93844e-06 
129.253 0.125126 200.72 5 1.4 -2.5746 0.334163 -7.50776e-05 
211.711 -0.103472 204.703 5 1.4 -0.843308 0.403612 5.08117e-05 
295.989 137.794 233.795 5 1.4 6.28 0.357388 3.03561e-05 
391.625 744.565 256.79 5 -0.00111214 -2.64334e-05 0.369 0 
391.625 744.565 256.79 5 -0.00111214 -2.64334e-05 0.369 0 
401.566 770.559 257.301 5.57005 -1.17756 0.00101517 1.15323 -1.01906 
411.157 796.571 238.313 20.3293 -0.301619 -0.930821 0.146041 -0.997913 
400.229 807.166 233.44 23.1944 0.381412 -1.84394 -0.163287 -0.975724 
385.098 802.64 239.804 17.3698 0.73545 -2.73737 -0.135999 -0.95189 
377.78 783.311 252.186 7.69284 0.236203 -3.60959 0.232328 -0.927133 
383.868 749.526 256.557 5.08182 -0.860467 -4.45971 1.02756 -0.90001 
393.919 701.658 242.833 15.99 -0.378208 -5.28553 0.291669 -0.847035 
388.867 640.124 236.807 20.182 -0.014267 -6.06341 -0.102922 0.636324 
377.922 565.711 236.698 19.6242 0.0241847 -5.48386 -0.0920547 0.0920089 
367.707 500.896 237.24 18.6342 0.00124952 -5.40223 -0.0766295 -0.456358 
358.834 437.432 237.428 18.0287 -0.13842 -5.82256 0.0555312 -0.245879 
350.811 367.006 235.32 19.1519 -0.0434312 -6.05047 -0.0511833 0.0133001 
341.193 292.807 234.755 19.0349 -0.0380563 -6.04127 -0.0450327 0.669461 
331.71 218.759 234.282 18.8583 -0.0359221 -5.43137 -0.0341551 0.679836 
322.452 154.813 233.849 18.666 -0.0346233 -4.81157 -0.022236 0.662594 
313.444 101.132 233.442 18.4693 -0.0340436 -4.20714 -0.00984649 0.636555 
304.69 57.4613 233.051 18.2776 -0.0336824 -3.62614 0.00246939 0.607864 
296.186 23.4131 232.67 18.0929 -0.0329542 -3.07103 0.014319 0.567712 
287.921 -1.44145 232.307 17.9104 -0.0318978 -2.55231 0.0259292 0.486782 
279.893 -17.7049 231.965 17.7257 -0.0307833 -2.10733 0.0376192 0.308259 
272.104 -26.5988 231.647 17.5384 -0.0297431 -1.82549 0.0494767 -0.0142084 
264.557 -30.8248 231.352 17.3496 -0.0287785 -1.83866 0.0614541 -0.19574 
257.249 -35.2693 231.077 17.1602 -0.0278357 -2.01803 0.0734869 -0.242812 
250.182 -42.6848 230.823 16.9705 -0.0268603 -2.24062 0.0855408 -0.218065 
243.354 -53.787 230.59 16.7803 -0.025838 -2.44069 0.0976234 -0.0656527 
236.768 -68.203 230.38 16.5888 -0.0247986 -2.50137 0.109746 0.26049 
230.428 -83.6243 230.191 16.3961 -0.0238301 -2.26352 0.121936 0.372783 
224.341 -95.1064 230.024 16.203 -0.0229662 -1.92271 0.134235 0.389507 
218.508 -100.944 229.876 16.011 -0.0219841 -1.56637 0.146651 0.381107 
212.929 -100.88 229.749 15.8181 -0.0204459 -1.21747 0.159098 0.362455 
207.607 -95.0382 229.653 15.6177 -0.0183993 -0.885426 0.171583 0.343709 
202.551 -83.6968 229.596 15.4039 -0.0169641 -0.570319 0.184449 0.327353 
197.78 -67.1367 229.569 15.1857 -0.0172668 -0.269976 0.198605 0.312607 
193.302 -45.6025 229.542 14.9846 -0.0167773 0.017067 0.212365 0.297996 
189.094 -19.3145 229.529 14.7889 -0.0138197 0.290925 0.225322 0.282275 
185.148 11.5091 229.57 14.5676 -0.00956996 0.550572 0.238267 0.265055 
181.499 46.6327 229.688 14.3072 -0.00810065 0.794628 0.253571 0.246519 
178.202 85.7982 229.836 14.0452 -0.0096611 1.02188 0.271022 0.227022 
175.261 128.727 229.966 13.8183 -0.00913311 1.23143 0.286522 0.206866 
172.628 175.127 230.11 13.598 -0.00586007 1.42266 0.300362 0.186265 
170.294 224.693 230.315 13.3501 -0.00298499 1.59517 0.317037 0.165354 
168.296 277.116 230.574 13.0805 0.002185 1.74864 0.331785 0.144197 
166.666 332.081 230.925 12.7641 0.00144288 1.88285 0.350935 0.122782 
165.469 389.268 231.273 12.4772 -0.00155523 1.99755 0.368054 0.10102 
164.667 448.355 231.578 12.2466 -0.00716351 2.0924 0.37723 0.0787768 
164.184 509.012 231.797 12.1048 -0.0261554 2.16694 0.380262 0.0555887 
163.904 570.904 231.705 12.2153 -0.0595254 2.22031 0.378134 0.0298422 
163.486 633.68 231.057 12.736 -0.0801583 2.25015 0.374182 0.000440786 
162.363 696.951 230.054 13.4634 -0.0284685 2.25309 0.369 0 
162.363 696.951 230.054 13.4634 -0.0284685 2.25309 0.369 0 
159.694 831.949 229.7 13.4662 0.295564 2.2585 0.144353 -1.01161 
156.763 967.138 240.787 5.11356 -0.577734 0.289475 0.932041 -1.00717 
178.811 1032.78 221.509 20.9159 -0.0544538 -1.67362 -0.165137 -0.985764 
154.359 1029.14 219.815 20.7344 -0.0534415 -3.59774 -0.153528 -0.96431 
130.247 957.558 218.167 20.5494 -0.0519519 -5.48272 -0.141913 -0.405653 
106.487 819.416 216.583 20.3488 -0.0511601 -6.27999 -0.130313 0.00341275 
83.1595 653.12 215.037 20.155 -0.0563278 -6.28 -0.118709 0.0034128 
60.2748 486.824 213.32 20.1265 -0.0649076 -6.28 -0.107096 0.00341319 
37.3553 320.528 211.301 20.317 -0.0214084 -6.28 -0.0954846 0.70597 
13.7233 154.233 210.808 19.2769 0.145232 -4.90878 -0.0838764 0.835884 
-7.08012 36.3536 216.258 13.9814 0.0182529 -3.28206 0.277987 0.814359 
-12.3795 -24.0971 217.524 12.7517 0.0336243 -1.69505 0.338059 0.477479 
-14.0761 -28.512 219.402 11.2984 -0.0461843 -0.763302 0.443231 -0.413256 
-11.4453 -0.0296247 218.544 12.1596 -0.0541416 -1.56874 0.39828 -0.000715141 
-11.3288 0.0142162 217.357 13.1064 -0.0107598 -1.57013 0.333089 7.67631e-05 
-14.0061 0.0110598 217.647 12.7716 0.00372654 -1.56998 0.353877 -2.4806e-06 
-15.7256 0.0124225 218.469 12.0922 0.0152383 -1.56999 0.38734 4.97655e-06 
-15.4729 0.0120438 219.735 11.2078 -0.0244986 -1.56998 0.447776 -2.79755e-06 
-12.6001 0.00992351 219.648 11.5001 -0.0397005 -1.56998 0.430962 9.25508e-06 
-10.55 0.00827064 219.008 12.1598 -0.0451395 -1.56996 0.390499 -2.28524e-05 
-10.4079 0.00877894 218.138 12.8769 -0.0430794 -1.57001 0.355773 1.53925e-05 
-12.3577 0.00938093 217.301 13.4278 0.0156227 -1.56998 0.304608 3.2206e-06 
-15.9667 0.0123634 218.505 12.3546 -0.0136995 -1.56997 0.377404 -6.59995e-06 
-16.4335 0.0130637 218.735 12.2027 -0.0168557 -1.56999 0.390965 1.76679e-06 
-16.4519 0.0129539 218.861 12.1493 0.000814473 -1.56998 0.385799 -2.86788e-07 
-16.3229 0.0128501 219.615 11.6416 -0.0273352 -1.56998 0.423298 -2.0964e-06 
-14.6843 0.0115262 219.404 11.9485 -0.0263773 -1.56999 0.404633 0.000294541 
-13.9295 0.0107653 219.208 12.1882 -0.021241 -1.56941 0.401971 -0.000605822 
-13.8703 0.0308597 219.181 12.2388 0.0498023 -1.57059 0.392731 0.000320455 
-14.0065 0.0093879 221.66 10.3837 0.0861043 -1.56997 0.486172 1.11359e-05 
-8.74404 0.00567327 225.525 7.83455 -0.00686102 -1.56996 0.664509 -1.09688e-05 
4.06999 -0.00327949 226.252 8.09148 -0.00811581 -1.56998 0.648203 -0.000197521 
16.2094 -0.012434 226.92 8.34842 -0.00937036 -1.57037 0.631896 0.000627991 
27.6699 -0.0346457 227.529 8.60536 -0.0106249 -1.56914 0.61559 -0.000682652 
38.4474 -0.0130386 228.079 8.86229 -0.0118797 -1.57047 0.599284 4.44421e-05 
48.5378 -0.0378762 228.571 9.11923 -0.0131345 -1.57039 0.582978 0.000397936 
57.9369 -0.0591125 229.003 9.37617 -0.0143886 -1.56961 0.566672 -0.000197723 
66.6406 -0.0523786 229.377 9.63309 -0.0156405 -1.57 0.550365 -1.29922e-05 
74.6446 -0.058685 229.692 9.88994 -0.0168957 -1.57002 0.534059 5.70192e-05 
81.945 -0.0653173 229.948 10.1468 -0.0181786 -1.56991 0.517753 -0.000256035 
88.5377 -0.0674492 230.145 10.4045 -0.0194762 -1.57041 0.501447 -0.0977742 
94.4162 -0.0866459 230.281 10.6631 -0.0205309 -1.76124 0.485141 0.0404254 
99.5679 -6.8437 230.365 10.916 -0.0210225 -1.68261 0.468835 0.129392 
104.013 -10.8237 230.417 11.1493 -0.0229037 -1.43023 0.452529 0.107944 
107.809 -5.89131 230.39 11.4049 -0.0326601 -1.21935 0.436223 0.0861448 
110.894 6.48791 230.004 11.8892 -0.0425145 -1.05072 0.419917 0.0639881 
112.593 24.8227 229.242 12.5522 0.0240431 -0.925094 0.403611 0.0432507 
112.318 47.595 230.793 11.3 0.223611 -0.839768 0.387305 0.00293784 
115.557 73.3774 239.462 5.00004 -0.089994 -0.833015 0.369 0 
115.557 73.3774 239.462 5.00004 -0.089994 -0.833015 0.369 0 
134.622 92.6414 235.964 6.08681 -0.285396 -2.6612 1.15369 -0.296217 
151.062 59.5305 226.817 10.2375 0.124841 -3.89107 0.893837 0.977215 
157.185 -8.80768 229.233 5 -0.0837679 -0.67603 1.12108 -0.146039 
175.662 14.9539 225.913 5 -0.0828224 -1.78215 1.10478 0.0288745 
193.924 7.02539 222.62 5 -0.0818763 -1.50517 1.08847 -0.000156943 
212.002 7.03239 219.354 5 -0.0809302 -1.50655 1.07216 0.000105206 
229.892 6.99977 216.116 5 -0.0799842 -1.50562 1.05586 -2.60925e-05 
247.596 6.99381 212.904 5 -0.0790382 -1.50584 1.03955 0.000114209 
265.114 6.98171 209.719 5 -0.0780921 -1.50502 1.02324 -0.000327426 
282.45 6.99292 206.562 5 -0.0771461 -1.50715 1.00694 0.00017838 
299.603 6.94316 203.431 5 -0.0762001 -1.50557 0.990633 -6.27963e-05 
316.577 6.93885 200.328 5 -0.075254 -1.50587 0.974327 -2.74548e-05 
333.372 6.92576 197.252 5 -0.074308 -1.5057 0.95802 0.000142753 
349.989 6.91754 194.203 5 -0.073362 -1.50413 0.941714 -0.00039052 
366.431 6.95443 191.181 5 -0.0724159 -1.50801 0.925408 0.000184039 
382.699 6.8802 188.186 5 -0.0714699 -1.50575 0.909102 -0.000126445 
398.795 6.87065 185.218 5 -0.0705239 -1.50691 0.892796 9.35283e-05 
414.72 6.82794 182.278 5 -0.0695778 -1.50567 0.87649 2.23407e-05 
430.475 6.8207 179.364 5 -0.0686318 -1.50525 0.860184 -0.00197295 
446.062 6.82548 176.478 5 -0.0676858 -1.5249 0.843878 0.00366133 
461.483 6.26724 173.619 5 -0.0667397 -1.48721 0.827571 -0.0019594 
476.74 6.7889 170.786 5 -0.0657937 -1.50737 0.811265 0.000334595 
491.834 6.73293 167.981 5 -0.0648477 -1.50439 0.794959 -0.000187891 
506.766 6.76244 165.203 5 -0.0639016 -1.50605 0.778653 7.90292e-05 
521.538 6.74415 162.452 5 -0.0629556 -1.50485 0.762347 -0.000111693 
536.151 6.76021 159.729 5 -0.0620096 -1.50635 0.746041 2.53312e-05 
550.608 6.73345 157.032 5 -0.0610635 -1.5059 0.729735 -4.70376e-05 
564.909 6.71967 154.362 5 -0.0601175 -1.50661 0.713429 1.17456e-05 
579.057 6.68547 151.72 5 -0.0591715 -1.50601 0.697122 0.000214946 
593.052 6.66856 149.104 5 -0.0582254 -1.50245 0.680816 -0.000303737 
606.897 6.75346 146.516 5 -0.0572794 -1.50797 0.66451 0.000317914 
620.592 6.68017 143.955 5 -0.0563333 -1.5015 0.648204 -0.000802434 
634.14 6.79249 141.421 5 -0.0553873 -1.51886 0.631898 0.000887066 
647.542 6.4073 138.914 5 -0.0544413 -1.49767 0.615592 -0.000284801 
660.799 6.62928 136.434 5 -0.0534952 -1.50508 0.599286 -4.32518e-05 
673.914 6.63887 133.981 5 -0.0525492 -1.50628 0.58298 -5.68245e-07 
686.887 6.61413 131.555 5 -0.0516032 -1.50593 0.566673 -0.000109936 
699.721 6.59953 129.157 5 -0.0506571 -1.51031 0.550367 0.000483125 
712.416 6.45944 126.785 5 -0.595309 -1.48902 0.534061 -0.000472597 
725.287 6.92882 108.81 16.8922 -0.161989 -1.51336 0.517755 6.24099e-05 
709.578 6.72285 102.703 17.1399 -0.164044 -1.5094 0.501449 -4.57648e-06 
692.951 6.63078 96.5254 17.4068 -0.168582 -1.50929 0.485143 -0.0104453 
675.359 6.54236 90.2058 17.7433 -0.170319 -2.32539 0.468837 0.00424637 
656.614 -16.9262 83.8209 18.0755 -0.150428 -1.81214 0.452531 0.0145748 
636.74 -25.6899 77.9906 17.9328 -0.110823 -0.532181 0.436224 0.0089849 
616.866 2.21646 73.3016 16.9741 -0.181075 0.72738 0.419918 0.00505937 
598.993 66.2069 66.6439 17.7462 -0.578935 1.99029 0.403612 0.00135271 
579.221 166.38 48.5522 27.0669 -0.823556 2.975 0.387306 0.000258153 
537.177 294.782 23.0242 40 1.4 3.84261 0.369 0 
123.1 661.41 509.46 28.3704 0.705744 0 0.0621017 0 
123.1 661.41 509.46 28.3704 0.705744 -4.64065e-09 0.0621017 1.45093e-06 
123.1 661.414 509.456 28.3718 0.705662 0.00105087 0.0620968 -2.19424e-06 
170.046 666.872 507.747 28.4357 0.704154 0.00683807 0.0618831 -0.000230128 
387.953 831.087 524.54 28.2758 0.708336 -0.0159316 0.0624176 0.000339912 
456.483 582.412 513.455 28.3453 0.70643 -0.00422018 0.0621854 9.00289e-05 
474.653 516.548 510.52 28.3637 0.705926 -0.0011201 0.0621239 2.38966e-05 
479.476 499.066 509.741 28.3686 0.705792 -0.000296997 0.0621076 6.33857e-06 
480.756 494.428 509.534 28.3699 0.705757 -7.83666e-05 0.0621032 1.67522e-06 
481.097 493.203 509.479 28.3702 0.705747 -2.02363e-05 0.0621021 4.35591e-07 
481.187 492.884 509.465 28.3703 0.705745 -4.73567e-06 0.0621018 1.05307e-07 
481.211 492.807 509.461 28.3704 0.705744 -5.58373e-07 0.0621017 1.65637e-08 
481.217 492.795 509.46 28.3704 0.705744 6.10203e-07 0.0621017 -7.94343e-09 
481.219 492.8 509.459 28.3704 0.705744 9.89384e-07 0.0621017 -1.55798e-08 
481.22 492.812 509.459 28.3704 0.705744 1.16378e-06 0.0621017 -1.88001e-08 
481.22 492.825 509.459 28.3704 0.705744 1.29194e-06 0.0621017 -2.09477e-08 
481.22 492.841 509.459 28.3704 0.705744 1.42181e-06 0.0621017 -2.3074e-08 
481.22 492.858 509.459 28.3704 0.705744 1.56146e-06 0.0621017 -2.53155e-08 
481.22 492.876 509.459 28.3704 0.705744 1.71937e-06 0.0621017 -2.78319e-08 
481.22 492.896 509.458 28.3704 0.705744 1.90078e-06 0.0621016 -3.07644e-08 
481.22 492.919 509.458 28.3704 0.705744 2.10197e-06 0.0621016 -3.39127e-08 
481.22 492.943 509.458 28.3704 0.705744 2.34306e-06 0.0621016 -3.78086e-08 
481.22 492.971 509.458 28.3704 0.705744 2.61075e-06 0.0621016 -4.19981e-08 
481.219 493.001 509.457 28.3704 0.705744 2.93163e-06 0.0621016 -4.71131e-08 
481.219 493.036 509.457 28.3704 0.705743 3.29971e-06 0.0621016 -5.29035e-08 
481.219 493.074 509.457 28.3704 0.705743 3.73605e-06 0.0621016 -5.97739e-08 
481.219 493.118 509.456 28.3704 0.705743 4.2509e-06 0.0621016 -6.78172e-08 
481.219 493.167 509.456 28.3704 0.705743 4.87099e-06 0.0621016 -7.75591e-08 
481.219 493.224 509.455 28.3704 0.705743 5.60688e-06 0.0621016 -8.89704e-08 
481.219 493.288 509.454 28.3704 0.705743 6.50709e-06 0.0621016 -1.02914e-07 
481.219 493.363 509.453 28.3704 0.705743 7.61061e-06 0.0621016 -1.19904e-07 
481.218 493.451 509.452 28.3704 0.705743 8.98058e-06 0.0621016 -1.40902e-07 
481.218 493.553 509.451 28.3704 0.705743 1.06984e-05 0.0621015 -1.67008e-07 
481.218 493.675 509.449 28.3704 0.705742 1.28901e-05 0.0621015 -2.00101e-07 
481.217 493.821 509.446 28.3704 0.705742 1.57239e-05 0.0621015 -2.42426e-07 
481.217 493.997 509.443 28.3704 0.705741 1.94668e-05 0.0621014 -2.97689e-07 
481.216 494.214 509.439 28.3705 0.705741 2.45207e-05 0.0621014 -3.71236e-07 
481.215 494.484 509.433 28.3705 0.70574 3.15279e-05 0.0621013 -4.71046e-07 
481.214 494.827 509.424 28.3705 0.705739 4.16129e-05 0.0621011 -6.10513e-07 
481.211 495.272 509.411 28.3706 0.705737 5.68402e-05 0.062101 -8.11354e-07 
481.208 495.863 509.39 28.3707 0.705735 8.1487e-05 0.0621007 -1.11241e-06 
481.203 496.673 509.351 28.3708 0.70573 0.000125453 0.0621003 -1.58755e-06 
481.192 497.829 509.274 28.371 0.705722 0.00021435 0.0620997 -2.38867e-06 
481.17 499.567 509.095 28.3713 0.705707 0.000421068 0.0620987 -3.86553e-06 
481.116 502.38 508.622 28.3718 0.705671 0.00096694 0.0620969 -6.92456e-06 
480.964 507.416 507.248 28.3729 0.705575 0.0025505 0.0620933 -1.42835e-05 
480.51 517.796 503.04 28.3756 0.705295 0.00740092 0.0620842 -3.49551e-05 
479.076 543.165 489.906 28.373 0.704653 0.0225221 0.0620924 -6.5671e-05 
473.823 589.034 444.45 28.1194 0.707572 0.073219 0.0628417 0.000109643 
381.966 122.005 188.106 22.7587 4.57089e-05 -0.0119863 0.0611017 0 
381.966 122.005 188.106 22.7587 4.57089e-05 -0.0119863 0.0611017 0 
370.504 143.72 188.156 21.803 0.713522 -0.0111168 -0.180979 -0.125936 
359.91 165.446 198.167 13.5206 0.785418 -0.107242 -0.089484 -0.113222 
358.821 185.826 209.364 5.17181 -0.0465876 -0.19363 0.838638 -0.101861 
367.596 204.995 209.157 5.82893 -0.0355239 -0.2713 0.811303 -0.0916854 
375.627 223.082 209.089 6.32593 0.00520553 -0.341178 0.763156 -0.0825447 
383.089 240.196 209.578 6.37571 0.0106729 -0.404057 0.756328 -0.074307 
390.507 256.434 210.141 6.36723 0.00841199 -0.460628 0.757407 -0.0668595 
397.951 271.884 210.674 6.38281 0.0073146 -0.511495 0.756725 -0.0601059 
405.391 286.626 211.19 6.40903 0.00687328 -0.55719 0.755053 -0.0539634 
412.816 300.731 211.7 6.43857 0.00641868 -0.59818 0.753112 -0.0483619 
420.223 314.264 212.203 6.47145 0.00583349 -0.63488 0.750964 -0.0432415 
427.606 327.287 212.697 6.50886 0.00512624 -0.667657 0.748525 -0.0385514 
434.961 339.853 213.181 6.55187 0.00429209 -0.696841 0.74572 -0.0342487 
442.282 352.012 213.652 6.60154 0.00331193 -0.722727 0.742481 -0.0302973 
449.56 363.811 214.108 6.65909 0.00216474 -0.745585 0.738734 -0.0266665 
456.787 375.291 214.546 6.72587 0.000833887 -0.765661 0.734396 -0.0233308 
463.951 386.492 214.965 6.80336 -0.000688107 -0.783178 0.72938 -0.0202686 
471.041 397.449 215.361 6.89304 -0.00239432 -0.798347 0.723603 -0.0174618 
478.043 408.194 215.731 6.99621 -0.00425941 -0.811363 0.716989 -0.0148953 
484.939 418.758 216.073 7.11385 -0.00623996 -0.82241 0.709483 -0.012556 
491.715 429.169 216.384 7.24642 -0.00828045 -0.831662 0.701057 -0.0104327 
498.352 439.45 216.664 7.39376 -0.0103225 -0.839284 0.691721 -0.00851572 
504.832 449.626 216.913 7.55511 -0.0123133 -0.845434 0.681516 -0.00679609 
511.14 459.716 217.13 7.72919 -0.0142108 -0.850263 0.670517 -0.0052656 
517.26 469.739 217.317 7.91434 -0.0159888 -0.853916 0.658818 -0.00391635 
523.179 479.711 217.474 8.10872 -0.0176448 -0.856532 0.646522 -0.00274046 
528.886 489.647 217.605 8.31057 -0.0192067 -0.858244 0.633729 -0.00172989 
534.371 499.559 217.709 8.51852 -0.0207225 -0.859179 0.620536 -0.000876252 
539.628 509.459 217.787 8.73176 -0.0222203 -0.859457 0.607032 -0.000170643 
544.649 519.355 217.84 8.94983 -0.0236498 -0.859191 0.593292 0.000396418 
549.429 529.254 217.868 9.1717 -0.0248659 -0.858489 0.579379 0.000835078 
553.962 539.164 217.874 9.39487 -0.0257318 -0.857449 0.565335 0.00115615 
558.246 549.088 217.863 9.61559 -0.0263508 -0.85616 0.551195 0.0013711 
562.284 559.031 217.839 9.83154 -0.0272531 -0.854706 0.53699 0.00149199 
566.081 568.993 217.797 10.0462 -0.0291976 -0.853157 0.522776 0.00153134 
569.637 578.978 217.723 10.2707 -0.0323598 -0.851578 0.508634 0.00150204 
572.941 588.985 217.6 10.517 -0.035268 -0.85002 0.494654 0.00141717 
575.968 599.014 217.431 10.7804 -0.0347072 -0.848526 0.480891 0.00128976 
578.696 609.064 217.264 11.0224 -0.0280318 -0.84713 0.467333 0.0011326 
581.148 619.133 217.185 11.18 -0.0177394 -0.845854 0.453931 0.000957963 
583.418 629.221 217.245 11.2225 -0.0147026 -0.844712 0.440702 0.000777357 
585.642 639.324 217.347 11.237 -0.0336387 -0.843708 0.427861 0.0006012 
587.857 649.441 217.185 11.4588 -0.077064 -0.84284 0.41584 0.000438541 
589.833 659.571 216.413 12.1282 -0.115512 -0.842095 0.405021 0.000296735 
591.051 669.712 215.09 13.151 -0.0875 -0.841458 0.395403 0.000181137 
591.082 679.862 214.135 13.7899 0.0550222 -0.84091 0.386787 9.47764e-05 
590.333 690.021 215.151 12.8655 0.2616 -0.840431 0.379287 3.80475e-05 
590.587 700.185 219.065 9.84001 0.327172 -0.840001 0.373485 8.39586e-06 
594.31 710.353 223.961 6.39776 -0.0197051 -0.839595 0.369 0 
594.31 710.353 223.961 6.39776 -0.0197051 -0.839595 0.369 0 
602.768 723.008 224.135 7.08172 -1.02114 -0.839087 1.08616 -0.289971 
610.63 735.672 206.93 20.3472 -0.0329193 -1.1164 -0.091251 -0.237145 
599.122 743.544 206.488 19.9818 0.0650512 -1.34331 -0.0980607 -0.191409 
588.068 747.482 207.754 18.3708 0.0833817 -1.52656 -0.0413682 -0.152638 
579.287 748.242 209.382 16.6566 -0.0164383 -1.67279 0.0795112 -0.120341 
572.977 746.465 209.328 16.3601 -0.0827414 -1.78817 0.132891 -0.0937709 
567.098 742.687 208.132 16.9307 -0.0581746 -1.87817 0.0967329 -0.0721712 
560.375 737.35 207.347 17.1405 -0.0340272 -1.94754 0.0777986 -0.0547533 
553.324 730.81 206.974 17.0226 -0.0249454 -2.00026 0.08178 -0.0407621 
546.419 723.357 206.762 16.7952 -0.0251015 -2.03962 0.0953464 -0.0295472 
539.823 715.22 206.554 16.5852 -0.0274727 -2.06826 0.109241 -0.0206891 
533.512 706.588 206.31 16.4195 -0.0283107 -2.08843 0.120347 -0.0138369 
527.423 697.605 206.057 16.2751 -0.0275831 -2.10204 0.129676 -0.00836416 
521.525 688.386 205.82 16.1303 -0.0264289 -2.11043 0.138788 -0.00414659 
515.819 679.022 205.607 15.9796 -0.0254875 -2.11478 0.148254 -0.00083471 
510.315 669.582 205.415 15.8263 -0.0247983 -2.11595 0.157947 0.00169702 
505.017 660.121 205.238 15.6739 -0.0242002 -2.11471 0.167629 0.0036492 
499.924 650.682 205.077 15.5233 -0.0235881 -2.11159 0.177193 0.0050607 
495.034 641.297 204.93 15.3744 -0.0229486 -2.10712 0.186646 0.00598899 
490.347 631.989 204.799 15.2266 -0.0223053 -2.10175 0.196019 0.00660189 
485.859 622.774 204.682 15.0798 -0.0216766 -2.09579 0.205324 0.00693148 
481.572 613.662 204.581 14.9343 -0.0210666 -2.08952 0.214556 0.00705096 
477.483 604.659 204.494 14.79 -0.0204736 -2.08312 0.223703 0.00706074 
473.591 595.767 204.422 14.6473 -0.0198962 -2.07671 0.232757 0.0069642 
469.895 586.985 204.364 14.5061 -0.0193352 -2.07039 0.241708 0.00679844 
466.393 578.313 204.319 14.3666 -0.0187934 -2.06423 0.250551 0.00651148 
463.083 569.747 204.287 14.229 -0.018275 -2.05833 0.259274 0.00616994 
459.963 561.284 204.269 14.0934 -0.0177841 -2.05276 0.267868 0.00578392 
457.031 552.917 204.262 13.96 -0.0173209 -2.04755 0.276319 0.00538615 
454.283 544.64 204.268 13.8292 -0.0168798 -2.04272 0.284615 0.0049543 
451.717 536.447 204.284 13.7009 -0.0164558 -2.0383 0.292739 0.0045209 
449.33 528.33 204.312 13.5754 -0.0160648 -2.0343 0.300671 0.00410779 
447.119 520.283 204.349 13.4528 -0.0157632 -2.03068 0.308389 0.00368502 
445.078 512.298 204.396 13.3342 -0.0156168 -2.02747 0.315871 0.00328003 
443.204 504.368 204.448 13.2213 -0.0155839 -2.02465 0.323093 0.00290864 
441.489 496.488 204.504 13.1152 -0.0153905 -2.02218 0.330028 0.00255975 
439.923 488.65 204.566 13.0132 -0.0146667 -2.02004 0.336635 0.00223063 
438.501 480.849 204.644 12.9082 -0.0135973 -2.01821 0.342849 0.00192201 
437.227 473.08 204.743 12.7961 -0.0137112 -2.01668 0.348604 0.00163388 
436.112 465.337 204.843 12.6938 -0.0173204 -2.01543 0.353872 0.00137053 
435.144 457.615 204.884 12.6467 -0.0240157 -2.01443 0.358673 0.00112349 
434.245 449.911 204.81 12.6895 -0.025887 -2.01366 0.363003 0.000895911 
433.285 442.221 204.702 12.7488 -0.0094805 -2.01311 0.366699 0.000688283 
432.233 434.54 204.877 12.5822 0.0259037 -2.01276 0.369467 0.000502455 
431.406 426.864 205.669 11.9657 0.0403726 -2.01258 0.371143 0.000340324 
431.458 419.192 206.73 11.2267 -0.0423637 -2.01257 0.371967 0.000204228 
432.602 411.518 206.377 11.6617 -0.242638 -2.01268 0.372303 9.79908e-05 
433.199 403.843 202.541 14.6887 -0.366508 -2.01289 0.371777 2.73821e-05 
429.501 396.168 196.473 19.0078 0.00788682 -2.01316 0.369 0 
429.501 396.168 196.473 19.0078 0.00788682 -2.01316 0.369 0 
424.841 392.231 196.628 18.4412 0.556213 -2.01332 -0.0679176 0.360454 
420.491 388.292 201.667 14.369 0.47071 -1.8363 0.0191624 0.327794 
419.148 385.925 206.004 11.0772 0.158701 -1.67527 0.237389 0.297728 
420.285 384.988 207.613 10.0014 -0.137501 -1.52896 0.472986 0.27015 
422.271 385.352 206.604 10.8996 -0.208287 -1.39615 0.507552 0.244935 
423.612 386.897 204.952 12.2112 -0.156747 -1.27568 0.443473 0.221945 
423.981 389.514 203.739 13.1231 -0.0803692 -1.16648 0.369866 0.20103 
423.666 393.103 203.193 13.4944 -0.0257325 -1.06752 0.325054 0.182037 
423.067 397.572 203.128 13.492 8.4171e-05 -0.977855 0.309356 0.164812 
422.466 402.839 203.292 13.3213 0.00458042 -0.89663 0.311869 0.149205 
421.988 408.827 203.499 13.129 -0.00201486 -0.823047 0.322171 0.135072 
421.653 415.471 203.649 12.9885 -0.0110543 -0.756386 0.332911 0.122275 
421.422 422.706 203.722 12.9131 -0.0175717 -0.695991 0.340503 0.110685 
421.249 430.479 203.737 12.8831 -0.020291 -0.641271 0.344529 0.100185 
421.098 438.739 203.729 12.8717 -0.0201571 -0.591693 0.346225 0.0906638 
420.955 447.439 203.722 12.8594 -0.0187321 -0.546778 0.347072 0.0820227 
420.82 456.539 203.728 12.8379 -0.0172325 -0.506095 0.348069 0.0741709 
420.702 466.001 203.747 12.807 -0.016241 -0.469256 0.349605 0.0670272 
420.605 475.79 203.776 12.7707 -0.0158195 -0.435916 0.351644 0.0605185 
420.536 485.876 203.809 12.7327 -0.0157586 -0.405764 0.353969 0.0545798 
420.494 496.229 203.843 12.6957 -0.0158049 -0.37852 0.356354 0.0491532 
420.479 506.825 203.877 12.6602 -0.0158042 -0.353933 0.358647 0.0441877 
420.491 517.64 203.912 12.6258 -0.0157497 -0.331779 0.360784 0.0396384 
420.527 528.652 203.948 12.5922 -0.0157525 -0.311853 0.362765 0.035466 
420.589 539.841 203.984 12.5598 -0.0159542 -0.293971 0.364623 0.0316363 
420.674 551.189 204.019 12.5299 -0.0164141 -0.277966 0.366411 0.0281195 
420.781 562.679 204.05 12.5042 -0.0170119 -0.263683 0.368178 0.0248899 
420.908 574.296 204.076 12.4833 -0.0174257 -0.250982 0.369953 0.0219254 
421.05 586.026 204.099 12.4657 -0.017238 -0.239735 0.37173 0.019207 
421.205 597.857 204.124 12.4472 -0.0161733 -0.229819 0.373453 0.0167185 
421.373 609.775 204.158 12.4218 -0.0143927 -0.221124 0.375025 0.0144459 
421.56 621.771 204.209 12.3853 -0.0126774 -0.213542 0.376343 0.0123774 
421.774 633.834 204.275 12.3388 -0.0123078 -0.206974 0.377347 0.0105026 
422.022 645.955 204.346 12.292 -0.0145286 -0.201326 0.37807 0.00881227 
422.305 658.127 204.397 12.2627 -0.0197036 -0.196507 0.378637 0.00729844 
422.611 670.341 204.403 12.2699 -0.0265395 -0.192429 0.379213 0.00595356 
422.913 682.592 204.348 12.3227 -0.0319314 -0.189012 0.379912 0.00477051 
423.177 694.873 204.244 12.4087 -0.0318896 -0.186175 0.380703 0.00374224 
423.378 707.18 204.139 12.4891 -0.0235557 -0.183842 0.381399 0.00286152 
423.519 719.507 204.107 12.5081 -0.00761382 -0.181941 0.38173 0.00212071 
423.642 731.851 204.217 12.4181 0.0102074 -0.180404 0.381493 0.00151151 
423.829 744.209 204.487 12.2128 0.0199416 -0.179166 0.380664 0.00102474 
424.165 756.578 204.846 11.9539 0.0111772 -0.178167 0.379427 0.000650138 
424.693 768.955 205.13 11.7697 -0.0209543 -0.177352 0.378064 0.000376178 
425.364 781.34 205.132 11.8142 -0.0700729 -0.176671 0.376774 0.000189857 
426.011 793.73 204.696 12.1889 -0.116644 -0.17608 0.375519 7.65329e-05 
426.392 806.126 203.841 12.8575 -0.132824 -0.175544 0.374067 1.97535e-05 
426.284 818.527 202.832 13.5974 -0.094436 -0.175036 0.372218 1.09316e-06 
425.625 830.934 202.154 14.0354 0.00342629 -0.174537 0.369 0 
425.625 830.934 202.154 14.0354 0.00342629 -0.174537 0.369 0 
432.299 821.631 205.686 17.3373 7.43861e-05 0.0668122 0.482653 -3.51904e-14 
438.973 812.328 209.104 19.409 1.72678e-06 0.129132 0.480306 -8.95158e-15 
445.648 803.025 212.409 20.664 1.51739e-07 0.14529 0.477959 -2.33484e-15 
452.322 793.723 215.6 21.4127 1.17595e-07 0.149481 0.475612 -5.33935e-16 
458.995 784.42 218.675 21.8568 1.16856e-07 0.150568 0.473265 -1.25803e-16 
465.669 775.117 221.634 22.1196 1.16841e-07 0.15085 0.470918 -1.11891e-16 
472.343 765.815 224.476 22.2751 1.16843e-07 0.150922 0.468571 -8.73625e-20 
479.017 756.512 227.2 22.3671 1.16845e-07 0.150941 0.466224 -2.71528e-17 
485.69 747.209 229.804 22.4214 1.16848e-07 0.150946 0.463878 -2.34325e-17 
492.364 737.906 232.289 22.4536 1.16851e-07 0.150947 0.461531 -1.35834e-17 
499.038 728.604 234.653 22.4726 1.16854e-07 0.150948 0.459184 6.93015e-18 
505.712 719.301 236.895 22.4838 1.16857e-07 0.150948 0.456837 -2.48795e-17 
512.386 709.998 239.015 22.4905 1.1686e-07 0.150948 0.45449 2.10478e-17 
519.06 700.695 241.012 22.4944 1.16863e-07 0.150948 0.452143 3.01806e-17 
525.734 691.393 242.884 22.4967 1.16866e-07 0.150948 0.449796 4.67322e-17 
532.408 682.09 244.631 22.4981 1.16869e-07 0.150948 0.447449 2.26688e-17 
539.083 672.787 246.253 22.4989 1.16871e-07 0.150948 0.445102 3.94947e-17 
545.757 663.485 247.749 22.4994 1.16874e-07 0.150948 0.442755 2.91178e-19 
552.432 654.182 249.117 22.4997 1.16877e-07 0.150948 0.440408 3.37731e-17 
559.108 644.879 250.358 22.4998 1.1688e-07 0.150948 0.438061 -1.49121e-17 
565.783 635.576 251.471 22.4999 1.16883e-07 0.150948 0.435714 -2.15042e-17 
572.459 626.274 252.456 22.5 1.16885e-07 0.150948 0.433367 5.04236e-17 
579.136 616.971 253.311 22.5 1.16888e-07 0.150948 0.43102 -3.05951e-17 
585.812 607.668 254.037 22.5 1.16891e-07 0.150948 0.428673 1.99284e-17 
592.489 598.365 254.633 22.5001 1.16894e-07 0.150948 0.426327 -4.40178e-17 
599.167 589.063 255.099 22.5001 1.16896e-07 0.150948 0.42398 2.82481e-18 
605.845 579.76 255.434 22.5001 1.16899e-07 0.150948 0.421633 2.07296e-17 
612.523 570.457 255.639 22.5001 1.16902e-07 0.150947 0.419286 -1.46991e-17 
619.202 561.155 255.714 22.5001 1.16905e-07 0.150947 0.416939 1.41548e-18 
625.882 551.852 255.658 22.5001 1.16907e-07 0.150947 0.414592 3.4988e-17 
632.562 542.549 255.471 22.5001 1.1691e-07 0.150947 0.412245 -1.48974e-17 
639.243 533.246 255.154 22.5001 1.16913e-07 0.150947 0.409898 -1.33427e-17 
645.924 523.944 254.706 22.5001 1.16915e-07 0.150947 0.407551 3.62359e-19 
652.606 514.641 254.128 22.5001 1.16918e-07 0.150947 0.405204 -3.41294e-17 
659.289 505.338 253.421 22.5001 1.16921e-07 0.150947 0.402857 7.29019e-18 
665.972 496.035 252.583 22.5001 1.16924e-07 0.150947 0.40051 -8.38008e-18 
672.656 486.733 251.617 22.5001 1.16926e-07 0.150947 0.398163 -3.75431e-18 
679.341 477.43 250.522 22.5001 1.16929e-07 0.150947 0.395816 -1.43376e-17 
686.026 468.127 249.299 22.5001 1.16932e-07 0.150947 0.393469 5.86314e-18 
692.712 458.825 247.948 22.5001 1.16935e-07 0.150947 0.391122 -1.09234e-18 
699.4 449.522 246.471 22.5001 1.16938e-07 0.150945 0.388776 4.00114e-18 
706.088 440.219 244.866 22.5001 1.16941e-07 0.150937 0.386429 1.25765e-17 
712.777 430.916 243.136 22.5001 1.16944e-07 0.150908 0.384082 1.13648e-18 
719.466 421.614 241.282 22.5001 1.16947e-07 0.150799 0.381735 7.9844e-18 
726.157 412.311 239.302 22.5001 1.16949e-07 0.150388 0.379388 -3.9101e-19 
732.849 403.008 237.2 22.5001 1.16951e-07 0.14884 0.377041 1.20998e-17 
739.542 393.705 234.975 22.5001 1.16898e-07 0.143021 0.374694 1.89534e-17 
746.235 384.403 232.628 22.5001 1.14365e-07 0.121159 0.372347 1.91337e-17 
752.93 375.1 230.16 22.5 1.09532e-11 0.0385027 0.369 0 
752.93 375.1 230.16 22.5 1.09532e-11 0.0385027 0.369 0 
748.249 384.491 230.183 22.0304 0.552979 0.0388788 -0.0843394 0.0195544 
743.724 393.885 233.438 19.2401 0.681016 0.0455578 -0.0707126 0.0183643 
740.527 403.316 237.466 15.9839 0.66578 0.0518533 -0.0353858 0.0173201 
738.901 412.783 241.435 12.9101 0.501412 0.0578135 0.0320383 0.0164009 
738.778 422.283 244.474 10.6656 0.227003 0.0634802 0.15929 0.0155882 
739.773 431.816 245.933 9.69215 -0.0586854 0.0688886 0.347876 0.0148653 
741.273 441.38 245.733 9.97565 -0.231839 0.0740677 0.478612 0.0142171 
742.659 450.974 244.52 10.9835 -0.274166 0.0790405 0.505542 0.0136304 
743.564 460.597 243.051 12.1341 -0.237002 0.0838256 0.472321 0.0130932 
743.91 470.249 241.788 13.0844 -0.165442 0.0884382 0.414745 0.0125952 
743.788 479.928 240.933 13.6957 -0.0920201 0.0928905 0.359091 0.0121271 
743.361 489.634 240.501 13.9721 -0.0338203 0.0971922 0.319215 0.011681 
742.794 499.364 240.407 13.9898 0.00449889 0.10135 0.29705 0.0112502 
742.212 509.119 240.536 13.8424 0.0242121 0.10537 0.289276 0.0108288 
741.699 518.898 240.781 13.615 0.0288637 0.109255 0.291679 0.0104122 
741.295 528.698 241.056 13.3751 0.0230098 0.113006 0.30039 0.00999641 
741.006 538.521 241.298 13.168 0.0115232 0.116624 0.312053 0.00957852 
740.819 548.365 241.476 13.0168 -0.00116739 0.120108 0.323943 0.00915631 
740.706 558.229 241.581 12.9246 -0.0117661 0.123457 0.334193 0.00872831 
740.639 568.112 241.625 12.8804 -0.0184521 0.126669 0.34192 0.0082937 
740.593 578.015 241.63 12.8655 -0.0208027 0.129741 0.3471 0.00785231 
740.555 587.935 241.622 12.8603 -0.0194438 0.132672 0.350257 0.00740453 
740.519 597.872 241.621 12.8485 -0.0156295 0.135459 0.352115 0.00695124 
740.488 607.825 241.643 12.8197 -0.0108768 0.1381 0.353336 0.00649379 
740.47 617.794 241.693 12.7705 -0.0066848 0.140594 0.354397 0.00603392 
740.476 627.778 241.768 12.7044 -0.00431376 0.142941 0.355566 0.00557371 
740.513 637.775 241.858 12.6299 -0.00459709 0.145139 0.35696 0.00511553 
740.585 647.785 241.946 12.5592 -0.00778054 0.147191 0.35861 0.00466198 
740.693 657.807 242.017 12.5049 -0.0134142 0.149096 0.360524 0.00421583 
740.827 667.84 242.055 12.4771 -0.0203441 0.150858 0.362713 0.00377993 
740.975 677.883 242.053 12.4807 -0.0268525 0.15248 0.36518 0.00335722 
741.123 687.936 242.013 12.5123 -0.0309713 0.153966 0.367893 0.0029506 
741.256 697.997 241.949 12.5603 -0.0309467 0.155321 0.370754 0.00256291 
741.365 708.066 241.884 12.6057 -0.0257729 0.156551 0.373583 0.00219684 
741.452 718.143 241.849 12.6256 -0.0156602 0.157664 0.376144 0.0018549 
741.529 728.226 241.873 12.5992 -0.00228295 0.158666 0.378191 0.00153933 
741.616 738.315 241.975 12.5139 0.011328 0.159567 0.379543 0.00125204 
741.742 748.409 242.158 12.3711 0.0213066 0.160375 0.380136 0.000994573 
741.937 758.508 242.4 12.1892 0.023836 0.161101 0.380054 0.000768007 
742.219 768.611 242.659 12.003 0.0162214 0.161753 0.379504 0.000572919 
742.592 778.717 242.874 11.8579 -0.00211365 0.162342 0.378745 0.000409312 
743.037 788.827 242.985 11.7999 -0.0290077 0.162879 0.378008 0.000276561 
743.515 798.941 242.938 11.8637 -0.0595671 0.163374 0.377402 0.000173372 
743.965 809.057 242.713 12.0609 -0.0869166 0.163836 0.376885 9.77506e-05 
744.324 819.175 242.327 12.3722 -0.103624 0.164273 0.376287 4.69102e-05 
744.534 829.297 241.84 12.746 -0.103528 0.164695 0.375389 1.70175e-05 
744.564 839.421 241.35 13.1054 -0.0835484 0.165107 0.374036 3.02116e-06 
744.418 849.548 240.973 13.3627 -0.0450167 0.165514 0.372202 -6.90038e-07 
744.143 859.677 240.819 13.4397 0.00587986 0.16592 0.369 0 
744.143 859.677 240.819 13.4397 0.00587986 0.16592 0.369 0 
741.731 857.266 241.789 14.5078 0.00124036 0.105977 0.482653 2.67947e-13 
739.32 854.855 242.753 15.4655 0.000264255 0.0656722 0.480306 1.28213e-13 
736.909 852.444 243.712 16.3204 5.88912e-05 0.038718 0.477959 5.16987e-14 
734.498 850.033 244.665 17.0802 1.56834e-05 0.0207554 0.475612 1.20989e-14 
732.087 847.622 245.612 17.7532 6.59248e-06 0.00881464 0.473265 -6.57146e-15 
729.676 845.21 246.553 18.3473 4.6797e-06 0.000892422 0.470918 -1.38189e-14 
727.265 842.799 247.489 18.8703 4.27723e-06 -0.00435499 0.468571 -1.53031e-14 
724.854 840.388 248.419 19.3297 4.19255e-06 -0.00782547 0.466224 -1.39939e-14 
722.443 837.977 249.343 19.7326 4.17474e-06 -0.0101174 0.463878 -1.18036e-14 
720.032 835.566 250.261 20.0854 4.17099e-06 -0.0116288 0.461531 -9.49533e-15 
717.621 833.155 251.173 20.394 4.1702e-06 -0.012624 0.459184 -7.28949e-15 
715.21 830.744 252.08 20.6637 4.17004e-06 -0.0132783 0.456837 -5.42976e-15 
712.799 828.333 252.981 20.8992 4.17001e-06 -0.0137077 0.45449 -3.99942e-15 
710.388 825.922 253.876 21.1047 4.17e-06 -0.013989 0.452143 -2.88909e-15 
707.977 823.511 254.765 21.2841 4.17e-06 -0.014173 0.449796 -2.10011e-15 
705.566 821.1 255.649 21.4405 4.17e-06 -0.0142931 0.447449 -1.47863e-15 
703.154 818.689 256.527 21.5769 4.17e-06 -0.0143713 0.445102 -1.01289e-15 
700.743 816.278 257.398 21.6958 4.17001e-06 -0.0144222 0.442755 -8.1119e-16 
698.332 813.867 258.264 21.7995 4.17001e-06 -0.0144552 0.440408 -5.13571e-16 
695.921 811.456 259.125 21.8898 4.17001e-06 -0.0144766 0.438061 -3.96215e-16 
693.51 809.045 259.979 21.9686 4.17001e-06 -0.0144906 0.435714 -1.89439e-16 
691.099 806.633 260.828 22.0372 4.17001e-06 -0.0144997 0.433367 -1.25935e-16 
688.688 804.222 261.67 22.097 4.17001e-06 -0.0145058 0.43102 -1.13527e-16 
686.277 801.811 262.507 22.1491 4.17001e-06 -0.0145101 0.428673 -4.55883e-17 
683.866 799.4 263.338 22.1944 4.17001e-06 -0.0145134 0.426327 -4.36342e-17 
681.455 796.989 264.163 22.234 4.17001e-06 -0.0145162 0.42398 -4.47545e-17 
679.044 794.578 264.982 22.2684 4.17001e-06 -0.014519 0.421633 3.2031e-17 
676.633 792.167 265.796 22.2984 4.17001e-06 -0.0145221 0.419286 4.10396e-17 
674.222 789.756 266.603 22.3245 4.17001e-06 -0.0145259 0.416939 -4.55032e-19 
671.811 787.345 267.405 22.3473 4.17001e-06 -0.0145309 0.414592 3.62604e-17 
669.4 784.934 268.201 22.367 4.17001e-06 -0.0145373 0.412245 2.75535e-17 
666.989 782.523 268.99 22.3843 4.17001e-06 -0.0145458 0.409898 5.5301e-17 
664.577 780.112 269.774 22.3992 4.17001e-06 -0.0145569 0.407551 4.25044e-17 
662.166 777.701 270.552 22.4122 4.17001e-06 -0.0145714 0.405204 1.00419e-16 
659.755 775.29 271.324 22.4235 4.17001e-06 -0.0145901 0.402857 8.63175e-17 
657.344 772.879 272.091 22.4333 4.17001e-06 -0.0146136 0.40051 8.25631e-17 
654.933 770.468 272.851 22.4417 4.17001e-06 -0.0146426 0.398163 5.27479e-17 
652.522 768.056 273.605 22.449 4.17001e-06 -0.0146772 0.395816 4.56551e-17 
650.111 765.645 274.354 22.4553 4.17002e-06 -0.0147163 0.393469 3.19077e-17 
647.7 763.234 275.096 22.4607 4.17003e-06 -0.0147568 0.391122 -1.24951e-17 
645.289 760.823 275.833 22.4652 4.1701e-06 -0.0147917 0.388776 -8.03828e-17 
642.878 758.412 276.563 22.4691 4.17038e-06 -0.0148073 0.386429 -1.44882e-16 
640.467 756.001 277.288 22.4723 4.17145e-06 -0.0147786 0.384082 -2.19825e-16 
638.056 753.59 278.006 22.475 4.17528e-06 -0.0146619 0.381735 -3.13971e-16 
635.645 751.179 278.719 22.4771 4.18795e-06 -0.0143825 0.379388 -3.55343e-16 
633.234 748.768 279.426 22.4787 4.22264e-06 -0.013817 0.377041 -3.57809e-16 
630.823 746.357 280.127 22.4799 4.2702e-06 -0.012764 0.374694 -2.68605e-16 
628.412 743.946 280.821 22.4806 3.95775e-06 -0.010902 0.372347 -1.14352e-16 
626 741.535 281.51 22.481 1.41769e-10 -0.00772592 0.369 0 
626 741.535 281.51 22.481 1.41769e-10 -0.00772592 0.369 0 
625.54 742.435 281.446 22.3685 -0.0117088 -0.0205388 -0.188386 -0.0934506 
625.084 743.327 281.376 22.2759 -0.0719501 -0.0355546 -0.176774 -0.0839804 
624.633 744.211 281.271 22.2096 -0.131658 -0.049519 -0.165162 -0.0752261 
624.186 745.086 281.131 22.1695 -0.190687 -0.0624759 -0.15355 -0.0671557 
623.741 745.955 280.958 22.155 -0.248897 -0.0744694 -0.141938 -0.0597368 
623.298 746.816 280.751 22.1658 -0.306148 -0.0855429 -0.130325 -0.0529371 
622.854 747.671 280.511 22.2014 -0.362303 -0.0957395 -0.118713 -0.0467242 
622.409 748.52 280.239 22.2611 -0.417227 -0.105102 -0.107101 -0.041066 
621.962 749.364 279.935 22.3444 -0.470789 -0.113672 -0.0954886 -0.0359306 
621.511 750.202 279.6 22.4505 -0.522863 -0.121491 -0.0838764 -0.0312865 
621.055 751.037 279.235 22.5787 -0.573324 -0.128601 -0.0722641 -0.0271026 
620.594 751.867 278.841 22.7283 -0.622053 -0.13504 -0.0606519 -0.0233485 
620.125 752.693 278.419 22.8983 -0.668934 -0.140849 -0.0490396 -0.0199946 
619.649 753.516 277.97 23.088 -0.713858 -0.146064 -0.0374274 -0.0170119 
619.164 754.336 277.494 23.2963 -0.756719 -0.150725 -0.0258151 -0.0143722 
618.67 755.154 276.994 23.5223 -0.797416 -0.154867 -0.0142029 -0.0120485 
618.165 755.969 276.47 23.765 -0.835855 -0.158526 -0.00259062 -0.0100145 
617.649 756.782 275.924 24.0233 -0.871945 -0.161737 0.00902164 -0.00824495 
617.12 757.593 275.357 24.2961 -0.905603 -0.164532 0.0206339 -0.00671585 
616.579 758.403 274.77 24.5824 -0.936752 -0.166944 0.0322462 -0.0054042 
616.024 759.211 274.165 24.881 -0.96532 -0.169004 0.0438584 -0.00428818 
615.455 760.018 273.543 25.1907 -0.991242 -0.170743 0.0554707 -0.00334714 
614.871 760.824 272.906 25.5102 -1.01446 -0.172189 0.067083 -0.00256165 
614.272 761.629 272.255 25.8384 -1.03492 -0.173371 0.0786953 -0.00191347 
613.658 762.434 271.593 26.1741 -1.05258 -0.174314 0.0903076 -0.00138562 
613.027 763.237 270.919 26.516 -1.06739 -0.175043 0.10192 -0.000962297 
612.38 764.041 270.237 26.8627 -1.07934 -0.175585 0.113532 -0.000628957 
611.717 764.844 269.548 27.2131 -1.08838 -0.17596 0.125144 -0.000372245 
611.036 765.647 268.853 27.5658 -1.09451 -0.176191 0.136757 -0.000179997 
610.339 766.45 268.154 27.9197 -1.09771 -0.176298 0.148369 -4.1219e-05 
609.624 767.253 267.454 28.2733 -1.09799 -0.1763 0.159981 5.39457e-05 
608.892 768.056 266.752 28.6253 -1.09533 -0.176215 0.171594 0.000114251 
608.144 768.859 266.052 28.9747 -1.08976 -0.17606 0.183206 0.000147385 
607.378 769.662 265.355 29.3199 -1.08129 -0.175851 0.194819 0.00016002 
606.595 770.465 264.662 29.6599 -1.06995 -0.175601 0.206431 0.000157857 
605.796 771.269 263.976 29.9933 -1.05575 -0.175322 0.218044 0.000145684 
604.98 772.072 263.297 30.319 -1.03876 -0.175028 0.229656 0.000127432 
604.149 772.876 262.628 30.6357 -1.01899 -0.174727 0.241269 0.000106243 
603.302 773.68 261.97 30.9423 -0.996519 -0.174429 0.252882 8.45289e-05 
602.439 774.484 261.325 31.2377 -0.97139 -0.174142 0.264495 6.40504e-05 
601.562 775.288 260.694 31.5207 -0.943667 -0.173872 0.276108 4.59848e-05 
600.671 776.093 260.078 31.9222 -0.913422 -0.173625 0.287723 3.10042e-05 
599.761 776.897 259.48 32.3087 -0.880008 -0.173403 0.299339 1.93542e-05 
598.831 777.702 258.9 32.6789 -0.84351 -0.173211 0.310963 1.0934e-05 
597.883 778.507 258.341 33.0314 -0.804017 -0.173049 0.324394 5.37931e-06 
596.918 779.312 257.805 33.365 -0.643519 -0.172917 0.419893 2.14568e-06 
595.935 780.117 257.36 33.6245 -0.458754 -0.172815 0.4036 5.92907e-07 
594.938 780.922 257.022 33.8025 -0.274099 -0.17274 0.387298 6.99788e-08 
593.93 781.727 256.79 33.8331 -0.0899993 -0.172688 0.369 0 
593.93 781.727 256.79 33.8331 -0.0899993 -0.172688 0.369 0 
582.84 790.857 255.843 33.0028 0.900976 -0.231003 -0.188388 -0.201483 
572.034 799.617 261.171 27.5953 1.30847 -0.346816 -0.176775 -0.174524 
563.982 807.642 269.13 20.4473 1.4 -0.44868 -0.165163 -0.162621 
559.64 815.021 277.739 13.7254 1.07368 -0.545204 -0.153551 -0.158243 
558.854 821.787 284.354 8.84691 0.358148 -0.640819 -0.141939 -0.154819 
560.713 827.946 286.494 7.60805 -0.633288 -0.736126 -0.130319 -0.147804 
563.352 833.503 282.378 11.186 -1.4 -0.828898 0.136677 -0.137251 
564.222 838.473 273.379 18.2302 -1.4 -0.91682 1.03951 -0.123432 
561.409 842.891 264.308 24.157 -0.210511 -0.997614 0.0388272 -0.106664 
555.328 846.801 262.697 24.3972 -0.109982 -1.06905 -0.0838767 -0.0882729 
549.092 850.259 261.72 24.1781 -0.1117 -1.12962 -0.072265 -0.0700325 
542.954 853.334 260.734 23.9731 -0.115561 -1.17893 -0.0606529 -0.0535908 
536.908 856.097 259.726 23.7919 -0.120707 -1.2177 -0.0490407 -0.0400623 
530.941 858.614 258.687 23.6396 -0.125704 -1.24754 -0.0374284 -0.0298549 
525.039 860.944 257.618 23.5144 -0.128818 -1.27046 -0.0258162 -0.0227268 
519.187 863.128 256.531 23.4061 -0.12844 -1.28847 -0.014204 -0.0179967 
513.376 865.198 255.447 23.2973 -0.123586 -1.30323 -0.00259169 -0.0148085 
507.606 867.175 254.395 23.1663 -0.114323 -1.3158 0.00902059 -0.0123678 
501.887 869.072 253.402 22.9929 -0.102009 -1.3267 0.0206329 -0.0100972 
496.242 870.901 252.49 22.7642 -0.0892058 -1.33595 0.0322452 -0.00769657 
490.7 872.67 251.66 22.4801 -0.0792307 -1.3433 0.0438574 -0.00512006 
485.29 874.394 250.897 22.1564 -0.0753819 -1.34841 0.0554696 -0.00249831 
480.034 876.084 250.161 21.8243 -0.0799808 -1.35101 0.0670819 -4.10744e-05 
474.937 877.759 249.4 21.5248 -0.0934688 -1.35102 0.0786941 0.00205061 
469.984 879.433 248.556 21.2993 -0.113829 -1.34859 0.0903063 0.00364347 
465.137 881.122 247.586 21.1778 -0.13658 -1.34404 0.101919 0.00469581 
460.342 882.84 246.473 21.1675 -0.155474 -1.33782 0.113531 0.00525032 
455.541 884.597 245.241 21.2452 -0.16388 -1.33039 0.125143 0.00540687 
450.686 886.401 243.955 21.3569 -0.156601 -1.32218 0.136755 0.00528832 
445.757 888.258 242.714 21.4258 -0.131718 -1.31351 0.148368 0.0050101 
440.774 890.169 241.629 21.3689 -0.0919289 -1.30461 0.15998 0.00466046 
435.802 892.136 240.797 21.1198 -0.0448778 -1.29556 0.171592 0.00429314 
430.939 894.161 240.264 20.6513 -0.00213672 -1.2864 0.183204 0.00393072 
426.302 896.243 240.007 19.9932 0.0231912 -1.27711 0.194817 0.00357448 
421.991 898.383 239.916 19.2373 0.0198834 -1.26768 0.206429 0.00321606 
418.063 900.583 239.812 18.5251 -0.0177142 -1.2581 0.218041 0.00284728 
414.499 902.844 239.478 18.0199 -0.0867214 -1.24843 0.229653 0.00246612 
411.196 905.165 238.713 17.8642 -0.174508 -1.23875 0.241265 0.00207832 
407.973 907.547 237.394 18.134 -0.26 -1.22919 0.252878 0.00169579 
404.607 909.99 235.531 18.8006 -0.317731 -1.21987 0.26449 0.0013332 
400.887 912.492 233.297 19.7142 -0.324137 -1.21093 0.276102 0.00100445 
396.677 915.051 231.013 20.6178 -0.264805 -1.20251 0.287714 0.000720053 
391.973 917.664 229.096 21.1955 -0.14083 -1.1947 0.299327 0.00048592 
386.937 920.326 227.956 21.1498 0.0277894 -1.1876 0.310939 0.000303395 
381.887 923.033 227.883 20.2917 0.203382 -1.18126 0.322551 0.00017009 
377.25 925.78 228.928 18.6211 0.337233 -1.17576 0.334163 8.09182e-05 
373.455 928.561 230.837 16.3722 0.380988 -1.17114 0.345776 2.88781e-05 
370.818 931.37 233.045 14.0024 0.300684 -1.16748 0.357388 5.36292e-06 
369.42 934.201 234.77 12.4047 0.0899998 -1.16485 0.369 0 
369.42 934.201 234.77 12.4047 0.0899998 -1.16485 0.369 0 
369.629 923.03 238.797 16.8578 0.00137096 -0.1208 0.482653 5.97203e-12 
369.834 911.859 242.683 19.4403 2.09929e-05 0.0923539 0.480306 1.65638e-12 
370.035 900.687 246.428 20.8592 4.31674e-07 0.135522 0.477959 4.08576e-13 
370.232 889.516 250.031 21.6231 1.18617e-07 0.144261 0.475612 8.92712e-14 
370.425 878.345 253.491 22.0319 1.13946e-07 0.146031 0.473265 1.31149e-14 
370.614 867.174 256.807 22.2502 1.1394e-07 0.146389 0.470918 -3.96857e-15 
370.799 856.002 259.978 22.3667 1.13979e-07 0.146461 0.468571 -7.08193e-15 
370.98 844.831 263.004 22.4289 1.13999e-07 0.146476 0.466224 -7.2949e-15 
371.157 833.66 265.883 22.4621 1.14005e-07 0.146479 0.463878 -6.94014e-15 
371.331 822.489 268.615 22.4798 1.14002e-07 0.14648 0.461531 -6.34005e-15 
371.5 811.317 271.198 22.4893 1.13993e-07 0.14648 0.459184 -5.76842e-15 
371.665 800.146 273.632 22.4943 1.1398e-07 0.14648 0.456837 -5.32498e-15 
371.826 788.975 275.916 22.497 1.13964e-07 0.14648 0.45449 -4.75778e-15 
371.983 777.804 278.05 22.4984 1.13946e-07 0.14648 0.452143 -4.28006e-15 
372.136 766.632 280.033 22.4992 1.13926e-07 0.146479 0.449796 -3.85106e-15 
372.285 755.461 281.863 22.4996 1.13906e-07 0.146479 0.447449 -3.53982e-15 
372.431 744.29 283.541 22.4998 1.13885e-07 0.146479 0.445102 -3.19669e-15 
372.572 733.119 285.066 22.4999 1.13863e-07 0.146479 0.442755 -2.81481e-15 
372.709 721.947 286.436 22.5 1.13841e-07 0.146479 0.440408 -2.51836e-15 
372.843 710.776 287.653 22.5 1.13818e-07 0.146479 0.438061 -2.24833e-15 
372.972 699.605 288.715 22.5001 1.13796e-07 0.146479 0.435714 -1.98461e-15 
373.098 688.434 289.621 22.5001 1.13773e-07 0.146479 0.433367 -1.69203e-15 
373.22 677.262 290.373 22.5001 1.1375e-07 0.146479 0.43102 -1.46989e-15 
373.337 666.091 290.968 22.5001 1.13728e-07 0.146479 0.428673 -1.30579e-15 
373.451 654.92 291.407 22.5001 1.13705e-07 0.146479 0.426327 -1.14942e-15 
373.561 643.749 291.691 22.5001 1.13683e-07 0.146479 0.42398 -9.15846e-16 
373.667 632.577 291.818 22.5001 1.13661e-07 0.146479 0.421633 -7.76439e-16 
373.77 621.406 291.788 22.5001 1.13639e-07 0.146479 0.419286 -6.87539e-16 
373.868 610.235 291.603 22.5001 1.13618e-07 0.146479 0.416939 -4.93113e-16 
373.962 599.064 291.261 22.5001 1.13597e-07 0.146479 0.414592 -4.70112e-16 
374.053 587.892 290.763 22.5001 1.13577e-07 0.146479 0.412245 -2.92336e-16 
374.139 576.721 290.109 22.5001 1.13558e-07 0.146479 0.409898 -2.55373e-16 
374.222 565.55 289.299 22.5001 1.1354e-07 0.146479 0.407551 -1.86142e-16 
374.301 554.379 288.334 22.5001 1.13522e-07 0.146479 0.405204 -1.08496e-16 
374.376 543.207 287.215 22.5001 1.13506e-07 0.146479 0.402857 -8.34909e-17 
374.447 532.036 285.94 22.5001 1.1349e-07 0.146479 0.40051 -5.75032e-17 
374.514 520.865 284.512 22.5001 1.13476e-07 0.146479 0.398163 -3.09881e-17 
374.578 509.694 282.929 22.5001 1.13463e-07 0.146479 0.395816 -8.54697e-18 
374.637 498.522 281.194 22.5001 1.13452e-07 0.146479 0.393469 2.00008e-17 
374.693 487.351 279.307 22.5001 1.13442e-07 0.146479 0.391122 3.61454e-17 
374.745 476.18 277.267 22.5001 1.13434e-07 0.146479 0.388776 4.19309e-17 
374.793 465.009 275.077 22.5001 1.13428e-07 0.146477 0.386429 5.95422e-17 
374.837 453.837 272.736 22.5001 1.13423e-07 0.146468 0.384082 1.5116e-16 
374.877 442.666 270.246 22.5001 1.13421e-07 0.146429 0.381735 3.78325e-16 
374.913 431.495 267.607 22.5001 1.13421e-07 0.146242 0.379388 9.48114e-16 
374.946 420.324 264.82 22.5001 1.13417e-07 0.145361 0.377041 1.9985e-15 
374.974 409.152 261.886 22.5001 1.13176e-07 0.141212 0.374694 2.97034e-15 
374.999 397.981 258.806 22.5001 1.06156e-07 0.121725 0.372347 1.90041e-15 
375.02 386.81 255.58 22.5 3.02767e-11 0.0296281 0.369 0 
375.02 386.81 255.58 22.5 3.02767e-11 0.0296281 0.369 0 
356.416 425.816 253.79 18.5533 0.530775 1.81107 0.319798 0.811573 
345.566 510.34 265.726 5 -0.0976885 4.52959 1.13739 0.341033 
363.456 664.311 262.156 5 -0.0967418 5.79477 1.12108 0.00636869 
381.188 850.613 258.611 5.00001 -0.0957957 5.83735 1.10478 -0.0278876 
398.74 1038 255.09 5.00001 -0.0948497 5.72966 1.08847 -0.0343355 
416.108 1222.64 251.593 5.00001 -0.0939038 5.58993 1.07216 -0.0517785 
433.294 1403.71 248.12 5.00001 -0.0929579 5.36608 1.05586 -0.0849841 
450.297 1579.05 244.672 5.00001 -0.092012 4.98688 1.03955 -0.132351 
467.116 1744.71 241.248 5.00001 -0.0910663 4.38819 1.02324 -0.182496 
483.746 1895.07 237.847 5.00001 -0.0901207 3.55362 1.00694 -0.219751 
500.185 2024.1 234.471 5.00001 -0.0891752 2.53214 0.990632 -0.232051 
516.43 2127.03 231.119 5.00001 -0.0882298 1.42517 0.974326 -0.215067 
532.48 2201.67 227.792 5.00001 -0.0872843 0.359363 0.95802 -0.172673 
548.338 2249.07 224.488 5.00001 -0.0863388 -0.54262 0.941714 -0.115381 
564.007 2273.42 221.209 5.00001 -0.0853931 -1.19013 0.925408 -0.0572696 
579.495 2281.23 217.954 5.00001 -0.0844472 -1.54854 0.909102 -0.011654 
594.809 2279.88 214.723 5.00001 -0.0835013 -1.65179 0.892796 0.0132644 
609.954 2275.89 211.516 5.00001 -0.0825552 -1.59413 0.87649 0.0169311 
624.936 2273.37 208.333 5.00001 -0.0816092 -1.49777 0.860183 0.00627153 
639.757 2273.32 205.175 5.00001 -0.0806631 -1.46409 0.843877 -0.00289754 
654.416 2274.13 202.04 5.00001 -0.0797171 -1.49407 0.827571 0.00383173 
668.913 2274.17 198.93 5.00002 -0.0787711 -1.46917 0.811265 0.00731826 
683.252 2274.85 195.844 5.00002 -0.0778251 -1.41168 0.794959 0.00520031 
697.432 2276.99 192.782 5.00002 -0.0768791 -1.37017 0.778653 -0.00241225 
711.457 2280.2 189.745 5.00002 -0.0759331 -1.4013 0.762347 -0.0135245 
725.325 2282.61 186.731 5.00003 -0.0749872 -1.55145 0.746041 -0.0251528 
739.035 2281.18 183.742 5.00003 -0.0740415 -1.84255 0.729735 -0.0343715 
752.585 2272.32 180.777 5.00004 -0.0730959 -2.26596 0.713428 -0.0392064 
765.975 2252.63 177.836 5.00004 -0.0721505 -2.78569 0.697122 -0.0391086 
779.203 2219.67 174.919 5.00006 -0.0712056 -3.34908 0.680816 -0.034894 
792.27 2172.31 172.026 5.00009 -0.0702632 -3.90099 0.66451 -0.0282397 
805.176 2110.84 169.158 5.00018 -0.457824 -4.39686 0.648204 -0.0209951 
818.124 2036.7 156.385 12.5535 -0.330503 -4.81087 0.631898 -0.0146307 
814.878 1951.99 146.557 16.3921 -0.178211 -5.13854 0.615592 -0.00935832 
803.184 1858.92 140.463 16.649 -0.179467 -5.37964 0.599286 -0.00574407 
790.648 1759.69 134.327 16.9059 -0.18076 -5.55148 0.582979 -0.00351504 
777.269 1656.06 128.147 17.1636 -0.182058 -5.67447 0.566673 -0.00217508 
763.044 1549.3 121.924 17.422 -0.183179 -5.76418 0.550367 -0.00136345 
747.97 1440.24 115.661 17.6775 -0.183953 -5.83122 0.534061 -0.000863963 
732.051 1329.47 109.368 17.924 -0.185078 -5.88269 0.517755 -0.000549885 
715.305 1217.38 103.036 18.1696 -0.188751 -5.92334 0.501449 -0.000347935 
697.732 1104.26 96.6 18.4642 -0.195079 -5.95627 0.485143 -0.00021624 
679.23 990.29 89.9904 18.8511 -0.192149 -5.98362 0.468837 -0.000130427 
659.594 875.626 83.4398 19.135 -0.157878 -6.00696 0.45253 -7.55499e-05 
639.024 760.365 77.7533 18.7237 -0.118144 -6.02772 0.436224 -4.1083e-05 
618.985 644.574 73.0991 17.6269 -0.241406 -6.04658 0.419918 -1.91666e-05 
601.015 528.299 65.34 19.1275 -0.688727 -6.06265 0.403612 -2.05046e-06 
579.804 411.616 46.0883 29.0933 -0.821534 -6.06915 0.387306 0.000295651 
537.269 294.782 23.0347 40 1.4 -5.09009 0.369 0 
