grtopM_62_2
50
2 2
8 8 
0 1 5 6 2 3 4 8 
0 1 5 6 2 3 4 8 
7.46396e-08 83.8668 168.219 193.751 151.174 220.58 116.169 
1895.19 82.923 169.819 79.0448 185.669 33.6446 186.33 
1.52326e-09 1.71157 3.43305 3.9541 3.08518 4.50162 2.3708 
38.6774 1.69231 3.4657 1.61316 3.78916 0.686625 3.80266 
366.003 3.51908 2.25687 11.787 8.75822 20.3849 6.28146 
1.4522e-06 3.10433 2.28989 3.75618 2.40878 1.05864 2.51523 
4593.24 1590.61 1823.19 40 1.4 0 0.00356694 0 
4227.24 1224.61 1457.19 40 -1.4 -6.28 0.0976611 1.02859 
4439.38 1430.27 1823.19 5 1.4 -6.28 1.12243 0 
4805.38 1796.27 1650.98 5 1.4 -6.28 1.09865 0 
4784.9 1768.92 1673.27 5 1.4 -6.28 1.07486 0 
4609.15 1808.36 1626.9 5 1.4 -6.28 1.05108 0 
4434.38 1847.81 1577.8 5 1.4 -6.28 1.02729 0 
4260.6 1887.25 1526.55 5 1.4 -6.28 1.00351 0 
4087.78 1926.7 1473.25 5 1.4 -6.28 0.979725 -0.236512 
3915.9 1966.15 1418.26 5 1.4 6.28 0.955941 0 
3904.84 2005.59 1372.22 5 1.4 -0.369637 0.932157 0 
3538.83 2045.04 1323.1 5 1.4 6.27999 0.908372 0 
3593.29 2084.48 1273.76 5 1.4 6.27999 0.884588 0 
3598.49 2123.93 1224.41 5 1.4 6.27999 0.860803 0 
3601.97 2163.38 1175.06 5 1.4 6.27999 0.837019 0 
3603.81 2202.82 1125.71 5 1.4 6.27999 0.813235 0 
3604.14 2242.27 1076.35 5 1.4 6.27999 -0.133856 0 
3603.07 2281.71 1027 5 1.4 6.27999 -0.129722 0 
3600.75 2321.16 977.65 5 1.4 6.27999 -0.125588 0 
3597.31 2360.6 928.298 5 1.4 6.27999 -0.121454 0 
3592.87 2400.05 878.94 5 1.4 6.27999 -0.11732 0 
3587.59 2439.5 816.006 5 1.4 6.27999 -0.113186 0 
3581.58 2478.94 450.003 5 1.4 6.27999 -0.109052 0 
3575.01 2423.56 251.327 5 -1.4 6.27999 -0.104918 0 
3568.02 2057.56 10.4013 5 -1.4 6.28 -0.100784 0 
3560.75 1966.27 376.405 5 -1.4 6.28 -0.0966495 0 
3553.4 2017.24 443.788 5 -1.4 6.28 -0.0925155 0 
3545.94 1952.57 77.7848 5 -1.4 6.28 -0.0883815 0 
3538.4 1966.49 0.001 5 1.4 6.28 -0.0842475 0 
3530.79 2002.05 0.001 5 1.4 6.28 -0.0801134 0 
3523.18 2036.17 0.00100006 5 1.4 6.28 -0.0759794 0 
3515.58 2069.4 0.00100007 5 1.4 6.28 -0.0718454 0 
3507.97 2101.88 0.00100009 5 1.4 6.28 -0.0677114 0 
3500.37 2133.72 0.0010001 5 1.4 6.28 -0.0635774 0 
3492.76 2165.06 0.00100012 5 1.4 6.28 -0.0594434 0 
3485.16 2196 0.00100013 5 1.4 6.28 -0.0553093 0 
3477.55 2226.67 0.00100015 5 1.4 6.28 -0.0511753 0 
3469.95 2257.17 0.00100017 5 1.4 6.28 -0.0470413 0 
3462.34 2287.62 0.00100018 5 1.4 6.28 -0.0429073 0 
3454.74 2318.12 0.0010002 5 1.4 6.28 -0.0387733 0 
3447.13 2348.78 0.00100022 5 1.4 6.28 -0.0346392 0 
3439.52 2379.71 0.00100024 5 1.4 6.28 -0.0305052 0 
3431.92 2411.04 0.00100026 5 1.4 6.28 -0.0263712 0 
3424.31 2442.86 0.00100027 5 1.4 6.28 -0.0222372 0 
3416.71 2475.32 0.00100029 5 1.4 6.28 -0.0181032 0 
3409.1 2508.53 0.00100029 5 1.4 6.28 -0.0139691 0 
3557 2542.65 0.00100026 5 1.4 6.28 -0.00983512 0 
3923 2264.21 0.00100001 5 -1.39999 6.28 -0.0057011 0 
4289 1898.21 0.001 40 1.4 6.28 0.0283513 0 
4655.01 1532.21 61.84 40 -0.09 6.28 0.00256694 0 
4655.01 1532.21 61.84 40 -0.09 6.28 0.00256694 0 
4604.56 1703.41 55.884 34.1348 0.788315 2.80476 -0.188388 -0.903817 
4563.46 1800.39 68.8861 22.0333 -0.151188 -1.70976 -0.176776 -0.938679 
4543.95 1800.93 62.2384 26.8698 -1.10422 -6.26095 0.748966 0.223691 
4516.2 1704.29 35.0721 38.607 -0.475951 -5.55805 -0.153551 -0.503926 
4466.96 1622.68 20.9214 39.3536 -0.367705 -5.72727 -0.141939 0.0285272 
4415.78 1537.45 9.05684 38.2266 -0.0741016 -5.30997 -0.130327 -0.00116507 
4365.9 1461.13 3.50108 37.589 0.0211339 -6.19737 -0.118714 0.0591594 
4316.82 1365.86 0.001 37.4061 0.0220291 -3.89255 -0.107102 0.83904 
4267.95 1319.82 0.001 37.2231 0.0229248 0.567709 -0.0954898 0.0413379 
4219.46 1369.02 0.001 37.0401 0.0238193 2.66313 -0.0838776 -0.00378258 
4171.32 1462.98 0.001 36.8572 0.024713 2.19148 -0.0722653 0.00878548 
4123.48 1546.86 0.001 36.6742 0.0256065 2.70973 -0.0606531 -0.0440573 
4075.97 1641.81 0.001 36.4912 0.0264982 0.42651 -0.0490408 -0.732888 
4028.73 1688 0.001 36.3082 0.0273896 -3.90969 -0.0374286 0.304314 
3981.73 1641.58 0.001 36.1253 0.0282823 -5.01389 -0.0258163 -0.012328 
3935.02 1571.59 0.001 35.9423 0.0291758 -5.9496 -0.0142041 0.0495772 
3888.61 1481.61 0.001 35.7593 0.0300706 -2.85476 -0.00259184 0.268458 
3842.57 1457.72 0.001 35.5764 0.030965 -2.73418 0.00902041 0.644418 
3796.84 1436.41 0.001 35.3934 0.0318603 1.52057 0.0206327 -0.222557 
3751.49 1505.96 0.001 35.2104 0.0327533 2.3259 0.0322449 -0.594473 
3706.48 1592.71 0.001 35.0274 0.0336458 -1.85923 0.0438571 0.5131 
3661.7 1590.09 0.001 34.8445 0.034541 2.15346 0.0554694 0.189173 
3617.3 1673.15 0.001 34.6615 0.0354346 2.32647 0.0670816 0.155421 
3573.22 1759.92 0.001 34.4785 0.0363279 1.04811 0.0786939 0.166249 
3529.44 1819.38 0.001 34.2955 0.0372212 1.90672 0.0903061 0.0264514 
3485.97 1897.18 3.99538 34.1126 0.0381127 -1.11521 0.101918 -0.413177 
3442.94 1910.44 8.01505 33.9296 0.0390047 -5.01533 0.113531 0.4353 
3400.33 1840.41 12.06 33.7466 0.0398989 -1.02867 0.125143 -0.0109281 
3358.28 1855.52 16.1304 33.5637 0.040793 -3.63453 0.136755 0.396609 
3316.66 1814.97 20.2261 33.3807 0.0416915 0.311952 0.148367 -0.0142925 
3275.6 1858.71 24.3473 33.1977 0.0425875 -0.825171 0.15998 0.0524116 
3235.01 1878.17 28.4938 33.0146 0.0434714 -2.14501 0.171592 -0.0669047 
3194.89 1869.43 32.6655 32.8317 0.0443349 -5.2085 0.183204 0.0142485 
3155.21 1795.28 36.8619 32.6492 0.0452109 -2.50453 0.194816 -0.0365543 
3116.06 1778.87 41.0833 32.467 0.0461906 -2.82807 0.206429 -0.00106115 
3077.4 1755.54 45.3318 32.2833 0.0473194 -0.800333 0.218041 -0.262126 
3039.27 1775.53 49.6107 32.0958 0.0482886 -4.60745 0.229653 -0.0104451 
3001.58 1714.2 53.9167 31.9078 0.0483534 -4.24435 0.241265 0.220374 
2964.4 1660.64 58.2306 31.7339 0.0474071 -0.48844 0.252878 0.0450521 
2927.77 1687.28 62.5302 31.5886 0.0483434 2.58332 0.26449 0.00112131 
2891.62 1779.52 66.8547 31.4375 0.0569134 2.29847 0.276102 -0.000823731 
2855.91 1865.68 71.3675 31.1572 0.071727 2.31687 0.287714 0.00205858 
2820.87 1952.24 76.2062 30.6642 0.0664967 3.23275 0.299327 -0.115971 
2786.89 2058.35 80.9501 30.3139 -0.00128888 -0.401686 0.310939 -0.0972441 
2753.68 2086.84 84.2583 31.1028 -0.101196 -4.02027 0.322551 -0.000118955 
2719.25 2038.06 85.4059 33.3942 -0.00195392 -4.19245 0.334163 0.0512248 
2680.9 1985.6 88.5945 33.7432 0.5954 -0.634851 0.345776 0.0145056 
2641.89 2009.12 104.528 24.3271 1.28537 2.7615 0.357388 0.000546845 
2619.44 2105.16 135.519 5 0.09 5.25341 0.369 0 
2619.44 2105.16 135.519 5 0.09 5.25341 0.369 0 
2647.51 2395.17 143.002 5 -0.700443 3.00825 1.15369 -0.60605 
2676.82 2589.01 116.625 25.5248 0.599037 1.63295 -0.176776 1.00718 
2632.26 2723.99 144.503 5 0.106207 6.28 0.492674 -0.985321 
2661.12 3057.97 152.68 5 0.106206 4.92735 0.492674 -0.964367 
2690.64 3334.01 160.856 5 0.106204 0.398279 0.492674 -0.942959 
2720.7 3416.05 169.033 5 0.106201 -4.08788 0.492674 -0.227021 
2751.32 3305.91 177.209 5 0.1062 -6.28 0.492674 0.0016561 
2782.56 3101.88 185.385 5 0.1062 -6.28 0.492674 0.00163711 
2814.5 2897.85 193.562 5 0.1062 -6.28 0.492674 0.00167494 
2847.14 2693.81 201.738 5 0.1062 -6.28 0.492674 0.00273452 
2880.49 2489.78 209.914 5 0.1062 -6.28 0.492674 0.0174717 
2914.54 2285.74 218.091 5 0.1062 -6.28 0.492674 0.0715405 
2949.28 2081.71 226.267 5 0.1062 -6.12244 0.492675 0.0988422 
2984.74 1884.43 234.443 5 0.106201 -5.24592 0.492674 0.0780959 
3020.93 1724.69 242.62 5 0.106201 -4.77124 0.492675 0.126691 
3057.83 1585.28 250.796 5 0.106201 -3.97476 0.492675 0.131592 
3095.47 1480 258.972 5 0.106202 -3.1169 0.492674 0.102193 
3133.83 1411.46 267.149 5 0.106202 -2.42024 0.492674 0.0670471 
3172.92 1372.76 275.325 5 0.106202 -1.94031 0.492674 0.0371053 
3212.73 1354.62 283.501 5 0.106202 -1.66128 0.492674 0.0171768 
3253.25 1348.43 291.678 5 0.106203 -1.52554 0.492674 0.00567979 
3294.48 1348.06 299.854 5 0.106203 -1.47831 0.492674 0.000548758 
3336.41 1349.71 308.031 5 0.106203 -1.47343 0.492674 -0.00137209 
3379.04 1351.57 316.207 5 0.106203 -1.48608 0.492674 -0.00146428 
3422.38 1352.88 324.384 5 0.106203 -1.50041 0.492672 -0.000890936 
3466.41 1353.59 332.56 5 0.10619 -1.50968 0.492893 -0.00433468 
3511.15 1353.89 340.736 5 0.107586 -1.57694 0.468819 -0.00412046 
3556.58 1351.32 348.972 5 -0.0451074 -1.64669 0.713429 0.0196739 
3602.85 1345.76 347.766 5 -0.0441612 -1.30771 0.697122 -0.0108715 
3649.03 1354.72 344.988 5 -0.0432153 -1.50897 0.680816 -0.000904474 
3694.96 1355.05 342.25 5 -0.0422692 -1.52273 0.66451 -0.00193335 
3740.65 1354.8 339.553 5 -0.0413232 -1.55509 0.648204 -0.00307105 
3786.11 1353.16 336.896 5 -0.0403772 -1.61192 0.631898 -0.00396532 
3831.34 1349.09 334.28 5 -0.0394312 -1.69362 0.615592 -0.00384779 
3876.35 1341.52 331.704 5 -0.0384852 -1.78262 0.599286 -0.00155252 
3921.12 1330.13 329.169 5 -0.0375392 -1.82345 0.58298 0.00485297 
3965.68 1317 326.674 5 -0.0365931 -1.67888 0.566673 0.00172487 
4010.03 1310.06 324.22 5 -0.0356471 -1.77758 0.550367 0.0470988 
4054.16 1298.89 321.807 5 -0.0347003 -0.214807 0.534061 0.215082 
4098.14 1354.66 319.433 5 -0.0337528 2.55365 0.517755 0.193673 
4142.01 1529.02 317.101 5 -0.0357236 5.27616 0.501449 0.0388542 
4185.77 1820.01 314.684 5.09511 -0.040605 6.28 0.485143 -0.0239747 
4229.04 2153.99 312.052 5.35359 -0.0427813 4.68138 0.468837 -0.129449 
4271.14 2419.5 309.308 5.64166 -0.0442793 2.12874 0.452531 -0.108041 
4311.93 2575.66 306.481 5.92891 -0.0331329 -0.37759 0.436224 -0.0866327 
4351.4 2624.46 304.111 5.80352 -0.0103062 -2.83754 0.419918 -0.0652245 
4390.99 2567.89 302.728 5 -0.143844 -5.25102 0.403612 0.0438163 
4433.25 2407.93 295.68 8.80353 -1.01602 -2.89671 0.387306 0.0218908 
4462.68 2348.84 251.01 40 -0.09 -0.591016 0.369 0 
4462.68 2348.84 251.01 40 -0.09 -0.591016 0.369 0 
4342.21 2385.44 233.593 40 0.98219 -6.28 -0.188388 -9.12714e-05 
4218.76 2141.5 271.119 5 -1.24517 -6.28 1.13739 0.00239913 
4239.6 1897.31 199.477 40 -0.561023 -6.28 0.219781 0.00847628 
4114.31 1653.23 158.92 40 -0.561023 -6.28 0.219782 7.16852e-05 
3985.03 1409.15 118.364 40 -0.561015 -6.28 0.219636 0.000464363 
3851.75 1165.07 77.8077 40 -0.562081 -6.28 0.23802 0.000259916 
3714.47 920.995 37.1953 40 -0.427613 -6.28 0.182948 0.00104757 
3573.06 676.915 3.12163 40 0.0859789 -6.28 -0.107102 0.00294228 
3427.72 432.836 0.00100029 40 0.0853052 -6.28 -0.0954892 0.00746836 
3282.09 188.757 0.00100031 40 0.0846321 -5.1709 -0.0838769 0.000162075 
3136.45 5.37696 0.00100031 40 0.08396 -1.95939 -0.0722647 0.000140598 
2990.94 -2.38334 0.00100033 40 0.0832864 -1.80831 -0.0606524 5.11379e-05 
2845.49 -2.26703 0.00100034 40 0.0826127 -1.80863 -0.0490401 2.78868e-06 
2700.01 -2.16686 0.00100035 40 0.081939 -1.8082 -0.0374278 9.6672e-06 
2554.54 -2.04541 0.00100037 40 0.0812653 -1.80785 -0.0258154 3.28097e-05 
2409.06 -1.90656 0.0010004 40 0.0805915 -1.80856 -0.0142031 -4.23424e-06 
2263.59 -1.8027 0.00100052 40 0.0799148 -1.8118 -0.00253911 1.6106e-05 
2118.11 -1.85866 0.00100005 40 0.0792411 -1.80401 0.00907318 -7.31367e-06 
1972.64 -1.53046 7.93398 40 0.0785705 -1.80817 0.0206328 5.27744e-07 
1827.96 -1.40741 22.3216 40 0.0778968 -1.80886 0.032245 1.01494e-05 
1684.7 -1.31842 36.6759 40 0.0772231 -1.80822 0.0438572 2.39641e-05 
1542.89 -1.19776 50.9996 40 0.0765494 -1.8088 0.0554694 3.77251e-05 
1402.43 -1.10589 65.2874 40 0.0758756 -1.80864 0.0670817 2.34281e-05 
1263.38 -1.00613 79.5397 40 0.0752019 -1.80846 0.0786939 5.9872e-05 
1125.75 -0.897515 93.7803 40 0.0745282 -1.80815 0.0903062 1.98903e-05 
989.521 -0.773433 108.055 40 0.0738545 -1.80853 0.101918 0.000391395 
854.713 -0.668072 122.296 40 0.616341 -1.80845 0.113531 0.00043027 
720.77 -0.558151 162.999 19.6119 0.628432 -1.65953 0.125143 9.84175e-05 
674.855 -0.517885 206.214 5 0.371619 -1.35748 0.136755 -1.43979e-05 
711.285 -0.550629 237.829 5 0.370946 -1.3313 0.148367 -3.55553e-06 
750.834 -0.584045 269.411 5 0.370272 -1.33128 0.15998 3.28174e-06 
793.497 -0.616338 300.959 5 0.369598 -1.3311 0.171592 -6.87761e-07 
839.27 -0.639926 332.474 5 0.368925 -1.33106 0.183204 -1.05496e-06 
888.151 -0.661585 363.956 5 0.368251 -1.33097 0.194816 -8.97253e-06 
940.136 -0.67871 395.404 5 0.367577 -1.33999 0.206429 0.000214186 
995.221 -1.14091 426.82 5 0.366904 -0.0785207 0.218041 0.000982361 
1053.45 63.3131 458.202 5 0.366233 4.62027 0.229653 0.00684894 
1114.97 377.498 489.551 5 0.36394 6.28 0.241266 0.00153917 
1179.64 776.56 520.872 5 -0.0249143 6.28 0.372603 7.14945e-05 
1247.77 1175.62 527.303 5 -0.278518 6.28 0.517755 4.32477e-05 
1316.91 1574.68 503.438 5 -0.277572 6.28 0.501449 -8.2474e-06 
1383.69 1973.74 479.621 5 -0.276626 6.28 0.485143 -4.89553e-06 
1448.13 2372.8 455.85 5 -0.27568 6.28 0.468837 -5.20118e-06 
1510.22 2771.86 432.125 5 -0.274734 6.28 0.452531 -3.64105e-06 
1569.97 3170.93 408.448 5 -0.273788 6.28 0.436224 -2.38622e-06 
1627.39 3569.99 384.817 5 -0.272842 6.28 0.419918 -1.36597e-06 
1682.53 3969.05 361.238 5 -0.271896 6.28 0.403612 -6.20814e-07 
1735.34 4368.11 337.714 5 -1.20203 6.28 0.387306 -9.379e-05 
1786.74 4767.17 268.2 40 -0.000292993 0.00460037 0.369 0 
1786.74 4767.17 268.2 40 -0.000292993 0.00460037 0.369 0 
1710.65 4819.09 276.019 40 1.27077 -5.77822 -0.188388 -0.00146089 
1634 4648.41 332.768 5 0.374833 -5.96479 -0.176775 0.00149102 
1670.37 4470.45 357.187 5 0.374159 -5.82794 -0.165163 0.000187181 
1708.63 4297.76 381.58 5 0.373485 -5.82747 -0.153551 0.000288884 
1748.77 4125.1 405.947 5 0.372812 -5.82767 -0.141939 1.04227e-05 
1790.8 3952.42 430.288 5 0.372138 -5.82943 -0.130327 -0.000974662 
1834.7 3779.67 454.603 5 0.371464 -5.97939 -0.118714 -0.00307565 
1880.47 3601.16 478.892 5 0.37079 -6.27085 -0.107102 0.000192627 
1928.1 3411.42 503.156 5 0.370117 -6.27451 -0.0954898 0.000221446 
1977.61 3221.54 527.393 5 0.369443 -6.27589 -0.0838775 0.000576468 
2028.99 3031.61 551.605 5 0.368769 -6.2766 -0.0722653 0.000182523 
2082.24 2841.65 575.79 5 0.368095 -6.27702 -0.060653 0.000150209 
2137.35 2651.68 599.95 5 0.367422 -6.27728 -0.0490408 0.000127552 
2194.32 2461.7 624.083 5 0.366748 -6.27744 -0.0374285 0.000147183 
2253.16 2271.7 648.191 5 0.366074 -6.27754 -0.0258163 0.000301518 
2313.86 2081.71 672.273 5 0.365401 -6.27758 -0.014204 0.000128428 
2376.41 1891.71 696.329 5 0.364727 -6.27758 -0.00259173 0.0051143 
2440.82 1701.72 720.359 5 0.364053 -6.27752 0.00902057 0.00105699 
2507.09 1511.73 744.363 5 0.363379 -6.2774 0.020633 0.000127615 
2575.21 1321.74 768.341 5 0.203589 -6.2772 0.419539 0.000128145 
2645.3 1131.75 786.167 5 -0.281525 -6.27686 0.827571 0.000132172 
2717.14 941.786 767.803 5 -0.280579 -6.27628 0.811265 0.000119907 
2787.56 751.84 749.475 5 -0.279633 -6.27515 0.794959 0.000107525 
2856.56 561.937 731.184 5 -0.278687 -6.27215 0.778653 0.000551715 
2924.16 372.15 712.929 5 -0.277741 -6.24788 0.762347 0.00264771 
2990.35 183.297 694.711 5 -0.276795 -5.88414 0.746041 0.0375963 
3055.14 8.44628 676.529 5 -0.275846 -1.61117 0.729735 0.00168224 
3118.66 -1.91517 658.383 5 -0.2749 -1.34465 0.713429 -0.000158868 
3180.79 -2.01676 640.274 5 -0.273954 -1.37337 0.697122 0.000289829 
3241.52 -3.22417 622.201 5 -0.273008 -1.31697 0.680816 -0.000127185 
3300.86 -2.26045 604.165 5 -0.272062 -1.34398 0.66451 1.06643e-05 
3358.8 -2.33627 586.165 5 -0.271116 -1.34103 0.648204 0.000107137 
3415.36 -2.29861 568.201 5 -0.27017 -1.31179 0.631898 -0.000177008 
3470.53 -1.13554 550.274 5 -0.269224 -1.3654 0.615592 8.50192e-05 
3524.31 -2.0359 532.384 5 -0.268278 -1.33549 0.599286 -0.000180893 
3576.72 -1.78514 514.529 5 -0.267332 -1.40764 0.58298 0.000222741 
3627.74 -4.3116 496.712 5 -0.266386 -1.30349 0.566673 -5.95889e-05 
3677.4 -2.82893 478.93 5 -0.26544 -1.33692 0.550367 0.00410769 
3725.68 -2.63327 461.185 5 -0.264494 -1.32343 0.534061 0.0419547 
3772.59 -1.91818 443.477 5 -0.263545 4.4256 0.517755 0.00484013 
3818.31 220.108 425.805 5 -0.262598 6.27844 0.501449 9.52301e-06 
3862.72 513.459 408.169 5 -0.261652 6.27897 0.485143 -1.02312e-05 
3905.78 806.831 390.57 5 -0.260706 6.27925 0.468837 -5.90436e-06 
3947.47 1100.21 373.007 5 -0.25976 6.27938 0.452531 -3.10666e-06 
3987.81 1393.6 355.481 5 -0.258814 6.27944 0.436224 -2.44592e-06 
4026.8 1686.99 337.991 5 -0.257868 6.27942 0.419918 0.000102117 
4064.43 1980.38 320.537 5 -0.256922 6.20558 0.403612 -3.44668e-05 
4100.72 2270.93 303.12 5 -1.4 6.27973 0.360061 0.00068192 
4136.55 2564.33 241.7 39.3969 -0.000546686 0.191254 0.369 0 
4136.55 2564.33 241.7 39.3969 -0.000546686 0.191254 0.369 0 
3995.08 2642.97 219.985 37.1544 -0.795886 -6.1538 1.15369 -0.00938129 
3863.24 2367.01 155.507 40 -0.428163 -6.28 0.902837 0.00183087 
3749.03 2082.16 149.458 40 -0.677989 -6.28 0.921677 0.000848955 
3634.43 1797.32 90.4684 37.3393 -0.807918 -6.26208 1.01151 0.000456191 
3486.56 1514.08 64.2958 40 -0.773756 -6.28 1.08847 0.00295673 
3323.41 1229.24 39.8352 40 0.570285 -6.28 -0.130327 0.00226408 
3156.21 944.395 52.0908 25.1741 -0.922791 -6.28 -0.118714 0.00667255 
3060.02 660.23 20.5555 40 -0.703546 -6.28 -0.107102 0.0259056 
2891.79 375.387 0.001 40 -0.32115 -5.28153 -0.0954898 0.00738077 
2721.9 147.014 0.00100002 40 0.247638 -3.2578 -0.0838776 0.00733028 
2550.08 69.6709 0.001 40 0.246965 -2.13527 -0.0722653 0.000152367 
2378.31 53.0375 8.26235 40 0.664642 -2.12753 0.745602 9.03814e-05 
2208.72 40.4815 64.6254 18.4333 -1.00486 -2.13519 -0.0490408 0.000412897 
2143.77 28.1572 28.1264 40 0.101298 -2.12563 0.941629 0.000736793 
1975.71 16.3049 16.6213 40 0.149832 -2.12561 0.925408 0.0063435 
1806.68 4.5982 44.0072 40 0.0588189 -2.01717 0.909102 0.00620234 
1640.46 -1.2475 32.6183 40 0.0246452 -1.90959 0.892796 5.27104e-05 
1472.99 -1.11495 21.2801 40 0.0179617 -1.9092 0.87649 -9.2351e-07 
1304.26 -0.977786 9.99357 40 0.0500546 -1.90952 0.476232 -2.95275e-06 
1134.22 -0.838581 0.00100004 40 1.01996 -1.91075 0.0322456 -7.87582e-06 
962.065 -0.687958 76.2982 5 0.465991 -1.22502 0.0438577 0.000553806 
957.301 -0.704273 124.629 7.62395 0.553501 -1.22438 0.0554699 0.00179899 
946.199 -0.695328 176.79 5 0.514927 -1.22477 0.0670821 7.91159e-05 
991.477 -0.760129 227.056 5 0.473611 -1.22344 0.778653 -4.98456e-05 
1042.37 -0.750486 274.987 5 0.497669 -1.22873 0.762346 3.84809e-07 
1098.98 -0.822585 322.994 5 0.476925 -1.2245 0.74604 -0.000131228 
1160.69 -0.87276 371.042 5 0.477871 -1.22497 0.729734 -1.83033e-05 
1227.77 -0.948894 419.126 5 0.500507 -1.22989 0.713428 2.46683e-06 
1300.58 -1.00796 467.28 5 0.501453 -1.22978 0.697122 9.02856e-06 
1378.82 -1.06317 515.504 5 0.50156 -1.22455 0.680816 0.000156804 
1462.12 -1.11611 561.701 5 0.503345 -1.22789 0.66451 0.000103775 
1550.98 -1.04588 595.872 5 0.398476 -1.22946 0.380072 2.14099e-06 
1643.95 -0.99479 630.023 5 0.373504 -1.22789 0.268564 -1.74784e-05 
1740.79 -0.929866 664.652 5 0.0149821 -1.22224 0.615592 -6.33227e-06 
1841.5 -0.853028 686.639 5 0.529079 -1.22263 0.206429 0.00185113 
1944.34 -0.797483 697.834 5 -0.422077 -1.10946 0.58298 0.00250582 
2049.44 5.62874 657.995 5 -0.402462 -1.52394 0.229653 3.94013e-05 
2150.02 27.6701 631.662 5 -0.420464 -0.930507 0.536311 5.54784e-05 
2227.5 47.9915 604.821 5.00905 -0.419458 -0.900753 0.52135 0.000138046 
2309.19 69.9765 578.004 5.00889 -0.418556 -0.801575 0.505866 0.00302819 
2388.51 97.3812 551.235 5.00862 -0.42358 3.76693 0.490516 0.00137122 
2465.61 378.507 523.629 5.26208 -0.463571 6.28 0.468597 0.00104868 
2540.04 839.792 496.051 7.19201 -0.429875 6.27351 0.431037 9.54967e-05 
2612.87 1300.72 468.955 7.06305 -0.182777 6.28 0.310939 7.24056e-05 
2682.96 1762.01 440.786 5 -0.165289 6.28 0.43363 -5.36929e-05 
2750.1 2223.3 413.778 5 -0.179424 6.28 0.418053 -2.32193e-06 
2811.11 2684.58 385.962 5 -0.146393 6.28 0.402443 -7.92589e-07 
2881.28 3145.87 359.178 5.60263 -0.980999 6.28 0.387306 -8.76534e-05 
2946.51 3607.15 286.2 39.9096 -0.000212954 0.145709 0.369 0 
2946.51 3607.15 286.2 39.9096 -0.000212954 0.145709 0.369 0 
2887.8 3651.68 291.766 34.1193 1.4 -6.08634 -0.188388 -0.00473291 
2842.17 3511.83 339.028 5 0.354891 -6.28 -0.176776 0.000222832 
2868.98 3366.21 356.754 5 0.354218 -6.28 -0.165163 0.000192003 
2896.84 3220.58 374.46 5 0.353544 -6.28 -0.153551 0.000212084 
2925.75 3074.96 392.146 5 0.35287 -6.28 -0.141939 0.000270141 
2955.71 2929.33 409.812 5 0.352197 -6.28 -0.130327 0.000183702 
2986.72 2783.71 427.459 5 0.351523 -6.27999 -0.118714 0.000251225 
3018.77 2638.08 445.085 5 0.350849 -6.27998 -0.107102 0.000375646 
3051.87 2492.46 462.692 5 0.350175 -6.27962 -0.0954898 0.000136009 
3086.01 2346.85 480.278 5 0.349502 -6.27664 -0.0838776 0.000943275 
3121.2 2201.32 497.845 5 0.348828 -6.27648 -0.0722653 0.000357471 
3157.43 2055.8 515.391 5 0.10956 -6.27644 0.487705 0.000431958 
3194.83 1910.28 525.86 5 -0.269152 -6.2764 0.95802 1.93644e-05 
3233.09 1764.76 512.563 5 -0.268206 -6.27633 0.941714 6.66661e-05 
3270.55 1619.24 499.294 5 -0.26726 -6.27625 0.925408 -0.000117489 
3307.23 1473.73 486.053 5 -0.266314 -6.27613 0.909102 0.00052462 
3343.12 1328.22 472.839 5 -0.265368 -6.27598 0.892796 0.00307869 
3378.23 1182.71 459.654 5 -0.264422 -6.27577 0.87649 0.000115953 
3412.55 1037.21 446.497 5 -0.263476 -6.2755 0.860184 0.000110388 
3446.1 891.718 433.368 5 -0.26253 -6.27512 0.843878 0.000581016 
3478.87 746.236 420.266 5 -0.261584 -6.27458 0.827571 0.000122258 
3510.86 600.771 407.193 5 -0.260638 -6.27377 0.811265 0.000191629 
3542.07 455.33 394.148 5 -0.259692 -6.27243 0.794959 0.00143296 
3572.51 309.928 381.13 5 -0.258746 -6.26981 0.778653 0.000141819 
3602.18 164.604 368.141 5 -0.2578 -6.26215 0.762347 0.0748505 
3631.08 19.5066 355.18 5 -0.256852 -2.09465 0.746041 0.00715649 
3659.31 -2.3092 342.247 5 -0.255905 -1.35776 0.729735 2.316e-06 
3686.78 -2.32651 329.341 5 -0.254959 -1.35727 0.713429 -2.85637e-06 
3713.5 -2.32928 316.464 5 -0.254013 -1.35735 0.697122 -4.82336e-06 
3739.44 -2.33434 303.615 5 -0.253067 -1.35772 0.680816 -0.000208001 
3764.63 -2.35049 290.793 5 -0.252121 -1.38799 0.66451 0.000330518 
3789.06 -3.2621 278 5 -0.251175 -1.3338 0.648204 -0.000812164 
3812.72 -2.57074 265.235 5 -0.250229 -1.48188 0.631898 0.00115649 
3835.63 -6.25955 252.497 5 -0.249283 -1.2438 0.615592 -0.000492063 
3857.79 -2.90569 239.788 5 -0.248337 -1.35859 0.599286 -0.000930909 
3879.19 -2.94752 227.106 5 -0.247391 -1.6062 0.58298 0.015754 
3899.83 -10.314 214.453 5 -0.246443 2.4381 0.566673 0.00991364 
3919.82 101.957 201.828 5 -0.245495 6.27558 0.550367 -0.00020415 
3939.15 327.747 189.23 5 -0.244549 6.27793 0.534061 -1.8544e-05 
3957.73 553.606 176.661 5 -0.243603 6.27868 0.517755 -1.4349e-05 
3975.57 779.488 164.12 5 -0.242657 6.27903 0.501449 -1.13518e-05 
3992.66 1005.38 151.606 5 -0.241711 6.27923 0.485143 -8.71515e-06 
4009.01 1231.28 139.121 5 -0.240765 6.27936 0.468837 -6.4313e-06 
4024.62 1457.18 126.663 5 -0.239819 6.27942 0.452531 -4.48697e-06 
4039.49 1683.08 114.234 5 -0.238873 6.27945 0.436224 -2.88866e-06 
4053.62 1908.99 101.833 5 -0.237926 6.27941 0.419918 -1.64239e-06 
4067.02 2134.89 89.4591 5 -0.721579 6.2771 0.403612 -7.2814e-07 
4079.97 2360.73 62.7783 15.9063 -1.4 6.28 0.387306 -0.000623478 
4065.89 2586.67 15.5116 40 -0.0266685 1.26454 0.369 0 
4593.24 1590.61 1823.19 40 1.4 0 0.00356694 0 
4593.24 1590.61 1823.19 40 1.4 1.06098e-06 0.00356565 0.00167157 
4593.24 1590.61 1823.19 40 1.3997 0.00810649 0.00353645 0.00992718 
4595.37 1591.06 1823.11 39.9667 1.39749 0.0661905 0.00340792 -0.0169874 
4612.7 1594.67 1821.18 39.9658 1.39746 0.0677443 0.00340335 -0.017232 
4628.58 1598.32 1819.21 39.9648 1.39742 0.0693481 0.00339858 -0.0174722 
4642.96 1602.02 1817.19 39.9637 1.39738 0.0710223 0.00339357 -0.0177169 
4655.84 1605.78 1815.12 39.9626 1.39734 0.0727703 0.0033883 -0.0179633 
4667.17 1609.58 1813 39.9615 1.3973 0.0746045 0.00338273 -0.0182121 
4676.93 1613.44 1810.82 39.9603 1.39726 0.0765411 0.0033768 -0.0184642 
4685.1 1617.35 1808.59 39.9589 1.39722 0.0786 0.00337045 -0.0187208 
4691.65 1621.31 1806.29 39.9575 1.39718 0.0808049 0.00336361 -0.0189828 
4696.56 1625.34 1803.93 39.956 1.39713 0.0831855 0.00335616 -0.0192515 
4699.81 1629.42 1801.5 39.9543 1.39709 0.0857777 0.00334798 -0.0195304 
4701.39 1633.56 1798.99 39.9524 1.39704 0.088615 0.00333897 -0.0198227 
4701.29 1637.76 1796.4 39.9503 1.39698 0.091724 0.00332902 -0.0201271 
4699.5 1642.04 1793.71 39.9481 1.39693 0.0951367 0.003318 -0.0204413 
4696.01 1646.38 1790.92 39.9455 1.39687 0.0988975 0.00330574 -0.0207643 
4690.82 1650.8 1788.02 39.9427 1.39681 0.103059 0.00329207 -0.0211062 
4683.91 1655.29 1785 39.9396 1.39674 0.107633 0.00327688 -0.0214443 
4675.29 1659.86 1781.84 39.936 1.39668 0.112709 0.00325986 -0.0217821 
4664.94 1664.51 1778.53 39.9321 1.39661 0.118381 0.00324065 -0.0221023 
4652.88 1669.24 1775.05 39.9276 1.39653 0.124825 0.0032186 -0.0224219 
4639.15 1674.05 1771.37 39.9223 1.39646 0.132177 0.0031932 -0.0227332 
4623.81 1678.94 1767.48 39.9163 1.39638 0.140599 0.00316379 -0.0229972 
4606.91 1683.92 1763.34 39.9092 1.39629 0.150424 0.0031291 -0.0231635 
4588.59 1688.98 1758.9 39.9006 1.3962 0.16226 0.0030869 -0.0232603 
4569.09 1694.11 1754.11 39.89 1.3961 0.176658 0.00303504 -0.0232391 
4548.75 1699.33 1748.9 39.8769 1.396 0.194383 0.00297052 -0.0230115 
4528.03 1704.62 1743.15 39.8604 1.3959 0.216598 0.00288886 -0.0224488 
4507.59 1709.95 1736.75 39.8392 1.39579 0.245088 0.00278302 -0.0208981 
4488.46 1715.32 1729.52 39.8099 1.39566 0.284765 0.0026343 -0.017223 
4472.77 1720.68 1721.13 39.7661 1.39551 0.346368 0.0024011 -0.00366929 
4465.16 1725.99 1711.04 39.6837 1.3952 0.4789 0.00189429 0.0499244 
4482.65 1731.23 1697.72 39.4226 1.39435 0.881596 0.00035999 0.153976 
4593.15 1736.04 1674.23 38.6979 1.39334 1.81717 -0.00320743 0.188369 
4926.95 1737.63 1622.85 37.7779 1.3931 2.95331 -0.00756933 0.1762 
5509.82 1733.55 1536.34 36.8769 1.39366 4.03865 -0.0117641 0.135903 
6294.44 1722.69 1415.64 36.1201 1.39461 4.9099 -0.015144 0.0451637 
7191.45 1705.4 1266.34 35.7142 1.39565 5.30926 -0.0167018 -0.0888607 
8049.11 1683.86 1101.84 35.9026 1.39678 5.02411 -0.0156392 -0.141382 
8672.73 1661.84 944.824 36.3569 1.39767 4.44652 -0.0134486 -0.144738 
8992.64 1641.45 805.356 36.8594 1.39829 3.82278 -0.0110717 -0.13387 
9013.68 1623.41 685.202 37.341 1.39871 3.23108 -0.00881119 -0.117892 
8762.95 1607.9 583.513 37.7745 1.39899 2.70283 -0.00679048 -0.0996555 
8274.99 1594.81 498.426 38.1415 1.3992 2.25333 -0.00506873 -0.0802642 
7586.55 1583.81 427.379 38.4701 1.39935 1.891 -0.00368886 -0.06022 
6734.14 1574.75 368.897 38.5065 1.39945 1.6209 -0.00322634 -0.0397327 
5754.16 1565.78 311.828 39.9945 1.25593 1.44681 -0.00154903 -0.0121837 
4673.22 1785.39 273.732 39.9649 0.0859258 6.21002 0.00256694 0 
4673.22 1785.39 273.732 39.9649 0.0859258 6.21002 0.00256694 0 
4623.7 1952.81 271.934 31.7194 1.31809 6.15117 -0.188388 -0.776057 
4587.53 2118.98 296.433 11.2005 0.267946 2.47019 -0.176774 -0.913707 
4587.5 2207.39 299.452 10.3647 -1.4 -1.58606 -0.0165606 -0.860002 
4589.64 2210.15 267.28 36.2137 -0.374761 -5.54164 -0.153551 0.00237578 
4546.19 2129.42 255.881 36.0307 -0.373867 -6.16944 -0.141939 0.00225271 
4502.56 2035.44 244.508 35.8477 -0.372973 -6.15908 -0.130326 0.00218249 
4458.75 1941.67 233.159 35.6647 -0.372077 -6.14018 -0.118714 0.000940378 
4414.77 1848.3 221.836 35.4817 -0.371185 -6.13406 -0.107102 0.000521598 
4370.63 1755.06 210.538 35.2987 -0.3703 -6.13181 -0.0954897 0.000667092 
4326.31 1661.87 199.264 35.1159 -0.36942 -6.12743 -0.0838775 0.000833588 
4281.83 1568.76 188.015 34.9332 -0.368513 -6.12054 -0.0722653 0.000883322 
4237.18 1475.81 176.792 34.7503 -0.367543 -6.11245 -0.060653 0.000871234 
4192.36 1383.02 165.595 34.5662 -0.366562 -6.10392 -0.0490408 0.000863054 
4147.38 1290.42 154.426 34.3808 -0.365818 -6.09487 -0.0374285 0.00087673 
4102.25 1198 143.278 34.1981 -0.365557 -6.08492 -0.0258163 0.000902989 
4056.95 1105.8 132.142 34.0256 -0.365216 -6.0738 -0.014204 0.000932958 
4011.47 1013.83 121.019 33.8605 -0.362772 -6.06132 -0.00259179 0.000965355 
3965.8 922.123 109.953 33.668 -0.356793 -6.04732 0.00902046 0.00100231 
3919.98 830.712 99.02 33.3952 -0.352839 -6.03156 0.0206327 0.00104502 
3874.16 739.633 88.1797 33.0855 -0.366941 -6.01374 0.0322449 0.00109211 
3828.42 648.93 77.0521 33.0342 -0.406012 -5.99353 0.0438572 0.00113889 
3782.3 558.654 65.1012 33.6068 -0.417753 -5.97067 0.0554694 0.00117492 
3734.72 468.861 52.883 34.2784 -0.278038 -5.94506 0.0670817 0.00117888 
3685.42 379.61 43.5923 32.6023 0.0291666 -5.91705 0.0786939 0.00111512 
3638.44 290.948 40.8453 32.4193 0.030063 -5.88771 0.0903062 0.000970275 
3591.66 202.905 44.3318 32.2364 0.0309569 -5.85777 0.101918 0.000970955 
3545.33 115.495 47.8435 32.0534 0.0318501 -5.81836 0.113531 0.00215764 
3499.45 28.9162 51.3802 31.8704 0.0327433 -5.71917 0.125143 0.00681154 
3454.04 -55.5682 54.942 31.6875 0.033638 -5.41912 0.136755 0.0169253 
3409.1 -133.717 58.5289 31.5045 0.0345357 -4.69921 0.148367 0.0307152 
3364.62 -196.665 62.1409 31.3214 0.0354329 -3.41222 0.15998 0.0421005 
3320.63 -232.437 65.7781 31.1384 0.0363174 -1.63465 0.171592 0.0453993 
3277.14 -230.674 69.4402 30.9555 0.0371815 0.368252 0.183204 0.0395606 
3234.14 -186.62 73.1266 30.7731 0.0380609 2.2955 0.194816 0.027874 
3191.63 -101.87 76.8379 30.5908 0.0390511 3.91359 0.206429 0.0152086 
3149.62 17.047 80.5762 30.4069 0.0401828 5.08063 0.218041 0.00555769 
3108.1 160.606 84.3446 30.2193 0.0411247 5.75096 0.229653 0.000637117 
3067.07 318.32 88.1392 30.0316 0.0411431 5.99303 0.241265 -0.000424001 
3026.52 481.145 91.9406 29.8586 0.0402338 5.98434 0.252878 5.85925e-05 
2986.42 643.786 95.7287 29.7132 0.0413628 5.92039 0.26449 0.000402045 
2946.73 805.077 99.5455 29.5588 0.0499988 5.89586 0.276102 0.000351916 
2907.45 965.849 103.55 29.2761 0.0641641 5.90947 0.287714 0.000187529 
2868.82 1126.91 107.863 28.794 0.0580527 5.93902 0.299327 7.33998e-05 
2831.19 1288.59 112.063 28.4655 -0.0077359 5.97036 0.310939 2.78535e-05 
2794.32 1450.94 114.886 29.2283 -0.100969 5.99725 0.322551 1.38783e-05 
2756.32 1613.85 115.713 31.3731 -0.00267071 6.01914 0.334163 5.14547e-06 
2714.68 1777.23 118.544 31.6328 0.558839 6.0354 0.345776 -5.87805e-06 
2672.49 1940.95 133.223 22.8253 1.19494 6.05817 0.357388 -0.000121061 
2645.55 2105.14 161.631 5 0.0899998 4.59839 0.369 0 
2645.55 2105.14 161.631 5 0.0899998 4.59839 0.369 0 
2673.88 2369.57 169.197 5 -0.696413 2.32937 1.15369 0.863609 
2703.46 2535.88 142.755 25.5759 0.594572 6.28 -0.176776 -0.0317206 
2658.48 2873.09 170.713 5 0.106661 6.24373 0.49089 -0.00723813 
2687.63 3208.68 178.998 5 0.106661 6.22323 0.490891 -0.00360237 
2717.5 3543.37 187.284 5 0.106661 6.2195 0.490891 -0.00363092 
2748.09 3877.91 195.57 5 0.106661 6.21529 0.490891 -0.00361433 
2779.4 4212.26 203.855 5 0.106661 6.21072 0.490891 -0.0034849 
2811.42 4546.41 212.141 5 0.106661 6.20622 0.490891 -0.00319517 
2844.17 4880.38 220.426 5 0.106661 6.20223 0.490891 -0.00295647 
2877.63 5214.16 228.712 5 0.106661 6.19777 0.490891 -0.00346406 
2911.8 5547.76 236.997 5 0.106661 6.1883 0.490891 -0.00545166 
2946.7 5880.94 245.283 5 0.106661 6.16714 0.490891 -0.00728989 
2982.31 6213.21 253.568 5 0.106661 6.13981 0.490891 -0.000644667 
3018.64 6544.3 261.854 5 0.106661 6.15483 0.490891 0.00563317 
3055.69 6876.04 270.14 5 0.106661 6.18046 0.490891 -0.0642394 
3093.46 7208.89 278.425 5 0.106661 5.73029 0.490891 -0.208292 
3131.93 7522.27 286.711 5 0.10666 4.38458 0.490891 -0.330661 
3171.07 7777.46 294.996 5 0.106659 2.29153 0.490891 -0.386952 
3210.85 7942.13 303.282 5 0.106658 -0.173582 0.490891 -0.372306 
3251.27 8000.21 311.567 5 0.106656 -2.62189 0.490892 -0.286895 
3292.33 7952.41 319.852 5 0.106655 -4.63889 0.490892 -0.150437 
3334.03 7817.4 328.138 5 0.106655 -5.83912 0.490892 -0.0325916 
3376.41 7630.48 336.423 5 0.106647 -6.19426 0.491021 0.00758807 
3419.49 7428.2 344.708 5 0.107465 -6.17082 0.476905 0.00424703 
3463.29 7226.94 353.028 5 0.0170479 -6.14099 0.625238 -6.33151e-05 
3507.89 7026.97 357.438 5 -0.0473519 -6.14748 0.746033 -0.000711985 
3552.93 6826.71 354.484 5 -0.0464063 -6.16308 0.729731 -0.000410966 
3597.71 6625.78 351.571 5 -0.0454605 -6.17698 0.713426 -0.000137604 
3642.24 6424.25 348.698 5 -0.0445145 -6.18801 0.697121 1.89696e-05 
3686.52 6222.25 345.867 5 -0.0435685 -6.19679 0.680815 0.000102914 
3730.55 6019.86 343.076 5 -0.0426225 -6.20397 0.664509 0.000148792 
3774.34 5817.17 340.327 5 -0.0416765 -6.20999 0.648203 0.000173475 
3817.89 5614.21 337.618 5 -0.0407305 -6.21513 0.631897 0.000184678 
3861.2 5411.03 334.95 5 -0.0397845 -6.21957 0.615591 0.000186344 
3904.29 5207.66 332.323 5 -0.0388385 -6.22346 0.599285 0.0001809 
3947.14 5004.12 329.737 5 -0.0378924 -6.22689 0.582979 0.000170097 
3989.77 4800.43 327.192 5 -0.0369464 -6.22995 0.566673 0.000155307 
4032.17 4596.61 324.687 5 -0.0360004 -6.2327 0.550367 0.00013765 
4074.36 4392.67 322.224 5 -0.0350544 -6.2352 0.534061 0.000118102 
4116.34 4188.63 319.802 5 -0.0341083 -6.23755 0.517755 9.88333e-05 
4158.1 3984.48 317.42 5 -0.0352015 -6.23977 0.501449 0.000160308 
4199.66 3780.23 314.991 5.06709 -0.0406414 -6.23583 0.485143 1.26562e-05 
4240.78 3576.16 312.322 5.32537 -0.0427669 -6.24274 0.468837 4.47461e-05 
4280.78 3371.79 309.544 5.61191 -0.044297 -6.24507 0.452531 3.48236e-05 
4319.54 3167.32 306.679 5.89918 -0.0336811 -6.24667 0.436224 2.18655e-05 
4357.05 2962.78 304.254 5.78736 -0.0112441 -6.24843 0.419918 7.94686e-06 
4394.72 2758.16 302.807 5 -0.141078 -6.25196 0.403612 -3.3965e-05 
4435.1 2553.39 295.799 8.73713 -1.0088 -6.24709 0.387306 0.000387069 
4462.68 2348.84 251.01 40 -0.0899997 -5.02917 0.369 0 
4462.68 2348.84 251.01 40 -0.0899997 -5.02917 0.369 0 
4414.51 2283 244.957 33.7069 1.4 -1.32306 -0.188388 0.877616 
4375.71 2291.75 269.098 13.4296 -0.0210273 3.28677 -0.176774 -0.740974 
4371.23 2393.26 265.291 17.5628 -1.4 -0.987473 0.394224 -0.693539 
4360.41 2408.75 233.594 40 -0.472011 -5.14431 -0.12971 -0.0682485 
4311.7 2340.6 219.851 40 -0.472228 -6.20754 -0.125983 0.0129065 
4262.41 2251.04 206.105 40 -0.461234 -6.03744 -0.128915 -0.000962347 
4212.56 2164.91 192.58 39.8342 -0.459314 -6.10565 -0.118714 0.00106035 
4162.43 2077.4 179.098 39.6518 -0.458387 -6.07853 -0.107102 0.00597657 
4112.06 1990.44 165.642 39.4687 -0.457367 -5.93718 -0.0954898 0.00338323 
4061.44 1906.33 152.211 39.2837 -0.456364 -5.87401 -0.0838775 -0.00277989 
4010.57 1823.49 138.807 39.0973 -0.455748 -5.93533 -0.0722653 -0.0028153 
3959.47 1739.41 125.422 38.9157 -0.455778 -5.99782 -0.060653 -0.00106984 
3908.11 1654.07 112.041 38.7479 -0.45554 -6.01876 -0.0490408 -0.000518912 
3856.49 1568.31 98.6708 38.5882 -0.45238 -6.01313 -0.0374285 -0.000320354 
3804.59 1482.67 85.3694 38.3908 -0.444832 -5.98477 -0.0258163 0.00225188 
3752.46 1397.6 72.2262 38.0934 -0.440203 -5.88129 -0.014204 0.00979855 
3700.28 1314.6 59.1857 37.7537 -0.457491 -5.58669 -0.00259179 0.0227247 
3648.14 1237.54 45.8083 37.7131 -0.504218 -4.96353 0.00902046 0.0381191 
3595.55 1173.02 31.4917 38.383 -0.522681 -3.92476 0.0206327 0.0505594 
3541.33 1129.41 16.7818 39.2375 -0.378052 -2.49786 0.0322449 0.0546183 
3485.1 1114.53 4.95545 37.7548 -0.0390144 -0.852154 0.0438572 0.0473555 
3430.68 1132.76 0.00119855 37.1505 0.0441686 0.713256 0.0554694 0.0326189 
3377.02 1182.5 0.00103866 36.9675 0.0450633 1.91249 0.0670817 0.0275414 
3323.68 1256.39 0.00118966 36.7846 0.0459582 3.00356 0.0786939 0.0248549 
3270.65 1352.23 4.30085 36.6016 0.0468528 4.0564 0.0903062 0.0182299 
3218.1 1469.26 8.62446 36.4186 0.0477465 4.90193 0.101918 0.0101648 
3166.03 1603.32 12.972 36.2356 0.0486393 5.43507 0.113531 0.004412 
3114.45 1748.1 17.3433 36.0527 0.0495329 5.70519 0.125143 0.00161614 
3063.34 1898.32 21.7386 35.8697 0.0504303 5.82581 0.136755 0.000597158 
3012.7 2050.97 26.1578 35.6867 0.0513314 5.88254 0.148367 0.000285406 
2962.54 2204.76 30.6011 35.5036 0.0522245 5.91597 0.15998 0.000188119 
2912.85 2359.22 35.0683 35.3205 0.0530889 5.94092 0.171592 0.000147364 
2863.64 2514.19 39.5587 35.1379 0.0539302 5.96233 0.183204 0.000120705 
2814.91 2669.58 44.072 34.956 0.054837 5.98185 0.194816 9.75441e-05 
2766.64 2825.37 48.6094 34.7738 0.0559519 5.99993 0.206429 7.62917e-05 
2718.86 2981.52 53.1752 34.5881 0.0572039 6.01663 0.218041 5.75882e-05 
2671.56 3138.01 57.7721 34.3972 0.0579247 6.03195 0.229653 4.19936e-05 
2624.75 3294.81 62.3897 34.2101 0.0571487 6.04592 0.241265 2.95265e-05 
2578.43 3451.88 66.9977 34.049 0.0556127 6.05861 0.252878 1.98357e-05 
2532.56 3609.22 71.58 33.9223 0.0583146 6.07007 0.26449 1.2421e-05 
2487.08 3766.78 76.2208 33.7605 0.0716996 6.08032 0.276102 6.78832e-06 
2442.03 3924.55 81.1362 33.4046 0.0888267 6.08929 0.287714 2.64671e-06 
2397.76 4082.5 86.4078 32.8229 0.0726021 6.09686 0.299327 4.23941e-07 
2354.64 4240.6 91.3716 32.5555 -0.0192607 6.10337 0.310939 2.39023e-06 
2312.19 4398.83 94.495 33.7197 -0.125006 6.11234 0.322551 1.40241e-05 
2268.03 4557.24 95.4524 36.3402 0.0286528 6.14142 0.334163 4.23097e-05 
2219.62 4716.24 99.4181 36.2536 0.713254 6.28 0.345776 -0.00059543 
2171.24 4878.03 117.166 25.6843 1.4 4.0325 0.357388 -5.33563e-05 
2140.31 4994.57 149.079 5.50064 0.0899989 2.85552 0.369 0 
2140.31 4994.57 149.079 5.50064 0.0899989 2.85552 0.369 0 
2169.22 5201.38 157.217 5 -0.640402 0.464641 1.15369 1.00305 
2201.4 5295.15 130.86 25.5763 0.538556 5.43774 -0.176776 0.127291 
2152.21 5624.1 158.685 5 0.103247 6.23089 0.504292 -0.00744111 
2184.04 5990.49 167.488 5 0.103247 6.20901 0.504292 -0.00435843 
2216.7 6355.85 176.29 5 0.103247 6.20193 0.504292 -0.00463226 
2250.2 6720.87 185.093 5 0.103247 6.19296 0.504292 -0.00496918 
2284.54 7085.47 193.895 5 0.103247 6.18167 0.504292 -0.00553386 
2319.7 7449.53 202.698 5 0.103247 6.16717 0.504292 -0.00633222 
2355.7 7812.91 211.501 5 0.103247 6.14891 0.504292 -0.00760886 
2392.54 8175.42 220.303 5 0.103247 6.12073 0.504292 -0.0107966 
2430.2 8536.61 229.106 5 0.103247 6.07395 0.504292 0.013902 
2468.7 8895.58 237.909 5 0.103247 6.17217 0.504292 -0.17203 
2508.04 9259.19 246.711 5 0.103247 5.12225 0.504292 -0.464152 
2548.17 9573.17 255.514 5 0.103245 2.3705 0.504292 -0.544284 
2589.03 9757.04 264.316 5 0.103244 -0.886411 0.504292 -0.504779 
2630.6 9786.93 273.119 5 0.103242 -3.98927 0.504292 -0.312417 
2672.89 9670.12 281.921 5 0.103241 -6.04841 0.504292 0.00017733 
2715.93 9455.96 290.724 5 0.103241 -6.12702 0.504292 0.00518964 
2759.81 9238.08 299.526 5 0.103241 -6.09181 0.504293 -0.00331001 
2804.52 9021.86 308.328 5 0.103241 -6.13075 0.504293 -0.00188217 
2850.06 8803.8 317.131 5 0.103241 -6.15715 0.504294 -0.00105912 
2896.44 8584.5 325.933 5 0.10324 -6.17529 0.504297 -0.000506446 
2943.65 8364.33 334.735 5 0.103256 -6.18844 0.504028 -0.000153504 
2991.69 8143.55 343.538 5 0.101346 -6.19843 0.509382 6.90454e-05 
3040.57 7922.29 352.251 5 -0.0456619 -6.2063 0.76234 0.000196318 
3090.41 7700.66 349.196 5 -0.0447163 -6.21278 0.746037 0.000279524 
3139.96 7478.72 346.185 5 -0.0437704 -6.21819 0.729732 0.00032881 
3189.23 7256.53 343.219 5 -0.0428244 -6.22279 0.713427 0.000354894 
3238.21 7034.12 340.298 5 -0.0418784 -6.22675 0.697121 0.000364546 
3286.92 6811.53 337.422 5 -0.0409324 -6.23019 0.680815 0.000362354 
3335.35 6588.77 334.59 5 -0.0399864 -6.23321 0.664509 0.000351557 
3383.51 6365.87 331.803 5 -0.0390404 -6.23589 0.648203 0.000334516 
3431.41 6142.84 329.061 5 -0.0380944 -6.23828 0.631897 0.000313009 
3479.04 5919.7 326.364 5 -0.0371483 -6.24042 0.615591 0.00028841 
3526.42 5696.45 323.711 5 -0.0362023 -6.24236 0.599285 0.000261811 
3573.55 5473.12 321.103 5 -0.0352563 -6.24411 0.582979 0.000234097 
3620.43 5249.7 318.54 5 -0.0343103 -6.24571 0.566673 0.000206004 
3667.07 5026.21 316.021 5 -0.0333642 -6.24717 0.550367 0.00017817 
3713.47 4802.65 313.547 5 -0.0324182 -6.24852 0.534061 0.000151163 
3759.63 4579.02 311.118 5 -0.0321509 -6.24975 0.517755 0.000153168 
3805.56 4355.34 308.702 5.02441 -0.0378373 -6.24918 0.501449 8.01464e-05 
3851.17 4131.68 306.015 5.27987 -0.0391087 -6.25183 0.485143 7.66906e-05 
3895.57 3907.9 303.248 5.53639 -0.0410378 -6.25304 0.468837 5.93981e-05 
3938.73 3684.06 300.371 5.81729 -0.0431151 -6.25389 0.452531 4.16634e-05 
3980.56 3460.18 297.374 6.1204 -0.0344103 -6.25471 0.436224 2.7e-05 
4020.94 3236.27 294.766 6.05104 -0.00557879 -6.25549 0.419918 1.32101e-05 
4061.32 3012.32 293.526 5 -0.124569 -6.25725 0.403612 1.12025e-05 
4105.67 2788.28 286.74 8.58691 -0.927935 -6.25549 0.387306 0.00041766 
4136.55 2564.33 241.7 40 -0.0899997 -4.9585 0.369 0 
4136.55 2564.33 241.7 40 -0.0899997 -4.9585 0.369 0 
4116.59 2536.37 239.664 37.8616 1.08435 -3.99946 -0.188388 0.824139 
4097.86 2516.63 247.718 30.5161 1.36003 -2.65724 -0.176775 0.673686 
4084.28 2508.38 258.235 21.7794 1.05161 -1.46264 -0.165163 0.133493 
4076.94 2510.36 266.229 15.5363 0.0520934 -1.07902 -0.153548 -0.504765 
4074.2 2515.63 265.747 16.1524 -1.4 -2.20394 -0.141933 -0.64446 
4071.26 2511.26 252.814 26.1946 -1.4 -3.34475 1.07208 -0.581838 
4061.2 2497.12 239.745 33.0997 -0.427196 -4.43115 -0.118714 -0.383725 
4046.01 2473.67 234.914 33.7289 -0.433562 -5.4414 -0.107102 -0.102577 
4030.29 2441.57 230.021 34.3599 -0.373945 -5.80612 -0.0954897 0.11382 
4014.04 2406.35 225.629 34.5628 -0.248852 -5.4144 -0.0838775 0.211853 
3997.56 2374.48 222.307 33.9346 -0.0936973 -4.77101 -0.0722652 0.220381 
3981.43 2348.13 220.322 32.3258 0.0237632 -4.09402 -0.060653 0.176382 
3966.36 2327.57 219.366 32.154 0.0243226 -3.49805 -0.0490407 0.114732 
3951.39 2312.12 218.417 31.9839 0.0257957 -3.05251 -0.0374285 0.0677221 
3936.52 2300.48 217.483 31.8092 0.0282996 -2.75368 -0.0258162 0.0520665 
3921.76 2291.41 216.728 31.6235 0.0314596 -2.50687 -0.0142039 0.0645733 
3907.12 2284.45 217.964 31.4232 0.0343792 -2.19519 -0.00259171 0.0908083 
3892.64 2280.16 219.229 31.2106 0.035873 -1.75872 0.00902052 0.115617 
3878.32 2279.61 220.509 30.9957 0.0349528 -1.20659 0.0206328 0.129609 
3864.18 2283.79 221.784 30.7945 0.031462 -0.580798 0.032245 0.130366 
3850.21 2293.34 223.032 30.623 0.0265379 0.0745655 0.0438572 0.120358 
3836.38 2308.49 224.24 30.4887 0.022598 0.72356 0.0554695 0.104271 
3822.66 2329.21 225.416 30.3832 0.022659 1.33992 0.0670817 0.0867862 
3809.05 2355.21 226.595 30.2788 0.0290169 1.90811 0.078694 0.0710893 
3795.53 2386.07 227.829 30.1344 0.0416978 2.42396 0.0903062 0.0583908 
3782.13 2421.35 229.174 29.9111 0.057391 2.8919 0.101918 0.0483797 
3768.9 2460.65 230.656 29.5935 0.0696556 3.31898 0.113531 0.040103 
3755.92 2503.6 232.248 29.2093 0.0708804 3.70942 0.125143 0.0327181 
3743.24 2549.9 233.855 28.8342 0.0557712 4.06272 0.136755 0.025847 
3730.84 2599.22 235.338 28.5741 0.0252299 4.37504 0.148367 0.0195532 
3718.66 2651.22 236.564 28.5232 -0.0112513 4.64213 0.15998 0.0141118 
3706.54 2705.51 237.477 28.7086 -0.0366334 4.86221 0.171592 0.00976308 
3694.32 2761.68 238.17 29.0447 -0.0318551 5.03757 0.183204 0.00657088 
3681.87 2819.36 238.9 29.3265 0.0150102 5.17449 0.194816 0.00441084 
3669.24 2878.2 240.027 29.2826 0.0991302 5.2816 0.206429 0.00304409 
3656.65 2937.97 241.876 28.6886 0.193703 5.36785 0.218041 0.00220969 
3644.47 2998.47 244.543 27.5068 0.253964 5.44077 0.229653 0.00168946 
3633.15 3059.6 247.742 25.9939 0.232565 5.50573 0.241265 0.00133109 
3622.92 3121.29 250.779 24.7005 0.10345 5.56583 0.252878 0.00103911 
3613.66 3183.49 252.727 24.3166 -0.114473 5.62196 0.26449 0.00075206 
3604.73 3246.17 252.814 25.3701 -0.346498 5.67207 0.276102 0.000422219 
3595.12 3309.28 250.898 27.8728 -0.475816 5.70842 0.287714 9.65932e-06 
3583.78 3372.7 247.841 31.0742 -0.385848 5.71168 0.299327 -0.000500617 
3570.17 3436.15 245.51 33.5061 -0.0220946 5.64278 0.310939 -0.0010551 
3554.79 3499.01 246.261 33.4269 0.55022 5.44172 0.322551 -0.00148813 
3539.38 3560.15 251.918 29.6173 1.12518 5.05135 0.334163 -0.00156162 
3526.58 3617.95 262.552 22.2684 1.4 4.46089 0.345776 -0.000497781 
3518.96 3670.68 275.642 13.534 1.09045 3.97621 0.357388 -3.83993e-05 
3517.61 3719.25 286.2 6.55533 0.0899998 3.80264 0.369 0 
3517.61 3719.25 286.2 6.55533 0.0899998 3.80264 0.369 0 
3542.75 3971.64 289.355 5 -0.0710722 6.08919 1.15369 0.00583035 
3574.34 4332.52 284.985 5 -0.070126 6.21571 1.13739 -0.00383407 
3605.52 4699.4 280.66 5 -0.06918 6.2112 1.12108 -0.00398643 
3636.29 5066.06 276.38 5 -0.068234 6.20562 1.10478 -0.00408443 
3666.65 5432.46 272.145 5 -0.0672879 6.1991 1.08847 -0.004221 
3696.6 5798.55 267.955 5 -0.0663419 6.19135 1.07216 -0.0044157 
3726.16 6164.27 263.81 5 -0.0653959 6.18196 1.05586 -0.00470158 
3755.32 6529.55 259.71 5 -0.0644499 6.1703 1.03955 -0.00513601 
3784.09 6894.28 255.654 5 -0.0635038 6.15548 1.02324 -0.00574536 
3812.47 7258.3 251.644 5 -0.0625578 6.13673 1.00694 -0.00611251 
3840.47 7621.43 247.678 5 -0.0616118 6.1146 0.990633 -0.00814731 
3868.09 7983.51 243.757 5 -0.0606658 6.07422 0.974326 -0.0171516 
3895.34 8343.67 239.881 5 -0.0597198 6.01206 0.95802 -0.00694318 
3922.21 8700.89 236.05 5 -0.0587738 5.98125 0.941714 -0.277812 
3948.72 9056.64 232.264 5 -0.0578287 4.16076 0.925408 -0.480472 
3974.8 9326.02 228.523 5 -0.0568843 1.10331 0.909102 -0.502744 
4000.41 9450.33 224.827 5 -0.0559399 -2.14516 0.892796 -0.415574 
4025.54 9420.5 221.175 5 -0.0549954 -4.95977 0.87649 -0.145038 
4050.21 9257.13 217.568 5 -0.05405 -6.1456 0.860184 0.018497 
4074.5 9037.49 214.006 5 -0.0531039 -6.01308 0.843877 -0.00698991 
4098.46 8824.14 210.489 5 -0.0521579 -6.07054 0.827571 -0.003028 
4122.07 8608.07 207.017 5 -0.0512118 -6.11378 0.811265 -0.00153991 
4145.36 8389.94 203.589 5 -0.0502658 -6.1398 0.794959 -0.000944737 
4168.31 8170.58 200.207 5 -0.0493198 -6.15857 0.778653 -0.000507844 
4190.94 7950.33 196.869 5 -0.0483738 -6.17283 0.762347 -0.00021319 
4213.26 7729.4 193.577 5 -0.0474278 -6.18403 0.746041 -2.37232e-05 
4235.26 7507.94 190.329 5 -0.0464817 -6.19307 0.729735 9.73826e-05 
4256.95 7286.05 187.126 5.00001 -0.0455357 -6.20054 0.713428 0.000173817 
4278.33 7063.81 183.968 5.00001 -0.0445897 -6.20683 0.697122 0.000220089 
4299.41 6841.27 180.855 5.00001 -0.0436437 -6.21219 0.680816 0.000245379 
4320.2 6618.47 177.787 5.00001 -0.0426977 -6.21682 0.66451 0.000255764 
4340.69 6395.45 174.763 5.00001 -0.0417517 -6.22086 0.648204 0.000255437 
4360.9 6172.24 171.785 5.00001 -0.0408057 -6.22442 0.631898 0.000247391 
4380.82 5948.87 168.851 5.00002 -0.0398598 -6.22757 0.615592 0.000233834 
4400.46 5725.34 165.963 5.00002 -0.0389143 -6.23039 0.599286 0.000216432 
4419.82 5501.68 163.119 5.00005 -0.297574 -6.23292 0.58298 0.000195897 
4439.16 5277.9 148.002 14.3714 -0.140671 -6.2352 0.566673 0.000173708 
4421.29 5054.04 139.618 15.2154 -0.130692 -6.23732 0.550367 0.000152693 
4399.4 4830.09 131.642 15.4724 -0.131948 -6.23921 0.534061 0.000130647 
4375.77 4606.04 123.588 15.7294 -0.133195 -6.24093 0.517755 0.000109013 
4350.4 4381.91 115.455 15.9861 -0.134425 -6.24252 0.501449 8.84489e-05 
4323.29 4157.71 107.244 16.242 -0.135766 -6.24399 0.485143 6.93475e-05 
4294.42 3933.44 98.9494 16.5013 -0.137566 -6.24534 0.468837 5.20608e-05 
4263.78 3709.1 90.5502 16.7796 -0.138259 -6.24659 0.452531 3.68995e-05 
4231.29 3484.71 82.0968 17.031 -0.129398 -6.24776 0.436224 2.4082e-05 
4197.02 3260.26 74.0448 16.9189 -0.123584 -6.24885 0.419918 1.37466e-05 
4162.42 3035.76 66.2772 16.6658 -0.284014 -6.24987 0.403612 5.33627e-06 
4128.18 2811.21 50.9168 22.3164 -0.664808 -6.25031 0.387306 0.00040627 
4071.37 2586.66 17.0588 40 1.4 -4.88414 0.369 0 
