grtopM_32_1
50
2 2
5 5 
0 2 1 3 4 
0 2 1 3 4 
15.8005 60.4346 1194.82 41.68 
114205 0 38.0907 40.8073 
0.322459 1.23336 24.384 0.850611 
2330.71 0 0.777361 0.832802 
117.96 1.97229 1169.33 1.2302 
1.45324e-06 29.3215 1.45383e-06 1.01055 
1404.96 857.87 1415.97 31.7957 0.782662 0 0.0460583 0 
1287 916.528 1298.01 5 -1.4 6.28 -0.194999 0.437343 
1386.46 808.222 1377.46 5 -1.36511 -6.28 -0.189998 0.790159 
1458.46 720.411 1362.69 5 1.4 6.28 -0.184996 0 
1476.01 812.071 1339.48 40 1.4 6.28 1.07833 0 
1403.09 901.726 1332.72 5 -1.4 6.28 1.05541 0 
1330.11 1025.15 1318.12 5 -1.4 6.28 1.0325 0.921551 
1384.62 916.844 1192.9 5 -1.4 -6.28 1.00958 -0.900143 
1369.23 809.175 1052.98 5 -1.4 6.28 0.755451 -0.866725 
1295.01 936.789 913.055 40 -1.4 -6.28 -0.0404737 0 
1279.62 837.006 781.094 5 -1.4 -6.28 -0.149988 0 
1244.62 729.186 641.174 5 -1.4 -6.28 -0.144987 0 
1209.62 621.275 501.254 5 -1.4 -6.28 -0.139986 0 
1174.62 748.889 361.334 40 -1.4 -6.28 -0.134985 0 
1139.62 649.076 464.388 40 -1.4 -6.28 -0.129983 0 
1104.62 784.692 568.347 5 -1.4 -6.28 -0.124982 0 
1058.8 854.654 428.427 5 -1.4 -6.28 -0.119981 0 
1121.95 926.307 411.802 5 -1.4 6.28 -0.114829 0 
1253.72 818.001 271.882 5 -1.4 -6.28 -0.109979 0 
1315.97 889.654 131.962 40 -1.4 6.28 -0.104977 0 
1233.31 883.619 0.00100003 29.9924 -1.4 -6.27999 -0.0999762 0 
1180.79 1016.95 101.683 40 -1.4 -6.28 0.688739 0.600429 
1241.27 916.643 205.641 5 1.4 6.28 0.665822 0.57902 
1238.33 1007.46 98.566 5 1.4 -6.28 0.638115 -0.557612 
1298.19 1097.17 0.001 40 1.32276 -6.28 -0.0799715 0 
1359.08 1105.57 0.00100001 5 1.4 6.28 -0.0749703 0 
1342.64 1086.04 0.00100001 5 1.4 -6.28 -0.0699691 0 
1403.53 1066.52 0.001 40 -1.4 -6.28 -0.0649679 0 
1464.42 1075.8 0.00100003 40 -1.4 6.28 -0.0599667 0 
1460.58 1070.62 0.851026 40 1.4 -6.28 -0.0549655 0 
1521.48 1185.99 8.10726 40 1.4 6.28 -0.0499643 0 
1530.59 1114.98 0.001 40 -1.4 -6.28 -0.0449631 0 
1591.48 1131.63 0.001 40 -1.4 -6.28 -0.039962 0 
1543.53 1148.28 0.001 40 -1.4 -6.28 -0.0349608 0 
1508.53 1164.93 18.1372 40 -1.4 -6.28 -0.0299596 0 
1473.53 1181.58 0.00100018 40 -1.4 -6.28 -0.0249584 0 
1438.53 1198.24 0.00100002 40 -1.4 -6.28 -0.0199572 0 
1403.53 1214.89 0.00100003 40 -1.4 -6.28 -0.014956 0 
1368.53 1231.54 0.00100003 40 -1.4 -6.28 -0.00995482 0 
1333.53 1248.19 0.00100018 40 -1.4 -6.28 -0.00495363 0 
1298.53 1273.19 0.00100012 40 -1.4 -6.28 4.75562e-05 0 
1263.53 1308.19 0.001 40 -1.4 -6.28 0.00504875 0 
1228.53 1337.62 0.001 40 -1.4 -6.28 0.0100499 0 
1193.53 1473.24 0.001 40 -1.4 -6.28 0.0150511 0 
1145.59 1608.85 0.001 40 1.4 -6.28 0.0200523 0 
1206.48 1688.21 16.5027 40 1.4 -6.28 0.0250535 0 
1158.53 1782.68 37.7452 40 -1.4 -6.28 0.0300547 0 
1123.53 1918.29 0.001 40 -1.4 -6.28 0.0350559 0.0438163 
1039.23 2053.91 78.8334 40 -1.4 6.28 0.0699754 0.0224082 
1192.06 2184.96 94.8392 40 -0.09 -6.28 0.0450583 0 
1192.06 2184.96 94.8392 40 -0.09 -6.28 0.0450583 0 
1160.06 2110.53 95.0555 36.3082 1.20415 -5.94718 -0.188388 0.000343429 
1132.23 2041.22 115.279 20.0401 1.4 -6.06526 -0.176776 0.000487982 
1125.02 1970.08 138.917 5 0.234661 -6.09867 -0.0116292 0.000192681 
1137.44 1898.4 144.993 5 0.234661 -6.09686 -0.0116292 0.000595182 
1150.05 1826.76 151.069 5 0.234661 -6.09601 -0.0116292 0.000798354 
1162.84 1755.13 157.145 5 0.234661 -6.0977 -0.0116292 0.00148197 
1175.82 1683.47 163.221 5 0.234661 -6.09903 -0.0116292 0.00147326 
1188.99 1611.79 169.296 5 0.234661 -6.10085 -0.0116292 0.000484815 
1202.35 1540.09 175.372 5 0.234661 -6.10481 -0.0116292 0.000578648 
1215.9 1468.32 181.448 5 0.234661 -6.12089 -0.0116292 0.000195883 
1229.63 1396.31 187.524 5 0.234661 -6.23301 -0.0116292 0.00288126 
1243.55 1322.57 193.6 5 0.234661 -6.272 -0.0116292 0.00132988 
1257.65 1248.23 199.676 5 0.234661 -6.27591 -0.0116292 0.00567185 
1271.95 1173.83 205.751 5 0.234661 -6.27724 -0.0116294 -0.00218744 
1286.43 1099.41 211.827 5 0.234661 -6.27787 -0.0116231 0.047013 
1301.09 1024.98 217.903 5 0.234675 -6.2781 -0.0118631 0.000639001 
1315.95 950.543 223.979 5 0.234137 -6.27875 -0.00259184 0.000332688 
1330.99 876.099 230.047 5 0.233463 -6.27844 0.00902041 0.000421532 
1346.22 801.66 236.104 5 0.232789 -6.27865 0.0206327 0.000602654 
1361.63 727.218 242.151 5 0.232116 -6.27869 0.0322449 0.00331941 
1377.24 652.775 248.188 5 0.231442 -6.27869 0.0438571 -0.143706 
1393.03 578.333 254.214 5 0.230768 -6.27866 0.0554694 0.0111982 
1409 503.89 260.23 5 0.230095 -6.27858 0.0670816 -0.000579092 
1425.16 429.449 266.236 5 0.229421 -6.27842 0.0786939 0.000391964 
1441.51 355.011 272.231 5 0.228747 -6.27812 0.0903061 0.000604808 
1458.04 280.577 278.216 5 0.228073 -6.27749 0.101918 0.000768141 
1474.76 206.153 284.19 5 0.2274 -6.27572 0.113531 0.00678595 
1491.66 131.756 290.154 5 0.226726 -6.25982 0.125143 0.359933 
1508.74 57.6035 296.108 5 0.226053 -4.73698 0.136755 0.40395 
1526.03 6.8865 302.051 5 -0.080703 -2.44652 0.464238 0.0911421 
1543.62 -8.58216 303.274 5 -0.141472 -0.956585 0.66451 -0.0136181 
1561.29 -1.12185 299.617 5 -0.140526 -1.43942 0.648204 -1.01889e-06 
1578.84 -1.09205 295.974 5 -0.13958 -1.4417 0.631898 0.000175816 
1596.28 -1.09724 292.346 5 -0.138634 -1.43865 0.615592 -0.000317101 
1613.6 -1.05546 288.733 5 -0.137688 -1.45359 0.599286 0.000274956 
1630.81 -1.24363 285.134 5 -0.136742 -1.43786 0.58298 -0.000104415 
1647.91 -1.18984 281.549 5 -0.135796 -1.44356 0.566673 0.000117591 
1664.9 -1.22362 277.98 5 -0.13485 -1.43572 0.550367 -0.00084435 
1681.78 -1.13678 274.424 5 -0.133904 -1.46939 0.534061 -0.0733852 
1698.55 -1.56811 270.884 5 -0.132959 -3.25843 0.517755 0.0155534 
1715.19 -29.5314 267.358 5 -0.132012 -2.09455 0.501449 0.164303 
1731.73 -39.5834 263.846 5 -0.131065 0.0102295 0.485143 0.146334 
1748.19 -17.2445 260.349 5 -0.130118 2.10413 0.468837 0.125222 
1764.57 37.3179 256.867 5 -0.129171 4.18163 0.452531 0.101326 
1780.87 123.851 253.399 5 -0.128224 6.23811 0.436224 -0.000219315 
1797.08 242.032 249.945 5 -0.127278 6.27499 0.419918 -5.16461e-06 
1813.19 360.781 246.507 5 -0.339214 6.26494 0.403612 -1.26147e-05 
1829.26 479.375 239.806 7.49247 -1.4 6.25178 0.387306 -0.000334856 
1842.37 597.769 216.72 24.1345 -0.09 4.87567 0.369 0 
1842.37 597.769 216.72 24.1345 -0.09 4.87567 0.369 0 
2065.23 1389.77 315.839 38.8476 1.37601 5.73924 -0.187523 -1.02396 
2541.16 4783.22 236.842 29.2778 1.39436 -1.79352 1.13653 0.704253 
3304.56 5884.63 389.076 5.00184 -0.442154 -3.88938 1.12022 0.0085174 
3526.82 4009.7 386.461 32.2443 1.39646 -4.03899 1.10392 0.0640006 
3787.37 2089.8 383.625 5.00291 -0.107776 -4.54598 1.08761 0.94206 
3986.77 15.1049 396.318 5.01002 -0.0975692 -4.0035 1.07131 0.000840288 
4177.47 1.44985 390.571 5.93542 -0.0882578 -3.1437 1.05501 -6.67995e-05 
4362.75 2.13465 384.472 6.12381 -0.10353 -3.17263 1.0387 -2.55062e-07 
4546.33 2.04174 371.27 6.8185 -0.168463 -3.17274 1.0224 -3.00735e-06 
4719.77 1.94816 364.51 5.51333 -0.007696 -3.17273 1.0061 1.81919e-05 
4871.85 1.85156 351.896 13.7176 -0.436128 -3.17287 0.944363 2.14523e-05 
4900.02 1.86335 330.092 20.0107 0.583787 -3.17178 -0.0591951 -3.90693e-06 
4915.49 1.96336 328.369 6.4864 -1.39503 -3.17561 0.907991 3.00933e-06 
4950.81 1.79514 285.654 23.1737 1.31583 -3.1716 -0.0365975 -7.45168e-07 
4953.91 1.90539 298.265 27.6598 -0.154419 -3.17301 -0.0249845 -1.35295e-06 
4949.61 1.93205 282.045 25.6514 -0.694864 -3.17305 -0.0133808 -2.14627e-06 
5056.92 -600.871 293.061 29.7979 -1.39905 6.13258 -0.00177237 -4.04362e-06 
4927.97 604.696 211.384 23.721 1.3888 -3.17287 0.00983575 -4.81116e-06 
5025.9 1.89353 233.183 26.3144 0.535505 -3.17289 0.0234904 -4.85166e-06 
5008.03 1.9117 233.306 25.5927 -0.0776323 -3.17287 0.164507 -5.83788e-06 
4994.97 1.91989 217.057 28.9019 -0.223949 -3.17285 0.044659 -3.96394e-06 
4964.05 1.93717 196.007 27.5423 -0.167952 -3.17279 0.0709917 -5.07537e-06 
4932.65 1.95171 180.11 27.391 -0.196212 -3.17275 0.0723772 -4.65911e-06 
4895.97 1.96444 163.866 27.1208 -0.225544 -3.17271 0.0822188 -5.1018e-06 
4854.32 1.97563 147.503 26.8679 -0.241702 -3.17267 0.0910881 -4.08297e-06 
4807.36 1.98375 130.592 25.4751 -0.282619 -3.17262 0.102695 -4.53094e-06 
4755.76 1.99045 113.557 17.9857 -0.501975 -3.17068 0.700706 -4.54739e-06 
4699.96 2.11203 88.7908 6.17918 -1.38963 -3.17625 0.125909 -2.35066e-06 
4700.44 1.82783 43.1971 9.23331 -1.39906 -3.17051 0.137516 -3.91867e-06 
4661.32 1.92848 81.894 16.456 -1.39799 -3.17254 0.149123 -3.79508e-06 
4610.86 1.91083 81.4542 17.3675 -1.39905 -3.17221 0.16073 -3.81546e-06 
4558.9 1.91157 81.0126 16.164 1.39784 -3.17228 0.172338 -4.61967e-06 
4502.29 1.9075 117.847 6.09387 0.329589 -3.17223 0.183944 -5.05614e-07 
4595.12 1.79069 74.2839 34.1433 1.2926 -3.17212 0.19555 5.98741e-06 
4448.81 1.86385 86.6242 15.7282 1.09635 -3.17229 0.207154 5.60865e-05 
4397.22 1.84364 88.295 14.4002 1.09376 -3.17119 0.218757 -0.000706446 
4353.58 2.03227 89.1872 14.2749 1.10482 -2.64459 0.230358 -0.0755379 
4311.79 34.4332 90.1388 14.2396 1.11904 -5.2503 0.241956 0.235745 
4271.05 -252.456 91.1192 14.2879 1.14056 -3.00812 0.25355 0.201862 
4231.41 479.109 91.7233 14.3666 1.18662 2.52265 0.265141 -0.171159 
4194.08 2893.45 91.9152 14.7308 -0.0679824 2.22333 0.276727 -0.165936 
4157.34 5216.73 88.9336 15.2937 -0.00463854 2.1831 0.28831 -0.150174 
4114.82 7220.37 89.8943 12.4586 -0.137903 2.7458 0.299889 -0.122617 
4070.66 8159.14 82.9182 18.7815 -0.0807946 1.03451 0.311466 0.0693167 
4008.37 8686.6 77.9147 25.2907 -0.852226 -1.635 0.323055 -0.0820189 
3912.58 8848.78 48.9871 31.9231 -0.48144 -6.27887 0.334685 0.0647079 
3666.46 8389.7 15.1569 39.9992 1.39907 -6.27893 0.346322 0.0432878 
3213.97 6603.35 0.00245889 5.00053 -1.39948 -6.28 0.357717 -0.0140784 
2190.85 4000.85 272.45 5.00132 0.0894287 -5.09858 0.369 0 
2190.85 4000.85 272.45 5.00132 0.0894287 -5.09858 0.369 0 
2198.38 3962.16 272.508 5 -1.4 -5.7396 1.15369 0.165068 
2206.23 3916.67 256.759 15.0632 -1.4 -5.5294 0.996674 -0.132745 
2205.19 3873.42 240.838 24.504 -1.35978 -6.04788 1.04476 -0.0358347 
2195.77 3824.67 225.184 32.9445 -0.294612 -6.16563 -0.153551 -0.00140457 
2178.61 3774.68 220.691 32.7616 -0.29372 -6.17231 -0.141939 0.00371846 
2161.51 3724.62 216.21 32.5787 -0.292821 -6.1613 -0.130326 0.00570623 
2144.47 3674.67 211.743 32.3957 -0.291913 -6.14258 -0.118714 0.00399427 
2127.5 3624.93 207.288 32.2127 -0.291002 -6.12946 -0.107102 -0.000323162 
2110.58 3575.32 202.846 32.0295 -0.290099 -6.13268 -0.0954897 -0.002777 
2093.72 3525.67 198.416 31.8462 -0.289219 -6.146 -0.0838775 -0.00254897 
2076.93 3475.89 193.999 31.6631 -0.288367 -6.15885 -0.0722652 -0.00148413 
2060.19 3425.97 189.594 31.4803 -0.28753 -6.16745 -0.060653 -0.000593632 
2043.52 3375.96 185.201 31.298 -0.286672 -6.17219 -0.0490407 -9.66417e-05 
2026.91 3325.9 180.821 31.1159 -0.285751 -6.17463 -0.0374285 5.58149e-05 
2010.36 3275.81 176.453 30.9335 -0.284742 -6.1763 -0.0258163 2.44187e-06 
1993.87 3225.7 172.099 30.7502 -0.283675 -6.17825 -0.014204 -0.000103931 
1977.45 3175.57 167.76 30.5654 -0.282647 -6.18081 -0.00259177 -0.000164607 
1961.09 3125.42 163.434 30.3798 -0.281798 -6.18377 0.00902048 -0.000158658 
1944.79 3075.23 159.121 30.1946 -0.281222 -6.18676 0.0206327 -0.000112536 
1928.56 3025.02 154.817 30.0122 -0.28086 -6.1895 0.032245 -5.95698e-05 
1912.4 2974.77 150.52 29.834 -0.280437 -6.1919 0.0438572 -1.95215e-05 
1896.29 2924.5 146.23 29.6593 -0.279526 -6.19402 0.0554695 3.15852e-06 
1880.25 2874.2 141.953 29.4839 -0.277785 -6.19596 0.0670817 1.31126e-05 
1864.26 2823.89 137.698 29.3011 -0.275295 -6.19782 0.0786939 1.72193e-05 
1848.33 2773.55 133.472 29.1054 -0.272806 -6.19963 0.0903062 2.03502e-05 
1832.48 2723.2 129.276 28.8977 -0.271617 -6.20139 0.101918 2.42844e-05 
1816.72 2672.82 125.096 28.6893 -0.272916 -6.20309 0.113531 2.86672e-05 
1801.04 2622.43 120.905 28.5004 -0.276742 -6.20472 0.125143 3.24634e-05 
1785.44 2572.02 116.678 28.35 -0.281106 -6.20626 0.136755 3.49314e-05 
1769.88 2521.6 112.406 28.2398 -0.282128 -6.20773 0.148367 3.59046e-05 
1754.32 2471.15 108.126 28.1401 -0.275809 -6.20913 0.15998 3.56304e-05 
1738.75 2420.7 103.914 27.9908 -0.26119 -6.21047 0.171592 3.44881e-05 
1723.22 2370.23 99.8604 27.7283 -0.24336 -6.21176 0.183204 3.27911e-05 
1707.82 2319.74 96.0002 27.3345 -0.233736 -6.213 0.194816 3.07247e-05 
1692.67 2269.24 92.2488 26.8849 -0.245414 -6.2142 0.206429 2.83774e-05 
1677.83 2218.73 88.3812 26.5552 -0.283748 -6.21536 0.218041 2.5796e-05 
1663.19 2168.21 84.1122 26.5524 -0.336345 -6.21647 0.229653 2.30703e-05 
1648.48 2117.67 79.2851 26.969 -0.370157 -6.21754 0.241265 2.03653e-05 
1633.31 2067.13 74.0921 27.6245 -0.343243 -6.21857 0.252878 1.74751e-05 
1617.47 2016.57 69.1735 28.0118 -0.232359 -6.21957 0.26449 1.47573e-05 
1601.18 1966 65.4252 27.4716 -0.0655089 -6.22053 0.276102 1.21427e-05 
1585.23 1915.42 63.457 25.6159 0.0633398 -6.22146 0.287714 9.60228e-06 
1570.78 1864.84 62.8879 22.8428 0.0224108 -6.22236 0.299327 7.21473e-06 
1558.7 1814.24 61.9315 20.5865 -0.278424 -6.22324 0.310939 5.61179e-06 
1548.57 1763.62 57.8206 20.91 -0.783943 -6.22408 0.322551 3.46524e-06 
1538.19 1713 48.3389 25.2877 -1.2322 -6.22487 0.334163 3.70206e-06 
1523.98 1662.38 34.0251 32.9767 -1.21629 -6.22465 0.345776 0.000537839 
1502.92 1611.76 19.7495 40 -0.409074 -5.62131 0.387306 0.000111779 
1475.43 1567.55 13.9217 40 1.27962 -5.13372 0.369 0 
1404.96 857.87 1415.97 31.7957 0.782662 0 0.0460583 0 
1404.96 857.87 1415.97 31.7957 0.782663 5.18875e-07 0.0460582 1.50033e-05 
1404.99 857.797 1416.04 31.7726 0.782579 0.010624 0.0461003 1.89781e-05 
1967.51 823.94 1373.72 32.1095 0.773331 0.0338541 0.0454884 -0.0015298 
1284.82 1830.12 1399.15 31.9436 0.778284 0.0156467 0.0457897 -0.000722721 
1126.84 2303.33 1412.18 31.8293 0.781668 0.00355137 0.0459973 -0.000164055 
1092.62 2410.72 1415.14 31.8031 0.782443 0.000782295 0.0460448 -3.61159e-05 
1085.2 2434.36 1415.79 31.7974 0.782614 0.000173025 0.0460553 -7.96548e-06 
1083.59 2439.57 1415.93 31.7961 0.782651 4.02003e-05 0.0460576 -1.82754e-06 
1083.24 2440.77 1415.96 31.7958 0.782659 1.14398e-05 0.0460581 -4.96812e-07 
1083.17 2441.09 1415.96 31.7958 0.782661 5.38322e-06 0.0460582 -2.1452e-07 
1083.15 2441.23 1415.97 31.7958 0.782661 4.29977e-06 0.0460582 -1.61656e-07 
1083.14 2441.34 1415.97 31.7958 0.782661 4.32439e-06 0.0460582 -1.59587e-07 
1083.14 2441.44 1415.97 31.7958 0.782661 4.62591e-06 0.0460582 -1.69959e-07 
1083.14 2441.55 1415.97 31.7958 0.782661 5.01855e-06 0.0460582 -1.8411e-07 
1083.14 2441.67 1415.97 31.7958 0.782661 5.4718e-06 0.0460582 -2.00539e-07 
1083.14 2441.81 1415.96 31.7958 0.782661 5.98606e-06 0.0460582 -2.192e-07 
1083.14 2441.95 1415.96 31.7958 0.78266 6.56767e-06 0.0460582 -2.40301e-07 
1083.14 2442.1 1415.96 31.7958 0.78266 7.22648e-06 0.0460582 -2.6415e-07 
1083.14 2442.28 1415.96 31.7958 0.78266 7.97773e-06 0.0460582 -2.91344e-07 
1083.14 2442.47 1415.96 31.7958 0.78266 8.83477e-06 0.0460581 -3.22288e-07 
1083.14 2442.68 1415.96 31.7958 0.78266 9.82084e-06 0.0460581 -3.5783e-07 
1083.14 2442.91 1415.96 31.7958 0.782659 1.09613e-05 0.0460581 -3.98937e-07 
1083.14 2443.17 1415.96 31.7958 0.782659 1.22806e-05 0.0460581 -4.46309e-07 
1083.14 2443.46 1415.96 31.7958 0.782659 1.38258e-05 0.0460581 -5.01757e-07 
1083.14 2443.79 1415.96 31.7958 0.782658 1.56387e-05 0.0460581 -5.66621e-07 
1083.14 2444.16 1415.95 31.7959 0.782658 1.77853e-05 0.046058 -6.43285e-07 
1083.14 2444.58 1415.95 31.7959 0.782657 2.03419e-05 0.046058 -7.34295e-07 
1083.14 2445.06 1415.95 31.7959 0.782657 2.34177e-05 0.046058 -8.43529e-07 
1083.14 2445.61 1415.95 31.7959 0.782656 2.71443e-05 0.0460579 -9.75397e-07 
1083.14 2446.24 1415.94 31.796 0.782655 3.17097e-05 0.0460579 -1.13637e-06 
1083.14 2446.98 1415.94 31.796 0.782654 3.73617e-05 0.0460578 -1.3348e-06 
1083.13 2447.85 1415.93 31.796 0.782652 4.4446e-05 0.0460577 -1.58231e-06 
1083.13 2448.88 1415.92 31.7961 0.78265 5.34524e-05 0.0460576 -1.8953e-06 
1083.13 2450.12 1415.91 31.7962 0.782648 6.50737e-05 0.0460574 -2.29638e-06 
1083.13 2451.61 1415.9 31.7963 0.782644 8.03567e-05 0.0460573 -2.81984e-06 
1083.12 2453.45 1415.88 31.7964 0.78264 0.000100865 0.046057 -3.51547e-06 
1083.12 2455.74 1415.85 31.7966 0.782634 0.000129088 0.0460567 -4.46116e-06 
1083.11 2458.65 1415.82 31.7969 0.782626 0.000169116 0.0460562 -5.78086e-06 
1083.09 2462.42 1415.76 31.7972 0.782613 0.000228093 0.0460555 -7.68106e-06 
1083.08 2467.43 1415.68 31.7978 0.782595 0.000319505 0.0460545 -1.05245e-05 
1083.05 2474.29 1415.54 31.7986 0.782567 0.000471525 0.046053 -1.49922e-05 
1083 2484.06 1415.29 31.8 0.782517 0.000750748 0.0460505 -2.24801e-05 
1082.9 2498.71 1414.76 31.8025 0.782425 0.00133609 0.0460459 -3.62074e-05 
1082.69 2522.3 1413.47 31.8075 0.782226 0.00276171 0.0460369 -6.47241e-05 
1082.14 2564.47 1409.88 31.8186 0.781736 0.00672822 0.0460167 -0.000132352 
1080.54 2650.67 1398.83 31.8404 0.780528 0.0189057 0.0459769 -0.000284987 
1074.96 2836.07 1360.14 31.8195 0.778625 0.061414 0.0460137 -0.000377765 
1048.94 3086.36 1187.12 31.2563 0.781199 0.257755 0.0469425 -0.000516032 
1258 2271.43 223.703 22.6342 3.75952e-05 0.0564077 0.0450583 0 
1258 2271.43 223.703 22.6342 3.75952e-05 0.0564077 0.0450583 0 
1274.68 2242.11 240.864 22.5291 -1.65642e-07 -0.301433 0.482653 -2.85613e-14 
1291.37 2212.79 257.454 22.5062 -2.51332e-07 -0.316396 0.480306 -1.67107e-15 
1308.06 2183.47 273.467 22.5012 -2.51527e-07 -0.317022 0.477959 -5.90739e-17 
1324.75 2154.15 288.893 22.5001 -2.51529e-07 -0.317048 0.475612 6.27887e-17 
1341.44 2124.83 303.723 22.4999 -2.51532e-07 -0.317049 0.473265 8.43933e-17 
1358.14 2095.51 317.945 22.4999 -2.51536e-07 -0.317049 0.470918 3.336e-17 
1374.83 2066.18 331.546 22.4998 -2.5154e-07 -0.317049 0.468571 4.11418e-17 
1391.53 2036.86 344.513 22.4998 -2.51545e-07 -0.317049 0.466224 9.92529e-17 
1408.23 2007.54 356.832 22.4998 -2.5155e-07 -0.317049 0.463878 7.61639e-17 
1424.94 1978.22 368.485 22.4998 -2.51556e-07 -0.317049 0.461531 6.0365e-18 
1441.64 1948.9 379.458 22.4998 -2.51562e-07 -0.317049 0.459184 -1.53479e-17 
1458.35 1919.58 389.733 22.4998 -2.51568e-07 -0.317049 0.456837 -3.04326e-17 
1475.06 1890.25 399.294 22.4998 -2.51574e-07 -0.317049 0.45449 1.17883e-16 
1491.78 1860.93 408.121 22.4998 -2.5158e-07 -0.317049 0.452143 6.23865e-17 
1508.49 1831.61 416.2 22.4998 -2.51586e-07 -0.317049 0.449796 7.82993e-17 
1525.21 1802.29 423.511 22.4998 -2.51593e-07 -0.317049 0.447449 -4.42257e-17 
1541.94 1772.97 430.039 22.4998 -2.516e-07 -0.317049 0.445102 5.8905e-17 
1558.66 1743.65 435.769 22.4998 -2.51606e-07 -0.317049 0.442755 6.61013e-17 
1575.39 1714.33 440.684 22.4998 -2.51613e-07 -0.317049 0.440408 5.39021e-17 
1592.12 1685 444.773 22.4998 -2.51619e-07 -0.317049 0.438061 8.91367e-18 
1608.86 1655.68 448.024 22.4998 -2.51626e-07 -0.317049 0.435714 6.60368e-17 
1625.6 1626.36 450.428 22.4998 -2.51633e-07 -0.317049 0.433367 6.3128e-17 
1642.35 1597.04 451.977 22.4998 -2.5164e-07 -0.317049 0.43102 -1.92029e-18 
1659.1 1567.72 452.667 22.4998 -2.51646e-07 -0.317049 0.428673 4.2485e-17 
1675.85 1538.4 452.496 22.4998 -2.51653e-07 -0.317049 0.426327 3.36057e-17 
1692.61 1509.07 451.464 22.4998 -2.5166e-07 -0.317049 0.42398 -7.64791e-18 
1709.37 1479.75 449.574 22.4998 -2.51666e-07 -0.317049 0.421633 4.8613e-18 
1726.13 1450.43 446.832 22.4998 -2.51673e-07 -0.317049 0.419286 4.0678e-17 
1742.9 1421.11 443.247 22.4998 -2.51679e-07 -0.317049 0.416939 3.07826e-17 
1759.68 1391.79 438.828 22.4998 -2.51686e-07 -0.317049 0.414592 1.86975e-17 
1776.46 1362.47 433.587 22.4998 -2.51692e-07 -0.317049 0.412245 -7.73092e-18 
1793.24 1333.15 427.538 22.4998 -2.51698e-07 -0.317049 0.409898 6.09851e-17 
1810.03 1303.82 420.696 22.4998 -2.51704e-07 -0.317049 0.407551 3.35862e-17 
1826.83 1274.5 413.078 22.4998 -2.5171e-07 -0.317049 0.405204 1.95867e-17 
1843.63 1245.18 404.699 22.4998 -2.51716e-07 -0.317049 0.402857 3.32471e-17 
1860.44 1215.86 395.578 22.4998 -2.51722e-07 -0.317049 0.40051 2.15891e-17 
1877.25 1186.54 385.731 22.4998 -2.51727e-07 -0.317049 0.398163 4.16375e-17 
1894.07 1157.22 375.177 22.4998 -2.51732e-07 -0.317049 0.395816 -6.59934e-18 
1910.89 1127.9 363.931 22.4998 -2.51737e-07 -0.317049 0.393469 -1.46633e-17 
1927.72 1098.57 352.011 22.4998 -2.51742e-07 -0.317049 0.391122 1.37362e-18 
1944.55 1069.25 339.433 22.4998 -2.51745e-07 -0.317049 0.388776 3.23771e-19 
1961.4 1039.93 326.212 22.4998 -2.51749e-07 -0.317049 0.386429 1.40622e-18 
1978.24 1010.61 312.362 22.4998 -2.51751e-07 -0.317049 0.384082 5.59405e-19 
1995.1 981.288 297.897 22.4998 -2.51752e-07 -0.317049 0.381735 4.27576e-18 
2011.96 951.966 282.828 22.4998 -2.51752e-07 -0.317048 0.379388 8.15621e-18 
2028.83 922.645 267.168 22.4998 -2.5175e-07 -0.317027 0.377041 8.41509e-18 
2045.7 893.323 250.925 22.4998 -2.51745e-07 -0.316518 0.374694 4.14043e-17 
2062.58 864.002 234.107 22.4999 -2.51164e-07 -0.304351 0.372347 1.33388e-16 
2079.47 834.68 216.72 22.5 -2.36276e-12 -0.0133494 0.369 0 
2079.47 834.68 216.72 22.5 -2.36276e-12 -0.0133494 0.369 0 
2071.69 849.785 216.758 21.7195 0.919022 -0.0127446 -0.183796 0.838215 
2064.34 864.895 225.723 14.4431 0.954972 0.43724 -0.167899 0.803265 
2062.82 884.366 235.149 7.3546 0.344942 0.868661 0.0978342 0.766913 
2067.11 908.017 238.768 5.10203 -0.524478 1.28077 0.859902 0.729002 
2073.39 935.663 233.99 9.0814 -0.486916 1.67273 0.752256 0.689376 
2076.48 967.114 229.514 12.5781 -0.240081 2.04359 0.506171 0.647899 
2076.72 1002.16 227.378 14.1377 -0.0312726 2.39236 0.31923 0.604485 
2075.68 1040.6 227.242 14.1379 0.0476293 2.71798 0.268999 0.559135 
2074.61 1082.19 227.873 13.5773 0.0528722 3.01942 0.281403 0.511986 
2074 1126.71 228.562 13.0081 0.0245136 3.29569 0.315316 0.463372 
2073.84 1173.9 228.986 12.6697 -0.0066897 3.54601 0.345634 0.413873 
2073.97 1223.52 229.112 12.5699 -0.0247109 3.76989 0.361343 0.364338 
2074.19 1275.32 229.065 12.6027 -0.0289349 3.9673 0.364451 0.315848 
2074.37 1329.03 228.976 12.6633 -0.0255936 4.13879 0.361783 0.269591 
2074.52 1384.4 228.919 12.6965 -0.0205892 4.28554 0.358723 0.22669 
2074.63 1441.2 228.91 12.6921 -0.0170226 4.40936 0.357588 0.188013 
2074.75 1499.19 228.936 12.662 -0.015553 4.51248 0.358479 0.154055 
2074.89 1558.19 228.976 12.6227 -0.0155695 4.59744 0.360563 0.12492 
2075.06 1618.01 229.017 12.585 -0.0161841 4.66681 0.36297 0.100385 
2075.27 1678.51 229.052 12.5532 -0.0167633 4.72305 0.365181 0.0800187 
2075.5 1739.55 229.083 12.5268 -0.0170511 4.7684 0.367044 0.0632842 
2075.75 1801.03 229.11 12.5034 -0.0170655 4.80479 0.368627 0.0496273 
2076.02 1862.86 229.139 12.4809 -0.01694 4.83388 0.37006 0.038528 
2076.31 1924.97 229.168 12.4582 -0.0168082 4.85702 0.371444 0.0295272 
2076.62 1987.31 229.2 12.4355 -0.0167529 4.87535 0.372819 0.0222352 
2076.95 2049.83 229.232 12.4131 -0.0167995 4.88978 0.374179 0.0163306 
2077.29 2112.49 229.264 12.392 -0.0169267 4.90105 0.375501 0.011553 
2077.65 2175.25 229.295 12.3725 -0.0170807 4.90975 0.376762 0.00769395 
2078.03 2238.1 229.325 12.3549 -0.0171937 4.9164 0.377942 0.00458874 
2078.42 2301.02 229.354 12.3387 -0.0172148 4.92138 0.379026 0.00210711 
2078.83 2363.98 229.383 12.3233 -0.0171504 4.92503 0.38 0.000146439 
2079.24 2426.98 229.413 12.3079 -0.0170977 4.92764 0.380844 -0.00137445 
2079.67 2490 229.444 12.2927 -0.017235 4.92943 0.381547 -0.00252003 
2080.12 2553.04 229.474 12.2792 -0.017746 4.9306 0.382104 -0.00334291 
2080.57 2616.1 229.499 12.2701 -0.0186832 4.93134 0.382526 -0.0038865 
2081.03 2679.16 229.515 12.2684 -0.019835 4.93178 0.382827 -0.00418846 
2081.5 2742.22 229.52 12.275 -0.0207015 4.93206 0.383013 -0.00428204 
2081.95 2805.29 229.516 12.2876 -0.020673 4.93229 0.383068 -0.00419821 
2082.4 2868.35 229.513 12.2992 -0.0194095 4.93257 0.382949 -0.00396638 
2082.84 2931.43 229.521 12.3007 -0.0172702 4.93297 0.382609 -0.00361581 
2083.28 2994.5 229.551 12.2866 -0.0155053 4.93356 0.382017 -0.00317556 
2083.73 3057.58 229.597 12.2605 -0.0159223 4.93439 0.381179 -0.00267523 
2084.2 3120.67 229.64 12.2395 -0.0199432 4.93548 0.380135 -0.00214472 
2084.69 3183.77 229.644 12.25 -0.0273588 4.93686 0.378927 -0.00161415 
2085.17 3246.89 229.577 12.315 -0.0354775 4.93852 0.377568 -0.00111373 
2085.6 3310.02 229.429 12.4365 -0.0394954 4.94046 0.376027 -0.000673389 
2085.93 3373.16 229.241 12.5805 -0.0345425 4.94263 0.374256 -0.0003224 
2086.15 3436.33 229.098 12.6797 -0.0189736 4.94499 0.372238 -8.90217e-05 
2086.29 3499.53 229.105 12.6586 0.00260523 4.94747 0.369 0 
2086.29 3499.53 229.105 12.6586 0.00260523 4.94747 0.369 0 
2087.2 3566.24 228.326 11.4577 -0.992199 3.93963 1.15363 -1.02859 
2089.29 3622.48 217.23 17.8429 -0.875257 2.34061 1.13712 -1.00718 
2085.8 3662.11 207.243 22.8788 -0.1568 0.753206 0.0935492 -0.98577 
2077.75 3685.25 204.638 22.3724 -0.571081 -0.822569 0.136394 -0.96436 
2070.13 3692.01 197.736 25.1558 -0.963638 -2.38669 0.66859 -0.942948 
2060.12 3682.52 186.709 30.6101 -0.251396 -3.93916 -0.129794 -0.921529 
2045.18 3656.9 182.992 30.4305 -0.250083 -5.47998 -0.118644 -0.352498 
2030.3 3615.28 179.292 30.2475 -0.249166 -6.27999 -0.107044 0.000680801 
2015.49 3565.33 175.604 30.0643 -0.248269 -6.27999 -0.0954443 0.000654137 
2000.76 3515.39 171.928 29.8812 -0.247411 -6.27999 -0.0838406 0.000627823 
1986.1 3465.45 168.265 29.6983 -0.246587 -6.27999 -0.0722338 0.000601685 
1971.51 3415.51 164.613 29.5159 -0.245761 -6.27999 -0.0606254 0.000575749 
1957 3365.57 160.973 29.3341 -0.244877 -6.27999 -0.0490161 0.000550038 
1942.57 3315.63 157.345 29.1523 -0.243887 -6.27999 -0.0374063 0.000524579 
1928.21 3265.68 153.73 28.9696 -0.24279 -6.27999 -0.0257962 0.000499398 
1913.93 3215.74 150.13 28.7853 -0.241671 -6.27999 -0.0141858 0.000474521 
1899.73 3165.8 146.544 28.5993 -0.240689 -6.27999 -0.00257508 0.000449975 
1885.6 3115.86 142.972 28.4128 -0.240008 -6.27999 0.00903588 0.000425786 
1871.56 3065.91 139.41 28.2282 -0.239673 -6.27999 0.020647 0.000401983 
1857.6 3015.97 135.854 28.0482 -0.239491 -6.27999 0.0322583 0.000378594 
1843.71 2966.03 132.304 27.8735 -0.239014 -6.27999 0.0438698 0.000355649 
1829.9 2916.08 128.761 27.7016 -0.237711 -6.27999 0.0554813 0.000333178 
1816.15 2866.14 125.235 27.5258 -0.235324 -6.27999 0.0670929 0.00031121 
1802.48 2816.2 121.736 27.3376 -0.232258 -6.27999 0.0787045 0.000289773 
1788.88 2766.25 118.272 27.1326 -0.229732 -6.27999 0.0903163 0.00026889 
1775.39 2716.31 114.838 26.9162 -0.229394 -6.27999 0.101928 0.000248589 
1762.01 2666.37 111.411 26.7064 -0.232341 -6.27999 0.11354 0.000228896 
1748.73 2616.42 107.957 26.5289 -0.237878 -6.27999 0.125152 0.000209841 
1735.53 2566.48 104.449 26.4018 -0.242806 -6.27999 0.136764 0.00019146 
1722.36 2516.54 100.891 26.3169 -0.242163 -6.27999 0.148375 0.000173786 
1709.18 2466.59 97.3417 26.2274 -0.231859 -6.27999 0.159987 0.000156848 
1696.01 2416.65 93.9007 26.0571 -0.212473 -6.27999 0.171599 0.000140667 
1682.9 2366.7 90.664 25.7398 -0.192061 -6.27999 0.183211 0.000125258 
1669.99 2316.76 87.6446 25.2773 -0.185113 -6.27999 0.194823 0.00011063 
1657.39 2266.81 84.7052 24.7858 -0.205758 -6.27999 0.206435 9.68e-05 
1645.15 2216.87 81.5595 24.4856 -0.256506 -6.27999 0.218047 8.37988e-05 
1633.1 2166.92 77.8913 24.6015 -0.31817 -6.27999 0.229659 7.16676e-05 
1620.89 2116.98 73.5805 25.1917 -0.349646 -6.27999 0.241271 6.04495e-05 
1608.11 2067.03 68.9328 25.9855 -0.304609 -6.27999 0.252884 5.01735e-05 
1594.56 2017.09 64.7399 26.3642 -0.163962 -6.27999 0.264496 4.08448e-05 
1580.58 1967.14 62.0021 25.6 0.0302593 -6.27999 0.276108 3.24484e-05 
1567.14 1917.2 61.2953 23.3467 0.164893 -6.27999 0.28772 2.49681e-05 
1555.53 1867.25 62.0251 20.1763 0.0940895 -6.27999 0.299332 1.84089e-05 
1546.59 1817.31 62.0719 17.775 -0.269917 -6.27999 0.310944 1.2805e-05 
1539.73 1767.36 58.3762 18.4088 -0.847822 -6.27999 0.322556 8.20387e-06 
1532.38 1717.41 48.6648 23.563 -1.33824 -6.27999 0.334168 4.63569e-06 
1520.64 1667.46 33.7714 32.24 -1.29723 -6.27999 0.34578 2.09367e-06 
1501.36 1617.52 19.1597 40 -0.384549 -6.27999 0.387306 0.000239763 
1475.12 1567.59 13.9026 40 1.37259 -5.70728 0.369 0 
