grtopS_101_2
50
2 2
12 12 
0 3 1 8 6 9 4 5 2 7 10 11 
0 3 1 8 6 9 4 5 2 7 10 11 
1805.63 70.5261 64.8852 60.9622 2.44355 63.2809 84.3971 61.4701 74.9301 64.5003 100.468 
100699 65.7693 8.67926e-10 46.296 1.45455 59.2482 0 2.40991 0.0443232 0 94.969 
36.8495 1.43931 1.32419 1.24413 0.0498684 1.29145 1.72239 1.25449 1.52919 1.31633 2.05037 
2055.07 1.34223 1.77128e-11 0.944817 0.0296847 1.20915 0 0.0491819 0.000904554 0 1.93814 
0 0.452412 3.55879e-12 0.0153807 0.0217161 8.9762e-08 0.242153 0 1.08129e-07 0.0129549 1.39665 
1.58869e-06 0.127092 2.70889 0.139121 0.0129253 1.44277e-06 6.02404 0.0827097 1.43461e-06 2.24805 1.71632 
535.06 409.49 574.8 31.2491 0.770211 0 0.0482706 0 
535.06 409.49 574.8 31.2491 0.770211 5.56922e-14 0.0487665 -0.0463625 
535.06 409.49 574.8 31.2408 0.855481 -0.536144 0.0467882 0.053981 
91.929 340.904 645.066 16.9111 1.04334 -0.0643747 0.0782284 0.0541652 
103.454 -257.318 502.932 32.1689 0.748341 0.0735955 0.0463577 -0.00374892 
98.0736 -215.454 508.457 31.3179 0.764854 0.0693483 0.0481282 -0.000560719 
94.2737 -209.338 505.797 31.3004 0.764803 0.072442 0.04817 -0.000531988 
90.5802 -203.646 502.644 31.3559 0.763572 0.0759596 0.0480556 -0.000748179 
86.8893 -195.499 499.897 31.3503 0.763803 0.079178 0.0480579 -0.000709712 
83.328 -187.682 497.2 31.2715 0.764809 0.0824287 0.0482302 -0.000464614 
79.9686 -182.757 493.312 31.353 0.763124 0.0867143 0.048058 -0.000774056 
76.5697 -174.325 490.122 31.3261 0.763459 0.090436 0.0481132 -0.000687234 
73.3076 -166.875 486.518 31.3186 0.763338 0.0945617 0.04813 -0.000680207 
70.1352 -159.526 482.62 31.3278 0.76298 0.0989858 0.0481094 -0.000726247 
67.0291 -151.645 478.665 31.3113 0.763103 0.103518 0.0481427 -0.000677011 
64.0247 -144.3 474.387 31.2957 0.763189 0.108398 0.0481739 -0.00063272 
61.1137 -137.437 469.78 31.2804 0.76321 0.113637 0.0482053 -0.000595732 
58.2882 -130.994 464.798 31.2751 0.763033 0.119267 0.0482165 -0.000594218 
55.5266 -124.551 459.534 31.2661 0.763036 0.12523 0.0482307 -0.000568172 
52.8436 -118.346 454.042 31.2242 0.7634 0.13149 0.0483203 -0.000447036 
50.2747 -113.544 447.775 31.2467 0.762625 0.138498 0.0482725 -0.000555825 
47.725 -107.523 441.444 31.2358 0.762483 0.145636 0.0482951 -0.000538624 
45.2431 -101.679 434.716 31.224 0.762449 0.153226 0.0483154 -0.000507737 
42.8355 -96.1184 427.658 31.1815 0.7628 0.161233 0.0484041 -0.000384411 
40.5447 -91.962 419.8 31.1854 0.762225 0.17004 0.0483966 -0.000436799 
38.2941 -87.2434 411.566 31.1888 0.76171 0.17927 0.048388 -0.000476437 
36.0854 -82.0216 402.994 31.1726 0.76151 0.18896 0.0484215 -0.000473247 
33.9896 -77.0684 393.84 31.1653 0.761159 0.199046 0.0484349 -0.000449334 
31.7971 -72.0255 384.21 31.1471 0.760952 0.210036 0.0484719 -0.000441883 
29.8165 -67.2991 373.94 31.1329 0.760641 0.221483 0.0485002 -0.000425364 
27.8363 -62.6985 363.051 31.1188 0.760291 0.233677 0.0485285 -0.000417289 
25.9018 -58.191 351.508 31.1041 0.759914 0.24659 0.0485577 -0.000408612 
24.0072 -53.7687 339.28 31.0882 0.759526 0.260276 0.0485894 -0.000401835 
22.1591 -49.4559 326.322 31.0708 0.759112 0.274735 0.0486246 -0.000386227 
20.3246 -45.273 312.574 31.0564 0.7586 0.290116 0.0486529 -0.000390484 
18.5366 -41.058 298.035 31.0388 0.758107 0.306363 0.0486883 -0.000388501 
16.7833 -36.9164 282.635 31.0202 0.757579 0.323513 0.0487255 -0.000377486 
15.0179 -32.8431 266.321 31.0023 0.756985 0.341735 0.048761 -0.000378268 
13.2846 -28.7653 249.059 30.9824 0.756379 0.361011 0.0488008 -0.000379725 
11.5801 -24.729 230.784 30.9607 0.755743 0.381352 0.0488436 -0.000367334 
9.85337 -20.7558 211.428 30.9401 0.754931 0.402975 0.0488881 -0.000387089 
8.16639 -16.6765 190.873 30.9415 0.753937 0.425821 0.0488774 -0.000446797 
6.42522 -11.7643 169.529 30.8642 0.754022 0.449755 0.0490411 -0.000272687 
4.80339 -8.96485 146.274 30.8794 0.752568 0.475549 0.048989 -0.000424312 
3.07707 -4.59713 122.207 30.8106 0.750062 0.50219 0.0491855 -0.00111677 
1.19849 -0.0395069 94.3042 31.4162 0.73652 0.525304 0.0478956 -0.00360191 
-7.28113 31.3949 70.7472 31.6046 0.724185 0.543896 0.0477799 -0.00445587 
-22.0957 77.7019 41.8288 33.6012 0.701007 0.57467 0.0437189 -0.00717083 
-38.1161 195.401 44.982 29.304 0.867316 0.615493 0.0427947 -0.00473619 
-17.4904 66.0997 75.336 6.97471 -0.0507731 0.387083 0.0472706 0 
-17.4904 66.0997 75.336 6.97471 -0.0507731 0.387083 0.0472706 0 
-9.0767 100.788 75.3942 8.39521 -1.4 -0.0632171 1.15369 -0.989891 
-2.22682 127.391 51.1808 26.6549 0.488824 -1.46016 -0.176776 0.951506 
-23.2228 128.927 60.3632 18.3443 0.970588 -0.273664 -0.165163 0.668341 
-32.0853 151.763 78.4367 5 0.0594052 0.636785 0.676392 -0.847052 
-20.7544 190.934 80.5305 5 0.0594046 -0.601852 0.676392 -0.784467 
-9.36588 207.859 82.6242 5 0.059404 -1.74121 0.676392 -0.677254 
2.08168 204.324 84.7179 5 0.0594035 -2.72545 0.676392 -0.449378 
13.5905 183.112 86.8116 5 0.0594032 -3.14009 0.676392 0.0343847 
25.1687 154.454 88.9054 5 0.0594033 -2.97447 0.676392 0.271501 
36.8247 128.77 90.9991 5 0.0594035 -2.57949 0.676392 0.285605 
48.5616 110.18 93.0928 5 0.0594037 -2.27689 0.676392 0.242131 
60.3782 97.0238 95.1865 5 0.0594038 -1.98167 0.676392 0.178903 
72.2743 89.1697 97.2803 5 0.059404 -1.7616 0.676392 0.116122 
84.2489 85.2678 99.374 5 0.059404 -1.61767 0.676392 0.0658877 
96.301 83.9506 101.468 5 0.0594041 -1.53509 0.676392 0.0319501 
108.429 84.1166 103.561 5 0.0594041 -1.49454 0.676392 0.0115817 
120.634 85.0107 105.655 5 0.0594041 -1.47981 0.676392 -0.000595173 
132.914 86.1694 107.749 5 0.0594041 -1.48106 0.676392 -0.00975357 
145.269 87.3057 109.843 5 0.0594041 -1.49471 0.676392 -0.019727 
157.7 88.1968 111.936 5 0.0594041 -1.52267 0.676392 -0.032751 
170.205 88.5858 114.03 5 0.0594041 -1.56991 0.676392 -0.049278 
182.785 88.1264 116.124 5 0.059404 -1.64283 0.676392 -0.0676647 
195.44 86.3575 118.218 5 0.059404 -1.74565 0.676392 -0.0839297 
208.168 82.742 120.311 5 0.0594039 -1.87684 0.676392 -0.0917565 
220.97 76.7704 122.405 5 0.0594038 -2.02535 0.676392 -0.0824154 
233.844 68.1318 124.499 5 0.0594038 -2.16365 0.676392 -0.0444167 
246.793 57.0096 126.593 5 0.0594038 -2.25157 0.67639 0.0314958 
259.815 44.3084 128.686 5 0.0593975 -2.23427 0.6765 0.126919 
272.913 31.9178 130.78 5 0.0596874 -1.92009 0.671505 0.200132 
286.091 25.1696 132.879 5 0.0465732 -1.59312 0.673751 0.24129 
299.353 24.2933 134.742 5.1774 0.039759 -1.16733 0.66451 0.0514944 
312.436 31.0642 136.478 5.43448 0.0384852 -1.00288 0.648204 -0.221061 
325.214 40.7885 138.183 5.6918 0.0372363 -1.56417 0.631898 -0.0276199 
337.676 40.433 139.859 5.94899 0.0360537 -1.69087 0.615592 0.149732 
349.827 37.8024 141.506 6.20517 0.0349138 -1.34818 0.599286 0.183027 
361.673 41.3266 143.125 6.45987 0.0336433 -0.835866 0.58298 0.1814 
373.219 54.0516 144.714 6.71505 0.0319932 -0.309695 0.566673 0.169926 
384.463 76.2264 146.267 6.97585 0.0300538 0.208943 0.550367 0.155423 
395.396 107.716 147.776 7.24555 0.0287857 0.717227 0.534061 0.139349 
406.002 148.333 149.255 7.51394 0.02969 1.20625 0.517755 0.121653 
416.283 197.734 150.743 7.75149 0.0324987 1.67177 0.501449 0.102234 
426.28 255.495 152.275 7.9358 0.031925 2.11194 0.485143 0.0813276 
436.075 321.161 153.79 8.11931 0.0189813 2.52081 0.468837 0.0597035 
445.67 394.17 155.068 8.47112 -0.00620661 2.89146 0.452531 0.0385617 
454.819 473.837 155.884 9.13884 -0.0147454 3.21518 0.436224 0.0201302 
463.044 559.317 156.527 9.85801 0.0467574 3.47941 0.419918 0.00739177 
470.239 649.544 158.254 9.66562 0.185572 3.66295 0.403612 0.00135584 
477.726 743.067 162.479 7.612 0.244976 3.73786 0.387306 -0.000216404 
488.3 837.933 167.83 5 -0.09 3.60317 0.369 0 
488.3 837.933 167.83 5 -0.09 3.60317 0.369 0 
498.294 923.399 166.872 6.68606 -1.2619 3.6066 1.15369 -1.02857 
506.412 1008.92 146.506 22.3496 -0.210585 2.6707 -0.169695 -1.00716 
492.758 1079 143.095 24.0763 0.00608569 1.75371 -0.165163 -0.985732 
476.622 1133.93 143.219 22.8901 0.499989 0.855672 -0.153551 -0.962957 
461.885 1174.02 151.535 15.6146 0.827264 -0.0221739 -0.141936 -0.942876 
456.936 1199.6 165.451 5.00001 0.0380399 -0.88227 0.473808 -0.921502 
466.75 1210.95 166.608 5.00009 -0.877705 -1.72339 1.05564 -0.900093 
476.894 1208.41 152.635 16.0871 -0.339749 -2.5455 0.261553 -0.878683 
471.708 1192.29 147.256 19.7972 -0.0365452 -3.34861 -0.0950607 -0.857272 
461.321 1162.91 146.789 19.5565 -0.0385851 -4.13271 -0.083751 -0.835855 
451.229 1120.58 146.295 19.3591 -0.0503509 -4.89776 -0.0567847 -0.814411 
441.374 1065.6 145.611 19.3112 -0.0262375 -5.64374 -0.0602563 -0.693669 
431.543 998.303 145.327 18.9679 -0.0186613 -6.27994 -0.0487709 0.00339844 
422.147 920.489 145.177 18.5579 -0.0366305 -6.27996 -0.0371738 0.00340475 
413.294 842.675 144.742 18.4094 -0.089804 -6.27997 -0.0252806 0.00340661 
404.64 764.861 143.431 18.9367 -0.135824 -6.27997 -0.00619547 0.00340717 
395.261 687.047 141.346 19.9718 -0.0513148 -6.27998 0.0645902 0.00341083 
384.414 609.234 140.631 19.7815 0.368248 -6.27998 0.0244494 0.00342373 
373.656 531.42 146.852 14.3669 0.65079 -6.27998 0.0207767 0.00343249 
370.18 453.602 157.885 5.98628 0.0712503 -6.27999 0.751642 0.00341618 
378.356 375.774 159.565 5.26004 -0.00513005 -6.27999 0.82754 0.330783 
387.574 297.945 160.002 5.51677 -0.00639419 -5.98101 0.811249 0.579008 
396.471 225.057 160.411 5.77364 -0.00765094 -5.45514 0.794948 0.557606 
405.049 160.857 160.793 6.03054 -0.00890731 -4.94847 0.778644 0.5362 
413.307 105.029 161.147 6.28746 -0.0101639 -4.46102 0.762339 0.514793 
421.243 57.256 161.473 6.54442 -0.0114181 -3.99279 0.746034 0.493385 
428.856 17.2191 161.772 6.80136 -0.0126664 -3.5438 0.729729 0.471978 
436.145 -15.399 162.044 7.05823 -0.0139104 -3.11406 0.713423 0.45057 
443.109 -40.9166 162.288 7.31497 -0.0151631 -2.7036 0.697118 0.429162 
449.747 -59.6519 162.505 7.57171 -0.0164439 -2.31241 0.680812 0.407754 
456.058 -71.9235 162.693 7.8288 -0.0177533 -1.94051 0.664506 0.386346 
462.04 -78.0502 162.854 8.08657 -0.0190356 -1.58792 0.6482 0.364938 
467.691 -78.3509 162.986 8.34459 -0.0201862 -1.25464 0.631894 0.34353 
473.01 -73.1447 163.092 8.60119 -0.0211671 -0.9407 0.615588 0.322121 
477.997 -62.7512 163.176 8.85439 -0.0222047 -0.6461 0.599283 0.300713 
482.656 -47.4898 163.236 9.10526 -0.0238306 -0.370856 0.582977 0.279305 
486.989 -27.6805 163.262 9.36146 -0.0263973 -0.114982 0.566671 0.257897 
490.988 -3.64318 163.238 9.63422 -0.0290538 0.121511 0.550365 0.236489 
494.628 24.3019 163.164 9.92291 -0.0292039 0.338609 0.534059 0.21508 
497.888 55.8343 163.08 10.1943 -0.0244051 0.536299 0.517753 0.193672 
500.786 90.6333 163.068 10.388 -0.017462 0.714569 0.501447 0.172264 
503.427 128.378 163.165 10.4855 -0.0205704 0.873405 0.485141 0.150856 
505.945 168.747 163.208 10.6235 -0.048599 1.01279 0.468835 0.129447 
508.294 211.42 162.785 11.1108 -0.0947275 1.13273 0.452528 0.108039 
509.999 256.074 161.587 12.1374 -0.103919 1.23319 0.436222 0.08663 
510.311 302.389 160.209 13.1809 0.00751713 1.31416 0.419916 0.0652206 
509.16 350.044 160.645 12.7232 0.239874 1.37563 0.40361 0.0438087 
508.553 398.713 164.933 9.40576 0.355813 1.41759 0.387304 0.0138172 
512.442 448.073 171.223 5.00003 -0.0899956 1.43217 0.369 0 
512.442 448.073 171.223 5.00003 -0.0899956 1.43217 0.369 0 
521.79 494.685 170.307 6.59946 -1.17565 1.41866 1.15369 -1.02859 
529.456 541.089 152.498 20.2907 -0.186838 0.522585 -0.0610662 -1.00718 
519.22 573.597 149.699 21.751 -0.0499879 -0.355705 -0.165163 -0.985776 
507.028 592.472 148.987 21.5187 0.0577495 -1.21618 -0.153551 -0.964367 
495.058 597.988 149.954 20.0602 0.156267 -2.05881 -0.141939 -0.942959 
484.892 590.423 152.486 17.5777 0.0654219 -2.88361 -0.130327 -0.921551 
477.91 570.052 153.67 16.4114 -0.361903 -3.69055 0.261918 -0.900143 
472.538 537.152 148.249 20.1104 -0.0434727 -4.47961 -0.107102 -0.878735 
462.288 492.008 147.68 19.9272 -0.042509 -5.2508 -0.0954898 -0.857327 
452.239 434.891 147.13 19.7433 -0.0415729 -6.0041 -0.0838776 -0.302796 
442.391 366.081 146.599 19.5589 -0.0407839 -6.28 -0.0722653 0.00748593 
432.753 292.987 146.085 19.3759 -0.0401994 -6.28 -0.0606531 0.504318 
423.326 219.893 145.584 19.1965 -0.0396133 -5.8637 -0.0490408 0.771694 
414.112 153.262 145.097 19.0205 -0.0384885 -5.18884 -0.0374286 0.750286 
405.109 97.1061 144.632 18.841 -0.0363546 -4.53193 -0.0258163 0.728878 
396.323 51.1481 144.204 18.6464 -0.0337337 -3.89297 -0.0142041 0.707469 
387.772 15.1087 143.853 18.4635 -0.03284 -3.27199 -0.00259184 0.686061 
379.446 -11.291 143.52 18.2805 -0.0319464 -2.66899 0.00902041 0.664653 
371.344 -28.3302 143.206 18.0975 -0.0310524 -2.08399 0.0206327 0.643245 
363.467 -36.2883 142.91 17.9146 -0.0301579 -1.51699 0.0322449 0.621837 
355.814 -35.4447 142.632 17.7316 -0.0292633 -0.968011 0.0438571 0.580202 
348.388 -26.079 142.373 17.5486 -0.0283697 -0.454731 0.0554694 -0.57902 
341.187 -8.74569 142.133 17.3656 -0.0274787 -0.966247 0.0670816 -0.557611 
334.199 0.646944 141.91 17.1827 -0.0265893 -1.45971 0.0786939 -0.305307 
327.426 2.37908 141.707 16.9998 -0.0256976 -1.73623 0.0903061 0.17159 
320.87 -0.181496 141.521 16.8169 -0.0247973 -1.57561 0.101918 0.000856918 
314.538 -0.248848 141.354 16.6339 -0.0238864 -1.57021 0.113531 -0.000166545 
308.428 -0.232549 141.206 16.4507 -0.0229779 -1.57097 0.125143 -0.000175268 
302.541 -0.228355 141.076 16.2673 -0.0221016 -1.57114 0.136755 -0.00476308 
296.877 -0.226923 140.965 16.0842 -0.02128 -1.5754 0.148367 0.010388 
291.438 -0.291727 140.87 15.902 -0.0204766 -1.56612 0.15998 -0.00419888 
286.222 -0.212681 140.793 15.7207 -0.0195641 -1.56983 0.171592 0.0269936 
281.229 -0.191437 140.735 15.5391 -0.0183992 -1.54539 0.183204 -0.11987 
276.46 0.208946 140.699 15.3541 -0.0170446 -1.65398 0.194816 -0.225021 
271.918 -1.07657 140.689 15.1639 -0.0159952 -1.85646 0.206429 -0.0437148 
267.61 -5.50537 140.699 14.9725 -0.0160162 -1.89628 0.218041 0.202314 
263.54 -10.5525 140.715 14.7928 -0.0172509 -1.71425 0.229653 0.117765 
259.696 -12.7741 140.715 14.6379 -0.0179644 -1.62476 0.241265 0.131229 
256.046 -13.6067 140.708 14.4992 -0.0145186 -1.49951 0.252878 0.214959 
252.569 -12.4951 140.759 14.3258 -0.00461619 -1.29975 0.26449 0.193617 
249.309 -8.28256 140.967 14.0451 0.00653392 -1.11811 0.276102 0.172224 
246.403 -1.25071 141.355 13.6531 0.00311921 -0.954709 0.287714 0.150819 
244 8.31735 141.7 13.3332 -0.0309532 -0.809568 0.299327 0.129406 
242.018 20.1382 141.524 13.44 -0.0845299 -0.682713 0.310939 0.10798 
239.915 33.9284 140.514 14.1609 -0.0944859 -0.574179 0.322551 0.0864974 
236.889 49.4041 139.331 14.9185 0.0286744 -0.484074 0.334163 -0.0447264 
232.847 66.2794 140.042 14.1369 0.287912 -0.509521 0.345776 -0.0119974 
229.719 82.7589 144.796 10.3647 0.454386 -0.525005 0.357388 -0.000599687 
231.378 98.9944 152.228 5 0.09 -0.53518 0.369 0 
231.378 98.9944 152.228 5 0.09 -0.53518 0.369 0 
231.772 99.6597 152.326 5 0.0674508 -0.513438 0.757672 1.02859 
232.166 100.339 152.409 5 0.0810399 -0.456319 0.523436 1.00718 
232.56 101.053 152.501 5 0.0728499 -0.399935 0.664617 0.985776 
232.955 101.802 152.588 5 0.0777868 -0.344286 0.579523 0.964367 
233.349 102.587 152.678 5 0.0748118 -0.289371 0.630809 0.942959 
233.744 103.405 152.766 5 0.0766054 -0.235192 0.599882 0.921551 
234.139 104.257 152.856 5 0.0755235 -0.181747 0.618535 0.900143 
234.533 105.142 152.944 5 0.0761758 -0.129038 0.607292 0.878735 
234.929 106.06 153.033 5 0.0757828 -0.077063 0.614057 0.857327 
235.324 107.01 153.122 5 0.0760189 -0.0258234 0.609998 0.835918 
235.719 107.993 153.211 5 0.0758775 0.0246812 0.612404 0.81451 
236.115 109.006 153.3 5 0.0759598 0.0744507 0.611036 0.793102 
236.51 110.051 153.389 5 0.0759149 0.123485 0.606628 0.771694 
236.906 111.126 153.478 5.00014 0.0754605 0.171785 0.624744 0.750286 
237.302 112.231 153.566 5 0.0766907 0.219349 0.598409 0.728878 
237.698 113.366 153.656 5 0.0754719 0.266178 -0.0142041 0.707469 
238.094 114.53 153.744 5.0174 0.0173192 0.312272 -0.00259184 0.686061 
238.49 115.723 153.797 5.06194 -0.0396095 0.357631 0.222481 0.664653 
238.885 116.944 153.813 5.12707 -0.0753154 0.402255 0.860183 0.643245 
239.277 118.192 153.808 5.19133 -0.0513454 0.446144 0.843877 0.621837 
239.665 119.468 153.818 5.24442 -0.0285296 0.489297 0.827571 0.600429 
240.051 120.771 153.841 5.28695 -0.00693307 0.531715 0.811265 0.57902 
240.434 122.1 153.878 5.31953 0.0133829 0.573398 0.794959 0.557612 
240.816 123.455 153.928 5.3428 0.0323605 0.614346 0.778653 0.536204 
241.196 124.836 153.989 5.35745 0.049946 0.654558 0.762347 0.514796 
241.575 126.242 154.062 5.36416 0.0660894 0.694035 0.746041 0.493388 
241.954 127.672 154.144 5.36364 0.0807451 0.732777 0.729735 0.47198 
242.333 129.126 154.235 5.35664 0.0938716 0.770784 0.713429 0.450571 
242.712 130.604 154.335 5.3439 0.105432 0.808055 0.697122 0.429163 
243.091 132.105 154.442 5.32619 0.115393 0.84459 0.680816 0.407755 
243.472 133.629 154.555 5.30429 0.123727 0.880391 0.66451 0.386347 
243.854 135.175 154.673 5.27897 0.13041 0.915455 0.648204 0.364939 
244.237 136.743 154.796 5.25104 0.135424 0.949785 0.631898 0.343531 
244.622 138.332 154.922 5.2213 0.138754 0.983379 0.615592 0.322122 
245.008 139.943 155.049 5.19055 0.140391 1.01624 0.599286 0.300714 
245.396 141.573 155.178 5.1596 0.14033 1.04836 0.58298 0.279306 
245.786 143.224 155.307 5.12925 0.138571 1.07975 0.566673 0.257898 
246.177 144.894 155.435 5.1003 0.135119 1.1104 0.550367 0.23649 
246.57 146.583 155.56 5.07355 0.129984 1.14032 0.534061 0.215082 
246.965 148.291 155.683 5.04979 0.123179 1.1695 0.517755 0.193673 
247.361 150.017 155.801 5.0298 0.114724 1.19794 0.501449 0.172265 
247.758 151.761 155.914 5.01434 0.104642 1.22565 0.485143 0.150857 
248.156 153.522 156.02 5.00416 0.09296 1.25263 0.468837 0.129449 
248.556 155.3 156.12 5 0.0797117 1.27887 0.452531 0.108041 
248.955 157.094 156.211 5 0.0649331 1.30437 0.436224 0.0866326 
249.355 158.904 156.293 5 0.0486499 1.32914 0.419918 0.0652245 
249.756 160.729 156.365 5 0.0308632 1.35317 0.403612 0.0438163 
250.156 162.569 156.426 5 0.0115742 1.37646 0.372334 -5.75287e-06 
250.557 164.424 156.475 5.02363 -0.0296884 1.37648 0.369 0 
250.557 164.424 156.475 5.02363 -0.0296884 1.37648 0.369 0 
260.226 211.896 156.511 5.92611 -1.17015 1.37838 1.15369 -0.992177 
269.098 259.399 138.147 20.1573 -0.262587 0.496594 0.0611749 -1.00584 
258.698 292.708 134.04 22.5449 0.170717 -0.397952 -0.165158 -0.985261 
244.931 311.605 136.853 19.5305 0.415516 -1.27476 -0.153538 -0.964091 
235.058 316.37 143.689 13.8232 0.223479 -2.13328 -0.128365 -0.942785 
232.825 307.295 147.577 11.0517 -0.775552 -2.97338 0.759109 -0.921422 
234.607 284.679 135.439 20.1877 -0.0427274 -3.79497 -0.118666 -0.900026 
223.955 248.834 134.874 20.0045 -0.0418047 -4.59805 -0.107062 -0.878581 
213.51 200.047 134.328 19.821 -0.0409325 -5.38254 -0.0954259 0.388388 
203.274 138.62 133.801 19.6378 -0.0400865 -5.03907 -0.0837724 0.835746 
193.262 82.7261 133.293 19.4551 -0.039178 -4.29692 -0.0721744 0.814419 
183.479 38.7916 132.804 19.2723 -0.0382529 -3.57329 -0.0605749 0.793034 
173.924 6.51746 132.334 19.0891 -0.0373392 -2.86824 -0.0489589 0.771632 
164.6 -14.3956 131.884 18.9056 -0.036456 -2.18179 -0.0373274 0.75021 
155.507 -24.2475 131.453 18.7224 -0.0355989 -1.51398 -0.0256897 0.728721 
146.645 -23.3384 131.04 18.5395 -0.0347269 -0.864885 -0.0140795 -0.0244558 
138.014 -11.9699 130.646 18.357 -0.0338357 -0.886212 -0.002493 -0.682019 
129.605 -0.945306 130.272 18.1744 -0.0329437 -1.49324 0.00910246 -0.112251 
121.411 0.297518 129.916 17.9918 -0.0320292 -1.59317 0.0207098 0.0250626 
113.441 -0.0701325 129.58 17.809 -0.0310667 -1.57086 0.0323325 0.000848473 
105.695 -0.0784943 129.264 17.6252 -0.0300651 -1.5701 0.0439968 -0.00085919 
98.1764 -0.0748713 128.969 17.4402 -0.0290569 -1.57087 0.0556496 0.00575582 
90.8867 -0.0837669 128.695 17.254 -0.0282658 -1.56574 0.0671742 0.214281 
83.8284 -0.0102478 128.438 17.0694 -0.0281824 -1.37488 0.0787542 -0.189263 
77.0026 3.13862 128.188 16.8949 -0.0284062 -1.54333 0.0903621 -0.514516 
70.3918 3.57292 127.938 16.7333 -0.0273188 -2.00159 0.101982 -0.493242 
63.9755 -3.37728 127.711 16.567 -0.0229612 -2.44119 0.113606 -0.471821 
57.7595 -17.4114 127.557 16.3565 -0.0160917 -2.862 0.12522 0.289484 
51.8027 -38.2267 127.52 16.0756 -0.0135343 -2.60499 0.136827 0.429084 
46.2099 -54.9009 127.532 15.7846 -0.0259682 -2.22348 0.148437 0.407715 
41.002 -65.4277 127.35 15.6684 -0.0546459 -1.86075 0.160009 0.386316 
35.9524 -70.1096 126.709 15.9077 -0.072673 -1.51685 0.172152 0.364911 
30.5832 -69.2497 125.772 16.3342 -0.024603 -1.1918 0.183276 0.343502 
24.6218 -63.1514 125.598 16.1187 0.114439 -0.885599 0.19487 0.322092 
18.892 -52.1191 127.671 14.213 0.245851 -0.598277 0.206501 0.300679 
15.6511 -36.4589 131.91 10.8881 0.111847 -0.329845 0.40632 0.279263 
16.8869 -16.4766 134.076 9.41306 -0.0462483 -0.080311 0.56647 0.257843 
20.1513 7.52514 133.732 9.91718 -0.0410656 0.150309 0.546486 0.236413 
22.7549 35.2436 133.459 10.319 -0.00712439 0.361991 0.503285 0.214965 
24.8227 66.3736 133.722 10.2933 -0.0164595 0.554705 0.507557 0.193464 
26.9376 100.609 133.835 10.3817 -0.0192619 0.728393 0.501124 0.171718 
28.9453 137.643 133.902 10.4997 -0.0240011 0.882825 0.48497 0.136538 
30.8061 177.166 133.888 10.675 -0.0495101 1.00602 0.468704 0.128828 
32.4501 218.674 133.459 11.1561 -0.0869328 1.12243 0.452423 0.10778 
33.4725 262.059 132.415 12.0571 -0.0893833 1.22017 0.436134 0.0864535 
33.2999 307.019 131.308 12.9051 0.00654607 1.29898 0.419828 0.0650517 
31.9668 353.25 131.725 12.4996 0.190858 1.35877 0.403503 0.0435614 
31.112 400.445 135.122 9.88867 0.270476 1.39946 0.387115 0.000851136 
33.713 448.292 139.87 6.58751 -0.089426 1.40212 0.369 0 
33.713 448.292 139.87 6.58751 -0.089426 1.40212 0.369 0 
44.183 511.916 138.823 8.30671 -1.04839 1.16253 1.12389 -1.02859 
52.0555 570.393 117.107 24.7486 0.3058 -0.299097 -0.176776 -1.00404 
30.0722 597.481 123.929 18.4642 0.798075 -1.73197 -0.165163 -0.985743 
18.9684 593.766 141.546 5 0.0357041 -3.14521 0.769428 -0.964126 
32.1128 559.661 143.243 5 0.0357034 -4.53366 0.769428 -0.940664 
45.3064 495.716 144.94 5 0.0357027 -5.89219 0.769429 -0.298537 
58.5498 402.575 146.637 5 0.0357025 -6.27589 0.769429 -0.00436314 
71.8598 301.188 148.334 5 0.0357025 -6.2748 0.769429 0.122104 
85.2428 199.824 150.031 5 0.0357026 -6.06989 0.769429 0.848213 
98.7025 102.864 151.728 5 0.0357032 -4.83405 0.769429 0.829508 
112.256 32.4641 153.425 5 0.0357039 -3.61653 0.769429 0.807315 
125.904 -11.7705 155.121 5 0.0357045 -2.42501 0.769429 0.784308 
139.645 -30.398 156.818 5 0.0357051 -1.26149 0.769429 0.616289 
153.479 -24.0202 158.515 5 0.0357055 -0.469488 0.769429 -0.717601 
167.4 -0.62133 160.212 5 0.035705 -1.52779 0.769429 -0.0271851 
181.376 0.0334177 161.909 5 0.0357049 -1.56613 0.769429 0.00462277 
195.424 -0.135708 163.606 5 0.0357049 -1.55941 0.769429 0.000799193 
209.546 -0.160548 165.303 5 0.0357049 -1.55835 0.769429 -0.00143744 
223.74 -0.162513 167 5 0.0357049 -1.56025 0.769429 0.00172885 
238.008 -0.205343 168.697 5 0.0357049 -1.55792 0.769429 -0.000612085 
252.348 -0.198212 170.394 5 0.035705 -1.55874 0.769428 7.66112e-06 
266.762 -0.208529 172.091 5 0.0357029 -1.55872 0.769465 -3.99452e-05 
281.249 -0.218467 173.788 5 0.035818 -1.55876 0.76748 -0.000219947 
295.808 -0.229319 175.487 5 0.0295608 -1.56053 0.766251 0.000701455 
310.444 -0.278186 177.052 5.10348 0.0195156 -1.55585 0.762347 -0.000682904 
324.973 -0.226308 178.398 5.36041 0.0182609 -1.55917 0.746041 -7.49672e-05 
339.118 -0.245566 179.708 5.61734 0.0170061 -1.55976 0.729735 0.000397133 
352.878 -0.277056 180.981 5.87427 0.0157513 -1.55883 0.713429 -0.000143108 
366.251 -0.28829 182.219 6.13121 0.0144969 -1.55876 0.697122 -3.63034e-05 
379.235 -0.297594 183.422 6.38814 0.013243 -1.55877 0.680816 0.000193008 
391.828 -0.306791 184.588 6.64506 0.011989 -1.55852 0.66451 0.000360312 
404.031 -0.310306 185.719 6.90196 0.0107322 -1.55799 0.648204 -0.000478508 
415.84 -0.302024 186.813 7.15891 0.00947074 -1.55875 0.631898 -0.00163921 
427.254 -0.30959 187.872 7.41597 0.00821271 -1.56139 0.615592 0.00228273 
438.271 -0.373543 188.895 7.67306 0.00698011 -1.55753 0.599286 -0.00100119 
448.891 -0.354279 189.883 7.92977 0.00577994 -1.55925 0.58298 0.000791837 
459.111 -0.371733 190.836 8.18562 0.00453333 -1.5578 0.566673 0.000260506 
468.933 -0.357495 191.753 8.44149 0.00306633 -1.55712 0.550367 0.0177342 
478.354 -0.32847 192.63 8.70098 0.00138856 -1.51977 0.534061 -0.0834073 
487.367 0.503793 193.462 8.96703 0.000242442 -1.71189 0.517755 -0.168309 
495.956 -2.79256 194.26 9.23003 0.000950073 -2.1228 0.501449 0.160674 
504.118 -14.9194 195.064 9.46009 0.00284279 -1.70409 0.485143 0.14756 
511.925 -18.0474 195.902 9.64245 -0.000815259 -1.2907 0.468837 0.127456 
519.463 -12.2909 196.654 9.87456 -0.0195936 -0.89928 0.452531 0.106449 
526.648 1.87785 196.994 10.3967 -0.0429816 -0.532005 0.436224 0.0850893 
532.965 23.9405 196.814 11.2435 -0.0118209 -0.189734 0.419918 0.063392 
537.809 53.3601 197.275 11.4778 0.138624 0.126697 0.403612 0.0407167 
542.209 89.5805 200.961 9.23483 0.280605 0.414841 0.387306 -6.71091e-05 
550.575 131.99 207.775 5 -0.09 0.410079 0.369 0 
550.575 131.99 207.775 5 -0.09 0.410079 0.369 0 
560.004 162.977 206.867 6.5973 -1.20022 0.411323 1.15369 -0.98068 
567.748 193.984 188.541 20.7109 -0.21854 -0.43589 0.0340053 -1.00594 
556.897 211.745 185.226 22.4678 0.220118 -1.30551 -0.165163 -0.985483 
543.591 215.895 188.734 18.9593 0.44557 -2.15799 -0.153549 -0.964316 
534.714 206.697 195.859 13.1157 0.173745 -2.9927 -0.0844904 -0.942939 
533.465 184.429 198.876 11.0576 -0.798123 -3.80943 0.777448 -0.921532 
535.185 149.373 186.732 20.1877 -0.0421002 -4.60813 -0.118707 0.0502192 
524.827 101.825 186.192 20.0023 -0.0413102 -4.56658 -0.107086 0.878722 
514.685 54.9277 185.67 19.8184 -0.0408557 -3.80819 -0.0950938 0.85732 
504.766 19.9008 185.16 19.6396 -0.0396446 -3.06784 -0.083861 0.835913 
495.064 -3.53765 184.673 19.4568 -0.0387145 -2.34555 -0.0722578 0.814503 
485.585 -15.6703 184.205 19.2736 -0.037778 -1.64132 -0.0606462 0.793089 
476.33 -16.7799 183.756 19.0898 -0.0368813 -0.955187 -0.0490273 -0.194126 
467.299 -7.1497 183.326 18.9062 -0.0360779 -1.12276 -0.0373422 -0.529203 
458.483 -0.142652 182.913 18.7236 -0.0352062 -1.58034 -0.0257282 0.00890122 
449.877 -0.298343 182.518 18.5412 -0.0342715 -1.57265 -0.0141644 0.00299102 
441.487 -0.333764 182.143 18.3584 -0.0333603 -1.57006 -0.00256177 0.000412569 
433.315 -0.32888 181.786 18.1753 -0.0324584 -1.56971 0.00905167 -0.00024497 
425.36 -0.318586 181.448 17.9921 -0.0315721 -1.56992 0.0206753 -7.74442e-05 
417.625 -0.311785 181.129 17.809 -0.0306902 -1.56998 0.0322997 0.000235686 
410.109 -0.306211 180.828 17.6261 -0.0297965 -1.56978 0.0439116 -8.3706e-05 
402.812 -0.297622 180.545 17.4431 -0.0288992 -1.56985 0.0555194 -3.44007e-05 
395.736 -0.290344 180.282 17.2601 -0.0280086 -1.56988 0.06713 7.71054e-05 
388.881 -0.283709 180.036 17.0772 -0.027125 -1.56981 0.0787429 -9.16717e-05 
382.247 -0.276208 179.809 16.8943 -0.0262372 -1.56989 0.0903537 2.65158e-05 
375.836 -0.270127 179.601 16.7115 -0.0253331 -1.56987 0.101961 2.19456e-05 
369.646 -0.263865 179.411 16.5286 -0.024412 -1.56985 0.113568 -4.9312e-06 
363.68 -0.257485 179.241 16.3454 -0.023497 -1.56985 0.12518 -7.17014e-05 
357.938 -0.251351 179.089 16.1619 -0.022625 -1.56992 0.136802 0.000475278 
352.421 -0.246369 178.956 15.9787 -0.0218071 -1.56951 0.14843 -0.00106017 
347.13 -0.235131 178.84 15.7964 -0.0209823 -1.57042 0.160024 0.00410736 
342.063 -0.238427 178.741 15.6149 -0.0200939 -1.56687 0.171635 0.0439077 
337.221 -0.186283 178.661 15.4333 -0.0189924 -1.52888 0.183236 -0.202631 
332.604 0.460351 178.602 15.2491 -0.0177163 -1.70417 0.194842 -0.3216 
328.213 -1.63701 178.569 15.0605 -0.016645 -1.9825 0.206454 -0.0248203 
324.055 -8.09129 178.557 14.8703 -0.0164182 -2.00423 0.218066 0.279274 
320.134 -14.8859 178.553 14.6888 -0.0172473 -1.76288 0.229678 0.257878 
316.444 -17.9029 178.54 14.5277 -0.0178261 -1.53988 0.241291 0.236468 
312.958 -17.4294 178.523 14.3818 -0.0151378 -1.33527 0.252905 0.215049 
309.657 -13.7533 178.551 14.2108 -0.0069728 -1.14906 0.264516 0.193611 
306.571 -7.16272 178.712 13.952 0.00283245 -0.981288 0.276131 0.172109 
303.813 2.05383 179.032 13.5948 0.00123341 -0.83201 0.287736 0.144926 
301.516 13.6067 179.337 13.2851 -0.0261708 -0.706158 0.299345 0.128979 
299.627 27.1291 179.22 13.3253 -0.0718574 -0.594023 0.310968 0.107656 
297.7 42.4069 178.387 13.8974 -0.0835696 -0.500265 0.322625 -0.00425966 
295.033 59.1527 177.356 14.5426 0.017026 -0.503278 0.334339 0.0646257 
291.494 75.8521 177.884 13.9159 0.238825 -0.446696 0.345794 0.0422752 
288.689 93.4366 181.9 10.7039 0.390384 -0.409421 0.357398 0.0168177 
289.991 111.601 188.368 6.00659 0.0899752 -0.394152 0.369 0 
289.991 111.601 188.368 6.00659 0.0899752 -0.394152 0.369 0 
299.864 134.029 190.664 5.21588 -1.08545 -0.393256 1.15368 -1.00154 
311.482 156.473 170.557 20.9256 -0.141139 -1.4486 -0.106492 -0.981825 
297.937 158.799 167.987 22.0353 0.0302478 -2.48398 -0.165085 -0.983823 
282.516 141.372 168.654 20.5685 0.23138 -3.52228 -0.153038 -0.961726 
269.27 104.132 173.203 16.3541 0.197174 -4.53806 -0.123218 0.924629 
262.639 47.5045 177.228 13.1352 -0.513047 -3.56518 0.489902 0.920563 
261.37 9.43636 167.801 20.11 -0.041829 -2.59582 -0.115218 0.899501 
248.911 -10.1273 167.151 19.8868 -0.0449738 -1.64794 -0.100301 0.636914 
236.784 -11.6054 166.448 19.7245 -0.045878 -0.976275 -0.0889357 -0.556079 
224.889 -0.268098 165.733 19.5859 -0.0437136 -1.56229 -0.0808391 -0.00874091 
213.169 -0.112352 165.063 19.4263 -0.0435742 -1.5715 -0.0700728 0.000352971 
201.667 -0.13257 164.401 19.2755 -0.0416039 -1.57113 -0.0586264 0.000812691 
190.369 -0.145876 163.781 19.1051 -0.0343233 -1.57027 -0.0470942 0.000242321 
179.306 -0.143037 163.305 18.8406 -0.02513 -1.57002 -0.0357701 6.55107e-06 
168.625 -0.135637 163.012 18.4659 -0.0316912 -1.57001 -0.0243757 5.08099e-05 
158.508 -0.12856 162.606 18.2235 -0.0733523 -1.56996 -0.0125129 -2.99711e-06 
148.763 -0.120762 161.413 18.606 -0.124087 -1.56996 0.000885771 -2.20307e-05 
138.406 -0.112542 159.239 19.6662 -0.0663568 -1.56998 0.0150451 -0.00120748 
126.323 -0.103397 158.135 19.7445 0.222054 -1.57125 0.0226713 0.00281349 
113.968 -0.118339 162.531 15.62 0.539873 -1.56829 0.0332992 -0.00153767 
107.966 -0.0817491 173.118 7.3858 0.135306 -1.56993 0.645557 -9.03595e-06 
115.113 -0.0865502 176.237 5.53263 -0.00369664 -1.56994 0.810218 1.69867e-05 
125.264 -0.0939209 176.76 5.78904 -0.00528131 -1.56993 0.794055 -6.2514e-05 
135.045 -0.100647 177.246 6.05017 -0.00654567 -1.56999 0.777548 -0.00210179 
144.445 -0.10832 177.699 6.3111 -0.00762266 -1.57221 0.760972 0.00976504 
153.464 -0.157979 178.124 6.56917 -0.00875037 -1.56191 0.74455 0.216103 
162.105 -0.0108593 178.519 6.82536 -0.0100041 -1.33399 0.728277 -0.462209 
170.373 4.48537 178.883 7.0816 -0.0113 -1.82128 0.712024 -0.450402 
178.257 -0.315788 179.214 7.33848 -0.0125686 -2.29649 0.695731 -0.428994 
185.754 -14.1838 179.513 7.59555 -0.013807 -2.74949 0.679415 0.163517 
192.863 -36.6949 179.781 7.85237 -0.015049 -2.57794 0.663109 0.386268 
199.592 -55.9324 180.017 8.10903 -0.0163122 -2.17133 0.646819 0.364902 
205.945 -67.4113 180.221 8.36583 -0.0175784 -1.78694 0.630538 0.343505 
211.92 -71.5557 180.393 8.6228 -0.0187955 -1.42483 0.614261 0.322099 
217.514 -68.7906 180.534 8.87919 -0.0199241 -1.08502 0.597987 0.300687 
222.727 -59.5413 180.645 9.1338 -0.0210613 -0.767528 0.581717 0.279267 
227.56 -44.2339 180.727 9.38696 -0.0225189 -0.472384 0.565455 0.25783 
232.015 -23.2947 180.774 9.64351 -0.0245275 -0.199624 0.549205 0.236338 
236.083 2.84919 180.774 9.911 -0.0264285 0.0506775 0.532963 0.214636 
239.748 33.7693 180.73 10.1865 -0.0262241 0.278283 0.516715 0.191901 
242.993 69.0325 180.682 10.4385 -0.0225307 0.482085 0.500451 0.163403 
245.852 108.185 180.696 10.6192 -0.0197245 0.655988 0.484185 0.125012 
248.438 150.655 180.758 10.7504 -0.0306688 0.789534 0.467952 0.125343 
250.831 195.674 180.607 11.0379 -0.0639116 0.923532 0.451756 0.0943168 
252.794 243.25 179.813 11.7858 -0.0906046 1.02491 0.435551 0.076264 
253.595 292.761 178.488 12.8418 -0.0276884 1.10733 0.419303 0.0580936 
252.707 343.846 178.33 12.867 0.178397 1.17065 0.403004 0.0373766 
251.698 396.139 182.103 9.91105 0.337934 1.21215 0.38653 0.000511145 
255.292 449.221 189.012 5.02064 -0.0873617 1.21481 0.369 0 
255.292 449.221 189.012 5.02064 -0.0873617 1.21481 0.369 0 
265.18 494.939 188.114 6.67446 -1.23619 1.229 1.15369 -1.00548 
273.24 540.892 168.305 21.9121 -0.180465 0.318161 0.0604828 -1.00275 
260.236 571.901 165.434 23.1192 0.517985 -0.581101 -0.165163 -0.985757 
245.307 588.142 174.003 15.6588 0.837172 -1.48832 -0.153551 -0.96436 
240.362 589.474 188.011 5 0.0178689 -2.37674 0.839446 -0.942954 
250.163 576.203 188.843 5 0.0178685 -3.24628 0.839446 -0.921544 
259.981 548.65 189.675 5 0.017868 -4.09696 0.839446 -0.900133 
269.814 507.125 190.506 5 0.0178676 -4.92875 0.839446 -0.878714 
279.664 451.938 191.338 5 0.0178672 -5.74164 0.839446 -0.587719 
289.531 383.4 192.17 5 0.0178669 -6.27998 0.839446 0.00944383 
299.418 306.02 193.002 5 0.0178669 -6.27998 0.839446 0.39909 
309.332 228.64 193.834 5 0.0178671 -5.92504 0.839447 0.793084 
319.279 157.089 194.665 5 0.0178674 -5.19497 0.839447 0.771681 
329.262 97.5301 195.497 5 0.0178678 -4.48384 0.839447 0.750274 
339.282 49.6508 196.329 5 0.0178682 -3.79168 0.839447 0.728864 
349.339 13.1399 197.161 5 0.0178685 -3.1185 0.839447 0.707452 
359.431 -12.3143 197.993 5 0.0178691 -2.46432 0.839443 0.686034 
369.56 -27.0239 198.825 5 0.017861 -1.82917 0.839587 0.664598 
379.724 -31.3014 199.656 5 0.0182071 -1.21308 0.833628 0.642908 
389.924 -25.4599 200.494 5 0.00392754 -0.616541 0.836303 -0.419492 
400.163 -9.82059 201.097 5.1765 -0.00351428 -1.00193 0.827571 -0.592075 
410.188 -0.51089 201.573 5.43343 -0.00476882 -1.54673 0.811265 -0.0310733 
419.883 -0.149089 202.021 5.69035 -0.00602385 -1.57592 0.794959 0.00706296 
429.255 -0.266466 202.442 5.94728 -0.00728009 -1.56935 0.778653 0.00036481 
438.304 -0.27556 202.836 6.20423 -0.00853672 -1.56893 0.762347 3.70024e-05 
447.027 -0.277486 203.203 6.4612 -0.0097906 -1.56884 0.746041 -0.00021223 
455.425 -0.27772 203.542 6.71816 -0.0110383 -1.56903 0.729735 -0.00578922 
463.496 -0.280746 203.854 6.97503 -0.0122821 -1.57432 0.713429 0.00985469 
471.24 -0.370367 204.138 7.23177 -0.013536 -1.56535 0.697122 -0.00350413 
478.655 -0.312453 204.396 7.48852 -0.0148202 -1.56854 0.680816 -0.00055765 
485.742 -0.306712 204.625 7.74565 -0.0161319 -1.56905 0.66451 -0.0163287 
492.498 -0.309043 204.826 8.00348 -0.0174104 -1.58394 0.648204 0.0319337 
498.922 -0.555567 204.999 8.26151 -0.0185489 -1.55482 0.631898 -0.0170666 
505.013 -0.323636 205.147 8.51798 -0.0195187 -1.57038 0.615592 0.00164366 
510.771 -0.347017 205.272 8.77093 -0.0205671 -1.56889 0.599286 -0.000996886 
516.201 -0.34567 205.374 9.02173 -0.0222388 -1.56982 0.58298 -0.0179141 
521.304 -0.359246 205.441 9.2784 -0.0248563 -1.58618 0.566673 0.0351811 
526.073 -0.641302 205.458 9.55212 -0.0274884 -1.55399 0.550367 -0.0122978 
530.483 -0.394335 205.425 9.84126 -0.0274808 -1.56538 0.534061 -0.143609 
534.511 -0.334119 205.385 10.1112 -0.0224861 -1.70455 0.517755 -0.0513686 
538.179 -2.55942 205.42 10.3016 -0.0155914 -1.74123 0.501449 0.172248 
541.596 -5.38711 205.562 10.3973 -0.0192007 -1.57203 0.485143 0.15085 
544.894 -5.43563 205.643 10.5397 -0.047848 -1.42214 0.468837 0.129445 
548.019 -3.02202 205.25 11.0367 -0.093785 -1.29157 0.452531 0.108038 
550.493 1.5366 204.089 12.0663 -0.10151 -1.18035 0.436224 0.08663 
551.579 7.92302 202.774 13.0941 0.0111144 -1.08849 0.419918 0.0652216 
551.233 15.8193 203.282 12.6163 0.241471 -1.01601 0.403612 0.0438121 
551.457 24.9056 207.586 9.323 0.353028 -0.962928 0.387306 0.0016119 
556.122 34.8603 213.809 5 -0.09 -0.96292 0.369 0 
556.122 34.8603 213.809 5 -0.09 -0.96292 0.369 0 
572.9 48.9826 210.928 6.214 -0.507915 -2.27236 1.15369 -0.27943 
587.229 29.6067 197.305 14.4738 0.370559 -2.6842 0.496507 0.64793 
583.47 -0.291459 205.819 5.00002 -0.0712614 -1.51873 1.12108 0.006793 
599.818 -0.38869 203.418 5 -0.0703164 -1.51282 1.10478 -5.09908e-05 
616.043 -0.334717 201.04 5 -0.0693703 -1.51398 1.08847 -0.00135198 
632.145 -0.310389 198.687 5 -0.0684243 -1.51771 1.07216 -0.000123633 
648.126 -0.381501 196.359 5 -0.0674783 -1.51772 1.05586 0.002198 
663.988 -0.452809 194.054 5 -0.0665322 -1.51159 1.03955 -0.00182018 
679.73 -0.367234 191.774 5 -0.0655862 -1.51613 1.02324 0.000322397 
695.356 -0.397777 189.517 5 -0.0646402 -1.51522 1.00694 0.000695178 
710.865 -0.405146 187.285 5 -0.0636941 -1.51332 0.990633 -0.000524796 
726.259 -0.364026 185.078 5 -0.0627481 -1.51545 0.974327 -0.00065752 
741.54 -0.377159 182.894 5 -0.0618021 -1.51742 0.95802 0.000827064 
756.708 -0.440923 180.735 5 -0.060856 -1.51485 0.941714 -0.000279784 
771.765 -0.438873 178.6 5 -0.05991 -1.51569 0.925408 -5.36612e-06 
786.712 -0.458324 176.489 5 -0.058964 -1.51564 0.909102 5.94224e-06 
801.55 -0.476539 174.402 5 -0.0580179 -1.51556 0.892796 5.25962e-05 
816.281 -0.492656 172.339 5 -0.0570719 -1.51529 0.87649 -8.20056e-05 
830.906 -0.501881 170.301 5 -0.0561259 -1.51563 0.860184 -0.00693149 
845.426 -0.519805 168.287 5 -0.0551798 -1.54436 0.843878 0.0126727 
859.841 -1.27276 166.297 5 -0.0542338 -1.48889 0.827571 -0.00570937 
874.155 -0.606572 164.331 5 -0.0532878 -1.51533 0.811265 -3.97899e-05 
888.367 -0.616791 162.389 5 -0.0523418 -1.51553 0.794959 3.81637e-06 
902.48 -0.632093 160.472 5 -0.0513958 -1.51543 0.778653 3.14088e-07 
916.493 -0.644915 158.579 5 -0.382417 -1.51534 0.762347 4.96319e-05 
930.579 -0.655566 148.217 11.4614 -0.160908 -1.5149 0.746041 -5.63163e-06 
930.775 -0.644362 143.257 12.5526 -0.126448 -1.5149 0.729735 5.61045e-06 
928.462 -0.631343 139.134 12.8095 -0.127703 -1.51483 0.713429 3.57539e-05 
925.412 -0.615942 134.969 13.0664 -0.128957 -1.5147 0.697122 3.901e-05 
921.622 -0.596902 130.761 13.3234 -0.130212 -1.51478 0.680816 -0.00127907 
917.09 -0.579492 126.51 13.5803 -0.131467 -1.5268 0.66451 0.00201949 
911.814 -0.869032 122.216 13.8372 -0.132722 -1.50659 0.648204 -0.000790261 
905.793 -0.641095 117.88 14.0942 -0.133974 -1.5136 0.631898 0.0142657 
899.023 -0.592276 113.502 14.3511 -0.135223 -1.3092 0.615592 -0.106069 
891.506 4.68616 109.08 14.6079 -0.136482 -2.15628 0.599286 -0.132509 
883.22 -11.7061 104.616 14.8647 -0.137777 -3.15074 0.58298 0.0993966 
874.159 -53.5396 100.109 15.1224 -0.139082 -2.26113 0.566673 0.102334 
864.358 -72.6135 95.5574 15.3809 -0.140207 -1.2933 0.550367 0.0863212 
853.813 -66.9265 90.9665 15.6367 -0.140948 -0.334683 0.534061 0.0709252 
842.529 -36.7143 86.3461 15.8827 -0.141992 0.618007 0.517755 0.0561731 
830.524 17.8714 81.689 16.1263 -0.145699 1.56117 0.501449 0.0487631 
817.801 96.5868 76.927 16.42 -0.15254 2.58106 0.485143 0.0184142 
804.257 201.395 71.9779 16.8163 -0.150316 3.16973 0.468837 -0.00102034 
789.658 321.264 67.0695 17.1216 -0.114424 3.1612 0.452531 -9.03077e-05 
774.162 440.915 63.0669 16.6959 -0.0679193 3.15527 0.436224 -4.49902e-05 
759.311 560.414 60.2714 15.4543 -0.188312 3.14763 0.419918 -2.43328e-05 
746.922 679.716 54.4468 16.7815 -0.668277 3.14135 0.403612 -3.77637e-06 
731.76 798.859 36.2886 27.2479 -0.874411 3.1438 0.387306 0.000305902 
694.317 918.081 12.4276 40 1.4 4.01799 0.369 0 
535.06 409.49 574.8 31.2491 0.770211 0 0.0482706 0 
535.06 409.49 574.8 31.2491 0.770212 1.2431e-06 0.0482706 -2.97423e-06 
535.117 409.422 574.873 31.2252 0.770869 -0.00207253 0.0483187 0.000110181 
443.353 344.754 571.045 31.2788 0.769347 0.00333089 0.0482106 -0.000137248 
403.98 427.212 573.738 31.2578 0.769957 0.000973275 0.048253 -4.03398e-05 
394.275 451.421 574.544 31.2512 0.77015 0.000234881 0.0482663 -9.73371e-06 
391.934 457.263 574.738 31.2496 0.770196 5.68206e-05 0.0482695 -2.35325e-06 
391.369 458.675 574.785 31.2492 0.770207 1.38724e-05 0.0482703 -5.72987e-07 
391.233 459.019 574.796 31.2491 0.77021 3.52258e-06 0.0482705 -1.43857e-07 
391.2 459.105 574.799 31.2491 0.77021 1.03919e-06 0.0482706 -4.07566e-08 
391.192 459.129 574.8 31.2491 0.770211 4.5504e-07 0.0482706 -1.63565e-08 
391.191 459.139 574.8 31.2491 0.770211 3.30869e-07 0.0482706 -1.10002e-08 
391.19 459.146 574.8 31.2491 0.770211 3.19541e-07 0.0482706 -1.0296e-08 
391.19 459.152 574.8 31.2491 0.770211 3.37588e-07 0.0482706 -1.07822e-08 
391.19 459.158 574.8 31.2491 0.770211 3.6525e-07 0.0482706 -1.16356e-08 
391.19 459.165 574.8 31.2491 0.770211 3.97939e-07 0.0482706 -1.26573e-08 
391.19 459.173 574.8 31.2491 0.770211 4.35466e-07 0.0482706 -1.38398e-08 
391.19 459.181 574.8 31.2491 0.770211 4.77664e-07 0.0482706 -1.51643e-08 
391.19 459.19 574.8 31.2491 0.770211 5.25664e-07 0.0482706 -1.66694e-08 
391.19 459.2 574.799 31.2491 0.770211 5.80387e-07 0.0482706 -1.83839e-08 
391.19 459.211 574.799 31.2491 0.770211 6.42925e-07 0.0482706 -2.03406e-08 
391.19 459.223 574.799 31.2491 0.770211 7.14687e-07 0.0482706 -2.25779e-08 
391.19 459.237 574.799 31.2491 0.770211 7.97836e-07 0.0482706 -2.51703e-08 
391.19 459.252 574.799 31.2491 0.770211 8.9415e-07 0.0482706 -2.81635e-08 
391.19 459.268 574.799 31.2491 0.770211 1.00676e-06 0.0482706 -3.16569e-08 
391.19 459.287 574.799 31.2491 0.770211 1.13898e-06 0.0482706 -3.5745e-08 
391.19 459.309 574.799 31.2491 0.77021 1.29567e-06 0.0482706 -4.05792e-08 
391.19 459.333 574.799 31.2491 0.77021 1.48238e-06 0.0482705 -4.6321e-08 
391.19 459.361 574.798 31.2491 0.77021 1.70681e-06 0.0482705 -5.31976e-08 
391.189 459.392 574.798 31.2491 0.77021 1.97913e-06 0.0482705 -6.15097e-08 
391.189 459.429 574.798 31.2491 0.77021 2.31274e-06 0.0482705 -7.16502e-08 
391.189 459.472 574.798 31.2491 0.77021 2.72586e-06 0.0482705 -8.41403e-08 
391.189 459.522 574.797 31.2491 0.77021 3.24418e-06 0.0482705 -9.97275e-08 
391.189 459.581 574.796 31.2491 0.77021 3.90297e-06 0.0482705 -1.19402e-07 
391.189 459.653 574.796 31.2491 0.77021 4.75426e-06 0.0482705 -1.44628e-07 
391.188 459.739 574.795 31.2491 0.77021 5.8743e-06 0.0482705 -1.77492e-07 
391.188 459.845 574.793 31.2491 0.770209 7.38086e-06 0.0482705 -2.21142e-07 
391.188 459.977 574.791 31.2491 0.770209 9.46336e-06 0.0482705 -2.80388e-07 
391.187 460.144 574.789 31.2491 0.770208 1.24517e-05 0.0482704 -3.62911e-07 
391.186 460.36 574.785 31.2492 0.770208 1.69891e-05 0.0482704 -4.81508e-07 
391.185 460.647 574.778 31.2492 0.770206 2.45457e-05 0.0482703 -6.58642e-07 
391.182 461.04 574.765 31.2493 0.770204 3.91489e-05 0.0482702 -9.3691e-07 
391.178 461.599 574.734 31.2493 0.770201 7.36975e-05 0.04827 -1.40519e-06 
391.167 462.437 574.643 31.2494 0.770193 0.000174178 0.0482698 -2.27369e-06 
391.135 463.791 574.336 31.2495 0.770171 0.000515017 0.0482696 -4.11749e-06 
391.029 466.241 573.196 31.2494 0.770105 0.00177966 0.0482699 -8.77677e-06 
390.632 471.453 568.771 31.2479 0.769866 0.00668686 0.0482727 -2.31832e-05 
389.083 485.183 551.28 31.2387 0.769018 0.0260759 0.048291 -7.57657e-05 
382.623 523.194 481.452 31.0083 0.770976 0.096143 0.0486483 -2.58654e-05 
18.3118 133.904 172.275 22.6636 4.81826e-05 0.00315003 0.0472706 0 
18.3118 133.904 172.275 22.6636 4.81826e-05 0.00315003 0.0472706 0 
4.78718 160.137 172.465 21.4083 0.680968 0.117261 -0.188388 1.00432 
-7.27306 188.281 184.092 12.0422 0.559787 1.15481 0.139521 0.888463 
-6.31985 233.791 193.941 5 0.0294447 2.01528 0.794012 0.945406 
4.60336 293.704 195.097 5 0.0294453 2.92367 0.794012 0.941827 
15.5775 368.831 196.253 5 0.0294458 3.82077 0.794012 0.728761 
26.6023 458.982 197.409 5 0.0294461 4.51396 0.794012 0.440904 
37.6752 560.742 198.565 5 0.0294464 4.93513 0.794012 0.181753 
48.7925 669.556 199.721 5 0.0294465 5.11172 0.794012 -0.0172665 
59.951 781.327 200.877 5 0.0294465 5.09994 0.794012 -0.161893 
71.1481 892.901 202.033 5 0.0294464 4.95053 0.794012 -0.265507 
82.3819 1001.97 203.189 5 0.0294462 4.70168 0.794012 -0.339276 
93.6513 1106.88 204.345 5 0.0294461 4.38118 0.794012 -0.391063 
104.955 1206.41 205.5 5 0.0294459 4.00955 0.794012 -0.426318 
116.293 1299.73 206.656 5 0.0294457 3.60226 0.794012 -0.448933 
127.664 1386.22 207.812 5 0.0294454 3.17119 0.794012 -0.461779 
139.068 1465.49 208.968 5 0.0294452 2.72561 0.794012 -0.467027 
150.505 1537.3 210.124 5 0.029445 2.27275 0.794012 -0.466336 
161.975 1601.52 211.28 5 0.0294447 1.81836 0.794012 -0.460978 
173.477 1658.14 212.436 5 0.0294445 1.36699 0.794012 -0.45193 
185.012 1707.2 213.592 5 0.0294445 0.922292 0.794008 -0.439942 
196.58 1748.8 214.748 5 0.0294338 0.487218 0.794188 -0.42559 
208.181 1783.13 215.904 5 0.0298732 0.0641783 0.786611 -0.409321 
219.815 1810.36 217.067 5 0.0113507 -0.344839 0.792604 -0.391485 
231.489 1830.75 217.92 5.23158 0.00818574 -0.738181 0.778653 -0.403866 
242.877 1844.55 218.714 5.48852 0.00692921 -1.1504 0.762347 -0.397689 
253.941 1851.44 219.48 5.74548 0.0056742 -1.56154 0.746041 -0.377552 
264.681 1851.45 220.217 6.00243 0.00442361 -1.95482 0.729735 -0.351871 
275.096 1844.88 220.927 6.25933 0.00317703 -2.3234 0.713428 -0.326344 
285.186 1832.13 221.61 6.51613 0.00192528 -2.6675 0.697122 -0.302834 
294.95 1813.62 222.264 6.77291 0.000652271 -2.98958 0.680816 -0.280378 
304.387 1789.71 222.89 7.02993 -0.000645491 -3.29087 0.66451 -0.257732 
313.497 1760.76 223.488 7.28749 -0.00192803 -3.57105 0.648204 -0.234534 
322.278 1727.12 224.057 7.54533 -0.00311044 -3.82936 0.631898 -0.211043 
330.729 1689.15 224.599 7.80215 -0.0041495 -4.06532 0.615592 -0.187633 
338.851 1647.23 225.117 8.05624 -0.00521022 -4.27885 0.599286 -0.164551 
346.646 1601.74 225.611 8.30816 -0.00672636 -4.47011 0.582979 -0.141944 
354.118 1553.04 226.072 8.56396 -0.00903196 -4.63939 0.566673 -0.119978 
361.261 1501.51 226.488 8.83328 -0.0114963 -4.78707 0.550367 -0.0989053 
368.056 1447.5 226.856 9.11665 -0.0119724 -4.91376 0.534061 -0.0790611 
374.48 1391.37 227.207 9.38722 -0.00826857 -5.02031 0.517755 -0.0608329 
380.551 1333.46 227.614 9.59312 -0.00249932 -5.10789 0.501449 -0.0446161 
386.356 1274.08 228.112 9.71509 -0.00496551 -5.17801 0.485143 -0.030764 
392.014 1213.53 228.565 9.86722 -0.0288201 -5.23244 0.468837 -0.0195333 
397.49 1152.07 228.614 10.3188 -0.0688547 -5.27316 0.452531 -0.0110325 
402.375 1089.92 227.981 11.2432 -0.0772485 -5.30218 0.436224 -0.00518574 
406.001 1027.29 227.183 12.1857 0.0203993 -5.32143 0.419918 -0.00171858 
408.302 964.338 227.994 11.7932 0.224869 -5.33253 0.403612 -0.00016249 
411.088 901.2 232.241 8.85036 0.322243 -5.33667 0.387306 0.000134276 
417.933 837.989 238.197 5 -0.0899997 -5.33445 0.369 0 
417.933 837.989 238.197 5 -0.0899997 -5.33445 0.369 0 
420.642 835.28 238.086 7.08766 -0.0161965 -3.71096 0.482653 3.60813e-12 
423.351 832.571 237.964 8.94314 -0.00292328 -2.51899 0.480306 2.28666e-12 
426.06 829.862 237.831 10.6102 -0.000537574 -1.68185 0.477959 1.47962e-12 
428.769 827.153 237.685 12.107 -0.000108779 -1.11405 0.475612 9.64068e-13 
431.478 824.444 237.528 13.4453 -3.17086e-05 -0.736718 0.473265 6.29192e-13 
434.186 821.735 237.36 14.6352 -1.78563e-05 -0.488488 0.470918 4.10216e-13 
436.895 819.027 237.18 15.687 -1.53666e-05 -0.325944 0.468571 2.66903e-13 
439.604 816.318 236.989 16.6116 -1.49191e-05 -0.219721 0.466224 1.73285e-13 
442.313 813.609 236.786 17.4203 -1.48387e-05 -0.150361 0.463878 1.12047e-13 
445.022 810.9 236.571 18.1245 -1.48242e-05 -0.105087 0.461531 7.23048e-14 
447.731 808.191 236.345 18.7355 -1.48217e-05 -0.0755374 0.459184 4.65617e-14 
450.44 805.482 236.108 19.264 -1.48212e-05 -0.0562518 0.456837 2.98855e-14 
453.149 802.773 235.859 19.7202 -1.48211e-05 -0.0436648 0.45449 1.91225e-14 
455.857 800.064 235.598 20.1131 -1.48211e-05 -0.0354493 0.452143 1.21197e-14 
458.566 797.356 235.327 20.4512 -1.48211e-05 -0.0300869 0.449796 7.73516e-15 
461.275 794.647 235.043 20.7418 -1.48212e-05 -0.0265867 0.447449 4.94896e-15 
463.984 791.938 234.748 20.9913 -1.48212e-05 -0.0243018 0.445102 3.09737e-15 
466.693 789.229 234.442 21.2054 -1.48212e-05 -0.0228102 0.442755 1.94988e-15 
469.402 786.52 234.125 21.3891 -1.48212e-05 -0.0218365 0.440408 1.18652e-15 
472.111 783.811 233.796 21.5466 -1.48212e-05 -0.0212008 0.438061 7.19854e-16 
474.82 781.102 233.455 21.6816 -1.48212e-05 -0.0207858 0.435714 4.54023e-16 
477.529 778.393 233.103 21.7974 -1.48212e-05 -0.0205148 0.433367 3.05362e-16 
480.237 775.684 232.74 21.8966 -1.48212e-05 -0.020338 0.43102 1.07895e-16 
482.946 772.976 232.366 21.9816 -1.48212e-05 -0.0202226 0.428673 7.52196e-17 
485.655 770.267 231.98 22.0544 -1.48212e-05 -0.0201474 0.426327 7.84328e-17 
488.364 767.558 231.582 22.1168 -1.48212e-05 -0.0200984 0.42398 3.00063e-18 
491.073 764.849 231.174 22.1703 -1.48212e-05 -0.0200666 0.421633 2.2392e-17 
493.782 762.14 230.754 22.2161 -1.48212e-05 -0.0200462 0.419286 1.21773e-17 
496.491 759.431 230.323 22.2553 -1.48212e-05 -0.0200333 0.416939 5.05904e-17 
499.2 756.722 229.881 22.2889 -1.48212e-05 -0.0200254 0.414592 -2.19324e-17 
501.909 754.013 229.427 22.3177 -1.48212e-05 -0.0200211 0.412245 2.11617e-17 
504.617 751.304 228.962 22.3423 -1.48212e-05 -0.0200192 0.409898 3.04734e-17 
507.326 748.596 228.486 22.3634 -1.48212e-05 -0.0200193 0.407551 2.54475e-17 
510.035 745.887 227.999 22.3814 -1.48212e-05 -0.020021 0.405204 4.642e-17 
512.744 743.178 227.501 22.3968 -1.48212e-05 -0.0200239 0.402857 8.69512e-18 
515.453 740.469 226.991 22.41 -1.48212e-05 -0.0200279 0.40051 7.34762e-17 
518.162 737.76 226.47 22.4212 -1.48212e-05 -0.0200323 0.398163 7.91374e-17 
520.871 735.051 225.939 22.4308 -1.48212e-05 -0.0200358 0.395816 4.49465e-17 
523.58 732.342 225.396 22.4389 -1.48212e-05 -0.020036 0.393469 5.84092e-17 
526.289 729.633 224.842 22.4458 -1.48212e-05 -0.0200284 0.391122 6.27255e-17 
528.997 726.924 224.277 22.4516 -1.48213e-05 -0.0200042 0.388776 5.23861e-17 
531.706 724.216 223.7 22.4565 -1.48214e-05 -0.019948 0.386429 8.85082e-17 
534.415 721.507 223.113 22.4606 -1.48222e-05 -0.0198328 0.384082 7.49392e-17 
537.124 718.798 222.515 22.464 -1.48251e-05 -0.0196118 0.381735 5.72672e-17 
539.833 716.089 221.906 22.4668 -1.48349e-05 -0.0192054 0.379388 4.40929e-17 
542.542 713.38 221.286 22.469 -1.48547e-05 -0.0184796 0.377041 2.59369e-17 
545.251 710.671 220.655 22.4706 -1.47781e-05 -0.0172109 0.374694 4.40056e-18 
547.96 707.962 220.013 22.4718 -1.33489e-05 -0.0150308 0.372347 -2.13706e-18 
550.669 705.253 219.36 22.4726 -6.0467e-09 -0.0113361 0.369 0 
550.669 705.253 219.36 22.4726 -6.0467e-09 -0.0113361 0.369 0 
541.1 723.773 219.268 21.387 0.974819 0.0468854 -0.188388 -0.743077 
532.326 742.978 230.688 12.2098 0.833397 -0.461771 -0.176775 -0.995595 
532.518 756.18 240.615 5 -0.310524 -1.20508 0.206722 -0.98235 
540.019 760.614 237.192 8.40446 -1.29023 -1.95075 1.10478 -0.964367 
544.447 756.259 222.155 19.8672 -0.294825 -2.6816 0.108344 -0.936833 
537.45 743.297 218.637 21.7616 -0.0658343 -3.37941 -0.130326 -0.879869 
528.52 722.11 218.06 21.5809 -0.0487131 -4.01872 -0.118714 -0.772806 
519.737 693.386 217.689 21.2544 -0.0315672 -4.56892 -0.107102 -0.641285 
511.244 658.175 217.526 21.0714 -0.0306709 -5.02094 -0.0954897 -0.5315 
502.916 617.636 217.377 20.8884 -0.029779 -5.39463 -0.0838775 -0.4375 
494.754 572.691 217.242 20.7055 -0.0288891 -5.70236 -0.0722652 -0.328272 
486.758 524.118 217.12 20.5225 -0.0279994 -5.93372 -0.0606529 -0.191432 
478.93 472.817 217.013 20.3396 -0.0271067 -6.06963 -0.0490407 -0.0430815 
471.27 419.914 216.92 20.1567 -0.0262077 -6.1022 -0.0374285 0.0873934 
463.781 366.627 216.841 19.9737 -0.0253024 -6.04363 -0.0258162 0.182762 
456.463 314.03 216.776 19.7907 -0.0243968 -5.91782 -0.014204 0.245902 
449.317 262.917 216.725 19.6075 -0.0235026 -5.74666 -0.00259174 0.288865 
442.344 213.821 216.688 19.4243 -0.0226306 -5.54379 0.00902051 0.321803 
435.546 167.116 216.665 19.2414 -0.0217794 -5.31581 0.0206328 0.349463 
428.921 123.099 216.656 19.0588 -0.0209255 -5.06601 0.032245 0.372585 
422.471 82.0267 216.66 18.8766 -0.0200264 -4.79717 0.0438572 0.39041 
416.195 44.1236 216.677 18.6942 -0.0190466 -4.51267 0.0554695 0.40233 
410.095 9.57437 216.71 18.511 -0.0179988 -4.21637 0.0670817 0.408372 
404.171 -21.482 216.759 18.3265 -0.0169753 -3.91222 0.078694 0.408993 
398.425 -48.9528 216.823 18.1409 -0.0161288 -3.60389 0.0903062 0.40474 
392.858 -72.7889 216.901 17.956 -0.0155731 -3.29474 0.101918 0.396066 
387.471 -92.9806 216.989 17.7742 -0.0152348 -2.98785 0.113531 0.383318 
382.261 -109.554 217.084 17.5973 -0.0147551 -2.68612 0.125143 0.366811 
377.222 -122.571 217.189 17.4237 -0.01359 -2.39232 0.136755 0.346911 
372.353 -132.125 217.31 17.2469 -0.0113865 -2.10902 0.148367 0.324072 
367.655 -138.339 217.46 17.0578 -0.0085111 -1.83854 0.15998 0.298833 
363.141 -141.364 217.649 16.8515 -0.00633814 -1.58291 0.171592 0.271795 
358.829 -141.376 217.866 16.6355 -0.00679107 -1.34379 0.183204 0.243589 
354.728 -138.569 218.082 16.4341 -0.0109145 -1.12245 0.194816 0.214855 
350.826 -133.153 218.254 16.2792 -0.0170251 -0.919774 0.206429 0.186222 
347.077 -125.347 218.356 16.1848 -0.0199119 -0.736248 0.218041 0.158292 
343.423 -115.379 218.426 16.1176 -0.0128439 -0.571981 0.229653 0.131629 
339.833 -103.473 218.581 15.9862 0.00706653 -0.426726 0.241265 0.106739 
336.368 -89.8555 218.973 15.6802 0.0324629 -0.299914 0.252878 0.0840558 
333.196 -74.743 219.67 15.1638 0.0437784 -0.190696 0.26449 0.0639249 
330.527 -58.3434 220.511 14.5796 0.0177209 -0.0980037 0.276102 0.0465911 
328.437 -40.8514 221.055 14.268 -0.0527697 -0.0206093 0.287714 0.0321893 
326.671 -22.4473 220.774 14.6065 -0.136637 0.042801 0.299327 0.0207382 
324.599 -3.29547 219.498 15.6652 -0.161088 0.0935515 0.310939 0.0121369 
321.503 16.4555 217.913 16.8558 -0.0465199 0.132897 0.322551 0.00616383 
317.219 36.6712 217.657 16.9213 0.219868 0.161946 0.334163 0.002478 
312.804 57.2295 220.54 14.5865 0.510317 0.181581 0.345776 0.000621505 
310.594 78.0175 226.891 9.81992 0.556421 0.192384 0.357388 2.27536e-05 
313.026 98.9294 233.876 5 0.0899998 0.194568 0.369 0 
313.026 98.9294 233.876 5 0.0899998 0.194568 0.369 0 
313.248 99.5828 233.908 5 0.0507256 0.19474 -0.188378 0.0184659 
313.47 100.236 233.926 5.02018 -0.0193663 0.195287 -0.176765 0.0172135 
313.692 100.89 233.918 5.05986 -0.0887143 0.195803 -0.165152 0.0160107 
313.913 101.544 233.884 5.11881 -0.15725 0.196291 -0.153538 0.0148578 
314.133 102.198 233.824 5.19673 -0.224907 0.196752 -0.141925 0.0137552 
314.351 102.852 233.74 5.29335 -0.291618 0.197185 -0.13031 0.0127029 
314.567 103.506 233.631 5.40834 -0.357318 0.197593 -0.118695 0.011701 
314.78 104.161 233.497 5.54137 -0.421943 0.197977 -0.107079 0.0107491 
314.989 104.816 233.339 5.69211 -0.485431 0.198337 -0.0954602 0.00984704 
315.194 105.47 233.158 5.86018 -0.547718 0.198674 -0.0838366 0.00899419 
315.394 106.125 232.954 6.04521 -0.608745 0.198989 -0.0721988 0.00818995 
315.589 106.78 232.726 6.24679 -0.668448 0.199284 -0.0604753 0.00743358 
315.779 107.436 232.477 6.46453 -0.719617 0.199559 0.957756 0.00672416 
315.962 108.091 232.209 6.67951 -0.694984 0.199815 0.941639 0.00606072 
316.138 108.746 231.949 6.88729 -0.670495 0.200053 0.925364 0.00544213 
316.308 109.402 231.699 7.08794 -0.646188 0.200275 0.909071 0.00486717 
316.472 110.057 231.457 7.28152 -0.622089 0.20048 0.892772 0.00433456 
316.629 110.713 231.224 7.46811 -0.598222 0.20067 0.87647 0.00384288 
316.781 111.369 231 7.64779 -0.574612 0.200846 0.860167 0.00339067 
316.927 112.024 230.784 7.82065 -0.551284 0.201009 0.843863 0.00297639 
317.067 112.68 230.578 7.98678 -0.528261 0.201159 0.827559 0.00259844 
317.202 113.336 230.379 8.1463 -0.505568 0.201298 0.811254 0.00225515 
317.333 113.992 230.189 8.2993 -0.483226 0.201425 0.794949 0.00194483 
317.458 114.648 230.007 8.4459 -0.46126 0.201542 0.778644 0.00166574 
317.579 115.304 229.833 8.58622 -0.439691 0.20165 0.762338 0.00141611 
317.695 115.96 229.667 8.72039 -0.41854 0.201749 0.746033 0.00119416 
317.807 116.617 229.509 8.84855 -0.397831 0.20184 0.729727 0.000998082 
317.915 117.273 229.358 8.97082 -0.377582 0.201923 0.713421 0.000826086 
318.019 117.929 229.215 9.08737 -0.357816 0.202 0.697116 0.000676374 
318.119 118.585 229.078 9.19832 -0.338551 0.20207 0.68081 0.000547168 
318.215 119.242 228.95 9.30385 -0.319807 0.202134 0.664504 0.000436711 
318.309 119.898 228.827 9.40411 -0.301603 0.202194 0.648198 0.00034328 
318.399 120.554 228.712 9.49926 -0.283958 0.202248 0.631892 0.000265188 
318.486 121.211 228.603 9.58947 -0.266888 0.202298 0.615587 0.000200797 
318.57 121.867 228.5 9.67493 -0.250411 0.202345 0.599281 0.000148526 
318.652 122.523 228.404 9.7558 -0.234544 0.202387 0.582975 0.000106857 
318.731 123.18 228.313 9.83227 -0.219302 0.202427 0.566669 7.43418e-05 
318.807 123.836 228.228 9.90453 -0.2047 0.202464 0.550363 4.96129e-05 
318.881 124.493 228.148 9.97276 -0.190754 0.202499 0.534057 3.13881e-05 
318.953 125.149 228.073 10.0372 -0.177476 0.202531 0.517751 1.84787e-05 
319.023 125.805 228.004 10.0979 -0.164879 0.202562 0.501445 9.79618e-06 
319.091 126.462 227.939 10.1553 -0.152978 0.202591 0.485139 4.35896e-06 
319.157 127.118 227.878 10.2094 -0.141782 0.202619 0.468833 1.29877e-06 
319.222 127.775 227.821 10.2605 -0.131303 0.202646 0.452527 -1.33188e-07 
319.284 128.432 227.768 10.3088 -0.121552 0.202673 0.436221 -5.6039e-07 
319.345 129.088 227.719 10.3545 -0.112537 0.202699 0.419915 -4.75372e-07 
319.405 129.745 227.673 10.3978 -0.104269 0.202724 0.403609 -2.34482e-07 
319.464 130.401 227.63 10.4388 -0.0967536 0.202749 0.387302 -5.29105e-08 
319.521 131.058 227.59 10.4651 -0.0899998 0.202775 0.369 0 
319.521 131.058 227.59 10.4651 -0.0899998 0.202775 0.369 0 
321.999 157.802 226.583 11.4674 -0.378985 0.203849 0.582054 -0.208822 
323.322 184.563 221.191 15.5463 -0.0394822 0.0307876 0.207149 -0.183566 
319.447 208.717 220.823 15.5769 0.0321454 -0.121324 0.168152 -0.161299 
315.5 230.577 221.535 14.8083 0.0189994 -0.254961 0.208401 -0.141694 
312.506 250.419 222.067 14.2394 -0.0130684 -0.372329 0.251473 -0.124442 
310.225 268.49 222.129 14.0658 -0.0288224 -0.475381 0.26932 -0.109259 
308.159 285.006 221.957 14.0782 -0.0288908 -0.565832 0.270478 -0.0958871 
306.071 300.158 221.785 14.0894 -0.024574 -0.645188 0.269159 -0.0840978 
303.962 314.112 221.677 14.0508 -0.0217049 -0.71476 0.270728 -0.0736879 
301.895 327.017 221.613 13.9821 -0.0208626 -0.775693 0.274702 -0.0644801 
299.909 339.002 221.564 13.9078 -0.0209063 -0.828984 0.279412 -0.0563199 
298.01 350.183 221.516 13.8381 -0.020958 -0.875503 0.283932 -0.0490741 
296.193 360.663 221.468 13.7729 -0.0207754 -0.916007 0.288134 -0.0426281 
294.453 370.531 221.425 13.7092 -0.0204475 -0.95116 0.292186 -0.0368839 
292.788 379.869 221.389 13.6453 -0.0200977 -0.981544 0.296228 -0.031758 
291.199 388.748 221.359 13.581 -0.0197789 -1.00767 0.300296 -0.0271793 
289.686 397.233 221.336 13.5167 -0.0194911 -1.03 0.304373 -0.0230877 
288.25 405.381 221.318 13.4526 -0.0192199 -1.04892 0.308434 -0.0194321 
286.891 413.243 221.307 13.389 -0.0189568 -1.06481 0.312465 -0.0161695 
285.608 420.866 221.3 13.326 -0.0187014 -1.07799 0.31646 -0.0132631 
284.4 428.29 221.3 13.2636 -0.0184564 -1.08876 0.320416 -0.0106819 
283.268 435.551 221.304 13.2018 -0.0182241 -1.09737 0.324327 -0.00839931 
282.211 442.682 221.313 13.1409 -0.0180058 -1.10409 0.328186 -0.0063922 
281.227 449.712 221.327 13.0809 -0.0178035 -1.10914 0.331986 -0.00464042 
280.316 456.666 221.346 13.0219 -0.0176207 -1.11273 0.335717 -0.00312597 
279.477 463.565 221.369 12.9642 -0.0174619 -1.11506 0.339371 -0.00183244 
278.708 470.43 221.395 12.9078 -0.0173284 -1.11632 0.342937 -0.000744545 
278.009 477.275 221.425 12.8531 -0.0172125 -1.11666 0.346406 0.000152307 
277.376 484.115 221.458 12.8002 -0.0170986 -1.11626 0.349768 0.00087234 
276.808 490.961 221.494 12.7489 -0.0169828 -1.11526 0.353006 0.00142969 
276.303 497.822 221.533 12.6991 -0.0169044 -1.11379 0.356104 0.00183858 
275.86 504.705 221.575 12.6513 -0.0169557 -1.11198 0.359047 0.00211349 
275.476 511.615 221.617 12.6068 -0.0172094 -1.10994 0.361826 0.00226917 
275.146 518.556 221.656 12.5678 -0.0175549 -1.10777 0.36444 0.0023207 
274.866 525.53 221.69 12.5348 -0.0175857 -1.10556 0.36688 0.00228341 
274.626 532.537 221.726 12.5037 -0.0168304 -1.10337 0.369114 0.00217277 
274.425 539.577 221.773 12.4656 -0.0154885 -1.10128 0.371076 0.00200427 
274.271 546.649 221.841 12.4145 -0.015199 -1.09932 0.372708 0.00179319 
274.18 553.75 221.915 12.3641 -0.0185373 -1.09755 0.374025 0.0015544 
274.154 560.878 221.94 12.356 -0.0260612 -1.09596 0.375132 0.00130205 
274.141 568.029 221.852 12.4343 -0.0321106 -1.09459 0.376124 0.0010493 
274.032 575.202 221.67 12.5738 -0.0246198 -1.09343 0.376923 0.000807986 
273.746 582.392 221.598 12.613 0.00446562 -1.09247 0.377254 0.00058831 
273.403 589.597 221.964 12.3142 0.0393827 -1.09169 0.376874 0.000398463 
273.421 596.813 222.864 11.6444 0.0301258 -1.09107 0.375866 0.000244296 
274.279 604.038 223.64 11.1472 -0.0769829 -1.09058 0.374683 0.000128965 
275.794 611.27 222.813 11.9292 -0.255901 -1.09018 0.373591 5.25924e-05 
276.392 618.508 219.267 14.6888 -0.322331 -1.08984 0.372125 1.19271e-05 
273.567 625.755 214.652 17.9404 0.00352335 -1.08953 0.369 0 
273.567 625.755 214.652 17.9404 0.00352335 -1.08953 0.369 0 
279.591 619.731 216.859 19.2035 -1.90555e-05 -0.548876 0.482653 3.96776e-10 
285.615 613.707 219.021 20.1145 -0.000192718 -0.33421 0.480306 1.94986e-10 
291.64 607.683 221.14 20.7656 -0.000200978 -0.248879 0.477959 8.95316e-11 
297.664 601.659 223.215 21.2295 -0.000201374 -0.214928 0.475612 3.7988e-11 
303.688 595.635 225.246 21.5598 -0.0002014 -0.201482 0.473265 1.41809e-11 
309.712 589.611 227.233 21.7949 -0.000201401 -0.19621 0.470918 3.90395e-12 
315.736 583.587 229.176 21.9623 -0.0002014 -0.19417 0.468571 -8.80665e-14 
321.76 577.562 231.075 22.0816 -0.000201398 -0.193395 0.466224 -1.32883e-12 
327.784 571.538 232.929 22.1666 -0.000201397 -0.193105 0.463878 -1.4692e-12 
333.808 565.514 234.738 22.227 -0.000201397 -0.192997 0.461531 -1.23957e-12 
339.832 559.49 236.503 22.27 -0.000201397 -0.192958 0.459184 -9.39361e-13 
345.856 553.466 238.223 22.3006 -0.000201397 -0.192942 0.456837 -6.74592e-13 
351.88 547.442 239.898 22.3223 -0.000201397 -0.192935 0.45449 -4.70886e-13 
357.904 541.418 241.528 22.3376 -0.000201398 -0.192931 0.452143 -3.24256e-13 
363.928 535.394 243.112 22.3484 -0.000201398 -0.192929 0.449796 -2.22378e-13 
369.952 529.37 244.652 22.3561 -0.000201399 -0.192927 0.447449 -1.52973e-13 
375.976 523.346 246.146 22.3615 -0.000201399 -0.192926 0.445102 -1.06074e-13 
382 517.322 247.594 22.3652 -0.0002014 -0.192925 0.442755 -7.41486e-14 
388.024 511.298 248.996 22.3679 -0.000201401 -0.192925 0.440408 -5.26829e-14 
394.048 505.274 250.353 22.3697 -0.000201401 -0.192924 0.438061 -3.77214e-14 
400.072 499.25 251.664 22.371 -0.000201402 -0.192924 0.435714 -2.74718e-14 
406.096 493.226 252.928 22.3719 -0.000201403 -0.192924 0.433367 -2.00442e-14 
412.12 487.202 254.147 22.3725 -0.000201404 -0.192924 0.43102 -1.4964e-14 
418.144 481.178 255.318 22.3729 -0.000201404 -0.192924 0.428673 -1.12402e-14 
424.169 475.154 256.444 22.3732 -0.000201405 -0.192924 0.426327 -8.51868e-15 
430.193 469.13 257.523 22.3734 -0.000201406 -0.192924 0.42398 -6.61695e-15 
436.217 463.106 258.554 22.3736 -0.000201407 -0.192924 0.421633 -5.26877e-15 
442.241 457.082 259.54 22.3737 -0.000201407 -0.192923 0.419286 -4.47777e-15 
448.265 451.058 260.478 22.3737 -0.000201408 -0.192923 0.416939 -3.93362e-15 
454.289 445.033 261.369 22.3738 -0.000201409 -0.192923 0.414592 -3.84503e-15 
460.313 439.009 262.213 22.3739 -0.000201409 -0.192923 0.412245 -3.96377e-15 
466.337 432.985 263.009 22.3739 -0.00020141 -0.192923 0.409898 -4.44131e-15 
472.361 426.961 263.758 22.374 -0.000201411 -0.192923 0.407551 -5.09296e-15 
478.385 420.937 264.46 22.374 -0.000201412 -0.192923 0.405204 -5.93267e-15 
484.409 414.913 265.114 22.3741 -0.000201412 -0.192923 0.402857 -6.88331e-15 
490.433 408.889 265.72 22.3743 -0.000201413 -0.192923 0.40051 -7.72574e-15 
496.457 402.865 266.279 22.3745 -0.000201414 -0.192922 0.398163 -8.25894e-15 
502.481 396.841 266.79 22.3747 -0.000201414 -0.19292 0.395816 -8.02789e-15 
508.505 390.817 267.253 22.3751 -0.000201415 -0.192915 0.393469 -6.27259e-15 
514.529 384.793 267.667 22.3756 -0.000201415 -0.1929 0.391122 -2.12163e-15 
520.553 378.769 268.034 22.3763 -0.000201416 -0.192861 0.388776 5.41141e-15 
526.577 372.745 268.353 22.3772 -0.000201417 -0.192757 0.386429 1.72935e-14 
532.601 366.721 268.623 22.3786 -0.000201417 -0.192487 0.384082 3.3611e-14 
538.625 360.697 268.845 22.3805 -0.000201417 -0.191793 0.381735 5.24329e-14 
544.649 354.673 269.019 22.3832 -0.000201417 -0.19004 0.379388 6.84391e-14 
550.673 348.649 269.144 22.387 -0.000201402 -0.185638 0.377041 7.21127e-14 
556.697 342.625 269.221 22.3923 -0.000201008 -0.174605 0.374694 5.34711e-14 
562.722 336.601 269.25 22.3998 -0.000191437 -0.146827 0.372347 1.71492e-14 
568.746 330.577 269.23 22.4104 -4.30303e-08 -0.0765919 0.369 0 
568.746 330.577 269.23 22.4104 -4.30303e-08 -0.0765919 0.369 0 
568.254 331.491 269.15 22.2786 -0.025086 -0.11992 -0.188386 -0.282855 
567.77 332.379 269.054 22.1742 -0.102008 -0.172218 -0.176774 -0.265973 
567.291 333.235 268.912 22.1059 -0.178417 -0.223306 -0.165162 -0.249672 
566.817 334.06 268.722 22.0731 -0.254104 -0.273192 -0.15355 -0.233957 
566.345 334.854 268.487 22.0755 -0.328862 -0.321883 -0.141938 -0.218833 
565.873 335.618 268.205 22.1125 -0.402487 -0.369387 -0.130325 -0.204304 
565.4 336.353 267.878 22.1834 -0.47478 -0.415711 -0.118713 -0.19037 
564.924 337.059 267.507 22.2875 -0.545544 -0.460863 -0.107101 -0.177032 
564.443 337.738 267.092 22.4238 -0.614588 -0.50485 -0.0954886 -0.164286 
563.956 338.39 266.634 22.5916 -0.681724 -0.54768 -0.0838764 -0.152131 
563.461 339.016 266.136 22.7897 -0.746773 -0.589359 -0.0722642 -0.140559 
562.956 339.616 265.597 23.017 -0.809558 -0.629894 -0.0606519 -0.129565 
562.44 340.191 265.019 23.2725 -0.869912 -0.669292 -0.0490397 -0.119141 
561.912 340.742 264.404 23.5548 -0.927673 -0.707559 -0.0374274 -0.109277 
561.369 341.269 263.754 23.8626 -0.982686 -0.7447 -0.0258152 -0.099963 
560.812 341.774 263.069 24.1945 -1.03481 -0.780721 -0.0142029 -0.0911868 
560.238 342.256 262.352 24.5492 -1.08389 -0.815627 -0.00259069 -0.082936 
559.646 342.718 261.605 24.925 -1.12982 -0.849422 0.00902157 -0.075197 
559.035 343.158 260.829 25.3205 -1.17247 -0.882112 0.0206338 -0.0679556 
558.404 343.579 260.026 25.7339 -1.21172 -0.913698 0.0322461 -0.0611966 
557.753 343.98 259.199 26.1638 -1.24747 -0.944185 0.0438584 -0.0549045 
557.08 344.362 258.35 26.6082 -1.27963 -0.973576 0.0554706 -0.0490633 
556.384 344.726 257.48 27.0657 -1.30813 -1.00187 0.0670829 -0.0436563 
555.665 345.073 256.592 27.5342 -1.33287 -1.02908 0.0786952 -0.0386669 
554.922 345.404 255.689 28.0122 -1.35382 -1.05519 0.0903075 -0.034078 
554.155 345.718 254.773 28.4977 -1.3709 -1.08022 0.10192 -0.0298724 
553.363 346.017 253.845 28.9889 -1.38409 -1.10415 0.113532 -0.0260327 
552.546 346.301 252.909 29.484 -1.39334 -1.127 0.125144 -0.0225415 
551.704 346.571 251.967 29.9811 -1.39865 -1.14876 0.136757 -0.0193817 
550.835 346.828 251.021 30.4784 -1.4 -1.16943 0.148369 -0.0165358 
549.942 347.073 250.074 30.974 -1.39739 -1.18902 0.159981 -0.0139867 
549.023 347.305 249.128 31.4661 -1.39084 -1.20751 0.171594 -0.0117172 
548.078 347.526 248.185 31.9528 -1.38037 -1.22491 0.183206 -0.00971019 
547.108 347.736 247.248 32.4325 -1.36601 -1.24122 0.194818 -0.0079488 
546.113 347.937 246.32 32.9031 -1.34781 -1.25644 0.206431 -0.00641626 
545.094 348.128 245.402 33.3631 -1.32582 -1.27056 0.218043 -0.00509601 
544.051 348.31 244.498 33.8107 -1.30011 -1.28359 0.229656 -0.00397165 
542.984 348.484 243.609 34.2442 -1.27075 -1.29552 0.241268 -0.00302696 
541.894 348.651 242.737 34.6619 -1.23783 -1.30635 0.252881 -0.00224588 
540.783 348.812 241.885 35.0623 -1.20144 -1.31608 0.264494 -0.00161252 
539.65 348.966 241.055 35.4439 -1.16168 -1.3247 0.276108 -0.00111114 
538.497 349.116 240.249 35.9701 -1.11867 -1.33223 0.287722 -0.000726141 
537.316 349.26 239.469 36.474 -1.07157 -1.33864 0.299337 -0.000442042 
536.109 349.401 238.718 36.9536 -1.0205 -1.34395 0.31096 -0.000243466 
534.878 349.538 237.997 37.4071 -0.96562 -1.34815 0.322551 -0.000115123 
533.622 349.673 237.309 37.8328 -0.796025 -1.35123 0.419896 -4.17825e-05 
532.342 349.806 236.725 38.1751 -0.560795 -1.35321 0.403601 -8.25949e-06 
531.042 349.938 236.286 38.4065 -0.325237 -1.35407 0.387299 6.13269e-07 
529.727 350.069 235.99 38.4427 -0.0899993 -1.35382 0.369 0 
529.727 350.069 235.99 38.4427 -0.0899993 -1.35382 0.369 0 
529.704 350.072 235.989 38.4414 -0.0872241 -1.35382 0.481481 0.00117747 
529.68 350.074 235.988 38.4401 -0.0842595 -1.35382 0.47899 0.00110544 
529.657 350.077 235.986 38.4386 -0.0812992 -1.35382 0.476517 0.00103641 
529.633 350.079 235.985 38.4372 -0.0783433 -1.35382 0.474061 0.000970318 
529.61 350.082 235.984 38.4357 -0.0753918 -1.35382 0.471622 0.000907095 
529.586 350.084 235.983 38.4343 -0.0724445 -1.35382 0.469199 0.00084668 
529.563 350.087 235.982 38.4328 -0.0695016 -1.35382 0.46679 0.000789009 
529.539 350.089 235.981 38.4312 -0.0665628 -1.35381 0.464395 0.000734018 
529.516 350.092 235.98 38.4297 -0.0636284 -1.35381 0.462012 0.000681644 
529.493 350.094 235.979 38.4281 -0.0606981 -1.35381 0.459642 0.000631822 
529.469 350.096 235.978 38.4265 -0.0577721 -1.35381 0.457284 0.000584489 
529.446 350.099 235.977 38.4249 -0.0548502 -1.35381 0.454936 0.000539582 
529.422 350.101 235.976 38.4232 -0.0519325 -1.35381 0.452598 0.000497036 
529.399 350.104 235.975 38.4215 -0.049019 -1.35381 0.450269 0.000456787 
529.375 350.106 235.975 38.4198 -0.0461096 -1.35381 0.447948 0.000418772 
529.352 350.109 235.974 38.4181 -0.0432044 -1.35381 0.445635 0.000382927 
529.328 350.111 235.973 38.4164 -0.0403033 -1.35381 0.443329 0.000349189 
529.305 350.114 235.972 38.4146 -0.0374062 -1.35381 0.441029 0.000317492 
529.281 350.116 235.972 38.4128 -0.0345133 -1.35381 0.438735 0.000287775 
529.258 350.119 235.971 38.411 -0.0316245 -1.35381 0.436446 0.000259972 
529.235 350.121 235.97 38.4091 -0.0287398 -1.35381 0.434161 0.00023402 
529.211 350.124 235.97 38.4073 -0.0258592 -1.35381 0.43188 0.000209856 
529.188 350.126 235.969 38.4054 -0.0229826 -1.35381 0.429603 0.000187415 
529.164 350.128 235.969 38.4035 -0.0201101 -1.35381 0.427328 0.000166634 
529.141 350.131 235.968 38.4015 -0.0172417 -1.35381 0.425055 0.000147449 
529.117 350.133 235.968 38.3996 -0.0143774 -1.35381 0.422783 0.000129796 
529.094 350.136 235.968 38.3976 -0.0115172 -1.35381 0.420513 0.000113611 
529.07 350.138 235.967 38.3956 -0.00866102 -1.35381 0.418243 9.88316e-05 
529.047 350.141 235.967 38.3936 -0.00580893 -1.35381 0.415973 8.53926e-05 
529.024 350.143 235.967 38.3915 -0.00296093 -1.35381 0.413703 7.32308e-05 
529 350.146 235.966 38.3894 -0.000117011 -1.35381 0.411432 6.22823e-05 
528.977 350.148 235.966 38.3874 0.00272282 -1.35381 0.40916 5.24833e-05 
528.953 350.151 235.966 38.3852 0.00555856 -1.35381 0.406886 4.37702e-05 
528.93 350.153 235.966 38.3831 0.0083902 -1.35381 0.40461 3.60791e-05 
528.906 350.155 235.965 38.3809 0.0112177 -1.35381 0.402331 2.93463e-05 
528.883 350.158 235.965 38.3787 0.0140412 -1.35381 0.40005 2.3508e-05 
528.86 350.16 235.965 38.3765 0.0168605 -1.35381 0.397765 1.85004e-05 
528.836 350.163 235.965 38.3743 0.0196757 -1.35381 0.395477 1.42599e-05 
528.813 350.165 235.965 38.372 0.0224867 -1.35381 0.393185 1.07225e-05 
528.789 350.168 235.965 38.3697 0.0252936 -1.35381 0.390889 7.82461e-06 
528.766 350.17 235.965 38.3674 0.0280964 -1.35381 0.388589 5.50243e-06 
528.742 350.173 235.965 38.3651 0.030895 -1.35381 0.386284 3.6922e-06 
528.719 350.175 235.965 38.3628 0.0336894 -1.35381 0.383974 2.33016e-06 
528.696 350.178 235.966 38.3604 0.0364796 -1.35381 0.381659 1.35257e-06 
528.672 350.18 235.966 38.358 0.0392657 -1.35381 0.379338 6.95672e-07 
528.649 350.183 235.966 38.3556 0.0420475 -1.35381 0.377012 2.95713e-07 
528.625 350.185 235.966 38.3531 0.0448251 -1.35381 0.374681 8.89455e-08 
528.602 350.187 235.966 38.3507 0.0475985 -1.35381 0.372343 1.16232e-08 
528.579 350.19 235.967 38.3482 0.0503677 -1.35381 0.369 0 
528.579 350.19 235.967 38.3482 0.0503677 -1.35381 0.369 0 
530.827 347.942 236.201 36.7543 0.0116125 -0.940066 0.482653 -1.8108e-12 
533.075 345.694 236.427 35.2987 0.00269919 -0.645829 0.480306 -1.18989e-12 
535.323 343.446 236.646 33.9667 0.00064967 -0.437884 0.477959 -7.81624e-13 
537.571 341.198 236.856 32.7498 0.000178412 -0.291409 0.475612 -5.12985e-13 
539.819 338.95 237.059 31.6415 7.00532e-05 -0.188407 0.473265 -3.36192e-13 
542.067 336.702 237.254 30.636 4.51378e-05 -0.116038 0.470918 -2.20056e-13 
544.315 334.454 237.441 29.7274 3.94089e-05 -0.0652138 0.468571 -1.43835e-13 
546.563 332.205 237.62 28.9097 3.80918e-05 -0.0295275 0.466224 -9.38328e-14 
548.811 329.957 237.792 28.1764 3.7789e-05 -0.00447268 0.463878 -6.10337e-14 
551.059 327.709 237.955 27.521 3.77194e-05 0.0131172 0.461531 -3.969e-14 
553.307 325.461 238.111 26.937 3.77034e-05 0.0254663 0.459184 -2.57702e-14 
555.555 323.213 238.259 26.4179 3.76998e-05 0.0341361 0.456837 -1.67709e-14 
557.803 320.965 238.398 25.9575 3.7699e-05 0.0402229 0.45449 -1.0821e-14 
560.051 318.717 238.53 25.5499 3.76988e-05 0.0444964 0.452143 -6.97221e-15 
562.299 316.469 238.654 25.1895 3.76988e-05 0.0474969 0.449796 -4.44097e-15 
564.547 314.221 238.77 24.8712 3.76988e-05 0.0496035 0.447449 -2.85065e-15 
566.795 311.973 238.879 24.5903 3.76988e-05 0.0510827 0.445102 -1.88604e-15 
569.043 309.725 238.979 24.3427 3.76989e-05 0.0521212 0.442755 -1.19878e-15 
571.291 307.477 239.071 24.1245 3.76989e-05 0.0528504 0.440408 -7.27115e-16 
573.54 305.229 239.156 23.9323 3.76989e-05 0.0533622 0.438061 -5.30642e-16 
575.788 302.981 239.232 23.7631 3.76989e-05 0.0537214 0.435714 -3.09044e-16 
578.036 300.733 239.301 23.6142 3.76989e-05 0.0539733 0.433367 -2.07429e-16 
580.284 298.485 239.362 23.4832 3.76989e-05 0.0541496 0.43102 -1.22706e-16 
582.532 296.237 239.415 23.3679 3.76989e-05 0.0542728 0.428673 -1.8977e-17 
584.78 293.989 239.459 23.2665 3.7699e-05 0.0543583 0.426327 -1.97357e-17 
587.028 291.741 239.496 23.1773 3.7699e-05 0.0544171 0.42398 -1.81124e-19 
589.276 289.493 239.525 23.0989 3.7699e-05 0.0544564 0.421633 4.74248e-17 
591.524 287.245 239.547 23.03 3.7699e-05 0.0544814 0.419286 6.1314e-17 
593.772 284.996 239.56 22.9695 3.7699e-05 0.0544954 0.416939 1.10382e-17 
596.02 282.748 239.565 22.9163 3.7699e-05 0.0545002 0.414592 4.62791e-17 
598.268 280.5 239.562 22.8695 3.7699e-05 0.0544967 0.412245 5.16828e-17 
600.516 278.252 239.552 22.8285 3.7699e-05 0.0544847 0.409898 6.38528e-17 
602.764 276.004 239.533 22.7926 3.7699e-05 0.0544632 0.407551 9.21039e-17 
605.012 273.756 239.507 22.761 3.7699e-05 0.0544301 0.405204 1.11796e-16 
607.26 271.508 239.472 22.7334 3.7699e-05 0.054382 0.402857 1.15095e-16 
609.508 269.26 239.43 22.7093 3.7699e-05 0.0543142 0.40051 1.13e-16 
611.756 267.012 239.38 22.6882 3.7699e-05 0.0542199 0.398163 1.39619e-16 
614.004 264.764 239.322 22.6699 3.7699e-05 0.0540896 0.395816 1.7328e-16 
616.252 262.516 239.256 22.6539 3.7699e-05 0.0539107 0.393469 1.71435e-16 
618.5 260.268 239.182 22.6402 3.76988e-05 0.0536655 0.391122 1.9149e-16 
620.749 258.02 239.1 22.6283 3.76983e-05 0.0533303 0.388776 1.83156e-16 
622.997 255.772 239.01 22.6182 3.7696e-05 0.0528731 0.386429 2.00585e-16 
625.245 253.524 238.912 22.6097 3.76871e-05 0.0522505 0.384082 1.7321e-16 
627.493 251.276 238.807 22.6026 3.7652e-05 0.0514045 0.381735 1.56506e-16 
629.741 249.028 238.693 22.5968 3.75159e-05 0.0502574 0.379388 1.2326e-16 
631.989 246.78 238.572 22.5922 3.6992e-05 0.0487053 0.377041 8.66656e-17 
634.237 244.532 238.442 22.5887 3.49992e-05 0.0466101 0.374694 5.31548e-17 
636.485 242.284 238.305 22.5864 2.75291e-05 0.0437886 0.372347 1.4392e-17 
638.733 240.036 238.16 22.5851 5.71249e-08 0.0399986 0.369 0 
638.733 240.036 238.16 22.5851 5.71249e-08 0.0399986 0.369 0 
620.889 277.273 236.536 18.9094 0.594511 1.63799 0.251689 0.813592 
609.833 353.149 249.431 5 -0.0937354 4.1503 1.13739 0.424627 
626.736 489.759 246.221 5.00001 -0.0927886 5.56291 1.12108 0.0470891 
643.51 660.531 243.035 5.00001 -0.0918424 5.74648 1.10478 -0.0247166 
660.132 835.742 239.871 5.00001 -0.0908964 5.66199 1.08847 -0.0372085 
676.599 1008.91 236.73 5.00001 -0.0899504 5.52633 1.07216 -0.0580382 
692.911 1178.8 233.612 5.00001 -0.0890045 5.30215 1.05586 -0.0945314 
709.067 1343.26 230.517 5.00001 -0.0880587 4.9252 1.03955 -0.143542 
725.066 1498.61 227.445 5.00001 -0.087113 4.34312 1.02324 -0.192807 
740.903 1639.88 224.395 5.00001 -0.0861674 3.55014 1.00694 -0.227842 
756.578 1761.98 221.369 5.00001 -0.0852219 2.59584 0.990632 -0.23883 
772.087 1861 218.365 5.00001 -0.0842764 1.56907 0.974326 -0.223029 
787.43 1935.19 215.384 5.00001 -0.0833309 0.574522 0.95802 -0.184168 
802.609 1985.32 212.426 5.00002 -0.0823853 -0.288078 0.941714 -0.130941 
817.627 2014.6 209.491 5.00002 -0.0814396 -0.941932 0.925408 -0.0749825 
832.491 2028.06 206.579 5.00002 -0.0804939 -1.34957 0.909102 -0.0279496 
847.205 2031.67 203.69 5.00002 -0.079548 -1.52446 0.892796 0.00195764 
861.775 2031.05 200.823 5.00002 -0.078602 -1.53022 0.87649 0.0126751 
876.206 2030.28 197.98 5.00003 -0.077656 -1.46111 0.860183 0.00875353 
890.499 2031.19 195.159 5.00003 -0.07671 -1.40624 0.843877 -0.000699584 
904.657 2033.43 192.361 5.00003 -0.0757641 -1.41079 0.827571 -0.00569352 
918.679 2035.55 189.586 5.00004 -0.0748184 -1.45228 0.811265 -0.0044355 
932.565 2036.67 186.834 5.00005 -0.0738728 -1.48652 0.794959 -0.00343046 
946.316 2036.97 184.105 5.00007 -0.0729279 -1.51475 0.778653 -0.00227768 
959.934 2036.58 181.399 5.0001 -0.0719859 -1.53459 0.762347 -0.000868875 
973.42 2035.71 178.715 5.00021 -0.228048 -1.54213 0.746041 0.000596176 
986.851 2034.66 172.257 7.88903 -0.455967 -1.53489 0.729734 0.00158081 
994.482 2033.79 160.176 14.5334 -0.16477 -1.51625 0.713428 0.00263359 
988.512 2033.38 154.879 14.7905 -0.16602 -1.48388 0.697122 0.00224298 
981.788 2033.75 149.542 15.0474 -0.167275 -1.45497 0.680816 -0.000271251 
974.309 2034.82 144.164 15.3044 -0.16853 -1.46107 0.66451 -0.0045863 
966.072 2035.75 138.747 15.5614 -0.169784 -1.53695 0.648204 -0.00978521 
957.073 2034.84 133.289 15.8183 -0.171032 -1.71083 0.631898 -0.0146961 
947.31 2029.73 127.791 16.0751 -0.17228 -1.99651 0.615592 -0.0182197 
936.777 2017.71 122.252 16.3318 -0.173553 -2.38851 0.599285 -0.019646 
925.472 1996.2 116.673 16.5889 -0.174876 -2.86227 0.582979 -0.0188433 
913.39 1963.25 111.052 16.8472 -0.176166 -3.37938 0.566673 -0.0162412 
900.525 1917.78 105.39 17.106 -0.177137 -3.8961 0.550367 -0.0126276 
886.876 1859.82 99.6944 17.3592 -0.177705 -4.3726 0.534061 -0.00886036 
872.451 1790.34 93.9752 17.6004 -0.17914 -4.7802 0.517755 -0.00560821 
857.274 1711 88.2119 17.8474 -0.184178 -5.10526 0.501449 -0.00321014 
841.335 1623.81 82.3171 18.1655 -0.19139 -5.34902 0.485143 -0.00168156 
824.493 1530.71 76.2357 18.5836 -0.184408 -5.52392 0.468836 -0.000830555 
806.54 1433.39 70.3069 18.8248 -0.140737 -5.64761 0.45253 -0.000405635 
787.809 1333.08 65.4248 18.2418 -0.101959 -5.73665 0.436224 -0.000200738 
769.95 1230.61 61.5031 17.0547 -0.256734 -5.80272 0.419918 -8.32526e-05 
754.275 1126.54 53.8845 18.9197 -0.737954 -5.85003 0.403612 6.469e-05 
734.848 1021.34 34.5562 29.3621 -0.837083 -5.76989 0.387306 0.000242486 
694.301 918.081 12.4259 40 1.4 -4.98327 0.369 0 
