grtopM_71_5
50
2 2
9 9 
0 2 5 1 6 7 4 3 8 
0 2 5 1 6 7 4 3 8 
136.992 217.295 146.738 116.28 172.742 50.5684 132.024 224.493 
108607 128.907 89.3255 69.3482 209.693 51.71 128.893 224.491 
2.79576 4.43459 2.99465 2.37307 3.52534 1.03201 2.69436 4.58148 
2216.47 2.63076 1.82297 1.41527 4.27945 1.05531 2.63048 4.58146 
426.041 26.3514 6.54801 6.60978 9.31673 1.95436 1.29389 3.39631 
1.44557e-06 1.32582 0.793785 0.616257 3.10071 1.95014 1.33494 3.39629 
2019.37 1611.74 1712.16 21.0178 0.551323 0 0.126635 0 
2116.12 1610.53 1286.12 5 1.4 -6.28 -0.193354 0 
2198.04 1610.6 881.393 5 1.4 -6.28 0 0 
2176.08 1610.66 890.027 5 1.4 -6.28 0 0 
2185.89 1610.73 593.593 5 1.4 -6.28 0 0 
2188.41 1610.79 296.887 5 1.4 -6.28 0 0 
2196.75 1610.86 0.001 26.7681 -1.4 -6.28 0 0 
2188.78 1610.92 0.001 19.5102 -1.4 -6.28 0 0 
2180.81 1610.99 0.001 5.03488 -1.4 -6.28 0 0 
2172.84 1611.05 0.001 5.01744 -1.4 -6.28 0 0 
2164.87 1611.12 0.001 5.00872 -1.4 -6.28 0 0 
2156.9 1611.19 0.001 5.00436 -1.4 -6.28 0 0 
2148.94 1611.25 0.001 5.00218 -1.4 -6.28 0 0 
2140.97 1611.32 0.001 5.00109 -1.4 -6.28 0 0 
2133 1611.38 0.001 5.00055 -1.4 -6.28 0 0 
2125.03 1611.45 2.58541 5.00027 -1.4 -5.28067 0 0 
2136.17 1611.51 0.00100001 5.00014 -1.4 -5.28366 0 0 
2132.88 1611.58 0.00100001 5.00007 -1.4 -5.28366 0 0 
2129.59 1611.65 0.00100002 5.00003 -1.4 -5.28365 0 0 
2126.3 1611.71 0.00100002 5.00002 -1.4 -5.28364 0 0 
2123.01 1611.78 0.00100003 5.00001 -1.4 -5.28363 0 0 
2119.72 1611.84 0.00100003 5 -1.4 -5.28362 0 0 
2116.43 1611.91 0.00100003 5 -1.4 -5.28362 0 0 
2113.15 1611.97 0.00100004 5 -1.4 -5.28361 0 0 
2109.86 1612.04 0.00100004 5 -1.4 -5.28361 0 0 
2106.57 1612.1 0.00100004 5 -1.4 -5.2836 0 0 
2103.28 1612.17 0.00100004 5.00001 -1.4 -5.2836 0 0 
2099.99 1612.24 0.00100004 5.00001 -1.4 -5.2836 0 0 
2096.7 1612.3 0.00100004 5.00003 -1.4 -5.28359 0 0 
2093.41 1612.37 0.00100004 5.00005 -1.4 -5.28359 0 0 
2090.13 1612.43 0.00100004 5.0001 -1.4 -5.28359 0 0 
2086.84 1612.5 0.00100004 5.00021 -1.4 -5.2836 0.00601396 0 
2083.55 1612.56 0.00100004 5.00027 -1.4 -5.2836 0.0126596 0 
2080.26 1612.63 0.00100004 5.0003 -1.4 -5.2836 0.0193052 0 
2076.97 1612.69 0.00100004 5.00032 -1.4 -5.28361 0.0259508 0 
2073.68 1612.76 0.00100004 5.00034 -1.4 -5.28361 0.0325964 0 
2070.4 1612.83 0.00100003 5.00036 -1.4 -5.28362 0.039242 0 
2067.11 1612.89 0.00100003 5.00039 -1.4 -5.28362 0.0458876 0 
2063.82 1612.96 0.00100003 5.00047 -1.4 -5.28363 0.0525332 0 
2060.53 1613.02 0.00100002 5.00061 -1.4 -5.28364 0.0591789 0 
2057.24 1613.09 0.00100002 5 -1.4 -5.28365 0.0658245 0 
2053.95 1613.15 0.00100001 5 -1.4 -5.28361 0.0724701 0 
2050.66 1613.22 0.00100001 5 -1.4 -5.27325 0.0791157 0 
2047.52 1613.28 0.001 5 -1.4 1.65406 0.0857613 0 
2210.38 1613.35 0.001 5 -1.4 6.28 0.0924069 0 
2074.86 1613.42 4.40828 5 -1.4 5.26791 0.0990525 0 
2645.22 1655.15 30.8832 5 -1.4 5.21683 0.105698 0 
3214.87 1315.81 0.00100001 5 -1.4 6.28 0.112344 0 
3835.58 981.451 0.00100002 5 1.4 6.28 0.118989 0 
4456.3 491.141 83.58 5.29267 -0.09 0.0416667 0.125635 0 
4456.3 491.141 83.58 5.29267 -0.09 0.0416667 0.125635 0 
4470.82 553.942 53.9927 12.5164 0.0930643 -5.73319 1.04344 0.0326509 
4493.42 349.934 43.1588 24.9513 -0.834178 -6.28 1.13739 0.0626546 
4407.99 115.712 23.3536 26.5034 -0.793012 -3.70297 1.12108 0.0649681 
4313.54 8.84917 5.68854 25.8027 -0.151961 -1.79666 1.10478 0.0278893 
4219.64 -3.35474 2.33455 25.7486 -0.47298 -1.58535 0.070057 0.000200343 
4125.95 -3.27898 1.23988 25.4084 -0.469669 -1.62378 -0.130327 -4.43318e-05 
4033.64 -3.21812 0.987482 24.9252 0.471556 -2.04546 -0.118714 -3.96386e-05 
3942.39 -3.13052 0.731471 27.2896 -0.485701 -2.04919 -0.107102 0.000290555 
3841.69 -3.24207 0.001 22.1028 -0.477121 -1.9535 -0.0954898 -6.25346e-05 
3763.9 -2.7927 0.205316 22.2777 -0.478916 -1.9682 -0.0650436 0.000153722 
3685.35 -2.9166 0.294779 27.0117 -0.473279 -1.63986 -0.0535652 1.0873e-05 
3585.84 -2.84214 0.276339 24.4709 -0.477036 -1.61649 -0.0421201 -4.01999e-05 
3497.59 -2.77145 0.275306 24.2199 -0.477568 -1.61703 -0.0306593 0.000168754 
3410.46 -2.82926 0.267138 24.0477 -0.479428 -1.61258 -0.0191995 0.00010465 
3324.09 -2.50203 0.171302 23.6139 -0.478222 -1.61936 -0.00775508 -0.00147469 
3239.63 -2.56303 0.180674 22.4459 0.468962 -1.66847 0.134431 0.00387529 
3159.3 -7.78649 0.001 25.1952 0.476616 -1.32072 0.892796 -0.00212775 
3066.77 -1.01349 0.001 23.4221 0.499059 -1.58762 0.87649 -2.07787e-05 
2982.06 -1.17393 1.4001 22.74 0.0899177 -2.04948 0.860184 8.51541e-06 
2900.97 -1.31693 0.001 21.5292 0.486951 -1.98198 0.843878 2.07861e-05 
2824.65 -1.47708 0.897969 21.2378 0.405539 -2.04951 0.185776 5.78273e-05 
2749.81 -1.6267 0.001 26.9673 0.350388 -1.72543 0.0554694 0.000101992 
2649.54 -1.7699 45.5622 33.2708 -0.0861046 -1.89729 0.794959 0.000702428 
2579.56 -1.91786 66.412 34.5528 -0.350717 -1.9341 0.778653 2.02669e-05 
2506.49 -1.97006 72.5063 28.1268 -1.04744 -1.97325 0.118571 -3.86531e-05 
2437 -1.91142 0.00100009 40 -0.449742 -1.49578 0.746041 -8.48621e-05 
2332.55 -1.83388 0.001 20.8981 0.469729 -2.04622 0.729735 -0.000102324 
2302.87 -1.80287 0.001 22.7193 0.300895 -2.04566 0.125143 -0.000119539 
2221.47 -1.73448 21.8281 32.4679 0.584448 -1.88496 0.136755 -6.44981e-05 
2120.17 -1.7443 50.059 26.7362 0.65272 -1.95938 0.148367 -6.87596e-05 
2052.74 -1.63221 87.3022 11.8709 -0.67957 -2.04651 0.66451 0.00051359 
2082.92 -1.64981 54.464 12.7859 0.721486 -1.52382 0.205548 -0.000101747 
2103.86 -1.68163 101.405 8.21412 0.222506 -1.5719 0.631583 0.000123342 
2117.16 -1.48208 118.814 9.01506 0.257506 -1.57654 0.615292 0.000680063 
2131.17 -1.47917 137.619 7.75499 -0.220113 -1.53434 0.255765 0.000105478 
2156.34 -1.20346 153.316 6.91803 0.20476 -1.5261 0.582617 7.01826e-05 
2183.71 -0.99605 169.992 7.62561 -0.266479 -1.52299 0.566236 3.34762e-05 
2211.7 -0.772814 183.136 5.17099 -0.0782111 -1.52275 0.550367 -1.96857e-05 
2239.57 -0.551845 206.915 14.9761 -0.26601 -1.54309 0.332081 -7.78514e-05 
2268.8 -0.413676 219.432 8.37092 0.253597 -1.55262 0.330401 -0.000346634 
2298.52 -2.75467 235.807 7.6763 -0.209701 -1.63985 0.322359 0.00252912 
2331.35 -12.0529 252.088 13.1295 -0.130501 -1.376 0.318269 0.00165488 
2373.64 0.15806 272.268 11.6491 0.775128 -1.23865 0.299327 0.00550413 
2423.73 14.1886 289.986 5 0.00814341 -0.741269 0.310939 0.0248841 
2469.38 33.6667 308.983 14.2647 0.52794 5.22192 0.436224 0.0428599 
2512.5 435.84 313.215 5 0.519633 6.28 0.334163 0.00119447 
2597.22 843.824 317.386 11.4191 0.496354 6.28 0.345776 -9.00338e-05 
2653.98 1304.53 319.7 11.014 -0.0658679 6.28 0.358414 -0.0128882 
2713.4 1765.24 290.941 30.2575 -0.00468519 1.14717 0.369 0 
2713.4 1765.24 290.941 30.2575 -0.00468519 1.14717 0.369 0 
2666.39 1872.96 283.9 31.8927 0.575212 -4.103 -0.188388 -0.0777129 
2613.39 1780.34 311.152 5 -0.977928 -6.14493 1.08431 -0.017304 
2644.03 1602.86 281.97 26.7154 -0.702032 -6.22402 -0.104072 0.00269369 
2599.54 1422.44 249.085 36.8778 -0.362046 -6.27773 -0.153257 0.00167583 
2522.96 1242.13 228.298 35.8848 -0.397502 -6.27543 -0.117966 0.00154513 
2443.24 1063.99 207.921 36.2919 -0.278193 -6.28 -0.114238 0.00387806 
2361.19 881.51 191.413 33.4552 0.0167213 -6.28 -0.118714 0.026271 
2286.06 699.019 184.981 24.2973 -0.67465 -6.28 -0.107102 0.00160942 
2236.54 523.04 153.661 34.2691 0.0162856 -6.28 -0.0768974 0.0128259 
2154.32 340.551 148.225 34.8265 0.000849273 -6.28 -0.0628404 0.0534157 
2071.76 158.063 152.895 35.0674 0.0469106 -4.04794 -0.0722653 0.000446855 
1991.14 71.5905 160.187 34.5523 -0.0214592 -2.18275 -0.0606531 0.001915 
1908.76 52.6232 165.164 36.2919 -0.0163772 -2.08273 -0.0490408 0.000189684 
1829.95 38.4348 170.229 37.4449 0.0229446 -2.07815 -0.0374285 0.015847 
1750.74 24.4134 176.638 37.2223 0.0362206 -1.94819 -0.0258163 0.00124336 
1671.6 15.5043 183.587 36.6778 0.0349322 -1.92124 -0.014204 0.00704343 
1594.2 7.59069 190.543 36.3548 -0.0942374 -1.84548 -0.0025916 0.000558219 
1510.01 3.79883 192.84 39.7496 -0.267226 -1.8366 0.0430036 0.0160424 
1414.65 0.349763 188.517 34.4284 1.02355 -1.78249 0.020633 0.00844158 
1346.65 -1.00885 219.964 6.50483 0.248999 -1.74018 0.779124 0.00167612 
1365.11 -0.833835 236.879 6.18043 -0.159683 -1.74483 0.0438572 -2.77878e-05 
1373.48 -0.833403 238.419 6.15509 0.287198 -1.74482 0.0554694 -3.91929e-05 
1381.7 -0.832628 256.762 6.0289 0.300371 -1.74529 0.067082 -3.82446e-05 
1391.66 -0.850422 262.939 5.5398 0.286637 -1.74525 0.0786941 0.000493579 
1403.74 -1.05233 281.353 5.54109 0.285517 -1.45563 0.0903064 -1.81588e-05 
1417.21 -0.922659 299.725 5.55473 0.2864 -1.4473 0.101919 1.82188e-06 
1439.15 -0.947914 318.127 5.5208 0.293568 -1.44745 0.113531 3.84438e-05 
1462.37 -0.974496 336.8 5.26799 0.289617 -1.44693 0.125145 7.39888e-05 
1487.05 -0.999264 355.346 5.16702 0.263672 -1.44491 0.136756 -0.000472563 
1512.76 -1.02793 372.928 5.16117 0.249119 -1.49016 0.148369 0.00098107 
1539.15 -3.47512 388.511 5.14311 0.239094 -1.36411 0.159982 -0.000534145 
1566.27 -1.23659 404.025 5.16385 -0.123501 -1.44426 0.171861 -0.000144584 
1594.83 -1.26788 404.039 5.25654 -0.159796 -1.44376 0.608042 -0.000623986 
1623.67 -1.28464 394.262 5.24185 -0.159772 -1.45435 0.5989 -0.000741996 
1652.16 -1.70611 384.354 5.11358 -0.158286 -1.46899 0.583421 0.00608151 
1680.63 -2.73921 374.51 5 -0.160793 -1.43004 0.575393 0.0044126 
1709.06 -2.30183 364.577 5 -0.159702 -1.44957 0.556593 0.0125984 
1737.07 -2.58738 354.685 5 -0.158774 -1.31824 0.540601 0.0115502 
1764.68 2.06966 344.827 5 -0.15819 -1.18587 0.530536 0.0145277 
1791.9 11.7963 334.991 5 -0.157315 -0.978254 0.515452 -0.000503125 
1818.72 29.6051 325.187 5 -0.156375 1.55268 0.499377 0.010199 
1845.12 140.304 315.418 5 -0.117306 0.233243 0.483041 -0.141555 
1871.2 214.214 305.684 5 -0.152496 6.28 0.466861 0.00188542 
1897.12 514.066 295.985 5 -0.19095 6.28 0.450774 1.87574e-05 
1922.6 813.917 286.321 5 -0.190012 6.28 0.434602 -2.5291e-05 
1947.63 1113.77 276.691 5 -0.189057 6.28 0.418151 -7.56505e-06 
1972.26 1413.62 267.097 5 -0.161391 6.28 0.402419 -2.81109e-06 
1995.42 1713.47 257.129 5.13603 -1.27447 6.28 0.385761 -0.0220797 
2022.59 2000.63 204.2 38.6859 -0.00549458 -0.299149 0.369 0 
2022.59 2000.63 204.2 38.6859 -0.00549458 -0.299149 0.369 0 
1958.33 2031.7 200.715 33.4699 0.730657 -5.86356 -0.188388 -0.031418 
1904.67 1906.14 228.417 6.6939 -1.0609 -6.28 -0.176775 7.00728e-05 
1915.24 1773.13 196.216 36.3204 -0.583573 -6.28 0.0547438 0.00492047 
1856.41 1627.11 173.782 39.0199 -0.552656 -6.28 0.147289 0.00219253 
1790.07 1494.16 153.252 39.724 -0.545228 -6.28 0.13408 0.000921612 
1720.97 1357.05 132.909 40 -0.53432 -6.28 0.114713 0.00289058 
1650.16 1219.83 112.878 40 -0.535682 -6.28 0.139735 0.000485456 
1578.32 1082.6 92.8442 39.998 -0.426335 -6.28 0.0548069 0.000869894 
1505.44 943.084 72.8984 39.9094 -0.0430447 -6.28 -0.0901416 0.00091567 
1431.47 810.143 76.6236 39.9269 0.0194513 -6.28 -0.0838621 0.000251453 
1357.96 664.122 81.8154 39.8688 0.0614979 -6.28 -0.0722652 0.00443288 
1284.8 518.101 87.3576 39.8075 0.0649056 -6.28 -0.0583973 0.000850438 
1211.96 372.08 93.1092 39.7915 0.062569 -6.28 -0.0469214 0.00849072 
1139.45 226.059 98.8515 39.8162 -0.000946633 -5.51281 -0.0374282 0.0174029 
1067.32 102.755 104.728 39.9727 -0.00259674 -2.3814 -0.0258158 -0.000619495 
995.76 84.1117 110.548 39.974 0.078078 -2.38373 -0.0142035 -0.000697523 
924.594 65.4084 116.323 39.5714 -0.000311262 -2.37281 0.186237 -0.00143882 
854.852 47.075 122.23 39.9624 0.175769 -2.33513 0.0130916 0.00408626 
778.042 28.4768 133.333 37.3257 0.622043 -2.24717 0.0206342 0.0205009 
711.619 14.773 157.774 23.7949 0.757777 -1.84676 0.0322486 0.00220793 
677.051 10.7229 185.123 7.99541 0.337124 -1.54162 0.0454556 -0.000123765 
689.268 6.48602 199.949 7.84961 0.384728 -1.5378 0.0570029 0.00812203 
703.726 2.25228 216.212 6.64447 0.395907 -1.47838 0.0686189 0.00916656 
722.596 -0.26204 232.854 5.40486 0.350955 -1.40171 0.0803103 0.00163635 
745.224 -0.90432 248.217 5.4018 0.350196 -1.3637 0.0919234 -4.59628e-05 
768.65 -0.586301 263.558 5.40125 0.349227 -1.35032 0.103537 0.000107872 
792.931 -0.597594 278.871 5.40744 0.348789 -1.3503 0.115151 2.37817e-05 
818.059 -0.60939 294.172 5.40714 0.350768 -1.35022 0.126765 -4.42285e-05 
843.972 -0.619878 309.534 5.34681 0.353238 -1.35358 0.138381 7.44864e-05 
870.817 -0.733101 324.973 5.22688 0.349514 -1.34593 0.156916 -3.04073e-05 
898.746 -0.676491 340.308 5.19026 0.354449 -1.34799 0.167078 4.3366e-05 
927.548 -0.687803 355.794 5.03518 0.349645 -1.34799 0.181535 -0.000364048 
957.521 -0.699803 371.145 5.00044 0.347576 -1.36231 0.195205 0.000694057 
988.368 -1.14226 386.438 5.00136 0.122997 -1.35812 0.570806 0.00810695 
1020.14 -1.49238 394.859 5.00006 -0.195623 -1.27542 0.557658 0.00814206 
1052.36 0.624427 385.587 5.00112 -0.256422 -1.23652 0.542655 0.00122065 
1084.14 3.9864 374.773 5.00003 -0.258588 -1.02196 0.529364 0.0274488 
1115.38 14.3294 363.825 5.00003 -0.257817 -0.576599 0.516073 0.0010443 
1146.07 38.3064 352.832 5.00002 -0.257043 -0.416764 0.502731 0.00267036 
1176.2 66.0183 341.861 5.00002 -0.257864 1.3075 0.488567 0.147774 
1205.8 157.816 330.913 5.03705 -0.254008 6.28 0.473353 0.00178426 
1235 396.85 319.989 5.00002 -0.254555 6.28 0.459906 0.000212332 
1263.62 635.884 309.087 5.00002 -0.253833 6.28 0.447464 2.63596e-05 
1291.66 874.917 298.206 5.00001 -0.253097 6.28 0.434775 -4.37633e-06 
1319.15 1100.87 287.345 5.00001 -0.25234 6.28 0.421734 -4.03768e-06 
1346.09 1326.83 276.505 5.00001 -0.251549 6.28 0.408093 -2.39368e-06 
1372.48 1552.78 265.687 5.00001 -0.259759 6.28 0.395583 -1.20206e-06 
1398.31 1778.73 254.622 5.20304 -1.36185 6.28 0.371306 -0.00366325 
1422.7 2004.69 211.98 37.4439 -3.26386e-06 0.873227 0.369 0 
1422.7 2004.69 211.98 37.4439 -3.26386e-06 0.873227 0.369 0 
1344.1 2102.91 220.416 38.9376 1.07827 -6.25045 -0.188388 0.000400761 
1259.78 1887.79 276.178 5 0.354184 -6.27976 -0.176776 0.00113374 
1300.62 1671.28 302.481 5 0.35351 -6.27922 -0.165163 0.000735877 
1343.79 1454.8 328.755 5 0.352836 -6.2785 -0.153551 0.00255431 
1389.27 1238.35 354.999 5 0.352162 -6.27765 -0.141939 0.000592953 
1437.06 1021.93 381.214 5 0.351489 -6.2767 -0.130327 0.00454162 
1487.16 805.559 407.399 5 0.350815 -6.27553 -0.118714 0.0038074 
1539.58 589.237 433.554 5 0.350141 -6.27369 -0.107102 0.0265652 
1594.3 372.996 459.68 5 0.349468 -6.26899 -0.0954898 0.0585486 
1651.32 156.962 485.776 5 0.348795 -4.95248 -0.0838776 0.0118808 
1710.69 -1.1624 511.842 5 0.348123 -1.36056 -0.0722653 -6.09887e-05 
1772.48 -1.287 537.879 5 0.347449 -1.35805 -0.0606531 0.00144809 
1836.57 -1.30148 563.886 5 0.346775 -1.35702 -0.0490408 0.000265614 
1902.95 -1.2706 589.864 5 0.346102 -1.35784 -0.0374286 3.91778e-07 
1971.62 -1.27549 615.812 5 0.345428 -1.35757 -0.0258163 -3.41477e-05 
2042.58 -1.26864 641.73 5 0.344754 -1.35757 -0.0142041 -8.28616e-06 
2115.82 -1.26167 667.619 5 0.344081 -1.35801 -0.00259184 2.48086e-06 
2191.34 -1.27411 693.478 5 0.343407 -1.35803 0.00902041 0.00028048 
2269.15 -1.28768 719.308 5 0.342733 -1.35822 0.0206327 -1.32234e-06 
2349.23 -1.30932 745.107 5 0.342059 -1.35832 0.0322449 -2.74145e-06 
2431.59 -1.33555 770.878 5 0.341386 -1.3584 0.0438572 1.13348e-05 
2516.21 -1.36542 796.618 5 -0.259927 -1.35848 0.811265 1.30917e-05 
2603.64 -1.39918 786.66 5 -0.258981 -1.35852 0.794959 -4.13527e-05 
2690.19 -1.43453 767.358 5 -0.258035 -1.36305 0.778653 4.56837e-05 
2775.03 -1.66918 748.098 5 -0.257089 -1.35681 0.762347 -2.3504e-05 
2858.18 -1.62918 728.88 5 -0.256143 -1.35932 0.746041 -0.000175615 
2939.63 -1.69957 709.703 5 -0.255197 -1.38712 0.729735 0.000312519 
3019.39 -2.99293 690.568 5 -0.254251 -1.33534 0.713429 -0.000136526 
3097.47 -2.00861 671.474 5 -0.253305 -1.35971 0.697122 -3.38766e-06 
3173.86 -2.09628 652.422 5 -0.252359 -1.35968 0.680816 -5.17907e-06 
3248.57 -2.18293 633.412 5 -0.251413 -1.36022 0.66451 -2.16391e-06 
3321.6 -2.29326 614.444 5 -0.250467 -1.3603 0.648204 2.15174e-06 
3392.96 -2.40693 595.516 5 -0.249521 -1.35935 0.631898 6.01431e-06 
3462.66 -2.47877 576.631 5 -0.248575 -1.35721 0.615592 6.50256e-06 
3530.69 -2.45641 557.787 5 -0.247629 -1.35468 0.599286 6.49136e-06 
3597.05 -2.32283 538.985 5 -0.246683 -1.35184 0.58298 1.52715e-07 
3661.76 -2.06427 520.224 5 -0.245737 -1.35085 0.566673 -0.000141811 
3724.81 -1.76214 501.505 5 -0.244791 -1.42538 0.550367 0.000175532 
3786.21 -4.73872 482.828 5 -0.243845 -1.31512 0.534061 -3.87764e-05 
3845.97 -2.86528 464.192 5 -0.242899 -1.34413 0.517755 -4.74952e-05 
3904.09 -2.26771 445.598 5 -0.241953 -1.38762 0.501449 3.90406e-05 
3960.56 -3.58296 427.046 5 -0.241007 -1.33978 0.485143 6.0134e-06 
4015.4 -2.79421 408.535 5 -0.240061 -1.32753 0.468837 0.00105088 
4068.6 -1.46645 390.065 5 -0.239113 1.15127 0.452531 0.00250184 
4120.27 108.898 371.638 5 -0.238165 6.27518 0.436224 -3.78079e-05 
4170.49 444.649 353.252 5 -0.237219 6.2775 0.419918 -3.0155e-06 
4219.08 780.503 334.908 5 -0.236273 6.27833 0.403612 -5.09771e-07 
4266.06 1116.39 316.605 5 -1.28117 6.27872 0.387306 0.0201703 
4312.35 1452.3 252.34 40 -0.000496011 0.106802 0.369 0 
4312.35 1452.3 252.34 40 -0.000496011 0.106802 0.369 0 
4282.01 1475.87 250.069 35.5459 1.4 0.735906 -0.188388 1.02859 
4255.86 1507.54 265.924 21.9707 1.16387 3.42353 -0.176776 -1.00718 
4244.21 1573.8 279.018 11.8413 -0.702339 0.754857 -0.165163 -0.985776 
4243.8 1605.69 268.29 20.8382 -1.4 -1.89992 -0.153551 -0.964367 
4233.99 1603.4 248.393 35.9083 -0.439168 -4.54082 -0.0694732 -0.665165 
4207.83 1567.12 240.558 36.3443 -0.374447 -6.28 -0.130327 -0.382555 
4181 1508.44 233.547 36.1442 -0.374563 -6.28 -0.118714 0.234432 
4154.18 1449.77 226.538 35.9555 -0.376751 -6.28 -0.107102 -0.486251 
4127.38 1391.09 219.506 35.7974 -0.379597 -6.28 -0.0954898 0.000579283 
4100.57 1332.41 212.44 35.6739 -0.37935 -6.28 -0.0838776 0.445981 
4073.7 1273.74 205.379 35.5517 -0.371844 -6.28 -0.0722653 -0.428533 
4046.77 1215.06 198.418 35.3596 -0.357022 -6.28 -0.0606531 0.155688 
4019.85 1156.38 191.652 35.0319 -0.343522 -6.28 -0.0490408 0.247311 
3993.1 1097.71 185.066 34.5927 -0.347876 -6.28 -0.0374286 -0.375384 
3966.63 1039.03 178.433 34.2265 -0.383395 -6.28 -0.0258163 0.358085 
3940.38 980.351 171.351 34.2324 -0.440716 -6.28 -0.0142041 0.340807 
3913.95 921.673 163.53 34.7928 -0.474113 -6.28 -0.00259184 0.0131005 
3886.75 862.996 155.267 35.6267 -0.416313 -6.28 0.00902041 0.306973 
3858.46 804.319 147.732 35.8178 -0.235332 -6.28 0.0206327 -0.147047 
3829.73 745.642 142.523 34.2132 -0.0114536 -6.28 0.0322449 0.386772 
3802.47 686.965 140.23 33.6572 0.0356205 -6.28 0.0438571 0.380385 
3775.71 628.286 138.555 33.4749 0.0364847 -6.28 0.0554694 -0.315245 
3749.1 569.608 140.804 33.2929 0.0374405 -6.28 0.0670816 0.306969 
3722.73 510.929 143.068 33.1102 0.0385137 -6.28 0.0786939 -0.34611 
3696.6 452.25 145.35 32.9258 0.0396182 -6.28 0.0903061 0.394017 
3670.73 393.571 147.65 32.7394 0.040536 -6.28 0.101918 0.204508 
3645.11 334.892 149.966 32.553 0.0410331 -6.28 0.113531 -0.0236325 
3619.73 276.213 152.292 32.3708 0.0411221 -6.28 0.125143 -0.360953 
3594.61 217.534 154.623 32.1964 0.0413178 -6.28 0.136755 0.00251301 
3569.73 158.854 156.96 32.0281 0.0425719 -6.28 0.148367 -0.12218 
3545.08 100.174 159.316 31.8551 0.0456145 -6.28 0.15998 -0.108881 
3520.67 41.4945 161.716 31.6602 0.0498369 -6.28 0.171592 0.128985 
3496.52 -17.1854 164.174 31.4337 0.052551 -6.28 0.183204 0.283862 
3472.67 -75.8656 166.671 31.1929 0.0499238 -6.28 0.194816 0.19148 
3449.13 -134.546 169.14 30.9916 0.0403065 -4.20141 0.206429 0.300714 
3425.88 -166.461 171.488 30.8947 0.0286039 -2.03437 0.218041 0.279306 
3402.83 -170.471 173.689 30.9141 0.0275985 0.118543 0.229653 0.257898 
3379.83 -146.758 175.875 30.935 0.051301 2.25733 0.241265 0.23649 
3356.88 -95.5046 178.367 30.7155 0.099536 4.38199 0.252878 0.188744 
3334.23 -16.8922 181.484 30.0352 0.142586 6.28 0.26449 0.00541189 
3312.37 86.1602 185.17 28.9836 0.124329 6.28 0.276102 -0.0630767 
3291.7 189.212 188.642 28.1926 0.000408013 6.28 0.287714 0.0421214 
3271.97 292.262 190.535 28.6753 -0.195796 6.28 0.299327 0.0359586 
3251.83 395.314 189.891 31.0331 -0.307797 6.28 0.310939 0.0185131 
3229.28 498.367 187.757 34.2837 -0.108142 6.28 0.322551 -0.00167453 
3203.26 601.422 188.126 35.299 0.507347 5.46585 0.334163 -0.0652244 
3176.05 693.995 196.4 30.1927 1.25967 3.46869 0.345776 -0.0438163 
3154.09 760.847 214.467 18.1378 1.4 1.48572 0.357388 -0.0104388 
3144.99 802.155 234.59 5.52718 0.09 3.24109 0.369 0 
3144.99 802.155 234.59 5.52718 0.09 3.24109 0.369 0 
3162.48 965.177 237.369 5 -0.839836 1.95368 1.15369 -1.01136 
3182.17 1084.92 208.916 25.1512 -0.140244 -1.21026 -0.176776 -0.941676 
3145.1 1098.33 202.897 24.9682 -0.139352 -3.89872 -0.165163 -0.6996 
3108.05 1021.36 196.918 24.7852 -0.138459 -6.11192 -0.153551 -0.0108803 
3071.03 869.989 190.978 24.6023 -0.137566 -6.15362 -0.141939 -0.00109594 
3034.1 717.213 185.079 24.4193 -0.136672 -6.14982 -0.130327 -0.00592813 
2997.26 564.564 179.219 24.2363 -0.135779 -6.16497 -0.118714 -0.00218832 
2960.53 411.405 173.399 24.0534 -0.134886 -6.1694 -0.107102 0.0869525 
2923.89 258.097 167.619 23.8704 -0.133992 -5.90117 -0.0954898 0.335377 
2887.36 113.807 161.88 23.6874 -0.133098 -4.74505 -0.0838776 0.756814 
2850.97 8.38295 156.18 23.5044 -0.132203 -2.19522 -0.0722653 0.276503 
2814.75 -11.3186 150.519 23.3215 -0.131309 -1.34313 -0.0606531 -0.0804221 
2778.67 -2.37434 144.899 23.1385 -0.130416 -1.60508 -0.0490408 -0.00142167 
2742.7 -2.23692 139.319 22.9555 -0.129522 -1.60962 -0.0374286 0.000238757 
2706.84 -2.25274 133.779 22.7725 -0.128629 -1.60858 -0.0258163 0.000370135 
2671.1 -2.2338 128.278 22.5896 -0.127735 -1.60747 -0.0142041 -0.000280307 
2635.49 -2.17792 122.818 22.4066 -0.126842 -1.6086 -0.00259184 -0.000740123 
2599.99 -2.16059 117.397 22.2236 -0.125948 -1.61134 0.00902041 0.00225103 
2564.63 -2.23579 112.016 22.0407 -0.125055 -1.60278 0.0206327 -0.00878001 
2529.39 -2.02354 106.675 21.8577 -0.124161 -1.63763 0.0322449 0.0155597 
2494.29 -2.98339 101.374 21.6747 -0.123266 -1.5737 0.0438571 -0.00832655 
2459.32 -1.79427 96.1134 21.4917 -0.122371 -1.60934 0.0554694 -0.000104866 
2424.49 -1.80377 90.8923 21.3087 -0.121491 -1.60989 0.0670816 2.7036e-05 
2389.8 -1.83191 85.7106 21.126 -0.120629 -1.60973 0.0786939 -3.16659e-05 
2355.26 -1.85537 80.5678 20.9441 -0.119673 -1.60997 0.0903061 -0.00274309 
2320.85 -1.88696 75.467 20.7603 -0.118389 -1.6242 0.101918 0.00626165 
2286.6 -2.39735 70.4192 20.5667 -0.117376 -1.58999 0.113531 -0.00301233 
2252.53 -1.75822 65.4159 20.3724 -0.119743 -1.60753 0.125143 -2.40876e-05 
2218.64 -1.70933 60.3434 20.264 -0.125593 -1.60765 0.136755 2.0181e-05 
2184.71 -1.66449 55.0802 20.3117 -0.107435 -1.60753 0.148367 -4.48736e-05 
2150.29 -1.61553 50.4248 19.8673 -0.0164883 -1.60787 0.15998 -5.73736e-05 
2116.69 -1.57892 48.8509 19.6746 -0.012372 -1.60833 0.171592 2.09583e-05 
2083.5 -1.55806 50.0136 19.4916 -0.0114785 -1.60803 0.183204 -0.00137779 
2050.87 -1.52762 51.2161 19.3087 -0.010585 -1.6142 0.194816 0.00439835 
2018.83 -1.70511 52.4586 19.1257 -0.00969178 -1.60467 0.206429 0.00397612 
1987.35 -1.56246 53.741 18.9427 -0.00879873 -1.60512 0.218041 -0.0010501 
1956.46 -1.43536 55.0632 18.7598 -0.00790361 -1.60682 0.229653 -0.00688582 
1926.15 -1.36579 56.4254 18.5768 -0.0070033 -1.63786 0.241265 -0.0480065 
1896.42 -2.34024 57.8277 18.3936 -0.0061124 -2.33047 0.252878 -0.0737217 
1867.26 -26.5998 59.2698 18.2105 -0.00528413 -3.28762 0.26449 0.143139 
1838.66 -83.038 60.7497 18.0292 -0.00448414 -1.83819 0.276102 0.125208 
1810.69 -90.7484 62.2662 17.8498 -0.00317721 -0.416106 0.287714 0.0906661 
1783.34 -50.6503 63.8363 17.6591 -0.000725786 0.879584 0.299327 0.0724968 
1756.65 33.007 65.4991 17.4303 -0.000791291 2.15177 0.310939 0.0725829 
1730.72 159.433 67.172 17.2361 -0.0154213 3.49323 0.322551 0.0481668 
1705.47 330.958 68.3636 17.4414 -0.0330218 4.78193 0.334163 0.0207561 
1679.79 545.807 68.9523 18.0347 0.0737697 5.91451 0.345776 0.000181355 
1652.51 798.734 73.0994 15.7493 0.423587 6.06732 0.357388 -0.000527434 
1631.44 1056.79 89.13 5 0.09 5.4196 0.369 0 
1631.44 1056.79 89.13 5 0.09 5.4196 0.369 0 
1669.29 1452.93 99.4999 5 -0.580403 2.03929 1.15369 -1.02704 
1708.94 1655.84 71.5458 26.7856 0.468194 -4.47314 -0.176776 -0.0743655 
1644.11 1486.53 101.539 5 0.117647 -6.24297 0.447736 0.00967863 
1682.82 1215.98 113.49 5 0.117647 -6.27194 0.447736 0.0393118 
1722.89 943.765 125.44 5 0.117647 -6.27755 0.447736 0.199155 
1764.34 671.233 137.39 5 0.117647 -6.27832 0.447736 0.0771585 
1807.16 398.657 149.341 5 0.117647 -6.27848 0.447737 0.176791 
1851.34 126.071 161.291 5 0.117648 -3.73795 0.447737 0.114526 
1897.01 -1.28475 173.241 5 0.11765 -1.51108 0.447736 0.000125853 
1944.15 -1.34023 185.192 5 0.11765 -1.51048 0.447736 0.000597786 
1992.65 -1.36121 197.142 5 0.117643 -1.51028 0.447856 0.00168891 
2042.53 -1.37101 209.092 5 0.118666 -1.50928 0.430218 0.00173724 
2093.77 -1.32357 221.101 5 -0.030977 -1.50998 0.749368 8.41964e-05 
2146.56 -1.31618 224.555 5 -0.0671917 -1.51076 0.941714 0.000686608 
2199.79 -1.35347 219.146 5 -0.0662457 -1.51092 0.925408 -1.25374e-05 
2252.39 -1.3998 213.792 5 -0.0652996 -1.51093 0.909102 7.12096e-06 
2304.39 -1.44667 208.491 5 -0.0643536 -1.51094 0.892796 9.32306e-05 
2355.77 -1.49388 203.245 5 -0.0634076 -1.51035 0.87649 0.000116851 
2406.55 -1.50756 198.052 5 -0.0624615 -1.51046 0.860184 -8.97255e-06 
2456.74 -1.52754 192.914 5 -0.0615155 -1.51043 0.843878 -1.16139e-05 
2506.33 -1.54592 187.83 5 -0.0605695 -1.51054 0.827571 -3.35475e-05 
2555.35 -1.57034 182.8 5 -0.0596234 -1.51107 0.811265 3.69054e-06 
2603.78 -1.62537 177.823 5 -0.0586774 -1.5112 0.794959 -1.88571e-07 
2651.65 -1.68745 172.901 5 -0.0577314 -1.51119 0.778653 -1.01762e-05 
2698.95 -1.74915 168.034 5 -0.0567853 -1.51124 0.762347 -9.59642e-06 
2745.69 -1.81359 163.22 5 -0.0558393 -1.51128 0.746041 -9.33784e-06 
2791.87 -1.88071 158.46 5 -0.0548933 -1.51133 0.729735 -5.88767e-06 
2837.52 -1.9506 153.754 5 -0.0539472 -1.51131 0.713429 -6.3007e-06 
2882.62 -2.01902 149.103 5 -0.0530012 -1.51129 0.697122 -2.21482e-05 
2927.19 -2.0862 144.505 5 -0.0520552 -1.51172 0.680816 2.82467e-05 
2971.23 -2.178 139.962 5 -0.0511091 -1.51071 0.66451 7.24884e-05 
3014.75 -2.21233 135.473 5 -0.0501631 -1.50826 0.648204 6.16188e-05 
3057.75 -2.10629 131.037 5 -0.049217 -1.506 0.631898 -9.02021e-06 
3100.25 -1.87161 126.656 5 -0.048271 -1.50597 0.615592 -0.000998717 
3142.24 -1.63494 122.329 5 -0.047325 -1.54787 0.599286 0.00130339 
3183.73 -3.79352 118.056 5 -0.0463789 -1.48674 0.58298 -0.000367631 
3224.74 -2.45757 113.837 5 -0.0454329 -1.50611 0.566673 -0.000228093 
3265.26 -2.22917 109.672 5 -0.0444869 -1.5197 0.550367 0.000187812 
3305.3 -2.7774 105.561 5 -0.0435408 -1.50629 0.534061 -5.873e-05 
3344.87 -2.55926 101.505 5 -0.0425948 -1.5111 0.517755 4.68594e-06 
3383.98 -2.6159 97.5021 5 -0.0416488 -1.51052 0.501449 -1.21862e-05 
3422.62 -2.63956 93.5536 5 -0.0407027 -1.51201 0.485143 1.55399e-05 
3460.81 -2.74828 89.6591 5 -0.0397567 -1.50874 0.468837 -0.00155489 
3498.56 -2.66997 85.8188 5 -0.0430985 -1.8588 0.452531 -0.000171384 
3535.85 -22.6029 81.7874 5.18647 -0.044622 -1.90329 0.436224 0.086357 
3571.83 -45.0784 77.6518 5.41089 -0.0309888 1.76423 0.419918 0.0650088 
3606.46 142.102 74.275 5 -0.035969 5.37288 0.403612 0.00050263 
3642.75 535.571 70.6511 5 -0.839773 6.27963 0.387306 -0.00391059 
3679.58 980.874 21.0775 40 -1.34586 3.17217 0.369 0 
2019.37 1611.74 1712.16 21.0178 0.551323 0 0.126635 0 
2019.37 1611.74 1712.16 21.0178 0.551323 -3.96314e-07 0.126635 2.31823e-07 
2019.35 1611.74 1712.16 21.0167 0.551325 0.000233911 0.126647 5.32654e-06 
2028.79 1609.64 1710.96 21.1216 0.549866 0.00562036 0.125487 -0.000194406 
2185.25 1841.07 1773.62 20.8172 0.556222 -0.0841976 0.128854 0.00041275 
2249.45 1342.78 1735.14 20.9428 0.553155 -0.0314808 0.127465 0.00015431 
2273.52 1156.49 1720.76 20.9897 0.552009 -0.0117772 0.126946 5.77621e-05 
2282.62 1086.75 1715.37 21.0073 0.551579 -0.00438959 0.126751 2.15544e-05 
2286.07 1060.73 1713.35 21.0139 0.551418 -0.00162361 0.126678 8.02875e-06 
2287.38 1051.03 1712.58 21.0164 0.551357 -0.000572221 0.12665 2.87638e-06 
2287.88 1047.56 1712.29 21.0173 0.551334 -0.000178291 0.12664 9.62696e-07 
2288.07 1046.4 1712.18 21.0177 0.551325 -2.20348e-05 0.126636 2.05262e-07 
2288.14 1046.15 1712.13 21.0179 0.551321 4.06654e-05 0.126635 -9.27742e-08 
2288.17 1046.26 1712.11 21.0179 0.55132 6.88273e-05 0.126634 -2.20506e-07 
2288.18 1046.53 1712.1 21.018 0.551319 8.45626e-05 0.126634 -2.8641e-07 
2288.19 1046.87 1712.09 21.018 0.551318 9.61014e-05 0.126633 -3.30526e-07 
2288.19 1047.27 1712.08 21.018 0.551318 0.000106686 0.126633 -3.68216e-07 
2288.19 1047.71 1712.08 21.018 0.551317 0.000117789 0.126633 -4.06575e-07 
2288.19 1048.2 1712.07 21.018 0.551317 0.000130032 0.126633 -4.48201e-07 
2288.18 1048.74 1712.06 21.018 0.551316 0.000143868 0.126632 -4.94838e-07 
2288.18 1049.34 1712.05 21.0181 0.551315 0.000159712 0.126632 -5.48161e-07 
2288.18 1050 1712.03 21.0181 0.551315 0.000177894 0.126632 -6.08874e-07 
2288.18 1050.73 1712.02 21.0181 0.551314 0.000198999 0.126632 -6.7921e-07 
2288.18 1051.55 1712 21.0182 0.551312 0.000223572 0.126631 -7.61e-07 
2288.18 1052.47 1711.98 21.0182 0.551311 0.000252226 0.126631 -8.54976e-07 
2288.17 1053.5 1711.95 21.0183 0.551309 0.000286358 0.12663 -9.67457e-07 
2288.17 1054.66 1711.93 21.0183 0.551308 0.000326731 0.126629 -1.09927e-06 
2288.17 1055.99 1711.89 21.0184 0.551305 0.000375118 0.126629 -1.25638e-06 
2288.16 1057.5 1711.85 21.0185 0.551303 0.000433538 0.126628 -1.44458e-06 
2288.16 1059.24 1711.8 21.0186 0.551299 0.000504831 0.126627 -1.66413e-06 
2288.15 1061.24 1711.73 21.0187 0.551295 0.000596982 0.126625 -1.97087e-06 
2288.15 1063.62 1711.66 21.0189 0.55129 0.000704364 0.126623 -2.29679e-06 
2288.14 1066.38 1711.55 21.0191 0.551284 0.000845595 0.126621 -2.7319e-06 
2288.12 1069.67 1711.42 21.0193 0.551275 0.00102794 0.126619 -3.28517e-06 
2288.11 1073.63 1711.25 21.0196 0.551265 0.00126772 0.126615 -3.99814e-06 
2288.09 1078.44 1711.02 21.02 0.55125 0.00159035 0.126611 -4.93595e-06 
2288.05 1084.39 1710.7 21.0206 0.551231 0.0020353 0.126604 -6.19672e-06 
2288.01 1091.85 1710.25 21.0213 0.551204 0.00266542 0.126596 -7.93454e-06 
2287.95 1101.41 1709.59 21.0224 0.551164 0.00358178 0.126584 -1.04006e-05 
2287.86 1113.93 1708.62 21.024 0.551106 0.00494539 0.126567 -1.40211e-05 
2287.72 1130.82 1707.14 21.0264 0.551018 0.00699968 0.126541 -1.95504e-05 
2287.51 1154.36 1704.95 21.0302 0.550883 0.0100577 0.126498 -2.83515e-05 
2287.22 1188.51 1701.89 21.0367 0.550681 0.014325 0.126426 -4.26258e-05 
2286.86 1239.85 1698.35 21.0468 0.550415 0.0192772 0.126315 -6.37632e-05 
2286.58 1316.65 1695.9 21.0558 0.550205 0.022703 0.126215 -8.21804e-05 
2286.5 1415.61 1695.63 21.0397 0.550403 0.0230616 0.126392 -5.31374e-05 
2285.61 1479.4 1684.55 20.9485 0.551136 0.0383583 0.127401 0.000104194 
2277.76 1353.06 1596.63 20.7546 0.550167 0.160398 0.129545 0.000446232 
2240.89 884.239 1245.14 20.5909 0.5367 0.710127 0.131289 -0.00164503 
4542.46 434.946 169.147 22.6186 1.48221e-05 0.125562 0.125635 0 
4542.46 434.946 169.147 22.6186 1.48221e-05 0.125562 0.125635 0 
4514.5 491.947 167.945 20.8388 0.628113 1.42837 -0.188388 -0.998861 
4490.76 591.711 187.454 5 -0.861139 -1.65219 1.13739 -0.967209 
4510.86 590.32 158.911 25.1686 -0.143398 -4.66087 -0.165163 -0.524055 
4475.49 490.21 152.867 24.9857 -0.142505 -6.19457 -0.153551 0.00600675 
4440.16 339.756 146.862 24.8027 -0.141611 -6.19245 -0.141939 0.00405851 
4404.92 189.372 140.896 24.6197 -0.140718 -6.18675 -0.130326 0.00325703 
4369.76 39.1736 134.969 24.4368 -0.139824 -6.18318 -0.118714 0.00343309 
4334.69 -110.908 129.081 24.2538 -0.138931 -6.17891 -0.107102 0.0036502 
4299.72 -260.849 123.231 24.0708 -0.138037 -6.17377 -0.0954898 0.00376654 
4264.85 -410.622 117.421 23.8879 -0.137144 -6.16802 -0.0838775 0.00387107 
4230.07 -560.207 111.65 23.7049 -0.13625 -6.16167 -0.0722653 0.00400803 
4195.4 -709.583 105.918 23.5219 -0.135357 -6.15458 -0.060653 0.00418089 
4160.83 -858.728 100.224 23.3389 -0.134463 -6.14659 -0.0490408 0.0043917 
4126.36 -1007.61 94.5697 23.156 -0.13357 -6.13749 -0.0374285 0.00465097 
4092.01 -1156.19 88.9543 22.973 -0.132676 -6.12705 -0.0258163 0.00497709 
4057.76 -1304.44 83.3778 22.79 -0.131781 -6.11493 -0.014204 0.00540042 
4023.63 -1452.28 77.8403 22.607 -0.130886 -6.10065 -0.00259179 0.00597039 
3989.62 -1599.66 72.3418 22.424 -0.130001 -6.08348 0.00902045 0.0067257 
3955.72 -1746.47 66.882 22.2412 -0.129135 -6.06246 0.0206327 0.00757645 
3921.95 -1892.59 61.4602 22.059 -0.128217 -6.03685 0.0322449 0.00849779 
3888.3 -2037.87 56.0782 21.8761 -0.127049 -6.00594 0.0438572 0.00950437 
3854.78 -2182.14 50.7441 21.6863 -0.125887 -5.97126 0.0554694 0.00625521 
3821.41 -2325.27 45.4582 21.4912 -0.12686 -5.95825 0.0670817 0.0281273 
3788.2 -2467.98 40.1506 21.3454 -0.131511 -5.82018 0.0786939 0.148113 
3755.04 -2606.15 34.6979 21.3301 -0.124409 -5.0839 0.0903062 0.258843 
3721.57 -2720.15 29.4793 21.1238 -0.0654104 -3.82385 0.101918 0.306969 
3688.29 -2792.8 26.2082 20.7905 -0.0158889 -2.31916 0.113531 0.316634 
3655.68 -2816.05 27.2316 20.6076 -0.0149941 -0.729376 0.125143 0.30565 
3623.67 -2787.11 28.2941 20.4246 -0.0140995 0.862144 0.136755 0.280114 
3592.24 -2705.94 29.3956 20.2416 -0.0132051 2.3956 0.148367 0.239128 
3561.41 -2574.43 30.5361 20.0587 -0.0123108 3.80233 0.15998 0.177367 
3531.17 -2396.74 31.7156 19.8757 -0.0114167 4.9739 0.171592 0.0941157 
3501.51 -2180.6 32.9341 19.6927 -0.0105227 5.74235 0.183204 0.0211168 
3472.44 -1939.23 34.1915 19.5097 -0.0096291 5.9891 0.194816 0.00395553 
3443.94 -1689.76 35.4879 19.3268 -0.00873598 5.97605 0.206429 0.00463603 
3416.01 -1440.72 36.8233 19.1438 -0.00784297 6.00018 0.218041 0.00179267 
3388.64 -1190.89 38.1975 18.9609 -0.00694711 6.0343 0.229653 0.000857472 
3361.85 -939.941 39.6109 18.7778 -0.00604513 6.05956 0.241265 0.000652685 
3335.63 -688.162 41.0634 18.5946 -0.00515666 6.08075 0.252878 0.000345454 
3309.99 -435.688 42.5548 18.4116 -0.00434404 6.09873 0.26449 0.000133759 
3284.92 -182.624 44.0824 18.2306 -0.00354894 6.11349 0.276102 4.15239e-05 
3260.44 70.9234 45.6457 18.0516 -0.00213801 6.12584 0.287714 1.65204e-06 
3236.52 324.876 47.2647 17.8589 0.000498201 6.13646 0.299327 -1.72576e-05 
3213.22 579.177 48.9804 17.6247 2.76677e-05 6.14573 0.310939 -2.38256e-05 
3190.65 833.782 50.6929 17.4355 -0.0163129 6.1539 0.322551 -2.19398e-05 
3168.7 1088.65 51.8791 17.6781 -0.0339101 6.16119 0.334163 -1.72217e-05 
3146.2 1343.77 52.4748 18.2914 0.0815343 6.16748 0.345776 -3.98272e-05 
3122.05 1599.09 56.8278 15.8737 0.440162 6.16026 0.357388 -0.000516156 
3104.31 1854.17 73.08 5 0.0899997 5.47461 0.369 0 
3104.31 1854.17 73.08 5 0.0899997 5.47461 0.369 0 
3117.23 2015.18 75.061 5 -1.18949 4.7103 1.15369 -1.00622 
3130.8 2158.81 47.9385 24.7667 -0.127311 2.68513 -0.176775 -0.977794 
3106.59 2256.41 44.2559 24.5577 -0.128262 0.702508 -0.165163 -0.945674 
3082.56 2308.91 40.5592 24.3846 -0.134757 -1.22834 -0.153551 -0.905951 
3058.65 2317.49 36.7212 24.3378 -0.138941 -3.08862 -0.141939 -0.841481 
3034.61 2283.75 32.7897 24.3587 -0.113641 -4.81794 -0.130326 -0.63407 
3010.32 2210.68 29.4329 23.927 -0.0450621 -6.0843 -0.118714 0.0356251 
2986.6 2108.81 27.6518 23.6886 -0.0318873 -6.09262 -0.107102 -0.00166193 
2963.23 2006.74 27.7664 23.5056 -0.0309926 -6.09447 -0.0954897 0.00698579 
2940.2 1904.64 27.9082 23.3227 -0.0300988 -6.08512 -0.0838775 0.00614284 
2917.51 1802.74 28.0769 23.1397 -0.0292051 -6.07714 -0.0722652 0.00657745 
2895.16 1701.03 28.2727 22.9567 -0.0283114 -6.06801 -0.060653 0.00687404 
2873.15 1599.52 28.4955 22.7737 -0.0274179 -6.05796 -0.0490407 0.00722022 
2851.48 1498.24 28.7453 22.5908 -0.0265243 -6.04686 -0.0374285 0.00760028 
2830.16 1397.22 29.022 22.4078 -0.0256308 -6.03461 -0.0258162 0.00801743 
2809.19 1296.47 29.3258 22.2248 -0.0247372 -6.02103 -0.014204 0.00847263 
2788.56 1196.03 29.6565 22.0419 -0.0238437 -6.00596 -0.00259176 0.00895231 
2768.28 1095.93 30.0143 21.8589 -0.0229502 -5.98923 0.00902049 0.00946538 
2748.35 996.218 30.399 21.6759 -0.0220566 -5.97065 0.0206327 0.0101694 
2728.78 896.924 30.8108 21.4929 -0.0211631 -5.94958 0.032245 0.0115239 
2709.55 798.11 31.2495 21.31 -0.0202696 -5.92412 0.0438572 0.0140732 
2690.68 699.874 31.7153 21.127 -0.019376 -5.89077 0.0554695 0.0173367 
2672.16 602.396 32.208 20.944 -0.0184825 -5.84724 0.0670817 0.0197212 
2654 505.909 32.7277 20.7611 -0.017589 -5.79587 0.078694 0.0281953 
2636.2 410.589 33.2744 20.5781 -0.0166955 -5.71631 0.0903062 0.0636529 
2618.75 317.079 33.8482 20.3951 -0.0158018 -5.51885 0.101918 0.123997 
2601.67 228.06 34.4489 20.2121 -0.0149082 -5.119 0.113531 0.180706 
2584.96 148.136 35.0766 20.0292 -0.0140145 -4.52419 0.125143 0.217743 
2568.61 81.7414 35.7313 19.8462 -0.0131206 -3.79196 0.136755 0.235719 
2552.65 32.0018 36.413 19.6632 -0.0122262 -2.97743 0.148367 0.240002 
2537.06 0.789327 37.1217 19.4803 -0.0113311 -2.11954 0.15998 0.235124 
2521.86 -10.9098 37.8575 19.2973 -0.0104373 -1.2441 0.171592 0.224005 
2507.04 -2.6964 38.6202 19.1143 -0.00954901 -0.368764 0.183204 0.208374 
2492.6 25.4273 39.4099 18.9314 -0.00866445 0.493421 0.194816 0.189239 
2478.54 73.162 40.2263 18.7487 -0.00776186 1.33172 0.206429 0.167186 
2464.87 139.964 41.0699 18.5657 -0.00680932 2.13617 0.218041 0.142616 
2451.59 225.065 41.9419 18.3818 -0.0058479 2.89647 0.229653 0.11598 
2438.69 327.459 42.8424 18.1968 -0.00509794 3.60094 0.241265 0.0880978 
2426.19 445.876 43.7667 18.0146 -0.00477449 4.23567 0.252878 0.0605396 
2414.07 578.731 44.7051 17.8422 -0.00426569 4.78391 0.26449 0.0358147 
2402.32 724.056 45.6613 17.6749 -0.00147475 5.226 0.276102 0.0168615 
2390.92 879.437 46.687 17.4724 0.00463594 5.54184 0.287714 0.00558154 
2379.94 1042 47.8592 17.1825 0.00640309 5.72119 0.299327 0.00128571 
2369.55 1208.65 49.0821 16.8934 -0.0148878 5.78824 0.310939 0.000707064 
2359.75 1376.81 49.8313 17.0039 -0.0584614 5.81338 0.322551 0.000520335 
2349.8 1545.55 49.5853 17.8404 -0.0376038 5.8449 0.334163 7.77059e-05 
2338.31 1715.01 49.7832 18.1803 0.202399 5.86456 0.345776 -0.000151414 
2326.1 1884.92 55.4279 14.3049 0.548662 5.82998 0.357388 -0.000325966 
2321.05 2054.03 69.09 5 0.0899996 5.54847 0.369 0 
2321.05 2054.03 69.09 5 0.0899996 5.54847 0.369 0 
2331.08 2180.34 70.628 5 -1.4 4.96621 1.09865 -0.996997 
2341.68 2296.37 46.4545 24.4495 -0.0844801 3.41191 -0.176774 -0.969681 
2323.42 2384.97 45.5932 24.8288 -0.139161 1.88875 -0.165163 -0.937918 
2304.59 2446.68 43.7556 24.8096 -0.0986333 0.405311 -0.153551 -0.901432 
2285.69 2482.19 42.6343 24.2391 -0.0315312 -1.02935 -0.141939 -0.858043 
2267.51 2492.36 42.7141 24.0561 -0.0306382 -2.40212 -0.130326 -0.800092 
2249.57 2478.29 42.8148 23.8731 -0.0297454 -3.68571 -0.118714 -0.708881 
2231.88 2441.56 42.9365 23.6902 -0.0288526 -4.81938 -0.107102 -0.548914 
2214.43 2384.8 43.0792 23.5072 -0.0279595 -5.68397 -0.0954897 -0.291239 
2197.23 2312.78 43.2427 23.3242 -0.0270661 -6.1267 -0.0838774 -0.0218903 
2180.3 2232.94 43.4273 23.1413 -0.0261725 -6.15234 -0.0722652 0.0780335 
2163.63 2152.64 43.6328 22.9583 -0.0252789 -6.03247 -0.060653 0.0475945 
2147.22 2074.46 43.8592 22.7753 -0.0243854 -5.96062 -0.0490407 0.0166945 
2131.08 1997.55 44.1067 22.5923 -0.0234918 -5.93673 -0.0374285 0.00650431 
2115.22 1921.07 44.375 22.4094 -0.0225983 -5.92937 -0.0258162 0.00392934 
2099.61 1844.71 44.6644 22.2264 -0.0217048 -5.9266 -0.014204 0.00240574 
2084.28 1768.4 44.9747 22.0434 -0.0208113 -5.9266 -0.00259173 0.000964178 
2069.22 1692.09 45.3059 21.8605 -0.0199178 -5.92912 0.00902051 0.000902788 
2054.43 1615.74 45.6581 21.6775 -0.0190243 -5.93149 0.0206328 0.00427523 
2039.91 1539.34 46.0313 21.4945 -0.0181309 -5.92682 0.032245 0.0130482 
2025.66 1463.03 46.4254 21.3115 -0.0172373 -5.90369 0.0438572 0.0284233 
2011.68 1387.12 46.8405 21.1286 -0.0163435 -5.84707 0.0554695 0.0503469 
1997.98 1312.21 47.2765 20.9456 -0.0154497 -5.74061 0.0670817 0.0773848 
1984.55 1239.19 47.7335 20.7626 -0.0145563 -5.56964 0.078694 0.107031 
1971.4 1169.18 48.2115 20.5796 -0.0136639 -5.32394 0.0903062 0.136327 
1958.53 1103.51 48.7104 20.3967 -0.0127719 -4.99956 0.101918 0.16253 
1945.94 1043.57 49.2302 20.2138 -0.0118773 -4.59906 0.113531 0.1836 
1933.63 990.703 49.771 20.0308 -0.010977 -4.13052 0.125143 0.198407 
1921.61 946.108 50.3329 19.8478 -0.0100735 -3.60568 0.136755 0.206665 
1909.87 910.782 50.9159 19.6646 -0.00918214 -3.0379 0.148367 0.208725 
1898.42 885.481 51.5198 19.4815 -0.00832315 -2.44048 0.15998 0.205314 
1887.26 870.73 52.1441 19.2989 -0.00748659 -1.82555 0.171592 0.197319 
1876.39 866.838 52.7883 19.117 -0.00659104 -1.2035 0.183204 0.185638 
1865.8 873.931 53.4535 18.9349 -0.0055157 -0.582843 0.194816 0.171098 
1855.51 891.984 54.1429 18.7503 -0.00428886 0.0295877 0.206429 0.154439 
1845.51 920.851 54.8591 18.5615 -0.00333952 0.628351 0.218041 0.136322 
1835.81 960.292 55.5974 18.3725 -0.00337923 1.20907 0.229653 0.117362 
1826.41 1009.99 56.3404 18.1968 -0.0043985 1.76814 0.241265 0.098165 
1817.3 1069.55 57.0704 18.0459 -0.00416385 2.30248 0.252878 0.0793481 
1808.43 1138.56 57.8087 17.9003 0.00145856 2.80933 0.26449 0.0615461 
1799.8 1216.51 58.6505 17.6868 0.0132196 3.28601 0.276102 0.0453797 
1791.5 1302.88 59.706 17.3308 0.0196457 3.72965 0.287714 0.0313972 
1783.75 1397.09 60.8851 16.9203 -0.00298852 4.13664 0.299327 0.0199967 
1776.63 1498.48 61.6761 16.8522 -0.0631815 4.50176 0.310939 0.0113592 
1769.67 1606.32 61.406 17.5915 -0.102893 4.81675 0.322551 0.00541789 
1761.67 1719.72 60.4138 18.7703 0.0125362 5.06814 0.334163 0.00187331 
1751.92 1837.57 61.4266 18.2535 0.353379 5.23486 0.345776 0.000239957 
1742.83 1958.35 68.4729 13.208 0.631305 5.28847 0.357388 -0.000117181 
1741.03 2080.08 80.57 5 0.0899996 5.2025 0.369 0 
1741.03 2080.08 80.57 5 0.0899996 5.2025 0.369 0 
1776.31 2438.59 90.1845 5 -0.607914 2.12429 1.15369 0.67517 
1813.22 2632.73 62.5326 26.5388 0.497825 6.18429 -0.176776 0.00477641 
1754.02 3043.73 92.0804 5 0.115368 6.22458 0.45671 -0.00654535 
1790.54 3456.81 103.049 5 0.115368 6.19999 0.45671 -0.00426355 
1828.24 3868.58 114.019 5 0.115368 6.18907 0.45671 -0.00480452 
1867.11 4279.77 124.988 5 0.115368 6.17402 0.45671 -0.00565519 
1907.15 4690.15 135.957 5 0.115368 6.15291 0.45671 -0.00711527 
1948.36 5099.41 146.926 5 0.115368 6.1215 0.45671 -0.00979708 
1990.75 5506.99 157.895 5 0.115368 6.06997 0.45671 -0.016723 
2034.31 5911.82 168.864 5 0.115368 5.96425 0.45671 -0.0589143 
2079.03 6311 179.833 5 0.115368 5.52963 0.45671 -0.246063 
2124.91 6686.97 190.802 5 0.115367 3.67824 0.45671 -0.407102 
2171.89 6964.09 201.771 5 0.115365 0.62989 0.45671 -0.274952 
2219.91 7078.43 212.74 5 0.115364 -1.54049 0.45671 0.0079883 
2269.01 7076.88 223.709 5 0.115364 -1.57849 0.45671 0.00770988 
2319.29 7073.31 234.678 5 0.115364 -1.51952 0.45671 0.000796618 
2370.74 7072.88 245.647 5 0.115364 -1.52746 0.45671 0.00275963 
2423.36 7072.03 256.616 5 0.115364 -1.51242 0.45671 0.000726082 
2477.16 7071.98 267.585 5 0.115364 -1.50815 0.45671 0.00217214 
2532.13 7072.16 278.554 5 0.115364 -1.49148 0.45671 0.000525961 
2588.27 7073.23 289.522 5 0.115364 -1.49422 0.45671 -0.00571608 
2645.59 7074.15 300.491 5 0.115364 -1.56492 0.45671 0.013673 
2704.08 7071.3 311.46 5 0.115364 -1.42192 0.456711 0.0284886 
2763.75 7076.08 322.429 5 0.115364 -1.16194 0.456711 -0.0912066 
2824.6 7094.75 333.398 5 0.115363 -2.38547 0.456711 -0.133893 
2886.57 7048.08 344.367 5 0.115358 -4.26394 0.456785 -0.0732013 
2949.64 6901.11 355.335 5 0.115937 -5.41044 0.446794 -0.0247317 
3013.83 6692.92 366.335 5 0.0367777 -5.84822 0.583847 -0.0081762 
3079.27 6461.35 373.107 5 -0.0512377 -6.01327 0.697116 -0.00331268 
3145.52 6220.97 368.979 5 -0.0502921 -6.09141 0.680813 -0.00150223 
3211.32 5976.41 364.901 5 -0.0493462 -6.13489 0.664508 -0.00071154 
3276.68 5729.54 360.873 5 -0.0484002 -6.16207 0.648203 -0.000325287 
3341.61 5481.21 356.896 5 -0.0474543 -6.18056 0.631897 -0.000123004 
3406.11 5231.9 352.97 5 -0.0465083 -6.19393 0.615591 -1.33849e-05 
3470.19 4981.87 349.094 5 -0.0455622 -6.20407 0.599285 4.56821e-05 
3533.85 4731.3 345.268 5 -0.0446162 -6.21203 0.582979 7.5469e-05 
3597.1 4480.31 341.493 5 -0.0436702 -6.21845 0.566673 8.76095e-05 
3659.95 4228.97 337.769 5 -0.0427242 -6.22374 0.550367 8.8913e-05 
3722.4 3977.35 334.095 5 -0.0417782 -6.22819 0.534061 8.35975e-05 
3784.45 3725.5 330.471 5 -0.0408321 -6.23198 0.517755 7.4403e-05 
3846.12 3473.44 326.898 5 -0.0398861 -6.23525 0.501449 6.31911e-05 
3907.4 3221.21 323.376 5 -0.0389401 -6.2381 0.485142 5.12272e-05 
3968.3 2968.82 319.904 5 -0.0392695 -6.2406 0.468836 5.26369e-05 
4028.83 2716.3 316.415 5.05181 -0.0443249 -6.24023 0.452531 1.85363e-05 
4088.78 2463.8 312.651 5.3294 -0.0413866 -6.24469 0.436224 1.77914e-05 
4147.12 2211.06 309.02 5.42947 -0.0282629 -6.24673 0.419918 8.55217e-06 
4204.64 1958.22 306.082 5 -0.0953946 -6.24996 0.403612 9.73699e-06 
4263.75 1705.2 299.595 7.4856 -0.854916 -6.24787 0.387306 0.000360898 
4312.35 1452.3 252.34 40 -0.0899997 -4.59865 0.369 0 
4312.35 1452.3 252.34 40 -0.0899997 -4.59865 0.369 0 
4281.35 1414.39 248.887 36.3903 1.39184 -2.78603 -0.188388 0.823481 
4253.7 1400.35 265.023 22.4695 1.30418 -0.3739 -0.176775 -0.0554838 
4241.21 1418.05 280.298 10.6147 -0.495766 -0.711575 -0.165162 -0.588353 
4242.1 1431.3 272.123 17.8021 -1.4 -2.83578 -0.153546 -0.573516 
4235.4 1416.59 251.889 33.4247 -0.63552 -4.94933 0.164786 -0.226524 
4211.47 1374.06 241.392 35.9628 -0.367037 -6.17921 -0.130326 -0.000174804 
4184.5 1315.33 234.377 35.7651 -0.366518 -6.20046 -0.118714 0.0148957 
4157.55 1256.33 227.372 35.5723 -0.367836 -6.09467 -0.107102 0.0179234 
4130.62 1198.72 220.355 35.4026 -0.370337 -5.95499 -0.0954897 0.00809908 
4103.68 1142.95 213.308 35.2657 -0.371135 -5.89054 -0.0838775 -0.00379027 
4076.71 1088.02 206.253 35.1419 -0.366155 -5.92346 -0.0722652 -0.00673156 
4049.68 1032.67 199.267 34.972 -0.353867 -5.98362 -0.060653 -0.00316625 
4022.64 976.516 192.446 34.6868 -0.340123 -6.01451 -0.0490407 0.00106639 
3995.72 919.959 185.812 34.2817 -0.339325 -6.00658 -0.0374285 0.00328844 
3969.05 863.507 179.197 33.8966 -0.366237 -5.97564 -0.0258163 0.0034062 
3942.61 807.461 172.236 33.8074 -0.417931 -5.94139 -0.014204 0.00243926 
3916.11 751.867 164.595 34.237 -0.457112 -5.91577 -0.00259176 0.00151093 
3888.96 696.61 156.43 35.0155 -0.419262 -5.89947 0.00902048 0.00118242 
3860.76 641.569 148.747 35.3412 -0.262053 -5.88615 0.0206327 0.0013989 
3831.97 586.703 143.128 34.0574 -0.0438116 -5.86889 0.032245 0.0018463 
3804.34 532.063 140.409 33.2692 0.0337332 -5.84386 0.0438572 0.00228333 
3777.44 477.753 138.728 33.0867 0.0345891 -5.81016 0.0554695 0.00265926 
3750.69 423.886 140.962 32.9045 0.0355017 -5.76762 0.0670817 0.00306709 
3724.19 370.579 143.211 32.7221 0.036515 -5.7145 0.078694 0.0036466 
3697.95 317.971 145.478 32.5384 0.0375961 -5.64611 0.0903062 0.00451442 
3671.96 266.264 147.764 32.3529 0.0385884 -5.55445 0.101918 0.0057388 
3646.22 215.763 150.066 32.1667 0.0392667 -5.42825 0.113531 0.0073388 
3620.75 166.924 152.381 31.9829 0.0395395 -5.25321 0.125143 0.00928251 
3595.53 120.39 154.703 31.8054 0.0397172 -5.01254 0.136755 0.0114761 
3570.56 77.0243 157.032 31.6345 0.0405861 -4.68814 0.148367 0.0137526 
3545.84 37.9304 159.376 31.4629 0.042972 -4.26271 0.15998 0.0158762 
3521.36 4.43817 161.754 31.2754 0.0467521 -3.72292 0.171592 0.0175724 
3497.15 -21.9465 164.187 31.0594 0.0499185 -3.06289 0.183204 0.0185811 
3473.24 -39.6403 166.665 30.8234 0.0489227 -2.28706 0.194816 0.0187179 
3449.65 -47.1186 169.136 30.6109 0.0413437 -1.41151 0.206429 0.0179221 
3426.36 -43.0682 171.511 30.4858 0.0302126 -0.462947 0.218041 0.0162747 
3403.28 -26.5276 173.743 30.4762 0.0264887 0.52435 0.229653 0.0139794 
3380.28 3.01334 175.925 30.498 0.0444647 1.5126 0.241265 0.0113141 
3357.31 45.5671 178.344 30.3311 0.0877185 2.46415 0.252878 0.00857002 
3334.59 100.65 181.335 29.7385 0.132319 3.34335 0.26449 0.0059968 
3312.57 167.31 184.927 28.7431 0.12514 4.11584 0.276102 0.0037655 
3291.7 244.141 188.445 27.8984 0.0167504 4.74501 0.287714 0.00195752 
3271.86 329.255 190.554 28.2052 -0.172492 5.18488 0.299327 0.000580781 
3251.8 420.162 190.164 30.3748 -0.297685 5.36866 0.310939 -0.00038944 
3229.47 513.491 188.08 33.6056 -0.127461 5.19813 0.322551 -0.000961472 
3203.63 604.577 188.169 34.8472 0.465973 4.56095 0.334163 -0.0011107 
3176.33 687.273 196.047 30.0305 1.2279 3.41266 0.345776 -0.000844834 
3154.1 754.846 214.058 17.9873 1.4 1.87446 0.357389 -1.28022e-05 
3144.99 802.155 234.59 5.12517 0.0899982 1.73994 0.369 0 
3144.99 802.155 234.59 5.12517 0.0899982 1.73994 0.369 0 
3163.01 912.109 237.252 5 -0.871061 0.418313 1.15369 -1.01128 
3182.13 978.685 208.378 25.3813 -0.144915 -2.71738 -0.176776 -0.940537 
3145.2 942.385 202.264 25.1984 -0.144023 -5.64067 -0.165163 -0.179789 
3108.26 810.137 196.189 25.0154 -0.14313 -6.19117 -0.153551 -0.000650057 
3071.4 659.821 190.154 24.8324 -0.142236 -6.20472 -0.141939 0.00281956 
3034.61 509.059 184.157 24.6495 -0.141343 -6.20258 -0.130326 0.00368301 
2997.91 358.367 178.199 24.4665 -0.140449 -6.19773 -0.118714 0.00334139 
2961.3 207.834 172.28 24.2835 -0.139556 -6.19369 -0.107102 0.00318037 
2924.79 57.4333 166.4 24.1006 -0.138662 -6.18996 -0.0954898 0.00323533 
2888.36 -92.8453 160.559 23.9176 -0.137769 -6.18583 -0.0838775 0.00332037 
2852.04 -242.989 154.757 23.7346 -0.136875 -6.18121 -0.0722653 0.00339348 
2815.81 -392.981 148.994 23.5516 -0.135982 -6.17609 -0.060653 0.00347211 
2779.68 -542.806 143.27 23.3687 -0.135088 -6.17042 -0.0490408 0.00356854 
2743.66 -692.445 137.585 23.1857 -0.134195 -6.1641 -0.0374285 0.00368683 
2707.75 -841.877 131.939 23.0027 -0.133301 -6.15702 -0.0258163 0.0038311 
2671.94 -991.077 126.332 22.8198 -0.132408 -6.14901 -0.014204 0.0040084 
2636.25 -1140.01 120.763 22.6368 -0.131514 -6.13989 -0.0025918 0.00422903 
2600.67 -1288.65 115.234 22.4538 -0.130621 -6.1294 0.00902045 0.00450729 
2565.21 -1436.95 109.744 22.2708 -0.129727 -6.11719 0.0206327 0.00486035 
2529.87 -1584.84 104.292 22.0879 -0.128833 -6.10281 0.0322449 0.00529391 
2494.65 -1732.26 98.8797 21.9049 -0.127938 -6.0857 0.0438572 0.00577795 
2459.56 -1879.13 93.5062 21.7219 -0.127043 -6.06529 0.0554694 0.0064565 
2424.59 -2025.32 88.1718 21.5388 -0.126168 -6.03989 0.0670817 0.00843322 
2389.75 -2170.68 82.8757 21.3563 -0.125311 -6.00257 0.0786939 0.0114537 
2355.05 -2314.81 77.6173 21.1745 -0.12433 -5.95311 0.0903062 0.00525637 
2320.48 -2457.32 72.4007 20.9903 -0.12297 -5.94051 0.101918 0.0451817 
2286.05 -2599.42 67.2384 20.7948 -0.122005 -5.65787 0.113531 0.166897 
2251.81 -2732.24 62.118 20.6001 -0.124961 -4.71856 0.125143 0.245816 
2217.76 -2834.23 56.9109 20.5041 -0.131404 -3.37573 0.136755 0.273217 
2183.66 -2892.15 51.4974 20.5727 -0.110525 -1.86788 0.148367 0.273065 
2149.06 -2900.58 46.7656 20.0885 -0.0121983 -0.312548 0.15998 0.257487 
2115.39 -2857.96 47.5336 19.9055 -0.0113027 1.22609 0.171592 0.229937 
2082.29 -2764.84 48.7633 19.7225 -0.0104081 2.69645 0.183204 0.188886 
2049.79 -2623.46 50.0321 19.5396 -0.00951378 4.03336 0.194816 0.130469 
2017.89 -2438.2 51.3398 19.3566 -0.00862001 5.12969 0.206429 0.058565 
1986.59 -2216.96 52.6865 19.1736 -0.00772665 5.8152 0.218041 0.00736194 
1955.87 -1973.22 54.0722 18.9907 -0.00683072 5.96743 0.229653 0.0060944 
1925.73 -1724.48 55.4968 18.8077 -0.00592871 5.95794 0.241265 0.00412121 
1896.17 -1476.05 56.9607 18.6244 -0.00504024 6.02349 0.252878 0.000430376 
1867.18 -1225.48 58.4635 18.4414 -0.00422788 6.06199 0.26449 0.000345364 
1838.77 -973.637 60.0025 18.2604 -0.00343297 6.07766 0.276102 0.000403815 
1810.94 -721.283 61.5771 18.0815 -0.00202014 6.09319 0.287714 0.000159532 
1783.69 -468.42 63.2075 17.8887 0.000620957 6.10901 0.299327 4.7473e-05 
1757.05 -215.038 64.9347 17.6543 0.000143644 6.12253 0.310939 1.44385e-05 
1731.13 38.7874 66.6586 17.4652 -0.0162475 6.13405 0.322551 -1.42067e-06 
1705.84 292.991 67.8544 17.7091 -0.033878 6.144 0.334163 -8.35924e-06 
1680 547.521 68.4588 18.3241 0.0819102 6.15239 0.345776 -4.09575e-05 
1652.51 802.327 72.8312 15.8995 0.441395 6.14214 0.357388 -0.000510031 
1631.44 1056.79 89.13 5 0.0899997 5.43813 0.369 0 
1631.44 1056.79 89.13 5 0.0899997 5.43813 0.369 0 
1669.29 1453.99 99.4998 5 -0.580405 2.06873 1.15369 0.635452 
1708.94 1658.58 71.5458 26.7856 0.468202 6.24099 -0.176775 -0.00236148 
1644.6 2101.75 101.54 5 0.117653 6.24184 0.447737 -0.00356219 
1683.88 2544.9 113.49 5 0.117653 6.23503 0.447737 -0.00324883 
1724.52 2987.65 125.441 5 0.117653 6.22985 0.447738 -0.00337896 
1766.54 3430.11 137.391 5 0.117653 6.22315 0.447738 -0.0035854 
1809.92 3872.18 149.342 5 0.117653 6.21426 0.447738 -0.00393862 
1854.67 4313.75 161.293 5 0.117653 6.20199 0.447738 -0.0045596 
1900.79 4754.62 173.243 5 0.117653 6.18419 0.447738 -0.00570937 
1948.28 5194.46 185.194 5 0.117653 6.15647 0.447738 -0.00806119 
1997.14 5632.73 197.144 5 0.117646 6.10814 0.447859 -0.0149413 
2047.36 6068.23 209.095 5 0.118669 5.99726 0.430222 -0.0837371 
2098.95 6497.39 221.103 5 -0.0309798 5.26532 0.739045 -0.404663 
2152.04 6884.71 224.557 5 -0.0671893 1.88755 0.94171 -0.384395 
2205.42 7078.94 219.149 5 -0.0662452 -1.3821 0.925406 0.00139526 
2258.04 7086.26 213.794 5 -0.0652994 -1.56406 0.909101 0.00333963 
2310.03 7083.18 208.494 5 -0.0643534 -1.53072 0.892795 0.00302364 
2361.41 7082 203.247 5 -0.0634073 -1.51082 0.876489 -0.000124536 
2412.19 7081.96 198.055 5 -0.0624613 -1.50852 0.860183 -0.000544969 
2462.38 7082.06 192.917 5 -0.0615153 -1.51088 0.843877 -0.000157348 
2511.97 7082.01 187.832 5 -0.0605693 -1.51121 0.827571 0.00204096 
2560.99 7081.95 182.802 5 -0.0596232 -1.49588 0.811265 -0.0036081 
2609.42 7082.77 177.826 5 -0.0586772 -1.55129 0.794959 0.0394418 
2657.28 7080.42 172.904 5 -0.057731 -1.16201 0.778653 -0.0609331 
2704.6 7100.32 168.036 5 -0.0567855 -2.16363 0.762347 -0.17311 
2751.31 7062.96 163.223 5 -0.0558408 -4.72121 0.746041 -0.0602269 
2797.35 6879.4 158.463 5 -0.0548953 -5.77529 0.729734 -0.01256 
2842.8 6635.58 153.757 5 -0.0539494 -6.03037 0.713428 -0.0037183 
2887.7 6377.18 149.105 5 -0.0530034 -6.1194 0.697122 -0.00143532 
2932.06 6113.7 144.508 5 -0.0520574 -6.1627 0.680816 -0.0005878 
2975.89 5847.73 139.964 5 -0.0511114 -6.1878 0.66451 -0.000211948 
3019.19 5580.33 135.475 5 -0.0501654 -6.20407 0.648204 -2.89363e-05 
3061.98 5312 131.04 5 -0.0492194 -6.21544 0.631898 6.32699e-05 
3104.27 5043.02 126.658 5 -0.0482733 -6.22384 0.615592 0.000108251 
3146.04 4773.57 122.331 5 -0.0473273 -6.23029 0.599286 0.000126951 
3187.32 4503.74 118.058 5 -0.0463813 -6.2354 0.582979 0.000130406 
3228.11 4233.62 113.839 5 -0.0454352 -6.23955 0.566673 0.000124865 
3268.42 3963.26 109.674 5 -0.0444892 -6.24299 0.550367 0.000114085 
3308.25 3692.71 105.563 5 -0.0435432 -6.24589 0.534061 0.000100435 
3347.6 3421.99 101.506 5 -0.0425972 -6.24836 0.517755 8.5479e-05 
3386.49 3151.13 97.5035 5 -0.0416511 -6.2505 0.501449 7.02838e-05 
3424.92 2880.14 93.5549 5 -0.0407051 -6.25237 0.485143 5.56062e-05 
3462.9 2609.05 89.6603 5 -0.0397591 -6.25401 0.468837 4.20067e-05 
3500.42 2337.87 85.8198 5 -0.0431008 -6.25547 0.45253 3.27849e-05 
3537.52 2066.6 81.7883 5.18648 -0.0446242 -6.25586 0.436224 1.76583e-05 
3573.3 1795.31 77.6526 5.4109 -0.0309927 -6.25793 0.419918 1.0218e-05 
3607.56 1523.91 74.2756 5 -0.0359749 -6.25978 0.403612 5.19437e-06 
3643.32 1252.39 70.6515 5 -0.839784 -6.25984 0.387306 0.000352639 
3679.58 980.874 21.0775 40 -1.34592 -4.44671 0.369 0 
