grtopL_105_3
50
2 2
12 12 
0 10 1 2 9 5 8 7 4 6 3 13 
0 10 1 2 9 5 8 7 4 6 3 13 
3358.95 314.825 0 2027.28 132.209 94.5491 189.008 90.0285 1662.47 1754.96 192.577 
143112 558.693 117.644 145.632 56.7636 349.583 126.794 8.94432 334.635 150.85 109.005 
68.5499 6.42501 0 41.3731 2.69815 1.92957 3.85731 1.83732 33.928 35.8156 3.93015 
2920.66 11.4019 2.4009 2.97209 1.15844 7.13435 2.58763 0.182537 6.82928 3.07856 2.2246 
1.24253e-07 5144.95 4039.99 38.9127 30.6799 5302.86 2.74714 23.3307 4547.93 31.765 8.41891 
1.45073e-06 8.49322 6.49164 1.73947 0.504426 6.21451 6.92528 0.0764234 3.72837 1.89605 5.74466 
7809.27 6276.02 4534.12 20.2962 0.53723 0 0.136963 0 
7809.27 6276.02 4534.12 20.2962 0.53723 -1.91601e-11 0.137024 0.000979463 
7809.27 6276.02 4534.12 20.2939 0.549935 0.0324415 0.136276 -0.0133538 
7848.05 6266.84 4549.23 12.502 0.630716 -0.43936 0.235125 0.00872183 
7348.77 5741.25 4387.55 19.5734 0.557177 -0.367536 0.145772 0.0339783 
6658.26 5684.48 4386.03 18.7243 0.533649 0.711569 0.157013 -0.0297312 
7255.01 5594.46 4326.61 20.8615 0.550244 -0.264865 0.129064 0.0133554 
6582.79 5618.48 4361.99 13.4835 0.595857 0.147273 0.223261 0.00933838 
6463.85 5175.51 4193.07 24.8546 0.482089 0.320454 0.0794981 -0.00728949 
6262.42 5483.23 4287.08 20.0191 0.534165 0.207042 0.140467 0.00110605 
6086.53 5469.1 4273.69 20.5548 0.525995 0.250793 0.133853 0.00323414 
5940 5492.33 4269.33 21.3996 0.527182 0.383998 0.122589 -0.0324522 
5945.22 5564.46 4296.03 13.655 0.636645 -0.667543 0.219951 0.011508 
4739.27 5102.55 4181.88 12.7767 0.641753 -0.517202 0.231014 0.0133239 
3517.4 4585.28 4043.03 12.7731 0.636555 -0.318575 0.230955 0.0374762 
2295 4071.5 3897.83 12.7636 0.609836 0.692089 0.231123 0.0151365 
2031.82 3576.19 3720.37 12.7937 0.592165 1.02486 0.23115 0.0142205 
1862.28 3095.22 3522.84 17.7159 0.514427 1.36832 0.170278 0.00287676 
1764.75 2959.5 3405.06 27.9219 0.428147 1.51654 0.0402662 -0.012129 
1642.57 3486.27 3542.19 14.5845 0.552681 1.36809 0.209405 0.00358161 
1577.93 3138.88 3360.28 24.5457 0.463315 1.45084 0.0829259 -0.0056927 
1300.47 3441.78 3421.01 15.4373 0.550417 1.43391 0.198159 0.00754907 
1106.84 3146.23 3266.31 19.7717 0.506939 1.65333 0.143078 -0.00142498 
910.37 3136.91 3211.71 15.6574 0.535308 1.67646 0.195685 0.00647804 
647.974 2865.08 3046.67 23.4627 0.4479 1.89549 0.0974896 -0.021258 
364.56 3115.17 3050.98 23.9745 0.46228 1.39879 0.0905323 0.0267076 
-505.176 3385.16 3090.43 20.2275 0.487108 2.45742 0.13712 -0.0140834 
-41.9241 3416.8 3028.11 12.0993 0.580453 2.10733 0.239483 0.00228282 
-103.941 2903.29 2792.22 12.0885 0.574315 2.08258 0.23995 0.0262383 
-599.791 2393.5 2548.61 16.064 0.519603 2.86553 0.189515 0.0037282 
-577.249 2156.8 2379.07 11.9596 0.557775 3.02994 0.241216 0.0113559 
-648.733 1651.21 2111.18 11.9118 0.549633 3.35837 0.241734 0.00816549 
-786.759 1148.59 1831.87 11.8802 0.524425 3.60003 0.243171 0.0157442 
-1114.59 662.065 1521.32 22.894 0.390305 4.15123 0.104737 -0.006223 
-1315.76 919.667 1436.83 26.1354 0.351985 4.28625 0.0639776 -0.0129863 
-1500.33 1395.45 1420.25 26.8401 0.34549 4.28623 0.0550544 -0.0134654 
-1713.34 1917.36 1420.63 26.3843 0.351009 4.28542 0.0607466 -0.0108833 
-1926.68 2408.5 1411.61 25.9333 0.354412 4.35732 0.0663732 -0.00467891 
-2069.52 2870.66 1390.84 25.5644 0.351931 4.62682 0.0710087 -0.0117291 
-1925.83 3312.85 1354.17 25.0798 0.356974 4.66856 0.0770517 -0.0106866 
-1795.09 3722.92 1306.52 24.425 0.363029 4.73313 0.0852413 -0.00819327 
-1668.84 4090.11 1243.13 23.8533 0.366128 4.86622 0.0924077 -0.00636149 
-1492.12 4421.42 1163.4 23.4441 0.367271 5.05278 0.097458 -0.00637091 
-1229.05 4727.83 1070.68 22.3784 0.373433 5.23638 0.110904 -0.00847989 
-905.414 4967.08 947.935 22.3757 0.3717 5.33582 0.110881 -0.00643053 
-673.273 5207.41 823.027 21.874 0.372949 5.50716 0.117168 -0.0057495 
-450.388 5417.29 682.009 21.5303 0.371543 5.69816 0.121498 -0.00530338 
-240.869 5607.95 527.257 21.4738 0.368054 5.9072 0.12225 -0.00392396 
-46.6903 5797.76 366.351 20.628 0.397143 6.17003 0.129107 -0.0157409 
185.899 5917.04 210.544 5.00023 0.0899954 5.97392 0.135963 0 
185.899 5917.04 210.544 5.00023 0.0899954 5.97392 0.135963 0 
9.12899e-09 3290.59 0.027749 5.02376 -3.87487e-05 -2.43301 0.000687183 1.00055e-10 
5.43049e-09 664.144 0.0277492 5.02385 2.40379e-10 -2.83208e-07 0.000739077 -8.8217e-14 
5.43146e-09 1.04576e-08 0.0277492 5.02385 2.444e-10 -2.89032e-08 0.00079846 -8.82046e-14 
5.43146e-09 4.78915e-09 0.0277492 5.02385 2.44366e-10 -2.89031e-08 0.00086704 -8.82043e-14 
5.43146e-09 4.78915e-09 0.0277492 5.02385 2.44326e-10 -2.89031e-08 0.000947085 -8.82041e-14 
5.43146e-09 4.78915e-09 0.0277492 5.02385 2.44278e-10 -2.89031e-08 0.00104168 -8.8204e-14 
5.43146e-09 4.78915e-09 0.0277492 5.02385 2.44221e-10 -2.89031e-08 0.0011551 -8.82037e-14 
5.43146e-09 4.78915e-09 0.0277492 5.02385 2.44151e-10 -2.89031e-08 0.00129352 -8.82032e-14 
5.43146e-09 4.78915e-09 0.0277492 5.02385 2.44064e-10 -2.89031e-08 0.00146607 -8.82029e-14 
5.43146e-09 4.78915e-09 0.0277492 5.02385 2.43952e-10 -2.89031e-08 0.00168686 -8.82025e-14 
5.43146e-09 4.78915e-09 0.0277492 5.02385 2.43803e-10 -2.89031e-08 0.0019787 -8.82022e-14 
5.43146e-09 4.78915e-09 0.0277492 5.02385 2.43597e-10 -2.89031e-08 0.00238031 -8.82013e-14 
5.43146e-09 4.78915e-09 0.0277492 5.02385 2.43295e-10 -2.89031e-08 0.00296067 -8.82012e-14 
5.43146e-09 4.78915e-09 0.0277492 5.02385 2.42822e-10 -2.89031e-08 0.00384497 -8.82007e-14 
5.43146e-09 4.78915e-09 0.0277492 5.02385 2.42018e-10 -2.89031e-08 0.00524769 -8.82e-14 
5.43146e-09 4.78915e-09 0.0277492 5.02385 2.40387e-10 -2.89031e-08 0.00778862 -8.81992e-14 
5.43146e-09 4.78915e-09 0.0277492 5.02385 2.36288e-10 -2.89031e-08 0.0138298 -8.81988e-14 
5.43146e-09 4.78915e-09 0.0277492 5.02385 2.287e-10 -2.89031e-08 0.0247853 -8.81983e-14 
5.43146e-09 4.78915e-09 0.0277492 5.02385 2.21e-10 -2.89031e-08 0.0363829 -8.81968e-14 
5.43146e-09 4.78915e-09 0.0277492 5.02385 2.13351e-10 -2.89031e-08 0.0479888 -8.81962e-14 
5.43146e-09 4.78915e-09 0.0277492 5.02385 2.05699e-10 -2.89031e-08 0.0595993 -8.81952e-14 
5.43146e-09 4.78915e-09 0.0277492 5.02385 1.98046e-10 -2.89031e-08 0.0712112 -8.81942e-14 
5.43146e-09 4.78915e-09 0.0277492 5.02385 1.90396e-10 -2.89031e-08 0.082822 -8.81929e-14 
5.43146e-09 4.78915e-09 0.0277492 5.02385 1.82748e-10 -2.89031e-08 0.0944301 -8.81916e-14 
5.43146e-09 4.78915e-09 0.0277492 5.02385 1.75103e-10 -2.89031e-08 0.106035 -8.81901e-14 
5.43146e-09 4.78915e-09 0.0277492 5.02385 1.67462e-10 -2.89031e-08 0.117635 -8.81883e-14 
5.43146e-09 4.78915e-09 0.0277492 5.02385 1.59823e-10 -2.89031e-08 0.129232 -8.81857e-14 
5.43146e-09 4.78915e-09 0.0277492 5.02385 1.52189e-10 -2.89031e-08 0.140823 -8.81842e-14 
5.43146e-09 4.78915e-09 0.0277492 5.02385 1.44557e-10 -2.89031e-08 0.15241 -8.81806e-14 
5.43146e-09 4.78915e-09 0.0277492 5.02385 1.36929e-10 -2.89031e-08 0.163993 -8.81777e-14 
5.43146e-09 4.78915e-09 0.0277492 5.02385 1.29304e-10 -2.89031e-08 0.17557 -8.81749e-14 
5.43146e-09 4.78915e-09 0.0277492 5.02385 1.21682e-10 -2.89031e-08 0.187142 -8.81699e-14 
5.43146e-09 4.78915e-09 0.0277492 5.02385 1.14063e-10 -2.89031e-08 0.19871 -8.81646e-14 
5.43146e-09 4.78915e-09 0.0277492 5.02385 1.06447e-10 -2.89031e-08 0.210274 -8.81587e-14 
5.43146e-09 4.78915e-09 0.0277492 5.02385 9.88322e-11 -2.89031e-08 0.221836 -8.81498e-14 
5.43146e-09 4.78915e-09 0.0277492 5.02385 9.1219e-11 -2.89031e-08 0.233397 -8.81412e-14 
5.43146e-09 4.78915e-09 0.0277492 5.02385 8.36058e-11 -2.89031e-08 0.24496 -8.81286e-14 
5.43146e-09 4.78915e-09 0.0277492 5.02385 7.59907e-11 -2.89031e-08 0.256531 -8.81128e-14 
5.43146e-09 4.78915e-09 0.0277492 5.02385 6.83711e-11 -2.89031e-08 0.268114 -8.80928e-14 
5.43146e-09 4.78915e-09 0.0277492 5.02385 6.07453e-11 -2.89031e-08 0.279715 -8.80659e-14 
5.43146e-09 4.78915e-09 0.0277492 5.02385 5.3114e-11 -2.89031e-08 0.29133 -8.80277e-14 
5.43146e-09 4.78915e-09 0.0277492 5.02385 4.54846e-11 -2.89031e-08 0.302945 -8.79707e-14 
5.43146e-09 4.78915e-09 0.0277492 5.02385 3.78722e-11 -2.89031e-08 0.31453 -8.78854e-14 
5.43146e-09 4.78915e-09 0.0277492 5.02385 3.0291e-11 -2.89031e-08 0.326062 -8.77426e-14 
5.43146e-09 4.78915e-09 0.0277492 5.02385 2.27298e-11 -2.89031e-08 0.337569 -8.74757e-14 
5.43146e-09 4.78915e-09 0.0277492 5.02385 1.5112e-11 -2.89031e-08 0.349201 -8.68948e-14 
3.67628e-08 4.78915e-09 0.0277492 5.02384 2.03916e-08 -2.76015e-08 0.360606 2.40652e-10 
2828.34 9.56509e-08 241.026 5 -1.4 6.28 0.357388 -2.04501e-10 
8028.95 4792.9 252.73 5.02385 -5.98252e-11 1.14872e-10 0.369 0 
8028.95 4792.9 252.73 5.02385 -5.98252e-11 1.14872e-10 0.369 0 
4216.49 980.429 0.00715925 10.3489 1.31633 -0.0524703 0.00209222 1.4149e-14 
404.019 5.99196e-08 0.0860261 5.07119 6.71598e-11 -4.14821e-11 0.00227358 -8.61332e-17 
3.0352e-08 1.10076e-08 0.0860261 5.07119 1.73165e-13 -3.88631e-11 0.00248652 -8.61289e-17 
1.24839e-08 1.10076e-08 0.0860261 5.07119 1.71716e-13 -3.88631e-11 0.00274005 -8.61074e-17 
1.24839e-08 1.10076e-08 0.0860261 5.07119 1.69812e-13 -3.88631e-11 0.00304662 -8.60925e-17 
1.24839e-08 1.10076e-08 0.0860261 5.07119 1.67267e-13 -3.88631e-11 0.00342368 -8.61289e-17 
1.24839e-08 1.10076e-08 0.0860261 5.07119 1.63814e-13 -3.88631e-11 0.00389566 -8.60997e-17 
1.24839e-08 1.10076e-08 0.0860261 5.07119 1.5908e-13 -3.88631e-11 0.00449679 -8.61716e-17 
1.24839e-08 1.10076e-08 0.0860261 5.07119 1.52553e-13 -3.88631e-11 0.00527452 -8.61426e-17 
1.24839e-08 1.10076e-08 0.0860261 5.07119 1.43555e-13 -3.88631e-11 0.00629379 -8.60868e-17 
1.24839e-08 1.10076e-08 0.0860261 5.07119 1.3122e-13 -3.88631e-11 0.00764182 -8.61406e-17 
1.24839e-08 1.10076e-08 0.0860261 5.07119 1.14463e-13 -3.88631e-11 0.00943409 -8.60865e-17 
1.24839e-08 1.10076e-08 0.0860261 5.07119 9.17589e-14 -3.88631e-11 0.0118265 -8.61002e-17 
1.24839e-08 1.10076e-08 0.0860261 5.07119 5.9867e-14 -3.88631e-11 0.0150587 -8.61299e-17 
1.24839e-08 1.10076e-08 0.0860261 5.07119 1.02593e-14 -3.88631e-11 0.0195769 -8.60672e-17 
1.24839e-08 1.10076e-08 0.0860261 5.07119 -6.78115e-14 -3.88631e-11 0.0260474 -8.6077e-17 
1.24839e-08 1.10076e-08 0.0860261 5.07119 -1.59411e-13 -3.88631e-11 0.0346918 -8.60783e-17 
1.24839e-08 1.10076e-08 0.0860261 5.07119 -2.6216e-13 -3.88631e-11 0.0456568 -8.61378e-17 
1.24839e-08 1.10076e-08 0.0860261 5.07119 -2.85871e-13 -3.88631e-11 0.0569728 -8.61735e-17 
1.24839e-08 1.10076e-08 0.0860261 5.07119 -2.94888e-13 -3.88631e-11 0.06828 -8.60228e-17 
1.24839e-08 1.10076e-08 0.0860261 5.07119 -3.03931e-13 -3.88631e-11 0.0795791 -8.61403e-17 
1.24839e-08 1.10076e-08 0.0860261 5.07119 -3.13007e-13 -3.88631e-11 0.0908712 -8.60893e-17 
1.24839e-08 1.10076e-08 0.0860261 5.07119 -3.22125e-13 -3.88631e-11 0.102157 -8.61169e-17 
1.24839e-08 1.10076e-08 0.0860261 5.07119 -3.31288e-13 -3.88631e-11 0.113439 -8.60784e-17 
1.24839e-08 1.10076e-08 0.0860261 5.07119 -3.40501e-13 -3.88631e-11 0.124717 -8.61568e-17 
1.24839e-08 1.10076e-08 0.0860261 5.07119 -3.49763e-13 -3.88631e-11 0.135993 -8.60969e-17 
1.24839e-08 1.10076e-08 0.0860261 5.07119 -3.59071e-13 -3.88631e-11 0.147268 -8.60826e-17 
1.24839e-08 1.10076e-08 0.0860261 5.07119 -3.68418e-13 -3.88631e-11 0.158543 -8.61205e-17 
1.24839e-08 1.10076e-08 0.0860261 5.07119 -3.77791e-13 -3.88631e-11 0.16982 -8.60787e-17 
1.24839e-08 1.10076e-08 0.0860261 5.07119 -3.8717e-13 -3.88631e-11 0.181097 -8.613e-17 
1.24839e-08 1.10076e-08 0.0860261 5.07119 -3.96522e-13 -3.88631e-11 0.192374 -8.60892e-17 
1.24839e-08 1.10076e-08 0.0860261 5.07119 -4.05799e-13 -3.88631e-11 0.203649 -8.61391e-17 
1.24839e-08 1.10076e-08 0.0860261 5.07119 -4.14927e-13 -3.88631e-11 0.214918 -8.59844e-17 
1.24839e-08 1.10076e-08 0.0860261 5.07119 -4.23798e-13 -3.88631e-11 0.226175 -8.61681e-17 
1.24839e-08 1.10076e-08 0.0860261 5.07119 -4.32275e-13 -3.88631e-11 0.23741 -8.59902e-17 
1.24839e-08 1.10076e-08 0.0860261 5.07119 -4.40216e-13 -3.88631e-11 0.24861 -8.62954e-17 
1.24839e-08 1.10076e-08 0.0860261 5.07119 -4.47539e-13 -3.88631e-11 0.259761 -8.61131e-17 
1.24839e-08 1.10076e-08 0.0860261 5.07119 -4.54301e-13 -3.88631e-11 0.27085 -8.60512e-17 
1.24839e-08 1.10076e-08 0.0860261 5.07119 -4.60761e-13 -3.88631e-11 0.281871 -8.59591e-17 
1.24839e-08 1.10076e-08 0.0860261 5.07119 -4.67351e-13 -3.88631e-11 0.29283 -8.60036e-17 
1.24839e-08 1.10076e-08 0.0860261 5.07119 -4.74486e-13 -3.88631e-11 0.303739 -8.61957e-17 
1.24839e-08 1.10076e-08 0.0860261 5.07119 -4.82211e-13 -3.88631e-11 0.314609 -8.61255e-17 
1.24839e-08 1.10076e-08 0.0860261 5.07119 -4.89814e-13 -3.88631e-11 0.325422 -8.59609e-17 
1.24839e-08 1.10076e-08 0.0860261 5.07119 -4.95609e-13 -3.88631e-11 0.336113 -8.59824e-17 
1.24839e-08 1.10076e-08 0.0860261 5.07119 -4.96593e-13 -3.88631e-11 0.346541 -8.59755e-17 
1.24839e-08 1.10076e-08 0.0860261 5.07119 -5.01058e-13 -3.88631e-11 0.356712 -8.60598e-17 
1.24839e-08 1.35076e-08 0.0860261 5.07119 -5.3429e-13 1.22896e-09 0.367031 -3.77589e-13 
4.66789e-07 330.559 0.086026 5.071 -4.54065e-05 -2.85052 0.3762 3.78064e-13 
3840.27 4370.55 252.98 5.07119 -1.62031e-11 -5.53768e-13 0.369 0 
3840.27 4370.55 252.98 5.07119 -1.62031e-11 -5.53768e-13 0.369 0 
4108.27 5141.88 230.624 27.4205 -0.223007 -5.77164 -0.0719819 -0.0126428 
3431.35 2941.93 74.5507 28.0491 -0.0254118 -5.70173 -0.112911 -0.00295629 
2564.85 772.297 42.1227 27.715 -0.0295393 -2.22839 -0.0910082 0.00468892 
1679.48 463.807 62.0843 28.6647 0.0235952 -2.01771 -0.150811 0.00374071 
773.707 265.527 33.3831 7.54497 0.0776458 -1.90841 0.932793 0.00303707 
785.654 123.94 50.614 11.8455 -0.127946 -1.69759 0.916117 0.00546436 
564.736 19.3118 30.4651 9.60844 0.030355 -1.53362 0.37369 0.000973454 
489.055 -0.229883 21.1246 6.80781 -0.00819496 -1.57573 0.37792 9.09197e-05 
460.91 -0.854358 18.2124 6.63778 -0.00836727 -1.57299 0.387411 -5.8986e-05 
437.563 -0.0536295 16.183 6.62404 -0.00819189 -1.57471 0.389152 2.24458e-06 
412.688 -0.170129 14.273 6.56319 -0.00745682 -1.57462 0.390955 1.34393e-05 
388.329 -0.278917 12.6321 6.38226 -0.00754942 -1.57415 0.404946 1.38375e-06 
369.843 -0.293965 11.082 6.3376 -0.00747548 -1.57409 0.408541 -1.62375e-05 
351.756 -0.279005 9.59062 6.30063 -0.0073094 -1.57456 0.410302 3.91353e-05 
333.625 -0.514159 8.2277 6.29371 -0.00715096 -1.57338 0.41164 -2.723e-05 
314.325 -0.122522 6.96623 6.22705 -0.00703748 -1.57416 0.416871 -8.20158e-05 
296.465 -0.150401 5.8345 6.23328 -0.00694162 -1.5766 0.417577 0.000180787 
277.127 -1.48943 4.76381 6.17637 -0.00659009 -1.5712 0.421033 -9.22888e-05 
259.023 -0.0430248 3.94178 6.10714 -0.00634586 -1.57389 0.426574 -3.1207e-07 
242.933 -0.0486354 3.32252 6.0623 -0.00617727 -1.57388 0.430523 -4.43474e-07 
228.044 -0.0505652 2.84648 6.02391 -0.005969 -1.57387 0.431684 -8.76488e-07 
214.277 -0.0498155 2.53086 6.01933 -0.00599803 -1.57388 0.432915 -8.24956e-07 
200.353 -0.050886 2.21841 6.02388 -0.0057453 -1.57389 0.433444 -6.01302e-07 
185.892 -0.0511023 2.05086 5.90624 -0.00545586 -1.5739 0.441362 -9.77016e-07 
176.282 -0.0521225 2.15234 5.89532 -0.00534794 -1.57391 0.442554 -4.34633e-07 
167.257 -0.0589481 2.32879 5.8563 -0.00524041 -1.57392 0.445331 -1.02701e-06 
160.045 -0.0613474 2.60064 5.84506 -0.00521224 -1.57394 0.446129 -4.48748e-07 
153.583 -0.0665631 2.90053 5.84126 -0.00527116 -1.57394 0.446228 -5.26025e-07 
147.587 -0.068148 3.17421 5.8667 -0.00518489 -1.57395 0.444243 1.40813e-06 
140.812 -0.0744764 3.47055 5.80912 -0.0049766 -1.5739 0.447314 1.398e-06 
136.743 -0.0691087 3.9199 5.78323 -0.00476587 -1.57385 0.44803 2.58917e-06 
134.245 -0.0646945 4.549 5.80168 -0.00415292 -1.57376 0.444244 -1.59738e-06 
131.372 -0.043699 5.65717 5.7649 -0.00433011 -1.5738 0.445668 3.18461e-06 
131.264 -0.0644126 6.69529 5.88093 -0.00417573 -1.5737 0.437525 3.22264e-07 
127.554 -0.0409048 7.70403 5.70954 -0.00377021 -1.5737 0.447329 1.58847e-06 
132.287 -0.036235 9.07346 5.72176 -0.00318385 -1.57366 0.445335 -5.84146e-07 
137.941 -0.0301269 10.9025 5.697 -0.00282776 -1.57374 0.444484 -9.02716e-07 
146.438 -0.0232939 13.0339 5.70142 -0.00287528 -1.57383 0.444294 4.92397e-06 
156.998 -0.0163989 15.1204 5.68539 -0.0022422 -1.57372 0.441557 5.85507e-07 
170.59 -0.00701562 17.637 5.62791 -0.00155154 -1.57373 0.44054 3.68089e-06 
189.07 0.00301738 20.696 5.62092 -0.000280163 -1.57349 0.434735 1.6107e-06 
211.387 0.0154463 24.7098 5.5929 0.00142304 -1.57328 0.427865 -0.000685595 
239.101 0.0312785 26.5181 5.52663 0.136985 -1.60175 0.308094 0.00136036 
259.325 -13.7259 149.177 7.5718 0.127531 -1.60867 0.328848 0.00472689 
316.533 4.1056 267.607 5.07219 0.0933334 -1.21981 0.376825 0.00103103 
675.837 150.735 369.332 5.1464 -0.058428 -0.977009 0.413897 -0.00113459 
1138.52 427.615 380.261 5.15344 -0.0576107 0.636316 0.398469 -0.00243399 
1612.88 1532.89 328.185 5.11771 -0.138932 5.32812 0.384747 -0.000319324 
2037.82 5105.88 234.376 37.6376 -0.00234751 -0.0327198 0.369 0 
2037.82 5105.88 234.376 37.6376 -0.00234751 -0.0327198 0.369 0 
1959.88 5152.7 235.21 38.9728 0.158814 -5.88424 -0.161879 -0.0618748 
1879.73 5031.44 267.25 5 -0.552401 -6.13041 -0.17671 0.00031354 
1896.51 4851.88 261.878 12.9912 -0.645966 -6.12979 0.0263972 0.000374067 
1880.38 4672.37 241.642 39.6207 -0.464556 -6.13001 -0.152997 0.000676041 
1799.09 4492.9 250.768 38.9919 -0.429953 -6.1301 -0.141325 0.00075958 
1721.55 4313.43 261.135 36.0408 -0.337681 -6.28 0.414022 0.000110571 
1652.21 4134.45 274.826 35.8461 -0.450525 -6.13011 0.0970926 0.000497966 
1590.6 3954.97 284.698 33.6587 -0.425673 -6.13012 0.101596 0.000346948 
1533.55 3775.49 295.52 31.3913 -0.0515214 -6.28 0.477236 8.23747e-05 
1481.72 3596.5 319.24 24.7262 0.934274 -6.26472 0.132177 0.00159004 
1457.07 3413.16 333.373 18.7275 -0.195296 -6.28 0.0881921 0.0103178 
1424.57 3278.42 353.335 17.5983 -0.155459 -6.28 0.0929649 0.000655192 
1413.03 3109.83 374.124 11.3458 -0.0580036 -6.28 0.0916193 0.000270229 
1403.56 2920.58 398.206 5.00009 0.861003 -6.20458 0.0916271 0.000460157 
1464.35 2733.85 417.369 5.00034 0.853084 -6.16878 0.404196 3.05464e-05 
1526.4 2548.34 441.133 14.9076 -0.268551 -6.28 0.121237 -3.17362e-05 
1553.49 2363.23 458.132 5.00004 0.857 -6.16884 0.480594 0.0018054 
1618.68 2177.71 481.229 11.8226 -0.313769 -6.28 0.200247 0.00330741 
1660.93 1992.59 498.38 9.5438 0.832172 -6.28 0.205735 -0.00221172 
1711.14 1807.47 514.096 9.66639 0.831883 -6.28 0.181671 0.000341101 
1762.51 1619.77 529.848 9.73317 0.799681 -6.27996 0.326724 0.00417378 
1814.75 1430.52 544.485 9.80782 0.74039 -4.75574 0.326803 0.000578689 
1867.89 1311.88 554.886 9.8803 0.595231 -4.75467 0.326471 6.73997e-05 
1921.62 1191.36 560.334 9.95972 0.575323 -4.74136 0.522619 0.0509213 
1975.51 1071.31 560.986 10.0177 0.577201 -3.81229 0.762035 0.153694 
2029.31 969.505 560.915 9.99041 0.577642 -1.41274 0.745877 0.249573 
2083.32 972.251 557.861 9.95641 0.288225 3.01224 0.729626 0.0174603 
2137.62 1139.3 542.756 5.00002 0.286157 3.4684 0.713347 0.0002118 
2186.35 1336.47 527.875 5.00002 0.28827 3.46723 0.697055 0.000681563 
2234.6 1533.6 513.061 5.00002 0.28951 3.46794 0.680744 -6.03071e-05 
2281.19 1730.76 498.29 5.00002 0.295575 4.93579 0.601042 0.00713548 
2326.11 1980.45 483.72 5.14566 0.307092 6.28 0.587097 -0.00521921 
2369.51 2275.39 469.327 5.32843 0.302843 6.28 0.572072 -0.00673691 
2412.15 2570.33 454.964 5.41475 -0.121927 6.28 0.559489 0.000664394 
2453.96 2865.28 440.646 5.43464 -0.810837 6.28 0.502313 -4.95493e-05 
2494.93 3160.22 426.334 5.34336 -0.810407 6.28 0.490989 -1.65242e-05 
2535.03 3446.28 412.043 5.19009 -0.810023 6.28 0.480646 1.35015e-05 
2574.23 3736.83 397.772 5.05417 -0.809627 6.28 0.469969 -2.60071e-05 
2612.54 4029.34 383.52 5.00001 -0.809165 6.28 0.459012 0.000236683 
2650 4324.28 369.29 5.00001 -0.808661 6.22333 0.447553 1.192e-06 
2686.63 4617.32 355.084 5.00001 -0.808159 6.17034 0.435766 -1.88617e-05 
2722.41 4908.57 340.902 5.00001 -0.807659 6.17029 0.423672 -1.59305e-05 
2757.37 5199.82 326.744 5.00001 -0.80716 6.17029 0.411298 -8.03086e-06 
2791.48 5491.07 312.61 5.00001 -0.806663 6.17029 0.398607 -7.37032e-06 
2824.77 5782.31 298.5 5.00001 -0.806168 6.17031 0.385623 -4.62027e-06 
2857.22 6073.56 284.414 5.00001 -0.805626 6.1914 0.381102 -2.61634e-06 
2888.84 6365.52 270.353 5.00001 -0.80508 6.28 0.377429 -1.15885e-06 
2919.62 6660.46 256.327 5.00005 -0.903299 6.28 0.375217 -0.000604768 
2953.85 6901.05 201.16 39.017 -0.00139823 1.16519 0.369 0 
2953.85 6901.05 201.16 39.017 -0.00139823 1.16519 0.369 0 
1.40248e-07 3782.17 0.0357921 5.03315 -1.64438e-05 -1.03253 0.000830593 7.41526e-12 
6.58261e-09 663.296 0.0357919 5.03318 1.93911e-11 -9.14023e-08 0.00089297 -7.572e-15 
6.58279e-09 1.86878e-08 0.0357919 5.03318 2.07894e-11 -3.4202e-09 0.00096426 -7.57235e-15 
6.58279e-09 5.80433e-09 0.0357919 5.03318 2.07858e-11 -3.4202e-09 0.00104646 -7.57225e-15 
6.58279e-09 5.80433e-09 0.0357919 5.03318 2.07816e-11 -3.4202e-09 0.00114222 -7.57214e-15 
6.58279e-09 5.80433e-09 0.0357919 5.03318 2.07766e-11 -3.4202e-09 0.0012551 -7.57214e-15 
6.58279e-09 5.80433e-09 0.0357919 5.03318 2.07705e-11 -3.4202e-09 0.00139002 -7.57207e-15 
6.58279e-09 5.80433e-09 0.0357919 5.03318 2.07631e-11 -3.4202e-09 0.00155402 -7.57202e-15 
6.58279e-09 5.80433e-09 0.0357919 5.03318 2.07536e-11 -3.4202e-09 0.00175746 -7.57195e-15 
6.58279e-09 5.80433e-09 0.0357919 5.03318 2.07411e-11 -3.4202e-09 0.00201643 -7.5718e-15 
6.58279e-09 5.80433e-09 0.0357919 5.03318 2.07237e-11 -3.4202e-09 0.00235754 -7.57179e-15 
6.58279e-09 5.80433e-09 0.0357919 5.03318 2.06974e-11 -3.4202e-09 0.00282907 -7.57164e-15 
6.58279e-09 5.80433e-09 0.0357919 5.03318 2.0653e-11 -3.4202e-09 0.00352899 -7.57157e-15 
6.58279e-09 5.80433e-09 0.0357919 5.03318 2.05665e-11 -3.4202e-09 0.00467985 -7.57147e-15 
6.58279e-09 5.80433e-09 0.0357919 5.03318 2.03793e-11 -3.4202e-09 0.00683393 -7.57132e-15 
6.58279e-09 5.80433e-09 0.0357919 5.03318 1.99698e-11 -3.4202e-09 0.0112978 -7.57123e-15 
6.58279e-09 5.80433e-09 0.0357919 5.03318 1.92468e-11 -3.4202e-09 0.0194372 -7.57102e-15 
6.58279e-09 5.80433e-09 0.0357919 5.03318 1.83181e-11 -3.4202e-09 0.0306213 -7.57089e-15 
6.58279e-09 5.80433e-09 0.0357919 5.03318 1.74664e-11 -3.4202e-09 0.0421364 -7.57075e-15 
6.58279e-09 5.80433e-09 0.0357919 5.03318 1.66282e-11 -3.4202e-09 0.053647 -7.57056e-15 
6.58279e-09 5.80433e-09 0.0357919 5.03318 1.57904e-11 -3.4202e-09 0.0651531 -7.57045e-15 
6.58279e-09 5.80433e-09 0.0357919 5.03318 1.49529e-11 -3.4202e-09 0.0766547 -7.57008e-15 
6.58279e-09 5.80433e-09 0.0357919 5.03318 1.41156e-11 -3.4202e-09 0.0881517 -7.57002e-15 
6.58279e-09 5.80433e-09 0.0357919 5.03318 1.32786e-11 -3.4202e-09 0.0996445 -7.56956e-15 
6.58279e-09 5.80433e-09 0.0357919 5.03318 1.24419e-11 -3.4202e-09 0.111133 -7.56932e-15 
6.58279e-09 5.80433e-09 0.0357919 5.03318 1.16054e-11 -3.4202e-09 0.122619 -7.56906e-15 
6.58279e-09 5.80433e-09 0.0357919 5.03318 1.07691e-11 -3.4202e-09 0.134101 -7.56853e-15 
6.58279e-09 5.80433e-09 0.0357919 5.03318 9.93295e-12 -3.4202e-09 0.14558 -7.56809e-15 
6.58279e-09 5.80433e-09 0.0357919 5.03318 9.09691e-12 -3.4202e-09 0.157058 -7.56764e-15 
6.58279e-09 5.80433e-09 0.0357919 5.03318 8.26095e-12 -3.4202e-09 0.168534 -7.56677e-15 
6.58279e-09 5.80433e-09 0.0357919 5.03318 7.42504e-12 -3.4202e-09 0.180009 -7.56603e-15 
6.58279e-09 5.80433e-09 0.0357919 5.03318 6.58914e-12 -3.4202e-09 0.191483 -7.56536e-15 
6.58279e-09 5.80433e-09 0.0357919 5.03318 5.75326e-12 -3.4202e-09 0.202957 -7.56425e-15 
6.58279e-09 5.80433e-09 0.0357919 5.03318 4.91745e-12 -3.4202e-09 0.214429 -7.56286e-15 
6.58279e-09 5.80433e-09 0.0357919 5.03318 4.08186e-12 -3.4202e-09 0.225897 -7.56136e-15 
6.58279e-09 5.80433e-09 0.0357919 5.03318 3.24676e-12 -3.4202e-09 0.237359 -7.55939e-15 
6.58279e-09 5.80433e-09 0.0357919 5.03318 2.41259e-12 -3.4202e-09 0.248809 -7.55718e-15 
6.58279e-09 5.80433e-09 0.0357919 5.03318 1.57994e-12 -3.4202e-09 0.260238 -7.55387e-15 
6.58279e-09 5.80433e-09 0.0357919 5.03318 7.4944e-13 -3.4202e-09 0.271638 -7.54994e-15 
6.58279e-09 5.80433e-09 0.0357919 5.03318 -7.85016e-14 -3.4202e-09 0.283 -7.54428e-15 
6.58279e-09 5.80433e-09 0.0357919 5.03318 -9.03997e-13 -3.4202e-09 0.294322 -7.53622e-15 
6.58279e-09 5.80433e-09 0.0357919 5.03318 -1.72776e-12 -3.4202e-09 0.305604 -7.525e-15 
6.58279e-09 5.80433e-09 0.0357919 5.03318 -2.5506e-12 -3.4202e-09 0.31685 -7.50827e-15 
6.58279e-09 5.80433e-09 0.0357919 5.03318 -3.37205e-12 -3.4202e-09 0.328046 -7.47809e-15 
6.58279e-09 5.80433e-09 0.0357919 5.03318 -4.18657e-12 -3.4202e-09 0.339127 -7.42208e-15 
6.58279e-09 5.80433e-09 0.0357919 5.03318 -4.9754e-12 -3.4202e-09 0.34984 -7.28585e-15 
3.49533e-08 5.80433e-09 0.0357919 5.03318 -2.77406e-09 -3.11173e-09 0.359799 3.80505e-11 
2351.1 8.52205e-08 43.4209 5 -1.4 6.28 0.387306 -2.53668e-11 
7661.6 3514.18 282.29 5.03318 -3.9694e-11 6.79103e-11 0.369 0 
7661.6 3514.18 282.29 5.03318 -3.9694e-11 6.79103e-11 0.369 0 
7693.11 3586.97 286.574 5 -0.656531 -2.74409 1.15369 -0.666742 
7725.68 3527.69 259.262 26.2419 0.548976 -6.27949 -0.176776 -0.00230203 
7672.41 3298.32 288.332 5 0.113675 -6.26506 0.463331 0.10415 
7704.27 3069.58 298.09 5 0.113675 -6.27933 0.463331 0.00904604 
7737.08 2840.15 307.848 5 0.113675 -6.27938 0.463331 0.00191983 
7770.83 2610.72 317.606 5 0.113675 -6.2794 0.463331 0.00241053 
7805.52 2381.29 327.364 5 0.113675 -6.27941 0.463331 0.00213605 
7841.15 2151.86 337.122 5 0.113675 -6.2794 0.463331 -0.091029 
7877.73 1922.43 346.88 5 0.113675 -6.27934 0.463331 -0.069552 
7915.24 1693 356.637 5 0.113675 -6.27925 0.463331 0.0103764 
7953.69 1463.58 366.395 5 0.113675 -6.27931 0.463331 0.0181334 
7993.09 1234.15 376.153 5 0.113675 -6.27915 0.463331 0.00775219 
8033.43 1004.73 385.911 5 0.113675 -6.27878 0.46333 -0.00103445 
8074.7 775.33 395.669 5 0.113664 -6.27813 0.463516 0.149958 
8116.92 545.96 405.426 5 0.114993 -6.2771 0.440611 0.0310674 
8160.08 316.64 415.247 5 -0.0484078 -6.26951 0.806061 0.330022 
8204.34 87.6848 417.204 5 -0.0612869 -3.46144 0.892796 0.177476 
8248.91 -6.11942 413.047 5 -0.0603398 -1.51373 0.87649 -1.51565e-05 
8293.16 -6.1812 408.935 5 -0.0593938 -1.52037 0.860184 0.00174296 
8337 -6.56252 404.869 5 -0.0584477 -1.50194 0.843878 -0.00162073 
8380.46 -6.05699 400.849 5 -0.0575017 -1.52182 0.827571 0.000772793 
8423.52 -6.50845 396.874 5 -0.0565557 -1.51273 0.811265 -0.000118847 
8466.2 -6.52226 392.944 5 -0.0556096 -1.51399 0.794959 6.76174e-05 
8508.51 -6.59665 389.06 5 -0.0546636 -1.51221 0.778653 1.15061e-05 
8550.43 -6.58553 385.222 5 -0.0537176 -1.51278 0.762347 -6.21911e-05 
8591.99 -6.60176 381.429 5 -0.0527715 -1.51242 0.746041 -0.000371358 
8633.17 -6.60076 377.681 5 -0.0518255 -1.51319 0.729735 -0.000102296 
8674 -6.63678 373.979 5 -0.0508795 -1.51228 0.713429 -0.000291223 
8714.47 -6.62875 370.323 5 -0.0499334 -1.51226 0.697122 -0.00017483 
8754.58 -6.61988 366.712 5 -0.0489874 -1.51148 0.680816 3.81973e-05 
8794.35 -6.57359 363.147 5 -0.0480414 -1.51056 0.66451 0.00290467 
8833.77 -6.4831 359.627 5 -0.0470953 -1.4422 0.648204 -0.00576703 
8872.85 -3.10229 356.153 5 -0.0461493 -1.58968 0.631898 0.00295942 
8911.59 -6.81956 352.724 5 -0.0452033 -1.50652 0.615592 -3.3025e-05 
8950 -6.53419 349.341 5 -0.0442572 -1.50902 0.599286 -0.000727042 
8988.09 -6.36918 346.004 5 -0.0433112 -1.53446 0.58298 0.000979046 
9025.85 -7.4286 342.712 5 -0.0423652 -1.49803 0.566673 -0.000338319 
9063.3 -6.73481 339.465 5 -0.0414191 -1.51307 0.550367 2.15386e-05 
9100.43 -6.76492 336.264 5 -0.0404731 -1.51186 0.534061 8.71911e-05 
9137.25 -6.73677 333.108 5 -0.0395271 -1.50644 0.517755 -0.000200815 
9173.76 -6.44767 329.999 5 -0.038581 -1.52122 0.501449 -0.0171404 
9209.98 -6.86997 326.934 5 -0.0376357 -2.90489 0.485143 0.0796412 
9245.84 -73.8876 323.915 5 -0.0411126 -0.165765 0.468837 0.128825 
9281.53 -9.07253 320.729 5.16201 -0.0447273 2.92514 0.452531 0.102909 
9316.4 204.507 317.356 5.44026 -0.0395129 5.93704 0.436224 0.00626205 
9349.98 563.048 314.213 5.47501 -0.0249431 6.27906 0.419918 -3.98967e-05 
9383.13 938.051 311.768 5 -0.112575 6.26788 0.403612 -2.13828e-06 
9417.95 1312.51 305.143 7.91746 -0.933105 6.27952 0.387306 -0.000372812 
9441.68 1687.55 258.8 40 -0.09 4.80507 0.369 0 
9441.68 1687.55 258.8 40 -0.09 4.80507 0.369 0 
9414.61 1810.41 258.329 39.9993 1.14989 -2.01891 -0.187855 1.0176 
9361.91 1776.82 261.251 39.3776 1.4 6.27973 1.13627 -0.994844 
9335.43 1979.4 316.147 5 -1.33179 1.38383 1.12001 -0.982654 
9375.79 2023.77 309.679 5.00127 -1.39866 -4.59276 -0.152465 -0.0795479 
9386.08 1977.8 296.74 16.129 -1.22708 -5.27522 1.0874 0.000614187 
9358.28 1916.19 279.106 18.7972 -1.20188 -5.27549 1.07109 0.00556345 
9324.75 1854.58 261.315 17.2744 -1.1943 -5.27546 1.05479 0.000372334 
9293.2 1792.97 243.578 15.9399 -1.19064 -5.27542 1.03848 0.000933995 
9263.28 1731.36 226.033 16.12 1.10426 -5.2754 -0.0882079 0.000535576 
9231.17 1669.75 271.635 19.205 1.27809 -5.27548 -0.0837059 0.000492873 
9195.42 1608.14 278.48 19.3494 -1.20166 -5.27551 0.989574 0.000425563 
9160.85 1546.53 261.826 16.347 0.306993 -5.27558 -0.0603884 0.000244759 
9130.33 1484.91 276.048 33.8321 -0.195574 -5.26986 -0.0479825 0.0761114 
9115.25 1423.46 290.942 17.8451 -1.25394 -3.3778 0.940663 0.0134846 
9084.07 1358.69 276.424 15.4436 0.140095 -3.33155 0.192049 -0.000286841 
9056 1294.98 290.144 22.9542 -1.2127 -3.48186 0.908056 0.000674592 
9015.38 1227.84 272.162 19.5333 0.344531 -6.27989 0.00291367 -0.000322105 
8979.45 1096.56 301.673 25.2913 -1.04683 -6.27982 0.0100556 0.00172087 
8969.55 965.281 300.992 39.0821 -1.4 -6.2787 0.0216716 0.00145961 
8946.5 834.041 277.132 39.4571 1.4 -6.28 0.0332828 0.00144057 
8920.38 702.773 332.026 27.8115 1.21491 -6.28 0.0448811 0.0010819 
8918.26 571.488 345.32 27.372 -1.33762 -6.28 0.810241 0.000390379 
8872.07 440.201 328.469 29.0309 -0.986774 -6.28 0.0688871 0.00767185 
8824.06 308.917 328.909 20.3944 -0.325072 -6.28 0.114585 -0.531592 
8836.12 177.621 344.955 12.1145 0.182867 -6.28 0.186342 0.509885 
8838.01 46.3123 355.411 5.00119 -0.723148 -3.27174 0.267969 0.148481 
8844.41 -16.0416 362.896 5.00119 -0.754155 -1.35179 0.355509 -0.0134994 
8854.77 -6.92066 369.671 5.00126 0.344471 -1.50191 0.481207 0.00064366 
8859.79 -6.75712 372.786 13.2082 1.2602 -1.59958 0.696154 0.000544141 
8886.43 -6.3965 381.567 12.264 -0.0210407 -1.50497 0.36478 -0.006471 
8882.04 -6.0828 384.128 5.00126 -0.177436 -1.74914 0.663557 -0.0239503 
8913.3 -9.25383 369.793 16.3789 -1.07859 -2.9059 0.647717 0.0324322 
8888.36 -36.9878 367.114 10.6494 -0.932552 -1.78412 0.630954 0.338705 
8920.45 -40.0318 324.005 18.9215 1.39874 2.60103 0.614658 0.180876 
8917.27 32.2689 353.125 5 1.26036 6.27974 0.207355 -0.295948 
8958.23 234.798 362.669 5.00278 1.0555 6.27894 0.218386 0.000541049 
8974.19 437.327 364.489 10.8452 1.39199 6.27919 0.230566 -0.000160275 
9004.87 639.864 401.227 5.00131 1.36292 6.27894 0.242172 0.00460857 
9022.08 842.393 409.875 5 -1.37305 3.21026 0.534061 0.00152792 
9050.9 974.948 355.8 6.22006 -1.22192 1.90843 0.315167 0.00223718 
9079.93 1078.01 351.805 5.36058 0.772333 3.84607 0.301163 -2.45844e-05 
9073.68 1178.83 346.9 5.00126 -0.636524 3.85699 0.300735 -2.18181e-05 
9084.99 1279.91 344.623 5.00048 -1.28995 3.85704 0.306162 -1.66494e-05 
9096.11 1380.98 338.54 5.00195 -1.29055 3.85988 0.317738 -1.17231e-05 
9107.29 1482.12 332.442 5.00196 -1.29151 3.85586 0.329298 -7.54687e-06 
9117.51 1583.16 326.328 5.00702 -0.150737 3.15089 0.341603 -4.29544e-06 
9125.87 1668.84 317.686 5 -0.603367 6.09062 0.402838 -1.8896e-06 
9166.05 1821.12 289.849 11.7077 -1.3076 6.2797 0.357823 -0.000515323 
9192.96 2023.85 283.69 24.0999 0.0843932 4.3659 0.369 0 
9192.96 2023.85 283.69 24.0999 0.0843932 4.3659 0.369 0 
11522.8 -10.876 741.549 5.00051 -1.31234 5.13273 1.15325 -0.0925463 
14464.8 4975.56 902.697 28.9592 1.39958 -2.03706 1.13695 0.104911 
18004.6 3341.84 1812.9 5.0005 -1.33387 -3.96801 1.12064 0.0653271 
18763.2 611.797 1230.12 5.0005 0.75058 4.94228 1.10434 0.00277895 
19460.9 637.354 1272.53 10.4477 -1.39952 -1.91846 -0.0559221 -0.00916454 
19789.2 443.369 1130.36 39.9995 1.34987 -6.2795 -0.129891 0.0210494 
20341.9 -50.5688 390.251 25.2501 -0.0694492 -1.49161 -0.11828 -0.0114875 
20179.8 275.102 838.514 24.9801 -0.0694776 -2.03691 -0.106669 0.000921198 
20216.1 148.291 774.145 24.7078 -0.0741651 -2.01054 -0.0950576 0.00941949 
20231.6 29.8316 711.64 24.3248 -0.0720644 -1.68408 -0.0834465 4.0791e-05 
20227.1 22.2351 650.58 23.9578 -0.0717028 -1.68183 -0.0718356 1.18783e-05 
20200.8 15.5451 590.507 23.656 -0.0694143 -1.68227 -0.0602247 3.87177e-05 
20155.7 8.81699 532.472 23.3527 -0.0679137 -1.68234 -0.0486139 -0.00262431 
20091.1 2.09846 430.004 11.9532 -1.39952 -1.51705 -0.037003 0.0057517 
20146.7 -614.34 1190.31 11.8079 -1.39952 6.2795 -0.0253923 -0.00299777 
19950.4 505.996 1248.17 11.6621 -1.39952 -6.15575 -0.0137817 2.33019e-05 
19787 0.926731 1246.98 11.5235 -1.39952 -6.2795 -0.00217116 1.43728e-05 
19631.8 320.287 1196.8 11.4236 -1.39952 -6.2795 0.00943935 -0.00484519 
19466.1 145.697 1109.19 11.2778 -1.39952 -6.2795 0.0210498 0.010144 
19280.9 -113.522 983.603 11.1208 -1.39952 -6.17602 0.0326602 -0.00517572 
19046.1 -198.851 727.095 10.9616 -1.39952 -6.2795 0.0442705 9.9268e-06 
19271.9 -372.341 936.812 10.8005 -1.39952 -4.12539 0.0558809 1.22031e-05 
19028.3 -64.2501 1000.12 10.6415 -1.39952 5.06775 0.0674913 2.12534e-05 
18820.6 -19.6163 994.528 8.94768 -1.39952 5.23191 0.0791017 5.12944e-06 
18635.4 78.5296 1012.66 8.51839 -1.39952 1.52204 0.0968016 1.65571e-05 
18437.8 -150.041 1008.95 8.52712 -1.39952 5.23187 0.102323 -2.15111e-06 
18257.7 -51.8739 1014.79 8.49296 -1.39952 5.23145 0.113933 1.82933e-05 
18078.9 46.051 1027.6 8.42746 -1.39952 5.23174 0.125544 8.00643e-06 
17905.1 144.143 1053.45 8.36023 -1.39952 1.56543 0.137154 8.75169e-06 
17721.1 -3.99573 1064.05 8.30207 -1.39952 1.50541 0.148765 8.40769e-06 
17540.5 -53.6271 1063.14 8.23635 -1.39952 5.23173 0.160375 8.13727e-06 
17380.2 44.4567 1092.64 8.16782 -1.39952 0.205669 0.171985 8.49878e-06 
17137.6 -667.042 1131.11 8.10497 -1.39952 6.27922 0.183595 8.46298e-06 
16902.6 404.699 1183.73 8.04821 -1.39952 3.13672 0.195205 2.23676e-05 
16687.1 -132.86 1202.87 7.98997 -1.39952 5.31927 0.206814 4.88059e-05 
16414.8 -6.16812 1205.72 7.91198 -1.39952 5.32254 0.218423 1.63706e-06 
16143.5 121.804 1195.53 7.85255 -1.39952 0.498603 0.230032 2.27915e-05 
15808.2 -991.337 1164.19 7.79258 -1.39952 6.2795 0.24164 2.56129e-05 
15425.2 80.8916 1149.68 7.72912 -1.39952 6.2795 0.253248 1.18306e-05 
14984.9 1153.21 1135.08 7.69188 -1.39952 -1.71984 0.264855 1.02537e-05 
14457.4 -1071.32 1100.89 7.58869 -1.39952 6.2795 0.276463 7.94612e-06 
13831.6 1.10844 1020.15 6.98566 -1.39792 6.2795 0.288071 -0.000117139 
13148.2 1073.56 821.861 7.70881 0.792254 -1.51437 0.299679 0.00139161 
13804.8 115.914 28.6599 8.45237 0.45227 1.63272 0.311286 -0.0618337 
13863.2 3540.21 20.7496 10.719 -0.231499 6.28 0.322891 -0.00257148 
13043.5 11411.3 92.8765 6.27404 -1.39952 5.37124 0.334493 -0.0139641 
10594.1 15775.1 26.7038 36.7291 1.10715 -2.97983 0.346094 -0.0179237 
6849.12 13983.2 30.8274 5.00011 -1.39991 -6.28 0.357517 0.00399593 
4474.71 7441.13 248.39 5.0005 0.0896451 -4.50133 0.369 0 
4474.71 7441.13 248.39 5.0005 0.0896451 -4.50133 0.369 0 
4708.75 6108.97 272.214 20.0676 -0.143576 -4.90553 0.254962 -0.0193415 
4490.05 4650.3 243.284 28.5959 -0.199975 -5.48635 -0.176776 0.00921036 
3883.74 2889.55 121.395 21.8741 -0.138896 -3.89086 -0.104488 0.0236131 
3465.64 1820.91 89.7003 23.6839 0.0067748 -2.87957 -0.0129709 0.001615 
2943.66 1204.26 96.5672 21.2524 0.040157 -2.8608 -0.141683 0.00196252 
2486.41 595.94 97.5003 17.0912 0.049077 -2.83327 0.291385 0.0343367 
2164.29 -0.202581 93.5445 13.3449 -0.065343 -1.58005 0.316156 1.90587e-05 
1965.67 -0.0532906 85.9225 11.7829 -0.0137968 -1.58054 0.319456 0.000210104 
1828.28 0.0322003 79.9008 10.2658 -0.0249368 -1.57139 0.454812 -1.07523e-06 
1742.13 0.00925059 71.7676 9.34918 -0.0254931 -1.57143 0.498937 1.20182e-06 
1688.15 -0.0752057 63.0784 9.3048 -0.0250513 -1.57141 0.498356 4.56016e-06 
1626.54 -0.161645 54.6137 9.20624 -0.0244287 -1.57127 0.498333 4.01869e-06 
1559.35 -0.252075 46.3523 9.12773 -0.0242282 -1.57115 0.498501 3.61139e-06 
1486.19 -0.330746 38.2768 9.06306 -0.0238092 -1.57105 0.496831 9.21039e-06 
1406.83 -0.400954 30.4226 9.00216 -0.0227731 -1.57077 0.494798 2.13081e-05 
1321.39 -0.403351 23.138 8.67999 -0.0206961 -1.57009 0.492551 1.73108e-05 
1242.33 -0.386641 17.2434 8.61506 -0.0202498 -1.56953 0.4905 8.80713e-06 
1159.55 -0.381649 11.5826 8.55241 -0.0165967 -1.56923 0.488157 2.12781e-06 
1073.2 -0.294221 7.96292 7.11256 -0.0103829 -1.56914 0.562645 1.50662e-06 
1047.83 -0.248817 9.07254 6.11188 -0.00760762 -1.56907 0.621252 3.89503e-06 
1071.47 -0.235896 12.5953 6.11316 -0.00719438 -1.56892 0.614036 -7.4822e-06 
1099.08 -0.171553 16.3049 6.11878 -0.00704181 -1.56914 0.606786 9.05038e-06 
1130.65 -0.248051 20.0181 6.12478 -0.00689849 -1.56883 0.599495 -2.55306e-06 
1166.23 -0.174248 23.7247 6.12836 -0.0067549 -1.56889 0.592156 -1.02028e-07 
1205.88 -0.145279 27.4247 6.13405 -0.00662736 -1.56888 0.584478 -2.5253e-07 
1249.55 -0.112889 31.111 6.14312 -0.00648465 -1.56886 0.576405 -5.7571e-07 
1297.12 -0.0768523 34.788 6.14474 -0.00628896 -1.56887 0.568727 -8.45197e-07 
1348.84 -0.0377416 38.4664 6.14621 -0.00607533 -1.56888 0.56099 -8.26957e-07 
1404.72 0.00490512 42.1635 6.15025 0.00713181 -1.56889 0.546124 -3.14364e-06 
1464.2 0.0514242 56.4327 6.29248 0.00920546 -1.56908 0.514607 -5.40107e-06 
1526.33 0.100602 72.4871 6.78903 0.00756627 -1.56953 0.476691 -3.03627e-05 
1585.33 0.162193 87.3258 7.05414 0.00554305 -1.5719 0.462734 -3.03403e-05 
1648.74 0.224219 100.899 7.42376 0.00386682 -1.57434 0.452942 -2.901e-05 
1711.52 0.289215 113.389 7.40875 0.00541319 -1.57676 0.449541 -6.12547e-06 
1787.18 0.336868 126.447 6.71636 0.0447483 -1.57712 0.423362 2.44376e-05 
1899.32 0.323957 171.837 6.43035 0.0522585 -1.57661 0.3859 -2.50446e-05 
2064.8 0.211147 223.982 7.21111 0.0436008 -1.57989 0.413011 -2.32607e-05 
2251.37 0.0589343 270.976 8.09511 0.0124251 -1.58105 0.431597 -4.699e-06 
2446.04 -0.105622 291.045 6.30523 -0.016348 -1.57885 0.419011 -0.00074005 
2731.8 -0.309896 327.423 5.00043 0.0445348 -1.55829 0.446776 0.00240254 
3091.25 -27.0195 391.333 5.00044 -0.0374776 -1.4557 0.433547 -0.0011087 
3503.35 -2.88076 419.048 5.00044 -0.0558001 -1.49914 0.483536 -0.000397509 
3937.96 -3.10294 438.554 5.00044 -0.0550882 -1.52287 0.467502 0.00728875 
4388.2 -13.9821 458.353 5.08083 -0.0596879 -1.18084 0.446376 0.0231926 
4850.84 164.987 414.167 6.96931 -0.0634409 0.641322 0.411854 -0.00120365 
5207.53 1184.7 366.975 5.21247 -0.0496391 1.11936 0.406068 -0.00244596 
5551.1 2418.04 329.125 5.00043 -0.0481727 4.19639 0.403285 -0.00940504 
5879.85 5015.32 292.185 5.00449 -0.12732 4.77765 0.387123 -0.000279412 
6190.19 7820.08 220.31 32.4893 -0.0262595 0.108293 0.369 0 
6190.19 7820.08 220.31 32.4893 -0.0262595 0.108293 0.369 0 
6119.96 7894.66 210.099 34.6739 0.843314 -6.24763 -0.188388 -0.00570049 
6038.97 7656.95 242.352 5 -1.02442 -6.28 1.12954 0.000381858 
6079.72 7417.54 185.463 35.013 -0.520821 -6.27964 0.0860637 0.000359269 
5996.16 7179.98 150.824 38.6971 -0.424099 -6.27963 -0.152478 0.000363485 
5894.89 6941.56 120.645 38.1103 -0.442604 -6.27963 -0.140845 0.000433924 
5792.95 6703.13 89.5796 38.3819 -0.441802 -6.27963 -0.129216 0.000338164 
5686.96 6464.71 58.5277 38.5036 -0.445991 -6.27963 -0.11758 0.000360386 
5577.44 6226.28 27.2914 38.7176 -0.310955 -6.27963 -0.106773 0.000399422 
5462.51 5987.86 2.66694 37.4438 -0.0159928 -6.27965 -0.0945759 0.000276575 
5334.43 5749.43 2.01439 37.6039 -0.162592 -6.27965 -0.0829658 0.000255132 
5205.8 5511 1.41853 37.4102 -0.155563 -6.27965 -0.0713548 0.000251717 
5077.86 5272.57 1.18218 37.227 -0.152692 -6.27965 -0.0597457 0.000290592 
4950.62 5034.14 1.10076 37.0461 -0.152987 -6.27965 -0.0481382 0.00025874 
4824.08 4797.21 1.01884 36.8671 -0.153309 -6.28 -0.0365311 -6.469e-07 
4698.23 4557.9 0.93499 36.9646 -0.153138 -6.27967 -0.0249221 -0.000309822 
4572 4318.83 0.851808 36.6008 -0.0194044 -6.28 -0.013317 0.000770193 
4447.05 4079.51 7.35441 36.3516 0.0199797 -6.28 -0.00170874 4.75648e-05 
4323.69 3840.2 15.8094 36.2889 0.0258811 -6.28 0.00969982 0.000545801 
4201.89 3600.88 24.392 36.0899 0.0259347 -6.28 0.0217426 0.000365977 
4081.68 3361.57 32.9864 35.945 0.0217299 -6.28 0.0322449 0.000340004 
3962.95 3122.25 41.6074 35.7079 0.0273866 -6.28 0.0438578 0.000403524 
3845.76 2882.93 50.2788 35.642 0.00760427 -6.28 0.0554702 0.00063709 
3729.62 2643.62 58.129 36.2622 0.0434249 -6.28 0.0670816 0.00049071 
3611.7 2404.3 67.7889 35.3083 0.450349 -6.28 0.0786939 0.000373682 
3498.22 2164.98 97.4509 19.5145 0.475639 -6.28 0.0903067 0.0067226 
3450.45 1925.62 129.559 7.7992 0.237696 -6.27968 0.104073 0.00247633 
3451.07 1689.26 150.882 8.62526 0.24651 -6.27963 0.115838 3.64014e-05 
3450.75 1455.66 172.646 8.73068 0.237471 -6.27963 0.127634 0.000122701 
3452.15 1222.07 193.964 9.12174 0.233351 -6.27963 0.139506 -5.54445e-05 
3454.16 988.484 215.07 9.57544 0.236462 -6.27963 0.151553 -0.000117179 
3456.49 754.9 236.29 9.75457 0.265903 -6.27963 0.163992 0.000130768 
3460.19 521.316 258.896 8.81428 0.296996 -6.27963 0.179252 0.000529173 
3469.69 287.735 283.081 6.9873 0.219852 -6.04515 0.498994 0.023754 
3488.69 69.0522 286.965 7.7651 -0.113223 -1.71674 0.58992 -0.00112213 
3505.54 61.7253 274.799 5.20032 -0.128439 -2.02154 0.580505 0.00206783 
3531.17 39.2578 261.751 5.13116 -0.12102 -1.40725 0.57234 -0.000895838 
3555.81 46.4826 248.956 5.11223 -0.157753 -1.69169 0.560183 2.97048e-05 
3579.33 39.3376 234.561 5.10825 -0.18604 -1.68133 0.544908 0.00011796 
3601.53 32.133 218.798 5.1289 -0.189102 -1.63426 0.529651 0.000225575 
3622.23 26.6328 202.819 5.14009 -0.188889 -1.54448 0.514223 1.76646e-05 
3641.32 25.0438 186.82 5.14079 -0.188183 -1.53229 0.498606 1.06079e-05 
3658.86 23.5038 170.842 5.1368 -0.186477 -1.52236 0.482838 -8.68086e-05 
3674.85 22.0094 154.94 5.09985 -0.184195 -1.6227 0.466954 0.000106738 
3689.47 15.2985 139.062 5.08751 -0.183419 -1.45977 0.450979 9.3417e-06 
3704.62 16.3449 123.228 5.08446 -0.182812 -1.47468 0.434934 0.00942825 
3725.64 16.4247 107.413 5.07971 -0.181708 6.0511 0.418844 3.48469e-05 
3747.2 387.541 91.6555 5.07603 -0.182239 6.16608 0.402731 3.29184e-07 
3769.23 775.147 75.8963 5.10734 -1.11056 6.18742 0.387079 -0.000200709 
3792.05 1162.48 14.5894 39.7097 -0.127251 0.598712 0.369 0 
7809.27 6276.02 4534.12 20.2962 0.53723 0 0.136963 0 
7809.27 6276.02 4534.12 20.2962 0.53723 -1.79714e-09 0.136963 -4.81637e-05 
7809.27 6276.02 4534.12 20.2975 0.53902 -0.0679617 0.136946 8.38936e-05 
4347.89 6225.04 4627.29 20.125 0.542659 -0.126697 0.139105 0.000356284 
4698.47 5630.66 4647.86 19.9668 0.545463 -0.161015 0.141085 0.000650438 
4802.92 4554.3 4574.8 20.1793 0.540164 -0.0576207 0.138425 0.000231004 
4838.6 4172.02 4549.56 20.2508 0.538358 -0.0219131 0.137532 8.96356e-05 
4849.65 4023.77 4539.07 20.2817 0.53759 -0.00699376 0.137144 2.85517e-05 
4854.79 3976.5 4535.74 20.2914 0.537349 -0.00229246 0.137024 9.51158e-06 
4856.07 3960.77 4534.57 20.2948 0.537264 -0.000633936 0.136981 2.81277e-06 
4856.73 3956.11 4534.15 20.2959 0.537235 -4.54156e-05 0.136967 5.20886e-07 
4856.89 3955.25 4533.96 20.2965 0.537221 0.000229595 0.13696 -5.83231e-07 
4856.98 3956.21 4533.89 20.2967 0.537216 0.000331684 0.136957 -9.60534e-07 
4857 3957.8 4533.85 20.2968 0.537213 0.000394059 0.136956 -1.17933e-06 
4857.01 3959.75 4533.81 20.2968 0.537211 0.000440343 0.136955 -1.32838e-06 
4857.01 3961.94 4533.78 20.2969 0.537209 0.000484422 0.136954 -1.4625e-06 
4857.01 3964.36 4533.75 20.297 0.537206 0.000532115 0.136953 -1.60631e-06 
4857.01 3967.01 4533.71 20.2971 0.537204 0.000584616 0.136953 -1.76168e-06 
4857.01 3969.93 4533.67 20.2971 0.537202 0.000644553 0.136951 -1.94162e-06 
4857 3973.13 4533.62 20.2972 0.537199 0.000711185 0.13695 -2.14036e-06 
4857 3976.67 4533.57 20.2973 0.537195 0.000786081 0.136949 -2.36367e-06 
4856.99 3980.58 4533.51 20.2975 0.537192 0.000870546 0.136947 -2.60749e-06 
4857.01 3984.88 4533.44 20.2976 0.537187 0.000971015 0.136946 -2.92507e-06 
4856.98 3989.72 4533.37 20.2976 0.537185 0.00107063 0.136946 -2.94707e-06 
4856.93 3994.59 4533.16 20.2983 0.537168 0.001387 0.136937 -4.37867e-06 
4857.13 4001.82 4533.15 20.2981 0.53717 0.00137995 0.136939 -4.04749e-06 
4856.94 4008.51 4533 20.2985 0.53716 0.00160423 0.136935 -4.73222e-06 
4856.96 4016.33 4532.84 20.2988 0.53715 0.00184304 0.136931 -5.36145e-06 
4856.99 4025.19 4532.6 20.2993 0.537135 0.00217075 0.136925 -6.39623e-06 
4856.87 4035.76 4532.38 20.2997 0.537122 0.0025003 0.13692 -7.26461e-06 
4856.9 4047.76 4532.06 20.3003 0.537102 0.00295253 0.136912 -8.54981e-06 
4856.88 4061.89 4531.67 20.301 0.537079 0.0035082 0.136903 -1.00428e-05 
4856.87 4078.48 4531.15 20.302 0.537047 0.00425235 0.136891 -1.21553e-05 
4856.81 4098.57 4530.51 20.3031 0.537009 0.00516778 0.136877 -1.45637e-05 
4856.76 4122.63 4529.63 20.3047 0.536957 0.00643152 0.136857 -1.79206e-05 
4856.7 4152.25 4528.43 20.3068 0.536886 0.00815262 0.136831 -2.23765e-05 
4856.58 4189.22 4526.74 20.3097 0.536787 0.0105819 0.136795 -2.85713e-05 
4856.46 4236.43 4524.3 20.3138 0.536645 0.0140785 0.136743 -3.74102e-05 
4856.25 4298.24 4520.75 20.3198 0.536437 0.0191686 0.136668 -5.04378e-05 
4855.94 4381.59 4515.66 20.3289 0.536134 0.0264639 0.136555 -6.97014e-05 
4855.62 4496.75 4508.66 20.3426 0.535702 0.0364868 0.136382 -9.85536e-05 
4854.8 4659.61 4500.26 20.3615 0.535155 0.0485368 0.136147 -0.000137211 
4854.28 4886.33 4492.18 20.3838 0.534579 0.060125 0.135867 -0.000181733 
4853.64 5186.63 4488.14 20.3997 0.534235 0.0659205 0.135668 -0.000212141 
4853.46 5537.19 4490.3 20.3891 0.534447 0.0628358 0.135801 -0.000192182 
4853.9 5854.74 4487.41 20.3272 0.535088 0.0669716 0.136575 -8.64165e-05 
4853.7 5997.37 4424.57 20.2017 0.534223 0.156914 0.138144 8.82395e-05 
4846.38 5851.49 4130.2 20.0412 0.524985 0.578907 0.140149 9.80319e-05 
4836.18 5583.14 3125.47 19.9489 0.490255 1.92858 0.141261 -0.00447602 
199.591 6136.74 214.041 22.5619 1.21778e-05 0.259034 0.135963 0 
199.591 6136.74 214.041 22.5619 1.21778e-05 0.259034 0.135963 0 
93.3047 6388.55 223.082 5 0.118142 6.27518 0.445818 -0.00324835 
190.14 7496.11 252.934 5 0.118142 6.26617 0.445818 -0.00271842 
295.483 8602.38 282.786 5 0.118142 6.26486 0.445818 -0.00267696 
409.336 9708.46 312.638 5 0.118142 6.26318 0.445818 -0.00263597 
531.697 10814.3 342.49 5 0.118142 6.26108 0.445818 -0.00260239 
662.568 11919.9 372.342 5 0.118142 6.25839 0.445818 -0.00258165 
801.947 13025 402.194 5 0.118142 6.25481 0.445818 -0.00258442 
949.835 14129.7 432.046 5 0.118142 6.24981 0.445818 -0.00263429 
1106.23 15233.6 461.897 5 0.118142 6.24235 0.445818 -0.00279224 
1271.14 16336.5 491.749 5 0.118142 6.23006 0.445818 -0.00326163 
1444.55 17437.6 521.601 5 0.118142 6.20604 0.445818 -0.0051762 
1626.47 18535.4 551.453 5 0.118142 6.13809 0.445818 -0.130654 
1816.89 19623.4 581.305 5 0.118141 3.29116 0.445818 -0.2155 
2015.5 20306.4 611.157 5 0.118138 -1.49985 0.445818 -0.000545703 
2222.07 20307.9 641.008 5 0.118137 -1.51205 0.445842 7.36477e-05 
2437.15 20307.5 670.859 5 0.118638 -1.5099 0.437194 -2.33979e-05 
2660.74 20307.5 700.782 5 -0.0647288 -1.5102 0.892777 1.39335e-05 
2893.38 20307.5 697.516 5 -0.0637848 -1.50947 0.876489 -2.56445e-05 
3125.09 20307.5 684.499 5 -0.0628388 -1.50985 0.860183 -1.17318e-05 
3353.08 20307.5 671.617 5 -0.0618928 -1.50985 0.843877 -1.12526e-05 
3577.4 20307.5 658.869 5 -0.0609468 -1.50985 0.827571 -1.05675e-05 
3798.09 20307.5 646.256 5 -0.0600008 -1.50985 0.811265 -1.10073e-05 
4015.17 20307.5 633.778 5 -0.0590547 -1.50989 0.794959 5.5225e-05 
4228.7 20307.5 621.434 5 -0.0581087 -1.50745 0.778653 -0.00216444 
4438.7 20307.9 609.225 5 -0.0571627 -1.57047 0.762347 -0.108034 
4645.22 20299.3 597.15 5 -0.0562189 -5.75764 0.746041 -0.00807061 
4847.81 19694.9 585.21 5 -0.055273 -6.14924 0.729735 -0.00067231 
5046.96 19034.9 573.404 5 -0.054327 -6.20831 0.713428 7.0679e-05 
5242.73 18366.5 561.733 5 -0.053381 -6.231 0.697122 0.000254884 
5435.16 17694.8 550.196 5 -0.052435 -6.24287 0.680816 0.000307096 
5624.31 17021.5 538.794 5 -0.051489 -6.25015 0.66451 0.000314102 
5810.2 16347.1 527.527 5 -0.0505429 -6.25505 0.648204 0.000302061 
5992.88 15672 516.394 5 -0.0495969 -6.25858 0.631898 0.000281226 
6172.38 14996.4 505.396 5 -0.0486509 -6.26123 0.615592 0.000256264 
6348.74 14320.4 494.532 5 -0.0477048 -6.2633 0.599286 0.000229582 
6522 13644.2 483.803 5 -0.0467588 -6.26496 0.58298 0.000202497 
6692.2 12967.7 473.208 5 -0.0458128 -6.26632 0.566673 0.000175858 
6859.38 12291 462.748 5 -0.0448668 -6.26746 0.550367 0.000150204 
7023.58 11614.1 452.423 5 -0.0439207 -6.26842 0.534061 0.000125923 
7184.83 10937.1 442.232 5 -0.0429747 -6.26924 0.517755 0.000103297 
7343.17 10260 432.176 5 -0.0420287 -6.26995 0.501449 8.25527e-05 
7498.64 9582.84 422.255 5 -0.0410826 -6.27058 0.485143 6.38648e-05 
7651.28 8905.54 412.468 5 -0.0401366 -6.27113 0.468837 4.73797e-05 
7801.13 8228.17 402.815 5.00001 -0.040329 -6.27162 0.452531 3.32172e-05 
7948.22 7550.72 393.136 5.12322 -0.158033 -6.27206 0.436224 2.14443e-05 
8091.49 6873.22 366.682 17.9746 -0.149503 -6.27246 0.419918 1.22102e-05 
8080.69 6195.77 338.512 18.0908 -0.154976 -6.27282 0.403612 5.52823e-06 
8060.56 5518.28 309.537 18.794 -0.349477 -6.27315 0.387306 0.000274759 
8024.7 4840.74 252.73 40 0.0899958 -2.35782 0.369 0 
8024.7 4840.74 252.73 40 0.0899958 -2.35782 0.369 0 
7952.06 4823.69 248.212 34.4687 1.4 4.07157 -0.188388 -0.737951 
7891.8 4999.22 283.204 5.04216 -1.4 -3.10149 0.552742 -0.135229 
7905.78 4959.82 235.729 40 -0.523221 -6.16253 0.0713785 0.000542254 
7832.41 4828.78 212.84 40 -0.523221 -6.15299 0.0713783 0.000598612 
7757.65 4698.03 189.952 40 -0.523221 -6.14109 0.0713782 0.000652283 
7681.53 4567.64 167.064 40 -0.523221 -6.12681 0.0713779 0.00072572 
7604.03 4437.67 144.176 40 -0.523221 -6.1093 0.0713776 0.000829105 
7525.15 4308.23 121.288 40 -0.523221 -6.08731 0.0713772 0.000978349 
7444.91 4179.44 98.4 40 -0.523221 -6.05885 0.0713762 0.00120303 
7363.29 4051.51 75.5119 40 -0.523222 -6.02057 0.0713966 0.0015624 
7280.29 3924.73 52.6238 40 -0.523127 -5.9664 0.069761 0.00218971 
7195.93 3799.57 29.7386 40 -0.530343 -5.88404 0.194148 0.00339289 
7110.19 3676.87 6.63716 40 0.0192832 -5.74635 0.0116421 0.00166689 
7022.75 3558.3 0.00103603 40 0.05274 -5.67738 -0.0373879 0.000118151 
6934.89 3441.8 0.00102355 40 0.0520663 -5.67678 -0.0257757 9.70513e-05 
6847.03 3325.31 0.00102355 40 0.0513926 -5.6769 -0.0141634 9.25438e-05 
6759.16 3208.83 0.00102355 40 0.0507189 -5.67698 -0.00255119 8.7528e-05 
6671.3 3092.34 0.00102355 40 0.0500452 -5.67704 0.00906105 8.24677e-05 
6583.44 2975.84 0.00102355 40 0.0493714 -5.67708 0.0206733 7.75712e-05 
6495.58 2859.35 0.00102355 40 0.0486977 -5.67712 0.0322855 5.93929e-05 
6407.72 2742.85 0.00102355 40 0.0480241 -5.67804 0.0438963 -0.000905155 
6319.86 2626.33 0.00102355 40 -0.0903776 -5.74837 0.0554699 -2.29359e-05 
6232.09 2507.7 0.00105155 40 -0.176855 -5.75516 0.0670818 -9.15124e-05 
6144.36 2388.87 0.472356 40 -0.208322 -5.76782 0.0786939 2.20691e-05 
6056.68 2269.65 0.00100926 40 -0.186721 -5.77086 0.0903062 2.01367e-05 
5968.96 2150.35 0.00102355 40 -0.113926 -5.77393 0.101918 2.43239e-05 
5881.2 2030.96 0.00102355 39.5767 0.0082538 -5.77639 0.113531 0.000766738 
5794.37 1911.49 0.00102355 39.2279 0.0579528 -5.69259 0.125143 0.000242222 
5708.36 1794.53 0.00102355 39.0449 0.0588466 -5.66678 0.136755 -2.20156e-05 
5622.79 1678.34 0.00102355 38.8619 0.0597398 -5.67478 0.148367 1.26294e-05 
5537.65 1561.91 0.00102355 38.6789 0.0606333 -5.67776 0.15998 0.00126823 
5452.96 1445.39 0.00106939 38.496 0.0615278 -5.46459 0.171592 0.00824689 
5368.71 1335.26 7.68587 38.313 0.0624229 -3.94893 0.183204 0.0356679 
5285.39 1270.54 15.4063 38.13 0.0633186 1.06157 0.194816 0.024743 
5203.1 1355.91 23.1623 37.9471 0.0642113 5.06787 0.206429 -0.00295697 
5121.8 1561.3 30.9539 37.7642 0.0651053 5.94745 0.218041 0.00115947 
5041.43 1793.04 38.781 37.5812 0.0660198 5.76121 0.229653 -0.000121942 
4961.97 2019.2 46.6444 37.3978 0.0669497 5.92849 0.241265 0.000100257 
4883.42 2250.37 54.5443 37.2137 0.0677546 5.99462 0.252878 2.93607e-05 
4805.79 2483.52 62.4773 37.0318 0.0682289 6.03991 0.26449 2.71938e-05 
4729.08 2718.03 70.4332 36.8592 0.0690227 6.074 0.276102 1.76243e-05 
4653.25 2953.56 78.4211 36.6869 0.0727765 6.09913 0.287714 6.84325e-06 
4578.32 3189.84 86.5298 36.4473 0.079454 6.11854 0.299327 1.5346e-06 
4504.44 3426.71 94.85 36.087 0.0698606 6.13413 0.310939 1.76183e-07 
4431.94 3664.03 102.9 36.0003 0.0102964 6.14695 0.322551 1.181e-07 
4360.16 3901.75 109.17 37.2727 -0.0198153 6.15771 0.334163 -1.72284e-08 
4285.72 4139.79 114.477 38.9676 0.364199 6.16691 0.345776 -2.13582e-08 
4207.31 4378.1 131.206 31.5641 1.26762 6.17262 0.357388 -8.10135e-05 
4147.12 4616.58 175.355 5 0.0899998 3.00627 0.369 0 
4147.12 4616.58 175.355 5 0.0899998 3.00627 0.369 0 
4167.67 4788 178.139 5 -0.808683 1.28223 1.15369 -1.01393 
4189.03 4895.49 147.597 26.0372 -0.159568 -2.50095 -0.176776 -0.932751 
4145.02 4862.74 139.876 25.8542 -0.158676 -6.00141 -0.165163 -0.0578294 
4100.87 4700.17 132.199 25.6712 -0.157782 -6.21872 -0.153551 -0.000919198 
4056.69 4529.55 124.566 25.4883 -0.156889 -6.22513 -0.141939 0.0024005 
4012.49 4358.68 116.977 25.3053 -0.155995 -6.22314 -0.130327 0.0030128 
3968.27 4187.89 109.431 25.1223 -0.155102 -6.21868 -0.118714 0.00294821 
3924.03 4017.26 101.93 24.9394 -0.154208 -6.2142 -0.107102 0.00280021 
3879.77 3846.8 94.4734 24.7564 -0.153313 -6.21002 -0.0954898 0.00272585 
3835.5 3676.5 87.0604 24.5734 -0.152424 -6.20585 -0.0838775 0.00269556 
3791.23 3506.35 79.6913 24.3905 -0.151549 -6.20151 -0.0722653 0.00269413 
3746.95 3336.35 72.3655 24.2081 -0.150646 -6.19686 -0.060653 0.00271793 
3702.67 3166.54 65.084 24.0253 -0.149531 -6.19177 -0.0490408 0.00276321 
3658.39 2996.9 57.8547 23.8362 -0.148362 -6.1861 -0.0374285 0.00282759 
3614.13 2827.48 50.6801 23.6409 -0.149351 -6.17972 -0.0258163 0.00291072 
3569.93 2658.3 43.4803 23.5016 -0.154616 -6.17249 -0.014204 0.00301258 
3525.6 2489.38 36.0936 23.5255 -0.144264 -6.16422 -0.0025918 0.00313022 
3480.65 2320.77 29.0894 23.2326 -0.0616359 -6.15475 0.00902044 0.00325131 
3435.99 2152.51 25.1669 22.942 -0.0212061 -6.14396 0.0206327 0.00333749 
3391.86 1984.65 26.2397 22.759 -0.0203122 -6.13194 0.0322449 0.00328479 
3348.37 1817.24 27.3566 22.5761 -0.0194186 -6.11949 0.0438572 0.00278607 
3305.5 1650.28 28.5176 22.3931 -0.018525 -6.10954 0.0554694 0.00106331 
3263.25 1483.7 29.7225 22.2101 -0.0176315 -6.11027 0.0670817 -0.00266771 
3221.65 1317.08 30.9715 22.0272 -0.016738 -6.13436 0.0786939 -0.00460748 
3180.67 1149.58 32.2644 21.8442 -0.0158445 -6.16294 0.0903062 0.0106608 
3140.34 981.011 33.6014 21.6612 -0.0149509 -6.05937 0.101918 0.0580454 
3100.64 816.285 34.9824 21.4782 -0.0140572 -5.58725 0.113531 0.125444 
3061.61 669.066 36.4074 21.2953 -0.0131632 -4.61841 0.125143 0.183524 
3023.26 557.776 37.8765 21.1123 -0.0122689 -3.23011 0.136755 0.214695 
2985.6 497.969 39.3896 20.9293 -0.0113745 -1.59685 0.148367 0.217862 
2948.64 498.731 40.9467 20.7464 -0.0104801 0.117009 0.15998 0.198701 
2912.4 563.048 42.5479 20.5634 -0.00958576 1.78452 0.171592 0.163327 
2876.86 689.204 44.1931 20.3804 -0.00869145 3.3032 0.183204 0.117647 
2842.04 871.679 45.8823 20.1974 -0.00779726 4.57965 0.194816 0.0691651 
2807.92 1101.49 47.6156 20.0145 -0.00690332 5.5278 0.206429 0.0279295 
2774.5 1366.46 49.3929 19.8315 -0.00600977 6.08924 0.218041 0.0034058 
2741.77 1652.25 51.2143 19.6485 -0.0051159 6.28 0.229653 -0.00288839 
2709.73 1945.12 53.0796 19.4656 -0.00421941 6.23576 0.241265 -0.000424386 
2678.36 2236.34 54.9891 19.2825 -0.00332369 6.15413 0.252878 0.00105652 
2647.68 2524.54 56.9427 19.0994 -0.00245847 6.12704 0.26449 0.000550505 
2617.69 2811.73 58.9392 18.9171 -0.00163746 6.13424 0.276102 -9.29579e-05 
2588.38 3099.19 60.977 18.7367 -0.000567597 6.14931 0.287714 -0.000292661 
2559.77 3387.2 63.0652 18.5507 0.00139939 6.1626 0.299327 -0.000214346 
2531.86 3675.71 65.2375 18.3352 0.00225765 6.17241 0.310939 -9.46059e-05 
2504.75 3964.58 67.4543 18.1285 -0.00832792 6.17961 0.322551 -3.31717e-05 
2478.43 4253.72 69.2909 18.2514 -0.0267416 6.18556 0.334163 -1.49783e-05 
2451.89 4543.08 70.4373 18.8451 0.0631507 6.19182 0.345776 -1.33787e-05 
2423.61 4832.68 74.882 16.7402 0.422013 6.19363 0.357388 -0.000302707 
2401.65 5122.33 92.76 5 0.0899997 5.49657 0.369 0 
2401.65 5122.33 92.76 5 0.0899997 5.49657 0.369 0 
2410.87 5223.97 95.0277 5 -0.433855 5.30309 1.0614 0.745307 
2420.3 5322.81 89.7234 10.3191 0.546044 5.86197 0.0601259 0.241148 
2423.14 5429.73 98.4597 5 0.0759284 6.02263 0.611539 0.0816986 
2432.53 5538.97 100.524 5 0.0759284 6.06434 0.611539 0.00619926 
2441.99 5648.81 102.588 5 0.0759284 6.04853 0.611539 -0.0352892 
2451.5 5758.43 104.653 5 0.0759284 5.99852 0.611539 -0.0622784 
2461.07 5867.32 106.717 5 0.0759283 5.92321 0.611539 -0.0828357 
2470.7 5975.12 108.781 5 0.0759283 5.82574 0.611539 -0.100477 
2480.39 6081.51 110.846 5 0.0759282 5.70687 0.611539 -0.116711 
2490.14 6186.19 112.91 5 0.0759281 5.56647 0.611539 -0.132097 
2499.94 6288.84 114.974 5 0.0759281 5.40418 0.611539 -0.146737 
2509.81 6389.14 117.038 5 0.075928 5.21974 0.611539 -0.160512 
2519.73 6486.77 119.103 5 0.0759278 5.01315 0.611539 -0.17321 
2529.71 6581.42 121.167 5 0.0759277 4.78477 0.611539 -0.184589 
2539.74 6672.77 123.231 5 0.0759276 4.53528 0.611539 -0.194421 
2549.84 6760.51 125.296 5 0.0759274 4.26569 0.611539 -0.20251 
2559.99 6844.35 127.36 5 0.0759273 3.97735 0.611539 -0.208699 
2570.19 6924.03 129.424 5 0.0759271 3.67184 0.611539 -0.212884 
2580.45 6999.29 131.489 5 0.075927 3.351 0.611539 -0.215008 
2590.77 7069.91 133.553 5 0.0759268 3.01683 0.611539 -0.215062 
2601.15 7135.7 135.617 5 0.0759266 2.6715 0.611539 -0.213083 
2611.58 7196.51 137.681 5 0.0759264 2.31726 0.611539 -0.20915 
2622.06 7252.19 139.746 5 0.0759262 1.9564 0.611539 -0.203377 
2632.6 7302.65 141.81 5 0.075926 1.59127 0.611539 -0.195913 
2643.2 7347.84 143.874 5 0.0759258 1.22419 0.611539 -0.186931 
2653.85 7387.72 145.938 5 0.0759256 0.857423 0.611539 -0.176625 
2664.56 7422.3 148.003 5 0.0759254 0.493195 0.611539 -0.165209 
2675.33 7451.61 150.067 5 0.0759252 0.133636 0.611539 -0.152904 
2686.14 7475.73 152.131 5 0.075925 -0.219214 0.611539 -0.139942 
2697.02 7494.75 154.196 5 0.0759248 -0.563416 0.61154 -0.126556 
2707.95 7508.79 156.26 5 0.075925 -0.897133 0.611534 -0.112978 
2718.94 7518.01 158.324 5 0.0759127 -1.21862 0.611742 -0.0994341 
2729.98 7522.58 160.388 5 0.0763499 -1.52623 0.604204 -0.0861441 
2741.08 7522.71 162.458 5 0.060505 -1.81837 0.607329 -0.0733147 
2752.24 7518.61 164.3 5.17225 0.051677 -2.0935 0.599285 -0.0767221 
2763.25 7510.54 166.01 5.43049 0.0492266 -2.41098 0.582979 -0.073945 
2774.01 7497.87 167.678 5.70175 0.0469759 -2.75265 0.566673 -0.0626687 
2784.51 7480.27 169.308 5.98262 0.0467046 -3.08357 0.550367 -0.0484485 
2794.72 7457.89 170.927 6.25041 0.0496936 -3.38281 0.534061 -0.0358228 
2804.66 7431.18 172.583 6.47051 0.0540974 -3.64684 0.517755 -0.0260796 
2814.39 7400.65 174.298 6.63186 0.0533615 -3.88092 0.501449 -0.0186442 
2823.98 7366.74 175.998 6.79649 0.0395276 -4.08993 0.485143 -0.012752 
2833.43 7329.81 177.494 7.10816 0.0132705 -4.27451 0.468837 -0.00806448 
2842.57 7290.22 178.604 7.68962 -0.00506561 -4.43197 0.45253 -0.00453111 
2851.07 7248.34 179.435 8.42836 0.0213278 -4.55859 0.436224 -0.00212214 
2858.73 7204.64 180.631 8.81767 0.113224 -4.65093 0.419918 -0.000710888 
2865.95 7159.6 183.146 8.17012 0.221659 -4.70609 0.403612 -8.00501e-05 
2873.96 7113.77 187.243 6.40152 0.204373 -4.7212 0.387306 4.74523e-05 
2884.14 7067.71 191.132 5 -0.0899997 -4.69304 0.369 0 
2884.14 7067.71 191.132 5 -0.0899997 -4.69304 0.369 0 
2943.61 6783.45 192.182 7.86921 -0.189341 -6.24637 1.15369 1.02467 
2982.87 6360.93 183.98 12.7186 0.211911 4.97395 -0.116467 0.0991078 
2986.16 6937.25 210.805 5 0.135354 6.25952 0.378251 -0.00228969 
3049.51 7627.97 231.916 5 0.135354 6.25796 0.378251 -0.00222179 
3116.64 8318.55 253.027 5 0.135354 6.25612 0.378251 -0.00216204 
3187.52 9008.97 274.138 5 0.135354 6.25393 0.378251 -0.00211435 
3262.17 9699.2 295.25 5 0.135354 6.25131 0.378251 -0.0020883 
3340.59 10389.2 316.361 5 0.135354 6.24812 0.378251 -0.00208793 
3422.77 11078.9 337.472 5 0.135354 6.24412 0.378251 -0.00210632 
3508.72 11768.2 358.583 5 0.135354 6.23899 0.378251 -0.00211623 
3598.43 12457.1 379.694 5 0.135354 6.23217 0.378251 -0.00209274 
3691.91 13145.4 400.805 5 0.135354 6.22261 0.378251 -0.00217438 
3789.15 13832.9 421.916 5 0.135354 6.20825 0.378251 -0.00256495 
3890.16 14519 443.028 5 0.135354 6.1865 0.378251 -0.0019718 
3994.93 15203.2 464.139 5 0.135353 6.13445 0.378252 -0.00811711 
4103.46 15882.8 485.25 5 0.135353 6.12083 0.378251 -0.404145 
4215.75 16561.2 506.361 5 0.13535 -0.22495 0.378251 -0.368025 
4331.37 16674.7 527.472 5 0.135344 -6.28 0.378307 0.00663482 
4450.31 16249.1 548.582 5 0.136074 -6.13798 0.365711 -0.000918793 
4573.03 15836.3 569.757 5 -0.0307621 -6.18567 0.6484 -0.000236221 
4699.83 15419.1 576.081 5 -0.0742403 -6.2089 0.827569 0.000100102 
4827.82 14999.9 566.105 5 -0.0732944 -6.22301 0.811264 0.000259049 
4954.04 14579.5 556.214 5 -0.0723484 -6.23244 0.794958 0.000330663 
5078.48 14158.2 546.407 5 -0.0714024 -6.2392 0.778652 0.000360854 
5201.18 13736.3 536.684 5 -0.0704564 -6.24427 0.762346 0.00036892 
5322.14 13313.9 527.045 5 -0.0695104 -6.24823 0.74604 0.000364118 
5441.38 12891.2 517.49 5 -0.0685643 -6.2514 0.729734 0.000351457 
5558.91 12468.2 508.02 5 -0.0676183 -6.25399 0.713428 0.000333887 
5674.75 12045 498.633 5 -0.0666723 -6.25615 0.697122 0.000313263 
5788.92 11621.6 489.331 5 -0.0657263 -6.25798 0.680816 0.000290805 
5901.42 11198 480.114 5 -0.0647802 -6.25955 0.66451 0.000267353 
6012.28 10774.3 470.98 5 -0.0638342 -6.26092 0.648204 0.000243507 
6121.51 10350.5 461.931 5 -0.0628882 -6.26211 0.631898 0.000219709 
6229.12 9926.53 452.966 5 -0.0619421 -6.26316 0.615592 0.000196297 
6335.13 9502.49 444.085 5 -0.0609961 -6.26409 0.599286 0.000173536 
6439.55 9078.38 435.288 5 -0.0600501 -6.26493 0.582979 0.00015164 
6542.41 8654.18 426.575 5 -0.059104 -6.26568 0.566673 0.000130786 
6643.71 8229.93 417.947 5 -0.058158 -6.26636 0.550367 0.000111122 
6743.47 7805.61 409.403 5 -0.057212 -6.26698 0.534061 9.2777e-05 
6841.7 7381.23 400.943 5 -0.0562659 -6.26755 0.517755 7.58598e-05 
6938.42 6956.81 392.568 5 -0.0553199 -6.26807 0.501449 6.04663e-05 
7033.65 6532.34 384.276 5 -0.0543739 -6.26855 0.485143 4.66794e-05 
7127.39 6107.82 376.069 5 -0.0534278 -6.26899 0.468837 3.45709e-05 
7219.67 5683.27 367.946 5 -0.0524818 -6.26939 0.452531 2.4202e-05 
7310.5 5258.68 359.907 5 -0.0515358 -6.26977 0.436224 1.56238e-05 
7399.9 4834.06 351.953 5 -0.0505897 -6.27013 0.419918 8.88469e-06 
7487.87 4409.4 344.082 5 -0.0545406 -6.27046 0.403612 3.84183e-06 
7574.45 3984.72 335.86 5.33165 -0.56343 -6.27069 0.387306 0.000263806 
7658.1 3560.02 282.29 40 -0.0899993 -3.16953 0.369 0 
7658.1 3560.02 282.29 40 -0.0899993 -3.16953 0.369 0 
7593.83 3501.51 285.531 37.4041 1.4 3.73313 -0.188388 0.0993396 
7535.71 3665.86 337.014 5 0.357721 6.22553 -0.176775 -0.000430668 
7565.48 3910.61 356.522 5 0.357047 6.22136 -0.165163 -0.000478669 
7596.51 4155.23 376.008 5 0.356373 6.21606 -0.153551 -0.000512709 
7628.81 4399.68 395.473 5 0.355699 6.20971 -0.141938 -0.000543167 
7662.37 4643.93 414.915 5 0.355026 6.20196 -0.130326 -0.000551947 
7697.18 4887.92 434.336 5 0.354352 6.19228 -0.118714 -0.000532036 
7733.25 5131.61 453.735 5 0.353678 6.17987 -0.107102 -0.000532081 
7770.58 5374.89 473.113 5 0.353005 6.16335 -0.0954892 -0.000688211 
7809.16 5617.64 492.468 5 0.352331 6.14037 -0.0838769 -0.000973914 
7848.99 5859.64 511.802 5 0.351657 6.10771 -0.0722646 -0.000140683 
7890.07 6100.59 531.114 5 0.350983 6.05349 -0.0606523 -0.00421339 
7932.4 6339.8 550.405 5 0.35031 5.95363 -0.0490399 -0.00499785 
7975.98 6575.77 569.673 5 0.349635 5.1824 -0.0374275 -0.198099 
8020.78 6786.85 588.92 5 0.348959 -0.0009728 -0.0258151 -0.189707 
8066.69 6830.57 608.145 5 0.348282 -5.29936 -0.0142025 -0.00811691 
8113.72 6703.22 627.348 5 0.347608 -5.97123 -0.00258972 -0.00142396 
8161.96 6554.18 646.53 5 0.346934 -6.04884 0.00902359 -0.000798642 
8211.45 6402.63 665.689 5 0.34626 -6.10523 0.020639 -0.000427702 
8262.18 6249.26 684.827 5 -0.124463 -6.13982 0.492941 -0.000241341 
8314.45 6094.77 688.767 5 -0.264406 -6.16299 0.827565 -0.000139147 
8367.06 5939.54 674.337 5 -0.26346 -6.17958 0.811262 -7.91506e-05 
8418.74 5783.77 659.939 5 -0.262514 -6.19205 0.794957 -4.21991e-05 
8469.48 5627.6 645.57 5 -0.261568 -6.20177 0.778651 -1.87261e-05 
8519.29 5471.11 631.233 5 -0.260622 -6.20955 0.762346 -3.58602e-06 
8568.18 5314.37 616.925 5 -0.259676 -6.21593 0.74604 6.17718e-06 
8616.14 5157.43 602.649 5 -0.25873 -6.22125 0.729734 1.23559e-05 
8663.18 5000.31 588.403 5 -0.257784 -6.22575 0.713428 1.60863e-05 
8709.29 4843.05 574.187 5 -0.256838 -6.22961 0.697122 1.81151e-05 
8754.48 4685.67 560.002 5 -0.255892 -6.23296 0.680816 1.89491e-05 
8798.76 4528.17 545.847 5 -0.254946 -6.23589 0.66451 1.89409e-05 
8842.12 4370.58 531.723 5 -0.254 -6.23848 0.648204 1.83417e-05 
8884.56 4212.91 517.63 5 -0.253054 -6.24078 0.631897 1.7334e-05 
8926.09 4055.17 503.567 5 -0.252108 -6.24284 0.615591 1.60527e-05 
8966.71 3897.35 489.535 5 -0.251162 -6.2447 0.599285 1.45991e-05 
9006.43 3739.48 475.533 5 -0.250216 -6.24637 0.582979 1.30503e-05 
9045.23 3581.55 461.562 5 -0.24927 -6.2479 0.566673 1.14657e-05 
9083.13 3423.58 447.621 5 -0.248324 -6.24929 0.550367 9.89177e-06 
9120.13 3265.56 433.711 5 -0.247378 -6.25057 0.534061 8.36492e-06 
9156.23 3107.5 419.832 5 -0.246432 -6.25175 0.517755 6.9142e-06 
9191.43 2949.4 405.983 5 -0.245486 -6.25283 0.501449 5.56287e-06 
9225.74 2791.26 392.164 5 -0.24454 -6.25384 0.485143 4.32973e-06 
9259.15 2633.09 378.376 5 -0.243594 -6.25477 0.468836 3.22999e-06 
9291.66 2474.9 364.619 5 -0.242648 -6.25564 0.45253 2.27604e-06 
9323.29 2316.67 350.892 5 -0.241702 -6.25645 0.436224 1.47772e-06 
9354.03 2158.42 337.195 5 -0.240756 -6.25721 0.419918 8.16308e-07 
9383.88 2000.14 323.53 5 -0.23981 -6.25792 0.403612 8.41085e-06 
9412.84 1841.84 309.894 5 -1.4 -6.13387 0.372499 8.00956e-05 
9441.68 1687.55 258.8 36.4635 -0.000842173 -2.82305 0.369 0 
9441.68 1687.55 258.8 36.4635 -0.000842173 -2.82305 0.369 0 
9437.22 1684.77 258.68 35.998 0.439822 -2.74674 -0.188388 1.02859 
9432.83 1682.17 259.565 34.8319 0.679645 -2.54093 -0.176775 1.00718 
9428.65 1680.04 261.001 33.2663 0.897614 -2.3378 -0.165163 0.985774 
9424.74 1678.37 262.939 31.3451 1.08517 -2.13735 -0.153551 0.964366 
9421.19 1677.16 265.311 29.1263 1.23472 -1.93958 -0.141939 0.942957 
9418.05 1676.4 268.032 26.6801 1.33994 -1.74448 -0.130326 0.921549 
9415.36 1676.08 271.002 24.0867 1.39605 -1.55207 -0.118714 0.900141 
9413.16 1676.2 274.108 21.4338 1.4 -1.36232 -0.107062 0.878733 
9411.45 1676.75 277.234 18.8124 1.35068 -1.17526 -0.0954473 0.857324 
9410.24 1677.72 280.256 16.3147 1.24888 -0.990876 -0.083831 0.835916 
9409.51 1679.12 283.056 14.0312 1.09742 -0.809169 -0.0722131 0.814508 
9409.21 1680.93 285.52 12.1903 0.901049 -0.63014 -0.0605928 0.7931 
9409.27 1683.15 287.542 10.7164 0.669442 -0.453789 -0.0489692 0.771692 
9409.62 1685.76 289.043 9.66503 0.410615 -0.280117 -0.03734 0.750283 
9410.18 1688.78 289.958 9.07652 0.133758 -0.109122 -0.0257017 0.728875 
9410.86 1692.18 290.244 8.97481 -0.151085 0.0591936 -0.0140462 0.707467 
9411.57 1695.97 289.883 9.36314 -0.433378 0.224831 -0.00235435 0.686059 
9412.23 1700.13 288.876 10.0901 -0.70253 0.387789 0.00943296 0.66465 
9412.76 1704.67 287.254 11.2693 -0.951208 0.548068 0.0216007 0.643242 
9413.08 1709.57 285.062 12.8601 -1.16949 0.705667 0.0429043 0.621834 
9413.11 1714.83 282.366 14.8032 -1.34482 0.860586 0.824983 0.600426 
9412.79 1720.44 279.264 16.9425 -1.06654 1.01282 0.808733 0.579017 
9412.04 1726.4 276.788 18.5695 -0.771969 1.16238 0.0862363 0.557609 
9410.98 1732.7 274.977 19.7345 -0.810868 1.30926 0.0797361 0.536201 
9409.69 1739.33 273.073 20.9502 -0.827156 1.45345 0.09075 0.514792 
9408.18 1746.3 271.128 22.1749 -0.813531 1.59496 0.102176 0.493384 
9406.43 1753.58 269.209 23.3567 -0.769675 1.73379 0.113703 0.471976 
9404.46 1761.19 267.386 24.4438 -0.696538 1.86993 0.125269 0.450567 
9402.27 1769.1 265.725 25.3869 -0.59622 2.00339 0.136854 0.429159 
9399.9 1777.32 264.29 26.141 -0.471891 2.13417 0.148448 0.407751 
9397.39 1785.83 263.135 26.6673 -0.327687 2.26227 0.160048 0.386342 
9394.76 1794.64 262.306 26.9347 -0.168572 2.38768 0.171652 0.364934 
9392.08 1803.73 261.839 26.9213 -0.00017049 2.51041 0.183258 0.343525 
9389.39 1813.1 261.755 26.6151 0.171436 2.63045 0.194866 0.322117 
9386.74 1822.75 262.064 26.0149 0.339922 2.74781 0.206475 0.300708 
9384.2 1832.66 262.758 25.1306 0.498954 2.86248 0.218085 0.279299 
9381.82 1842.84 263.818 23.9826 0.642428 2.97447 0.229697 0.257891 
9379.65 1853.26 265.208 22.602 0.764696 3.08377 0.241309 0.236482 
9377.73 1863.94 266.883 21.0288 0.860797 3.19038 0.252921 0.215073 
9376.09 1874.86 268.781 19.3114 0.926648 3.29431 0.264535 0.193663 
9374.78 1886.02 270.837 17.5043 0.959217 3.39556 0.276149 0.172254 
9373.81 1897.4 272.972 15.6667 0.956661 3.49411 0.287765 0.150844 
9373.18 1909.02 275.109 13.8601 0.918414 3.58998 0.299381 0.129433 
9372.89 1920.84 277.165 12.1466 0.845243 3.68317 0.311 0.10802 
9372.93 1932.89 279.061 10.5931 0.739253 3.77366 0.32262 0.0866054 
9373.27 1945.13 280.721 9.38245 0.603983 3.86147 0.334242 0.0651836 
9373.84 1957.58 282.078 8.42261 0.446912 3.94659 0.345869 0.0437346 
9374.6 1970.22 283.08 7.74683 0.273513 4.02901 0.3575 -1.09721e-05 
9375.49 1983.05 283.69 7.31091 0.0899619 4.02851 0.369 0 
9375.49 1983.05 283.69 7.31091 0.0899619 4.02851 0.369 0 
9407.25 2463.81 290.038 5 -0.378159 0.325847 1.15198 -0.81371 
9456.42 2629.04 256.811 25.7034 -0.156231 -6.25432 -0.176776 0.00282243 
9357.73 2233.67 239.668 25.5205 -0.155337 -6.24879 -0.165163 0.00212101 
9257.36 1838.78 222.627 25.3375 -0.154444 -6.24832 -0.153551 0.00233122 
9155.32 1443.92 205.686 25.1545 -0.15355 -6.2459 -0.141939 0.00236896 
9051.65 1049.27 188.846 24.9716 -0.152657 -6.24283 -0.130327 0.00239083 
8946.35 654.877 172.108 24.7886 -0.151763 -6.2392 -0.118714 0.00243441 
8839.43 260.794 155.471 24.6056 -0.15087 -6.2348 -0.107102 0.00250648 
8730.93 -132.914 138.935 24.4226 -0.149976 -6.22933 -0.0954898 0.00262158 
8620.85 -526.158 122.5 24.2397 -0.149083 -6.22235 -0.0838775 0.00280734 
8509.21 -918.807 106.166 24.0567 -0.14819 -6.21314 -0.0722653 0.00311721 
8396.03 -1310.67 89.9329 23.8738 -0.147295 -6.20043 -0.060653 0.00366673 
8281.33 -1701.46 73.8014 23.6907 -0.146379 -6.18175 -0.0490408 0.00474899 
8165.12 -2090.65 57.7728 23.5063 -0.14553 -6.15158 -0.0374286 0.00731634 
8047.44 -2477.27 41.8418 23.3255 -0.145855 -6.09439 -0.0258163 0.0161758 
7928.27 -2859.02 25.9078 23.2226 -0.144251 -5.94402 -0.0142041 0.1257 
7807.1 -3227.96 10.1245 23.0291 -0.0781424 -4.62999 -0.00259182 0.143358 
7684.53 -3484.93 0.00102301 22.7902 -0.0270367 -3.07905 0.00902043 0.0328059 
7561.88 -3609.74 0.00101864 22.6072 -0.0261431 -2.71075 0.0206327 0.00459884 
7440.5 -3703.16 0.00101864 22.4243 -0.0252496 -2.66018 0.0322449 -0.00154844 
7320.37 -3792.28 0.00101864 22.2413 -0.0243561 -2.68302 0.0438572 -0.00361244 
7201.49 -3883.35 0.00101864 22.0583 -0.0234627 -2.7334 0.0554694 -0.00411668 
7083.85 -3978.71 0.00101864 21.8753 -0.0225692 -2.793 0.0670817 -0.00384461 
6967.46 -4079.15 0.00101864 21.6924 -0.0216757 -2.85178 0.0786939 -0.00291518 
6852.31 -4184.6 0.00101864 21.5094 -0.0207823 -2.89981 0.0903061 -0.000811457 
6738.41 -4294.14 0.00101864 21.3264 -0.0198888 -2.91721 0.101918 0.00401107 
6625.75 -4405.17 0.00101864 21.1435 -0.0189953 -2.85429 0.113531 0.0151603 
6514.35 -4510.83 0.00101864 20.9605 -0.0181016 -2.5868 0.125143 0.0393921 
6404.21 -4593.71 0.00101864 20.7775 -0.0172077 -1.84162 0.136755 0.0830018 
6295.37 -4613.08 0.00101864 20.5945 -0.0163134 -0.228782 0.148367 0.140486 
6187.88 -4495.02 0.00101864 20.4116 -0.0154185 2.42744 0.15998 0.199154 
6081.83 -4150.63 2.14745 20.2286 -0.0145221 6.01495 0.171592 0.0395072 
5977.63 -3500.53 5.28431 20.0456 -0.0136284 6.07201 0.183204 0.00248006 
5875.22 -2845.57 8.52232 19.8627 -0.0127349 6.13755 0.194816 0.000268429 
5774.61 -2185.03 11.8615 19.6797 -0.0118413 6.17382 0.206429 -0.000140281 
5675.83 -1521.39 15.3017 19.4967 -0.0109478 6.1953 0.218041 -0.000304426 
5578.88 -855.93 18.8431 19.3137 -0.0100543 6.20955 0.229653 -0.000343183 
5483.78 -189.255 22.4857 19.1308 -0.0091608 6.21971 0.241265 -0.000332769 
5390.56 478.285 26.2293 18.9478 -0.00826729 6.22731 0.252878 -0.000303052 
5299.22 1146.47 30.0741 18.7648 -0.00737377 6.2332 0.26449 -0.000263468 
5209.79 1815.16 34.02 18.5819 -0.00648039 6.23791 0.276102 -0.000219485 
5122.28 2484.25 38.0671 18.3989 -0.00558784 6.24176 0.287714 -0.000175016 
5036.7 3153.66 42.2151 18.216 -0.00468893 6.24496 0.299327 -0.000132796 
4953.09 3823.35 46.4648 18.0327 -0.00373799 6.24767 0.310939 -9.47079e-05 
4871.45 4493.27 50.8205 17.8459 -0.00305223 6.24999 0.322551 -6.20611e-05 
4791.82 5163.38 55.2602 17.6746 -0.00546696 6.252 0.334163 -3.57246e-05 
4714.13 5833.66 59.5175 17.7114 0.00193453 6.25375 0.345776 -1.64464e-05 
4636.9 6504.1 64.4005 17.2042 0.186031 6.25506 0.357388 -0.000478134 
4563.66 7174.64 85.04 5 0.0899994 4.27852 0.369 0 
4563.66 7174.64 85.04 5 0.0899994 4.27852 0.369 0 
4588.67 7397.38 91.622 5 -0.746616 2.40165 1.15369 0.864238 
4614.78 7548.03 66.0672 24.8827 0.650712 5.75007 -0.176776 0.146303 
4576.75 7827.35 92.9636 5 0.100544 6.23864 0.514904 -0.00992004 
4602.42 8125.39 99.9506 5 0.100544 6.21059 0.514904 -0.00395326 
4628.64 8422.35 106.938 5 0.100544 6.20663 0.514904 -0.00430582 
4655.39 8719.16 113.925 5 0.100544 6.20115 0.514904 -0.00460802 
4682.67 9015.76 120.912 5 0.100544 6.19409 0.514904 -0.00495729 
4710.5 9312.09 127.899 5 0.100544 6.18512 0.514904 -0.00529986 
4738.86 9608.07 134.886 5 0.100544 6.17411 0.514904 -0.00560081 
4767.76 9903.64 141.873 5 0.100544 6.16107 0.514904 -0.00575801 
4797.2 10198.7 148.86 5 0.100544 6.14688 0.514904 -0.00499906 
4827.17 10493.2 155.847 5 0.100544 6.13717 0.514904 -0.000503388 
4857.68 10787.4 162.834 5 0.100544 6.15201 0.514904 0.0104947 
4888.73 11082.1 169.821 5 0.100544 6.22185 0.514904 0.0105747 
4920.32 11379.5 176.808 5 0.100544 6.28 0.514904 -0.0431586 
4952.45 11679.1 183.795 5 0.100544 6.03974 0.514904 -0.152359 
4985.11 11969.5 190.782 5 0.100544 5.21784 0.514904 -0.26731 
5018.28 12228.3 197.769 5 0.100543 3.78757 0.514904 -0.348163 
5051.95 12432.2 204.756 5 0.100542 1.91588 0.514904 -0.381803 
5086.1 12564.2 211.742 5 0.100541 -0.171847 0.514904 -0.366734 
5120.72 12616 218.729 5 0.10054 -2.24258 0.514904 -0.304144 
5155.81 12588.2 225.716 5 0.100539 -4.0536 0.514904 -0.203643 
5191.39 12490.9 232.703 5 0.100538 -5.37308 0.514904 -0.0947622 
5227.47 12342.9 239.69 5 0.100538 -6.07877 0.514905 -0.0187351 
5264.06 12167.8 246.676 5 0.100537 -6.27677 0.514905 0.00840013 
5301.18 11985.1 253.663 5 0.100537 -6.24153 0.514905 0.00784143 
5338.84 11803.7 260.65 5 0.100537 -6.18306 0.514905 0.00298462 
5377.04 11624.6 267.637 5 0.100537 -6.15782 0.514906 0.00060318 
5415.78 11446.5 274.623 5 0.100537 -6.155 0.514905 -8.14786e-05 
5455.06 11268.5 281.61 5 0.100526 -6.16094 0.515106 -0.000178106 
5494.87 11090.2 288.596 5 0.101661 -6.16932 0.495532 -0.000126712 
5535.22 10911.6 295.626 5 -0.0095885 -6.17783 0.585035 -4.2529e-05 
5576.2 10732.7 298.383 5 -0.0360057 -6.18552 0.631888 5.42579e-06 
5617.41 10553.5 296.332 5 -0.0350603 -6.19257 0.615587 5.12474e-05 
5658.46 10374 294.318 5 -0.0341145 -6.19879 0.599282 8.0464e-05 
5699.36 10194.3 292.341 5 -0.0331685 -6.20428 0.582977 9.65066e-05 
5740.1 10014.4 290.399 5 -0.0322225 -6.20916 0.566671 0.000102364 
5780.69 9834.25 288.494 5 -0.0312766 -6.21351 0.550366 9.87931e-05 
5821.14 9653.97 286.626 5 -0.0303305 -6.2175 0.53406 7.8167e-05 
5861.44 9473.53 284.793 5 -0.0359031 -6.22171 0.517754 0.000321552 
5901.6 9292.94 282.747 5.1905 -0.0387305 -6.21388 0.501449 -0.000102638 
5941.02 9112.64 280.58 5.44359 -0.0402905 -6.22665 0.485143 3.91014e-05 
5979.5 8931.85 278.338 5.70657 -0.0432346 -6.23075 0.468837 4.58464e-05 
6016.99 8750.91 275.966 6.0174 -0.0439028 -6.23324 0.452531 3.3086e-05 
6053.35 8569.87 273.55 6.29761 -0.0249824 -6.23557 0.436224 2.29459e-05 
6088.65 8388.75 271.843 5.98238 0.00149192 -6.23752 0.419918 3.66003e-06 
6124.76 8207.55 271.173 5 -0.181497 -6.24287 0.403612 2.7245e-05 
6163.99 8026.14 263.534 9.63896 -1.10044 -6.26632 0.387306 0.000428764 
6189.05 7843.84 220.31 40 -0.0899997 -5.27806 0.369 0 
6189.05 7843.84 220.31 40 -0.0899997 -5.27806 0.369 0 
6122.06 7735.21 211.402 32.423 1.4 -6.28 -0.180941 0.000242519 
6070.57 7598.77 244.191 5.00817 -1.39908 -6.28 1.1332 0.000227749 
6083.44 7462.27 200.504 28.8084 -0.987167 -6.28 0.824834 0.000219562 
6040.71 7325.82 167.193 39.9819 -0.505941 -6.28 0.00306879 0.00021158 
5971.01 7189.38 146.743 39.9794 -0.505899 -6.28 0.00245171 0.000202845 
5900.18 7052.95 126.295 39.9779 -0.505767 -6.28 0.00146293 0.000194259 
5828.22 6916.52 105.853 39.976 -0.505561 -6.28 -0.000276016 0.000185826 
5755.12 6780.08 85.4174 39.9736 -0.505196 -6.28 -0.00351867 0.000177549 
5680.89 6643.65 64.995 39.97 -0.504617 -6.28 -0.00904814 0.00016943 
5605.53 6507.21 44.5932 39.9649 -0.503876 -6.28 -0.0190985 0.000161472 
5529.05 6370.78 24.2207 39.964 -0.511756 -6.28 0.138852 0.000153666 
5451.45 6234.35 3.65265 39.9501 0.0284372 -6.28 -0.01549 0.000146706 
5372.43 6097.91 0.0536516 32.3239 0.117421 -6.28 0.177243 0.000139316 
5310.12 5961.47 0.0543335 26.6949 -0.0214235 -6.28 0.295916 0.000131833 
5260.41 5825.01 0.0537608 25.305 -0.0325311 -6.28 0.316403 0.000124676 
5213.8 5688.55 0.0536617 24.5616 -0.0374667 -6.28 0.327596 0.000117704 
5168.84 5552.09 0.0538 24.1949 -0.0393002 -6.28 0.3351 0.000110914 
5124.7 5415.63 0.0537296 23.9346 -0.0411036 -6.28 0.34092 0.000104307 
5081.14 5279.17 0.0536475 23.8022 -0.0425208 -6.28 0.345026 9.78839e-05 
5037.87 5142.7 0.0536471 23.7656 -0.0432136 -6.28 0.348635 9.16483e-05 
4994.69 5006.24 0.0536909 23.7676 -0.0434277 -6.28 0.352043 8.56018e-05 
4951.5 4869.78 0.0537313 23.7742 -0.0434706 -6.28 0.355203 7.97464e-05 
4908.3 4733.32 0.0537542 23.776 -0.0434943 -6.28 0.358131 7.40841e-05 
4865.09 4596.85 0.0537692 23.7736 -0.0435264 -6.28 0.360885 6.86168e-05 
4821.89 4460.39 0.0537874 23.7689 -0.0435584 -6.28 0.363495 6.33467e-05 
4778.7 4323.93 0.0538136 23.7624 -0.0435846 -6.28 0.365966 5.82757e-05 
4735.53 4187.47 0.0538482 23.7542 -0.0436053 -6.28 0.368288 5.34056e-05 
4692.37 4051.01 0.0538895 23.7444 -0.0436235 -6.28 0.370451 4.87383e-05 
4649.23 3914.54 0.0539353 23.7334 -0.0436417 -6.28 0.372449 4.42755e-05 
4606.12 3778.08 0.0539837 23.7216 -0.0436615 -6.28 0.374271 4.00189e-05 
4563.04 3641.62 0.054033 23.7096 -0.0436835 -6.28 0.375913 3.59701e-05 
4519.98 3505.16 0.054082 23.6979 -0.0437077 -6.28 0.377368 3.21307e-05 
4476.94 3368.69 0.05413 23.687 -0.0437339 -6.28 0.378633 2.85021e-05 
4433.94 3232.23 0.0541765 23.6773 -0.0437613 -6.28 0.379701 2.50857e-05 
4390.95 3095.77 0.0542213 23.6689 -0.0437894 -6.28 0.380569 2.18827e-05 
4347.98 2959.31 0.0542644 23.6623 -0.0438169 -6.28 0.381234 1.88946e-05 
4305.03 2822.84 0.0543058 23.6573 -0.0438421 -6.28 0.381692 1.61223e-05 
4262.09 2686.38 0.0543457 23.6542 -0.0438619 -6.28 0.381939 1.35669e-05 
4219.15 2549.92 0.0543843 23.6527 -0.0438699 -6.28 0.381972 1.12295e-05 
4176.22 2413.46 0.0544218 23.6524 -0.0438533 -6.28 0.381789 9.11099e-06 
4133.29 2276.99 0.0544582 23.6524 -0.0437854 -6.28 0.381388 7.21213e-06 
4090.36 2140.53 0.054494 23.6502 -0.0436096 -6.28 0.380767 5.53368e-06 
4047.43 2004.07 0.0545294 23.6407 -0.0432052 -6.28 0.379924 4.07631e-06 
4004.52 1867.61 0.0545659 23.6128 -0.0423142 -6.28 0.37886 2.84057e-06 
3961.68 1731.14 0.0546051 23.5426 -0.0404108 -6.28 0.377569 1.82696e-06 
3918.99 1594.68 0.0546462 23.3794 -0.0364995 -6.28 0.376042 1.03586e-06 
3876.66 1458.22 0.0546772 23.0214 -0.0285085 -6.28 0.374271 4.67579e-07 
3835.13 1321.75 0.0547548 22.2604 -0.00953517 -6.28 0.372264 9.20664e-05 
3795.27 1185.29 0.00853858 20.4663 0.171034 -3.36221 0.369 0 
