grtopM_31_1
50
2 2
5 5 
0 2 1 3 4 
0 2 1 3 4 
536.12 104.164 412.265 3.82788e-11 
1353.34 82.4314 109.818 56.1462 
10.9412 2.1258 8.41358 7.81199e-13 
27.6191 1.68227 2.24118 1.14584 
2155.68 2.10139 1363.51 2304.22 
1.45022e-06 2.90595 2.93585 1.65052 
1542.72 4147.13 1552.74 40 1.14594 0 0.0124247 0 
1.0799e-10 2012.51 0.00828833 5.00017 0.954954 3.15279e-12 3.59632e-08 -2.67048e-16 
5.78068e-13 163.157 0.00828757 5.00737 1.21558e-10 3.14662e-11 3.68516e-08 -1.60232e-15 
5.77971e-13 1.13742e-11 0.0082876 5.00737 9.20329e-11 3.14669e-11 3.77908e-08 -1.60232e-15 
5.77971e-13 6.71338e-13 0.00828761 5.00737 9.20329e-11 3.14669e-11 3.87861e-08 -1.60232e-15 
5.77971e-13 6.71337e-13 0.00828761 5.00737 9.20329e-11 3.14669e-11 3.98437e-08 -1.60232e-15 
5.77971e-13 6.71337e-13 0.00828761 5.00737 9.20329e-11 3.14669e-11 4.09707e-08 -1.60232e-15 
5.77971e-13 6.71337e-13 0.00828761 5.00737 9.20329e-11 3.14669e-11 4.21756e-08 -1.60232e-15 
5.77971e-13 6.71338e-13 0.00828761 5.00737 9.20328e-11 3.14669e-11 4.34683e-08 -1.60232e-15 
5.77971e-13 6.71336e-13 0.00828761 5.00737 9.20329e-11 3.14669e-11 4.48607e-08 -1.60232e-15 
5.77971e-13 6.71337e-13 0.00828761 5.00737 9.20329e-11 3.14669e-11 4.63673e-08 -1.60232e-15 
5.77971e-13 6.71337e-13 0.00828761 5.00737 9.20329e-11 3.14669e-11 4.80056e-08 -1.60232e-15 
5.77971e-13 6.71337e-13 0.00828761 5.00737 9.20329e-11 3.14669e-11 4.9797e-08 -1.60232e-15 
5.77971e-13 6.71337e-13 0.00828761 5.00737 9.20329e-11 3.14669e-11 5.17681e-08 -1.60232e-15 
5.77971e-13 6.71337e-13 0.00828761 5.00737 9.20329e-11 3.14669e-11 5.39519e-08 -1.60232e-15 
5.77971e-13 6.71337e-13 0.00828761 5.00737 9.20329e-11 3.14669e-11 5.63899e-08 -1.60232e-15 
5.77971e-13 6.71337e-13 0.00828761 5.00737 9.20329e-11 3.14669e-11 5.91348e-08 -1.60232e-15 
5.77971e-13 6.71337e-13 0.00828761 5.00737 9.20329e-11 3.14669e-11 6.22535e-08 -1.60232e-15 
5.77971e-13 6.71337e-13 0.00828761 5.00737 9.20329e-11 3.14669e-11 6.5832e-08 -1.60232e-15 
5.77971e-13 6.71337e-13 0.00828761 5.00737 9.20329e-11 3.14669e-11 6.99813e-08 -1.60232e-15 
5.77971e-13 6.71337e-13 0.00828761 5.00737 9.20329e-11 3.14669e-11 7.48455e-08 -1.60232e-15 
5.77971e-13 6.71337e-13 0.00828761 5.00737 9.20329e-11 3.14669e-11 8.06119e-08 -1.60232e-15 
5.77971e-13 6.71337e-13 0.00828761 5.00737 9.20329e-11 3.14669e-11 8.75256e-08 -1.60232e-15 
5.77971e-13 6.71337e-13 0.00828761 5.00737 9.20329e-11 3.14669e-11 9.59071e-08 -1.60232e-15 
5.77971e-13 6.71337e-13 0.00828761 5.00737 9.20329e-11 3.14669e-11 1.06177e-07 -1.60232e-15 
5.77971e-13 6.71337e-13 0.00828761 5.00737 9.20329e-11 3.14669e-11 1.18885e-07 -1.60232e-15 
5.77971e-13 6.71337e-13 0.00828761 5.00737 9.20329e-11 3.14669e-11 1.34752e-07 -1.60232e-15 
5.77971e-13 6.71337e-13 0.00828761 5.00737 9.20329e-11 3.14669e-11 1.54722e-07 -1.60232e-15 
5.77971e-13 6.71337e-13 0.00828761 5.00737 9.20329e-11 3.14669e-11 1.80028e-07 -1.60232e-15 
5.77971e-13 6.71337e-13 0.00828761 5.00737 9.20329e-11 3.14669e-11 2.12281e-07 -1.60232e-15 
5.77971e-13 6.71337e-13 0.00828761 5.00737 9.20329e-11 3.14669e-11 2.53595e-07 -1.60232e-15 
5.77971e-13 6.71337e-13 0.00828761 5.00737 9.20329e-11 3.14669e-11 3.06753e-07 -1.60232e-15 
5.77971e-13 6.71337e-13 0.00828761 5.00737 9.20329e-11 3.14669e-11 3.75467e-07 -1.60232e-15 
5.77971e-13 6.71337e-13 0.00828761 5.00737 9.20329e-11 3.14669e-11 4.64784e-07 -1.60232e-15 
5.77971e-13 6.71337e-13 0.00828761 5.00737 9.20329e-11 3.14669e-11 5.81794e-07 -1.60232e-15 
5.77971e-13 6.71337e-13 0.00828761 5.00737 9.20328e-11 3.14669e-11 7.36977e-07 -1.60232e-15 
5.77971e-13 6.71337e-13 0.00828761 5.00737 9.20329e-11 3.14669e-11 9.47088e-07 -1.60232e-15 
5.77971e-13 6.71337e-13 0.00828761 5.00737 9.20329e-11 3.14669e-11 1.24211e-06 -1.60232e-15 
5.77971e-13 6.71337e-13 0.00828761 5.00737 9.20329e-11 3.14669e-11 1.68441e-06 -1.60232e-15 
5.77971e-13 6.71337e-13 0.00828761 5.00737 9.20329e-11 3.14669e-11 2.42833e-06 -1.60232e-15 
5.77971e-13 6.71337e-13 0.00828761 5.00737 9.20329e-11 3.14669e-11 3.92389e-06 -1.60232e-15 
5.77971e-13 6.71337e-13 0.00828761 5.00737 9.20329e-11 3.14669e-11 7.65009e-06 -1.60232e-15 
5.77971e-13 6.71337e-13 0.00828761 5.00737 9.20329e-11 3.14669e-11 1.87445e-05 -1.60232e-15 
5.77971e-13 6.71337e-13 0.00828761 5.00737 9.20329e-11 3.14669e-11 5.48214e-05 -1.60232e-15 
5.77971e-13 6.71337e-13 0.00828761 5.00737 9.20328e-11 3.14669e-11 0.000172042 -1.60232e-15 
5.77971e-13 6.71338e-13 0.00828761 5.00737 9.20327e-11 3.14669e-11 0.000529849 -1.60233e-15 
5.77971e-13 6.71333e-13 0.00828761 5.00737 9.20349e-11 3.1467e-11 0.00151247 -1.60233e-15 
5.77971e-13 -0.00620383 0.0082876 5.00017 0.651407 3.13603e-11 0.00477863 -6.91488e-16 
1.02467e-11 328.461 0.0082883 40 -1.4 1.58502e-10 0.00865416 -3.55997e-15 
927.936 3499.31 223.2 5.00737 -3.4975e-15 1.86617e-15 0.0114247 0 
927.936 3499.31 223.2 5.00737 -3.4975e-15 1.86617e-15 0.0114247 0 
945.942 3538.84 226.15 5 -1.19749 -2.09971 1.15369 -1.02856 
964.712 3522.67 197.336 27.0359 0.829467 -5.70956 -0.176776 -0.0252423 
933.964 3410.8 221.351 5.91636 0.192889 -6.27682 0.247081 0.000421578 
949.704 3283.84 229.378 5 0.151368 -6.27994 0.315355 0.000524948 
967.842 3156.8 236.343 5 0.151368 -6.27993 0.315355 0.000557115 
986.349 3029.75 243.308 5 0.151368 -6.27993 0.315355 0.000663693 
1005.23 2902.71 250.273 5 0.151368 -6.27992 0.315355 0.000689188 
1024.47 2775.67 257.237 5 0.151368 -6.27991 0.315355 0.000767224 
1044.09 2648.62 264.202 5 0.151368 -6.2799 0.315355 0.00146707 
1064.08 2521.58 271.167 5 0.151368 -6.27989 0.315355 0.00190253 
1084.44 2394.54 278.132 5 0.151368 -6.27988 0.315355 0.00108136 
1105.17 2267.5 285.097 5 0.151368 -6.27987 0.315355 0.00247233 
1126.26 2140.46 292.062 5 0.151368 -6.27986 0.315355 0.00255461 
1147.73 2013.41 299.027 5 0.151368 -6.27986 0.315355 0.00139727 
1169.57 1886.37 305.992 5 0.151368 -6.27985 0.315355 0.00307725 
1191.78 1759.33 312.956 5 0.151369 -6.27984 0.315344 0.00380956 
1214.36 1632.29 319.921 5 0.151327 -6.27983 0.316064 0.0530242 
1237.31 1505.25 326.885 5 0.154139 -6.27982 0.267608 0.109193 
1260.63 1378.21 333.924 5 -0.0351076 -6.27981 0.580699 0.161178 
1284.42 1251.17 335.942 5 -0.0875589 -6.2798 0.843878 0.153391 
1308.34 1124.13 332.367 5 -0.0866128 -6.27978 0.827571 0.174172 
1332.08 997.089 328.817 5 -0.0856668 -6.27976 0.811265 0.188546 
1355.63 870.051 325.291 5 -0.0847208 -6.27973 0.794959 0.178213 
1378.99 743.013 321.791 5 -0.0837747 -6.27968 0.778653 0.167782 
1402.16 615.976 318.316 5 -0.0828287 -6.2796 0.762347 0.160925 
1425.15 488.941 314.866 5 -0.0818827 -6.27947 0.746041 0.171956 
1447.95 361.91 311.442 5 -0.0809366 -6.27923 0.729735 0.203537 
1470.58 234.885 308.042 5 -0.07999 -5.10016 0.713429 0.449759 
1493.04 139.135 304.667 5 -0.0790425 -2.34431 0.697122 0.428622 
1515.38 116.483 301.318 5 -0.078095 0.38388 0.680816 0.407222 
1537.61 166.195 297.993 5 -0.0771476 3.08361 0.66451 0.385565 
1559.71 287.516 294.694 5 -0.0762002 5.75409 0.648204 0.101542 
1581.69 479.671 291.42 5 -0.0752539 6.27928 0.631898 0.0702257 
1603.51 685.756 288.171 5 -0.0743078 6.27947 0.615592 0.0420667 
1625.16 891.847 284.947 5 -0.0733618 6.27958 0.599286 0.0274317 
1646.63 1097.94 281.748 5 -0.0724158 6.27966 0.58298 0.0135689 
1667.94 1304.04 278.575 5 -0.0714697 6.27971 0.566673 0.00401271 
1689.07 1510.13 275.426 5 -0.0705237 6.27974 0.550367 0.00162598 
1710.04 1716.23 272.303 5 -0.0695777 6.27977 0.534061 0.000566883 
1730.84 1922.33 269.204 5 -0.0686316 6.2798 0.517755 3.80796e-05 
1751.48 2128.43 266.131 5 -0.0676856 6.27981 0.501449 -6.70986e-05 
1771.95 2334.53 263.083 5 -0.0667396 6.27983 0.485143 -6.22009e-05 
1792.26 2540.63 260.06 5 -0.0657935 6.27984 0.468837 -4.60978e-05 
1812.41 2746.73 257.061 5 -0.0648475 6.27985 0.452531 -3.21791e-05 
1832.4 2952.83 254.088 5 -0.0639014 6.27986 0.436224 -2.07186e-05 
1852.23 3158.93 251.141 5 -0.0629554 6.27986 0.419918 -1.17557e-05 
1871.9 3365.03 248.218 5 -0.254568 6.27986 0.403612 -5.30827e-06 
1891.52 3571.13 240.213 8.88586 -1.4 6.27992 0.387306 0.0101972 
1903.06 3777.24 201.66 38.9616 -0.09 4.55305 0.369 0 
1903.06 3777.24 201.66 38.9616 -0.09 4.55305 0.369 0 
317.445 3056.7 0.0409326 5 -1.4 -6.28 0.00278296 1.32435e-08 
7.231e-08 1198.68 0.0409323 5.04019 3.42524e-08 -2.8408e-05 0.00298966 -1.28405e-11 
4.37309e-08 2.87748e-07 0.0409323 5.04019 3.47691e-08 -5.79389e-06 0.00322533 -1.27611e-11 
4.37309e-08 5.07952e-08 0.0409323 5.04019 3.47474e-08 -5.79389e-06 0.00349615 -1.27611e-11 
4.37309e-08 5.07952e-08 0.0409323 5.04019 3.47218e-08 -5.79389e-06 0.00381025 -1.2761e-11 
4.37309e-08 5.07952e-08 0.0409323 5.04019 3.46912e-08 -5.79389e-06 0.00417836 -1.2761e-11 
4.37309e-08 5.07952e-08 0.0409323 5.04019 3.46543e-08 -5.79389e-06 0.004615 -1.27609e-11 
4.37309e-08 5.07952e-08 0.0409323 5.04019 3.4609e-08 -5.79389e-06 0.00514015 -1.27608e-11 
4.37309e-08 5.07952e-08 0.0409323 5.04019 3.45525e-08 -5.79389e-06 0.00578217 -1.27607e-11 
4.37309e-08 5.07952e-08 0.0409323 5.04019 3.44809e-08 -5.79389e-06 0.00658276 -1.27605e-11 
4.37309e-08 5.07952e-08 0.0409323 5.04019 3.43881e-08 -5.79389e-06 0.00760618 -1.27603e-11 
4.37309e-08 5.07952e-08 0.0409323 5.04019 3.42644e-08 -5.79389e-06 0.00895768 -1.276e-11 
4.37309e-08 5.07952e-08 0.0409323 5.04019 3.40929e-08 -5.79389e-06 0.0108211 -1.27597e-11 
4.37309e-08 5.07952e-08 0.0409323 5.04019 3.38409e-08 -5.79389e-06 0.0135328 -1.27593e-11 
4.37309e-08 5.07952e-08 0.0409323 5.04019 3.3442e-08 -5.79389e-06 0.0176984 -1.27589e-11 
4.37309e-08 5.07952e-08 0.0409323 5.04019 3.27651e-08 -5.79389e-06 0.0242435 -1.27584e-11 
4.37309e-08 5.07952e-08 0.0409323 5.04019 3.16638e-08 -5.79389e-06 0.0337449 -1.27577e-11 
4.37309e-08 5.07952e-08 0.0409323 5.04019 3.02586e-08 -5.79389e-06 0.0451428 -1.2757e-11 
4.37309e-08 5.07952e-08 0.0409323 5.04019 2.88398e-08 -5.79389e-06 0.0566981 -1.27562e-11 
4.37309e-08 5.07952e-08 0.0409323 5.04019 2.74225e-08 -5.79389e-06 0.0682502 -1.27552e-11 
4.37309e-08 5.07952e-08 0.0409323 5.04019 2.60055e-08 -5.79389e-06 0.0797988 -1.27541e-11 
4.37309e-08 5.07952e-08 0.0409323 5.04019 2.45888e-08 -5.79389e-06 0.0913437 -1.27528e-11 
4.37309e-08 5.07952e-08 0.0409323 5.04019 2.31724e-08 -5.79389e-06 0.102884 -1.27513e-11 
4.37309e-08 5.07952e-08 0.0409323 5.04019 2.17564e-08 -5.79389e-06 0.114421 -1.27495e-11 
4.37309e-08 5.07952e-08 0.0409323 5.04019 2.03407e-08 -5.79389e-06 0.125952 -1.27475e-11 
4.37309e-08 5.07952e-08 0.0409323 5.04019 1.89254e-08 -5.79389e-06 0.137478 -1.27452e-11 
4.37309e-08 5.07952e-08 0.0409323 5.04019 1.75106e-08 -5.79389e-06 0.148998 -1.27425e-11 
4.37309e-08 5.07952e-08 0.0409323 5.04019 1.60962e-08 -5.79389e-06 0.160511 -1.27394e-11 
4.37309e-08 5.07952e-08 0.0409323 5.04019 1.46823e-08 -5.79389e-06 0.172016 -1.27358e-11 
4.37309e-08 5.07952e-08 0.0409323 5.04019 1.3269e-08 -5.79389e-06 0.183513 -1.27315e-11 
4.37309e-08 5.07952e-08 0.0409323 5.04019 1.18562e-08 -5.79389e-06 0.195 -1.27264e-11 
4.37309e-08 5.07952e-08 0.0409323 5.04019 1.04443e-08 -5.79389e-06 0.206478 -1.27204e-11 
4.37309e-08 5.07952e-08 0.0409323 5.04019 9.03314e-09 -5.79389e-06 0.217944 -1.27131e-11 
4.37309e-08 5.07952e-08 0.0409323 5.04019 7.62309e-09 -5.79389e-06 0.229398 -1.27043e-11 
4.37309e-08 5.07952e-08 0.0409323 5.04019 6.21431e-09 -5.79389e-06 0.240839 -1.26934e-11 
4.37309e-08 5.07952e-08 0.0409323 5.04019 4.80704e-09 -5.79389e-06 0.252266 -1.26797e-11 
4.37309e-08 5.07952e-08 0.0409323 5.04019 3.40156e-09 -5.79389e-06 0.263677 -1.26624e-11 
4.37309e-08 5.07952e-08 0.0409323 5.04019 1.99827e-09 -5.79389e-06 0.275067 -1.26397e-11 
4.37309e-08 5.07952e-08 0.0409323 5.04019 5.97814e-10 -5.79389e-06 0.286429 -1.26095e-11 
4.37309e-08 5.07952e-08 0.0409323 5.04019 -7.98702e-10 -5.79389e-06 0.297752 -1.2568e-11 
4.37309e-08 5.07952e-08 0.0409323 5.04019 -2.18947e-09 -5.79389e-06 0.309021 -1.25091e-11 
4.37309e-08 5.07952e-08 0.0409323 5.04019 -3.57186e-09 -5.79389e-06 0.320212 -1.24222e-11 
4.37309e-08 5.07952e-08 0.0409323 5.04019 -4.9422e-09 -5.79389e-06 0.331286 -1.22875e-11 
4.37309e-08 5.07952e-08 0.0409323 5.04019 -6.2945e-09 -5.79389e-06 0.34217 -1.20657e-11 
4.37309e-08 5.07952e-08 0.0409323 5.04019 -7.61475e-09 -5.79389e-06 0.352702 -1.16727e-11 
4.41269e-08 5.07959e-08 0.0409323 5.04019 -1.63899e-09 -5.79369e-06 0.362458 4.89807e-10 
287.803 0.0171248 58.1097 5 -1.4 6.28 0.359126 9.29646e-09 
1687.6 2039.33 311.866 5 -1.4 6.28 0.371468 -5.32706e-09 
3140.77 4226.89 235.61 5.04019 -2.96742e-09 2.54811e-09 0.369 0 
3140.77 4226.89 235.61 5.04019 -2.96742e-09 2.54811e-09 0.369 0 
836.549 1922.67 0.0113621 5.00965 -2.35664e-13 -1.47955e-08 7.86539e-07 1.52128e-21 
1.11689e-10 65.0711 0.0113626 5.00964 6.21864e-22 -1.43867e-18 8.45834e-07 6.60019e-23 
1.22754e-11 2.32407e-11 0.0113626 5.00964 -1.81507e-21 -3.97894e-21 9.13631e-07 4.23816e-23 
1.22754e-11 1.42583e-11 0.0113626 5.00964 7.77475e-22 3.4136e-23 9.91838e-07 -1.71807e-22 
1.22754e-11 1.42583e-11 0.0113626 5.00964 1.92811e-21 6.37222e-23 1.08297e-06 -1.10655e-22 
1.22754e-11 1.42583e-11 0.0113626 5.00964 2.6708e-21 -4.9924e-23 1.1904e-06 -1.04838e-22 
1.22754e-11 1.42583e-11 0.0113626 5.00964 -3.56893e-22 -1.64904e-22 1.3188e-06 -1.56496e-21 
1.22754e-11 1.42583e-11 0.0113626 5.00964 1.99135e-22 -1.35704e-22 1.47482e-06 -5.12539e-23 
1.22754e-11 1.42583e-11 0.0113626 5.00964 1.83857e-21 -1.26597e-22 1.66843e-06 -1.0419e-22 
1.22754e-11 1.42583e-11 0.0113626 5.00964 -1.92824e-21 1.38423e-22 1.91574e-06 -1.51873e-21 
1.22754e-11 1.42583e-11 0.0113626 5.00964 2.6068e-22 6.90106e-23 2.24632e-06 -1.09504e-22 
1.22754e-11 1.42583e-11 0.0113626 5.00964 1.23008e-21 1.61936e-22 2.72476e-06 -2.4604e-22 
1.22754e-11 1.42583e-11 0.0113626 5.00964 -2.01446e-21 6.70342e-23 3.53254e-06 -1.11521e-21 
1.22754e-11 1.42583e-11 0.0113626 5.00964 -5.57103e-23 1.66272e-22 5.58681e-06 -1.23999e-22 
1.22754e-11 1.42583e-11 0.0113626 5.00964 -7.13253e-24 6.99356e-23 2.25469e-05 -9.59291e-22 
1.22754e-11 1.42583e-11 0.0113626 5.00964 2.49544e-22 1.67235e-22 0.000336829 5.87136e-22 
1.22754e-11 1.42583e-11 0.0113626 5.00964 4.49889e-21 6.49862e-23 0.0035074 3.34e-22 
1.22754e-11 1.42583e-11 0.0113626 5.00964 1.40908e-21 1.64619e-22 0.0140544 1.51588e-21 
1.22754e-11 1.42583e-11 0.0113626 5.00964 9.2625e-22 7.35384e-23 0.0256236 -7.16093e-22 
1.22754e-11 1.42583e-11 0.0113626 5.00964 -2.42379e-21 1.61561e-22 0.0371908 -6.3023e-22 
1.22754e-11 1.42583e-11 0.0113626 5.00964 8.70697e-22 7.19462e-23 0.0487559 6.88705e-23 
1.22754e-11 1.42583e-11 0.0113626 5.00964 -1.32415e-21 1.68031e-22 0.0603191 1.46197e-22 
1.22754e-11 1.42583e-11 0.0113626 5.00964 7.76156e-22 7.47399e-23 0.0718803 1.24067e-21 
1.22754e-11 1.42583e-11 0.0113626 5.00964 -2.13074e-22 1.71427e-22 0.0834398 -9.47288e-23 
1.22754e-11 1.42583e-11 0.0113626 5.00964 5.00274e-22 6.99863e-23 0.0949976 -1.45914e-22 
1.22754e-11 1.42583e-11 0.0113626 5.00964 2.74072e-22 1.71187e-22 0.106554 1.68059e-23 
1.22754e-11 1.42583e-11 0.0113626 5.00964 -1.75988e-21 7.57096e-23 0.11811 -9.61741e-23 
1.22754e-11 1.42583e-11 0.0113626 5.00964 1.77974e-21 1.67927e-22 0.129665 1.4981e-21 
1.22754e-11 1.42583e-11 0.0113626 5.00964 6.93079e-22 7.77244e-23 0.141219 2.669e-22 
1.22754e-11 1.42583e-11 0.0113626 5.00964 1.91941e-21 1.61854e-22 0.152774 5.39914e-23 
1.22754e-11 1.42583e-11 0.0113626 5.00964 2.86527e-21 6.76474e-23 0.164328 -2.86073e-23 
1.22754e-11 1.42583e-11 0.0113626 5.00964 3.03053e-21 1.6653e-22 0.175884 2.64567e-21 
1.22754e-11 1.42583e-11 0.0113626 5.00964 -5.68238e-22 7.28438e-23 0.18744 -3.07368e-21 
1.22754e-11 1.42583e-11 0.0113626 5.00964 -4.00004e-22 1.73475e-22 0.198996 -2.56233e-21 
1.22754e-11 1.42583e-11 0.0113626 5.00964 -1.12346e-21 7.45319e-23 0.210551 2.17721e-21 
1.22754e-11 1.42583e-11 0.0113626 5.00964 1.76676e-21 1.74352e-22 0.222103 1.5342e-22 
1.22754e-11 1.42583e-11 0.0113626 5.00964 -1.07056e-21 7.57897e-23 0.233652 4.85848e-21 
1.22754e-11 1.42583e-11 0.0113626 5.00964 1.75455e-21 1.73226e-22 0.245194 7.2923e-23 
1.22754e-11 1.42583e-11 0.0113626 5.00964 3.19619e-21 7.06778e-23 0.256727 -4.02364e-21 
1.22754e-11 1.42583e-11 0.0113626 5.00964 -7.66956e-22 1.77414e-22 0.268246 4.96791e-21 
1.22754e-11 1.42583e-11 0.0113626 5.00964 5.68727e-22 7.7432e-23 0.279751 6.29246e-23 
1.22754e-11 1.42583e-11 0.0113626 5.00964 3.04693e-21 1.80726e-22 0.291241 4.01015e-21 
1.22754e-11 1.42583e-11 0.0113626 5.00964 1.08157e-21 -2.02806e-22 0.302718 2.51933e-22 
1.22754e-11 1.42583e-11 0.0113626 5.00964 2.7813e-22 5.42379e-23 0.314189 -3.70722e-21 
1.22754e-11 1.42583e-11 0.0113626 5.00964 -1.30045e-21 9.33345e-23 0.32565 -9.57621e-21 
1.22754e-11 1.42583e-11 0.0113626 5.00964 -2.63888e-22 -4.88027e-23 0.337072 4.76589e-23 
1.22754e-11 1.42583e-11 0.0113626 5.00964 2.30829e-21 1.51003e-22 0.348465 -1.70481e-20 
1.53912e-10 1.82093e-10 0.0113626 5.00964 4.32276e-22 3.06428e-22 0.363484 -3.3196e-23 
1954.67 2135.81 0.00283135 5.00964 5.01766e-20 -1.77836e-22 0.369 0 
1542.72 4147.13 1552.74 40 1.14594 0 0.0124247 0 
1542.72 4147.13 1552.74 40 1.14594 6.40167e-09 0.0128036 -0.10766 
1542.72 4147.13 1552.74 39.998 1.20845 -0.535376 0.0116776 0.275723 
1298.92 4084.19 1581.16 38.5874 1.16375 0.581699 0.0106675 0.0475332 
1583.43 4050.18 1553.72 38.6409 1.14615 0.745712 0.0108525 -0.0117433 
1923.69 4034.5 1519.61 38.6516 1.15098 0.686475 0.0108918 -0.0168583 
2213.41 4014.08 1487.98 38.6752 1.15949 0.582146 0.0109082 -0.00591648 
2433.79 3985.35 1460.81 38.6961 1.16627 0.49764 0.0109343 -0.000787686 
2596.93 3950.04 1437.26 38.7177 1.17325 0.411105 0.0109396 0.012029 
2704.4 3907.96 1417.42 38.7347 1.17714 0.359953 0.0109548 0.0169623 
2774.88 3862.15 1399.79 38.7497 1.18034 0.317489 0.0109691 0.0207457 
2813.85 3813.29 1384 38.7626 1.1831 0.280843 0.0109787 0.0249775 
2825.22 3761.8 1369.78 38.7739 1.18501 0.254039 0.0109929 0.0261914 
2814.58 3708.51 1356.72 38.7849 1.18709 0.225485 0.0110063 0.0279069 
2781.91 3653.25 1344.88 38.797 1.18917 0.197007 0.0110038 0.0353844 
2728.1 3596.04 1334.3 38.8031 1.1888 0.197273 0.0110197 0.0323041 
2667.1 3539.27 1323.7 38.8131 1.18966 0.18373 0.0109863 0.0487107 
2592.62 3481.76 1313.74 38.8109 1.18374 0.248284 0.0110032 0.0370499 
2540.66 3430.17 1301.03 38.8122 1.18084 0.278903 0.0109957 0.0380931 
2493.87 3381.52 1287.03 38.8129 1.17649 0.326507 0.0109711 0.0429398 
2459.09 3337.26 1271.07 38.8016 1.16863 0.415892 0.0110144 0.0167499 
2453.99 3300.78 1251.25 38.8053 1.16925 0.406992 0.0110119 0.0197562 
2431.15 3263.72 1231.8 38.8101 1.16869 0.410491 0.011014 0.0205942 
2396.47 3227.27 1212.22 38.8137 1.16759 0.420446 0.0110153 0.0206986 
2352.81 3191.97 1192.23 38.8163 1.16608 0.43538 0.0110166 0.0200858 
2302.14 3158.23 1171.61 38.8182 1.16431 0.453422 0.0110181 0.0188951 
2245.45 3126.29 1150.24 38.8196 1.16244 0.472741 0.0110203 0.0171723 
2182.81 3096.24 1128.05 38.821 1.16066 0.49107 0.0110222 0.0156609 
2113.19 3067.99 1105.09 38.8225 1.15892 0.509107 0.0110237 0.0142874 
2035.92 3041.53 1081.36 38.8235 1.15716 0.527412 0.0110262 0.0124207 
1950.62 3016.83 1056.87 38.8247 1.1556 0.543563 0.0110288 0.0106697 
1855.76 2993.73 1031.7 38.8258 1.15426 0.557344 0.0110323 0.00882972 
1749.79 2971.98 1005.94 38.8273 1.15324 0.56743 0.011036 0.00729458 
1630.63 2951.28 979.757 38.8294 1.15252 0.574018 0.0110403 0.00604727 
1496.39 2931.33 953.296 38.8322 1.15206 0.577354 0.0110442 0.00548604 
1345.39 2911.88 926.696 38.8357 1.15165 0.579766 0.0110483 0.00515621 
1177.13 2892.87 899.997 38.84 1.15119 0.582204 0.0110517 0.00542029 
991.55 2874.39 873.199 38.8454 1.15038 0.587822 0.0110538 0.00625039 
790.02 2856.77 846.168 38.852 1.14882 0.600845 0.0110543 0.00760774 
575.756 2840.8 818.592 38.8603 1.14595 0.626981 0.0110527 0.00934367 
354.352 2827.82 789.917 38.8707 1.14109 0.673412 0.0110484 0.0112715 
134.293 2819.85 759.289 38.8831 1.13339 0.749192 0.0110406 0.0129601 
-72.4055 2819.77 725.467 38.8982 1.12186 0.86465 0.011029 0.0140509 
-249.881 2831.46 686.775 38.9167 1.10529 1.03239 0.0110124 0.0142114 
-377.69 2860.04 641.004 38.9396 1.08215 1.26825 0.0109893 0.0132187 
-429.695 2912.18 585.273 38.9686 1.05041 1.59323 0.0109567 0.0110722 
-372.198 2996.59 515.818 39.0049 1.00724 2.03652 0.0108724 0.00783897 
-160.796 3124.87 427.62 39.0559 0.942333 2.63916 0.0109145 0.00429806 
264.136 3319.06 311.144 39.8117 0.835495 3.488 0.00734656 -0.00070004 
995.182 3629.39 165.037 39.394 0.0589206 4.74617 0.0114247 0 
995.182 3629.39 165.037 39.394 0.0589206 4.74617 0.0114247 0 
952.893 3759.1 168.694 31.8785 1.37868 6.25131 -0.188388 -0.0135419 
922.869 3920.4 200.307 10.3119 0.544886 6.26368 -0.176775 -0.0136567 
930.798 4081.92 215.143 5 0.252165 6.16307 -0.0803185 -0.00039608 
948.408 4241.33 224.013 5 0.252165 6.15418 -0.0803185 -0.000158047 
966.39 4400.55 232.884 5 0.252165 6.14344 -0.0803184 -0.00106757 
984.745 4559.54 241.754 5 0.252165 6.13295 -0.0803183 -0.00148316 
1003.47 4718.32 250.625 5 0.252165 6.12084 -0.0803183 -0.00183679 
1022.57 4876.84 259.495 5 0.252165 6.10656 -0.0803182 -0.00211382 
1042.05 5035.06 268.366 5 0.252164 6.0896 -0.0803152 -0.00221722 
1061.89 5192.92 277.236 5 0.252173 6.06888 -0.0804697 -0.00296144 
1082.11 5350.35 286.107 5 0.251697 6.03725 -0.0722635 -0.00285742 
1102.7 5507.12 294.967 5 0.251024 6.00837 -0.060651 -0.00718692 
1123.67 5663.28 303.814 5 0.25035 5.97318 -0.0490385 -0.00848758 
1145 5818.7 312.646 5 0.249676 5.99003 -0.0374259 0.000451616 
1166.71 5974.47 321.465 5 0.249002 6.0282 -0.0258132 -0.0212194 
1188.79 6131.05 330.269 5 0.248328 5.55618 -0.0142003 -0.10606 
1211.23 6277.72 339.059 5 0.247654 4.195 -0.00258695 -0.195788 
1234.02 6395.81 347.834 5 0.246979 2.15322 0.00902724 -0.24052 
1257.15 6471.05 356.596 5 0.246303 -0.215998 0.020644 -0.22551 
1280.6 6496.56 365.344 5 0.245626 -2.58181 0.0322778 -0.156366 
1304.38 6472.41 374.077 5 -0.164442 -4.56493 0.827535 -0.0651186 
1328.67 6406.62 374.155 5 -0.163499 -5.73237 0.811254 -0.00718668 
1352.95 6316.34 368.489 5 -0.162554 -6.02546 0.794952 0.00277495 
1376.97 6219.9 362.842 5 -0.161608 -5.99949 0.778648 -9.34891e-05 
1400.77 6124.01 357.215 5 -0.160662 -5.99657 0.762343 -0.000998573 
1424.32 6028.18 351.609 5 -0.159716 -6.02117 0.746038 -0.000857712 
1447.64 5931.83 346.022 5 -0.15877 -6.0486 0.729732 -0.00062184 
1470.72 5834.91 340.454 5 -0.157824 -6.07251 0.713426 -0.000442831 
1493.57 5737.48 334.907 5 -0.156878 -6.09243 0.69712 -0.000315729 
1516.18 5639.64 329.38 5 -0.155932 -6.109 0.680815 -0.000225205 
1538.56 5541.45 323.872 5 -0.154986 -6.12292 0.664509 -0.000160218 
1560.71 5442.96 318.384 5 -0.15404 -6.13475 0.648203 -0.000113245 
1582.62 5344.23 312.917 5 -0.153094 -6.14492 0.631897 -7.91349e-05 
1604.31 5245.29 307.468 5 -0.152148 -6.15376 0.615591 -5.43335e-05 
1625.76 5146.16 302.04 5 -0.151202 -6.16152 0.599285 -3.63507e-05 
1646.99 5046.86 296.632 5 -0.150256 -6.16838 0.582978 -2.34119e-05 
1667.99 4947.43 291.244 5 -0.14931 -6.17449 0.566672 -1.423e-05 
1688.76 4847.86 285.875 5 -0.148364 -6.17997 0.550366 -7.85618e-06 
1709.31 4748.18 280.526 5 -0.147418 -6.18491 0.53406 -3.58089e-06 
1729.63 4648.39 275.197 5 -0.146472 -6.18939 0.517754 -8.64262e-07 
1749.72 4548.52 269.888 5 -0.145526 -6.19347 0.501448 7.17786e-07 
1769.6 4448.55 264.599 5 -0.14458 -6.19719 0.485142 1.52041e-06 
1789.25 4348.51 259.33 5 -0.143634 -6.20059 0.468836 1.81692e-06 
1808.67 4248.4 254.08 5 -0.142688 -6.20367 0.45253 1.53024e-06 
1827.88 4148.22 248.851 5 -0.141742 -6.20646 0.436224 4.79986e-07 
1846.86 4047.98 243.641 5 -0.140796 -6.20912 0.419918 -1.35029e-05 
1865.63 3947.69 238.451 5 -0.13985 -6.20016 0.403612 0.000357231 
1884.18 3847.58 233.281 5 -1.4 -4.78236 0.375534 8.67428e-05 
1903.06 3777.24 201.66 27.8925 -0.0332433 -3.71576 0.369 0 
1903.06 3777.24 201.66 27.8925 -0.0332433 -3.71576 0.369 0 
1871.42 3714.33 203.535 28.3027 1.11015 -0.788588 -0.188388 0.984779 
1838.39 3733.27 237.365 5 0.195221 3.61195 0.143221 0.451362 
1860.08 3875.24 246.655 5 0.195223 6.25617 0.143221 -0.0101888 
1882.36 4091.14 255.945 5 0.195223 6.21889 0.143221 -0.00194649 
1905.15 4306 265.234 5 0.195223 6.21448 0.143221 -0.00165226 
1928.46 4520.74 274.524 5 0.195223 6.21026 0.143221 -0.00159135 
1952.29 4735.36 283.814 5 0.195223 6.20564 0.143221 -0.00154993 
1976.64 4949.86 293.103 5 0.195223 6.20043 0.143221 -0.00150477 
2001.51 5164.2 302.393 5 0.195222 6.19432 0.143221 -0.00141081 
2026.91 5378.38 311.682 5 0.195222 6.18705 0.143221 -0.0012288 
2052.82 5592.35 320.972 5 0.195222 6.17835 0.143222 -0.000963277 
2079.25 5806.08 330.262 5 0.195222 6.16815 0.143222 -0.00071776 
2106.21 6019.52 339.551 5 0.195222 6.15708 0.143222 -0.000554531 
2133.68 6232.66 348.841 5 0.195222 6.14882 0.143222 0.000359489 
2161.68 6445.56 358.131 5 0.195222 6.15832 0.143222 0.00481612 
2190.19 6658.73 367.42 5 0.195222 6.21818 0.143223 0.00977912 
2219.23 6873.57 376.71 5 0.195222 6.28 0.143223 -0.0124748 
2248.79 7090.15 386 5 0.195223 5.9856 0.143209 -0.0819712 
2278.86 7298.48 395.289 5 0.195159 4.91067 0.144305 -0.165876 
2309.43 7476.76 404.577 5 0.199664 3.03716 0.0666245 -0.219138 
2340.48 7602.65 413.991 5 -0.120467 0.665702 0.827545 -0.22089 
2372.18 7662.22 409.403 5 -0.119525 -1.8201 0.811258 -0.173047 
2403.56 7652.28 404.019 5 -0.11858 -4.01654 0.794955 -0.0966588 
2434.6 7580.92 398.662 5 -0.117635 -5.52805 0.77865 -0.0295707 
2465.3 7467.29 393.331 5 -0.116689 -6.18179 0.762345 0.000820308 
2495.69 7335.37 388.027 5 -0.115743 -6.2597 0.746039 0.00401625 
2525.77 7201.28 382.749 5 -0.114797 -6.19811 0.729733 0.00151646 
2555.57 7068.91 377.497 5 -0.113851 -6.16721 0.713427 0.000327199 
2585.06 6937.4 372.272 5 -0.112905 -6.1641 0.697121 3.31667e-05 
2614.27 6805.99 367.073 5 -0.111959 -6.1705 0.680815 -1.75078e-05 
2643.18 6674.39 361.901 5 -0.111013 -6.1789 0.664509 -1.74805e-05 
2671.81 6542.55 356.756 5 -0.110067 -6.18699 0.648203 -8.18563e-06 
2700.14 6410.5 351.636 5 -0.109121 -6.19417 0.631897 1.56031e-06 
2728.19 6278.24 346.543 5 -0.108175 -6.20039 0.615591 9.606e-06 
2755.95 6145.8 341.477 5 -0.107229 -6.20578 0.599285 1.54804e-05 
2783.42 6013.22 336.437 5 -0.106283 -6.21047 0.582979 1.92412e-05 
2810.62 5880.5 331.424 5 -0.105337 -6.21458 0.566673 2.11175e-05 
2837.53 5747.67 326.437 5 -0.104391 -6.21821 0.550367 2.13961e-05 
2864.16 5614.74 321.476 5 -0.103445 -6.22144 0.534061 2.04016e-05 
2890.51 5481.72 316.542 5 -0.102499 -6.22433 0.517755 1.85273e-05 
2916.59 5348.61 311.635 5 -0.101553 -6.22689 0.501449 1.62662e-05 
2942.39 5215.44 306.753 5 -0.100607 -6.22916 0.485142 1.40222e-05 
2967.91 5082.2 301.899 5 -0.099661 -6.23115 0.468836 1.11819e-05 
2993.17 4948.91 297.07 5 -0.098715 -6.23291 0.45253 5.63752e-06 
3018.15 4815.56 292.269 5 -0.0977689 -6.23469 0.436224 2.26845e-06 
3042.86 4682.17 287.493 5 -0.0968229 -6.23678 0.419918 -0.000111043 
3067.31 4548.72 282.744 5 -0.138089 -6.21693 0.403612 0.00140965 
3091.51 4415.82 276.842 5.89809 -1.4 -4.17959 0.387306 8.59975e-05 
3114.12 4339.9 235.61 35.6478 -0.089999 -3.30244 0.369 0 
3114.12 4339.9 235.61 35.6478 -0.089999 -3.30244 0.369 0 
3085.93 4316.8 232.428 32.6008 1.39641 -1.79707 -0.188388 0.868575 
3060.73 4315.22 250.567 17.3222 1.25481 0.400038 -0.176775 -0.599424 
3053.62 4345.04 267.032 5 -0.928964 -1.34045 -0.156253 -0.770276 
3061.7 4349.96 252.557 17.5667 -1.4 -3.41604 1.10476 -0.717034 
3055.08 4325.22 231.06 29.9894 -0.541776 -5.421 0.142598 -0.160353 
3033.35 4271.83 221.548 32.5266 -0.297597 -6.1219 -0.130326 0.0015765 
3008.35 4208.41 215.469 32.3436 -0.296704 -6.11686 -0.118714 0.00773138 
2983.4 4145.07 209.407 32.1606 -0.29581 -6.08044 -0.107102 0.00719055 
2958.48 4082.25 203.363 31.9776 -0.294916 -6.04523 -0.0954897 0.00261759 
2933.59 4019.94 197.335 31.7947 -0.294023 -6.03344 -0.0838775 -0.000386365 
2908.75 3957.79 191.324 31.6117 -0.29313 -6.0382 -0.0722652 -0.000300928 
2883.94 3895.57 185.33 31.4287 -0.292237 -6.04256 -0.060653 0.000844703 
2859.17 3833.29 179.353 31.2458 -0.291343 -6.03982 -0.0490407 0.00170758 
2834.43 3771.05 173.393 31.0628 -0.290449 -6.03114 -0.0374285 0.00196252 
2809.74 3708.93 167.45 30.8798 -0.289554 -6.02012 -0.0258162 0.00179235 
2785.08 3646.97 161.524 30.6968 -0.288659 -6.00962 -0.014204 0.00153314 
2760.47 3585.16 155.615 30.5138 -0.287768 -6.00039 -0.00259176 0.00139611 
2735.89 3523.49 149.723 30.3309 -0.286881 -5.99159 0.00902049 0.00139545 
2711.36 3461.93 143.848 30.148 -0.285994 -5.98212 0.0206327 0.00145093 
2686.86 3400.52 137.989 29.9651 -0.285097 -5.97141 0.032245 0.00149422 
2662.41 3339.25 132.148 29.7822 -0.284183 -5.95942 0.0438572 0.00150428 
2638 3278.16 126.324 29.5991 -0.283258 -5.94636 0.0554695 0.00149321 
2613.63 3217.26 120.517 29.4157 -0.282355 -5.93233 0.0670817 0.0014801 
2589.31 3156.55 114.728 29.2321 -0.281515 -5.91724 0.078694 0.00147541 
2565.03 3096.06 108.954 29.0493 -0.280748 -5.90087 0.0903062 0.00147944 
2540.79 3035.8 103.196 28.8678 -0.279965 -5.88293 0.101918 0.00148815 
2516.6 2975.8 97.4532 28.6873 -0.278981 -5.86314 0.113531 0.00149832 
2492.45 2916.09 91.7286 28.5057 -0.277657 -5.84122 0.125143 0.00150943 
2468.34 2856.68 86.0271 28.3192 -0.276162 -5.81683 0.136755 0.00152288 
2444.29 2797.63 80.3512 28.1265 -0.275151 -5.78954 0.148367 0.00154087 
2420.29 2738.96 74.6942 27.9335 -0.275456 -5.75878 0.15998 0.00156622 
2396.35 2680.74 69.0372 27.7544 -0.277107 -5.72375 0.171592 0.00160381 
2372.46 2623.01 63.3608 27.6026 -0.278188 -5.68332 0.183204 0.00166422 
2348.57 2565.87 57.6724 27.4694 -0.275007 -5.63573 0.194816 0.00176958 
2324.68 2509.4 52.0325 27.3067 -0.265124 -5.57787 0.206429 0.00196021 
2300.81 2453.76 46.5376 27.0443 -0.252648 -5.50396 0.218041 0.00229569 
2277.08 2399.18 41.2271 26.6634 -0.251123 -5.40329 0.229653 0.00283697 
2253.64 2346.03 35.9472 26.294 -0.276424 -5.25735 0.241265 0.00359753 
2230.47 2294.97 30.3139 26.2269 -0.326534 -5.03825 0.252878 0.00447334 
2207.24 2247.05 23.9658 26.7038 -0.360088 -4.71217 0.26449 0.00520648 
2183.29 2203.78 17.1271 27.4939 -0.303688 -4.25175 0.276102 0.00545945 
2158.23 2167.1 11.0766 27.5896 -0.116425 -3.65529 0.287714 0.00500898 
2132.85 2138.95 7.70123 25.6322 0.10544 -2.96028 0.299327 0.0039222 
2109.55 2120.74 7.54282 24.1006 0.0832423 -2.23658 0.310939 0.00253715 
2088.01 2112.86 7.10256 23.5827 -0.121227 -1.56513 0.322551 0.00125673 
2067.13 2114.59 7.05133 25.3298 -0.367601 -1.03136 0.334163 0.00035587 
2044.31 2123.95 3.43762 29.5867 -0.348393 -0.749271 0.345776 -7.27832e-05 
2016.52 2137.35 0.00100788 33.2308 0.271855 -0.879853 0.357388 1.39486e-05 
1984.27 2148.89 2.0477 28.0756 1.4 -0.785044 0.369 0 
