grtopM_42_2
50
2 2
6 6 
0 4 3 2 1 5 
0 4 3 2 1 5 
66395 99.6773 9.38229e-12 121.994 16.4106 
90872.7 182.616 83.4082 61.1183 812.878 
1355 2.03423 1.91475e-13 2.48967 0.334911 
1854.55 3.72687 1.70221 1.24731 16.5893 
2.5557e-08 3.72314 2066.4 1.21144 2477.6 
5.14008e-07 2.34974 0.741205 5.1545e-07 1.85353 
338.17 1385.68 1058.46 5 0.240174 0 -0.0581706 0 
338.17 1385.68 1058.46 5 0.240174 1.44636e-08 -0.0581732 -0.0143944 
338.17 1385.68 1058.46 5 0.23753 0.872172 -0.0581681 0.0156522 
6077.52 1389.94 1041.06 5 0.240117 0.0187416 -0.0581706 -9.14756e-05 
5611.37 1390.03 1040.68 5 0.240094 0.0263246 -0.0581706 -8.26697e-05 
5182.44 1390.16 1040.16 5 0.24007 0.0341996 -0.0581706 -7.49268e-05 
4787.55 1390.33 1039.48 5 0.240045 0.0424627 -0.0581706 -6.77246e-05 
4423.91 1390.54 1038.63 5 0.240019 0.0511892 -0.0581706 -6.10005e-05 
4089.01 1390.79 1037.61 5 0.239991 0.0604582 -0.0581706 -5.47005e-05 
3780.5 1391.08 1036.4 5 0.239961 0.0703546 -0.0581707 -4.87807e-05 
3496.25 1391.43 1035 5 0.239928 0.0809698 -0.0581707 -4.31915e-05 
3234.3 1391.82 1033.38 5 0.239894 0.092402 -0.0581707 -3.78837e-05 
2992.86 1392.27 1031.54 5 0.239856 0.104757 -0.0581707 -3.28471e-05 
2770.26 1392.79 1029.45 5 0.239816 0.118152 -0.0581707 -2.79709e-05 
2565.02 1393.36 1027.09 5 0.239772 0.13271 -0.0581707 -2.33002e-05 
2375.71 1394.01 1024.44 5 0.239724 0.14857 -0.0581707 -1.87493e-05 
2201.08 1394.74 1021.48 5 0.239671 0.165881 -0.0581707 -1.42812e-05 
2039.94 1395.55 1018.17 5 0.239614 0.184806 -0.0581707 -9.88216e-06 
1891.23 1396.45 1014.48 5 0.239551 0.205524 -0.0581707 -5.49123e-06 
1753.95 1397.46 1010.38 5 0.239482 0.228233 -0.0581708 -1.0909e-06 
1627.19 1398.57 1005.83 5 0.239406 0.253146 -0.0581708 3.36817e-06 
1510.12 1399.81 1000.78 5 0.239324 0.280502 -0.0581708 7.92772e-06 
1401.97 1401.18 995.181 5 0.239232 0.31056 -0.0581709 1.25816e-05 
1302.03 1402.7 988.984 5 0.239132 0.343609 -0.0581709 1.74649e-05 
1209.67 1404.38 982.129 5 0.239022 0.379959 -0.058171 2.25272e-05 
1124.28 1406.23 974.548 5 0.238901 0.41996 -0.058171 2.78599e-05 
1045.31 1408.29 966.169 5 0.238767 0.463993 -0.0581711 3.35033e-05 
972.27 1410.56 956.911 5 0.23862 0.512478 -0.0581712 3.95033e-05 
904.685 1413.06 946.686 5 0.238458 0.565878 -0.0581713 4.59167e-05 
842.133 1415.83 935.396 5 0.23828 0.624703 -0.0581714 5.28147e-05 
784.224 1418.88 922.932 5 0.238083 0.689515 -0.0581716 6.02405e-05 
730.595 1422.25 909.175 5 0.237867 0.760932 -0.0581718 6.82739e-05 
680.915 1425.97 893.994 5 0.237628 0.839638 -0.0581721 7.70051e-05 
634.879 1430.08 877.242 5 0.237365 0.926384 -0.0581724 8.65115e-05 
592.203 1434.61 858.759 5 0.237075 1.022 -0.0581727 9.6772e-05 
552.618 1439.61 838.369 5 0.236756 1.1274 -0.0581732 0.000108126 
515.917 1445.12 815.876 5.00001 0.236403 1.24359 -0.0581739 0.000120438 
481.856 1451.21 791.065 5.00001 0.236015 1.37168 -0.0581749 0.000134046 
450.249 1457.92 763.699 5.00001 0.235587 1.5129 -0.0581765 0.000148874 
420.885 1465.33 733.517 5.00002 0.235115 1.66858 -0.0581796 0.000165285 
393.611 1473.5 700.23 5.00003 0.234592 1.84023 -0.0581874 0.000183723 
368.26 1482.54 663.512 5.02294 0.23394 2.02951 -0.0695583 0.000832862 
344.657 1522.78 629.88 5.0425 0.233348 2.2029 -0.0792714 0.00105635 
322.76 1589.71 598.662 5.03672 0.232819 2.38398 -0.0764056 -0.000607255 
434.941 1649.9 562.101 5.03094 0.231927 2.68485 -0.0735343 0.00107394 
1288.56 1703.91 517.805 5.02516 0.231246 2.9159 -0.0706616 0.000941392 
2162.07 1751.41 467.166 5.01937 0.230467 3.17942 -0.0677884 0.000848096 
3054.26 1792.54 409.535 5.01358 0.229586 3.47656 -0.0649149 0.00135083 
3949.54 1827.47 344.238 5.01093 0.225982 3.77488 -0.0620412 0.0163233 
4596.01 1864.72 254.369 39.9987 0.0856018 3.29542 -0.0571706 0 
4596.01 1864.72 254.369 39.9987 0.0856018 3.29542 -0.0571706 0 
4536.36 1991.98 252.207 30.1632 1.3568 6.28 -0.188388 -1.02859 
4496.03 2194.98 282.71 5 -0.272457 1.1217 -0.176776 -1.00718 
4509.14 2267.02 272.884 15.4481 -1.35528 -4.01174 1.12108 -0.185702 
4500.95 2208.77 235.148 36.1778 -0.375932 -6.28 -0.153551 0.000226759 
4448.14 2092.98 221.426 35.9948 -0.375039 -6.28 -0.141939 0.000353957 
4395 1977.19 207.735 35.8119 -0.374145 -6.28 -0.130327 0.000397905 
4341.54 1861.4 194.073 35.6289 -0.373253 -6.28 -0.118714 0.000367875 
4287.75 1745.61 180.442 35.446 -0.372363 -6.28 -0.107102 0.000376551 
4233.64 1629.82 166.841 35.2631 -0.371466 -6.28 -0.0954898 0.000336302 
4179.21 1514.03 153.27 35.0801 -0.370547 -6.28 -0.0838776 0.000316474 
4124.47 1398.24 139.73 34.8966 -0.369627 -6.28 -0.0722653 0.000311478 
4069.4 1282.45 126.221 34.7127 -0.368828 -6.28 -0.0606531 0.000295663 
4014.03 1166.66 112.739 34.5308 -0.36825 -6.28 -0.0490408 0.000288491 
3958.34 1050.87 99.2794 34.3548 -0.36741 -6.28 -0.0374286 0.000273751 
3902.32 935.079 85.8483 34.1787 -0.364892 -6.28 -0.0258163 0.000294818 
3845.97 819.287 72.4884 33.9701 -0.360776 -6.28 -0.0142041 0.000722224 
3789.37 703.495 59.2413 33.7035 -0.362923 -6.28 -0.00259184 0.00125569 
3732.64 587.703 45.9507 33.5094 -0.385089 -6.28 0.00902041 -0.00395094 
3675.64 471.91 32.1053 33.7625 -0.40923 -6.28 0.0206327 0.00583654 
3617.43 356.118 17.6368 34.4269 -0.327772 -6.28 0.0322449 0.310447 
3557.09 240.327 5.20892 33.3953 -0.0449741 -6.27999 0.0438571 0.60041 
3498.08 124.534 0.001 32.9323 0.0253446 -1.7193 0.0554694 0.578989 
3439.79 124.501 0.001 32.7493 0.0262394 2.81595 0.0670816 -0.416469 
3381.98 239.582 0.001 32.5663 0.0271301 -1.28397 0.0786939 -0.5359 
3324.45 250.597 0.001 32.3834 0.028022 -5.75835 0.0903061 0.414859 
3267.2 148.044 0.001 32.2004 0.028918 -1.47079 0.101918 0.492973 
3210.41 154.317 0.001 32.0174 0.0298139 2.9435 0.113531 0.0798272 
3154.08 272.634 0.001 31.8345 0.0307089 6.27953 0.125143 0.000453298 
3098.19 475.626 0.001 31.6515 0.0316023 6.27999 0.136755 -0.000130985 
3042.67 678.63 4.25399 31.4685 0.0324958 6.28 0.148367 -0.000126498 
2987.74 881.633 8.53709 31.2855 0.0333899 6.28 0.15998 -0.000116013 
2933.4 1084.64 12.8503 31.1026 0.0342842 6.28 0.171592 -0.000104705 
2879.65 1287.64 17.1937 30.9196 0.0351762 6.28 0.183204 -9.34414e-05 
2826.49 1490.64 21.5672 30.7366 0.0360627 6.28 0.194816 -8.25056e-05 
2773.93 1693.64 25.9706 30.5538 0.0369513 6.28 0.206429 -7.21051e-05 
2721.96 1896.65 30.404 30.371 0.0378743 6.28 0.218041 -6.23397e-05 
2670.59 2099.65 34.8683 30.1877 0.0388479 6.28 0.229653 -5.32362e-05 
2619.82 2302.65 39.3648 30.0028 0.0397251 6.28 0.241265 -4.48316e-05 
2569.65 2505.65 43.891 29.8186 0.0401519 6.28 0.252878 -3.71328e-05 
2520.09 2708.65 48.4355 29.6436 0.0402927 6.28 0.26449 -3.01459e-05 
2471.11 2911.65 52.9908 29.4818 0.0423723 6.28 0.276102 -2.38759e-05 
2422.7 3114.65 57.6054 29.2936 0.0495109 6.28 0.287714 -1.83276e-05 
2374.9 3317.65 62.4089 28.9857 0.0552067 6.28 0.299327 -1.3506e-05 
2327.96 3520.65 67.3694 28.6057 0.0307129 6.28 0.310939 -9.41615e-06 
2282.06 3723.65 71.7238 28.7485 -0.040396 6.28 0.322551 -6.06002e-06 
2236.13 3926.65 74.2674 30.2279 -0.0310071 6.28 0.334163 -3.43647e-06 
2187.32 4129.65 76.9891 31.2683 0.377843 6.28 0.345776 -1.54812e-06 
2136.32 4332.65 90.046 24.2283 1.06864 6.28 0.357388 -0.000180539 
2099.95 4535.65 120.923 5 0.09 4.12752 0.369 0 
2099.95 4535.65 120.923 5 0.09 4.12752 0.369 0 
33.5464 2469.25 0.0255521 5.02411 -0.000267172 -5.96473 9.97715e-05 4.72056e-12 
1.83472e-09 402.842 0.0255526 5.02489 3.3787e-13 -3.00352e-09 0.000107652 -1.04626e-16 
1.46421e-09 3.39894e-09 0.0255526 5.02489 3.85183e-13 -4.72932e-11 0.000116836 -1.04675e-16 
1.46421e-09 1.45327e-09 0.0255526 5.02489 3.85095e-13 -4.72932e-11 0.000127693 -1.04665e-16 
1.46421e-09 1.4533e-09 0.0255526 5.02489 3.84998e-13 -4.72932e-11 0.000140754 -1.04677e-16 
1.46421e-09 1.4533e-09 0.0255526 5.02489 3.84888e-13 -4.72932e-11 0.000156803 -1.04681e-16 
1.46421e-09 1.4533e-09 0.0255526 5.02489 3.84762e-13 -4.72932e-11 0.000177044 -1.04661e-16 
1.46421e-09 1.4533e-09 0.0255526 5.02489 3.84615e-13 -4.72932e-11 0.000203433 -1.04671e-16 
1.46421e-09 1.4533e-09 0.0255526 5.02489 3.84446e-13 -4.72932e-11 0.000239351 -1.047e-16 
1.46421e-09 1.4533e-09 0.0255526 5.02489 3.8426e-13 -4.72932e-11 0.000291207 -1.04636e-16 
1.46421e-09 1.4533e-09 0.0255526 5.02489 3.84081e-13 -4.72932e-11 0.000372576 -1.0464e-16 
1.46421e-09 1.4533e-09 0.0255526 5.02489 3.83982e-13 -4.72932e-11 0.000515997 -1.0472e-16 
1.46421e-09 1.4533e-09 0.0255526 5.02489 3.84178e-13 -4.72932e-11 0.000809235 -1.04642e-16 
1.46421e-09 1.4533e-09 0.0255526 5.02489 3.85368e-13 -4.72932e-11 0.00151396 -1.04656e-16 
1.46421e-09 1.4533e-09 0.0255526 5.02489 3.89072e-13 -4.72932e-11 0.0034172 -1.04623e-16 
1.46421e-09 1.4533e-09 0.0255526 5.02489 3.9216e-13 -4.72932e-11 0.00822694 -1.04679e-16 
1.46421e-09 1.4533e-09 0.0255526 5.02489 3.80194e-13 -4.72932e-11 0.0169623 -1.04695e-16 
1.46421e-09 1.4533e-09 0.0255526 5.02489 3.5747e-13 -4.72932e-11 0.028274 -1.04708e-16 
1.46421e-09 1.4533e-09 0.0255526 5.02489 3.44529e-13 -4.72932e-11 0.0398297 -1.04652e-16 
1.46421e-09 1.4533e-09 0.0255526 5.02489 3.32916e-13 -4.72932e-11 0.0513842 -1.04709e-16 
1.46421e-09 1.4533e-09 0.0255526 5.02489 3.21307e-13 -4.72932e-11 0.0629376 -1.04691e-16 
1.46421e-09 1.4533e-09 0.0255526 5.02489 3.09703e-13 -4.72932e-11 0.07449 -1.04888e-16 
1.46421e-09 1.4533e-09 0.0255526 5.02489 2.98105e-13 -4.72932e-11 0.0860414 -1.04672e-16 
1.46421e-09 1.4533e-09 0.0255526 5.02489 2.86514e-13 -4.72932e-11 0.0975917 -1.04767e-16 
1.46421e-09 1.4533e-09 0.0255526 5.02489 2.74931e-13 -4.72932e-11 0.109141 -1.0468e-16 
1.46421e-09 1.4533e-09 0.0255526 5.02489 2.63355e-13 -4.72932e-11 0.120689 -1.04671e-16 
1.46421e-09 1.4533e-09 0.0255526 5.02489 2.51787e-13 -4.72932e-11 0.132236 -1.04524e-16 
1.46421e-09 1.4533e-09 0.0255526 5.02489 2.40226e-13 -4.72932e-11 0.143781 -1.04549e-16 
1.46421e-09 1.4533e-09 0.0255526 5.02489 2.28672e-13 -4.72932e-11 0.155325 -1.04688e-16 
1.46421e-09 1.4533e-09 0.0255526 5.02489 2.17122e-13 -4.72932e-11 0.166865 -1.04716e-16 
1.46421e-09 1.4533e-09 0.0255526 5.02489 2.05574e-13 -4.72932e-11 0.178402 -1.04544e-16 
1.46421e-09 1.4533e-09 0.0255526 5.02489 1.94026e-13 -4.72932e-11 0.189934 -1.04514e-16 
1.46421e-09 1.4533e-09 0.0255526 5.02489 1.82474e-13 -4.72932e-11 0.20146 -1.04573e-16 
1.46421e-09 1.4533e-09 0.0255526 5.02489 1.70916e-13 -4.72932e-11 0.212979 -1.04482e-16 
1.46421e-09 1.4533e-09 0.0255526 5.02489 1.59354e-13 -4.72932e-11 0.224488 -1.04324e-16 
1.46421e-09 1.4533e-09 0.0255526 5.02489 1.4779e-13 -4.72932e-11 0.235987 -1.04355e-16 
1.46421e-09 1.4533e-09 0.0255526 5.02489 1.36236e-13 -4.72932e-11 0.247475 -1.04247e-16 
1.46421e-09 1.4533e-09 0.0255526 5.02489 1.24708e-13 -4.72932e-11 0.258952 -1.04115e-16 
1.46421e-09 1.4533e-09 0.0255526 5.02489 1.13227e-13 -4.72932e-11 0.270419 -1.03833e-16 
1.46421e-09 1.4533e-09 0.0255526 5.02489 1.01808e-13 -4.72932e-11 0.281879 -1.03772e-16 
1.46421e-09 1.4533e-09 0.0255526 5.02489 9.04552e-14 -4.72932e-11 0.29333 -1.03159e-16 
1.46421e-09 1.4533e-09 0.0255526 5.02489 7.91314e-14 -4.72932e-11 0.304768 -1.03025e-16 
1.46421e-09 1.4533e-09 0.0255526 5.02489 6.76572e-14 -4.72932e-11 0.31617 -1.02192e-16 
1.46421e-09 1.4533e-09 0.0255526 5.02489 5.53645e-14 -4.72932e-11 0.327433 -1.01365e-16 
1.46421e-09 1.4533e-09 0.0255526 5.02489 4.06946e-14 -4.72932e-11 0.338187 -9.96638e-17 
1.46421e-09 1.4533e-09 0.0255526 5.02489 2.45465e-14 -4.72932e-11 0.347578 -9.6622e-17 
2.995e-09 1.4533e-09 0.0255526 5.02489 -6.14324e-11 -4.20299e-11 0.357991 3.24711e-13 
313.676 4.47916e-09 0.917694 5.03933 -1.38489 0.356119 0.361956 -3.23933e-13 
2380.08 328.901 272.43 5.02489 -1.57069e-11 2.66134e-12 0.369 0 
2380.08 328.901 272.43 5.02489 -1.57069e-11 2.66134e-12 0.369 0 
2397.45 376.447 272.211 5 -0.987874 -1.20948 1.15369 -1.02859 
2415.46 386.419 241.305 27.1032 0.105929 -4.1866 -0.176776 -0.511738 
2375.76 303.952 243.278 20.705 0.656354 -6.28 -0.165163 0.892209 
2351.73 156.442 262.667 5 -0.642426 -5.81506 0.688628 0.964367 
2368.81 23.3432 244.916 21.9993 -0.131073 -2.95298 -0.141939 0.387542 
2342.23 -18.3887 242.203 24.6108 -0.0731158 -1.07782 -0.130327 -0.00076706 
2308.98 -1.86364 241.16 24.3026 -0.0341042 -1.60816 -0.118714 2.52808e-05 
2276.4 -1.81406 241.345 24.1242 -0.0333414 -1.60892 -0.107102 -6.95207e-07 
2244.28 -1.78857 241.562 23.948 -0.0312308 -1.60891 -0.0954898 2.22725e-05 
2212.61 -1.76301 241.854 23.7416 -0.0271845 -1.60886 -0.0838776 -6.24321e-06 
2181.47 -1.73642 242.281 23.4654 -0.0301395 -1.60894 -0.0722653 6.56498e-05 
2151.04 -1.71296 242.631 23.2991 -0.0603743 -1.60894 -0.0606531 -8.0885e-06 
2121.07 -1.68985 242.049 23.8651 -0.084571 -1.6089 -0.0490408 2.07191e-05 
2089.66 -1.66426 240.688 24.8725 0.112563 -1.60891 -0.0374286 1.97225e-05 
2055.55 -1.63701 245.4 21.0009 0.652809 -1.60898 -0.0258163 -6.19333e-05 
2031.02 -1.61932 267.088 5.12873 0.0877788 -1.60875 0.574967 0.00108467 
2047.71 -1.62632 272.014 5 0.0829021 -1.53118 0.584145 0.000632444 
2067.45 -1.64652 276.794 5 0.0829021 -1.53103 0.584145 0.000139888 
2087.49 -1.66221 281.575 5 0.0829021 -1.53096 0.584145 -6.25699e-05 
2107.83 -1.67563 286.355 5 0.0829021 -1.53119 0.584145 -3.91888e-05 
2128.46 -1.69614 291.136 5 0.0829021 -1.531 0.584145 -1.20315e-06 
2149.39 -1.71071 295.916 5 0.0829021 -1.53107 0.584145 -3.37616e-05 
2170.62 -1.72756 300.697 5 0.0829021 -1.53108 0.584145 -1.95368e-07 
2192.15 -1.74466 305.477 5 0.0829022 -1.53108 0.584143 0.000143331 
2213.97 -1.76192 310.258 5 0.0828901 -1.53109 0.584351 -2.48259e-05 
2236.1 -1.77926 315.038 5 0.0838454 -1.53109 0.567886 3.37224e-06 
2258.51 -1.79672 319.848 5 0.00837151 -1.5311 0.665135 7.97645e-05 
2281.28 -1.81443 322.313 5 -0.0271138 -1.53112 0.713429 2.01199e-05 
2304.22 -1.83302 321.253 5 -0.0261677 -1.53093 0.697122 3.2765e-05 
2327.09 -1.84557 320.222 5 -0.0252216 -1.36946 0.680816 6.46759e-05 
2349.91 3.15797 319.221 5 -0.0242759 -2.03413 0.66451 -0.386347 
2372.64 -10.0635 318.249 5 -0.0233309 -3.90953 0.648204 0.345265 
2395.27 -83.9671 317.307 5 -0.0223839 -2.10816 0.631898 0.343531 
2417.88 -101.911 316.394 5 -0.0214369 -0.307521 0.615592 0.322122 
2440.48 -63.9187 315.51 5 -0.02049 1.4586 0.599286 0.300714 
2463.07 28.9381 314.656 5 -0.0304105 3.19016 0.58298 0.279306 
2485.65 178.008 313.494 5.25684 -0.0316782 4.88711 0.566673 0.251968 
2507.56 379.795 312.279 5.51404 -0.0329599 6.28 0.550367 0.161668 
2528.8 624.852 311.012 5.77183 -0.0341641 6.28 0.534061 0.110582 
2549.31 869.909 309.694 6.02826 -0.035116 6.28 0.517755 0.0703054 
2569.1 1114.97 308.335 6.27763 -0.0362276 6.28 0.501449 0.038358 
2588.19 1360.03 306.928 6.52516 -0.0395687 6.28 0.485143 0.0160508 
2606.58 1605.08 305.405 6.82389 -0.0456022 6.28 0.468837 0.00736595 
2624.13 1850.14 303.68 7.22711 -0.0391573 6.28 0.452531 0.000567872 
2640.57 2095.2 302.135 7.41875 0.010056 6.28 0.436224 -6.27556e-05 
2656.41 2340.27 302.109 6.43082 0.0382035 6.28 0.419918 -4.0574e-05 
2674.68 2585.32 303.007 5 -0.301071 6.28 0.403612 -2.0268e-05 
2696.78 2830.38 293.436 11.8997 -1.25625 6.28 0.387306 -0.0224081 
2701.71 3075.45 253.85 40 -0.09 5.03992 0.369 0 
2701.71 3075.45 253.85 40 -0.09 5.03992 0.369 0 
721.659 1084.56 0.016034 5.01568 3.95616e-12 -1.92652e-09 8.94684e-06 -1.44457e-18 
-1.4304e-10 4.3093 0.01604 5.01568 3.10114e-15 -1.52188e-12 9.89632e-06 -1.4431e-18 
5.57418e-11 6.69181e-11 0.01604 5.01568 3.12595e-15 -6.51418e-13 1.10274e-05 -1.44458e-18 
6.47805e-11 6.40567e-11 0.01604 5.01568 3.12591e-15 -6.51943e-13 1.23928e-05 -1.44361e-18 
6.51318e-11 6.46262e-11 0.01604 5.01568 3.12588e-15 -6.51944e-13 1.40689e-05 -1.44424e-18 
6.51431e-11 6.46567e-11 0.01604 5.01568 3.12584e-15 -6.51944e-13 1.61712e-05 -1.44443e-18 
6.51434e-11 6.46578e-11 0.01604 5.01568 3.12579e-15 -6.51944e-13 1.8882e-05 -1.44294e-18 
6.51434e-11 6.46578e-11 0.01604 5.01568 3.12572e-15 -6.51944e-13 2.25049e-05 -1.44472e-18 
6.51434e-11 6.46578e-11 0.01604 5.01568 3.1256e-15 -6.51944e-13 2.75776e-05 -1.44376e-18 
6.51434e-11 6.46578e-11 0.01604 5.01568 3.12543e-15 -6.51944e-13 3.51509e-05 -1.44384e-18 
6.51434e-11 6.46578e-11 0.01604 5.01568 3.1251e-15 -6.51944e-13 4.76273e-05 -1.44275e-18 
6.51434e-11 6.46578e-11 0.01604 5.01568 3.12441e-15 -6.51944e-13 7.17286e-05 -1.44343e-18 
6.51434e-11 6.46578e-11 0.01604 5.01568 3.12253e-15 -6.51944e-13 0.000129767 -1.44089e-18 
6.51434e-11 6.46578e-11 0.01604 5.01568 3.11656e-15 -6.51944e-13 0.000300681 -1.44199e-18 
6.51434e-11 6.46578e-11 0.01604 5.01568 3.09691e-15 -6.51944e-13 0.000847125 -1.44422e-18 
6.51434e-11 6.46578e-11 0.01604 5.01568 3.03462e-15 -6.51944e-13 0.00255593 -1.44531e-18 
6.51434e-11 6.46578e-11 0.01604 5.01568 2.83946e-15 -6.51944e-13 0.0075601 -1.44767e-18 
6.51434e-11 6.46578e-11 0.01604 5.01568 2.41468e-15 -6.51944e-13 0.0183508 -1.44243e-18 
6.51434e-11 6.46578e-11 0.01604 5.01568 2.21467e-15 -6.51944e-13 0.0299022 -1.43883e-18 
6.51434e-11 6.46578e-11 0.01604 5.01568 2.05452e-15 -6.51944e-13 0.0414505 -1.44004e-18 
6.51434e-11 6.46578e-11 0.01604 5.01568 1.89443e-15 -6.51944e-13 0.0529953 -1.44487e-18 
6.51434e-11 6.46578e-11 0.01604 5.01568 1.73438e-15 -6.51944e-13 0.0645363 -1.44595e-18 
6.51434e-11 6.46578e-11 0.01604 5.01568 1.57441e-15 -6.51944e-13 0.0760733 -1.44475e-18 
6.51434e-11 6.46578e-11 0.01604 5.01568 1.41449e-15 -6.51944e-13 0.087606 -1.44609e-18 
6.51434e-11 6.46578e-11 0.01604 5.01568 1.25463e-15 -6.51944e-13 0.0991342 -1.44487e-18 
6.51434e-11 6.46578e-11 0.01604 5.01568 1.09486e-15 -6.51944e-13 0.110658 -1.44357e-18 
6.51434e-11 6.46578e-11 0.01604 5.01568 9.35118e-16 -6.51944e-13 0.122177 -1.44308e-18 
6.51434e-11 6.46578e-11 0.01604 5.01568 7.75444e-16 -6.51944e-13 0.133691 -1.44526e-18 
6.51434e-11 6.46578e-11 0.01604 5.01568 6.15801e-16 -6.51944e-13 0.145202 -1.45047e-18 
6.51434e-11 6.46578e-11 0.01604 5.01568 4.56195e-16 -6.51944e-13 0.156709 -1.44087e-18 
6.51434e-11 6.46578e-11 0.01604 5.01568 2.96612e-16 -6.51944e-13 0.168213 -1.43563e-18 
6.51434e-11 6.46578e-11 0.01604 5.01568 1.37032e-16 -6.51944e-13 0.179715 -1.44288e-18 
6.51434e-11 6.46578e-11 0.01604 5.01568 -2.25478e-17 -6.51944e-13 0.191215 -1.44564e-18 
6.51434e-11 6.46578e-11 0.01604 5.01568 -1.82101e-16 -6.51944e-13 0.202714 -1.44743e-18 
6.51434e-11 6.46578e-11 0.01604 5.01568 -3.41612e-16 -6.51944e-13 0.214212 -1.44329e-18 
6.51434e-11 6.46578e-11 0.01604 5.01568 -5.01024e-16 -6.51944e-13 0.225707 -1.44098e-18 
6.51434e-11 6.46578e-11 0.01604 5.01568 -6.60237e-16 -6.51944e-13 0.237198 -1.44331e-18 
6.51434e-11 6.46578e-11 0.01604 5.01568 -8.19135e-16 -6.51944e-13 0.248679 -1.43964e-18 
6.51434e-11 6.46578e-11 0.01604 5.01568 -9.77568e-16 -6.51944e-13 0.260143 -1.42851e-18 
6.51434e-11 6.46578e-11 0.01604 5.01568 -1.13542e-15 -6.51944e-13 0.271585 -1.43935e-18 
6.51434e-11 6.46578e-11 0.01604 5.01568 -1.29266e-15 -6.51944e-13 0.282995 -1.43418e-18 
6.51434e-11 6.46578e-11 0.01604 5.01568 -1.44937e-15 -6.51944e-13 0.294372 -1.44633e-18 
6.51432e-11 6.46578e-11 0.01604 5.01568 -1.60584e-15 -6.51944e-13 0.305717 -1.46041e-18 
6.51341e-11 6.46578e-11 0.01604 5.01568 -1.76252e-15 -6.51944e-13 0.317047 -1.43633e-18 
6.48254e-11 6.46557e-11 0.01604 5.01568 -1.91923e-15 -6.51944e-13 0.328377 -1.44501e-18 
5.38912e-11 6.459e-11 0.01604 5.01568 -2.07904e-15 -6.51954e-13 0.339668 -1.43687e-18 
-4.29107e-10 6.24003e-11 0.01604 5.01568 -5.24339e-12 -4.3649e-13 0.350823 1.53333e-15 
1209.66 2.24363e-10 2.27766 5 -1.4 0.898886 0.362688 -1.53641e-15 
3687.78 900.933 0.00105302 5.01568 -1.90639e-13 1.06799e-14 0.369 0 
338.17 1385.68 1058.46 5 0.240174 0 -0.0581706 0 
338.17 1385.68 1058.46 5 0.240174 2.27179e-09 -0.0581726 -0.0107797 
338.17 1385.68 1058.46 5.00257 0.237455 0.893951 -0.0594446 0.0112806 
8389.54 1396.31 1035.1 5.00271 0.239885 0.0921074 -0.059518 0.000151436 
8136.07 1401.83 1033.7 5.00302 0.239879 0.093735 -0.0596686 0.000113586 
7832.22 1407.92 1032.37 5.00335 0.239863 0.0987956 -0.0598316 0.000119058 
7512.63 1414.63 1031.05 5.0037 0.239845 0.104212 -0.0600065 0.000124022 
7180.32 1422.02 1029.72 5.00407 0.239826 0.110084 -0.060193 0.00012879 
6839.25 1430.12 1028.38 5.00447 0.239805 0.1165 -0.0603905 0.000133679 
6494.01 1438.99 1027.03 5.00489 0.239783 0.123533 -0.0605979 0.000139102 
6149.61 1448.66 1025.67 5.00532 0.239758 0.131236 -0.060814 0.00014547 
5811.11 1459.17 1024.26 5.00577 0.239731 0.139632 -0.0610375 0.000153151 
5483.27 1470.55 1022.82 5.00624 0.239702 0.148719 -0.0612663 0.000162356 
5170.25 1482.82 1021.31 5.0067 0.23967 0.158474 -0.0614986 0.000173147 
4875.33 1496 1019.73 5.00717 0.239637 0.168868 -0.0617322 0.000185369 
4600.79 1510.11 1018.06 5.00764 0.239602 0.179877 -0.0619648 0.000198791 
4347.96 1525.14 1016.29 5.0081 0.239565 0.191492 -0.062194 0.000213061 
4117.27 1541.08 1014.38 5.00855 0.239527 0.203734 -0.0624178 0.000227822 
3908.44 1557.91 1012.32 5.00899 0.239486 0.216652 -0.062634 0.000242724 
3720.62 1575.62 1010.09 5.00941 0.239443 0.230332 -0.0628406 0.000257492 
3552.6 1594.18 1007.66 5.0098 0.239398 0.244897 -0.0630361 0.00027186 
3402.94 1613.54 1004.99 5.01017 0.239349 0.260508 -0.0632189 0.000285674 
3270.11 1633.68 1002.04 5.01051 0.239297 0.277362 -0.0633882 0.000298804 
3152.52 1654.54 998.779 5.01082 0.23924 0.295695 -0.0635429 0.000311173 
3048.67 1676.09 995.14 5.0111 0.239178 0.315788 -0.0636826 0.000322749 
2957.1 1698.29 991.069 5.01135 0.23911 0.337962 -0.0638069 0.000333541 
2876.47 1721.08 986.494 5.01157 0.239035 0.362588 -0.0639157 0.00034356 
2805.55 1744.44 981.337 5.01176 0.238951 0.390089 -0.0640089 0.000352871 
2743.22 1768.32 975.506 5.01192 0.238857 0.420948 -0.0640868 0.000361524 
2688.47 1792.69 968.897 5.01204 0.238751 0.455714 -0.0641494 0.000369595 
2640.41 1817.52 961.39 5.01214 0.238631 0.495013 -0.0641969 0.000377171 
2598.23 1842.79 952.849 5.0122 0.238496 0.539555 -0.0642294 0.00038434 
2561.24 1868.47 943.118 5.01224 0.238342 0.590151 -0.0642468 0.000391184 
2528.79 1894.55 932.02 5.01224 0.238168 0.647724 -0.0642489 0.000397812 
2500.33 1921.03 919.352 5.01221 0.237969 0.713326 -0.0642352 0.000404296 
2475.38 1947.89 904.881 5.01215 0.237742 0.788162 -0.0642051 0.000410741 
2453.51 1975.15 888.341 5.01206 0.237484 0.873604 -0.0641573 0.000417224 
2434.33 2002.8 869.429 5.01192 0.237188 0.971223 -0.0640901 0.000423802 
2417.52 2030.87 847.795 5.01174 0.23685 1.08282 -0.0640011 0.000430547 
2402.8 2059.35 823.04 5.01151 0.236464 1.21045 -0.0638869 0.000437454 
2389.91 2088.27 794.706 5.01122 0.236022 1.35649 -0.0637428 0.000444497 
2378.67 2117.64 762.264 5.01086 0.235517 1.52366 -0.0635623 0.000451543 
2368.93 2147.47 725.109 5.0104 0.234938 1.7151 -0.0633364 0.000458508 
2360.67 2177.76 682.539 5.00983 0.234275 1.9344 -0.0630528 0.000469174 
2353.87 2208.49 633.746 5.00911 0.233516 2.18539 -0.062694 0.000484891 
2345.47 2239.58 577.803 5.00819 0.23265 2.47236 -0.0622365 0.000259185 
2327.95 2270.93 513.645 5.007 0.231598 2.82065 -0.0616488 -0.000827023 
2472.76 2302.46 439.491 5.00547 0.230117 3.31072 -0.0608898 0.000648211 
3593.3 2334.5 351.326 5.00396 0.227615 3.75121 -0.0595679 0.00608186 
4593.5 2369.33 239.956 25.7229 0.00107261 3.86407 -0.0571706 0 
4593.5 2369.33 239.956 25.7229 0.00107261 3.86407 -0.0571706 0 
4541.99 2624.41 237.599 23.9964 0.517116 6.08757 -0.188388 -1.01922 
4496.29 2982.88 259.368 5 -0.667087 1.15654 1.13739 -0.989334 
4524.32 3112 227.485 26.2351 -0.168014 -3.68483 -0.165163 -0.523628 
4469.62 3016.04 217.227 26.0521 -0.167122 -6.2299 -0.153551 0.00113804 
4414.54 2801.73 207.024 25.8692 -0.166228 -6.23245 -0.141939 0.00220941 
4359.2 2587.31 196.877 25.6862 -0.165335 -6.23013 -0.130327 0.00231125 
4303.59 2372.99 186.784 25.5032 -0.164441 -6.22703 -0.118714 0.00225975 
4247.72 2158.81 176.747 25.3202 -0.163548 -6.22391 -0.107102 0.0022028 
4191.6 1944.78 166.765 25.1373 -0.162654 -6.22078 -0.0954898 0.00217165 
4135.23 1730.89 156.838 24.9543 -0.161761 -6.2175 -0.0838775 0.002161 
4078.61 1517.16 146.967 24.7713 -0.160867 -6.21394 -0.0722653 0.00216485 
4021.76 1303.59 137.15 24.5884 -0.159974 -6.20999 -0.060653 0.00217796 
3964.67 1090.2 127.389 24.4054 -0.15908 -6.20558 -0.0490408 0.00220299 
3907.36 877.02 117.683 24.2224 -0.158187 -6.20058 -0.0374285 0.00223724 
3849.82 664.07 108.032 24.0394 -0.157293 -6.19488 -0.0258163 0.00228432 
3792.06 451.385 98.4364 23.8565 -0.156399 -6.18833 -0.0142041 0.00234706 
3734.09 239.003 88.8959 23.6735 -0.155506 -6.18075 -0.00259181 0.00242599 
3675.92 26.9738 79.4106 23.4905 -0.154616 -6.17188 0.00902044 0.00252457 
3617.54 -184.644 69.9803 23.3077 -0.153728 -6.16145 0.0206327 0.00264174 
3558.96 -395.776 60.6049 23.125 -0.152786 -6.14923 0.0322449 0.00275224 
3500.19 -606.342 51.287 22.9405 -0.151715 -6.13555 0.0438572 0.00264769 
3441.24 -816.271 42.0326 22.7502 -0.151323 -6.12349 0.0554694 0.00104762 
3382.13 -1025.64 32.8106 22.5799 -0.154138 -6.12802 0.0670817 -0.00573063 
3322.8 -1235.22 23.4704 22.5369 -0.151183 -6.19061 0.0786939 -0.0132038 
3262.76 -1447.71 14.2708 22.3786 -0.0866658 -6.28 0.0903062 0.0205895 
3202.39 -1664.36 8.08333 22.0433 -0.0147739 -5.97681 0.101918 0.116082 
3142.63 -1866.91 9.96327 21.8603 -0.0138795 -4.79315 0.113531 0.209813 
3083.78 -2014.42 11.8985 21.6773 -0.0129849 -2.82137 0.125143 0.252841 
3025.86 -2070.24 13.8889 21.4944 -0.0120901 -0.468332 0.136755 0.242332 
2968.89 -2016.63 15.9346 21.3114 -0.0111953 1.89099 0.148367 0.189669 
2912.88 -1853.32 18.0356 21.1284 -0.0103007 3.94773 0.15998 0.110614 
2857.82 -1594.36 20.1917 20.9455 -0.00940642 5.42108 0.171592 0.0343663 
2803.7 -1266.89 22.4031 20.7625 -0.00851255 6.1338 0.183204 -0.00367637 
2750.5 -906.278 24.6698 20.5795 -0.00761899 6.22896 0.194816 -0.00412132 
2698.18 -541.24 26.9916 20.3965 -0.00672553 6.14514 0.206429 0.000669602 
2646.77 -180.101 29.3685 20.2136 -0.00583206 6.11777 0.218041 0.000880921 
2596.25 179.765 31.8007 20.0306 -0.00493858 6.12773 0.229653 0.000119655 
2546.65 540.093 34.2881 19.8476 -0.00404484 6.14349 0.241265 -0.000214041 
2497.95 901.154 36.8306 19.6646 -0.00315035 6.15726 0.252878 -0.000230007 
2450.18 1262.85 39.4284 19.4816 -0.0022591 6.16875 0.26449 -0.000165316 
2403.32 1625.09 42.0813 19.2987 -0.00138507 6.17865 0.276102 -0.000113178 
2357.4 1987.78 44.7885 19.1165 -0.000486939 6.18735 0.287714 -8.23992e-05 
2312.41 2350.88 47.551 18.9338 0.00073056 6.19501 0.299327 -6.30118e-05 
2268.35 2714.34 50.3837 18.7396 0.00208097 6.2017 0.310939 -4.80474e-05 
2225.28 3078.1 53.2937 18.5327 -0.00153822 6.20736 0.322551 -3.46421e-05 
2183.26 3442.13 56.0508 18.4926 -0.0154772 6.21188 0.334163 -1.65291e-05 
2141.65 3806.37 58.1627 18.9341 0.0343643 6.21647 0.345776 -7.83501e-06 
2098.56 4170.82 62.5595 17.4545 0.356576 6.22536 0.357388 -0.000398328 
2061.08 4535.68 82.05 5 0.0899996 5.05003 0.369 0 
2061.08 4535.68 82.05 5 0.0899996 5.05003 0.369 0 
2073.13 4675.53 85.3821 5 -0.679795 4.31446 0.796813 -1.02859 
2085.64 4799.76 72.3644 17.038 -0.0731603 2.37073 -0.0297455 -1.00718 
2076.82 4882.73 71.8213 18.3821 0.318315 0.45047 -0.159775 -0.985775 
2065.49 4924.91 79.5472 13.3363 0.557944 -1.44631 -0.0651614 -0.964367 
2062.95 4926.79 92.5343 5.02794 0.0764566 -3.31958 0.609681 -0.942959 
2075.26 4888.88 95.5779 5.01719 0.0761366 -5.16929 0.610432 -0.599797 
2087.7 4811.69 98.615 5.01238 0.0760445 -6.28 0.610748 0.00229084 
2100.25 4710.9 101.65 5.00942 0.0759875 -6.28 0.610944 0.00225418 
2112.93 4610.11 104.685 5.00761 0.0759598 -6.28 0.611063 0.00221603 
2125.75 4509.32 107.718 5.00638 0.0759446 -6.28 0.611143 0.00217633 
2138.7 4408.53 110.752 5.00549 0.0759355 -6.28 0.6112 0.00213503 
2151.78 4307.74 113.785 5.00482 0.0759297 -6.28 0.611243 0.00209207 
2165 4206.96 116.818 5.0043 0.0759259 -6.28 0.611276 0.00204739 
2178.34 4106.17 119.851 5.00388 0.0759233 -6.28 0.611303 0.00200095 
2191.81 4005.38 122.884 5.00353 0.0759215 -6.28 0.611325 0.0019527 
2205.41 3904.59 125.917 5.00324 0.0759202 -6.28 0.611344 0.00190259 
2219.14 3803.8 128.95 5.003 0.0759192 -6.28 0.611359 0.00185059 
2233 3703.01 131.983 5.00279 0.0759185 -6.28 0.611373 0.00179667 
2246.98 3602.23 135.016 5.0026 0.075918 -6.28 0.611384 0.00174079 
2261.1 3501.44 138.049 5.00244 0.0759177 -6.28 0.611395 0.00168295 
2275.35 3400.65 141.082 5.0023 0.0759174 -6.28 0.611404 0.00162315 
2289.73 3299.86 144.115 5.00217 0.0759172 -6.28 0.611412 0.00156141 
2304.23 3199.07 147.148 5.00206 0.0759171 -6.28 0.611419 0.00149774 
2318.87 3098.28 150.181 5.00196 0.075917 -6.28 0.611425 0.00143221 
2333.63 2997.49 153.214 5.00187 0.0759169 -6.28 0.611431 0.00136489 
2348.53 2896.71 156.247 5.00178 0.0759169 -6.28 0.611436 0.00129588 
2363.55 2795.92 159.28 5.00171 0.0759169 -6.28 0.611441 0.0012253 
2378.7 2695.13 162.313 5.00164 0.0759169 -6.28 0.611445 0.00115333 
2393.98 2594.34 165.346 5.00157 0.0759169 -6.28 0.61145 0.00108015 
2409.39 2493.55 168.379 5.00151 0.0759169 -6.28 0.611453 0.001006 
2424.93 2392.76 171.412 5.00146 0.0759169 -6.28 0.611455 0.000931164 
2440.6 2291.98 174.445 5.00141 0.075913 -6.28 0.611527 0.000855957 
2456.4 2191.19 177.478 5.00136 0.0761275 -6.28 0.607814 0.000780747 
2472.33 2090.4 180.515 5.00133 0.0645487 -6.28 0.609682 0.000705874 
2488.39 1989.61 183.306 5.18666 0.0591808 -6.28 0.599183 0.000631912 
2504.26 1888.82 185.978 5.44292 0.0579331 -6.28 0.582911 0.000559339 
2519.8 1788.03 188.614 5.69913 0.0566602 -6.28 0.566605 0.000488668 
2535.02 1687.25 191.214 5.95574 0.0552443 -6.28 0.550295 0.00042047 
2549.92 1586.46 193.775 6.21499 0.053754 -6.28 0.533989 0.000355343 
2564.48 1485.67 196.296 6.47774 0.0527366 -6.28 0.517685 0.000293905 
2578.71 1384.89 198.787 6.73584 0.0528909 -6.28 0.501381 0.000236775 
2592.6 1284.1 201.272 6.97101 0.0532539 -6.28 0.485077 0.000184563 
2606.2 1183.31 203.756 7.18305 0.0492047 -6.28 0.468773 0.000137856 
2619.54 1082.53 206.148 7.44646 0.0361986 -6.28 0.452468 9.72088e-05 
2632.55 981.744 208.254 7.89886 0.024795 -6.28 0.436164 6.31372e-05 
2644.87 880.96 210.102 8.48821 0.0529807 -6.28 0.419859 3.6086e-05 
2656.26 780.176 212.529 8.55581 0.147317 -6.28 0.403554 1.6393e-05 
2667.6 679.392 216.958 7.10497 0.20117 -6.28 0.387249 0.000675594 
2681.58 578.607 222.58 5.00001 -0.0899665 -5.85923 0.369 0 
2681.58 578.607 222.58 5.00001 -0.0899665 -5.85923 0.369 0 
2690.88 511.845 221.678 6.58773 -1.19383 -5.8619 1.14105 0.900515 
2698.51 445.042 203.556 20.5545 -0.248689 -5.08988 0.0617713 0.861515 
2687.87 390.269 199.795 22.6551 0.229493 -4.35096 -0.133203 0.824687 
2674.36 346.998 203.425 19.0147 0.555386 -3.64326 -0.103583 0.788236 
2665.41 314.738 212.216 11.8643 0.407416 -2.96649 0.162645 0.751489 
2665.71 293.004 218.884 7.0083 -0.173206 -2.32091 0.716228 0.714075 
2672.45 281.311 216.636 9.13944 -0.172304 -1.70709 0.629663 0.675762 
2676.48 279.175 214.349 11.1032 -0.0584346 -1.12585 0.4804 0.636398 
2677.96 286.086 213.785 11.6221 -0.00408466 -0.578109 0.425531 0.595901 
2678.76 301.522 214.054 11.4825 -0.00177473 -0.0648675 0.429201 0.554266 
2679.75 324.946 214.363 11.3272 -0.0115555 0.412878 0.440822 0.511586 
2680.95 355.805 214.523 11.2955 -0.0170401 0.854205 0.444775 0.468071 
2682.21 393.532 214.599 11.3293 -0.0179113 1.25838 0.44326 0.424077 
2683.43 437.55 214.66 11.3709 -0.0173155 1.62495 0.440534 0.380109 
2684.6 487.273 214.729 11.4032 -0.0169246 1.95393 0.43831 0.336816 
2685.74 542.116 214.804 11.4291 -0.016954 2.24588 0.436591 0.294942 
2686.86 601.503 214.878 11.4539 -0.0171631 2.50198 0.435014 0.255243 
2687.95 664.876 214.947 11.4797 -0.017377 2.72409 0.433389 0.2184 
2689.01 731.705 215.013 11.5066 -0.0175547 2.91465 0.431692 0.184926 
2690.04 801.5 215.075 11.534 -0.017713 3.07653 0.429952 0.155113 
2691.04 873.815 215.135 11.5617 -0.0178706 3.21286 0.42819 0.129025 
2692.02 948.251 215.191 11.5897 -0.0180339 3.32684 0.426413 0.106534 
2692.96 1024.46 215.243 11.618 -0.018202 3.42154 0.424616 0.0873758 
2693.86 1102.15 215.293 11.6466 -0.018373 3.49982 0.422796 0.0712043 
2694.74 1181.05 215.339 11.6756 -0.0185459 3.56423 0.420954 0.0576466 
2695.58 1260.95 215.382 11.705 -0.0187211 3.61702 0.419087 0.0463361 
2696.38 1341.68 215.421 11.7348 -0.0188988 3.66012 0.417197 0.0369336 
2697.16 1423.08 215.457 11.7649 -0.0190785 3.69515 0.415284 0.0291398 
2697.89 1505.02 215.489 11.7955 -0.0192577 3.72351 0.413347 0.0226964 
2698.59 1587.4 215.517 11.8264 -0.0194347 3.74633 0.411385 0.0173855 
2699.25 1670.14 215.543 11.8576 -0.0196128 3.7646 0.4094 0.0130258 
2699.87 1753.17 215.564 11.8891 -0.0198035 3.77914 0.407389 0.00946703 
2700.46 1836.42 215.582 11.921 -0.0200191 3.79062 0.405355 0.00658582 
2701 1919.84 215.596 11.9537 -0.0202485 3.79963 0.403299 0.00428017 
2701.51 2003.41 215.605 11.9872 -0.0204358 3.80666 0.401225 0.00246538 
2701.97 2087.09 215.61 12.0209 -0.0205057 3.81213 0.399129 0.00107051 
2702.39 2170.85 215.614 12.0535 -0.0204736 3.81641 0.397005 3.49954e-05 
2702.77 2254.69 215.617 12.0838 -0.0205784 3.8198 0.394845 -0.000693766 
2703.12 2338.57 215.618 12.1138 -0.0212262 3.82257 0.392658 -0.00116261 
2703.42 2422.49 215.608 12.1499 -0.0225245 3.82493 0.390464 -0.00141409 
2703.69 2506.46 215.577 12.1993 -0.0235726 3.82708 0.388283 -0.00148787 
2703.89 2590.45 215.528 12.2575 -0.0223966 3.82916 0.386104 -0.00142163 
2704.01 2674.48 215.497 12.2974 -0.0177201 3.83131 0.383881 -0.00125173 
2704.08 2758.54 215.537 12.2795 -0.0124115 3.8336 0.381579 -0.00101359 
2704.18 2842.64 215.66 12.202 -0.0152029 3.8361 0.379225 -0.00074206 
2704.38 2926.78 215.741 12.1671 -0.0348322 3.83883 0.376898 -0.000471418 
2704.62 3010.96 215.518 12.3698 -0.0646562 3.8418 0.37463 -0.000235228 
2704.62 3095.18 214.826 12.9065 -0.069327 3.84498 0.372346 -6.38773e-05 
2703.93 3179.46 214.048 13.4458 -7.85542e-05 3.8483 0.369 0 
2703.93 3179.46 214.048 13.4458 -7.85542e-05 3.8483 0.369 0 
2690.58 4299.18 215.998 7.16185 0.00446001 5.73389 0.767353 0.0371527 
2782.55 5809.12 220.972 5 0.00128982 6.23011 0.904549 -0.00760799 
2912.53 7421.75 226.007 5 0.0012898 6.20551 0.904549 -0.0117579 
3044.6 9029.28 231.041 5 0.00128977 6.13185 0.904549 -0.513615 
3178.75 10621.6 236.076 5 0.0012866 0.0823412 0.904549 -0.140338 
3313.99 10961.7 241.111 5 0.00128574 -1.55991 0.904549 -0.000119951 
3451.04 10961.8 246.145 5 0.00128574 -1.56124 0.904549 4.83091e-05 
3590.18 10961.7 251.179 5 0.00128574 -1.56061 0.904549 -6.12464e-06 
3731.41 10961.7 256.213 5 0.00128573 -1.56061 0.904549 -5.94763e-06 
3874.73 10961.7 261.247 5 0.00128573 -1.56061 0.904549 -5.89714e-06 
4020.14 10961.7 266.281 5 0.00128573 -1.56061 0.904549 -5.96298e-06 
4167.63 10961.7 271.315 5 0.00128573 -1.56061 0.904549 -5.95157e-06 
4317.21 10961.7 276.349 5 0.00128573 -1.56061 0.904549 -5.82663e-06 
4468.88 10961.7 281.383 5 0.00128572 -1.56061 0.904549 -7.02873e-06 
4622.63 10961.7 286.417 5 0.00128792 -1.56062 0.904511 -0.000205996 
4778.48 10961.7 291.452 5 0.000118204 -1.56302 0.904496 0.000628184 
4936.42 10961.2 296.244 5.18435 -0.00124341 -1.55541 0.892796 -0.000670872 
5093.29 10962.2 300.694 5.44136 -0.00249783 -1.5634 0.87649 0.0002194 
5247.75 10961.7 304.798 5.69823 -0.00359744 -1.56069 0.860183 -3.3181e-06 
5399.66 10961.7 308.59 5.93077 -0.00486957 -1.56066 0.843877 -8.31518e-06 
5549.28 10961.7 312.041 6.19896 -0.0539767 -1.56069 0.827571 -4.75013e-05 
5696.1 10961.7 305.238 13.9878 -0.0693298 -1.56118 0.334163 -2.90338e-05 
5710.97 10961.7 292.674 18.1964 -0.0619961 -1.56145 0.0670824 -5.97242e-06 
5650.79 10961.7 280.231 18.0134 -0.0611026 -1.56144 0.0786942 -5.82393e-06 
5588.49 10961.7 268.033 17.8304 -0.0602091 -1.56143 0.0903064 -5.78636e-06 
5524.16 10961.7 256.082 17.6475 -0.0593156 -1.56141 0.101919 -5.72491e-06 
5457.9 10961.7 244.376 17.4645 -0.0584221 -1.5614 0.113531 -5.66046e-06 
5389.82 10961.7 232.915 17.2815 -0.0575286 -1.56139 0.125143 -5.58714e-06 
5320.02 10961.7 221.701 17.0986 -0.0566351 -1.56138 0.136755 -5.47925e-06 
5248.59 10961.7 210.732 16.9156 -0.0557416 -1.56137 0.148367 -5.36161e-06 
5175.65 10961.7 200.008 16.7326 -0.0548481 -1.56136 0.15998 -5.52013e-06 
5101.3 10961.7 189.531 16.5496 -0.0539546 -1.56135 0.171592 -5.60112e-06 
5025.62 10961.7 179.299 16.3667 -0.0530611 -1.56134 0.183204 -3.34321e-06 
4948.74 10961.7 169.312 16.1837 -0.0521676 -1.5613 0.194816 -2.82249e-05 
4870.74 10961.7 159.571 16.0007 -0.0512741 -1.56162 0.206429 0.00065593 
4791.74 10961.6 150.076 15.8178 -0.0503806 -1.55201 0.218041 -0.00407836 
4711.83 10963.5 140.827 15.6348 -0.0494871 -1.61187 0.229653 -0.111133 
4631.11 10953.1 131.823 15.4518 -0.0485946 -3.42307 0.241265 -0.147376 
4549.38 10567.7 123.065 15.2688 -0.0477025 -6.08588 0.252878 -0.0042771 
4466.62 9631.11 114.552 15.0859 -0.0468091 -6.20058 0.26449 0.000530703 
4383.33 8670.8 106.284 14.9029 -0.0459156 -6.22865 0.276102 0.00116838 
4299.65 7704.68 98.2625 14.7199 -0.0450221 -6.2421 0.287714 0.00125343 
4215.66 6735.77 90.4864 14.537 -0.0441286 -6.24997 0.299327 0.00114612 
4131.48 5765.23 82.956 14.354 -0.0432368 -6.25514 0.310939 0.000947414 
4047.21 4793.61 75.6709 14.1713 -0.042325 -6.25879 0.322551 0.00070317 
3962.94 3821.24 68.6351 13.9853 -0.0409022 -6.2615 0.334163 0.000448912 
3878.83 2848.31 61.9555 13.72 -0.0454425 -6.2636 0.345776 0.000223196 
3796.37 1874.93 54.4242 14.4215 -0.210092 -6.26508 0.357388 0.00248395 
3699.84 901.26 12.5786 40 1.4 -5.24056 0.369 0 
