grtopS_41_5
50
2 2
6 6 
0 3 2 4 1 5 
0 3 2 4 1 5 
2128.02 33.0881 40.2776 24.1799 61.1461 
1564.66 20.8222 3.26996e-09 0 88.7097 
43.4291 0.675268 0.821991 0.493467 1.24788 
31.9319 0.424943 6.67339e-11 0 1.8104 
5.43008e-06 2.1293 0.346669 0.0681282 1.35517 
1.45487e-06 0.403223 2.12824 6.3062 1.51227 
502.54 66.46 532.99 40 1.14252 0 0.0125891 0 
502.54 66.46 532.99 40 1.14253 5.42962e-06 0.0124629 0.0608298 
502.544 66.4514 532.994 40 1.10985 0.478306 0.0126771 -0.100672 
847.621 118.087 509.42 37.931 1.24594 -0.107642 0.0102427 0.0936141 
744.373 -82.6649 502.294 40 1.14461 -0.0225423 0.0125882 0.00197886 
694.782 -85.9694 503.803 40 1.14439 -0.0201448 0.0125882 0.00181152 
648.56 -88.9224 505.151 40 1.14416 -0.0176631 0.0125883 0.00159769 
605.591 -91.5117 506.333 40 1.14395 -0.0154138 0.0125883 0.00143157 
565.529 -93.7712 507.365 40 1.14374 -0.0131572 0.0125883 0.0012476 
528.214 -95.6999 508.245 40 1.14354 -0.0110297 0.0125883 0.0010873 
493.391 -97.3167 508.983 40 1.14335 -0.0089204 0.0125884 0.000926571 
460.89 -98.6244 509.58 40 1.14316 -0.00684327 0.0125884 0.000771353 
430.536 -99.6275 510.038 40 1.14296 -0.00477378 0.0125884 0.000617504 
402.173 -100.327 510.358 40 1.14277 -0.00270566 0.0125884 0.000467369 
375.648 -100.724 510.539 40 1.14258 -0.000610483 0.0125883 0.000318562 
350.832 -100.813 510.58 40 1.14238 0.00153798 0.0125883 0.000166003 
327.61 -100.588 510.477 40 1.14217 0.00374134 0.0125883 1.10062e-05 
305.866 -100.04 510.226 40 1.14196 0.00601248 0.0125883 -0.000145814 
285.488 -99.1583 509.824 40 1.14174 0.00837666 0.0125882 -0.000309805 
266.379 -97.9304 509.263 40 1.14152 0.0108318 0.0125882 -0.000472105 
248.433 -96.3426 508.538 40 1.14127 0.0134443 0.0125881 -0.000646454 
231.585 -94.3719 507.639 40 1.14102 0.0162112 0.0125881 -0.000833395 
215.756 -91.9955 506.554 40 1.14075 0.0191239 0.012588 -0.00101352 
200.85 -89.1922 505.274 40 1.14045 0.022321 0.0125879 -0.00123563 
186.861 -85.9203 503.78 40 1.14014 0.0256382 0.0125878 -0.00143768 
173.644 -82.1621 502.064 40 1.1398 0.0293037 0.0125877 -0.0016794 
161.209 -77.8665 500.103 40 1.13944 0.0332088 0.0125876 -0.00192972 
149.461 -72.9986 497.881 40 1.13905 0.0374258 0.0125874 -0.00219243 
138.343 -67.5125 495.376 40 1.13862 0.0420394 0.0125873 -0.00249092 
127.834 -61.3501 492.563 40 1.13816 0.0469997 0.0125872 -0.00280379 
117.849 -54.4606 489.418 40 1.13766 0.0523961 0.012587 -0.00314527 
108.343 -46.78 485.911 40 1.13712 0.0582585 0.0125868 -0.00351546 
99.2585 -38.2402 482.012 40 1.13653 0.064633 0.0125867 -0.00390827 
90.5401 -28.7659 477.687 40 1.1359 0.0716407 0.0125881 -0.00428411 
82.1813 -18.3089 472.913 39.995 1.13593 0.0796075 0.0125762 -0.00401972 
74.3869 -7.9871 467.962 39.8992 1.13934 0.0894741 0.0124696 -0.0013298 
68.3354 -4.77836 461.685 39.8998 1.13856 0.099041 0.0124688 -0.00179239 
62.3709 -0.32424 454.867 39.8765 1.13869 0.10989 0.0124419 -0.00155359 
56.8306 3.49682 447.226 39.8607 1.13843 0.121768 0.0124224 -0.00161116 
51.5639 7.44069 438.773 39.838 1.13823 0.134821 0.0123973 -0.00166393 
46.5361 11.3045 429.274 39.8417 1.13687 0.148768 0.0124003 -0.00253916 
41.2575 17.3836 418.939 39.8241 1.13635 0.164394 0.0123793 -0.00273509 
36.0313 23.965 407.538 39.7994 1.13606 0.18174 0.0123488 -0.00272226 
30.9406 30.5595 394.949 39.7639 1.13584 0.201016 0.0123084 -0.00273861 
26.0889 36.8519 380.806 39.7687 1.1336 0.221509 0.0123254 -0.00413907 
20.6654 46.7834 365.227 39.7922 1.13329 0.245144 0.0123293 -0.0114508 
15.3795 57.6194 350.358 39.2706 1.15682 0.213198 0.0116672 0.0505103 
-29.0978 21.8733 331.853 39.8009 1.10749 0.5204 0.012133 0.0437712 
127.964 73.645 298.714 39.2503 1.07915 1.08513 0.00773286 0.00119484 
656.47 160.266 223.377 39.4264 0.036477 1.49344 0.0115891 0 
656.47 160.266 223.377 39.4264 0.036477 1.49344 0.0115891 0 
640.418 183.963 221.36 35.5889 0.614455 0.429746 -0.188387 -1.02848 
622.56 200.3 228.523 28.3476 0.764031 -0.526113 -0.176775 -1.00707 
609.679 211.233 237.044 20.5246 1.03526 -1.1878 -0.165163 -0.98566 
602.174 215.163 247.956 11.3881 1.02848 -2.05635 -0.15355 -0.964253 
601.017 212.065 258.934 5 -0.156922 -2.47348 -0.141939 -0.126697 
608.814 202.569 260.011 5 -1.4 -4.43554 1.07216 -0.0615486 
616.825 180.535 246.355 16.0978 -1.4 -6.28 0.811361 0.426823 
617.1 142.981 233.878 23.6378 -1.10669 -6.28 0.51181 0.490321 
612.007 103.363 225.193 28.9123 -0.161033 -6.28 0.754058 0.856728 
603.055 61.5575 221.931 29.1622 -0.26767 -6.28 0.792375 0.461945 
593.898 24.0108 217.735 29.0257 -0.310592 -4.77978 -0.0722474 -0.0546086 
581.019 -0.911356 213.179 29.5975 -0.172364 -2.93125 -0.0606414 -0.623611 
567.178 -12.9913 210.048 29.6917 -0.275339 -1.36729 -0.0275355 -0.513364 
553.248 -13.392 209.624 28.5398 0.0101274 0.0128981 -0.0374198 -0.478587 
540.514 -2.15 211.791 27.2777 0.230938 -1.5495 0.863827 -0.0660454 
532.415 -0.108327 215.566 24.3905 0.117893 -1.67293 0.792942 0.00255191 
525.776 -0.293144 217.951 22.468 -0.289802 -1.66269 0.634417 -3.52324e-05 
521.115 -0.327335 216.34 23.631 -1.06275 -1.66108 0.665735 -0.000169658 
515.772 -0.33435 208.489 27.4771 -0.0535682 -1.65928 0.849315 0.000612743 
505.986 -0.339808 206.106 27.6259 -0.151141 -1.65952 0.843878 9.44502e-05 
497.62 -0.336031 202.814 27.5954 -0.186327 -1.65378 0.827571 4.75349e-05 
488.559 -0.330081 199.32 27.1986 -0.201465 -1.64276 0.0554806 2.45969e-05 
476.117 -0.32275 195.969 27.6404 -0.467263 -1.64244 0.0670816 8.16052e-06 
463.364 -0.314326 194.125 27.8305 0.168513 -1.65309 0.778653 5.63873e-05 
453.989 -0.306646 194.167 27.7565 0.0685275 -1.65808 0.762347 -0.000134911 
445.296 -0.298072 194.855 26.6031 -0.011007 -1.65683 0.746041 7.68425e-05 
436.503 -0.288544 195.382 25.725 0.123111 -1.65758 0.729735 -0.0019047 
428.455 -0.287792 194.505 24.5112 -0.23579 -1.65347 0.713429 0.00354141 
420.949 -0.256614 192.058 24.6086 -0.365022 -1.71495 0.697122 -0.0358789 
413.29 0.434504 188 25.741 -0.535833 -1.7575 0.158769 -0.324561 
405.951 -0.758004 182.919 26.5427 -0.340042 -2.39796 0.159985 0.27242 
393.692 -9.59735 178.453 27.6831 -0.500274 -4.17232 0.171596 -0.364939 
380.604 -29.3967 176.33 29.5957 0.26733 -3.23454 0.631898 -0.34353 
369.903 -41.2831 176.775 28.846 0.263085 -1.63335 0.615592 -0.322122 
360.149 -43.7053 179.925 27.133 0.752566 -0.106267 0.206429 -0.300714 
351.531 -33.4835 184.19 23.4068 0.114342 0.557745 0.58298 -0.279306 
343.488 -15.7911 186.033 21.5381 0.341875 1.23483 0.229653 -0.257898 
335.88 7.49582 187.14 20.6558 0.0982392 1.83254 0.241265 -0.23649 
328.908 35.628 190.155 21.6097 0.0709608 2.44881 0.252878 -0.215082 
321.438 68.6938 191.312 21.856 0.0115042 2.78433 0.26449 -0.193673 
313.857 107.516 192.829 23.0852 0.284686 3.49458 0.276102 0.171942 
306.051 152.324 193.436 22.4971 0.28455 3.93555 0.287714 0.150532 
298.247 200.846 194.486 21.645 0.321448 4.43258 0.299327 -0.129449 
290.761 253.556 195.884 20.6005 0.329687 5.735 0.310939 -0.00025484 
283.792 312.994 197.334 19.5506 0.340432 5.17691 0.322551 -3.1411e-05 
277.384 371.974 198.452 18.868 0.195839 5.20793 0.334163 -1.15942e-05 
271.401 431.215 202.314 19.2763 1.4 5.97985 0.345776 -4.98626e-06 
266.712 496.943 216.316 11.9389 1.4 6.28 0.357388 -0.000557804 
266.441 565.214 230.417 5 0.0885575 5.79352 0.369 0 
266.441 565.214 230.417 5 0.0885575 5.79352 0.369 0 
272.973 640.385 232 5 -0.29439 5.45096 1.15369 -1.01993 
279.613 712.043 229.655 6.9396 0.322445 4.53387 0.335666 -1.00075 
284.477 774.297 233.605 5 0.0740597 3.626 0.618869 -0.980103 
291.059 827.238 235.04 5 0.0740592 2.72904 0.618869 -0.958958 
297.664 870.979 236.474 5 0.0740587 1.84355 0.618869 -0.937492 
304.291 905.638 237.908 5 0.0740583 0.9699 0.618869 -0.915768 
310.94 931.337 239.343 5 0.0740578 0.108382 0.618869 -0.893787 
317.612 948.199 240.777 5 0.0740574 -0.740705 0.618869 -0.871492 
324.306 956.353 242.211 5 0.0740569 -1.577 0.618869 -0.848754 
331.023 955.93 243.646 5 0.0740565 -2.4 0.618869 -0.825311 
337.763 947.066 245.08 5 0.0740561 -3.20889 0.618869 -0.800594 
344.525 929.905 246.514 5 0.0740554 -4.00224 0.618873 -0.773158 
351.311 904.607 247.949 5 0.0740617 -4.77696 0.618758 -0.738052 
358.12 871.364 249.383 5 0.0738912 -5.5244 0.621689 -0.66559 
364.952 830.455 250.816 5 0.0782124 -6.20262 0.547201 -0.0448881 
371.807 782.589 252.292 5 -0.0316271 -6.24754 0.909007 0.00298024 
378.715 734.263 252.643 5 -0.030692 -6.24619 0.892795 0.00300164 
385.629 685.951 252.388 5 -0.029746 -6.24507 0.876489 0.00304062 
392.539 637.65 252.065 5 -0.0288 -6.2438 0.860183 0.00309371 
399.441 589.362 251.751 5 -0.027854 -6.24237 0.843877 0.00317378 
406.337 541.089 251.447 5 -0.026908 -6.24072 0.827571 0.00331077 
413.226 492.832 251.152 5 -0.0259619 -6.23875 0.811265 0.00358499 
420.109 444.596 250.867 5 -0.0250159 -6.23627 0.794959 0.00450825 
426.986 396.386 250.592 5 -0.0240699 -6.23253 0.778653 0.0309756 
433.858 348.213 250.327 5 -0.0231238 -6.19523 0.762347 0.342104 
440.724 300.424 250.071 5 -0.0221775 -5.75831 0.746041 0.428424 
447.588 257.115 249.825 5 -0.0212312 -5.20784 0.729735 0.436103 
454.451 219.453 249.588 5 -0.0202849 -4.63595 0.713428 0.428512 
461.314 187.655 249.362 5 -0.0193386 -4.06021 0.697122 0.414938 
468.177 161.763 249.145 5 -0.0183922 -3.48744 0.680816 0.398168 
475.039 141.746 248.938 5 -0.0174459 -2.92129 0.66451 0.379486 
481.902 127.535 248.74 5 -0.0164996 -2.36395 0.648204 0.359643 
488.766 119.04 248.552 5 -0.0155532 -1.81674 0.631898 0.339115 
495.629 116.158 248.374 5 -0.0278127 -1.28044 0.615592 0.317076 
502.496 118.776 248.07 5.10305 -0.0316008 -0.756787 0.599286 0.292438 
509.277 126.765 247.726 5.24096 -0.0503102 -0.248769 0.58298 0.262082 
515.946 139.965 247.188 5.51822 -0.080372 0.236892 0.566673 0.214727 
522.386 158.146 246.336 6.01891 -0.10811 0.592969 0.550367 0.222185 
528.405 179.979 245.192 6.70996 -0.111844 1.05804 0.534061 0.204022 
533.838 206.583 243.998 7.39135 -0.0733683 1.51493 0.517755 0.184551 
538.682 237.874 243.188 7.73435 0.00586777 1.96213 0.501449 0.163199 
543.214 273.751 243.184 7.44351 0.0924925 2.39744 0.485143 0.139308 
547.972 314.092 244.074 6.50356 0.124832 2.81788 0.468837 0.108289 
553.517 358.746 245.311 5.38146 0.0404745 3.21476 0.452531 0.0585421 
560.03 407.469 245.702 5 -0.176868 3.56144 0.436224 0.0830151 
566.912 459.747 243.869 6.34736 -0.453624 3.95513 0.364065 0.0619628 
572.709 516.064 239.176 9.79689 -1.4 4.33725 0.403612 0.0380794 
575.772 576.303 224.719 20.3826 -1.24584 4.70444 0.387306 -0.000106032 
569.81 640.314 211.67 29.4089 -0.09 4.66296 0.369 0 
569.81 640.314 211.67 29.4089 -0.09 4.66296 0.369 0 
561.429 678.631 211.004 28.9897 0.828914 4.59637 -0.188388 -1.02859 
553.133 716.537 216 24.4342 1.20411 4.17969 -0.176776 -1.00718 
547.098 751.876 223.351 18.4371 1.32154 3.77019 -0.165163 -0.985776 
544.096 784.691 231.484 12.1272 1.09898 3.36787 -0.153551 -0.964367 
544.332 815.026 238.309 7.11002 0.520672 2.97274 -0.141939 -0.942959 
547.198 842.927 241.623 5 -0.229548 2.58481 -0.130326 -0.921551 
551.236 868.438 240.339 6.48586 -1.05632 2.20407 0.439609 -0.900143 
554.625 891.605 233.949 11.6302 -1.26629 1.83053 1.03955 -0.878735 
555.421 912.475 226.215 17.3887 -0.622933 1.46419 0.414865 -0.857327 
553.2 931.091 222.386 20.0721 -0.222849 1.10504 -0.0838773 -0.835918 
549.556 947.496 220.994 20.9092 -0.127812 0.75308 -0.0722652 -0.81451 
545.469 961.735 220.179 21.2643 0.0260413 0.40832 -0.060653 -0.793102 
541.176 973.852 220.308 20.8814 0.10938 0.0707583 -0.0490407 -0.771694 
537.062 983.889 220.953 20.1202 0.144992 -0.259601 -0.0374285 -0.750286 
533.325 991.893 221.826 19.2196 0.146626 -0.582757 -0.0258163 -0.728878 
530.041 997.906 222.717 18.3443 0.106397 -0.898706 -0.014204 -0.707469 
527.204 1001.97 223.369 17.6895 0.0260866 -1.20745 -0.00259174 -0.686061 
524.706 1004.14 223.534 17.434 0.0550956 -1.50898 0.00902054 -0.664653 
522.331 1004.45 223.879 17.0497 0.0796688 -1.8033 0.0206328 -0.643245 
520.146 1002.95 224.507 16.5625 0.0923256 -2.0904 0.0322451 -0.621837 
518.205 999.676 225.227 16.0324 0.0871534 -2.37029 0.0438574 -0.600429 
516.535 994.681 225.92 15.5447 0.0617794 -2.64297 0.0554696 -0.57902 
515.115 988.008 226.461 15.1922 0.0188198 -2.90842 0.0670819 -0.557612 
513.88 979.7 226.741 15.052 -0.033707 -3.16666 0.0786941 -0.536204 
512.722 969.802 226.7 15.1603 -0.0833524 -3.41767 0.0903063 -0.514796 
511.516 958.358 226.351 15.4937 -0.115641 -3.66145 0.101919 -0.493388 
510.144 945.414 225.801 15.9618 -0.117571 -3.89802 0.113531 -0.47198 
508.533 931.013 225.234 16.417 -0.0815043 -4.12735 0.125143 -0.450571 
506.685 915.2 224.884 16.6818 -0.00846972 -4.34945 0.136755 -0.429163 
504.691 898.02 224.982 16.5907 0.0901603 -4.56433 0.148368 -0.407755 
502.731 879.516 225.688 16.0381 0.19344 -4.77197 0.15998 -0.386347 
501.039 859.734 227.035 15.0206 0.274415 -4.97238 0.171592 -0.364939 
499.854 838.718 228.891 13.6616 0.306135 -5.16555 0.183204 -0.343531 
499.357 816.512 230.956 12.2053 0.269031 -5.35148 0.194817 -0.322122 
499.608 793.16 232.806 10.9781 0.157931 -5.53018 0.206429 -0.300714 
500.501 768.708 233.985 10.3174 -0.0132651 -5.70163 0.218041 -0.279306 
501.754 743.199 234.115 10.4821 -0.211076 -5.86583 0.229654 -0.257898 
502.951 716.68 233.027 11.5636 -0.387168 -6.02279 0.241266 -0.23649 
503.622 689.194 230.843 13.4234 -0.488218 -6.1725 0.252878 -0.165863 
503.36 660.788 228.019 15.6789 -0.469371 -6.28 0.26449 0.00165546 
501.947 631.72 225.289 17.7524 -0.308423 -6.28 0.276102 0.00145902 
499.458 602.654 223.529 18.9856 -0.153276 -6.28 0.287714 0.0012434 
496.32 573.587 222.712 19.4393 0.0833557 -6.28 0.299327 0.00101375 
492.919 544.521 223.348 18.7633 0.355417 -6.28 0.310939 0.000776683 
489.826 515.455 225.666 16.8367 0.596746 -6.28 0.322551 0.000543575 
487.682 486.388 229.488 13.8538 0.734627 -6.28 0.334163 0.000330622 
487.039 457.32 234.189 10.3415 0.708194 -6.28 0.345776 0.000157251 
488.191 428.251 238.762 7.09081 0.487762 -6.28 0.357388 0.00216286 
491.031 399.18 242.01 5 0.09 -6.241 0.369 0 
491.031 399.18 242.01 5 0.09 -6.241 0.369 0 
501.626 325.088 242.554 5 -0.1158 -4.88874 1.15369 1.02859 
512.319 272.051 239.894 5 -0.114852 -2.65039 1.13739 1.00718 
522.957 253.866 237.249 5 -0.113905 -0.429066 1.12108 -0.304504 
533.539 270.268 234.618 5 -0.112959 -0.255323 1.10478 -0.964365 
544.041 289.376 232.002 5 -0.112014 -2.43964 1.08847 -0.0195776 
554.434 274.473 229.401 5 -0.111069 -3.81212 1.07216 0.341037 
564.729 238.199 226.814 5 -0.110123 -3.96896 1.05586 0.0146757 
574.941 199.484 224.243 5 -0.109177 -3.74363 1.03955 0.32693 
585.075 164.277 221.686 5 -0.108231 -3.74775 1.02324 0.288121 
595.128 129.006 219.143 5 -0.107285 -3.44848 1.00694 0.418964 
605.106 98.3941 216.616 5 -0.106338 -2.66899 0.990633 0.404479 
615.015 79.9197 214.103 5 -0.344599 -1.89099 0.974327 0.324472 
624.929 73.5591 207.88 7.83367 -0.533084 -0.934456 0.95802 -0.0212364 
631.184 82.0948 198.652 12.6238 -0.190489 -1.36699 0.941714 -0.0183989 
631.063 83.9007 194.639 12.8808 -0.191744 -1.61612 0.925408 0.000538207 
630.493 81.8278 190.6 13.1377 -0.192998 -1.5562 0.909102 0.00146481 
629.478 80.6881 186.534 13.3946 -0.194252 -1.47945 0.892796 0.000880508 
628.016 80.7438 182.443 13.6515 -0.195507 -1.45408 0.87649 -0.000503481 
626.108 81.1947 178.326 13.9085 -0.196763 -1.45889 0.860184 -0.00234311 
623.75 81.571 174.183 14.1654 -0.198019 -1.48091 0.843878 -0.000752045 
620.943 81.6046 170.014 14.4224 -0.199274 -1.49213 0.827571 0.000472712 
617.686 81.4637 165.819 14.6793 -0.200526 -1.49071 0.811265 0.00030662 
613.977 81.3453 161.598 14.9362 -0.201773 -1.48625 0.794959 7.03677e-05 
609.817 81.2965 157.351 15.1931 -0.203022 -1.48337 0.778653 7.68138e-05 
605.204 81.2929 153.079 15.4499 -0.204285 -1.48044 0.762347 -4.3239e-05 
600.138 81.3352 148.78 15.7068 -0.205572 -1.48386 0.746041 2.80308e-05 
594.618 81.3244 144.455 15.964 -0.206863 -1.48365 0.729735 -0.000198481 
588.642 81.3172 140.103 16.2217 -0.208103 -1.48534 0.713429 0.000292496 
582.21 81.2838 135.726 16.4791 -0.209234 -1.48185 0.697122 -5.39937e-05 
575.32 81.3051 131.324 16.735 -0.210293 -1.48232 0.680816 -2.35092e-05 
567.973 81.3193 126.9 16.9887 -0.211508 -1.4837 0.66451 -7.64566e-06 
560.173 81.3123 122.45 17.2423 -0.2132 -1.48302 0.648204 -0.000186733 
551.918 81.3162 117.968 17.5014 -0.215383 -1.48576 0.631898 0.000220778 
543.2 81.2777 113.445 17.7712 -0.217231 -1.48096 0.615592 -9.95815e-05 
534.006 81.314 108.887 18.0468 -0.217162 -1.48191 0.599286 0.000344367 
524.325 81.3359 104.323 18.3048 -0.214369 -1.47123 0.58298 0.00419973 
514.179 81.5243 99.7963 18.5147 -0.211492 -1.34407 0.566673 -0.0245963 
503.631 83.6929 95.3089 18.6805 -0.215621 -1.951 0.550367 -0.0249357 
492.73 76.4115 90.753 18.8896 -0.233144 -2.63117 0.534061 0.0180399 
481.423 58.5397 85.9192 19.2962 -0.257427 -1.98415 0.517755 0.0151438 
469.473 50.7429 80.6971 19.9605 -0.259208 -1.32052 0.501449 0.0117025 
456.541 53.2795 75.4306 20.5896 -0.200898 -0.661968 0.485143 0.00887124 
442.649 66.0708 71.0564 20.4754 -0.0887786 -0.00676365 0.468837 0.00630674 
428.736 89.0638 68.4308 19.0558 -0.0334869 0.632435 0.452531 0.00368257 
416.504 122.008 66.7015 17.1365 -0.226526 1.13452 0.436224 0.00853153 
406.678 162.768 62.0144 17.7099 -0.73705 1.39532 0.419918 -0.036572 
396.153 207.589 49.364 24.284 -1.19154 0.483436 0.403612 -0.0438133 
377.162 238.218 29.4728 35.5862 -0.705912 -0.908132 0.387306 -0.0224081 
343.28 247.191 16.861 40 1.4 0.367699 0.369 0 
502.54 66.46 532.99 40 1.14252 0 0.0125891 0 
502.54 66.46 532.99 40 1.14252 8.0243e-09 0.0128483 -0.0886023 
502.54 66.4599 532.99 39.9984 1.19197 -0.512278 0.0120239 0.23425 
230.799 8.98334 559.174 39.7616 1.09769 0.613231 0.0124369 -0.0795775 
576.994 57.9162 528.466 39.7693 1.12078 0.36065 0.0124256 -0.0540561 
764.691 80.1159 510.232 39.7697 1.14042 0.148729 0.012376 -0.0205698 
825.418 79.5 502.431 39.7698 1.15056 0.0395106 0.0123458 -0.00170053 
821.981 67.1097 500.005 39.7694 1.15494 -0.00751498 0.0123148 0.0126381 
791.663 49.6203 499.896 39.7686 1.15354 0.00806787 0.012321 0.00898783 
769.524 33.7525 499.019 39.7677 1.15349 0.00904732 0.0123179 0.00968301 
747.204 17.9237 498.091 39.7667 1.15306 0.0142488 0.0123165 0.00942154 
726.903 2.5797 496.907 39.7655 1.1526 0.0199247 0.0123135 0.00965329 
708.667 -12.2371 495.441 39.7642 1.15181 0.0291013 0.0123187 0.00661988 
694.129 -26.1582 493.521 39.7629 1.15232 0.0243756 0.0123075 0.010476 
675.551 -40.6866 491.832 39.7614 1.15098 0.0395955 0.0123172 0.00532684 
663.698 -53.6848 489.39 39.7599 1.15184 0.0312213 0.0123078 0.00872671 
645.454 -67.6976 487.358 39.7582 1.15125 0.038543 0.0123056 0.00833563 
629.472 -81.0437 484.963 39.7564 1.15062 0.0463478 0.0123005 0.00889215 
615.718 -93.6798 482.181 39.7545 1.14942 0.0602939 0.0122986 0.00782459 
607.14 -104.953 478.709 39.7524 1.14829 0.0735962 0.0123045 0.00399419 
602.847 -114.943 474.578 39.7503 1.14873 0.069978 0.0123045 0.00346481 
593.337 -125.473 470.62 39.7482 1.14965 0.061254 0.0122994 0.00516107 
576.04 -137.098 467.088 39.746 1.15006 0.0580879 0.0122871 0.00892089 
554.244 -149.228 463.709 39.7435 1.14864 0.0747695 0.0122869 0.00685889 
538.599 -159.738 459.503 39.7409 1.14772 0.0861087 0.0122847 0.00584181 
525.611 -169.212 454.734 39.7384 1.14695 0.0958321 0.0122608 0.0126793 
513.975 -177.827 449.484 39.7354 1.14221 0.148643 0.0122661 0.00569241 
526.161 -180.974 441.632 39.7317 1.13919 0.182999 0.0123477 -0.0271004 
550.302 -180.659 432.07 39.7303 1.15238 0.0417378 0.0122288 0.0250258 
491.878 -195.696 429.467 39.7267 1.14338 0.140781 0.0122666 0.00296093 
483.914 -200.312 421.982 39.7233 1.14233 0.153947 0.0122651 0.0012614 
476.959 -203.754 413.841 39.72 1.14173 0.162144 0.0122601 0.00121505 
467.853 -206.552 405.291 39.7167 1.14092 0.172816 0.0122547 0.00106416 
457.583 -208.443 396.209 39.7132 1.13983 0.186402 0.0122503 0.000349207 
447.268 -209.123 386.451 39.7096 1.13867 0.200864 0.0122464 -0.000673475 
436.836 -208.504 375.975 39.7059 1.13757 0.214777 0.0122438 -0.00214751 
425.421 -206.653 364.806 39.7021 1.13679 0.22527 0.0122424 -0.00382819 
410.656 -203.944 353.114 39.6983 1.13658 0.229662 0.0122428 -0.00573228 
388.887 -201.04 341.198 39.6944 1.1373 0.224025 0.0122439 -0.00710925 
354.615 -199.021 329.55 39.6907 1.13905 0.207108 0.0122436 -0.00714207 
302.071 -199.089 318.725 39.6874 1.14155 0.181881 0.0122393 -0.00495819 
227.503 -202.107 309.131 39.6849 1.14391 0.157704 0.0122282 -0.000143036 
132.452 -207.899 300.716 39.6838 1.14463 0.150446 0.0122087 0.00687119 
26.8327 -214.541 292.649 39.6845 1.14179 0.180419 0.012182 0.0144307 
-69.327 -217.878 283.098 39.6878 1.13356 0.267228 0.0121511 0.020142 
-127.062 -211.601 269.274 39.6937 1.11859 0.425181 0.0121204 0.0215074 
-112.047 -187.859 247.682 39.7016 1.09638 0.660288 0.0120819 0.0179193 
10.4461 -138.202 214.536 39.7103 1.06504 0.977467 0.0120745 0.0108453 
274.728 -52.0143 165.018 39.9109 1.01987 1.3988 0.00740167 -0.000160398 
722.979 89.3203 97.3662 39.6077 0.0684109 1.96558 0.0115891 0 
722.979 89.3203 97.3662 39.6077 0.0684109 1.96558 0.0115891 0 
711.056 108.477 98.0077 37.9944 0.74341 1.83615 -0.188388 -0.0857235 
699.753 126.947 102.242 33.7607 1.17478 1.76628 -0.176775 -0.0118808 
690.248 145.046 108.799 28.7369 1.4 1.75451 -0.165163 -0.00148073 
682.923 163.08 116.593 22.9755 1.38066 1.75154 -0.153551 -0.0355925 
678.13 181.096 124.334 17.4884 1.08124 1.71939 -0.141939 -0.0910526 
675.783 198.94 130.534 13.396 0.51728 1.63778 -0.130326 -0.146884 
675.299 216.35 133.778 11.7173 -0.23952 1.50406 -0.118714 -0.188227 
675.643 233.051 133.024 13.1468 -1.06671 1.32874 -0.107098 -0.207014 
675.459 248.822 127.871 17.861 -1.4 1.13028 -0.0954846 -0.205269 
673.251 263.542 120.912 23.7541 -1.13274 0.926628 0.516784 -0.184051 
668.437 277.185 115.319 28.2222 -0.0400283 0.736575 -0.0722636 -0.147682 
661.548 289.822 115.483 28.2658 -0.0026435 0.57703 -0.0606525 -0.102709 
654.638 301.612 115.844 28.1544 0.0458915 0.460493 -0.0490405 -0.0564506 
647.773 312.785 116.463 27.8483 0.0977214 0.39306 -0.0374284 -0.0154736 
641.039 323.6 117.36 27.341 0.143048 0.373559 -0.0258162 0.0156459 
634.525 334.311 118.501 26.6656 0.171805 0.394234 -0.0142039 0.0349159 
628.308 345.132 119.801 25.8949 0.175656 0.442857 -0.0025917 0.0428044 
622.431 356.211 121.128 25.1325 0.149965 0.505611 0.00902055 0.041596 
616.895 367.622 122.324 24.4974 0.0953385 0.569848 0.0206328 0.0345282 
611.649 379.373 123.237 24.1019 0.0183491 0.626109 0.0322451 0.0249609 
606.588 391.422 123.745 24.028 -0.0688288 0.66915 0.0438574 0.0157354 
601.573 403.7 123.791 24.3055 -0.149982 0.698 0.0554697 0.00879091 
596.45 416.131 123.405 24.8981 -0.207491 0.715271 0.067082 0.00504459 
591.077 428.653 122.708 25.6994 -0.225679 0.72599 0.0786942 0.00448903 
585.358 441.233 121.908 26.5438 -0.194304 0.736234 0.0903065 0.00643785 
579.269 453.867 121.268 27.2297 -0.111518 0.75183 0.101919 0.00983835 
572.872 466.584 121.061 27.5552 0.0143984 0.777293 0.113531 0.0135771 
566.322 479.436 121.518 27.3588 0.165074 0.815149 0.125143 0.0167217 
559.845 492.489 122.776 26.5587 0.314139 0.865709 0.136755 0.0186656 
553.705 505.81 124.831 25.1821 0.431277 0.927265 0.148368 0.0191711 
548.159 519.457 127.519 23.3779 0.487736 0.99662 0.15998 0.0183258 
543.403 533.47 130.522 21.4056 0.462413 1.06981 0.171592 0.0164448 
539.52 547.872 133.407 19.6008 0.347374 1.14281 0.183204 0.0139514 
536.447 562.659 135.698 18.3197 0.151597 1.21221 0.194817 0.0112673 
533.964 577.814 136.961 17.87 -0.0981058 1.27554 0.206429 0.00873277 
531.711 593.305 136.905 18.4403 -0.359643 1.33158 0.218041 0.00656469 
529.244 609.093 135.456 20.0433 -0.5817 1.38019 0.229653 0.00485204 
526.104 625.14 132.817 22.4839 -0.712656 1.42219 0.241266 0.0035796 
521.914 641.41 129.463 25.3657 -0.711006 1.45894 0.252878 0.00266678 
516.463 657.875 126.093 28.1386 -0.555416 1.49194 0.26449 0.00200875 
509.782 674.517 123.524 30.1854 -0.252321 1.52252 0.276102 0.00150973 
502.172 691.321 122.545 30.936 0.160882 1.55149 0.287715 0.00110284 
494.189 708.28 123.75 29.9911 0.618399 1.57902 0.299327 0.000755496 
486.572 725.384 127.39 27.2305 1.03479 1.60461 0.310939 0.000463097 
480.122 742.623 133.26 22.883 1.31912 1.62714 0.322551 0.000236028 
475.552 759.979 140.675 17.5359 1.39248 1.6451 0.334163 8.51878e-05 
473.325 777.43 148.525 12.075 1.206 1.65676 0.345776 1.03674e-05 
473.521 794.94 155.432 7.55222 0.755581 1.66036 0.357388 -6.07671e-06 
475.759 812.468 159.989 5 0.0899998 1.65436 0.369 0 
475.759 812.468 159.989 5 0.0899998 1.65436 0.369 0 
477.888 810.339 161.151 6.66865 0.0220747 1.18124 0.482653 -4.26991e-12 
480.016 808.211 162.309 8.17901 0.00535332 0.83746 0.480306 -2.98983e-12 
482.144 806.083 163.462 9.56409 0.0012401 0.589794 0.477959 -2.09355e-12 
484.272 803.955 164.61 10.837 0.000228359 0.412213 0.475612 -1.46487e-12 
486.401 801.826 165.754 12.0056 -2.04992e-05 0.285208 0.473265 -1.02381e-12 
488.529 799.698 166.894 13.0754 -8.17108e-05 0.194495 0.470918 -7.14564e-13 
490.657 797.57 168.029 14.0517 -9.67669e-05 0.129751 0.468571 -4.97944e-13 
492.785 795.442 169.159 14.9394 -0.00010047 0.0835563 0.466224 -3.46467e-13 
494.914 793.314 170.285 15.7437 -0.000101381 0.0506041 0.463878 -2.40683e-13 
497.042 791.185 171.407 16.4699 -0.000101605 0.0271002 0.461531 -1.66967e-13 
499.17 789.057 172.524 17.1237 -0.00010166 0.0103365 0.459184 -1.15473e-13 
501.298 786.929 173.637 17.7106 -0.000101674 -0.00161947 0.456837 -7.9827e-14 
503.426 784.801 174.745 18.2362 -0.000101677 -0.0101464 0.45449 -5.51222e-14 
505.555 782.672 175.849 18.7059 -0.000101678 -0.0162278 0.452143 -3.78443e-14 
507.683 780.544 176.948 19.1249 -0.000101678 -0.0205649 0.449796 -2.60374e-14 
509.811 778.416 178.043 19.4982 -0.000101678 -0.0236581 0.447449 -1.78073e-14 
511.939 776.288 179.133 19.8303 -0.000101678 -0.0258641 0.445102 -1.22686e-14 
514.068 774.159 180.219 20.1255 -0.000101678 -0.0274373 0.442755 -8.38536e-15 
516.196 772.031 181.301 20.3878 -0.000101678 -0.0285593 0.440408 -5.74856e-15 
518.324 769.903 182.378 20.6205 -0.000101678 -0.0293595 0.438061 -3.83663e-15 
520.452 767.775 183.45 20.827 -0.000101678 -0.0299301 0.435714 -2.66149e-15 
522.581 765.646 184.518 21.0101 -0.000101678 -0.0303371 0.433367 -1.80298e-15 
524.709 763.518 185.582 21.1724 -0.000101678 -0.0306272 0.43102 -1.26778e-15 
526.837 761.39 186.641 21.3162 -0.000101678 -0.0308341 0.428673 -8.34359e-16 
528.965 759.262 187.695 21.4436 -0.000101678 -0.0309815 0.426327 -5.88611e-16 
531.094 757.133 188.746 21.5564 -0.000101678 -0.0310864 0.42398 -3.57038e-16 
533.222 755.005 189.791 21.6563 -0.000101678 -0.0311609 0.421633 -2.22377e-16 
535.35 752.877 190.833 21.7448 -0.000101678 -0.0312135 0.419286 -1.70737e-16 
537.478 750.749 191.87 21.823 -0.000101678 -0.0312503 0.416939 -7.22522e-17 
539.607 748.621 192.902 21.8923 -0.000101678 -0.0312754 0.414592 -3.41336e-17 
541.735 746.492 193.93 21.9535 -0.000101678 -0.0312916 0.412245 -4.2196e-18 
543.863 744.364 194.953 22.0075 -0.000101678 -0.0313006 0.409898 -1.68645e-17 
545.991 742.236 195.972 22.0553 -0.000101678 -0.0313033 0.407551 1.75926e-17 
548.119 740.108 196.987 22.0975 -0.000101678 -0.0312997 0.405204 7.03668e-17 
550.248 737.979 197.997 22.1346 -0.000101678 -0.0312889 0.402857 5.61843e-17 
552.376 735.851 199.003 22.1673 -0.000101678 -0.0312692 0.40051 3.6439e-17 
554.504 733.723 200.004 22.196 -0.000101678 -0.0312375 0.398163 8.9166e-17 
556.632 731.595 201 22.2212 -0.000101678 -0.0311892 0.395816 9.52278e-17 
558.761 729.466 201.993 22.2433 -0.000101678 -0.0311172 0.393469 1.09957e-16 
560.889 727.338 202.981 22.2624 -0.000101678 -0.0310112 0.391122 1.24255e-16 
563.017 725.21 203.964 22.2791 -0.000101678 -0.0308561 0.388776 1.16524e-16 
565.145 723.082 204.943 22.2934 -0.000101678 -0.0306301 0.386429 1.24737e-16 
567.274 720.953 205.917 22.3056 -0.000101673 -0.0303018 0.384082 1.03201e-16 
569.402 718.825 206.887 22.3158 -0.000101646 -0.0298258 0.381735 9.98445e-17 
571.53 716.697 207.853 22.3244 -0.000101496 -0.0291369 0.379388 8.29931e-17 
573.658 714.569 208.814 22.3312 -0.000100733 -0.0281412 0.377041 6.7426e-17 
575.787 712.44 209.77 22.3366 -9.7039e-05 -0.0267039 0.374694 3.20472e-17 
577.915 710.312 210.722 22.3404 -7.96994e-05 -0.0246318 0.372347 1.02751e-17 
580.043 708.184 211.67 22.3429 -1.14813e-07 -0.0216477 0.369 0 
580.043 708.184 211.67 22.3429 -1.14813e-07 -0.0216477 0.369 0 
578.176 701.878 213.637 22.3903 1.0337e-07 0.0811457 0.482653 -4.01107e-14 
576.311 695.572 215.551 22.4233 1.13329e-07 0.121159 0.480306 -1.63549e-14 
574.448 689.265 217.41 22.4465 1.13785e-07 0.136903 0.477959 -6.62737e-15 
572.587 682.959 219.216 22.4626 1.13809e-07 0.14311 0.475612 -2.81651e-15 
570.729 676.653 220.967 22.4739 1.13813e-07 0.145557 0.473265 -1.10963e-15 
568.873 670.347 222.664 22.4818 1.13815e-07 0.146521 0.470918 -4.38981e-16 
567.019 664.041 224.307 22.4873 1.13818e-07 0.146901 0.468571 -1.52836e-16 
565.167 657.734 225.894 22.4911 1.13821e-07 0.14705 0.466224 -1.3746e-16 
563.317 651.428 227.426 22.4938 1.13824e-07 0.147108 0.463878 2.07737e-17 
561.47 645.122 228.903 22.4957 1.13827e-07 0.147131 0.461531 -7.97965e-18 
559.624 638.816 230.325 22.497 1.1383e-07 0.14714 0.459184 2.28901e-17 
557.781 632.51 231.691 22.4979 1.13833e-07 0.147143 0.456837 -5.01421e-17 
555.94 626.203 233.001 22.4986 1.13835e-07 0.147145 0.45449 1.01674e-17 
554.1 619.897 234.255 22.499 1.13838e-07 0.147145 0.452143 -1.88255e-17 
552.263 613.591 235.453 22.4993 1.13841e-07 0.147145 0.449796 -5.60329e-18 
550.428 607.285 236.595 22.4996 1.13844e-07 0.147145 0.447449 9.54843e-18 
548.594 600.979 237.68 22.4997 1.13846e-07 0.147145 0.445102 -2.34985e-17 
546.763 594.672 238.709 22.4998 1.13849e-07 0.147145 0.442755 -2.10662e-17 
544.933 588.366 239.681 22.4999 1.13852e-07 0.147145 0.440408 -4.43237e-17 
543.106 582.06 240.596 22.5 1.13854e-07 0.147145 0.438061 -5.70071e-17 
541.28 575.754 241.453 22.5 1.13857e-07 0.147145 0.435714 1.74972e-17 
539.456 569.448 242.254 22.5 1.1386e-07 0.147145 0.433367 4.89083e-17 
537.634 563.141 242.997 22.5 1.13862e-07 0.147145 0.43102 -3.41448e-17 
535.814 556.835 243.683 22.5 1.13865e-07 0.147145 0.428673 -3.77686e-17 
533.995 550.529 244.311 22.5001 1.13868e-07 0.147145 0.426327 -3.2035e-17 
532.178 544.223 244.882 22.5001 1.1387e-07 0.147145 0.42398 2.50764e-17 
530.363 537.916 245.395 22.5001 1.13873e-07 0.147145 0.421633 4.14164e-17 
528.55 531.61 245.85 22.5001 1.13875e-07 0.147145 0.419286 -2.09075e-17 
526.738 525.304 246.247 22.5001 1.13878e-07 0.147145 0.416939 -3.88479e-17 
524.928 518.998 246.586 22.5001 1.13881e-07 0.147145 0.414592 -3.44619e-17 
523.12 512.692 246.868 22.5001 1.13883e-07 0.147145 0.412245 1.72717e-17 
521.313 506.385 247.091 22.5001 1.13886e-07 0.147145 0.409898 2.60146e-17 
519.508 500.079 247.256 22.5001 1.13888e-07 0.147145 0.407551 -2.99238e-17 
517.704 493.773 247.364 22.5001 1.13891e-07 0.147145 0.405204 1.76188e-17 
515.902 487.467 247.413 22.5001 1.13893e-07 0.147145 0.402857 3.18556e-17 
514.101 481.161 247.404 22.5001 1.13896e-07 0.147144 0.40051 3.72847e-17 
512.302 474.854 247.336 22.5001 1.13899e-07 0.147144 0.398163 1.33142e-17 
510.504 468.548 247.211 22.5001 1.13901e-07 0.147142 0.395816 -3.07607e-18 
508.708 462.242 247.028 22.5001 1.13904e-07 0.147137 0.393469 6.36202e-18 
506.913 455.936 246.786 22.5001 1.13906e-07 0.147124 0.391122 2.00888e-17 
505.12 449.63 246.487 22.5001 1.13909e-07 0.147091 0.388776 2.51103e-17 
503.328 443.323 246.129 22.5001 1.13911e-07 0.147008 0.386429 4.94767e-18 
501.537 437.017 245.714 22.5001 1.13914e-07 0.146797 0.384082 1.92721e-17 
499.748 430.711 245.241 22.5001 1.13917e-07 0.146264 0.381735 1.98217e-17 
497.96 424.405 244.71 22.5001 1.13919e-07 0.144917 0.379388 2.65813e-17 
496.173 418.099 244.121 22.5001 1.1391e-07 0.141517 0.377041 3.31733e-17 
494.387 411.792 243.475 22.5001 1.13679e-07 0.132942 0.374694 3.74037e-17 
492.603 405.486 242.771 22.5001 1.08641e-07 0.111307 0.372347 2.02868e-17 
490.82 399.18 242.01 22.5001 2.28885e-11 0.0564021 0.369 0 
490.82 399.18 242.01 22.5001 2.28885e-11 0.0564021 0.369 0 
474.216 434.425 240.587 19.1701 0.628068 1.38916 0.197054 0.728473 
463.315 499.771 253.472 5.70775 -0.0533257 3.44455 1.13739 0.356143 
477.709 611.528 251.452 5.00001 -0.0874994 4.52403 1.12108 0.13347 
493.328 747.669 248.686 5.00003 -0.0865523 4.94765 1.10478 -0.000357103 
508.829 893.378 245.941 5.00004 -0.0856064 4.95243 1.08847 -0.0760733 
524.205 1039.2 243.217 5.00005 -0.0846607 4.70715 1.07216 -0.119886 
539.453 1179.47 240.515 5.00006 -0.0837153 4.30727 1.05586 -0.145916 
554.571 1310.72 237.834 5.00007 -0.0827704 3.80631 1.03955 -0.160395 
569.558 1430.65 235.175 5.0001 -0.081827 3.23945 1.02324 -0.165912 
584.415 1537.77 232.537 5.00016 -0.0808948 2.63499 1.00694 -0.163828 
599.14 1631.24 229.92 5.00045 -0.370712 2.01846 0.990632 -0.155358 
613.866 1710.78 220.756 9.99776 -0.13677 1.41306 0.974326 -0.141346 
619.016 1776.65 216.696 10.2552 -0.138007 0.841179 0.95802 -0.123084 
623.506 1829.61 212.599 10.5122 -0.139259 0.322566 0.941714 -0.103172 
627.337 1870.85 208.464 10.7691 -0.140513 -0.131299 0.925408 -0.0836186 
630.508 1901.83 204.291 11.0261 -0.141768 -0.51642 0.909102 -0.0658119 
633.019 1924.12 200.081 11.283 -0.143023 -0.834624 0.892796 -0.0507073 
634.869 1939.22 195.833 11.54 -0.144278 -1.09272 0.87649 -0.0387198 
636.057 1948.49 191.547 11.7969 -0.145532 -1.30081 0.860183 -0.0299535 
636.584 1953.06 187.224 12.0538 -0.146787 -1.47114 0.843877 -0.0243202 
636.447 1953.79 182.863 12.3108 -0.148042 -1.61766 0.827571 -0.0212599 
635.645 1951.2 178.465 12.5677 -0.149297 -1.7533 0.811265 -0.0202338 
634.178 1945.55 174.028 12.8246 -0.150551 -1.89 0.794959 -0.0205532 
632.043 1936.82 169.555 13.0816 -0.151806 -2.03718 0.778653 -0.0212149 
629.238 1924.76 165.043 13.3385 -0.153061 -2.19872 0.762347 -0.022797 
625.762 1909.05 160.494 13.5954 -0.154316 -2.38415 0.746041 -0.0240858 
621.611 1889.15 155.907 13.8524 -0.15557 -2.59411 0.729734 -0.0248254 
616.785 1864.51 151.283 14.1093 -0.156825 -2.82701 0.713428 -0.0248677 
611.281 1834.6 146.621 14.3662 -0.15808 -3.07929 0.697122 -0.0241672 
605.097 1799 141.921 14.6232 -0.159336 -3.34589 0.680816 -0.0227679 
598.232 1757.38 137.184 14.8801 -0.160592 -3.62063 0.66451 -0.0207843 
590.682 1709.55 132.409 15.1371 -0.161842 -3.89686 0.648204 -0.0183783 
582.446 1655.49 127.596 15.394 -0.163083 -4.1679 0.631898 -0.0157339 
573.523 1595.3 122.746 15.6506 -0.164334 -4.42758 0.615592 -0.013034 
563.913 1529.24 117.859 15.9073 -0.165647 -4.67065 0.599285 -0.0104405 
553.612 1457.7 112.932 16.1649 -0.167021 -4.89312 0.582979 -0.00808067 
542.619 1381.13 107.965 16.4246 -0.168235 -5.09238 0.566673 -0.00603982 
530.929 1300.05 102.962 16.6831 -0.168874 -5.26731 0.550367 -0.00435979 
518.54 1215.03 97.9345 16.9308 -0.169192 -5.4182 0.534061 -0.00304344 
505.474 1126.6 92.8909 17.1637 -0.171509 -5.5466 0.517755 -0.00206259 
491.756 1035.27 87.7866 17.4185 -0.178928 -5.65507 0.501449 -0.00136789 
477.348 941.489 82.5054 17.7795 -0.18665 -5.74693 0.485143 -0.000898507 
462.049 845.634 77.0368 18.2363 -0.171927 -5.826 0.468836 -0.000589621 
445.667 747.993 71.8842 18.3891 -0.114853 -5.89612 0.45253 -0.000376107 
428.749 648.768 68.0153 17.5548 -0.0816145 -5.95967 0.436224 -0.00019312 
413.149 548.107 64.9275 16.2884 -0.282815 -6.01091 0.419918 1.22347e-05 
399.792 446.286 57.3405 18.6824 -0.804689 -6.00939 0.403612 0.000213873 
381.995 344.503 37.8781 29.7093 -0.855359 -5.81213 0.387306 0.000212822 
343.383 247.191 16.8719 40 1.4 -5.1588 0.369 0 
