grtopL_105_5
50
2 2
12 12 
0 4 10 9 6 1 5 7 3 8 2 12 
0 4 10 9 6 1 5 7 3 8 2 12 
72.0653 328.156 381.947 232.589 865.38 223.797 16.7179 212.641 290.338 103.706 148.286 
149526 69.123 296.579 44.2701 173.117 184.132 11.6854 199.377 180.665 103.707 148.284 
1.47072 6.69705 7.79484 4.74671 17.6608 4.56728 0.341182 4.33961 5.92526 2.11646 3.02625 
3051.54 1.41067 6.05263 0.903472 3.533 3.7578 0.238477 4.06891 3.68704 2.11646 3.02621 
555.116 18.2358 2.90843 83.8136 4168.9 3.44036 0.336458 2.67868 93.129 5.47997 1.84335 
6.82243e-06 0.281885 5.00084 1.55582 3.19663 2.58352 0.200048 2.64218 10.8151 5.47983 1.84331 
8254.3 9524.04 4429.28 22.8529 0.588179 0 0.104614 0 
7699.18 10079.2 3874.16 5 -1.39999 -6.28 1.14826 0 
7998.86 9553.37 3831.96 5 -1.39999 -6.28 1.12656 0 
7953.4 9544.06 3495.4 5 -1.4 -6.28 1.10111 0 
7385.14 9301.08 3155.87 5 -1.4 -6.28 1.07936 0 
7120.66 9549.24 3034.67 5 -1.39999 -6.28 1.05764 0 
6813.06 9771.37 2736.26 5 -1.39999 -6.28 1.03591 0 
6487.12 9993.49 2437.85 5 -1.39999 -6.28 1.01419 0 
6142.78 10215.6 2139.44 5 -1.4 -6.28 0.992485 0 
5780.25 10264.7 1841.03 5 1.4 -6.28 0.974501 0 
5399.31 10328.7 1773.65 5 1.4 -6.28 0.952778 0 
5009.89 10363.6 1697.72 5 1.4 -6.28 0.931056 0 
4615.92 10305.8 1530.48 5 1.4 -6.28 0.909334 0 
4209.15 10321 1404.35 5 1.4 -6.28 0.887612 0 
3793.28 10121.7 1274.35 5 1.4 -6.28 0.86589 0 
3367.97 9922.56 1144.03 5 1.4 -6.28 0.844168 0 
2933.19 9722.97 1014.45 5 1.4 -6.28 0.822445 0 
2488.99 9522.99 885.429 40 1.39963 -6.28 0.800723 0 
1958.67 9660.97 1049.9 5 1.4 -6.28 0.779001 0 
1330.33 9506.12 919.626 5 1.4 6.28 0.757279 0 
1207.77 9253.79 811.81 5 1.4 5.48328 0.735557 0 
1414.48 9001.46 693.149 5 1.4 -6.28 0.713835 0 
777.372 8814.57 521.888 5 1.4 6.28 0.692112 -0.57902 
964.891 8905.4 420.347 5 1.4 -6.28 -0.0574867 0 
478.281 8980.85 341.865 5 -1.4 -1.68024 -0.0512853 0 
220.88 9202.97 43.4543 5 -1.4 6.28 -0.0450949 0 
197.613 9161.45 39.675 40 -1.4 6.25544 -0.0388987 0 
66.0925 9443.14 0.001 5 -1.4 6.28 0.0775468 0 
599.683 9263.14 0.00100054 40 -1.4 6.28 -0.0265063 0 
1133.27 9323.03 193.582 40 -1.4 6.28 -0.0203101 0 
1670.25 9273.24 181.26 40 -1.4 -0.998863 -0.0141139 0 
2033.79 9196.72 254.672 40 -1.4 6.28 0.496613 0 
2317.89 9478.32 0.001 5 -1.4 6.28 0.474891 0 
2591.48 9700.44 12.8783 5 1.4 6.28 0.00447476 0 
2865.56 9714.49 0.001 40 -1.4 -6.28 0.010671 0 
2521.54 10038.9 0.001 5 -1.24953 -6.28 0.0168672 0 
1837.2 10052.1 0.001 5 -1.0382 -6.28 0.0232271 0 
1198.16 10072.8 0.001 40 -0.530268 6.28 0.0357618 0 
1005.43 10283.2 1.40519 40 -0.496135 6.28 0.0496323 0 
1024.76 10532.7 52.5099 40 -0.855349 6.28 0.0651203 0 
1187.98 10490.4 135.987 40 -1.4 6.27182 0.0478482 0 
1321.99 10688.6 0.001 40 1.4 6.12837 0.0540444 0 
1471.32 10640 0.001 40 1.4 6.12936 0.0602406 0 
1620.72 10516.1 0.001 40 1.4 6.12995 0.0664368 0 
1770.16 10392.2 0.001 40 1.4 4.04196 0.072633 0 
1775.92 10268.3 45.5514 40 1.4 6.27999 0.0788292 0 
1938.61 10144.4 221.036 40 1.4 6.28 0.0859043 -0.0652245 
1927.63 9674.89 521.884 40 1.4 -6.28 0.0912216 0 
1252.25 9125.62 238.501 5 1.4 2.0558 0.0974178 0.0224082 
1705.36 8533.52 95.23 39.9799 0.09 6.28 0.103614 0 
1705.36 8533.52 95.23 39.9799 0.09 6.28 0.103614 0 
1503.34 9207.87 118.974 22.192 0.287963 1.21362 -0.188388 0.280867 
1460.19 9458.65 137.246 17.6202 0.323937 5.13979 0.249822 -0.0042085 
1414.44 10037.5 147.063 5.00408 -0.10515 5.13704 0.598541 -0.0567859 
1489.52 10616.1 131.836 5.59884 -0.333768 4.34094 0.75402 0.353698 
1560.87 11128.1 124.666 19.2284 -0.372585 5.07653 -0.0333171 -0.295181 
1535.5 11701.7 93.0493 24.897 0.289882 5.12766 -0.0217623 -0.00261717 
1464.63 12279.6 119.339 10.0562 0.149026 5.00977 0.30889 -0.0838215 
1497.42 12847.5 138.261 7.82713 -0.452253 0.84129 0.712881 -0.330069 
1554.89 13030.9 108.866 28.2307 -0.215958 -6.28 -0.00303997 -0.0145039 
1443.63 12619.2 104.29 21.3643 0.0643369 -6.28 0.101644 0.00229057 
1367.7 12207.4 117.658 10.3973 -0.100197 -6.28 0.402227 0.0241898 
1373.95 11795.6 115.851 14.4372 -0.20789 -6.28 0.410783 0.0231002 
1350.02 11383.8 101.175 23.0273 -0.0478426 -5.60517 0.155059 0.00130495 
1261.95 11028.5 91.1137 24.8293 0.0424301 -5.57739 0.0961956 0.00135765 
1159.97 10675.5 86.0204 24.8958 0.0678088 -5.57733 0.101518 0.00138886 
1056.65 10322.6 83.1512 24.8902 0.0643559 -5.57519 0.109503 0.00157241 
952.9 9969.86 79.8244 24.774 0.0892965 -5.57576 0.12254 0.00155738 
849.326 9617.06 78.9447 24.5457 0.0963683 -5.57609 0.130464 0.00113471 
747.12 9264.23 79.2902 24.2714 0.128725 -5.5762 0.143253 0.00111558 
646.756 8911.39 82.6348 20.5833 0.0498849 -5.57598 0.173866 0.00106433 
571.778 8558.55 86.1676 21.0857 0.0249062 -5.57643 0.194282 0.00104652 
494.069 8205.68 89.4519 21.6276 0.151856 -5.5763 0.204723 0.000865997 
413.07 7852.82 102.084 13.8663 0.045311 -5.56649 0.292109 0.00149528 
388.81 7500.74 114.045 7.98989 0.182123 -5.59543 0.480847 0.000547727 
412.394 7146.2 144.472 5.61548 -0.100691 -5.56571 0.520975 0.000950985 
465.234 6794.14 156.521 5.43022 -0.0421039 -5.57677 0.419332 0.000797391 
524.984 6441.15 173.636 5.36061 -0.0424172 -5.57852 0.421708 0.000636884 
588.78 6088.02 190.733 5.31715 -0.0449087 -5.57163 0.428685 0.0270798 
656.332 5735.46 207.628 5.30522 -0.0597176 -5.61038 0.434186 0.0361469 
727.738 5379.66 222.333 5.39067 0.113131 -6.26204 0.432763 4.3315e-06 
803.188 4969.38 238.601 5.37775 0.108399 -4.83607 0.433718 0.000253471 
881.839 4678.29 254.245 5.37651 0.0968028 -4.83158 0.433962 -3.8797e-05 
963.593 4387.59 268.621 5.36943 0.0674318 -4.83481 0.438551 0.000111134 
1048.28 4096.61 279.936 5.37385 0.0436049 -4.8321 0.42052 0.000122869 
1135.28 3805.86 287.081 5.38402 0.0251647 -4.82893 0.420232 0.00010356 
1223.74 3515.38 290.503 5.4045 -0.00350665 -4.82555 0.441934 0.000133481 
1312.95 3225.18 289.23 5.44861 -0.0451354 -4.81488 0.443404 0.000777631 
1401.88 2935.86 282.819 6.85176 -0.257164 -4.70125 0.443564 0.00119255 
1489.39 2656.06 276.671 9.11221 -0.164444 -4.47345 0.434873 0.0184226 
1560.59 2395.3 271.785 9.89807 -0.117396 -2.73104 0.425881 0.0429625 
1625.75 2280.17 269.107 8.43134 -0.166029 1.86173 0.406583 0.0153297 
1700.68 2584.08 266.839 8.7877 -0.162301 4.99566 0.409242 -0.00143089 
1773.03 3150.84 265.397 9.44285 -0.173109 4.98735 0.399884 3.76942e-05 
1840.78 3716.92 262.775 14.065 -0.132439 5.10932 0.39267 -3.01907e-05 
1876.96 4293.21 255.314 18.7957 -0.130325 5.11339 0.381656 -0.00876157 
1877.03 4869.87 245.398 24.2662 -0.100641 2.24541 0.368145 -0.0116536 
1825.38 5206.88 237.768 22.9136 -0.124336 -3.1191 0.374002 0.00335042 
1772.32 5062.6 216.882 11.0103 0.102509 -5.16353 0.372731 0.000129818 
1803.88 4744.18 238.215 15.8349 -0.00696562 -1.19266 0.369 0 
1803.88 4744.18 238.215 15.8349 -0.00696562 -1.19266 0.369 0 
1780.65 4778 241.868 15.6568 0.159708 1.71724 -0.0366401 0.622004 
1759.42 5094.83 261.76 5 0.0674287 6.28 0.644906 -0.00419373 
1825.65 5855.36 274.337 5 0.0674287 6.28 0.644906 -0.0110876 
1894.32 6615.9 286.915 5 0.0674287 6.28 0.644906 -0.081552 
1965.45 7376.44 299.493 5 0.0674285 5.84756 0.644906 -0.26174 
2039 8094.92 312.071 5 0.0674273 3.59618 0.644906 -0.280981 
2114.83 8594.43 324.648 5 0.0674264 1.91417 0.644906 -0.644612 
2192.97 8930.34 337.226 5 0.0674229 -3.62136 0.644917 -0.350651 
2273.14 8727.87 349.803 5 0.06759 -6.2798 0.642012 0.00251369 
2355.55 8266.84 362.397 5 0.0255368 -6.27935 0.776708 0.170293 
2440.5 7805.86 370.9 5 -0.0312459 -4.98906 0.990633 0.416413 
2527.32 7470.36 368.064 5 -0.0302981 -1.59677 0.974327 0.00738214 
2613.84 7464.8 365.32 5 -0.029352 -1.53896 0.95802 -0.000219057 
2699.83 7464.87 362.668 5 -0.028406 -1.54005 0.941714 9.64042e-05 
2785.31 7464.83 360.108 5 -0.0274599 -1.53912 0.925408 -0.000153268 
2870.28 7464.88 357.64 5 -0.0265139 -1.54027 0.909102 5.20734e-05 
2954.77 7464.81 355.264 5 -0.0255679 -1.53971 0.892796 -6.48953e-05 
3038.79 7464.8 352.98 5 -0.0246218 -1.54016 0.87649 7.95577e-06 
3122.37 7464.75 350.788 5 -0.0236758 -1.53996 0.860184 3.64946e-05 
3205.52 7464.72 348.688 5 -0.0227298 -1.53952 0.843878 -4.83575e-05 
3288.26 7464.73 346.68 5 -0.0217837 -1.53985 0.827571 0.000100259 
3370.6 7464.7 344.764 5 -0.0208377 -1.53876 0.811265 -0.000113363 
3452.57 7464.79 342.94 5 -0.0198917 -1.53978 0.794959 4.47734e-05 
3534.18 7464.77 341.209 5 -0.0189456 -1.53919 0.778653 -5.62116e-05 
3615.46 7464.81 339.569 5 -0.0179996 -1.53968 0.762347 -4.24794e-06 
3696.41 7464.81 338.021 5 -0.0170536 -1.53961 0.746041 -9.32171e-07 
3777.06 7464.81 336.565 5 -0.0161075 -1.5395 0.729735 -3.40967e-06 
3857.42 7464.82 335.201 5 -0.0151615 -1.53943 0.713429 2.94779e-05 
3937.51 7464.84 333.929 5 -0.0142155 -1.53864 0.697122 -0.0102262 
4017.36 7464.93 332.75 5 -0.0132695 -1.67885 0.680816 -0.269007 
4096.96 7451.39 331.662 5 -0.0123253 -5.20183 0.66451 0.353648 
4176.08 7095.2 330.666 5 -0.0139904 -0.591162 0.648204 0.364917 
4255.36 7187.45 329.508 5.19339 -0.015557 4.28275 0.631898 -0.343523 
4333.29 7753.74 328.168 5.45032 -0.0168142 -0.449595 0.615592 -0.317572 
4408.59 7859.76 326.665 5.70726 -0.0180712 -5.03677 0.599286 0.141605 
4481.25 7519.63 325 5.96419 -0.0193246 -2.52072 0.58298 0.0375056 
4551.77 7424.21 323.173 6.22112 -0.0205788 -1.61516 0.566673 0.257416 
4620.01 7416.87 321.184 6.47806 -0.0218312 2.67438 0.550367 0.188157 
4686.2 7826.74 319.033 6.73499 -0.023084 6.27267 0.534061 0.000429906 
4750.24 8586.57 316.72 6.99192 -0.0243386 6.27995 0.517755 -0.107906 
4811.83 9347.12 314.245 7.24885 -0.0255945 3.72571 0.501449 -0.123647 
4870.75 9859.24 311.608 7.50577 -0.0268496 0.988669 0.485143 -0.136799 
4926.93 10105.2 308.809 7.76263 -0.0281118 -2.56472 0.468837 -0.04231 
4980.3 10005.5 305.847 8.01995 -0.0294455 -4.62779 0.452531 0.00497024 
5030.93 9705.13 302.715 8.28279 -0.0304117 -5.61429 0.436224 0.00596937 
5078.82 9308.85 299.448 8.5205 -0.0259653 -6.28 0.419918 0.000593601 
5124.17 8847.82 296.577 8.34852 -0.0398825 -6.28 0.403612 2.49494e-05 
5170.32 8386.79 292.379 9.38535 -0.447539 -6.28 0.387306 0.000738864 
5208.37 7925.77 248.37 40 -0.09 -4.6708 0.369 0 
5208.37 7925.77 248.37 40 -0.09 -4.6708 0.369 0 
5107.93 7805.74 325.425 39.9997 -0.905855 -5.83681 -0.183642 -0.00846313 
4986.27 7621.79 325.118 5.00027 0.853983 -4.57205 -0.099279 -0.00381553 
5095.59 7374.06 311.926 36.8232 -1.26532 -5.26669 0.0191897 0.00621068 
5059.66 7217.11 272.676 36.223 -0.876757 -5.96608 -0.0887642 -0.0159509 
5016.01 7025.36 303.25 37.9053 1.22516 -3.43874 0.970196 0.00312102 
4926.05 6844.93 308.769 39.4664 1.24521 -3.95245 0.957373 0.00287148 
4852.92 6633.97 316.929 37.9366 1.23394 -3.94052 0.957881 0.000765098 
4787.12 6423.72 319.559 38.6745 1.24416 -3.9393 0.951834 0.000915622 
4723.99 6213.55 322.897 38.0794 1.26267 -4.05939 0.00205659 -0.000232562 
4678.34 5996.2 352.762 37.8779 1.24778 -4.08044 0.133254 0.00131323 
4623.06 5777.6 366.177 38.0639 0.808195 -4.07597 0.0814778 0.00185542 
4570.19 5559.26 379.266 38.106 -0.920277 -4.07886 0.0834558 0.00545076 
4517.66 5340.75 392.12 38.28 -0.888696 -4.23558 0.0866377 0.0189249 
4464.8 5112.89 407.156 37.1109 0.134184 -5.69215 0.0849106 0.0229331 
4397.69 4796.04 419.779 19.3566 -1.00852 -5.92415 0.106126 0.000914506 
4317.21 4456.35 429.382 20.7299 -1.03051 -5.89409 0.1117 -0.00137344 
4230.97 4119.24 438.617 38.8506 -0.473186 -5.88567 0.0905291 -0.00288045 
4060.83 3780.52 477.447 5.00031 1.26588 -5.91912 0.873144 0.00334091 
4197.14 3459.42 499.376 5.04485 -0.762288 -5.91921 0.851853 -0.00596243 
4329.59 3138.18 524.981 5.00033 1.24955 -5.71568 0.0361138 0.00684936 
4461.33 2812.28 618.836 35.2825 -1.26725 -6.00616 0.161145 0.00319721 
4482.16 2485.96 589.226 35.2536 1.21552 -6.01364 0.806298 0.00237288 
4490.51 2159.21 583.889 5.5734 -1.22045 -5.76492 0.726681 -0.0078921 
4635.17 1830.46 597.221 5.19163 -1.25402 -5.82963 0.739624 -0.0168312 
4784.3 1497.76 566.872 5.00031 1.27711 -6.21424 0.677417 0.0236878 
4939.13 1158.58 670.899 5.00071 1.264 -6.27975 0.66487 0.00693108 
4951.91 815.378 700.893 5.59235 1.28368 -2.65985 0.647922 0.000941482 
4968.82 666.992 729.336 5.06115 -1.22764 -1.21332 0.675028 0.00174583 
5135.6 617.924 742.167 6.14316 1.05139 -0.753951 0.659443 -0.000191487 
5157.61 596.628 729.46 7.11599 -0.475575 -2.86639 0.643697 0.00424338 
5172.84 581.867 712.714 7.0947 -0.906252 -2.72347 0.630058 -0.0134467 
5186.66 576.53 695.025 7.11279 -1.07721 1.22135 0.615588 -0.00375741 
5198.64 732.392 676 7.12183 -1.17795 5.6808 0.600913 0.0348617 
5208.59 1244.49 655.581 7.12729 -1.24551 5.37783 0.586788 0.0149773 
5216.1 1738.89 634.093 7.13208 -1.26725 5.8618 0.572409 0.0128576 
5221.06 2262.12 610.917 7.15373 -1.2708 5.94914 0.558084 0.00303009 
5223.08 2747.52 585.581 7.2228 -1.08686 5.95859 0.548959 0.00161359 
5221.44 3254.48 558.487 7.01189 -0.331056 5.96388 0.286528 0.00970394 
5216.59 3761.76 523.032 5.64683 -1.26096 6.04289 0.293388 0.00697583 
5216.27 4262.78 489.814 5.00035 -1.26814 6.12003 0.293413 0.00292162 
5357.79 4801.88 470.888 5.49386 -1.29003 5.87754 0.301723 7.06555e-05 
5471.32 5284.37 459.737 5.98329 1.19099 3.38293 0.471766 2.20937e-05 
5457.38 5643.64 463.367 21.4493 -1.21493 3.29418 0.466961 -2.74979e-05 
5391.71 6002.41 422.733 5.00087 -1.27389 3.08365 0.322457 2.93746e-05 
5498.27 6348.53 402.11 5.24831 -1.27629 3.08727 0.329352 2.65179e-05 
5536.12 6694.87 382.062 5.54858 -1.27178 3.08984 0.339708 1.82294e-05 
5573.42 7041.36 362.587 5.51779 -1.27037 2.71765 0.34992 1.4314e-05 
5611.8 7365.75 343.035 5.43184 0.0197715 4.66534 0.359858 -0.000239839 
5645.22 7679.69 277.36 39.9575 -0.00091954 0.377848 0.369 0 
5645.22 7679.69 277.36 39.9575 -0.00091954 0.377848 0.369 0 
1831.14 3940.41 0.0438935 5.04081 -0.000348402 -6.25106 0.000670805 7.92364e-10 
3.307e-08 51.8594 0.0438933 5.0413 3.11328e-09 -9.02816e-07 0.000739826 -1.71911e-12 
3.68134e-09 4.06918e-09 0.0438933 5.0413 3.10919e-09 -7.8213e-07 0.000824541 -1.71911e-12 
3.68139e-09 3.3965e-09 0.0438933 5.0413 3.10312e-09 -7.8213e-07 0.000931269 -1.71902e-12 
3.68139e-09 3.3965e-09 0.0438933 5.0413 3.09719e-09 -7.8213e-07 0.00106984 -1.71891e-12 
3.68139e-09 3.3965e-09 0.0438933 5.0413 3.09161e-09 -7.8213e-07 0.00125577 -1.7188e-12 
3.68139e-09 3.3965e-09 0.0438933 5.0413 3.08654e-09 -7.8213e-07 0.00151365 -1.71868e-12 
3.68139e-09 3.3965e-09 0.0438933 5.0413 3.0819e-09 -7.8213e-07 0.00188234 -1.71855e-12 
3.68139e-09 3.3965e-09 0.0438933 5.0413 3.0772e-09 -7.8213e-07 0.00242227 -1.71841e-12 
3.68139e-09 3.3965e-09 0.0438933 5.0413 3.07118e-09 -7.8213e-07 0.00322489 -1.71825e-12 
3.68139e-09 3.3965e-09 0.0438933 5.0413 3.06154e-09 -7.8213e-07 0.00442319 -1.71808e-12 
3.68139e-09 3.3965e-09 0.0438933 5.0413 3.04457e-09 -7.8213e-07 0.0062008 -1.7179e-12 
3.68139e-09 3.3965e-09 0.0438933 5.0413 3.01512e-09 -7.8213e-07 0.00879699 -1.71769e-12 
3.68139e-09 3.3965e-09 0.0438933 5.0413 2.96665e-09 -7.8213e-07 0.0125091 -1.71746e-12 
3.68139e-09 3.3965e-09 0.0438933 5.0413 2.89151e-09 -7.8213e-07 0.0176954 -1.71721e-12 
3.68139e-09 3.3965e-09 0.0438933 5.0413 2.78203e-09 -7.8213e-07 0.024741 -1.71693e-12 
3.68139e-09 3.3965e-09 0.0438933 5.0413 2.63567e-09 -7.8213e-07 0.0337927 -1.71662e-12 
3.68139e-09 3.3965e-09 0.0438933 5.0413 2.45086e-09 -7.8213e-07 0.0449567 -1.71628e-12 
3.68139e-09 3.3965e-09 0.0438933 5.0413 2.26147e-09 -7.8213e-07 0.0564111 -1.71588e-12 
3.68139e-09 3.3965e-09 0.0438933 5.0413 2.07245e-09 -7.8213e-07 0.067848 -1.71544e-12 
3.68139e-09 3.3965e-09 0.0438933 5.0413 1.88372e-09 -7.8213e-07 0.0792662 -1.71495e-12 
3.68139e-09 3.3965e-09 0.0438933 5.0413 1.69528e-09 -7.8213e-07 0.090665 -1.71438e-12 
3.68139e-09 3.3965e-09 0.0438933 5.0413 1.50714e-09 -7.8213e-07 0.102044 -1.71373e-12 
3.68139e-09 3.3965e-09 0.0438933 5.0413 1.31929e-09 -7.8213e-07 0.113402 -1.713e-12 
3.68139e-09 3.3965e-09 0.0438933 5.0413 1.13174e-09 -7.8213e-07 0.12474 -1.71215e-12 
3.68139e-09 3.3965e-09 0.0438933 5.0413 9.44471e-10 -7.8213e-07 0.136057 -1.71118e-12 
3.68139e-09 3.3965e-09 0.0438933 5.0413 7.57471e-10 -7.8213e-07 0.147356 -1.71005e-12 
3.68139e-09 3.3965e-09 0.0438933 5.0413 5.70723e-10 -7.8213e-07 0.158636 -1.70876e-12 
3.68139e-09 3.3965e-09 0.0438933 5.0413 3.84212e-10 -7.8213e-07 0.1699 -1.70725e-12 
3.68139e-09 3.3965e-09 0.0438933 5.0413 1.97925e-10 -7.8213e-07 0.181146 -1.7055e-12 
3.68139e-09 3.3965e-09 0.0438933 5.0413 1.18584e-11 -7.8213e-07 0.192377 -1.70346e-12 
3.68139e-09 3.3965e-09 0.0438933 5.0413 -1.73985e-10 -7.8213e-07 0.203593 -1.70107e-12 
3.68139e-09 3.3965e-09 0.0438933 5.0413 -3.59585e-10 -7.8213e-07 0.214794 -1.69826e-12 
3.68139e-09 3.3965e-09 0.0438933 5.0413 -5.44899e-10 -7.8213e-07 0.225979 -1.69493e-12 
3.68139e-09 3.3965e-09 0.0438933 5.0413 -7.29837e-10 -7.8213e-07 0.237143 -1.69093e-12 
3.68139e-09 3.3965e-09 0.0438933 5.0413 -9.14235e-10 -7.8213e-07 0.24828 -1.68606e-12 
3.68139e-09 3.3965e-09 0.0438933 5.0413 -1.0978e-09 -7.8213e-07 0.259373 -1.68002e-12 
3.68139e-09 3.3965e-09 0.0438933 5.0413 -1.28007e-09 -7.8213e-07 0.270401 -1.67236e-12 
3.68139e-09 3.3965e-09 0.0438933 5.0413 -1.46039e-09 -7.8213e-07 0.281335 -1.66238e-12 
3.68139e-09 3.3965e-09 0.0438933 5.0413 -1.63806e-09 -7.8213e-07 0.292143 -1.64902e-12 
3.68139e-09 3.3965e-09 0.0438933 5.0413 -1.81291e-09 -7.8213e-07 0.30281 -1.63078e-12 
3.68139e-09 3.3965e-09 0.0438933 5.0413 -1.98608e-09 -7.8213e-07 0.313345 -1.60571e-12 
3.68139e-09 3.3965e-09 0.0438933 5.0413 -2.15961e-09 -7.8213e-07 0.323778 -1.57207e-12 
3.68139e-09 3.3965e-09 0.0438933 5.0413 -2.33412e-09 -7.8213e-07 0.334139 -1.53062e-12 
3.68139e-09 3.3965e-09 0.0438933 5.0413 -2.50564e-09 -7.8213e-07 0.34437 -1.49139e-12 
3.68139e-09 3.3965e-09 0.0438933 5.0413 -2.64988e-09 -7.8213e-07 0.354063 -1.4995e-12 
3.68132e-09 1.09673e-08 0.0438933 5.0413 -9.68515e-09 7.85421e-07 0.362991 7.80867e-10 
5.06545e-08 690.03 0.0438932 9.12342 1.02251 6.28 0.371531 -8.39218e-10 
2473.59 6588.73 231.9 5.0413 -6.35355e-11 7.28261e-11 0.369 0 
2473.59 6588.73 231.9 5.0413 -6.35355e-11 7.28261e-11 0.369 0 
2511.05 6674.74 237.16 5 -0.585409 -3.34608 1.15369 -0.430107 
2549.81 6570.05 209.061 26.8805 0.472384 -5.97397 -0.176776 0.00149518 
2484.13 6315.69 239.247 5 0.119277 -6.15155 0.441338 0.00169244 
2522.2 6051.13 251.307 5 0.119277 -6.16576 0.441338 0.0017041 
2561.64 5785.76 263.368 5 0.119277 -6.16207 0.441338 0.00202088 
2602.46 5520.59 275.429 5 0.119277 -6.1621 0.441338 0.00248142 
2644.66 5255.43 287.49 5 0.119277 -6.1621 0.441338 0.00166787 
2688.24 4990.27 299.55 5 0.119277 -6.1621 0.441338 0.00161345 
2733.19 4725.1 311.611 5 0.119277 -6.1621 0.441338 0.00540829 
2779.53 4459.94 323.672 5 0.119277 -6.16209 0.441338 0.000297586 
2827.23 4194.78 335.732 5 0.119277 -6.1621 0.441338 0.0106133 
2876.32 3929.62 347.793 5 0.119277 -6.16209 0.441338 0.00458859 
2926.78 3664.45 359.854 5 0.119277 -6.16209 0.441338 -0.00326757 
2978.62 3399.29 371.915 5 0.119277 -6.1621 0.441338 -0.00683877 
3031.84 3134.13 383.975 5 0.119276 -6.16212 0.441349 0.00328077 
3086.43 2868.96 396.036 5 0.119371 -6.16207 0.439719 0.029221 
3142.4 2603.8 408.102 5 0.105578 -6.1788 0.652911 0.0269702 
3199.77 2337.69 419.382 5 -0.0646686 -6.27781 0.87649 0.00298187 
3258.61 2065.93 414.079 5 -0.0637226 -6.27855 0.860184 0.00417822 
3316.84 1794.13 408.831 5 -0.0627766 -6.2788 0.843878 0.00522571 
3374.48 1522.31 403.636 5 -0.0618305 -6.27887 0.827571 0.00583556 
3431.52 1250.5 398.495 5 -0.0608845 -6.2788 0.811265 0.00645397 
3487.97 978.683 393.408 5 -0.0599385 -6.27855 0.794959 0.00523278 
3543.84 706.884 388.375 5 -0.0589924 -6.27768 0.778653 0.031664 
3599.13 435.134 383.395 5 -0.0580463 -6.14544 0.762347 0.130036 
3653.86 170.92 378.47 5 -0.0570995 -4.54118 0.746041 0.232148 
3708.1 -1.8705 373.599 5 -0.0561518 -1.50997 0.729735 0.000567136 
3761.92 -1.91735 368.781 5 -0.0552058 -1.51512 0.713429 0.000692357 
3815.19 -2.25734 364.018 5 -0.0542598 -1.50558 0.697122 -0.000293696 
3867.92 -2.05358 359.308 5 -0.0533137 -1.51444 0.680816 0.000222416 
3920.1 -2.35483 354.653 5 -0.0523677 -1.50876 0.66451 -8.08514e-05 
3971.75 -2.33255 350.051 5 -0.0514217 -1.51081 0.648204 -2.40492e-05 
4022.88 -2.42692 345.503 5 -0.0504756 -1.51112 0.631898 -6.05348e-07 
4073.49 -2.53906 341.009 5 -0.0495296 -1.51074 0.615592 -0.00368533 
4123.58 -2.62952 336.569 5 -0.0485837 -1.65933 0.599286 0.00639407 
4173.15 -11.1876 332.183 5 -0.0476375 -1.36762 0.58298 -0.00272892 
4222.24 -3.12202 327.851 5 -0.0466915 -1.51026 0.566673 -1.42047e-05 
4270.83 -3.18522 323.573 5 -0.0457455 -1.51082 0.550367 8.09355e-06 
4318.92 -3.28021 319.348 5 -0.0447994 -1.51015 0.534061 7.9278e-05 
4366.54 -3.3373 315.178 5 -0.0438534 -1.50443 0.517755 -9.08022e-05 
4413.67 -3.06802 311.061 5 -0.0429074 -1.51703 0.501449 -0.0137321 
4460.34 -3.51678 306.999 5 -0.0419621 -3.0093 0.485143 0.0469725 
4506.47 -89.0076 302.99 5 -0.0410146 -0.163074 0.468837 0.123955 
4552.27 -12.297 299.035 5 -0.041815 3.653 0.452531 0.0265151 
4597.79 281.885 295.035 5.0758 -0.0432218 6.27876 0.436224 -0.000155116 
4642.64 725.705 290.948 5.22553 -0.0349031 6.27717 0.419918 -2.08029e-05 
4686.32 1169.43 287.321 5 -0.0851042 6.26929 0.403612 -1.73832e-05 
4730.67 1612.71 280.853 7.0758 -0.813437 6.26092 0.387306 -0.00114287 
4765.64 2055.52 232.69 40 -0.09 3.59985 0.369 0 
4765.64 2055.52 232.69 40 -0.09 3.59985 0.369 0 
4755.94 2077.2 231.868 39.127 0.683106 3.26427 -0.188388 -1.02859 
4746.46 2097.45 234.343 35.879 1.06272 2.6866 -0.176776 -1.00718 
4738.08 2115.25 238.772 31.4895 1.31682 2.11386 -0.165163 -0.985776 
4731.21 2130.6 244.67 27.0694 1.4 1.54606 -0.153551 -0.964367 
4725.89 2143.53 250.952 22.5004 1.31189 0.983205 -0.141939 -0.942959 
4722.19 2154.07 256.89 18.3413 1.04735 0.425288 -0.130327 -0.921551 
4719.97 2162.22 261.73 15.1523 0.623789 -0.127684 -0.118714 -0.900143 
4718.92 2168.03 264.789 13.4213 0.0811245 -0.67571 -0.107102 -0.878735 
4718.53 2171.5 265.549 13.4938 -0.521239 -1.21879 -0.0954898 -0.857327 
4718.17 2172.66 263.745 15.513 -1.11027 -1.75692 -0.0838776 -0.835918 
4717.16 2171.53 259.42 19.3818 -1.4 -2.2901 0.812096 -0.81451 
4714.81 2168.13 253.834 23.9133 -0.497171 -2.81833 -0.0606531 -0.793102 
4710.79 2162.48 252.061 25.559 -0.256561 -3.34162 -0.0490408 -0.771694 
4706.17 2154.6 251.301 25.7046 -0.330814 -3.85996 -0.0374286 -0.750286 
4701.5 2144.52 250.224 26.0845 -0.391439 -4.37336 -0.0258163 -0.728878 
4696.7 2132.26 248.887 26.648 -0.429054 -4.8818 -0.0142041 -0.707469 
4691.69 2117.83 247.385 27.3156 -0.436371 -5.38529 -0.00259184 -0.686061 
4686.44 2101.25 245.848 27.9861 -0.409346 -5.88383 0.00902041 -0.660285 
4680.95 2082.55 244.421 28.5483 -0.348032 -6.28 0.0206327 0.000558205 
4675.24 2062.17 243.251 28.8942 -0.256968 -6.28 0.0322449 0.000539048 
4669.4 2041.79 242.467 29.6062 -0.145029 -6.28 0.0438571 0.000507436 
4663.3 2021.41 242.154 29.9338 0.00244714 -6.28 0.0554694 0.000476583 
4657.07 2001.02 242.467 29.7725 0.169777 -6.28 0.0670816 0.000440903 
4650.89 1980.64 243.494 29.0715 0.337144 -6.28 0.0786939 0.000412849 
4644.94 1960.26 245.237 27.8457 0.482783 -6.28 0.0903061 0.000386797 
4639.41 1939.87 247.609 26.18 0.58564 -6.28 0.101918 0.000359702 
4634.46 1919.49 250.431 24.2252 0.628188 -6.28 0.113531 0.000331979 
4630.2 1899.11 253.446 22.1846 0.599072 -6.28 0.125143 0.000304897 
4626.66 1878.72 256.352 20.2928 0.495193 -6.28 0.136755 0.000277947 
4623.8 1858.34 258.828 18.7877 0.322923 -6.28 0.148367 0.000252982 
4621.49 1837.95 260.582 17.8802 0.0982046 -6.28 0.15998 0.000228298 
4619.52 1817.56 261.385 17.7234 -0.154603 -6.28 0.171592 0.000204353 
4617.64 1797.18 261.112 18.3877 -0.405079 -6.28 0.183204 0.000181696 
4615.54 1776.79 259.769 19.8425 -0.620127 -6.28 0.194816 0.000160648 
4612.96 1756.41 257.5 21.9513 -0.768038 -6.28 0.206429 0.000140044 
4609.65 1736.02 254.588 24.4785 -0.822777 -6.28 0.218041 0.000121659 
4605.46 1715.64 251.425 27.1107 -0.767939 -6.28 0.229653 0.000104475 
4600.34 1695.25 248.477 29.4901 -0.59984 -6.28 0.241265 8.85101e-05 
4594.37 1674.87 246.229 31.2569 -0.329243 -6.28 0.252878 7.37747e-05 
4587.76 1654.49 245.121 32.096 0.0186297 -6.28 0.26449 6.02778e-05 
4580.82 1634.11 245.488 31.783 0.405981 -6.28 0.276102 4.80368e-05 
4573.95 1613.73 247.507 30.2219 0.786147 -6.28 0.287714 3.7089e-05 
4567.61 1593.34 251.154 27.4707 1.10883 -6.28 0.299327 2.74658e-05 
4562.2 1572.96 256.194 23.7485 1.32633 -6.28 0.310939 1.92152e-05 
4558.09 1552.58 262.185 19.4229 1.4 -6.28 0.322551 1.23872e-05 
4555.5 1532.19 268.519 14.9765 1.30624 -6.28 0.334163 7.02701e-06 
4554.49 1511.8 274.484 10.955 1.04102 -6.28 0.345776 3.16765e-06 
4554.92 1491.42 279.348 7.90185 0.622333 -6.28 0.357388 0.000295608 
4556.48 1471.03 282.45 6.00422 0.09 -6.08725 0.369 0 
4556.48 1471.03 282.45 6.00422 0.09 -6.08725 0.369 0 
4586.94 1223.73 291.647 5 -0.568223 -4.88564 1.15369 -0.0645871 
4623.52 1041.49 265.29 25.6719 0.465549 -6.2396 -0.176776 0.322729 
4566.37 786.011 293.115 5 0.100725 -6.25222 0.514167 0.00523419 
4602.33 529.776 302.98 5 0.100725 -6.25322 0.514167 0.0250472 
4639.36 273.487 312.845 5 0.100725 -6.25299 0.514167 0.637895 
4677.45 17.2107 322.709 5 0.100727 -2.12371 0.514167 0.0245262 
4716.8 -15.4759 332.574 5 0.100728 -1.29504 0.514167 -0.00857688 
4757.25 -3.29168 342.439 5 0.100728 -1.51349 0.514166 -0.000241822 
4798.76 -2.93597 352.304 5 0.100719 -1.5186 0.514309 0.000172584 
4841.35 -2.85715 362.169 5 0.101867 -1.51835 0.494537 3.90089e-05 
4885 -2.76507 372.095 5 -0.0569621 -1.51837 0.990633 4.12526e-05 
4929.9 -2.67414 369.762 5 -0.056016 -1.51768 0.974327 3.68796e-05 
4974.54 -2.54566 365.782 5 -0.05507 -1.51754 0.95802 -0.0456111 
5018.76 -2.40989 361.854 5 -0.0541247 -2.89429 0.941714 0.203854 
5062.48 -76.8216 357.977 5 -0.0531772 -0.147514 0.925408 -0.000198 
5105.91 -2.50214 354.151 5 -0.0522312 -0.143474 0.909102 -0.198624 
5148.91 72.036 350.376 5 -0.0512866 -2.8913 0.892796 0.0438303 
5191.39 -2.21341 346.652 5 -0.0503398 -1.52415 0.87649 0.000895514 
5233.53 -2.43509 342.98 5 -0.0493938 -1.51783 0.860184 0.000608616 
5275.26 -2.31468 339.359 5 -0.0484478 -1.52008 0.843878 5.13918e-05 
5316.6 -2.31638 335.789 5 -0.0475017 -1.51731 0.827571 -0.00782396 
5357.55 -2.16791 332.27 5 -0.0465558 -1.70829 0.811265 0.0143961 
5398.11 -12.3602 328.803 5 -0.0456096 -1.35932 0.794959 -0.00936176 
5438.31 -3.65706 325.387 5 -0.0446637 -1.5838 0.778653 0.00507816 
5478.13 -7.10867 322.022 5 -0.0437176 -1.4699 0.762347 -0.00222022 
5517.58 -4.39325 318.708 5 -0.0427716 -1.5204 0.746041 6.03256e-06 
5556.67 -4.41211 315.445 5 -0.0418255 -1.52047 0.729735 -3.36172e-05 
5595.41 -4.43493 312.234 5 -0.0408795 -1.52102 0.713429 2.16702e-05 
5633.8 -4.48722 309.074 5 -0.0399335 -1.52031 0.697122 -4.85404e-05 
5671.84 -4.50142 305.965 5 -0.0389874 -1.52125 0.680816 9.4959e-05 
5709.55 -4.56636 302.907 5 -0.0380414 -1.51893 0.66451 4.47812e-05 
5746.92 -4.50565 299.901 5 -0.0370954 -1.51763 0.648204 -0.000413055 
5783.97 -4.37448 296.946 5 -0.0361493 -1.52887 0.631898 0.000483872 
5820.7 -4.85181 294.042 5 -0.0352033 -1.51454 0.615592 -0.000267713 
5857.1 -4.55326 291.189 5 -0.0342573 -1.52255 0.599286 6.97151e-05 
5893.2 -4.68874 288.388 5 -0.0333112 -1.52004 0.58298 -1.18652e-05 
5929 -4.68801 285.637 5 -0.0323652 -1.52048 0.566673 2.63406e-06 
5964.49 -4.71114 282.938 5 -0.0314191 -1.5204 0.550367 -5.49037e-05 
5999.69 -4.72974 280.29 5 -0.0304731 -1.52223 0.534061 -0.0185728 
6034.6 -4.84742 277.694 5 -0.0339226 -3.48255 0.517755 0.188365 
6069.15 -111.111 274.91 5.18103 -0.0363517 -0.285183 0.501449 0.171838 
6102.75 -44.2458 271.98 5.4373 -0.0375917 2.90845 0.485143 0.150451 
6135.06 195.548 268.96 5.69326 -0.0391755 6.04589 0.468837 -0.129449 
6166.07 605.227 265.832 5.96319 -0.0412346 6.27789 0.452531 0.00115654 
6195.58 1027.47 262.569 6.26168 -0.0365737 6.27776 0.436224 -4.11267e-06 
6223.44 1449.71 259.532 6.30182 -0.0109725 6.27773 0.419918 -3.04405e-05 
6250.77 1871.94 257.879 5.3121 -0.0982952 6.27736 0.403612 -2.5231e-05 
6282.3 2294.15 251.583 8.3079 -0.819595 6.26093 0.387306 -0.0123423 
6300.94 2715.48 205.97 40 -0.09 3.74439 0.369 0 
6300.94 2715.48 205.97 40 -0.09 3.74439 0.369 0 
6231.45 3015.39 290.663 5 -1.4 -6.28 1.15369 0.000275804 
6196.95 2667.11 282.651 5 1.4 -3.64776 1.13739 0.000274556 
6328.79 2582.39 423.579 5 -1.11979 -4.55433 -0.165163 0.000654424 
6491.97 2421.11 405.462 5 1.4 -3.27089 1.10478 0.000907129 
6648.1 2295.67 429.89 8.26498 1.4 -2.28911 1.08847 0.00123721 
6788.39 2158.18 455.981 8.51582 -1.4 -2.12319 0.695468 0.0041294 
6935.84 2032.71 435.931 5 -0.668133 -4.22797 -0.118714 0.00213663 
7095.87 1888.85 456.228 5 1.4 -4.79007 0.278296 0.0356054 
7268.09 1738.43 468.97 5.12214 0.225802 -4.279 -0.0954774 0.0453775 
7384.77 1616.57 482.936 11.0003 1.4 -5.46339 -0.0838652 0.00264933 
7478.23 1243.73 506.014 5 0.288446 -6.28 -0.072253 0.00070809 
7506.85 802.344 515.159 5 0.192025 -6.28 -0.0606408 0.000233897 
7523.91 360.958 534.763 5 0.483124 -5.85727 -0.0490286 8.83686e-05 
7549.18 -41.5578 547.127 5.00002 0.434337 -2.00334 -0.0374164 0.00318581 
7575.65 -5.92173 561.95 5 0.388277 -1.29088 -0.0258042 -2.2857e-05 
7599.94 -5.97265 576.79 5.93319 0.669044 -1.30112 -0.0141919 -4.47872e-05 
7623.98 -6.0016 591.696 7.16011 0.974599 -1.32267 -0.00257972 0.000174714 
7647.53 -6.39367 604.633 7.8698 1.14056 -1.30264 0.00903249 0.002338 
7670.55 -5.73077 616.439 5 1.4 -1.39022 0.020633 6.38376e-05 
7692.08 -6.12305 635.066 5 -1.4 -2.68911 0.843877 0.00013369 
7721.43 -6.43782 627.055 5 0.607688 -2.67681 0.827571 0.000245389 
7749.33 -5.82555 585.796 40 1.18479 -2.69112 0.811265 8.68392e-05 
7732.09 -6.13349 590.607 40 1.4 -0.316652 0.794959 4.218e-06 
7717.14 -6.19842 611.215 25.904 0.440799 -2.82794 0.778641 6.12301e-07 
7790.01 -6.12422 550.877 10.8566 0.67441 -1.33923 0.762335 2.63079e-05 
7777.08 -6.0453 534.729 13.5462 -1.27917 -1.32813 0.746029 -1.3015e-05 
7846.84 -5.88805 532.224 20.1963 -1.4 -0.462771 0.729735 -1.1742e-05 
7854.89 -5.86135 336.154 10.3619 1.4 -0.455997 0.713428 -4.37866e-06 
7961.81 -5.97094 348.26 5 -0.252244 -0.469023 0.697122 -4.66976e-06 
8114.06 -6.0647 367.939 10.3134 1.4 -1.40414 0.680816 -3.37395e-06 
8233.24 -6.17961 391.739 12.3348 1.4 -1.68488 0.66451 -4.07301e-06 
8343.26 -6.29562 422.961 11.457 1.4 -1.63775 0.648204 -9.08229e-06 
8459.03 -6.39405 434.937 5 1.4 -2.68139 0.631898 1.42955e-06 
8598.93 -6.72756 475.534 9.83588 -1.00822 -1.57371 0.194816 0.218145 
8731.18 -90.3654 316.36 5 -1.4 3.83789 0.206429 -0.300703 
8887.33 273.076 293.654 40 1.4 6.28 0.58298 6.22503e-05 
8828.78 946.706 316.396 27.7291 1.4 6.28 0.566673 3.56918e-05 
8823.66 1620.28 337.458 11.7089 1.4 6.28 0.550367 0.000439251 
8908.79 2293.78 365.979 5 1.4 5.73033 0.534061 0.00388304 
9023.71 2926.6 378.721 21.3252 1.10383 5.21683 0.517755 0.00529431 
9081.42 3353 391.868 15.182 1.25508 -0.224677 0.501449 0.00021141 
9137.84 3436.75 413.324 11.8176 0.758674 1.78933 0.485143 -4.78826e-06 
9211.69 3660.27 405.281 32.3697 1.4 1.86827 0.468837 -3.9009e-06 
9186.82 3890.14 432.581 16.7591 1.4 1.42456 0.452531 -1.91626e-05 
9234.65 4085.57 461.281 6.89915 0.395611 1.07431 0.436224 -7.20397e-06 
9329.65 4367.9 409.888 22.6868 -0.475142 -0.880698 0.419918 -4.78029e-06 
9377.19 4503.18 290.999 5 -1.4 3.3838 0.403612 -1.4085e-05 
9521.3 4791.73 192.529 40 1.39744 2.45075 0.387306 0.0223995 
9435.52 5009.95 201.02 40 -0.000209643 -1.26363 0.369 0 
9435.52 5009.95 201.02 40 -0.000209643 -1.26363 0.369 0 
9371.8 5023.57 194.898 32.4673 1.4 -5.32823 -0.188388 -0.0449098 
9322.87 4929.83 226.071 6.62868 -1.32639 -6.27645 -0.176772 0.000359155 
9331.69 4811.01 186.34 40 -0.507585 -6.27349 0.00999766 0.000405103 
9267.36 4692.33 166.819 40 -0.507585 -6.26922 0.00999758 0.000416896 
9202 4573.76 147.298 40 -0.507585 -6.26429 0.0099975 0.000423811 
9135.6 4455.31 127.777 40 -0.507585 -6.25877 0.00999739 0.000426186 
9068.17 4337.02 108.256 40 -0.507585 -6.25271 0.00999724 0.000425715 
8999.71 4218.88 88.735 40 -0.507585 -6.24617 0.00999672 0.00042388 
8930.21 4100.92 69.214 40 -0.507586 -6.23915 0.0100162 0.000422186 
8859.69 3983.14 49.693 40 -0.507509 -6.23159 0.00868748 0.000422216 
8788.12 3865.56 30.174 40 -0.512672 -6.22342 0.0976793 0.000425743 
8715.53 3748.2 10.5186 40 -0.166654 -6.21445 0.00103907 0.000338511 
8641.72 3631.08 0.00101172 40 0.0413422 -6.20778 -0.0490285 0.000266935 
8567.24 3514.13 0.00100712 40 0.0406684 -6.20307 -0.0374163 0.000248155 
8492.76 3397.3 0.00100712 40 0.0399947 -6.19854 -0.0258041 0.00016952 
8418.28 3280.6 0.00100712 40 -0.00324681 -6.19664 -0.0142039 0.000207829 
8343.83 3163.94 0.00100712 40 -0.114413 -6.19269 -0.00259175 0.000187766 
8269.43 3047.39 0.00104134 40 -0.176316 -6.18911 0.00902044 0.000167566 
8195.07 2930.94 0.188164 40 -0.190489 -6.18595 0.0206327 0.000161698 
8120.72 2814.56 0.00100252 40 -0.158419 -6.18257 0.0322449 0.000148774 
8046.35 2698.28 0.00100711 40 -0.0815459 -6.17933 0.0438572 0.000135885 
7971.93 2582.08 0.00100711 39.3993 0.0387353 -6.17627 0.0554694 0.000200516 
7898.73 2465.96 0.00100711 39.1731 0.0507957 -6.16855 0.0670816 0.000143612 
7825.99 2350.05 0.00100712 38.9901 0.0516893 -6.16373 0.0786939 0.000105222 
7753.65 2234.26 0.00100712 38.8071 0.0525828 -6.16093 0.0903061 9.37472e-05 
7681.69 2118.55 0.00100712 38.6242 0.0534763 -6.15841 0.101918 8.56568e-05 
7610.11 2002.9 0.00100712 38.4412 0.0543698 -6.15593 0.113531 7.23424e-05 
7538.93 1887.32 0.00100712 38.2582 0.0552632 -6.15404 0.125143 5.47369e-05 
7468.13 1771.79 0.00100712 38.0753 0.0561567 -6.15331 0.136755 0.000137057 
7397.71 1656.27 0.00107081 37.8923 0.0570504 -6.14268 0.148367 0.000174395 
7327.69 1541.04 6.44018 37.7093 0.0579444 -6.1257 0.15998 0.000170537 
7258.39 1426.25 12.9106 37.5263 0.0588387 -6.1068 0.171592 0.000161303 
7189.82 1311.97 19.4125 37.3433 0.0597317 -6.08648 0.183204 0.000161136 
7121.98 1198.22 25.9456 37.1604 0.0606197 -6.06297 0.194816 0.000168159 
7054.88 1085.09 32.51 36.9775 0.0615066 -6.03418 0.206429 0.000179543 
6988.51 972.717 39.1055 36.7948 0.06242 -5.99785 0.218041 0.000196328 
6922.87 861.306 45.7328 36.6116 0.0633882 -5.95054 0.229653 0.00022246 
6857.98 751.144 52.3935 36.4269 0.0642998 -5.88613 0.241265 0.000263718 
6793.82 642.683 59.0861 36.2422 0.0647906 -5.79342 0.252878 0.000331576 
6730.42 536.671 65.7995 36.0659 0.0648549 -5.65015 0.26449 0.000459199 
6667.75 434.441 72.522 35.905 0.0666065 -5.4026 0.276102 0.000803625 
6605.77 338.748 79.2976 35.7232 0.0738746 -4.85519 0.287714 0.00172138 
6544.55 257.511 86.2728 35.4131 0.0812215 -3.39287 0.299327 0.00264129 
6484.38 214.891 93.4552 34.9952 0.0565578 -0.844754 0.310939 0.00232878 
6425.54 239.561 100.004 35.1312 -0.0260788 2.06442 0.322551 0.000973562 
6366.86 341.057 104.365 36.8906 -0.0263039 4.25634 0.334163 0.000149034 
6304.74 500.44 108.645 38.3383 0.459437 4.97067 0.345776 2.27734e-07 
6239.54 678.69 125.691 29.7641 1.33801 4.97988 0.357388 -6.57979e-05 
6192.92 857.169 166.302 5 0.09 2.77075 0.369 0 
6192.92 857.169 166.302 5 0.09 2.77075 0.369 0 
6217.44 1019.21 172.752 5 -0.752881 0.934471 1.15369 -1.02755 
6243.04 1111.92 143.688 24.7452 0.529818 -3.04752 -0.176776 -0.833867 
6205.6 1054.32 161.863 5 -0.0342939 -6.27667 1.10681 0.00261783 
6229.61 874.732 159.933 5 -0.062729 -6.27675 1.10478 0.00245819 
6253.49 695.144 156.929 5 -0.0617829 -6.27681 1.08847 0.00318236 
6277.15 515.553 153.96 5 -0.0608369 -6.27589 1.07216 0.00713823 
6300.58 335.998 151.028 5 -0.0598909 -6.27349 1.05586 0.184359 
6323.79 156.532 148.131 5 -0.0589444 -5.51872 1.03955 0.863989 
6346.8 5.56743 145.27 5 -0.0579965 -1.90887 1.02324 0.111637 
6369.7 -9.08969 142.444 5 -0.0570502 -1.40229 1.00694 -0.0300879 
6392.4 -4.61811 139.655 5 -0.0561042 -1.52936 0.990633 -0.00115633 
6414.89 -4.94501 136.901 5 -0.0551582 -1.53267 0.974326 0.00477581 
6437.17 -5.39662 134.182 5 -0.0542122 -1.51095 0.95802 -0.00181829 
6459.24 -5.02816 131.5 5 -0.0532661 -1.52027 0.941714 -0.000723173 
6481.11 -5.01174 128.853 5 -0.0523201 -1.52411 0.925408 0.00164095 
6502.78 -5.1403 126.242 5 -0.0513741 -1.51574 0.909102 -0.000984671 
6524.25 -4.95273 123.667 5 -0.050428 -1.52094 0.892796 -0.000397428 
6545.52 -4.96141 121.127 5 -0.049482 -1.52302 0.87649 -0.000614125 
6566.6 -5.04885 118.623 5 -0.048536 -1.52649 0.860184 0.00133104 
6587.49 -5.26709 116.155 5 -0.0475899 -1.51843 0.843878 -0.000432663 
6608.2 -5.18128 113.723 5 -0.0466439 -1.52107 0.827571 5.62219e-05 
6628.72 -5.19481 111.326 5 -0.0456979 -1.52061 0.811265 9.88306e-05 
6649.05 -5.19133 108.965 5 -0.0447518 -1.51985 0.794959 -1.77469e-05 
6669.21 -5.15881 106.64 5 -0.0438058 -1.51988 0.778653 -8.46398e-05 
6689.19 -5.12757 104.35 5 -0.0428598 -1.52043 0.762347 -0.00139584 
6709 -5.11697 102.096 5 -0.0419137 -1.53178 0.746041 0.00196034 
6728.63 -5.53523 99.8781 5 -0.0409677 -1.51467 0.729735 -0.000625371 
6748.1 -5.30724 97.6957 5 -0.0400217 -1.52078 0.713429 1.55265e-05 
6767.4 -5.31016 95.549 5 -0.0390756 -1.52123 0.697122 0.000194926 
6786.54 -5.32986 93.4381 5 -0.0381296 -1.5198 0.680816 -0.0148051 
6805.52 -5.29579 91.3629 5 -0.0371837 -1.76264 0.66451 -0.0716297 
6824.33 -14.431 89.3234 5 -0.0362381 -2.56345 0.648204 0.359831 
6842.96 -53.8052 87.3196 5 -0.0352907 0.0187653 0.631898 0.340673 
6861.52 4.32528 85.3515 5 -0.0343433 2.56959 0.615592 0.318947 
6880.01 158.775 83.4193 5 -0.033396 5.07827 0.599286 0.0569062 
6898.42 407.953 81.5228 5 -0.0324493 6.27652 0.58298 0.00032576 
6916.73 702.376 79.6621 5 -0.0315033 6.27752 0.566673 -0.00620362 
6934.89 996.837 77.8371 5 -0.0305572 6.278 0.550367 -0.00638683 
6952.92 1291.32 76.0478 5 -0.0296112 6.27827 0.534061 -0.000346805 
6970.81 1585.81 74.2942 5 -0.0373098 6.27843 0.517755 -0.000287389 
6988.57 1880.3 72.2499 5.24834 -0.0386406 6.27826 0.501449 -0.000210499 
7005.43 2174.79 70.1404 5.50099 -0.0399693 6.27848 0.485143 -0.000244381 
7021.37 2469.29 67.9654 5.75681 -0.0428294 6.27857 0.468837 -0.000118843 
7036.37 2763.79 65.6669 6.05903 -0.0460134 6.27845 0.452531 -8.33575e-05 
7050.28 3058.29 63.2299 6.40553 -0.0329122 6.27833 0.436224 -5.40102e-05 
7062.95 3352.79 61.2666 6.31757 0.0115894 6.27823 0.419918 -2.3518e-05 
7075.7 3647.28 60.989 5 -0.0693168 6.27588 0.403612 -1.99077e-05 
7092.48 3941.68 57.7362 6.35808 -1.20378 6.27809 0.387306 -0.00041577 
7105.77 4236.16 11.5638 40 -1.4 5.22993 0.369 0 
8254.3 9524.04 4429.28 22.8529 0.588179 0 0.104614 0 
8254.3 9524.04 4429.28 22.8529 0.588172 -6.73098e-06 0.104615 -5.88799e-05 
8253.91 9524.29 4428.87 23.03 0.588174 -0.076356 0.103168 -0.000232094 
3792.81 9973.97 4728.36 21.8198 0.615143 -0.379731 0.113046 0.00244717 
4578.29 6307.9 4543.58 22.4439 0.598752 -0.147207 0.107953 0.000967688 
4757.76 4860.36 4464.45 22.7264 0.591445 -0.0454009 0.105647 0.00029928 
4806.89 4412.78 4439.72 22.815 0.589154 -0.0134901 0.104923 8.95264e-05 
4820.78 4278.9 4432.12 22.8426 0.588445 -0.00366592 0.104699 2.44739e-05 
4824.97 4242.3 4429.99 22.8502 0.588247 -0.000919861 0.104636 6.32186e-06 
4826.08 4232.84 4429.38 22.8524 0.58819 -0.000130774 0.104618 1.0882e-06 
4826.36 4231.21 4429.22 22.853 0.588175 8.58986e-05 0.104613 -3.33202e-07 
4826.43 4231.71 4429.16 22.8532 0.58817 0.000153949 0.104612 -7.71157e-07 
4826.44 4232.86 4429.14 22.8533 0.588168 0.000179946 0.104611 -9.23529e-07 
4826.44 4234.24 4429.13 22.8533 0.588167 0.00019815 0.104611 -1.0211e-06 
4826.44 4235.77 4429.12 22.8534 0.588166 0.000215909 0.10461 -1.11218e-06 
4826.44 4237.43 4429.1 22.8534 0.588165 0.000235505 0.10461 -1.21158e-06 
4826.44 4239.24 4429.08 22.8535 0.588163 0.000257737 0.10461 -1.32466e-06 
4826.44 4241.21 4429.06 22.8535 0.588162 0.000282784 0.104609 -1.45122e-06 
4826.43 4243.38 4429.04 22.8536 0.58816 0.000311462 0.104609 -1.59691e-06 
4826.43 4245.77 4429.02 22.8536 0.588158 0.000343872 0.104608 -1.75968e-06 
4826.43 4248.39 4428.99 22.8537 0.588156 0.000381558 0.104608 -1.9512e-06 
4826.43 4251.31 4428.96 22.8538 0.588153 0.000424084 0.104607 -2.16317e-06 
4826.42 4254.54 4428.92 22.8539 0.58815 0.000474418 0.104606 -2.41837e-06 
4826.42 4258.15 4428.88 22.854 0.588147 0.000531572 0.104605 -2.70286e-06 
4826.41 4262.18 4428.82 22.8541 0.588142 0.000599421 0.104604 -3.04255e-06 
4826.41 4266.73 4428.76 22.8543 0.588138 0.000678865 0.104603 -3.43699e-06 
4826.4 4271.86 4428.69 22.8545 0.588132 0.000773718 0.104601 -3.90937e-06 
4826.4 4277.7 4428.61 22.8547 0.588125 0.000886175 0.104599 -4.46273e-06 
4826.39 4284.36 4428.5 22.855 0.588117 0.00102319 0.104597 -5.14042e-06 
4826.38 4292.04 4428.38 22.8553 0.588107 0.00118825 0.104595 -5.94503e-06 
4826.36 4300.91 4428.22 22.8557 0.588094 0.00139356 0.104591 -6.9492e-06 
4826.35 4311.29 4428.03 22.8562 0.588079 0.00164709 0.104587 -8.17436e-06 
4826.33 4323.5 4427.78 22.8568 0.58806 0.00196846 0.104582 -9.71726e-06 
4826.3 4338.01 4427.47 22.8576 0.588036 0.00238129 0.104576 -1.16667e-05 
4826.27 4355.43 4427.05 22.8586 0.588003 0.00292977 0.104567 -1.42697e-05 
4826.23 4376.73 4426.5 22.8599 0.587962 0.00365099 0.104557 -1.7545e-05 
4826.17 4402.93 4425.72 22.8618 0.587902 0.00468124 0.104542 -2.22811e-05 
4826.07 4436.2 4424.62 22.8642 0.58782 0.00612123 0.104522 -2.85604e-05 
4825.95 4478.85 4422.95 22.8679 0.587697 0.00832166 0.104492 -3.794e-05 
4825.76 4535.5 4420.3 22.8735 0.587505 0.0118037 0.104446 -5.23854e-05 
4825.46 4613.72 4415.94 22.8826 0.587189 0.0175346 0.104372 -7.61254e-05 
4824.95 4727.38 4408.74 22.8984 0.586659 0.0269886 0.104243 -0.000116676 
4824.12 4901.6 4397.46 22.9258 0.585788 0.0418234 0.104019 -0.000185888 
4822.83 5179.16 4382.09 22.9683 0.584529 0.062019 0.103672 -0.000290806 
4821.18 5613.4 4365.7 23.0165 0.583148 0.083568 0.103279 -0.000408449 
4819.43 6223.29 4350.71 23.0319 0.582295 0.103277 0.103153 -0.000456788 
4817.13 6905.25 4312.3 22.9565 0.581744 0.153668 0.103767 -0.000342976 
4808.52 7417.27 4114.37 22.764 0.57608 0.413828 0.105336 -0.000202833 
4793.69 7659.76 3261.86 22.4963 0.545345 1.48186 0.107473 -0.00452972 
1706.61 8411.7 172.871 22.9062 1.97152e-05 0.271477 0.103614 0 
1706.61 8411.7 172.871 22.9062 1.97152e-05 0.271477 0.103614 0 
1691.64 8443.84 173.211 21.3673 0.755927 -0.00910992 -0.188388 -1.02859 
1678.59 8471.04 186.9 10.6729 0.47187 -1.29065 -0.176775 -1.00718 
1681.18 8475.68 195.891 5 -0.995286 -2.55226 1.09305 -0.985775 
1692.59 8458.1 179.217 18.6386 -0.0395675 -3.79388 -0.116916 -0.964367 
1683.82 8418.68 178.98 18.8544 -0.0104843 -5.01558 -0.141652 -0.942959 
1674.71 8357.75 179.25 18.6751 -0.0110552 -6.21732 -0.130136 -0.0555461 
1665.85 8275.68 179.515 18.5152 -0.011222 -6.28 -0.118513 0.0030947 
1657.22 8192.5 179.781 18.3668 -0.00749951 -6.28 -0.106847 0.00308054 
1648.81 8109.32 180.116 18.1765 0.0020689 -6.28 -0.0951665 0.00306559 
1640.68 8026.14 180.626 17.8708 0.0104135 -6.28 -0.0834997 0.00304959 
1632.99 7942.96 181.291 17.4794 -0.00171451 -6.28 -0.0718402 0.00303195 
1625.88 7859.78 181.754 17.2862 -0.0482078 -6.28 -0.0601604 0.00301225 
1619.08 7776.6 181.404 17.7287 -0.0952419 -6.28 -0.0484312 0.00299124 
1611.65 7693.42 180.213 18.7412 -0.0366762 -6.28 -0.0366091 0.00297147 
1602.74 7610.24 180.025 18.8441 0.220585 -6.28 -0.0245709 0.00295508 
1593.58 7527.06 184.362 15.4807 0.521312 -6.28 -0.0116896 0.00293795 
1589.22 7443.88 194.087 8.466 0.288836 -6.28 0.42679 0.00290575 
1595.17 7360.69 199.918 5.02838 0.0442589 -6.28 0.735904 0.00287131 
1606.27 7277.5 201.541 5.02013 0.0442018 -6.28 0.736358 0.00284061 
1617.43 7194.3 203.164 5.01325 0.0439665 -6.28 0.736851 0.00280744 
1628.66 7111.11 204.782 5.00992 0.0438821 -6.28 0.737078 0.00277156 
1639.95 7027.91 206.399 5.00793 0.0438414 -6.28 0.737211 0.00273268 
1651.3 6944.72 208.016 5.0066 0.0438193 -6.28 0.737296 0.00269052 
1662.71 6861.53 209.632 5.00566 0.0438012 -6.28 0.737425 0.00264473 
1674.18 6778.33 211.247 5.00497 0.0439656 -6.28 0.734124 0.00259494 
1685.7 6695.14 212.866 5.00472 0.035332 -6.28 0.733111 0.00254056 
1697.29 6611.94 214.333 5.12091 0.0241747 -6.28 0.729381 0.0024813 
1708.77 6528.75 215.6 5.37607 0.0228174 -6.28 0.71322 0.00241692 
1719.93 6445.56 216.836 5.6327 0.021549 -6.28 0.696939 0.00234669 
1730.78 6362.36 218.042 5.88954 0.0202968 -6.28 0.680633 0.00227008 
1741.3 6279.17 219.219 6.14634 0.0190297 -6.28 0.66433 0.00218651 
1751.51 6195.98 220.367 6.40333 0.0177509 -6.28 0.648035 0.0020954 
1761.39 6112.78 221.485 6.66063 0.01651 -6.28 0.631741 0.00199619 
1770.95 6029.59 222.573 6.91769 0.0153624 -6.28 0.615446 0.00188837 
1780.19 5946.4 223.634 7.17329 0.0142618 -6.28 0.599148 0.00177154 
1789.11 5863.21 224.669 7.42697 0.0129587 -6.28 0.582849 0.00164544 
1797.7 5780.02 225.674 7.68167 0.0111341 -6.28 0.566549 0.00151009 
1805.97 5696.83 226.639 7.94426 0.00896632 -6.28 0.550249 0.00136585 
1813.91 5613.64 227.559 8.21842 0.00777565 -6.28 0.533948 0.00121363 
1821.49 5530.44 228.45 8.48974 0.00947069 -6.28 0.517647 0.00105498 
1828.72 5447.25 229.363 8.71991 0.0135172 -6.28 0.501345 0.000892233 
1835.65 5364.06 230.341 8.88215 0.0130028 -6.28 0.485043 0.000728615 
1842.4 5280.87 231.305 9.04534 -0.0033049 -6.28 0.468741 0.000568393 
1848.95 5197.69 231.978 9.42086 -0.0349215 -6.28 0.452439 0.000416886 
1855 5114.5 232.083 10.1894 -0.0461243 -6.28 0.436136 0.000280237 
1859.98 5031.31 231.97 11.0324 0.0281908 -6.28 0.419833 0.00016481 
1863.75 4948.12 233.141 10.7962 0.198677 -6.28 0.40353 7.65093e-05 
1867.82 4864.93 237.319 8.31675 0.283383 -6.28 0.387226 0.00149279 
1875.51 4781.74 243.059 5.00001 -0.0899741 -6.11921 0.369 0 
1875.51 4781.74 243.059 5.00001 -0.0899741 -6.11921 0.369 0 
1925.61 4433.14 243.68 7.70409 -0.445676 -3.07733 1.15369 1.0245 
1960.16 4314.29 217.111 26.8993 0.356397 6.1786 -0.176775 0.00646135 
1873.87 4894.54 248.793 5 0.129236 6.26445 0.402266 -0.00238005 
1925.25 5481.18 265.97 5 0.129236 6.26358 0.402266 -0.00231591 
1979.23 6067.75 283.147 5 0.129236 6.26268 0.402266 -0.00226175 
2035.81 6654.26 300.324 5 0.129236 6.26168 0.402266 -0.00220881 
2094.98 7240.68 317.5 5 0.129236 6.26055 0.402266 -0.00215633 
2156.76 7827.03 334.677 5 0.129236 6.25928 0.402266 -0.00210475 
2221.13 8413.27 351.854 5 0.129236 6.25783 0.402266 -0.00205456 
2288.1 8999.41 369.031 5 0.129236 6.25615 0.402266 -0.00200645 
2357.68 9585.42 386.208 5 0.129236 6.25421 0.402266 -0.00196144 
2429.85 10171.3 403.385 5 0.129236 6.25192 0.402266 -0.00192112 
2504.62 10757 420.561 5 0.129236 6.24919 0.402266 -0.00188813 
2581.99 11342.5 437.738 5 0.129236 6.24587 0.402266 -0.00186671 
2661.96 11927.7 454.915 5 0.129236 6.24175 0.402266 -0.00186336 
2744.52 12512.6 472.092 5 0.129231 6.2365 0.40236 -0.00188668 
2829.69 13097.1 489.268 5 0.130278 6.22957 0.384314 -0.00194394 
2917.45 13681.1 506.524 5 -0.0723458 6.22001 0.876469 -0.00204229 
3008.13 14264.4 503.332 5 -0.0714019 6.20606 0.860181 -0.00233271 
3098.33 14846.6 495.355 5 -0.070456 6.18363 0.843876 -0.00342491 
3187.31 15427.2 487.449 5 -0.0695101 6.14125 0.827571 -0.0128329 
3275.09 16004.5 479.614 5 -0.0685641 6.09237 0.811265 -0.328144 
3361.69 16578.2 471.851 5 -0.0676207 1.06524 0.794959 -0.412912 
3446.8 16772.1 464.16 5 -0.0666778 -4.9656 0.778653 -0.0300353 
3530.39 16510.7 456.539 5 -0.0657324 -6.07844 0.762347 -0.000359331 
3612.76 16165.1 448.99 5 -0.0647864 -6.16502 0.74604 -0.000592911 
3693.98 15813.1 441.512 5 -0.0638404 -6.19548 0.729734 -3.90511e-05 
3774.06 15458.7 434.106 5 -0.0628944 -6.21325 0.713428 0.000110276 
3853.02 15103 426.771 5 -0.0619483 -6.22486 0.697122 0.000170615 
3930.86 14746.4 419.507 5 -0.0610023 -6.23303 0.680816 0.000202446 
4007.61 14389.3 412.315 5 -0.0600563 -6.23909 0.66451 0.000214628 
4083.27 14031.6 405.195 5 -0.0591102 -6.24377 0.648204 0.000213469 
4157.84 13673.6 398.146 5 -0.0581642 -6.24749 0.631898 0.000203927 
4231.35 13315.3 391.168 5 -0.0572182 -6.25051 0.615592 0.000189399 
4303.81 12956.8 384.262 5 -0.0562722 -6.25302 0.599286 0.000172091 
4375.21 12598.1 377.427 5 -0.0553261 -6.25514 0.582979 0.000153432 
4445.58 12239.2 370.664 5 -0.0543801 -6.25695 0.566673 0.000134363 
4514.92 11880.2 363.972 5 -0.0534341 -6.25851 0.550367 0.000115526 
4583.25 11521.1 357.351 5 -0.052488 -6.25988 0.534061 9.73737e-05 
4650.58 11161.9 350.802 5 -0.051542 -6.26108 0.517755 8.02372e-05 
4716.91 10802.6 344.325 5 -0.050596 -6.26215 0.501449 6.43678e-05 
4782.27 10443.2 337.919 5 -0.0496499 -6.2631 0.485143 4.99611e-05 
4846.65 10083.7 331.584 5 -0.0487039 -6.26396 0.468837 3.71737e-05 
4910.07 9724.18 325.321 5 -0.0477579 -6.26473 0.452531 2.61333e-05 
4972.54 9364.59 319.129 5 -0.0468118 -6.26543 0.436224 1.69308e-05 
5034.08 9004.95 313.009 5 -0.0458658 -6.26607 0.419918 9.62418e-06 
5094.68 8645.26 306.96 5 -0.0608492 -6.26666 0.403612 3.70252e-06 
5154.4 8285.53 299.78 5.91526 -0.645032 -6.26698 0.387306 0.000296484 
5208.37 7925.77 248.37 40 -0.0899995 -3.68635 0.369 0 
5208.37 7925.77 248.37 40 -0.0899995 -3.68635 0.369 0 
5185.06 7900.38 248.639 37.0234 1.29238 -3.69668 -0.188388 0.871141 
5164.14 7874.87 264.546 22.6866 1.4 -1.71416 0.189944 0.882491 
5156.52 7871.69 281.926 8.29183 0.61214 0.303998 -0.165161 0.808119 
5162.49 7891.26 290.683 5 0.251433 2.23501 -0.0774517 0.662833 
5171.73 7932.6 295.434 5 0.251434 3.97767 -0.0774515 0.420308 
5181.1 7993.57 300.185 5 0.251435 5.33349 -0.0774515 0.152639 
5190.58 8069.84 304.936 5 0.251435 6.04533 -0.0774515 0.00729808 
5200.18 8154.13 309.687 5 0.251435 6.14319 -0.0774516 -0.0178993 
5209.88 8239.52 314.438 5 0.251435 6.04875 -0.0774444 -0.012059 
5219.7 8323.84 319.188 5 0.251446 5.98066 -0.0776358 -0.00754164 
5229.61 8407.4 323.939 5 0.251134 5.91807 -0.0722606 -0.00122881 
5239.64 8490.26 328.687 5 0.25046 5.85509 -0.060648 -0.0111387 
5249.77 8572.4 333.427 5 0.249786 5.69588 -0.0490352 -0.0300217 
5260.01 8652.75 338.159 5 0.249112 5.40391 -0.0374221 -0.0568531 
5270.35 8729.8 342.884 5 0.248438 4.95317 -0.0258088 -0.0877289 
5280.8 8801.78 347.601 5 0.247764 4.33502 -0.0141951 -0.117874 
5291.34 8866.79 352.31 5 0.247089 3.55764 -0.00258068 -0.142976 
5301.99 8923.03 357.012 5 0.246415 2.64242 0.00903515 -0.159862 
5312.73 8968.96 361.707 5 0.24574 1.61977 0.0206544 -0.166727 
5323.58 9003.36 366.393 5 0.245063 0.526135 0.0322861 -0.163113 
5334.51 9025.43 371.072 5 0.244347 -0.597768 0.0442593 -0.149807 
5345.55 9034.83 375.743 5 -0.162929 -1.70784 0.811213 -0.128714 
5356.77 9031.71 372.979 5 -0.161987 -2.75767 0.794935 -0.102639 
5367.91 9016.76 369.958 5 -0.161042 -3.70101 0.778637 -0.0749527 
5378.99 8991.18 366.947 5 -0.160097 -4.49662 0.762335 -0.0490541 
5389.98 8956.63 363.947 5 -0.159152 -5.11545 0.746031 -0.0277171 
5400.9 8915.1 360.958 5 -0.158206 -5.54836 0.729727 -0.0124874 
5411.75 8868.69 357.979 5 -0.15726 -5.8105 0.713422 -0.00340531 
5422.54 8819.33 355.011 5 -0.156315 -5.93863 0.697117 0.000757891 
5433.25 8768.52 352.054 5 -0.155369 -5.98029 0.680811 0.00182944 
5443.89 8717.24 349.107 5 -0.154423 -5.97972 0.664506 0.00148598 
5454.47 8665.97 346.171 5 -0.153477 -5.96758 0.6482 0.000811177 
5464.98 8614.83 343.245 5 -0.152531 -5.959 0.631894 0.000277341 
5475.43 8563.8 340.331 5 -0.151585 -5.958 0.615588 -2.61191e-05 
5485.81 8512.77 337.427 5 -0.150639 -5.96339 0.599282 -0.000157433 
5496.12 8461.68 334.533 5 -0.149693 -5.9728 0.582977 -0.000191874 
5506.37 8410.49 331.651 5 -0.148747 -5.98428 0.566671 -0.000181192 
5516.56 8359.16 328.779 5 -0.147801 -5.9966 0.550365 -0.000153377 
5526.67 8307.7 325.917 5 -0.146855 -6.00908 0.534059 -0.000121233 
5536.73 8256.1 323.067 5 -0.145909 -6.02135 0.517753 -8.92733e-05 
5546.71 8204.36 320.227 5 -0.144963 -6.03304 0.501447 -5.78991e-05 
5556.64 8152.49 317.397 5 -0.144017 -6.0434 0.485141 -2.61959e-05 
5566.5 8100.5 314.578 5 -0.143071 -6.05063 0.468835 4.31825e-06 
5576.29 8048.43 311.77 5 -0.142125 -6.05175 0.452529 1.36915e-05 
5586.02 7996.34 308.973 5 -0.141179 -6.04936 0.436223 -0.000110594 
5595.69 7944.29 306.186 5 -0.140233 -6.09335 0.419917 -0.000148604 
5605.3 7891.73 303.41 5 -0.691198 -6.0238 0.40361 0.00076163 
5614.96 7839.97 294.423 9.73353 -1.4 -5.11333 0.387306 8.10243e-05 
5620.32 7798.46 277.36 21.7682 -0.0899994 -4.58459 0.369 0 
5620.32 7798.46 277.36 21.7682 -0.0899994 -4.58459 0.369 0 
5584.27 7668.79 270.421 24.6462 0.58928 -1.41044 -0.188388 -0.84887 
5536.96 7679.05 293.224 5 -0.797938 -6.26356 1.13739 0.00395495 
5562.1 7475.32 256.262 28.5498 -0.216453 -6.22813 -0.165163 0.00439261 
5500.29 7273.21 243.27 28.3668 -0.21556 -6.20677 -0.153551 0.00274318 
5437.97 7072.05 230.33 28.1839 -0.214666 -6.1959 -0.141939 0.00196503 
5375.16 6871.36 217.442 28.0009 -0.213773 -6.18999 -0.130327 0.00194591 
5311.86 6670.94 204.607 27.8179 -0.212879 -6.18377 -0.118714 0.00196454 
5248.06 6470.79 191.824 27.6349 -0.211986 -6.17693 -0.107102 0.00195615 
5183.79 6270.93 179.093 27.452 -0.211092 -6.16963 -0.0954898 0.00214975 
5119.03 6071.41 166.415 27.269 -0.210199 -6.16021 -0.0838775 0.00223018 
5053.81 5872.29 153.788 27.086 -0.209305 -6.14947 -0.0722653 0.00232927 
4988.11 5673.65 141.215 26.9031 -0.208412 -6.13711 -0.060653 0.00253658 
4921.95 5475.55 128.693 26.7201 -0.207518 -6.12206 -0.0490408 0.00283312 
4855.32 5278.12 116.224 26.5371 -0.206624 -6.10323 -0.0374285 0.00319498 
4788.25 5081.51 103.807 26.3541 -0.205731 -6.07967 -0.0258163 0.00362834 
4720.72 4885.94 91.4429 26.1712 -0.204849 -6.05022 -0.0142041 0.00414484 
4652.75 4691.67 79.1302 25.9886 -0.203961 -6.01351 -0.00259181 0.00521198 
4584.33 4499.02 66.8695 25.8061 -0.202917 -5.96252 0.00902044 0.00644588 
4515.48 4308.62 54.6678 25.6184 -0.201681 -5.89304 0.0206327 0.00922783 
4446.21 4121.28 42.5338 25.4206 -0.202428 -5.7806 0.0322449 0.0190491 
4376.58 3938.89 30.3809 25.282 -0.209293 -5.52551 0.0438572 0.0429449 
4306.37 3767.75 17.9351 25.391 -0.197197 -4.93733 0.0554694 0.0670358 
4234.7 3622.54 6.01493 25.0403 -0.0637782 -3.99788 0.0670817 0.0476521 
4163.12 3518.74 0.00104051 24.7311 -0.00726846 -3.26899 0.0786939 0.0178284 
4092.08 3447.07 0.00102562 24.5481 -0.00637492 -2.97068 0.0903062 0.00601327 
4021.7 3388.55 0.00102562 24.3652 -0.0054815 -2.86348 0.101918 0.00267828 
3951.96 3334.76 0.00102562 24.1822 -0.00458798 -2.81312 0.113531 0.00148337 
3882.87 3283.18 0.00102562 23.9992 -0.00369446 -2.78378 0.125143 0.00107795 
3814.43 3232.9 0.00102562 23.8162 -0.00280095 -2.76104 0.136755 0.00124645 
3746.64 3183.62 0.00102562 23.6333 -0.00190744 -2.73174 0.148367 0.00197308 
3679.49 3135.64 0.00102562 23.4503 -0.00101391 -2.67924 0.15998 0.00343316 
3612.99 3089.96 0.00102562 23.2673 -0.000120366 -2.5765 0.171592 0.00601626 
3547.14 3048.82 0.00102562 23.0844 0.000773233 -2.37481 0.183204 0.0103094 
3481.94 3016.56 0.00102562 22.9014 0.00166692 -1.9887 0.194816 0.0169583 
3417.4 3001.33 0.00102562 22.7184 0.00256073 -1.28616 0.206429 0.0262377 
3353.53 3017.06 0.00102562 22.5354 0.00345485 -0.1231 0.218041 0.0374975 
3290.35 3084.07 0.00103778 22.3525 0.00435002 1.54033 0.229653 0.0411596 
3227.87 3224.4 3.57347 22.1695 0.00524559 3.40666 0.241265 0.0272068 
3166.42 3447.01 7.19837 21.9865 0.0061417 4.99616 0.252878 0.00921543 
3105.99 3739.69 10.8757 21.8035 0.00703042 5.99754 0.26449 -0.00102379 
3046.56 4076.51 14.6052 21.6206 0.00789127 6.28 0.276102 -0.00127737 
2988.12 4425.78 18.3855 21.4389 0.00880882 6.14998 0.287714 0.000364104 
2930.65 4769.32 22.2191 21.2559 0.0102242 6.09105 0.299327 0.000250539 
2874.16 5110.26 26.128 21.0555 0.0116305 6.12055 0.310939 1.30854e-05 
2818.73 5452.5 30.1131 20.8429 0.00571364 6.15357 0.322551 -3.69326e-06 
2764.4 5796.19 33.8524 20.8672 -0.0122318 6.17485 0.334163 -1.14817e-06 
2710.33 6140.83 36.7989 21.4638 0.0573635 6.18744 0.345776 -1.29943e-05 
2654.36 6486.02 42.7712 19.5323 0.448943 6.17955 0.357388 -0.000237551 
2605.39 6830.86 66.142 5 0.0899997 4.66491 0.369 0 
2605.39 6830.86 66.142 5 0.0899997 4.66491 0.369 0 
2636.21 7120.59 74.4453 5 -0.662054 2.10116 1.15369 0.804875 
2668.41 7290.12 47.4863 25.9838 0.556719 6.1988 -0.176776 -0.00958532 
2618.26 7651.84 76.0962 5 0.110314 6.21074 0.476549 -0.0138743 
2650.05 8014.06 85.352 5 0.110314 6.15252 0.476549 -0.00705 
2682.71 8373.55 94.6078 5 0.110314 6.12927 0.476549 -0.00727744 
2716.23 8731.95 103.864 5 0.110314 6.10393 0.476549 -0.0157836 
2750.63 9089.16 113.119 5 0.110314 6.02618 0.476549 0.000689348 
2785.89 9442.73 122.375 5 0.110314 6.06096 0.476549 -0.274539 
2822.02 9797.93 131.631 5 0.110313 4.46361 0.476549 -0.563659 
2858.96 10078.2 140.887 5 0.110312 1.22851 0.476549 -0.60327 
2896.65 10206.8 150.143 5 0.11031 -2.2835 0.476549 -0.496803 
2935.08 10170.8 159.398 5 0.110308 -5.275 0.476549 -0.112175 
2974.27 9994.46 168.654 5 0.110308 -6.06287 0.476549 0.00226513 
3014.29 9781.19 177.909 5 0.110308 -6.05467 0.476549 -0.00554507 
3055.19 9568.31 187.165 5 0.110308 -6.10512 0.476549 -0.00309543 
3096.95 9353.07 196.42 5 0.110308 -6.13708 0.476549 -0.00172904 
3139.59 9136.32 205.676 5 0.110308 -6.15889 0.476549 -0.000909059 
3183.09 8918.56 214.931 5 0.110308 -6.17469 0.476549 -0.000416624 
3227.46 8700.05 224.187 5 0.110308 -6.18675 0.476549 -0.000106893 
3272.7 8480.97 233.442 5 0.110308 -6.1963 0.476549 9.54108e-05 
3318.8 8261.45 242.698 5 0.110308 -6.20406 0.476549 0.000229556 
3365.78 8041.57 251.953 5 0.110308 -6.2105 0.476549 0.000318001 
3413.63 7821.38 261.209 5 0.110308 -6.21594 0.476549 0.0003746 
3462.34 7600.94 270.464 5 0.110308 -6.22058 0.47655 0.000408372 
3511.93 7380.28 279.72 5 0.110308 -6.2246 0.47655 0.000425434 
3562.38 7159.43 288.975 5 0.110308 -6.22811 0.47655 0.000430071 
3613.71 6938.42 298.231 5 0.110308 -6.2312 0.47655 0.000425372 
3665.9 6717.26 307.486 5 0.110303 -6.23395 0.476632 0.000413626 
3718.97 6495.98 316.742 5 0.110865 -6.2364 0.466937 0.000396569 
3772.9 6274.58 326.023 5 0.0434698 -6.2386 0.574972 0.000376115 
3827.76 6053.07 332.145 5 -0.045443 -6.24058 0.664503 0.000350935 
3883.29 5831.47 328.93 5 -0.0444974 -6.24239 0.6482 0.000325025 
3938.51 5609.79 325.76 5 -0.0435516 -6.24405 0.631896 0.000297779 
3993.44 5388.03 322.635 5 -0.0426056 -6.24556 0.61559 0.000269797 
4048.06 5166.2 319.553 5 -0.0416596 -6.24695 0.599284 0.000241588 
4102.4 4944.31 316.516 5 -0.0407136 -6.24823 0.582978 0.000213597 
4156.46 4722.35 313.524 5 -0.0397676 -6.24942 0.566672 0.000186212 
4210.23 4500.34 310.576 5 -0.0388216 -6.25052 0.550366 0.00015978 
4263.72 4278.27 307.672 5 -0.0378755 -6.25155 0.53406 0.000134608 
4316.94 4056.16 304.812 5 -0.0369295 -6.25251 0.517754 0.000110977 
4369.89 3834.01 301.997 5 -0.0359835 -6.2534 0.501448 8.91456e-05 
4422.57 3611.81 299.226 5 -0.0378064 -6.25424 0.485142 8.03372e-05 
4474.99 3389.57 296.37 5.09878 -0.0426749 -6.25374 0.468837 4.3945e-05 
4526.78 3167.36 293.278 5.37479 -0.0443475 -6.25566 0.452531 3.55236e-05 
4577.25 2945.05 290.087 5.65988 -0.0375219 -6.25654 0.436224 2.36501e-05 
4626.34 2722.71 287.194 5.64812 -0.0186361 -6.25714 0.419918 1.17675e-05 
4675.18 2500.34 285.188 5 -0.12021 -6.25866 0.403612 7.63502e-06 
4726.36 2277.89 278.468 8.20707 -0.948075 -6.25719 0.387306 0.0003905 
4765.64 2055.53 232.69 40 -0.0899997 -4.85473 0.369 0 
4765.64 2055.53 232.69 40 -0.0899997 -4.85473 0.369 0 
4758.87 2045.56 232.55 39.4249 0.485507 -5.05517 -0.188388 -1.02859 
4752.21 2034.99 234.126 37.6313 0.795062 -5.42481 -0.176775 -1.00717 
4745.97 2023.33 236.632 35.1702 1.05813 -5.79097 -0.165163 -0.985755 
4740.3 2010.57 239.931 32.1598 1.25607 -6.15365 -0.153551 -0.304319 
4735.37 1996.73 243.835 28.7581 1.3736 -6.28 -0.141939 0.00129694 
4731.26 1982.52 248.104 25.5548 1.4 -6.28 -0.130326 0.00126056 
4727.94 1968.31 252.467 22.3524 1.34117 -6.28 -0.118714 0.00122255 
4725.41 1954.1 256.67 19.3437 1.19743 -6.28 -0.107101 0.00118338 
4723.63 1939.88 260.46 16.7172 0.974553 -6.28 -0.0954888 0.00114319 
4722.52 1925.67 263.599 14.6447 0.683578 -6.28 -0.0838764 0.0011022 
4721.93 1911.45 265.883 13.2696 0.340364 -6.28 -0.0722637 0.00106066 
4721.71 1897.24 267.151 12.6966 -0.0352468 -6.28 -0.0606508 0.00101882 
4721.65 1883.02 267.305 12.9835 -0.42053 -6.28 -0.0490371 0.00097694 
4721.55 1868.81 266.311 14.1356 -0.791211 -6.28 -0.0374207 0.000935272 
4721.19 1854.59 264.208 16.1029 -1.12295 -6.28 -0.0257806 0.000894032 
4720.37 1840.38 261.109 18.7816 -1.27914 -6.28 0.909065 0.000854228 
4718.9 1826.17 257.532 21.6391 -0.657466 -6.28 0.892768 0.000819936 
4716.69 1811.95 255.792 23.036 0.03533 -6.28 0.619097 0.000785749 
4714.1 1797.74 256.106 22.8734 0.643411 -6.28 0.0206458 0.000750671 
4711.51 1783.53 258.23 21.4159 0.578753 -6.28 0.0322503 0.000711332 
4709.29 1769.31 260.169 20.1315 0.478391 -6.28 0.0438602 0.000672062 
4707.38 1755.1 261.816 18.6977 0.347334 -6.28 0.0554715 0.00063299 
4705.84 1740.89 263.079 17.5869 0.181481 -6.28 0.0670832 0.000594196 
4704.58 1726.67 263.855 16.8715 -0.00994339 -6.28 0.0786951 0.00055583 
4703.51 1712.46 264.064 16.6018 -0.215701 -6.28 0.0903072 0.000518039 
4702.51 1698.24 263.662 16.802 -0.423177 -6.28 0.101919 0.000480964 
4701.48 1684.03 262.641 17.8661 -0.619122 -6.28 0.113531 0.000444736 
4700.2 1669.81 261.033 19.3517 -0.779223 -6.28 0.125144 0.000409506 
4698.56 1655.6 258.941 21.1694 -0.891725 -6.28 0.136756 0.000375364 
4696.49 1641.39 256.506 23.205 -0.947431 -6.28 0.148368 0.000342376 
4693.92 1627.17 253.895 25.3258 -0.9404 -6.28 0.15998 0.000310596 
4690.83 1612.96 251.295 27.388 -0.868452 -6.28 0.171593 0.000280065 
4687.22 1598.75 248.899 29.2457 -0.733465 -6.28 0.183205 0.000250815 
4683.15 1584.54 246.897 30.7604 -0.541422 -6.28 0.194817 0.000222877 
4678.7 1570.33 245.458 31.8094 -0.302195 -6.28 0.20643 0.000196285 
4673.97 1556.11 244.726 32.295 -0.029078 -6.28 0.218042 0.000171078 
4669.11 1541.9 244.805 32.1513 0.26193 -6.28 0.229655 0.000147304 
4664.26 1527.69 245.75 31.3501 0.553027 -6.28 0.241268 0.000125024 
4659.59 1513.48 247.565 29.9039 0.825679 -6.28 0.25288 0.000104307 
4655.27 1499.27 250.198 27.8669 1.06177 -6.28 0.264493 8.52327e-05 
4651.43 1485.06 253.544 25.3335 1.24477 -6.28 0.276106 6.78854e-05 
4648.2 1470.84 257.446 22.4334 1.36089 -6.28 0.287718 5.23516e-05 
4645.68 1456.63 261.707 19.3251 1.4 -6.28 0.299388 3.87147e-05 
4643.93 1442.42 266.1 16.1871 1.39999 -6.28 0.31103 2.70603e-05 
4642.95 1428.2 270.508 13.1083 1.292 -6.28 0.322559 1.74319e-05 
4642.73 1413.99 274.609 10.3322 1.08397 -6.28 0.334167 9.88547e-06 
4643.22 1399.77 278.104 8.07934 0.803584 -6.28 0.345778 4.46102e-06 
4644.28 1385.56 280.776 6.50324 0.465833 -6.28 0.357389 0.000356265 
4645.75 1371.34 282.45 5.56249 0.0899993 -6.1652 0.369 0 
4645.75 1371.34 282.45 5.56249 0.0899993 -6.1652 0.369 0 
4676.24 1135.38 291.24 5 -0.60903 -5.03586 1.15369 1.02362 
4710.66 956.754 264.586 25.8281 0.505022 0.457888 -0.176775 0.99724 
4656.73 1057.11 292.797 5 0.10511 5.87477 0.496981 0.0672792 
4691.03 1432.42 302.4 5 0.10511 6.25082 0.496981 -0.00319036 
4726.32 1826.82 312.002 5 0.10511 6.24923 0.496981 -0.0031707 
4762.59 2221.13 321.605 5 0.10511 6.24736 0.496981 -0.00313774 
4799.83 2615.35 331.207 5 0.10511 6.24526 0.496981 -0.00311025 
4838.05 3009.47 340.81 5 0.10511 6.24288 0.496981 -0.00308925 
4877.25 3403.46 350.413 5 0.105102 6.24014 0.497117 -0.00307704 
4917.42 3797.32 360.015 5 0.106123 6.23697 0.479513 -0.00307705 
4958.57 4191.01 369.669 5 -0.0264258 6.23325 0.772137 -0.00309022 
5000.84 4584.52 372.594 5 -0.0593923 6.22886 0.974322 -0.00313675 
5043.43 4977.8 368.56 5 -0.0584466 6.22353 0.958018 -0.00321322 
5085.62 5370.81 364.575 5 -0.0575006 6.21695 0.941713 -0.00334047 
5127.4 5763.49 360.637 5 -0.0565546 6.20865 0.925407 -0.00354433 
5168.77 6155.75 356.748 5 -0.0556086 6.19786 0.909101 -0.00388509 
5209.75 6547.46 352.907 5 -0.0546626 6.18321 0.892795 -0.00449738 
5250.34 6938.42 349.113 5 -0.0537166 6.16242 0.876489 -0.00482345 
5290.54 7328.33 345.368 5 -0.0527706 6.13516 0.860183 -0.0152326 
5330.36 7716.85 341.671 5 -0.0518246 6.05973 0.843877 -0.080079 
5369.79 8101.55 338.021 5 -0.050879 5.28473 0.827571 -0.430194 
5408.82 8446.9 334.42 5 -0.0499347 1.97151 0.811265 -0.458312 
5447.36 8624.04 330.867 5 -0.0489906 -1.58793 0.794959 -0.399853 
5485.38 8620.46 327.362 5 -0.0480462 -4.86066 0.778653 -0.107382 
5522.92 8450.73 323.904 5 -0.0471009 -6.12013 0.762347 -0.0147285 
5560.05 8217.06 320.495 5 -0.0461548 -6.1218 0.746041 -0.00100422 
5596.83 7983.3 317.133 5 -0.0452088 -6.1592 0.729734 -0.000903579 
5633.27 7747.64 313.82 5 -0.0442628 -6.18122 0.713428 -0.000365251 
5669.37 7510.87 310.555 5 -0.0433168 -6.19652 0.697122 -9.0757e-05 
5705.14 7273.31 307.337 5 -0.0423708 -6.2077 0.680816 5.62481e-05 
5740.58 7035.19 304.168 5 -0.0414247 -6.21622 0.66451 0.000140416 
5775.69 6796.64 301.047 5 -0.0404787 -6.22294 0.648204 0.000186711 
5810.49 6557.75 297.974 5 -0.0395327 -6.22838 0.631898 0.000208231 
5844.97 6318.58 294.949 5 -0.0385866 -6.23287 0.615592 0.000213251 
5879.15 6079.18 291.971 5 -0.0376406 -6.23664 0.599286 0.00020732 
5913.01 5839.59 289.042 5 -0.0366946 -6.23985 0.582979 0.000194244 
5946.58 5599.84 286.161 5 -0.0357485 -6.24262 0.566673 0.000176682 
5979.86 5359.94 283.328 5 -0.0348025 -6.24503 0.550367 0.000156526 
6012.85 5119.93 280.543 5 -0.0338565 -6.24715 0.534061 0.000135159 
6045.55 4879.81 277.806 5 -0.0329104 -6.24903 0.517755 0.000113643 
6077.97 4639.59 275.117 5 -0.0362393 -6.2507 0.501449 0.000110167 
6110.13 4399.28 272.259 5.16512 -0.0390634 -6.2507 0.485143 6.01463e-05 
6141.32 4158.98 269.244 5.42124 -0.0407765 -6.25348 0.468837 5.38111e-05 
6171.17 3918.54 266.122 5.69533 -0.042854 -6.25487 0.452531 3.91694e-05 
6199.58 3678.03 262.871 5.99553 -0.0366279 -6.25594 0.436224 2.54942e-05 
6226.44 3437.46 259.913 5.99246 -0.0100408 -6.25696 0.419918 1.31273e-05 
6252.98 3196.84 258.304 5 -0.110169 -6.2587 0.403612 8.19892e-06 
6283.5 2956.13 251.693 8.23997 -0.87534 -6.25774 0.387306 0.000417493 
6300.94 2715.48 205.97 40 -0.0899997 -4.82059 0.369 0 
6300.94 2715.48 205.97 40 -0.0899997 -4.82059 0.369 0 
6210.25 2555.21 211.536 40 1.08565 5.98213 -0.188388 0.00580837 
6119.39 2891.91 271.187 5 0.384789 6.26056 -0.176775 -0.000317653 
6163.71 3241.32 301.176 5 0.384115 6.25962 -0.165163 -0.000309008 
6210.79 3590.69 331.134 5 0.383441 6.25859 -0.153551 -0.000298344 
6260.63 3940.01 361.061 5 0.382768 6.25744 -0.141939 -0.000287904 
6313.23 4289.27 390.957 5 0.382094 6.25617 -0.130326 -0.00027785 
6368.59 4638.48 420.822 5 0.38142 6.25474 -0.118714 -0.000268215 
6426.7 4987.62 450.656 5 0.380746 6.25313 -0.107102 -0.000259062 
6487.56 5336.69 480.459 5 0.380073 6.2513 -0.0954895 -0.000250501 
6551.16 5685.68 510.231 5 0.379399 6.2492 -0.0838772 -0.000242707 
6617.52 6034.56 539.972 5 0.378725 6.24678 -0.0722649 -0.000235946 
6686.61 6383.34 569.682 5 0.378052 6.24394 -0.0606526 -0.000230611 
6758.45 6731.98 599.361 5 0.377378 6.24056 -0.0490404 -0.000227247 
6833.02 7080.47 629.009 5 0.376704 6.23649 -0.037428 -0.000226516 
6910.32 7428.78 658.626 5 0.37603 6.23148 -0.0258157 -0.000228973 
6990.35 7776.85 688.212 5 0.375357 6.22515 -0.0142033 -0.000234358 
7073.12 8124.63 717.767 5 0.374683 6.2169 -0.0025909 -0.00023991 
7158.6 8472.03 747.291 5 0.374009 6.20572 0.00902167 -0.000238915 
7246.81 8818.92 776.784 5 0.373335 6.18972 0.0206345 -0.000239149 
7337.74 9165.07 806.246 5 0.372662 6.16486 0.0322487 -0.000350696 
7431.38 9510.08 835.677 5 -0.0666897 6.12572 0.46885 0.00036619 
7528.14 9853.28 844.896 5 -0.290522 6.15671 0.811262 -0.00506569 
7625.95 10197.9 822.187 5 -0.289577 4.92374 0.794957 -0.0793413 
7721.63 10485.8 799.521 5 -0.288635 -2.83051 0.778652 -0.0220077 
7814.93 10417 776.899 5 -0.28769 -6.09953 0.762346 0.000586398 
7906.02 10197.8 754.321 5 -0.286744 -6.11683 0.74604 -0.000147645 
7995.03 9977.77 731.785 5 -0.285798 -6.15455 0.729734 -6.18214e-05 
8081.97 9756.02 709.294 5 -0.284852 -6.18312 0.713428 -2.50992e-05 
8166.82 9532.96 686.846 5 -0.283906 -6.20119 0.697122 -9.8884e-06 
8249.61 9309.06 664.441 5 -0.28296 -6.21359 0.680816 -1.1335e-07 
8330.33 9084.6 642.08 5 -0.282014 -6.22263 0.66451 6.09208e-06 
8408.99 8859.72 619.763 5 -0.281068 -6.2295 0.648204 9.58389e-06 
8485.59 8634.52 597.489 5 -0.280122 -6.2349 0.631898 1.11952e-05 
8560.14 8409.08 575.258 5 -0.279176 -6.23925 0.615592 1.1591e-05 
8632.63 8183.43 553.071 5 -0.27823 -6.24284 0.599285 1.12368e-05 
8703.08 7957.62 530.928 5 -0.277284 -6.24585 0.582979 1.04388e-05 
8771.49 7731.67 508.828 5 -0.276338 -6.24841 0.566673 9.39438e-06 
8837.86 7505.6 486.772 5 -0.275392 -6.25061 0.550367 8.23071e-06 
8902.19 7279.44 464.759 5 -0.274446 -6.25252 0.534061 7.03099e-06 
8964.5 7053.18 442.789 5 -0.2735 -6.2542 0.517755 5.8509e-06 
9024.78 6826.85 420.864 5 -0.272554 -6.25569 0.501449 4.72879e-06 
9083.04 6600.45 398.981 5 -0.271608 -6.25702 0.485143 3.69185e-06 
9139.27 6373.98 377.143 5 -0.270662 -6.2582 0.468837 2.75994e-06 
9193.5 6147.47 355.347 5 -0.269716 -6.25927 0.45253 1.94792e-06 
9245.72 5920.9 333.596 5 -0.26877 -6.26025 0.436224 1.26713e-06 
9295.93 5694.29 311.887 5 -0.267824 -6.26113 0.419918 7.25137e-07 
9344.13 5467.64 290.223 5 -0.266878 -6.26194 0.403612 3.18776e-07 
9390.34 5240.95 268.602 5 -1.26591 -6.26267 0.387306 6.02638e-05 
9435.48 5014.22 201.02 40 -0.000358117 -1.71846 0.369 0 
9435.48 5014.22 201.02 40 -0.000358117 -1.71846 0.369 0 
9371.75 5015.83 194.894 32.4666 1.4 1.87648 -0.188388 -0.936985 
9322.98 5112.35 226.068 6.62801 -1.32642 -4.84505 -0.176763 -0.0650461 
9331.83 5031.33 186.336 40 -0.507576 -6.2046 0.00996044 0.000370073 
9267.5 4914.47 166.815 40 -0.507576 -6.20112 0.00996015 0.000352214 
9202.14 4797.69 147.294 40 -0.507576 -6.19769 0.00995984 0.000350237 
9135.74 4681.01 127.774 40 -0.507576 -6.19395 0.00995944 0.000349175 
9068.31 4564.42 108.253 40 -0.507576 -6.18986 0.00995888 0.000349182 
8999.85 4447.94 88.7325 40 -0.507576 -6.18535 0.00995774 0.000350433 
8930.36 4331.59 69.2118 40 -0.507577 -6.18037 0.00997616 0.00035315 
8859.83 4215.36 49.6912 40 -0.507499 -6.17483 0.00864544 0.000357615 
8788.27 4099.28 30.1726 40 -0.512662 -6.16863 0.0976361 0.000366208 
8715.68 3983.36 10.5177 40 -0.166623 -6.16158 0.000831524 0.000225685 
8641.87 3867.63 0.00104346 40 0.0413313 -6.15872 -0.0489953 0.000133851 
8567.39 3751.98 0.00102639 40 0.0406576 -6.15876 -0.037383 0.000128983 
8492.91 3636.32 0.00102639 40 0.0399839 -6.15872 -0.0257708 4.50941e-05 
8418.44 3520.66 0.00102639 40 -0.00362225 -6.16177 -0.0142034 0.000112925 
8343.98 3404.93 0.00102639 40 -0.114632 -6.16182 -0.00259153 0.000100862 
8269.58 3289.19 0.00115334 40 -0.176384 -6.16212 0.00902052 8.93782e-05 
8195.22 3173.45 0.18631 40 -0.190413 -6.16269 0.0206327 9.25318e-05 
8120.88 3057.69 0.00100933 40 -0.158204 -6.1628 0.0322449 8.64907e-05 
8046.5 2941.92 0.00102639 40 -0.0811954 -6.16293 0.0438572 7.99139e-05 
7972.09 2826.16 0.00102639 39.3969 0.0392159 -6.16311 0.0554694 0.000136593 
7898.89 2710.38 0.00102639 39.1725 0.0507921 -6.1594 0.0670817 8.92955e-05 
7826.16 2594.71 0.00102639 38.9895 0.051686 -6.15822 0.0786939 6.23957e-05 
7753.81 2479.07 0.00102639 38.8066 0.0525794 -6.15852 0.0903062 5.77301e-05 
7681.85 2363.41 0.00102639 38.6236 0.0534728 -6.15882 0.101918 5.61012e-05 
7610.28 2247.75 0.00102639 38.4406 0.0543662 -6.15885 0.113531 5.22398e-05 
7539.09 2132.09 0.00102639 38.2577 0.0552596 -6.15881 0.125143 4.66153e-05 
7468.29 2016.43 0.00102639 38.0747 0.0561533 -6.15888 0.136755 9.95301e-05 
7397.88 1900.77 0.00126264 37.8917 0.0570477 -6.15248 0.148367 0.000121266 
7327.86 1785.28 6.44017 37.7088 0.0579419 -6.14215 0.15998 0.000118919 
7258.56 1670.06 12.9104 37.5258 0.0588363 -6.13043 0.171592 0.000114069 
7189.99 1555.14 19.4121 37.3428 0.0597293 -6.11747 0.183204 0.000113762 
7122.15 1440.57 25.9451 37.1598 0.0606174 -6.10228 0.194816 0.000116471 
7055.05 1326.4 32.5092 36.9769 0.0615042 -6.08382 0.206429 0.000120706 
6988.68 1212.72 39.1046 36.7942 0.0624177 -6.06095 0.218041 0.000126759 
6923.04 1099.64 45.7318 36.611 0.0633859 -6.03209 0.229653 0.000135809 
6858.15 987.326 52.3923 36.4263 0.0642975 -5.9946 0.241265 0.000149566 
6793.99 875.999 59.0847 36.2416 0.0647882 -5.94403 0.252878 0.000170978 
6730.59 766.007 65.7979 36.0653 0.0648526 -5.87235 0.26449 0.000207359 
6667.91 657.908 72.5202 35.9045 0.0666041 -5.76281 0.276102 0.000288903 
6605.93 552.701 79.2957 35.7226 0.0738718 -5.56649 0.287714 0.000545988 
6544.69 452.679 86.2707 35.4125 0.081218 -5.07891 0.299327 0.00122246 
6484.49 365.532 93.4529 34.9946 0.0565544 -3.63248 0.310939 0.00191384 
6425.59 316.581 100.001 35.1307 -0.0260802 -0.680481 0.322551 0.00154988 
6366.86 345.588 104.362 36.89 -0.0263051 2.71616 0.334163 0.000584474 
6304.71 464.297 108.642 38.3377 0.459426 5.5421 0.345776 1.43686e-05 
6239.52 657.636 125.688 29.7636 1.33799 5.77718 0.357388 -6.53495e-05 
6192.92 857.169 166.298 5 0.0899998 3.25384 0.369 0 
6192.92 857.169 166.298 5 0.0899998 3.25384 0.369 0 
6217.46 1037.46 172.748 5 -0.752887 1.48378 1.15369 1.01096 
6243.06 1150.9 143.684 24.7452 0.529831 5.40498 -0.176775 0.224637 
6205.88 1412.46 161.86 5 -0.0342706 6.24932 0.866197 -0.00433646 
6230.27 1705.86 159.93 5 -0.0627216 6.24483 1.10477 -0.00351914 
6254.53 1999.08 156.926 5 -0.0617756 6.24315 1.08847 -0.00348924 
6278.56 2292.24 153.958 5 -0.0608296 6.24131 1.07216 -0.00346221 
6302.36 2585.34 151.026 5 -0.0598836 6.23927 1.05586 -0.00343892 
6325.95 2878.35 148.13 5 -0.0589376 6.237 1.03955 -0.00342057 
6349.31 3171.28 145.269 5 -0.0579916 6.23446 1.02324 -0.00340863 
6372.46 3464.11 142.443 5 -0.0570455 6.23161 1.00694 -0.00340515 
6395.39 3756.84 139.654 5 -0.0560995 6.22838 0.990632 -0.00341288 
6418.11 4049.44 136.9 5 -0.0551535 6.22468 0.974326 -0.00343554 
6440.63 4341.9 134.182 5 -0.0542075 6.22041 0.95802 -0.00347821 
6462.93 4634.21 131.5 5 -0.0532614 6.21543 0.941714 -0.00354782 
6485.03 4926.32 128.854 5 -0.0523154 6.20955 0.925408 -0.00365399 
6506.93 5218.21 126.243 5 -0.0513694 6.20248 0.909102 -0.00381112 
6528.63 5509.84 123.668 5 -0.0504234 6.19384 0.892796 -0.0040459 
6550.14 5801.14 121.128 5 -0.0494773 6.18302 0.876489 -0.00441454 
6571.45 6092.03 118.625 5 -0.0485313 6.1691 0.860183 -0.00499037 
6592.58 6382.39 116.157 5 -0.0475853 6.15076 0.843877 -0.00487251 
6613.51 6672.07 113.724 5 -0.0466393 6.12936 0.827571 -0.0118816 
6634.26 6960.93 111.328 5 -0.0456933 6.0642 0.811265 -0.00763602 
6654.82 7247.33 108.967 5 -0.0447472 6.06539 0.794959 -0.26105 
6675.21 7533.78 106.642 5 -0.0438021 4.43115 0.778653 -0.391379 
6695.37 7758.52 104.353 5 -0.0428572 2.10971 0.762347 -0.404507 
6715.29 7895.61 102.099 5 -0.0419125 -0.326126 0.746041 -0.381085 
6734.96 7940.72 99.881 5 -0.0409677 -2.7098 0.729734 -0.318757 
6754.39 7895.82 97.6986 5 -0.0400228 -4.85595 0.713428 -0.144242 
6773.59 7769.88 95.552 5 -0.0390774 -6.10943 0.697122 -0.00957345 
6792.59 7596.62 93.441 5 -0.0381314 -6.07554 0.680816 -0.00314824 
6811.43 7424.63 91.3657 5 -0.0371854 -6.13514 0.66451 -0.000538359 
6830.11 7250.39 89.3262 5 -0.0362393 -6.15461 0.648204 -0.000734232 
6848.64 7075.42 87.3224 5 -0.0352933 -6.17186 0.631898 -0.000353886 
6867.01 6899.79 85.3543 5 -0.0343473 -6.18514 0.615592 -0.000148834 
6885.24 6723.67 83.422 5 -0.0334013 -6.19551 0.599286 -4.20966e-05 
6903.31 6547.15 81.5253 5 -0.0324552 -6.20384 0.582979 1.74052e-05 
6921.24 6370.32 79.6644 5 -0.0315092 -6.21067 0.566673 5.22122e-05 
6939.03 6193.23 77.8392 5 -0.0305632 -6.21638 0.550367 7.07398e-05 
6956.68 6015.93 76.0497 5 -0.0296171 -6.22121 0.534061 7.7918e-05 
6974.2 5838.44 74.296 5 -0.0373176 -6.22536 0.517755 0.000225651 
6991.58 5660.8 72.2515 5.24839 -0.038647 -6.22218 0.501449 -3.80467e-05 
7008.07 5483.27 70.1417 5.50103 -0.0399758 -6.23136 0.485143 4.22561e-05 
7023.63 5305.4 67.9665 5.75686 -0.042836 -6.23531 0.468837 4.83229e-05 
7038.25 5127.38 65.6678 6.05908 -0.04602 -6.23758 0.452531 3.50261e-05 
7051.78 4949.28 63.2306 6.40558 -0.0329178 -6.23968 0.436224 2.31328e-05 
7064.08 4771.1 61.2671 6.31761 0.0115848 -6.24168 0.419918 6.42346e-06 
7076.46 4592.84 60.9894 5 -0.0693266 -6.24627 0.403612 1.15446e-05 
7092.86 4414.41 57.7363 6.35818 -1.2038 -6.24137 0.387306 0.000451398 
7105.77 4236.16 11.5638 40 -1.4 -5.23625 0.369 0 
