grtopS_41_1
50
2 2
6 6 
0 1 2 4 3 5 
0 1 2 4 3 5 
2821.44 48.4472 58.6422 31.4557 134.437 
104346 0 46.2618 6.98115 174.136 
57.5803 0.988718 1.19678 0.641954 2.74362 
2129.51 0 0.944118 0.142472 3.5538 
1.75859e-13 0.0386521 1.54513e-07 0.200395 1.52632 
1.45259e-06 11.984 0.1402 0.06204 1.39615 
677.49 690.31 585.47 37.3507 0.912744 0 0.0287891 0 
677.49 690.31 585.47 37.3507 0.912744 -5.79224e-13 0.0288945 -0.00125286 
677.49 690.31 585.47 37.3484 0.946594 -0.0189408 0.0284967 0.00806463 
652.577 632.63 629.887 26.1838 1.23934 -0.027297 0.0328136 0.0844813 
680.612 -316.341 550.732 38.2957 0.885158 -0.00707149 0.0284518 -0.00698343 
621.305 -236.122 557.502 37.4961 0.908348 -0.00647936 0.0287405 -0.00100635 
572.522 -223.522 558.342 37.566 0.906271 -0.00477355 0.0287145 -0.00154593 
527.193 -204.927 559.638 37.5309 0.907169 -0.00323414 0.0287275 -0.00131794 
485.753 -189.095 560.516 37.5358 0.907002 -0.00170385 0.0287251 -0.00136216 
447.59 -172.806 561.397 37.5041 0.907861 -0.000199388 0.0287362 -0.00114068 
412.675 -159.094 561.965 37.4891 0.908219 0.00134878 0.0287413 -0.00104746 
380.613 -146.52 562.321 37.4768 0.908504 0.00292631 0.0287455 -0.00097159 
351.139 -134.865 562.489 37.4624 0.908845 0.0045555 0.0287504 -0.000880204 
324.049 -124.297 562.449 37.4481 0.909156 0.0062537 0.0287554 -0.000795121 
299.137 -114.761 562.169 37.4409 0.909267 0.00804208 0.0287577 -0.000760657 
276.172 -105.669 561.704 37.4295 0.909484 0.00992477 0.0287617 -0.000697147 
255.015 -97.3482 561.006 37.4208 0.909613 0.0119301 0.0287647 -0.000654737 
235.49 -89.5523 560.083 37.4117 0.909783 0.0140797 0.0287674 -0.000597894 
217.463 -82.3674 558.966 37.3898 0.910259 0.0164358 0.0287751 -0.000461722 
200.928 -76.7615 557.481 37.3849 0.910208 0.0190173 0.0287771 -0.000460586 
185.651 -71.2422 555.702 37.3859 0.910041 0.0218157 0.0287761 -0.000485338 
171.494 -65.4009 553.752 37.3599 0.910608 0.0248827 0.0287849 -0.000319124 
158.564 -61.4414 551.365 37.3471 0.910693 0.0282767 0.0287898 -0.000276469 
146.662 -58.0763 548.505 37.3594 0.910099 0.0319915 0.028785 -0.000404926 
135.529 -53.2699 545.423 37.3436 0.910283 0.0360478 0.0287905 -0.000330114 
125.295 -49.3327 541.862 37.3349 0.910228 0.0405293 0.0287934 -0.000313255 
115.829 -45.6078 537.832 37.3252 0.910178 0.0454776 0.0287963 -0.000291836 
107.071 -42.1376 533.297 37.3114 0.910162 0.050942 0.0288014 -0.000257851 
98.9717 -39.1272 528.112 37.3147 0.909681 0.0569815 0.0287996 -0.000338444 
91.3516 -35.1841 522.443 37.2905 0.90992 0.0636521 0.0288079 -0.000228348 
84.3448 -32.4999 515.985 37.2794 0.909725 0.0710675 0.0288115 -0.000224452 
77.7958 -29.8743 508.767 37.2658 0.909546 0.0792913 0.0288159 -0.000210488 
71.6732 -27.4212 500.694 37.2513 0.909329 0.0884175 0.0288207 -0.000199121 
65.9335 -25.1102 491.676 37.2356 0.909079 0.0985497 0.0288257 -0.000188438 
60.5381 -22.9277 481.612 37.2175 0.908814 0.109805 0.0288317 -0.00017361 
55.46 -20.9316 470.375 37.1994 0.908462 0.122305 0.0288375 -0.000171292 
50.6469 -18.9744 457.849 37.1792 0.908075 0.136195 0.028844 -0.000167584 
46.0725 -17.0702 443.894 37.156 0.907663 0.151631 0.0288503 -0.000165512 
41.7118 -15.2792 428.342 37.1309 0.906798 0.168684 0.0288593 -0.000272661 
37.3954 -12.9005 410.509 37.2402 0.901388 0.187447 0.0288252 -0.00156441 
32.0869 2.53094 390.54 37.5138 0.891339 0.2075 0.02873 -0.00402158 
24.408 44.6974 369.819 37.6929 0.884061 0.22908 0.0286685 -0.00575587 
15.286 105.556 347.684 37.8324 0.878102 0.252455 0.0286192 -0.00711898 
5.04523 181.465 324.062 37.871 0.875123 0.278157 0.0286033 -0.00770943 
-5.39341 263.803 298.285 37.8396 0.873718 0.306396 0.028616 -0.00786972 
-15.7965 347.426 269.227 37.9083 0.86946 0.337621 0.0285868 -0.00870323 
-26.9592 440.714 237.699 37.8711 0.867032 0.372632 0.0286041 -0.00895172 
-37.4565 536.82 201.281 38.1755 0.854241 0.413229 0.0285733 0.00398561 
-46.9816 665.414 161.909 38.4532 0.865886 0.698642 0.0240221 -0.00745504 
262.221 783.972 150.505 24.2945 -0.0501803 0.766278 0.0277891 0 
262.221 783.972 150.505 24.2945 -0.0501803 0.766278 0.0277891 0 
250.611 812.765 149.937 23.7756 0.661798 0.728782 -0.188388 -1.02858 
239.324 841.095 158.164 16.7337 0.904454 -0.0101158 -0.176776 -1.00718 
235.135 860.304 169.523 8.05138 0.34199 -0.734815 0.459034 -0.985776 
239.94 870.565 174.115 5 0.0218596 -1.44526 0.823782 -0.964367 
247.947 872.059 174.818 5 0.0218592 -2.14146 0.823782 -0.942959 
255.965 864.965 175.521 5 0.0218589 -2.8234 0.823782 -0.921551 
263.994 849.457 176.224 5 0.0218585 -3.49108 0.823782 -0.900143 
272.033 825.713 176.927 5 0.0218582 -4.14449 0.823782 -0.878735 
280.083 793.908 177.63 5 0.0218579 -4.78362 0.823782 -0.857327 
288.145 754.218 178.333 5 0.0218575 -5.40848 0.823782 -0.835918 
296.217 706.819 179.036 5 0.0218572 -6.01904 0.823782 -0.329319 
304.301 651.888 179.739 5 0.0218571 -6.28 0.823782 0.00340919 
312.4 593.737 180.442 5 0.0218571 -6.28 0.823782 0.00339005 
320.516 535.587 181.145 5 0.0218571 -6.28 0.823782 0.00337737 
328.65 477.436 181.848 5 0.0218571 -6.28 0.823782 0.00330001 
336.801 419.285 182.55 5 0.0218571 -6.28 0.823782 0.00357272 
344.969 361.135 183.253 5 0.0218571 -6.28 0.823782 0.0427657 
353.155 302.984 183.956 5 0.0218577 -6.28 0.823771 0.606824 
361.358 244.834 184.659 5 0.0218369 -5.83648 0.824133 0.643245 
369.582 192.155 185.362 5 0.0224839 -5.36131 0.812986 0.621837 
377.829 145.338 186.073 5 0.00258185 -4.9005 0.818763 0.600428 
386.103 104.206 186.538 5.18365 -0.00638623 -4.45406 0.811265 0.57902 
394.213 68.5818 186.889 5.4408 -0.00757502 -4.022 0.794959 0.557612 
402.082 38.2879 187.22 5.69732 -0.00873955 -3.60432 0.778653 0.536203 
409.71 13.147 187.531 5.95302 -0.0099542 -3.20104 0.762347 0.514795 
417.098 -7.0185 187.823 6.20845 -0.011313 -2.81216 0.746041 0.493387 
424.244 -22.3862 188.093 6.46498 -0.0128459 -2.43768 0.729735 0.471979 
431.147 -33.1339 188.339 6.72415 -0.0144218 -2.07761 0.713429 0.450571 
437.805 -39.4394 188.56 6.98616 -0.015731 -1.73197 0.697122 0.429162 
444.212 -41.4805 188.76 7.24828 -0.0164458 -1.40075 0.680816 0.407753 
450.369 -39.4353 188.946 7.50491 -0.0165624 -1.08397 0.66451 0.386342 
456.28 -33.4818 189.125 7.75089 -0.0167304 -0.781632 0.648204 0.160653 
461.955 -23.7983 189.298 7.98755 -0.0181944 -0.636541 0.631898 -0.343518 
467.402 -12.3246 189.448 8.22781 -0.0220244 -0.908969 0.615592 -0.322113 
472.613 -4.21168 189.545 8.49357 -0.0277659 -1.16694 0.599286 -0.300704 
477.564 0.719019 189.567 8.80074 -0.0324096 -1.41043 0.58298 -0.279293 
482.209 2.64601 189.525 9.13568 -0.0311328 -1.63945 0.566673 -0.257873 
486.521 1.74799 189.493 9.44058 -0.0207766 -1.85396 0.550367 -0.0402507 
490.525 -1.79619 189.582 9.63265 -0.00498257 -1.8466 0.534061 0.215057 
494.338 -5.24936 189.862 9.66992 0.00298289 -1.66145 0.517755 0.193661 
498.12 -6.4184 190.24 9.63831 -0.0148579 -1.49079 0.501449 0.172257 
501.95 -5.48214 190.398 9.78557 -0.0661792 -1.33465 0.485143 0.15085 
505.652 -2.61942 189.92 10.4116 -0.129589 -1.19302 0.468837 0.129443 
508.74 1.99104 188.648 11.5913 -0.148963 -1.06591 0.452531 0.108035 
510.637 8.17046 187.113 12.8669 -0.0602276 -0.953342 0.436224 0.0866266 
511.214 15.7396 186.648 13.2159 0.146247 -0.855318 0.419918 0.065217 
511.385 24.5184 188.723 11.6079 0.360468 -0.771849 0.403612 0.0438038 
513.144 34.3258 193.473 8.12732 0.353592 -0.702949 0.387306 -0.000948444 
518.464 44.9803 198.206 5 -0.09 -0.709781 0.369 0 
518.464 44.9803 198.206 5 -0.09 -0.709781 0.369 0 
527.445 57.8187 197.34 6.52381 -1.14914 -0.709265 1.15368 -1.01586 
534.893 70.6659 180.621 19.415 -0.223946 -1.54721 0.035285 -0.964929 
526.13 71.0128 177.41 21.2778 0.0141569 -2.34364 -0.165129 -0.962121 
514.962 59.4686 177.709 20.3863 0.0645889 -3.13823 -0.153046 -0.138829 
504.845 36.058 178.783 19.0007 0.0149741 -3.25376 -0.140944 0.93899 
496.431 10.9209 179.149 18.3056 -0.202791 -2.47973 0.0648031 0.920783 
488.934 -2.65846 176.28 20.0165 -0.0561619 -1.72026 -0.101377 0.544885 
479.269 -4.89512 175.56 20.0047 -0.0407204 -1.27061 -0.107008 -0.354416 
469.598 -0.417142 175.071 19.8223 -0.0397866 -1.56296 -0.0954477 -0.0125847 
460.126 -0.30501 174.599 19.6394 -0.0388898 -1.57334 -0.0838271 0.00333983 
450.859 -0.348094 174.146 19.4564 -0.0379635 -1.57059 -0.0722396 0.000834448 
441.797 -0.35021 173.711 19.2731 -0.0370893 -1.5699 -0.0606134 -0.000502044 
432.941 -0.342214 173.293 19.0901 -0.0362303 -1.57031 -0.0490016 0.000595165 
424.291 -0.340573 172.892 18.9074 -0.0353844 -1.56982 -0.0373898 -0.000252086 
415.847 -0.331768 172.509 18.7253 -0.0344945 -1.57003 -0.0257737 -0.000913776 
407.61 -0.326236 172.143 18.5431 -0.0334799 -1.57078 -0.0141497 0.00328587 
399.58 -0.332135 171.796 18.3594 -0.0323306 -1.56807 -0.002499 -0.00433873 
391.758 -0.297711 171.472 18.1729 -0.031196 -1.57165 0.00930287 0.00176074 
384.15 -0.31692 171.168 17.9839 -0.0301441 -1.5702 0.0214331 0.00135665 
376.758 -0.314618 170.885 17.7933 -0.0287976 -1.56908 0.0333833 -0.00103246 
369.586 -0.295773 170.626 17.5981 -0.0277823 -1.56993 0.0454414 -1.01717e-05 
362.639 -0.289829 170.388 17.4024 -0.0275068 -1.56994 0.0579548 1.06175e-06 
355.919 -0.284193 170.158 17.2143 -0.0270111 -1.56994 0.0701572 -0.000157442 
349.417 -0.278719 169.94 17.0309 -0.0259085 -1.57007 0.0816843 0.000420203 
343.128 -0.275358 169.743 16.8452 -0.0250616 -1.56972 0.0933114 -0.00017257 
337.055 -0.266993 169.563 16.6603 -0.0245654 -1.56986 0.105154 -0.000413531 
331.197 -0.260926 169.394 16.48 -0.0238225 -1.5702 0.116832 0.00174576 
325.55 -0.260125 169.242 16.301 -0.0225582 -1.56876 0.128113 -0.00274547 
320.112 -0.237978 169.112 16.1177 -0.0214711 -1.57103 0.13953 0.0010081 
314.889 -0.249832 169.003 15.9324 -0.0208713 -1.57019 0.151271 -0.00215867 
309.885 -0.249445 168.907 15.7505 -0.0203183 -1.57198 0.163005 0.00624192 
305.095 -0.275841 168.824 15.5723 -0.0193338 -1.56683 0.174471 -0.00349567 
300.516 -0.225488 168.76 15.3927 -0.0180012 -1.56971 0.185955 0.0200587 
296.149 -0.218364 168.72 15.2078 -0.0164849 -1.55315 0.197468 -0.0866215 
292.002 0.0358188 168.707 15.0162 -0.0154658 -1.62464 0.208945 -0.300151 
288.083 -0.777684 168.714 14.824 -0.0159787 -1.87242 0.220469 -0.0641218 
284.391 -5.29137 168.718 14.6488 -0.0179631 -1.92552 0.23211 0.257656 
280.909 -10.5983 168.697 14.5055 -0.0187378 -1.71307 0.243847 0.236283 
277.6 -12.7327 168.667 14.3772 -0.0135914 -1.51813 0.255332 0.214767 
274.445 -11.9563 168.718 14.1954 -0.00106874 -1.34083 0.26642 0.192638 
271.507 -8.53243 168.959 13.8816 0.0102377 -1.18169 0.277611 0.163887 
268.951 -2.73248 169.377 13.4626 0.00192608 -1.04618 0.289194 0.135312 
266.912 5.09051 169.681 13.1712 -0.0396813 -0.934184 0.301367 0.127097 
265.245 14.5857 169.371 13.3727 -0.0946362 -0.828898 0.31336 0.107372 
263.345 25.6532 168.235 14.1711 -0.0933579 -0.739829 0.323673 0.0863143 
260.457 38.0516 167.099 14.8705 0.0438424 -0.668087 0.334663 0.064969 
256.657 51.522 167.995 13.9359 0.302076 -0.613923 0.346168 0.0434246 
253.927 65.8004 172.77 10.1508 0.449206 -0.577516 0.358361 -0.00147374 
255.824 80.6189 179.832 5.05455 0.0854947 -0.57815 0.369 0 
255.824 80.6189 179.832 5.05455 0.0854947 -0.57815 0.369 0 
260.78 88.3594 180.973 5 -0.279754 -0.40964 1.15369 -1.00541 
265.848 97.4496 179.189 6.49591 0.29309 -0.757871 0.401461 -0.998455 
269.834 103.751 181.974 5.08956 0.0740874 -1.39485 0.659468 -0.975891 
274.798 104.95 183.023 5 0.059109 -2.01458 0.677549 -0.955588 
279.835 101.185 183.953 5 0.0591087 -2.62381 0.677549 -0.932523 
284.883 92.5397 184.883 5 0.0591084 -3.22859 0.677549 -0.908515 
289.942 79.0502 185.813 5 0.0591081 -3.80858 0.67755 0.88723 
295.013 60.9149 186.743 5 0.0591084 -3.22735 0.67755 0.213787 
300.102 47.4354 187.673 5 0.0591083 -3.33015 0.677549 -0.856277 
305.205 33.1324 188.603 5 0.059108 -3.90975 0.677549 -0.835158 
310.319 14.1868 189.533 5 0.0591077 -4.48032 0.677549 -0.81349 
315.445 -9.32904 190.463 5 0.0591074 -5.04136 0.67755 -0.561993 
320.582 -37.3388 191.393 5 0.0591074 -5.09562 0.67755 0.77103 
325.734 -65.7831 192.323 5 0.0591077 -4.55529 0.67755 0.749846 
330.904 -89.8995 193.253 5 0.059108 -4.02406 0.67755 0.728443 
336.092 -109.761 194.183 5 0.0591082 -3.50213 0.67755 0.706912 
341.298 -125.441 195.114 5 0.0591085 -2.98962 0.67755 0.685074 
346.523 -137.017 196.044 5 0.0591088 -2.48682 0.67755 0.658202 
351.766 -144.564 196.974 5 0.059109 -2.00615 0.67755 0.636835 
357.027 -148.262 197.904 5 0.0591092 -1.55327 0.67755 0.616094 
362.306 -148.332 198.834 5 0.0591095 -1.09596 0.67755 0.59302 
367.602 -144.74 199.764 5 0.0591097 -0.647463 0.67755 0.571029 
372.917 -137.554 200.694 5 0.0591099 -0.208015 0.67755 0.549755 
378.249 -126.849 201.624 5 0.0591102 0.222391 0.67755 0.528892 
383.598 -112.696 202.554 5 0.0591103 0.643761 0.677552 0.508746 
388.966 -95.1683 203.484 5 0.0591126 1.05599 0.677516 0.487784 
394.351 -74.3384 204.414 5 0.0590718 1.45684 0.678222 0.466474 
399.753 -50.2976 205.344 5 0.0598761 1.86209 0.664362 0.448002 
405.173 -23.0109 206.28 5 0.044092 2.26055 0.691223 0.424348 
410.613 7.46751 207.09 5.08669 0.0605922 2.64806 0.680816 0.401984 
416.01 41.0499 208.031 5.07199 0.0710647 3.01278 0.66451 0.380613 
421.432 77.5537 209.056 5 0.0608144 3.37037 0.648204 0.359482 
426.921 116.922 210 5 0.0256902 3.71445 0.631898 0.338524 
432.433 159.046 210.662 5.21981 -0.0286103 4.0643 0.615592 0.320132 
437.825 203.972 210.887 5.76483 -0.0852262 4.40731 0.599286 0.2984 
442.882 251.647 210.651 6.63218 -0.119459 4.74064 0.58298 -0.267219 
447.387 301.991 210.13 7.57662 -0.107061 4.46822 0.566673 -0.252004 
451.273 350.154 209.696 8.2263 -0.0426232 4.16108 0.550367 -0.227688 
454.723 395.858 209.77 8.72284 0.0509964 3.86858 0.534061 -0.207786 
457.839 439.218 210.587 8.62871 0.161902 3.58776 0.517755 -0.187059 
461.008 480.33 212.294 7.8694 0.245108 3.31537 0.501449 -0.165276 
464.678 519.259 214.677 6.64842 0.250403 3.05217 0.485143 -0.142434 
469.166 556.079 217.118 5.46467 0.14349 2.79867 0.468837 -0.12069 
474.469 590.868 218.718 5 -0.0717445 2.5509 0.452531 -0.102127 
480.129 623.672 218.6 5.57858 -0.339714 2.30956 0.436224 0.0703098 
485.457 654.543 216.328 7.66337 -0.580756 2.36785 0.419918 0.0634318 
489.45 685.882 212.099 11.114 -0.680834 2.59676 0.403612 0.0422162 
491.177 719.057 207.023 15.401 -0.537637 2.81644 0.387306 -0.0175266 
490.05 753.993 203.04 18.597 -0.09 2.61787 0.369 0 
490.05 753.993 203.04 18.597 -0.09 2.61787 0.369 0 
474.959 895.846 198.782 17.5308 0.365161 1.13622 0.268234 -1.02859 
462.149 986.974 210.164 5 -0.0590566 -2.33273 1.13739 -0.92557 
484.688 959.32 207.711 5 -0.0581122 -5.51793 1.12108 -0.0668613 
506.971 822.626 205.29 5 -0.057166 -5.08152 1.10478 0.0313805 
529.1 700.872 202.902 5 -0.0562199 -5.06535 1.08847 0.0626347 
551.064 579.671 200.546 5 -0.0552739 -5.06587 1.07216 0.0203378 
572.867 458.452 198.223 5 -0.0543279 -5.06864 1.05586 0.139938 
594.509 337.139 195.932 5 -0.0533818 -5.09441 1.03955 0.298919 
615.992 214.943 193.673 5 -0.0524358 -5.09936 1.02324 0.0449306 
637.32 92.5778 191.447 5 -0.0514892 -4.08175 1.00694 0.631305 
658.523 5.04893 189.253 5 -0.0505421 -1.9548 0.990633 0.142006 
679.632 -9.66678 187.091 5 -0.0495957 -1.25316 0.974327 -0.0420032 
700.611 -0.362756 184.962 5 -0.0486498 -1.52472 0.95802 0.000632726 
721.437 -0.355241 182.865 5 -0.0477038 -1.52548 0.941714 0.000336619 
742.118 -0.373948 180.801 5 -0.0467577 -1.52536 0.925408 -1.56889e-05 
762.656 -0.388547 178.769 5 -0.0458117 -1.52538 0.909102 -0.000100081 
783.055 -0.40379 176.77 5 -0.0448657 -1.52541 0.892796 -0.000121409 
803.316 -0.419867 174.803 5 -0.0439196 -1.52548 0.87649 -6.59369e-05 
823.441 -0.438351 172.868 5 -0.0429736 -1.52533 0.860184 -6.4528e-05 
843.433 -0.451915 170.965 5 -0.0420276 -1.52532 0.843878 -4.06708e-05 
863.294 -0.464941 169.095 5 -0.0410815 -1.52535 0.827571 6.04118e-05 
883.026 -0.479037 167.258 5 -0.0401355 -1.52515 0.811265 -3.37261e-05 
902.631 -0.486443 165.453 5 -0.0391895 -1.52537 0.794959 1.81185e-05 
922.112 -0.501415 163.68 5 -0.0382434 -1.52529 0.778653 -7.05158e-06 
941.47 -0.513451 161.939 5 -0.0372974 -1.52522 0.762347 -7.97396e-06 
960.709 -0.523255 160.231 5 -0.0363514 -1.52521 0.746041 -3.44839e-05 
979.829 -0.532642 158.556 5 -0.0354053 -1.52534 0.729735 -0.00392512 
998.834 -0.546315 156.912 5 -0.0344593 -1.55891 0.713429 0.00695094 
1017.72 -1.70943 155.301 5 -0.308576 -1.49573 0.697122 -0.00301236 
1036.69 -0.709668 144.307 12.164 -0.107924 -1.52516 0.680816 -1.86456e-05 
1035.12 -0.701687 139.788 12.5285 -0.10597 -1.52556 0.66451 -7.29004e-06 
1032.24 -0.706448 135.316 12.7854 -0.107225 -1.52545 0.648204 8.18477e-06 
1028.34 -0.706992 130.787 13.0424 -0.10848 -1.5249 0.631898 -0.000139904 
1023.43 -0.688079 126.2 13.2993 -0.109734 -1.52601 0.615592 1.46563e-05 
1017.5 -0.706615 121.557 13.5562 -0.110988 -1.52468 0.599286 -0.000103148 
1010.55 -0.679258 116.857 13.8132 -0.112243 -1.52533 0.58298 -6.44601e-06 
1002.57 -0.673568 112.1 14.0701 -0.113502 -1.52475 0.566673 0.00289687 
993.564 -0.647346 107.285 14.3271 -0.114765 -1.44942 0.550367 -0.0121181 
983.524 1.95833 102.413 14.5844 -0.115994 -1.75771 0.534061 -0.114124 
972.436 -5.98952 97.4854 14.8409 -0.117124 -3.11968 0.517755 0.0419865 
960.271 -60.5619 92.5047 15.0942 -0.118398 -2.17782 0.501449 0.0844998 
947.095 -82.8902 87.4664 15.3488 -0.120844 -0.75983 0.485143 0.0640156 
932.916 -56.6754 82.3304 15.635 -0.123985 0.587379 0.468837 0.0501782 
917.638 15.6598 77.0712 15.9638 -0.117554 1.92672 0.452531 0.0414947 
901.13 133.846 72.0141 16.0765 -0.088119 3.29242 0.436224 0.00452156 
883.983 298.786 67.9585 15.422 -0.106724 4.35641 0.419918 0.000173919 
868.395 500.147 63.3019 15.4227 -0.420202 4.35098 0.403612 -1.49436e-05 
852.7 701.324 47.9138 23.6125 -0.804156 4.33738 0.387306 0.000219331 
813.747 902.052 18.9322 40 1.4 4.7723 0.369 0 
677.49 690.31 585.47 37.3507 0.912744 0 0.0287891 0 
677.49 690.31 585.47 37.3507 0.912744 -4.90958e-07 0.0287891 8.38681e-07 
677.466 690.278 585.494 37.3449 0.912904 0.000397714 0.0287911 3.54251e-05 
698.073 672.698 583.605 37.2797 0.915222 -0.00261869 0.0288134 0.000635663 
471.384 424.225 584.506 37.3572 0.912534 3.41506e-06 0.0287869 -5.33526e-05 
420.207 445.892 585.283 37.3519 0.912704 2.1409e-07 0.0287887 -1.02039e-05 
410.277 450.038 585.434 37.3509 0.912736 5.12155e-08 0.0287891 -1.98345e-06 
408.349 450.844 585.463 37.3507 0.912742 1.49314e-08 0.0287891 -3.86318e-07 
407.975 451.001 585.469 37.3507 0.912744 8.10506e-09 0.0287891 -7.63812e-08 
407.902 451.032 585.47 37.3507 0.912744 7.1439e-09 0.0287891 -1.63197e-08 
407.888 451.038 585.47 37.3507 0.912744 7.40695e-09 0.0287891 -4.78767e-09 
407.886 451.04 585.47 37.3507 0.912744 7.94372e-09 0.0287891 -2.67324e-09 
407.885 451.041 585.47 37.3507 0.912744 8.59889e-09 0.0287891 -2.41219e-09 
407.885 451.042 585.47 37.3507 0.912744 9.33414e-09 0.0287891 -2.52714e-09 
407.885 451.043 585.47 37.3507 0.912744 1.01462e-08 0.0287891 -2.71974e-09 
407.885 451.044 585.47 37.3507 0.912744 1.10744e-08 0.0287891 -2.96765e-09 
407.885 451.046 585.47 37.3507 0.912744 1.21203e-08 0.0287891 -3.24706e-09 
407.885 451.047 585.47 37.3507 0.912744 1.32776e-08 0.0287891 -3.55036e-09 
407.885 451.048 585.47 37.3507 0.912744 1.46269e-08 0.0287891 -3.9085e-09 
407.885 451.05 585.47 37.3507 0.912744 1.61162e-08 0.0287891 -4.3071e-09 
407.885 451.052 585.47 37.3507 0.912744 1.78644e-08 0.0287891 -4.76807e-09 
407.885 451.053 585.47 37.3507 0.912744 1.98184e-08 0.0287891 -5.28149e-09 
407.885 451.056 585.47 37.3507 0.912744 2.21403e-08 0.0287891 -5.89698e-09 
407.885 451.058 585.47 37.3507 0.912744 2.47927e-08 0.0287891 -6.59927e-09 
407.885 451.06 585.47 37.3507 0.912744 2.78767e-08 0.0287891 -7.40521e-09 
407.885 451.063 585.47 37.3507 0.912744 3.15274e-08 0.0287891 -8.36973e-09 
407.885 451.067 585.47 37.3507 0.912744 3.58194e-08 0.0287891 -9.49132e-09 
407.885 451.07 585.47 37.3507 0.912744 4.09629e-08 0.0287891 -1.08406e-08 
407.885 451.075 585.47 37.3507 0.912744 4.70948e-08 0.0287891 -1.24388e-08 
407.885 451.08 585.47 37.3507 0.912744 5.45657e-08 0.0287891 -1.43856e-08 
407.885 451.085 585.47 37.3507 0.912744 6.36498e-08 0.0287891 -1.6745e-08 
407.885 451.092 585.47 37.3507 0.912744 7.49214e-08 0.0287891 -1.96572e-08 
407.885 451.1 585.47 37.3507 0.912744 8.90063e-08 0.0287891 -2.32914e-08 
407.885 451.109 585.47 37.3507 0.912744 1.06886e-07 0.0287891 -2.78761e-08 
407.885 451.12 585.47 37.3507 0.912744 1.29887e-07 0.0287891 -3.37448e-08 
407.885 451.133 585.47 37.3507 0.912744 1.60084e-07 0.0287891 -4.13932e-08 
407.885 451.15 585.47 37.3507 0.912744 2.00589e-07 0.0287891 -5.15327e-08 
407.885 451.17 585.47 37.3507 0.912744 2.56934e-07 0.0287891 -6.52864e-08 
407.884 451.196 585.47 37.3507 0.912744 3.40677e-07 0.0287891 -8.44112e-08 
407.884 451.229 585.47 37.3507 0.912743 4.85318e-07 0.0287891 -1.11818e-07 
407.884 451.273 585.469 37.3507 0.912743 8.19796e-07 0.0287891 -1.52501e-07 
407.884 451.333 585.468 37.3507 0.912743 1.93323e-06 0.0287891 -2.15578e-07 
407.883 451.419 585.464 37.3507 0.912742 6.71974e-06 0.0287891 -3.18554e-07 
407.88 451.544 585.443 37.3507 0.912741 2.98007e-05 0.0287891 -4.97416e-07 
407.869 451.74 585.336 37.3506 0.912736 0.000145817 0.0287892 -8.32184e-07 
407.817 452.066 584.791 37.3498 0.912716 0.000737334 0.0287894 -1.55353e-06 
407.561 452.664 582.002 37.3459 0.912615 0.00376834 0.0287907 -4.95031e-06 
406.249 454.538 567.681 37.3319 0.911892 0.0193279 0.0287952 -7.87029e-05 
399.375 483.693 494.582 37.3448 0.906816 0.0966041 0.0286717 -0.00134351 
259.931 849.044 196.227 22.6449 4.79275e-05 0.18924 0.0277891 0 
259.931 849.044 196.227 22.6449 4.79275e-05 0.18924 0.0277891 0 
269.568 837.06 200.98 22.574 7.55561e-07 0.160225 0.482653 2.74463e-15 
279.205 825.076 205.555 22.5378 1.28804e-07 0.155957 0.480306 3.9327e-16 
288.841 813.092 209.949 22.5194 1.2048e-07 0.155415 0.477959 2.33742e-18 
298.477 801.108 214.161 22.5099 1.20373e-07 0.155361 0.475612 -8.50736e-18 
308.112 789.124 218.19 22.5051 1.20375e-07 0.155359 0.473265 1.11292e-17 
317.747 777.14 222.034 22.5026 1.20378e-07 0.15536 0.470918 3.7893e-17 
327.381 765.156 225.692 22.5014 1.20381e-07 0.15536 0.468571 -9.5563e-18 
337.016 753.172 229.163 22.5007 1.20384e-07 0.15536 0.466224 5.98938e-19 
346.649 741.188 232.444 22.5004 1.20387e-07 0.15536 0.463878 5.44756e-17 
356.283 729.204 235.535 22.5003 1.2039e-07 0.15536 0.461531 -9.89322e-17 
365.916 717.22 238.435 22.5002 1.20393e-07 0.15536 0.459184 1.14296e-17 
375.549 705.236 241.142 22.5001 1.20396e-07 0.15536 0.456837 4.3716e-17 
385.182 693.252 243.654 22.5001 1.20399e-07 0.15536 0.45449 5.91102e-17 
394.815 681.269 245.972 22.5001 1.20402e-07 0.15536 0.452143 2.61966e-17 
404.448 669.285 248.092 22.5001 1.20405e-07 0.15536 0.449796 2.52514e-17 
414.081 657.301 250.016 22.5001 1.20407e-07 0.15536 0.447449 -1.6868e-17 
423.714 645.317 251.74 22.5001 1.2041e-07 0.15536 0.445102 4.63635e-17 
433.347 633.333 253.266 22.5001 1.20413e-07 0.15536 0.442755 -2.04941e-17 
442.98 621.349 254.591 22.5001 1.20415e-07 0.15536 0.440408 3.05003e-17 
452.613 609.365 255.715 22.5001 1.20418e-07 0.15536 0.438061 -2.75566e-17 
462.246 597.381 256.637 22.5001 1.20421e-07 0.15536 0.435714 7.16054e-17 
471.88 585.397 257.358 22.5001 1.20423e-07 0.15536 0.433367 -3.32328e-18 
481.514 573.413 257.876 22.5001 1.20426e-07 0.15536 0.43102 -5.02993e-17 
491.148 561.429 258.191 22.5001 1.20429e-07 0.15536 0.428673 -2.34594e-17 
500.783 549.445 258.303 22.5001 1.20431e-07 0.15536 0.426327 -3.95622e-17 
510.418 537.461 258.212 22.5001 1.20434e-07 0.15536 0.42398 8.48252e-18 
520.053 525.477 257.918 22.5001 1.20436e-07 0.15536 0.421633 5.42508e-17 
529.689 513.493 257.422 22.5001 1.20439e-07 0.15536 0.419286 -1.55627e-18 
539.325 501.509 256.723 22.5001 1.20442e-07 0.15536 0.416939 -1.11269e-17 
548.962 489.525 255.821 22.5001 1.20444e-07 0.15536 0.414592 -3.78579e-19 
558.599 477.541 254.718 22.5001 1.20447e-07 0.15536 0.412245 4.56956e-18 
568.237 465.557 253.414 22.5001 1.2045e-07 0.15536 0.409898 -2.33418e-17 
577.876 453.573 251.91 22.5001 1.20453e-07 0.15536 0.407551 -1.39333e-17 
587.515 441.589 250.206 22.5001 1.20455e-07 0.15536 0.405204 -1.10696e-18 
597.156 429.605 248.304 22.5001 1.20458e-07 0.15536 0.402857 -2.00493e-18 
606.797 417.621 246.204 22.5001 1.20461e-07 0.15536 0.40051 2.71744e-17 
616.438 405.637 243.907 22.5001 1.20464e-07 0.15536 0.398163 1.93642e-17 
626.081 393.654 241.415 22.5001 1.20467e-07 0.15536 0.395816 -9.10594e-18 
635.725 381.67 238.729 22.5001 1.2047e-07 0.15536 0.393469 2.0655e-18 
645.369 369.686 235.849 22.5001 1.20473e-07 0.15536 0.391122 -4.0639e-18 
655.015 357.702 232.778 22.5001 1.20476e-07 0.15536 0.388776 -7.40135e-18 
664.661 345.718 229.517 22.5001 1.20479e-07 0.155359 0.386429 1.10058e-17 
674.309 333.734 226.066 22.5001 1.20482e-07 0.155354 0.384082 -8.07603e-18 
683.958 321.75 222.428 22.5001 1.20485e-07 0.155327 0.381735 2.51438e-18 
693.608 309.766 218.603 22.5001 1.20488e-07 0.155187 0.379388 9.37307e-18 
703.259 297.782 214.593 22.5001 1.20492e-07 0.154459 0.377041 6.26343e-18 
712.911 285.798 210.401 22.5001 1.20473e-07 0.150674 0.374694 1.18098e-17 
722.565 273.814 206.026 22.5001 1.18869e-07 0.131035 0.372347 1.37325e-17 
732.22 261.83 201.47 22.5 6.82173e-12 0.028587 0.369 0 
732.22 261.83 201.47 22.5 6.82173e-12 0.028587 0.369 0 
722.632 280.807 201.376 21.4119 0.975978 0.0761125 -0.188388 -0.0276286 
713.839 300.344 212.8 12.2304 0.836246 0.0547727 -0.176775 -0.977572 
714.015 319.622 222.752 5 -0.30575 -0.646549 0.202229 -0.985063 
721.514 330.633 219.386 8.36267 -1.29153 -1.36466 1.10478 -0.964367 
725.985 333.187 204.345 19.8329 -0.300317 -2.06637 0.114247 -0.908529 
719.033 327.483 200.764 21.7735 -0.0660423 -2.71802 -0.130326 -0.785638 
710.104 314.105 200.186 21.5927 -0.0487826 -3.27236 -0.118714 -0.605832 
701.323 294.195 199.815 21.265 -0.0315106 -3.6956 -0.107102 -0.447932 
692.834 269.3 199.654 21.082 -0.0306142 -4.00775 -0.0954897 -0.34818 
684.511 240.727 199.507 20.899 -0.0297223 -4.25082 -0.0838775 -0.272818 
676.354 209.291 199.373 20.7161 -0.0288324 -4.44193 -0.0722652 -0.186151 
668.365 175.604 199.254 20.5331 -0.0279427 -4.57306 -0.0606529 -0.0803247 
660.545 140.371 199.149 20.3502 -0.0270498 -4.63069 -0.0490407 0.0304802 
652.894 104.459 199.057 20.1673 -0.0261507 -4.61105 -0.0374285 0.126913 
645.413 68.7791 198.98 19.9843 -0.0252452 -4.52376 -0.0258162 0.198952 
638.104 34.1269 198.916 19.8013 -0.0243396 -4.38536 -0.014204 0.248315 
630.968 1.10495 198.867 19.6181 -0.0234456 -4.21128 -0.00259174 0.282111 
624.004 -29.8665 198.832 19.4349 -0.0225742 -4.01209 0.00902051 0.306653 
617.215 -58.4915 198.811 19.252 -0.0217235 -3.79396 0.0206328 0.325169 
610.599 -84.5471 198.803 19.0694 -0.0208695 -3.56086 0.032245 0.338422 
604.157 -107.857 198.808 18.8872 -0.0199695 -3.31621 0.0438572 0.34623 
597.89 -128.285 198.828 18.7048 -0.018988 -3.06366 0.0554695 0.348545 
591.798 -145.737 198.862 18.5216 -0.0179387 -2.80691 0.0670817 0.345779 
585.881 -160.166 198.913 18.3371 -0.0169157 -2.54948 0.078694 0.338654 
580.142 -171.562 198.979 18.1515 -0.0160726 -2.2944 0.0903062 0.327931 
574.582 -179.953 199.058 17.9665 -0.0155224 -2.04423 0.101918 0.314251 
569.2 -185.397 199.147 17.7848 -0.015188 -1.80108 0.113531 0.298114 
563.994 -187.977 199.244 17.608 -0.0147061 -1.56677 0.125143 0.27993 
558.96 -187.797 199.35 17.4344 -0.01353 -1.34286 0.136755 0.260085 
554.094 -184.979 199.473 17.2576 -0.0113104 -1.1307 0.148367 0.238975 
549.399 -179.663 199.625 17.0684 -0.00842481 -0.931383 0.15998 0.217012 
544.887 -171.998 199.815 16.8618 -0.00626119 -0.745756 0.171592 0.194614 
540.576 -162.147 200.034 16.6457 -0.00674858 -0.574408 0.183204 0.172184 
536.476 -150.277 200.252 16.4444 -0.0109182 -0.417677 0.194816 0.150106 
532.574 -136.561 200.424 16.29 -0.0170536 -0.275661 0.206429 0.128735 
528.824 -121.173 200.527 16.1964 -0.0199069 -0.148235 0.218041 0.108396 
525.167 -104.283 200.598 16.1295 -0.0127378 -0.0350711 0.229653 0.0893799 
521.574 -86.0604 200.755 15.9974 0.0072965 0.0643378 0.241265 0.0719365 
518.106 -66.6668 201.151 15.6899 0.0327464 0.150655 0.252878 0.0562706 
514.932 -46.2565 201.852 15.1719 0.043956 0.224672 0.26449 0.0425355 
512.261 -24.9746 202.694 14.5871 0.0176291 0.287272 0.276102 0.0308272 
510.17 -2.95576 203.238 14.2771 -0.0531601 0.339399 0.287714 0.0211802 
508.401 19.6769 202.954 14.6193 -0.137126 0.382011 0.299327 0.0135638 
506.322 42.8118 201.674 15.6818 -0.161302 0.416045 0.310939 0.00787924 
503.216 66.3484 200.089 16.8733 -0.0461412 0.442363 0.322551 0.00395762 
498.921 90.196 199.838 16.9353 0.220825 0.461713 0.334163 0.00155841 
494.5 114.272 202.731 14.5937 0.511422 0.474681 0.345776 0.000368585 
492.288 138.498 209.092 9.8214 0.557102 0.481647 0.357388 2.14417e-06 
494.72 162.803 216.081 5 0.0899998 0.482739 0.369 0 
494.72 162.803 216.081 5 0.0899998 0.482739 0.369 0 
495.847 166.514 216.235 5 -0.0538893 0.544925 1.15097 1.02859 
496.979 170.335 216.135 5.0092 -0.0343181 0.708185 1.04462 1.00718 
498.109 174.446 216.068 5.00018 -0.0428687 0.869353 1.07825 0.985771 
499.241 178.843 215.987 5.00019 -0.0426249 1.02843 1.07452 0.964363 
500.373 183.524 215.906 5.00017 -0.0433732 1.18541 1.08199 0.942955 
501.504 188.483 215.824 5.00056 -0.0421248 1.3403 1.07146 0.921547 
502.636 193.718 215.744 5.00011 -0.0415913 1.4931 1.0553 0.900138 
503.767 199.224 215.665 5.00019 -0.0405878 1.64381 1.03901 0.87873 
504.898 204.999 215.588 5.00019 -0.0396407 1.79242 1.02271 0.857322 
506.029 211.037 215.512 5.00019 -0.0386946 1.93894 1.00641 0.835914 
507.16 217.336 215.438 5.0002 -0.0377488 2.08337 0.990106 0.814505 
508.291 223.892 215.366 5.0002 -0.0368032 2.2257 0.973804 0.793097 
509.422 230.701 215.295 5.0002 -0.0358575 2.36594 0.957502 0.771689 
510.553 237.759 215.226 5.0002 -0.0349118 2.50409 0.9412 0.75028 
511.684 245.062 215.159 5.0002 -0.0339662 2.64014 0.924897 0.728872 
512.815 252.608 215.094 5.0002 -0.0330205 2.7741 0.908595 0.707464 
513.945 260.392 215.03 5.0002 -0.0320748 2.90597 0.892292 0.686055 
515.076 268.41 214.968 5.0002 -0.0311291 3.03574 0.87599 0.664647 
516.206 276.659 214.907 5.0002 -0.0301834 3.16341 0.859687 0.643239 
517.336 285.134 214.849 5.0002 -0.0292377 3.28899 0.843385 0.62183 
518.467 293.833 214.792 5.0002 -0.028292 3.41248 0.827082 0.600422 
519.597 302.752 214.736 5.0002 -0.0273463 3.53387 0.810779 0.579013 
520.727 311.886 214.682 5.0002 -0.0264006 3.65317 0.794476 0.557605 
521.857 321.232 214.63 5.0002 -0.0254548 3.77037 0.778173 0.536197 
522.987 330.787 214.58 5.0002 -0.0245091 3.88548 0.761871 0.514788 
524.117 340.547 214.531 5.0002 -0.0235634 3.99849 0.745568 0.49338 
525.247 350.507 214.484 5.0002 -0.0226177 4.10941 0.729265 0.471971 
526.377 360.664 214.439 5.0002 -0.021672 4.21823 0.712962 0.450562 
527.507 371.015 214.395 5.0002 -0.0207263 4.32495 0.696659 0.429154 
528.637 381.556 214.353 5.0002 -0.0197807 4.42958 0.680357 0.407745 
529.767 392.282 214.313 5.0002 -0.0188354 4.53211 0.664058 0.386336 
530.896 403.191 214.274 5.0002 -0.0178882 4.63255 0.647768 0.364927 
532.026 414.279 214.237 5.0002 -0.0168543 4.73089 0.631418 0.343519 
533.156 425.541 214.202 5.00008 -0.0205874 4.82713 0.596588 0.32211 
534.286 436.974 214.161 5.00773 -0.148338 4.92127 0.207203 0.3007 
535.419 448.575 213.892 5.21864 -0.379103 5.01332 0.21938 0.279291 
536.53 460.339 213.212 5.73826 -0.602576 5.10327 0.56607 0.257881 
537.572 472.264 212.134 6.52691 -0.634733 5.19113 0.550197 0.236472 
538.499 484.344 210.996 7.35118 -0.623872 5.27689 0.533976 0.215061 
539.305 496.577 209.875 8.1525 -0.603425 5.36055 0.517703 0.193651 
539.992 508.959 208.788 8.91821 -0.573836 5.44211 0.501413 0.172239 
540.565 521.486 207.752 9.63641 -0.535735 5.52157 0.485116 0.150827 
541.031 534.155 206.781 10.2965 -0.489944 5.59893 0.468816 0.129413 
541.397 546.96 205.89 11.0084 -0.437459 5.6742 0.452514 0.107995 
541.658 559.9 205.09 11.6451 -0.377423 5.74736 0.436211 0.0865722 
541.823 572.97 204.395 12.1946 -0.311118 5.81843 0.419906 0.0651338 
541.904 586.167 203.816 12.6494 -0.240026 5.88738 0.403602 0.0436352 
541.917 599.486 203.363 13.0038 -0.165754 5.95423 0.387297 -7.25258e-05 
541.875 612.924 203.04 13.1936 -0.0899975 5.94914 0.369 0 
541.875 612.924 203.04 13.1936 -0.0899975 5.94914 0.369 0 
541.063 944.951 198.489 13.9548 0.186485 5.65829 0.45514 -0.0990337 
536.887 1264.08 206.144 5 -0.0370598 5.26754 1.0551 -0.409525 
565.393 1565.86 204.523 5 -0.0370605 3.91379 1.0551 -0.549212 
593.706 1807.62 202.902 5 -0.0370615 2.03402 1.0551 -0.539501 
621.81 1966.01 201.281 5 -0.0370631 0.170355 1.05511 -0.390724 
649.703 2041.77 199.66 5 -0.0370003 -1.16892 1.05401 -0.147338 
677.405 2058.14 198.042 5 -0.0441898 -1.66961 1.05479 0.0996706 
704.953 2052.31 196.105 5.24101 -0.045841 -1.32603 1.03955 -0.0768615 
731.485 2061.72 194.077 5.49792 -0.047097 -1.59161 1.02324 -0.015392 
756.916 2059.35 191.976 5.75488 -0.0483513 -1.64522 1.00694 0.0144497 
781.246 2054.6 189.8 6.01182 -0.0496059 -1.59364 0.990632 0.00994596 
804.474 2052.14 187.551 6.26875 -0.0508606 -1.55744 0.974326 0.00365412 
826.591 2051.29 185.228 6.52568 -0.0521152 -1.5438 0.95802 0.00114727 
847.59 2051.04 182.831 6.78262 -0.0533699 -1.53936 0.941714 0.000347826 
867.464 2050.99 180.36 7.03955 -0.0546246 -1.53792 0.925408 4.76672e-05 
886.208 2051.01 177.815 7.29648 -0.0558792 -1.53766 0.909102 -6.3423e-05 
903.813 2051.04 175.196 7.55341 -0.0571339 -1.53784 0.892796 -8.19846e-05 
920.274 2051.06 172.504 7.81035 -0.0583886 -1.53812 0.87649 -6.51891e-05 
935.584 2051.07 169.737 8.06728 -0.0596432 -1.53833 0.860183 -4.32279e-05 
949.737 2051.07 166.897 8.32421 -0.0608979 -1.53845 0.843877 -2.64954e-05 
962.725 2051.06 163.982 8.58114 -0.0621526 -1.53851 0.827571 -1.57614e-05 
974.542 2051.05 160.994 8.83808 -0.0634072 -1.53852 0.811265 -8.33802e-06 
985.183 2051.05 157.932 9.09501 -0.0646619 -1.5385 0.794959 -8.4053e-07 
994.639 2051.04 154.796 9.35194 -0.0659166 -1.53844 0.778653 8.44805e-06 
1002.91 2051.04 151.586 9.60887 -0.0671712 -1.53833 0.762347 1.53847e-05 
1009.97 2051.04 148.302 9.8658 -0.0684259 -1.53819 0.746041 1.94468e-06 
1015.84 2051.06 144.945 10.1227 -0.0696806 -1.53812 0.729734 -0.000108032 
1020.5 2051.07 141.513 10.3797 -0.0709352 -1.53871 0.713428 -0.000110333 
1023.93 2051.06 138.008 10.6366 -0.0721899 -1.53937 0.697122 0.000201298 
1026.15 2051.02 134.428 10.8935 -0.0734446 -1.53803 0.680816 0.000607967 
1027.14 2051.04 130.775 11.1505 -0.0746992 -1.53383 0.66451 0.000772066 
1026.88 2051.25 127.048 11.4074 -0.0759539 -1.52834 0.648204 0.000472015 
1025.39 2051.7 123.247 11.6643 -0.0772086 -1.52524 0.631898 -7.0518e-05 
1022.65 2052.29 119.372 11.9213 -0.0784633 -1.52678 0.615592 -2.78253e-05 
1018.65 2052.81 115.423 12.1782 -0.0797179 -1.52693 0.599285 0.00159999 
1013.39 2053.33 111.4 12.4351 -0.0809725 -1.50734 0.582979 0.00438556 
1006.86 2054.72 107.304 12.6921 -0.0822272 -1.45429 0.566673 0.00417488 
999.055 2058.46 103.133 12.949 -0.083483 -1.41425 0.550367 -0.00452573 
989.971 2063.97 98.8886 13.206 -0.0847386 -1.52299 0.534061 -0.0194144 
979.593 2064.67 94.5702 13.4629 -0.0859785 -1.89736 0.517755 -0.0316253 
967.907 2048.76 90.1786 13.7194 -0.0871956 -2.53253 0.501449 -0.0351316 
954.898 2004.69 85.7147 13.9747 -0.0886088 -3.3295 0.485142 -0.0298345 
940.558 1925.28 81.17 14.2359 -0.0906891 -4.16038 0.468836 -0.0196602 
924.859 1809.03 76.5146 14.5236 -0.0909663 -4.90668 0.45253 -0.00965453 
907.698 1659.69 71.8263 14.7695 -0.0783491 -5.47709 0.436224 -0.00327614 
889.215 1485.05 67.6801 14.5505 -0.0711101 -5.8272 0.419918 -0.000746076 
871.124 1294.89 63.8705 14.1826 -0.264214 -5.98269 0.403611 8.6843e-05 
854.167 1097.83 51.5243 20.4674 -0.70979 -5.95436 0.387305 0.000578339 
814.179 902.051 18.9734 40 1.4 -5.28288 0.369 0 
