grtopM_21_5
50
2 2
4 4 
0 1 2 3 
0 1 2 3 
11412.6 97.5739 173.667 
369632 48.5893 188.568 
232.91 1.9913 3.54422 
7543.5 0.991619 3.84832 
2.48865e-08 13.7962 2.52936 
1.45376e-06 0.449578 2.65211 
2644.69 4799.69 1562.39 10.1988 0.366174 0 0.589507 0 
2644.69 4799.69 1562.39 10.1988 0.366174 -1.2062e-08 0.589525 -0.00339116 
2644.69 4799.69 1562.39 10.1964 0.372301 -0.759467 0.589964 0.00388256 
960.26 4793.97 1575.78 12.1923 0.362311 0.0691295 0.359792 -0.000751323 
1191.57 5230.78 1733.46 10.218 0.366805 -0.0733321 0.587313 -0.00264421 
2025 5234.42 1736.46 10.2395 0.372324 -0.669733 0.584815 0.00018336 
1553.16 5238.05 1753.5 10.2389 0.372324 -0.669743 0.584888 4.07696e-05 
1180.51 5241.55 1770.49 10.2395 0.37262 -0.701692 0.584823 -1.87474e-05 
835.916 5244.92 1788.18 10.2407 0.373061 -0.748947 0.584678 0.000854316 
489.531 5248.17 1806.95 10.235 0.371705 -0.60362 0.585357 -0.00295319 
574.765 5251.35 1822.24 10.2581 0.378186 -1.30195 0.582648 0.00425632 
-799.796 5254.04 1853.83 10.2276 0.370107 -0.428949 0.586185 0.000234375 
-54.1815 5256.97 1864.96 10.2271 0.369869 -0.40273 0.586248 6.74332e-05 
814.39 5259.98 1875.52 10.2152 0.369971 -0.412311 0.58762 -0.000420321 
1723.18 5260.32 1885.31 10.2285 0.371069 -0.531806 0.586075 0.00104568 
2423.96 5262.63 1898.65 10.2157 0.369201 -0.330313 0.587574 -0.00287277 
3649.3 5263.75 1906.78 10.2391 0.375827 -0.993903 0.584759 -0.000400628 
3450.19 5264.32 1931.55 9.21866 0.379297 -1.1481 0.702268 -0.000531633 
3053.37 5040.02 1878.93 8.39625 0.381724 -1.35481 0.797193 0.0032745 
1891.64 4634.8 1763.1 10.1274 0.372067 -0.725322 0.597955 -0.000338109 
1451.61 4614.26 1770.22 12.2452 0.37159 -0.840405 0.353506 -0.00192866 
797.787 5054.69 1952.88 8.32912 0.381445 -1.30851 0.804932 0.00190511 
169.365 4635.11 1830.84 10.0329 0.375944 -0.983851 0.60855 0.000146776 
-449.612 4590.72 1838.67 9.47492 0.376705 -1.01623 0.672937 0.000737987 
-1094.79 4424.35 1801.67 10.3987 0.37445 -0.921293 0.566468 -0.000429638 
-1744.88 4460.79 1836.7 10.1523 0.375932 -1.07279 0.594909 0.00250513 
-2527.02 4442.4 1854.47 10.8377 0.369716 -0.576929 0.516084 -0.00445583 
-2105.9 4578.33 1915.6 11.8771 0.377787 -1.59849 0.396224 0.00154943 
-3594.53 4933.43 2081.32 11.3867 0.377189 -1.32905 0.452505 -0.00166196 
-3520.66 5182.41 2204.82 9.02846 0.385332 -1.77483 0.724199 0.00161136 
-3716.38 4911.61 2149.71 8.61869 0.383954 -1.54191 0.77139 0.00161261 
-3716.36 4552.87 2057.38 8.34527 0.382089 -1.29951 0.802907 0.00187277 
-3716.35 4136.26 1938.11 8.44725 0.378961 -0.986391 0.791165 0.00176111 
-3716.33 3744.48 1820.41 8.54999 0.375871 -0.677387 0.779329 0.00287101 
-3716.32 3377.68 1704.43 8.65235 0.370273 -0.0991773 0.767566 -0.000915718 
-3109.25 3037.9 1584.56 8.75659 0.372222 -0.331632 0.755541 0.00300448 
-3715.71 2719.13 1477.71 8.85691 0.366124 0.300837 0.744005 0.000609256 
-3541.57 2427.36 1365.7 8.95892 0.364638 0.437617 0.732255 0.00155791 
-3716.28 2159.04 1258.9 9.06137 0.361081 0.796776 0.720448 0.00325431 
-3716.27 1916.02 1152.75 9.16419 0.353765 1.55961 0.708625 0.000588025 
-2642.41 1701.59 1038.95 9.26658 0.351555 1.77418 0.696821 0.00312427 
-1755.27 1511.3 928.795 9.36869 0.343918 2.57151 0.685079 0.000489831 
258.848 1349.72 810.211 9.47336 0.341295 2.82986 0.673047 -0.00275232 
2155.48 1213.12 694.539 9.57428 0.345276 2.37963 0.661404 0.0014448 
2380.02 1095.09 596.112 9.67727 0.340748 2.84278 0.649576 -0.00360386 
3058.66 1003.31 496.232 9.77948 0.34647 2.20549 0.637766 0.00368166 
1742.28 928.885 417.566 9.88222 0.337354 3.16162 0.625947 0.00166942 
2088.45 884.557 327.25 9.98521 0.331831 3.72797 0.614109 -0.00167927 
3164.86 867.325 233.273 10.1622 0.330626 3.58126 0.593182 -0.019866 
3368.69 889.603 151.381 15.1104 -0.043282 -0.630407 0.588507 0 
3368.69 889.603 151.381 15.1104 -0.043282 -0.630407 0.588507 0 
3374.44 899.157 158.111 8.20521 0.909017 0.595893 0.482238 -1.02551 
3384.96 939.17 178.657 5.00687 0.741167 -0.829592 0.937773 -1.00411 
3397.31 971.344 210.231 5 -0.784641 -4.11633 1.12108 0.982703 
3411.18 894.28 177.734 6.04546 -0.65464 0.0247671 1.10181 -0.329766 
3425.22 920.1 176.007 5.00246 -0.63265 -5.81722 -0.138975 0.0167723 
3440.04 828.354 174.877 5.66655 0.814773 -6.28 0.174749 0.014926 
3454 697.52 209.685 5 -0.570348 -6.28 1.05291 0.897088 
3469.8 566.685 210.103 5.00196 -0.623122 -6.28 1.03661 0.875686 
3486.02 435.85 209.207 5.00253 -0.628285 -4.05447 1.02031 -0.85431 
3502.68 387.901 208.182 5.00305 -0.038649 -2.58766 1.00401 -0.832879 
3519.59 348.814 215.213 5.00123 -0.661245 -6.27999 -0.0598215 0.811484 
3540.13 217.979 212.473 5.01107 -0.642469 -6.03423 -0.057734 0.790075 
3560.04 93.276 211.096 5.00322 -0.0253335 -3.94808 0.955108 0.76868 
3579.31 47.9707 203.028 5.0032 0.285463 -5.15211 0.93881 -0.747273 
3598.05 -27.2495 197.124 5.00301 0.2304 0.0436252 0.922511 -0.000174606 
3616.58 -0.961279 190.743 5.0031 0.192994 -1.05236 0.906213 -1.8173e-05 
3634.77 -1.90304 184.082 5.0031 0.154324 -1.0287 0.889914 0.000759073 
3652.67 -2.25687 177.133 5.00315 0.140878 -2.11418 0.873616 0.00120068 
3670.27 -1.99808 170.062 5.00343 0.339428 -2.11956 0.857319 3.2858e-05 
3687.52 -1.87278 165.499 5.0042 0.644219 -2.12924 0.841023 4.26215e-05 
3704.44 -1.9879 168.509 5.69589 -0.525631 -2.11989 0.824725 8.27597e-05 
3719.64 -1.87014 153.943 5.61612 -0.467399 -2.12155 0.808429 1.07058e-05 
3747.44 -1.79415 156.896 5.00315 -0.831648 -2.12812 0.275334 -0.000643175 
3763.72 -1.88211 139.141 11.624 -1.09265 -2.12157 0.0990529 0.00213075 
3776.74 -1.79702 122.83 18.5411 -1.24684 -2.11965 0.117116 -0.00130411 
3777.65 -1.65393 102.898 27.2323 -0.0356078 -2.12547 0.745364 0.00597045 
3759.66 -1.64127 109.805 10.931 -1.30226 -2.12511 0.1163 0.0165602 
3760.02 -1.64515 91.7993 25.6795 -0.382249 -2.13151 0.127899 -0.00169476 
3741.74 -1.78435 78.3781 35.9266 -0.479114 -2.12447 0.139496 0.00768186 
3705.44 -1.73349 74.7028 35.1288 -0.928283 -1.94211 0.172212 0.00290479 
3670.77 2.84638 64.3362 35.052 -0.934035 -0.257922 0.190866 -0.383506 
3635.77 49.2679 53.7066 35.0759 -0.905871 5.97444 0.174274 0.362114 
3600.31 222.96 44.5921 35.2093 -0.934123 -1.89491 0.185864 -0.219709 
3563.99 228.713 34.7703 35.939 0.263538 1.64391 0.196994 -0.319336 
3525.19 294.81 54.6771 35.804 -1.18488 -3.55479 0.599286 0.297961 
3476.08 258.09 11.0089 40 0.7862 -1.27825 0.218041 0.276569 
3400.11 251.593 43.7403 34.2671 -1.1018 2.16143 0.564102 0.25519 
3351.93 330.545 10.8205 40 0.62387 3.18991 0.241265 0.233812 
3276.12 462.63 39.5187 37.3103 0.947789 2.15288 0.252878 0.212437 
3228.12 541.376 76.3722 28.9201 -1.14925 2.90918 0.266964 0.191064 
3178.51 638.901 33.8634 40 0.479554 2.42225 0.276194 0.169694 
3103.91 724.346 43.716 40 1.07104 5.81207 0.287714 0.148328 
3029.56 898.225 83.5247 28.8063 0.485134 5.99152 0.299327 0.126964 
2987.05 1072.33 109.222 30.4879 0.239697 2.43246 0.310939 0.105611 
2954.58 1185.59 128.753 36.5241 0.569446 3.24181 0.322551 0.0842769 
2901.92 1291.39 156.238 35.3368 0.134205 0.728187 0.336064 0.0629294 
2870.42 1362.31 172.954 35.1738 -0.149204 1.27277 0.347886 -0.0416088 
2840.23 1446.76 173.294 23.1908 1.39667 -4.35348 0.359322 0.0203367 
2825.94 1363.84 202.31 5.00312 -0.0876272 6.0938 0.369 0 
2825.94 1363.84 202.31 5.00312 -0.0876272 6.0938 0.369 0 
2850.24 1705.26 197.319 6.90587 -0.693702 3.57803 1.15369 -1.02859 
2867.8 1935.44 165.392 27.12 -0.183413 -1.45643 -0.176776 -0.948979 
2810.27 1943.03 154.598 26.937 -0.182522 -6.28 -0.165163 0.0928576 
2752.26 1737.31 143.857 26.754 -0.181628 -6.28 -0.153551 0.00207219 
2693.95 1531.59 133.168 26.5711 -0.180735 -6.28 -0.141939 0.00260789 
2635.34 1325.87 122.532 26.3881 -0.179841 -6.28 -0.130327 0.00163138 
2576.43 1120.14 111.948 26.2051 -0.178948 -6.28 -0.118714 0.00160734 
2517.23 914.421 101.417 26.0221 -0.178054 -6.28 -0.107102 0.00206096 
2457.75 708.697 90.9379 25.8392 -0.17716 -6.28 -0.0954898 0.0380593 
2397.99 502.974 80.5115 25.6562 -0.17627 -6.28 -0.0838776 0.00867898 
2337.95 297.25 70.1375 25.4733 -0.175386 -6.28 -0.0722653 0.703569 
2277.64 91.5252 59.8155 25.2907 -0.174463 -4.58799 -0.0606531 0.174769 
2217.12 -39.3743 49.5473 25.1071 -0.173373 -1.63893 -0.0490408 -0.0203545 
2156.44 -39.8575 39.3403 24.9171 -0.17258 -1.62459 -0.0374286 -0.00126035 
2095.54 -39.7071 29.1819 24.7324 -0.174733 -1.63566 -0.0258163 -0.0157236 
2034.38 -40.0469 18.9413 24.6508 -0.177415 -1.61005 -0.0142041 -0.00459978 
1972.62 -39.2543 8.58793 24.6603 -0.137456 -1.11901 -0.00259184 0.00181746 
1909.88 -16.7466 0.001 24.2111 -0.0189218 -1.26544 0.00902041 0.00102037 
1847.87 -0.715446 0.001 24.0282 -0.0180285 -1.61571 0.0206327 -0.000775521 
1786.49 -0.174963 0.001 23.8452 -0.017135 -1.65235 0.0322449 0.000128367 
1725.76 -1.25539 0.001 23.6622 -0.0162415 -1.63028 0.0438571 1.98521e-06 
1665.67 -1.36023 0.001 23.4792 -0.015348 -1.62605 0.0554694 -0.000168458 
1606.23 -1.27861 0.001 23.2963 -0.0144545 -1.62888 0.0670816 0.000345574 
1547.44 -1.32267 0.001 23.1133 -0.013561 -1.62552 0.0786939 -3.47264e-05 
1489.3 -1.21869 0.001 22.9303 -0.0126675 -1.62601 0.0903061 8.52404e-05 
1431.81 -1.13675 0.001 22.7474 -0.011774 -1.62505 0.101918 -0.000222165 
1374.96 -1.01275 0.001 22.5644 -0.0108805 -1.62812 0.113531 9.56291e-05 
1318.76 -1.02521 0.001 22.3814 -0.00998698 -1.62686 0.125143 -3.19852e-05 
1263.21 -0.982521 0.001 22.1984 -0.00909349 -1.62746 0.136755 8.47144e-05 
1208.31 -0.966585 0.001 22.0155 -0.00819999 -1.62615 0.148367 -0.00011969 
1154.05 -0.893602 0.001 21.8325 -0.00730649 -1.62844 0.15998 -5.93751e-05 
1100.44 -0.922199 0.001 21.6495 -0.00641299 -1.62975 0.171592 0.000301573 
1047.48 -1.0094 0.001 21.4666 -0.00551949 -1.62324 0.183204 -3.56513e-05 
995.166 -0.808997 0.001 21.2836 -0.00462599 -1.6242 0.194816 3.21137e-06 
943.5 -0.651739 0.001 21.1006 -0.00373248 -1.62426 0.206429 -0.000220206 
892.481 -0.497636 0.001 20.9176 -0.00283899 -1.63121 0.218041 0.000128295 
842.11 -0.651316 0.001 20.7347 -0.00194561 -1.62674 0.229653 -4.74865e-06 
792.386 -0.607859 0.001 20.5517 -0.00105237 -1.6268 0.241265 -3.10882e-06 
743.31 -0.567548 0.001 20.3687 -0.000157478 -1.62676 0.252878 3.10722e-06 
694.882 -0.526135 0.001 20.1857 0.000742224 -1.62719 0.26449 4.6759e-05 
647.101 -0.504115 0.001 20.0025 0.00162538 -1.62666 0.276102 2.27371e-05 
599.969 -0.459142 0.001 19.8197 0.00241008 -1.62329 0.287714 -0.00177951 
553.484 -0.265602 0.001 19.6406 0.00327575 -1.75155 0.299327 0.00664907 
507.628 -5.74467 0.001 19.4612 0.00573011 -1.23513 0.310939 0.101298 
462.424 11.6133 0.001 19.2283 0.00962409 1.52422 0.322551 -0.0766799 
418.139 150.998 0.001 18.9089 -0.0075525 1.3795 0.334163 0.00376536 
374.996 283.981 0.645775 19.2368 -0.0809458 3.5664 0.345776 -0.0438162 
330.89 513.677 0.001 21.9169 0.0635491 0.939049 0.357388 -0.000192582 
277.01 627.19 0.497558 14.1538 1.4 0.716101 0.369 0 
2644.69 4799.69 1562.39 10.1988 0.366174 0 0.589507 0 
2644.69 4799.69 1562.39 10.1988 0.366173 -6.6922e-08 0.589508 -3.11308e-06 
2644.69 4799.71 1562.34 10.2414 0.366295 -0.0224451 0.584595 -3.70566e-05 
1023.84 5096.91 1686.27 10.1778 0.369175 -0.31738 0.591915 3.09858e-05 
1587.44 4866.93 1845.35 9.9845 0.373526 -0.741786 0.614175 0.000237438 
1664.52 3155.29 1794.81 9.97075 0.372325 -0.610004 0.61576 0.000246406 
1676.56 1379.82 1620.85 10.141 0.367722 -0.153426 0.596152 6.23329e-05 
1680.69 930.692 1576.17 10.1856 0.366538 -0.0361515 0.591019 1.42251e-05 
1683.27 828.182 1566.84 10.1944 0.366291 -0.0116662 0.590008 4.69432e-06 
1684.53 794.345 1563.56 10.1977 0.366205 -0.00305841 0.589632 1.17714e-06 
1684.79 785.862 1562.83 10.1983 0.366186 -0.00116609 0.58956 4.89309e-07 
1684.93 782.335 1562.45 10.1987 0.366176 -0.000168981 0.589515 6.74911e-08 
1684.93 781.849 1562.41 10.1987 0.366174 -4.77118e-05 0.589509 1.57512e-08 
1684.93 781.735 1562.4 10.1988 0.366174 -3.59443e-05 0.589508 6.09914e-09 
1684.93 781.691 1562.42 10.1987 0.366174 -6.63336e-05 0.589509 1.96052e-08 
1684.92 781.55 1562.41 10.1987 0.366174 -6.5588e-05 0.589509 1.70615e-08 
1684.92 781.427 1562.42 10.1987 0.366175 -8.06661e-05 0.58951 2.19092e-08 
1684.92 781.269 1562.43 10.1987 0.366175 -9.2913e-05 0.58951 2.5621e-08 
1684.92 781.085 1562.43 10.1987 0.366175 -0.000104397 0.58951 2.88918e-08 
1684.92 780.876 1562.43 10.1987 0.366175 -0.000116593 0.589511 3.23601e-08 
1684.92 780.643 1562.44 10.1987 0.366175 -0.000129579 0.589511 3.58416e-08 
1684.92 780.385 1562.45 10.1987 0.366175 -0.000144848 0.589512 4.00755e-08 
1684.92 780.096 1562.45 10.1987 0.366175 -0.000161844 0.589512 4.45534e-08 
1684.92 779.775 1562.46 10.1987 0.366176 -0.000182363 0.589513 5.02955e-08 
1684.92 779.413 1562.47 10.1987 0.366176 -0.000204845 0.589513 5.59049e-08 
1684.92 779.01 1562.48 10.1987 0.366176 -0.000234119 0.589514 6.41004e-08 
1684.92 778.548 1562.49 10.1987 0.366176 -0.000266172 0.589515 7.20081e-08 
1684.92 778.029 1562.51 10.1987 0.366177 -0.000308525 0.589516 8.47687e-08 
1684.92 777.419 1562.52 10.1987 0.366177 -0.000348742 0.589517 9.22477e-08 
1684.92 776.754 1562.55 10.1987 0.366178 -0.000418498 0.589519 1.12585e-07 
1684.92 775.943 1562.58 10.1986 0.366179 -0.00048937 0.58952 1.28587e-07 
1684.92 775.016 1562.62 10.1986 0.36618 -0.000593132 0.589525 1.68478e-07 
1684.92 773.803 1562.63 10.1986 0.36618 -0.00063289 0.589523 1.5264e-07 
1684.93 772.703 1562.72 10.1986 0.366182 -0.00085996 0.58953 2.24321e-07 
1684.93 771.087 1562.79 10.1985 0.366184 -0.00105337 0.589534 2.68467e-07 
1684.93 769.152 1562.9 10.1985 0.366187 -0.00133316 0.589541 3.30404e-07 
1684.93 766.772 1563.06 10.1984 0.366191 -0.001751 0.58955 4.29394e-07 
1684.93 763.678 1563.28 10.1983 0.366197 -0.00233089 0.589566 5.82986e-07 
1684.93 759.478 1563.54 10.1982 0.366203 -0.00302499 0.58957 6.45241e-07 
1684.97 754.828 1564.17 10.1979 0.366219 -0.00468339 0.589608 1.02413e-06 
1684.96 747.45 1565.09 10.1975 0.366242 -0.00707972 0.589654 1.50448e-06 
1684.99 736.611 1566.58 10.1967 0.36628 -0.0109993 0.58974 2.38169e-06 
1685.03 719.451 1568.79 10.1953 0.366337 -0.0167891 0.58991 4.03966e-06 
1685.08 690.344 1571.11 10.1925 0.3664 -0.0228807 0.590225 6.95997e-06 
1685.07 640.195 1570.5 10.1883 0.366394 -0.021299 0.590708 1.10368e-05 
1684.87 560.666 1558.14 10.1843 0.3661 0.0111468 0.591174 1.38645e-05 
1684.07 460.749 1513.76 10.1841 0.365016 0.127627 0.591197 9.91204e-06 
1681.6 389.248 1390.97 10.1904 0.362003 0.449923 0.590469 -4.51e-06 
1673 445.293 1068.78 10.1995 0.35371 1.31948 0.589433 -0.000552804 
3367.49 793.8 175.431 22.5402 -6.17798e-06 0.00591198 0.588507 0 
3367.49 793.8 175.431 22.5402 -6.17798e-06 0.00591198 0.588507 0 
3357.08 813.754 175.029 20.9719 1.13311 0.335451 -0.188388 -0.667333 
3347.93 837.785 188.679 10.1871 0.630161 -0.325373 -0.176775 -0.908267 
3349.94 853.63 196.319 5 -1.1081 -1.33511 0.640167 -0.891312 
3357.69 856.978 182.555 16.1479 -1.02013 -2.33386 0.844455 -0.850676 
3354.02 847.977 169.658 24.558 -0.148355 -3.29683 -0.141939 -0.791544 
3341.47 827.068 167.381 24.6225 -0.126431 -4.19468 -0.130326 -0.678402 
3328.78 795.051 165.374 24.469 -0.0758156 -4.94769 -0.118714 -0.479215 
3316.18 753.716 163.996 23.8451 -0.022471 -5.46784 -0.107102 -0.30942 
3304.14 705.945 164.189 23.6621 -0.0215766 -5.80375 -0.0954897 -0.212257 
3292.29 654.017 164.397 23.4791 -0.020683 -6.03728 -0.0838775 -0.134316 
3280.61 599.2 164.62 23.2961 -0.0197905 -6.18815 -0.0722652 -0.0441049 
3269.13 542.516 164.858 23.1131 -0.0188993 -6.2403 -0.060653 0.0506484 
3257.83 485.187 165.11 22.9302 -0.0180084 -6.18438 -0.0490407 0.130671 
3246.72 428.55 165.377 22.7473 -0.0171155 -6.03203 -0.0374285 0.188866 
3235.79 373.797 165.659 22.5643 -0.0162178 -5.80438 -0.0258162 0.229826 
3225.06 321.861 165.955 22.3814 -0.0153148 -5.51901 -0.014204 0.260605 
3214.52 273.455 166.267 22.1983 -0.0144112 -5.18609 -0.00259175 0.285736 
3204.17 229.169 166.593 22.0152 -0.0135175 -4.81077 0.0090205 0.306649 
3194.02 189.527 166.933 21.832 -0.0126435 -4.39683 0.0206327 0.323052 
3184.05 155.005 167.288 21.6491 -0.0117874 -3.94885 0.032245 0.33439 
3174.29 126.027 167.658 21.4665 -0.0109257 -3.47262 0.0438572 0.340553 
3164.71 102.941 168.041 21.2842 -0.0100173 -2.97446 0.0554695 0.341891 
3155.34 86.0179 168.44 21.1017 -0.00903113 -2.4605 0.0670817 0.338972 
3146.15 75.4543 168.854 20.9183 -0.00799085 -1.93633 0.078694 0.332379 
3137.17 71.376 169.285 20.7336 -0.00700362 -1.4069 0.0903062 0.322617 
3128.38 73.8481 169.732 20.5481 -0.0062262 -0.876546 0.101918 0.310108 
3119.8 82.8822 170.192 20.3639 -0.00574181 -0.349135 0.113531 0.295217 
3111.41 98.4417 170.661 20.1837 -0.00539403 0.171903 0.125143 0.278276 
3103.22 120.448 171.139 20.0084 -0.00471763 0.683517 0.136755 0.259606 
3095.22 148.784 171.628 19.8345 -0.00314084 1.18301 0.148367 0.239526 
3087.4 183.3 172.141 19.6534 -0.000509284 1.668 0.15998 0.218359 
3079.79 223.817 172.689 19.4559 0.00232218 2.13642 0.171592 0.196437 
3072.39 270.129 173.276 19.2412 0.00341504 2.58646 0.183204 0.174112 
3065.21 322.01 173.882 19.0273 0.000794574 3.01659 0.194816 0.151757 
3058.28 379.212 174.459 18.8489 -0.00540557 3.42549 0.206429 0.129769 
3051.53 441.474 174.962 18.7369 -0.010963 3.81206 0.218041 0.108564 
3044.92 508.518 175.4 18.68 -0.00810334 4.17539 0.229653 0.0885607 
3038.38 580.058 175.874 18.5943 0.00949734 4.51475 0.241265 0.0701578 
3031.93 655.796 176.567 18.3436 0.038264 4.82947 0.252878 0.0537019 
3025.74 735.429 177.621 17.8359 0.0586798 5.11889 0.26449 0.0394554 
3020.08 818.642 178.938 17.1707 0.040753 5.3822 0.276102 0.0275696 
3015.12 905.112 180.046 16.7215 -0.0334283 5.61823 0.287714 0.0180703 
3010.66 994.502 180.246 17.0005 -0.13772 5.82515 0.299327 0.0108603 
3005.95 1086.45 179.149 18.2323 -0.186331 6.00012 0.310939 0.00573819 
3000 1180.57 177.426 19.8161 -0.0683821 6.13879 0.322551 0.00242563 
2992.42 1276.4 177.132 20.1556 0.254947 6.23486 0.334163 0.000593899 
2984.41 1373.43 180.831 17.4177 0.634806 6.28 0.345776 -0.000124471 
2979.11 1471.01 189.285 11.3185 0.709672 6.2648 0.357388 -0.000149595 
2980.06 1568.39 198.785 5 0.0899998 6.18152 0.369 0 
2980.06 1568.39 198.785 5 0.0899998 6.18152 0.369 0 
3006.37 1943.23 201.991 5 -0.673827 3.5522 1.15369 -1.01361 
3033.63 2191.81 168.519 26.913 -0.17949 -1.74049 -0.176776 -0.844425 
2972.68 2186.31 157.098 26.7301 -0.178599 -6.20242 -0.165163 0.000741582 
2911.17 1966.57 145.734 26.5471 -0.177705 -6.20521 -0.153551 0.00170264 
2849.26 1746.69 134.427 26.3641 -0.176812 -6.20477 -0.141939 0.00278953 
2786.97 1526.83 123.176 26.1812 -0.175918 -6.19799 -0.130327 0.0030308 
2724.3 1307.3 111.983 25.9982 -0.175025 -6.18938 -0.118714 0.00322773 
2661.26 1088.18 100.846 25.8152 -0.174131 -6.17913 -0.107102 0.00356788 
2597.85 869.552 89.7671 25.6322 -0.173238 -6.16626 -0.0954898 0.00409338 
2534.08 651.54 78.7447 25.4493 -0.172351 -6.14942 -0.0838775 0.00489987 
2469.95 434.337 67.779 25.2665 -0.171462 -6.12636 -0.0722653 0.00613686 
2405.47 218.241 56.87 25.0839 -0.170462 -6.09283 -0.060653 0.00905484 
2340.64 3.75367 46.0231 24.8973 -0.169305 -6.03408 -0.0490408 0.0166527 
2275.48 -207.913 35.246 24.7022 -0.169823 -5.92474 -0.0374285 -0.00247859 
2210.05 -414.33 24.4592 24.5625 -0.175776 -5.94208 -0.0258163 0.130257 
2144.12 -621.58 13.3972 24.6593 -0.161686 -4.93053 -0.0142041 0.290761 
2076.78 -780.257 3.00443 24.1865 -0.0210499 -2.81685 -0.00259181 0.181493 
2010.2 -837.442 0.00102296 24.0036 -0.0201555 -1.39279 0.00902043 0.0840525 
1944.1 -826.248 0.00102296 23.8206 -0.0192619 -0.676572 0.0206327 0.0401127 
1878.72 -780.664 0.00102296 23.6376 -0.0183682 -0.313043 0.0322449 0.0175052 
1814.06 -717.625 0.00102296 23.4546 -0.0174746 -0.144338 0.0438572 0.00429766 
1750.11 -646.485 0.00102296 23.2717 -0.0165811 -0.0985852 0.0554694 -0.00289243 
1686.86 -573.149 0.00102296 23.0887 -0.0156876 -0.126289 0.0670817 -0.00639865 
1624.32 -501.144 0.00102296 22.9057 -0.0147942 -0.195025 0.0786939 -0.0078204 
1562.48 -432.44 0.00102296 22.7228 -0.0139007 -0.285204 0.0903061 -0.00809613 
1501.34 -368.067 0.00102296 22.5398 -0.0130073 -0.385159 0.101918 -0.00776287 
1440.89 -308.493 0.00102296 22.3568 -0.0121138 -0.487965 0.113531 -0.00713134 
1381.15 -253.857 0.00102296 22.1738 -0.0112204 -0.589616 0.125143 -0.0063793 
1322.1 -204.103 0.00102296 21.9909 -0.0103269 -0.687899 0.136755 -0.00560473 
1263.76 -159.068 0.00102296 21.8079 -0.00943348 -0.781681 0.148367 -0.00485802 
1206.11 -118.537 0.00102296 21.6249 -0.00854003 -0.870447 0.15998 -0.00416161 
1149.16 -82.2688 0.00102296 21.442 -0.00764658 -0.953989 0.171592 -0.00352179 
1092.92 -50.0128 0.00102296 21.259 -0.00675312 -1.03219 0.183204 -0.00293572 
1037.37 -21.512 0.00102296 21.076 -0.00585966 -1.10483 0.194816 -0.00239549 
982.524 3.50016 0.00102296 20.893 -0.00496619 -1.17143 0.206429 -0.00189048 
928.378 25.3135 0.00102296 20.7101 -0.00407272 -1.23106 0.218041 -0.00140877 
874.933 44.2632 0.00102296 20.5271 -0.00317929 -1.28198 0.229653 -0.000938163 
822.19 60.767 0.00102296 20.3441 -0.00228596 -1.32129 0.241265 -0.000467345 
770.148 75.3826 0.00102296 20.1612 -0.00139197 -1.34421 0.252878 1.23355e-05 
718.808 88.8976 0.00102296 19.9782 -0.000495074 -1.34304 0.26449 0.000504069 
668.171 102.468 0.00102296 19.7951 0.000395187 -1.30565 0.276102 0.00100123 
618.24 117.833 0.00102296 19.6121 0.00122479 -1.21307 0.287714 0.00148132 
569.015 137.643 0.00102296 19.4315 0.00207033 -1.03624 0.299327 0.00189909 
520.491 165.944 0.00102296 19.2519 0.0039897 -0.731839 0.310939 0.00218196 
472.668 208.86 0.00102296 19.0338 0.00738542 -0.238863 0.322551 0.00223529 
425.7 275.447 0.00102296 18.7353 -0.00535133 0.51924 0.334163 0.00196937 
379.922 378.436 0.243604 18.9709 -0.0698805 1.61733 0.345776 -0.00112798 
333.364 534.152 0.00100951 21.4655 0.0596897 0.311836 0.357388 -8.68974e-06 
277.01 627.19 0.483916 15.9439 1.4 0.269132 0.369 0 
