grtopS_21_4
50
2 2
4 4 
0 1 2 3 
0 1 2 3 
34.7624 46.4418 68.221 
93476 0.040278 79.8362 
0.709436 0.947791 1.39227 
1907.67 0.000822001 1.62931 
257.58 7.73136e-10 1.65403 
1.45329e-06 1.43637e-06 1.20972 
909.62 374.08 550.81 30.6327 0.756251 0 0.0509079 0 
652.04 116.5 293.23 9.00559 0.221554 -6.28 9.34572e-05 2.44337e-10 
290.616 4.96263 16.8125 5.03269 -6.2336e-08 3.25041 9.64656e-05 7.99483e-11 
75.1149 1.50247e-08 0.07154 5.03268 -3.92354e-08 6.26459 9.96674e-05 -3.25651e-10 
23.8733 1.00981e-08 0.0334487 5.03269 -3.82634e-08 -5.2405e-08 0.000103085 2.5002e-11 
2.45837e-08 1.01027e-08 0.0334494 5.03269 -3.83515e-08 8.45202e-09 0.00010674 3.10295e-12 
6.80171e-09 1.01025e-08 0.0334495 5.03269 -3.83384e-08 8.86843e-09 0.00011066 2.0435e-13 
6.82132e-09 1.01026e-08 0.0334495 5.03269 -3.83296e-08 8.90318e-09 0.000114877 -7.84671e-14 
6.8218e-09 1.01023e-08 0.0334495 5.03269 -3.8328e-08 8.90513e-09 0.000119425 -1.01878e-13 
6.82192e-09 1.01033e-08 0.0334495 5.03269 -3.83288e-08 8.90514e-09 0.000124349 -1.03746e-13 
6.82176e-09 1.01023e-08 0.0334495 5.03269 -3.83303e-08 8.90509e-09 0.000129697 -1.04233e-13 
6.82159e-09 1.01026e-08 0.0334495 5.03269 -3.8332e-08 8.90505e-09 0.000135531 -1.04793e-13 
6.82153e-09 1.01026e-08 0.0334495 5.03269 -3.83337e-08 8.90501e-09 0.000141924 -1.05521e-13 
6.82155e-09 1.01026e-08 0.0334495 5.03269 -3.83353e-08 8.90496e-09 0.000148966 -1.06424e-13 
6.82158e-09 1.01026e-08 0.0334495 5.03269 -3.8337e-08 8.90492e-09 0.000156766 -1.07503e-13 
6.82161e-09 1.01026e-08 0.0334495 5.03269 -3.83387e-08 8.90488e-09 0.000165463 -1.08754e-13 
6.82158e-09 1.01026e-08 0.0334495 5.03269 -3.83404e-08 8.90484e-09 0.00017523 -1.10173e-13 
6.82095e-09 1.01026e-08 0.0334495 5.03269 -3.8342e-08 8.90479e-09 0.000186294 -1.11748e-13 
6.82289e-09 1.01026e-08 0.0334495 5.03269 -3.83437e-08 8.90475e-09 0.000198948 -1.13465e-13 
6.82099e-09 1.01026e-08 0.0334495 5.03269 -3.83452e-08 8.90471e-09 0.000213583 -1.15304e-13 
6.8216e-09 1.01026e-08 0.0334495 5.03269 -3.83468e-08 8.90467e-09 0.00023073 -1.1724e-13 
6.82162e-09 1.01026e-08 0.0334495 5.03269 -3.83483e-08 8.90463e-09 0.000251127 -1.19239e-13 
6.8216e-09 1.01026e-08 0.0334495 5.03269 -3.83498e-08 8.9046e-09 0.00027581 -1.21271e-13 
6.8216e-09 1.01026e-08 0.0334495 5.03269 -3.83512e-08 8.90456e-09 0.000306273 -1.23286e-13 
6.8216e-09 1.01026e-08 0.0334495 5.03269 -3.83525e-08 8.90453e-09 0.0003447 -1.25239e-13 
6.82161e-09 1.01026e-08 0.0334495 5.03269 -3.83537e-08 8.9045e-09 0.000394333 -1.27076e-13 
6.82162e-09 1.01026e-08 0.0334495 5.03269 -3.83548e-08 8.90448e-09 0.000460043 -1.28744e-13 
6.82162e-09 1.01026e-08 0.0334495 5.03269 -3.83558e-08 8.90446e-09 0.000549213 -1.30188e-13 
6.82162e-09 1.01026e-08 0.0334495 5.03269 -3.83566e-08 8.90445e-09 0.000673077 -1.31355e-13 
6.82162e-09 1.01026e-08 0.0334495 5.03269 -3.83573e-08 8.90444e-09 0.000848702 -1.32204e-13 
6.82162e-09 1.01026e-08 0.0334495 5.03269 -3.83579e-08 8.90444e-09 0.00110183 -1.32706e-13 
6.82162e-09 1.01026e-08 0.0334495 5.03269 -3.83582e-08 8.90445e-09 0.00147061 -1.32856e-13 
6.82162e-09 1.01026e-08 0.0334495 5.03269 -3.83584e-08 8.90447e-09 0.00201007 -1.3268e-13 
6.82161e-09 1.01026e-08 0.0334495 5.03269 -3.83584e-08 8.90449e-09 0.00279577 -1.32242e-13 
6.82161e-09 1.01026e-08 0.0334495 5.03269 -3.83585e-08 8.90452e-09 0.00392398 -1.31657e-13 
6.82161e-09 1.01026e-08 0.0334495 5.03269 -3.8359e-08 8.90455e-09 0.00550251 -1.3108e-13 
6.82161e-09 1.01026e-08 0.0334495 5.03269 -3.83602e-08 8.90457e-09 0.00762725 -1.30707e-13 
6.82162e-09 1.01026e-08 0.0334495 5.03269 -3.83625e-08 8.90457e-09 0.0103469 -1.30736e-13 
6.82163e-09 1.01026e-08 0.0334495 5.03269 -3.83666e-08 8.90454e-09 0.0136348 -1.31303e-13 
6.82159e-09 1.01026e-08 0.0334495 5.03269 -3.83736e-08 8.90447e-09 0.017395 -1.32374e-13 
6.821e-09 1.01023e-08 0.0334495 5.03269 -3.8395e-08 8.90437e-09 0.0218759 -1.33671e-13 
6.82285e-09 1.01032e-08 0.0334495 5.03269 -3.84476e-08 8.90426e-09 0.0264742 -1.33985e-13 
6.82096e-09 1.01024e-08 0.0334495 5.03268 -3.86648e-08 8.90422e-09 0.0310733 -1.28493e-13 
6.82157e-09 1.01032e-08 0.0334493 5.03268 -3.94892e-08 8.90462e-09 0.0356886 -1.10405e-13 
6.82157e-09 1.01079e-08 0.0334434 5.03268 -3.90766e-08 8.90178e-09 0.0403043 3.45579e-15 
6.8171e-09 6.25574e-09 1.80937 5.02568 -1.37775 9.08248e-09 0.0448216 6.25546e-13 
6.57846e-09 1.23489e-08 4.06746 5.02567 -1.37898 9.33267e-09 0.0490741 1.251e-11 
3.9416e-07 1.92513 6.32557 5.02544 -1.38002 6.7973e-08 0.0534837 -3.15182e-10 
23.5646 135.822 19.7882 24.2128 -0.764892 1.1564 0.046594 4.86396e-10 
289.908 412.773 250.168 5.03272 1.23427e-09 -2.35773e-09 0.0499079 0 
289.908 412.773 250.168 5.03272 1.23427e-09 -2.35773e-09 0.0499079 0 
296.975 431.334 250.546 5.59379 -1.4 0.000743736 1.15369 -1.02859 
303.851 449.905 234.356 18.1317 -0.767964 -0.67085 0.532403 -1.00718 
298.306 460.542 225.404 24.3411 0.162496 -1.32878 -0.165163 -0.985775 
286.439 463.404 227.337 22.0644 0.543491 -1.97305 -0.153551 -0.964367 
276.678 458.645 233.819 16.5291 0.684621 -2.60363 -0.141939 -0.942959 
272.278 446.424 242.075 10.1446 0.224171 -3.22052 -0.130327 -0.921551 
274.226 426.903 245.007 8.38886 -0.924614 -3.8237 0.910853 -0.900143 
278.173 400.247 234.387 16.5609 -0.41501 -4.41315 0.322841 -0.878735 
273.998 366.627 229.638 19.8251 -0.0356074 -4.9889 -0.0954898 -0.857327 
266.523 326.201 229.314 19.6424 -0.0347187 -5.55093 -0.0838775 -0.835918 
259.208 279.127 229.004 19.4598 -0.0337944 -6.09924 -0.0722653 0.178602 
252.053 225.569 228.709 19.2768 -0.032833 -5.98464 -0.0606531 0.793102 
245.065 173.367 228.428 19.0933 -0.0318693 -5.4683 -0.0490408 0.771694 
238.25 127.27 228.163 18.9091 -0.0309718 -4.96571 -0.0374286 0.750286 
231.607 87.117 227.911 18.7251 -0.0302053 -4.47688 -0.0258163 0.728878 
225.136 52.7448 227.672 18.5422 -0.0295615 -4.00181 -0.0142041 0.707469 
218.838 23.9907 227.444 18.3616 -0.0289008 -3.5405 -0.00259183 0.686061 
212.71 0.691862 227.227 18.1829 -0.0279727 -3.09298 0.00902042 0.664653 
206.75 -17.3147 227.025 18.0036 -0.0265662 -2.65923 0.0206327 0.643245 
200.959 -30.1918 226.842 17.8193 -0.0247596 -2.23927 0.0322449 0.621837 
195.341 -38.1027 226.685 17.627 -0.0231067 -1.83311 0.0438572 0.141577 
189.906 -41.2104 226.551 17.4285 -0.0225146 -1.74069 0.0554694 -0.57902 
184.656 -43.2252 226.427 17.234 -0.023653 -2.11926 0.0670816 -0.557612 
179.584 -49.7173 226.294 17.0586 -0.02606 -2.48402 0.0786939 0.133115 
174.673 -60.5231 226.135 16.9123 -0.0275703 -2.39744 0.0903061 0.514796 
169.897 -70.3051 225.962 16.7849 -0.024935 -2.06132 0.101918 0.493388 
165.241 -76.1122 225.822 16.6374 -0.016106 -1.73904 0.113531 0.471979 
160.722 -78.1082 225.789 16.4159 -0.00340437 -1.4306 0.125143 0.450571 
156.412 -76.4567 225.911 16.0911 0.00481029 -1.13601 0.136755 0.429163 
152.413 -71.3215 226.136 15.7113 -0.00296867 -0.855268 0.148367 0.407755 
148.785 -62.8666 226.276 15.4248 -0.032673 -0.588391 0.15998 0.386347 
145.44 -51.2558 226.07 15.4215 -0.073556 -0.33538 0.171592 0.364939 
142.106 -36.6529 225.381 15.7802 -0.0937252 -0.0962427 0.183204 0.343531 
138.423 -19.2217 224.447 16.2867 -0.0529104 0.129014 0.194816 0.322122 
134.23 0.873866 223.985 16.3809 0.0645917 0.340383 0.206429 0.300714 
129.911 23.4691 224.912 15.4046 0.211519 0.537857 0.218041 0.279306 
126.506 48.3991 227.594 13.1755 0.267528 0.721427 0.229653 0.257898 
125.266 75.4982 230.981 10.6082 0.0935369 0.891088 0.376978 0.23649 
126.581 104.602 232.36 9.72728 -0.105423 1.04684 0.533988 0.215082 
128.813 135.547 231.402 10.6224 -0.122965 1.18868 0.517657 0.193673 
130.179 168.169 230.219 11.6149 -0.0688279 1.31658 0.50137 0.172265 
130.565 202.306 229.658 12.0523 0.0669794 1.43056 0.485109 0.150857 
130.492 237.79 230.695 11.2426 0.221176 1.53059 0.468826 0.129449 
131.175 274.457 233.57 9.11649 0.253748 1.61667 0.452526 0.108041 
133.934 312.14 236.872 6.86963 0.0188784 1.6888 0.436222 0.0866325 
138.957 350.675 237.438 6.91764 -0.493233 1.74697 0.419898 0.0652243 
144.069 389.898 231.947 11.5781 -1.02166 1.79119 0.40361 0.043816 
144.761 429.646 220.118 20.6423 -1.04936 1.82144 0.387306 0.0127656 
136.59 469.76 207.79 29.2658 -0.0899991 1.83142 0.369 0 
136.59 469.76 207.79 29.2658 -0.0899991 1.83142 0.369 0 
114.95 527.214 204.453 26.6375 1.01725 0.181109 -0.188388 -1.01897 
96.4444 555.996 220.423 10.0999 0.22303 -2.42458 1.02635 -0.996107 
101.755 539.494 223.058 5 -0.124656 -5.02525 1.12108 -0.267151 
114.341 477.807 219.794 5 -0.123711 -6.2544 1.10478 0.00907137 
126.796 394.767 216.546 5 -0.122765 -6.22809 1.08847 0.229826 
139.138 312.185 213.315 5 -0.121819 -6.20669 1.07216 0.186041 
151.368 229.974 210.101 5 -0.120872 -6.18623 1.05586 0.203989 
163.486 148.118 206.903 5 -0.119926 -6.1801 1.03955 0.385767 
175.492 66.3694 203.721 5 -0.11898 -4.86993 1.02324 0.760086 
187.405 7.38064 200.556 5 -0.118033 -2.60815 1.00694 0.54681 
199.239 -12.3164 197.407 5 -0.117086 -0.781675 0.990633 -0.121418 
210.988 -0.284001 194.275 5 -0.11614 -1.46671 0.974327 0.00794479 
222.619 -0.152017 191.159 5 -0.115194 -1.47562 0.95802 0.00505996 
234.14 -0.174747 188.059 5 -0.114248 -1.47489 0.941714 0.000371167 
245.554 -0.184816 184.976 5 -0.113302 -1.47473 0.925408 0.00050387 
256.86 -0.192176 181.91 5 -0.112356 -1.4748 0.909102 0.000328966 
268.058 -0.200782 178.859 5 -0.11141 -1.47479 0.892796 -5.74997e-05 
279.151 -0.209149 175.826 5 -0.110464 -1.47486 0.87649 -0.000143536 
290.137 -0.218641 172.808 5 -0.109518 -1.47477 0.860184 -0.000159127 
301.018 -0.226707 169.808 5 -0.108572 -1.47481 0.843878 -0.000129076 
311.794 -0.23537 166.823 5 -0.107626 -1.47482 0.827571 -7.23719e-05 
322.466 -0.244177 163.855 5 -0.10668 -1.47479 0.811265 -3.00208e-05 
333.034 -0.252518 160.904 5 -0.105733 -1.4748 0.794959 9.92568e-07 
343.499 -0.261093 157.968 5 -0.104787 -1.47478 0.778653 1.78101e-05 
353.862 -0.269313 155.05 5 -0.103841 -1.47477 0.762347 1.87509e-05 
364.123 -0.277272 152.147 5 -0.102895 -1.47486 0.746041 3.91615e-05 
374.282 -0.286907 149.262 5 -0.101949 -1.47467 0.729735 1.3113e-05 
384.341 -0.293223 146.392 5 -0.101003 -1.4747 0.713429 -1.4149e-05 
394.3 -0.300088 143.539 5 -0.100057 -1.47484 0.697122 -4.75315e-05 
404.159 -0.309241 140.703 5 -0.0991112 -1.47479 0.680816 -0.000106444 
413.918 -0.317542 137.883 5 -0.0981652 -1.47468 0.66451 -0.000157735 
423.58 -0.323948 135.079 5 -0.0972192 -1.47472 0.648204 -0.000213705 
433.143 -0.331172 132.292 5 -0.0962731 -1.47475 0.631898 -0.000320401 
442.609 -0.338858 129.521 5 -0.0953271 -1.47491 0.615592 0.000249807 
451.979 -0.349255 126.767 5 -0.0943811 -1.47467 0.599286 0.000866599 
461.252 -0.355449 124.029 5 -0.093435 -1.4744 0.58298 0.00112665 
470.429 -0.357098 121.307 5 -0.092489 -1.41904 0.566673 -0.00643113 
479.512 0.603068 118.602 5 -0.091543 -1.64523 0.550367 -0.192384 
488.498 -2.36617 115.914 5 -0.0905979 -3.41086 0.534061 0.0733182 
497.365 -36.008 113.242 5 -0.0896512 -1.98251 0.517755 0.173877 
506.159 -44.8364 110.586 5 -0.982722 -0.193735 0.501449 0.160487 
515.195 -22.5905 92.4156 16.816 -0.536414 1.59646 0.485143 0.140861 
507.021 30.7679 81.6697 21.4081 -0.168727 3.37112 0.468837 0.117793 
491.977 114.961 77.1834 20.6333 -0.0939672 5.11929 0.452531 0.0101862 
477.855 229.522 74.0174 18.9706 -0.19056 6.26595 0.436224 0.00018977 
465.985 364.001 69.2197 18.7853 -0.601106 6.2667 0.419918 9.58259e-07 
454.349 498.493 57.2952 24.0596 -1.07604 6.26816 0.403612 -7.24696e-06 
435.122 633.016 36.9731 35.0264 -0.715578 6.26821 0.387306 -0.00025188 
399.796 767.552 22.6077 40 1.4 5.22894 0.369 0 
909.62 374.08 550.81 30.6327 0.756251 0 0.0509079 0 
909.62 374.08 550.81 30.6327 0.756251 6.32854e-09 0.0509079 -5.99078e-06 
909.62 374.075 550.815 30.6311 0.756496 -0.00366907 0.0509114 1.21931e-05 
753.89 362.024 559.146 30.4515 0.761223 -0.0183251 0.0513176 0.000791164 
372.505 -88.8445 533.288 30.7703 0.752317 0.0166724 0.0505968 -0.000600739 
245.554 259.89 546.207 30.669 0.755214 0.00439059 0.0508259 -0.000158318 
212.685 351.786 549.62 30.6421 0.755983 0.00113565 0.0508867 -4.09494e-05 
204.204 375.555 550.503 30.6351 0.756182 0.000293499 0.0509024 -1.05814e-05 
202.017 381.696 550.73 30.6333 0.756233 7.59674e-05 0.0509065 -2.73745e-06 
201.452 383.285 550.789 30.6329 0.756246 1.97817e-05 0.0509075 -7.11501e-07 
201.307 383.698 550.805 30.6327 0.75625 5.27437e-06 0.0509078 -1.88254e-07 
201.269 383.808 550.808 30.6327 0.756251 1.54402e-06 0.0509079 -5.36535e-08 
201.259 383.839 550.809 30.6327 0.756251 5.90733e-07 0.0509079 -1.91041e-08 
201.257 383.85 550.81 30.6327 0.756251 3.61076e-07 0.0509079 -1.06266e-08 
201.256 383.856 550.81 30.6327 0.756251 3.2118e-07 0.0509079 -8.97389e-09 
201.256 383.861 550.81 30.6327 0.756251 3.3162e-07 0.0509079 -9.09038e-09 
201.256 383.866 550.81 30.6327 0.756251 3.58685e-07 0.0509079 -9.77264e-09 
201.256 383.872 550.81 30.6327 0.756251 3.94501e-07 0.0509079 -1.07917e-08 
201.256 383.878 550.81 30.6327 0.756251 4.28763e-07 0.0509079 -1.16103e-08 
201.256 383.885 550.81 30.6327 0.756251 4.78732e-07 0.0509079 -1.30363e-08 
201.256 383.892 550.81 30.6327 0.756251 5.26977e-07 0.0509079 -1.42891e-08 
201.256 383.901 550.809 30.6327 0.756251 5.86008e-07 0.0509079 -1.58573e-08 
201.256 383.91 550.809 30.6327 0.756251 6.55914e-07 0.0509079 -1.77334e-08 
201.256 383.92 550.809 30.6327 0.756251 7.35155e-07 0.0509079 -1.98599e-08 
201.256 383.932 550.809 30.6327 0.756251 8.25887e-07 0.0509079 -2.22133e-08 
201.256 383.944 550.809 30.6327 0.756251 9.38303e-07 0.0509079 -2.52698e-08 
201.256 383.959 550.809 30.6327 0.756251 1.06238e-06 0.0509079 -2.84286e-08 
201.256 383.975 550.809 30.6327 0.756251 1.22238e-06 0.0509079 -3.27583e-08 
201.256 383.994 550.809 30.6327 0.756251 1.40163e-06 0.0509079 -3.73397e-08 
201.256 384.016 550.809 30.6327 0.756251 1.63036e-06 0.0509079 -4.3359e-08 
201.256 384.041 550.808 30.6327 0.756251 1.90478e-06 0.0509079 -5.0458e-08 
201.256 384.07 550.808 30.6327 0.756251 2.24629e-06 0.0509079 -5.9261e-08 
201.255 384.104 550.808 30.6327 0.756251 2.67495e-06 0.0509079 -7.02431e-08 
201.255 384.145 550.807 30.6327 0.75625 3.22077e-06 0.0509079 -8.40793e-08 
201.255 384.193 550.806 30.6327 0.75625 3.92966e-06 0.0509078 -1.0197e-07 
201.255 384.252 550.806 30.6327 0.75625 4.86094e-06 0.0509078 -1.25094e-07 
201.255 384.324 550.805 30.6327 0.75625 6.12292e-06 0.0509078 -1.55865e-07 
201.255 384.414 550.803 30.6327 0.75625 7.89277e-06 0.0509078 -1.97871e-07 
201.254 384.528 550.801 30.6328 0.756249 1.04958e-05 0.0509078 -2.56217e-07 
201.254 384.676 550.797 30.6328 0.756249 1.46804e-05 0.0509077 -3.40875e-07 
201.252 384.873 550.79 30.6328 0.756248 2.23584e-05 0.0509077 -4.68613e-07 
201.25 385.143 550.775 30.6328 0.756246 3.93033e-05 0.0509076 -6.7451e-07 
201.246 385.532 550.734 30.6329 0.756242 8.45641e-05 0.0509075 -1.03867e-06 
201.233 386.131 550.609 30.6329 0.756234 0.000224654 0.0509074 -1.77011e-06 
201.19 387.15 550.184 30.6329 0.756209 0.000699111 0.0509074 -3.48695e-06 
201.045 389.154 548.674 30.6325 0.756127 0.00238457 0.0509083 -8.19258e-06 
200.532 393.853 543.181 30.6304 0.755845 0.00851716 0.0509129 -2.28774e-05 
198.747 406.967 522.963 30.6248 0.75476 0.0311086 0.0509253 -7.69059e-05 
193.053 455.799 449.238 30.6127 0.750945 0.11854 0.050838 -0.000807074 
387.813 640.845 197.528 22.5008 5.75365e-05 0.103903 0.0499079 0 
387.813 640.845 197.528 22.5008 5.75365e-05 0.103903 0.0499079 0 
387.805 640.862 197.528 22.5001 0.000540564 0.103904 0.475645 -7.82721e-05 
387.797 640.879 197.528 22.4992 0.00167571 0.103904 0.473587 -7.34609e-05 
387.788 640.897 197.528 22.4984 0.0028076 0.103905 0.471522 -6.88519e-05 
387.78 640.914 197.528 22.4975 0.00393623 0.103906 0.469452 -6.44407e-05 
387.772 640.931 197.528 22.4966 0.00506159 0.103906 0.467377 -6.0223e-05 
387.764 640.948 197.528 22.4957 0.00618367 0.103907 0.465295 -5.61943e-05 
387.755 640.965 197.528 22.4947 0.00730246 0.103908 0.463208 -5.23502e-05 
387.747 640.982 197.529 22.4938 0.00841794 0.103908 0.461114 -4.86862e-05 
387.739 641 197.529 22.4929 0.00953012 0.103909 0.459015 -4.51981e-05 
387.731 641.017 197.529 22.4919 0.010639 0.10391 0.45691 -4.18814e-05 
387.723 641.034 197.529 22.491 0.0117445 0.10391 0.454799 -3.87316e-05 
387.714 641.051 197.529 22.49 0.0128467 0.103911 0.452681 -3.57446e-05 
387.706 641.068 197.529 22.4891 0.0139455 0.103912 0.450558 -3.29157e-05 
387.698 641.085 197.53 22.4881 0.015041 0.103912 0.448429 -3.02408e-05 
387.69 641.103 197.53 22.4871 0.0161331 0.103913 0.446293 -2.77153e-05 
387.681 641.12 197.53 22.4861 0.0172218 0.103914 0.444152 -2.53351e-05 
387.673 641.137 197.53 22.4851 0.0183072 0.103914 0.442004 -2.30956e-05 
387.665 641.154 197.53 22.4841 0.0193891 0.103915 0.43985 -2.09926e-05 
387.657 641.171 197.531 22.4831 0.0204677 0.103916 0.43769 -1.90217e-05 
387.649 641.189 197.531 22.4821 0.0215428 0.103916 0.435523 -1.71785e-05 
387.64 641.206 197.531 22.4811 0.0226144 0.103917 0.43335 -1.54588e-05 
387.632 641.223 197.531 22.4801 0.0236827 0.103918 0.431171 -1.38582e-05 
387.624 641.24 197.532 22.479 0.0247475 0.103918 0.428986 -1.23724e-05 
387.616 641.257 197.532 22.478 0.0258088 0.103919 0.426795 -1.09971e-05 
387.608 641.274 197.532 22.4769 0.0268667 0.10392 0.424597 -9.7279e-06 
387.599 641.292 197.533 22.4759 0.027921 0.10392 0.422393 -8.56058e-06 
387.591 641.309 197.533 22.4748 0.0289719 0.103921 0.420183 -7.4908e-06 
387.583 641.326 197.533 22.4737 0.0300193 0.103922 0.417966 -6.51428e-06 
387.575 641.343 197.534 22.4727 0.0310632 0.103922 0.415744 -5.62673e-06 
387.566 641.36 197.534 22.4716 0.0321035 0.103923 0.413515 -4.82386e-06 
387.558 641.377 197.534 22.4705 0.0331403 0.103924 0.411279 -4.10139e-06 
387.55 641.395 197.535 22.4694 0.0341736 0.103924 0.409038 -3.45505e-06 
387.542 641.412 197.535 22.4683 0.0352033 0.103925 0.40679 -2.88056e-06 
387.534 641.429 197.536 22.4672 0.0362294 0.103926 0.404536 -2.37368e-06 
387.525 641.446 197.536 22.466 0.037252 0.103927 0.402276 -1.93013e-06 
387.517 641.463 197.536 22.4649 0.038271 0.103927 0.40001 -1.54568e-06 
387.509 641.48 197.537 22.4638 0.0392864 0.103928 0.397737 -1.21606e-06 
387.501 641.498 197.537 22.4626 0.0402982 0.103929 0.395459 -9.37046e-07 
387.493 641.515 197.538 22.4615 0.0413064 0.103929 0.393174 -7.04394e-07 
387.484 641.532 197.538 22.4603 0.042311 0.10393 0.390884 -5.13878e-07 
387.476 641.549 197.539 22.4592 0.0433119 0.103931 0.388587 -3.61271e-07 
387.468 641.566 197.539 22.458 0.0443092 0.103931 0.386284 -2.42354e-07 
387.46 641.584 197.54 22.4568 0.0453028 0.103932 0.383975 -1.52914e-07 
387.452 641.601 197.54 22.4556 0.0462928 0.103933 0.381661 -8.87423e-08 
387.443 641.618 197.541 22.4544 0.0472791 0.103933 0.37934 -4.56362e-08 
387.435 641.635 197.541 22.4532 0.0482617 0.103934 0.377014 -1.9398e-08 
387.427 641.652 197.542 22.452 0.0492406 0.103935 0.374682 -5.83603e-09 
387.419 641.669 197.542 22.4508 0.0502158 0.103935 0.372344 -7.63686e-10 
387.411 641.687 197.543 22.4496 0.0511873 0.103936 0.369 0 
387.411 641.687 197.543 22.4496 0.0511873 0.103936 0.369 0 
372.379 674.524 197.456 18.819 0.756764 1.18171 0.0973418 0.640376 
362.987 729.268 211.831 5 -0.0786645 2.70308 1.13739 0.183161 
377.057 814.922 209.672 5.00001 -0.0777186 3.14987 1.12108 0.0339264 
391.045 909.66 207.533 5.00002 -0.0767719 3.23735 1.10478 -0.0578749 
404.948 1006.18 205.413 5.00002 -0.075826 3.09515 1.08847 -0.114738 
418.761 1099.8 203.312 5.00003 -0.0748802 2.8027 1.07216 -0.147561 
432.483 1187.48 201.23 5.00003 -0.0739344 2.41577 1.05586 -0.162886 
446.114 1267.29 199.168 5.00003 -0.0729886 1.97642 1.03955 -0.165354 
459.654 1338.18 197.124 5.00003 -0.0720429 1.51718 1.02324 -0.158603 
473.103 1399.72 195.1 5.00004 -0.0710973 1.06303 1.00694 -0.14565 
486.461 1452.03 193.096 5.00004 -0.0701516 0.632421 0.990632 -0.129018 
499.73 1495.59 191.11 5.00005 -0.069206 0.238021 0.974326 -0.110763 
512.912 1531.13 189.144 5.00006 -0.0682606 -0.112621 0.95802 -0.0924768 
526.008 1559.54 187.197 5.00008 -0.0673155 -0.416267 0.941714 -0.0752959 
539.018 1581.78 185.269 5.0001 -0.0663715 -0.673128 0.925408 -0.0599521 
551.946 1598.8 183.36 5.00016 -0.0654328 -0.885987 0.909102 -0.0468391 
564.792 1611.49 181.47 5.00031 -0.215564 -1.0594 0.892796 -0.0360908 
577.619 1620.65 176.529 7.33715 -0.32116 -1.19901 0.87649 -0.0276568 
586.479 1626.98 169.364 11.0123 -0.130706 -1.31104 0.860183 -0.020522 
588.981 1631.04 165.951 11.2694 -0.131952 -1.39832 0.843877 -0.0149842 
590.924 1633.32 162.505 11.5264 -0.133205 -1.46539 0.827571 -0.0111765 
592.308 1634.24 159.025 11.7834 -0.13446 -1.5182 0.811265 -0.00885678 
593.131 1634.09 155.511 12.0403 -0.135714 -1.5625 0.794959 -0.00766754 
593.392 1633.03 151.963 12.2972 -0.136969 -1.60323 0.778653 -0.00730688 
593.09 1631.15 148.382 12.5542 -0.138224 -1.64456 0.762347 -0.00754741 
592.223 1628.43 144.766 12.8111 -0.139478 -1.69018 0.746041 -0.00820532 
590.79 1624.78 141.117 13.0681 -0.140732 -1.74336 0.729734 -0.0091209 
588.79 1620.05 137.433 13.325 -0.141987 -1.80698 0.713428 -0.0101548 
586.221 1614.02 133.716 13.5819 -0.143246 -1.88356 0.697122 -0.011189 
583.081 1606.44 129.965 13.8389 -0.144504 -1.97524 0.680816 -0.0121259 
579.368 1597 126.18 14.0959 -0.145752 -2.08378 0.66451 -0.0128873 
575.081 1585.35 122.361 14.3529 -0.146978 -2.21054 0.648204 -0.0134129 
570.219 1571.13 118.509 14.6093 -0.148208 -2.35649 0.631898 -0.0136599 
564.78 1553.93 114.623 14.8655 -0.149526 -2.52214 0.615592 -0.0136029 
558.764 1533.37 110.702 15.1227 -0.150992 -2.70752 0.599285 -0.0132337 
552.166 1509.04 106.744 15.3832 -0.152395 -2.91212 0.582979 -0.0125615 
544.98 1480.56 102.748 15.6455 -0.153115 -3.13485 0.566673 -0.011611 
537.201 1447.54 98.7287 15.8988 -0.152819 -3.37397 0.550367 -0.0104221 
528.841 1409.67 94.7074 16.1286 -0.153257 -3.62697 0.534061 -0.00904697 
519.94 1366.65 90.6697 16.3493 -0.158939 -3.89046 0.517755 -0.00754811 
510.512 1318.27 86.5093 16.6434 -0.171481 -4.15992 0.501449 -0.00599565 
500.437 1264.42 82.0843 17.1071 -0.176608 -4.42928 0.485143 -0.00446508 
489.423 1205.09 77.5401 17.6033 -0.141821 -4.69022 0.468836 -0.00303535 
477.398 1140.46 73.6868 17.5103 -0.0618205 -4.93113 0.45253 -0.00178718 
465.331 1070.92 71.463 16.2069 -0.0511526 -5.13528 0.436224 -0.000799912 
455.289 997.242 69.4985 14.9259 -0.34127 -5.27834 0.419918 -0.000142718 
447.37 920.649 61.6778 18.3164 -0.920667 -5.32533 0.403612 0.000148326 
433.843 843.105 41.9676 30.2338 -0.88271 -5.22817 0.387306 0.000120889 
400.087 767.552 22.6407 40 1.4 -4.92731 0.369 0 
