grtopL_105_1
50
2 2
12 12 
0 6 9 1 10 2 7 8 5 4 3 14 
0 6 9 1 10 2 7 8 5 4 3 14 
175.143 51.1805 961.306 17.1295 146.782 146.748 99.0827 333.275 289.252 174.899 1928.9 
139607 0 72.2331 10.7446 139.061 149.766 59.2967 341.967 92.555 229.099 25.049 
3.57434 1.0445 19.6185 0.349582 2.99555 2.99486 2.0221 6.80153 5.9031 3.56937 39.3652 
2849.12 0 1.47415 0.219278 2.83799 3.05644 1.21014 6.97893 1.88888 4.6755 0.511205 
575.497 1.76319 1615.25 0.441955 7.64833 8.25492 6.15082 5.70609 18.9687 10.4832 1973.07 
1.45086e-06 22.3784 0.698004 0.423634 7.87311 7.95643 2.45654 5.35497 4.65286 3.48781 1.59052 
9537.64 2775.67 4475.8 18.8218 0.509268 0 0.161851 0 
9165.11 2200.17 3900.3 39.997 -1.39696 -6.27702 1.14642 -4.64911e-12 
8507.25 2293.11 3373.69 5.00073 -1.36821 -6.27701 -0.182242 -4.6501e-12 
7536.08 1736.07 2672.11 39.9827 -1.33521 -6.27701 0.372935 1.30734e-11 
6504.53 2434.37 2025.19 6.32067 -1.4 -5.51655 1.08476 -2.16812e-11 
5429.33 3033.48 1325.06 39.9493 1.23126 -6.27705 1.06421 -0.939926 
4261.88 2500.24 1955.47 13.3837 1.4 -6.27706 1.04366 -0.918517 
3142.05 1878.56 2573.81 32.503 -1.4 -6.277 1.0231 -4.08467e-12 
2125.23 1571.7 1910.01 40 -1.4 -6.25248 1.00256 2.31575e-10 
1024.29 2275.91 1933.83 39.997 1.39699 4.31516 0.982007 -2.34643e-10 
1373.4 2480.12 1713.24 39.9989 -0.107057 -6.27702 0.961461 1.34829e-10 
576.243 3103.92 2289.4 5.00065 -0.8779 -0.200614 -0.116002 -4.13613e-11 
-206.255 2530.8 2748.71 12.2731 1.4 -1.81028 -0.108648 -0.790067 
-1041.28 1905.65 3365.12 10.1828 -0.0731667 6.0342 -0.101295 0.768659 
-237.148 1322.3 3876.24 39.997 -1.39697 -6.13413 0.879286 -0.747252 
-75.5478 1040.69 3399.52 40 -1.4 3.16216 0.757368 -1.69446e-10 
589.46 1744.9 3609.65 5.00303 -1.39699 -4.41765 -0.0792341 0.704437 
291.065 1439.87 3573.25 39.997 -1.39698 6.27704 0.765311 -4.65354e-12 
331.055 1425.32 3594.43 39.997 1.39699 6.27704 0.797101 2.17008e-12 
371.75 1299.02 3323.02 5.00303 -1.39703 6.27704 0.770651 -0.640217 
410.1 768.482 3342.94 5.28686 -1.39698 6.27704 -0.0497907 -0.618812 
448.726 1096.23 3305.37 5.00303 -1.38256 6.27704 0.731823 -4.60587e-12 
488.855 869.071 3243.06 5.02828 -0.493091 6.27703 0.711399 -1.89123e-12 
866.509 1434.39 2603.6 5.00303 -1.39707 6.27705 0.694316 0.554607 
506.374 1155.05 1902.03 5.00303 -1.39698 6.27702 0.670413 0.533211 
1148.95 1190.04 1605.34 39.997 -1.39697 6.27717 0.653193 -4.64952e-12 
1829.76 1208.94 1212.17 5.00302 -0.179874 6.27722 0.632634 -1.77544e-12 
2480 1616.16 573.604 5.0008 0.39787 6.21844 0.612079 0.469036 
1921.11 1001.2 51.1054 39.997 -1.39703 6.27705 0.591525 -0.447536 
2444.05 571.027 105.288 5.00302 -1.39698 1.07055 0.570974 0.418603 
1551.7 710.176 65.7814 39.997 1.39702 2.03761 0.550425 -0.401341 
1672.58 1292.49 61.7882 5.00303 1.39698 1.59737 0.0312399 0.354571 
1778.67 988.798 59.6379 5.00302 1.11271 -0.275647 0.509332 7.8622e-11 
815.532 952.513 0.00426894 5.00302 -1.39704 3.17824 0.0746288 -0.00272732 
968.453 918.873 423.297 5.00302 -1.397 -0.024138 0.0569731 0.296242 
45.572 888.567 720.697 5.00001 -1.4 6.27706 0.063952 0.297752 
633.63 865.612 8.96608 5.00302 -1.39699 4.14213 0.0709353 0.276348 
1053.25 1053 261.126 33.9613 0.2292 -0.664531 0.0753696 0.254949 
1213.09 533.944 755.691 36.8455 1.397 6.27708 0.0849171 -1.66475e-10 
697.942 711.49 417.057 5.00309 -1.397 -0.441504 0.0919211 -0.21114 
884.809 1094.84 222.765 39.9989 -1.10426 4.92997 0.344984 -0.189962 
1369.82 864.561 740.357 5.00302 1.39699 5.00914 0.321809 0.169372 
1905.73 1141.07 889.793 39.988 1.07372 4.08923 0.112127 -0.147981 
2400.94 848.211 384.368 39.997 1.39704 0.899034 0.283364 0.126592 
2663.63 1266.1 0.00433604 28.5722 1.4 6.27708 0.262831 -0.105205 
2086.71 691.819 393.122 39.997 1.39704 -6.27705 0.2423 -0.0838191 
867.387 1303.99 1053.8 5.0013 -0.452374 6.27707 0.147924 0.062441 
444.262 1571.25 397.784 39.997 -1.39699 6.27701 0.148846 -0.0410732 
900.621 1182.3 0.00529744 5.00302 -1.39698 4.74783 0.156115 -0.0197522 
1355.02 1569.92 244.649 39.9952 0.0871833 6.27704 0.160851 0 
1355.02 1569.92 244.649 39.9952 0.0871833 6.27704 0.160851 0 
1324.58 1670.45 243.861 34.9528 1.31236 4.51796 -0.188175 -1.02838 
1299.04 1748.69 259.511 21.5556 1.35304 2.1474 -0.176563 -1.00697 
1288.11 1795.87 275.595 9.08789 -0.310974 -0.272782 -0.16494 -0.985562 
1290.83 1811.92 270.75 13.8113 -1.39448 -2.66239 -0.153347 -0.964323 
1289.46 1797.03 251.109 29.3896 -0.811031 -5.12077 0.383098 -0.395349 
1270.79 1751.1 238.724 34.1573 -0.341643 -6.26173 -0.120181 -0.00467582 
1246.47 1688.21 232.445 34.0561 -0.34605 -6.27156 -0.0930225 -0.00362299 
1222.11 1625.19 226.194 34.0793 -0.299689 -6.2799 -0.107099 0.000165687 
1197.77 1562.06 220.358 33.6037 -0.320543 -6.28 -0.0949204 0.000219063 
1173.53 1498.93 214.237 33.2939 -0.333881 -6.28 -0.0566413 0.000376171 
1149.47 1435.8 208.151 33.3298 -0.314653 -6.28 -0.0722645 0.000412947 
1125.57 1372.67 202.153 33.233 -0.360024 -6.28 -0.0606529 0.000549887 
1101.63 1309.54 195.541 33.3265 -0.394041 -6.19112 -0.0490396 0.00218679 
1077.25 1247.57 188.467 33.7472 -0.393384 -6.26002 0.00316355 0.000265696 
1052.08 1184.71 181.729 34.1121 -0.23917 -6.27978 -0.0252344 0.00267637 
1026.39 1121.84 176.658 32.9122 -0.049979 -6.26042 -0.000273595 -0.00832109 
1001.67 1058.97 174.106 32.2519 0.0195653 -6.26031 0.00840163 0.0127584 
977.563 996.094 173.242 32.1085 0.0239032 -6.2603 0.0193646 -0.0058937 
953.585 933.222 173.815 31.928 0.0318092 -6.2603 0.0305821 0.0196274 
929.808 870.35 175.748 31.6903 0.0391431 -6.2603 0.0424674 0.106847 
906.321 807.478 177.782 31.3933 0.0401561 -6.26042 0.0554163 0.00109272 
883.177 744.604 179.846 31.0947 0.0348862 -6.27978 0.0824979 0.00096781 
860.377 681.735 181.833 30.8945 0.00948475 -6.26048 0.0672749 0.00167494 
837.859 618.859 183.589 30.9751 0.0163953 -6.27132 0.0786956 0.0060724 
815.511 555.842 185.331 30.9355 -0.0309221 -6.28 0.0903061 0.101099 
793.162 492.71 186.566 31.4005 -0.0598039 -6.28 0.101918 -0.00339834 
770.426 429.578 187.415 32.1057 -0.00823206 -6.28 0.113531 -0.18761 
746.683 366.447 188.922 32.2329 0.152213 -6.28 0.125143 0.169684 
722.743 303.316 192.517 30.7518 0.523453 -6.28 0.136755 0.0858971 
700.347 240.184 200.981 25.7088 0.703525 -6.28 0.148593 0.0335362 
683.391 177.048 211.869 19.2873 0.210979 -6.00686 0.160192 0.0705323 
673.557 117.484 216.101 18.2977 0.684514 -4.33995 0.171864 0.0981462 
664.799 80.1095 226.847 12.4136 0.594685 -3.32309 0.183513 0.0015884 
662.513 56.142 236.549 7.829 0.365775 -3.53755 0.195226 0.0477306 
666.932 28.8591 243.372 6.17914 0.322663 -2.96978 0.206859 0.123077 
673.704 8.95164 249.669 5.10042 0.227545 -2.2306 0.218567 0.11155 
681.854 0.0888167 254.701 5.09209 0.225486 -1.51268 0.230194 0.00122955 
691.364 0.865627 259.706 5.0982 0.225007 -1.48438 0.241831 -0.000314152 
701.037 1.32973 264.704 5.10184 0.225529 -1.53918 0.253478 0.000247683 
710.835 0.916909 269.709 5.09327 0.226617 -1.53376 0.265166 0.000420712 
720.77 0.501568 274.729 5.0679 0.226727 -1.49651 0.276957 -2.02607e-05 
730.863 0.517768 279.75 5.03681 0.225065 -1.52575 0.288906 -0.0099194 
741.117 0.191234 284.751 5.01796 0.219082 -2.22314 0.300634 0.017618 
751.513 -10.0154 289.726 5.01525 0.216848 -1.98484 0.315174 0.0898713 
762.046 -16.5342 294.673 5.0245 -0.00389355 -0.157156 0.360822 0.0862152 
772.789 0.472013 295.251 5.00854 -0.00717723 1.58008 0.3957 0.0648248 
783.589 40.1863 295.228 5.0005 -0.126982 3.33534 0.392049 0.0432343 
794.455 105.629 292.38 5.00052 -0.907502 5.05948 0.385054 -0.000613307 
805.507 193.327 279.506 15.9267 -0.0887888 3.70582 0.369 0 
805.507 193.327 279.506 15.9267 -0.0887888 3.70582 0.369 0 
607.714 -130.405 190.774 5 1.39971 0.285641 0.334774 -1.02855 
2319.57 1938.95 404.963 17.0085 1.26426 -3.54048 0.215308 0.0322836 
2232.96 3071.93 483.623 5.00001 -1.08092 -4.39642 1.11071 -0.444952 
2698.07 764.73 453.511 26.3566 -0.329051 -4.87212 1.02593 0.477602 
3173.93 200.771 482.769 22.4622 -1.39999 1.62242 0.0834895 0.000231223 
1951.49 -0.121518 401.491 39.3878 -0.697734 -2.34405 -0.130291 0.000230686 
1721.8 -0.471533 421.688 29.9434 1.00178 -0.973646 -0.118679 0.000225847 
1358.37 -0.804382 355.834 21.5412 -1.39999 -0.32759 -0.107062 0.000119849 
569.812 -0.438413 376.298 39.6187 -1.38021 -1.66607 -0.0773165 -2.85591e-05 
133.975 -0.0658346 375.628 30.944 1.22035 -1.86308 0.189515 -0.0248879 
-48.6101 0.196784 337.679 23.6327 -0.498737 -3.16977 -0.0722516 0.814195 
-118.462 -1.73403 969.559 40 0.716362 -3.13529 -0.0606394 0.0135885 
-114.252 1.76183 542.893 16.2582 -0.187058 -3.11375 -0.0490063 0.0304377 
-88.8997 0.0812025 576.605 33.7555 1.39999 -1.75493 0.259162 -0.000102521 
-39.9202 0.0334144 571.664 21.4518 -0.110622 -1.56301 0.0483907 -0.00100824 
-41.9365 0.0340309 606.671 22.8926 -0.13617 -1.48285 0.226698 -0.00211022 
-51.784 0.0390182 618.672 21.8807 0.0104174 -2.22293 0.227659 -0.00119927 
-46.8514 0.0372205 614.116 31.2608 -0.0250144 -1.61224 0.140444 -0.000771165 
-155.94 0.00693593 625.349 13.8708 0.0284792 -1.97708 0.469951 -8.2444e-05 
-71.3244 0.0293724 619.55 21.0317 0.0438727 -1.62143 0.0373961 -1.9434e-05 
-67.3667 0.0238178 615.531 21.9181 0.0518464 -1.57473 0.234212 -1.56856e-05 
-62.0136 0.0216331 609.562 18.854 0.0583088 -1.55421 0.0555033 -1.40583e-05 
-37.6257 0.0155474 604.602 21.878 0.103854 -0.715705 0.233278 -1.32132e-05 
-32.5166 -0.0103263 602.717 21.0489 0.274488 -1.61627 0.0787278 -1.15203e-05 
-24.5536 -0.00253679 646.992 13.6413 0.53476 -1.68943 0.235975 -1.1896e-05 
14.4127 -0.0194219 675.637 26.1864 1.39999 -1.36549 0.390549 -1.40004e-05 
214.233 -0.129113 664.81 6.54041 0.340081 -1.41937 0.272104 -5.08946e-05 
496.334 -0.418686 489.866 16.7488 -0.501073 -2.2773 0.713415 -0.000594192 
815.633 -0.674613 643.64 32.1858 0.518162 -2.55318 0.292163 -0.00127995 
965.557 -0.358645 642.916 18.4961 -1.37942 -2.36213 0.680803 -0.00168794 
1306.61 -1.34985 580.225 5.00369 -0.510608 -1.68529 0.663148 0.0478853 
1581.17 -0.768328 475.423 5.00003 0.455535 -3.06152 0.644226 0.00455019 
1791.28 1.26242 499.795 15.9133 0.858283 0.246227 0.631885 -0.343104 
2077.69 243.957 489.248 5.2209 -0.13406 -0.137358 0.610814 0.000144708 
2325.63 225.324 464.973 5.1687 -1.1324 -0.377172 0.526457 4.17513e-05 
2539.34 166.801 490.404 5.00001 1.39999 -2.33807 0.581663 0.000350164 
3067.28 114.665 491.1 25.0774 1.31512 -0.674832 0.493807 0.00204318 
3003.23 17.8327 548.265 11.5717 0.613158 -1.31045 0.550355 0.046172 
3195.74 -16.029 416.331 22.1638 -1.39999 -4.72952 0.25289 0.21505 
3386.46 -393.609 357.389 5.13789 -1.39999 -0.607567 0.517739 0.193642 
2970.12 1457.11 443.521 16.9504 1.39999 6.28 0.501433 -0.0988251 
3311.21 4994.04 271.162 8.00721 1.39999 6.28 0.32088 -0.147707 
2304.76 8530.83 240.993 34.5611 -1.39998 6.28 0.468584 -0.00567802 
2286.17 12068 270.22 30.2101 -1.39999 4.81811 0.452283 -0.0255544 
2118.1 15247.3 299.024 38.3003 -1.39999 1.67535 0.322782 -0.00767969 
1868.29 14426.8 328.579 31.9368 -1.39901 -4.95373 0.334392 -0.000928724 
1686.44 11983.6 360.459 23.7348 -0.437132 -4.60556 0.403375 -0.000454501 
1559.65 9625.44 299.849 30.0064 1.0413 -4.55154 0.38729 -0.00672719 
1438.74 7280.62 283.71 39.9991 0.0898183 6.23403 0.369 0 
1438.74 7280.62 283.71 39.9991 0.0898183 6.23403 0.369 0 
1428.84 7315.11 283.555 38.4107 0.783785 5.79344 -0.188388 -1.02859 
1419.43 7347.68 286.437 34.6718 1.04541 5.10477 -0.176776 -1.00718 
1411.32 7377.24 290.488 30.1687 1.15876 4.42114 -0.165163 -0.985776 
1404.81 7403.82 295.064 25.4152 1.09302 3.74255 -0.153551 -0.964367 
1400.01 7427.44 299.386 21.0128 0.838751 3.06901 -0.141939 -0.942959 
1396.81 7448.12 302.63 17.577 0.411443 2.40051 -0.130327 -0.921551 
1394.87 7465.88 304.035 15.6548 -0.148072 1.73706 -0.118714 -0.900143 
1393.66 7480.75 303.012 15.6417 -0.776575 1.07866 -0.107102 -0.878735 
1392.5 7492.75 299.248 17.7125 -1.39482 0.42531 0.697691 -0.857327 
1390.64 7501.9 292.772 21.6211 -1.4 -0.222989 0.45769 -0.835918 
1387.36 7508.22 286.247 25.4821 -1.4 -0.866239 0.718781 -0.81451 
1382.67 7511.73 279.695 29.183 -1.07036 -1.50444 0.974327 -0.793102 
1376.59 7512.46 274.554 31.6356 -0.423 -2.13759 0.202115 -0.771694 
1369.56 7510.43 272.221 32.0189 -0.180715 -2.7657 -0.0374286 -0.750286 
1362.35 7505.67 270.941 31.6333 -0.0799007 -3.38876 -0.0258163 -0.728878 
1355.25 7498.18 270.104 30.9219 0.0120289 -4.00677 -0.0142041 -0.707469 
1348.39 7488 269.673 29.9234 0.0816549 -4.61972 -0.00259184 -0.686061 
1341.87 7475.14 269.552 28.72 0.117229 -5.22762 0.00902041 -0.664653 
1335.77 7459.64 269.595 27.4306 0.110459 -5.83046 0.0206327 -0.423459 
1330.23 7441.5 269.618 26.198 0.0580062 -6.28 0.0322449 0.00296857 
1325.52 7421.4 269.42 25.1722 -0.037545 -6.28 0.0438571 0.0155224 
1321.04 7401.3 268.813 24.4905 -0.167424 -6.28 0.0554694 0.303114 
1317.15 7381.2 267.644 24.257 -0.31724 -5.88518 0.0670816 0.557612 
1313.34 7362.82 265.823 24.525 -0.468371 -5.30954 0.0786939 0.536204 
1309.44 7346.96 263.341 25.2847 -0.600084 -4.73896 0.0903061 0.514796 
1305.27 7333.58 260.28 26.4576 -0.692163 -4.17343 0.101918 0.493388 
1300.67 7322.67 256.808 27.9006 -0.727733 -3.61297 0.113531 0.47198 
1295.55 7314.2 253.171 29.4184 -0.695929 -3.05758 0.125143 0.450571 
1289.85 7308.16 249.662 30.7852 -0.594008 -2.50724 0.136755 0.429163 
1283.65 7304.52 246.589 31.7727 -0.428566 -1.96198 0.148367 0.407755 
1277.06 7303.26 244.23 32.1809 -0.215603 -1.42178 0.15998 0.386347 
1270.29 7304.35 242.797 31.8685 0.0206961 -0.886646 0.171592 0.364939 
1263.59 7307.78 242.397 30.7786 0.250437 -0.356584 0.183204 0.343531 
1257.26 7313.52 243.007 28.955 0.441523 0.168407 0.194816 0.322122 
1251.55 7321.55 244.463 26.5469 0.563839 0.688327 0.206429 0.300714 
1246.69 7331.85 246.469 23.7991 0.593583 1.20317 0.218041 0.279306 
1242.81 7344.39 248.624 21.0284 0.517196 1.71295 0.229653 0.257898 
1239.92 7359.15 250.466 18.5878 0.334279 2.21766 0.241265 0.23649 
1237.92 7376.12 251.526 16.8213 0.0590163 2.71729 0.252878 0.215082 
1236.57 7395.26 251.399 16.0163 -0.280258 3.21185 0.26449 0.193673 
1235.53 7416.56 249.797 16.3579 -0.643487 3.70134 0.276102 0.172265 
1234.4 7440 246.608 17.8928 -0.983169 4.18575 0.287714 0.150857 
1232.73 7465.55 241.927 20.5092 -1.25011 4.66509 0.299327 0.129449 
1230.12 7493.19 236.064 23.9348 -1.4 5.13936 0.310939 0.108041 
1226.29 7522.9 229.522 27.7583 -1.4 5.60854 0.322551 0.0866327 
1221.06 7554.66 222.954 31.4708 -1.23444 6.07265 0.334163 0.00186878 
1214.47 7588.44 217.082 34.5262 -0.908765 6.28 0.345776 -8.18289e-06 
1206.73 7623.13 212.609 36.4117 -0.450943 6.28 0.357388 -0.000178767 
1198.25 7657.82 210.12 37.1338 0.09 6.0617 0.369 0 
1198.25 7657.82 210.12 37.1338 0.09 6.0617 0.369 0 
1132.21 7935.48 220.403 35.651 1.16076 -0.898609 -0.188388 -0.258322 
1070.37 7952.98 270.796 5 0.344749 -6.28 -0.176776 0.000278602 
1104.55 7769.27 292.526 5 0.344075 -6.28 -0.165163 0.00026874 
1140.36 7585.56 314.231 5 0.343402 -6.28 -0.153551 0.000259186 
1177.79 7401.85 335.91 5 0.342728 -6.28 -0.141939 0.000251859 
1216.85 7218.14 357.564 5 0.342054 -6.28 -0.130327 0.000238141 
1257.53 7034.42 379.193 5 0.34138 -6.28 -0.118714 0.000228359 
1299.84 6850.71 400.797 5 0.340707 -6.28 -0.107102 0.000217188 
1343.76 6667 422.375 5 0.340033 -6.28 -0.0954898 0.000207503 
1389.29 6483.29 443.929 5 0.339359 -6.28 -0.0838776 0.000204317 
1436.44 6299.58 465.457 5 0.338686 -6.28 -0.0722653 0.000193092 
1485.21 6115.87 486.96 5 0.338012 -6.28 -0.0606531 0.000181524 
1535.58 5932.15 508.438 5 0.337338 -6.28 -0.0490408 0.000275928 
1587.57 5748.44 529.891 5 0.336664 -6.28 -0.0374286 0.000146981 
1641.16 5564.73 551.318 5 0.335991 -6.28 -0.0258163 0.000513712 
1696.35 5381.02 572.72 5 0.335317 -6.28 -0.0142041 0.000123934 
1753.15 5197.31 594.097 5 0.334643 -6.28 -0.00259184 3.60851e-05 
1811.55 5013.59 615.449 5 0.33397 -6.28 0.00902041 5.46628e-06 
1871.55 4829.88 636.776 5 0.333296 -6.28 0.0206327 5.61549e-05 
1933.15 4646.17 658.078 5 0.332622 -6.28 0.0322449 0.00073288 
1996.35 4462.46 679.354 5 0.331948 -6.28 0.0438571 0.000303841 
2061.13 4278.75 700.605 5 -0.250495 -6.28 0.811265 0.000166397 
2127.95 4095.04 690.623 5 -0.249549 -6.28 0.794959 0.000120114 
2194.02 3911.32 674.843 5 -0.248603 -6.28 0.778653 8.63856e-05 
2258.9 3727.61 659.098 5 -0.247657 -6.28 0.762347 7.16606e-05 
2322.6 3543.9 643.389 5 -0.246711 -6.28 0.746041 -9.70122e-06 
2385.13 3360.19 627.715 5 -0.245765 -6.28 0.729735 0.00258665 
2446.48 3176.47 612.076 5 -0.244819 -6.28 0.713429 0.000237679 
2506.66 2992.76 596.473 5 -0.243873 -6.28 0.697122 0.000230514 
2565.67 2809.05 580.905 5 -0.242927 -6.28 0.680816 7.34595e-05 
2623.52 2625.34 565.372 5 -0.241981 -6.28 0.66451 7.97532e-05 
2680.2 2441.63 549.875 5 -0.241035 -6.28 0.648204 3.00706e-05 
2735.72 2257.91 534.413 5 -0.240089 -6.28 0.631898 -6.51542e-05 
2790.08 2074.2 518.987 5 -0.239143 -6.28 0.615592 0.00010819 
2843.29 1890.49 503.596 5 -0.238197 -6.28 0.599286 0.000180191 
2895.34 1706.78 488.24 5 -0.237251 -6.28 0.58298 0.000417115 
2946.24 1523.07 472.919 5 -0.236305 -6.27999 0.566673 0.0397787 
2995.99 1339.35 457.634 5 -0.235359 -6.11745 0.550367 0.236477 
3044.6 1161.72 442.385 5 -0.234409 2.0126 0.534061 -0.212369 
3092.31 1287.96 427.17 5 -0.23346 6.27997 0.517755 -5.43041e-06 
3139.01 1573.7 411.992 5 -0.232514 6.27996 0.501449 -2.13275e-05 
3184.57 1859.44 396.848 5 -0.231568 6.27995 0.485143 -9.77329e-06 
3229 2145.18 381.74 5 -0.230622 6.27994 0.468837 -7.19241e-06 
3272.29 2430.93 366.668 5 -0.229676 6.27993 0.452531 -4.92089e-06 
3314.46 2716.67 351.63 5 -0.22873 6.2799 0.436224 -3.1805e-06 
3355.5 3002.41 336.628 5 -0.227784 6.27985 0.419918 -8.97823e-06 
3395.41 3288.14 321.662 5 -0.226838 6.14625 0.403612 3.99357e-06 
3434.2 3568.89 306.731 5 -1.4 6.28 0.372667 -0.000231521 
3472.75 3854.63 247.95 39.4861 -0.000753083 0.608535 0.369 0 
3472.75 3854.63 247.95 39.4861 -0.000753083 0.608535 0.369 0 
3400.19 3927.85 255.307 40 1.29813 -5.49718 -0.188388 -0.013928 
3325.49 3772.91 311.17 5 0.366148 -6.2769 -0.176775 0.000332328 
3360.45 3588.75 334.302 5 0.365474 -6.27537 -0.165163 0.000481439 
3397.14 3404.64 357.41 5 0.3648 -6.27299 -0.153551 -0.000808558 
3435.56 3220.63 380.492 5 0.364127 -6.25718 -0.141939 0.00527196 
3475.71 3037.2 403.549 5 0.363453 -6.05424 -0.130326 -0.000621195 
3517.59 2861.36 426.581 5 0.362779 -6.25291 -0.118714 -0.00117665 
3561.19 2678.1 449.588 5 0.362105 -6.26153 -0.107102 -0.000314377 
3606.51 2494.51 472.569 5 0.361432 -6.26867 -0.0954897 0.000716691 
3653.56 2310.66 495.526 5 0.360758 -6.27111 -0.0838774 0.000295324 
3702.32 2126.71 518.457 5 0.360084 -6.27228 -0.0722652 0.000453159 
3752.8 1942.72 541.363 5 0.359411 -6.27291 -0.0606529 0.00122112 
3805 1758.71 564.244 5 0.358737 -6.27324 -0.0490406 0.00701737 
3858.91 1574.69 587.1 5 0.358063 -6.27336 -0.0374284 0.000268234 
3914.53 1390.66 609.93 5 0.357389 -6.2733 -0.0258161 0.00012705 
3971.87 1206.63 632.735 5 0.356716 -6.27305 -0.0142038 0.0001273 
4030.91 1022.61 655.516 5 0.356042 -6.27256 -0.0025914 0.000257172 
4091.65 838.612 678.271 5 0.355368 -6.27171 0.00902106 0.000489939 
4154.1 654.645 701 5 0.354694 -6.27018 0.0206339 0.000158949 
4218.25 470.735 723.705 5 0.165815 -6.26708 0.485294 0.000524226 
4284.25 286.94 739.352 5 -0.27284 -6.25793 0.82757 0.0223832 
4351.74 103.488 722.096 5 -0.271893 -4.18265 0.811265 0.0295211 
4418 -2.41534 704.877 5 -0.270945 -1.35275 0.794959 5.20868e-05 
4483.06 -2.56971 687.692 5 -0.269999 -1.34643 0.778653 2.34055e-05 
4546.83 -2.48794 670.543 5 -0.269053 -1.34485 0.762347 -1.88724e-06 
4609.32 -2.34695 653.43 5 -0.268107 -1.3446 0.746041 -2.67997e-06 
4670.52 -2.19693 636.351 5 -0.267161 -1.34454 0.729735 -1.01947e-06 
4730.44 -2.04462 619.309 5 -0.266215 -1.34447 0.713428 -1.56804e-05 
4789.09 -1.88961 602.301 5 -0.265269 -1.34675 0.697122 -6.50148e-06 
4846.46 -1.81958 585.329 5 -0.264323 -1.34772 0.680816 -5.10211e-06 
4902.56 -1.786 568.392 5 -0.263377 -1.34849 0.66451 -2.07254e-05 
4957.4 -1.78122 551.49 5 -0.262431 -1.35283 0.648204 1.84842e-05 
5010.96 -1.93863 534.624 5 -0.261485 -1.34762 0.631898 -0.000597849 
5063.26 -1.90134 517.793 5 -0.260539 -1.51845 0.615592 0.000983709 
5114.3 -8.24749 500.998 5 -0.259593 -1.20002 0.599286 -0.00041088 
5164.09 -2.69457 484.238 5 -0.258647 -1.35069 0.58298 0.004957 
5212.62 -2.77193 467.513 5 -0.2577 0.970149 0.566673 0.0176242 
5259.96 83.8766 450.824 5 -0.256751 6.25681 0.550367 0.00183436 
5306.21 368.079 434.17 5 -0.255805 6.26675 0.534061 0.000243219 
5351.22 652.653 417.551 5 -0.254859 6.27 0.517755 1.8785e-05 
5394.98 937.348 400.968 5 -0.253913 6.27157 0.501449 2.78756e-05 
5437.49 1222.1 384.42 5 -0.252967 6.27244 0.485143 1.53878e-05 
5478.77 1506.89 367.908 5 -0.252021 6.27293 0.468837 -5.52479e-06 
5518.81 1791.69 351.43 5 -0.251075 6.27316 0.452531 -4.14423e-06 
5557.62 2076.51 334.989 5 -0.250129 6.27317 0.436224 -2.69018e-06 
5595.19 2361.32 318.582 5 -0.249183 6.27298 0.419918 -1.48608e-06 
5631.54 2646.13 302.211 5 -0.248237 6.27253 0.403612 -4.34994e-07 
5666.65 2930.92 285.875 5 -1.4 6.27714 0.3726 -0.000217598 
5701.41 3215.88 226.5 39.1818 -0.000614025 0.761093 0.369 0 
5701.41 3215.88 226.5 39.1818 -0.000614025 0.761093 0.369 0 
5641.33 3268.6 219.759 28.2698 0.226441 -5.38737 1.14784 1.0284 
5615.02 3178.24 231.31 14.0228 0.773633 2.19348 -0.176348 -1.00675 
5617.97 3269.17 245.55 5 -0.317867 -5.1127 1.12062 0.000461984 
5640.28 3173.63 244.488 5 -0.318963 -4.35022 1.10453 0.000442808 
5662.56 3109.46 234.003 5 -1.39995 -4.05146 1.08805 -0.647304 
5684.86 3040.69 195.212 38.0668 -0.139911 1.19413 -0.129904 -0.92112 
5637.82 3116.62 188.78 39.9994 -0.599734 -4.78952 0.781394 0.000424957 
5574.35 3029.29 166.889 39.9944 1.39481 -6.2799 -0.107094 0.000489159 
5521.06 2904.36 195.446 14.8822 -0.0195274 -4.38284 1.02283 0.000363924 
5520.72 2827.27 189.221 13.0054 -0.20518 -5.05855 -0.0834422 0.000392156 
5523.95 2733.12 178.461 23.117 -0.0803236 -5.05861 0.990205 0.000913978 
5493.84 2639 170.373 27.977 -0.189815 -5.0586 0.973551 0.00079212 
5453.54 2544.88 159.321 29.3966 -0.356148 -5.05882 0.957211 0.000299774 
5417.3 2450.76 144.005 26.263 -0.240693 -5.05825 -0.0348427 0.000282206 
5379.16 2356.64 131.728 22.5332 0.00728708 -4.92633 -0.0240736 0.000271018 
5347.82 2265.85 125.86 14.6446 -0.653708 -5.46843 -0.013796 0.70746 
5332.46 2161.35 103.641 21.2984 0.243295 1.66509 -0.00219493 0.315151 
5302.21 2237.02 103.789 21.3494 -0.017264 -4.04255 0.00945005 0.000840186 
5271.88 2168.52 108.551 14.0956 -1.39911 -3.94018 0.859797 0.000236689 
5257.16 2102.59 78.9016 33.6126 0.201382 -3.93012 0.0343924 0.00022962 
5209.45 2036.95 77.4818 20.1114 0.0169542 -3.92984 0.0442765 0.000222208 
5180.28 1971.3 84.2395 12.3681 -1.39915 -3.93559 0.81088 0.000212346 
5167.83 1905.49 55.4171 32.2252 -0.164877 -3.93017 0.0674853 0.000212326 
5125.18 1839.85 44.8214 28.5327 0.620476 -3.93162 0.777691 0.000193165 
5077.03 1774.17 54.1915 13.6582 -0.175585 -3.93244 0.090702 0.000180509 
5059.82 1708.44 44.084 22.8963 -0.214846 -3.25051 0.102334 0.492975 
5023.46 1659.93 44.8832 19.0803 -0.0593891 -6.27953 0.395648 0.00077378 
4994.72 1545.21 49.763 20.7399 0.223596 -5.40356 0.125537 0.000131892 
4962.74 1442.36 49.4443 21.1118 -0.912473 -5.42759 0.137154 0.000119811 
4930.57 1351.19 32.7191 31.2025 1.13329 -5.42774 0.148736 0.000196046 
4885.85 1260.04 54.9213 12.3734 -1.3988 -5.42851 0.664136 0.000190565 
4871.87 1168.82 26.2651 32.3846 0.379924 -5.42892 0.171989 0.000130261 
4827.38 1077.6 41.6982 19.0039 0.736012 -5.42881 0.62577 0.000113668 
4798.39 986.366 66.66 9.28506 -1.39734 -5.4286 0.615201 0.000100568 
4791.24 895.121 38.1609 39.9761 0.814967 -5.23677 0.206429 8.88366e-05 
4719.48 803.957 64.2667 25.7605 0.594976 -4.02304 0.556763 7.78663e-05 
4689 740.378 85.3967 17.7149 -0.0596268 -5.7236 0.229654 6.72782e-05 
4665.07 629.452 90.336 23.922 0.0725767 -6.27953 0.241266 4.17057e-05 
4640.15 516.666 98.3599 26.5578 0.0821623 -6.2799 0.252878 5.86837e-05 
4610.58 391.706 106.519 28.5633 -0.425874 -6.2799 0.264779 0.101891 
4565.96 266.75 90.6787 39.9773 0.642229 -6.27953 0.276102 -0.171882 
4509.08 154.019 112.426 28.9997 0.690203 -2.15347 0.287714 -0.148038 
4463.4 133.255 135.828 18.8932 0.97337 3.79019 0.299327 0.126714 
4439.42 274.642 166.783 5 -1.33503 -2.17835 0.310939 0.108041 
4447.4 253.13 140.057 37.6893 -0.0326635 4.12258 0.322552 0.00101395 
4386.25 402.949 144.869 39.9913 -0.332947 0.211699 0.334524 -0.0606672 
4320.54 454.037 141.902 40 0.798871 6.27969 0.345781 -2.95963e-06 
4254.22 658.282 167.601 25.9344 1.2765 6.27982 0.357389 -0.000214306 
4225.68 862.506 205.919 5 0.0896282 4.91434 0.369 0 
4225.68 862.506 205.919 5 0.0896282 4.91434 0.369 0 
4282.5 1407.06 221.947 5 -0.241572 -0.76971 1.15369 -0.51333 
4342.23 1469.23 209.866 14.8011 0.232014 -2.76684 -0.176776 -0.00116911 
4332.32 1361.97 236.644 5 0.130965 -5.83982 0.395456 0.00299533 
4393.57 993.857 256.179 5 0.130965 -6.2789 0.395456 0.143197 
4458.11 588.485 275.715 5 0.130965 -4.73478 0.395456 0.249981 
4526.08 314.155 295.25 5 0.130967 -1.50418 0.395456 -0.000687748 
4597.59 313.995 314.786 5 0.130967 -1.51311 0.395456 0.00184763 
4672.42 313.076 334.321 5 0.130967 -1.49603 0.395456 -0.00134535 
4750.57 313.607 353.857 5 0.130967 -1.48594 0.395456 2.38795e-06 
4832.05 314.995 373.392 5 0.130967 -1.51942 0.395456 -0.000126199 
4916.84 313.541 392.928 5 0.130967 -1.50968 0.395456 0.000759526 
5004.96 312.914 412.463 5 0.130967 -1.49611 0.395456 -0.000340024 
5096.4 313.438 431.999 5 0.130967 -1.50202 0.395456 -0.000186248 
5191.16 313.461 451.534 5 0.130967 -1.50415 0.395456 6.86842e-05 
5289.25 313.303 471.07 5 0.130967 -1.50629 0.395456 4.10143e-06 
5390.65 312.964 490.605 5 0.130967 -1.50202 0.395456 5.90648e-06 
5495.38 312.987 510.141 5 0.130966 -1.50259 0.395481 4.37457e-06 
5603.43 312.961 529.676 5 0.131283 -1.50284 0.390015 -2.43619e-05 
5714.8 312.915 549.238 5 0.0622867 -1.52156 0.614335 2.73062e-05 
5829.61 311.279 562.945 5 -0.0717998 -1.48509 0.843878 -6.56277e-06 
5946.98 312.738 553.861 5 -0.0708537 -1.50219 0.827571 8.1362e-05 
6062.81 312.746 544.856 5 -0.0699077 -1.50073 0.811265 -0.000194115 
6177.1 312.878 535.932 5 -0.0689617 -1.50286 0.794959 -0.000176302 
6289.88 312.829 527.088 5 -0.0680156 -1.5116 0.778653 0.00030109 
6401.14 312.039 518.325 5 -0.0670696 -1.49918 0.762347 -9.89636e-05 
6510.92 312.302 509.642 5 -0.0661236 -1.50434 0.746041 -9.27095e-06 
6619.22 312.127 501.039 5 -0.0651775 -1.50321 0.729735 4.67478e-05 
6726.05 312.049 492.516 5 -0.0642315 -1.50555 0.713429 7.29132e-05 
6831.44 311.772 484.073 5 -0.0632855 -1.49036 0.697122 -0.000389754 
6935.38 312.784 475.711 5 -0.0623394 -1.51884 0.680816 0.000363514 
7037.9 311.379 467.43 5 -0.0613934 -1.49763 0.66451 -3.53115e-05 
7139.02 311.774 459.228 5 -0.0604474 -1.4925 0.648204 -5.12731e-05 
7238.73 312.604 451.107 5 -0.0595013 -1.51304 0.631898 -0.000261543 
7337.07 311.691 443.066 5 -0.0585553 -1.51393 0.615592 0.000334164 
7434.03 310.703 435.105 5 -0.0576093 -1.49412 0.599286 -0.000113196 
7529.64 311.396 427.225 5 -0.0566632 -1.50308 0.58298 -1.26262e-05 
7623.91 311.328 419.425 5 -0.0557172 -1.50409 0.566673 1.05455e-05 
7716.85 311.175 411.705 5 -0.0547712 -1.49044 0.550367 -1.51357e-05 
7808.48 312.181 404.065 5 -0.0538251 -1.52324 0.534061 5.52395e-05 
7898.8 310.402 396.506 5 -0.0528791 -1.48876 0.517755 2.28512e-05 
7987.84 311.55 389.027 5 -0.0519331 -1.49146 0.501449 -0.00219605 
8075.61 312.469 381.628 5 -0.0509873 -2.0095 0.485143 0.0117833 
8162.08 269.424 374.31 5 -0.0500399 0.576258 0.468837 0.0599558 
8247.48 445.822 367.072 5 -0.0490909 6.27719 0.452531 -5.22383e-05 
8332.03 1106.04 359.914 5 -0.0481449 6.27736 0.436224 -2.82304e-05 
8415.37 1766.26 352.837 5 -0.0471988 6.27927 0.419918 -0.000438505 
8497.5 2426.65 345.84 5 -0.0563618 5.38205 0.403612 -0.00051084 
8578.39 3010.9 338.066 5.65267 -0.582867 3.4381 0.387306 0.0080847 
8654.29 3430.18 285.52 40 -0.09 2.05349 0.369 0 
8654.29 3430.18 285.52 40 -0.09 2.05349 0.369 0 
8473.76 3678.26 258.172 40 0.138834 -6.27983 -0.188388 0.000179912 
8287.83 3312.51 247.654 38.6742 -0.603479 -6.28 0.408636 0.000801701 
8109.26 2946.75 182.616 40 -0.589599 -6.28 0.326737 0.000769514 
7913.26 2581 118.444 40 -0.582905 -6.28 0.335148 0.000888466 
7708.6 2215.33 55.1238 39.9825 -0.513021 -6.28 0.32633 0.000661307 
7496.04 1853.73 4.54378 39.9949 -0.114843 -6.27536 -0.120946 0.00144884 
7276.48 1496.65 0.410493 40 0.103185 -6.2795 0.019648 0.0140175 
7052.57 1140.29 0.435516 39.9831 0.00472798 -6.28 0.166199 0.00530444 
6830.33 775.001 0.681676 40 0.100315 -6.28 0.0670118 0.000929626 
6606.47 409.243 0.62409 39.9999 0.058012 -6.28 0.0575061 0.0141507 
6382.66 46.6971 0.448772 39.9978 0.00239671 -2.2514 0.0861427 0.00190638 
6159.2 -3.62957 0.151287 39.9601 -0.0841759 -1.78148 -0.055943 4.41578e-05 
5938.99 -4.26754 0.00606754 39.998 0.0880768 -1.83459 -0.0488357 0.000125384 
5715.59 -4.79435 1.41085 39.9918 0.00385395 -1.8122 -0.0349951 -4.61301e-05 
5494.75 -3.87397 0.0177529 39.9912 0.0559355 -1.70416 -0.0257433 -7.46206e-06 
5271.49 -4.14609 4.43508 40 0.105059 -1.84223 -0.0141981 0.00020124 
5048.42 -5.24064 2.56587 40 0.104397 -1.79852 -0.00258491 -0.000122213 
4825.09 -3.129 27.0505 40 0.103725 -1.68962 0.00902815 1.34823e-05 
4605.37 -3.25547 51.8756 40 0.103047 -1.71073 0.0207009 8.83009e-05 
4389.32 -3.36826 76.6407 40 0.101804 -1.81708 0.0322564 6.89011e-05 
4176.92 -3.32788 101.33 39.9934 0.101298 -1.80954 0.04387 3.3364e-06 
3968.19 -3.16193 125.983 40 0.100533 -1.82464 0.0554814 1.99038e-06 
3763.06 -2.99713 150.579 40 0.0997115 -1.82515 0.067094 -7.24568e-05 
3561.57 -2.83577 175.116 40 0.183482 -1.82646 0.0786988 -1.80038e-05 
3363.61 -2.73106 205.777 35.3041 0.677939 -1.82391 0.0903062 0.000709692 
3197.15 -2.50405 273.41 5.11513 0.398784 -1.66652 0.102902 0.000794744 
3221.48 -2.60841 324.004 5.01949 0.397306 -1.36567 0.114497 -9.66064e-07 
3288.51 -2.64973 374.516 5.01492 0.396062 -1.3495 0.12642 6.48547e-07 
3362.22 -2.6803 424.925 5.00474 0.394329 -1.34941 0.137957 6.39619e-05 
3441.53 -2.64695 475.22 5.00452 0.393618 -1.34001 0.149564 1.39229e-05 
3527.6 -2.57637 525.465 5.00457 0.393006 -1.33809 0.161352 -9.31181e-07 
3620.44 -2.47325 575.662 5.00388 0.392314 -1.33826 0.173131 -4.8362e-05 
3720.05 -2.35373 625.81 5.00287 0.391521 -1.36554 0.184906 7.85668e-05 
3826.39 -4.2927 675.902 5.00296 0.391209 -1.31965 0.220654 -2.12053e-05 
3939.48 -2.88976 725.959 5.00287 0.213427 -1.33538 0.242418 -2.57119e-05 
4059.56 -2.69352 762.488 5.02039 -0.263453 -1.35208 0.302617 3.26427e-05 
4186.34 -4.05072 736.759 5.01741 -0.304625 -1.32538 0.558854 -5.79802e-06 
4310.28 -3.13031 697.839 5.04886 -0.303717 -1.33358 0.543417 -8.16408e-07 
4429 -3.10783 658.964 5.06076 -0.30287 -1.3393 0.527284 -7.94703e-06 
4542.48 -3.29584 620.152 5.05563 -0.301925 -1.35251 0.510972 2.00264e-05 
4650.74 -4.52556 581.412 5.05184 -0.300323 -1.31732 0.494771 0.000912534 
4753.77 -3.17173 542.759 5.03689 -0.299516 1.02868 0.47839 0.00151199 
4851.8 204.526 504.168 5.03689 -0.298589 6.28 0.462925 0.000179695 
4944.93 801.658 465.644 5.0267 -0.298089 6.26731 0.446868 5.7595e-05 
5032.85 1387.56 427.198 5.01458 -0.297086 6.2654 0.430257 -2.91658e-06 
5116.23 1964.66 388.842 5.00205 -0.296507 6.2781 0.418106 -1.49417e-06 
5194.72 2556.42 350.582 5.01258 -0.294143 6.28 0.402234 -6.53205e-07 
5268.19 3153.55 312.364 5 -0.919954 6.27988 0.387221 -4.55848e-05 
5337.05 3750.44 228.07 39.9978 -0.000147987 0.00388496 0.369 0 
5337.05 3750.44 228.07 39.9978 -0.000147987 0.00388496 0.369 0 
5249.37 3810.13 237.473 40 1.119 -5.2436 -0.188388 -0.0046445 
5161.33 3636.12 296.72 5 0.385176 -6.2794 -0.176776 0.00167536 
5204.11 3415.87 325.782 5 0.384502 -5.90422 -0.165163 -0.00229115 
5249.49 3212.33 354.814 5 0.383828 -6.17101 -0.153551 -0.000303895 
5297.45 2996.91 383.817 5 0.383155 -6.27231 -0.141939 0.000586478 
5348 2776.98 412.789 5 0.382481 -6.27509 -0.130327 0.00218017 
5401.14 2556.93 441.732 5 0.381807 -6.27612 -0.118714 6.02652e-05 
5456.86 2336.83 470.644 5 0.381134 -6.27663 -0.107102 0.000458183 
5515.15 2116.71 499.527 5 0.38046 -6.2769 -0.0954898 0.00972316 
5576.03 1896.57 528.379 5 0.379786 -6.27703 -0.0838776 0.000658187 
5639.48 1676.43 557.201 5 0.379112 -6.27707 -0.0722653 0.000110565 
5705.51 1456.29 585.994 5 0.378439 -6.27701 -0.0606531 -4.37603e-05 
5774.1 1236.15 614.756 5 0.377765 -6.27684 -0.0490408 0.0011778 
5845.26 1016.02 643.489 5 0.377091 -6.27652 -0.0374286 0.00493666 
5918.99 795.901 672.191 5 0.376418 -6.27594 -0.0258163 0.001507 
5995.27 575.809 700.863 5 0.375744 -6.27472 -0.0142041 0.0155558 
6074.12 355.772 729.506 5 0.37507 -6.2711 -0.00259184 0.0195577 
6155.52 135.895 758.118 5 0.374397 -4.62031 0.00902041 -0.269284 
6239.54 -10.4602 786.7 5 0.373725 -1.20681 0.0206327 -0.000924055 
6326.23 -4.789 815.253 5 0.373052 -1.33069 0.0322449 -4.24859e-05 
6415.46 -4.63531 843.775 5 0.372378 -1.33264 0.0438571 2.86322e-05 
6507.24 -4.5684 872.268 5 -0.29092 -1.32627 0.811265 -0.000106045 
6602.15 -4.21815 865.358 5 -0.289974 -1.33829 0.794959 5.34837e-05 
6696.44 -4.40331 843.385 5 -0.289028 -1.36195 0.778653 0.000264391 
6788.77 -5.6419 821.454 5 -0.288082 -1.32257 0.762347 -0.00013497 
6879.15 -5.12667 799.566 5 -0.287136 -1.34422 0.746041 7.91091e-05 
6967.57 -5.57587 777.719 5 -0.28619 -1.32964 0.729735 -6.76914e-05 
7054.04 -5.37578 755.914 5 -0.285244 -1.33557 0.713429 6.58715e-05 
7138.56 -5.43979 734.152 5 -0.284297 -1.32045 0.697122 -7.59007e-05 
7221.14 -4.83027 712.432 5 -0.283351 -1.33777 0.680816 0.000118096 
7301.78 -4.99223 690.754 5 -0.282405 -1.31446 0.66451 -1.77591e-05 
7380.49 -4.11605 669.118 5 -0.281459 -1.31941 0.648204 -1.21774e-05 
7457.27 -3.46018 647.524 5 -0.280513 -1.32251 0.631898 -1.66004e-05 
7532.11 -2.94259 625.972 5 -0.279567 -1.32723 0.615592 -1.27021e-05 
7605.04 -2.63499 604.462 5 -0.278621 -1.32999 0.599286 -3.23117e-05 
7676.04 -2.45039 582.995 5 -0.277675 -1.32994 0.58298 0.00384535 
7745.13 -2.2635 561.57 5 -0.276726 4.44542 0.566673 0.0104822 
7812.5 255.14 540.186 5 -0.275779 6.27941 0.550367 -0.000350575 
7878.04 594.223 518.846 5 -0.274833 6.27966 0.534061 -0.000529271 
7941.67 933.318 497.547 5 -0.273887 6.27974 0.517755 0.00092419 
8003.4 1272.42 476.29 5 -0.272941 6.27978 0.501449 0.000150166 
8063.23 1611.52 455.076 5 -0.271995 6.2798 0.485143 -8.76071e-05 
8121.16 1950.62 433.903 5 -0.271049 6.27981 0.468837 0.000180091 
8177.21 2289.72 412.773 5 -0.270103 6.27981 0.452531 -2.08824e-06 
8231.37 2628.82 391.685 5 -0.269157 6.2798 0.436224 -0.00010512 
8283.65 2967.92 370.639 5 -0.268211 6.27978 0.419918 5.55977e-05 
8334.04 3307.02 349.635 5 -0.267265 6.27968 0.403612 4.75126e-06 
8382.57 3646.12 328.674 5 -1.29926 6.27553 0.387306 0.0205025 
8430.14 3985.03 261.75 40 0.0026506 0.0974331 0.369 0 
8430.14 3985.03 261.75 40 0.0026506 0.0974331 0.369 0 
9320.53 3443.89 386.219 5.00014 1.39893 -0.32802 -0.188253 -1.02709 
10356.8 5434.82 851.675 5 -1.4 -1.80586 1.13726 -1.00594 
13218.3 7291.68 1223.29 5.00014 -1.39987 0.0225128 -0.165033 -0.985226 
14305.5 9285.9 1588.94 5.00014 -1.39987 2.7424 0.212421 -0.964248 
15599.1 11232.7 1958.62 6.40293 -0.710027 2.7129 -0.141809 -0.00512868 
16982.8 13178.9 2274.09 9.74164 -1.39987 2.71269 1.05426 -0.00240207 
18458.2 15125.2 2116.55 14.2565 -1.39987 2.73079 1.0366 -0.0401123 
19886.4 17072.1 1959.5 18.9236 -1.39987 1.32274 1.01867 -0.251476 
20892.9 18989.1 1802.95 22.2828 -1.39987 5.91697 1.00042 -0.000192999 
21196.9 20693.8 1646.92 24.765 -1.39987 3.02254 0.981771 -0.0318992 
21305.7 20976.9 1491.42 26.594 -1.39987 -1.83772 0.962572 -0.0756926 
21352.4 21027.2 1336.49 23.8128 -1.39987 -5.89848 0.974196 0.0241571 
21375.4 20874.5 1182.19 15.4361 -1.39987 -6.15202 0.95789 0.0159956 
21387.9 19851.3 1028.61 5.00014 -1.39987 -6.14619 0.941584 0.00999461 
21395.4 16218.9 875.37 5.00014 1.39904 -6.11814 0.925278 0.0186784 
21398.5 12492.6 1196.24 5.00014 1.39987 -6.11229 0.908972 0.0285567 
21405.2 8764.83 992.157 5.00014 -1.39987 -6.11208 0.892667 0.0283683 
21407.8 5037.93 677.232 5.82537 -0.533109 -5.44631 0.876362 0.570578 
21406.6 1160.83 261.531 33.1493 0.797747 -6.27979 0.860057 -0.370686 
21406.6 429.624 5.44277 5.00039 -1.39987 -5.46835 0.843753 -0.616806 
21406 417.091 0.187405 5.00033 -1.39987 -5.51222 0.827448 -0.600299 
21405.1 399.68 0.0892717 5.00028 -1.35181 -2.18502 0.811143 -0.578891 
21404 400.752 0.00960346 5.00025 -1.35039 -3.65065 0.794839 -0.55686 
21402.3 396.943 0.00848542 5.00023 -1.34836 -3.82 0.778534 -0.536074 
21399.6 525.823 0.0065973 5.00045 -1.34623 -1.27235 0.762229 -0.513435 
21395.1 -49.1446 0.00489447 7.61413 -1.34422 -4.23469 0.745924 -0.49307 
21386.7 79.8889 0.00334064 22.453 -1.39602 -3.54617 0.729618 -0.47185 
21370.3 78.1979 0.00130451 29.5788 1.05368 -1.18515 0.713143 -0.449885 
21333.7 73.9516 0.00121865 29.67 1.28379 -0.755415 0.696817 -0.428929 
21254 80.566 0.00113555 26.3267 1.28357 -1.79431 0.680492 -0.40763 
21056.3 126.949 0.00114242 20.2731 1.39987 -5.68888 0.664164 -0.386224 
20501.4 70.4448 0.00114261 14.2018 -0.817971 -2.71398 0.171714 -0.34916 
19321.9 -28.1939 0.00114324 5.00016 -1.32749 -1.94909 0.631495 0.343412 
18169.5 912.59 0.00114505 8.16877 -0.525555 6.28 0.615154 0.0519275 
17079.7 6741.28 0.00114335 14.8033 1.16574 6.28 0.572039 0.0125229 
16049.4 12570.2 0.0011472 15.2768 1.28393 6.28 0.549928 0.00558861 
15078.5 18399.1 0.00115129 9.6991 -0.0999405 6.2502 0.5357 0.00365562 
14166.9 20934 0.00115543 6.59881 -0.872848 2.70748 0.529282 -0.000983808 
13314.6 21061.8 0.00115947 5.45287 -1.15886 2.4807 0.481834 -0.0476907 
12521.3 21078.2 0.00116323 5.00018 -1.2719 2.04354 0.507339 -0.00373298 
11778.9 21074.6 0.00116641 5.22474 -1.2158 -5.63017 0.415245 -0.00123512 
11092.4 21053.1 0.00139601 5.00019 -1.27183 -5.76346 0.287802 -0.0051625 
10463.4 20966.1 0.00159533 5.00017 -1.27167 -6.27987 0.463584 -0.129335 
9890.6 20462.9 0.00184576 5.00014 -1.19677 -2.68491 0.311033 0.107869 
9370.46 18367.1 0.002148 5.00017 -1.20894 -6.27985 0.322666 -0.0865259 
8899.99 14911.7 0.00240455 5.00017 -1.22432 -6.27986 0.334286 -0.0650954 
8455.09 11750.4 0.00265423 38.4055 1.39987 -6.27986 0.345884 -0.0436626 
8286.78 8589.16 0.00452173 5.00017 -1.38622 -6.27986 0.357481 -0.00160244 
8030.65 5451.33 0.081488 39.9998 -1.37149 6.27376 0.369 0 
9537.64 2775.67 4475.8 18.8218 0.509268 0 0.161851 0 
9537.64 2775.67 4475.8 18.8218 0.509268 -1.01014e-09 0.161851 -6.15042e-05 
9537.64 2775.67 4475.8 18.8225 0.511422 -0.0912965 0.161839 8.54908e-05 
5262.92 2721.09 4577.59 18.2056 0.519788 -0.165611 0.171845 0.00103929 
4759.3 913.175 4214.18 19.4941 0.492755 0.394231 0.150949 -0.00120244 
4582.62 3017.28 4374.85 19.0809 0.502897 0.152231 0.15765 -0.000463534 
4520.04 3828.28 4436.42 18.9225 0.506787 0.0594042 0.160219 -0.000180208 
4496.54 4143.56 4460.06 18.8619 0.508278 0.0237476 0.161201 -7.17982e-05 
4487.59 4269.16 4469.38 18.8379 0.508867 0.00969521 0.16159 -2.8892e-05 
4484.1 4319.7 4472.94 18.8288 0.509091 0.00431446 0.161737 -1.26187e-05 
4482.72 4341.77 4474.4 18.8252 0.509182 0.00212149 0.161797 -6.0259e-06 
4482.16 4352.31 4475.01 18.8235 0.509222 0.00119376 0.161825 -3.00582e-06 
4481.93 4357.57 4475.14 18.8233 0.509229 0.000999334 0.161828 -2.61224e-06 
4481.88 4362.13 4475.3 18.8228 0.50924 0.000752453 0.161836 -1.76383e-06 
4481.77 4365.22 4475.31 18.8227 0.509241 0.000740293 0.161837 -1.6548e-06 
4481.75 4368.11 4475.28 18.8228 0.509239 0.000796029 0.161836 -1.76774e-06 
4481.75 4371.2 4475.23 18.8229 0.509237 0.000865713 0.161835 -1.92141e-06 
4481.74 4374.55 4475.18 18.8229 0.509234 0.00094235 0.161833 -2.06325e-06 
4481.74 4378.16 4475.11 18.8231 0.50923 0.00104974 0.161831 -2.32584e-06 
4481.73 4382.22 4475.05 18.8232 0.509227 0.00114614 0.16183 -2.51863e-06 
4481.73 4386.63 4474.97 18.8233 0.509222 0.00126898 0.161827 -2.77471e-06 
4481.72 4391.47 4474.87 18.8234 0.509218 0.00141677 0.161825 -3.04359e-06 
4481.73 4396.79 4474.73 18.8237 0.509209 0.00162785 0.16182 -3.59643e-06 
4481.73 4403.08 4474.63 18.8239 0.509204 0.00178569 0.161818 -3.86905e-06 
4481.71 4409.84 4474.47 18.8241 0.509196 0.00202378 0.161814 -4.38075e-06 
4481.69 4417.49 4474.29 18.8244 0.509186 0.00229694 0.161809 -4.93679e-06 
4481.68 4426.12 4474.07 18.8248 0.509174 0.00263725 0.161803 -5.66929e-06 
4481.69 4436.03 4473.81 18.8252 0.509161 0.0030261 0.161797 -6.37104e-06 
4481.67 4447.16 4473.44 18.8259 0.50914 0.00358705 0.161785 -7.71038e-06 
4481.65 4460.63 4473.09 18.8264 0.509122 0.00411675 0.161777 -8.6823e-06 
4481.61 4475.81 4472.6 18.8272 0.509096 0.00486666 0.161764 -1.01902e-05 
4481.59 4493.61 4471.98 18.8282 0.509063 0.0058152 0.161749 -1.2069e-05 
4481.56 4514.7 4471.17 18.8294 0.509021 0.00703928 0.161728 -1.45456e-05 
4481.5 4540.12 4470.16 18.831 0.508968 0.00857571 0.161703 -1.75376e-05 
4481.47 4570.77 4468.83 18.8331 0.508897 0.0106013 0.161668 -2.164e-05 
4481.33 4608.58 4467.16 18.8358 0.508809 0.0131412 0.161625 -2.67731e-05 
4481.27 4655.37 4465.06 18.8394 0.508695 0.0163322 0.161567 -3.35626e-05 
4481.12 4714.02 4462.61 18.844 0.508558 0.0200565 0.161492 -4.21774e-05 
4481 4787.72 4460.14 18.8499 0.508405 0.0238191 0.161395 -5.29258e-05 
4480.84 4880.21 4458.78 18.856 0.508291 0.0258904 0.161298 -6.31878e-05 
4480.68 4990.64 4460.45 18.86 0.508306 0.0233597 0.161232 -6.87857e-05 
4480.9 5110.85 4468.5 18.8568 0.508629 0.0111146 0.161284 -5.93887e-05 
4481.54 5214.65 4487.18 18.8358 0.509523 -0.0172784 0.161624 -1.60835e-05 
4482.85 5242.78 4518.51 18.7833 0.51121 -0.0649196 0.162476 8.39551e-05 
4485.28 5096.08 4555.86 18.6858 0.5136 -0.121735 0.164056 0.000258365 
4488.24 4644.56 4569.8 18.5412 0.51567 -0.142963 0.166401 0.000495133 
4489.85 3779.12 4479.73 18.3762 0.514259 -0.00611388 0.169076 0.000709061 
4483.34 2540.07 4094.41 18.2825 0.501556 0.580091 0.170593 0.00061121 
4477.66 1400.04 2984.15 18.4035 0.461996 2.208 0.168592 -0.00430383 
1609.99 1595.32 189.754 22.5531 -3.86618e-07 0.236103 0.160851 0 
1609.99 1595.32 189.754 22.5531 -3.86618e-07 0.236103 0.160851 0 
1599.55 1572.95 203.275 22.5158 -2.50433e-07 -0.278128 0.482653 -1.67516e-13 
1589.11 1550.57 216.424 22.5046 -2.49896e-07 -0.313091 0.480306 -1.69817e-14 
1578.66 1528.19 229.197 22.5013 -2.49901e-07 -0.315465 0.477959 -1.32797e-15 
1568.22 1505.81 241.589 22.5003 -2.49909e-07 -0.315627 0.475612 1.61603e-16 
1557.77 1483.43 253.595 22.5 -2.4992e-07 -0.315638 0.473265 1.42111e-16 
1547.32 1461.05 265.207 22.4999 -2.49932e-07 -0.315638 0.470918 2.48661e-16 
1536.86 1438.67 276.418 22.4999 -2.49945e-07 -0.315638 0.468571 1.26395e-16 
1526.4 1416.3 287.219 22.4998 -2.49958e-07 -0.315638 0.466224 1.27982e-16 
1515.94 1393.92 297.601 22.4998 -2.49973e-07 -0.315638 0.463878 1.9626e-16 
1505.48 1371.54 307.556 22.4998 -2.49988e-07 -0.315638 0.461531 1.46683e-16 
1495.02 1349.16 317.071 22.4998 -2.50003e-07 -0.315638 0.459184 1.13951e-16 
1484.55 1326.78 326.138 22.4998 -2.50019e-07 -0.315638 0.456837 1.91609e-16 
1474.08 1304.4 334.744 22.4998 -2.50035e-07 -0.315638 0.45449 1.2177e-16 
1463.6 1282.03 342.878 22.4998 -2.50051e-07 -0.315638 0.452143 1.83089e-16 
1453.13 1259.65 350.529 22.4998 -2.50067e-07 -0.315638 0.449796 8.92469e-17 
1442.65 1237.27 357.683 22.4998 -2.50083e-07 -0.315638 0.447449 9.29483e-17 
1432.17 1214.89 364.33 22.4998 -2.50099e-07 -0.315638 0.445102 9.22256e-19 
1421.68 1192.51 370.457 22.4998 -2.50115e-07 -0.315638 0.442755 7.32944e-17 
1411.19 1170.13 376.052 22.4998 -2.50131e-07 -0.315638 0.440408 1.02492e-16 
1400.7 1147.75 381.104 22.4998 -2.50147e-07 -0.315638 0.438061 1.69291e-16 
1390.21 1125.38 385.602 22.4998 -2.50163e-07 -0.315638 0.435714 7.14154e-17 
1379.72 1103 389.535 22.4998 -2.50179e-07 -0.315638 0.433367 7.06014e-17 
1369.22 1080.62 392.893 22.4998 -2.50194e-07 -0.315638 0.43102 5.43654e-17 
1358.72 1058.24 395.67 22.4998 -2.50209e-07 -0.315638 0.428673 1.08103e-16 
1348.21 1035.86 397.856 22.4998 -2.50225e-07 -0.315638 0.426327 8.13197e-17 
1337.71 1013.48 399.447 22.4998 -2.5024e-07 -0.315638 0.42398 8.22566e-17 
1327.2 991.106 400.438 22.4998 -2.50254e-07 -0.315638 0.421633 1.06001e-17 
1316.68 968.727 400.826 22.4998 -2.50269e-07 -0.315638 0.419286 -8.3531e-18 
1306.17 946.349 400.611 22.4998 -2.50283e-07 -0.315638 0.416939 3.08088e-17 
1295.65 923.97 399.792 22.4998 -2.50296e-07 -0.315638 0.414592 7.23088e-18 
1285.13 901.592 398.372 22.4998 -2.5031e-07 -0.315638 0.412245 3.64802e-18 
1274.61 879.214 396.356 22.4998 -2.50323e-07 -0.315638 0.409898 3.84324e-18 
1264.08 856.835 393.747 22.4998 -2.50336e-07 -0.315638 0.407551 1.96847e-17 
1253.55 834.457 390.555 22.4998 -2.50348e-07 -0.315638 0.405204 6.05743e-17 
1243.02 812.078 386.785 22.4998 -2.50359e-07 -0.315638 0.402857 4.48565e-17 
1232.48 789.7 382.448 22.4998 -2.5037e-07 -0.315638 0.40051 3.26555e-17 
1221.94 767.321 377.554 22.4998 -2.50381e-07 -0.315638 0.398163 2.22757e-17 
1211.4 744.943 372.113 22.4998 -2.50391e-07 -0.315638 0.395816 8.91823e-18 
1200.86 722.564 366.137 22.4998 -2.504e-07 -0.315638 0.393469 5.59608e-18 
1190.31 700.186 359.638 22.4998 -2.50408e-07 -0.315638 0.391122 1.16285e-17 
1179.76 677.808 352.627 22.4998 -2.50415e-07 -0.315638 0.388776 6.66214e-18 
1169.21 655.429 345.117 22.4998 -2.50421e-07 -0.315638 0.386429 6.34978e-18 
1158.65 633.051 337.12 22.4998 -2.50426e-07 -0.315638 0.384082 1.13669e-17 
1148.09 610.672 328.648 22.4998 -2.5043e-07 -0.315638 0.381735 7.46962e-18 
1137.53 588.294 319.712 22.4998 -2.50431e-07 -0.315632 0.379388 5.73573e-18 
1126.96 565.915 310.323 22.4998 -2.50432e-07 -0.315546 0.377041 4.57865e-17 
1116.4 543.537 300.493 22.4999 -2.50426e-07 -0.314282 0.374694 1.3892e-16 
1105.82 521.158 290.232 22.4999 -2.49451e-07 -0.295661 0.372347 1.59923e-16 
1095.25 498.78 279.55 22.5 -4.01883e-12 -0.0215857 0.369 0 
1095.25 498.78 279.55 22.5 -4.01883e-12 -0.0215857 0.369 0 
1081.18 527.971 280.302 20.3219 1.04478 0.677559 -0.188388 1.02859 
1069.97 570.019 300.335 5.63282 0.156075 2.42295 -0.0147994 1.00718 
1081.51 644.154 304.454 5 -1.4 4.14788 1.12033 0.985775 
1094.72 750.015 279.969 25.2348 0.083894 5.85237 -0.111176 0.271987 
1076.69 887.253 282.18 23.3005 0.768801 6.28 -0.138278 -0.003705 
1061.35 1032.35 297.045 12.0563 0.554543 6.28 -0.00449141 -0.00364962 
1063.2 1177.44 308.299 5.05273 0.0757291 6.28 0.611224 -0.00359672 
1075.97 1322.52 310.951 5.08603 0.0776545 6.28 0.609664 -0.00353261 
1088.78 1467.6 313.637 5.08844 0.0774809 6.28 0.610909 -0.00346618 
1101.69 1612.68 316.317 5.09063 0.0772591 6.28 0.612344 -0.00339732 
1114.7 1757.76 318.991 5.09295 0.0770087 6.28 0.613968 -0.00332597 
1127.8 1902.84 321.658 5.09539 0.0767224 6.28 0.615818 -0.00325207 
1141 2047.92 324.317 5.09798 0.076392 6.28 0.617939 -0.00317556 
1154.29 2193 326.967 5.10073 0.0760061 6.28 0.620389 -0.00309638 
1167.68 2338.08 329.605 5.10365 0.0755491 6.28 0.62324 -0.00301451 
1181.15 2483.16 332.231 5.10677 0.0749992 6.28 0.626588 -0.0029299 
1194.72 2628.24 334.841 5.11011 0.0743236 6.28 0.630549 -0.00284253 
1208.39 2773.32 337.432 5.11372 0.0734722 6.28 0.635271 -0.0027524 
1222.14 2918.4 339.997 5.11762 0.0723635 6.28 0.640899 -0.00265951 
1235.98 3063.47 342.529 5.1219 0.0708547 6.28 0.647502 -0.00256391 
1249.91 3208.55 345.015 5.12667 0.0686592 6.28 0.654843 -0.00246563 
1263.92 3353.63 347.432 5.13207 0.0650844 6.28 0.661772 -0.00236476 
1278.02 3498.71 349.732 5.13791 0.0573947 6.28 0.663854 -0.00226144 
1292.2 3643.79 351.776 5.1454 0.027621 6.28 0.669124 -0.00215599 
1306.45 3788.87 352.917 5.15522 -0.00611748 6.28 0.676021 -0.00204834 
1320.74 3933.95 353.025 5.16555 -0.0149711 6.28 0.67537 -0.00193842 
1335.02 4079.03 352.83 5.17898 -0.0184109 6.28 0.670937 -0.00182671 
1349.28 4224.11 352.513 5.19534 -0.0202397 6.28 0.663917 -0.00171353 
1363.5 4369.19 352.129 5.21598 -0.0214625 6.28 0.65501 -0.00159924 
1377.68 4514.27 351.703 5.24301 -0.0225624 6.28 0.644729 -0.00148425 
1391.8 4659.35 351.242 5.28004 -0.0239528 6.28 0.63342 -0.001369 
1405.86 4804.43 350.745 5.33367 -0.026279 6.28 0.621276 -0.001254 
1419.81 4949.51 350.196 5.41755 -0.0304699 6.28 0.60838 -0.00113982 
1433.62 5094.59 349.562 5.556 -0.0365905 6.28 0.594705 -0.00102705 
1447.21 5239.67 348.807 5.77097 -0.0421743 6.28 0.580107 -0.000916346 
1460.46 5384.75 347.938 6.04717 -0.0435977 6.28 0.56446 -0.000808395 
1473.26 5529.83 347.032 6.32034 -0.0436135 6.28 0.547845 -0.000703961 
1485.64 5674.91 346.115 6.57233 -0.0603056 6.28 0.530602 -0.000603875 
1497.61 5819.99 344.881 7.03989 -0.121009 6.28 0.513359 -0.00050898 
1508.87 5965.07 342.514 8.31333 -0.22158 6.28 0.496775 -0.000420013 
1518.2 6110.16 338.259 10.8536 -0.26224 6.28 0.479947 -0.000337557 
1523.65 6255.24 333.179 13.6709 -0.167351 6.28 0.462299 -0.00026237 
1524.72 6400.33 329.76 14.8358 -0.117816 6.28 0.444431 -0.000195514 
1523.93 6545.42 327.216 15.1815 -0.00643456 6.28 0.426604 -0.00013755 
1522.5 6690.51 326.71 13.9406 0.0740868 6.28 0.40921 -8.91732e-05 
1522.84 6835.6 327.72 11.7351 -0.161883 6.28 0.393104 -5.09532e-05 
1526.57 6980.69 324.455 13.1084 -0.84344 6.28 0.380806 -2.31877e-05 
1528.39 7125.78 308.611 23.8641 -1.31859 6.28 0.372869 -0.000624546 
1513.96 7270.88 283.71 39.9858 0.0523856 5.88488 0.369 0 
1513.96 7270.88 283.71 39.9858 0.0523856 5.88488 0.369 0 
1507.91 7291.37 283.364 38.9212 0.341042 5.54011 -0.188387 -0.5599 
1502.06 7310.91 283.812 37.342 0.373395 5.12246 -0.176775 -0.505374 
1496.57 7329.31 284.356 35.7223 0.369458 4.72326 -0.165163 -0.457682 
1491.43 7346.62 284.896 34.1382 0.328295 4.34065 -0.15355 -0.415412 
1486.65 7362.89 285.33 32.6666 0.250953 3.97319 -0.141938 -0.377862 
1482.19 7378.14 285.559 31.3809 0.140463 3.61956 -0.130326 -0.344503 
1478.02 7392.43 285.492 30.3467 0.00175051 3.27853 -0.118713 -0.314799 
1474.09 7405.79 285.049 29.6182 -0.158576 2.94898 -0.107101 -0.288179 
1470.31 7418.24 284.171 29.2351 -0.33252 2.62992 -0.0954885 -0.264043 
1466.63 7429.82 282.819 29.2195 -0.511087 2.32057 -0.0838759 -0.241802 
1462.96 7440.55 280.978 29.5745 -0.684737 2.02046 -0.0722631 -0.220916 
1459.2 7450.47 278.661 30.2832 -0.843881 1.72939 -0.0606498 -0.200926 
1455.28 7459.58 275.905 31.3091 -0.979396 1.44752 -0.0490356 -0.181475 
1451.13 7467.93 272.774 32.5974 -1.08314 1.17538 -0.0374183 -0.162319 
1446.69 7475.53 269.353 34.0773 -1.1484 0.913877 -0.0257856 -0.143336 
1441.9 7482.42 265.748 35.6653 -1.17034 0.66431 0.477172 -0.124513 
1436.75 7488.62 262.075 37.2099 -0.945517 0.428407 0.156746 -0.105943 
1431.23 7494.18 259.011 38.2976 -0.812328 0.208353 0.00905213 -0.0877995 
1425.44 7499.13 256.306 39.1066 -0.71173 0.0068377 0.0206435 -0.0703175 
1419.46 7503.54 253.873 39.6903 -0.585752 -0.172896 0.0322505 -0.0537604 
1413.33 7507.45 251.782 40 -0.440309 -0.327033 0.0438628 -0.0425562 
1407.11 7510.95 250.088 40 -0.282562 -0.461918 0.0554797 -0.0350366 
1400.87 7514.07 248.825 39.6702 -0.120577 -0.583372 0.0671123 -0.0275345 
1394.69 7516.86 248.007 39.0077 0.0370914 -0.688438 0.222125 -0.020101 
1388.63 7519.36 247.623 38.0102 0.240427 -0.773428 0.322409 -0.01284 
1382.79 7521.63 247.8 36.595 0.458231 -0.833994 0.10195 -0.00588862 
1377.24 7523.74 248.579 34.7783 0.54856 -0.865333 0.113541 0.000602433 
1372.09 7525.76 249.614 32.8045 0.596246 -0.86265 0.125148 0.0064866 
1367.38 7527.78 250.787 30.7653 0.597364 -0.821987 0.136759 0.0116354 
1363.12 7529.92 251.972 28.7587 0.550368 -0.741335 0.14837 0.0159481 
1359.31 7532.27 253.038 26.8844 0.456258 -0.621616 0.159981 0.0193578 
1355.92 7534.96 253.854 25.2379 0.318615 -0.466834 0.171593 0.0218343 
1352.91 7538.06 254.301 23.9059 0.143485 -0.283045 0.183205 0.0233852 
1350.2 7541.67 254.274 22.9608 -0.0608588 -0.0766488 0.194817 0.0240548 
1347.71 7545.85 253.693 22.4565 -0.284294 0.146971 0.20643 0.0239206 
1345.34 7550.63 252.503 22.4249 -0.515335 0.383951 0.218042 0.0230865 
1342.98 7556.07 250.68 22.8734 -0.741703 0.631773 0.229654 0.0216744 
1340.53 7562.18 248.236 23.7837 -0.950971 0.888847 0.241266 0.0198153 
1337.87 7569 245.216 25.112 -1.13122 1.15414 0.252878 0.0176401 
1334.92 7576.54 241.696 26.7904 -1.27172 1.42692 0.264491 0.0152734 
1331.59 7584.83 237.785 28.7299 -1.36352 1.70667 0.276103 0.0128282 
1327.82 7593.88 233.615 30.8246 -1.4 1.993 0.287714 0.00976261 
1323.57 7603.72 229.335 32.9564 -1.37733 2.27847 0.299327 0.00667089 
1318.82 7614.34 225.108 35.0016 -1.29473 2.55549 0.310939 0.00401333 
1313.61 7625.72 221.097 36.837 -1.15464 2.81546 0.322551 0.0020383 
1307.96 7637.81 217.463 38.3467 -0.962683 3.04666 0.334164 0.000798461 
1301.95 7650.53 214.346 39.4285 -0.727471 3.23072 0.345776 0.000189605 
1295.67 7663.75 211.869 40 -0.460233 3.34109 0.387297 -8.15194e-06 
1289.24 7677.28 210.12 40 0.0161363 3.32238 0.369 0 
1289.24 7677.28 210.12 40 0.0161363 3.32238 0.369 0 
1219.14 7842.72 217.711 40 1.36806 6.27213 -0.188388 0.0242948 
1148.7 8112.6 273.175 5 0.368032 6.20642 -0.176775 0.00328439 
1182.22 8380.09 295.213 5 0.367358 6.19646 -0.165163 -0.000472595 
1217.3 8647.22 317.227 5 0.366685 6.1834 -0.153551 -0.000196765 
1253.94 8913.88 339.218 5 0.366011 6.16549 -0.141938 -3.72976e-05 
1292.14 9179.92 361.184 5 0.365337 6.13944 -0.130326 -0.00103312 
1331.9 9445.03 383.127 5 0.364663 6.10138 -0.118714 0.000368718 
1373.21 9708.79 405.046 5 0.36399 5.99831 -0.107102 -0.000754992 
1416.08 9968.9 426.941 5 0.363316 6.10828 -0.0954894 -0.1176 
1460.51 10232.9 448.813 5 0.36264 1.98269 -0.0838771 -0.243441 
1506.37 10350.8 470.66 5 0.361963 -4.40062 -0.0722648 -0.0306505 
1553.6 10242.7 492.483 5 0.361289 -5.96019 -0.0606525 -0.00169856 
1602.34 10079.3 514.283 5 0.360615 -6.05332 -0.0490402 -0.000967472 
1652.62 9912.7 536.058 5 0.359941 -6.11256 -0.0374279 -0.000502832 
1704.44 9743.96 557.81 5 0.359267 -6.14824 -0.0258155 -0.00027118 
1757.81 9573.95 579.538 5 0.358594 -6.17144 -0.0142031 -0.000148762 
1812.72 9403.12 601.242 5 0.35792 -6.18769 -0.00259067 -7.85775e-05 
1869.17 9231.71 622.922 5 0.357246 -6.19971 0.0090219 -3.60007e-05 
1927.16 9059.88 644.578 5 0.356572 -6.20895 0.0206347 -9.25174e-06 
1986.68 8887.72 666.211 5 0.355898 -6.21629 0.0322481 7.8503e-06 
2047.74 8715.3 687.819 5 0.355224 -6.22225 0.0438649 1.87915e-05 
2110.33 8542.67 709.404 5 -0.27377 -6.22719 0.811246 2.52858e-05 
2174.9 8369.87 704.25 5 -0.272825 -6.23136 0.794955 2.93996e-05 
2239.11 8196.92 687.849 5 -0.27188 -6.23491 0.778651 3.1584e-05 
2302.14 8023.84 671.481 5 -0.270934 -6.23798 0.762345 3.24083e-05 
2364.02 7850.65 655.147 5 -0.269988 -6.24066 0.74604 3.22658e-05 
2424.74 7677.37 638.846 5 -0.269042 -6.24302 0.729734 3.14347e-05 
2484.3 7504 622.579 5 -0.268096 -6.24511 0.713428 3.01163e-05 
2542.7 7330.56 606.345 5 -0.26715 -6.24697 0.697122 2.84586e-05 
2599.95 7157.06 590.144 5 -0.266204 -6.24865 0.680816 2.65725e-05 
2656.06 6983.49 573.977 5 -0.265258 -6.25017 0.66451 2.45423e-05 
2711.01 6809.88 557.844 5 -0.264312 -6.25154 0.648204 2.24328e-05 
2764.82 6636.21 541.744 5 -0.263366 -6.2528 0.631897 2.02945e-05 
2817.49 6462.5 525.678 5 -0.26242 -6.25394 0.615591 1.81674e-05 
2869.01 6288.75 509.645 5 -0.261473 -6.255 0.599285 1.60833e-05 
2919.4 6114.96 493.645 5 -0.260527 -6.25597 0.582979 1.40675e-05 
2968.65 5941.13 477.68 5 -0.259581 -6.25687 0.566673 1.21407e-05 
3016.77 5767.28 461.747 5 -0.258635 -6.25771 0.550367 1.032e-05 
3063.75 5593.39 445.848 5 -0.257689 -6.25848 0.534061 8.61902e-06 
3109.61 5419.48 429.983 5 -0.256743 -6.25921 0.517755 7.04941e-06 
3154.34 5245.54 414.151 5 -0.255797 -6.25989 0.501449 5.62068e-06 
3197.95 5071.58 398.353 5 -0.254851 -6.26052 0.485143 4.34083e-06 
3240.44 4897.59 382.588 5 -0.253905 -6.26112 0.468836 3.21657e-06 
3281.8 4723.59 366.856 5 -0.252959 -6.26168 0.45253 2.25353e-06 
3322.05 4549.56 351.158 5 -0.252013 -6.26221 0.436224 1.45641e-06 
3361.19 4375.52 335.494 5 -0.251067 -6.26271 0.419918 8.28596e-07 
3399.21 4201.45 319.863 5 -0.250121 -6.26318 0.403612 1.62161e-06 
3436.13 4027.37 304.266 5 -1.4 -6.22543 0.372522 7.48279e-05 
3472.75 3854.63 247.95 37.9312 -0.00065772 -2.52858 0.369 0 
3472.75 3854.63 247.95 37.9312 -0.00065772 -2.52858 0.369 0 
3402.89 3810.18 255.088 39.003 1.23137 5.41919 -0.188388 0.0295965 
3329.6 4068.83 309.147 5 0.350017 6.24523 -0.176775 -3.05387e-05 
3365.04 4358.91 331.672 5 0.349343 6.24296 -0.165163 -0.000374352 
3402.21 4648.9 354.171 5 0.348669 6.24033 -0.153551 -0.000415262 
3441.1 4938.78 376.644 5 0.347995 6.23731 -0.141938 -0.000422026 
3481.7 5228.56 399.092 5 0.347322 6.23378 -0.130326 -0.000422848 
3524.02 5518.19 421.514 5 0.346648 6.22961 -0.118714 -0.000420819 
3568.05 5807.67 443.911 5 0.345974 6.22463 -0.107102 -0.000413834 
3613.8 6096.96 466.281 5 0.345301 6.21854 -0.0954893 -0.000399432 
3661.25 6386.01 488.626 5 0.344627 6.21095 -0.0838771 -0.000382257 
3710.42 6674.78 510.946 5 0.343953 6.20123 -0.0722648 -0.000391098 
3761.28 6963.18 533.239 5 0.343279 6.18834 -0.0606524 -0.000492055 
3813.86 7251.08 555.507 5 0.342606 6.17037 -0.0490401 -0.000676001 
3868.13 7538.3 577.749 5 0.341932 6.14344 -0.0374277 -0.000199781 
3924.1 7824.49 599.966 5 0.341258 6.09651 -0.0258153 -0.000922322 
3981.77 8108.89 622.157 5 0.340584 6.01783 -0.0142028 0.00927252 
4041.13 8390.3 644.322 5 0.339911 5.94669 -0.00259017 -0.143336 
4102.19 8668.98 666.461 5 0.339234 0.476262 0.00902292 -0.145317 
4164.77 8739.05 688.575 5 0.338557 -5.39509 0.0206377 -0.00686077 
4228.86 8585.2 710.663 5 0.00877153 -6.00439 0.470851 -0.00104329 
4294.88 8408.11 720.174 5 -0.256702 -6.08947 0.827566 -0.000481634 
4361.82 8227.78 703.648 5 -0.255756 -6.13792 0.811263 -0.00023842 
4427.49 8045.6 687.157 5 -0.25481 -6.1669 0.794958 -0.000121425 
4491.91 7862.32 670.703 5 -0.253864 -6.18603 0.778652 -6.00688e-05 
4555.06 7678.3 654.285 5 -0.252918 -6.1996 0.762346 -2.57029e-05 
4616.96 7493.77 637.903 5 -0.251972 -6.20974 0.74604 -5.6102e-06 
4677.61 7308.85 621.557 5 -0.251026 -6.2176 0.729734 6.3561e-06 
4737 7123.64 605.248 5 -0.25008 -6.22387 0.713428 1.34141e-05 
4795.15 6938.18 588.974 5 -0.249134 -6.229 0.697122 1.73728e-05 
4852.06 6752.53 572.736 5 -0.248188 -6.23326 0.680816 1.93122e-05 
4907.72 6566.71 556.535 5 -0.247242 -6.23687 0.66451 1.99105e-05 
4962.15 6380.76 540.369 5 -0.246296 -6.23996 0.648204 1.96108e-05 
5015.34 6194.69 524.24 5 -0.24535 -6.24264 0.631898 1.87127e-05 
5067.29 6008.51 508.146 5 -0.244404 -6.24498 0.615591 1.74245e-05 
5118.02 5822.25 492.089 5 -0.243458 -6.24704 0.599285 1.5894e-05 
5167.51 5635.91 476.068 5 -0.242512 -6.24888 0.582979 1.42284e-05 
5215.79 5449.5 460.083 5 -0.241566 -6.25052 0.566673 1.25069e-05 
5262.84 5263.03 444.134 5 -0.24062 -6.25199 0.550367 1.07888e-05 
5308.67 5076.5 428.221 5 -0.239674 -6.25333 0.534061 9.11885e-06 
5353.28 4889.92 412.344 5 -0.238728 -6.25454 0.517755 7.53177e-06 
5396.68 4703.29 396.503 5 -0.237782 -6.25565 0.501449 6.05438e-06 
5438.87 4516.62 380.699 5 -0.236836 -6.25667 0.485143 4.70778e-06 
5479.85 4329.91 364.93 5 -0.23589 -6.2576 0.468837 3.50863e-06 
5519.63 4143.17 349.197 5 -0.234944 -6.25846 0.45253 2.46999e-06 
5558.2 3956.39 333.501 5 -0.233998 -6.25926 0.436224 1.60217e-06 
5595.57 3769.59 317.84 5 -0.233052 -6.26001 0.419918 8.44103e-07 
5631.75 3582.75 302.216 5 -0.232106 -6.26069 0.403612 3.17401e-05 
5666.72 3395.89 286.628 5 -1.4 -6.08108 0.372801 8.08982e-05 
5701.41 3215.88 226.5 39.4639 -0.000691709 -2.45427 0.369 0 
5701.41 3215.88 226.5 39.4639 -0.000691709 -2.45427 0.369 0 
5666.29 3205.01 223.682 34.1311 1.4 -0.144287 -0.188388 -0.0815254 
5637.14 3229.01 242.143 18.5168 0.755887 -0.357936 -0.176774 -0.734783 
5627.63 3249.77 251.256 11.8305 -1.4 -3.23388 -0.16516 -0.58644 
5627.11 3227.1 227.977 30.5607 -1.02083 -5.93882 0.578346 -0.0259193 
5603.07 3163.61 209.971 37.6836 -0.40336 -6.16572 -0.141939 0.00208479 
5569.68 3096.69 201.116 37.4922 -0.402446 -6.14979 -0.130326 0.00405444 
5536.25 3030.02 192.28 37.3015 -0.402733 -6.11443 -0.118714 0.00338965 
5502.79 2963.88 183.443 37.125 -0.404113 -6.084 -0.107102 0.000858873 
5469.28 2898.2 174.59 36.9741 -0.404517 -6.07797 -0.0954897 -0.000308182 
5435.68 2832.61 165.735 36.8349 -0.400318 -6.08397 -0.0838775 3.29595e-05 
5401.98 2766.93 156.947 36.6534 -0.389918 -6.08633 -0.0722652 0.000640915 
5368.23 2701.21 148.319 36.3625 -0.379474 -6.08153 -0.060653 0.000979404 
5334.56 2635.57 139.857 35.9726 -0.38463 -6.07217 -0.0490408 0.00100964 
5301.12 2570.07 131.326 35.6725 -0.419282 -6.06179 -0.0374285 0.000888561 
5267.79 2504.72 122.28 35.7923 -0.470052 -6.05234 -0.0258163 0.000783098 
5234.05 2439.52 112.463 36.4758 -0.476595 -6.04373 -0.014204 0.000756033 
5199.2 2374.44 102.532 37.1595 -0.359064 -6.03487 -0.00259177 0.000781679 
5163.18 2309.5 94.3582 36.418 -0.119642 -6.0249 0.00902047 0.000815869 
5127.74 2244.71 89.8178 35.175 0.0356424 -6.01356 0.0206327 0.000835887 
5093.62 2180.1 87.6531 34.992 0.0365402 -6.00095 0.032245 0.000842531 
5059.66 2115.67 90.4185 34.809 0.0374362 -5.98717 0.0438572 0.000846036 
5026 2051.45 93.2019 34.6259 0.0383262 -5.97217 0.0554695 0.000854002 
4992.64 1987.45 96.0032 34.443 0.0392077 -5.9557 0.0670817 0.0008683 
4959.59 1923.71 98.8222 34.2601 0.0400879 -5.93743 0.0786939 0.000887468 
4926.85 1860.24 101.659 34.0774 0.0409869 -5.91702 0.0903062 0.000909925 
4894.42 1797.07 104.514 33.8946 0.0419245 -5.89406 0.101918 0.000935471 
4862.29 1734.26 107.387 33.7113 0.0428875 -5.86811 0.113531 0.000965147 
4830.47 1671.83 110.279 33.5272 0.0438004 -5.83857 0.125143 0.00100059 
4798.96 1609.86 113.19 33.343 0.0445547 -5.80468 0.136755 0.00104367 
4767.77 1548.39 116.116 33.1606 0.0451372 -5.7654 0.148367 0.00109678 
4736.88 1487.52 119.056 32.9816 0.0457968 -5.71934 0.15998 0.00116356 
4706.3 1427.34 122.01 32.805 0.047036 -5.66454 0.171592 0.00125022 
4676.02 1367.99 124.986 32.6237 0.0491726 -5.59815 0.183204 0.00136758 
4646.05 1309.64 128 32.428 0.0515336 -5.51575 0.194816 0.00153354 
4616.41 1252.53 131.054 32.2167 0.052048 -5.4102 0.206429 0.00177433 
4587.12 1197.02 134.121 32.0126 0.0485166 -5.26959 0.218041 0.00211994 
4558.17 1143.63 137.139 31.8613 0.0420332 -5.07444 0.229653 0.00258647 
4529.5 1093.19 140.063 31.7917 0.0402199 -4.79501 0.241265 0.00314166 
4501.01 1046.97 142.962 31.742 0.0546692 -4.39173 0.252878 0.00366493 
4472.66 1006.84 146.079 31.5235 0.0879439 -3.82427 0.26449 0.00393865 
4444.67 975.27 149.705 30.9365 0.115558 -3.07462 0.276102 0.0037171 
4417.5 955.023 153.762 30.0823 0.0849032 -2.18352 0.287714 0.00287834 
4391.51 948.231 157.376 29.6566 -0.041204 -1.28554 0.299327 0.00156908 
4366.19 954.998 159.097 30.7137 -0.199774 -0.618498 0.310939 0.000193394 
4339.7 971.837 158.398 33.4807 -0.17812 -0.498109 0.322551 -0.000802705 
4309.83 990.497 157.958 35.7189 0.265131 -1.27036 0.334163 -0.00118434 
4277.1 997.499 164.158 32.6372 1.04684 -3.11795 0.345776 -0.00101533 
4248.03 976.6 182.235 20.8709 1.4 -5.4125 0.35739 8.96142e-05 
4233.61 921.044 205.93 5.63468 0.0899944 -4.36134 0.369 0 
4233.61 921.044 205.93 5.63468 0.0899944 -4.36134 0.369 0 
4286.34 672.585 221.819 5 -0.226259 -5.92773 1.15369 1.02549 
4346.72 287.722 210.257 14.542 0.218922 4.33303 -0.176775 0.179458 
4338.43 796.415 236.129 5 0.121199 6.26442 0.433818 -0.00257777 
4401.55 1473.24 254.823 5 0.121199 6.26354 0.433818 -0.0025188 
4467.92 2149.99 273.518 5 0.121199 6.26259 0.433818 -0.00246413 
4537.56 2826.65 292.212 5 0.121199 6.26154 0.433818 -0.00240974 
4610.46 3503.23 310.907 5 0.121199 6.26035 0.433818 -0.00235603 
4686.62 4179.7 329.602 5 0.121199 6.25899 0.433818 -0.00230348 
4766.04 4856.05 348.296 5 0.121199 6.25743 0.433818 -0.00225273 
4848.72 5532.27 366.991 5 0.121199 6.25562 0.433818 -0.00220469 
4934.66 6208.32 385.685 5 0.121199 6.2535 0.433818 -0.00216066 
5023.87 6884.2 404.38 5 0.121199 6.25098 0.433818 -0.00212258 
5116.34 7559.85 423.074 5 0.121199 6.24792 0.433818 -0.00209357 
5212.07 8235.24 441.769 5 0.121199 6.24415 0.433818 -0.00207884 
5311.06 8910.3 460.463 5 0.121199 6.23936 0.433818 -0.00208762 
5413.31 9584.94 479.158 5 0.121199 6.23311 0.433818 -0.00213681 
5518.82 10259 497.852 5 0.121195 6.22459 0.433884 -0.00225871 
5627.6 10932.4 516.546 5 0.122034 6.21224 0.419432 -0.0025266 
5739.63 11604.7 535.313 5 -0.0651928 6.19285 0.860161 -0.00339246 
5855.26 12275.3 536.088 5 -0.0642492 6.1568 0.843875 -0.00955635 
5971.03 12942.7 527.924 5 -0.0633034 5.99974 0.82757 -0.169105 
6085.35 13596.5 519.842 5 -0.0623591 2.69847 0.811264 -0.448989 
6198.04 13962.8 511.842 5 -0.0614167 -4.12552 0.794959 -0.0860623 
6308.85 13734.9 503.925 5 -0.0604717 -6.0904 0.778653 -0.0018946 
6418.15 13335.8 496.089 5 -0.0595257 -6.16073 0.762346 -0.000636279 
6526.07 12930.7 488.337 5 -0.0585797 -6.19405 0.74604 -9.00644e-05 
6632.64 12522.6 480.666 5 -0.0576337 -6.21293 0.729734 0.000130849 
6737.86 12112.9 473.078 5 -0.0566877 -6.22502 0.713428 0.000229687 
6841.76 11702.2 465.572 5 -0.0557416 -6.23342 0.697122 0.000271874 
6944.35 11290.7 458.149 5 -0.0547956 -6.2396 0.680816 0.000284673 
7045.64 10878.7 450.808 5 -0.0538496 -6.24433 0.66451 0.000281212 
7145.64 10466.3 443.549 5 -0.0529035 -6.24807 0.648204 0.000268403 
7244.38 10053.5 436.373 5 -0.0519575 -6.2511 0.631898 0.000250154 
7341.86 9640.48 429.279 5 -0.0510115 -6.2536 0.615592 0.000228823 
7438.11 9227.24 422.268 5 -0.0500655 -6.25571 0.599286 0.000205911 
7533.13 8813.82 415.339 5 -0.0491194 -6.2575 0.582979 0.000182424 
7626.94 8400.24 408.492 5 -0.0481734 -6.25905 0.566673 0.000159067 
7719.55 7986.52 401.728 5 -0.0472274 -6.2604 0.550367 0.000136355 
7810.98 7572.69 395.046 5 -0.0462813 -6.26159 0.534061 0.000114677 
7901.24 7158.76 388.446 5 -0.0453353 -6.26264 0.517755 9.43381e-05 
7990.35 6744.73 381.929 5 -0.0443893 -6.26357 0.501449 7.55794e-05 
8078.32 6330.62 375.494 5 -0.0434432 -6.26441 0.485143 5.85981e-05 
8165.17 5916.44 369.142 5 -0.0424972 -6.26517 0.468837 4.35561e-05 
8250.91 5502.2 362.872 5 -0.0415512 -6.26586 0.452531 3.0587e-05 
8335.55 5087.89 356.684 5 -0.0432731 -6.26649 0.436224 1.99682e-05 
8419.11 4673.53 350.347 5.17676 -0.0385051 -6.26693 0.419918 1.1107e-05 
8500.33 4259.13 344.399 5 -0.057071 -6.26771 0.403612 5.17525e-06 
8581.77 3844.66 336.86 6.21622 -0.558124 -6.26794 0.387306 0.000315638 
8654.29 3430.18 285.52 40 -0.0899993 -3.5277 0.369 0 
8654.29 3430.18 285.52 40 -0.0899993 -3.5277 0.369 0 
8597.66 3388.73 278.178 32.3767 1.4 1.04809 -0.188388 -0.0912801 
8554.47 3455.11 306.241 9.09259 -0.81559 -0.505119 -0.176774 -0.809614 
8557.58 3484.86 282.965 29.1003 -1.05406 -5.96677 0.789562 -0.00795806 
8521.83 3385.91 253.313 40 -0.490408 -6.14681 -0.0574373 0.000792597 
8463.82 3282.73 236.534 40 -0.490408 -6.1371 -0.0574374 0.000683262 
8405.02 3179.78 219.754 40 -0.490408 -6.12774 -0.0574375 0.000684446 
8345.42 3077.06 202.975 40 -0.490408 -6.1177 -0.0574377 0.000708593 
8285.04 2974.57 186.196 40 -0.490408 -6.10644 -0.0574379 0.000745691 
8223.86 2872.34 169.417 40 -0.490408 -6.09361 -0.0574375 0.000800886 
8161.89 2770.42 152.638 40 -0.490406 -6.07865 -0.0574718 0.000920334 
8099.13 2668.85 135.858 40 -0.490523 -6.05978 -0.0554417 0.00133428 
8035.57 2567.72 119.076 40 -0.48349 -6.02883 -0.0550994 -0.00332443 
7971.22 2467.33 102.46 39.8735 -0.475446 -6.12902 -0.0490408 0.00263828 
7906.32 2364.57 86.0385 39.6159 -0.474546 -6.05428 -0.0374285 0.00466232 
7841.13 2263.58 69.6476 39.3697 -0.490309 -5.91008 -0.0258163 0.00215628 
7775.65 2165.98 52.8945 39.4318 -0.519734 -5.84308 -0.014204 0.00226871 
7709.27 2069.96 35.4456 40 -0.493588 -5.76847 -0.00259179 0.00240217 
7640.98 1975.7 18.5914 40 -0.300442 -5.68436 0.00902045 -0.000258309 
7571.8 1883.42 6.28943 39.3446 -0.0717862 -5.69829 0.0206327 0.00201917 
7503.18 1790.82 0.00103278 38.6567 0.0450701 -5.61846 0.0322449 0.000868363 
7435.5 1700.09 0.00103278 38.4738 0.0459642 -5.58383 0.0438572 -0.000114473 
7368.17 1610.18 0.00103278 38.2908 0.0468576 -5.59305 0.0554694 -0.000169925 
7301.18 1520.05 0.00103278 38.1078 0.0477509 -5.6055 0.0670817 -8.06765e-06 
7234.54 1429.63 0.00103278 37.9248 0.0486443 -5.60975 0.0786939 5.06553e-06 
7168.24 1339.11 0.00103278 37.7419 0.0495377 -5.61327 0.0903062 -0.000112196 
7102.29 1248.5 0.00103278 37.5589 0.0504313 -5.62427 0.101918 0.000281936 
7036.69 1157.64 0.00103981 37.3759 0.0513253 -5.60826 0.113531 0.00320164 
6971.43 1067.15 5.3943 37.193 0.0522196 -5.36701 0.125143 0.00764214 
6906.77 982.352 10.8157 37.01 0.0531135 -4.74577 0.136755 0.0145784 
6842.73 912.191 16.2651 36.827 0.0540085 -3.50103 0.148367 0.0226311 
6779.31 871.367 21.7425 36.6441 0.0549051 -1.47841 0.15998 0.0269411 
6716.53 878.213 27.248 36.461 0.0558007 1.06696 0.171592 0.0236213 
6654.41 945.05 32.7814 36.278 0.0566872 3.5122 0.183204 0.0143433 
6592.94 1069.52 38.3427 36.0952 0.0575637 5.28502 0.194816 0.00464757 
6532.11 1235.77 43.9316 35.9126 0.058465 6.15435 0.206429 -0.000907075 
6471.9 1422.5 49.5486 35.7299 0.0594587 6.28 0.218041 -0.00180105 
6412.31 1612.2 55.1959 35.5453 0.0604984 6.09109 0.229653 -0.000779879 
6353.33 1797.45 60.8747 35.3583 0.0611748 5.94887 0.241265 -0.000102365 
6294.96 1979.34 66.5765 35.1759 0.0609674 5.92182 0.252878 3.3412e-05 
6237.21 2160.6 72.2803 35.0131 0.0609062 5.94807 0.26449 3.67123e-06 
6180.04 2342.47 77.9888 34.8643 0.065377 5.98555 0.276102 -2.33165e-05 
6123.41 2525.23 83.8083 34.6461 0.0773838 6.01957 0.287714 -2.32964e-05 
6067.47 2708.79 89.919 34.2341 0.0812232 6.04716 0.299327 -1.11501e-05 
6012.59 2893 96.1357 33.8044 0.033837 6.06901 0.310939 -7.7725e-07 
5958.85 3077.72 101.252 34.2783 -0.0672894 6.08643 0.322551 2.28285e-06 
5904.49 3262.85 103.967 36.4807 -0.0189159 6.09997 0.334163 1.20248e-06 
5846.08 3448.31 107.739 37.4653 0.560712 6.11086 0.345776 5.40749e-06 
5785.72 3634.02 125.134 27.8933 1.38495 6.09452 0.357388 -8.32866e-05 
5743.87 3819.34 162.317 5 0.0899998 3.83055 0.369 0 
5743.87 3819.34 162.317 5 0.0899998 3.83055 0.369 0 
5782.44 4130.89 172.922 5 -0.572358 0.364992 1.15369 0.883218 
5822.87 4240.26 144.885 26.8538 0.45957 6.24176 -0.176775 -0.00143987 
5756.93 4692.55 175.006 5 0.11829 6.24986 0.44524 -0.00326925 
5797.07 5145.24 187.261 5 0.11829 6.24492 0.44524 -0.00284751 
5838.64 5597.64 199.516 5 0.11829 6.24244 0.44524 -0.00283038 
5881.65 6049.89 211.771 5 0.11829 6.23955 0.44524 -0.0028174 
5926.08 6501.97 224.026 5 0.11829 6.23619 0.44524 -0.00281593 
5971.95 6953.86 236.281 5 0.11829 6.23221 0.44524 -0.00283248 
6019.25 7405.52 248.535 5 0.11829 6.22744 0.44524 -0.00287534 
6067.98 7856.9 260.79 5 0.11829 6.22162 0.44524 -0.00295489 
6118.15 8307.94 273.045 5 0.11829 6.21435 0.44524 -0.00308499 
6169.74 8758.55 285.3 5 0.11829 6.20502 0.44524 -0.00329492 
6222.77 9208.62 297.555 5 0.11829 6.1926 0.44524 -0.00367886 
6277.23 9657.97 309.81 5 0.11829 6.17523 0.44524 -0.00444961 
6333.12 10106.3 322.064 5 0.11829 6.14974 0.44524 -0.00472416 
6390.45 10553.1 334.319 5 0.11829 6.11203 0.44524 -0.023365 
6449.2 10997.8 346.574 5 0.11829 6.03544 0.44524 -0.165185 
6509.38 11438 358.829 5 0.118289 4.24415 0.44524 -0.47847 
6570.91 11773.6 371.084 5 0.118286 -0.111 0.44524 -0.457025 
6633.68 11855.2 383.338 5 0.118284 -4.40134 0.44524 -0.123131 
6697.67 11686.6 395.593 5 0.118275 -6.02073 0.445379 -0.0115119 
6763.02 11423.4 407.847 5 0.119471 -6.10501 0.424753 -0.00160864 
6829.8 11155.3 420.171 5 -0.0591679 -6.14962 0.794932 -0.000996547 
6898.23 10884.6 418.143 5 -0.0582245 -6.17537 0.778649 -0.000400807 
6966.42 10612.4 413.124 5 -0.0572787 -6.19273 0.762345 -8.62696e-05 
7034.02 10339.3 408.161 5 -0.0563328 -6.20513 0.746039 8.38207e-05 
7101.03 10065.3 403.253 5 -0.0553868 -6.21444 0.729734 0.000179666 
7167.47 9790.87 398.4 5 -0.0544408 -6.22169 0.713428 0.000232521 
7233.35 9515.98 393.603 5 -0.0534948 -6.2275 0.697122 0.00025866 
7298.66 9240.76 388.86 5 -0.0525488 -6.23225 0.680816 0.000267521 
7363.41 8965.25 384.173 5 -0.0516027 -6.23622 0.66451 0.000264954 
7427.62 8689.52 379.541 5 -0.0506567 -6.23957 0.648204 0.000254757 
7491.28 8413.59 374.964 5 -0.0497107 -6.24245 0.631898 0.000239494 
7554.41 8137.49 370.442 5 -0.0487647 -6.24495 0.615591 0.000220954 
7617 7861.25 365.976 5 -0.0478186 -6.24713 0.599285 0.000200425 
7679.08 7584.88 361.565 5 -0.0468726 -6.24906 0.582979 0.00017886 
7740.64 7308.4 357.208 5 -0.0459266 -6.25078 0.566673 0.000156984 
7801.68 7031.82 352.908 5 -0.0449805 -6.25231 0.550367 0.000135361 
7862.23 6755.14 348.662 5 -0.0440345 -6.2537 0.534061 0.000114441 
7922.27 6478.39 344.471 5 -0.0430885 -6.25495 0.517755 9.45864e-05 
7981.82 6201.56 340.336 5 -0.0421424 -6.25608 0.501449 7.60968e-05 
8040.89 5924.67 336.256 5 -0.0411964 -6.25712 0.485143 5.92206e-05 
8099.49 5647.72 332.231 5 -0.0402504 -6.25807 0.468837 4.41664e-05 
8157.61 5370.71 328.261 5 -0.0424453 -6.25895 0.45253 3.3217e-05 
8215.27 5093.65 324.163 5.13941 -0.0429478 -6.25907 0.436224 1.88782e-05 
8271.79 4816.58 320.023 5.29011 -0.0333609 -6.26048 0.419918 1.08508e-05 
8327.12 4539.43 316.428 5 -0.083229 -6.26178 0.403612 5.68656e-06 
8383.45 4262.21 309.951 7.07553 -0.795104 -6.2612 0.387306 0.000351575 
8430.14 3985.03 261.75 40 -0.0899996 -4.39384 0.369 0 
8430.14 3985.03 261.75 40 -0.0899996 -4.39384 0.369 0 
8417.66 3965.44 259.432 37.6056 0.151824 -3.07784 1.15369 0.421278 
8406.35 3954.24 258.68 33.9162 0.824876 -1.66954 1.13739 0.344336 
8396.84 3952.03 262.26 27.1185 1.25439 -0.357029 1.12108 0.269112 
8390.8 3958.18 268.648 18.5237 1.25439 0.838582 1.10477 0.197485 
8389.23 3971.96 275.125 10.2907 0.719503 1.88566 1.08847 0.133532 
8392.04 3992.42 278.274 5.00019 -0.324384 2.74273 1.07216 0.0820819 
8397.72 4018.34 274.818 5.00002 -0.323595 3.37213 1.05586 0.0484185 
8403.37 4048.27 271.367 5.00062 -0.322565 3.79316 1.03955 0.0268377 
8408.97 4080.89 267.923 5.00079 -0.321636 4.04765 1.02324 0.0141584 
8414.53 4115.13 264.485 5.00104 -0.645821 4.19114 1.00694 0.00712814 
8420.09 4150.29 258.98 6.57908 -1.39975 4.26809 0.990632 0.00332201 
8424.86 4185.94 248.649 11.7548 -1.39982 4.30666 0.974326 0.00128934 
8426.86 4221.83 238.264 16.7203 -1.39982 4.32334 0.95802 0.000212119 
8426.19 4257.84 227.829 21.484 -1.39973 4.3275 0.941713 -0.000350006 
8422.95 4293.87 217.346 26.0539 -1.34273 4.32445 0.925407 -0.000626838 
8417.24 4329.89 207.179 30.1618 -0.582523 4.31729 0.909101 -0.000744244 
8409.19 4365.86 201.82 30.4144 -0.586514 4.30789 0.892795 -0.000774073 
8400.95 4401.77 196.433 30.6804 -0.590912 4.29733 0.876489 -0.000758637 
8392.51 4437.62 191.014 30.9614 -0.594777 4.28626 0.860183 -0.000723174 
8383.85 4473.39 185.569 31.254 -0.597189 4.27498 0.843877 -0.00068209 
8374.98 4509.09 180.105 31.5507 -0.597445 4.26359 0.827571 -0.00064253 
8365.88 4544.72 174.636 31.8409 -0.595308 4.25208 0.811264 -0.000606864 
8356.57 4580.28 169.178 32.1133 -0.591188 4.24038 0.794958 -0.000574641 
8347.04 4615.76 163.743 32.3589 -0.586176 4.22842 0.778652 -0.000544164 
8337.32 4651.17 158.338 32.5746 -0.581893 4.21615 0.762346 -0.000513624 
8327.42 4686.5 152.958 32.7652 -0.580143 4.20356 0.74604 -0.000481793 
8317.35 4721.75 147.587 32.9439 -0.582428 4.19068 0.729734 -0.000448269 
8307.13 4756.91 142.2 33.1309 -0.589431 4.17757 0.713428 -0.000413407 
8296.74 4791.99 136.766 33.3487 -0.600618 4.1643 0.697122 -0.000378046 
8286.17 4826.99 131.259 33.6163 -0.614097 4.15093 0.680815 -0.000343187 
8275.39 4861.9 125.663 33.9428 -0.62684 4.13747 0.664509 -0.00030972 
8264.38 4896.73 119.982 34.3221 -0.635293 4.12395 0.648203 -0.000278269 
8253.1 4931.47 114.244 34.7313 -0.636296 4.11034 0.631897 -0.000249158 
8241.54 4966.12 108.494 35.133 -0.628101 4.09657 0.615591 -0.000222473 
8229.7 5000.69 102.794 35.4827 -0.611233 4.08257 0.599285 -0.000198185 
8217.61 5035.17 97.1967 35.7407 -0.588891 4.06824 0.582979 -0.000176269 
8205.31 5069.55 91.7397 35.8841 -0.566666 4.05343 0.566673 -0.000156789 
8192.86 5103.85 86.4229 35.9183 -0.551476 4.03791 0.550366 -0.000139929 
8180.33 5138.04 81.2027 35.8819 -0.54987 4.02137 0.53406 -0.000125952 
8167.75 5172.12 75.9932 35.8439 -0.566009 4.00323 0.517754 -0.000115084 
8155.12 5206.1 70.681 35.8903 -0.59986 3.98262 0.501448 -0.00010733 
8142.41 5239.94 65.1525 36.1037 -0.646185 3.95808 0.485142 -0.000102222 
8129.52 5273.62 59.3263 36.5376 -0.694803 3.92725 0.468836 -9.85229e-05 
8116.34 5307.11 53.1856 37.194 -0.732372 3.88648 0.45253 -9.4004e-05 
8102.75 5340.33 46.7985 38.01 -0.745529 3.83015 0.436224 -8.55108e-05 
8088.67 5373.2 40.3192 38.8606 -0.724814 3.74997 0.419917 -6.9771e-05 
8074.06 5405.56 33.9632 39.5798 -0.668394 3.63427 0.403611 -4.54922e-05 
8059 5437.18 27.9598 40 -0.584473 3.46731 0.387305 -1.90841e-05 
8043.64 5467.73 22.4875 40 0.488028 3.20258 0.369 0 
