grtopL_104_3
50
2 2
12 12 
0 5 8 9 1 4 2 10 7 6 3 11 
0 5 8 9 1 4 2 10 7 6 3 11 
8.6214e-07 812.912 147.881 66.1145 244.15 3832.29 21.8196 2094.87 51.2445 356.8 61.8373 
130240 435.69 141.906 0 43.0343 95.8844 311.058 60.0462 117.864 319.146 64.3909 
1.75947e-08 16.59 3.01798 1.34927 4.98265 78.2099 0.445298 42.7524 1.04581 7.28162 1.26199 
2657.95 8.89164 2.89603 0 0.878252 1.95682 6.34813 1.22543 2.40539 6.51319 1.3141 
2561.84 22.7321 5.40199 1.07804e-07 109.771 6317.22 4573.78 1244.48 1.8579 6.36188 2.61413 
1.06955e-05 6.40514 7.9879 16.0733 0.0501901 0.572246 5.30739 2.58326 1.17662 5.23844 2.78361 
7031.74 9568.69 4797.32 21.9494 0.569861 0 0.114771 0 
4565.35 8249.72 2373.16 5 -1.4 -6.28 0.999396 -1.02859 
7127.19 9716.32 2373.12 5 -1.4 -6.28 -0.187193 0 
6584.29 7154.47 564.324 5 1.4 -6.27999 -0.180769 0.985776 
6897.89 4868.11 2986.27 40 -1.4 -6.28 -0.174386 0 
7374.33 2306.27 571.634 40 -1.4 -6.28 -0.167983 0 
7200.7 1907.75 0.00100001 40 -1.4 -6.27999 -0.161579 0 
7027.62 4318.15 0.00100001 40 -1.4 -6.27999 -0.155176 0 
6866.84 4919.15 0.00100001 40 1.4 -6.27999 -0.148772 0 
6706.06 3988.19 0.00100002 40 1.4 -6.27999 -0.142369 0 
6545.28 3962.93 0.00100002 40 1.4 -6.27999 -0.135965 0 
6384.51 3992.62 0.00100002 40 1.4 -6.27999 -0.129562 0 
6223.73 4089.75 0.00100002 40 0.333673 -6.27999 -0.123158 0 
6062.95 4040.99 0.00100002 40 0.742126 -6.27999 -0.116755 0 
5902.17 4063.29 0.00100002 40 0.753428 -6.27999 -0.110351 0 
5741.39 4084.81 0.00100002 40 1.4 -6.27999 -0.103948 0 
5580.62 4098.58 0.00100002 40 1.4 -6.27999 -0.0975442 0 
5419.84 4114.91 0.00100001 40 1.4 -6.27999 -0.0911408 0 
5259.06 4126.7 0.00100001 40 1.4 -6.27999 -0.0847373 0 
5098.29 4135.56 0.00100001 38.3071 -1.4 -6.27999 -0.0783338 0 
4937.51 4141.37 0.00100001 40 1.4 -6.28 -0.0719303 0 
4772.87 4143.97 0.001 40 1.4 -6.28 -0.0655268 0 
4609.05 4143.24 0.001 39.9987 1.4 -6.28 -0.0591233 -0.57902 
3829.82 5489.23 0.001 40 1.39999 6.27999 -0.0527199 0.557612 
6391.66 2927.39 615.461 40 -1.4 6.28 0.653643 -0.536204 
5271.49 5121.81 18.2741 40 -1.4 6.27995 -0.00842632 0 
2848.55 7532.21 0.001 40 1.39998 6.27999 -0.0335094 0.493388 
425.775 7589.28 0.001 5 1.39997 -6.28 -0.0271059 0 
-54.1907 6388.6 0.001 5 1.39996 -6.28 -0.0207024 0 
-214.964 5174.03 0.001 5 1.39996 -6.28 -0.0142989 0 
-375.738 3956.79 0.001 5 1.39996 -6.28 -0.00789547 -0.407755 
-536.512 2756.11 0.001 5 1.39996 -6.28 -0.00149198 0.386347 
-697.286 1555.43 0.001 5 1.39997 -6.28 0.0049115 0 
-858.059 354.749 0.001 5 1.39998 -6.28 0.011315 0 
-1018.83 161.882 0.001 5 1.4 -6.28 0.0177185 -0.322122 
-1179.93 2723.72 0.001 40 1.4 -6.28 0.416979 0.300714 
-1208.83 3764.76 0.902803 5 -1.37778 -6.28 0.068789 0 
-1214.78 3753.68 0.001 5 -1.21579 -6.28 0.0799911 0 
-1375.55 4291.47 0.001 5 1.4 -6.28 0.0868944 0 
-1536.33 3050.7 0.001 5 -1.11919 -6.28 0.0932527 0 
-1697.1 3588.49 0.001 5 -1.14469 -6.28 0.0995418 0 
-1857.87 3575.14 0.001 5 -1.14823 -6.28 0.105822 0 
-2018.65 3561.8 0.001 5 -1.13941 -6.28 0.1121 0 
-2179.42 3548.46 0.001 5 -1.08819 -6.28 0.11837 0 
-2340.19 2921.61 0.001 5 -1.4 -6.28 0.124573 0 
-2500.97 4210.53 0.001 5 1.4 -6.28 0.130255 0 
-2661.74 3738.55 0.001 5 1.4 -6.28 0.0945604 -0.0652245 
-2822.52 1302.97 0.001 40 -1.39999 -6.28 0.100964 0.0438163 
-1811.47 3864.81 2498.67 40 -1.4 6.28 0.107367 -0.0224082 
750.371 5346.87 83.35 5 0.09 6.28 0.113771 0 
750.371 5346.87 83.35 5 0.09 6.28 0.113771 0 
852.546 6949 85.8699 5.4497 0.204943 5.26723 0.0679183 -0.0173386 
993.128 8386.93 112.034 5 -0.243958 6.28 1.13739 -0.0172794 
1154.05 10034.5 90.6937 20.768 0.141658 6.28 0.571613 -0.125381 
997.606 11682.3 98.7076 5 -0.141846 6.18599 1.10478 -0.00370698 
1152.56 13310.4 98.4813 5 -0.120505 5.52143 0.67621 0.00107077 
1307.22 14800.9 102.756 5.47948 -0.0989208 5.52637 0.262778 -0.0980978 
1455.61 16292.5 111.474 5.60003 -0.0989827 2.52286 0.262021 -0.146678 
1605.13 17162.4 120.128 5.58009 -0.100632 -1.67998 0.315296 0.00403298 
1757.88 17116.8 128.439 5.36391 -0.0992732 -1.63859 0.338946 -0.00396945 
1917.66 17079.8 137.122 5 -0.12085 -1.66832 0.725571 0.00651181 
2087.16 17036.6 141.46 5 -0.13628 -1.63893 0.990633 -0.0691175 
2258.54 16999.5 142.603 5 -0.135335 -3.43546 0.974327 -0.0660981 
2430.08 16590.5 143.942 5 -0.13439 -5.75102 0.95802 -0.000867729 
2601.8 15702.2 145.477 5 -0.133444 -5.70979 0.941714 0.0043273 
2774.15 14822.4 147.208 5 -0.132498 -5.71522 0.925408 -0.000610206 
2947.22 13941.5 149.134 5 -0.131552 -5.71206 0.909102 0.00340636 
3121.08 13061.3 151.256 5 -0.130579 -5.71444 0.892796 -0.0343608 
3295.82 12180.5 153.572 5.00011 -0.132318 -5.94559 0.87649 -0.00985788 
3471.49 11252 155.47 5.46801 -0.132802 -6.03737 0.860184 0.00314235 
3640.17 10304.4 157.178 5.48046 -0.132775 -6.04212 0.843878 0.00306755 
3809.35 9355.81 158.781 5.70331 -0.133419 -6.07609 0.827571 0.00342506 
3975.5 8400.22 160.255 5.81585 -0.134177 -6.04865 0.811265 0.00265197 
4140.4 7450.31 161.539 6.04168 -0.132789 -6.05041 0.794959 0.00374881 
4302.08 6500.04 163.037 5.89176 -0.133553 -6.06389 0.778653 0.00221989 
4466.87 5546.97 164.431 6.20992 -0.13306 -6.05922 0.762347 0.00416549 
4626.96 4594.88 165.822 6.17101 -0.131094 -6.07895 0.746041 0.00235049 
4788.26 3638.7 167.639 6.01821 -0.123402 -6.07515 0.729735 0.0342819 
4952.81 2683.3 171.111 5 -0.119941 -5.88011 0.713429 0.0454342 
5135.71 1768.27 175.585 5 -0.129194 -4.96335 0.136755 0.252774 
5320.65 1088.32 178.133 11.731 -0.17097 5.48959 0.360139 0.0624034 
5396.91 2572.39 169.862 13.876 -0.00280192 5.99491 0.22795 -0.000646399 
5393.61 4161.09 165.071 13.7745 0.0183468 5.97614 0.236251 -0.0013423 
5392.71 5745.91 163.599 11.2225 0.0377984 5.9619 0.243727 -0.00110138 
5449.94 7327.75 168.391 10.935 0.0248049 5.949 0.251079 -0.000512365 
5514.66 8906.91 175.166 11.8901 0.121886 5.92848 0.2593 -0.00813003 
5585.91 10481.8 182.032 11.6629 0.124197 5.89517 0.267523 -0.0425932 
5663.76 12049.9 189.42 11.2881 0.11322 5.39645 0.273259 -0.00238836 
5750.85 13514.7 194.695 12.3433 -0.0327185 5.3992 0.281696 -0.00154892 
5788.98 14980 204.483 11.8041 0.0604435 5.49077 0.25878 -0.0755205 
5844.27 16464.3 235.439 12.9314 0.0985556 1.20507 0.270406 -0.0642144 
5900.54 17016.1 270.51 15.7349 0.0455319 -2.52975 0.281576 -0.0405976 
5918.18 16794.8 305.727 15.4469 0.108792 -5.74914 0.291423 0.00211056 
5937.26 15907 354.135 8.31919 0.128417 -5.84962 0.366913 0.00130483 
6094.55 14998.3 364.479 13.3179 0.11288 -6.202 0.452531 0.000516854 
6173.22 14016.8 369.043 13.1883 0.100805 -6.28 0.436224 -0.00979279 
6255.98 13019.1 371.134 15.2946 0.100258 -6.28 0.419918 0.000582927 
6350.11 12021.4 372.434 14.3402 -0.129356 -6.28 0.403612 -0.000129392 
6461.56 11023.7 326.448 6.01362 -0.107102 -6.28 0.364038 0.00136488 
6646.49 10025.9 295.36 29.9326 0.0694188 -3.06129 0.369 0 
6646.49 10025.9 295.36 29.9326 0.0694188 -3.06129 0.369 0 
6588.32 9964.38 292.272 28.4917 0.883773 -6.28 -0.188388 0.000467145 
6533.55 9781.66 319.937 5 -1.27172 -6.28 1.13739 0.000442281 
6553.37 9598.87 267.85 36.019 -0.372741 -6.28 -0.165163 0.000429292 
6474.99 9416.16 247.745 35.8361 -0.371847 -6.28 -0.153551 0.000413091 
6395.65 9233.45 227.684 35.6531 -0.370954 -6.28 -0.141938 0.000397071 
6315.34 9050.74 207.667 35.4701 -0.370059 -6.28 -0.130326 0.000381245 
6234.08 8868.03 187.695 35.2871 -0.369162 -6.28 -0.118714 0.000365621 
6151.86 8685.32 167.769 35.104 -0.36828 -6.28 -0.107101 0.000350207 
6068.68 8502.61 147.886 34.9213 -0.367443 -6.28 -0.0954891 0.000335012 
5984.56 8319.9 128.046 34.7401 -0.366521 -6.28 -0.0838768 0.000320046 
5899.49 8137.19 108.252 34.5577 -0.364955 -6.28 -0.0722645 0.000305318 
5813.47 7954.47 88.5272 34.3558 -0.363231 -6.28 -0.0606522 0.000290837 
5726.57 7771.76 68.8799 34.1348 -0.368271 -6.28 -0.0490398 0.000276597 
5638.86 7589.05 49.0562 34.0931 -0.386611 -6.28 -0.0374275 0.000262592 
5549.8 7406.33 28.5444 34.5678 -0.353691 -6.28 -0.0258151 0.000248949 
5457.73 7223.62 9.24357 33.9636 -0.0875816 -6.28 -0.0142028 0.000236022 
5365.82 7040.91 0.00104665 33.504 0.0164794 -6.28 -0.00258872 0.000223209 
5274.53 6858.19 0.00104451 33.3207 0.017306 -6.28 0.00902433 0.000210165 
5183.79 6675.48 0.00104447 33.1379 0.0180084 -6.28 0.0206362 0.000197618 
5093.6 6492.76 0.00104441 32.9557 0.0187742 -6.28 0.032248 0.000185409 
5003.96 6310.04 0.00104435 32.7724 0.0198214 -6.28 0.04386 0.000173506 
4914.87 6127.33 0.00104429 32.5894 0.0207461 -6.28 0.055472 0.000161936 
4826.34 5944.61 0.00104423 32.4065 0.0216515 -6.28 0.0670841 0.000150706 
4738.35 5761.89 0.00104417 32.2235 0.0225629 -6.28 0.0786961 0.000139825 
4650.92 5579.18 0.00104411 32.0404 0.0234615 -6.28 0.0903082 0.0001293 
4564.04 5396.46 0.00104405 31.8575 0.0243262 -6.28 0.10192 0.000119141 
4477.71 5213.74 0.00104401 31.6746 0.0252211 -6.28 0.113532 0.000109354 
4391.93 5031.02 0.00104401 31.4916 0.0261364 -6.28 0.125145 9.9946e-05 
4306.7 4848.3 0.00104396 31.3087 0.0270428 -6.28 0.136757 9.09307e-05 
4222.03 4665.58 0.00104403 31.1259 0.027973 -6.28 0.148369 8.23013e-05 
4137.9 4482.86 0.292197 30.9424 0.0289673 -6.28 0.159981 7.40693e-05 
4054.35 4300.14 6.42379 30.76 0.0297672 -6.28 0.171593 6.62434e-05 
3971.81 4117.41 12.5965 30.5801 0.0307585 -6.28 0.183205 5.88298e-05 
3890.28 3934.69 18.8175 30.3967 0.0328524 -6.28 0.194817 5.18346e-05 
3809.77 3751.97 25.1283 30.179 0.0347303 -6.28 0.20643 4.52627e-05 
3730.39 3569.25 31.523 29.9416 0.0241755 -6.28 0.218042 3.91154e-05 
3652.22 3386.52 37.5346 30.0456 -0.00527872 -6.28 0.229655 3.33973e-05 
3574.21 3203.8 42.4308 30.9485 0.0689771 -6.28 0.241267 2.81433e-05 
3493.79 3021.08 50.0687 29.4833 0.527386 -6.28 0.252879 2.34002e-05 
3418.03 2838.36 75.0572 15.2251 0.50806 -6.28 0.264492 1.89968e-05 
3387.18 2655.6 100.179 5.00012 0.238069 -6.28 0.276104 1.50131e-05 
3389.29 2472.81 115.75 5.00006 0.237395 -6.28 0.287716 1.15248e-05 
3392.57 2290.03 131.296 5.00004 0.236721 -6.28 0.299328 8.49342e-06 
3397.02 2107.25 146.817 5.00003 0.236047 -6.28 0.31094 5.92088e-06 
3402.65 1924.46 162.312 5.00002 0.235373 -6.28 0.322552 3.80925e-06 
3409.44 1741.68 177.782 5.00002 0.2347 -6.28 0.334165 2.16025e-06 
3417.41 1558.9 193.227 5.00002 0.234026 -6.28 0.345777 9.75221e-07 
3426.54 1376.11 208.646 5.00001 0.233353 -6.28 0.357389 0.000135217 
3436.83 1193.33 224.04 5 -0.000891875 -3.5094 0.369 0 
3436.83 1193.33 224.04 5 -0.000891875 -3.5094 0.369 0 
3446.89 1160.67 224.564 5.57661 -1.19676 -3.51071 1.15369 -1.02804 
3456.59 1127.99 204.938 20.8242 -0.303782 -4.46865 -0.00412786 -1.00631 
3444.74 1079.2 199.936 23.8216 0.0918971 -5.40704 -0.165147 -0.918279 
3428.54 1014.61 201.513 21.5418 0.55288 -6.26416 -0.153525 -0.0113239 
3415.3 935.593 210.914 13.5988 0.670321 -6.27788 -0.124507 0.00374089 
3413.05 856.335 222.505 5.00149 -0.408411 -6.27759 0.700164 0.00350073 
3423.16 777.072 216.168 10.5516 -0.763222 -6.2775 0.773772 0.00342544 
3425.68 697.816 203.708 19.9827 -0.0407245 -6.27747 -0.106237 0.00342667 
3414.82 618.571 203.156 19.7789 -0.0412462 -6.27745 -0.0936477 0.00342461 
3404.21 539.326 202.602 19.5948 -0.042603 -6.27744 -0.0805878 0.00343358 
3393.84 460.082 202.029 19.4385 -0.0404566 -6.27742 -0.070952 0.00345419 
3383.65 380.837 201.497 19.2648 -0.0390408 -6.27738 -0.060074 0.00353226 
3373.68 301.593 200.993 19.0839 -0.038011 -6.27727 -0.0486343 0.536471 
3363.94 222.35 200.512 18.9011 -0.0370884 -5.78122 -0.0370549 0.748168 
3354.43 151.459 200.051 18.718 -0.0362138 -5.08784 -0.0254344 0.727679 
3345.16 92.2403 199.61 18.5351 -0.0353414 -4.41306 -0.0138211 0.706588 
3336.14 44.3823 199.188 18.3525 -0.0344486 -3.75745 -0.00222813 0.685366 
3327.35 7.5617 198.786 18.1699 -0.0335452 -3.12114 0.00935908 0.664083 
3318.81 -18.5465 198.405 17.9872 -0.0326479 -2.50421 0.0209519 0.642738 
3310.51 -34.2686 198.043 17.8044 -0.031765 -1.90673 0.0325513 0.621305 
3302.45 -39.9319 197.701 17.6217 -0.0308886 -1.32879 0.0441554 0.599614 
3294.63 -35.8654 197.379 17.4392 -0.0299856 -0.77064 0.0557615 0.122097 
3287.06 -22.4023 197.077 17.2566 -0.0290202 -0.65648 0.0673682 -0.556326 
3279.72 -7.01759 196.797 17.073 -0.0280188 -1.17356 0.0789736 -0.534691 
3272.61 -0.338423 196.538 16.888 -0.0271368 -1.67086 0.0905778 0.0604673 
3265.74 -2.03178 196.299 16.7035 -0.0265844 -1.61466 0.102183 0.064566 
3259.11 -2.77917 196.074 16.5235 -0.0262935 -1.55461 0.113794 -0.0162456 
3252.71 -2.51571 195.859 16.3509 -0.0255213 -1.56972 0.125413 -0.00060134 
3246.54 -2.50678 195.661 16.1787 -0.0230773 -1.57028 0.137033 0.000144485 
3240.59 -2.50745 195.51 15.9854 -0.0189246 -1.57014 0.148637 7.45209e-05 
3234.9 -2.50606 195.433 15.7516 -0.0164955 -1.57007 0.16022 -0.00213597 
3229.52 -2.50376 195.404 15.5037 -0.0222873 -1.57206 0.171805 0.00290518 
3224.48 -2.53519 195.284 15.3485 -0.0383718 -1.56936 0.183421 0.00728154 
3219.65 -2.5213 194.897 15.4078 -0.049673 -1.56258 0.195085 0.0194471 
3214.72 -2.39326 194.318 15.5966 -0.0219697 -1.54448 0.206754 -0.285672 
3209.52 -1.96023 194.201 15.4012 0.0646453 -1.8103 0.21832 -0.245521 
3204.54 -6.00263 195.547 14.1093 0.147462 -2.03894 0.230778 0.256218 
3201.32 -13.8957 198.323 11.889 0.0539092 -1.80083 0.399697 0.235466 
3201.22 -17.7824 199.583 10.9851 0.032866 -1.58187 0.448092 0.214241 
3202.39 -17.9838 200.513 10.414 -0.0102324 -1.38251 0.498208 0.192905 
3204.38 -14.8296 200.734 10.4202 -0.0175503 -1.20288 0.499759 0.171523 
3206.38 -8.65105 200.83 10.5184 -0.0198197 -1.04301 0.4843 0.15011 
3208.25 0.218972 200.886 10.6464 -0.0452586 -0.90297 0.468249 0.128661 
3209.96 11.4468 200.511 11.0981 -0.0901454 -0.782791 0.452057 0.107164 
3211.07 24.6984 199.367 12.0872 -0.102817 -0.682534 0.435818 0.0855754 
3210.8 39.639 197.983 13.1421 0.00167851 -0.602299 0.419557 0.0637649 
3209.04 55.9315 198.33 12.755 0.231464 -0.542309 0.403281 0.0410756 
3207.73 73.2336 202.557 9.47921 0.354018 -0.503399 0.386999 -0.0155034 
3210.94 91.1873 208.934 5.00517 -0.089254 -0.517116 0.369 0 
3210.94 91.1873 208.934 5.00517 -0.089254 -0.517116 0.369 0 
3138.54 46.8451 315.145 5.00114 0.579562 -6.27888 -0.187266 0.858993 
3195.36 -142.996 244.017 23.4426 -1.39879 4.36813 1.13627 1.00605 
3050.03 128.619 193.272 5.00107 -1.39871 -6.27893 -0.164043 -0.984646 
2979.95 -68.678 196.892 5.00114 -1.39878 6.27858 0.12111 -0.0145903 
3121.8 525.052 201.927 5.00114 1.3988 -6.27879 0.0797909 -0.00409661 
3256.85 123.81 218.732 5.00114 1.3988 -2.0325 1.07105 0.000602422 
3394.05 -1.39648 213.477 29.2782 1.39881 -2.19096 1.05474 -0.0153309 
3416.07 -137.524 202.55 5.0001 1.4 2.75753 1.03844 -0.000155603 
3557.94 48.7275 401.35 5.00114 1.33427 -6.27878 1.02213 0.027138 
3700.4 -352.514 394.065 5.00114 0.75959 -6.27906 -0.0827666 -0.0260245 
3842.89 -626.727 343.833 16.9149 1.39879 -6.27897 -0.0711565 0.00114245 
3942.25 -836.787 331.933 39.9989 1.14677 2.65036 -0.0595472 -0.00219268 
3737.91 -672.512 302.669 39.9989 1.39879 4.30487 -0.0479369 0.00314641 
3504.4 -416.924 294.628 39.9989 1.39882 4.3056 -0.0363271 -0.0365168 
3269.89 -161.291 322.034 38.5189 -1.3988 -1.59734 -0.0246437 -0.00147044 
3060.38 -65.1061 298.97 5.00117 0.842757 -6.27897 -0.0131057 0.044844 
3124.48 -275.176 288.628 39.9989 -1.39879 1.89831 -0.00149802 4.86857e-05 
2892.58 -165.876 288.692 39.9989 1.39878 4.0794 0.0101115 0.0209677 
2665.34 89.71 315.085 39.9989 -1.39881 4.6766 0.0217201 0.00674302 
2539.91 381.985 326.435 39.9989 -1.39897 -6.27906 0.842792 -0.00924054 
2320.57 80.5134 197.139 37.6396 -0.126876 6.27863 0.0449338 -6.14032e-05 
2193.62 638.144 297.748 39.9989 -1.288 6.27904 0.0565372 -0.226221 
1963.3 1018.67 325.938 5.00108 -1.34419 -6.2789 0.793888 0.556501 
2110.06 828.029 354.121 5.00114 -1.39881 -6.2788 0.0797572 -0.535101 
2263.06 426.785 371.195 12.9368 -1.33499 -6.01371 0.0913642 -0.513697 
2392.18 220.89 399.167 5 -1.4 -3.12046 0.102973 -0.492291 
2564.55 14.6948 417.736 5 -1.4 6.27998 0.114581 0.47088 
2739.7 608.422 434.709 5 -1.4 6.27997 0.701747 -0.354669 
2916.97 1198.94 243.214 5 -0.631859 6.27991 0.696079 0.223353 
3069.42 1790.48 315.691 39.9999 -1.4 6.24449 0.14941 0.217276 
3032.48 2382.16 117.381 5.00114 1.39877 6.27908 0.663473 0.206933 
3163.94 2798.07 200.93 5.00011 1.4 6.27905 0.172607 0.201495 
3226.34 3211.37 399.729 5.00114 -1.39885 4.8391 0.630859 0.34247 
3188.83 3513.49 352.864 39.999 1.3988 -3.73391 0.614552 -0.320792 
3159.75 3279.71 384.388 5.00114 -1.39881 -3.18623 0.207403 -0.299388 
3313.36 3080.05 399.245 5.00114 -1.39879 -3.18814 0.218996 -0.277975 
3468.38 2880.27 414.102 5.00114 -1.39878 -3.18816 0.230586 -0.256496 
3624.32 2680.48 409.89 5.00108 -1.33903 -3.19368 0.242174 -0.220579 
3779.52 2480.35 438.394 39.9989 -1.39875 -3.1766 0.253762 0.213889 
3751.02 2281.43 442.04 5.00114 -1.39877 -3.39088 0.508506 0.192623 
3903.77 2058.49 453.833 5.07187 -1.4 -6.27882 0.500354 0.171205 
4058.78 1657.25 259.004 39.012 -1.39876 -6.27913 0.288559 0.14978 
4021.67 1256.13 275.365 39.9999 -1.4 2.97508 0.30029 0.128353 
3787.99 1429.04 77.0553 39.9989 1.39894 6.27859 0.311922 0.106929 
3732.63 2022.91 188.897 39.9989 1.30927 6.27858 0.323403 0.0855288 
3682.81 2616.78 375.425 39.9989 1.39875 6.20884 0.41263 0.0642675 
3643.95 3206.28 361.06 5.00114 -0.124296 6.24442 0.396686 -0.0350995 
3801.36 3797.82 266.076 5.07187 -1.4 6.1859 0.35821 -0.000778322 
3947.71 4385.77 71.2468 5.00096 -0.0883286 4.35882 0.369 0 
3947.71 4385.77 71.2468 5.00096 -0.0883286 4.35882 0.369 0 
3950.12 3853.8 70.1002 5.00017 1.39984 6.27967 0.708773 0.215266 
3959.83 5649.49 70.5867 17.2713 1.39984 6.27983 1.1371 1.00684 
3920.64 7012.13 54.5217 39.9998 1.39983 6.27983 -0.131463 -0.985463 
3901.45 18771.5 80.2035 5.00017 -1.39983 -6.27992 1.10449 0.96406 
3831.16 7859.1 8.19086 39.9992 -1.39976 -6.27983 0.0889189 -0.132907 
3514.2 7149.41 7.58565 39.9992 1.03847 -6.27983 -0.130041 0.0950267 
3429.37 7136.01 6.28991 39.9992 0.763839 -6.27962 -0.11843 0.125104 
3355.47 7120.95 5.61459 39.9992 0.685491 -6.2798 -0.106819 0.878432 
3291.94 7106.14 4.95224 39.9991 0.599915 -3.17353 -0.0952075 -0.857027 
3238.53 7071.26 4.30227 39.9992 0.506827 -6.27981 -0.0835964 -0.132427 
3194.87 7056.72 3.66494 39.9992 0.178822 -6.27957 0.990265 0.814212 
3160.69 7041.8 2.37089 39.9987 0.741023 -6.27918 -0.0542506 0.218149 
3135.65 6047.96 5.49246 39.9998 1.39983 6.27962 -0.0487632 -0.212977 
3120.14 7688.59 8.59578 39.9988 1.39951 -6.27892 -0.0371521 -0.749991 
3111.73 6884.08 8.24394 39.9992 -0.37126 -6.27983 -0.0255411 -0.0874061 
3103.53 6870.36 4.0849 39.9992 1.07288 -6.27983 -0.01393 0.0966281 
3094.87 6856.67 3.36292 39.9992 -0.0689489 -6.27983 -0.00231901 -0.685756 
3096.59 6522.46 0.00138989 39.9998 -1.39984 -2.28673 0.00929207 0.664363 
3084.4 368.254 0.00138989 39.9996 1.37757 -1.47634 0.020903 -0.200426 
3078 90.0433 0.00138989 39.9996 1.38002 -6.27967 0.032514 -0.62155 
3064.16 21.7938 0.00138989 39.9996 1.39969 -2.49411 0.044125 -0.0696666 
3039.45 17.7365 2.4457 39.9996 0.979606 -1.70384 0.055736 -0.0870919 
2775.38 -2.20282 0.803793 32.9351 -0.913216 -1.66776 0.0673469 -0.0904571 
2656.14 -2.1092 7.97943 5.00033 -1.39984 1.44747 0.0789579 -0.0905456 
5.9071 -0.00538654 0.0178361 18.3137 1.22364 -1.68498 0.0905688 -0.0905877 
3.52083 0.00743328 0.00869974 21.0897 1.24868 -1.66455 0.745771 0.0901762 
-1.10866 0.00940359 0.0105242 21.2701 0.483317 -1.65122 0.723024 -0.0905793 
-5.53592 0.0102851 0.012776 5.90412 0.878472 -1.64038 0.695054 0.0904264 
-7.02937 0.0122242 0.0154216 8.67681 0.440576 -1.62934 0.137012 -0.0905739 
-8.21051 0.0124299 0.0183206 5.00094 1.20499 -1.56252 0.680533 0.0895185 
135.662 -0.104303 0.0212104 21.403 1.38252 -1.58963 0.160233 -0.0898479 
-8.54601 0.0151908 0.0239696 16.3288 1.38257 -1.60039 0.171886 -0.0901615 
-103.107 0.0880472 0.0264563 14.3291 1.38174 -1.29598 0.183454 0.130859 
-173.171 -0.489348 0.0289323 5.00275 1.37955 -2.73508 0.615221 0.0900983 
-73.669 -0.126628 0.0303919 8.49341 1.38002 -2.87426 0.598919 0.0898513 
-49.264 0.0178621 0.0314129 11.736 1.38048 -2.95272 0.582618 -0.0905654 
-54.6354 0.0540223 0.032199 13.5784 1.38171 -2.94875 0.566316 -0.089667 
-80.3548 0.156619 0.035729 14.4212 1.38228 -2.74855 0.550107 -0.080113 
-125.642 0.747303 0.0407264 14.8342 -0.561566 -1.15207 0.25311 0.0832448 
-300.307 5.00417 0.0465385 5.1203 1.39969 -2.79594 0.517506 -0.19343 
-100.117 4.56911 4.06105 39.9998 1.39984 -4.82311 0.501206 0.172026 
984.375 -18.6957 0.438721 5.00054 -1.39984 6.27973 0.484906 -0.150621 
911.379 1325.11 0.0405217 5.01437 -0.449723 -6.27983 0.299545 0.129219 
853.103 1290.25 2.17189 5.00017 0.855983 -2.84911 0.425193 -0.107816 
792.02 1310.74 3.24291 5.00017 -0.950736 -6.27983 0.393121 0.0864133 
718.77 1301.79 0.103573 5.03398 0.522996 -2.84881 0.404114 0.0650171 
633.538 1322.54 0.047568 6.2175 1.39955 -2.84979 0.345941 0.0436358 
514.308 1433.95 131.546 39.9998 1.39984 -2.88854 0.357525 -0.0222688 
2375.59 6124.52 294.6 5.00039 -0.0897678 0.857226 0.369 0 
2375.59 6124.52 294.6 5.00039 -0.0897678 0.857226 0.369 0 
2.33223e-08 3394.23 0.0280718 5.01591 -4.10567e-06 -0.257754 4.42866e-05 3.64654e-15 
3.03732e-10 663.94 0.0280721 5.01593 -9.4592e-16 -1.77116e-10 4.76503e-05 -1.09944e-18 
3.03767e-10 2.1034e-09 0.0280721 5.01593 1.86738e-15 -4.95636e-13 5.15103e-05 -1.10266e-18 
3.03765e-10 3.35661e-10 0.0280721 5.01593 1.86741e-15 -4.95636e-13 5.59861e-05 -1.09793e-18 
3.03765e-10 3.35777e-10 0.0280721 5.01593 1.86744e-15 -4.95636e-13 6.12398e-05 -1.10376e-18 
3.03765e-10 3.35782e-10 0.0280721 5.01593 1.86751e-15 -4.95636e-13 6.74978e-05 -1.10127e-18 
3.03765e-10 3.35782e-10 0.0280721 5.01593 1.86763e-15 -4.95636e-13 7.5086e-05 -1.10171e-18 
3.03765e-10 3.35782e-10 0.0280721 5.01593 1.86784e-15 -4.95636e-13 8.44915e-05 -1.10889e-18 
3.03765e-10 3.35782e-10 0.0280721 5.01593 1.86823e-15 -4.95636e-13 9.64749e-05 -1.10276e-18 
3.03765e-10 3.35782e-10 0.0280721 5.01593 1.86892e-15 -4.95636e-13 0.000112287 -1.10726e-18 
3.03765e-10 3.35782e-10 0.0280721 5.01593 1.87023e-15 -4.95636e-13 0.000134126 -1.10613e-18 
3.03765e-10 3.35782e-10 0.0280721 5.01593 1.8728e-15 -4.95636e-13 0.000166256 -1.10064e-18 
3.03765e-10 3.35782e-10 0.0280721 5.01593 1.87819e-15 -4.95636e-13 0.000218792 -1.10303e-18 
3.03765e-10 3.35782e-10 0.0280721 5.01593 1.89033e-15 -4.95636e-13 0.000327325 -1.10691e-18 
3.03765e-10 3.35782e-10 0.0280721 5.01593 1.91563e-15 -4.95636e-13 0.00068964 -1.11632e-18 
3.03765e-10 3.35782e-10 0.0280721 5.01593 1.92985e-15 -4.95636e-13 0.00251173 -1.11036e-18 
3.03765e-10 3.35782e-10 0.0280721 5.01593 1.76526e-15 -4.95636e-13 0.00887608 -1.10613e-18 
3.03765e-10 3.35782e-10 0.0280721 5.01593 1.31713e-15 -4.95636e-13 0.019946 -1.10092e-18 
3.03765e-10 3.35782e-10 0.0280721 5.01593 1.14928e-15 -4.95636e-13 0.0315163 -1.11499e-18 
3.03765e-10 3.35782e-10 0.0280721 5.01593 1.02846e-15 -4.95636e-13 0.0430853 -1.09475e-18 
3.03765e-10 3.35782e-10 0.0280721 5.01593 9.07762e-16 -4.95636e-13 0.054653 -1.10207e-18 
3.03765e-10 3.35782e-10 0.0280721 5.01593 7.87165e-16 -4.95636e-13 0.0662193 -1.1025e-18 
3.03765e-10 3.35782e-10 0.0280721 5.01593 6.66642e-16 -4.95636e-13 0.0777841 -1.11548e-18 
3.03765e-10 3.35782e-10 0.0280721 5.01593 5.46225e-16 -4.95636e-13 0.0893472 -1.10036e-18 
3.03765e-10 3.35782e-10 0.0280721 5.01593 4.25915e-16 -4.95636e-13 0.100908 -1.10911e-18 
3.03765e-10 3.35782e-10 0.0280721 5.01593 3.05686e-16 -4.95636e-13 0.112467 -1.09187e-18 
3.03765e-10 3.35782e-10 0.0280721 5.01593 1.85577e-16 -4.95636e-13 0.124024 -1.08977e-18 
3.03765e-10 3.35782e-10 0.0280721 5.01593 6.55595e-17 -4.95636e-13 0.135577 -1.0797e-18 
3.03765e-10 3.35782e-10 0.0280721 5.01593 -5.43407e-17 -4.95636e-13 0.147127 -1.08319e-18 
3.03765e-10 3.35782e-10 0.0280721 5.01593 -1.74088e-16 -4.95636e-13 0.158673 -1.10133e-18 
3.03765e-10 3.35782e-10 0.0280721 5.01593 -2.93629e-16 -4.95636e-13 0.170215 -1.06918e-18 
3.03765e-10 3.35782e-10 0.0280721 5.01593 -4.12925e-16 -4.95636e-13 0.181751 -1.09153e-18 
3.03765e-10 3.35782e-10 0.0280721 5.01593 -5.31886e-16 -4.95636e-13 0.193282 -1.08615e-18 
3.03765e-10 3.35782e-10 0.0280721 5.01593 -6.50387e-16 -4.95636e-13 0.204807 -1.09407e-18 
3.03765e-10 3.35782e-10 0.0280721 5.01593 -7.68249e-16 -4.95636e-13 0.216326 -1.06346e-18 
3.03765e-10 3.35782e-10 0.0280721 5.01593 -8.85299e-16 -4.95636e-13 0.227841 -1.11291e-18 
3.03765e-10 3.35782e-10 0.0280721 5.01593 -1.00126e-15 -4.95636e-13 0.23935 -1.09086e-18 
3.03765e-10 3.35782e-10 0.0280721 5.01593 -1.11594e-15 -4.95636e-13 0.250857 -1.08831e-18 
3.03765e-10 3.35782e-10 0.0280721 5.01593 -1.22918e-15 -4.95636e-13 0.262362 -1.03585e-18 
3.03765e-10 3.35782e-10 0.0280721 5.01593 -1.34117e-15 -4.95636e-13 0.273867 -1.02496e-18 
3.03765e-10 3.35782e-10 0.0280721 5.01593 -1.45254e-15 -4.95636e-13 0.285371 -1.0388e-18 
3.03765e-10 3.35782e-10 0.0280721 5.01593 -1.56434e-15 -4.95636e-13 0.296873 -1.03495e-18 
3.03765e-10 3.35782e-10 0.0280721 5.01593 -1.67702e-15 -4.95636e-13 0.308365 -1.03256e-18 
3.03765e-10 3.35782e-10 0.0280721 5.01593 -1.78738e-15 -4.95636e-13 0.319835 -1.18102e-18 
3.03765e-10 3.35782e-10 0.0280721 5.01593 -1.8796e-15 -4.95636e-13 0.331241 -1.07635e-18 
3.03758e-10 3.35778e-10 0.0280721 5.01593 -1.9048e-15 -4.95636e-13 0.342332 9.4699e-19 
4.98774e-10 3.3561e-10 0.0280721 5.01593 -4.11778e-12 -2.69772e-13 0.353148 5.06942e-15 
1922.18 4.98125e-09 11.251 5 -1.4 4.46055 0.36586 -9.71824e-15 
6496.32 3565.24 219.89 5.01593 -3.03966e-13 6.50416e-14 0.369 0 
6496.32 3565.24 219.89 5.01593 -3.03966e-13 6.50416e-14 0.369 0 
6526.84 4705.92 23.5049 5.02579 1.39549 -3.46642 1.14915 0.00539773 
6383.22 2626.57 504.625 39.9926 -1.39543 -3.65879 -0.17224 0.0134541 
5099.38 769.677 313.971 39.995 0.724039 -2.36346 -0.160627 0.0095531 
4127.14 7.72718 127.581 10.8567 0.516507 -1.59639 0.78345 0.000116218 
3612.86 0.408233 100.434 14.7665 -0.0353423 -1.5796 0.21014 -2.26492e-06 
3096.46 0.264531 59.0741 13.7246 -0.0366345 -1.57919 0.223933 2.28323e-05 
2492.02 -1.64073 19.9441 12.2974 -0.0235507 -1.5776 0.229665 2.87667e-05 
1932.98 -2.12872 0.638545 9.57423 -0.0130106 -1.5758 0.370947 -1.2389e-05 
1606.92 -0.747757 0.638321 9.57098 -0.0129778 -1.57702 0.369754 9.43205e-06 
1281.04 -0.944618 0.639028 9.57067 -0.0129268 -1.57664 0.368212 7.94762e-06 
954.93 -0.754462 0.639237 9.54232 -0.0129307 -1.57635 0.368356 7.02966e-06 
631.697 -0.49928 0.639293 9.68908 -0.0126535 -1.5761 0.3573 6.04935e-05 
293.145 -0.231864 0.639316 8.89209 -0.0116333 -1.57166 0.434278 1.44901e-05 
37.5249 -0.0298641 1.77824 6.90214 -0.0104879 -1.57059 0.57014 1.50423e-07 
0.00567181 1.24871e-05 2.01815 6.55234 -0.0103259 -1.57059 0.592274 1.54619e-07 
0.000185906 1.68512e-05 2.06124 6.55339 -0.0102802 -1.57059 0.589906 1.52105e-07 
0.000110079 1.69128e-05 2.07896 6.55362 -0.0102214 -1.57059 0.587387 1.49268e-07 
0.000128548 1.68986e-05 2.08978 6.55362 -0.0101555 -1.57059 0.584732 1.46197e-07 
0.000131395 1.68966e-05 2.0977 6.55351 -0.0100861 -1.57059 0.581867 1.42818e-07 
0.000133052 1.68954e-05 2.10389 6.55333 -0.0100127 -1.57059 0.578766 1.39149e-07 
0.000138801 1.68909e-05 2.10882 6.55309 -0.00993445 -1.57059 0.575408 1.35209e-07 
0.0001504 1.68818e-05 2.11273 6.55281 -0.0098508 -1.57059 0.571779 1.30997e-07 
0.000170215 1.68661e-05 2.11575 6.5525 -0.00976165 -1.57059 0.567875 1.26513e-07 
0.000202322 1.68406e-05 2.11796 6.55214 -0.00966671 -1.57059 0.563675 1.21753e-07 
0.000254959 1.67989e-05 2.11927 6.55176 -0.00956515 -1.57059 0.559141 1.16701e-07 
0.000346259 1.67267e-05 2.11945 6.55134 -0.00945488 -1.57059 0.554236 1.11363e-07 
0.000496671 1.66076e-05 2.11851 6.55091 -0.00933402 -1.57058 0.548921 1.05733e-07 
0.000652155 1.64842e-05 2.11776 6.55045 -0.00922622 -1.57058 0.543002 9.92343e-08 
-1.27458e-05 1.70082e-05 2.11864 6.55149 -0.00778498 -1.57058 0.534673 3.28332e-08 
-0.271974 0.000231499 4.83206 6.56554 0.0022797 -1.57059 0.496365 -7.8919e-07 
-2.40881 0.00191711 28.7057 7.15469 -9.91739e-05 -1.5707 0.45064 -1.47748e-06 
-5.02206 0.00398094 48.2612 7.64547 -0.00224404 -1.57087 0.412837 -2.15391e-06 
-7.907 0.00625927 63.8281 8.03837 -0.00415101 -1.57113 0.381357 -2.84674e-06 
-11.2161 0.00887267 75.904 8.56791 -0.0060789 -1.57146 0.348967 -9.35297e-06 
-38.2443 0.0303468 84.1665 8.60465 -0.00629393 -1.57253 0.341007 -9.71191e-06 
-47.6783 0.0378266 91.8577 8.853 -0.0085593 -1.57374 0.342827 -3.24319e-06 
-62.9488 0.0213001 95.8769 8.80803 -0.00871495 -1.5743 0.344566 -1.62612e-06 
-63.1443 0.0166268 99.5694 8.8636 -0.00927617 -1.5747 0.346243 1.67087e-06 
-59.5614 -0.000791825 102.19 8.59037 -0.00804532 -1.57468 0.347707 8.00172e-06 
-20.8808 -0.0412319 106.735 9.07376 -0.00868718 -1.57368 0.349174 1.63592e-05 
-20.7117 -0.0765345 109.25 5.72303 0.00961751 -1.57105 0.466058 2.98e-05 
340.243 -0.286655 142.378 5.77848 0.0116686 -1.56531 0.452916 -8.82286e-06 
794.94 -0.34611 177.394 5.90763 0.0145154 -1.56825 0.436655 -4.25202e-07 
1324.71 -0.105829 215.723 6.23966 -0.00326805 -1.56814 0.42497 1.05897e-07 
1913.75 0.169336 215.457 5.91245 -0.790686 -1.56749 0.405479 -0.00164783 
2421.84 0.542576 95.1257 5.00497 -0.406069 -1.93443 0.38525 0.00676873 
3270.61 -928.611 463.946 5.00498 -1.00101 3.94456 0.3485 -0.000220819 
3825.82 3256.44 376.759 5.00497 0.60682 5.0145 0.384619 -0.00041282 
4443.58 7230.84 288.707 39.2318 -0.0475688 0.0366311 0.369 0 
4443.58 7230.84 288.707 39.2318 -0.0475688 0.0366311 0.369 0 
4413.78 7250.02 285.93 36.1094 1.4 -1.82039 -0.188387 -1.02854 
4386.91 7244.91 302.109 22.1821 1.35296 -4.42027 -0.176774 -0.000519543 
4374.87 7205.88 317.971 9.89944 -0.392367 -6.28 -0.165109 0.000230544 
4376.52 7142.56 311.324 15.9817 -1.4 -6.28 -0.0052418 0.000415069 
4371.91 7079.24 291.385 28.3794 -1.06434 -6.28 0.669837 0.000418417 
4353.72 7015.94 275.567 35.3647 -0.356323 -6.27772 -0.130326 0.000448856 
4327.63 6952.67 268.842 35.1879 -0.355222 -6.27983 -0.118714 0.000396436 
4301.54 6889.38 262.135 35.0086 -0.35336 -6.27985 -0.107102 0.000366389 
4275.47 6826.09 255.456 34.8193 -0.351068 -6.27982 -0.0954897 0.000387248 
4249.43 6762.8 248.81 34.6166 -0.349581 -6.27981 -0.0838774 0.000432804 
4223.42 6699.5 242.189 34.4234 -0.350534 -6.27978 -0.0722652 0.000326834 
4197.44 6636.21 235.559 34.2379 -0.352724 -6.27973 -0.0606531 0.000312996 
4171.48 6572.92 228.904 34.0811 -0.355183 -6.27967 -0.0490407 0.000301968 
4145.51 6509.63 222.221 33.9553 -0.354356 -6.27962 -0.0374284 0.000285318 
4119.49 6446.34 215.551 33.8254 -0.346455 -6.27959 -0.025816 0.000304631 
4093.44 6383.05 208.986 33.6214 -0.332108 -6.27956 -0.0142036 0.000222055 
4067.43 6319.76 202.614 33.298 -0.320569 -6.27955 -0.00259002 0.000184174 
4041.58 6256.46 196.398 32.8689 -0.326536 -6.27955 0.00902818 0.000117333 
4016.02 6193.17 190.114 32.5285 -0.3628 -6.27955 0.0206377 0.000185734 
3990.67 6129.88 183.364 32.5704 -0.417972 -6.27955 0.032251 0.000371366 
3965.1 6066.58 175.894 33.1751 -0.444475 -6.27955 0.043865 0.00025296 
3938.72 6003.29 168.065 33.9774 -0.373187 -6.27955 0.05548 0.000213669 
3911.28 5940 161.149 33.9795 -0.181166 -6.27955 0.0683259 0.000181002 
3883.6 5876.71 156.738 32.0679 0.0335588 -6.27955 0.078778 0.000165571 
3857.75 5813.42 155.198 31.8874 0.0288313 -6.27955 0.0940439 0.000146925 
3832.05 5750.12 155.878 31.7675 0.032369 -6.27955 0.101932 0.00013065 
3806.49 5686.83 158.016 31.5805 0.0355041 -6.27944 0.113537 0.000117264 
3781.18 5623.54 160.198 31.4102 0.0380771 -6.27955 0.125149 0.000102715 
3756.11 5560.24 162.418 31.2226 0.0421918 -6.27955 0.136761 8.92172e-05 
3731.28 5496.95 164.695 31.0032 0.0456771 -6.27955 0.148372 0.000107914 
3706.75 5433.65 167.022 30.7611 0.0446158 -6.27955 0.159985 6.51355e-05 
3682.53 5370.36 169.341 30.5438 0.0362846 -6.27955 0.172193 4.75343e-05 
3658.6 5307.07 171.554 30.4207 0.026737 -6.27955 0.183211 2.01686e-05 
3634.86 5243.77 173.646 30.3943 0.0218714 -6.27955 0.194822 6.41793e-05 
3611.21 5180.48 175.676 30.4139 0.0364477 -6.27955 0.206435 1.4749e-05 
3587.58 5117.18 177.895 30.2805 0.0758621 -6.27955 0.218047 0.000393188 
3564.14 5053.89 180.631 29.7587 0.120804 -6.27955 0.229658 0.000152555 
3541.31 4990.59 183.964 28.827 0.123173 -6.27961 0.24127 -3.25487e-05 
3519.53 4927.29 187.348 27.947 0.0329598 -6.28 0.252882 0.000824307 
3498.79 4863.99 189.572 28.0188 -0.142011 -6.28 0.264496 -0.0104008 
3478.08 4800.68 189.485 29.8271 -0.282775 -6.28 0.276107 -0.00636127 
3455.51 4737.38 187.551 32.8726 -0.175207 -6.28 0.287725 -0.00357402 
3429.68 4674.08 186.957 34.5847 0.329848 -6.28 0.299442 1.12932e-05 
3401.91 4610.78 192.918 31.1302 1.06798 -6.28 0.311004 5.85639e-06 
3377.71 4547.47 208.583 20.6348 1.38409 -6.28 0.322631 2.84577e-07 
3364.82 4484.16 228.59 7.88344 0.420501 -6.28 0.334759 6.83284e-05 
3366.04 4420.84 236.278 5.76379 0.283636 -6.28 0.345967 -0.000844731 
3369.72 4357.51 242.238 5.19205 0.249608 -6.28 0.357549 -0.0218065 
3374.15 4294.19 247.766 5.0001 -0.00176116 -4.45668 0.369 0 
3374.15 4294.19 247.766 5.0001 -0.00176116 -4.45668 0.369 0 
3434.73 4025.51 256.875 5 -0.0934372 -6.07115 1.15369 0.000958956 
3497.01 3610.15 257.653 5 0.135705 -6.12981 0.376848 0.00106659 
3559.01 3189.45 279.251 5 0.135705 -6.21521 0.376848 0.00112306 
3624.94 2761 300.849 5 0.135705 -6.27939 0.376848 0.00120904 
3694.8 2326.72 322.447 5 0.135705 -6.27959 0.376848 0.00145407 
3768.59 1892.41 344.045 5 0.135705 -6.27961 0.376848 0.00262178 
3846.31 1458.11 365.643 5 0.135705 -6.2795 0.376848 0.00164444 
3927.96 1023.82 387.241 5 0.135705 -6.27916 0.376848 0.00799666 
4013.55 589.555 408.839 5 0.135705 -6.09092 0.376848 0.160201 
4103.08 172.395 430.437 5 0.135706 -3.42558 0.376848 0.117783 
4196.73 -2.60128 452.035 5 0.135707 -1.49804 0.376848 0.00133754 
4294.45 -2.46856 473.633 5 0.135707 -1.49822 0.376848 0.000128294 
4396.11 -2.35188 495.231 5 0.135707 -1.49957 0.376848 1.23124e-05 
4501.7 -2.35755 516.829 5 0.135707 -1.49976 0.376847 -6.20458e-05 
4611.22 -2.38115 538.427 5 0.135705 -1.50034 0.37688 -5.2494e-06 
4724.67 -2.45727 560.025 5 0.136144 -1.50026 0.369314 -4.33849e-05 
4842.05 -2.52574 581.663 5 0.033859 -1.50091 0.741956 -0.000541152 
4963.56 -2.65376 594.008 5 -0.0773523 -1.51383 0.87649 0.000905098 
5087.52 -3.95584 583.524 5 -0.0764062 -1.49037 0.860184 -0.0004068 
5209.56 -3.12639 573.127 5 -0.0754602 -1.50068 0.843878 -0.00272485 
5329.72 -3.23348 562.815 5 -0.0745142 -1.57394 0.827571 0.00511241 
5447.98 -9.9967 552.59 5 -0.0735681 -1.42882 0.811265 -0.00238475 
5564.4 -3.57507 542.45 5 -0.0726221 -1.50069 0.794959 -6.26677e-05 
5678.96 -3.68352 532.396 5 -0.0716761 -1.50218 0.778653 4.81899e-05 
5791.69 -3.92673 522.429 5 -0.07073 -1.50007 0.762347 -4.79596e-05 
5902.61 -3.97812 512.547 5 -0.069784 -1.50168 0.746041 2.03492e-05 
6011.72 -4.17656 502.751 5 -0.068838 -1.50038 0.729735 2.44799e-06 
6119.05 -4.25603 493.041 5 -0.0678919 -1.49925 0.713429 -0.00415731 
6224.61 -4.23334 483.417 5 -0.066946 -1.70292 0.697122 0.0102153 
6328.4 -22.7152 473.879 5 -0.0659997 -1.17073 0.680816 -0.00803682 
6430.49 7.156 464.427 5 -0.0650539 -1.62272 0.66451 0.00204815 
6530.83 -4.03889 455.061 5 -0.0641078 -1.49604 0.648204 -1.1467e-05 
6629.47 -3.72405 445.781 5 -0.0631618 -1.49706 0.631898 -7.39894e-05 
6726.42 -3.50213 436.587 5 -0.0622157 -1.50284 0.615592 7.86458e-06 
6821.69 -3.8054 427.479 5 -0.0612697 -1.50146 0.599286 -0.000968156 
6915.3 -3.98319 418.456 5 -0.0603237 -1.60186 0.58298 0.00156597 
7007.26 -13.2829 409.52 5 -0.0593776 -1.41623 0.566673 -0.000599479 
7097.61 -5.71676 400.67 5 -0.0584316 -1.4984 0.550367 -1.31132e-05 
7186.33 -5.61688 391.905 5 -0.0574856 -1.49995 0.534061 -5.18934e-06 
7273.46 -5.65738 383.227 5 -0.0565395 -1.50064 0.517755 -8.17411e-07 
7359.01 -5.76072 374.635 5 -0.0555935 -1.50065 0.501449 7.73535e-06 
7442.99 -5.86515 366.128 5 -0.0546475 -1.49814 0.485143 -1.32798e-05 
7525.43 -5.74144 357.707 5 -0.0537014 -1.50262 0.468837 9.60477e-06 
7606.32 -6.02477 349.373 5 -0.0527554 -1.49773 0.452531 -0.000350173 
7685.7 -5.86381 341.124 5 -0.0518095 -1.7035 0.436224 0.00618338 
7763.56 -24.3989 332.961 5 -0.0508613 2.40046 0.419918 0.0036139 
7840.23 329.938 324.885 5 -0.0540786 6.27944 0.403612 -1.01115e-05 
7915.72 1036.7 316.516 5.28792 -0.553604 6.22701 0.387306 -9.73929e-05 
7988.49 1738.71 262.72 40 -0.09 2.60925 0.369 0 
7988.49 1738.71 262.72 40 -0.09 2.60925 0.369 0 
7956.46 1807.16 263.537 38.9846 1.4 5.22602 -0.188382 0.140306 
7925.29 1916.81 287.842 22.2556 1.39999 6.28 -0.176641 -0.000570695 
7916.02 2043.05 312.569 7.23512 0.460664 6.28 -0.165029 -0.000553212 
7926.77 2169.27 322.884 5.00093 0.292619 6.28 -0.153399 -0.000532068 
7940.72 2295.48 330.61 5.00107 0.291936 6.28 -0.141765 -0.000509595 
7954.91 2421.7 338.324 5.00127 0.29125 6.28 -0.130124 -0.000488676 
7969.34 2547.91 346.028 5.00157 0.290554 6.28 -0.118471 -0.000470903 
7984.02 2674.13 353.721 5.00204 0.28982 6.28 -0.106797 -0.000432511 
7998.94 2800.35 361.402 5.0031 0.288925 6.28 -0.0950821 -0.000430222 
8014.11 2926.56 369.069 5.00656 0.284687 6.28 -0.0832693 -0.000409026 
8029.51 3052.78 376.669 5.05208 -1.22252 6.28 -0.0709764 -0.000391542 
8045.57 3178.99 360.534 23.1403 -1.32279 6.28 0.403137 -0.000372976 
8038.33 3305.23 337.187 36.4714 -0.408737 6.28 -0.0431464 -0.000352402 
8013.24 3431.48 327.848 36.3405 -0.4057 6.28 -0.0344625 -0.000335027 
7988.02 3557.72 318.558 36.1802 -0.40353 6.28 -0.0245423 -0.00031717 
7962.71 3683.97 309.307 36.0034 -0.402403 6.28 -0.0133209 -0.000299786 
7937.34 3810.22 300.078 35.8233 -0.401459 6.28 -0.00186637 -0.000282805 
7911.89 3936.47 290.869 35.6424 -0.400549 6.28 0.00964458 -0.000266244 
7886.39 4062.71 281.678 35.4612 -0.399631 6.28 0.0211717 -0.000250107 
7860.82 4188.96 272.506 35.2795 -0.398706 6.28 0.0327141 -0.000234398 
7835.2 4315.21 263.353 35.0973 -0.397791 6.28 0.0442773 -0.00021913 
7809.51 4441.45 254.22 34.9148 -0.396899 6.28 0.0558602 -0.000204326 
7783.77 4567.7 245.105 34.7323 -0.396025 6.28 0.0674519 -0.000190003 
7757.97 4693.94 236.008 34.55 -0.395146 6.28 0.0790314 -0.000176141 
7732.11 4820.19 226.93 34.3678 -0.394261 6.28 0.0905986 -0.00016275 
7706.19 4946.43 217.87 34.1857 -0.393382 6.28 0.102165 -0.000149843 
7680.22 5072.68 208.829 34.0037 -0.392501 6.28 0.113736 -0.000137428 
7654.19 5198.93 199.806 33.8217 -0.391589 6.28 0.125315 -0.000125511 
7628.11 5325.17 190.802 33.6395 -0.390616 6.28 0.1369 -0.0001141 
7601.97 5451.42 181.818 33.4562 -0.389611 6.28 0.148491 -0.000103201 
7575.78 5577.66 172.854 33.2716 -0.388712 6.28 0.160085 -9.28204e-05 
7549.54 5703.9 163.91 33.0872 -0.388101 6.28 0.171682 -8.2964e-05 
7523.25 5830.15 154.979 32.9063 -0.387747 6.28 0.183283 -7.36375e-05 
7496.91 5956.39 146.059 32.7316 -0.38711 6.28 0.194885 -6.48464e-05 
7470.51 6082.64 137.153 32.5592 -0.385256 6.28 0.20649 -5.65957e-05 
7444.04 6208.88 128.281 32.3742 -0.381869 6.28 0.218096 -4.88901e-05 
7417.52 6335.12 119.466 32.1595 -0.378851 6.28 0.229704 -4.17348e-05 
7391 6461.37 110.705 31.9226 -0.380617 6.28 0.241312 -3.51348e-05 
7364.5 6587.61 101.922 31.7231 -0.390384 6.28 0.252921 -2.9094e-05 
7337.97 6713.85 92.9898 31.6531 -0.402427 6.28 0.26453 -2.36147e-05 
7311.26 6840.1 83.8699 31.7264 -0.397396 6.28 0.27614 -1.86983e-05 
7284.16 6966.34 74.8275 31.7239 -0.354218 6.28 0.28775 -1.43475e-05 
7256.77 7092.58 66.4649 31.1963 -0.284918 6.28 0.29936 -1.05676e-05 
7229.76 7218.82 59.207 29.8845 -0.268305 6.28 0.31097 -7.36485e-06 
7204.17 7345.06 52.2437 28.5002 -0.420373 6.28 0.322581 -4.74118e-06 
7180.16 7471.3 42.9208 29.0717 -0.7488 6.28 0.334192 -2.69291e-06 
7155.23 7597.54 28.412 33.511 -0.958575 6.28 0.345803 -1.21687e-06 
7124.31 7723.79 10.4879 39.9998 -0.474931 6.28 0.387271 -0.000132436 
7084.49 7850.04 0.0157084 40 1.23513 4.84351 0.369 0 
7031.74 9568.69 4797.32 21.9494 0.569861 0 0.114771 0 
7031.74 9568.69 4797.32 21.9493 0.569851 -1.06065e-05 0.114772 -6.26662e-05 
7031.22 9569 4796.78 22.1934 0.568847 -0.0734256 0.112459 -0.000350296 
3388.52 10147.1 5096.95 20.9855 0.594721 -0.394344 0.123897 0.00213878 
3927.94 7207.55 4935.84 21.4858 0.581662 -0.184589 0.119159 0.00102672 
4065.35 5798.76 4850.78 21.769 0.574441 -0.0714063 0.116479 0.000399398 
4109.93 5250.9 4817.02 21.8826 0.571553 -0.0263332 0.115403 0.000147702 
4125.74 5048.31 4804.42 21.9252 0.570472 -0.00948045 0.114999 5.34209e-05 
4131.51 4975.04 4799.78 21.9409 0.570074 -0.00328129 0.114851 1.87503e-05 
4133.55 4949.32 4798.07 21.9467 0.569927 -0.000993863 0.114796 5.91369e-06 
4134.33 4941.21 4797.45 21.9487 0.569875 -0.00017512 0.114777 1.3901e-06 
4134.6 4939.3 4797.21 21.9495 0.569854 0.000157061 0.114769 -4.56107e-07 
4134.7 4939.92 4797.11 21.9498 0.569846 0.000285742 0.114766 -1.1463e-06 
4134.73 4941.49 4797.06 21.95 0.569842 0.00034914 0.114765 -1.45803e-06 
4134.74 4943.49 4797.03 21.9501 0.56984 0.000395663 0.114764 -1.67885e-06 
4134.74 4945.79 4797 21.9501 0.569838 0.000434001 0.114763 -1.83433e-06 
4134.74 4948.3 4796.97 21.9502 0.569835 0.000480065 0.114762 -2.0416e-06 
4134.74 4951.1 4796.93 21.9503 0.569833 0.000524043 0.114762 -2.20987e-06 
4134.73 4954.13 4796.89 21.9504 0.569829 0.000582339 0.114761 -2.47204e-06 
4134.73 4957.51 4796.85 21.9505 0.569826 0.000638241 0.11476 -2.68392e-06 
4134.73 4961.19 4796.79 21.9506 0.569822 0.000713258 0.114758 -3.01484e-06 
4134.72 4965.32 4796.74 21.9508 0.569818 0.00078873 0.114757 -3.3009e-06 
4134.72 4969.84 4796.66 21.951 0.569813 0.000890028 0.114755 -3.74831e-06 
4134.71 4974.98 4796.59 21.9511 0.569807 0.000991602 0.114754 -4.1453e-06 
4134.7 4980.66 4796.49 21.9514 0.5698 0.00112149 0.114752 -4.68634e-06 
4134.7 4987.08 4796.38 21.9516 0.569793 0.00126931 0.114749 -5.2695e-06 
4134.69 4994.3 4796.24 21.9519 0.569782 0.0014555 0.114746 -6.05583e-06 
4134.68 5002.59 4796.09 21.9523 0.569772 0.00166153 0.114743 -6.84509e-06 
4134.67 5011.97 4795.89 21.9528 0.569757 0.00193375 0.114738 -7.98778e-06 
4134.66 5022.91 4795.66 21.9532 0.569741 0.00223868 0.114734 -9.12066e-06 
4134.64 5035.41 4795.35 21.954 0.569718 0.00266084 0.114727 -1.08966e-05 
4134.63 5050.34 4795 21.9548 0.569694 0.00313138 0.11472 -1.26768e-05 
4134.57 5067.7 4794.54 21.9558 0.569661 0.00376531 0.11471 -1.51302e-05 
4134.54 5088.43 4793.93 21.9571 0.569618 0.00458834 0.114697 -1.82661e-05 
4134.5 5113.46 4793.12 21.9589 0.569562 0.00568359 0.114681 -2.24047e-05 
4134.43 5144.15 4792.03 21.9611 0.569487 0.00715994 0.11466 -2.77966e-05 
4134.32 5182.23 4790.48 21.9644 0.56938 0.00925182 0.114629 -3.55936e-05 
4134.21 5230.99 4788.35 21.9686 0.569235 0.0121285 0.114588 -4.59014e-05 
4133.99 5293.88 4785.26 21.9753 0.56902 0.0163136 0.114526 -6.16497e-05 
4133.81 5378.33 4781.06 21.9845 0.568723 0.0219897 0.114438 -8.35995e-05 
4133.39 5492.87 4775.59 21.9982 0.568316 0.0293794 0.114309 -0.000115227 
4132.91 5650.73 4769.7 22.0161 0.567834 0.0373514 0.114138 -0.000155671 
4132.49 5864 4765.87 22.0345 0.567431 0.0425347 0.113965 -0.000194881 
4132.25 6131.01 4768.56 22.0397 0.567472 0.0389126 0.113916 -0.000202405 
4132.63 6408.32 4780.71 22.0055 0.568431 0.0224861 0.114239 -0.000124674 
4133.77 6579.11 4791.02 21.9012 0.570261 0.00853049 0.115226 8.77027e-05 
4134.47 6458.78 4741.59 21.7137 0.570773 0.0752488 0.117 0.000406147 
4127.65 5902.74 4448.44 21.4894 0.561806 0.472141 0.11912 0.000509752 
4136.84 5127.01 3393.2 21.3746 0.522218 1.83255 0.120157 -0.00502025 
852.028 5340.3 228.7 22.7489 9.49562e-06 0.336513 0.113771 0 
852.028 5340.3 228.7 22.7489 9.49562e-06 0.336513 0.113771 0 
767.268 5545.49 235.499 8.48545 0.139134 6.27544 0.236614 -0.00340299 
811.036 6409.47 260.269 5 0.114795 6.26775 0.45896 -0.00276924 
891.348 7272.58 282.96 5 0.114795 6.26726 0.45896 -0.00273186 
976.704 8135.64 305.65 5 0.114795 6.2665 0.45896 -0.00267958 
1067.1 8998.61 328.34 5 0.114795 6.2656 0.45896 -0.00262474 
1162.55 9861.48 351.03 5 0.114795 6.26455 0.45896 -0.00256915 
1263.03 10724.2 373.72 5 0.114795 6.26335 0.45896 -0.00251364 
1368.57 11586.9 396.41 5 0.114795 6.26195 0.45896 -0.00245891 
1479.14 12449.3 419.1 5 0.114795 6.2603 0.45896 -0.00240608 
1594.76 13311.6 441.79 5 0.114795 6.25834 0.45896 -0.00235727 
1715.42 14173.7 464.48 5 0.114795 6.25595 0.45896 -0.0023162 
1841.13 15035.5 487.171 5 0.114795 6.25297 0.45896 -0.00228902 
1971.88 15896.9 509.861 5 0.114795 6.24913 0.45896 -0.00228476 
2107.67 16758 532.551 5 0.114795 6.24402 0.45896 -0.00231532 
2248.5 17618.4 555.241 5 0.114792 6.23687 0.458998 -0.00240089 
2394.38 18478.1 577.931 5 0.115416 6.22623 0.448252 -0.00262341 
2545.3 19336.6 600.69 5 -0.0621394 6.20843 0.892775 -0.00342721 
2701.68 20193.2 594.841 5 -0.0611956 6.17169 0.876488 -0.00698608 
2856.74 21045.6 585.196 5 -0.0602497 6.05843 0.860183 -0.0555701 
3009.65 21885.5 575.655 5 -0.0593044 4.85202 0.843877 -0.323364 
3160.33 22591.5 566.219 5 -0.0583616 -1.31717 0.827571 0.00345252 
3308.37 22613.1 556.888 5 -0.0574157 -1.5828 0.811265 0.0241991 
3454.31 22605.3 547.662 5 -0.0564695 -1.23449 0.794959 -0.10334 
3598.22 22636 538.541 5 -0.0555249 -3.92244 0.778653 -0.0660027 
3739.87 22368.6 529.525 5 -0.0545798 -5.82124 0.762347 -0.00820458 
3879.34 21890.5 520.613 5 -0.0536339 -6.09831 0.746041 -0.00171842 
4016.81 21381.6 511.807 5 -0.0526879 -6.17621 0.729735 -0.000350871 
4152.31 20864.1 503.105 5 -0.0517419 -6.20938 0.713428 7.93045e-05 
4285.87 20343 494.508 5 -0.0507959 -6.22692 0.697122 0.000237592 
4417.51 19819.8 486.017 5 -0.0498499 -6.23756 0.680816 0.000295475 
4547.27 19295.5 477.63 5 -0.0489039 -6.24464 0.66451 0.000309872 
4675.15 18770.5 469.348 5 -0.0479578 -6.24968 0.648204 0.000303303 
4801.2 18244.8 461.171 5 -0.0470118 -6.25344 0.631898 0.000285957 
4925.42 17718.7 453.099 5 -0.0460658 -6.25637 0.615592 0.000262972 
5047.85 17192.4 445.132 5 -0.0451197 -6.2587 0.599286 0.000237187 
5168.5 16665.7 437.27 5 -0.0441737 -6.26061 0.582979 0.000210291 
5287.41 16138.9 429.513 5 -0.0432277 -6.2622 0.566673 0.000183358 
5404.58 15611.8 421.861 5 -0.0422816 -6.26356 0.550367 0.00015711 
5520.06 15084.6 414.314 5 -0.0413356 -6.26472 0.534061 0.000132055 
5633.85 14557.3 406.872 5 -0.0403896 -6.26572 0.517755 0.000108566 
5745.99 14029.9 399.535 5 -0.0394435 -6.26661 0.501449 8.69269e-05 
5856.49 13502.4 392.303 5 -0.0384975 -6.26739 0.485143 6.73558e-05 
5965.39 12974.8 385.176 5 -0.0385111 -6.26809 0.468837 5.01805e-05 
6072.7 12447.1 378.047 5.081 -0.0403901 -6.26865 0.452531 3.50175e-05 
6177.71 11919.3 370.695 5.34189 -0.0414877 -6.26929 0.436224 2.27186e-05 
6278.77 11391.5 363.175 5.58666 -0.0384421 -6.26983 0.419918 1.2879e-05 
6375.97 10863.7 355.95 5.47725 -0.0487404 -6.27037 0.403612 5.38992e-06 
6472.57 10335.7 347.601 6.39605 -0.442893 -6.27085 0.387306 0.000312828 
6560.01 9807.73 295.36 40 -0.0899979 -3.09415 0.369 0 
6560.01 9807.73 295.36 40 -0.0899979 -3.09415 0.369 0 
6472.35 9744.73 283.252 40 1.34034 -6.28 -0.188388 0.000214325 
6382.69 9566.61 322.829 5 -0.298351 -6.28 1.1347 0.000203201 
6398.41 9388.41 305.22 5.21053 -1.39958 -6.28 1.11851 0.000193323 
6413.05 9210.21 247.806 35.6718 -0.667682 -6.28 0.397314 0.000186635 
6334.8 9032.08 215.075 39.9885 -0.530241 -6.28 0.0987296 0.000179081 
6241.59 8853.96 187.061 39.987 -0.530198 -6.28 0.0983844 0.000171447 
6146.35 8675.83 159.05 39.9858 -0.530112 -6.28 0.0978085 0.000163954 
6049.09 8497.71 131.043 39.9844 -0.529987 -6.28 0.0968821 0.000156603 
5949.8 8319.59 103.043 39.9827 -0.52978 -6.28 0.0951687 0.000149397 
5848.49 8141.47 75.0528 39.9807 -0.529313 -6.28 0.0906625 0.000142338 
5745.16 7963.35 47.0858 39.9781 -0.530134 -6.28 0.114387 0.000135426 
5639.82 7785.22 19.1071 39.9746 -0.326979 -6.28 0.0528169 0.000128889 
5532.31 7607.1 0.037568 36.3626 0.0496566 -6.28 0.122933 0.000122661 
5433.6 7428.97 0.0369452 29.01 -0.010947 -6.28 0.283781 0.000116119 
5356.23 7250.83 0.0368946 26.4245 -0.0354765 -6.28 0.317342 0.000109774 
5286.37 7072.67 0.0368791 25.5967 -0.040818 -6.28 0.330911 0.000103608 
5218.9 6894.52 0.0368678 25.1903 -0.0442216 -6.28 0.338786 9.76066e-05 
5152.61 6716.36 0.0368725 25.0801 -0.0451289 -6.28 0.343398 9.17706e-05 
5086.65 6538.21 0.0368698 25.0302 -0.0455624 -6.28 0.347199 8.61004e-05 
5020.82 6360.05 0.0368664 25.0091 -0.0458121 -6.28 0.350542 8.05975e-05 
4955.06 6181.9 0.0368667 25.0016 -0.0458786 -6.28 0.353642 7.52637e-05 
4889.32 6003.74 0.0368679 24.9913 -0.0458673 -6.28 0.356605 7.01006e-05 
4823.61 5825.58 0.0368686 24.9735 -0.0458463 -6.28 0.359454 6.51098e-05 
4757.95 5647.43 0.036869 24.95 -0.0458426 -6.28 0.362177 6.02929e-05 
4692.36 5469.27 0.0368693 24.9245 -0.0458659 -6.28 0.364753 5.56515e-05 
4626.85 5291.12 0.0368695 24.9004 -0.0459211 -6.28 0.367161 5.1187e-05 
4561.4 5112.96 0.0368697 24.8806 -0.0460088 -6.28 0.369384 4.6901e-05 
4496.01 4934.8 0.0368699 24.8664 -0.0461181 -6.28 0.371415 4.27949e-05 
4430.66 4756.65 0.0368709 24.8572 -0.0462355 -6.28 0.373259 3.887e-05 
4365.34 4578.49 0.0368737 24.8512 -0.0464311 -6.28 0.374929 3.51276e-05 
4300.04 4400.33 0.0368775 24.8535 -0.0470178 -6.28 0.376397 3.15689e-05 
4234.73 4222.18 0.0368758 24.891 -0.0482428 -6.28 0.377528 2.81951e-05 
4169.31 4044.02 0.0368722 24.9941 -0.0499194 -6.28 0.378236 2.50073e-05 
4103.6 3865.87 0.0368757 25.1737 -0.0535474 -6.28 0.378599 2.20064e-05 
4037.37 3687.71 0.0368792 25.5832 -0.0644124 -6.28 0.37793 1.91926e-05 
3969.96 3509.56 0.0368524 26.669 -0.0890311 -6.28 0.374404 1.65666e-05 
3899.42 3331.4 0.0365102 29.2076 -0.132685 -6.28 0.366653 1.41292e-05 
3821.56 3153.26 0.0376066 33.9959 -0.0966238 -6.28 0.311699 1.18923e-05 
3729.82 2975.12 2.97913 38.2937 -0.00685957 -6.28 0.255016 9.85006e-06 
3625.78 2797 9.91226 39.9968 0.23472 -6.28 0.269898 8.00748e-06 
3517.13 2618.88 25.4936 34.6499 1.15519 -6.28 0.280452 6.38739e-06 
3424.43 2440.74 74.6515 5.24309 0.343397 -6.28 0.291844 4.86727e-06 
3421.02 2262.54 96.1812 5.06259 0.338688 -6.28 0.302642 3.58506e-06 
3419.7 2084.34 117.553 5.03814 0.337781 -6.28 0.313711 2.4981e-06 
3419.99 1906.14 138.894 5.02761 0.337078 -6.28 0.324933 1.6066e-06 
3421.87 1727.94 160.212 5.02162 0.336412 -6.28 0.336248 9.10859e-07 
3425.3 1549.73 181.506 5.01776 0.335758 -6.28 0.347623 4.11115e-07 
3430.28 1371.53 202.778 5.01502 0.335479 -6.28 0.359031 7.62405e-05 
3436.82 1193.33 224.04 5.00271 -0.000319413 -2.51663 0.369 0 
3436.82 1193.33 224.04 5.00271 -0.000319413 -2.51663 0.369 0 
3436.94 1177.26 232.267 14.3079 5.16405e-07 -0.147145 0.482653 5.57343e-09 
3437.06 1161.18 240.252 19.0114 4.20317e-06 0.140881 0.480306 7.47231e-10 
3437.18 1145.11 247.991 21.0566 4.66954e-06 0.175149 0.477959 8.97948e-11 
3437.3 1129.04 255.479 21.906 4.74231e-06 0.179224 0.475612 5.87855e-12 
3437.42 1112.96 262.711 22.2557 4.64596e-06 0.179707 0.473265 -2.04808e-12 
3437.54 1096.89 269.683 22.3996 4.47528e-06 0.179764 0.470918 -1.35149e-12 
3437.65 1080.82 276.388 22.4587 4.27339e-06 0.179771 0.468571 -4.57712e-13 
3437.77 1064.74 282.822 22.4831 4.05961e-06 0.179771 0.466224 -7.3246e-15 
3437.89 1048.67 288.978 22.4931 3.84251e-06 0.179771 0.463878 1.77528e-13 
3438 1032.6 294.851 22.4972 3.62578e-06 0.179771 0.461531 2.42858e-13 
3438.12 1016.52 300.435 22.4989 3.41096e-06 0.179771 0.459184 2.59435e-13 
3438.23 1000.45 305.723 22.4996 3.19862e-06 0.179771 0.456837 2.57355e-13 
3438.35 984.377 310.71 22.4999 2.98888e-06 0.179771 0.45449 2.48485e-13 
3438.46 968.304 315.39 22.5 2.78167e-06 0.179771 0.452143 2.37202e-13 
3438.58 952.231 319.756 22.5001 2.57686e-06 0.179771 0.449796 2.25283e-13 
3438.69 936.158 323.802 22.5001 2.37427e-06 0.179771 0.447449 2.13254e-13 
3438.8 920.084 327.522 22.5001 2.17369e-06 0.179771 0.445102 2.0142e-13 
3438.91 904.011 330.912 22.5001 1.97496e-06 0.179771 0.442755 1.89751e-13 
3439.02 887.938 333.964 22.5001 1.77787e-06 0.179771 0.440408 1.78444e-13 
3439.13 871.865 336.675 22.5001 1.58224e-06 0.179771 0.438061 1.67521e-13 
3439.24 855.791 339.04 22.5001 1.3879e-06 0.179771 0.435714 1.56776e-13 
3439.35 839.718 341.054 22.5001 1.19467e-06 0.179771 0.433367 1.46402e-13 
3439.46 823.645 342.714 22.5001 1.00238e-06 0.179771 0.43102 1.36309e-13 
3439.56 807.572 344.017 22.5001 8.10867e-07 0.179771 0.428673 1.26508e-13 
3439.67 791.498 344.96 22.5001 6.19963e-07 0.17977 0.426327 1.17069e-13 
3439.78 775.425 345.541 22.5001 4.29508e-07 0.17977 0.42398 1.08024e-13 
3439.88 759.352 345.76 22.5001 2.39341e-07 0.17977 0.421633 9.92911e-14 
3439.99 743.279 345.615 22.5001 4.93054e-08 0.17977 0.419286 9.07819e-14 
3440.09 727.205 345.107 22.5001 -1.40757e-07 0.17977 0.416939 8.2657e-14 
3440.19 711.132 344.237 22.5001 -3.31005e-07 0.17977 0.414592 7.49166e-14 
3440.3 695.059 343.007 22.5001 -5.21594e-07 0.17977 0.412245 6.74851e-14 
3440.4 678.985 341.419 22.5001 -7.12683e-07 0.17977 0.409898 6.04537e-14 
3440.5 662.912 339.476 22.5001 -9.04432e-07 0.17977 0.407551 5.37717e-14 
3440.6 646.839 337.182 22.5001 -1.097e-06 0.17977 0.405204 4.74856e-14 
3440.7 630.766 334.541 22.5001 -1.29055e-06 0.17977 0.402857 4.14905e-14 
3440.8 614.692 331.558 22.5001 -1.48525e-06 0.17977 0.40051 3.5866e-14 
3440.9 598.619 328.236 22.5001 -1.68127e-06 0.17977 0.398163 3.0475e-14 
3441 582.546 324.583 22.5001 -1.87878e-06 0.17977 0.395816 2.53187e-14 
3441.1 566.473 320.602 22.5001 -2.07795e-06 0.17977 0.393469 2.0303e-14 
3441.19 550.399 316.301 22.5001 -2.27897e-06 0.179769 0.391122 1.506e-14 
3441.29 534.326 311.685 22.5001 -2.48201e-06 0.179769 0.388776 9.41898e-15 
3441.39 518.253 306.76 22.5001 -2.68729e-06 0.179769 0.386429 3.71604e-15 
3441.48 502.18 301.533 22.5001 -2.89498e-06 0.179769 0.384082 9.71811e-16 
3441.58 486.106 296.009 22.5001 -3.1053e-06 0.179764 0.381735 1.54183e-14 
3441.67 470.033 290.194 22.5001 -3.31847e-06 0.179731 0.379388 1.02198e-13 
3441.76 453.96 284.095 22.5001 -3.53466e-06 0.179468 0.377041 4.39896e-13 
3441.86 437.887 277.718 22.5001 -3.75342e-06 0.177342 0.374694 1.38619e-12 
3441.95 421.813 271.068 22.5001 -3.92749e-06 0.160198 0.372347 2.43539e-12 
3442.04 405.74 264.15 22.5 -1.16093e-10 0.0213658 0.369 0 
3442.04 405.74 264.15 22.5 -1.16093e-10 0.0213658 0.369 0 
3433.3 423.236 264.243 21.568 0.988116 0.0722543 -0.188388 1.02859 
3425.17 441.289 275.181 12.8345 0.954412 0.746181 -0.176776 1.00718 
3424.95 466.721 285.903 5 0.0335023 1.40744 0.655913 0.985775 
3432.06 499.394 286.671 5 -0.22555 2.05603 1.10477 0.964367 
3439.25 539.175 284.6 6.9214 0.253411 2.69195 0.554109 0.942959 
3444.61 585.925 287.744 5.00001 0.0243237 3.31517 0.814127 0.92155 
3451.78 639.503 288.411 5.00001 0.0243234 3.9257 0.814128 0.900142 
3458.97 699.772 289.079 5.00001 0.0243237 4.52353 0.814129 0.878734 
3466.18 766.593 289.746 5.00001 0.024324 5.10866 0.814129 0.857325 
3473.41 839.825 290.413 5.00001 0.0243242 5.68107 0.81413 0.835915 
3480.66 919.33 291.08 5.00001 0.0243245 6.24077 0.81413 0.0584919 
3487.92 1004.97 291.748 5.00001 0.0243244 6.28 0.81413 -0.00562906 
3495.21 1091.04 292.415 5.00001 0.0243244 6.28 0.814131 -0.00562564 
3502.5 1177.1 293.082 5.00001 0.0243243 6.28 0.814131 -0.00562193 
3509.82 1263.17 293.75 5.00001 0.0243242 6.28 0.814132 -0.00561789 
3517.14 1349.24 294.417 5.00001 0.0243242 6.28 0.814132 -0.00561349 
3524.48 1435.31 295.084 5.00001 0.0243241 6.28 0.814133 -0.00560868 
3531.84 1521.38 295.751 5.00001 0.0243241 6.28 0.814132 -0.00560341 
3539.21 1607.45 296.419 5.00001 0.0243208 6.28 0.814188 -0.00559761 
3546.6 1693.51 297.086 5.00001 0.024409 6.28 0.812668 -0.00559122 
3554 1779.58 297.754 5.00001 0.0220059 6.28 0.796487 -0.00558421 
3561.41 1865.65 298.396 5.02787 -0.00685073 6.28 0.811264 -0.00557718 
3568.82 1951.72 298.721 5.28718 -0.00822031 6.28 0.794959 -0.00556847 
3576.01 2037.79 299.027 5.54728 -0.00933933 6.28 0.778653 -0.00555872 
3582.98 2123.86 299.316 5.80602 -0.0101308 6.28 0.762346 -0.00554775 
3589.73 2209.93 299.591 6.06077 -0.0107405 6.28 0.74604 -0.00553537 
3596.26 2295.99 299.855 6.31029 -0.0115858 6.28 0.729734 -0.00552134 
3602.58 2382.06 300.106 6.55692 -0.0132061 6.28 0.713428 -0.00550537 
3608.69 2468.13 300.335 6.80734 -0.0158911 6.28 0.697122 -0.00548708 
3614.58 2554.2 300.53 7.07015 -0.0192338 6.28 0.680816 -0.005466 
3620.25 2640.27 300.683 7.34995 -0.0219391 6.28 0.66451 -0.00544149 
3625.68 2726.34 300.802 7.64021 -0.0222515 6.28 0.648204 -0.00541274 
3630.85 2812.41 300.913 7.92023 -0.019116 6.28 0.631897 -0.00537875 
3635.78 2898.48 301.053 8.162 -0.0136401 6.28 0.615591 -0.00533828 
3640.5 2984.55 301.248 8.34874 -0.00982518 6.28 0.599285 -0.00528974 
3645.06 3070.62 301.483 8.49822 -0.0133629 6.28 0.582979 -0.00523105 
3649.49 3156.69 301.675 8.67441 -0.0280259 6.28 0.566673 -0.00515924 
3653.78 3242.76 301.705 8.96815 -0.0508979 6.28 0.550367 -0.00507 
3657.81 3328.84 301.478 9.43948 -0.0696695 6.28 0.534061 -0.00495714 
3661.43 3414.91 301.037 10.0415 -0.0659569 6.28 0.517755 -0.00481187 
3664.51 3500.98 300.626 10.5775 -0.0264796 6.28 0.501448 -0.00462199 
3667.1 3587.05 300.639 10.754 0.0414421 6.28 0.485142 -0.00437064 
3669.52 3673.12 301.393 10.3595 0.100117 6.28 0.468836 -0.00403435 
3672.3 3759.2 302.796 9.51184 0.0903895 6.28 0.45253 -0.00358119 
3675.84 3845.27 304.108 8.81369 -0.0338993 6.28 0.436224 -0.00297255 
3680.06 3931.34 304.07 9.20947 -0.255747 6.28 0.419918 -0.00218103 
3683.98 4017.41 301.595 11.4344 -0.46033 6.28 0.403612 -0.00124858 
3685.94 4103.48 296.838 15.2139 -0.457981 6.28 0.387306 -0.00502395 
3684.47 4189.56 292.04 18.6619 -0.089999 6.25132 0.369 0 
3684.47 4189.56 292.04 18.6619 -0.089999 6.25132 0.369 0 
3671.99 4381.1 289.517 19.552 0.766007 6.06571 -0.188388 -1.01057 
3657.22 4568.12 307.859 5 -0.229434 4.16112 0.544311 -0.989906 
3672.27 4708.61 302.466 10.465 -0.745637 2.28161 0.825368 -0.964308 
3676.58 4803.22 284.255 23.2021 -0.102418 0.440403 -0.153551 -0.934178 
3654.73 4852.89 281.251 23.0191 -0.101525 -1.35042 -0.141939 -0.897377 
3633.05 4858.84 278.276 22.8362 -0.100633 -3.07317 -0.130326 -0.841539 
3611.56 4822.72 275.33 22.6532 -0.0997401 -4.67906 -0.118714 -0.696394 
3590.24 4747.4 272.412 22.4702 -0.0988472 -5.95914 -0.107102 -0.0926744 
3569.12 4640.82 269.524 22.2872 -0.0979538 -6.09867 -0.0954897 -0.00681905 
3548.21 4530.83 266.664 22.1043 -0.0970602 -6.1155 -0.0838775 0.00855412 
3527.51 4420.43 263.834 21.9213 -0.0961666 -6.10156 -0.0722653 0.00859737 
3507.04 4310.37 261.033 21.7383 -0.0952732 -6.09142 -0.060653 0.00827697 
3486.79 4200.56 258.26 21.5554 -0.0943803 -6.08187 -0.0490408 0.0101354 
3466.75 4090.98 255.517 21.3724 -0.0934875 -6.06995 -0.0374285 0.0119204 
3446.95 3981.69 252.802 21.1894 -0.092592 -6.05548 -0.0258163 0.0133113 
3427.36 3872.75 250.117 21.0065 -0.0916916 -6.03776 -0.014204 0.0113857 
3408.01 3764.25 247.46 20.8233 -0.0907952 -6.02064 -0.00259179 0.000184434 
3388.88 3656.16 244.833 20.6402 -0.089932 -6.02033 0.00902046 -0.0133014 
3369.98 3548.09 242.234 20.4576 -0.0891082 -6.04653 0.0206327 0.0135517 
3351.31 3439.37 239.662 20.2763 -0.0881855 -6.0305 0.032245 0.100104 
3332.87 3331.04 237.12 20.0942 -0.0868831 -5.84613 0.0438572 0.204384 
3314.66 3227.22 234.617 19.9043 -0.0853975 -5.43346 0.0554694 0.286773 
3296.71 3133.47 232.157 19.7046 -0.0855212 -4.81961 0.0670817 0.337743 
3279.05 3054.7 229.702 19.5264 -0.0894978 -4.06477 0.0786939 0.363158 
3261.62 2994.37 227.158 19.4379 -0.0922263 -3.22439 0.0903062 0.371154 
3244.27 2954.56 224.55 19.4017 -0.0729909 -2.33896 0.101918 0.367859 
3226.86 2936.36 222.413 19.0015 -0.0203368 -1.43594 0.113531 0.357121 
3210.13 2940.22 221.577 18.8185 -0.0194303 -0.534039 0.125143 0.341157 
3193.73 2966.09 221.915 18.6355 -0.0185357 0.353233 0.136755 0.321152 
3177.72 3013.63 222.282 18.4525 -0.0176414 1.21514 0.148367 0.297647 
3162.1 3082.21 222.678 18.2695 -0.016747 2.04205 0.15998 0.270767 
3146.88 3170.98 223.103 18.0866 -0.0158525 2.82432 0.171592 0.24039 
3132.05 3278.85 223.557 17.9036 -0.01496 3.5514 0.183204 0.206316 
3117.61 3404.48 224.04 17.7206 -0.0140709 4.21118 0.194816 0.168541 
3103.57 3546.21 224.552 17.5377 -0.0131785 4.78982 0.206429 0.127719 
3089.92 3702.07 225.093 17.3549 -0.0122632 5.27229 0.218041 0.0858567 
3076.67 3869.71 225.664 17.1716 -0.0113226 5.64442 0.229653 0.046938 
3063.81 4046.44 226.264 16.9875 -0.0104545 5.89713 0.241265 0.0165644 
3051.34 4229.33 226.893 16.8041 -0.00984668 6.03273 0.252878 -0.000597877 
3039.26 4415.54 227.544 16.626 -0.00934055 6.07139 0.26449 -0.0047828 
3027.57 4602.69 228.214 16.4543 -0.00768774 6.05345 0.276102 -0.00210458 
3016.24 4789.4 228.932 16.2668 -0.00343737 6.0289 0.287714 0.000455927 
3005.31 4975.51 229.76 16.0176 -0.000343583 6.02839 0.299327 0.000734073 
2994.91 5161.61 230.674 15.7381 -0.0126278 6.04625 0.310939 0.00020224 
2985.1 5348.15 231.298 15.7187 -0.0468645 6.06559 0.322551 -9.90042e-05 
2975.38 5535.16 231.088 16.3259 -0.0422477 6.07811 0.334163 -0.000146493 
2964.47 5722.47 230.967 16.7382 0.145026 6.08161 0.345776 -0.000307308 
2952.64 5909.87 235.402 13.5936 0.46462 6.0474 0.357388 -0.000520287 
2947.03 6096.43 247.763 5 0.0899997 5.83838 0.369 0 
2947.03 6096.43 247.763 5 0.0899997 5.83838 0.369 0 
3000.11 6677.9 262.733 5 -0.237483 0.566951 1.15369 0.562744 
3055.74 6841.82 251.763 13.9197 0.23548 6.25838 -0.176775 -0.00246953 
3052.64 7456.6 277.124 5 0.130577 6.257 0.397002 -0.00242761 
3110.34 8071.22 295.308 5 0.130577 6.255 0.397002 -0.00239233 
3170.92 8685.69 313.492 5 0.130577 6.25276 0.397002 -0.00233768 
3234.39 9299.98 331.676 5 0.130577 6.25009 0.397002 -0.00228576 
3300.74 9914.06 349.86 5 0.130577 6.24684 0.397002 -0.00227471 
3369.98 10527.9 368.044 5 0.130577 6.24279 0.397002 -0.00231883 
3442.1 11141.4 386.228 5 0.130577 6.23762 0.397002 -0.0024003 
3517.12 11754.5 404.412 5 0.130577 6.23078 0.397002 -0.00247286 
3595.01 12367 422.597 5 0.130577 6.2213 0.397002 -0.00260823 
3675.79 12978.8 440.781 5 0.130577 6.20726 0.397002 -0.0032188 
3759.46 13589.5 458.965 5 0.130577 6.1852 0.397002 -0.00316031 
3846.01 14198.4 477.149 5 0.130572 6.1356 0.397089 -0.00679633 
3935.44 14803.4 495.332 5 0.131591 6.26937 0.379527 -0.418423 
4027.77 15419 513.597 5 -0.0752762 0.796176 0.909081 -0.511556 
4122.98 15601.1 506.517 5 -0.0743357 -5.73897 0.892793 -0.00642351 
4216.65 15265.6 497.855 5 -0.07339 -6.11473 0.876489 -0.00198568 
4308.92 14900.2 489.268 5 -0.0724441 -6.17267 0.860183 -0.000615199 
4399.82 14530.3 480.756 5 -0.0714981 -6.20056 0.843877 -8.52533e-05 
4489.37 14158.2 472.32 5 -0.0705521 -6.21703 0.827571 0.000179721 
4577.58 13784.8 463.958 5 -0.069606 -6.22782 0.811265 0.000304502 
4664.45 13410.5 455.671 5 -0.06866 -6.23544 0.794959 0.00036431 
4750.01 13035.6 447.459 5 -0.067714 -6.24112 0.778653 0.000389883 
4834.27 12660.3 439.321 5 -0.066768 -6.24551 0.762347 0.00039568 
4917.23 12284.6 431.259 5 -0.0658219 -6.24902 0.746041 0.000389403 
4998.91 11908.6 423.272 5 -0.0648759 -6.25187 0.729734 0.000375511 
5079.32 11532.4 415.36 5 -0.0639299 -6.25425 0.713428 0.000356748 
5158.48 11156.1 407.522 5 -0.0629838 -6.25625 0.697122 0.000334886 
5236.39 10779.5 399.76 5 -0.0620378 -6.25797 0.680816 0.000311122 
5313.06 10402.8 392.072 5 -0.0610918 -6.25945 0.66451 0.000286294 
5388.51 10026.1 384.46 5 -0.0601458 -6.26075 0.648204 0.000261012 
5462.76 9649.17 376.922 5 -0.0591997 -6.26189 0.631898 0.000235735 
5535.8 9272.19 369.459 5 -0.0582537 -6.26291 0.615592 0.000210819 
5607.66 8895.12 362.071 5 -0.0573077 -6.26382 0.599286 0.000186548 
5678.35 8517.99 354.759 5 -0.0563616 -6.26463 0.582979 0.000163154 
5747.87 8140.79 347.521 5 -0.0554156 -6.26537 0.566673 0.000140835 
5816.25 7763.53 340.358 5 -0.0544696 -6.26604 0.550367 0.000119754 
5883.48 7386.22 333.27 5 -0.0535235 -6.26665 0.534061 0.000100056 
5949.59 7008.86 326.256 5 -0.0525775 -6.26721 0.517755 8.18667e-05 
6014.59 6631.46 319.318 5 -0.0516315 -6.26773 0.501449 6.52941e-05 
6078.48 6254.02 312.455 5 -0.0506854 -6.2682 0.485143 5.04342e-05 
6141.28 5876.53 305.667 5 -0.0497394 -6.26864 0.468837 3.73702e-05 
6203 5499.02 298.953 5 -0.0487934 -6.26905 0.452531 2.61728e-05 
6263.66 5121.47 292.315 5 -0.0478473 -6.26943 0.436224 1.69034e-05 
6323.26 4743.89 285.751 5 -0.0469013 -6.26978 0.419918 9.61753e-06 
6381.81 4366.28 279.263 5 -0.0586552 -6.27012 0.403612 4.14757e-06 
6439.36 3988.65 271.843 5.76533 -0.619658 -6.27032 0.387306 0.000287518 
6491.76 3611 219.89 40 -0.0899994 -3.55113 0.369 0 
6491.76 3611 219.89 40 -0.0899994 -3.55113 0.369 0 
6455.46 3583.32 215.562 35.4896 1.312 -1.01568 -0.188388 0.908436 
6424.15 3594.4 232.782 20.662 0.762442 2.22344 -0.176774 -0.207271 
6411.74 3654.99 241.962 13.6969 -1.4 0.628618 -0.165161 -0.732504 
6408.79 3691.19 218.248 32.5736 -0.913737 -2.37078 0.434889 -0.583314 
6381.81 3681.55 201.507 38.3413 -0.422114 -5.17096 -0.141939 -0.0634254 
6347.05 3629.1 192.141 38.2045 -0.421259 -5.90957 -0.130326 0.0268361 
6312.17 3565.35 182.792 38.0635 -0.413716 -5.60366 -0.118714 0.0771998 
6277.18 3506.28 173.562 37.841 -0.400206 -4.7528 -0.107102 0.0577062 
6242.18 3460.22 164.543 37.4757 -0.39265 -4.05212 -0.0954897 0.0386246 
6207.36 3424.87 155.65 37.051 -0.411625 -3.54194 -0.0838775 0.0571659 
6172.8 3397.33 146.476 36.8816 -0.465249 -2.84701 -0.0722652 0.0951498 
6138.2 3380.41 136.487 37.345 -0.515929 -1.77172 -0.060653 0.123304 
6102.74 3379.93 125.711 38.344 -0.472048 -0.412091 -0.0490408 0.128035 
6065.74 3400.24 115.582 38.7252 -0.257737 1.04556 -0.0374285 0.111783 
6027.91 3442.84 108.721 36.5675 0.0344386 2.42541 -0.0258163 0.0842063 
5992.44 3506.53 106.38 36.3846 0.0353339 3.58267 -0.014204 0.0553858 
5957.14 3587.92 109.223 36.2016 0.0362278 4.43452 -0.00259178 0.0321391 
5922.16 3682.34 112.085 36.0186 0.0371216 4.98496 0.00902047 0.0168815 
5887.49 3785.17 114.965 35.8357 0.0380165 5.30469 0.0206327 0.00856331 
5853.15 3892.89 117.863 35.6527 0.0389128 5.4828 0.032245 0.00467127 
5819.11 4003.34 120.779 35.4697 0.0398085 5.58872 0.0438572 0.00296672 
5785.4 4115.4 123.713 35.2867 0.0406993 5.66165 0.0554694 0.00214445 
5751.99 4228.58 126.665 35.1037 0.0415822 5.71881 0.0670817 0.0016465 
5718.91 4342.63 129.636 34.9208 0.042463 5.76662 0.0786939 0.00128485 
5686.13 4457.41 132.624 34.7381 0.0433599 5.80752 0.0903062 0.00100351 
5653.68 4572.82 135.631 34.5553 0.0442925 5.8428 0.101918 0.000782529 
5621.54 4688.77 138.656 34.372 0.0452511 5.87338 0.113531 0.000609768 
5589.71 4805.18 141.701 34.188 0.0461666 5.90007 0.125143 0.00047507 
5558.21 4922.01 144.764 34.0039 0.0469343 5.92352 0.136755 0.000369892 
5527.02 5039.19 147.843 33.8213 0.0475346 5.94428 0.148367 0.00028747 
5496.16 5156.69 150.936 33.6422 0.0481994 5.96278 0.15998 0.000222663 
5465.61 5274.47 154.043 33.4652 0.0494157 5.97937 0.171592 0.000171611 
5435.36 5392.5 157.173 33.284 0.0515045 5.99432 0.183204 0.000131386 
5405.44 5510.76 160.34 33.0886 0.0538186 6.00786 0.194816 9.97358e-05 
5375.85 5629.23 163.547 32.878 0.0543154 6.02018 0.206429 7.49057e-05 
5346.62 5747.89 166.767 32.6747 0.0508122 6.03144 0.218041 5.55165e-05 
5317.74 5866.72 169.938 32.5246 0.044449 6.04176 0.229653 4.04774e-05 
5289.14 5985.71 173.015 32.4557 0.042979 6.05127 0.241265 2.89182e-05 
5260.72 6104.84 176.072 32.4029 0.0580669 6.06005 0.252878 2.0136e-05 
5232.46 6224.11 179.361 32.172 0.0917516 6.06819 0.26449 1.35521e-05 
5204.56 6343.5 183.17 31.5644 0.117901 6.07574 0.276102 8.6828e-06 
5177.52 6463.01 187.394 30.7053 0.0820881 6.08274 0.287714 5.1397e-06 
5151.68 6582.62 191.092 30.3406 -0.0509972 6.08922 0.299327 2.73847e-06 
5126.43 6702.33 192.763 31.5525 -0.207992 6.0952 0.310939 1.81003e-06 
5099.8 6822.13 192.005 34.4622 -0.160083 6.10112 0.322551 1.26605e-06 
5069.57 6942.03 191.907 36.5168 0.33495 6.10672 0.334163 -4.56665e-06 
5036.66 7062.01 199.329 32.6002 1.14518 6.10323 0.345776 -0.000317687 
5008.54 7181.94 219.235 19.6405 1.4 4.97108 0.357404 -7.11039e-05 
4996.81 7284.55 243.355 5.00001 0.0171752 4.00894 0.369 0 
4996.81 7284.55 243.355 5.00001 0.0171752 4.00894 0.369 0 
5013.73 7453.15 243.654 5 -0.938747 2.84683 1.15369 -1.01632 
5031.22 7586.87 215.263 25.227 -0.140975 0.00995791 -0.176776 -0.977845 
4997.8 7635.49 209.842 25.0441 -0.140083 -2.73792 -0.165163 -0.920841 
4964.44 7601.63 204.457 24.8611 -0.139191 -5.33551 -0.153551 -0.334864 
4931.13 7489.82 199.107 24.6781 -0.138298 -6.19334 -0.141939 -0.0101841 
4897.92 7352.25 193.794 24.4951 -0.137404 -6.21666 -0.130326 0.00332019 
4864.83 7213.99 188.515 24.3122 -0.136511 -6.21377 -0.118714 0.00288296 
4831.86 7075.81 183.273 24.1292 -0.135617 -6.21181 -0.107102 0.00272578 
4799.01 6937.69 178.066 23.9462 -0.134724 -6.20998 -0.0954898 0.00274662 
4766.29 6799.62 172.894 23.7633 -0.13383 -6.2079 -0.0838775 0.00277852 
4733.7 6661.62 167.758 23.5803 -0.132937 -6.20555 -0.0722653 0.00277522 
4701.24 6523.69 162.658 23.3973 -0.132043 -6.20303 -0.060653 0.00275978 
4668.91 6385.83 157.594 23.2143 -0.13115 -6.20036 -0.0490408 0.00274775 
4636.72 6248.05 152.565 23.0314 -0.130256 -6.19752 -0.0374285 0.0027405 
4604.66 6110.36 147.571 22.8484 -0.129363 -6.19447 -0.0258163 0.00273615 
4572.74 5972.76 142.614 22.6654 -0.128469 -6.19119 -0.014204 0.00273405 
4540.97 5835.26 137.691 22.4825 -0.127576 -6.18764 -0.00259179 0.00273446 
4509.34 5697.86 132.805 22.2995 -0.126682 -6.18381 0.00902045 0.00273793 
4477.85 5560.58 127.954 22.1165 -0.125789 -6.17964 0.0206327 0.00274514 
4446.51 5423.42 123.139 21.9336 -0.124894 -6.17509 0.0322449 0.00275704 
4415.33 5286.4 118.359 21.7506 -0.123997 -6.17009 0.0438572 0.0027749 
4384.29 5149.52 113.615 21.5675 -0.123106 -6.1646 0.0554694 0.00280012 
4353.41 5012.82 108.907 21.3845 -0.122247 -6.1585 0.0670817 0.00283373 
4322.69 4876.29 104.233 21.2023 -0.121396 -6.15171 0.0786939 0.00287454 
4292.12 4739.97 99.594 21.0209 -0.120326 -6.1441 0.0903062 0.00291534 
4261.71 4603.88 94.9954 20.8352 -0.118812 -6.13558 0.101918 0.00293528 
4231.47 4468.04 90.4512 20.6358 -0.118103 -6.12614 0.113531 0.00288539 
4201.43 4332.48 85.9379 20.4439 -0.122047 -6.11603 0.125143 0.00265614 
4171.59 4197.23 81.3154 20.3642 -0.128365 -6.10622 0.136755 0.00200749 
4141.66 4062.27 76.5072 20.4289 -0.105068 -6.09943 0.148367 0.000513631 
4111.28 3927.52 72.395 19.9337 -0.0121253 -6.10185 0.15998 -0.0020105 
4081.78 3792.69 71.0963 19.7507 -0.0112262 -6.12209 0.171592 -0.00360027 
4052.65 3657.26 72.1864 19.5677 -0.0103322 -6.15277 0.183204 0.00204129 
4024.02 3520.9 73.3122 19.3848 -0.00943876 -6.12663 0.194816 0.0214219 
3995.9 3385.33 74.4737 19.2018 -0.00854617 -5.90854 0.206429 0.0514722 
3968.29 3256.3 75.6707 19.0188 -0.0076525 -5.39508 0.218041 0.0803351 
3941.2 3142.69 76.9033 18.8359 -0.00675083 -4.60116 0.229653 0.0987182 
3914.65 3052.9 78.1719 18.6528 -0.00584193 -3.61646 0.241265 0.104711 
3888.64 2992.66 79.4765 18.4693 -0.00497766 -2.52949 0.252878 0.100663 
3863.17 2965.05 80.8158 18.2867 -0.00424426 -1.40037 0.26449 0.0897077 
3838.25 2971.33 82.186 18.1076 -0.00341771 -0.265693 0.276102 0.0744716 
3813.87 3011.66 83.5896 17.9293 -0.00147511 0.851255 0.287714 0.0571039 
3790.03 3085.51 85.0601 17.7262 0.00176485 1.93325 0.299327 0.0396132 
3766.79 3191.84 86.6376 17.4734 -0.000811979 2.96401 0.310939 0.0239991 
3744.27 3329.1 88.1499 17.3136 -0.0231085 3.9226 0.322551 0.0119586 
3722.27 3495.14 89.0007 17.6788 -0.038012 4.77259 0.334163 0.00431565 
3699.47 3686.68 89.3866 18.2974 0.103491 5.4352 0.345776 0.000691436 
3675.14 3898.12 93.9898 15.5486 0.467946 5.73072 0.357388 -0.000193827 
3657.48 4118.41 109.664 5 0.0899997 5.41404 0.369 0 
3657.48 4118.41 109.664 5 0.0899997 5.41404 0.369 0 
3711.7 4680.72 124.816 5 -0.452941 0.208712 1.15369 0.607097 
3768.94 4820 95.8442 27.6802 0.333075 6.25666 -0.176775 -0.00258485 
3672.88 5450.9 127.797 5 0.126243 6.25554 0.414016 -0.00257184 
3730.05 6081.6 145.894 5 0.126243 6.25325 0.414016 -0.00251219 
3790.16 6712.11 163.992 5 0.126243 6.25091 0.414016 -0.0024726 
3853.22 7342.42 182.09 5 0.126243 6.24811 0.414016 -0.00243481 
3919.23 7972.52 200.187 5 0.126243 6.24473 0.414016 -0.00241991 
3988.19 8602.33 218.285 5 0.126243 6.24054 0.414016 -0.00244509 
4060.09 9231.81 236.383 5 0.126243 6.23522 0.414016 -0.00251798 
4134.94 9860.85 254.48 5 0.126243 6.22824 0.414016 -0.00262772 
4212.73 10489.3 272.578 5 0.126243 6.2187 0.414016 -0.0027914 
4293.47 11117 290.676 5 0.126243 6.20479 0.414016 -0.00331047 
4377.16 11743.6 308.774 5 0.126243 6.18288 0.414017 -0.00367826 
4463.79 12368.4 326.871 5 0.126243 6.14273 0.414017 -0.0185919 
4553.37 12989.9 344.969 5 0.126243 6.20026 0.414016 -0.283202 
4645.9 13616.1 363.067 5 0.126241 2.22512 0.414016 -0.528252 
4741.11 13919.3 381.164 5 0.126237 -4.45797 0.414017 -0.0825047 
4838.84 13679.3 399.261 5 0.126237 -6.08544 0.414017 -0.00345348 
4939.42 13307.1 417.359 5 0.126237 -6.15369 0.414017 -0.000939105 
5042.93 12929.3 435.456 5 0.126237 -6.18827 0.414017 -0.000240331 
5149.39 12548.7 453.553 5 0.126232 -6.20815 0.414094 0.000110082 
5258.8 12166.5 471.65 5 0.127156 -6.22093 0.398171 0.000276054 
5371.15 11783.2 489.821 5 -0.0653103 -6.22984 0.794936 0.000357253 
5486.77 11399.2 483.224 5 -0.0643667 -6.2364 0.77865 0.000393931 
5601.31 11014.7 475.354 5 -0.0634208 -6.24145 0.762346 0.000406925 
5714.57 10629.8 467.562 5 -0.0624748 -6.24546 0.74604 0.000404798 
5826.56 10244.6 459.846 5 -0.0615288 -6.24871 0.729734 0.00039317 
5937.29 9859.08 452.206 5 -0.0605828 -6.2514 0.713428 0.00037545 
6046.78 9473.36 444.644 5 -0.0596368 -6.25367 0.697122 0.000353814 
6155.03 9087.45 437.159 5 -0.0586908 -6.2556 0.680816 0.000329715 
6262.07 8701.38 429.75 5 -0.0577448 -6.25727 0.66451 0.000304162 
6367.89 8315.18 422.419 5 -0.0567987 -6.25873 0.648204 0.000277882 
6472.52 7928.86 415.164 5 -0.0558527 -6.26001 0.631898 0.000251419 
6575.97 7542.44 407.986 5 -0.0549067 -6.26114 0.615592 0.000225193 
6678.24 7155.92 400.885 5 -0.0539606 -6.26216 0.599285 0.000199538 
6779.36 6769.32 393.861 5 -0.0530146 -6.26307 0.582979 0.000174726 
6879.34 6382.65 386.914 5 -0.0520686 -6.26389 0.566673 0.000150985 
6978.18 5995.91 380.044 5 -0.0511225 -6.26463 0.550367 0.000128508 
7075.9 5609.11 373.25 5 -0.0501765 -6.26531 0.534061 0.000107463 
7172.51 5222.26 366.534 5 -0.0492305 -6.26593 0.517755 8.7994e-05 
7268.03 4835.35 359.894 5 -0.0482844 -6.26651 0.501449 7.02291e-05 
7362.46 4448.4 353.331 5 -0.0473384 -6.26703 0.485143 5.42789e-05 
7455.82 4061.41 346.846 5 -0.0463924 -6.26752 0.468837 4.02405e-05 
7548.13 3674.37 340.437 5 -0.0454463 -6.26797 0.45253 2.81966e-05 
7639.39 3287.3 334.104 5 -0.0445003 -6.26839 0.436224 1.82187e-05 
7729.62 2900.2 327.849 5 -0.0435543 -6.26879 0.419918 1.03693e-05 
7818.83 2513.06 321.671 5 -0.0586745 -6.26915 0.403612 4.56459e-06 
7907.06 2125.89 314.264 5.99336 -0.600179 -6.26935 0.387306 0.00030112 
7988.49 1738.71 262.72 40 -0.0899995 -3.58014 0.369 0 
7988.49 1738.71 262.72 40 -0.0899995 -3.58014 0.369 0 
7955.11 1708.57 263.621 39.3464 1.4 -0.797843 -0.187629 1.02859 
7922.16 1724.04 288.969 21.937 1.39842 2.91846 -0.161059 0.827356 
7912.97 1800.43 314.748 6.38845 0.387174 6.28 -0.148547 -0.000530474 
7925.43 1931.92 324.353 5.1074 0.293408 6.28 -0.134033 -0.000509972 
7939.92 2063.41 332.452 5.1211 0.291801 6.28 -0.119882 -0.000489514 
7954.66 2194.9 340.523 5.14149 0.290147 6.28 -0.104985 -0.000469358 
7969.64 2326.39 348.563 5.1674 0.287825 6.28 -0.0888727 -0.000449515 
7984.85 2457.88 356.56 5.20499 0.284401 6.28 -0.07078 -0.000429994 
8000.27 2589.37 364.495 5.26411 0.27928 6.28 -0.0493362 -0.000410804 
8015.88 2720.86 372.336 5.35904 0.261255 6.28 -0.0245285 -0.000391977 
8031.62 2852.35 379.865 5.63997 -0.0551958 6.28 0.0110739 -0.00037406 
8047.35 2983.84 382.168 9.79014 -1.19013 6.28 0.125852 -0.000357917 
8058.07 3115.34 365.645 27.4994 -0.90945 6.28 0.357493 -0.000339506 
8044.89 3246.85 348.416 34.6717 -0.485701 6.28 0.0621711 -0.000321287 
8021.59 3378.37 337.529 35.6363 -0.428084 6.28 0.014058 -0.000304089 
7996.64 3509.89 327.511 35.7755 -0.415873 6.28 0.0109554 -0.000287357 
7971.17 3641.41 317.67 35.7351 -0.411839 6.28 0.0166283 -0.000271038 
7945.43 3772.94 307.885 35.6368 -0.409926 6.28 0.0249319 -0.000255129 
7919.5 3904.46 298.127 35.5142 -0.408567 6.28 0.0342332 -0.000239636 
7893.41 4035.98 288.391 35.3776 -0.407356 6.28 0.0440582 -0.000224567 
7867.18 4167.5 278.674 35.2309 -0.40623 6.28 0.0542594 -0.000209929 
7840.82 4299.02 268.978 35.0767 -0.405183 6.28 0.0647543 -0.000195729 
7814.34 4430.54 259.301 34.9168 -0.404199 6.28 0.0754705 -0.000181976 
7787.76 4562.06 249.642 34.7527 -0.403256 6.28 0.0863488 -0.000168676 
7761.07 4693.59 240.002 34.5856 -0.402341 6.28 0.0973463 -0.000155836 
7734.29 4825.11 230.381 34.4162 -0.401448 6.28 0.108435 -0.000143463 
7707.41 4956.63 220.777 34.245 -0.40057 6.28 0.119595 -0.000131563 
7680.45 5088.15 211.192 34.0725 -0.399688 6.28 0.130814 -0.000120144 
7653.39 5219.67 201.625 33.8988 -0.398771 6.28 0.14208 -0.000109212 
7626.25 5351.19 192.077 33.7236 -0.397813 6.28 0.153386 -9.87712e-05 
7599.02 5482.71 182.549 33.5465 -0.396886 6.28 0.164726 -8.88289e-05 
7571.71 5614.23 173.04 33.3683 -0.396136 6.28 0.176093 -7.93903e-05 
7544.33 5745.75 163.548 33.1912 -0.395635 6.28 0.187484 -7.04606e-05 
7516.86 5877.27 154.068 33.0182 -0.395105 6.28 0.198895 -6.20447e-05 
7489.32 6008.78 144.601 32.8486 -0.393821 6.28 0.210325 -5.41471e-05 
7461.68 6140.3 135.16 32.6726 -0.391204 6.28 0.221769 -4.67723e-05 
7433.96 6271.82 125.765 32.4743 -0.388214 6.28 0.233227 -3.99248e-05 
7406.19 6403.34 116.425 32.2513 -0.388272 6.28 0.244697 -3.3609e-05 
7378.41 6534.86 107.089 32.0444 -0.395094 6.28 0.256177 -2.78289e-05 
7350.6 6666.38 97.6465 31.9363 -0.406012 6.28 0.267666 -2.25868e-05 
7322.62 6797.89 88.0277 31.9674 -0.405573 6.28 0.279164 -1.78841e-05 
7294.29 6929.41 78.4151 31.9813 -0.372327 6.28 0.290669 -1.3723e-05 
7265.61 7060.93 69.347 31.5704 -0.309561 6.28 0.302179 -1.01077e-05 
7237.15 7192.45 61.3188 30.4121 -0.283788 6.28 0.313692 -7.04381e-06 
7209.94 7323.96 53.7434 29.0475 -0.410397 6.28 0.325205 -4.53383e-06 
7184.32 7455.48 44.1277 29.3997 -0.718459 6.28 0.336717 -2.57484e-06 
7158.02 7586.99 29.4515 33.5488 -0.937793 6.28 0.348225 -1.16356e-06 
7125.85 7718.51 11.0698 39.9823 -0.480334 6.28 0.383095 -0.000128653 
7084.49 7850.04 0.0196138 39.9966 1.22722 4.7557 0.369 0 
