grtopM_32_4
50
2 2
5 5 
0 2 1 3 5 
0 2 1 3 5 
18.705 726.396 1789.8 156.843 
1353.08 11.5159 52.6782 0 
0.381734 14.8244 36.5266 3.20087 
27.6138 0.235019 1.07507 0 
96.2926 2167 42.634 8.62564 
1.45011e-06 0.167769 5.1787e-07 91.0971 
2952.3 3380.27 1335 40 1.05084 0 0.0176737 0 
2856.01 3283.98 1238.71 5 -1.4 -6.28 1.1465 0 
2850.01 3406.11 1112.23 5 -1.4 6.28 1.12301 0 
2890.18 3528.24 985.746 15.0411 -1.4 6.28 1.09951 0 
2903.56 3495.09 885.653 5 -1.4 -6.28 1.07601 0 
2904.54 3617.22 759.172 5 -1.4 -6.28 1.05252 0 
2899.81 3739.35 632.691 5 1.4 -6.28 1.02902 0 
2892.45 3645.08 527.452 5 1.4 -6.28 1.00552 0 
2883.47 3619.78 549.32 5 -1.4 -6.28 0.982028 0 
2874.22 3741.92 422.839 5 1.4 -6.28 0.958532 0 
2865.7 3715.73 352.35 5 1.4 -6.28 0.935035 0 
2856.35 3675.5 308.976 5 1.4 -6.28 0.911539 0 
2846.63 3635.67 266.302 5 1.4 -6.28 0.431096 0 
2836.73 3596.18 224.22 13.2362 1.4 -6.28 -0.142515 0 
2826.76 3556.98 182.642 24.7113 1.4 -6.28 -0.138093 0 
2816.74 3518.02 141.487 34.3248 1.4 -6.28 -0.133671 0 
2806.69 3479.27 100.684 40 1.4 -6.28 -0.129249 0 
2796.62 3440.67 60.1643 40 1.4 -6.28 -0.124827 0 
2786.52 3402.2 19.8595 40 1.4 -6.28 -0.120406 0 
2776.37 3363.81 0.001 40 1.4 -6.28 -0.115984 0 
2766.05 3325.47 1.12618 40 1.4 -6.28 -0.111562 0 
2755.45 3287.17 0.543957 40 1.4 -6.28 -0.10714 0 
2753.33 3248.9 0.351015 40 1.4 -6.28 -0.102718 0 
2789.24 3210.65 0.830267 40 1.4 -6.28 -0.098296 0 
2816.79 3172.39 0.745409 40 1.4 -6.28 -0.0938741 -0.4875 
2660.12 3134.11 0.001 40 1.4 -6.28 -0.0894522 0 
2696.03 3095.77 0.001 40 1.4 -6.28 0.559092 0 
2539.35 3057.35 0.001 5 1.4 -6.28 -0.0806084 0 
2575.26 3012.79 0.001 5 1.4 -6.28 -0.0761864 0 
2611.17 2968.58 0.001 5 1.4 -6.28 -0.0717645 0 
2647.08 2924.72 0.001 5 1.4 -6.28 -0.0673426 0 
2671.18 2881.21 0.001 5 1.4 -6.28 -0.0629207 0 
2684.7 2838.05 0.001 18.3184 1.4 -6.28 -0.0584988 0 
2691.7 2795.24 0.001 40 1.4 -6.28 -0.0540769 0 
2727.61 2718.64 0.001 40 -1.4 -6.28 -0.0496548 0 
2763.52 2847.41 0.00100053 40 -1.4 -6.28 -0.045233 0 
2606.84 2976.18 0.001 40 -1.4 -6.28 -0.0408111 0 
2642.75 3104.95 0.001 40 -1.4 -6.28 -0.0363892 0 
2611.67 3044.07 0.001 40 -1.4 -6.28 -0.0319673 0 
2594.84 3172.84 0.001 40 -1.4 -6.28 -0.0275454 0 
2582.02 3301.61 0.001 40 -1.4 -6.28 -0.0231235 0 
2571.16 3430.38 0.001 40 -1.4 -6.28 -0.0187016 0 
2561.55 3373.89 0.00100043 40 -1.4 -6.28 -0.0142797 0 
2553.47 3321.79 67.8621 40 -1.4 -6.28 -0.00985777 0 
2547.9 3269.69 135.723 40 -1.4 -6.28 -0.00543585 0 
2547.15 3217.59 203.584 40 -1.4 -3.33107 -0.00101394 0 
2578.77 3182.29 276.251 40 -1.4 -6.28 0.00340797 -0.0652245 
2425.94 3311.06 161.365 40 -1.4 -6.28 0.00782988 -0.0438163 
2272.11 3439.83 46.4792 40 -1.4 -6.28 0.0122519 0 
2235.46 3568.6 97.99 40 -0.09 2.22054 0.0166737 0 
2235.46 3568.6 97.99 40 -0.09 2.22054 0.0166737 0 
678.279 2103.06 0.0306541 5.02515 -0.000307137 -6.27245 0.000275307 4.71341e-11 
4.47079e-08 454.237 0.0306533 5.02632 2.29771e-10 -9.80275e-08 0.000296169 -5.84983e-14 
3.80855e-09 2.83936e-08 0.0306533 5.02632 2.3082e-10 -2.67296e-08 0.000320121 -5.8567e-14 
3.80855e-09 4.40296e-09 0.0306533 5.02632 2.30717e-10 -2.67296e-08 0.000347914 -5.85649e-14 
3.80855e-09 4.40296e-09 0.0306533 5.02632 2.30599e-10 -2.67296e-08 0.00038057 -5.85626e-14 
3.80855e-09 4.40296e-09 0.0306533 5.02632 2.30466e-10 -2.67296e-08 0.000419506 -5.85601e-14 
3.80855e-09 4.40296e-09 0.0306533 5.02632 2.30314e-10 -2.67296e-08 0.000466744 -5.85575e-14 
3.80855e-09 4.40296e-09 0.0306533 5.02632 2.30144e-10 -2.67296e-08 0.000525244 -5.85546e-14 
3.80855e-09 4.40296e-09 0.0306533 5.02632 2.29955e-10 -2.67296e-08 0.00059952 -5.85514e-14 
3.80855e-09 4.40296e-09 0.0306533 5.02632 2.29756e-10 -2.67296e-08 0.000696856 -5.85481e-14 
3.80855e-09 4.40296e-09 0.0306533 5.02632 2.2957e-10 -2.67296e-08 0.000830129 -5.85443e-14 
3.80855e-09 4.40296e-09 0.0306533 5.02632 2.29463e-10 -2.67296e-08 0.00102522 -5.85403e-14 
3.80855e-09 4.40296e-09 0.0306533 5.02632 2.29612e-10 -2.67296e-08 0.00134196 -5.85358e-14 
3.80855e-09 4.40296e-09 0.0306533 5.02632 2.30486e-10 -2.67296e-08 0.00193433 -5.85309e-14 
3.80855e-09 4.40296e-09 0.0306533 5.02632 2.33015e-10 -2.67296e-08 0.00323218 -5.85256e-14 
3.80855e-09 4.40296e-09 0.0306533 5.02632 2.37221e-10 -2.67296e-08 0.00637098 -5.85195e-14 
3.80855e-09 4.40296e-09 0.0306533 5.02632 2.39193e-10 -2.67296e-08 0.0128101 -5.8513e-14 
3.80855e-09 4.40296e-09 0.0306533 5.02632 2.33638e-10 -2.67296e-08 0.0236671 -5.85056e-14 
3.80855e-09 4.40296e-09 0.0306533 5.02632 2.27148e-10 -2.67296e-08 0.0352114 -5.84973e-14 
3.80855e-09 4.40296e-09 0.0306533 5.02632 2.20728e-10 -2.67296e-08 0.0467542 -5.84881e-14 
3.80855e-09 4.40296e-09 0.0306533 5.02632 2.14307e-10 -2.67296e-08 0.0582953 -5.84777e-14 
3.80855e-09 4.40296e-09 0.0306533 5.02632 2.07884e-10 -2.67296e-08 0.0698348 -5.84661e-14 
3.80855e-09 4.40296e-09 0.0306533 5.02632 2.0146e-10 -2.67296e-08 0.0813725 -5.84528e-14 
3.80855e-09 4.40296e-09 0.0306533 5.02632 1.95031e-10 -2.67296e-08 0.0929085 -5.84378e-14 
3.80855e-09 4.40296e-09 0.0306533 5.02632 1.88598e-10 -2.67296e-08 0.104443 -5.84207e-14 
3.80855e-09 4.40296e-09 0.0306533 5.02632 1.8216e-10 -2.67296e-08 0.115975 -5.84011e-14 
3.80855e-09 4.40296e-09 0.0306533 5.02632 1.75713e-10 -2.67296e-08 0.127505 -5.83786e-14 
3.80855e-09 4.40296e-09 0.0306533 5.02632 1.69259e-10 -2.67296e-08 0.139033 -5.83526e-14 
3.80855e-09 4.40296e-09 0.0306533 5.02632 1.62796e-10 -2.67296e-08 0.150558 -5.83227e-14 
3.80855e-09 4.40296e-09 0.0306533 5.02632 1.56325e-10 -2.67296e-08 0.162081 -5.82881e-14 
3.80855e-09 4.40296e-09 0.0306533 5.02632 1.49845e-10 -2.67296e-08 0.1736 -5.82476e-14 
3.80855e-09 4.40296e-09 0.0306533 5.02632 1.43361e-10 -2.67296e-08 0.185117 -5.82004e-14 
3.80855e-09 4.40296e-09 0.0306533 5.02632 1.36875e-10 -2.67296e-08 0.19663 -5.81448e-14 
3.80855e-09 4.40296e-09 0.0306533 5.02632 1.30392e-10 -2.67296e-08 0.208139 -5.80789e-14 
3.80855e-09 4.40296e-09 0.0306533 5.02632 1.23918e-10 -2.67296e-08 0.219644 -5.80004e-14 
3.80855e-09 4.40296e-09 0.0306533 5.02632 1.17461e-10 -2.67296e-08 0.231143 -5.79058e-14 
3.80855e-09 4.40296e-09 0.0306533 5.02632 1.11026e-10 -2.67296e-08 0.242638 -5.77901e-14 
3.80855e-09 4.40296e-09 0.0306533 5.02632 1.04619e-10 -2.67296e-08 0.254128 -5.76469e-14 
3.80855e-09 4.40296e-09 0.0306533 5.02632 9.82371e-11 -2.67296e-08 0.265614 -5.74652e-14 
3.80855e-09 4.40296e-09 0.0306533 5.02632 9.18743e-11 -2.67296e-08 0.277096 -5.72289e-14 
3.80855e-09 4.40296e-09 0.0306533 5.02632 8.55146e-11 -2.67296e-08 0.288575 -5.69146e-14 
3.80855e-09 4.40296e-09 0.0306533 5.02632 7.91381e-11 -2.67296e-08 0.300049 -5.64926e-14 
3.80855e-09 4.40296e-09 0.0306533 5.02632 7.27362e-11 -2.67296e-08 0.311516 -5.59558e-14 
3.80855e-09 4.40296e-09 0.0306533 5.02632 6.63461e-11 -2.67296e-08 0.322975 -5.54445e-14 
3.80855e-09 4.40296e-09 0.0306533 5.02632 6.008e-11 -2.67296e-08 0.334427 -5.57532e-14 
3.80855e-09 4.40296e-09 0.0306533 5.02632 5.39527e-11 -2.67296e-08 0.345837 -6.02528e-14 
3.8575e-09 5.21608e-09 0.0306532 5.02632 6.86265e-10 2.1083e-08 0.35708 6.53372e-11 
179.854 479.251 58.8875 5 -1.4 6.28 0.372534 -1.73518e-10 
2449.49 4098.19 264.48 5.02632 -2.00459e-11 9.88833e-12 0.369 0 
2449.49 4098.19 264.48 5.02632 -2.00459e-11 9.88833e-12 0.369 0 
2679.45 4770.88 236.406 25.9551 -0.258797 -5.91307 0.136088 -0.0109012 
2120.78 2751.41 75.133 30.8692 0.000414999 -6.2203 -0.168776 -0.000866451 
1232.2 590.15 28.3708 20.3531 0.0760661 -2.26664 -0.131646 0.00517372 
685.825 311.012 23.769 14.4432 0.0766024 -1.98687 0.872138 0.00452497 
350.655 159.075 23.7285 7.62184 0.0486589 -1.77453 0.326595 0.00366749 
264.892 63.5237 15.9353 6.58917 -0.00805916 -1.67635 0.334015 0.00351973 
234.692 10.7439 12.9011 6.52781 -0.00662895 -1.58567 0.33824 0.000876413 
204.164 0.139557 10.8839 6.16286 -0.00519891 -1.56292 0.357652 3.84291e-05 
185.262 -0.122812 9.75084 6.1487 -0.00539842 -1.56185 0.359174 -1.68525e-05 
166.076 0.0406465 8.71864 6.08893 -0.00497374 -1.5623 0.359763 -2.58902e-06 
148.141 -0.0395442 7.93462 6.0473 -0.00461946 -1.56234 0.362202 3.94883e-05 
131.01 -0.220697 7.16894 5.95501 -0.00476388 -1.56126 0.370147 -1.32861e-05 
116.608 -0.0317601 6.45122 5.882 -0.00445552 -1.56158 0.373365 -7.30226e-06 
104.353 -0.0367911 5.92356 5.83622 -0.00449296 -1.56175 0.376597 2.23907e-05 
93.2925 -0.157811 5.41925 5.87629 -0.00436333 -1.56115 0.374491 -1.03551e-05 
80.2643 -0.0234708 4.95394 5.79435 -0.00409383 -1.56141 0.378958 1.10951e-06 
69.8226 -0.023668 4.68635 5.77549 -0.00389046 -1.56137 0.381028 4.70142e-08 
59.8111 -0.0234953 4.543 5.70391 -0.00371285 -1.56137 0.386791 -2.44418e-07 
52.2909 -0.0214117 4.55583 5.67529 -0.00380055 -1.56137 0.389063 -3.27933e-07 
45.8184 -0.019604 4.57564 5.72878 -0.00394834 -1.56138 0.38763 2.2344e-08 
37.3666 -0.0173958 4.52095 5.72011 -0.0034269 -1.56137 0.387362 6.16939e-08 
29.1847 -0.0142709 4.69742 5.55868 -0.00328775 -1.56136 0.396777 3.54728e-07 
27.0956 -0.0164837 5.11964 5.66478 -0.00343711 -1.56135 0.394955 6.08627e-07 
21.4741 -0.0143191 5.39487 5.55241 -0.00282336 -1.56133 0.398669 2.93725e-07 
20.2473 -0.0128345 6.05208 5.49567 -0.0024059 -1.56132 0.403294 5.17463e-07 
21.6631 -0.0138503 7.11154 5.53543 -0.00266278 -1.5613 0.404464 2.1721e-08 
22.7846 -0.0127056 8.06052 5.54785 -0.00282125 -1.5613 0.406185 -1.74274e-07 
24.3134 -0.0123488 8.9587 5.56629 -0.00295998 -1.56131 0.407665 5.56771e-07 
25.9928 -0.0136574 9.81435 5.57463 -0.00312335 -1.5613 0.411049 1.33966e-06 
28.1615 -0.0132203 10.6263 5.57668 -0.00321511 -1.56127 0.413298 1.57779e-06 
31.0746 -0.013077 11.4337 5.59134 -0.0034246 -1.56123 0.416038 -7.95167e-08 
34.1863 -0.0131504 12.1732 5.61302 -0.00342112 -1.56124 0.417887 -9.4948e-07 
37.1721 -0.0134876 12.9368 5.56342 -0.00304978 -1.56128 0.42358 -7.68929e-07 
42.7809 -0.0124733 14.0347 5.55523 -0.00329218 -1.56131 0.424394 -4.85797e-07 
49.4456 -0.0112635 15.2583 5.56712 -0.00345483 -1.56135 0.42564 2.77592e-06 
56.8005 -0.00980235 16.4232 5.58538 -0.00320206 -1.5613 0.426272 2.24899e-07 
64.5447 -0.00840884 17.7989 5.57026 -0.00231592 -1.56141 0.425794 -1.94176e-06 
74.0486 -0.00582275 19.7415 5.55239 -0.00183428 -1.56161 0.428689 6.42831e-06 
86.0114 -0.00324248 21.9282 5.53115 -0.00133404 -1.56134 0.428882 9.85376e-07 
101.014 0.000723312 24.4732 5.47508 0.0001315 -1.56163 0.428949 1.34971e-06 
120.304 0.00123822 28.0345 5.40305 0.00156358 -1.5613 0.425194 3.46131e-06 
145.932 -0.00923276 32.5228 5.37134 0.0253418 -1.56083 0.422396 -0.000819303 
169.986 0.0357308 100.962 6.64244 0.121542 -1.65005 0.315907 0.000974141 
205.681 -13.1001 201.656 5.04138 0.100437 -1.61946 0.448635 0.00163039 
390.616 -6.43083 303.217 5.02048 0.0947857 -1.47433 0.329537 0.000910278 
739.963 78.4404 401.386 5.08522 0.00796849 -1.22781 0.416388 0.000390856 
1177.26 276.817 377.257 5.08517 -0.0806054 1.10784 0.400376 -0.000998875 
1557.2 1475.95 312.608 5.0255 -0.0943824 5.80381 0.385732 -0.000475308 
1911.98 4877.69 241.956 38.5387 -0.0151759 0.0196091 0.369 0 
1911.98 4877.69 241.956 38.5387 -0.0151759 0.0196091 0.369 0 
1837.26 4932.62 249.106 40 1.21241 -6.00723 -0.188387 0.00128745 
1757.26 4746.85 305.191 5 0.35966 -5.95659 -0.176773 0.000610677 
1794.44 4563.02 329.459 5 0.358986 -5.93366 -0.165161 6.77464e-05 
1833.56 4380.1 353.7 5 0.358313 -5.9424 -0.153548 -0.00293804 
1874.63 4196.84 377.913 5 0.357639 -6.12073 -0.141936 -0.00254956 
1917.62 4006.45 402.1 5 0.356965 -6.26623 -0.130323 7.86989e-05 
1962.55 3810.25 426.26 5 0.356291 -6.2727 -0.118711 0.000215114 
2009.41 3613.79 450.393 5 0.355617 -6.27481 -0.107098 0.000317075 
2058.21 3417.25 474.5 5 0.354944 -6.27585 -0.0954852 0.0003033 
2108.93 3220.66 498.579 5 0.35427 -6.27644 -0.0838723 0.000154141 
2161.58 3024.05 522.631 5 0.353596 -6.27681 -0.072259 0.000203671 
2216.16 2827.43 546.657 5 0.352922 -6.27704 -0.0606452 0.000167009 
2272.65 2630.79 570.655 5 0.352248 -6.27719 -0.04903 0.000149043 
2331.07 2434.15 594.627 5 0.351573 -6.27727 -0.0374098 0.000126997 
2391.41 2237.51 618.572 5 0.239961 -6.2773 0.443966 9.54964e-05 
2453.75 2040.87 638.058 5 -0.271081 -6.27728 0.909083 7.72273e-05 
2518.07 1844.22 619.884 5 -0.270135 -6.2772 0.892785 0.000337665 
2580.92 1647.58 601.747 5 -0.26919 -6.27706 0.876482 0.000129166 
2642.33 1450.95 583.648 5 -0.268244 -6.27681 0.860177 0.000103248 
2702.28 1254.32 565.586 5 -0.267298 -6.27639 0.843872 0.000105952 
2760.79 1057.71 547.562 5 -0.266352 -6.27567 0.827567 7.86558e-05 
2817.85 861.132 529.577 5 -0.265406 -6.27428 0.811261 -3.28255e-05 
2873.48 664.608 511.629 5 -0.26446 -6.27099 0.794955 0.000980793 
2927.67 468.216 493.718 5 -0.263514 -6.18784 0.77865 0.001554 
2980.43 275.144 475.846 5 -0.262568 -5.96103 0.762344 0.0183379 
3031.76 91.1315 458.011 5 -0.261621 -3.69358 0.746038 0.0172368 
3081.74 -2.32147 440.214 5 -0.260674 -1.35382 0.729732 1.48786e-05 
3130.37 -2.32724 422.455 5 -0.259728 -1.35222 0.713426 1.76575e-06 
3177.57 -2.26922 404.734 5 -0.258782 -1.35168 0.69712 -5.37833e-07 
3223.36 -2.18953 387.05 5 -0.257835 -1.35139 0.680814 -3.72784e-06 
3267.73 -2.09833 369.405 5 -0.256889 -1.35178 0.664508 -1.92375e-06 
3310.69 -2.02266 351.797 5 -0.255943 -1.35187 0.648202 -0.000271635 
3352.24 -1.95062 334.227 5 -0.254997 -1.42059 0.631896 0.000353265 
3392.38 -4.62312 316.694 5 -0.254051 -1.31911 0.61559 -6.77927e-05 
3431.11 -3.24251 299.2 5 -0.253105 -1.34071 0.599284 -3.33212e-05 
3468.45 -2.72481 281.743 5 -0.252159 -1.35276 0.582978 -1.29989e-05 
3504.39 -2.68853 264.324 5 -0.251213 -1.35803 0.566672 1.03039e-05 
3538.94 -2.86246 246.943 5 -0.250267 -1.35247 0.550366 -3.61274e-06 
3572.09 -2.81453 229.599 5 -0.249321 -1.35429 0.53406 -4.17873e-07 
3603.85 -2.83906 212.294 5 -0.248375 -1.35426 0.517754 -2.86408e-07 
3634.23 -2.86246 195.026 5 -0.247429 -1.35423 0.501448 -5.58491e-07 
3663.23 -2.885 177.796 5 -0.246483 -1.35475 0.485141 2.88311e-06 
3690.85 -2.92796 160.603 5 -0.245537 -1.35081 0.468835 -2.87313e-06 
3717.09 -2.8139 143.449 5 -0.244591 -1.35739 0.452529 -0.000460287 
3741.95 -2.96256 126.332 5 -0.243646 -2.64389 0.436223 0.000440286 
3765.41 -54.4924 109.253 5 -0.242699 -0.765792 0.419917 0.00328632 
3787.56 -31.0132 92.2119 5 -0.241749 6.25385 0.403611 -4.74959e-07 
3808.56 272.823 75.2086 5 -1.39266 6.263 0.387305 -0.000167031 
3829.13 577.024 12.2392 40 -0.0996825 0.517882 0.369 0 
2952.3 3380.27 1335 40 1.05084 0 0.0176737 0 
2952.3 3380.27 1335 40 1.05084 5.51694e-09 0.0181667 -0.144866 
2952.3 3380.27 1335 39.9963 1.13215 -0.849974 0.0165074 0.3943 
2485.84 3302.28 1379.54 39.2062 0.974993 1.2361 0.0171301 -0.00473458 
3194.95 3364.09 1318.89 39.2298 0.957816 1.42042 0.017388 -0.0908197 
3963.35 3442.68 1249.38 39.2331 0.981788 1.14769 0.0174189 -0.0885521 
4534.08 3498.35 1193.11 39.2391 1.01043 0.821223 0.0173776 -0.060753 
4886.81 3526.64 1152.7 39.2446 1.03175 0.57776 0.0173455 -0.0394257 
5078.04 3534.57 1124.13 39.2493 1.0473 0.399812 0.0173186 -0.0226433 
5151.88 3527.66 1104.2 39.2533 1.05803 0.276831 0.0172845 -0.00603396 
5144.47 3510.51 1090.25 39.2559 1.06284 0.221304 0.0172812 -0.00224791 
5096.96 3488.8 1079.01 39.2579 1.06689 0.174546 0.0172929 -0.00364006 
5016.03 3463.23 1070.04 39.2604 1.07265 0.108299 0.0172727 0.00596189 
4892.54 3432.18 1064.28 39.2626 1.07487 0.0822834 0.0172534 0.0135256 
4750.81 3399.02 1059.8 39.2638 1.07374 0.0944394 0.0172509 0.0139622 
4612.65 3366.96 1054.73 39.2644 1.07213 0.112294 0.0172531 0.0126177 
4480.79 3336.45 1048.79 39.2653 1.07082 0.126761 0.0172573 0.0108347 
4352.77 3307.22 1042.15 39.2658 1.07011 0.134453 0.0172577 0.0104593 
4224.39 3278.67 1035.13 39.2669 1.06941 0.141917 0.0172377 0.0166396 
4095.26 3250.8 1027.76 39.2669 1.06537 0.187592 0.0172513 0.0104123 
3986.11 3226.81 1018.17 39.2672 1.06355 0.208039 0.0172555 0.00825841 
3881.55 3204.58 1007.58 39.2676 1.06238 0.220949 0.017262 0.00571342 
3776.78 3183.46 996.367 39.2684 1.06224 0.222181 0.0172577 0.00715813 
3664.93 3162.49 985.094 39.2692 1.06132 0.232288 0.0172518 0.00872395 
3550.86 3142.42 973.334 39.2694 1.05937 0.254158 0.0172599 0.00526788 
3440.66 3124.21 960.51 39.2698 1.05873 0.261192 0.0172632 0.00398233 
3325.47 3106.63 947.343 39.2705 1.05859 0.262483 0.0172643 0.00368292 
3201.9 3089.19 934.114 39.2712 1.05856 0.262414 0.0172624 0.00441152 
3069.17 3071.78 920.89 39.2719 1.05816 0.26669 0.0172581 0.0056904 
2929.64 3054.77 907.459 39.2724 1.05699 0.279604 0.0172599 0.00465305 
2787.94 3038.89 893.401 39.2727 1.05609 0.289682 0.0172622 0.00357296 
2642.06 3023.88 878.854 39.2732 1.05551 0.295962 0.0172642 0.00273134 
2489.58 3009.42 864.002 39.2736 1.05523 0.298911 0.0172678 0.001552 
2328.47 2995.24 849.007 39.2742 1.05549 0.295724 0.0172695 0.00120801 
2155.26 2980.82 834.167 39.2747 1.05599 0.2898 0.0172765 -0.000675547 
1968.55 2965.93 819.613 39.2757 1.05757 0.271425 0.0172764 0.000295071 
1761.71 2949.54 805.949 39.2772 1.05901 0.25433 0.0172729 0.00236155 
1536.06 2931.79 793.116 39.2791 1.05973 0.245315 0.0172649 0.00556807 
1296.6 2913.37 780.72 39.2814 1.05894 0.253114 0.0172535 0.00921779 
1052.86 2895.74 767.946 39.2841 1.05604 0.284535 0.017238 0.0132429 
817.548 2880.93 753.645 39.2875 1.0503 0.347685 0.0172186 0.0172575 
607.019 2871.67 736.277 39.2917 1.04102 0.450437 0.0171967 0.0205445 
440.89 2871.36 713.918 39.2969 1.0277 0.598418 0.017173 0.0226216 
340.537 2883.89 684.373 39.303 1.00997 0.795844 0.01715 0.0225391 
328.133 2913.5 645.241 39.3099 0.98785 1.04238 0.0171276 0.0203226 
424.011 2964.41 594.138 39.3177 0.961371 1.33776 0.0171049 0.016289 
646.713 3040.81 528.691 39.3268 0.930379 1.68352 0.0170651 0.0111579 
1013.99 3147.04 446.452 39.3375 0.891921 2.08585 0.0170887 0.00586506 
1545.28 3290.28 343.365 39.6706 0.84228 2.56468 0.0125483 -0.000313706 
2268.19 3485.68 221.019 39.1133 0.0533244 3.14607 0.0166737 0 
2268.19 3485.68 221.019 39.1133 0.0533244 3.14607 0.0166737 0 
2262.1 3499.35 221.276 38.3188 0.470422 3.01885 -0.188388 -0.860437 
2256.18 3512.64 222.761 36.6354 0.774189 2.73817 -0.176775 -0.130138 
2250.65 3525.11 225.144 34.3049 1.03523 2.6954 -0.165163 0.297513 
2245.66 3537.46 228.303 31.4351 1.23571 2.79695 -0.153551 0.430294 
2241.35 3550.1 232.064 28.1714 1.36086 2.94554 -0.141939 0.439367 
2237.83 3563.18 236.208 24.6893 1.4 3.1 -0.0101447 0.435806 
2235.14 3576.71 240.482 21.1694 1.4 3.25617 0.213109 0.425694 
2233.31 3590.7 244.773 17.6879 1.4 3.41185 0.433926 0.40962 
2232.32 3605.14 249.08 14.2443 1.4 3.56496 0.620145 0.387801 
2232.17 3620.04 253.404 10.8424 1.3859 3.71344 -0.083873 0.359649 
2232.84 3635.36 257.702 7.62805 0.968987 3.8549 -0.072261 0.324666 
2234.32 3651.1 260.793 5.73933 0.469307 3.98657 -0.0606262 0.282589 
2236.29 3667.23 262.427 5 0.113893 4.10533 0.462547 0.250159 
2238.46 3683.7 263.023 5 0.113889 4.21435 0.462594 0.219937 
2240.64 3700.5 263.618 5 0.113887 4.31399 0.462605 0.191675 
2242.82 3717.59 264.214 5 0.113884 4.40453 0.462635 0.165659 
2245.01 3734.94 264.809 5 0.11388 4.48632 0.462657 0.142007 
2247.2 3752.53 265.405 5 0.113869 4.55981 0.462794 0.120771 
2249.39 3770.34 266 5 0.113891 4.62547 0.462319 0.101925 
2251.59 3788.34 266.596 5 0.11366 4.68386 0.466091 0.0853821 
2253.79 3806.51 267.191 5 0.114994 4.73553 0.442498 0.0710079 
2255.99 3824.83 267.789 5 0.105725 4.78105 0.343295 0.058635 
2258.2 3843.29 268.361 5 -0.0556182 4.82098 0.793553 0.0480539 
2260.42 3861.86 268.459 5 -0.0547598 4.85586 0.778001 0.0391001 
2262.64 3880.54 268.56 5 -0.0538402 4.88621 0.761922 0.0315842 
2264.86 3899.3 268.664 5 -0.0529069 4.91254 0.745726 0.0253251 
2267.08 3918.15 268.435 5 -0.0519684 4.9353 0.729485 0.0201541 
2269.31 3937.06 268.209 5 -0.0510273 4.95492 0.713221 0.0159172 
2271.52 3956.02 267.985 5 -0.0500848 4.97181 0.696945 0.0124757 
2273.74 3975.04 267.764 5 -0.0491413 4.98631 0.680662 0.00970632 
2275.96 3994.1 267.546 5 -0.0481973 4.99876 0.664373 0.00750027 
2278.18 4013.19 267.331 5 -0.0472529 5.00945 0.648081 0.00576248 
2280.39 4032.32 267.119 5.00001 -0.0463082 5.01866 0.631786 0.00441022 
2282.6 4051.47 266.909 5.00001 -0.0453632 5.02662 0.615489 0.00337194 
2284.82 4070.65 266.702 5.00001 -0.0444181 5.03358 0.599191 0.00258599 
2287.03 4089.84 266.498 5.00001 -0.0434729 5.03974 0.582892 0.00199959 
2289.24 4109.06 266.296 5.00001 -0.0425275 5.04529 0.566592 0.00156774 
2291.44 4128.29 266.098 5.00001 -0.0415821 5.05041 0.550291 0.0012524 
2293.65 4147.54 265.902 5.00001 -0.0406366 5.05528 0.533989 0.00102173 
2295.86 4166.8 265.709 5.00001 -0.039695 5.06006 0.517687 0.00084949 
2298.06 4186.07 265.518 5.00001 -0.0303686 5.06491 0.50144 0.000377619 
2300.26 4205.36 265.355 5.00001 -0.0127916 5.06796 0.485139 6.66344e-05 
2302.46 4224.66 265.244 5.00001 -0.00241356 5.06926 0.468834 -0.000114709 
2304.66 4243.96 265.163 5.00001 0.00078794 5.06883 0.452529 -0.00019492 
2306.86 4263.26 265.091 5.00001 -0.00316289 5.06668 0.436223 -0.00020065 
2309.06 4282.55 265.008 5.00001 -0.0142416 5.06279 0.419917 -0.000157647 
2311.26 4301.84 264.892 5.00001 -0.0324236 5.05712 0.403611 -9.15882e-05 
2313.46 4321.1 264.723 5.00001 -0.0576844 5.04962 0.387305 -2.95816e-05 
2315.66 4340.35 264.48 5.27204 -0.0899996 5.0402 0.369 0 
2315.66 4340.35 264.48 5.27204 -0.0899996 5.0402 0.369 0 
2323.5 4429.01 263.696 6.61713 -1.00686 5.04376 1.0769 -0.810524 
2330.11 4517.72 250.584 16.7825 -0.319989 4.44637 0.324628 -0.76572 
2325.26 4598.43 246.468 19.4948 0.140596 3.88186 -0.019809 -0.722479 
2317.25 4671.57 248.471 17.4735 0.248481 3.34911 0.0128612 -0.680033 
2311.43 4737.56 251.965 14.5085 0.163251 2.84753 0.14781 -0.638044 
2308.92 4796.82 254.38 12.5926 -0.027037 2.37682 0.32968 -0.596387 
2308.57 4849.76 254.283 12.6785 -0.0934017 1.93675 0.370262 -0.555064 
2308.14 4896.8 253.294 13.4101 -0.066497 1.52709 0.327833 -0.514168 
2306.88 4938.35 252.65 13.8283 -0.0320546 1.14752 0.2927 -0.473865 
2305.15 4974.8 252.46 13.8792 -0.0154028 0.797633 0.282439 -0.434372 
2303.34 5006.56 252.491 13.7619 -0.0130967 0.476839 0.2871 -0.395948 
2301.66 5034.02 252.556 13.6285 -0.016404 0.184363 0.295706 -0.358864 
2300.13 5057.55 252.58 13.5354 -0.0193692 -0.0807753 0.302609 -0.323351 
2298.69 5077.53 252.566 13.4766 -0.0202885 -0.319724 0.307005 -0.289684 
2297.31 5094.3 252.54 13.4297 -0.0198542 -0.533839 0.310141 -0.258079 
2295.98 5108.2 252.522 13.3807 -0.0190993 -0.724635 0.313158 -0.228686 
2294.7 5119.55 252.515 13.3264 -0.0185463 -0.893741 0.316476 -0.201568 
2293.47 5128.62 252.516 13.2693 -0.0182483 -1.04283 0.320039 -0.176787 
2292.31 5135.69 252.522 13.212 -0.0180777 -1.17363 0.323665 -0.154314 
2291.21 5141.01 252.532 13.1558 -0.017923 -1.28783 0.327241 -0.134058 
2290.16 5144.79 252.546 13.1009 -0.0177434 -1.38708 0.330736 -0.115971 
2289.17 5147.25 252.563 13.0468 -0.0175484 -1.47296 0.33416 -0.0998876 
2288.24 5148.55 252.583 12.9935 -0.0173653 -1.54697 0.337526 -0.0856102 
2287.37 5148.86 252.608 12.9409 -0.01722 -1.61044 0.340836 -0.0730109 
2286.56 5148.32 252.635 12.8895 -0.0171219 -1.66459 0.344085 -0.0619183 
2285.8 5147.05 252.665 12.8397 -0.0170484 -1.71055 0.347264 -0.0522174 
2285.09 5145.16 252.697 12.7916 -0.0169389 -1.74935 0.350364 -0.043723 
2284.44 5142.76 252.731 12.7447 -0.0167322 -1.78186 0.353371 -0.0363355 
2283.83 5139.92 252.769 12.6981 -0.0164581 -1.80892 0.356259 -0.0299549 
2283.28 5136.71 252.812 12.651 -0.0163289 -1.83126 0.359001 -0.0244566 
2282.78 5133.21 252.858 12.6051 -0.0166907 -1.84953 0.361585 -0.0197453 
2282.33 5129.46 252.899 12.5654 -0.0177033 -1.86432 0.364034 -0.0157204 
2281.92 5125.51 252.928 12.538 -0.0188426 -1.87613 0.366395 -0.0123371 
2281.54 5121.4 252.943 12.5233 -0.0187117 -1.88545 0.368687 -0.00952003 
2281.18 5117.17 252.959 12.5071 -0.0158657 -1.89267 0.37083 -0.00718215 
2280.84 5112.84 253.014 12.4621 -0.0108221 -1.89817 0.372644 -0.00527776 
2280.55 5108.44 253.137 12.3684 -0.00795027 -1.90226 0.373955 -0.00375149 
2280.35 5103.98 253.301 12.2528 -0.0144002 -1.90522 0.374795 -0.00255222 
2280.29 5099.49 253.381 12.2127 -0.0337489 -1.9073 0.375503 -0.00163232 
2280.28 5094.96 253.203 12.3731 -0.0564734 -1.90869 0.376506 -0.000951691 
2280.1 5090.42 252.716 12.7508 -0.0564428 -1.90957 0.377845 -0.00047122 
2279.5 5085.86 252.221 13.0944 -0.00573193 -1.91011 0.378938 -0.000154858 
2278.5 5081.3 252.399 12.8898 0.0900293 -1.9104 0.378981 3.20955e-05 
2277.7 5076.74 253.866 11.7258 0.158361 -1.91057 0.377609 0.000119642 
2278.18 5072.17 256.275 9.96692 0.0749397 -1.91066 0.375293 0.00013633 
2280.63 5067.6 257.603 9.21455 -0.235309 -1.91075 0.373597 0.000109247 
2284.01 5063.02 254.785 11.6952 -0.639658 -1.91085 0.373103 6.302e-05 
2284.75 5058.45 246.489 18.0859 -0.723366 -1.91097 0.372106 1.98825e-05 
2278.43 5053.88 236.934 24.7728 0.00435761 -1.91112 0.369 0 
2278.43 5053.88 236.934 24.7728 0.00435761 -1.91112 0.369 0 
2308.32 4962.78 300.041 22.5783 1.16497e-06 0.162294 0.482653 -5.82412e-17 
2338.25 4871.69 360.534 22.5028 1.36547e-07 0.17204 0.480306 -9.81181e-17 
2368.21 4780.59 418.501 22.5002 1.36307e-07 0.172086 0.477959 -4.25464e-17 
2398.22 4689.49 473.986 22.5001 1.36309e-07 0.172086 0.475612 3.97146e-17 
2428.27 4598.39 527.005 22.5001 1.3631e-07 0.172086 0.473265 5.78796e-18 
2458.36 4507.3 577.551 22.5001 1.36312e-07 0.172086 0.470918 -5.54552e-17 
2488.5 4416.2 625.605 22.5001 1.36314e-07 0.172086 0.468571 -4.02253e-17 
2518.7 4325.1 671.134 22.5001 1.36315e-07 0.172086 0.466224 -4.88871e-17 
2548.95 4234.01 714.098 22.5001 1.36316e-07 0.172086 0.463878 -2.55877e-17 
2579.25 4142.91 754.446 22.5001 1.36317e-07 0.172086 0.461531 4.90039e-17 
2609.62 4051.81 792.125 22.5001 1.36319e-07 0.172086 0.459184 -1.87678e-17 
2640.04 3960.71 827.074 22.5001 1.3632e-07 0.172086 0.456837 -1.84444e-17 
2670.53 3869.62 859.229 22.5001 1.36321e-07 0.172086 0.45449 -2.13825e-17 
2701.09 3778.52 888.526 22.5001 1.36322e-07 0.172086 0.452143 -3.39567e-17 
2731.72 3687.42 914.898 22.5001 1.36323e-07 0.172086 0.449796 -4.69425e-17 
2762.43 3596.33 938.279 22.5001 1.36324e-07 0.172086 0.447449 -3.20512e-18 
2793.2 3505.23 958.607 22.5001 1.36324e-07 0.172086 0.445102 -4.2974e-17 
2824.06 3414.13 975.822 22.5001 1.36325e-07 0.172086 0.442755 1.49435e-17 
2854.99 3323.03 989.871 22.5001 1.36326e-07 0.172086 0.440408 -5.50707e-17 
2886.01 3231.94 1000.71 22.5001 1.36327e-07 0.172086 0.438061 3.13913e-17 
2917.12 3140.84 1008.29 22.5001 1.36328e-07 0.172086 0.435714 -1.97395e-17 
2948.31 3049.74 1012.6 22.5001 1.36329e-07 0.172086 0.433367 -2.07497e-17 
2979.6 2958.65 1013.62 22.5001 1.3633e-07 0.172086 0.43102 4.09634e-17 
3010.98 2867.55 1011.34 22.5001 1.3633e-07 0.172086 0.428673 -2.45947e-17 
3042.46 2776.45 1005.78 22.5001 1.36331e-07 0.172086 0.426327 1.7229e-17 
3074.03 2685.35 996.948 22.5001 1.36332e-07 0.172086 0.42398 8.34794e-18 
3105.71 2594.26 984.879 22.5001 1.36333e-07 0.172086 0.421633 -6.28414e-18 
3137.5 2503.16 969.614 22.5001 1.36334e-07 0.172086 0.419286 1.87345e-17 
3169.39 2412.06 951.203 22.5001 1.36335e-07 0.172086 0.416939 -1.52452e-17 
3201.39 2320.97 929.701 22.5001 1.36336e-07 0.172086 0.414592 1.36707e-19 
3233.5 2229.87 905.17 22.5001 1.36337e-07 0.172086 0.412245 2.21383e-17 
3265.73 2138.77 877.672 22.5001 1.36338e-07 0.172086 0.409898 3.31012e-18 
3298.07 2047.67 847.275 22.5001 1.36339e-07 0.172086 0.407551 2.24265e-17 
3330.54 1956.58 814.044 22.5001 1.3634e-07 0.172086 0.405204 2.53078e-17 
3363.13 1865.48 778.045 22.5001 1.36341e-07 0.172086 0.402857 -1.94087e-17 
3395.85 1774.38 739.339 22.5001 1.36342e-07 0.172086 0.40051 1.82424e-17 
3428.69 1683.29 697.985 22.5001 1.36343e-07 0.172086 0.398163 6.66862e-19 
3461.67 1592.19 654.036 22.5001 1.36345e-07 0.172086 0.395816 1.25397e-17 
3494.78 1501.09 607.537 22.5001 1.36346e-07 0.172086 0.393469 1.04183e-17 
3528.02 1409.99 558.527 22.5001 1.36348e-07 0.172086 0.391122 -5.989e-18 
3561.41 1318.9 507.035 22.5001 1.3635e-07 0.172086 0.388776 5.86393e-18 
3594.93 1227.8 453.074 22.5001 1.36352e-07 0.172086 0.386429 -9.34317e-18 
3628.6 1136.7 396.644 22.5001 1.36355e-07 0.172086 0.384082 4.97929e-19 
3662.42 1045.61 337.719 22.5001 1.36358e-07 0.172086 0.381735 -2.14731e-18 
3696.39 954.509 276.24 22.5001 1.36361e-07 0.172086 0.379388 -3.61361e-18 
3730.51 863.411 212.096 22.5001 1.36366e-07 0.172086 0.377041 -9.34e-19 
3764.78 772.314 145.076 22.5001 1.36373e-07 0.172082 0.374694 -5.33555e-19 
3799.21 681.217 74.7545 22.5001 1.36355e-07 0.171281 0.372347 1.00906e-18 
3833.8 590.12 0.00216301 22.5 3.21726e-11 0.000810144 0.369 0 
