grtopM_22_5
50
2 2
4 4 
0 1 2 4 
0 1 2 4 
0.0291585 48.5734 219.829 
134898 53.3454 254.936 
0.000595072 0.991295 4.48631 
2753.02 1.08868 5.20277 
1567.01 0 3.58551 
2.17518e-06 1.45372e-06 2.69266 
3137.48 3157.21 1792.91 25.0635 0.634207 0 0.0842131 0 
1570.47 1590.2 225.902 5.05601 0.000428865 -8.52292e-05 0.00455677 -2.6722e-16 
3.44014 23.1895 0.0568815 5.05603 4.53e-11 -3.83433e-11 0.0047491 -2.98747e-16 
5.97912e-08 7.92267e-08 0.0568815 5.05603 3.63004e-11 -9.12263e-12 0.00495658 -3.20751e-16 
5.97854e-08 7.92063e-08 0.0568815 5.05603 2.92162e-11 9.20349e-12 0.0051808 -3.36885e-16 
5.97854e-08 7.92063e-08 0.0568815 5.05603 2.43369e-11 2.01346e-11 0.00542353 -3.45607e-16 
5.97854e-08 7.92063e-08 0.0568815 5.05603 2.12628e-11 2.64151e-11 0.00568674 -3.50929e-16 
5.97854e-08 7.92063e-08 0.0568815 5.05603 1.944e-11 2.99239e-11 0.00597267 -3.53666e-16 
5.97854e-08 7.92063e-08 0.0568815 5.05603 1.84044e-11 3.18433e-11 0.00628384 -3.56465e-16 
5.97854e-08 7.92063e-08 0.0568815 5.05603 1.78339e-11 3.28763e-11 0.00662309 -3.5681e-16 
5.97854e-08 7.92063e-08 0.0568815 5.05603 1.75269e-11 3.34251e-11 0.00699363 -3.55881e-16 
5.97854e-08 7.92063e-08 0.0568815 5.05603 1.73646e-11 3.37136e-11 0.00739905 -3.39855e-16 
5.97854e-08 7.92063e-08 0.0568815 5.05603 1.728e-11 3.3864e-11 0.00784345 -3.62834e-16 
5.97854e-08 7.92063e-08 0.0568815 5.05603 1.72364e-11 3.39418e-11 0.0083314 -3.63065e-16 
5.97854e-08 7.92063e-08 0.0568815 5.05603 1.72141e-11 3.39819e-11 0.00886809 -3.97744e-16 
5.97854e-08 7.92063e-08 0.0568815 5.05603 1.72028e-11 3.40023e-11 0.00945932 -3.39747e-16 
5.97854e-08 7.92063e-08 0.0568815 5.05603 1.71971e-11 3.40128e-11 0.0101116 -3.60069e-16 
5.97854e-08 7.92063e-08 0.0568815 5.05603 1.71942e-11 3.4018e-11 0.0108321 -3.3377e-16 
5.97854e-08 7.92063e-08 0.0568815 5.05603 1.71928e-11 3.40207e-11 0.011629 -3.53011e-16 
5.97854e-08 7.92063e-08 0.0568815 5.05603 1.71921e-11 3.4022e-11 0.012511 -2.80031e-13 
5.97854e-08 7.92063e-08 0.0568815 5.05603 1.71917e-11 3.40227e-11 0.013488 -3.74414e-16 
5.97854e-08 7.92063e-08 0.0568815 5.05603 1.71915e-11 3.4023e-11 0.0145706 8.47097e-16 
5.97854e-08 7.92063e-08 0.0568815 5.05603 1.71915e-11 3.40232e-11 0.0157705 -1.60133e-15 
5.97854e-08 7.92063e-08 0.0568815 5.05603 1.71914e-11 3.40233e-11 0.0171002 9.33827e-16 
5.97854e-08 7.92063e-08 0.0568815 5.05603 1.71914e-11 3.40233e-11 0.0185744 -3.51308e-16 
5.97854e-08 7.92063e-08 0.0568815 5.05603 1.71914e-11 3.40233e-11 0.0202101 1.04447e-15 
5.97854e-08 7.92063e-08 0.0568815 5.05603 1.71913e-11 3.40233e-11 0.0220295 -3.54159e-16 
5.97854e-08 7.92063e-08 0.0568815 5.05603 1.71913e-11 3.40233e-11 0.0240645 -3.54246e-16 
5.97854e-08 7.92063e-08 0.0568815 5.05603 1.71912e-11 3.40234e-11 0.0263636 -3.56046e-16 
5.97854e-08 7.92063e-08 0.0568815 5.05603 1.7191e-11 3.40234e-11 0.0289968 -3.45254e-16 
5.97854e-08 7.92063e-08 0.0568815 5.05603 1.71905e-11 3.40234e-11 0.0320427 -4.35611e-16 
5.97854e-08 7.92063e-08 0.0568815 5.05603 1.71897e-11 3.40235e-11 0.0355382 -3.1653e-16 
5.97854e-08 7.92063e-08 0.0568815 5.05603 1.71879e-11 3.40236e-11 0.039407 -3.97983e-16 
5.97854e-08 7.92063e-08 0.0568815 5.05603 1.71845e-11 3.40239e-11 0.0434899 -3.56641e-16 
5.97854e-08 7.92063e-08 0.0568815 5.05603 1.71777e-11 3.40244e-11 0.0477393 5.4911e-13 
5.97854e-08 7.92063e-08 0.0568815 5.05603 1.71644e-11 3.40255e-11 0.0526553 -4.02194e-16 
5.97854e-08 7.92063e-08 0.0568815 5.05603 1.71387e-11 3.40276e-11 0.0582278 2.57615e-15 
5.97854e-08 7.92063e-08 0.0568815 5.05603 1.70899e-11 3.40318e-11 0.063785 -2.85609e-16 
5.97854e-08 7.92063e-08 0.0568815 5.05603 1.69984e-11 3.40399e-11 0.0693202 -3.41487e-16 
5.97854e-08 7.92063e-08 0.0568815 5.05603 1.68293e-11 3.40555e-11 0.0748205 -3.22277e-16 
5.97854e-08 7.92063e-08 0.0568815 5.05603 1.65249e-11 3.40851e-11 0.0802605 -2.56627e-16 
5.97854e-08 7.92063e-08 0.0568815 5.05603 1.59964e-11 3.41405e-11 0.0855957 -2.38801e-16 
5.97854e-08 7.92063e-08 0.0568815 5.05603 1.5127e-11 3.42428e-11 0.0907656 -3.93787e-16 
5.97854e-08 7.92063e-08 0.0568815 5.05603 1.38117e-11 3.44279e-11 0.0957184 -2.88275e-16 
5.97854e-08 7.92063e-08 0.0568815 5.05603 1.20864e-11 3.47547e-11 0.100386 -2.6152e-16 
5.97854e-08 7.92063e-08 0.0568815 5.05603 1.03964e-11 3.5312e-11 0.1043 -1.99047e-16 
5.97854e-08 4.37446e-07 0.0568815 5.05603 5.17956e-12 3.62137e-11 0.105659 -1.13897e-15 
5.97855e-08 1214.92 0.0568815 5.05612 -0.0017463 3.75646e-11 0.100646 -2.3725e-17 
9.5202e-07 2781.93 0.0568816 5.0562 -0.0036956 4.17391e-11 0.0924084 2.27353e-16 
1156.07 4348.93 208.77 5.05603 1.72221e-12 8.54074e-17 0.0832131 0 
1156.07 4348.93 208.77 5.05603 1.72221e-12 8.54074e-17 0.0832131 0 
1163.44 4368.34 209.165 5.62279 -1.4 0.000777876 1.15369 -1.02859 
1170.6 4387.77 192.231 18.7339 -0.735555 -0.701642 0.560314 -1.00718 
1164.18 4398.51 183.257 24.8595 0.359259 -1.38979 -0.165163 -0.985776 
1151.19 4400.75 187.702 20.5849 0.815616 -2.06366 -0.153551 -0.964367 
1142.42 4394.65 197.877 12.3541 0.785898 -2.72324 -0.0321096 -0.942959 
1142.06 4380.39 207.848 5 0.0165259 -3.3685 0.844716 -0.921551 
1149.43 4358.14 208.448 5 0.0165256 -3.99944 0.844716 -0.900143 
1156.8 4328.08 209.048 5 0.0165253 -4.61605 0.844716 -0.878735 
1164.18 4290.4 209.648 5 0.016525 -5.21834 0.844716 -0.857327 
1171.57 4245.27 210.248 5 0.0165246 -5.80628 0.844716 -0.689826 
1178.97 4192.86 210.848 5 0.0165244 -6.28 0.844717 0.00341613 
1186.38 4134.6 211.448 5 0.0165244 -6.28 0.844717 0.00341613 
1193.8 4076.34 212.048 5 0.0165244 -6.28 0.844717 0.00341613 
1201.24 4018.07 212.648 5 0.0165244 -6.28 0.844717 0.00341613 
1208.7 3959.81 213.248 5 0.0165244 -6.28 0.844716 0.00341613 
1216.17 3901.55 213.849 5 0.0165244 -6.28 0.844717 0.00341613 
1223.65 3843.28 214.449 5 0.0165253 -6.28 0.844701 0.00341613 
1231.15 3785.02 215.049 5 0.0164959 -6.28 0.845208 0.290237 
1238.66 3726.76 215.648 5 0.0174049 -6.08391 0.829541 0.643245 
1246.19 3670.92 216.259 5 -0.0106436 -5.64637 0.843755 0.621837 
1253.75 3620.49 216.523 5.25619 -0.0120231 -5.22326 0.827571 0.600429 
1261.06 3575.3 216.765 5.51354 -0.0132622 -4.81457 0.811265 0.57902 
1268.13 3535.16 216.987 5.77072 -0.0144517 -4.42031 0.794959 0.557612 
1274.96 3499.9 217.188 6.02727 -0.0156133 -4.0405 0.778653 0.536204 
1281.53 3469.34 217.37 6.28297 -0.0168213 -3.67513 0.762347 0.514796 
1287.87 3443.3 217.533 6.53834 -0.0181739 -3.32422 0.746041 0.493388 
1293.96 3421.59 217.673 6.79475 -0.0197086 -2.98777 0.729735 0.47198 
1299.8 3404.05 217.789 7.05385 -0.0212997 -2.66579 0.713429 0.450571 
1305.39 3390.5 217.881 7.31593 -0.0226327 -2.35829 0.697122 0.429163 
1310.72 3380.74 217.951 7.57834 -0.0233604 -2.06527 0.680816 0.407755 
1315.81 3374.61 218.006 7.83536 -0.0234539 -1.78674 0.66451 0.386347 
1320.64 3371.93 218.056 8.08144 -0.023555 -1.52272 0.648204 0.364939 
1325.23 3372.51 218.099 8.31754 -0.0249446 -1.27319 0.631898 0.343531 
1329.59 3376.18 218.12 8.55659 -0.0287731 -1.03818 0.615592 0.322122 
1333.72 3382.75 218.089 8.8213 -0.0346594 -0.817688 0.599286 0.300714 
1337.58 3392.05 217.981 9.12897 -0.0395664 -0.611723 0.58298 0.279306 
1341.15 3403.9 217.805 9.46692 -0.0384746 -0.420292 0.566673 0.257898 
1344.37 3418.12 217.636 9.77627 -0.0279236 -0.243402 0.550367 0.23649 
1347.29 3434.53 217.592 9.97029 -0.0114036 -0.0810618 0.534061 0.215082 
1350.01 3452.94 217.748 10.0021 -0.00251412 0.0667227 0.517755 0.193673 
1352.7 3473.18 218.013 9.95663 -0.0201487 0.199944 0.501449 0.172265 
1355.44 3495.08 218.062 10.0897 -0.0729798 0.318595 0.485143 0.150857 
1358.08 3518.43 217.454 10.718 -0.139576 0.42267 0.468837 0.129449 
1360.09 3543.08 216.01 11.9313 -0.161697 0.512162 0.452531 0.108041 
1360.86 3568.83 214.268 13.2639 -0.0714503 0.587062 0.436224 0.0866327 
1360.26 3595.51 213.616 13.6488 0.143501 0.647361 0.419918 0.0652245 
1359.2 3622.94 215.615 11.9887 0.370285 0.69305 0.403612 0.0438163 
1359.78 3650.93 220.452 8.33729 0.369123 0.72412 0.387306 0.0224079 
1364.1 3679.3 225.347 5 -0.09 0.740569 0.369 0 
1364.1 3679.3 225.347 5 -0.09 0.740569 0.369 0 
1401.42 3805.03 225.685 7.12676 -0.474839 -2.83975 1.15369 -0.261841 
1429.51 3730.35 204.29 22.9284 0.427387 -6.28 -0.176776 0.0014459 
1383.15 3463.14 231.982 5 0.125545 -6.28 0.416731 0.00373465 
1420.66 3195.87 244.386 5 0.125545 -6.28 0.41673 0.00285747 
1459.56 2928.61 256.79 5 0.125535 -6.28 0.416904 0.0115957 
1499.85 2661.34 269.193 5 0.12698 -6.28 0.391996 0.0207405 
1541.53 2394.07 281.677 5 -0.0799154 -6.28 1.05586 0.0074028 
1584.84 2126.8 280.23 5 -0.0789694 -6.28 1.03955 0.0102605 
1627.99 1859.53 274.015 5 -0.0780234 -6.28 1.02324 0.0178264 
1670.44 1592.27 267.852 5 -0.0770773 -6.28 1.00694 0.0122305 
1712.2 1325 261.743 5 -0.0761313 -6.28 0.990633 0.0164016 
1753.27 1057.73 255.686 5 -0.0751853 -6.28 0.974327 0.0358242 
1793.66 790.462 249.683 5 -0.0742392 -6.28 0.95802 0.13827 
1833.37 523.194 243.732 5 -0.0732932 -6.28 0.941714 0.187875 
1872.42 255.926 237.835 5 -0.0723471 -6.10211 0.925408 0.461741 
1910.82 -1.38361 231.99 5 -0.0713986 -1.50759 0.909102 2.09155e-05 
1948.76 -1.50219 226.198 5 -0.0704526 -1.50615 0.892796 -7.86042e-06 
1986.05 -1.54004 220.46 5 -0.0695066 -1.50583 0.87649 0.000320318 
2022.7 -1.56036 214.774 5 -0.0685605 -1.50595 0.860184 -4.86151e-05 
2058.7 -1.58702 209.141 5 -0.0676145 -1.50597 0.843878 3.52579e-05 
2094.08 -1.61494 203.562 5 -0.0666685 -1.50596 0.827571 -3.49876e-06 
2128.83 -1.64223 198.035 5 -0.0657224 -1.50594 0.811265 -1.30119e-05 
2162.95 -1.66868 192.561 5 -0.0647764 -1.50597 0.794959 2.26679e-05 
2196.47 -1.69649 187.14 5 -0.0638304 -1.50591 0.778653 6.31595e-05 
2229.37 -1.72103 181.772 5 -0.0628843 -1.50592 0.762347 7.58663e-06 
2261.67 -1.74633 176.457 5 -0.0619383 -1.5059 0.746041 6.52392e-06 
2293.37 -1.77028 171.195 5 -0.0609923 -1.50598 0.729735 1.10583e-06 
2324.48 -1.79882 165.986 5 -0.0600462 -1.50584 0.713429 -3.8476e-06 
2355.01 -1.81956 160.83 5 -0.0591002 -1.50588 0.697122 -6.55884e-06 
2384.96 -1.84257 155.727 5 -0.0581541 -1.50586 0.680816 -4.69404e-06 
2414.33 -1.86468 150.677 5 -0.0572081 -1.50606 0.66451 2.4745e-06 
2443.14 -1.89767 145.679 5 -0.0562621 -1.5057 0.648204 -8.64787e-06 
2471.38 -1.91069 140.735 5 -0.055316 -1.50589 0.631898 4.2322e-07 
2499.07 -1.93434 135.844 5 -0.05437 -1.50583 0.615592 -2.23122e-06 
2526.21 -1.95452 131.005 5 -0.053424 -1.50583 0.599286 -1.92088e-06 
2552.8 -1.97446 126.22 5 -0.0524779 -1.50586 0.58298 -1.82214e-06 
2578.86 -1.99639 121.488 5 -0.0515319 -1.50582 0.566673 -2.04457e-06 
2604.39 -2.01575 116.808 5 -0.0505859 -1.50581 0.550367 -3.47923e-06 
2629.39 -2.03464 112.182 5 -0.0496398 -1.50601 0.534061 -0.00478781 
2653.87 -2.06502 107.608 5 -0.0486941 -2.15301 0.517755 -0.000324567 
2677.8 -38.3132 103.087 5 -0.0477479 -1.7469 0.501449 0.172265 
2701.25 -51.8282 98.6198 5 -0.0467997 2.37121 0.485143 0.132919 
2724.38 165.18 94.2052 5 -0.0458516 6.28 0.468837 -0.00361076 
2747.19 600.994 89.8436 5 -0.0449056 6.28 0.452531 -0.000189891 
2769.5 1036.81 85.5351 5 -0.0439596 6.28 0.436224 -2.70886e-05 
2791.34 1472.62 81.2795 5 -0.0430135 6.28 0.419918 -1.77324e-05 
2812.69 1908.44 77.0768 5 -0.0420675 6.28 0.403612 -6.03617e-05 
2833.57 2344.25 72.9272 5 -0.862945 6.28 0.387306 0.0106277 
2854.91 2780.06 22.8265 40 -1.23455 3.03109 0.369 0 
3137.48 3157.21 1792.91 25.0635 0.634207 0 0.0842131 0 
3137.48 3157.21 1792.91 25.0635 0.634209 1.99393e-06 0.0842131 -3.00595e-05 
3137.59 3157.13 1793.03 25.0137 0.636254 -0.0326084 0.0844974 0.000195424 
1333.68 2963.04 1825.64 24.9186 0.638042 -0.0392553 0.0850411 0.000403426 
1404.25 2484.91 1802.43 25.0211 0.635328 -0.0114474 0.0844555 0.000118081 
1422.89 2344.99 1795.53 25.0518 0.634516 -0.0031545 0.08428 3.25715e-05 
1427.99 2306.4 1793.62 25.0603 0.634291 -0.00085673 0.0842313 8.87245e-06 
1429.4 2295.89 1793.1 25.0627 0.634229 -0.000222955 0.0842179 2.33776e-06 
1429.79 2293.12 1792.95 25.0633 0.634212 -4.73979e-05 0.0842142 5.29863e-07 
1429.89 2292.49 1792.91 25.0635 0.634207 2.05292e-06 0.0842132 2.3025e-08 
1429.92 2292.46 1792.9 25.0635 0.634206 1.68692e-05 0.0842129 -1.26151e-07 
1429.93 2292.61 1792.89 25.0636 0.634205 2.22995e-05 0.0842128 -1.78129e-07 
1429.93 2292.82 1792.89 25.0636 0.634205 2.52836e-05 0.0842127 -2.04377e-07 
1429.93 2293.06 1792.89 25.0636 0.634205 2.77787e-05 0.0842127 -2.25063e-07 
1429.93 2293.33 1792.89 25.0636 0.634204 3.03303e-05 0.0842126 -2.45706e-07 
1429.93 2293.62 1792.88 25.0636 0.634204 3.31288e-05 0.0842126 -2.68151e-07 
1429.93 2293.93 1792.88 25.0636 0.634204 3.62698e-05 0.0842125 -2.9331e-07 
1429.93 2294.28 1792.88 25.0636 0.634204 3.98077e-05 0.0842125 -3.21563e-07 
1429.93 2294.66 1792.87 25.0636 0.634203 4.38241e-05 0.0842124 -3.53527e-07 
1429.93 2295.08 1792.87 25.0636 0.634203 4.8424e-05 0.0842123 -3.89688e-07 
1429.93 2295.54 1792.87 25.0636 0.634203 5.38638e-05 0.0842123 -4.32666e-07 
1429.93 2296.05 1792.86 25.0637 0.634202 6.02036e-05 0.0842121 -4.89952e-07 
1429.93 2296.63 1792.86 25.0637 0.634202 6.49325e-05 0.0842121 -5.14336e-07 
1429.93 2297.24 1792.85 25.0637 0.634201 7.52923e-05 0.0842119 -6.0471e-07 
1429.93 2297.96 1792.84 25.0637 0.6342 8.4186e-05 0.0842118 -6.73022e-07 
1429.93 2298.75 1792.83 25.0638 0.634199 9.5305e-05 0.0842116 -7.6054e-07 
1429.93 2299.65 1792.82 25.0638 0.634198 0.000108406 0.0842114 -8.63013e-07 
1429.93 2300.67 1792.81 25.0638 0.634197 0.000124082 0.0842112 -9.85241e-07 
1429.92 2301.84 1792.79 25.0639 0.634195 0.000142984 0.0842109 -1.13221e-06 
1429.92 2303.18 1792.78 25.0639 0.634193 0.000165931 0.0842105 -1.30978e-06 
1429.92 2304.72 1792.75 25.064 0.634191 0.000194103 0.0842101 -1.5268e-06 
1429.92 2306.53 1792.72 25.0641 0.634188 0.000229058 0.0842096 -1.79454e-06 
1429.91 2308.65 1792.69 25.0642 0.634185 0.000272995 0.0842089 -2.12893e-06 
1429.91 2311.17 1792.64 25.0644 0.63418 0.000329029 0.0842081 -2.55226e-06 
1429.9 2314.19 1792.59 25.0646 0.634175 0.000401658 0.0842071 -3.09594e-06 
1429.9 2317.85 1792.51 25.0648 0.634167 0.000497663 0.0842057 -3.80673e-06 
1429.89 2322.35 1792.4 25.0651 0.634157 0.000627504 0.0842039 -4.75447e-06 
1429.87 2327.97 1792.26 25.0655 0.634143 0.000808143 0.0842014 -6.04846e-06 
1429.86 2335.13 1792.05 25.0662 0.634123 0.00106858 0.0841979 -7.86554e-06 
1429.83 2344.43 1791.73 25.067 0.634094 0.00146208 0.084193 -1.05078e-05 
1429.78 2356.86 1791.22 25.0683 0.634049 0.00209493 0.0841855 -1.45296e-05 
1429.71 2374.04 1790.33 25.0704 0.633974 0.00319703 0.0841737 -2.10145e-05 
1429.56 2398.89 1788.62 25.0739 0.633836 0.00530873 0.0841535 -3.23892e-05 
1429.27 2437.18 1785.03 25.0808 0.633557 0.00974528 0.0841145 -5.48467e-05 
1428.63 2502.03 1777.06 25.0964 0.632929 0.0196061 0.0840253 -0.000105828 
1427.21 2627.16 1759.64 25.1342 0.631498 0.0411408 0.0838091 -0.000226272 
1424.24 2894.67 1724.4 25.1988 0.628803 0.0847065 0.0834397 -0.000440841 
1417.21 3415.66 1644.7 25.2002 0.625068 0.183059 0.0834303 -0.000575838 
1391.63 4092.52 1359.74 24.9457 0.616085 0.532148 0.0848196 -0.0021328 
1156.37 4572.14 160.272 22.6165 3.61842e-05 0.156837 0.0832131 0 
1156.37 4572.14 160.272 22.6165 3.61842e-05 0.156837 0.0832131 0 
1145.35 4595.61 160.323 21.6841 0.722273 0.157777 -0.17553 -0.581175 
1135.15 4619.08 170.206 13.5252 0.787991 -0.27767 -0.103293 -0.527752 
1134.08 4636.64 181.159 5.36609 -0.0507091 -0.673243 0.788946 -0.4745 
1142.41 4648.82 180.897 6.062 -0.115673 -1.02903 0.815307 -0.422184 
1149.99 4656.16 179.737 7.35189 -0.0365606 -1.34573 0.716357 -0.371652 
1156.1 4659.2 179.624 7.76931 0.00651527 -1.62466 0.669244 -0.323746 
1161.75 4658.45 180.086 7.73285 0.00703005 -1.86777 0.668253 -0.279198 
1167.45 4654.41 180.557 7.69488 0.000833424 -2.07757 0.67229 -0.238554 
1173.2 4647.51 180.944 7.7219 -0.00195907 -2.25696 0.671582 -0.202122 
1178.93 4638.17 181.293 7.77581 -0.00266696 -2.4091 0.668307 -0.169974 
1184.6 4626.77 181.631 7.83423 -0.00306899 -2.53718 0.664486 -0.14198 
1190.23 4613.63 181.962 7.89392 -0.00370052 -2.64431 0.660599 -0.117864 
1195.79 4599.03 182.283 7.95718 -0.00452651 -2.73339 0.656532 -0.097267 
1201.3 4583.22 182.592 8.02582 -0.00545019 -2.80706 0.652142 -0.0797852 
1206.74 4566.41 182.886 8.10056 -0.00643344 -2.86764 0.647366 -0.0650291 
1212.1 4548.78 183.166 8.18171 -0.00747338 -2.91717 0.642181 -0.0526146 
1217.38 4530.48 183.43 8.26953 -0.00857251 -2.95741 0.636575 -0.0421918 
1222.58 4511.63 183.677 8.3643 -0.00972811 -2.98984 0.630531 -0.0334593 
1227.68 4492.34 183.906 8.46625 -0.0109324 -3.01574 0.624036 -0.0261579 
1232.67 4472.7 184.116 8.57551 -0.0121749 -3.03617 0.617083 -0.020062 
1237.55 4452.78 184.308 8.69211 -0.013444 -3.05203 0.609671 -0.0149927 
1242.31 4432.64 184.479 8.81595 -0.0147272 -3.06409 0.601806 -0.0107846 
1246.94 4412.34 184.631 8.9468 -0.0160103 -3.073 0.593505 -0.00731003 
1251.43 4391.92 184.762 9.08431 -0.0172762 -3.07931 0.58479 -0.00445772 
1255.78 4371.42 184.873 9.22795 -0.0185088 -3.08348 0.57569 -0.00213685 
1259.97 4350.85 184.964 9.37708 -0.0197003 -3.08591 0.566238 -0.000268393 
1264 4330.26 185.035 9.53098 -0.0208596 -3.08694 0.556473 0.00120929 
1267.87 4309.65 185.088 9.6891 -0.022006 -3.08685 0.546442 0.00235239 
1271.57 4289.04 185.121 9.85108 -0.0231386 -3.08591 0.536198 0.00320545 
1275.09 4268.45 185.136 10.0166 -0.0241931 -3.08433 0.525796 0.0038091 
1278.43 4247.88 185.133 10.1845 -0.0250382 -3.0823 0.515288 0.00420116 
1281.59 4227.33 185.114 10.3527 -0.0255743 -3.07996 0.50471 0.00440994 
1284.57 4206.82 185.085 10.5178 -0.0259253 -3.07747 0.494092 0.00446446 
1287.37 4186.34 185.047 10.6783 -0.026563 -3.07494 0.483473 0.00438895 
1289.99 4165.89 184.997 10.8376 -0.0280792 -3.07247 0.472929 0.00420722 
1292.44 4145.48 184.923 11.0048 -0.0304686 -3.07013 0.462577 0.00394011 
1294.7 4125.1 184.813 11.188 -0.032313 -3.06798 0.452531 0.00360674 
1296.76 4104.75 184.674 11.3802 -0.0309255 -3.06609 0.44284 0.00322638 
1298.61 4084.43 184.549 11.5467 -0.0244998 -3.06448 0.433445 0.00281682 
1300.27 4064.13 184.509 11.6378 -0.0158001 -3.06318 0.424253 0.00239397 
1301.83 4043.84 184.584 11.6364 -0.0141705 -3.0622 0.415279 0.00197262 
1303.39 4023.57 184.682 11.6237 -0.0309528 -3.06153 0.40677 0.00156651 
1304.97 4003.31 184.551 11.7906 -0.0663683 -3.06116 0.399126 0.00118806 
1306.38 3983.06 183.937 12.3134 -0.0952428 -3.06108 0.392556 0.000848144 
1307.21 3962.8 182.918 13.0922 -0.0697139 -3.06126 0.386835 0.000556201 
1307.16 3942.54 182.229 13.5417 0.0440226 -3.06165 0.381596 0.000320091 
1306.57 3922.28 183.076 12.7791 0.20315 -3.06222 0.376806 0.000146013 
1306.79 3902.01 186.101 10.4423 0.251873 -3.06293 0.372832 3.84358e-05 
1309.62 3881.73 189.838 7.81125 -0.00895497 -3.06372 0.369 0 
1309.62 3881.73 189.838 7.81125 -0.00895497 -3.06372 0.369 0 
1336.51 3782.05 193.733 6.55096 -0.19804 -5.61568 1.06487 1.02089 
1370.57 3516.7 185.485 13.1686 0.214156 0.701993 0.0228099 0.898684 
1368.93 3661.51 203.307 5 -0.0540192 6.24582 1.12106 -0.00374486 
1412.73 4166.17 200.682 5 -0.0530753 6.24506 1.10477 -0.00413416 
1456.19 4670.78 196.62 5 -0.0521295 6.24158 1.08847 -0.00419409 
1499.12 5175.17 192.62 5 -0.0511835 6.23732 1.07216 -0.00429254 
1541.52 5679.28 188.681 5 -0.0502375 6.232 1.05586 -0.00445517 
1583.42 6183.04 184.804 5 -0.0492915 6.22519 1.03955 -0.00472449 
1624.81 6686.37 180.988 5 -0.0483455 6.21612 1.02324 -0.00518355 
1665.7 7189.1 177.234 5 -0.0473994 6.20349 1.00694 -0.00601714 
1706.1 7691.01 173.541 5 -0.0464534 6.18468 0.990632 -0.00771243 
1746.01 8191.71 169.909 5 -0.0455074 6.15365 0.974326 -0.011863 
1785.45 8690.39 166.339 5 -0.0445614 6.09306 0.95802 -0.0452548 
1824.43 9185.13 162.83 5 -0.0436155 5.79697 0.941714 -0.4575 
1862.93 9660.65 159.382 5 -0.0426712 2.53251 0.925408 -0.494162 
1900.81 9924.26 155.996 5 -0.0417271 -1.07474 0.909102 -0.0674751 
1938.06 9953.69 152.671 5 -0.0407813 -1.59092 0.892796 0.00598601 
1974.86 9949.61 149.408 5 -0.0398353 -1.54438 0.87649 0.00207823 
2011.23 9948.55 146.206 5 -0.0388892 -1.52803 0.860183 -2.12584e-05 
2047.18 9948.55 143.065 5 -0.0379432 -1.52881 0.843877 -0.000540835 
2082.72 9948.51 139.986 5 -0.0369971 -1.53417 0.827571 0.00224629 
2117.86 9948.11 136.968 5 -0.0360511 -1.51318 0.811265 -0.00060905 
2152.61 9949.08 134.012 5 -0.0351051 -1.54072 0.794959 -0.00791229 
2186.97 9948.26 131.117 5 -0.0341591 -1.67543 0.778653 -0.240584 
2220.95 9938.69 128.284 5 -0.0332143 -4.01816 0.762347 -0.170314 
2254.44 9777.04 125.511 5 -0.0322692 -5.83212 0.746041 -0.0203558 
2287.47 9497.63 122.8 5 -0.0313233 -6.08527 0.729735 -0.00423028 
2320.13 9201.79 120.151 5 -0.0303773 -6.15051 0.713428 -0.00151094 
2352.44 8901.71 117.563 5 -0.0294313 -6.18285 0.697122 -0.000511552 
2384.42 8599.54 115.036 5 -0.0284853 -6.20228 0.680816 -5.90095e-05 
2416.06 8296.1 112.571 5 -0.0275393 -6.21524 0.66451 0.000163769 
2447.38 7991.82 110.167 5 -0.0265932 -6.2245 0.648204 0.000274212 
2478.39 7686.94 107.825 5 -0.0256472 -6.23145 0.631898 0.000323909 
2509.09 7381.61 105.544 5 -0.0247012 -6.23686 0.615592 0.000338474 
2539.49 7075.93 103.324 5 -0.0237551 -6.24119 0.599286 0.000331856 
2569.61 6769.96 101.166 5 -0.0228091 -6.24473 0.582979 0.000312272 
2599.44 6463.77 99.0695 5 -0.0270214 -6.24768 0.566673 0.000316274 
2629 6157.38 96.6993 5.25477 -0.0283013 -6.24911 0.550367 0.000225836 
2656.93 5850.91 94.2195 5.5117 -0.0295561 -6.2523 0.534061 0.0002171 
2683.2 5544.22 91.6316 5.76863 -0.0308112 -6.25422 0.517755 0.000184317 
2707.8 5237.42 88.9354 6.02559 -0.0320626 -6.25582 0.501449 0.000150205 
2730.72 4930.51 86.1312 6.28238 -0.0333008 -6.25724 0.485143 0.000118276 
2751.94 4623.51 83.22 6.53841 -0.0346296 -6.25851 0.468837 8.90875e-05 
2771.44 4316.43 80.1958 6.79848 -0.0365064 -6.25965 0.452531 6.32545e-05 
2789.21 4009.27 77.0227 7.08795 -0.0364027 -6.26067 0.436224 4.13327e-05 
2805.05 3702.05 73.8263 7.29657 -0.0163922 -6.26159 0.419918 2.36843e-05 
2819.37 3394.78 71.9072 6.47535 -0.0277217 -6.26243 0.403612 1.11302e-05 
2837.73 3087.44 69.338 6.60782 -0.701326 -6.26304 0.387306 0.0005241 
2855.94 2780.06 23.0264 40 -1.4 -4.80064 0.369 0 
