grtopS_81_2
50
2 2
10 10 
0 5 6 4 7 8 3 1 2 9 
0 5 6 4 7 8 3 1 2 9 
1991.46 38.4829 35.0875 136.854 37.2032 69.5134 65.0844 74.2524 118.716 
109951 54.5406 58.2776 86.3898 23.6769 0 0 40.8456 0 
40.6421 0.785365 0.716071 2.79293 0.759249 1.41864 1.32825 1.51536 2.42277 
2243.9 1.11307 1.18934 1.76306 0.483203 0 0 0.833583 0 
3.07075e-09 1.13828 0.00649406 0.742878 1.25161 0.195318 0.0203605 0.363269 2.0011 
3.8851e-06 0.0689126 5.15181e-07 0.131707 0.575462 2.88901 6.34003 0.0243179 6.11713 
956.78 131.86 520.4 20.92 0.549399 0 0.127973 0 
956.78 131.86 520.4 20.92 0.549399 -2.12761e-11 0.128459 -0.0574808 
956.78 131.86 520.4 20.9094 0.611199 -1.09511 0.126018 0.0495596 
162.702 104.056 564.987 10.3596 0.658049 -0.237244 0.248295 0.0277754 
35.9764 -310.219 419.655 20.8536 0.545949 0.140146 0.128738 3.45204e-05 
35.2358 -310.989 415.744 20.9835 0.544409 0.145623 0.127265 -0.000199846 
34.4925 -306.573 413.474 21.0291 0.543967 0.148785 0.12674 -0.000277956 
33.7359 -300.383 411.849 21.0003 0.544067 0.151078 0.127075 -0.000232225 
32.9905 -295.233 409.686 21.0388 0.543667 0.154102 0.126633 -0.000299299 
32.2407 -288.573 408.05 21.02 0.543739 0.156406 0.12685 -0.000269119 
31.4994 -282.595 406.067 21.0355 0.543508 0.159187 0.126674 -0.000297605 
30.7591 -275.977 404.246 21.0366 0.54346 0.161746 0.126659 -0.000300042 
30.0246 -269.3 402.413 21.0253 0.543491 0.164326 0.126788 -0.00028217 
29.2987 -263.028 400.364 21.0271 0.543386 0.167203 0.126768 -0.000287013 
28.577 -256.646 398.277 21.0298 0.543279 0.170135 0.126737 -0.000293261 
27.8604 -250.124 396.169 21.0295 0.543227 0.173097 0.126739 -0.000293762 
27.1498 -243.589 394.017 21.0203 0.543221 0.176123 0.126845 -0.000279657 
26.4468 -237.369 391.666 21.0236 0.543166 0.179425 0.126803 -0.000285424 
25.7496 -231.013 389.344 21.0005 0.54325 0.182694 0.127069 -0.000248456 
25.0636 -225.493 386.593 21.0168 0.542992 0.186551 0.126883 -0.000278574 
24.3794 -219.295 384 21.0146 0.542919 0.190194 0.126908 -0.000276637 
23.7022 -213.142 381.308 21.012 0.542842 0.193975 0.126938 -0.000274107 
23.0316 -207.045 378.505 21.0109 0.542767 0.197913 0.126948 -0.000273941 
22.3674 -200.949 375.625 21.0027 0.542737 0.201958 0.127042 -0.000261633 
21.7107 -195.127 372.548 21.0017 0.542677 0.206281 0.12705 -0.000261139 
21.0619 -189.312 369.407 20.9843 0.542684 0.210696 0.12725 -0.000234344 
20.4231 -184.102 365.902 20.9972 0.542432 0.215612 0.127103 -0.000259213 
19.7879 -178.334 362.488 20.994 0.542339 0.220406 0.127139 -0.0002561 
19.1605 -172.635 358.939 20.9908 0.54224 0.22539 0.127175 -0.000253127 
18.5405 -167.002 355.25 20.9876 0.542135 0.230568 0.127211 -0.000250269 
17.9276 -161.434 351.418 20.9847 0.542026 0.235947 0.127244 -0.000247798 
17.3213 -155.921 347.443 20.9809 0.541915 0.241526 0.127287 -0.00024407 
16.7217 -150.49 343.307 20.9781 0.541812 0.247331 0.127316 -0.000241636 
16.1289 -145.107 339.039 20.967 0.541748 0.253326 0.127444 -0.00022572 
15.5467 -140.083 334.487 20.9687 0.54156 0.259714 0.127423 -0.000232131 
14.9715 -134.915 329.837 20.9662 0.541415 0.266242 0.127451 -0.000231088 
14.4049 -129.77 325.028 20.9623 0.541276 0.272992 0.127495 -0.00022776 
13.8466 -124.699 320.034 20.9583 0.541129 0.28 0.12754 -0.000224595 
13.2963 -119.7 314.851 20.955 0.540975 0.287274 0.127578 -0.000222307 
12.7533 -114.749 309.484 20.9494 0.54087 0.294806 0.127637 -0.000215385 
12.219 -109.944 303.923 20.9322 0.54079 0.302618 0.127836 -0.000191269 
11.699 -105.701 297.939 20.9418 0.540477 0.310999 0.127725 -0.000211212 
11.176 -100.984 291.932 20.9374 0.540297 0.319439 0.127775 -0.000208742 
10.6696 -96.3426 285.7 20.9333 0.540042 0.328177 0.127825 -0.000207556 
10.1671 -91.7288 279.196 20.9504 0.539722 0.337294 0.127625 -0.000239403 
9.66745 -86.3803 272.824 20.9171 0.539862 0.346251 0.127976 -0.000190947 
9.18788 -82.2493 265.845 20.8947 0.536699 0.355936 0.12844 -0.00023542 
8.64039 -77.4895 256.099 21.9467 0.528941 0.369192 0.11584 -0.00168304 
7.80176 -32.8223 263.052 21.023 0.482005 0.365705 0.128108 -0.0168401 
11.5003 0.669011 216.37 40 0.0899998 0.139019 0.126973 0 
11.5003 0.669011 216.37 40 0.0899998 0.139019 0.126973 0 
-8.97858 16.2953 218.154 36.3894 1.1495 -0.998593 -0.188388 -1.02859 
-26.8039 20.7716 230.377 25.2467 1.4 -2.69381 0.215176 0.826359 
-35.7022 8.6289 245.23 12.7734 1.20387 -1.15427 -0.165163 -0.103764 
-34.4643 11.5649 258.357 5 0.214235 -1.01965 0.0685672 -0.373512 
-26.67 15.8151 261.908 5 0.214235 -2.35908 0.068568 0.112467 
-18.8163 6.93964 265.459 5 0.214235 -1.64896 0.0685678 0.0662586 
-10.8874 5.02298 269.01 5 0.214235 -1.42954 0.0685677 0.0204477 
-2.88701 5.2565 272.561 5 0.214235 -1.35709 0.0685677 -0.00519059 
5.18363 6.2 276.112 5 0.214235 -1.37573 0.0685677 -0.0111869 
13.3239 6.96082 279.664 5 0.214235 -1.41813 0.0685677 -0.00785909 
21.5335 7.30618 283.215 5 0.214235 -1.4493 0.0685677 -0.00341083 
29.8126 7.346 286.766 5 0.214235 -1.46345 0.0685677 -0.000653047 
38.1613 7.24719 290.317 5 0.214235 -1.46626 0.0685677 0.000470604 
46.5797 7.12081 293.868 5 0.214235 -1.46408 0.0685677 0.000637178 
55.0679 7.0158 297.419 5 0.214235 -1.46099 0.0685677 0.000378374 
63.6258 6.9411 300.97 5 0.214235 -1.45904 0.0685677 2.40713e-06 
72.2534 6.88547 304.522 5 0.214235 -1.45899 0.0685677 -0.000286677 
80.9508 6.83034 308.073 5 0.214235 -1.46057 0.0685677 -0.000259494 
89.7178 6.75981 311.624 5 0.214235 -1.46207 0.0685677 0.000400685 
98.5546 6.67453 315.175 5 0.214235 -1.45949 0.0685677 0.00214464 
107.461 6.61457 318.726 5 0.214235 -1.44484 0.068567 0.00550346 
116.438 6.69817 322.277 5 0.214234 -1.40544 0.068585 0.00823238 
125.484 7.16781 325.828 5 0.214259 -1.28085 0.0681498 -0.0106499 
134.601 8.8584 329.38 5 0.213648 -1.56142 0.0786939 -0.00588457 
143.786 7.7996 332.925 5 0.212974 -1.40828 0.0903061 -0.0304077 
153.041 8.24145 336.464 5 0.2123 -1.76802 0.101918 -0.0308725 
162.364 5.15807 339.996 5 0.211626 -2.04848 0.113531 -0.027464 
171.754 -0.67363 343.521 5 0.210952 -2.35117 0.125143 -0.004706 
181.21 -9.47158 347.04 5 -0.00108078 -2.45304 0.476261 0.034611 
190.777 -19.2678 348.482 5 -0.126643 -2.01788 0.680816 0.0852779 
200.4 -24.7997 348.692 5 -0.125696 -1.23746 0.66451 0.11173 
210.033 -22.6841 346.636 5 -0.12475 -0.292414 0.648204 0.128376 
219.633 -11.3075 344.588 5 -0.123803 0.724558 0.631898 0.129008 
229.2 10.0348 342.55 5 -0.122857 1.76595 0.615592 0.114817 
238.735 41.5821 340.522 5 -0.12191 2.80056 0.599286 0.0893685 
248.239 83.2679 338.502 5 -0.120963 3.79864 0.58298 0.0580854 
257.71 134.734 336.492 5 -0.120017 4.71483 0.566673 0.0358458 
267.149 195.179 334.491 5 -0.119071 5.44214 0.550367 0.024329 
276.554 262.75 332.5 5 -0.118124 5.83522 0.534061 0.0097016 
285.923 334.174 330.517 5 -0.117178 5.88194 0.517755 -0.00818757 
295.253 406.056 328.544 5 -0.116232 5.86738 0.501449 0.00621273 
304.543 477.794 326.58 5 -0.115286 5.86934 0.485143 0.00389913 
313.796 549.552 324.626 5 -0.11434 5.84053 0.468837 0.000677114 
323.009 621.028 322.68 5 -0.113394 5.8573 0.452531 -1.42597e-05 
332.184 692.668 320.744 5 -0.112448 5.8456 0.436224 -0.00071295 
341.321 764.194 318.818 5 -0.111502 5.47397 0.419918 -0.000676043 
350.417 832.077 316.9 5 -1.30232 5.11534 0.403612 0.0438163 
359.706 896.446 303.314 13.8851 -1.4 6.28 0.387306 -0.000177006 
361.78 972.234 288.63 24.0132 -0.09 5.62085 0.369 0 
361.78 972.234 288.63 24.0132 -0.09 5.62085 0.369 0 
353.58 1036.48 287.833 23.8115 0.879103 5.61693 -0.188388 -1.02859 
345.337 1100.7 295.697 17.2667 1.07709 5.10502 -0.176776 -1.00718 
341.882 1160.33 305.425 9.75256 0.734519 4.60349 -0.165163 -0.985776 
344.038 1215.48 312.199 5 -0.224954 4.11236 0.0501441 -0.964367 
349.886 1266.24 310.468 6.96137 -1.27627 3.63164 1.08847 -0.942959 
354.482 1312.71 299.316 15.5325 -0.764851 3.16133 0.724237 -0.921551 
352.649 1354.98 292.611 20.2718 -0.0324002 2.70143 -0.118714 -0.900143 
347.168 1393.14 292.382 20.0887 -0.0314376 2.25192 -0.107102 -0.878735 
341.81 1427.29 292.164 19.9051 -0.0304879 1.81282 -0.0954898 -0.857327 
336.577 1457.51 291.958 19.7212 -0.0295902 1.38413 -0.0838776 -0.835918 
331.469 1483.9 291.762 19.5373 -0.0287734 0.96587 -0.0722653 -0.81451 
326.486 1506.56 291.576 19.3539 -0.0280346 0.558029 -0.0606531 -0.793102 
321.627 1525.57 291.399 19.1717 -0.0273243 0.160615 -0.0490408 -0.771694 
316.893 1541.03 291.231 18.9906 -0.0265516 -0.226369 -0.0374286 -0.750286 
312.283 1553.03 291.073 18.8103 -0.0256153 -0.602919 -0.0258163 -0.728878 
307.796 1561.67 290.926 18.6295 -0.0244573 -0.969032 -0.0142041 -0.707469 
303.433 1567.03 290.792 18.4468 -0.0231176 -1.3247 -0.00259184 -0.686061 
299.196 1569.22 290.672 18.261 -0.0217611 -1.66993 0.00902041 -0.664653 
295.087 1568.33 290.567 18.0723 -0.020646 -2.0047 0.0206327 -0.643245 
291.108 1564.44 290.474 17.8823 -0.0200227 -2.32903 0.0322449 -0.621837 
287.262 1557.65 290.39 17.6946 -0.0199848 -2.64289 0.0438571 -0.600429 
283.546 1548.06 290.309 17.5131 -0.0203369 -2.9463 0.0554694 -0.57902 
279.956 1535.76 290.228 17.3398 -0.0205591 -3.23924 0.0670816 -0.557612 
276.487 1520.84 290.147 17.1737 -0.0199433 -3.52172 0.0786939 -0.536204 
273.134 1503.4 290.073 17.0084 -0.0179043 -3.79372 0.0903061 -0.514796 
269.895 1483.53 290.021 16.8343 -0.0143804 -4.05525 0.101918 -0.493388 
266.777 1461.32 290.002 16.6418 -0.0101333 -4.3063 0.113531 -0.47198 
263.794 1436.87 290.024 16.427 -0.00672806 -4.54687 0.125143 -0.450571 
260.964 1410.27 290.08 16.1971 -0.00603833 -4.77695 0.136755 -0.429163 
258.297 1381.61 290.145 15.9712 -0.00932421 -4.99654 0.148367 -0.407755 
255.791 1350.99 290.184 15.7763 -0.0161951 -5.20563 0.15998 -0.386347 
253.426 1318.5 290.164 15.6348 -0.0239972 -5.40423 0.171592 -0.364939 
251.162 1284.24 290.077 15.55 -0.0281945 -5.59233 0.183204 -0.343531 
248.956 1248.29 289.953 15.4941 -0.0240266 -5.76992 0.194816 -0.322122 
246.787 1210.76 289.867 15.4086 -0.00913633 -5.937 0.206429 -0.300714 
244.673 1171.74 289.916 15.2222 0.0138529 -6.09357 0.218041 -0.279306 
242.688 1131.32 290.173 14.8859 0.0363222 -6.23962 0.229653 -0.0704065 
240.943 1089.59 290.635 14.4118 0.0455809 -6.28 0.241265 0.00308908 
239.544 1047.5 291.187 13.8978 0.0301099 -6.28 0.252878 0.00310261 
238.526 1005.42 291.608 13.5143 -0.0132084 -6.28 0.26449 0.00303878 
237.798 963.327 291.647 13.443 -0.0730336 -6.28 0.276102 0.00280358 
237.132 921.238 291.153 13.7779 -0.122766 -6.28 0.287714 0.00260239 
236.226 879.15 290.21 14.4269 -0.128126 -6.28 0.299327 0.00225927 
234.84 837.062 289.209 15.0699 -0.0630071 -6.28 0.310939 0.00229986 
232.964 794.974 288.781 15.2282 0.0713481 -6.28 0.322551 0.00248241 
230.942 752.886 289.552 14.4595 0.233186 -6.28 0.334163 0.00266563 
229.456 710.798 291.779 12.6308 0.343745 -6.28 0.345776 0.00279222 
229.3 668.709 295.02 10.1524 0.313853 -6.28 0.357388 0.0118054 
230.981 626.618 298.03 8.01824 0.09 -6.27551 0.369 0 
230.981 626.618 298.03 8.01824 0.09 -6.27551 0.369 0 
243.975 461.884 301.37 5.37363 -0.649822 -6.28 1.15369 0.111635 
265.103 296.987 279.075 21.7375 0.5357 -6.06093 -0.176776 0.999503 
238.16 139.762 297.181 5 -0.0197572 -3.40305 0.987154 0.624533 
259.68 75.123 296.864 5 -0.0197564 -1.92697 0.987154 -0.157739 
281.218 61.9235 296.548 5 -0.0197566 -2.29056 0.987154 -2.98909e-05 
302.724 36.0531 296.231 5 -0.0197566 -2.29172 0.987154 0.191931 
324.208 10.1427 295.914 5 -0.0197564 -1.8459 0.987154 0.126799 
345.683 -0.231629 295.598 5 -0.0197562 -1.54918 0.987154 0.000295357 
367.143 -0.265585 295.281 5 -0.0197562 -1.54848 0.987154 -2.42111e-05 
388.581 -0.274984 294.965 5 -0.0197561 -1.54855 0.987153 -0.000196576 
409.997 -0.286958 294.648 5 -0.0197646 -1.55002 0.987299 0.000220432 
431.391 -0.35011 294.331 5 -0.019012 -1.5464 0.974327 -0.000154953 
452.763 -0.287167 294.04 5 -0.018066 -1.54979 0.95802 2.69308e-05 
474.113 -0.342459 293.783 5 -0.0171199 -1.54869 0.941714 6.26799e-07 
495.445 -0.359395 293.558 5 -0.0161739 -1.54869 0.925408 3.74432e-06 
516.761 -0.37628 293.366 5 -0.0152279 -1.54865 0.909102 -3.24552e-05 
538.062 -0.39172 293.207 5 -0.0142818 -1.5487 0.892796 -5.89668e-06 
559.352 -0.408946 293.082 5 -0.0133358 -1.54869 0.87649 -5.82279e-05 
580.632 -0.425794 292.989 5 -0.0123898 -1.54881 0.860184 3.46305e-05 
601.905 -0.446962 292.929 5 -0.0114437 -1.54869 0.843878 -7.01635e-06 
623.173 -0.463818 292.902 5 -0.0104977 -1.54868 0.827571 1.26089e-05 
644.439 -0.480238 292.908 5 -0.0416395 -1.54861 0.811265 7.39758e-05 
665.727 -0.494339 291.829 5.85075 -0.107529 -1.54835 0.794959 -8.58478e-06 
684.61 -0.497615 288.406 8.2803 -0.0454472 -1.54839 0.778653 -0.000757644 
696.426 -0.496798 287.011 8.53723 -0.0467018 -1.55061 0.762347 0.000998541 
707.428 -0.57276 285.558 8.79417 -0.0479565 -1.54751 0.746041 -0.000357457 
717.613 -0.540168 284.047 9.0511 -0.0492112 -1.5486 0.729735 -6.06574e-05 
726.975 -0.545043 282.477 9.30803 -0.0504658 -1.54876 0.713429 0.000168909 
735.511 -0.554648 280.85 9.56496 -0.0517205 -1.54815 0.697122 6.84497e-05 
743.217 -0.542644 279.164 9.82189 -0.0529752 -1.54789 0.680816 -3.63506e-05 
750.089 -0.521053 277.421 10.0788 -0.0542298 -1.548 0.66451 -0.00179596 
756.122 -0.502472 275.619 10.3358 -0.0554845 -1.55497 0.648204 0.00258846 
761.313 -0.726531 273.759 10.5927 -0.0567392 -1.54425 0.631898 -0.000997783 
765.657 -0.576397 271.842 10.8496 -0.0579939 -1.54862 0.615592 -7.39575e-06 
769.151 -0.577916 269.866 11.1066 -0.0592482 -1.54863 0.599286 5.18882e-06 
771.791 -0.579003 267.832 11.3635 -0.0605021 -1.54858 0.58298 -3.49279e-05 
773.572 -0.57804 265.74 11.6204 -0.0617591 -1.54878 0.566673 0.00142946 
774.49 -0.583463 263.59 11.8774 -0.0630243 -1.53958 0.550367 0.00227537 
774.542 -0.267712 261.381 12.1346 -0.0642757 -1.52326 0.534061 -0.172041 
773.722 0.61751 259.115 12.3917 -0.0654241 -2.51052 0.517755 -0.00775339 
772 -32.9014 256.794 12.6459 -0.0665259 -2.70106 0.501449 0.170471 
769.402 -73.0599 254.42 12.8967 -0.0685296 -1.63464 0.485143 0.149913 
765.968 -76.0546 251.963 13.1687 -0.0725332 -0.604698 0.468837 0.128939 
761.635 -43.1564 249.351 13.5103 -0.0714323 0.387058 0.452531 0.107765 
756.192 24.304 246.758 13.7701 -0.0425048 1.33982 0.436224 0.0864614 
749.849 124.968 245.159 13.2291 -0.0138489 2.25306 0.419918 0.0650455 
744.91 257.455 244.588 12.0763 -0.249849 3.12635 0.403612 0.0427438 
743.339 420.373 235.858 17.4675 -0.941604 3.9561 0.387306 -0.000318627 
726.61 612.219 202.72 40 0.09 3.8045 0.369 0 
726.61 612.219 202.72 40 0.09 3.8045 0.369 0 
704.488 661.899 202.093 36.2571 1.30555 2.55493 -0.188388 -1.02859 
684.955 699.859 213.038 24.64 1.4 0.766254 -0.176776 -1.00718 
674.439 720.959 225.144 15.1349 0.450169 -0.988423 -0.165163 -0.985775 
671.525 725.311 228.38 12.9946 -1.32566 -2.74469 -0.15355 -0.964367 
670.614 713.019 214.912 23.7207 -1.4 -4.50171 0.180715 -0.727188 
661.338 684.192 200.423 34.0341 -0.347384 -6.1352 -0.095732 0.561883 
643.725 639.767 195.743 34.1089 -0.31877 -6.27984 -0.118714 -0.000134369 
626.022 593.91 191.355 33.8798 -0.317449 -6.28 -0.107102 0.000296024 
608.408 548.051 186.978 33.6504 -0.320277 -6.28 -0.0954898 0.00103436 
590.88 502.192 182.574 33.4508 -0.327226 -6.28 -0.0838775 0.509974 
573.414 456.332 178.123 33.3309 -0.335586 -6.28 -0.0722653 0.000302845 
555.965 410.473 173.565 33.2516 -0.338176 -6.28 -0.060653 0.00674574 
538.492 364.613 169.027 33.191 -0.331425 -6.28 -0.0490408 -0.62465 
520.978 318.754 164.542 33.0815 -0.313758 -6.28 -0.0374285 0.00220315 
503.463 272.894 160.228 32.8457 -0.289688 -6.28 -0.0258163 0.00472307 
486.046 227.035 156.142 32.4461 -0.270619 -6.28 -0.0142041 0.389958 
468.855 181.175 152.221 31.9288 -0.271194 -6.28 -0.00259181 0.193381 
451.978 135.314 148.295 31.4428 -0.301751 -6.28 0.00902044 -0.18798 
435.382 89.454 144.086 31.2022 -0.359152 -6.00568 0.0206327 -0.0224009 
418.873 46.192 139.337 31.3853 -0.421074 -4.77912 0.0322449 0.500971 
402.145 14.9707 133.999 31.9986 -0.439492 -3.29461 0.0438572 0.47372 
384.839 -0.464494 128.518 32.7019 -0.396186 -2.09118 0.0554694 0.0189181 
366.932 -4.24765 123.458 33.0447 -0.256251 -1.27478 0.0670817 -0.00641208 
348.689 -0.187342 119.656 32.3618 -0.0882413 -1.71636 0.0786939 -0.0033652 
330.844 -0.310473 117.456 30.9429 0.0330303 -1.70554 0.0903062 -0.00301191 
314.027 -0.33182 116.426 30.7894 0.0420384 -1.69233 0.101918 -0.00142588 
297.293 -0.228612 115.484 30.5756 0.0535967 -1.70154 0.113531 0.000127908 
280.679 -0.212492 116.934 30.2868 0.0622695 -1.70174 0.125143 8.3168e-05 
264.308 -0.19874 118.694 29.9485 0.0766106 -1.70169 0.136755 -0.000246997 
248.182 -0.184524 120.527 29.5229 0.0616148 -1.70295 0.148367 -0.00181363 
232.417 -0.182776 122.293 29.2222 0.0504162 -1.71205 0.15998 -0.00249346 
216.915 -0.267935 123.958 29.0205 0.00338596 -1.73971 0.171592 -0.0775249 
201.607 -0.645863 125.179 29.1251 -0.0447864 -2.7237 0.183204 -0.0171842 
186.244 -10.5225 125.944 29.6059 -0.0666027 -3.13556 0.194816 0.251354 
170.532 -25.9953 126.494 30.2094 -0.0285959 -2.14786 0.206429 0.289001 
154.373 -32.3069 127.395 30.4968 0.0795778 -0.745132 0.218041 0.279305 
138.002 -25.262 129.316 29.982 0.228771 0.653044 0.229653 0.257897 
122.041 -5.07006 132.659 28.4188 0.372893 2.04054 0.241265 0.236489 
107.313 28.1906 137.39 25.9085 0.408173 3.41735 0.252878 0.215081 
94.5848 76.1564 142.494 23.294 0.53759 4.78347 0.264491 0.191721 
83.9234 137.604 148.864 19.9034 0.496088 6.13114 0.276102 0.0665289 
75.9747 211.818 154.892 17.0163 0.7578 6.28 0.287716 -0.0569079 
70.2836 287.439 163.443 12.3791 0.895956 6.28 0.299328 -0.0228358 
68.2488 363.058 173.373 6.98911 0.444782 6.28 0.310941 -0.0041028 
70.5794 438.674 179.111 5.18557 0.22793 6.28 0.322611 -0.00028194 
74.6982 514.288 182.804 5.12029 0.224811 6.28 0.334225 -5.05841e-06 
79.4068 589.903 186.468 5.0767 0.218582 6.28 0.345839 -2.04707e-06 
85.8466 665.517 190.073 5.0759 0.227845 6.28 0.358238 -0.0149152 
92.4673 741.132 193.785 5 -0.00156956 5.06194 0.369 0 
92.4673 741.132 193.785 5 -0.00156956 5.06194 0.369 0 
102.968 858.32 194.128 5.42705 -1.06462 4.87189 1.02479 -1.02736 
113.249 972.365 175.75 19.9044 -0.301005 3.67599 -0.0540587 -0.725249 
102.062 1065.19 170.376 23.3513 0.0240175 2.91164 -0.16497 -0.959335 
86.0552 1144.33 170.754 22.1018 0.36145 2.11126 -0.117097 -0.939614 
71.3127 1209.69 177.038 16.3489 0.805037 1.25647 -0.141741 -0.919656 
64.8087 1259.91 191.725 5 0.0228916 0.419604 0.498276 -0.901928 
75.5531 1295.3 192.891 5 -0.925694 -0.411151 1.05586 -0.882391 
86.663 1316 177.252 17.3287 -0.15249 -1.19119 0.152901 -0.865201 
79.4017 1322.7 174.643 18.8671 -0.0816115 -1.98041 -0.0952926 -0.857131 
69.6251 1315.26 173.537 19.1593 -0.0510476 -2.66825 -0.0836852 -0.835918 
59.5367 1295.9 172.991 19.3497 -0.0711407 -3.68222 -0.0714948 -0.81451 
49.2391 1258.53 171.709 19.7797 -0.0934825 -4.67596 -0.0593681 -0.793102 
37.8895 1203.49 170.008 20.4581 0.102812 -5.64946 -0.0488626 -0.293733 
25.4342 1131.13 171.768 18.4009 0.4994 -6.10736 0.0489965 0.00534253 
15.8192 1051.02 180.976 10.7786 0.437419 -6.09602 0.382809 0.0039173 
17.7477 970.895 189.317 5 0.00556375 -6.09424 0.783655 0.00752646 
28.321 890.765 189.975 5 0.0284514 -6.09294 0.889125 -0.00465324 
38.9096 810.634 191.24 5 0.000209541 -6.09211 0.876303 0.000439455 
49.5531 730.498 192.005 5 0.0226405 -6.18019 0.763117 0.0585973 
60.2145 648.711 193.015 5 0.00206971 -6.27905 0.843878 0.0713434 
70.9176 565.152 193.811 5 0.00301574 -6.27991 0.827571 0.055131 
81.6486 481.577 194.62 5 -0.00647709 -6.28 0.802612 0.0517528 
92.4089 398.001 195.267 5.51238 -0.011665 -6.28 0.744546 0.193707 
102.467 314.426 195.807 6.00768 0.00532737 -6.28 0.734303 0.416728 
111.723 230.851 196.36 6.23645 0.00286481 -6.07093 0.74506 0.514226 
120.553 150.978 196.758 6.54176 -0.000860231 -5.42404 0.745845 0.493387 
128.972 82.7423 197.077 6.86393 -0.0188769 -4.75046 0.729541 0.471979 
136.885 26.5549 197.449 7.06782 0.0134117 -4.09717 0.688787 0.450571 
144.5 -18.3802 198.002 7.18591 -0.00358752 -3.4628 0.680294 0.429163 
152.322 -52.0015 198.251 7.52739 -0.000752498 -2.84893 0.680621 0.407755 
159.405 -74.6668 198.547 7.78362 -0.00292769 -2.25557 0.664316 0.150468 
166.134 -86.751 198.8 8.04982 -0.00323826 -2.19647 0.648009 0.364939 
172.503 -98.0404 199.039 8.30305 -0.00261466 -1.64453 0.631703 0.343341 
178.536 -99.1691 199.28 8.53162 -0.00515457 -1.13775 0.6154 0.321933 
184.272 -91.3422 199.471 8.78073 -0.00625376 -0.663944 0.599094 0.299315 
189.667 -75.1129 199.635 9.02865 -0.00716992 -0.387971 0.582788 0.277916 
194.72 -53.9983 199.775 9.27304 -0.00881016 -0.143346 0.566482 0.256494 
199.434 -28.5532 199.88 9.52408 -0.0112278 0.0869054 0.550176 0.235066 
203.8 0.960893 199.934 9.7915 -0.013056 0.298242 0.533869 0.213641 
207.791 34.2149 199.949 10.0654 -0.0113336 0.491074 0.517563 0.192749 
211.395 70.8813 199.986 10.2972 -0.00529903 0.681709 0.501257 0.171169 
214.673 110.921 200.124 10.4336 -0.00305963 0.854985 0.484951 0.149727 
217.768 154.027 200.297 10.5368 -0.0211879 1.0018 0.468645 0.128485 
220.731 199.731 200.146 10.8853 -0.0633791 1.13451 0.45234 0.106904 
223.209 247.784 199.231 11.734 -0.0832041 1.24306 0.436034 0.085212 
224.4 297.751 197.946 12.7961 0.00662542 1.33033 0.419723 0.0638128 
223.998 349.262 198.224 12.5465 0.196946 1.39864 0.38349 0.0423942 
223.894 401.981 202.252 9.41719 0.327694 1.4503 0.386022 0.00847059 
228.384 455.61 208.685 5.00158 -0.0887065 1.64005 0.369 0 
228.384 455.61 208.685 5.00158 -0.0887065 1.64005 0.369 0 
238.401 508.783 207.765 6.69669 -1.24362 1.62183 1.15369 -1.02859 
246.519 561.655 187.66 22.1563 -0.167406 0.661353 0.037223 -1.00718 
233.069 598.626 184.98 23.193 0.510578 -0.280174 -0.165163 -0.896918 
217.917 619.994 193.51 15.7578 0.837095 -1.08062 -0.153551 -0.930489 
212.803 628.088 207.648 5 0.0186177 -1.91413 0.836508 -0.927065 
222.705 622.356 208.507 5 0.0186172 -2.78397 0.836508 -0.916247 
232.624 602.208 209.366 5 0.0186168 -3.62691 0.836508 -0.900142 
242.56 568.09 210.225 5 0.0186163 -4.47324 0.836508 -0.878734 
252.514 519.946 211.084 5 0.0186159 -5.30051 0.836508 -0.857325 
262.485 458.091 211.943 5 0.0186155 -6.10872 0.836508 -0.161966 
272.474 382.841 212.802 5 0.0186154 -6.28 0.836508 0.0230343 
282.49 304.753 213.661 5 0.0186154 -6.28 0.836508 0.431565 
292.534 226.664 214.52 5 0.0186156 -5.90733 0.836508 0.77168 
302.611 154.752 215.379 5 0.0186159 -5.18295 0.836508 0.750279 
312.727 94.8458 216.238 5 0.0186163 -4.47769 0.836508 0.728876 
322.88 46.6276 217.097 5 0.0186167 -3.79156 0.836508 0.707469 
333.071 9.78091 217.956 5 0.0186172 -3.12458 0.836506 0.686061 
343.299 -16.0118 218.815 5 0.0186116 -2.47677 0.836608 0.664653 
353.565 -31.0683 219.674 5 0.0188593 -1.84814 0.832343 0.643245 
363.867 -35.7063 220.537 5 0.00854462 -1.23871 0.832025 0.621837 
374.209 -30.244 221.23 5.1303 -0.00235572 -0.648484 0.827571 -0.148022 
384.412 -14.9996 221.738 5.38722 -0.00361026 -0.763119 0.811265 -0.57902 
394.291 -1.65479 222.218 5.64415 -0.00486543 -1.31337 0.794959 -0.441103 
403.837 2.57084 222.671 5.90108 -0.00612152 -1.73764 0.778653 0.156985 
413.051 -0.234779 223.096 6.15802 -0.00737799 -1.57359 0.762347 0.00396259 
421.941 -0.321388 223.493 6.41499 -0.00863239 -1.56734 0.746041 -0.000436298 
430.504 -0.304035 223.863 6.67195 -0.00988126 -1.56785 0.729735 -0.000160603 
438.738 -0.294962 224.206 6.92883 -0.0111258 -1.56833 0.713429 -0.000137984 
446.643 -0.293538 224.521 7.1856 -0.0123781 -1.56869 0.697122 0.0129687 
454.217 -0.297796 224.808 7.44234 -0.0136572 -1.55113 0.680816 0.0502579 
461.461 -0.010681 225.067 7.69942 -0.0149643 -1.50055 0.66451 -0.386282 
468.373 1.11487 225.298 7.95715 -0.0162476 -1.87467 0.648204 -0.364922 
474.946 -3.95965 225.501 8.21514 -0.017406 -2.22951 0.631898 -0.0448219 
481.179 -14.9148 225.677 8.47181 -0.0183991 -2.25104 0.615592 0.322117 
487.077 -26.2265 225.831 8.7252 -0.0194391 -1.93606 0.599286 0.300712 
492.648 -32.3176 225.96 8.97628 -0.0210384 -1.64047 0.58298 0.279304 
497.894 -33.5095 226.056 9.23233 -0.0235507 -1.36429 0.566673 0.257897 
502.808 -30.124 226.104 9.50434 -0.0261765 -1.10754 0.550367 0.236489 
507.367 -22.4831 226.101 9.79201 -0.0264085 -0.870237 0.534061 0.21508 
511.547 -10.909 226.087 10.0635 -0.0218345 -0.652383 0.517755 0.193673 
515.367 4.27603 226.141 10.2599 -0.0150938 -0.453996 0.501449 0.172264 
518.928 22.7492 226.301 10.362 -0.0180139 -0.275089 0.485143 0.150857 
522.363 44.1875 226.411 10.5018 -0.0452072 -0.115672 0.468837 0.129448 
525.626 68.268 226.066 10.9814 -0.0902772 0.0242378 0.452531 0.108039 
528.258 94.6678 224.962 11.9893 -0.099539 0.144629 0.436224 0.0866294 
529.519 123.064 223.677 13.0172 0.00927248 0.245487 0.419918 0.0652166 
529.339 153.133 224.168 12.5739 0.236966 0.326788 0.403612 0.0437651 
529.688 184.548 228.445 9.31947 0.350252 0.388283 0.387306 -0.0129725 
534.465 216.98 234.685 5 -0.09 0.360216 0.369 0 
534.465 216.98 234.685 5 -0.09 0.360216 0.369 0 
545.725 253.104 233.229 6.56618 -1.06781 -0.00158812 1.15369 -0.392625 
555.412 282.389 213.729 21.3505 -0.134538 -0.113833 0.00340255 -0.959786 
541.608 309.571 210.931 21.8479 0.0583317 -0.752763 -0.150931 -0.985776 
526.861 325.398 211.765 19.6383 -0.0998408 -2.14566 -0.151401 -0.964367 
515.532 314.885 210.334 20.048 -0.0408333 -3.51724 0.0179014 -0.942959 
503.486 278.439 210.069 19.6796 -0.0214474 -4.86748 0.0265142 -0.921551 
491.7 215.736 209.54 19.4092 -0.0629135 -6.19637 0.0577884 0.898019 
480.035 127.907 208.747 19.0847 -0.0640786 -5.5809 0.0724875 0.878735 
468.755 51.7138 207.986 18.8559 -0.0248046 -4.30229 0.071474 0.857327 
457.786 -0.30348 207.396 18.7267 -0.0646268 -3.04509 0.115754 0.835918 
447.026 -28.2654 206.712 18.5067 -0.0246408 -1.8093 0.107337 0.81451 
436.58 -32.4196 206.121 18.3949 -0.0481153 -0.594962 0.131741 -0.791089 
426.301 -13.6134 205.466 18.2028 -0.0225617 -1.75251 0.135637 0.660815 
416.258 -17.1946 204.908 17.9927 -0.0208577 -0.699603 0.147473 -0.461026 
406.522 -0.372999 204.388 17.7867 -0.0233775 -1.54357 0.163221 -4.48925e-06 
397.066 -0.22334 203.826 17.5896 -0.0182738 -1.58701 0.175767 0.000369407 
387.877 -0.244295 203.387 17.4293 -0.0131684 -1.58635 0.184229 0.000597092 
378.909 -0.243647 203.038 17.2056 -0.0129987 -1.58572 0.158661 0.000577341 
370.253 -0.241783 202.701 17.0493 -0.0144472 -1.58579 0.164838 -4.10125e-05 
361.833 -0.235916 202.353 16.9185 0.00303852 -1.58541 0.2126 0.000157658 
353.652 -0.22726 202.404 16.4886 -0.00823987 -1.58334 0.141014 0.000101335 
346.079 -0.21841 202.867 16.3793 -0.0167086 -1.57905 0.0572982 -1.08458e-05 
338.61 -0.209128 202.635 16.4639 -0.0629607 -1.5779 0.0673853 0.000899732 
331.119 -0.205125 202.065 17.2065 -0.0618804 -1.57538 0.0789825 0.117096 
322.408 -0.187458 201.493 17.8325 -0.0213409 -1.50925 0.0920437 0.100438 
312.681 0.712476 201.176 17.7779 -0.0652515 -1.51735 0.179138 -0.493387 
303.153 2.07764 200.523 18.2984 0.0450729 -2.39622 0.113739 -0.471978 
292.875 -13.4975 201.94 17.2223 0.0263971 -3.25338 0.125405 -0.448682 
284.051 -45.6841 203.036 16.5378 0.175697 -4.08303 0.136977 0.429162 
276.54 -93.5584 206.791 13.4193 -0.122342 -3.27315 0.150486 0.407754 
273.722 -126.095 204.639 15.0098 -0.296087 -2.48503 0.172988 0.38427 
268.514 -143.03 199.657 18.5095 -0.0318757 -1.75557 0.173659 0.362845 
257.802 -146.885 199.597 17.8388 0.18665 -1.16405 0.18542 0.343531 
248.394 -139.566 203.554 14.0157 0.395631 -0.441448 0.196584 0.322122 
245.11 -118.589 211.09 8.32932 -0.181989 0.259318 0.599077 0.300714 
250.893 -83.7795 208.2 10.8305 0.0877509 0.938258 0.436643 0.279306 
252.747 -35.9924 210.315 9.50338 -0.00169135 1.59533 0.56458 -0.165536 
256.735 24.2169 210.415 9.48923 0.0229925 1.78787 0.359542 -0.182197 
260.743 88.0637 211.614 8.97034 -0.181725 1.96265 0.53396 -0.187386 
265.663 154.971 209.025 11.9551 0.0191398 2.13184 0.293565 -0.184449 
265.889 224.608 210.098 11.4256 0.0704008 2.30407 0.296444 -0.172069 
266.941 298.146 211.598 10.6118 0.0334565 1.76421 0.310342 0.150385 
269.289 360.826 212.342 9.94665 -0.108942 2.28634 0.467125 -0.129265 
272.735 434.047 211.058 11.1032 -0.0324189 1.7912 0.446495 -0.105942 
274.343 497.237 211.214 11.5686 -0.0292184 1.94275 0.342603 -0.0845463 
275.254 563.299 210.806 12.185 0.0921348 1.94426 0.334559 0.0631265 
275.169 629.389 213.298 11.0007 0.166355 1.83236 0.40151 0.0417187 
276.29 693.363 216.99 8.33752 0.27145 2.07853 0.379161 -0.000578016 
282.184 761.985 222.307 5.00166 -0.0893166 2.44355 0.369 0 
282.184 761.985 222.307 5.00166 -0.0893166 2.44355 0.369 0 
302.439 881.299 218.573 6.06938 -0.231908 0.447324 1.15369 -0.977541 
319.919 940.27 210.476 9.15918 0.0662668 -3.08373 0.990665 -0.824619 
329.159 892.502 211.244 5 -0.0865165 -6.10337 1.12108 0.0100654 
348.539 753.442 207.595 5 -0.0855704 -6.04819 1.10478 0.00576688 
367.7 616.05 203.974 5 -0.0846244 -6.04646 1.08847 0.0111967 
386.641 478.71 200.381 5 -0.0836783 -6.04705 1.07216 0.0481777 
405.363 341.352 196.818 5 -0.0827323 -6.1289 1.05586 0.0423567 
423.867 201.521 193.283 5 -0.0817862 -5.9088 1.03955 0.515664 
442.162 68.3427 189.776 5 -0.080839 -3.77012 1.02324 0.516165 
460.295 -0.183004 186.298 5 -0.0798918 -1.50671 1.00694 0.000102573 
478.272 -0.285386 182.849 5 -0.0789458 -1.503 0.990633 -0.000120516 
496.039 -0.275522 179.428 5 -0.0779997 -1.50384 0.974327 -2.59669e-06 
513.598 -0.291181 176.036 5 -0.0770537 -1.50359 0.95802 -7.56084e-05 
530.952 -0.299294 172.673 5 -0.0761077 -1.50392 0.941714 1.76716e-05 
548.101 -0.317299 169.338 5 -0.0751616 -1.50369 0.925408 -4.0317e-05 
565.047 -0.328376 166.032 5 -0.0742156 -1.50383 0.909102 -1.93778e-05 
581.793 -0.343648 162.754 5 -0.0732696 -1.50385 0.892796 -1.19107e-05 
598.339 -0.359404 159.505 5 -0.0723235 -1.50385 0.87649 -1.31994e-05 
614.688 -0.375204 156.285 5 -0.0713775 -1.50387 0.860184 -1.25982e-05 
630.842 -0.391497 153.093 5 -0.0704315 -1.50388 0.843878 1.54405e-05 
646.802 -0.408296 149.93 5 -0.0694854 -1.50369 0.827571 2.76834e-05 
662.569 -0.419333 146.795 5 -0.0685394 -1.50347 0.811265 -3.75293e-06 
678.146 -0.423769 143.689 5 -0.0675934 -1.50342 0.794959 -4.32055e-07 
693.535 -0.426611 140.612 5 -0.0666473 -1.50335 0.778653 -1.22912e-05 
708.736 -0.427232 137.563 5 -0.0657013 -1.50336 0.762347 -0.00436673 
723.752 -0.428121 134.543 5 -0.0647553 -1.55118 0.746041 0.00698281 
738.584 -1.87477 131.551 5 -0.0638092 -1.46926 0.729735 -0.00309219 
753.235 -0.844923 128.588 5 -0.0628632 -1.508 0.713429 0.00126223 
767.706 -0.986141 125.654 5 -0.0619172 -1.49088 0.697122 -0.00084145 
781.999 -0.610014 122.748 5 -0.0609711 -1.50325 0.680816 -3.30624e-05 
796.115 -0.607754 119.871 5 -0.0600251 -1.5037 0.66451 1.66923e-05 
810.056 -0.618951 117.022 5 -0.0590791 -1.50332 0.648204 -5.99451e-05 
823.824 -0.61872 114.202 5 -0.058133 -1.50443 0.631898 4.71675e-05 
837.421 -0.651954 111.41 5 -0.057187 -1.5033 0.615592 -1.81963e-05 
850.848 -0.651294 108.648 5 -0.056241 -1.50368 0.599286 -2.48398e-06 
864.107 -0.66191 105.913 5 -0.0552949 -1.50367 0.58298 -1.59949e-06 
877.199 -0.672233 103.208 5 -0.0543489 -1.50364 0.566673 -3.78651e-06 
890.128 -0.681693 100.531 5 -0.0534029 -1.5037 0.550367 -1.51221e-06 
902.894 -0.692938 97.8822 5 -0.0524568 -1.50368 0.534061 -3.34222e-07 
915.498 -0.703721 95.2623 5 -0.0515108 -1.50367 0.517755 2.28822e-06 
927.944 -0.714176 92.6711 5 -0.0505648 -1.50355 0.501449 -4.77657e-05 
940.232 -0.720899 90.1084 5 -0.0496187 -1.50746 0.485143 -0.00392363 
952.364 -0.845858 87.5744 5 -0.0486729 -1.88007 0.468837 -0.0088001 
964.333 -12.235 85.0689 5 -0.0826226 -2.67914 0.452531 0.0739726 
976.151 -47.78 81.5371 5.80257 -0.557457 -0.632987 0.436224 0.0463675 
986.148 -21.4682 63.6121 17.3897 -0.176311 1.38875 0.419918 0.0157637 
966.81 65.9836 56.6478 17.9498 -0.54042 3.41978 0.403612 0.0334501 
945.963 214.835 38.6493 26.7957 -0.804745 5.46107 0.387306 -3.83507e-05 
902.807 425.411 12.2316 40 1.4 4.35941 0.369 0 
956.78 131.86 520.4 20.92 0.549399 0 0.127973 0 
956.78 131.86 520.4 20.92 0.549403 3.7569e-06 0.127972 -1.00005e-05 
956.93 131.772 520.56 20.8443 0.550643 -0.0108157 0.128824 0.000152216 
532.919 -43.6276 481.659 21.042 0.546382 0.0533218 0.126601 -0.000250065 
494.365 263.651 503.737 20.9733 0.54809 0.022979 0.127374 -0.000109089 
479.564 397.66 513.734 20.9414 0.548875 0.00919574 0.127732 -4.3743e-05 
473.749 451.393 517.766 20.9285 0.549192 0.00363325 0.127878 -1.7286e-05 
471.46 472.627 519.361 20.9234 0.549317 0.00143378 0.127935 -6.81819e-06 
470.559 481.002 519.989 20.9213 0.549367 0.000567545 0.127958 -2.69469e-06 
470.205 484.312 520.236 20.9206 0.549386 0.000226827 0.127967 -1.07238e-06 
470.065 485.629 520.333 20.9202 0.549394 9.30257e-05 0.12797 -4.34889e-07 
470.01 486.163 520.371 20.9201 0.549397 4.06876e-05 0.127972 -1.85086e-07 
469.989 486.391 520.385 20.9201 0.549398 2.04432e-05 0.127972 -8.79648e-08 
469.98 486.499 520.391 20.9201 0.549398 1.2869e-05 0.127972 -5.10584e-08 
469.977 486.561 520.393 20.92 0.549398 1.03297e-05 0.127972 -3.80117e-08 
469.975 486.608 520.393 20.92 0.549398 9.82617e-06 0.127972 -3.45298e-08 
469.975 486.65 520.393 20.92 0.549398 1.01885e-05 0.127972 -3.50266e-08 
469.975 486.693 520.392 20.92 0.549398 1.09653e-05 0.127972 -3.73234e-08 
469.974 486.739 520.391 20.9201 0.549398 1.19944e-05 0.127972 -4.0618e-08 
469.974 486.789 520.391 20.9201 0.549398 1.32278e-05 0.127972 -4.46497e-08 
469.974 486.843 520.39 20.9201 0.549398 1.46631e-05 0.127972 -4.93558e-08 
469.974 486.904 520.388 20.9201 0.549398 1.6326e-05 0.127972 -5.48015e-08 
469.974 486.971 520.387 20.9201 0.549398 1.82562e-05 0.127972 -6.11069e-08 
469.974 487.046 520.385 20.9201 0.549398 2.05045e-05 0.127972 -6.84154e-08 
469.974 487.13 520.383 20.9201 0.549398 2.31421e-05 0.127972 -7.69579e-08 
469.974 487.224 520.381 20.9201 0.549398 2.62527e-05 0.127972 -8.69739e-08 
469.974 487.331 520.379 20.9201 0.549398 2.99516e-05 0.127972 -9.88221e-08 
469.973 487.452 520.375 20.9201 0.549397 3.4382e-05 0.127972 -1.12915e-07 
469.973 487.59 520.372 20.9201 0.549397 3.97394e-05 0.127972 -1.29839e-07 
469.973 487.75 520.367 20.9201 0.549397 4.62787e-05 0.127972 -1.50319e-07 
469.972 487.934 520.361 20.9201 0.549396 5.43529e-05 0.127972 -1.75367e-07 
469.972 488.149 520.354 20.9201 0.549396 6.44453e-05 0.127972 -2.06319e-07 
469.971 488.402 520.345 20.9201 0.549395 7.72456e-05 0.127971 -2.45048e-07 
469.971 488.702 520.333 20.9202 0.549395 9.37531e-05 0.127971 -2.94178e-07 
469.969 489.063 520.318 20.9202 0.549394 0.000115463 0.127971 -3.57478e-07 
469.968 489.501 520.297 20.9202 0.549392 0.000144694 0.12797 -4.40539e-07 
469.966 490.041 520.268 20.9203 0.549391 0.000185172 0.12797 -5.51857e-07 
469.963 490.718 520.226 20.9203 0.549388 0.000243133 0.127969 -7.04789e-07 
469.959 491.582 520.165 20.9204 0.549385 0.000329468 0.127968 -9.2121e-07 
469.953 492.711 520.069 20.9206 0.549379 0.000463937 0.127967 -1.23835e-06 
469.942 494.229 519.912 20.9208 0.549371 0.000683665 0.127964 -1.72276e-06 
469.923 496.341 519.643 20.9211 0.549356 0.00106016 0.127961 -2.49925e-06 
469.89 499.404 519.162 20.9216 0.549331 0.00173291 0.127955 -3.81615e-06 
469.83 504.082 518.277 20.9225 0.549285 0.0029716 0.127944 -6.20405e-06 
469.716 511.685 516.634 20.9244 0.549197 0.00527207 0.127923 -1.0906e-05 
469.511 525.052 513.68 20.9285 0.54903 0.00940851 0.127877 -2.06198e-05 
469.173 550.323 508.841 20.9325 0.548793 0.0161804 0.127832 -3.16868e-05 
468.486 589.068 499.23 20.8892 0.548976 0.0295578 0.128318 3.14413e-05 
464.237 540.48 446.177 20.6715 0.54977 0.0952838 0.130698 -5.92108e-05 
115.133 55.829 169.832 22.7466 2.70827e-05 0.00442128 0.126973 0 
115.133 55.829 169.832 22.7466 2.70827e-05 0.00442128 0.126973 0 
103.789 77.6379 169.951 21.6859 0.777432 0.0608127 -0.188388 0.996503 
93.4125 100.229 180.89 12.8381 0.748376 0.876841 -0.0285986 0.8691 
93.2042 134.146 191.622 5 0.0249736 1.56898 0.811564 0.840858 
102.226 177.669 192.482 5 0.0249741 2.23715 0.811563 0.814677 
111.279 230.471 193.342 5 0.0249744 2.88135 0.811564 0.808486 
120.363 292.22 194.202 5 0.0249748 3.5171 0.811564 0.788569 
129.478 362.799 195.062 5 0.0249751 4.13415 0.811564 0.654546 
138.623 441.947 195.922 5 0.0249754 4.64536 0.811564 0.356546 
147.799 528.196 196.782 5 0.0249755 4.92529 0.811563 0.0336859 
157.001 618.332 197.642 5 0.0249755 4.95511 0.811563 -0.196976 
166.228 708.882 198.503 5 0.0249754 4.80569 0.811563 -0.338219 
175.476 797.357 199.363 5 0.0249753 4.54566 0.811563 -0.422115 
184.746 882.221 200.223 5 0.0249751 4.21907 0.811563 -0.471522 
194.037 962.549 201.083 5 0.0249749 3.85241 0.811563 -0.499592 
203.347 1037.78 201.943 5 0.0249747 3.46211 0.811563 -0.513861 
212.676 1107.6 202.803 5 0.0249745 3.05886 0.811563 -0.51884 
222.026 1171.81 203.663 5 0.0249743 2.64988 0.811564 -0.517357 
231.394 1230.35 204.523 5 0.0249741 2.24028 0.811564 -0.511258 
240.782 1283.19 205.383 5 0.0249744 1.83373 0.811554 -0.501781 
250.19 1330.39 206.243 5 0.0249542 1.43296 0.811899 -0.489782 
259.617 1372.03 207.103 5 0.0256496 1.04006 0.799909 -0.475858 
269.063 1408.2 207.972 5 0.00146261 0.656653 0.810418 -0.460443 
278.536 1439.05 208.506 5.24913 -0.000528336 0.284036 0.794959 -0.455286 
287.743 1464.73 209.006 5.50621 -0.00177501 -0.0883208 0.778653 -0.444539 
296.674 1485.24 209.483 5.7632 -0.00300083 -0.455304 0.762347 -0.427088 
305.329 1500.65 209.938 6.01988 -0.00421965 -0.810076 0.746041 -0.405874 
313.707 1511.13 210.37 6.2762 -0.00547272 -1.14862 0.729735 -0.383706 
321.808 1516.91 210.778 6.53255 -0.00680657 -1.46989 0.713428 -0.362087 
329.633 1518.23 211.163 6.78979 -0.00821503 -1.77444 0.697122 -0.341133 
337.179 1515.32 211.522 7.04863 -0.00958012 -2.06298 0.680816 -0.320305 
344.444 1508.4 211.857 7.30846 -0.0106927 -2.33564 0.66451 -0.299131 
351.426 1497.69 212.17 7.56653 -0.0114262 -2.592 0.648204 -0.277464 
358.127 1483.43 212.467 7.81898 -0.0120192 -2.8315 0.631898 -0.255377 
364.554 1465.84 212.751 8.06485 -0.0132122 -3.05364 0.615592 -0.232998 
370.712 1445.16 213.012 8.31106 -0.0158621 -3.25805 0.599286 -0.210394 
376.602 1421.65 213.231 8.57299 -0.0198991 -3.44445 0.582979 -0.187555 
382.206 1395.55 213.389 8.86386 -0.0232335 -3.61256 0.566673 -0.16444 
387.489 1367.11 213.493 9.17364 -0.0220682 -3.76203 0.550367 -0.141049 
392.429 1336.6 213.607 9.45306 -0.01399 -3.89251 0.534061 -0.117522 
397.057 1304.27 213.827 9.63183 -0.00310574 -4.00371 0.517755 -0.0942292 
401.488 1270.4 214.194 9.68941 -0.00270385 -4.09565 0.501449 -0.0718426 
405.864 1235.26 214.565 9.74753 -0.0285576 -4.16882 0.485143 -0.0512979 
410.192 1199.09 214.576 10.0836 -0.0801661 -4.22444 0.468837 -0.0336164 
414.161 1162.16 213.862 10.9445 -0.120543 -4.26448 0.452531 -0.0196213 
417.162 1124.67 212.569 12.1641 -0.0808109 -4.29152 0.436224 -0.00967932 
418.758 1086.81 211.801 12.8636 0.0849122 -4.30845 0.419918 -0.00359832 
419.509 1048.71 213.318 11.7586 0.30612 -4.31796 0.403612 -0.000691748 
421.469 1010.48 217.932 8.42629 0.344502 -4.32225 0.387306 8.08732e-05 
427.256 972.182 223.154 5 -0.0899998 -4.32274 0.369 0 
427.256 972.182 223.154 5 -0.0899998 -4.32274 0.369 0 
436.139 931.324 222.293 6.51431 -1.14256 -4.32437 1.14248 0.417786 
443.508 890.444 205.776 19.2592 -0.249386 -3.98329 0.0588522 0.350715 
434.97 854.637 202.211 21.3973 0.0180221 -3.69704 -0.14272 0.295147 
423.707 823.08 202.563 20.4415 0.134541 -3.45621 -0.127518 0.249208 
413.56 795.097 204.667 18.2526 0.148347 -3.25291 -0.0853127 0.211276 
406.076 770.128 207.028 16.0919 -0.0522575 -3.08062 0.0768243 0.179925 
401.293 747.714 206.463 16.2989 -0.193735 -2.93393 0.176821 0.153943 
396.291 727.476 203.794 18.0176 -0.0820046 -2.80846 0.0378219 0.132329 
389.135 709.103 202.742 18.3997 -0.0386897 -2.70065 0.0013295 0.114267 
381.481 692.33 202.324 18.2798 -0.0232987 -2.60759 0.00291012 0.099097 
373.954 676.937 202.137 17.9966 -0.0215396 -2.52692 0.0179558 0.0862867 
366.758 662.742 201.983 17.7111 -0.0262725 -2.45671 0.0363544 0.0754103 
359.9 649.588 201.766 17.4946 -0.0302798 -2.39539 0.0517148 0.0661257 
353.294 637.344 201.494 17.3342 -0.0306084 -2.34164 0.0628765 0.058155 
346.872 625.898 201.221 17.1857 -0.0287398 -2.29439 0.0723737 0.0512773 
340.618 615.152 200.979 17.0243 -0.0267277 -2.25276 0.0823139 0.0453104 
334.549 605.024 200.771 16.8492 -0.0254143 -2.216 0.093164 0.040107 
328.682 595.442 200.587 16.6691 -0.0246845 -2.18349 0.104511 0.0355475 
323.024 586.342 200.418 16.4908 -0.0241302 -2.15469 0.115868 0.0315355 
317.573 577.669 200.261 16.316 -0.0234834 -2.12917 0.127018 0.02799 
312.326 569.374 200.118 16.1436 -0.0227046 -2.10655 0.137989 0.0248445 
307.279 561.415 199.991 15.9718 -0.0218698 -2.08649 0.148884 0.0220447 
302.433 553.754 199.88 15.8001 -0.0210501 -2.06871 0.159766 0.0195469 
297.787 546.356 199.786 15.6286 -0.0202677 -2.05297 0.170639 0.0173124 
293.343 539.192 199.707 15.4577 -0.0195093 -2.03906 0.18148 0.01531 
289.099 532.234 199.643 15.2877 -0.018756 -2.02678 0.192268 0.0135134 
285.056 525.458 199.595 15.1185 -0.0180064 -2.01597 0.202991 0.0119 
281.212 518.842 199.562 14.9503 -0.0172825 -2.00647 0.213643 0.010451 
277.567 512.367 199.543 14.7831 -0.0166159 -1.99816 0.224223 0.00915012 
274.12 506.016 199.539 14.6177 -0.0160095 -1.99091 0.234724 0.00798317 
270.87 499.771 199.547 14.4545 -0.015398 -1.98461 0.245136 0.00693758 
267.814 493.62 199.569 14.2934 -0.0146581 -1.97917 0.255446 0.00600227 
264.95 487.55 199.605 14.1327 -0.0137276 -1.97449 0.265638 0.00516733 
262.278 481.549 199.658 13.9704 -0.0128069 -1.97049 0.275687 0.00442365 
259.8 475.607 199.73 13.8069 -0.0124431 -1.9671 0.285568 0.00376297 
257.519 469.716 199.81 13.6485 -0.0131806 -1.96425 0.295258 0.00317758 
255.429 463.866 199.884 13.5075 -0.0146864 -1.96188 0.304743 0.00266034 
253.509 458.052 199.938 13.3909 -0.0149705 -1.95993 0.314004 0.00220471 
251.729 452.266 199.991 13.2827 -0.0111179 -1.95835 0.322983 0.0018046 
250.079 446.504 200.104 13.1356 -0.00264124 -1.9571 0.331558 0.00145449 
248.604 440.76 200.346 12.9014 0.00401295 -1.95614 0.339566 0.00114944 
247.413 435.03 200.692 12.6094 -0.00462445 -1.95543 0.346896 0.000885171 
246.582 429.31 200.917 12.4385 -0.0379054 -1.95493 0.353574 0.00065813 
245.971 423.598 200.653 12.6554 -0.0798396 -1.95462 0.359664 0.000465607 
245.107 417.89 199.76 13.3208 -0.0770442 -1.95446 0.364953 0.000305842 
243.424 412.185 198.894 13.8869 0.0309725 -1.95444 0.368878 0.000178155 
241.01 406.482 199.617 13.176 0.225373 -1.95452 0.370968 8.30867e-05 
239.405 400.776 203.242 10.3378 0.321076 -1.95469 0.371252 2.25808e-05 
241.255 395.065 208.354 6.69324 0.0167166 -1.95491 0.369 0 
241.255 395.065 208.354 6.69324 0.0167166 -1.95491 0.369 0 
251.564 386.46 209.498 6.77755 -1.06177 -2.0647 1.15369 0.994632 
262.248 375.439 186.913 24.138 0.26195 -0.759421 -0.176776 0.98207 
240.775 393.157 192.836 18.1471 0.755911 0.5398 -0.165163 0.939798 
229.928 439.448 209.837 5 0.0267188 1.77073 0.804713 0.889178 
243.349 512.799 211.26 5 0.0267194 2.92212 0.804713 0.833219 
256.851 611.479 212.683 5 0.02672 3.99081 0.804713 0.738724 
270.436 733.668 214.106 5 0.0267204 4.92652 0.804713 0.526628 
284.099 876.442 215.53 5 0.0267208 5.58656 0.804713 0.137042 
297.837 1033.74 216.953 5 0.0267209 5.7621 0.804713 -0.0977718 
311.641 1194.89 218.376 5 0.0267208 5.64776 0.804714 -0.285817 
325.505 1353.53 219.799 5 0.0267206 5.30004 0.804714 -0.43574 
339.426 1504.52 221.223 5 0.0267203 4.76326 0.804714 -0.512971 
353.4 1643.7 222.646 5 0.02672 4.12553 0.804714 -0.543874 
367.426 1768.86 224.069 5 0.0267196 3.44427 0.804714 -0.549984 
381.503 1879.02 225.492 5 0.0267192 2.75126 0.804714 -0.541467 
395.63 1973.94 226.915 5 0.0267188 2.06603 0.804714 -0.522556 
409.808 2053.79 228.339 5 0.0267185 1.40295 0.804714 -0.494346 
424.037 2119.05 229.762 5 0.0267181 0.77501 0.804715 -0.455612 
438.318 2170.5 231.185 5 0.0267178 0.196623 0.804714 -0.402316 
452.652 2209.22 232.608 5 0.0267145 -0.312976 0.804766 -0.325183 
467.039 2236.73 234.031 5 0.0268792 -0.723474 0.801923 -0.20129 
481.482 2255.21 235.458 5 0.0176968 -0.977021 0.802563 0.044399 
495.987 2268.12 236.683 5.15306 0.0108548 -0.924958 0.794959 -0.273157 
510.28 2282.17 237.751 5.40607 0.0111181 -1.27352 0.778653 -0.288019 
524.168 2288.55 238.817 5.63424 0.0105256 -1.64322 0.762347 -0.284888 
537.695 2286.8 239.862 5.85543 0.00392124 -2.01094 0.746041 -0.27851 
550.874 2276.96 240.753 6.17123 -0.00999204 -2.37278 0.729735 -0.28252 
563.536 2259.16 241.327 6.42845 -0.0113101 -2.7436 0.713429 -0.284757 
575.764 2233.21 241.751 6.68537 -0.0125664 -3.122 0.697122 -0.280038 
587.551 2198.93 241.988 6.9423 -0.0138241 -3.49881 0.680816 -0.269123 
598.89 2156.36 242.187 7.19927 -0.0150827 -3.86526 0.66451 -0.253638 
609.779 2105.73 242.35 7.45629 -0.0163335 -4.21457 0.648204 -0.234582 
620.217 2047.42 242.476 7.71323 -0.0175653 -4.54119 0.631898 -0.212405 
630.202 1981.92 242.566 7.96979 -0.0187959 -4.84018 0.615592 -0.187347 
639.734 1909.84 242.62 8.22599 -0.0201058 -5.10687 0.599286 -0.159741 
648.812 1831.9 242.636 8.48321 -0.0215665 -5.33712 0.58298 -0.130353 
657.435 1748.89 242.61 8.74385 -0.0229603 -5.52791 0.566673 -0.100716 
665.594 1661.69 242.545 9.00627 -0.0235793 -5.67841 0.550367 -0.0731166 
673.286 1571.18 242.457 9.25727 -0.0230694 -5.79101 0.534061 -0.0497845 
680.529 1478.19 242.372 9.47959 -0.0238417 -5.87117 0.517755 -0.0317497 
687.375 1383.43 242.261 9.69879 -0.0318405 -5.92582 0.501449 -0.018478 
693.832 1287.48 241.967 10.0363 -0.0475267 -5.96106 0.485143 -0.00859579 
699.688 1190.75 241.316 10.6038 -0.0460512 -5.98077 0.468837 -0.000894107 
704.514 1093.58 240.677 11.081 0.0200697 -5.98651 0.452531 0.00503935 
708.442 996.295 241.476 10.399 0.130359 -5.97812 0.436224 0.00873621 
713.558 899.19 244.726 7.98482 0.0420898 -5.95487 0.419918 0.00942441 
723.113 802.593 246.118 7.40983 -0.60059 -5.91674 0.403612 0.00700758 
734.025 706.834 233.393 17.6894 -1.4 -5.86532 0.387306 0.000682376 
726.61 612.22 202.72 39.9385 -0.0899995 -5.84922 0.369 0 
726.61 612.22 202.72 39.9385 -0.0899995 -5.84922 0.369 0 
712.757 587.004 202.608 38.6055 0.902457 -5.4609 -0.188388 0.645244 
699.429 564.129 208.493 32.9209 1.30979 -4.8057 -0.176775 0.626181 
688.872 545.202 216.888 26.739 1.4 -4.14985 -0.165163 0.561184 
681.396 530.227 225.887 20.3831 1.14694 -3.53053 -0.153551 0.448582 
677.132 518.983 233.422 15.4346 0.543107 -2.99606 -0.141939 0.297691 
675.425 510.96 237.364 13.4472 -0.328611 -2.62167 -0.130326 0.144875 
674.833 505.193 236.069 15.5334 -1.29718 -2.52336 -0.118711 0.0413635 
673.335 500.02 228.915 21.9774 -1.4 -2.76006 0.452997 0.00141079 
668.648 493.422 221.078 28.4877 -0.197533 -3.11137 -0.0954812 0.0156578 
660.575 484.708 220.429 29.3725 0.0209684 -3.28798 -0.0838768 0.0594891 
652.04 474.93 221.088 29.2171 0.00132753 -3.25766 -0.072265 0.109747 
643.59 465.335 221.63 29.1548 -0.0165919 -3.0782 -0.0606529 0.151506 
635.179 456.822 222.065 29.1741 -0.0274841 -2.80256 -0.0490407 0.177411 
626.767 449.971 222.434 29.2395 -0.0267409 -2.47067 -0.0374284 0.185377 
618.33 445.12 222.807 29.2958 -0.0118106 -2.11396 -0.0258162 0.17692 
609.87 442.421 223.269 29.2784 0.0166882 -1.7586 -0.014204 0.156095 
601.422 441.864 223.904 29.1278 0.0544446 -1.42627 -0.00259169 0.128503 
593.051 443.31 224.767 28.8069 0.0937891 -1.13308 0.00902058 0.100054 
584.843 446.525 225.871 28.315 0.12498 -0.887266 0.0206329 0.0756357 
576.883 451.221 227.168 27.6963 0.138311 -0.687323 0.0322451 0.0581394 
569.237 457.122 228.55 27.0376 0.126665 -0.522527 0.0438574 0.0481875 
561.928 464.016 229.869 26.4551 0.087938 -0.376519 0.0554697 0.0445476 
554.922 471.791 230.961 26.0701 0.0266763 -0.232527 0.0670819 0.0449354 
548.123 480.434 231.686 25.9781 -0.0456836 -0.0778144 0.0786941 0.0468564 
541.386 490.009 231.976 26.2186 -0.112325 0.0940761 0.0903063 0.0482481 
534.546 500.621 231.862 26.7522 -0.154301 0.283281 0.101919 0.0478288 
527.453 512.374 231.49 27.4543 -0.155044 0.484976 0.113531 0.045163 
520.017 525.343 231.107 28.1292 -0.105223 0.691337 0.125143 0.0405156 
512.245 539.556 231.017 28.5459 -0.00675555 0.893552 0.136755 0.0345873 
504.26 554.989 231.517 28.4915 0.12527 1.08359 0.148368 0.0282244 
496.293 571.568 232.814 27.8305 0.263704 1.25553 0.15998 0.0221775 
488.644 589.183 234.951 26.5574 0.373859 1.40629 0.171592 0.016953 
481.624 607.707 237.766 24.8259 0.420973 1.53569 0.183204 0.0127684 
475.469 627.01 240.88 22.9433 0.379314 1.64583 0.194817 0.0095924 
470.267 646.976 243.762 21.3226 0.24088 1.73998 0.206429 0.00723446 
465.9 667.51 245.825 20.3975 0.0213218 1.82146 0.218041 0.00544624 
462.032 688.534 246.573 20.5128 -0.239056 1.89254 0.229653 0.00400422 
458.148 709.987 245.75 21.8149 -0.48054 1.95386 0.241266 0.00275809 
453.655 731.81 243.459 24.1703 -0.635483 2.00418 0.252878 0.00164273 
448.016 753.937 240.211 27.1409 -0.644333 2.04064 0.26449 0.000662027 
440.903 776.285 236.88 30.0322 -0.472995 2.05924 0.276102 -0.000142154 
432.333 798.747 234.555 32.021 -0.127276 2.05542 0.287714 -0.000722661 
422.732 821.186 234.295 32.3427 0.340032 2.02471 0.299327 -0.00105184 
412.916 843.441 236.849 30.5051 0.832847 1.96314 0.310939 -0.00113429 
403.959 865.323 242.392 26.4761 1.22766 1.86753 0.322551 -0.0010082 
396.967 886.628 250.355 20.7912 1.4 1.73553 0.33417 -0.000504317 
392.796 907.134 259.411 14.5361 1.39908 1.61945 0.345776 -0.000133347 
391.757 926.938 268.523 8.52794 0.909152 1.5517 0.357388 -6.24959e-06 
393.788 946.332 274.738 5 0.0899998 1.54009 0.369 0 
393.788 946.332 274.738 5 0.0899998 1.54009 0.369 0 
394.839 943.443 274.63 7.2153 0.0147752 1.03579 0.482653 2.16727e-12 
395.89 940.554 274.51 9.17304 0.00242457 0.713069 0.480306 1.28699e-12 
396.941 937.665 274.378 10.9205 0.000397947 0.508257 0.477959 7.62723e-13 
397.992 934.776 274.236 12.4774 6.5401e-05 0.378734 0.475612 4.50919e-13 
399.043 931.887 274.082 13.8572 1.0834e-05 0.296937 0.473265 2.6594e-13 
400.093 928.998 273.917 15.0722 1.88011e-06 0.245308 0.470918 1.56516e-13 
401.144 926.109 273.741 16.1351 4.10834e-07 0.212726 0.468571 9.19569e-14 
402.194 923.22 273.553 17.0591 1.6971e-07 0.192164 0.466224 5.38215e-14 
403.244 920.331 273.354 17.858 1.30119e-07 0.179189 0.463878 3.14253e-14 
404.295 917.442 273.144 18.5458 1.23602e-07 0.171 0.461531 1.83731e-14 
405.345 914.552 272.923 19.1356 1.22517e-07 0.165832 0.459184 1.06619e-14 
406.394 911.663 272.691 19.64 1.22327e-07 0.16257 0.456837 6.30465e-15 
407.444 908.774 272.447 20.0704 1.22285e-07 0.160512 0.45449 3.65345e-15 
408.494 905.885 272.192 20.437 1.2227e-07 0.159212 0.452143 2.13857e-15 
409.543 902.996 271.926 20.749 1.22261e-07 0.158392 0.449796 1.20858e-15 
410.593 900.107 271.649 21.0141 1.22254e-07 0.157875 0.447449 6.42878e-16 
411.642 897.218 271.36 21.2394 1.22249e-07 0.157548 0.445102 3.86927e-16 
412.692 894.329 271.061 21.4307 1.22245e-07 0.157341 0.442755 1.85926e-16 
413.741 891.44 270.75 21.593 1.22243e-07 0.157211 0.440408 1.41279e-16 
414.79 888.551 270.428 21.7307 1.2224e-07 0.157129 0.438061 4.27277e-17 
415.839 885.662 270.095 21.8476 1.22239e-07 0.157077 0.435714 6.79313e-17 
416.888 882.773 269.751 21.9467 1.22238e-07 0.157044 0.433367 2.60332e-17 
417.936 879.884 269.396 22.0308 1.22238e-07 0.157023 0.43102 -4.57473e-17 
418.985 876.995 269.029 22.1021 1.22238e-07 0.157009 0.428673 5.12551e-17 
420.034 874.106 268.652 22.1625 1.22239e-07 0.157001 0.426327 2.54097e-17 
421.082 871.217 268.264 22.2138 1.2224e-07 0.156994 0.42398 2.32796e-17 
422.131 868.328 267.864 22.2573 1.22241e-07 0.15699 0.421633 3.66873e-18 
423.179 865.439 267.453 22.2941 1.22242e-07 0.156985 0.419286 2.01674e-17 
424.228 862.55 267.032 22.3254 1.22244e-07 0.156981 0.416939 -1.11111e-18 
425.276 859.661 266.599 22.3519 1.22246e-07 0.156975 0.414592 3.23564e-17 
426.324 856.772 266.155 22.3743 1.22248e-07 0.156966 0.412245 1.84306e-17 
427.372 853.883 265.7 22.3933 1.2225e-07 0.156953 0.409898 3.88119e-17 
428.42 850.994 265.235 22.4095 1.22252e-07 0.156933 0.407551 1.95004e-17 
429.468 848.105 264.758 22.4231 1.22254e-07 0.156903 0.405204 5.86869e-17 
430.516 845.216 264.27 22.4347 1.22256e-07 0.156857 0.402857 4.07238e-17 
431.564 842.327 263.772 22.4444 1.22259e-07 0.156785 0.40051 7.71689e-17 
432.611 839.438 263.262 22.4527 1.22261e-07 0.156674 0.398163 9.44733e-17 
433.659 836.549 262.742 22.4596 1.22263e-07 0.156503 0.395816 1.04693e-16 
434.707 833.66 262.21 22.4655 1.22266e-07 0.15624 0.393469 1.57308e-16 
435.754 830.771 261.668 22.4704 1.22268e-07 0.155834 0.391122 1.54555e-16 
436.802 827.882 261.115 22.4745 1.22271e-07 0.155208 0.388776 2.02486e-16 
437.849 824.993 260.551 22.4779 1.22273e-07 0.154244 0.386429 2.40029e-16 
438.897 822.104 259.976 22.4807 1.22272e-07 0.152759 0.384082 2.59802e-16 
439.944 819.215 259.39 22.483 1.22255e-07 0.150473 0.381735 2.42842e-16 
440.991 816.326 258.794 22.4848 1.22151e-07 0.146954 0.379388 2.46496e-16 
442.039 813.437 258.186 22.4862 1.21567e-07 0.141541 0.377041 1.9959e-16 
443.086 810.548 257.568 22.4872 1.18334e-07 0.133213 0.374694 1.27343e-16 
444.133 807.659 256.94 22.4878 1.00393e-07 0.120393 0.372347 4.70646e-17 
445.18 804.77 256.3 22.4881 1.10257e-10 0.100635 0.369 0 
445.18 804.77 256.3 22.4881 1.10257e-10 0.100635 0.369 0 
451.52 798.43 257.703 22.5089 8.66731e-05 0.560833 0.482653 -5.31012e-13 
457.86 792.09 259.054 22.5234 9.05314e-05 0.733843 0.480306 -1.90378e-13 
464.2 785.75 260.354 22.5335 9.07032e-05 0.798565 0.477959 -6.80081e-14 
470.54 779.41 261.602 22.5405 9.07109e-05 0.822736 0.475612 -2.43032e-14 
476.88 773.07 262.797 22.5455 9.07112e-05 0.831757 0.473265 -8.57988e-15 
483.22 766.73 263.941 22.5489 9.07112e-05 0.835122 0.470918 -3.13426e-15 
489.56 760.39 265.032 22.5513 9.07112e-05 0.836377 0.468571 -1.08618e-15 
495.9 754.05 266.071 22.5529 9.07112e-05 0.836845 0.466224 -3.45415e-16 
502.24 747.71 267.057 22.5541 9.07112e-05 0.83702 0.463878 -1.7344e-16 
508.58 741.37 267.99 22.5549 9.07113e-05 0.837085 0.461531 -4.64413e-17 
514.92 735.03 268.87 22.5555 9.07113e-05 0.837109 0.459184 1.25444e-17 
521.26 728.69 269.698 22.5559 9.07113e-05 0.837118 0.456837 -3.3644e-17 
527.6 722.35 270.472 22.5561 9.07113e-05 0.837121 0.45449 1.76597e-17 
533.94 716.01 271.193 22.5563 9.07113e-05 0.837123 0.452143 1.91774e-17 
540.28 709.67 271.86 22.5565 9.07113e-05 0.837123 0.449796 -4.68136e-17 
546.62 703.33 272.474 22.5566 9.07113e-05 0.837123 0.447449 -6.53516e-18 
552.96 696.99 273.035 22.5566 9.07113e-05 0.837123 0.445102 1.81607e-17 
559.3 690.649 273.542 22.5567 9.07113e-05 0.837123 0.442755 1.51648e-17 
565.641 684.309 273.995 22.5567 9.07113e-05 0.837123 0.440408 4.96536e-17 
571.981 677.969 274.394 22.5567 9.07113e-05 0.837123 0.438061 -3.32311e-17 
578.321 671.629 274.74 22.5567 9.07113e-05 0.837123 0.435714 -1.92079e-17 
584.661 665.289 275.031 22.5568 9.07113e-05 0.837123 0.433367 -1.94307e-17 
591.001 658.949 275.269 22.5568 9.07113e-05 0.837123 0.43102 -1.98937e-17 
597.341 652.609 275.453 22.5568 9.07113e-05 0.837123 0.428673 -9.19326e-18 
603.681 646.269 275.582 22.5568 9.07113e-05 0.837123 0.426327 -2.90039e-17 
610.021 639.929 275.658 22.5568 9.07113e-05 0.837123 0.42398 9.29465e-18 
616.361 633.589 275.679 22.5568 9.07113e-05 0.837123 0.421633 -2.0018e-17 
622.701 627.249 275.647 22.5568 9.07114e-05 0.837123 0.419286 2.10478e-17 
629.041 620.909 275.56 22.5568 9.07114e-05 0.837123 0.416939 -1.08412e-17 
635.381 614.569 275.42 22.5568 9.07114e-05 0.837123 0.414592 1.22576e-17 
641.721 608.229 275.225 22.5568 9.07114e-05 0.837123 0.412245 -1.56666e-17 
648.061 601.889 274.977 22.5567 9.07114e-05 0.837123 0.409898 2.74724e-17 
654.401 595.549 274.674 22.5567 9.07114e-05 0.837123 0.407551 -2.24774e-18 
660.741 589.209 274.318 22.5567 9.07114e-05 0.837123 0.405204 -3.55315e-17 
667.081 582.869 273.908 22.5567 9.07114e-05 0.837123 0.402857 -5.76465e-18 
673.421 576.529 273.444 22.5566 9.07114e-05 0.837122 0.40051 -8.6898e-18 
679.761 570.189 272.926 22.5566 9.07114e-05 0.83712 0.398163 1.03709e-17 
686.101 563.849 272.355 22.5565 9.07114e-05 0.837113 0.395816 7.45565e-18 
692.441 557.509 271.73 22.5563 9.07114e-05 0.837097 0.393469 -5.7609e-18 
698.781 551.169 271.051 22.5561 9.07114e-05 0.837051 0.391122 7.04228e-18 
705.121 544.829 270.32 22.5558 9.07114e-05 0.83693 0.388776 1.78738e-17 
711.461 538.489 269.535 22.5554 9.07114e-05 0.836604 0.386429 7.39347e-17 
717.801 532.149 268.697 22.5548 9.07114e-05 0.835727 0.384082 1.04764e-16 
724.141 525.809 267.806 22.5539 9.07114e-05 0.833374 0.381735 2.18614e-16 
730.481 519.469 266.862 22.5527 9.07111e-05 0.827057 0.379388 3.67667e-16 
736.821 513.129 265.865 22.5509 9.07035e-05 0.810107 0.377041 5.581e-16 
743.161 506.789 264.816 22.5484 9.05317e-05 0.764659 0.374694 6.7938e-16 
749.501 500.449 263.714 22.5448 8.66741e-05 0.642967 0.372347 4.73017e-16 
755.841 494.109 262.56 22.5396 1.74624e-08 0.318427 0.369 0 
755.841 494.109 262.56 22.5396 1.74624e-08 0.318427 0.369 0 
747.469 513.757 262.576 21.6757 0.965077 0.322893 -0.188388 0.884452 
739.616 533.452 272.644 13.4894 0.967294 0.835388 -0.176775 0.489124 
738.799 558.471 282.872 5.8837 0.18091 1.11792 -0.141243 -0.809005 
744.7 586.424 285.047 5 -1.24141 0.651325 1.10477 -0.775732 
751.675 609.523 272.444 14.8105 -0.797666 0.203877 0.718983 -0.729102 
750.115 627.975 264.292 20.6218 -0.0406711 -0.216632 -0.130326 -0.672931 
743.381 642.057 263.917 20.4389 -0.0397565 -0.604689 -0.118714 -0.614522 
736.788 652.103 263.555 20.2559 -0.0388337 -0.959045 -0.107102 -0.56148 
730.337 658.463 263.205 20.0726 -0.0379196 -1.28286 -0.0954894 -0.5155 
724.029 661.455 262.867 19.8892 -0.0370363 -1.58023 -0.0838771 -0.471547 
717.863 661.354 262.542 19.7059 -0.0361975 -1.85236 -0.0722647 -0.422689 
711.842 658.422 262.229 19.523 -0.0353917 -2.09638 -0.0606524 -0.364071 
705.964 652.952 261.927 19.3408 -0.0345738 -2.30666 -0.0490402 -0.294421 
700.23 645.295 261.637 19.1592 -0.0336766 -2.47683 -0.037428 -0.216528 
694.639 635.867 261.359 18.9774 -0.0326477 -2.60212 -0.0258158 -0.136506 
689.193 625.137 261.095 18.7945 -0.0315004 -2.6813 -0.0142036 -0.0610027 
683.893 613.583 260.846 18.6096 -0.03035 -2.71696 -0.00259133 0.00586188 
678.741 601.657 260.612 18.4228 -0.0293948 -2.71406 0.00902093 0.0629996 
673.74 589.762 260.39 18.2357 -0.0288196 -2.67817 0.0206332 0.110763 
668.89 578.24 260.178 18.0515 -0.0286422 -2.61467 0.0322454 0.149673 
664.19 567.378 259.971 17.873 -0.0285824 -2.52864 0.0438577 0.180249 
659.635 557.411 259.768 17.7008 -0.0280716 -2.42484 0.0554699 0.203221 
655.22 548.524 259.573 17.5309 -0.0264954 -2.30765 0.0670822 0.21956 
650.944 540.855 259.397 17.3547 -0.0236402 -2.18087 0.0786944 0.230335 
646.811 534.505 259.253 17.1625 -0.0201412 -2.04769 0.0903067 0.236555 
642.835 529.54 259.149 16.9503 -0.0175811 -1.91072 0.101919 0.239074 
639.035 525.999 259.076 16.727 -0.0179182 -1.7721 0.113531 0.238571 
635.421 523.9 259.002 16.5161 -0.0222217 -1.63355 0.125143 0.235561 
631.982 523.242 258.887 16.3482 -0.0292132 -1.49651 0.136756 0.230442 
628.684 524.009 258.703 16.2417 -0.0346212 -1.36219 0.148368 0.223532 
625.474 526.174 258.464 16.1798 -0.032418 -1.23163 0.15998 0.215092 
622.31 529.696 258.249 16.0994 -0.0182942 -1.1057 0.171592 0.205351 
619.207 534.528 258.182 15.9074 0.00577392 -0.985151 0.183205 0.194508 
616.259 540.613 258.368 15.5326 0.0286636 -0.87062 0.194817 0.182734 
613.623 547.89 258.799 14.9967 0.0323808 -0.762643 0.206429 0.170181 
611.442 556.289 259.278 14.4624 0.00129148 -0.661668 0.218041 0.156982 
609.725 565.738 259.442 14.205 -0.0640222 -0.56807 0.229654 0.143258 
608.239 576.161 258.931 14.4766 -0.135857 -0.482151 0.241266 0.129121 
606.533 587.477 257.668 15.2928 -0.162015 -0.404153 0.252878 0.114682 
604.126 599.605 256.12 16.2554 -0.0893839 -0.334254 0.26449 0.100057 
600.869 612.461 255.311 16.5727 0.0952417 -0.272565 0.276103 0.0853743 
597.294 625.958 256.417 15.4022 0.326904 -0.219126 0.287715 0.0707868 
594.669 640.011 259.952 12.4725 0.45843 -0.173887 0.299327 0.0564868 
594.533 654.532 264.904 8.69522 0.317713 -0.136685 0.310939 0.042728 
597.678 669.438 268.456 6.28218 -0.175419 -0.107209 0.322552 0.0298598 
603.01 684.649 266.918 7.92959 -0.882226 -0.084945 0.334164 0.0183736 
607.085 700.092 258.001 15.0531 -1.4 -0.0690998 0.345776 0.00477434 
605.145 715.705 243.581 25.7856 -1.19149 -0.0631464 0.357388 4.68231e-07 
593.916 731.386 231.15 34.1597 0.0899997 -0.0624976 0.369 0 
593.916 731.386 231.15 34.1597 0.0899997 -0.0624976 0.369 0 
600.033 725.269 226.783 31.0703 0.00433409 -0.00310958 0.482653 -2.13632e-14 
606.151 719.152 222.405 28.7093 0.000262534 0.0201102 0.480306 -8.09203e-15 
612.268 713.035 218.017 26.9555 6.90552e-05 0.029188 0.477959 -2.8673e-15 
618.385 706.918 213.618 25.6802 5.98612e-05 0.0327369 0.475612 -1.1569e-15 
624.502 700.801 209.208 24.7652 5.94243e-05 0.0341243 0.473265 -4.23756e-16 
630.619 694.684 204.788 24.1136 5.94035e-05 0.0346666 0.470918 -1.02702e-16 
636.736 688.566 200.356 23.6516 5.94026e-05 0.0348787 0.468571 -8.53696e-17 
642.853 682.449 195.913 23.3246 5.94025e-05 0.0349616 0.466224 -1.29907e-17 
648.97 676.332 191.458 23.0934 5.94025e-05 0.034994 0.463878 3.65498e-17 
655.088 670.215 186.991 22.93 5.94025e-05 0.0350066 0.461531 1.20546e-17 
661.205 664.098 182.513 22.8146 5.94025e-05 0.0350116 0.459184 -8.8585e-18 
667.322 657.981 178.023 22.7331 5.94025e-05 0.0350135 0.456837 -3.25107e-17 
673.439 651.864 173.52 22.6756 5.94025e-05 0.0350143 0.45449 2.77395e-17 
679.556 645.747 169.006 22.6349 5.94025e-05 0.0350146 0.452143 -3.99337e-17 
685.673 639.629 164.478 22.6062 5.94025e-05 0.0350147 0.449796 3.47296e-17 
691.79 633.512 159.938 22.5859 5.94025e-05 0.0350148 0.447449 2.09422e-17 
697.907 627.395 155.384 22.5716 5.94025e-05 0.0350148 0.445102 -1.6354e-17 
704.025 621.278 150.818 22.5615 5.94025e-05 0.0350148 0.442755 8.24341e-17 
710.142 615.161 146.237 22.5544 5.94025e-05 0.0350148 0.440408 4.74337e-19 
716.259 609.044 141.643 22.5493 5.94026e-05 0.0350148 0.438061 -3.23115e-18 
722.376 602.927 137.036 22.5457 5.94026e-05 0.0350148 0.435714 -3.60913e-17 
728.493 596.81 132.413 22.5432 5.94026e-05 0.0350148 0.433367 -2.18492e-17 
734.61 590.692 127.776 22.5415 5.94026e-05 0.0350148 0.43102 3.17083e-17 
740.727 584.575 123.124 22.5402 5.94026e-05 0.0350148 0.428673 1.76912e-17 
746.844 578.458 118.457 22.5393 5.94026e-05 0.0350148 0.426327 3.7556e-17 
752.962 572.341 113.775 22.5387 5.94026e-05 0.0350148 0.42398 2.54587e-17 
759.079 566.224 109.076 22.5382 5.94026e-05 0.0350148 0.421633 1.98691e-18 
765.196 560.107 104.361 22.5379 5.94026e-05 0.0350148 0.419286 -1.09952e-18 
771.313 553.99 99.6295 22.5377 5.94026e-05 0.0350148 0.416939 2.14249e-17 
777.43 547.873 94.8806 22.5375 5.94026e-05 0.0350148 0.414592 2.07694e-17 
783.547 541.755 90.114 22.5374 5.94026e-05 0.0350148 0.412245 -1.31548e-17 
789.664 535.638 85.3291 22.5373 5.94026e-05 0.0350148 0.409898 -2.39417e-17 
795.781 529.521 80.5253 22.5373 5.94026e-05 0.0350148 0.407551 -2.18521e-17 
801.899 523.404 75.7021 22.5372 5.94026e-05 0.0350148 0.405204 -3.35527e-20 
808.016 517.287 70.8587 22.5372 5.94026e-05 0.0350147 0.402857 -1.20701e-17 
814.133 511.17 65.9943 22.5371 5.94026e-05 0.0350147 0.40051 -2.20494e-17 
820.25 505.053 61.108 22.537 5.94026e-05 0.0350145 0.398163 1.30426e-17 
826.367 498.936 56.1989 22.537 5.94027e-05 0.0350141 0.395816 8.97719e-18 
832.484 492.818 51.2656 22.5369 5.94027e-05 0.035013 0.393469 6.59047e-18 
838.601 486.701 46.307 22.5367 5.94027e-05 0.0350102 0.391122 -8.99169e-19 
844.718 480.584 41.3214 22.5365 5.94027e-05 0.0350031 0.388776 -1.72059e-18 
850.836 474.467 36.3068 22.5362 5.94027e-05 0.034985 0.386429 -1.13343e-18 
856.953 468.35 31.2609 22.5358 5.94027e-05 0.0349387 0.384082 -1.2533e-18 
863.07 462.233 26.1806 22.5353 5.94027e-05 0.03482 0.381735 -8.22311e-18 
869.187 456.116 21.0619 22.5345 5.94025e-05 0.0345167 0.379388 9.59007e-18 
875.304 449.999 15.899 22.5333 5.93967e-05 0.0337406 0.377041 7.82235e-18 
881.421 443.881 10.683 22.5317 5.92751e-05 0.0317555 0.374694 9.59295e-18 
887.538 437.764 5.39783 22.5295 5.67143e-05 0.0266778 0.372347 4.6349e-18 
893.655 431.647 0.00234548 22.5263 2.82281e-06 0.0136893 0.369 0 
