grtopS_32_5
50
2 2
5 5 
0 2 3 1 5 
0 2 3 1 5 
1074.98 49.1456 86.0823 48.0377 
1243.83 28.4335 2.56069e-09 89.1003 
21.9383 1.00297 1.75678 0.98036 
25.3843 0.580275 5.2259e-11 1.81837 
1.49076e-11 0.263847 0.455169 0.736172 
1.44689e-06 0.148005 9.03147 1.47095 
376.93 955.8 565.18 29.2757 0.725813 0 0.057311 0 
376.93 955.8 565.18 29.2757 0.725813 -3.88708e-10 0.0592909 -0.105568 
376.93 955.8 565.18 29.2553 0.915705 -0.775797 0.0525104 0.121643 
4.24883 874.515 656.104 5.00017 1.18642 -0.0680317 0.126828 0.0795966 
21.4354 279.826 523.885 11.7539 0.968321 0.0653514 0.110658 0.0509681 
30.1806 -111.069 385.239 30.1581 0.703864 0.20216 0.0546096 -0.00311111 
28.6054 -87.234 387.544 29.1604 0.717908 0.200814 0.0576481 -0.000210881 
27.648 -85.7553 382.068 29.2131 0.716925 0.207015 0.0574835 -0.000378399 
26.6659 -82.9938 376.887 29.2004 0.716625 0.212947 0.057531 -0.00037097 
25.6919 -80.3126 371.377 29.2306 0.716081 0.219229 0.057432 -0.000462004 
24.7133 -76.9031 366.045 29.1984 0.716267 0.225375 0.0575288 -0.000383174 
23.763 -74.1017 360.334 29.1939 0.716023 0.231918 0.0575425 -0.000386965 
22.8235 -71.2711 354.439 29.1914 0.715777 0.238672 0.0575483 -0.000394975 
21.8957 -68.3757 348.391 29.1827 0.715605 0.245608 0.0575733 -0.000385606 
20.9826 -65.5494 342.133 29.1753 0.715404 0.252783 0.0575943 -0.000380832 
20.0838 -62.7594 335.671 29.1676 0.715181 0.260189 0.0576162 -0.000377579 
19.1986 -60.0005 328.989 29.1621 0.714879 0.267837 0.0576336 -0.000383686 
18.3231 -57.2034 322.083 29.1625 0.714544 0.275737 0.0576308 -0.000402961 
17.4544 -54.2572 315.02 29.1526 0.714354 0.283824 0.0576585 -0.000392143 
16.5972 -51.3914 307.724 29.1415 0.71416 0.292176 0.0576907 -0.000378897 
15.7504 -48.6261 300.171 29.1319 0.713924 0.300816 0.0577181 -0.000371448 
14.9118 -45.9173 292.366 29.123 0.713667 0.309742 0.0577435 -0.000366513 
14.0804 -43.2454 284.308 29.1138 0.7134 0.318956 0.0577698 -0.000361577 
13.2555 -40.6107 275.987 29.1047 0.713115 0.328468 0.0577956 -0.000357996 
12.4364 -38.0035 267.396 29.0957 0.712811 0.338286 0.0578215 -0.000355655 
11.6225 -35.4148 258.529 29.0872 0.712489 0.34842 0.0578456 -0.00035541 
10.8129 -32.8282 249.383 29.0778 0.712163 0.35887 0.0578722 -0.000353624 
10.0076 -30.2557 239.944 29.0685 0.711822 0.369654 0.0578987 -0.000352692 
9.20592 -27.691 230.207 29.0589 0.71147 0.380778 0.0579262 -0.00035176 
8.40739 -25.1342 220.159 29.0491 0.711104 0.392254 0.057954 -0.00035132 
7.61145 -22.5817 209.794 29.0391 0.710726 0.404093 0.0579827 -0.000350957 
6.81757 -20.0332 199.101 29.0289 0.710332 0.416305 0.0580116 -0.000351205 
6.0251 -17.4839 188.07 29.0183 0.709928 0.4289 0.0580418 -0.000351187 
5.23356 -14.9359 176.691 29.0074 0.709509 0.441893 0.0580727 -0.000351375 
4.44235 -12.3876 164.952 28.9963 0.709076 0.455294 0.0581044 -0.000351795 
3.65094 -9.83758 152.844 28.9849 0.708628 0.469117 0.0581369 -0.000352561 
2.85872 -7.28371 140.354 28.9732 0.708163 0.483373 0.0581702 -0.000353613 
2.06485 -4.72322 127.47 28.9613 0.707682 0.498078 0.0582041 -0.000355013 
1.26883 -2.15347 114.182 28.949 0.707188 0.513243 0.0582386 -0.000356836 
0.470226 0.425287 100.478 28.936 0.706645 0.52888 0.0582765 -0.000361282 
-0.333001 3.02202 86.3227 28.9289 0.705965 0.545017 0.0582969 -0.000386379 
-1.1478 5.7932 71.7385 28.9259 0.705182 0.561636 0.0583118 -0.000419296 
-1.97789 8.84864 56.7342 28.9264 0.704891 0.578781 0.0582334 -0.000503492 
-2.80109 12.0351 41.5967 28.8362 0.699971 0.595592 0.0584966 -0.00188626 
-3.85091 15.8396 22.7829 29.7021 0.666508 0.607064 0.0565619 -0.00914917 
-9.70802 48.1173 0.502031 32.9904 0.61217 0.597969 0.0469366 -0.020181 
-32.1543 157.518 0.00163587 34.2157 0.602258 0.561074 0.0432957 0.0196898 
-72.5989 291.25 12.5819 33.2768 0.646 0.826899 0.0458495 0.0438146 
21.5542 390.928 32.5027 26.2886 0.859693 1.22713 0.0510803 -0.0167655 
318.898 284.841 53.3206 5.00005 0.0899857 0.972672 0.056311 0 
318.898 284.841 53.3206 5.00005 0.0899857 0.972672 0.056311 0 
326.133 316.919 55.1109 5 -1.24539 0.710124 1.15369 -1.02854 
333.744 345.712 40.1895 17.1081 -0.385389 -0.263998 -0.00622793 -1.00712 
328.614 362.323 35.7879 20.6813 -0.270703 -1.2238 -0.165163 -0.985691 
319.753 366.926 32.7498 22.9589 -0.0311721 -2.16924 -0.153551 -0.964247 
308.462 359.699 32.6636 22.7637 -0.0311434 -3.10031 -0.141939 -0.942775 
297.356 340.82 32.5817 22.5778 -0.0325457 -4.01694 -0.130327 -0.921232 
286.425 310.47 32.486 22.414 -0.0342646 -4.91904 -0.118714 -0.899395 
275.647 268.83 32.3721 22.2734 -0.0336761 -5.80619 -0.107102 -0.484447 
264.999 216.087 32.2684 22.1324 -0.0280507 -6.27928 -0.0954898 0.424502 
254.483 157.424 32.2379 21.9428 -0.0175297 -6.11249 -0.0838776 0.834204 
244.156 100.848 32.3428 21.6621 -0.00793156 -5.27506 -0.0722653 0.813382 
234.118 54.7521 32.5735 21.3065 -0.0100463 -4.45122 -0.0606531 0.792071 
224.452 18.9658 32.7849 20.9937 -0.0325813 -3.64163 -0.0490408 0.77057 
215.119 -6.68911 32.7205 20.9145 -0.0701702 -2.84657 -0.0374286 0.748854 
205.88 -22.3943 32.1873 21.1932 -0.094889 -2.06635 -0.0258163 0.726646 
196.363 -28.335 31.3392 21.6781 -0.0644925 -1.30165 -0.0142041 0.702346 
186.338 -24.7055 30.8617 21.8277 0.0446528 -0.555377 -0.00259184 -0.384706 
176.132 -11.7366 31.7472 20.9195 0.191625 -0.726549 0.00902041 -0.644519 
166.819 -0.910547 34.4902 18.6796 0.25046 -1.42183 0.0206327 -0.107684 
159.8 1.21262 38.0144 16.0557 0.0645807 -1.61761 0.0322449 0.594169 
155.545 0.883515 39.265 15.4092 0.0207339 -0.962137 0.0438571 -0.273299 
151.988 8.75685 39.9798 15.2265 0.0216366 -1.37477 0.0554694 -0.57059 
148.627 11.4661 40.7097 15.0437 0.0225705 -2.02738 0.0670816 -0.552829 
145.461 6.00805 41.4548 14.8605 0.0235216 -2.67056 0.0786939 -0.531947 
142.49 -7.49927 42.2156 14.6767 0.0244424 -3.29998 0.0903061 -0.508874 
139.717 -28.8837 42.9915 14.4928 0.0252703 -3.91261 0.101918 0.367696 
137.141 -57.9349 43.7816 14.3095 0.0259831 -3.47933 0.113531 0.468242 
134.773 -81.564 44.5842 14.128 0.0266655 -2.89513 0.125143 0.448864 
132.612 -97.8823 45.399 13.9484 0.0275251 -2.32263 0.136755 0.428092 
130.658 -107.036 46.2281 13.7689 0.0287834 -1.76378 0.148367 0.406981 
128.91 -109.196 47.0766 13.5855 0.0304409 -1.21905 0.15998 0.385738 
127.372 -104.54 47.9495 13.395 0.0320472 -0.688619 0.171592 0.364432 
126.051 -93.2449 48.8464 13.1983 0.0327441 -0.172592 0.183204 0.343091 
124.956 -75.4925 49.7559 13.0046 0.0318143 0.328978 0.194816 0.321728 
124.083 -51.4633 50.6576 12.8291 0.0296367 0.816053 0.206429 0.300351 
123.413 -21.3387 51.5357 12.6822 0.0283921 1.28861 0.218041 0.278963 
122.918 14.6996 52.4011 12.5528 0.0314614 1.74662 0.229653 0.257566 
122.578 56.4695 53.3075 12.3983 0.0408452 2.19006 0.241265 0.236162 
122.419 103.789 54.3344 12.1606 0.0534771 2.61893 0.252878 0.214751 
122.524 156.475 55.5242 11.8156 0.0594507 3.0332 0.26449 0.193332 
123.007 214.346 56.7957 11.4355 0.0461434 3.43285 0.276102 0.171904 
123.911 277.217 57.9082 11.2067 0.00967195 3.81786 0.287714 0.150463 
125.086 344.907 58.5689 11.3373 -0.0316858 4.18822 0.299327 0.129004 
126.16 417.231 58.7095 11.8447 -0.0352375 4.54388 0.310939 0.107513 
126.733 494.007 58.7954 12.3381 0.0431186 4.8848 0.322551 0.0859588 
126.797 575.05 59.852 12.0388 0.200517 5.21088 0.334163 0.0642501 
127.152 660.174 62.8843 10.2589 0.341815 5.52189 0.345776 0.0419281 
129.335 749.188 67.7207 7.27235 0.291716 5.81697 0.357388 -0.00162385 
134.65 841.892 71.99 5 -0.09 5.73476 0.369 0 
134.65 841.892 71.99 5 -0.09 5.73476 0.369 0 
148.401 1001.55 71.1735 6.78173 -1.18957 5.28602 1.15369 -1.02858 
159.462 1151.37 46.1917 25.8872 0.312723 3.59067 -0.176776 -1.00717 
135.179 1264.06 53.4692 19.4075 0.842921 1.91973 -0.165163 -0.985763 
122.336 1340.11 72.5964 5 0.0518707 0.273238 0.70597 -0.964352 
135.956 1380.05 74.8898 5 0.0518698 -1.34872 0.70597 -0.942939 
149.649 1384.43 77.1832 5 0.051869 -2.94616 0.70597 -0.921521 
163.415 1353.8 79.4765 5 0.0518682 -4.51904 0.70597 -0.900082 
177.254 1288.69 81.7699 5 0.0518673 -6.06728 0.70597 0.129966 
191.167 1189.65 84.0632 5 0.0518672 -6.27993 0.70597 0.142139 
205.177 1085.94 86.3565 5 0.0518672 -6.27993 0.70597 0.143478 
219.287 982.229 88.6498 5 0.0518672 -6.27993 0.70597 0.146288 
233.499 878.521 90.9431 5 0.0518672 -6.27994 0.70597 0.25466 
247.811 774.812 93.2364 5 0.0518672 -6.27995 0.70597 0.590196 
262.223 671.103 95.5297 5 0.0518675 -5.76798 0.70597 0.75026 
276.746 578.617 97.8231 5 0.0518682 -4.40751 0.70597 0.728863 
291.392 515.953 100.116 5 0.0518689 -3.07174 0.70597 0.707451 
306.163 482.57 102.41 5 0.0518696 -1.76076 0.70597 -0.361915 
321.058 477.923 104.703 5 0.0518694 -2.17711 0.70597 -0.00294054 
336.046 464.149 106.996 5 0.0518692 -2.45042 0.70597 0.000451945 
351.129 444.385 109.29 5 0.0518692 -2.45066 0.70597 0.000470569 
366.314 424.615 111.583 5 0.0518692 -2.45061 0.70597 0.000481084 
381.599 404.847 113.877 5 0.0518692 -2.45055 0.70597 0.00047548 
396.985 385.079 116.17 5 0.0518692 -2.45042 0.70597 0.000490813 
412.472 365.315 118.463 5 0.0518692 -2.45013 0.70597 0.000439835 
428.06 345.556 120.757 5 0.0518693 -2.44986 0.705969 0.000461824 
443.748 325.804 123.05 5 0.0518667 -2.44944 0.706013 0.000460355 
459.537 306.061 125.343 5 0.0520087 -2.44895 0.703567 0.00054212 
475.426 286.329 127.64 5 0.044137 -2.44819 0.703378 0.000581065 
491.42 266.613 129.764 5.13146 0.0358502 -2.44711 0.697122 0.000585898 
507.28 246.921 131.701 5.38839 0.0345961 -2.44611 0.680816 0.000662861 
522.775 227.252 133.602 5.64531 0.0333419 -2.44471 0.66451 0.000768955 
537.902 207.613 135.467 5.90223 0.032086 -2.44283 0.648204 0.000884813 
552.66 188.016 137.295 6.15917 0.0308268 -2.44041 0.631898 0.00104766 
567.048 168.473 139.086 6.41618 0.0295691 -2.43722 0.615592 0.00109911 
581.064 149 140.841 6.67324 0.0283285 -2.43366 0.599286 -0.000803822 
594.706 129.605 142.56 6.93004 0.0271127 -2.43866 0.58298 -0.0230162 
607.973 110.101 144.242 7.18621 0.0258685 -2.5513 0.566673 0.241085 
620.862 88.1279 145.889 7.44231 0.024466 -1.81725 0.550367 0.234409 
633.387 82.246 147.496 7.701 0.0228955 -1.08082 0.534061 0.148437 
645.542 92.5072 149.059 7.96472 0.021699 -0.504377 0.517755 -0.0193095 
657.314 115.405 150.587 8.2265 0.02191 -0.640627 0.501449 -0.000176438 
668.689 135.316 152.11 8.46315 0.0230903 -0.641586 0.485143 -8.03214e-05 
679.716 155.206 153.651 8.66208 0.0199952 -0.641585 0.468837 -5.87005e-05 
690.462 175.097 155.117 8.9 0.00490397 -0.641652 0.452531 -0.00321687 
700.862 194.986 156.244 9.37138 -0.0137789 -0.724045 0.436224 0.000396824 
710.489 213.07 156.945 10.1028 0.0125207 -0.644021 0.419918 0.065119 
718.853 232.91 158.196 10.3069 0.136634 -0.109265 0.403612 0.04376 
726.868 264.471 162.161 8.42776 0.246537 0.400137 0.387306 -0.000776692 
738.319 307.197 168.601 5 -0.09 0.182071 0.369 0 
738.319 307.197 168.601 5 -0.09 0.182071 0.369 0 
746.421 327.887 167.155 5.51209 -0.343283 -0.553055 1.15369 -1.02841 
754.04 339.585 162.601 7.91684 -0.288977 -1.98395 1.13739 -0.918181 
759.164 333.782 158.664 9.63331 -0.148014 -3.31101 1.12108 -0.878047 
762.461 311.747 156.418 9.90987 0.160029 -4.44995 0.781045 -0.896457 
765.346 275.78 157.934 7.48118 -0.125579 -5.6914 1.08847 0.301002 
770.706 224.625 156.005 7.73811 -0.126835 -5.93578 1.07216 0.403536 
775.765 170.481 154.055 7.99504 -0.12809 -5.91988 1.05586 0.408291 
780.525 116.531 152.084 8.25198 -0.129346 -5.90216 1.03955 0.738089 
784.985 62.7988 150.093 8.50893 -0.130601 -4.85783 1.02324 0.789261 
789.155 21.8413 148.082 8.76589 -0.131853 -3.70295 1.00694 0.767452 
793.035 -4.98896 146.05 9.02283 -0.133103 -2.5506 0.990633 0.746589 
796.625 -17.723 143.999 9.27972 -0.134352 -1.4136 0.974327 0.715592 
799.924 -16.5485 141.926 9.53657 -0.135605 -0.325466 0.95802 -0.670325 
802.932 -2.06331 139.834 9.79342 -0.136868 -1.35679 0.941714 -0.0360098 
805.627 -0.19352 137.721 10.0503 -0.13814 -1.54491 0.925408 0.00682978 
808.017 -0.624686 135.587 10.3074 -0.139413 -1.51053 0.909102 0.00027689 
810.104 -0.635105 133.433 10.5647 -0.140667 -1.50996 0.892796 2.62088e-05 
811.885 -0.638313 131.258 10.8219 -0.141885 -1.50979 0.87649 -0.000139242 
813.362 -0.639249 129.063 11.0788 -0.143071 -1.51028 0.860184 0.000138936 
814.533 -0.645983 126.849 11.335 -0.144266 -1.50953 0.843878 -7.25492e-05 
815.399 -0.643354 124.615 11.5907 -0.145546 -1.50974 0.827571 -3.27771e-05 
815.96 -0.64315 122.361 11.8467 -0.146965 -1.5098 0.811265 -1.19047e-05 
816.216 -0.643465 120.084 12.1044 -0.148483 -1.50981 0.794959 -5.61465e-05 
816.163 -0.643624 117.784 12.3644 -0.149916 -1.50999 0.778653 5.32653e-05 
815.799 -0.645855 115.461 12.6259 -0.150984 -1.50962 0.762347 -4.39284e-05 
815.123 -0.643315 113.119 12.8852 -0.151531 -1.5098 0.746041 -0.000153993 
814.135 -0.642803 110.766 13.1378 -0.151807 -1.51062 0.729735 0.000262493 
812.841 -0.652101 108.405 13.3816 -0.152602 -1.50901 0.713429 -0.00012977 
811.251 -0.64155 106.029 13.6222 -0.154923 -1.50975 0.697122 -1.16459e-05 
809.368 -0.639912 103.62 13.874 -0.159123 -1.50979 0.680816 -4.34012e-06 
807.18 -0.638537 101.155 14.1537 -0.163873 -1.50978 0.66451 -7.68896e-05 
804.658 -0.636735 98.6257 14.464 -0.165943 -1.51029 0.648204 0.000126119 
801.771 -0.641014 96.0654 14.7777 -0.161811 -1.50925 0.631898 -5.2734e-05 
798.513 -0.63236 93.5495 15.0367 -0.15118 -1.50969 0.615592 -2.77567e-06 
794.936 -0.628851 91.1585 15.185 -0.140477 -1.50972 0.599286 -1.88153e-05 
791.153 -0.625519 88.8956 15.2306 -0.142543 -1.50982 0.58298 0.00184135 
787.27 -0.623435 86.6065 15.3006 -0.169083 -1.48288 0.566673 0.00704676 
783.269 -0.291781 83.9913 15.6209 -0.216917 -1.40423 0.550367 -0.173139 
778.903 1.00226 80.7848 16.3695 -0.256744 -2.17548 0.534061 -0.0581827 
773.727 -7.13745 77.0764 17.438 -0.239029 -2.68671 0.517755 0.139322 
767.403 -21.5299 73.5638 18.2652 -0.127548 -1.89833 0.501449 0.112371 
760.162 -26.2779 71.3986 17.9978 0.0483938 -1.11445 0.485143 0.0804525 
753.095 -21.4372 71.3909 16.1231 0.161017 -0.341353 0.468837 0.0484343 
747.846 -7.14115 72.7976 13.3586 0.0249827 0.420401 0.452531 0.0306088 
745.381 16.4708 72.5944 12.0892 -0.459244 1.17004 0.436224 0.0102384 
744.282 49.2517 66.4929 15.4362 -1.11338 1.90296 0.419918 0.0223629 
739.919 91.0004 52.3241 24.613 -1.4 2.64189 0.345776 0.00125104 
726.292 141.795 34.4693 35.7657 -0.754534 3.35008 0.387306 0.000329913 
701.144 201.262 24.2914 40 1.25483 3.43188 0.369 0 
376.93 955.8 565.18 29.2757 0.725813 0 0.057311 0 
376.93 955.8 565.18 29.2757 0.725813 6.43849e-10 0.0574206 -0.00553842 
376.93 955.8 565.18 29.2744 0.737976 -0.047094 0.0570243 0.00665997 
350.753 949.776 571.919 27.4525 0.761075 -0.00426066 0.0625856 0.00599238 
352.661 897.767 560.801 27.9063 0.752087 0.00669386 0.0612648 0.00474824 
353.603 858.808 552.333 28.1953 0.746033 0.0172648 0.0604287 0.00369649 
355.047 828.321 545.369 28.4076 0.741537 0.0257598 0.0598146 0.00291706 
356.793 804.084 539.484 28.5658 0.738148 0.0327273 0.0593572 0.00234272 
358.677 784.522 534.379 28.6852 0.735551 0.038656 0.0590121 0.00191094 
360.617 768.507 529.843 28.7764 0.73353 0.0438589 0.0587487 0.0015801 
362.571 755.22 525.719 28.8468 0.731931 0.0485412 0.0585451 0.00132261 
364.51 744.059 521.894 28.902 0.730645 0.0528474 0.0583858 0.00111924 
366.415 734.58 518.283 28.9458 0.72959 0.0568834 0.0582595 0.000956058 
368.272 726.453 514.823 28.9811 0.728708 0.060728 0.0581576 0.00082281 
370.071 719.43 511.468 29.01 0.727954 0.0644404 0.058074 0.000711861 
371.803 713.33 508.182 29.0343 0.727294 0.0680649 0.0580041 0.000617484 
373.465 708.016 504.938 29.055 0.726704 0.0716352 0.0579443 0.00053535 
375.053 703.386 501.715 29.0732 0.726165 0.0751763 0.0578919 0.000462167 
376.564 699.369 498.499 29.0896 0.72566 0.0787074 0.0578448 0.000395415 
377.997 695.911 495.279 29.1046 0.725181 0.0822427 0.0578016 0.000333148 
379.351 692.974 492.045 29.1188 0.724717 0.0857927 0.0577608 0.000273864 
380.626 690.536 488.792 29.1324 0.724261 0.0893651 0.0577217 0.000216399 
381.822 688.581 485.515 29.1457 0.72381 0.0929654 0.0576835 0.000159865 
382.94 687.101 482.212 29.1589 0.723358 0.0965972 0.0576456 0.000103602 
383.981 686.095 478.88 29.1721 0.722904 0.100263 0.0576077 4.71583e-05 
384.944 685.564 475.518 29.1854 0.722448 0.103963 0.0575695 -9.7198e-06 
385.832 685.51 472.127 29.1988 0.721988 0.107698 0.0575312 -6.70415e-05 
386.642 685.936 468.705 29.2121 0.721529 0.111467 0.057493 -0.000124434 
387.376 686.841 465.252 29.2251 0.721077 0.115268 0.0574556 -0.000180851 
388.032 688.217 461.767 29.2375 0.720638 0.119103 0.0574199 -0.000234198 
388.608 690.045 458.248 29.2487 0.720229 0.122981 0.0573878 -0.000281311 
389.106 692.286 454.688 29.2577 0.719867 0.126924 0.0573617 -0.000319105 
389.536 694.876 451.079 29.2632 0.719582 0.130955 0.0573454 -0.000347643 
389.917 697.713 447.405 29.2634 0.719418 0.135067 0.0573444 -0.000374066 
390.253 700.633 443.643 29.2555 0.719442 0.13914 0.0573665 -0.000412602 
390.464 703.391 439.761 29.2358 0.719751 0.142859 0.057422 -0.000472327 
390.279 705.624 435.719 29.1996 0.720474 0.145719 0.0575248 -0.00052694 
389.12 706.813 431.47 29.141 0.721759 0.147295 0.0576913 -0.000475324 
386.139 706.256 426.947 29.0531 0.723737 0.147852 0.0579403 -0.000125346 
380.598 703.054 422.043 28.9282 0.726489 0.149142 0.0582932 0.000752798 
372.661 696.124 416.565 28.7572 0.730039 0.154775 0.0587756 0.00228163 
364.379 684.195 410.178 28.5282 0.734425 0.169382 0.0594219 0.00429041 
360.164 665.754 402.37 28.2249 0.739844 0.196095 0.0602799 0.00622459 
365.842 638.882 392.465 27.8275 0.746777 0.233107 0.0614094 0.00730267 
385.806 601.045 379.717 27.3198 0.755842 0.271422 0.0628582 0.00693109 
418.978 549.098 363.454 26.7147 0.766986 0.296295 0.0645976 0.00514203 
455.655 480.165 343.191 26.1219 0.778107 0.293314 0.0663639 0.00271126 
477.815 394.491 319.121 25.7549 0.789593 0.257047 0.0670554 0.000757189 
464.543 296.184 295.253 24.9933 0.773052 0.191137 0.0642333 -1.48813e-05 
399.487 191.576 249.357 30.8953 0.000627967 0.137425 0.056311 0 
399.487 191.576 249.357 30.8953 0.000627967 0.137425 0.056311 0 
388.794 203.958 249.145 29.865 0.776328 0.120742 -0.188388 -0.0922838 
378.582 216.219 254.561 24.6887 1.21012 0.0794795 -0.176775 -0.116994 
371.39 228.179 263.177 17.3633 1.29771 0.0267407 -0.165163 -0.273587 
368.559 239.754 272.513 9.89726 0.894663 -0.0991533 -0.153551 -0.407767 
370.253 250.414 279.018 5 -0.00447989 -0.291118 -0.141938 -0.427302 
375.011 259.682 279.069 5.28304 -1.21929 -0.494477 0.886626 -0.421891 
379.781 267.477 270.321 11.9158 -1.29201 -0.696809 1.05585 -0.389616 
380.585 273.81 260.97 18.5821 -0.726151 -0.884382 0.726178 -0.332167 
377.303 278.788 255.638 21.9222 -0.0644046 -1.0444 -0.0954883 -0.254625 
371.909 282.609 255.059 21.7221 -0.067775 -1.16696 -0.0838769 -0.168034 
366.622 285.543 254.458 21.5462 -0.0722876 -1.24785 -0.0722648 -0.0883401 
361.43 287.891 253.826 21.3998 -0.0762653 -1.29049 -0.0606526 -0.0282939 
356.313 289.931 253.168 21.2785 -0.0776928 -1.3042 -0.0490404 0.00942634 
351.257 291.871 252.5 21.1671 -0.0748698 -1.29951 -0.0374281 0.0305926 
346.255 293.844 251.854 21.0417 -0.0671551 -1.28427 -0.0258158 0.0438177 
341.316 295.929 251.265 20.876 -0.0555511 -1.2622 -0.0142034 0.0563529 
336.463 298.172 250.762 20.6505 -0.0428544 -1.23347 -0.00259104 0.07221 
331.732 300.624 250.354 20.3619 -0.0331769 -1.19616 0.00902126 0.0919763 
327.161 303.346 250.019 20.03 -0.0308149 -1.14791 0.0206335 0.113727 
322.778 306.417 249.705 19.697 -0.0386833 -1.08722 0.0322456 0.13451 
318.585 309.927 249.338 19.4193 -0.0567675 -1.01403 0.0438578 0.151785 
314.551 313.967 248.843 19.2507 -0.0811842 -0.929655 0.05547 0.164236 
310.612 318.618 248.174 19.2208 -0.104403 -0.836188 0.0670822 0.171796 
306.684 323.945 247.336 19.3165 -0.116916 -0.735921 0.0786944 0.175213 
302.69 329.999 246.407 19.4729 -0.110201 -0.630869 0.0903067 0.175545 
298.592 336.813 245.525 19.5812 -0.0802589 -0.522544 0.101919 0.173787 
294.415 344.412 244.858 19.5158 -0.0305844 -0.411938 0.113531 0.170674 
290.26 352.811 244.552 19.1761 0.0267353 -0.299633 0.125144 0.16663 
286.289 362.024 244.665 18.5329 0.0728235 -0.185965 0.136756 0.161813 
282.687 372.059 245.118 17.6626 0.0869638 -0.0711917 0.148368 0.15622 
279.596 382.925 245.685 16.7517 0.0538423 0.0444041 0.15998 0.149796 
277.046 394.627 246.022 16.0625 -0.0289178 0.160459 0.171592 0.142506 
274.914 407.169 245.768 15.858 -0.145685 0.27654 0.183205 0.134376 
272.915 420.552 244.67 16.3026 -0.262924 0.392175 0.194817 0.125492 
270.659 434.772 242.719 17.3684 -0.336106 0.506907 0.206429 0.115981 
267.768 449.823 240.226 18.7833 -0.323002 0.62033 0.218041 0.10599 
264.018 465.696 237.811 20.0556 -0.200404 0.732108 0.229654 0.0956649 
259.478 482.379 236.269 20.5888 0.0209682 0.841985 0.241266 0.0851408 
254.576 499.858 236.323 19.8736 0.289579 0.94978 0.252878 0.0745406 
250.05 518.117 238.331 17.7089 0.519405 1.05538 0.26449 0.0639817 
246.777 537.139 242.028 14.3766 0.611346 1.15871 0.276103 0.0535875 
245.478 556.908 246.429 10.6913 0.486495 1.25978 0.287715 0.0434984 
246.4 577.408 249.969 7.864 0.122497 1.35864 0.299327 0.0338826 
249.066 598.621 250.906 7.17143 -0.419764 1.45541 0.310939 0.0249427 
252.227 620.535 247.925 9.49489 -0.99234 1.55028 0.322552 0.0169202 
254.081 643.137 240.772 14.859 -1.3881 1.64356 0.334164 0.0100948 
252.776 666.417 230.691 22.1465 -1.4 1.73567 0.345776 0.00279866 
247.099 690.367 220.439 29.1519 -0.899393 1.80311 0.357388 -9.00349e-06 
237.138 714.808 213.73 33.2122 0.0899999 1.80312 0.369 0 
237.138 714.808 213.73 33.2122 0.0899999 1.80312 0.369 0 
246.169 706.485 216.749 29.211 0.00196295 0.479872 0.482653 -1.65627e-13 
255.201 698.162 219.662 26.588 -5.66825e-05 0.126276 0.480306 -4.17357e-14 
264.232 689.839 222.466 24.9485 -0.00010301 0.0332466 0.477959 -1.04279e-14 
273.264 681.517 225.162 23.9483 -0.000104073 0.0087981 0.475612 -2.69068e-15 
282.295 673.194 227.749 23.3443 -0.000104097 0.00237345 0.473265 -6.72093e-16 
291.327 664.872 230.226 22.9809 -0.000104098 0.000685164 0.470918 -2.07962e-16 
300.358 656.549 232.592 22.7626 -0.000104098 0.000241514 0.468571 -5.11469e-17 
309.39 648.227 234.847 22.6316 -0.000104098 0.00012493 0.466224 2.73774e-17 
318.421 639.905 236.991 22.5529 -0.000104098 9.42943e-05 0.463878 -2.562e-17 
327.453 631.583 239.022 22.5057 -0.000104098 8.62438e-05 0.461531 -4.53971e-17 
336.484 623.261 240.939 22.4774 -0.000104098 8.41282e-05 0.459184 -1.00407e-16 
345.516 614.939 242.743 22.4604 -0.000104098 8.35723e-05 0.456837 8.67206e-18 
354.547 606.617 244.433 22.4502 -0.000104098 8.34262e-05 0.45449 -3.06355e-17 
363.579 598.295 246.008 22.444 -0.000104098 8.33878e-05 0.452143 -3.29321e-17 
372.61 589.973 247.467 22.4404 -0.000104098 8.33777e-05 0.449796 -2.46641e-17 
381.642 581.652 248.811 22.4382 -0.000104098 8.33751e-05 0.447449 1.72577e-18 
390.673 573.33 250.039 22.4368 -0.000104098 8.33744e-05 0.445102 6.50004e-18 
399.704 565.008 251.149 22.436 -0.000104098 8.33742e-05 0.442755 -1.97761e-17 
408.736 556.687 252.143 22.4356 -0.000104098 8.33741e-05 0.440408 -4.72036e-17 
417.767 548.365 253.019 22.4353 -0.000104098 8.33741e-05 0.438061 2.8163e-17 
426.799 540.044 253.778 22.4351 -0.000104098 8.33741e-05 0.435714 -3.46762e-18 
435.83 531.723 254.418 22.435 -0.000104098 8.33741e-05 0.433367 3.96518e-17 
444.862 523.401 254.94 22.4349 -0.000104098 8.33741e-05 0.43102 -1.17837e-17 
453.893 515.08 255.344 22.4349 -0.000104098 8.33741e-05 0.428673 -3.9576e-17 
462.925 506.759 255.629 22.4349 -0.000104098 8.33741e-05 0.426327 -3.37214e-17 
471.956 498.437 255.795 22.4349 -0.000104098 8.33741e-05 0.42398 -1.99991e-17 
480.988 490.116 255.843 22.4349 -0.000104098 8.33741e-05 0.421633 2.19929e-17 
490.019 481.795 255.771 22.4349 -0.000104098 8.33741e-05 0.419286 -2.48878e-17 
499.051 473.474 255.581 22.4349 -0.000104098 8.33741e-05 0.416939 3.02857e-17 
508.082 465.153 255.273 22.4349 -0.000104098 8.33741e-05 0.414592 -1.30097e-17 
517.114 456.831 254.845 22.4349 -0.000104098 8.33741e-05 0.412245 -5.60184e-18 
526.145 448.51 254.299 22.4349 -0.000104098 8.33741e-05 0.409898 9.75075e-19 
535.176 440.189 253.635 22.4349 -0.000104098 8.33741e-05 0.407551 -9.70661e-19 
544.208 431.868 252.853 22.4349 -0.000104098 8.33741e-05 0.405204 2.46802e-17 
553.239 423.547 251.954 22.4349 -0.000104098 8.33741e-05 0.402857 -1.66709e-17 
562.271 415.226 250.936 22.4349 -0.000104098 8.33741e-05 0.40051 1.13929e-17 
571.302 406.905 249.802 22.4349 -0.000104098 8.33741e-05 0.398163 2.25255e-17 
580.334 398.584 248.552 22.4349 -0.000104098 8.33741e-05 0.395816 2.73168e-18 
589.365 390.262 247.185 22.435 -0.000104098 8.33741e-05 0.393469 9.40275e-18 
598.397 381.941 245.702 22.4351 -0.000104098 8.33738e-05 0.391122 -5.15118e-18 
607.428 373.62 244.104 22.4353 -0.000104098 8.33729e-05 0.388776 3.3668e-18 
616.46 365.299 242.391 22.4355 -0.000104098 8.33695e-05 0.386429 7.62725e-18 
625.491 356.978 240.565 22.436 -0.000104098 8.3356e-05 0.384082 1.19668e-17 
634.523 348.657 238.624 22.4368 -0.000104098 8.33037e-05 0.381735 6.06862e-18 
643.554 340.335 236.571 22.4382 -0.000104098 8.31007e-05 0.379388 4.50253e-18 
652.586 332.014 234.405 22.4404 -0.000104097 8.23129e-05 0.377041 2.42265e-18 
661.617 323.693 232.128 22.4442 -0.000104046 7.92575e-05 0.374694 9.10419e-19 
670.649 315.371 229.739 22.4505 -0.000101782 6.7412e-05 0.372347 1.73784e-18 
679.68 307.05 227.24 22.4612 -9.78888e-09 2.15081e-05 0.369 0 
679.68 307.05 227.24 22.4612 -9.78888e-09 2.15081e-05 0.369 0 
663.024 341.219 225.86 19.1703 0.670456 1.36453 0.162052 0.814271 
652.009 406.342 239.811 5 -0.0856653 3.58854 1.13739 0.52724 
667.773 521.904 237.122 5.00001 -0.0847186 5.08482 1.12108 0.162536 
683.442 671.415 234.455 5.00001 -0.0837721 5.58103 1.10478 -0.0074157 
698.998 832.184 231.809 5.00001 -0.082826 5.56494 1.08847 -0.0490736 
714.432 992.588 229.185 5.00001 -0.0818801 5.41481 1.07216 -0.0781602 
729.745 1149.59 226.582 5.00002 -0.0809342 5.16464 1.05586 -0.116925 
744.934 1300.91 224 5.00002 -0.0799884 4.77783 1.03955 -0.16225 
759.998 1443.45 221.44 5.00002 -0.0790427 4.22847 1.02324 -0.204846 
774.936 1573.54 218.902 5.00002 -0.078097 3.52101 1.00694 -0.235255 
789.744 1687.57 216.385 5.00002 -0.0771515 2.69124 0.990632 -0.247155 
804.424 1782.77 213.889 5.00002 -0.0762059 1.79723 0.974326 -0.238322 
818.973 1857.69 211.415 5.00002 -0.0752604 0.907635 0.95802 -0.210279 
833.393 1912.42 208.962 5.00003 -0.0743149 0.0910057 0.941714 -0.167577 
847.686 1948.63 206.531 5.00003 -0.0733693 -0.593307 0.925408 -0.116998 
861.856 1969.31 204.121 5.00003 -0.0724236 -1.10355 0.909102 -0.0664815 
875.907 1978.42 201.733 5.00004 -0.0714779 -1.42298 0.892796 -0.0237047 
889.843 1980.27 199.366 5.00005 -0.0705323 -1.5646 0.87649 0.00542292 
903.668 1978.92 197.02 5.00006 -0.0695868 -1.57122 0.860183 0.0178214 
917.387 1977.41 194.696 5.00008 -0.0686421 -1.50979 0.843877 0.0131309 
931 1977.3 192.394 5.00012 -0.0677011 -1.46304 0.827571 0.0107039 
944.509 1978.25 190.113 5.00024 -0.477899 -1.42238 0.811265 0.00289558 
958.101 1980.12 178.525 12.0974 -0.170699 -1.42228 0.794959 -0.00961471 
958.124 1982 173.648 12.8587 -0.147061 -1.49904 0.778653 -0.0227196 
956.529 1982.14 169.281 13.1158 -0.14831 -1.66725 0.762347 -0.03465 
954.266 1978.47 164.876 13.3728 -0.149564 -1.93161 0.746041 -0.043773 
951.331 1968.8 160.432 13.6297 -0.150819 -2.28452 0.729734 -0.0487902 
947.721 1951.12 155.952 13.8867 -0.152073 -2.70522 0.713428 -0.0492938 
943.433 1923.9 151.433 14.1436 -0.153329 -3.16386 0.697122 -0.0458233 
938.465 1886.27 146.876 14.4006 -0.154585 -3.62786 0.680816 -0.0395574 
932.815 1838.12 142.282 14.6575 -0.155841 -4.06768 0.66451 -0.0319134 
926.482 1779.98 137.65 14.9145 -0.157091 -4.46104 0.648204 -0.0241955 
919.464 1712.92 132.98 15.1714 -0.158332 -4.79499 0.631898 -0.0173538 
911.761 1638.29 128.273 15.4281 -0.159583 -5.06595 0.615592 -0.0118843 
903.374 1557.51 123.527 15.6847 -0.160892 -5.27798 0.599285 -0.00786933 
894.301 1471.91 118.743 15.9423 -0.162264 -5.43993 0.582979 -0.00511441 
884.54 1382.65 113.919 16.2018 -0.163488 -5.56248 0.566673 -0.00330948 
874.086 1290.6 109.057 16.4605 -0.164152 -5.6557 0.550367 -0.00215263 
862.94 1196.44 104.17 16.7086 -0.16447 -5.72786 0.534061 -0.00141061 
851.119 1100.64 99.2678 16.9419 -0.166695 -5.78508 0.517755 -0.000927371 
838.651 1003.55 94.3063 17.1955 -0.173976 -5.83166 0.501449 -0.000606758 
825.499 905.393 89.1703 17.5535 -0.181822 -5.87055 0.485143 -0.000390872 
811.465 806.358 83.8433 18.0104 -0.167756 -5.90379 0.468836 -0.000243545 
796.352 706.57 78.8189 18.1733 -0.111122 -5.93274 0.45253 -0.0001406 
780.687 606.125 75.0734 17.3508 -0.0762543 -5.95776 0.436224 -6.71175e-05 
766.332 505.112 72.149 16.0644 -0.274359 -5.97739 0.419918 -2.25759e-05 
754.272 403.651 64.7766 18.4041 -0.798922 -5.9908 0.403612 3.98175e-05 
737.861 301.889 45.4175 29.4691 -0.861811 -5.9415 0.387306 0.000287036 
700.483 201.262 24.2291 40 1.4 -5.23106 0.369 0 
