grtopS_91_1
50
2 2
11 11 
0 9 1 8 2 6 5 4 3 7 10 
0 9 1 8 2 6 5 4 3 7 10 
1593.34 12.867 7.99447 41.4976 85.4315 64.8901 61.5578 77.2065 82.0781 123.702 
1719.92 10.5705 0.0953999 48.3831 39.943 0 54.7179 0 27.1352 135.178 
32.5171 0.262592 0.163152 0.846889 1.7435 1.32429 1.25628 1.57564 1.67506 2.52453 
35.1004 0.215724 0.00194694 0.987411 0.815164 0 1.11669 0 0.55378 2.75874 
0 0.219031 0.533876 0.177082 0.555129 5.10284e-10 1.33243e-06 1.09868e-09 4.665e-08 1.5423 
1.4537e-06 0.164214 0.000838918 0.210891 1.44732e-06 1.47397 0.313588 2.46515 1.44184e-06 1.49388 
205.15 358.4 506.07 40 1.30144 0 0.00635012 0 
205.15 358.4 506.07 40 1.30144 -3.96479e-09 0.00642379 0.0125911 
205.15 358.4 506.07 39.9998 1.31575 0.0583583 0.00599089 0.0784851 
225.349 340.457 511.016 38.3014 1.4 0.257861 0.00206239 0.15529 
318.622 202.187 491.889 39.2164 1.3769 -0.153818 0.0041213 0.234447 
253.853 100.79 493.447 39.3692 1.34201 0.0665095 0.00474707 0.073335 
266.612 44.4715 487.716 39.6165 1.33971 -0.0592697 0.00521748 0.113548 
231.177 -6.83079 488.942 39.4444 1.33688 0.0276723 0.00491398 0.0834119 
226.831 -56.0738 483.792 39.9451 1.30459 0.00743055 0.00619859 0.0107152 
211.293 -60.4931 483.159 39.9859 1.30033 0.0209832 0.00631255 -0.00231753 
199.931 -59.2262 482.332 40 1.29918 0.0229617 0.00634847 -0.00488543 
188.582 -56.3965 481.551 40 1.29886 0.0262266 0.00634844 -0.00566822 
177.728 -53.1645 480.659 40 1.29854 0.0295476 0.00634846 -0.00648696 
167.298 -49.5232 479.654 40 1.29821 0.0328211 0.00634943 -0.0071529 
157.183 -45.4789 478.537 40 1.29808 0.0366977 0.00634365 -0.00720891 
147.503 -41.2716 477.375 39.9789 1.29876 0.0418104 0.00629432 -0.00614155 
138.648 -38.0888 475.784 40 1.2971 0.0441595 0.00634877 -0.00978639 
129.312 -32.647 474.281 40 1.29684 0.0486255 0.00634698 -0.0100732 
120.301 -26.8787 472.689 39.9849 1.2976 0.0547523 0.00630221 -0.00796955 
112.115 -22.1989 470.886 39.9557 1.2989 0.0618628 0.00622775 -0.00500942 
104.925 -19.3953 468.618 39.9535 1.29861 0.0678238 0.00622022 -0.00543879 
97.9551 -16.2504 466.181 39.9409 1.29897 0.0750955 0.00618359 -0.00441689 
91.5204 -13.6626 463.471 39.9223 1.29939 0.0830032 0.00613745 -0.00355412 
85.6201 -11.7618 460.324 39.9272 1.29848 0.0900927 0.006149 -0.00540805 
79.6155 -8.68564 457.019 39.9164 1.29865 0.0989596 0.00611541 -0.0046911 
73.9934 -5.91313 453.435 39.8899 1.29938 0.109222 0.00604911 -0.00311369 
69.0098 -4.28366 449.272 39.8944 1.29836 0.118431 0.00605774 -0.00519696 
63.8294 -1.33585 444.896 39.8786 1.2985 0.129701 0.00601452 -0.00466529 
58.9922 1.29845 440.075 39.8629 1.29853 0.141813 0.0059722 -0.00442553 
54.4279 3.76479 434.768 39.8501 1.29835 0.154748 0.00593577 -0.00455787 
50.0266 6.34294 429 39.8303 1.29844 0.169104 0.00588318 -0.0041491 
45.9053 8.63783 422.641 39.8166 1.29818 0.184332 0.00584256 -0.00440316 
41.8855 11.1427 415.763 39.7901 1.29837 0.201388 0.0057749 -0.00384478 
38.1781 13.1768 408.122 39.7832 1.29756 0.218819 0.00574924 -0.0051753 
34.2925 16.1599 399.986 39.7458 1.29818 0.239321 0.00565276 -0.00366321 
30.8887 18.0495 390.889 39.7371 1.29712 0.259784 0.00562484 -0.00562655 
27.1725 21.1932 381.151 39.7064 1.29721 0.283322 0.00554148 -0.00501432 
23.6874 23.9571 370.485 39.6777 1.29703 0.308646 0.00546276 -0.00497849 
20.2968 26.7026 358.856 39.6465 1.29687 0.33624 0.00537594 -0.00481616 
17.004 29.3783 346.192 39.6092 1.29683 0.366427 0.00527302 -0.00449863 
13.8643 31.7777 332.345 39.5742 1.29619 0.398511 0.00518187 -0.00573877 
10.5731 34.6754 317.183 39.5608 1.29425 0.432175 0.00513427 -0.0100152 
6.60833 39.8882 300.928 39.5217 1.29246 0.468281 0.00505476 -0.0151333 
1.92687 47.0038 282.828 39.5963 1.28549 0.501187 0.00526612 -0.0386063 
-6.07895 63.5132 264.652 39.4863 1.29706 0.505397 0.00490485 -0.0210666 
-27.4036 64.5642 247.034 39.0995 1.32133 0.458075 0.00394345 0.0597437 
-79.4291 31.8321 225.693 39.6506 1.27723 0.506631 0.00517013 0.0449929 
-131.997 59.168 206.358 39.8318 1.21534 0.993139 0.00532257 0.0384206 
-31.8902 165.67 171.283 39.9883 1.09014 2.15966 0.0011618 0.00123791 
443.468 430.497 97.7793 40 0.0889612 4.59108 0.00535012 0 
443.468 430.497 97.7793 40 0.0889612 4.59108 0.00535012 0 
436.032 450.471 98.2108 38.9745 0.545258 4.37286 -0.188388 -1.02859 
428.839 469.729 100.143 36.8615 0.87315 3.96832 -0.176775 -1.00718 
422.19 487.661 103.16 33.9745 1.13987 3.56761 -0.165163 -0.985773 
416.301 504.28 107.067 30.4827 1.32164 3.17072 -0.153551 -0.964363 
411.341 519.598 111.587 27.0487 1.4 2.77766 -0.141938 -0.942954 
407.306 533.627 116.382 23.4909 1.37715 2.38842 -0.130326 -0.921548 
404.237 546.381 121.121 20.0644 1.24965 2.003 -0.118714 -0.90014 
402.106 557.87 125.46 17.0273 1.02196 1.62142 -0.107101 -0.878727 
400.815 568.109 129.069 14.6209 0.706568 1.24366 -0.095489 -0.857317 
400.199 577.109 131.658 13.0503 0.323382 0.86973 -0.0838765 -0.835914 
400.036 584.884 132.999 12.4669 -0.101388 0.499631 -0.0722645 -0.814503 
400.063 591.446 132.951 12.953 -0.536945 0.133363 -0.0606508 -0.793096 
399.989 596.809 131.474 14.5128 -0.950045 -0.229074 -0.0490362 -0.771687 
399.522 600.984 128.635 17.0675 -1.30745 -0.587679 -0.0374072 -0.750278 
398.388 603.984 124.612 20.4568 -1.4 -0.942451 -0.0257919 -0.72887 
396.343 605.823 120.267 24.0027 -1.35942 -1.29339 0.909031 -0.707461 
393.335 606.513 116.037 27.2366 -0.513774 -1.6405 0.89276 -0.686052 
389.393 606.066 114.561 28.2958 0.421015 -1.98379 0.0090668 -0.664644 
385.102 604.494 116.142 27.13 0.727221 -2.32324 0.020641 -0.643235 
381.107 601.81 118.732 25.2241 0.789065 -2.65887 0.0322488 -0.621826 
377.623 598.026 121.535 23.2031 0.797191 -2.99066 0.0438595 -0.600416 
374.688 593.155 124.375 21.2032 0.748235 -3.31862 0.0554711 -0.579007 
372.298 587.209 127.066 19.3664 0.643077 -3.64274 0.0670829 -0.557597 
370.415 580.2 129.421 17.8293 0.486994 -3.96303 0.0786949 -0.536187 
368.96 572.141 131.273 16.7124 0.289487 -4.27948 0.090307 -0.514775 
367.822 563.046 132.484 16.1101 0.063758 -4.59209 0.101919 -0.493363 
366.864 552.926 132.958 16.0816 -0.174114 -4.90086 0.113531 -0.471949 
365.932 541.794 132.654 16.6449 -0.406268 -5.2058 0.125144 -0.450531 
364.864 529.663 131.585 17.7733 -0.614356 -5.50689 0.136756 -0.429102 
363.506 516.546 129.829 19.3946 -0.780933 -5.80413 0.148368 -0.407633 
361.721 502.455 127.519 21.3949 -0.890858 -6.09752 0.15998 -0.146307 
359.402 487.404 124.837 23.6248 -0.93259 -6.27998 0.171593 0.000375992 
356.482 471.755 122.008 25.9094 -0.899263 -6.27998 0.183205 0.000332998 
352.942 456.107 119.275 28.0605 -0.789469 -6.27998 0.194818 0.000293922 
348.812 440.459 116.891 29.8903 -0.607647 -6.27998 0.20643 0.000318391 
344.173 424.811 115.094 31.2262 -0.36405 -6.27998 0.218043 0.000292985 
339.157 409.164 114.087 31.9245 -0.0742478 -6.27998 0.229656 0.000247406 
333.931 393.517 114.026 31.8839 0.241795 -6.27998 0.241268 0.000184879 
328.695 377.87 115.001 31.0547 0.561038 -6.27998 0.252881 0.000129471 
323.662 362.222 117.026 29.4456 0.858992 -6.27998 0.264493 8.37119e-05 
319.045 346.575 120.036 27.1265 1.11153 -6.27998 0.276105 5.03494e-05 
315.041 330.927 123.886 24.2258 1.2968 -6.27998 0.287717 3.08573e-05 
311.811 315.278 128.358 20.9234 1.397 -6.27998 0.299329 2.43817e-05 
309.47 299.629 133.175 17.4401 1.39998 -6.27998 0.310994 2.71327e-05 
308.076 283.979 138.021 14.0221 1.39051 -6.27998 0.322556 3.42357e-05 
307.612 268.328 142.853 10.699 1.19068 -6.27998 0.334167 8.88821e-06 
308.065 252.677 147.048 7.94326 0.894151 -6.27998 0.345777 -7.49024e-06 
309.288 237.025 150.286 5.98388 0.518918 -6.27998 0.357389 0.000280828 
311.071 221.372 152.305 5.00001 0.0899994 -6.18115 0.369 0 
311.071 221.372 152.305 5.00001 0.0899994 -6.18115 0.369 0 
312.74 212.518 152.02 5.46283 0.479045 -5.64766 0.557082 1.02853 
313.323 204.75 153.313 5.27777 0.509162 -4.99838 -0.175724 -0.961114 
313.941 198.12 154.039 5.13648 -0.26649 -4.57293 1.12053 0.983884 
315.645 192.348 153.364 5.0147 0.354388 -4.52122 0.54389 0.964243 
317.38 185.806 153.742 5.00515 -0.271416 -3.87909 -0.140576 0.942841 
318.078 180.646 153.397 5.22058 -1.07081 -3.23931 1.07212 0.919647 
319.83 177.781 151.683 6.56471 -0.460934 -3.57234 1.05584 0.899986 
320.274 173.17 150.554 7.65698 0.168455 -2.93737 1.03954 0.878616 
321.123 169.852 150.543 7.62974 0.812441 -2.30474 0.954863 0.855425 
321.504 168.889 152.787 5.81838 0.360909 -1.88709 1.00008 0.821463 
323.111 167.886 153.051 5.79386 0.919117 -2.32854 -0.0720719 0.812609 
324.699 165.807 154.453 5.00081 0.119628 -2.19654 0.972429 0.791202 
325.387 163.997 154.228 5.00016 -0.365121 -1.68647 0.957149 0.739227 
326.58 163.642 154.056 5.04738 0.0594425 -2.13717 0.939832 -0.750174 
327.766 162.113 153.774 5.00141 0.164767 -2.7555 0.907998 -0.728724 
328.953 159.165 154.506 5.00186 -0.350173 -3.37147 0.907227 0.70557 
330.144 154.963 154.391 5.11373 0.108543 -2.97018 0.890921 -0.685826 
331.006 151.905 154.63 5.09445 0.320708 -3.58133 0.859104 -0.664516 
331.669 147.487 154.814 5.00188 -0.207679 -4.19014 0.858314 -0.642991 
333.25 141.618 154.492 5.02647 -0.0566595 -4.79658 0.0340878 0.621583 
333.937 134.515 153.908 5.53486 0.0329788 -4.19303 0.825707 0.600291 
334.537 128.64 154.173 5.28638 0.20983 -3.59182 0.808432 -0.553336 
336.175 124.203 155.198 5.5203 0.73761 -3.12038 0.0678303 -0.555723 
337.619 120.984 156.302 5.00022 -0.0105085 -3.64412 0.776795 -0.535295 
338.318 116.304 156.567 5.00046 -0.32458 -4.23827 0.0940453 0.514501 
339.03 110.338 156.452 5.06247 -1.05277 -3.64673 0.745987 0.493026 
340.452 105.652 154.696 6.27227 -0.545153 -3.05755 0.72971 0.4701 
341.588 102.439 153.935 6.67834 -0.0203665 -3.31853 0.713005 0.450161 
343.072 99.4094 154.487 6.19118 0.421543 -2.73415 0.136802 0.427287 
343.583 97.5726 155.483 5.07783 -0.305574 -3.2083 0.680224 0.407236 
345.346 94.7702 154.392 5.05659 -0.00538225 -2.62874 0.16006 0.3793 
347.097 93.1477 153.992 5.00005 -0.746277 -3.11995 0.57609 -0.363076 
348.885 90.5253 152.036 6.4532 -1.35999 -2.67172 0.183784 -0.343314 
350.454 88.8155 148.794 9.15911 -1.39999 -3.24431 0.195375 -0.321867 
351.569 85.9405 145.461 11.89 -1.39812 -3.81453 0.208321 0.299702 
351.325 81.8368 142.815 14.4918 -1.36756 -3.24747 0.233072 -0.27435 
351.544 78.956 139.531 16.0306 -1.28634 -2.74477 0.304497 -0.257669 
351.067 77.0988 136.408 17.4168 -0.700871 -3.30773 0.549802 0.202108 
349.688 74.0956 135.54 17.8559 -0.882337 -3.81899 0.532123 0.213202 
348.241 69.9354 134.3 18.6341 -0.272591 -3.40439 0.264498 0.191778 
346.637 66.7357 134.3 18.4192 -0.719254 -3.51516 0.27611 0.172181 
345.086 62.5653 133.391 18.9796 -1.16546 -2.96207 0.320822 0.150832 
343.459 59.7216 130.504 21.2058 -0.518444 -2.41133 0.311341 0.129436 
341.432 58.2125 129.994 21.9419 -0.0511741 -1.86295 0.310939 0.108031 
339.264 58.0813 130.434 22.1593 -0.420458 -1.31695 0.322551 0.0866231 
337.079 59.1315 129.352 22.5128 -0.781133 -0.773303 0.334164 0.0652127 
334.847 60.2965 127.236 23.0279 -1.13059 -0.232023 0.350347 0.043794 
332.538 62.7302 124.407 24.076 -0.854771 0.306893 0.387304 0.022325 
330.036 66.4771 122.136 24.6796 -0.09 0.843436 0.369 0 
330.036 66.4771 122.136 24.6796 -0.09 0.843436 0.369 0 
319.919 91.8112 121.367 24.2257 0.953456 1.02154 -0.188388 1.02859 
309.95 119.027 131.632 16.0284 1.05875 1.80049 -0.176776 1.00718 
307.124 154.469 143.148 7.54358 0.360461 2.56726 0.374061 -0.985775 
311.88 198.007 147.429 5 0.0450516 1.81615 0.732743 0.839566 
318.941 233.607 148.42 5 0.0450518 2.19814 0.732743 -0.942959 
326.026 273.243 149.411 5 0.0450514 1.47188 0.732743 -0.92155 
333.126 305.204 150.402 5 0.0450511 0.757824 0.732743 -0.89633 
340.241 329.621 151.394 5 0.0450508 0.319419 0.732743 -0.87475 
347.373 349.404 152.385 5 0.0450506 -0.22728 0.732743 -0.85335 
354.521 363.411 153.376 5 0.0450503 -0.691726 0.732743 -0.831941 
361.687 372.509 154.367 5 0.0450501 -1.12131 0.732743 -0.810552 
368.87 377.068 155.358 5 0.0450499 -1.51732 0.732743 -0.789185 
376.071 377.443 156.349 5 0.0450497 -1.85483 0.732743 -0.766512 
383.289 374.251 157.34 5 0.0450496 -2.1285 0.732743 -0.746699 
390.527 368.167 158.332 5 0.0450494 -2.45409 0.732743 -0.724249 
397.782 358.643 159.323 5 0.0450492 -2.77636 0.732743 -0.458384 
405.056 345.713 160.314 5 0.0450491 -2.97721 0.732743 -0.100123 
412.35 330.661 161.305 5 0.045049 -3.20058 0.732743 0.206805 
419.662 313.248 162.296 5 0.045049 -3.19072 0.732743 0.643244 
426.996 295.94 163.287 5 0.0450493 -2.63862 0.732743 0.621837 
434.355 284.466 164.279 5 0.0450496 -2.09879 0.732743 0.600429 
441.739 278.696 165.27 5 0.0450498 -1.57123 0.732743 0.57902 
449.149 278.501 166.261 5 0.0450503 -1.05595 0.732739 0.557612 
456.585 283.751 167.252 5 0.0450443 -0.552958 0.732848 0.536204 
464.045 294.316 168.243 5 0.0452096 -0.0622573 0.730003 0.514796 
471.531 310.066 169.236 5 0.0408831 0.416147 0.714384 0.493388 
479.042 330.872 170.183 5.04207 0.0119586 0.882249 0.729735 -0.471979 
486.548 356.603 170.824 5.30662 0.0118342 0.430529 0.713429 -0.450571 
493.84 377.56 171.459 5.56156 0.0124587 -0.00887825 0.697122 -0.429163 
500.926 393.875 172.096 5.80153 0.0128602 -0.435968 0.680816 -0.407755 
507.818 405.677 172.733 6.02935 0.0115428 -0.850734 0.66451 -0.386347 
514.528 413.096 173.353 6.25967 0.00731193 -1.25317 0.648204 -0.364939 
521.053 416.263 173.924 6.51576 0.000454743 -1.64327 0.631898 -0.343531 
527.372 415.307 174.418 6.81694 -0.00641754 -2.02104 0.615592 -0.0114057 
533.444 410.36 174.835 7.16023 -0.00879019 -1.85909 0.599286 0.300713 
539.236 407.125 175.221 7.50657 -0.00250343 -1.50649 0.58298 -0.279306 
544.745 407.616 175.667 7.78612 0.0126393 -1.84668 0.566673 -0.257898 
550.021 404.512 176.268 7.93229 0.0298422 -2.17451 0.550367 -0.23649 
555.179 397.944 177.049 7.9377 0.035727 -2.48998 0.534061 -0.215081 
560.345 388.042 177.892 7.90302 0.0163437 -2.79308 0.517755 -0.191254 
565.56 374.937 178.531 8.03417 -0.0320049 -2.77151 0.501449 0.172265 
570.688 362.061 178.656 8.55259 -0.092358 -2.49432 0.485143 -0.147574 
575.395 352.114 178.135 9.52813 -0.125798 -2.57522 0.468837 -0.129449 
579.271 341.313 177.244 10.7129 -0.0869016 -2.82833 0.452531 -0.108041 
582.115 327.837 176.744 11.5111 0.0443799 -3.06905 0.436224 -0.0866326 
584.242 311.819 177.618 11.2064 0.228185 -3.29737 0.419918 -0.0652244 
586.605 293.388 180.439 9.4526 0.353465 -3.51329 0.403612 -0.0438162 
590.485 272.674 184.614 6.82001 0.275885 -3.71679 0.387306 0.0222976 
596.696 249.808 188.014 5 -0.09 -3.52765 0.369 0 
596.696 249.808 188.014 5 -0.09 -3.52765 0.369 0 
609.177 206.67 187.307 6.66498 -1.07805 -4.08427 1.15299 -0.977318 
619.356 151.733 164.864 23.8038 -0.0448688 -5.81619 -0.173209 0.948654 
597.999 58.8496 164.48 23.6838 -0.0293545 -4.12578 -0.165162 0.985101 
576.848 2.75093 164.441 23.3192 -0.0141395 -2.40234 -0.153549 0.779212 
556.357 -15.8841 164.745 22.7434 -0.0367194 -0.911478 -0.123384 -0.12565 
536.926 -1.00142 164.579 22.594 -0.0634652 -1.61124 -0.0951385 0.0368526 
517.746 -1.34428 163.835 22.8812 -0.0361584 -1.57095 -0.118713 -0.00593693 
498.014 -0.809288 163.676 22.6985 -0.0352605 -1.57595 -0.107102 -0.0154032 
478.592 -0.383142 163.543 22.5157 -0.0343145 -1.59438 -0.0954892 -0.000172681 
459.483 -0.357941 163.437 22.332 -0.0333341 -1.59556 -0.083877 4.73152e-05 
440.688 -0.358314 163.358 22.147 -0.0325029 -1.59436 -0.0722647 -0.000378031 
422.212 -0.332812 163.305 21.9633 -0.0320926 -1.60034 -0.0606524 0.000714593 
404.054 -0.437552 163.266 21.7877 -0.03182 -1.58753 -0.04904 -0.000436295 
386.201 -0.263875 163.239 21.6213 -0.0300121 -1.59535 -0.0374276 -9.23648e-07 
368.635 -0.260498 163.254 21.4368 -0.0248107 -1.59536 -0.025816 -2.87694e-05 
351.389 -0.257215 163.392 21.1775 -0.0200254 -1.59534 -0.0142039 5.02071e-05 
334.599 -0.254341 163.643 20.8689 -0.0310868 -1.5952 -0.00259146 1.60733e-05 
318.363 -0.24928 163.665 20.7761 -0.0677189 -1.5949 0.00902175 -2.32081e-05 
302.306 -0.238559 162.893 21.2915 -0.0848092 -1.59489 0.0206609 1.67967e-05 
285.324 -0.226899 161.731 22.0056 0.064587 -1.59482 0.0322768 9.94334e-06 
266.984 -0.212754 163.794 20.1346 0.406047 -1.59478 0.0686035 -9.4596e-05 
251.976 -0.20029 173.35 12.8425 0.50107 -1.59486 0.070917 0.00200965 
250.721 -0.199659 185.228 5.00923 0.0594951 -1.59234 0.673577 0.00438174 
264.142 -0.156246 187.773 5.01621 0.0593404 -1.58685 0.673167 -0.0162396 
276.604 0.00622497 190.315 5.02517 0.0593019 -1.58169 0.672558 -0.0156692 
289.212 -0.276857 192.855 5.03407 0.0591325 -1.57836 0.672023 -0.0121429 
302.922 -1.01036 195.391 5.04503 0.0590649 -1.59334 0.671346 -0.00791742 
316.724 -2.06946 197.926 5.05621 0.0590573 -1.60382 0.670656 0.00691366 
330.617 -3.35624 200.459 5.06659 0.0591112 -1.59698 0.668919 0.00658915 
344.601 -4.49414 202.994 5.07627 0.0556589 -1.59017 0.665677 0.0117314 
358.682 -5.48422 205.453 5.14484 0.0437592 -1.57625 0.66451 0.0179315 
372.755 -6.17317 207.651 5.40175 0.0425031 -1.55767 0.648204 0.0171411 
386.478 -6.45878 209.813 5.65869 0.0412441 -1.52372 0.631898 0.0164331 
399.848 -6.00615 211.938 5.91571 0.0399871 -1.44045 0.615592 0.00971817 
412.864 -2.67685 214.027 6.17275 0.0387465 -1.88238 0.599286 -0.272708 
425.517 -8.9446 216.08 6.42954 0.0375281 -2.76224 0.58298 -0.047744 
437.797 -35.4199 218.098 6.68574 0.0362791 -3.06059 0.566673 0.257893 
449.713 -68.41 220.079 6.94194 0.0348792 -2.19667 0.550367 0.236489 
461.285 -81.5017 222.021 7.20067 0.033334 -1.35773 0.534061 0.215077 
472.505 -76.3431 223.921 7.46395 0.0321651 -0.54381 0.517755 0.193669 
482.956 -53.4783 225.786 7.72492 0.0323029 0.245084 0.501449 0.172258 
493.375 -13.4514 227.645 7.96228 0.0332376 1.00892 0.485143 0.150844 
503.464 43.197 229.515 8.16618 0.0300822 1.74767 0.468837 0.129432 
513.288 115.445 231.31 8.40907 0.0160474 2.46131 0.452531 0.107991 
522.786 203.692 232.792 8.86548 -0.000554028 3.14976 0.436224 0.0865311 
531.578 306.822 233.896 9.54761 0.0243476 3.81295 0.419918 0.0646257 
539.225 423.378 235.518 9.73657 0.136207 4.4089 0.403612 0.0435203 
546.589 553.367 239.567 7.98651 0.231155 5.02107 0.387305 -0.00105561 
557.143 696.371 245.743 5.00062 -0.0899912 4.81756 0.369 0 
557.143 696.371 245.743 5.00062 -0.0899912 4.81756 0.369 0 
567.153 801.91 244.784 6.68664 -1.26188 4.8218 1.15369 -1.02852 
575.286 907.52 224.417 22.351 -0.210401 3.88667 -0.169824 -1.0071 
561.645 997.695 221.009 24.0755 0.00619598 2.97047 -0.165161 -0.985661 
545.525 1072.73 221.135 22.888 0.500019 2.07324 -0.153547 -0.964222 
530.806 1132.94 229.452 15.6118 0.826988 1.19498 -0.141907 -0.942781 
525.876 1178.64 243.365 5.00014 0.0373378 0.335712 0.476148 -0.921338 
535.707 1210.12 244.51 5.00733 -0.872668 -0.504519 1.05144 -0.899465 
545.856 1227.72 230.619 16.0342 -0.344002 -1.32531 0.264283 -0.877607 
540.76 1231.76 225.171 19.8017 -0.0422436 -2.12669 -0.0939581 -0.856935 
530.385 1222.57 224.61 19.6314 -0.0407455 -2.90972 -0.0832851 -0.835486 
520.206 1200.44 224.077 19.4527 -0.0396043 -3.67369 -0.071891 -0.81402 
510.236 1165.69 223.569 19.2706 -0.0383293 -4.41856 -0.0603567 -0.792482 
500.479 1118.63 223.086 19.0837 -0.0371131 -5.14425 -0.0487865 -0.770638 
490.944 1059.57 222.628 18.8932 -0.0366238 -5.85047 -0.0371987 -0.466354 
481.637 988.85 222.184 18.7086 -0.0373685 -6.27924 -0.0255979 0.0032618 
472.554 911.043 221.732 18.5448 -0.0383662 -6.27938 -0.0139911 0.00329051 
463.673 833.232 221.268 18.4026 -0.0363449 -6.27949 -0.00237996 0.00331246 
454.965 755.42 220.841 18.242 -0.0279531 -6.27958 0.0092355 0.00333208 
446.452 677.606 220.557 17.9846 -0.0162123 -6.27966 0.0208554 0.00334723 
438.267 599.79 220.474 17.5989 -0.0163081 -6.27972 0.0324833 0.00335702 
430.589 521.973 220.399 17.2474 -0.0480831 -6.27977 0.0441277 0.00336271 
423.385 444.155 219.809 17.3248 -0.105517 -6.27982 0.0558129 0.159304 
416.079 366.336 218.267 18.1073 -0.120886 -6.13744 0.0676168 0.557461 
407.692 290.87 216.451 18.9901 0.015668 -5.63131 0.0799097 0.536138 
398.037 223.769 216.868 18.0523 0.318097 -5.14433 0.0933991 0.514757 
389.545 164.714 222.307 13.4037 0.501119 -4.67656 0.111673 0.493362 
387.333 113.383 230.894 6.9414 -0.00200018 -4.22802 0.716617 0.471962 
394.133 69.4561 231.338 7.05868 -0.0138893 -3.79872 0.713389 0.450558 
400.803 32.6235 231.582 7.31515 -0.015157 -3.38869 0.697105 0.429153 
407.147 2.56645 231.799 7.57182 -0.0164408 -2.99793 0.680805 0.407747 
413.164 -21.0335 231.988 7.82888 -0.017751 -2.62647 0.664501 0.386341 
418.852 -38.4952 232.148 8.08662 -0.0190336 -2.27431 0.648197 0.364934 
424.209 -50.1377 232.281 8.34463 -0.0201845 -1.94146 0.631892 0.343526 
429.234 -56.28 232.387 8.60123 -0.0211658 -1.62796 0.615586 0.322119 
433.927 -57.2418 232.471 8.85442 -0.0222034 -1.33379 0.599281 0.300711 
438.292 -53.3425 232.53 9.10529 -0.0238288 -1.05898 0.582975 0.279303 
442.331 -44.9022 232.556 9.36147 -0.0263948 -0.803548 0.56667 0.257895 
446.035 -32.2408 232.533 9.63422 -0.0290513 -0.567495 0.550364 0.236487 
449.382 -15.6786 232.459 9.92289 -0.0292034 -0.350839 0.534058 0.215079 
452.347 4.46384 232.375 10.1943 -0.0244079 -0.153592 0.517752 0.193671 
454.951 27.8659 232.362 10.3881 -0.0174656 0.0242328 0.501446 0.172263 
457.298 54.2064 232.46 10.4856 -0.0205682 0.182622 0.48514 0.150854 
459.522 83.1643 232.503 10.6235 -0.0485858 0.321564 0.468834 0.129446 
461.576 114.418 232.08 11.1107 -0.0947094 0.441045 0.452528 0.108037 
462.988 147.647 230.882 12.1372 -0.103915 0.541053 0.436222 0.0866285 
463.005 182.529 229.504 13.1807 0.00749322 0.621574 0.419916 0.0652189 
461.56 218.743 229.94 12.7233 0.23984 0.682592 0.40361 0.0438064 
460.658 255.964 234.227 9.40602 0.355805 0.724087 0.387304 0.0014905 
464.253 293.868 240.518 5.00003 -0.0899958 0.726957 0.369 0 
464.253 293.868 240.518 5.00003 -0.0899958 0.726957 0.369 0 
473.699 329.866 239.609 6.59956 -1.20179 0.728402 1.1534 -1.02434 
481.455 365.888 221.232 20.752 -0.219038 -0.157647 -0.0684024 -1.00161 
470.54 388.035 217.904 22.5841 -0.0133989 -1.02458 -0.164839 -0.97839 
457.143 396.595 217.754 21.8433 0.234709 -1.87195 -0.153308 -0.954612 
444.584 391.871 221.511 18.2113 0.395226 -2.69926 -0.141664 -0.93007 
436.644 374.176 227.876 13.028 0.0406994 -3.50582 0.0357187 -0.903956 
435.515 343.832 228.813 12.4794 -0.661683 -4.29026 0.628727 -0.873452 
435.316 301.191 218.755 19.953 -0.0441672 -5.04874 -0.10288 -0.848765 
425.21 246.668 218.188 19.805 -0.0411328 -5.78632 -0.0942398 0.289997 
415.262 180.584 217.673 19.63 -0.0398994 -5.53771 -0.0831471 0.810643 
405.521 118.396 217.181 19.4505 -0.0387097 -4.83783 -0.0717553 0.79994 
395.998 67.1788 216.713 19.2672 -0.0375315 -4.14679 -0.0602647 0.781242 
386.699 26.7938 216.268 19.0807 -0.0366866 -3.47151 -0.0484679 0.759951 
377.628 -3.00628 215.84 18.895 -0.0359387 -2.81426 -0.0366199 0.736516 
368.785 -22.5039 215.429 18.7111 -0.0350439 -2.1769 -0.0249247 0.709309 
360.168 -32.011 215.037 18.5273 -0.0340872 -1.56271 -0.0132639 0.66892 
351.776 -31.8906 214.664 18.3427 -0.0331468 -0.983127 -0.00156809 0.495874 
343.612 -22.6854 214.311 18.1577 -0.0322435 -0.553116 0.0101626 -0.588318 
335.674 -6.73978 213.976 17.9728 -0.0313626 -1.06222 0.0219016 -0.589101 
327.951 1.22535 213.66 17.788 -0.0304827 -1.57231 0.0336262 -0.096914 
320.444 1.19438 213.362 17.6036 -0.0295982 -1.65629 0.0453333 0.0907807 
313.158 -0.153043 213.083 17.4193 -0.0287116 -1.57768 0.0570277 0.0105285 
306.095 -0.268549 212.823 17.2352 -0.0278242 -1.56857 0.0687119 -0.0013922 
299.255 -0.241318 212.581 17.0513 -0.0269363 -1.56977 0.0803872 -0.00193558 
292.638 -0.233161 212.357 16.8674 -0.0260483 -1.57145 0.092054 0.00411166 
286.245 -0.251472 212.152 16.6837 -0.0251616 -1.56789 0.103713 0.0490048 
280.075 -0.214135 211.965 16.5001 -0.024276 -1.52543 0.115367 0.0765075 
274.131 0.488605 211.797 16.3166 -0.0233869 -1.45911 0.127016 -0.290798 
268.413 2.23069 211.648 16.1332 -0.0224862 -1.711 0.138661 -0.370534 
262.916 0.0242003 211.517 15.9498 -0.0215713 -2.03213 0.150303 -0.359177 
257.642 -7.2163 211.405 15.7661 -0.020659 -2.34362 0.161942 0.052402 
252.591 -19.3397 211.312 15.5822 -0.0197891 -2.2987 0.17358 0.34494 
247.768 -30.7592 211.238 15.3987 -0.01899 -2.00029 0.185217 0.335008 
243.177 -37.5013 211.18 15.2164 -0.0182106 -1.7103 0.196854 0.317082 
238.816 -39.6978 211.14 15.0353 -0.0172784 -1.43566 0.20849 0.297267 
234.685 -37.5895 211.118 14.8536 -0.0160069 -1.17801 0.220126 0.276732 
230.783 -31.4426 211.121 14.6672 -0.0145023 -0.937997 0.231761 0.255855 
227.119 -21.5336 211.152 14.4739 -0.0134612 -0.715918 0.243396 0.234788 
223.701 -8.14365 211.205 14.2798 -0.0139086 -0.511953 0.255032 0.213607 
220.531 8.4433 211.255 14.1029 -0.0159196 -0.326213 0.266673 0.192347 
217.588 27.9416 211.278 13.96 -0.0169141 -0.158775 0.278321 0.17103 
214.827 50.0644 211.289 13.8354 -0.0118463 -0.00970249 0.289972 0.149662 
212.224 74.5238 211.383 13.6551 0.00191187 0.12095 0.301616 0.128244 
209.847 101.031 211.697 13.3211 0.0159015 0.233127 0.313243 0.106759 
207.897 129.296 212.239 12.8463 0.00725399 0.326759 0.324863 0.0851642 
206.564 159.029 212.657 12.5151 -0.0445323 0.401739 0.336507 0.0633157 
205.677 189.936 212.271 12.8273 -0.117284 0.457837 0.348202 0.0405009 
204.409 221.724 210.738 13.9671 -0.114952 0.494205 0.359924 -0.000415238 
201.662 254.082 209.212 14.9545 0.0840372 0.495145 0.369 0 
201.662 254.082 209.212 14.9545 0.0840372 0.495145 0.369 0 
197.755 294.686 211.179 13.0823 0.539561 0.496769 -0.181384 -1.00409 
196.696 335.32 222.161 5.11398 -0.980339 -0.592752 1.12142 -1.00693 
209.203 354.523 203.513 19.7699 -0.123489 -1.68617 -0.067847 -0.985636 
197.533 352.248 201.249 20.7638 -0.0490828 -2.75734 -0.153304 -0.964252 
184.163 328.915 200.416 20.5916 -0.0422209 -3.80612 -0.14156 -0.942828 
171.011 284.963 199.723 20.3287 -0.0330975 -4.83245 -0.130081 -0.921242 
158.228 220.833 199.219 19.953 -0.0394509 -5.83612 -0.118128 0.628631 
146.002 136.97 198.601 19.7101 -0.0805306 -5.15636 -0.105971 0.878548 
134.162 66.4712 197.183 20.1022 -0.130202 -4.20447 -0.0846331 0.857209 
121.683 14.6869 194.776 21.1685 -0.0430351 -3.27502 -0.0422903 0.835786 
107.409 -18.823 194.049 20.7577 0.365047 -2.36812 -0.0701406 0.814241 
93.6082 -34.5036 201.359 14.3198 0.605374 -1.48393 0.057711 0.792892 
90.156 -32.8089 213.596 5.00109 0.0165224 -0.622252 0.844647 -0.152822 
102.111 -14.1855 214.549 5.00108 0.0165207 -0.787577 0.844648 -0.750087 
114.101 1.18761 215.503 5.0011 0.0165204 -1.60208 0.844647 -0.000104111 
126.115 0.547626 216.457 5.00112 0.0165206 -1.60222 0.844646 0.0292399 
138.168 -0.0950999 217.41 5.00113 0.0165202 -1.57047 0.844645 0.00065368 
150.258 -0.113653 218.364 5.00115 0.0165193 -1.56976 0.844652 -0.00217075 
162.386 -0.118271 219.318 5.00117 0.0165417 -1.57212 0.838801 0.00334268 
174.551 -0.169284 220.272 5.00593 -0.000611186 -1.56849 0.843766 -0.00148286 
186.753 -0.148938 220.888 5.26234 -0.00189973 -1.5701 0.827502 0.00011551 
198.576 -0.159939 221.472 5.51928 -0.00316176 -1.56997 0.811198 -4.6728e-05 
210.018 -0.168163 222.022 5.77633 -0.00441594 -1.57003 0.794885 3.86496e-06 
221.077 -0.177074 222.54 6.03337 -0.00566789 -1.57002 0.778572 -2.218e-05 
231.752 -0.185589 223.025 6.29035 -0.00692165 -1.57005 0.762262 0.000103935 
242.041 -0.194266 223.477 6.54732 -0.00817748 -1.56993 0.745953 0.000116148 
251.944 -0.20041 223.896 6.80431 -0.00943366 -1.56981 0.729644 -0.000390299 
261.46 -0.203756 224.283 7.06131 -0.0106891 -1.57023 0.713333 0.000852426 
270.586 -0.215122 224.636 7.31832 -0.0119439 -1.56931 0.697022 -5.14176e-05 
279.322 -0.207963 224.958 7.57533 -0.0131988 -1.56936 0.680711 -0.00435815 
287.666 -0.201576 225.246 7.83233 -0.0144556 -1.5741 0.664399 0.00610497 
295.617 -0.28797 225.501 8.08936 -0.0157164 -1.56747 0.648086 -0.000262718 
303.173 -0.24368 225.724 8.34648 -0.0169783 -1.56775 0.631772 0.06809 
310.334 -0.204644 225.913 8.60369 -0.0182289 -1.49376 0.615457 -0.294148 
317.099 1.28945 226.07 8.86081 -0.0194543 -1.81334 0.59914 -0.299931 
323.461 -3.49926 226.195 9.11747 -0.020675 -2.13947 0.582822 0.164032 
329.418 -14.6993 226.288 9.37367 -0.0219813 -1.96167 0.566502 0.257601 
334.979 -22.4034 226.347 9.63075 -0.0234635 -1.68204 0.550181 0.236311 
340.142 -24.6097 226.368 9.89123 -0.0249568 -1.42533 0.533862 0.214951 
344.9 -21.7687 226.353 10.1548 -0.0258237 -1.19163 0.517543 0.193543 
349.246 -14.3329 226.311 10.4118 -0.025493 -0.981013 0.501217 0.172094 
353.19 -2.75598 226.269 10.6451 -0.0252516 -0.793535 0.484869 0.150564 
356.766 12.5071 226.223 10.859 -0.0295763 -0.629306 0.468512 0.128744 
360.008 30.9991 226.086 11.1245 -0.041982 -0.48866 0.452249 0.104325 
362.834 52.2567 225.696 11.5555 -0.052419 -0.374439 0.436047 0.063444 
364.971 75.7603 225.088 12.1016 -0.0299012 -0.304551 0.41977 0.0506991 
366.216 100.639 224.906 12.255 0.0459944 -0.24846 0.403344 0.030273 
367.184 126.62 226.21 11.2678 0.100469 -0.214523 0.383505 0.00493646 
369.737 153.267 228.617 9.60946 -0.0884393 -0.208094 0.369 0 
369.737 153.267 228.617 9.60946 -0.0884393 -0.208094 0.369 0 
374.596 181.728 227.282 11.0896 -0.658234 -0.206951 0.648691 -0.97889 
377.158 210.215 213.99 21.1706 -0.0478026 -1.33666 -0.176773 -1.00685 
362.006 215.103 213.117 20.9335 -0.0332512 -2.49964 -0.165158 -0.985589 
347.19 195.684 212.557 20.4866 -0.0297545 -3.63903 -0.153524 -0.964167 
333.078 152.451 212.085 20.0341 -0.0785208 -4.75463 -0.0995121 0.443738 
319.706 85.9004 210.609 20.3689 -0.0470536 -4.24466 -0.130289 0.921224 
305.707 30.0089 209.779 20.1862 -0.0461477 -3.18265 -0.118693 0.899842 
291.997 -3.68614 208.975 20.0032 -0.0452513 -2.14444 -0.107082 0.87755 
278.576 -15.6824 208.195 19.8202 -0.0443579 -1.13113 -0.0954681 -0.120685 
265.445 -6.49983 207.44 19.6372 -0.0434654 -1.27018 -0.0838544 -0.257485 
252.587 -0.223862 206.71 19.4542 -0.0425723 -1.56739 -0.0722418 -0.00289626 
239.999 -0.160007 206.004 19.2713 -0.0416786 -1.57073 -0.0606296 0.000552725 
227.688 -0.166266 205.324 19.0883 -0.040785 -1.57009 -0.0490173 6.87005e-05 
215.654 -0.159421 204.668 18.9053 -0.0398914 -1.57001 -0.0374048 -0.000184468 
203.898 -0.151147 204.037 18.7223 -0.0389979 -1.57023 -0.0257922 0.00052183 
192.423 -0.147558 203.431 18.5394 -0.0381044 -1.56962 -0.0141797 -0.000931346 
181.228 -0.131604 202.849 18.3564 -0.0372109 -1.5707 -0.00256711 0.000901237 
170.315 -0.138362 202.293 18.1734 -0.0363174 -1.56966 0.00904543 -0.000274671 
159.684 -0.123603 201.761 17.9904 -0.0354237 -1.56997 0.020658 -1.06761e-05 
149.338 -0.115702 201.254 17.8075 -0.0345296 -1.56999 0.0322706 -6.4623e-05 
139.276 -0.108292 200.772 17.6245 -0.0336357 -1.57006 0.0438832 8.96345e-05 
129.5 -0.102676 200.314 17.4415 -0.0327438 -1.56996 0.0554959 -4.22809e-06 
120.011 -0.09513 199.882 17.2585 -0.0318548 -1.56996 0.0671084 -1.40461e-05 
110.81 -0.0879205 199.474 17.0756 -0.0309631 -1.56998 0.078721 2.23461e-05 
101.898 -0.0812849 199.091 16.8928 -0.0300547 -1.56995 0.0903338 -5.75282e-06 
93.2751 -0.0743452 198.733 16.7096 -0.0291261 -1.56996 0.101947 4.9057e-07 
84.944 -0.0677804 198.401 16.526 -0.0282267 -1.56995 0.11356 -1.24427e-06 
76.9062 -0.0614413 198.093 16.3423 -0.0274613 -1.56996 0.125174 -2.31009e-06 
69.1629 -0.0553704 197.808 16.1608 -0.0268254 -1.56996 0.136788 -7.88314e-06 
61.7113 -0.0495912 197.542 15.9831 -0.025892 -1.56997 0.148403 0.000113198 
54.5456 -0.0442335 197.301 15.8041 -0.0238945 -1.56984 0.16002 -0.000506525 
47.6689 -0.0363758 197.109 15.607 -0.021125 -1.57042 0.171638 0.00355517 
41.113 -0.0410049 196.98 15.382 -0.0211791 -1.56631 0.183262 0.0746479 
34.9286 0.0399012 196.858 15.1778 -0.0294986 -1.48007 0.194892 -0.221829 
29.0861 1.92302 196.57 15.1229 -0.0417433 -1.73627 0.20653 -0.298862 
23.3242 -1.54856 196.027 15.2595 -0.0282178 -2.08167 0.218171 0.0326197 
17.2994 -12.2391 195.762 15.1517 0.0483576 -2.04441 0.229839 0.257621 
11.4127 -22.151 197.101 13.8301 0.13812 -1.74719 0.242725 0.236344 
7.7628 -25.8526 200.36 11.2493 0.00423209 -1.47431 0.443777 0.214961 
8.632 -23.8543 200.908 10.9636 -0.00972205 -1.22589 0.467916 0.193536 
10.0127 -16.6643 201.174 10.9164 -0.00455913 -1.00202 0.465483 0.172064 
11.4851 -4.79528 201.549 10.7957 -0.0164677 -0.802767 0.47442 0.150464 
13.1837 11.2381 201.679 10.8726 -0.0240729 -0.6283 0.46398 0.128306 
14.7649 30.918 201.648 11.0696 -0.0488526 -0.479284 0.449527 0.101298 
16.0278 53.7128 201.092 11.6471 -0.0791362 -0.361343 0.433997 0.0575173 
16.3148 78.9733 199.884 12.6419 -0.0428051 -0.293881 0.417927 0.0270985 
14.8712 105.645 199.402 12.9383 0.139425 -0.261505 0.401161 0.0195295 
12.8355 132.994 202.719 10.3121 0.323505 -0.237853 0.382525 -0.000187822 
15.2602 160.834 209.971 5.13361 -0.0751102 -0.236966 0.369 0 
15.2602 160.834 209.971 5.13361 -0.0751102 -0.236966 0.369 0 
35.4131 201.267 207.063 6.42143 -0.727683 -1.77758 1.15369 -0.984579 
52.5046 193.174 183.535 21.9929 0.566721 -4.0364 -0.0349484 0.3797 
27.9362 113.96 199.994 5 -0.0638635 -2.67739 1.12108 0.0511458 
47.7284 77.5197 197.448 5 -0.0629172 -2.16607 1.10478 0.000261274 
67.3721 57.1862 194.931 5 -0.0619712 -2.16695 1.08847 0.000159607 
86.8564 36.8252 192.444 5 -0.0610251 -2.16694 1.07216 0.00953417 
106.183 16.4644 189.988 5 -0.060079 -2.04524 1.05586 0.0412641 
125.357 -0.0628807 187.56 5 -0.0591327 -1.52165 1.03955 0.000150093 
144.391 -0.0972662 185.163 5 -0.0581867 -1.52108 1.02324 6.63526e-06 
163.272 -0.113755 182.796 5 -0.0572407 -1.52104 1.00694 -1.39462e-06 
182.004 -0.128888 180.458 5 -0.0562946 -1.52095 0.990633 -6.4719e-06 
200.587 -0.141084 178.15 5 -0.0553486 -1.52084 0.974327 -3.1705e-05 
219.024 -0.150063 175.872 5 -0.0544026 -1.52112 0.95802 2.13177e-06 
237.317 -0.167593 173.623 5 -0.0534565 -1.52101 0.941714 -5.83586e-06 
255.467 -0.181713 171.405 5 -0.0525105 -1.52102 0.925408 -1.34595e-05 
273.477 -0.196353 169.216 5 -0.0515645 -1.52106 0.909102 -7.10738e-06 
291.348 -0.211977 167.057 5 -0.0506184 -1.52107 0.892796 -5.61484e-06 
309.082 -0.228001 164.928 5 -0.0496724 -1.52106 0.87649 -5.07572e-06 
326.681 -0.24366 162.829 5 -0.0487264 -1.52105 0.860184 -2.95383e-06 
344.147 -0.25918 160.759 5 -0.0477803 -1.52098 0.843878 -1.78407e-05 
361.482 -0.272482 158.72 5 -0.0468343 -1.52101 0.827571 -1.20848e-05 
378.688 -0.286759 156.71 5 -0.0458883 -1.52106 0.811265 -4.30505e-06 
395.766 -0.30239 154.729 5 -0.0449422 -1.52104 0.794959 -3.2152e-06 
412.718 -0.317611 152.779 5 -0.0439962 -1.52104 0.778653 5.81823e-07 
429.547 -0.332763 150.859 5 -0.0430501 -1.52103 0.762347 6.99535e-06 
446.254 -0.347563 148.968 5 -0.0421041 -1.5209 0.746041 -1.41666e-05 
462.841 -0.358409 147.107 5 -0.0411581 -1.52087 0.729735 6.52592e-07 
479.31 -0.368085 145.276 5 -0.040212 -1.52087 0.713429 -5.60979e-05 
495.663 -0.377764 143.474 5 -0.039266 -1.52237 0.697122 6.81713e-05 
511.901 -0.434816 141.703 5 -0.03832 -1.52013 0.680816 -2.07876e-05 
528.028 -0.421254 139.961 5 -0.0373739 -1.52084 0.66451 1.50478e-05 
544.043 -0.429961 138.249 5 -0.0364279 -1.52077 0.648204 -3.5988e-05 
559.95 -0.436721 136.567 5 -0.0354819 -1.52211 0.631898 4.02083e-05 
575.75 -0.485616 134.915 5 -0.0345358 -1.52036 0.615592 -1.11787e-05 
591.446 -0.479245 133.292 5 -0.0335898 -1.521 0.599286 3.86842e-06 
607.038 -0.493122 131.7 5 -0.351529 -1.5208 0.58298 2.93148e-06 
622.73 -0.500949 120.092 12.6421 -0.18668 -1.52081 0.566673 7.6834e-06 
618.297 -0.493523 113.291 14.7876 -0.125326 -1.5208 0.550367 -2.60014e-06 
607.981 -0.481318 108.314 15.045 -0.126507 -1.52098 0.534061 3.87018e-06 
596.701 -0.474342 103.288 15.3006 -0.127554 -1.52032 0.517755 -0.000113164 
584.46 -0.446004 98.215 15.5514 -0.129026 -1.522 0.501449 -0.0120968 
571.267 -0.470137 93.0833 15.8087 -0.132308 -2.37193 0.485143 -0.0077367 
557.081 -27.2664 87.8353 16.1145 -0.135408 -2.3122 0.468837 0.0895075 
541.796 -52.1807 82.4742 16.4545 -0.123854 -0.875596 0.452531 0.0752267 
525.342 -31.8415 77.4598 16.4705 -0.0879918 0.347337 0.436224 0.0578799 
508.54 27.0199 73.5743 15.6464 -0.125406 1.45767 0.419918 0.0384129 
493.624 120.855 68.5519 15.9109 -0.484048 2.62364 0.403612 0.0196075 
477.979 251.418 52.219 24.7386 -0.82717 3.74534 0.387306 -0.00274541 
439.266 417.332 24.6321 40 1.4 3.7047 0.369 0 
205.15 358.4 506.07 40 1.30144 0 0.00635012 0 
205.15 358.4 506.07 40 1.30144 3.20641e-08 0.00646308 -0.0436378 
205.15 358.399 506.07 39.9996 1.32513 -0.218329 0.00625783 0.0881485 
123.577 326.337 514.906 39.799 1.32421 -0.0708375 0.00579267 0.062853 
104.864 293.646 516.613 39.8111 1.32024 -0.0385102 0.00582771 0.0513086 
99.7273 266.435 517.248 39.8074 1.31819 -0.0148072 0.00582068 0.0449813 
104.004 241.968 516.99 39.8056 1.31661 0.00269258 0.00581792 0.0401921 
114.592 219.622 516.08 39.8039 1.31546 0.015802 0.00581474 0.036705 
129.28 198.82 514.682 39.8022 1.31461 0.0257499 0.00581133 0.0341638 
146.458 179.15 512.911 39.8006 1.31398 0.033489 0.00580767 0.032299 
164.974 160.321 510.849 39.799 1.31349 0.0397401 0.00580374 0.0309052 
184.015 142.135 508.551 39.7974 1.3131 0.0450391 0.00579954 0.0298294 
203.02 124.461 506.052 39.7957 1.31277 0.0497823 0.00579505 0.0289589 
221.605 107.218 503.372 39.7939 1.31247 0.0542637 0.00579026 0.0282109 
239.511 90.3624 500.52 39.792 1.31218 0.0587036 0.00578514 0.0275246 
256.574 73.8783 497.497 39.7901 1.31189 0.0632702 0.00577969 0.0268544 
272.69 57.7702 494.299 39.788 1.31159 0.0680952 0.00577387 0.0261658 
287.803 42.0587 490.916 39.7858 1.31125 0.0732849 0.00576766 0.0254319 
301.886 26.7772 487.333 39.7834 1.31089 0.0789284 0.00576102 0.0246311 
314.933 11.9692 483.533 39.7809 1.31048 0.0851032 0.00575394 0.0237455 
326.954 -2.31256 479.497 39.7782 1.31003 0.0918793 0.00574638 0.0227596 
337.964 -16.0079 475.202 39.7754 1.30953 0.0993215 0.0057383 0.0216594 
347.986 -29.0493 470.622 39.7723 1.30897 0.107491 0.00572966 0.0204322 
357.041 -41.363 465.73 39.769 1.30835 0.116445 0.00572044 0.0190658 
365.149 -52.869 460.497 39.7656 1.30766 0.126235 0.00571059 0.0175489 
372.322 -63.4827 454.89 39.7618 1.30691 0.136906 0.00570007 0.0158714 
378.562 -73.1153 448.877 39.7578 1.30609 0.148485 0.00568885 0.0140251 
383.852 -81.6764 442.422 39.7536 1.30521 0.160977 0.00567689 0.0120051 
388.145 -89.0774 435.493 39.749 1.30426 0.17435 0.00566417 0.00981214 
391.355 -95.2358 428.054 39.7442 1.30326 0.188518 0.00565066 0.00745593 
393.33 -100.083 420.076 39.7389 1.30222 0.20332 0.00563638 0.00495951 
393.835 -103.574 411.534 39.7334 1.30117 0.218497 0.00562132 0.002365 
392.514 -105.699 402.413 39.7275 1.30015 0.233671 0.00560554 -0.000260303 
388.859 -106.501 392.711 39.7212 1.29921 0.248332 0.0055891 -0.00281854 
382.168 -106.089 382.445 39.7146 1.29841 0.261849 0.0055721 -0.00517888 
371.518 -104.653 371.656 39.7077 1.29781 0.273494 0.00555468 -0.00718083 
355.753 -102.474 360.412 39.7006 1.29749 0.282513 0.00553705 -0.00864577 
333.49 -99.9224 348.807 39.6935 1.29749 0.288224 0.00551954 -0.0093978 
303.177 -97.4392 336.961 39.6866 1.29784 0.290153 0.0055026 -0.00929264 
263.19 -95.5002 325.013 39.6802 1.29853 0.288219 0.00548685 -0.00825029 
211.996 -94.5504 313.105 39.6748 1.29946 0.28299 0.00547306 -0.00628643 
148.399 -94.9025 301.36 39.671 1.30041 0.276129 0.00546195 -0.0035377 
71.9323 -96.5757 289.841 39.6695 1.30097 0.271248 0.00545372 -0.000279115 
-16.4661 -99.0242 278.483 39.6711 1.30036 0.275697 0.0054469 0.00306537 
-113.169 -100.636 266.953 39.6766 1.29706 0.304402 0.00543591 0.00591902 
-209.265 -97.7319 254.374 39.6864 1.28799 0.388264 0.00540601 0.00757497 
-285.066 -82.4606 238.737 39.701 1.26667 0.59281 0.0053111 0.00734859 
-298.166 -38.2019 215.631 39.7208 1.21673 1.06038 0.00512612 0.00507556 
-156.847 73.8325 174.537 39.962 1.09677 2.13543 0.00126467 -0.000664009 
350.076 350.47 96.7837 39.7753 0.0705463 4.66824 0.00535012 0 
350.076 350.47 96.7837 39.7753 0.0705463 4.66824 0.00535012 0 
344.034 367.102 97.0739 38.9902 0.455456 4.5047 -0.188388 -1.02859 
338.141 383.294 98.4035 37.4537 0.741237 4.18811 -0.176775 -1.00718 
332.57 398.633 100.509 35.3575 0.991598 3.87466 -0.165163 -0.985775 
327.449 413.128 103.297 32.784 1.19238 3.56437 -0.153551 -0.964367 
322.886 426.788 106.637 29.8431 1.33157 3.25722 -0.141939 -0.942958 
318.968 439.62 110.365 26.985 1.4 2.95323 -0.130326 -0.92155 
315.682 451.634 114.289 24.0463 1.4 2.65239 -0.118712 -0.900142 
313.05 462.837 118.225 21.1577 1.32973 2.3547 -0.1071 -0.878734 
311.066 473.238 121.985 18.4623 1.1907 2.06016 -0.0954868 -0.857326 
309.69 482.846 125.382 16.0976 0.988054 1.76878 -0.0838739 -0.835918 
308.852 491.67 128.244 14.1879 0.730417 1.48056 -0.0722606 -0.814509 
308.456 499.717 130.421 12.838 0.429571 1.19548 -0.0606465 -0.793101 
308.377 506.997 131.794 12.1264 0.0999284 0.913568 -0.0490307 -0.771693 
308.477 513.518 132.282 12.101 -0.24214 0.634809 -0.0374102 -0.750285 
308.603 519.288 131.85 12.7752 -0.579092 0.359206 -0.0257693 -0.728877 
308.598 524.317 130.508 14.1262 -0.605683 0.0867595 -0.00941264 -0.707468 
308.296 528.612 129.089 15.506 -0.55019 -0.182531 0.892669 -0.68606 
307.685 532.183 127.813 16.6408 -0.0970196 -0.448665 0.876153 -0.664652 
306.797 535.038 127.752 16.8296 0.377003 -0.711645 0.020703 -0.643244 
305.842 537.185 128.966 16.146 0.305538 -0.97147 0.0322684 -0.621836 
305.045 538.633 129.99 15.6194 0.0980062 -1.22814 0.0438696 -0.600427 
304.377 539.389 130.459 15.5256 -0.117639 -1.48165 0.0554774 -0.579019 
303.743 539.463 130.347 15.8737 -0.330327 -1.732 0.0670874 -0.557611 
303.044 538.864 129.661 16.6499 -0.528796 -1.97919 0.0786983 -0.536203 
302.184 537.599 128.438 17.8175 -0.702177 -2.22322 0.0903097 -0.514794 
301.075 535.677 126.743 19.3183 -0.840566 -2.46409 0.101921 -0.493386 
299.64 533.107 124.669 21.0748 -0.935578 -2.70181 0.113533 -0.471978 
297.819 529.898 122.332 22.9937 -0.98083 -2.93636 0.125145 -0.45057 
295.574 526.058 119.864 24.9702 -0.972341 -3.16775 0.136757 -0.429161 
292.888 521.595 117.411 26.8933 -0.908809 -3.39599 0.14837 -0.407753 
289.77 516.518 115.121 28.6512 -0.791774 -3.62106 0.159982 -0.386345 
286.254 510.836 113.138 30.1372 -0.625617 -3.84297 0.171594 -0.364936 
282.398 504.557 111.596 31.2554 -0.417428 -4.06172 0.183206 -0.343528 
278.28 497.689 110.609 31.9264 -0.176715 -4.27731 0.194819 -0.32212 
273.999 490.241 110.268 32.0912 0.0850104 -4.48974 0.206431 -0.300711 
269.666 482.221 110.63 31.7158 0.354777 -4.69901 0.218044 -0.279303 
265.4 473.637 111.72 30.7932 0.618785 -4.90512 0.229657 -0.257894 
261.325 464.499 113.524 29.3447 0.863096 -5.10807 0.241269 -0.236485 
257.559 454.815 115.993 27.4199 1.07437 -5.30785 0.252882 -0.215076 
254.209 444.592 119.038 25.0949 1.24055 -5.50447 0.264496 -0.193667 
251.368 433.839 122.541 22.4689 1.3516 -5.69793 0.276109 -0.172256 
249.106 422.566 126.354 19.6602 1.4 -5.88822 0.287745 -0.150843 
247.466 410.78 130.31 16.8003 1.38133 -6.07534 0.299376 -0.129421 
246.466 398.489 134.227 14.0274 1.39635 -6.2593 0.310991 -0.00130791 
246.084 385.703 138.197 11.271 1.24401 -6.28 0.322585 2.11334e-05 
246.326 372.861 141.769 8.87353 1.02592 -6.28 0.334183 1.19891e-05 
247.115 360.018 144.764 6.96335 0.752038 -6.28 0.345788 5.40865e-06 
248.348 347.175 147.03 5.64617 0.434975 -6.28 0.357396 0.000393101 
249.894 334.332 148.448 5.00001 0.0899961 -6.18573 0.369 0 
249.894 334.332 148.448 5.00001 0.0899961 -6.18573 0.369 0 
249.908 334.219 148.452 5 0.0890636 -6.18656 -0.0568804 -1.01738 
249.922 334.106 148.456 5.00045 0.086586 -6.18875 0.0188961 -0.995727 
249.936 333.993 148.46 5.00087 0.0843837 -6.19092 0.0951341 -0.974065 
249.949 333.88 148.463 5.00125 0.0824581 -6.19305 0.177428 -0.952391 
249.963 333.767 148.467 5.00157 0.0808314 -6.19516 0.265567 -0.930706 
249.977 333.653 148.47 5.00183 0.0795246 -6.19724 0.35481 -0.909007 
249.991 333.54 148.474 5.00201 0.0785416 -6.19928 0.43728 -0.887295 
250.004 333.427 148.477 5.00213 0.077858 -6.2013 0.506072 -0.865567 
250.018 333.314 148.481 5.00219 0.077424 -6.20329 0.559258 -0.843824 
250.032 333.2 148.484 5.00219 0.0771829 -6.20525 0.598781 -0.822063 
250.046 333.087 148.488 5.00216 0.0770852 -6.20718 0.626781 -0.800283 
250.059 332.973 148.491 5.0021 0.0770889 -6.20908 0.64458 -0.778483 
250.073 332.86 148.495 5.00202 0.0771571 -6.21094 0.653957 -0.756662 
250.087 332.746 148.498 5.00193 0.0772592 -6.21278 0.657351 -0.734817 
250.101 332.633 148.502 5.00183 0.0773735 -6.21459 0.659475 -0.712946 
250.114 332.519 148.505 5.00173 0.0774953 -6.21637 0.661592 -0.691047 
250.128 332.405 148.509 5.00163 0.0776245 -6.21812 0.662461 -0.669117 
250.142 332.291 148.512 5.00152 0.0777567 -6.21984 0.661558 -0.647154 
250.156 332.178 148.516 5.00141 0.0778853 -6.22153 0.659146 -0.625154 
250.17 332.064 148.519 5.0013 0.0780049 -6.22319 0.655654 -0.603114 
250.183 331.95 148.523 5.00119 0.0781115 -6.22482 0.651435 -0.581029 
250.197 331.836 148.526 5.00108 0.0782025 -6.22641 0.646729 -0.558894 
250.211 331.722 148.53 5.00098 0.0782759 -6.22798 0.641687 -0.536704 
250.225 331.608 148.533 5.00088 0.0783307 -6.22952 0.636396 -0.514453 
250.238 331.494 148.537 5.00078 0.0783657 -6.23102 0.630897 -0.492133 
250.252 331.38 148.54 5.00069 0.0783803 -6.2325 0.625197 -0.469735 
250.266 331.266 148.544 5.00061 0.0783735 -6.23394 0.619275 -0.447251 
250.28 331.152 148.547 5.00053 0.0783445 -6.23535 0.613104 -0.424668 
250.293 331.038 148.551 5.00046 0.0782924 -6.23673 0.606644 -0.401974 
250.307 330.923 148.554 5.00039 0.0782159 -6.23807 0.599832 -0.379151 
250.321 330.809 148.558 5.00034 0.0781136 -6.23939 0.592586 -0.356182 
250.335 330.695 148.561 5.00029 0.0779837 -6.24067 0.584784 -0.333043 
250.348 330.581 148.565 5.00025 0.0778239 -6.24191 0.576229 -0.309709 
250.362 330.466 148.568 5.00022 0.0776313 -6.24313 0.566665 -0.286149 
250.376 330.352 148.572 5.0002 0.0774017 -6.24431 0.555862 -0.262326 
250.39 330.238 148.575 5.0002 0.0771301 -6.24545 0.543689 -0.238198 
250.404 330.123 148.579 5.00021 0.076811 -6.24655 0.530139 -0.213721 
250.417 330.009 148.582 5.00023 0.0764384 -6.24762 0.515326 -0.188848 
250.431 329.894 148.586 5.00027 0.0760068 -6.24865 0.49943 -0.163547 
250.445 329.78 148.589 5.00032 0.0755108 -6.24964 0.482624 -0.137825 
250.459 329.665 148.592 5.00039 0.0749455 -6.25058 0.46506 -0.111793 
250.472 329.551 148.596 5.00047 0.0743057 -6.25148 0.446911 -0.0857971 
250.486 329.436 148.599 5.00056 0.0735857 -6.25232 0.428513 -0.0606511 
250.5 329.322 148.603 5.00067 0.0727793 -6.25312 0.410642 -0.0379061 
250.514 329.207 148.606 5.00077 0.0718797 -6.25385 0.394827 -0.019711 
250.528 329.092 148.609 5.00088 0.0708782 -6.25451 0.382959 -0.00770521 
250.541 328.978 148.613 5.00095 0.0697551 -6.25508 0.375794 -0.0017339 
250.555 328.863 148.616 5.00097 0.0684363 -6.25546 0.372192 1.37047e-05 
250.569 328.748 148.619 5.00086 0.0667077 -6.25545 0.369 0 
250.569 328.748 148.619 5.00086 0.0667077 -6.25545 0.369 0 
258.096 270.811 150.046 5 -0.598429 -6.11253 1.15369 0.834923 
265.824 214.634 143.278 10.8071 0.189967 -5.43573 0.51901 0.783449 
267.465 166.8 146.109 9.10312 0.476746 -4.80461 0.23924 0.728378 
270.794 126.74 152.507 5 0.0456596 -4.22142 0.730346 0.674426 
278.443 93.8629 153.674 5 0.0456599 -3.68391 0.730346 0.619811 
286.126 67.6077 154.842 5 0.0456601 -3.19178 0.730346 0.564088 
293.843 47.4157 156.009 5 0.0456603 -2.74522 0.730346 0.507265 
301.592 32.7255 157.177 5 0.0456605 -2.3445 0.730346 0.449711 
309.375 22.9723 158.344 5 0.0456607 -1.98969 0.730346 0.3921 
317.19 17.5905 159.512 5 0.0456609 -1.6804 0.730346 0.335358 
325.037 16.0193 160.68 5 0.045661 -1.41562 0.730346 0.280562 
332.915 17.7104 161.847 5 0.0456611 -1.1936 0.730346 0.228804 
340.825 22.1368 163.015 5 0.0456612 -1.01188 0.730346 0.181047 
348.765 28.802 164.182 5 0.0456613 -0.867359 0.730346 0.138003 
356.735 37.2478 165.35 5 0.0456613 -0.756443 0.730346 0.100081 
364.735 47.0602 166.517 5 0.0456614 -0.675297 0.730346 0.0673892 
372.764 57.8723 167.685 5 0.0456614 -0.620031 0.730346 0.039783 
380.823 69.3653 168.853 5 0.0456614 -0.58687 0.730346 0.0169415 
388.912 81.2668 170.02 5 0.0456614 -0.572276 0.730346 -0.00156236 
397.029 93.3482 171.188 5 0.0456614 -0.573022 0.730346 -0.016202 
405.175 105.42 172.355 5 0.0456614 -0.586219 0.730346 -0.0274558 
413.349 117.33 173.523 5 0.0456614 -0.609316 0.730346 -0.0357806 
421.552 128.955 174.69 5 0.0456613 -0.64009 0.730347 -0.041598 
429.784 140.201 175.858 5 0.0456623 -0.67661 0.73033 -0.0452889 
438.044 150.997 177.026 5 0.0456329 -0.717219 0.730836 -0.0471939 
446.333 161.292 178.193 5 0.0465343 -0.760496 0.715299 -0.0476137 
454.65 171.055 179.371 5 0.0188324 -0.805232 0.728939 -0.0467935 
463.002 180.266 180.208 5.25225 0.0166321 -0.85038 0.713428 -0.0556952 
471.126 188.921 181.013 5.5133 0.0153688 -0.90577 0.697122 -0.061345 
479.012 196.894 181.797 5.7741 0.0145874 -0.968837 0.680816 -0.0599742 
486.66 204.09 182.567 6.03015 0.0142508 -1.03279 0.66451 -0.0537644 
494.073 210.499 183.327 6.27767 0.0137984 -1.09249 0.648204 -0.0461914 
501.26 216.172 184.077 6.51843 0.0122355 -1.1462 0.631898 -0.0394072 
508.227 221.184 184.803 6.76337 0.00878882 -1.19446 0.615592 -0.0338766 
514.972 225.601 185.481 7.02982 0.00397441 -1.23849 0.599285 -0.0291697 
521.47 229.476 186.095 7.32887 0.000322743 -1.27906 0.582979 -0.02479 
527.689 232.851 186.658 7.64701 0.00162215 -1.31634 0.566673 -0.0205393 
533.608 235.767 187.231 7.93629 0.0100283 -1.35015 0.550367 -0.0164836 
539.252 238.267 187.901 8.13243 0.0220702 -1.3803 0.534061 -0.0127789 
544.716 240.396 188.716 8.20881 0.0268225 -1.40674 0.517755 -0.0095442 
550.123 242.199 189.588 8.24337 0.0104143 -1.42958 0.501449 -0.00682619 
555.522 243.72 190.258 8.43783 -0.0317269 -1.44901 0.485143 -0.00462076 
560.755 245.003 190.404 9.02056 -0.0805653 -1.4652 0.468836 -0.00290176 
565.429 246.086 189.937 10.0231 -0.0906875 -1.47829 0.45253 -0.00163483 
569.103 247.009 189.325 11.049 -0.0136513 -1.48839 0.436224 -0.000776766 
571.731 247.808 189.643 11.2792 0.151991 -1.49555 0.419918 -0.000269919 
574.098 248.519 191.996 9.94725 0.312095 -1.49978 0.403612 -3.82763e-05 
577.799 249.177 196.349 7.23034 0.284402 -1.50104 0.387306 1.35628e-05 
584.296 249.818 200.414 5 -0.0899995 -1.49923 0.369 0 
584.296 249.818 200.414 5 -0.0899995 -1.49923 0.369 0 
590.407 250.533 199.824 6.03791 -0.811414 -1.4992 1.01143 0.205214 
595.807 251.248 191.879 12.3011 -0.448206 -1.38379 0.730607 0.181934 
595.868 253.142 187.527 15.4647 0.0875158 -1.28142 0.265801 0.161502 
593.153 256.079 188.571 14.4816 0.215518 -1.19051 0.209985 0.143619 
591.236 259.941 190.934 12.5983 0.162473 -1.10962 0.290372 0.128 
590.913 264.623 192.788 11.2142 0.0507149 -1.03747 0.402804 0.114382 
591.779 270.039 193.528 10.7361 -0.0222664 -0.972946 0.467117 0.102521 
593.065 276.111 193.534 10.8257 -0.0427317 -0.915065 0.478987 0.0921986 
594.283 282.771 193.329 11.0623 -0.0362926 -0.862963 0.467659 0.0832151 
595.303 289.962 193.187 11.2385 -0.0243395 -0.815891 0.453892 0.0753934 
596.175 297.631 193.163 11.3167 -0.0164672 -0.773197 0.445511 0.0685753 
596.981 305.735 193.218 11.3326 -0.0138848 -0.734319 0.442444 0.0626203 
597.775 314.234 193.299 11.3288 -0.0144637 -0.698773 0.442073 0.0574042 
598.574 323.095 193.374 11.3299 -0.0159646 -0.666145 0.442185 0.0528175 
599.374 332.287 193.434 11.3425 -0.0171703 -0.636082 0.44176 0.0487639 
600.166 341.785 193.481 11.3638 -0.0177933 -0.608287 0.440673 0.0451591 
600.942 351.566 193.522 11.389 -0.0180089 -0.582506 0.439173 0.0419296 
601.698 361.61 193.56 11.4148 -0.0180742 -0.558531 0.437523 0.0390118 
602.434 371.897 193.597 11.4402 -0.0181545 -0.536186 0.435867 0.0363507 
603.151 382.411 193.632 11.4653 -0.018304 -0.515328 0.434236 0.0338995 
603.848 393.138 193.666 11.4906 -0.018513 -0.495839 0.432606 0.0316184 
604.525 404.063 193.697 11.5165 -0.0187588 -0.477626 0.430937 0.0294744 
605.182 415.173 193.726 11.5434 -0.0190335 -0.46061 0.429207 0.0274403 
605.818 426.456 193.751 11.5715 -0.0193417 -0.44473 0.427408 0.0254945 
606.432 437.901 193.772 11.6008 -0.0196786 -0.429939 0.42555 0.0236201 
607.022 449.496 193.79 11.6317 -0.0200069 -0.416195 0.423644 0.0218049 
607.588 461.231 193.804 11.6639 -0.0202533 -0.403466 0.421701 0.0200405 
608.128 473.096 193.814 11.6967 -0.0203465 -0.391723 0.419715 0.0183221 
608.641 485.08 193.824 11.729 -0.0202905 -0.380942 0.417668 0.0166481 
609.129 497.173 193.833 11.7596 -0.0202341 -0.371098 0.415535 0.0150195 
609.591 509.367 193.842 11.7888 -0.0204668 -0.362165 0.413305 0.0134397 
610.031 521.652 193.849 11.8187 -0.0212784 -0.354117 0.410997 0.0119141 
610.446 534.019 193.846 11.8541 -0.0226979 -0.346923 0.40866 0.0104493 
610.833 546.458 193.829 11.8991 -0.0242461 -0.34055 0.40636 0.00905334 
611.183 558.963 193.796 11.9541 -0.0249334 -0.334959 0.404128 0.00773457 
611.488 571.524 193.754 12.0118 -0.0236996 -0.330107 0.401933 0.00650175 
611.744 584.135 193.724 12.0572 -0.0202542 -0.325946 0.39968 0.00536335 
611.963 596.789 193.728 12.0738 -0.0159042 -0.322424 0.397265 0.00432724 
612.167 609.478 193.777 12.0568 -0.0136696 -0.319482 0.394643 0.00340019 
612.385 622.197 193.848 12.0248 -0.0170832 -0.317061 0.391888 0.00258747 
612.632 634.94 193.885 12.0226 -0.0277244 -0.315096 0.389166 0.00189239 
612.883 647.704 193.814 12.1041 -0.0425883 -0.31352 0.386637 0.00131594 
613.07 660.484 193.59 12.2963 -0.0532639 -0.312268 0.384338 0.000856289 
613.097 673.276 193.255 12.5595 -0.04878 -0.311273 0.382144 0.000508459 
612.903 686.079 192.961 12.7715 -0.0223267 -0.310474 0.379869 0.000263879 
612.524 698.89 192.932 12.7657 0.0207794 -0.309812 0.377418 0.000110017 
612.141 711.708 193.343 12.4279 0.0590915 -0.309237 0.374864 2.99925e-05 
612.033 724.531 194.148 11.8172 0.0605141 -0.308707 0.372371 2.21138e-06 
612.44 737.36 194.978 11.237 -0.000718528 -0.308193 0.369 0 
612.44 737.36 194.978 11.237 -0.000718528 -0.308193 0.369 0 
613.913 735.886 196.452 12.0372 -0.010362 -0.177774 0.482653 -4.20983e-12 
615.387 734.412 197.925 12.7903 -0.0138765 -0.0742941 0.480306 -3.19475e-12 
616.861 732.938 199.399 13.4978 -0.0151573 0.00773487 0.477959 -2.42225e-12 
618.335 731.464 200.873 14.1614 -0.0156241 0.0727183 0.475612 -1.83457e-12 
619.809 729.99 202.347 14.7827 -0.0157942 0.124176 0.473265 -1.38794e-12 
621.283 728.516 203.821 15.3635 -0.0158562 0.16491 0.470918 -1.04884e-12 
622.757 727.042 205.295 15.9054 -0.0158788 0.197149 0.468571 -7.91759e-13 
624.231 725.568 206.769 16.4103 -0.0158871 0.22266 0.466224 -5.96897e-13 
625.705 724.094 208.243 16.8798 -0.0158901 0.242844 0.463878 -4.49454e-13 
627.179 722.62 209.717 17.316 -0.0158912 0.258813 0.461531 -3.38006e-13 
628.653 721.146 211.191 17.7205 -0.0158916 0.271445 0.459184 -2.53813e-13 
630.127 719.672 212.665 18.0953 -0.0158917 0.281437 0.456837 -1.90266e-13 
631.601 718.198 214.139 18.4422 -0.0158918 0.289341 0.45449 -1.42418e-13 
633.075 716.724 215.613 18.7629 -0.0158918 0.295591 0.452143 -1.0641e-13 
634.549 715.25 217.087 19.0591 -0.0158918 0.300533 0.449796 -7.94895e-14 
636.023 713.776 218.561 19.3325 -0.0158918 0.304439 0.447449 -5.91614e-14 
637.497 712.302 220.035 19.5846 -0.0158918 0.307527 0.445102 -4.38944e-14 
638.971 710.828 221.509 19.817 -0.0158918 0.309965 0.442755 -3.25607e-14 
640.445 709.354 222.983 20.0311 -0.0158918 0.311888 0.440408 -2.40137e-14 
641.919 707.88 224.457 20.2281 -0.0158918 0.313404 0.438061 -1.75804e-14 
643.393 706.406 225.931 20.4094 -0.0158918 0.314596 0.435714 -1.28646e-14 
644.867 704.932 227.405 20.5761 -0.0158918 0.315528 0.433367 -9.28973e-15 
646.341 703.458 228.879 20.7293 -0.0158918 0.316254 0.43102 -6.64721e-15 
647.815 701.984 230.353 20.87 -0.0158918 0.316813 0.428673 -4.68239e-15 
649.289 700.51 231.827 20.9992 -0.0158918 0.317237 0.426327 -3.19562e-15 
650.763 699.037 233.301 21.1177 -0.0158918 0.317547 0.42398 -1.99141e-15 
652.237 697.563 234.775 21.2264 -0.0158918 0.317763 0.421633 -1.0671e-15 
653.711 696.089 236.249 21.326 -0.0158918 0.317895 0.419286 -4.30541e-16 
655.185 694.615 237.723 21.4172 -0.0158918 0.317951 0.416939 1.1214e-16 
656.659 693.141 239.197 21.5006 -0.0158918 0.317934 0.414592 5.92672e-16 
658.133 691.667 240.671 21.5767 -0.0158918 0.317844 0.412245 9.39291e-16 
659.606 690.193 242.145 21.6462 -0.0158918 0.317674 0.409898 1.31329e-15 
661.08 688.719 243.619 21.7095 -0.0158918 0.317417 0.407551 1.60552e-15 
662.554 687.245 245.092 21.767 -0.0158918 0.317058 0.405204 1.92212e-15 
664.028 685.771 246.566 21.8192 -0.0158918 0.316577 0.402857 2.18703e-15 
665.502 684.297 248.04 21.8664 -0.0158918 0.315947 0.40051 2.39457e-15 
666.976 682.823 249.514 21.909 -0.0158917 0.315135 0.398163 2.62444e-15 
668.45 681.349 250.988 21.9472 -0.0158916 0.314096 0.395816 2.82248e-15 
669.924 679.875 252.462 21.9814 -0.0158911 0.312772 0.393469 2.95986e-15 
671.398 678.401 253.936 22.0117 -0.01589 0.31109 0.391122 3.0475e-15 
672.872 676.927 255.41 22.0383 -0.0158869 0.30896 0.388776 3.06152e-15 
674.346 675.453 256.884 22.0616 -0.0158783 0.306262 0.386429 2.96862e-15 
675.82 673.979 258.358 22.0815 -0.0158547 0.30285 0.384082 2.77401e-15 
677.294 672.505 259.832 22.0984 -0.0157899 0.298536 0.381735 2.42334e-15 
678.768 671.031 261.306 22.1122 -0.0156121 0.293082 0.379388 1.96403e-15 
680.242 669.557 262.78 22.1231 -0.0151244 0.28619 0.377041 1.40858e-15 
681.716 668.083 264.254 22.1312 -0.0137861 0.277481 0.374694 7.99858e-16 
683.19 666.609 265.728 22.1365 -0.0101139 0.266476 0.372347 2.68069e-16 
684.664 665.135 267.202 22.1391 -3.75667e-05 0.25257 0.369 0 
684.664 665.135 267.202 22.1391 -3.75667e-05 0.25257 0.369 0 
673.581 690.85 266.951 20.7375 0.958929 0.502405 -0.188388 -0.0947845 
663.791 720.044 280.093 10.2674 0.55715 0.419022 -0.176775 -0.93529 
666.169 748.067 287.87 5 -1.19587 -0.56159 1.12107 -0.914993 
675.123 762.422 271.34 17.3687 -0.620811 -1.5278 0.459927 -0.879881 
669.634 763.325 262.546 22.9249 -0.0920848 -2.45831 -0.141939 -0.826719 
657.54 751.268 260.994 22.7419 -0.0911917 -3.328 -0.130326 -0.748928 
645.596 727.093 259.46 22.559 -0.0902985 -4.1047 -0.118714 -0.641229 
633.805 692.096 257.942 22.376 -0.0894053 -4.7546 -0.107102 -0.501579 
622.168 648.043 256.44 22.193 -0.0885121 -5.24948 -0.0954897 -0.328147 
610.688 597.095 254.955 22.0101 -0.0876188 -5.56466 -0.0838775 -0.142034 
599.367 541.755 253.486 21.8271 -0.0867254 -5.69865 -0.0722652 -0.0261019 
588.208 484.548 252.034 21.6441 -0.0858319 -5.72484 -0.060653 -0.00142665 
577.212 426.975 250.599 21.4612 -0.0849383 -5.72852 -0.0490407 0.0145659 
566.379 369.351 249.18 21.2782 -0.0840448 -5.7165 -0.0374285 0.0308629 
555.711 311.895 247.777 21.0952 -0.0831512 -5.68812 -0.0258162 0.0409517 
545.209 254.834 246.391 20.9122 -0.0822578 -5.64928 -0.014204 0.0528687 
534.872 198.314 245.022 20.7293 -0.0813645 -5.59796 -0.00259174 0.0757817 
524.702 142.508 243.669 20.5463 -0.0804711 -5.52234 0.0090205 0.111987 
514.698 87.7565 242.333 20.3633 -0.0795775 -5.40691 0.0206327 0.155903 
504.863 34.6129 241.013 20.1804 -0.0786832 -5.24055 0.032245 0.1993 
495.197 -16.213 239.71 19.9974 -0.0777887 -5.02025 0.0438572 0.23616 
485.701 -63.9693 238.423 19.8144 -0.0768946 -4.74994 0.0554695 0.263899 
476.376 -107.96 237.153 19.6314 -0.0760024 -4.4375 0.0670817 0.282413 
467.223 -147.596 235.899 19.4484 -0.0751124 -4.09206 0.078694 0.292802 
458.242 -182.42 234.662 19.2655 -0.0742223 -3.7224 0.0903062 0.296525 
449.436 -212.094 233.442 19.0826 -0.0733269 -3.33623 0.101918 0.294969 
440.803 -236.387 232.238 18.8997 -0.0724218 -2.93997 0.113531 0.289296 
432.346 -255.158 231.05 18.7166 -0.0715104 -2.53886 0.125143 0.280416 
424.064 -268.341 229.88 18.5334 -0.0706092 -2.13712 0.136755 0.269024 
415.957 -275.927 228.726 18.3501 -0.069742 -1.7382 0.148367 0.25564 
408.028 -277.954 227.588 18.1672 -0.0689157 -1.3449 0.15998 0.24066 
400.275 -274.502 226.466 17.9849 -0.0680885 -0.95956 0.171592 0.224385 
392.698 -265.68 225.359 17.8033 -0.0671664 -0.584182 0.183204 0.207056 
385.297 -251.629 224.27 17.6212 -0.0660662 -0.220485 0.194816 0.188873 
378.073 -232.51 223.199 17.4369 -0.0648467 0.130008 0.206429 0.17002 
371.028 -208.507 222.15 17.2493 -0.06381 0.465928 0.218041 0.150679 
364.167 -179.824 221.12 17.0605 -0.0633929 0.786021 0.229653 0.131056 
357.491 -146.682 220.099 16.8774 -0.0637292 1.08913 0.241265 0.111395 
350.995 -109.316 219.078 16.7073 -0.0640705 1.37418 0.252878 0.0920059 
344.663 -67.9781 218.056 16.5491 -0.0626933 1.64016 0.26449 0.0732814 
338.482 -22.9346 217.057 16.3835 -0.0580521 1.88611 0.276102 0.0557111 
332.459 25.5356 216.126 16.1767 -0.051174 2.11108 0.287714 0.0398655 
326.642 77.1404 215.295 15.9085 -0.0475482 2.31403 0.299327 0.0263313 
321.102 131.573 214.521 15.6192 -0.0552084 2.49357 0.310939 0.0155874 
315.868 188.506 213.647 15.4301 -0.0767713 2.64754 0.322551 0.00786169 
310.828 247.585 212.477 15.4797 -0.0987643 2.77227 0.334163 0.00303761 
305.708 308.402 210.999 15.7508 -0.0896846 2.86173 0.345776 0.000653704 
300.242 370.465 209.641 15.8939 -0.0208048 2.90739 0.357388 -3.54771e-05 
294.56 433.165 209.24 15.6029 0.0899998 2.90085 0.369 0 
294.56 433.165 209.24 15.6029 0.0899998 2.90085 0.369 0 
297.025 430.7 209.862 16.4467 0.0182177 1.9745 0.482653 -2.53316e-08 
299.49 428.235 210.474 17.1934 0.00354728 1.30956 0.480306 -1.76615e-08 
301.955 425.77 211.077 17.8517 0.000551024 0.844539 0.477959 -1.22879e-08 
304.421 423.305 211.671 18.4303 -6.08372e-05 0.524358 0.475612 -8.51545e-09 
306.886 420.839 212.256 18.9375 -0.000185716 0.305744 0.473265 -5.87364e-09 
309.351 418.374 212.831 19.3813 -0.000211167 0.157115 0.470918 -4.03205e-09 
311.816 415.909 213.397 19.7689 -0.000216332 0.0562829 0.468571 -2.75501e-09 
314.281 413.444 213.954 20.107 -0.000217365 -0.0120481 0.466224 -1.87412e-09 
316.746 410.979 214.502 20.4016 -0.000217558 -0.0583283 0.463878 -1.26956e-09 
319.211 408.514 215.04 20.6581 -0.000217582 -0.089664 0.461531 -8.5659e-10 
321.677 406.049 215.569 20.8814 -0.000217573 -0.110877 0.459184 -5.75749e-10 
324.142 403.583 216.088 21.0756 -0.00021756 -0.125237 0.456837 -3.85554e-10 
326.607 401.118 216.598 21.2444 -0.000217548 -0.134955 0.45449 -2.57254e-10 
329.072 398.653 217.099 21.3912 -0.000217537 -0.141533 0.452143 -1.71032e-10 
331.537 396.188 217.59 21.5188 -0.000217528 -0.145985 0.449796 -1.13299e-10 
334.002 393.723 218.072 21.6297 -0.000217521 -0.148997 0.447449 -7.478e-11 
336.467 391.258 218.545 21.726 -0.000217516 -0.151035 0.445102 -4.91705e-11 
338.933 388.792 219.008 21.8097 -0.000217512 -0.152414 0.442755 -3.22039e-11 
341.398 386.327 219.462 21.8825 -0.000217509 -0.153347 0.440408 -2.1003e-11 
343.863 383.862 219.906 21.9457 -0.000217508 -0.153978 0.438061 -1.3635e-11 
346.328 381.397 220.341 22.0006 -0.000217508 -0.154405 0.435714 -8.80538e-12 
348.793 378.932 220.766 22.0483 -0.000217508 -0.154693 0.433367 -5.65103e-12 
351.258 376.467 221.182 22.0898 -0.00021751 -0.154887 0.43102 -3.59782e-12 
353.724 374.002 221.588 22.1258 -0.000217512 -0.155019 0.428673 -2.26496e-12 
356.189 371.536 221.984 22.1571 -0.000217515 -0.155106 0.426327 -1.40105e-12 
358.654 369.071 222.372 22.1844 -0.000217518 -0.155165 0.42398 -8.40441e-13 
361.119 366.606 222.749 22.208 -0.000217522 -0.155202 0.421633 -4.7374e-13 
363.584 364.141 223.117 22.2286 -0.000217526 -0.155226 0.419286 -2.29462e-13 
366.049 361.676 223.476 22.2465 -0.000217531 -0.155238 0.416939 -6.04869e-14 
368.514 359.211 223.825 22.2621 -0.000217536 -0.155241 0.414592 6.44299e-14 
370.98 356.746 224.164 22.2756 -0.000217541 -0.155235 0.412245 1.66011e-13 
373.445 354.28 224.494 22.2874 -0.000217547 -0.155219 0.409898 2.58117e-13 
375.91 351.815 224.814 22.2977 -0.000217553 -0.155192 0.407551 3.50337e-13 
378.375 349.35 225.124 22.3067 -0.000217559 -0.155148 0.405204 4.49034e-13 
380.84 346.885 225.425 22.3146 -0.000217566 -0.155082 0.402857 5.58393e-13 
383.305 344.42 225.716 22.3215 -0.000217572 -0.154982 0.40051 6.80296e-13 
385.77 341.955 225.998 22.3275 -0.000217579 -0.154833 0.398163 8.14711e-13 
388.236 339.489 226.269 22.3329 -0.000217585 -0.154612 0.395816 9.58891e-13 
390.701 337.024 226.532 22.3376 -0.000217592 -0.154286 0.393469 1.10683e-12 
393.166 334.559 226.784 22.3419 -0.000217599 -0.153804 0.391122 1.24863e-12 
395.631 332.094 227.027 22.3456 -0.000217606 -0.153091 0.388776 1.36983e-12 
398.096 329.629 227.26 22.3491 -0.000217611 -0.152037 0.386429 1.45102e-12 
400.561 327.164 227.484 22.3522 -0.000217606 -0.150479 0.384082 1.46899e-12 
403.026 324.699 227.697 22.3551 -0.000217555 -0.148178 0.381735 1.39932e-12 
405.492 322.233 227.901 22.3579 -0.000217268 -0.144776 0.379388 1.22243e-12 
407.957 319.768 228.096 22.3605 -0.000215815 -0.13975 0.377041 9.34147e-13 
410.422 317.303 228.28 22.3631 -0.000208611 -0.132323 0.374694 5.62987e-13 
412.887 314.838 228.455 22.3657 -0.000173214 -0.12135 0.372347 1.94358e-13 
415.352 312.373 228.62 22.3683 -2.30262e-07 -0.105139 0.369 0 
415.352 312.373 228.62 22.3683 -2.30262e-07 -0.105139 0.369 0 
409.883 322.499 228.649 21.8182 0.646079 -0.104734 -0.127108 -0.391652 
404.629 332.628 233.148 18.0478 0.738881 -0.25392 -0.102136 -0.362474 
401.511 341.724 238.33 13.9517 0.609893 -0.392005 -0.0508241 -0.334726 
400.75 349.865 242.666 10.7024 0.266785 -0.519528 0.0688469 -0.308433 
401.895 357.123 244.667 9.36667 -0.162714 -0.63704 0.331305 -0.283611 
403.866 363.568 243.716 10.2689 -0.40528 -0.745101 0.515065 -0.260256 
405.357 369.267 241.078 12.3496 -0.397163 -0.844268 0.495568 -0.238352 
405.658 374.281 238.473 14.3 -0.273031 -0.935097 0.380445 -0.217869 
404.825 378.669 236.705 15.545 -0.141057 -1.01813 0.265617 -0.198766 
403.259 382.484 235.834 16.0752 -0.0471671 -1.09389 0.198167 -0.180995 
401.375 385.775 235.607 16.1086 0.0110544 -1.16289 0.169136 -0.1645 
399.461 388.59 235.781 15.8432 0.0410227 -1.2256 0.163752 -0.14922 
397.691 390.971 236.165 15.4339 0.0478193 -1.2825 0.172964 -0.135091 
396.152 392.959 236.601 15.0044 0.0372738 -1.33402 0.190949 -0.12205 
394.859 394.59 236.969 14.6443 0.017265 -1.38057 0.21273 -0.11003 
393.772 395.9 237.203 14.3989 -0.00367648 -1.42254 0.233536 -0.0989691 
392.827 396.92 237.294 14.2683 -0.0190373 -1.4603 0.249746 -0.088804 
391.957 397.679 237.281 14.2194 -0.0260924 -1.49418 0.2601 -0.0794755 
391.115 398.204 237.22 14.2066 -0.0256055 -1.52452 0.265685 -0.0709267 
390.279 398.519 237.162 14.1902 -0.0201948 -1.55159 0.268721 -0.063104 
389.451 398.647 237.142 14.1451 -0.012773 -1.57569 0.271282 -0.0559568 
388.646 398.608 237.173 14.0622 -0.00571981 -1.59706 0.274663 -0.0494379 
387.886 398.422 237.254 13.945 -0.000658751 -1.61595 0.279333 -0.0435033 
387.192 398.105 237.372 13.805 0.0015071 -1.63258 0.285175 -0.038112 
386.576 397.673 237.506 13.6581 0.000520835 -1.64715 0.291768 -0.0332258 
386.043 397.14 237.634 13.5211 -0.00326666 -1.65987 0.298634 -0.0288093 
385.589 396.52 237.738 13.408 -0.00890947 -1.67089 0.305413 -0.0248297 
385.199 395.823 237.805 13.3276 -0.0149117 -1.68041 0.311938 -0.0212563 
384.856 395.061 237.831 13.2804 -0.0193924 -1.68855 0.318215 -0.0180604 
384.54 394.242 237.826 13.257 -0.0204491 -1.69549 0.324325 -0.0152154 
384.236 393.375 237.814 13.2383 -0.0167258 -1.70133 0.33032 -0.0126961 
383.943 392.468 237.828 13.199 -0.00806974 -1.70622 0.336144 -0.0104787 
383.67 391.527 237.903 13.1142 0.00395722 -1.71026 0.341628 -0.00854093 
383.443 390.558 238.061 12.9684 0.0159976 -1.71356 0.346549 -0.00686129 
383.297 389.566 238.305 12.7643 0.023471 -1.71622 0.350731 -0.00541935 
383.267 388.556 238.602 12.5289 0.0218412 -1.71833 0.354152 -0.00419544 
383.372 387.531 238.891 12.3115 0.00834307 -1.71997 0.356985 -0.00317053 
383.602 386.495 239.088 12.1741 -0.016347 -1.72123 0.359553 -0.00232616 
383.915 385.45 239.117 12.1718 -0.0471829 -1.72216 0.362193 -0.00164434 
384.234 384.398 238.932 12.331 -0.0751898 -1.72283 0.365096 -0.00110741 
384.466 383.342 238.553 12.6293 -0.0895546 -1.72329 0.368192 -0.000698077 
384.53 382.283 238.07 12.9888 -0.0810781 -1.7236 0.371159 -0.000399261 
384.387 381.222 237.643 13.2866 -0.0460783 -1.72379 0.373547 -0.000194093 
384.068 380.16 237.454 13.3863 0.0105967 -1.72391 0.374988 -6.58343e-05 
383.683 379.097 237.655 13.1831 0.0748223 -1.72398 0.375356 2.15177e-06 
383.405 378.033 238.302 12.6514 0.125605 -1.72402 0.374798 2.63915e-05 
383.423 376.969 239.307 11.8767 0.140588 -1.72406 0.373604 2.32735e-05 
383.882 375.904 240.423 11.0586 0.103511 -1.72409 0.372008 9.06737e-06 
384.815 374.839 241.292 10.4727 0.0115341 -1.72413 0.369 0 
384.815 374.839 241.292 10.4727 0.0115341 -1.72413 0.369 0 
391.819 368.039 240.994 8.60476 0.0640091 -0.431495 0.883417 0.864369 
403.954 405.73 242.606 5 -0.057349 2.39676 1.13486 0.658905 
426.305 540.768 240.239 5.00004 -0.0565463 4.51805 1.12108 0.166809 
448.549 748.826 237.9 5.00001 -0.0556016 5.047 1.10478 -0.106057 
470.646 975.092 235.593 5.00003 -0.0546556 4.72073 1.08847 -0.236725 
492.574 1190.13 233.319 5.00004 -0.0537104 3.96472 1.07216 -0.296768 
514.325 1379.14 231.078 5.00006 -0.0527662 2.99194 1.05586 -0.317643 
535.893 1534.66 228.869 5.00011 -0.0518508 1.92637 1.03955 -0.308142 
557.279 1653.51 226.691 5.00093 -0.127516 0.86999 1.02324 -0.273317 
578.535 1735.99 221.909 7.00789 -0.0769395 -0.0873141 1.00694 -0.217342 
593.865 1785.53 218.757 7.2649 -0.078193 -0.865581 0.990632 -0.151812 
608.248 1808.27 215.548 7.52186 -0.0794477 -1.42222 0.974326 -0.0884248 
621.687 1811.86 212.281 7.7788 -0.0807025 -1.755 0.95802 -0.0360077 
634.184 1803.99 208.957 8.03574 -0.0819572 -1.89472 0.941714 0.000510858 
645.739 1791.31 205.576 8.29268 -0.0832118 -1.89354 0.925408 0.0202829 
656.354 1778.67 202.137 8.54961 -0.0844665 -1.81129 0.909102 0.0259328 
666.026 1768.87 198.641 8.80654 -0.0857211 -1.70224 0.892796 0.0221455 
674.752 1762.82 195.087 9.06348 -0.0869757 -1.60573 0.87649 0.0140733 
682.528 1760.09 191.476 9.32041 -0.0882303 -1.54209 0.860183 0.00603025 
689.348 1759.55 187.808 9.57734 -0.089485 -1.51378 0.843877 0.000697011 
695.209 1759.99 184.083 9.83428 -0.0907396 -1.51046 0.827571 -0.00112007 
700.105 1760.55 180.3 10.0912 -0.0919943 -1.51629 0.811265 -0.000805798 
704.032 1760.9 176.459 10.3481 -0.093249 -1.52071 0.794959 -0.000456057 
706.986 1761.1 172.562 10.6051 -0.0945037 -1.52338 0.778653 0.000897626 
708.964 1761.21 168.607 10.862 -0.0957583 -1.51814 0.762347 0.00293922 
709.961 1761.5 164.594 11.1189 -0.097013 -1.49976 0.746041 0.00503296 
709.974 1762.43 160.524 11.3759 -0.0982676 -1.46628 0.729734 0.00641689 
709 1764.51 156.397 11.6328 -0.0995223 -1.42082 0.713428 0.00641943 
707.034 1768.15 152.213 11.8897 -0.100777 -1.37227 0.697122 0.0046431 
704.073 1773.46 147.971 12.1467 -0.102032 -1.33483 0.680816 0.00107155 
700.113 1780.07 143.672 12.4036 -0.103286 -1.32628 0.66451 -0.0039211 
695.149 1786.97 139.315 12.6605 -0.104541 -1.36539 0.648204 -0.00965404 
689.176 1792.52 134.901 12.9175 -0.105796 -1.46881 0.631898 -0.0152899 
682.187 1794.51 130.43 13.1744 -0.10705 -1.64816 0.615592 -0.0200113 
674.178 1790.34 125.901 13.4313 -0.108305 -1.9078 0.599285 -0.0231814 
665.141 1777.22 121.315 13.6882 -0.109559 -2.24371 0.582979 -0.0244539 
655.071 1752.54 116.672 13.9452 -0.110818 -2.64382 0.566673 -0.0238142 
643.962 1714.09 111.971 14.2022 -0.112082 -3.08948 0.550367 -0.021549 
631.808 1660.3 107.213 14.4594 -0.113313 -3.5581 0.534061 -0.0181588 
618.605 1590.38 102.397 14.716 -0.114446 -4.02618 0.517755 -0.0142398 
604.35 1504.35 97.5291 14.9694 -0.115713 -4.47227 0.501449 -0.0103603 
589.049 1402.96 92.6032 15.2239 -0.118119 -4.87929 0.485143 -0.00696055 
572.696 1287.56 87.5805 15.5092 -0.12126 -5.23593 0.468836 -0.00428936 
555.203 1159.89 82.4339 15.8374 -0.115098 -5.53666 0.45253 -0.00238816 
536.437 1021.87 77.4813 15.9555 -0.0859751 -5.7799 0.436224 -0.00112322 
516.977 875.468 73.5246 15.3091 -0.103378 -5.96077 0.419918 -0.000276991 
499.034 722.844 69.0046 15.2883 -0.414682 -6.04371 0.403612 0.000270897 
481.049 567.364 53.7699 23.4495 -0.803981 -5.88597 0.387306 0.00034377 
439.775 417.332 24.6845 40 1.4 -5.21478 0.369 0 
