grtopS_21_5
50
2 2
4 4 
0 2 1 3 
0 2 1 3 
3560.76 29.9238 42.3889 
146278 9.78531e-10 41.9369 
72.6687 0.61069 0.86508 
2985.26 1.997e-11 0.855855 
4.13489e-08 0.822795 2.26054 
2.13149e-06 5.58132 2.36569 
997.6 129.99 552.41 16.2969 0.46468 0 0.221047 0 
997.6 129.99 552.41 16.2969 0.46468 3.69959e-08 0.221211 -0.0209823 
997.6 129.99 552.41 16.2902 0.493762 -0.91752 0.22005 0.0213176 
26.2195 114.118 582.98 8.7311 0.520267 -0.0514472 0.419891 0.0102132 
27.2895 -406.882 395.446 16.2994 0.459574 0.268796 0.220986 -5.68937e-05 
26.7059 -404.006 390.123 16.3499 0.458982 0.277916 0.219664 -0.00012715 
26.1073 -397.537 385.818 16.386 0.458596 0.285309 0.218716 -0.000177143 
25.5137 -388.52 382.277 16.3788 0.458532 0.291394 0.218904 -0.000168741 
24.9305 -379.936 378.436 16.3803 0.458401 0.297992 0.218864 -0.000172065 
24.3531 -371.183 374.505 16.3786 0.45829 0.304742 0.218911 -0.000170932 
23.7816 -362.487 370.399 16.3772 0.458175 0.311794 0.218945 -0.000170446 
23.2159 -353.816 366.129 16.3727 0.45807 0.319127 0.219064 -0.00016575 
22.6562 -345.385 361.599 16.3736 0.457929 0.326905 0.219038 -0.000168421 
22.1014 -336.817 356.95 16.3673 0.457823 0.334888 0.219206 -0.000161435 
21.5525 -328.606 351.983 16.3688 0.45766 0.343415 0.219166 -0.000165011 
21.0076 -320.212 346.891 16.3647 0.45753 0.352157 0.219273 -0.000161193 
20.4676 -312.013 341.53 16.3626 0.457378 0.361361 0.219327 -0.000160137 
19.9322 -303.868 335.94 16.3599 0.457221 0.370957 0.219399 -0.00015826 
19.4007 -295.819 330.093 16.3592 0.457045 0.380994 0.219416 -0.000159253 
18.8728 -287.719 324.039 16.3551 0.456882 0.391386 0.219524 -0.000155731 
18.3489 -279.799 317.678 16.3547 0.456688 0.402304 0.219534 -0.00015724 
17.8281 -271.802 311.099 16.3507 0.456507 0.413597 0.219638 -0.000154071 
17.3108 -263.967 304.2 16.3499 0.456298 0.425438 0.219659 -0.000155181 
16.7961 -256.075 297.053 16.3463 0.456098 0.437706 0.219753 -0.000152714 
16.2842 -248.31 289.576 16.3452 0.455872 0.450537 0.219781 -0.000153671 
15.7747 -240.496 281.825 16.3419 0.455651 0.46384 0.21987 -0.000151668 
15.2673 -232.784 273.73 16.3403 0.455409 0.477733 0.219911 -0.000152151 
14.7619 -225.047 265.327 16.3371 0.455166 0.492154 0.219995 -0.000150616 
14.2585 -217.389 256.563 16.3355 0.454902 0.507195 0.220035 -0.000151377 
13.7564 -209.692 247.468 16.3324 0.454638 0.522803 0.220116 -0.000150201 
13.2557 -202.056 237.992 16.3302 0.454355 0.539064 0.220175 -0.000150292 
12.7559 -194.415 228.145 16.3277 0.454063 0.555963 0.220239 -0.000150192 
12.2568 -186.779 217.908 16.3244 0.453765 0.57353 0.220325 -0.000149092 
11.7585 -179.199 207.248 16.3214 0.453451 0.591823 0.220403 -0.000148561 
11.2612 -171.647 196.158 16.3184 0.453122 0.610854 0.220483 -0.000148136 
10.7641 -164.116 184.621 16.3161 0.452763 0.630651 0.220542 -0.000149027 
10.2669 -156.542 172.631 16.3199 0.452355 0.651224 0.220444 -0.000158017 
9.76817 -148.509 160.33 16.3192 0.451974 0.672332 0.220459 -0.000161366 
9.26984 -140.319 147.603 16.3148 0.451094 0.694161 0.220606 -0.000167516 
8.75977 -131.943 133.804 16.6348 0.446233 0.717719 0.212389 -0.00063082 
8.1225 -100.202 125.278 17.9726 0.436534 0.73207 0.177209 -0.00243231 
7.18811 23.5951 150.05 17.8277 0.438589 0.689692 0.181 -0.00222725 
6.39187 136.886 172.277 17.6888 0.440485 0.65161 0.184631 -0.00203057 
5.65925 240.148 191.989 17.5722 0.441394 0.617817 0.187748 -0.00187372 
4.96164 335.355 208.867 17.9283 0.439864 0.588819 0.178348 -0.00234137 
4.22499 454.503 235.721 17.6101 0.443522 0.542846 0.186666 -0.00189016 
3.60316 551.044 256.088 17.2903 0.44699 0.508289 0.195029 -0.00139766 
3.3961 624.965 269.708 16.9647 0.450085 0.487387 0.203315 0.00549017 
5.8038 676.095 276.005 16.7489 0.4099 0.76064 0.211476 -0.0199591 
308.945 734.534 232.73 40 0.0899812 0.0123911 0.220047 0 
308.945 734.534 232.73 40 0.0899812 0.0123911 0.220047 0 
292.958 745.782 234.055 37.2235 1.08208 -0.809922 -0.188388 -1.02859 
278.53 750.763 242.973 28.9709 1.4 -2.06572 0.0582116 -1.00718 
269.221 746.171 254.415 19.202 1.4 -3.31289 0.332917 -0.985776 
266.043 732.071 265.976 9.82583 1.00747 -4.55143 -0.153551 -0.964367 
268.82 708.529 274.66 5 0.200313 -5.78132 0.123212 -0.00110258 
274.79 675.613 277.253 5 0.200313 -6.28 0.123213 0.000383978 
280.798 638.897 279.846 5 0.200313 -6.28 0.123213 0.227619 
286.845 602.181 282.439 5 0.200313 -6.28 0.123213 0.621856 
292.931 565.465 285.032 5 0.200313 -6.28 0.123213 0.549617 
299.058 528.749 287.625 5 0.200313 -6.28 0.123213 -0.318063 
305.223 492.033 290.217 5 0.200313 -6.28 0.123213 0.520981 
311.429 455.317 292.81 5 0.200313 -6.28 0.123213 0.646344 
317.674 418.601 295.403 5 0.200313 -6.28 0.123213 0.615712 
323.958 381.885 297.996 5 0.200313 -6.28 0.123213 0.592733 
330.282 345.169 300.589 5 0.200313 -6.28 0.123213 0.588392 
336.646 308.453 303.182 5 0.200313 -6.28 0.123213 0.594641 
343.049 271.736 305.775 5 0.200313 -6.28 0.123213 0.342202 
349.492 235.02 308.368 5 0.200313 -6.28 0.123213 0.49565 
355.975 198.304 310.961 5 0.200313 -6.28 0.123213 0.548775 
362.497 161.588 313.554 5 0.200313 -6.28 0.123213 0.530087 
369.058 124.872 316.147 5 0.200313 -6.28 0.123212 0.534404 
375.66 88.1562 318.739 5 0.200312 -6.28 0.123218 0.547018 
382.3 51.4401 321.332 5 0.200319 -5.22943 0.123118 0.557612 
388.987 22.7293 323.925 5 0.200211 -4.1729 0.12498 0.536204 
395.72 2.06918 326.517 5 0.202223 -3.12506 0.0903061 0.514796 
402.498 -10.6066 329.125 5 -0.11028 -2.08592 0.731503 0.493388 
409.371 -15.3643 329.351 5 -0.118731 -1.05547 0.729735 0.47198 
416.254 -11.7353 329.513 5 -0.117784 -0.0513458 0.713429 -0.450571 
423.145 -0.989798 328.036 5 -0.116839 -1.06345 0.697122 -0.429163 
430.008 2.04362 326.567 5 -0.115893 -2.06684 0.680816 -0.407755 
436.842 -2.56871 325.105 5 -0.114948 -3.06153 0.66451 -0.347775 
443.648 -14.7604 323.65 5 -0.114002 -3.50973 0.648204 0.364939 
450.428 -30.3674 322.202 5 -0.113055 -2.53382 0.631898 0.343531 
457.192 -38.5381 320.762 5 -0.112109 -1.56663 0.615592 0.322122 
463.94 -39.3388 319.328 5 -0.111162 -0.608162 0.599286 0.300714 
470.672 -32.8362 317.902 5 -0.110216 0.341583 0.58298 0.279306 
477.387 -19.0966 316.483 5 -0.109269 1.2826 0.566673 0.257898 
484.087 1.81345 315.072 5 -0.108323 2.21489 0.550367 0.23649 
490.77 29.8274 313.667 5 -0.107376 3.13845 0.534061 0.215082 
497.438 66.5244 312.27 5 -0.10643 4.05327 0.517755 0.193673 
504.089 110.192 310.88 5 -0.105483 4.95936 0.501449 0.172265 
510.725 160.764 309.497 5 -0.104537 5.8567 0.485143 0.109109 
517.345 218.174 308.122 5 -0.10359 6.28 0.468837 0.0592952 
523.946 278.809 306.753 5 -0.102644 6.28 0.452531 0.0145769 
530.526 339.445 305.392 5 -0.101698 6.28 0.436224 0.000415285 
537.085 400.08 304.038 5 -0.100752 6.28 0.419918 -5.1401e-06 
543.624 460.715 302.691 5 -0.616465 6.28 0.403612 -2.80853e-06 
550.22 521.35 297.415 7.9952 -0.614093 6.28 0.387306 -0.00279932 
554.907 581.987 292.12 10.8334 -0.09 5.50142 0.369 0 
554.907 581.987 292.12 10.8334 -0.09 5.50142 0.369 0 
558.668 656.054 289.132 9.26404 0.206048 3.24395 1.15369 -1.02857 
563.638 705.754 289.367 5 -0.27572 0.371825 1.13739 -1.00715 
572.38 724.448 284.476 5 -0.274775 -2.48875 1.12108 -0.985718 
580.992 712.265 279.595 5 -0.273831 -5.33776 1.10478 0.0231017 
589.473 669.33 274.724 5 -0.272885 -6.27997 1.08847 0.224802 
597.841 616.225 269.863 5 -0.271939 -6.27997 1.07216 0.355689 
606.104 563.12 265.013 5 -0.270993 -6.27997 1.05586 0.407639 
614.261 510.014 260.172 5 -0.270047 -6.27997 1.03955 0.393291 
622.314 456.909 255.342 5 -0.269101 -6.27997 1.02324 0.374134 
630.262 403.804 250.522 5 -0.268155 -6.27997 1.00694 0.366988 
638.106 350.699 245.712 5 -0.267209 -6.27997 0.990633 0.338568 
645.845 297.593 240.913 5 -0.266263 -6.27996 0.974327 0.368419 
653.48 244.488 236.124 5 -0.265317 -6.27995 0.95802 0.399453 
661.012 191.383 231.344 5 -0.264371 -6.27994 0.941714 0.456502 
668.439 138.278 226.576 5 -0.263425 -6.27992 0.925408 0.502625 
675.764 85.1731 221.817 5 -0.262479 -6.27984 0.909102 0.594102 
682.986 32.0692 217.068 5 -0.261532 -4.52654 0.892796 0.684241 
690.119 -2.10951 212.33 5 -0.260584 -1.86012 0.87649 0.00069805 
697.173 -7.50681 207.602 5 -0.259638 -0.721889 0.860184 -0.00168068 
704.134 -0.617986 202.884 5 -0.258692 -1.35541 0.843878 -1.53405e-05 
710.988 -0.567445 198.177 5 -0.257746 -1.36028 0.827571 -1.71893e-05 
717.739 -0.569414 193.479 5 -0.2568 -1.36059 0.811265 -6.67584e-06 
724.389 -0.57471 188.792 5 -0.255854 -1.36051 0.794959 -4.46559e-06 
730.937 -0.5792 184.115 5 -0.254908 -1.36056 0.778653 -5.69075e-06 
737.384 -0.584268 179.449 5 -0.253962 -1.36054 0.762347 -3.96966e-06 
743.729 -0.589112 174.792 5 -0.253016 -1.36055 0.746041 -4.00016e-06 
749.974 -0.594007 170.146 5 -0.25207 -1.36056 0.729735 -2.29312e-06 
756.118 -0.599024 165.51 5 -0.251124 -1.36052 0.713429 -2.75829e-06 
762.162 -0.603559 160.884 5 -0.250178 -1.36052 0.697122 -3.39095e-06 
768.105 -0.608185 156.268 5 -0.249232 -1.36056 0.680816 -1.72457e-06 
773.948 -0.613251 151.663 5 -0.248286 -1.36052 0.66451 -1.00535e-06 
779.692 -0.617881 147.067 5 -0.24734 -1.35998 0.648204 7.15104e-05 
785.336 -0.616675 142.482 5 -0.246394 -1.29948 0.631898 0.000223555 
790.881 0.0375823 137.908 5 -0.245448 -1.44053 0.615592 -0.322095 
796.325 -0.830676 133.343 5 -0.244503 -3.89317 0.599286 -0.103259 
801.65 -28.1728 128.788 5 -0.243556 -2.05961 0.58298 0.279302 
806.892 -35.7234 124.244 5 -0.242609 0.36736 0.566673 0.257896 
812.056 -17.0771 119.71 5 -0.241661 2.78261 0.550367 0.236487 
817.142 27.6394 115.187 5 -0.240714 5.18613 0.534061 0.0995877 
822.152 98.2997 110.673 5 -0.239767 6.28 0.517755 0.0145348 
827.072 183.174 106.17 5 -0.238821 6.28 0.501449 0.00209397 
831.896 270.163 101.677 5 -0.237875 6.28 0.485143 1.06586e-05 
836.622 357.151 97.1937 5 -0.236929 6.28 0.468837 -7.0648e-06 
841.25 444.139 92.721 5 -0.323965 6.28 0.452531 -4.82557e-06 
845.801 531.128 87.3089 5.72252 -1.4 6.28 0.436224 -3.07177e-06 
849.842 618.116 70.2695 15.2385 -1.4 6.28 0.419918 -1.71265e-06 
845.284 705.112 53.0655 24.093 -1.4 6.28 0.403612 -7.18002e-07 
832.696 792.113 35.7082 32.3324 -1.4 6.28 0.387306 -0.00029345 
812.606 879.12 18.2085 40 1.04286 4.46934 0.369 0 
997.6 129.99 552.41 16.2969 0.46468 0 0.221047 0 
997.6 129.99 552.41 16.2969 0.464682 1.75361e-06 0.221047 -6.7752e-06 
997.676 129.948 552.505 16.2401 0.465405 -0.0123683 0.222533 8.66985e-05 
466.84 -37.4635 508.016 16.3855 0.462492 0.0757084 0.218729 -0.000135942 
446.363 246.745 531.436 16.3395 0.46364 0.035795 0.219934 -6.51897e-05 
437.832 383.011 543.144 16.3158 0.46422 0.0158154 0.220554 -2.88818e-05 
434.15 443.38 548.372 16.3051 0.464479 0.00689256 0.220832 -1.25923e-05 
432.553 469.701 550.654 16.3005 0.464593 0.00299747 0.220953 -5.4744e-06 
431.86 481.144 551.645 16.2985 0.464642 0.0013057 0.221006 -2.38193e-06 
431.56 486.122 552.075 16.2976 0.464663 0.000572042 0.221029 -1.04052e-06 
431.43 488.297 552.261 16.2972 0.464673 0.000254253 0.221039 -4.59203e-07 
431.373 489.257 552.342 16.297 0.464677 0.000116929 0.221043 -2.07706e-07 
431.349 489.691 552.376 16.297 0.464678 5.79449e-05 0.221045 -9.93512e-08 
431.338 489.899 552.391 16.2969 0.464679 3.30068e-05 0.221046 -5.31639e-08 
431.333 490.01 552.397 16.2969 0.464679 2.29136e-05 0.221046 -3.4031e-08 
431.331 490.081 552.399 16.2969 0.464679 1.93553e-05 0.221047 -2.67586e-08 
431.33 490.137 552.399 16.2969 0.46468 1.87333e-05 0.221047 -2.47491e-08 
431.33 490.189 552.399 16.2969 0.464679 1.95099e-05 0.221047 -2.51704e-08 
431.33 490.241 552.398 16.2969 0.464679 2.10439e-05 0.221047 -2.68341e-08 
431.33 490.297 552.397 16.2969 0.464679 2.30765e-05 0.221047 -2.92365e-08 
431.33 490.358 552.395 16.2969 0.464679 2.55326e-05 0.221046 -3.22065e-08 
431.329 490.426 552.393 16.2969 0.464679 2.84203e-05 0.221046 -3.57169e-08 
431.329 490.5 552.391 16.2969 0.464679 3.17927e-05 0.221046 -3.98123e-08 
431.329 490.583 552.389 16.2969 0.464679 3.57367e-05 0.221046 -4.45874e-08 
431.329 490.676 552.386 16.2969 0.464679 4.03663e-05 0.221046 -5.01553e-08 
431.329 490.781 552.383 16.2969 0.464679 4.58452e-05 0.221046 -5.67094e-08 
431.329 490.9 552.379 16.2969 0.464679 5.23718e-05 0.221046 -6.44612e-08 
431.329 491.034 552.375 16.2969 0.464678 6.02127e-05 0.221046 -7.36999e-08 
431.329 491.188 552.369 16.297 0.464678 6.97215e-05 0.221046 -8.47953e-08 
431.328 491.365 552.363 16.297 0.464678 8.13833e-05 0.221045 -9.82573e-08 
431.328 491.57 552.354 16.297 0.464678 9.58597e-05 0.221045 -1.14735e-07 
431.328 491.81 552.343 16.297 0.464677 0.00011411 0.221045 -1.35163e-07 
431.327 492.092 552.33 16.297 0.464677 0.000137531 0.221044 -1.60818e-07 
431.327 492.428 552.312 16.297 0.464676 0.000168259 0.221044 -1.93539e-07 
431.326 492.832 552.288 16.297 0.464675 0.000209696 0.221043 -2.36027e-07 
431.324 493.325 552.254 16.2971 0.464673 0.000267534 0.221042 -2.9245e-07 
431.323 493.936 552.205 16.2971 0.464672 0.000351713 0.221041 -3.69376e-07 
431.32 494.707 552.13 16.2972 0.464669 0.000480442 0.22104 -4.77744e-07 
431.315 495.705 552.009 16.2973 0.464664 0.000688389 0.221037 -6.36466e-07 
431.307 497.034 551.801 16.2974 0.464656 0.00104383 0.221034 -8.7997e-07 
431.292 498.871 551.428 16.2976 0.464643 0.00168466 0.221029 -1.2735e-06 
431.263 501.53 550.723 16.2979 0.464617 0.00289437 0.221021 -1.94697e-06 
431.206 505.594 549.343 16.2985 0.464568 0.00526104 0.221006 -3.17108e-06 
431.091 512.213 546.577 16.2995 0.46447 0.0100032 0.220978 -5.55554e-06 
430.856 523.808 540.989 16.3019 0.464271 0.0195876 0.220916 -1.06537e-05 
430.382 546.045 529.886 16.3081 0.463862 0.0386299 0.220755 -2.28234e-05 
429.479 593.688 509.249 16.3229 0.463072 0.0740256 0.220366 -5.00863e-05 
427.853 698.217 474.153 16.3353 0.461845 0.134193 0.220041 -8.03049e-05 
423.748 862.637 402.287 16.293 0.459727 0.254692 0.221112 -0.000389768 
296.899 960.303 181.708 22.7646 3.19695e-05 0.0170468 0.220047 0 
296.899 960.303 181.708 22.7646 3.19695e-05 0.0170468 0.220047 0 
302.48 954.722 184.661 22.687 -2.68172e-05 0.00104218 0.482653 -3.30469e-15 
308.062 949.14 187.584 22.6306 -2.9747e-05 -0.00546451 0.480306 -1.47464e-15 
313.643 943.559 190.479 22.5897 -2.98903e-05 -0.00810269 0.477959 -8.40478e-16 
319.224 937.978 193.345 22.56 -2.98972e-05 -0.00916982 0.475612 -3.66897e-16 
324.806 932.396 196.183 22.5384 -2.98975e-05 -0.00960041 0.473265 -1.45734e-16 
330.387 926.815 198.991 22.5228 -2.98975e-05 -0.00977371 0.470918 -1.47679e-19 
335.968 921.234 201.771 22.5114 -2.98975e-05 -0.00984325 0.468571 -2.21067e-18 
341.55 915.652 204.521 22.5032 -2.98975e-05 -0.00987107 0.466224 -1.09242e-16 
347.131 910.071 207.243 22.4972 -2.98975e-05 -0.00988216 0.463878 -1.52155e-17 
352.712 904.49 209.936 22.4928 -2.98975e-05 -0.00988656 0.461531 -1.22013e-17 
358.294 898.908 212.6 22.4897 -2.98975e-05 -0.00988831 0.459184 -6.95559e-17 
363.875 893.327 215.235 22.4874 -2.98975e-05 -0.009889 0.456837 3.18479e-17 
369.456 887.746 217.841 22.4857 -2.98975e-05 -0.00988927 0.45449 -2.8496e-17 
375.038 882.164 220.418 22.4845 -2.98975e-05 -0.00988938 0.452143 -9.9207e-17 
380.619 876.583 222.967 22.4836 -2.98975e-05 -0.00988943 0.449796 5.93905e-17 
386.2 871.002 225.486 22.483 -2.98975e-05 -0.00988945 0.447449 1.95601e-17 
391.782 865.42 227.976 22.4825 -2.98975e-05 -0.00988947 0.445102 5.22612e-17 
397.363 859.839 230.437 22.4822 -2.98975e-05 -0.00988947 0.442755 3.12344e-17 
402.944 854.258 232.869 22.482 -2.98975e-05 -0.00988948 0.440408 -5.47159e-18 
408.525 848.677 235.272 22.4818 -2.98975e-05 -0.00988949 0.438061 -4.44358e-18 
414.107 843.095 237.646 22.4816 -2.98975e-05 -0.0098895 0.435714 -5.71331e-17 
419.688 837.514 239.99 22.4816 -2.98975e-05 -0.0098895 0.433367 -5.41742e-17 
425.269 831.933 242.305 22.4815 -2.98975e-05 -0.00988951 0.43102 1.76485e-18 
430.851 826.351 244.591 22.4814 -2.98975e-05 -0.00988951 0.428673 8.43769e-18 
436.432 820.77 246.848 22.4814 -2.98975e-05 -0.00988952 0.426327 4.50815e-17 
442.013 815.189 249.075 22.4814 -2.98975e-05 -0.00988953 0.42398 2.3009e-17 
447.595 809.607 251.273 22.4814 -2.98975e-05 -0.00988953 0.421633 -1.18583e-17 
453.176 804.026 253.442 22.4813 -2.98975e-05 -0.00988954 0.419286 -2.86163e-18 
458.757 798.445 255.581 22.4813 -2.98975e-05 -0.00988954 0.416939 -1.59802e-17 
464.339 792.863 257.691 22.4813 -2.98975e-05 -0.00988955 0.414592 8.95253e-18 
469.92 787.282 259.771 22.4813 -2.98975e-05 -0.00988956 0.412245 -5.13204e-18 
475.501 781.701 261.821 22.4813 -2.98975e-05 -0.00988956 0.409898 9.68634e-18 
481.083 776.119 263.842 22.4813 -2.98975e-05 -0.00988957 0.407551 -3.52072e-18 
486.664 770.538 265.834 22.4813 -2.98975e-05 -0.00988958 0.405204 1.84989e-17 
492.245 764.957 267.795 22.4813 -2.98975e-05 -0.00988959 0.402857 1.5929e-17 
497.827 759.375 269.727 22.4814 -2.98975e-05 -0.00988961 0.40051 -7.96618e-18 
503.408 753.794 271.629 22.4814 -2.98975e-05 -0.00988964 0.398163 -1.73478e-17 
508.989 748.213 273.502 22.4814 -2.98975e-05 -0.00988966 0.395816 1.12305e-17 
514.571 742.631 275.344 22.4815 -2.98975e-05 -0.00988964 0.393469 -1.23338e-17 
520.152 737.05 277.157 22.4815 -2.98975e-05 -0.00988943 0.391122 8.32744e-18 
525.733 731.469 278.94 22.4816 -2.98975e-05 -0.00988853 0.388776 -1.17266e-17 
531.315 725.887 280.692 22.4818 -2.98975e-05 -0.00988549 0.386429 -3.58607e-18 
536.896 720.306 282.415 22.482 -2.98975e-05 -0.00987617 0.384082 -1.1777e-17 
542.477 714.725 284.108 22.4822 -2.98975e-05 -0.00984912 0.381735 3.288e-18 
548.059 709.143 285.771 22.4827 -2.98975e-05 -0.00977341 0.379388 5.29402e-18 
553.64 703.562 287.403 22.4832 -2.9896e-05 -0.00956676 0.377041 3.92612e-18 
559.221 697.981 289.006 22.4841 -2.98475e-05 -0.0090133 0.374694 -1.86027e-19 
564.803 692.399 290.578 22.4853 -2.86097e-05 -0.00755272 0.372347 -2.94489e-20 
570.384 686.818 292.12 22.4869 -5.53475e-09 -0.0037455 0.369 0 
570.384 686.818 292.12 22.4869 -5.53475e-09 -0.0037455 0.369 0 
564.196 701.188 289.797 19.2628 0.722493 1.87002 1.15369 0.257997 
560.579 735.565 295.244 10.0233 0.283629 3.67293 1.13739 0.105568 
565.093 789.19 296.163 5.00001 -0.290681 4.63756 1.12108 0.0393705 
574.056 853.112 291.034 5.00002 -0.289734 5.03979 1.10478 0.00769206 
582.913 921.329 285.916 5.00002 -0.288788 5.12592 1.08847 -0.00595884 
591.661 990.466 280.808 5.00002 -0.287842 5.06172 1.07216 -0.0115329 
600.299 1058.92 275.71 5.00002 -0.286896 4.92939 1.05586 -0.0139398 
608.826 1125.96 270.622 5.00002 -0.28595 4.76121 1.03955 -0.015305 
617.243 1191.2 265.545 5.00002 -0.285004 4.56663 1.02324 -0.0164622 
625.549 1254.36 260.477 5.00002 -0.284058 4.34627 1.00694 -0.0176893 
633.745 1315.18 255.42 5.00002 -0.283112 4.09778 0.990632 -0.0190243 
641.831 1373.33 250.372 5.00002 -0.282167 3.81803 0.974326 -0.0203981 
649.805 1428.5 245.335 5.00002 -0.281221 3.50413 0.95802 -0.0216956 
657.669 1480.32 240.308 5.00002 -0.280275 3.15413 0.941714 -0.0227915 
665.423 1528.4 235.291 5.00002 -0.279329 2.76755 0.925408 -0.0235734 
673.065 1572.35 230.284 5.00002 -0.278383 2.34576 0.909102 -0.0239576 
680.597 1611.8 225.287 5.00002 -0.277437 1.89208 0.892795 -0.0238978 
688.017 1646.41 220.3 5.00002 -0.276492 1.41164 0.876489 -0.0233869 
695.327 1675.88 215.323 5.00002 -0.275546 0.911124 0.860183 -0.0224542 
702.526 1700.01 210.356 5.00002 -0.2746 0.398191 0.843877 -0.0211579 
709.614 1718.66 205.4 5.00002 -0.273654 -0.118999 0.827571 -0.0195756 
716.591 1731.78 200.454 5.00002 -0.272709 -0.632347 0.811265 -0.0177946 
723.458 1739.43 195.517 5.00002 -0.271763 -1.13428 0.794959 -0.0159028 
730.214 1741.71 190.591 5.00002 -0.270817 -1.6181 0.778653 -0.0139813 
736.861 1738.83 185.675 5.00002 -0.269871 -2.07827 0.762346 -0.0120997 
743.399 1731.04 180.769 5.00002 -0.268925 -2.51048 0.74604 -0.010313 
749.828 1718.62 175.873 5.00003 -0.26798 -2.91169 0.729734 -0.00866103 
756.148 1701.93 170.987 5.00003 -0.267034 -3.28009 0.713428 -0.00716925 
762.361 1681.3 166.111 5.00003 -0.266088 -3.61492 0.697122 -0.00585037 
768.466 1657.09 161.246 5.00003 -0.265142 -3.91635 0.680816 -0.00470682 
774.465 1629.67 156.39 5.00003 -0.264196 -4.1853 0.66451 -0.0037333 
780.357 1599.37 151.545 5.00003 -0.26325 -4.4233 0.648204 -0.00291913 
786.143 1566.53 146.71 5.00003 -0.262304 -4.63229 0.631897 -0.00225028 
791.823 1531.46 141.884 5.00003 -0.261359 -4.81459 0.615591 -0.0017111 
797.399 1494.45 137.069 5.00003 -0.260413 -4.97278 0.599285 -0.0012854 
802.87 1455.74 132.264 5.00003 -0.259467 -5.10972 0.582979 -0.000957291 
808.237 1415.57 127.469 5.00003 -0.258521 -5.22851 0.566673 -0.000711553 
813.5 1374.13 122.685 5.00004 -0.257575 -5.33256 0.550367 -0.000533653 
818.66 1331.59 117.91 5.00004 -0.256629 -5.4257 0.534061 -0.000409405 
823.716 1288.04 113.145 5.00004 -0.255683 -5.51215 0.517755 -0.000324118 
828.67 1243.58 108.391 5.00004 -0.254737 -5.59631 0.501449 -0.000261045 
833.521 1198.21 103.646 5.00004 -0.253791 -5.6816 0.485142 -0.000199109 
838.269 1151.94 98.912 5.00004 -0.252845 -5.76632 0.468836 -0.000111174 
842.915 1104.76 94.1878 5.00005 -0.47103 -5.83108 0.45253 3.13265e-05 
847.506 1056.89 87.1337 6.78039 -1.39999 -5.80691 0.436224 7.72957e-05 
850.622 1009.27 70.1287 15.992 -1.4 -5.70953 0.419918 0.000100483 
845.492 962.706 52.966 24.5702 -1.4 -5.48797 0.403612 9.4541e-05 
832.657 918.512 35.6564 32.5593 -1.4 -5.03853 0.387306 4.72089e-05 
812.619 879.122 18.2102 40 0.179165 -4.21375 0.369 0 
