grtopS_91_2
50
2 2
11 11 
0 4 2 6 7 9 8 5 1 3 10 
0 4 2 6 7 9 8 5 1 3 10 
253.311 58.2396 72.5536 12.2168 108.648 64.4552 7.4604 92.1941 23.986 18.9856 
111081 55.3417 53.6332 59.3116 0.0686027 70.5979 0 35.6282 21.6404 23.9708 
5.16961 1.18856 1.48069 0.249323 2.21731 1.31541 0.152253 1.88151 0.489509 0.387462 
2266.96 1.12942 1.09455 1.21044 0.00140005 1.44077 0 0.727105 0.441641 0.489199 
181.857 0.24789 0.149098 0.22316 5.27675e-09 1.29133e-07 0.0565671 76.0696 0.591173 1.42042 
1.45287e-06 0.048594 1.43282e-06 1.44215e-06 1.4307e-06 1.43699e-06 1.82792 1.43662e-06 0.075578 1.36225 
726.62 994.16 515.08 23.4482 0.600412 0 0.098552 0 
544.763 812.303 333.223 5 1.13104 -3.3057 0.00196859 9.79782e-08 
64.5963 515.416 150.556 5 1.4 1.79446 0.00205966 -2.5604e-08 
15.1053 200.109 4.52261 8.41261 -0.266591 4.33716e-05 0.00216134 -2.76655e-09 
4.86981e-07 30.7702 0.052353 5.08899 -0.68128 6.37156e-05 0.00226774 -3.93437e-09 
7.04443e-08 0.0959866 0.0469462 5.04857 0.000716251 6.34156e-05 0.00238015 -2.05623e-09 
7.0716e-08 7.61581e-08 0.049519 5.04857 0.000713135 6.34132e-05 0.00250209 -2.06007e-09 
7.07262e-08 7.43079e-08 0.049519 5.04857 0.000713134 6.34132e-05 0.00263313 -2.06384e-09 
7.0726e-08 7.43044e-08 0.049519 5.04857 0.000713133 6.34132e-05 0.0027741 -2.06752e-09 
7.0726e-08 7.43044e-08 0.049519 5.04857 0.000713132 6.34132e-05 0.00292607 -2.07109e-09 
7.07263e-08 7.43046e-08 0.049519 5.04857 0.000713131 6.34132e-05 0.0030903 -2.07453e-09 
7.07261e-08 7.43048e-08 0.049519 5.04857 0.00071313 6.34132e-05 0.00326839 -2.0778e-09 
7.07268e-08 7.4305e-08 0.049519 5.04857 0.000713129 6.34131e-05 0.00346233 -2.08089e-09 
7.07262e-08 7.4305e-08 0.049519 5.04857 0.000713128 6.34131e-05 0.00367462 -2.08374e-09 
7.07264e-08 7.43049e-08 0.049519 5.04857 0.000713126 6.34131e-05 0.00390844 -2.08631e-09 
7.07263e-08 7.43048e-08 0.049519 5.04857 0.000713125 6.34131e-05 0.00416778 -2.08857e-09 
7.07264e-08 7.43048e-08 0.049519 5.04857 0.000713124 6.34131e-05 0.00445777 -2.09046e-09 
7.07264e-08 7.43048e-08 0.049519 5.04857 0.000713123 6.34131e-05 0.00478489 -2.09191e-09 
7.07264e-08 7.43048e-08 0.049519 5.04857 0.000713122 6.3413e-05 0.00515746 -2.09286e-09 
7.07264e-08 7.43048e-08 0.049519 5.04857 0.00071312 6.3413e-05 0.00558612 -2.09324e-09 
7.07264e-08 7.43043e-08 0.049519 5.04857 0.000713119 6.3413e-05 0.0060845 -2.09294e-09 
7.07264e-08 7.43047e-08 0.049519 5.04857 0.000713118 6.3413e-05 0.00666996 -2.09189e-09 
7.07264e-08 7.43047e-08 0.049519 5.04857 0.000713117 6.34129e-05 0.0073646 -2.08998e-09 
7.07264e-08 7.43047e-08 0.049519 5.04857 0.000713116 6.34129e-05 0.00819623 -2.08708e-09 
7.07264e-08 7.43047e-08 0.049519 5.04857 0.000713115 6.34129e-05 0.00919955 -2.0831e-09 
7.07264e-08 7.43047e-08 0.049519 5.04857 0.000713114 6.34129e-05 0.0104173 -2.07791e-09 
7.07263e-08 7.43047e-08 0.049519 5.04857 0.000713112 6.34128e-05 0.0119016 -2.07139e-09 
7.07263e-08 7.43047e-08 0.049519 5.04857 0.000713111 6.34128e-05 0.0137148 -2.06344e-09 
7.07263e-08 7.43047e-08 0.049519 5.04857 0.000713108 6.34127e-05 0.0159314 -2.05398e-09 
7.07263e-08 7.43047e-08 0.049519 5.04857 0.000713106 6.34126e-05 0.0186389 -2.04297e-09 
7.07263e-08 7.43048e-08 0.049519 5.04857 0.000713102 6.34125e-05 0.0219305 -2.03043e-09 
7.07262e-08 7.43048e-08 0.049519 5.04857 0.000713097 6.34124e-05 0.0258707 -2.01643e-09 
7.07262e-08 7.43049e-08 0.049519 5.04857 0.000713092 6.34122e-05 0.030434 -2.00118e-09 
7.07262e-08 7.4305e-08 0.049519 5.04857 0.000713085 6.3412e-05 0.0355248 -1.98501e-09 
7.07261e-08 7.43051e-08 0.049519 5.04857 0.000713078 6.34118e-05 0.0412988 -1.96843e-09 
7.07261e-08 7.43051e-08 0.049519 5.04857 0.00071307 6.34115e-05 0.0470893 -1.95211e-09 
7.07262e-08 7.4305e-08 0.049519 5.04857 0.000713062 6.34113e-05 0.0528831 -1.937e-09 
7.07262e-08 7.4305e-08 0.049519 5.04857 0.000713054 6.34111e-05 0.0586591 -1.92427e-09 
7.07262e-08 7.4305e-08 0.049519 5.04857 0.000713046 6.34109e-05 0.0643886 -1.91548e-09 
7.07261e-08 7.43049e-08 0.049519 5.04857 0.000713039 6.34106e-05 0.0700391 -1.91259e-09 
7.07261e-08 7.43049e-08 0.049519 5.04857 0.000713031 6.34104e-05 0.0755839 -1.91818e-09 
7.07263e-08 7.43047e-08 0.049519 5.04857 0.000713026 6.34103e-05 0.0810362 -1.93553e-09 
7.07262e-08 7.43047e-08 0.049519 5.04857 0.000713021 6.34103e-05 0.087019 -1.96858e-09 
7.07262e-08 7.4305e-08 0.049519 5.04857 0.000713052 6.34111e-05 0.093233 -2.0223e-09 
7.0713e-08 7.4506e-08 0.0495207 5.04858 0.000866997 6.34089e-05 0.0974888 -2.10559e-09 
6.89162e-08 -4.30658e-07 0.830696 5.06266 -0.667319 6.36135e-05 0.102692 -4.68607e-09 
6.66111e-08 7.593e-08 2.19327 5.06267 -0.666567 6.33576e-05 0.109374 -5.72739e-09 
3.42292e-07 1.59285e-06 3.63104 5.19874 -0.581912 7.22426e-05 0.110123 1.79902e-09 
6.71651 16.6959 13.9332 31.8161 0.573326 -0.0889287 0.104427 -1.29755e-09 
114.91 236.101 217.521 5.04855 4.7568e-08 1.96353e-08 0.097552 0 
114.91 236.101 217.521 5.04855 4.7568e-08 1.96353e-08 0.097552 0 
124.001 259.13 218.242 5.96733 -1.4 -0.246958 1.15369 -1.02859 
132.435 278.496 198.179 21.4063 -0.307036 -1.3372 0.388699 -1.00718 
121.589 281.709 193.958 23.5221 0.745586 -2.41056 -0.165163 -0.985776 
107.778 269.006 205.297 14.4151 0.850226 -3.46704 -0.153551 -0.964367 
105.082 240.627 218.405 5 0.0449755 -4.5066 0.733029 -0.942959 
114.191 196.821 219.794 5 0.0449749 -5.52921 0.733029 0.124796 
123.329 137.85 221.183 5 0.0449748 -5.67207 0.733029 0.900143 
132.507 76.7603 222.573 5 0.0449753 -4.68874 0.733029 0.878735 
141.737 30.2535 223.962 5 0.0449759 -3.72238 0.733029 0.857326 
151.021 -1.92185 225.351 5 0.0449764 -2.77299 0.733029 0.835915 
160.356 -20.0175 226.741 5 0.0449768 -1.8406 0.733029 0.814503 
169.744 -24.2856 228.13 5 0.0449773 -0.925216 0.733029 0.106057 
179.185 -14.9782 229.519 5 0.0449775 -0.593257 0.733029 -0.771555 
188.67 -0.747764 230.909 5 0.044977 -1.47296 0.733029 0.00086081 
198.186 0.436356 232.298 5 0.044977 -1.59319 0.733029 0.000145318 
207.742 -0.162455 233.687 5 0.044977 -1.55349 0.733029 -5.94924e-05 
217.34 -0.172532 235.076 5 0.044977 -1.55332 0.733029 -5.49006e-05 
226.979 -0.180119 236.466 5 0.044977 -1.55332 0.733029 -3.40302e-05 
236.66 -0.187764 237.855 5 0.044977 -1.55333 0.733029 -3.78296e-05 
246.381 -0.195545 239.244 5 0.044977 -1.55336 0.733029 -2.83863e-05 
256.144 -0.203675 240.634 5 0.044977 -1.55332 0.733029 -5.80163e-05 
265.949 -0.211247 242.023 5 0.044977 -1.55335 0.733029 -3.57063e-05 
275.794 -0.219206 243.412 5 0.0449771 -1.55332 0.733028 -2.7906e-05 
285.681 -0.226742 244.802 5 0.0449748 -1.55334 0.733067 -2.14012e-05 
295.609 -0.234553 246.191 5 0.0450585 -1.55332 0.731623 -3.23275e-05 
305.578 -0.242144 247.581 5 0.041944 -1.55409 0.724038 -3.62631e-05 
315.59 -0.261214 248.926 5.04011 0.0220829 -1.54918 0.729735 0.123549 
325.6 -0.207365 249.975 5.2967 0.0208212 -1.2 0.713429 -0.0845804 
335.34 5.02515 250.999 5.55341 0.019512 -1.51701 0.697122 -0.429163 
344.803 5.55663 251.997 5.81075 0.0181724 -2.11666 0.680816 -0.407755 
353.983 -2.80475 252.97 6.06901 0.0168919 -2.69913 0.66451 -0.381869 
362.878 -19.804 253.917 6.32743 0.0157982 -3.17709 0.648204 0.364939 
371.489 -43.8914 254.842 6.58388 0.0149104 -2.63101 0.631898 0.343531 
379.83 -59.8799 255.748 6.83625 0.0139493 -2.10215 0.615592 0.322122 
387.904 -68.0251 256.633 7.08574 0.0123413 -1.59052 0.599286 0.300714 
395.714 -68.5824 257.489 7.33995 0.00969504 -1.09614 0.58298 0.279306 
403.254 -61.8076 258.3 7.61012 0.0066901 -0.619012 0.566673 0.257898 
410.504 -47.9567 259.059 7.89877 0.00557606 -0.15915 0.550367 0.23649 
417.439 -27.2856 259.795 8.18276 0.00891493 0.283436 0.534061 0.215082 
424.063 -0.0505452 260.574 8.41232 0.0159757 0.708737 0.517755 0.193673 
430.44 33.4921 261.452 8.5507 0.0190447 1.11674 0.501449 0.172265 
436.683 73.0856 262.372 8.65175 0.0053825 1.50744 0.485143 0.150857 
442.842 118.473 263.088 8.90787 -0.029962 1.88082 0.468837 0.129449 
448.732 169.399 263.273 9.5487 -0.0648249 2.23687 0.452531 0.108041 
453.881 226.089 262.926 10.5316 -0.0451655 2.57559 0.436224 0.0866327 
457.85 287.815 262.847 11.2084 0.0761253 2.89696 0.419918 0.0652245 
460.98 354.308 264.55 10.462 0.254261 3.20097 0.403612 0.0438163 
464.998 425.309 268.914 7.78845 0.288292 3.48761 0.387306 0.00931977 
472.317 500.559 273.845 5 -0.09 3.57177 0.369 0 
472.317 500.559 273.845 5 -0.09 3.57177 0.369 0 
483.641 595.397 272.624 6.73623 -1.2513 3.4265 1.15369 -1.02857 
492.776 687.552 249.897 23.9468 -0.116178 2.23078 -0.114299 -1.00708 
475.155 757.637 247.631 24.164 0.407353 1.05642 -0.165163 -0.985658 
456.918 806.025 255.031 17.0377 0.817139 -0.0971812 -0.153551 -0.964323 
449.335 833.093 270.214 5 0.00279117 -1.22994 0.89864 -0.942814 
460.42 839.217 270.707 5 0.00279059 -2.34144 0.89864 -0.921336 
471.506 824.807 271.201 5 0.00279002 -3.43176 0.89864 -0.899825 
482.595 790.252 271.694 5 0.00278946 -4.50082 0.89864 -0.878072 
493.686 735.947 272.188 5 0.00278891 -5.5481 0.89864 -0.660465 
504.781 662.293 272.681 5 0.00278852 -6.27931 0.89864 0.00307989 
515.882 575.129 273.174 5 0.00278852 -6.27912 0.89864 0.00310894 
527.002 487.969 273.668 5 0.00278852 -6.27898 0.89864 0.00318551 
538.14 400.811 274.161 5 0.00278857 -6.27879 0.898639 0.00315806 
549.297 313.657 274.655 5 0.00278584 -6.27849 0.898686 0.163692 
560.471 226.509 275.148 5 0.00291329 -6.10819 0.896491 0.726888 
571.667 142.507 275.644 5 -0.00301964 -5.22222 0.893855 0.706275 
582.896 74.873 276.03 5.08555 -0.0160977 -4.35577 0.892796 0.685003 
594.03 23.2473 276.172 5.3455 -0.0168393 -3.51032 0.87649 0.663566 
604.797 -12.7582 276.292 5.59787 -0.0170645 -2.68615 0.860184 0.641932 
615.208 -33.5366 276.401 5.83634 -0.0181094 -1.88368 0.843878 0.619875 
625.281 -39.4888 276.484 6.07408 -0.0223914 -1.1038 0.827571 0.596059 
635.019 -31.0324 276.48 6.35669 -0.029966 -0.349948 0.811265 -0.506567 
644.352 -8.64794 276.328 6.72505 -0.0329084 -0.973316 0.794959 -0.541002 
653.127 2.22007 276.111 7.10371 -0.0163122 -1.66116 0.778653 0.059755 
661.316 0.380431 276.189 7.2168 0.0212006 -1.61363 0.762347 0.0507379 
669.327 -0.580973 276.957 6.80229 0.0326928 -1.54899 0.746041 0.371661 
677.978 -0.348601 277.95 6.28944 -0.0736096 -1.08292 0.729735 -0.429165 
687.47 8.49392 276.994 7.34584 -0.312351 -1.63256 0.713429 -0.443055 
695.444 7.18289 271.595 11.6441 -0.405994 -2.22672 0.605909 -0.422878 
696.88 -5.10041 264.34 16.8288 -0.0420032 -2.80204 0.148367 -0.308936 
690.229 -28.0066 263.655 16.6461 -0.0410715 -3.2015 0.15998 0.383823 
683.817 -58.2932 262.994 16.4629 -0.0400863 -2.66419 0.171592 0.363867 
677.66 -78.653 262.355 16.2784 -0.03915 -2.14542 0.183204 0.342883 
671.759 -89.4286 261.74 16.0935 -0.0384807 -1.64725 0.194816 0.321663 
666.116 -91.0007 261.142 15.912 -0.0381453 -1.1702 0.206429 0.300355 
660.727 -83.7593 260.557 15.7381 -0.0375433 -0.714448 0.218041 0.279005 
655.58 -68.098 259.987 15.5673 -0.0353379 -0.280102 0.229653 0.257633 
650.67 -44.4123 259.463 15.3766 -0.0310383 0.132777 0.241265 0.236247 
646.028 -13.0987 259.024 15.1389 -0.0281727 0.524144 0.252878 0.214851 
641.726 25.4452 258.645 14.8801 -0.034925 0.893963 0.26449 0.193449 
637.802 70.8213 258.149 14.7379 -0.0547839 1.24221 0.276102 0.172044 
634.081 122.631 257.291 14.8825 -0.0670558 1.56886 0.287714 0.150623 
630.125 180.476 256.201 15.1727 -0.0217113 1.87386 0.299327 0.129157 
625.686 243.956 255.941 14.7811 0.105481 2.1571 0.310939 0.107578 
621.774 312.669 258.042 12.6394 0.193413 2.41843 0.322551 0.0860341 
621.082 386.208 261.831 9.51007 -0.063374 2.65746 0.334163 0.0651879 
625.261 464.158 260.968 10.3575 -0.830219 2.87623 0.345776 0.0438152 
628.441 546.152 245.913 21.8722 -1.4 3.07338 0.357388 0.000140692 
614.23 631.801 219.99 40 0.09 3.0806 0.369 0 
614.23 631.801 219.99 40 0.09 3.0806 0.369 0 
607.598 646.051 219.972 38.9587 0.677005 2.85802 -0.188388 -1.02855 
601.188 659.609 221.785 36.6258 0.972182 2.45856 -0.176775 -1.00714 
595.352 671.923 224.528 33.6399 1.20292 2.06272 -0.165163 -0.985734 
590.262 683.006 228.004 30.1669 1.35021 1.67051 -0.153551 -0.964324 
586.049 692.867 231.955 26.414 1.4 1.28194 -0.0222925 -0.942913 
582.792 701.519 236.08 22.6014 1.4 0.896995 0.219528 -0.921502 
580.51 708.973 240.224 18.8329 1.4 0.515688 0.458552 -0.90009 
579.192 715.24 244.386 15.1079 1.4 0.138016 0.586916 -0.878678 
578.828 720.331 248.568 11.4408 1.34987 -0.23602 -0.0954882 -0.857265 
579.407 724.258 252.611 8.06043 0.874768 -0.60642 -0.0838759 -0.835851 
580.882 727.032 255.194 5.87145 0.307186 -0.973181 0.427348 -0.814436 
582.953 728.664 256.021 5 -0.0852797 -1.3363 0.97432 -0.793018 
585.27 729.167 255.632 5 -0.0843337 -1.69578 0.958014 -0.771598 
587.583 728.551 255.246 5 -0.0833877 -2.05162 0.941708 -0.750172 
589.893 726.828 254.863 5 -0.0824419 -2.40381 0.925402 -0.728738 
592.2 724.01 254.483 5 -0.0814961 -2.75236 0.909096 -0.707286 
594.504 720.107 254.106 5 -0.0805502 -3.09726 0.89279 -0.68579 
596.804 715.132 253.732 5 -0.0796044 -3.43849 0.876484 -0.664119 
599.101 709.095 253.361 5 -0.0786585 -3.77598 0.860178 -0.598182 
601.395 702.008 252.992 5 -0.0777125 -3.73852 0.843872 0.621318 
603.687 695.037 252.627 5 -0.0767663 -3.40888 0.827566 0.600171 
605.977 689.092 252.264 5 -0.0758201 -3.08279 0.81126 0.578849 
608.266 684.161 251.905 5 -0.0748739 -2.76031 0.794954 0.557484 
610.553 680.234 251.548 5 -0.0739277 -2.44146 0.778648 0.536101 
612.838 677.298 251.195 5 -0.0729815 -2.12624 0.762341 0.514709 
615.123 675.343 250.844 5 -0.0720353 -1.81466 0.746035 0.493312 
617.405 674.358 250.496 5 -0.0710891 -1.50672 0.729729 0.471913 
619.686 674.33 250.151 5 -0.0701429 -1.20241 0.713423 0.450511 
621.966 675.249 249.81 5 -0.0691968 -0.901751 0.697117 0.429107 
624.244 677.104 249.471 5 -0.0682506 -0.60473 0.680811 0.407703 
626.521 679.882 249.135 5 -0.0673044 -0.311352 0.664505 0.386297 
628.797 683.573 248.802 5 -0.0663582 -0.0216183 0.648199 0.364891 
631.071 688.166 248.472 5 -0.065412 0.264471 0.631893 0.343484 
633.343 693.649 248.144 5 -0.0644659 0.546916 0.615587 0.322077 
635.615 700.01 247.82 5 -0.0635197 0.825715 0.599281 0.300668 
637.884 707.239 247.499 5 -0.0625735 1.10087 0.582975 0.27926 
640.153 715.324 247.181 5 -0.0616274 1.37237 0.566669 0.25785 
642.42 724.254 246.865 5 -0.0606812 1.64023 0.550363 0.23644 
644.686 734.403 246.553 5 -0.059735 1.90444 0.534057 0.215029 
646.95 745.407 246.243 5 -0.0587889 2.165 0.517751 0.193618 
649.213 757.245 245.937 5 -0.0578423 2.42191 0.501444 0.172205 
651.475 769.885 245.633 5 -0.153112 2.67517 0.287723 0.150791 
653.741 783.312 245.033 5.25483 -0.634454 2.92478 0.339725 0.129374 
655.971 797.516 242.935 6.6366 -1.08236 3.17073 0.452529 0.107952 
657.871 812.486 239.436 9.03496 -0.989161 3.41304 0.436224 0.0865209 
659.147 828.21 236.215 11.1664 -0.833202 3.65168 0.419918 0.0650659 
659.863 844.676 233.468 12.8877 -0.622577 3.88666 0.403612 0.0435161 
660.119 861.875 231.369 14.0779 -0.369574 4.11793 0.387306 -0.00041573 
660.051 879.793 230.05 14.7132 -0.0899999 3.98304 0.369 0 
660.051 879.793 230.05 14.7132 -0.0899999 3.98304 0.369 0 
655.261 1033.43 228.014 15.7853 0.493458 3.9892 -0.136285 -1.02859 
647.659 1187.24 242.073 5 -0.749102 2.42238 1.00725 -1.00718 
665.4 1297.68 222.233 20.9171 -0.0524742 0.886611 -0.165163 -0.985775 
646.334 1365.66 220.961 20.7331 -0.0515276 -0.618152 -0.153551 -0.964366 
627.573 1392.01 219.723 20.5482 -0.0508581 -2.09184 -0.141731 -0.942958 
609.12 1377.59 218.511 20.368 -0.0498449 -3.53443 -0.130325 -0.921548 
590.967 1323.25 217.336 20.185 -0.0489514 -4.94588 -0.118714 -0.869957 
573.123 1229.87 216.193 20.0021 -0.0480585 -6.28 -0.107102 0.00341435 
555.591 1099.57 215.083 19.8191 -0.0471649 -6.28 -0.0954892 0.00341442 
538.403 969.275 214.006 19.6361 -0.0462713 -6.28 -0.0838768 0.00341451 
521.56 838.979 212.962 19.4531 -0.0453778 -6.27999 -0.0722645 0.00341462 
505.064 708.682 211.951 19.2702 -0.0444848 -6.27999 -0.0606521 0.00341479 
488.918 578.385 210.972 19.0872 -0.0435927 -6.27999 -0.0490398 0.00341507 
473.122 448.087 210.026 18.9043 -0.0426985 -6.27999 -0.0374274 0.00341565 
457.679 317.789 209.113 18.7213 -0.0417945 -6.27999 -0.025815 0.635715 
442.591 187.491 208.234 18.5381 -0.0408865 -5.31305 -0.0142026 0.707461 
427.88 83.9445 207.387 18.3547 -0.0400333 -4.23532 -0.00259019 0.686055 
413.553 10.2146 206.572 18.1722 -0.0393003 -3.18913 0.00902226 0.664646 
399.608 -34.5712 205.786 17.993 -0.0384362 -2.17452 0.0206347 0.643232 
386.038 -51.2865 205.032 17.8138 -0.0365795 -1.19154 0.0322473 0.580051 
372.845 -40.8063 204.336 17.6136 -0.0337755 -0.304076 0.0438599 -0.600391 
360.074 -5.77349 203.728 17.3763 -0.0355424 -1.22082 0.0554726 -0.326773 
347.777 3.89587 203.08 17.2048 -0.0514546 -1.72014 0.0670856 0.0978491 
335.822 -0.249741 202.001 17.385 -0.0638093 -1.57067 0.0786988 0.000525098 
323.417 -0.259722 200.571 17.7785 0.0194481 -1.56987 0.0903128 -5.50912e-05 
310.015 -0.246723 201.428 16.3345 0.251129 -1.56995 0.10193 4.07385e-06 
299.734 -0.238546 208.758 10.26 0.144778 -1.56996 0.475688 -9.60449e-05 
303.384 -0.241297 213.415 7.06277 -0.00572232 -1.57011 0.713403 0.000781658 
314.463 -0.254022 214.05 7.31955 -0.00698034 -1.56892 0.697107 0.192913 
325.009 -0.233244 214.639 7.57642 -0.0082359 -1.27391 0.680805 -0.253063 
335.025 7.94993 215.182 7.83332 -0.00949124 -1.66058 0.664501 -0.386314 
344.495 5.43582 215.679 8.09023 -0.0107464 -2.25144 0.648196 -0.364909 
353.409 -13.4251 216.13 8.34714 -0.0120014 -2.81023 0.631891 0.178733 
361.768 -47.7454 216.534 8.60406 -0.0132568 -2.53828 0.615586 0.322106 
369.586 -74.5413 216.893 8.861 -0.0145125 -2.04678 0.59928 0.300707 
376.866 -87.7385 217.205 9.11796 -0.0157646 -1.58746 0.582974 0.279301 
383.605 -88.2274 217.471 9.37487 -0.0170068 -1.16036 0.566668 0.257894 
389.798 -76.8994 217.692 9.63152 -0.0182541 -0.765519 0.550363 0.236487 
395.445 -54.6472 217.866 9.88808 -0.0195733 -0.402981 0.534057 0.215079 
400.541 -22.3644 217.993 10.1461 -0.0209889 -0.0727792 0.517751 0.193671 
405.08 19.0544 218.069 10.4072 -0.0221231 0.225051 0.501445 0.172263 
409.052 68.7136 218.103 10.6651 -0.022146 0.490473 0.485139 0.150855 
412.459 125.717 218.124 10.8969 -0.0219588 0.723452 0.468833 0.129447 
415.359 189.166 218.14 11.1029 -0.0284077 0.92395 0.452527 0.108038 
417.812 258.162 217.968 11.4274 -0.0480424 1.09193 0.436221 0.0866294 
419.55 331.807 217.239 12.1266 -0.0493685 1.22736 0.419914 0.06522 
419.701 409.199 216.442 12.7476 0.0652219 1.3302 0.403608 0.0438083 
418.37 489.438 218.788 10.8645 0.271443 1.40041 0.387302 0.0219399 
421.231 571.617 226.923 5.00011 -0.0899848 1.43724 0.369 0 
421.231 571.617 226.923 5.00011 -0.0899848 1.43724 0.369 0 
431.13 620.967 225.971 6.67478 -1.2541 1.43922 1.15369 -1.02858 
439.178 670.351 205.869 22.1383 -0.211659 0.508085 -0.0922061 -1.00717 
425.874 704.469 202.469 23.8334 0.160702 -0.404266 -0.165162 -0.985763 
410.094 723.614 205.136 20.7504 0.610578 -1.2978 -0.153549 -0.964353 
398.298 728.091 215.268 12.371 0.600844 -2.17252 -0.141932 -0.942941 
397.846 718.201 225.461 5.00095 -0.683097 -3.02838 0.896553 -0.921528 
407.833 694.257 214.774 13.6996 -0.542333 -3.86535 0.492501 -0.900112 
405.971 656.584 206.169 20.0028 -0.0422918 -4.68344 -0.106886 -0.878689 
395.361 605.491 205.605 19.822 -0.0412295 -5.48265 -0.0954798 -0.857224 
384.96 541.28 205.064 19.639 -0.0403347 -6.26291 -0.0838676 -0.0153202 
374.771 464.263 204.542 19.456 -0.0394417 -6.2799 -0.0722538 0.00343095 
364.806 386.966 204.039 19.2731 -0.0385495 -6.27988 -0.06064 0.00343784 
355.064 309.67 203.556 19.0901 -0.0376566 -6.27986 -0.0490271 0.455663 
345.546 232.374 203.092 18.9071 -0.0367627 -5.86957 -0.0374149 0.750093 
336.259 161.811 202.648 18.7241 -0.0358685 -5.1919 -0.0258028 0.728766 
327.207 102.372 202.223 18.5412 -0.0349744 -4.53314 -0.0141904 0.707381 
318.39 53.7438 201.818 18.3582 -0.0340806 -3.89334 -0.00257787 0.685979 
309.808 15.6168 201.432 18.1752 -0.0331869 -3.27254 0.00903474 0.664568 
301.461 -12.321 201.066 17.9922 -0.0322931 -2.67075 0.0206473 0.643146 
293.351 -30.3819 200.719 17.8093 -0.0313991 -2.088 0.0322599 0.621706 
285.478 -38.8783 200.392 17.6263 -0.0305048 -1.52432 0.0438725 0.60021 
277.841 -38.1231 200.084 17.4433 -0.0296105 -0.979769 0.0554851 0.578618 
270.442 -28.4305 199.796 17.2603 -0.028717 -0.454449 0.0670977 -0.485994 
263.28 -10.1159 199.527 17.0773 -0.0278253 -0.894616 0.0787104 -0.534378 
256.345 0.974071 199.278 16.8944 -0.0269343 -1.37897 0.0903231 -0.494704 
249.635 4.11411 199.048 16.7114 -0.0260408 -1.82765 0.101936 0.2766 
243.152 -0.110216 198.837 16.5285 -0.0251405 -1.57688 0.113549 0.0135821 
236.905 -0.218879 198.646 16.3455 -0.0242346 -1.56456 0.125162 0.225056 
230.893 -0.125566 198.475 16.1623 -0.0233366 -1.36038 0.136775 -0.289153 
225.119 3.31874 198.324 15.9791 -0.0224692 -1.62257 0.148388 -0.407202 
219.577 2.45957 198.191 15.7962 -0.021637 -1.99202 0.160001 -0.385779 
214.266 -4.46367 198.077 15.6141 -0.0207846 -2.34229 0.171614 0.0794357 
209.185 -17.136 197.982 15.4324 -0.0197954 -2.27073 0.183227 0.343158 
204.342 -28.634 197.907 15.2494 -0.0186069 -1.95987 0.194841 0.321947 
199.74 -35.0301 197.857 15.0627 -0.0174296 -1.66805 0.206454 0.300599 
195.385 -36.6368 197.831 14.8728 -0.0168344 -1.39541 0.218068 0.279219 
191.283 -33.7687 197.82 14.6874 -0.0172986 -1.14198 0.229682 0.257825 
187.427 -26.7413 197.807 14.5193 -0.0181073 -0.907799 0.241296 0.236425 
183.796 -15.8704 197.784 14.3708 -0.016577 -0.692875 0.252911 0.215021 
180.361 -1.47215 197.791 14.2106 -0.0096929 -0.497228 0.264527 0.193613 
177.138 16.1371 197.914 13.9732 0.000632802 -0.320873 0.276143 0.172203 
174.23 36.6407 198.214 13.6239 0.00232432 -0.163827 0.28776 0.15079 
171.792 59.7215 198.55 13.2824 -0.0218571 -0.0261035 0.299378 0.129371 
169.825 85.0624 198.498 13.2709 -0.0701897 0.0922798 0.311 0.107945 
167.888 112.346 197.654 13.8558 -0.0908794 0.191304 0.322624 0.0865015 
165.162 141.256 196.454 14.6281 0.00827003 0.27094 0.334255 0.0650138 
161.35 171.474 196.862 14.0712 0.254088 0.331132 0.345902 0.0433576 
158.204 202.679 201.318 10.4959 0.437117 0.37171 0.357622 0.0128597 
159.846 234.546 208.873 5.00902 0.089429 0.384641 0.369 0 
159.846 234.546 208.873 5.00902 0.089429 0.384641 0.369 0 
161.039 238.202 209.16 5 0.0110137 0.328222 1.00005 -1.02859 
162.237 241.751 209.298 5.05151 0.111667 0.163791 0.486154 -1.00718 
163.423 244.987 209.628 5 0.0672086 0.00159521 0.645756 -0.985775 
164.62 247.915 209.873 5 0.0672086 -0.158365 0.645756 -0.964367 
165.818 250.539 210.118 5 0.0672085 -0.316089 0.645756 -0.942959 
167.017 252.864 210.363 5 0.0672084 -0.471578 0.645756 -0.921551 
168.216 254.893 210.608 5 0.0672083 -0.62483 0.645756 -0.900143 
169.416 256.631 210.853 5 0.0672082 -0.775846 0.645756 -0.878735 
170.616 258.082 211.098 5 0.0672082 -0.924626 0.645756 -0.857326 
171.818 259.251 211.343 5 0.0672081 -1.07117 0.645756 -0.835918 
173.02 260.141 211.588 5 0.067208 -1.21547 0.645756 -0.81451 
174.222 260.757 211.833 5 0.067208 -1.35754 0.645756 -0.793102 
175.426 261.103 212.078 5 0.0672077 -1.49738 0.645759 -0.771694 
176.63 261.184 212.323 5 0.0672083 -1.63497 0.645748 -0.750286 
177.835 261.003 212.568 5 0.0672058 -1.77033 0.645789 -0.728877 
179.041 260.565 212.813 5 0.0672151 -1.90345 0.645628 -0.707469 
180.247 259.874 213.058 5 0.0671785 -2.03433 0.646258 -0.686061 
181.454 258.935 213.303 5 0.0673208 -2.16297 0.643804 -0.664653 
182.662 257.751 213.548 5 0.0667665 -2.28938 0.653358 -0.643245 
183.871 256.326 213.792 5 0.0689242 -2.41354 0.616165 -0.621837 
185.08 254.666 214.041 5 0.060524 -2.53547 0.760951 -0.600429 
186.29 252.775 214.273 5 0.0932248 -2.65516 0.197311 -0.57902 
187.5 250.656 214.567 5 -0.0340769 -2.77261 0.0670818 -0.557612 
188.716 248.314 214.62 5.19491 -0.198045 -2.88782 0.0786941 -0.536204 
189.908 245.753 214.361 5.62343 -0.354843 -3.00079 0.644703 -0.514796 
191.04 242.977 213.802 6.2258 -0.342977 -3.11153 0.746041 -0.493388 
192.077 239.991 213.264 6.79507 -0.291543 -3.22002 0.729735 -0.47198 
193.023 236.8 212.822 7.28431 -0.234605 -3.32627 0.713429 -0.450571 
193.891 233.406 212.487 7.68658 -0.173617 -3.43028 0.697122 -0.429163 
194.694 229.815 212.266 7.99708 -0.110153 -3.53206 0.680816 -0.407755 
195.447 226.03 212.165 8.21338 -0.0458703 -3.63159 0.66451 -0.386347 
196.163 222.057 212.185 8.33546 0.0175348 -3.72888 0.648204 -0.364939 
196.858 217.898 212.326 8.36576 0.0783681 -3.82394 0.631898 -0.343531 
197.547 213.559 212.582 8.30912 0.134984 -3.91675 0.615592 -0.322122 
198.243 209.044 212.945 8.17272 0.185826 -4.00732 0.599286 -0.300714 
198.96 204.357 213.406 7.9659 0.229473 -4.09565 0.58298 -0.279306 
199.707 199.501 213.95 7.69992 0.264674 -4.18174 0.566673 -0.257898 
200.496 194.483 214.562 7.38772 0.290382 -4.26559 0.550367 -0.23649 
201.334 189.305 215.224 7.0436 0.305787 -4.34719 0.534061 -0.215082 
202.225 183.972 215.916 6.68284 0.310338 -4.42656 0.517755 -0.193673 
203.174 178.488 216.618 6.32133 0.303759 -4.50368 0.501449 -0.172265 
204.181 172.857 217.308 5.97518 0.286063 -4.57856 0.485143 -0.150857 
205.244 167.084 217.966 5.66025 0.257549 -4.6512 0.468837 -0.129449 
206.358 161.173 218.571 5.39181 0.218806 -4.72159 0.452531 -0.108041 
207.516 155.129 219.102 5.18405 0.170691 -4.78974 0.436224 -0.0866324 
208.71 148.955 219.543 5.04977 0.114318 -4.85565 0.419918 -0.0652241 
209.929 142.655 219.878 5 0.0510278 -4.91932 0.403612 -0.0438156 
211.158 136.235 220.092 5.04369 -0.0176428 -4.98074 0.387306 0.00670491 
212.384 129.698 220.176 5.13011 -0.09 -4.94408 0.369 0 
212.384 129.698 220.176 5.13011 -0.09 -4.94408 0.369 0 
150.281 1.21722 142.74 30.0666 -1.4 0.387996 0.566421 0.000986122 
38.1704 4.11781 33.6106 6.6749 -0.772899 -0.624749 0.90586 7.17431e-08 
8.55522 5.99962 1.66744 6.69259 0.0377602 0.660746 0.983418 -1.91395e-05 
23.5365 -1.25105 1.75052 7.476 -0.446885 -0.992671 1.1039 -8.50246e-08 
2.55068 -1.25151 1.0813 9.41463 -0.0812542 -1.04153 0.914561 -0.575967 
-10.0028 -1.25169 1.79324 6.71257 -0.0470966 -0.0110615 1.06223 0.260975 
2.55062 -1.25141 1.7451 6.72575 0.00840825 -0.00947508 1.055 -0.503498 
-1.71838 6.79068 1.77513 6.71812 -0.515782 -0.011048 1.0387 0.00555225 
0.784878 6.79071 1.79617 6.72409 -0.272482 -0.0110428 1.02239 -0.36225 
0.784864 6.79071 1.55314 8.64887 -0.0209867 -0.011045 1.00609 -0.281704 
0.784834 6.79071 22.6871 7.62767 -0.000983506 -0.0110458 0.98978 -0.106543 
0.784861 6.79071 5.93491 7.00528 0.855703 -0.0110446 0.973474 -0.241047 
0.784857 6.79071 0.990947 7.7375 -0.000747419 -0.0110455 0.687917 0.0779038 
0.784845 6.79071 13.4189 7.32701 0.535171 -0.0110533 0.900779 0.534803 
0.784726 6.79071 83.4052 6.76742 -0.274449 -0.011039 0.924447 0.163104 
0.784974 6.79071 1.57716 6.56378 0.0856567 -0.0110426 0.908188 -0.154845 
0.784838 6.79068 1.75687 8.65535 0.135962 -0.0126649 0.891887 0.155871 
0.784864 -1.25141 2.89638 6.75301 -0.207673 -0.0110437 0.875612 -0.0142214 
0.784854 -1.25151 2.01533 8.69473 0.525133 -0.0110437 0.842007 0.0209547 
0.784852 0.114172 1.74156 8.48904 0.783457 -0.0110544 0.842938 0.556477 
0.784964 -1.14473 2.38145 8.19058 -0.0210301 -0.0110364 0.826672 -0.0468253 
0.784732 -1.25141 1.62128 6.72951 -0.70336 -0.00947124 0.810414 -0.490921 
0.784856 8.11518 4.39021 6.80733 -0.288597 -0.0110523 0.794032 -0.00299032 
0.78484 8.11521 1.85359 9.6349 1.2788 -0.011044 0.777742 0.115589 
0.78486 8.11521 108.521 6.78626 -1.14692 -0.0110453 0.761484 -0.000769958 
0.785005 6.79071 6.20992 9.04059 0.206602 -0.011044 0.7452 -4.94704e-08 
0.78483 6.79071 7.13019 8.86469 0.0431227 -0.0110468 0.728886 0.468766 
0.784723 6.79071 2.43361 7.38813 1.4 -0.0110514 0.712581 0.44669 
0.784856 6.79071 112.032 17.7953 -1.4 -0.0110356 0.696275 0.289667 
0.784846 6.79071 3.36427 8.09512 0.0306705 -0.0110422 0.679948 -0.288265 
0.784994 6.79071 2.01073 8.83757 0.0821167 -0.0110472 0.663664 -0.105454 
0.784708 6.79071 1.65657 6.72184 0.0862207 -0.0110452 0.62508 0.0228434 
0.784851 6.79071 3.03587 6.95118 0.0922779 -0.0110446 0.630996 -0.145346 
0.784853 6.79071 1.95477 8.08108 1.4 -0.0110443 0.61474 -0.145344 
0.784844 8.11521 111.527 6.71684 -1.4 -0.0110465 0.59683 0.214829 
0.784857 8.11521 3.27621 6.79234 0.356145 -0.0110419 0.582093 0.144664 
0.784851 8.11521 1.77007 12.4779 -0.316705 -0.0110438 0.565829 0.0178233 
0.784902 8.11521 2.21618 20.5052 0.250784 -0.0110446 0.549523 0.0950594 
0.784932 8.11521 36.1332 9.01477 0.0369514 -0.0110418 0.533202 -0.1821 
0.784721 6.79071 0.942307 8.22779 0.413627 -0.0110493 0.516911 -0.0305476 
0.78487 6.79068 1.62247 11.1942 -0.0670075 0.0327555 0.485397 -0.00646238 
3.46055 -1.25155 1.07594 7.51705 -0.184447 0.592193 0.484199 -0.0230263 
-3.60832 -1.25138 3.42359 39.9991 0.0049791 0.392926 0.467984 0.0742298 
3.48886 7.30155 1.0969 9.57249 0.132185 0.018537 0.451681 0.107151 
55.3983 -0.581118 3.92466 5.30467 -1.39913 0.680418 0.435403 0.0832722 
132.063 22.2716 5.85404 5.12731 -1.14067 2.93916 0.419118 0.00792169 
212.494 133.717 10.9791 5.05643 0.995404 4.8377 0.402781 -0.0260963 
292.331 317.761 104.71 5.01522 1.37215 6.27958 0.38653 0.00794138 
376.504 571.616 213.744 39.9991 -0.0629195 -0.00667326 0.369 0 
376.504 571.616 213.744 39.9991 -0.0629195 -0.00667326 0.369 0 
363.64 580.584 213.804 38.5123 0.9376 -0.597463 -0.188388 -1.02859 
351.379 585.943 219.989 32.5857 1.3364 -1.53567 -0.176776 -1.00718 
342.041 585.57 228.668 25.0387 1.4 -2.46687 0.232692 -0.985776 
336.491 579.506 237.809 17.3861 1.4 -3.39108 0.52692 -0.964367 
334.793 567.794 247.026 9.95873 1.22562 -4.30829 -0.141939 -0.942959 
336.86 550.477 255.25 5 0.181265 -5.2185 0.197989 -0.921551 
341.577 527.598 257.143 5 0.181265 -6.12169 0.197989 0.606469 
346.314 499.203 259.037 5 0.181265 -6.28 0.197989 0.738362 
351.073 469.841 260.931 5 0.181265 -6.28 0.197989 0.648198 
355.854 440.479 262.824 5 0.181265 -6.28 0.197989 0.710371 
360.66 411.117 264.718 5 0.181265 -6.28 0.197989 0.698864 
365.488 381.755 266.612 5 0.181265 -6.28 0.197989 0.681492 
370.339 352.393 268.505 5 0.181265 -6.28 0.197989 0.661104 
375.214 323.03 270.399 5 0.181265 -6.28 0.197989 0.650675 
380.112 293.668 272.293 5 0.181265 -6.28 0.197989 0.635097 
385.033 264.306 274.186 5 0.181265 -6.28 0.197989 0.619373 
389.977 234.944 276.08 5 0.181265 -6.28 0.197989 0.60229 
394.944 205.582 277.974 5 0.181265 -6.28 0.197989 0.592907 
399.935 176.22 279.868 5 0.181265 -6.28 0.197989 0.579748 
404.948 146.858 281.761 5 0.181265 -6.28 0.19799 0.560736 
409.985 117.496 283.655 5 0.181265 -5.50084 0.197987 0.600429 
415.049 92.893 285.549 5 0.181264 -4.70792 0.198023 0.57902 
420.14 73.133 287.442 5 0.181295 -3.92204 0.197493 0.557612 
425.258 58.173 289.336 5 0.180842 -3.14319 0.2053 0.536204 
430.403 47.9701 291.227 5 0.187514 -2.37138 0.0903061 0.514796 
435.573 42.4814 293.159 5 -0.104968 -1.60661 0.746041 0.493388 
440.808 41.6637 293.305 5 -0.104021 -0.84887 0.729735 0.47198 
446.047 45.4741 292.624 5 -0.103075 -0.0981767 0.713429 0.450571 
451.281 53.8697 291.599 5 -0.102128 0.645473 0.697122 0.429163 
456.507 67.9898 290.579 5 -0.101182 1.38208 0.680816 0.407755 
461.724 86.6089 289.565 5 -0.100235 2.11163 0.66451 0.386347 
466.931 109.684 288.557 5 -0.099289 2.83414 0.648204 0.364939 
472.13 137.172 287.555 5 -0.0983426 3.5496 0.631898 0.343531 
477.32 169.03 286.559 5 -0.0973962 4.258 0.615592 0.322122 
482.5 205.215 285.568 5 -0.0964498 4.95935 0.599286 0.300714 
487.672 245.684 284.583 5 -0.0955034 5.65365 0.58298 0.222358 
492.836 290.393 283.604 5 -0.094557 6.28 0.566673 0.184106 
497.99 338.928 282.631 5 -0.093611 6.28 0.550367 0.150673 
503.132 387.463 281.663 5 -0.0926649 6.28 0.534061 0.11967 
508.262 435.998 280.701 5 -0.0917189 6.28 0.517755 0.0921409 
513.381 484.532 279.745 5 -0.0907729 6.28 0.501449 0.0617855 
518.487 533.067 278.795 5 -0.0898268 6.28 0.485143 0.0365361 
523.582 581.602 277.851 5 -0.0888808 6.28 0.468837 0.0201966 
528.665 630.137 276.912 5 -0.0879348 6.28 0.452531 0.00745311 
533.736 678.672 275.979 5 -0.0869887 6.28 0.436224 1.39322e-06 
538.796 727.207 275.052 5 -0.0860427 6.28 0.419918 -6.35691e-06 
543.845 775.742 274.131 5 -0.364985 6.28 0.403612 -3.31675e-06 
548.916 824.277 271.506 6.30061 -0.341729 6.28 0.387306 -0.00367257 
553.316 872.812 269.01 8.29185 -0.09 5.69336 0.369 0 
553.316 872.812 269.01 8.29185 -0.09 5.69336 0.369 0 
556.394 906.505 267.284 7.26108 0.207791 4.27435 1.15369 -1.02858 
559.819 933.338 267.005 5 -0.386628 2.5802 1.13739 -1.00717 
564.17 951.98 263.87 5 -0.385683 0.891452 1.12108 -0.985763 
568.483 962.457 260.74 5 -0.951997 -0.791904 1.10478 -0.96435 
572.814 964.796 254.871 7.08647 -1.4 -2.46986 1.08847 -0.942934 
576.317 959.023 246.821 10.7585 -1.4 -4.14241 1.07216 -0.921499 
578.312 945.166 238.742 14.3183 -1.4 -5.80955 1.05586 -0.0511245 
578.845 923.25 230.636 17.7695 -1.4 -6.27999 1.03955 0.0140874 
577.96 899.06 222.503 21.1154 -1.4 -6.27999 1.02324 0.0110284 
575.7 874.872 214.344 24.3593 -1.4 -6.27999 1.00694 0.00976432 
572.104 850.684 206.16 27.5046 -1.4 -6.27999 0.990633 0.00767754 
567.211 826.497 197.951 30.5542 -1.4 -6.27999 0.974327 0.00639736 
561.056 802.312 189.719 33.5113 -0.886735 -6.27999 0.95802 0.00509946 
553.627 778.127 183.945 34.4908 -0.711902 -6.27999 0.941714 0.00376386 
545.746 753.943 179.009 34.7998 -0.707476 -6.27999 0.925408 0.00267985 
537.697 729.758 174.092 35.0863 -0.700695 -6.27999 0.909102 0.0019237 
529.488 705.574 169.206 35.3423 -0.692604 -6.27999 0.892796 0.00124084 
521.132 681.39 164.357 35.564 -0.684609 -6.27999 0.87649 0.000807112 
512.642 657.206 159.544 35.7528 -0.67828 -6.27998 0.860184 0.000486394 
504.032 633.022 154.761 35.9158 -0.675117 -6.27998 0.843878 0.000263574 
495.313 608.838 149.992 36.0656 -0.67628 -6.27998 0.827571 0.000130729 
486.489 584.654 145.216 36.2183 -0.682352 -6.27998 0.811265 5.66137e-05 
477.56 560.471 140.409 36.3921 -0.693168 -6.27998 0.794959 1.29693e-05 
468.519 536.287 135.549 36.6037 -0.707737 -6.27998 0.778653 -1.08869e-05 
459.35 512.103 130.617 36.8656 -0.724309 -6.27998 0.762347 -1.59184e-05 
450.033 487.92 125.602 37.1838 -0.740563 -6.27998 0.746041 8.08942e-06 
440.546 463.736 120.507 37.5552 -0.753927 -6.27998 0.729735 0.00129905 
430.867 439.553 115.344 37.9675 -0.761981 -6.20977 0.713429 0.450571 
420.979 415.709 110.139 38.3999 -0.76288 -4.66984 0.697122 0.429134 
410.88 399.31 104.926 38.8255 -0.755742 -3.13535 0.680816 0.407728 
400.57 390.33 99.7446 39.2149 -0.740928 -1.60628 0.66451 0.386319 
390.064 388.742 94.6317 39.5411 -0.720137 -0.0826312 0.648204 0.364908 
379.385 394.521 89.6167 39.784 -0.696302 1.43559 0.631898 0.343487 
368.568 407.64 84.7151 39.935 -0.673254 2.94838 0.615592 0.322047 
357.648 428.072 79.9238 40 -0.655194 4.45573 0.599286 0.300487 
346.661 455.792 75.2192 40 -0.646035 5.9576 0.58298 0.030043 
335.633 490.772 70.559 39.9698 -0.648702 6.27997 0.566673 8.76688e-07 
324.573 527.311 65.886 39.9538 -0.664512 6.27997 0.550367 -9.08199e-06 
313.475 563.85 61.1368 40 -0.651409 6.27997 0.534061 -8.4704e-06 
302.313 600.39 56.4506 40 -0.650463 6.27997 0.517755 -7.20244e-06 
291.104 636.929 51.7689 40 -0.649517 6.27996 0.501449 -5.85456e-06 
279.851 673.468 47.0918 40 -0.648571 6.27996 0.485143 -4.60033e-06 
268.552 710.007 42.4193 40 -0.647625 6.27996 0.468837 -3.47132e-06 
257.207 746.546 37.7513 40 -0.646679 6.27996 0.452531 -2.44451e-06 
245.818 783.085 33.088 40 -0.645733 6.27996 0.436224 -1.56357e-06 
234.383 819.624 28.4292 40 -0.644787 6.27996 0.419918 -8.80085e-07 
222.903 856.163 23.7749 40 -0.643841 6.27996 0.403612 -3.92726e-07 
211.377 892.702 19.1253 40 -0.642895 6.27996 0.387306 -7.9133e-05 
199.807 929.241 14.4802 40 0.427211 5.47846 0.369 0 
726.62 994.16 515.08 23.4482 0.600412 0 0.098552 0 
726.62 994.16 515.08 23.4482 0.600412 -1.33494e-09 0.098552 -1.0878e-05 
726.62 994.161 515.078 23.4489 0.600752 -0.0103103 0.0985471 2.20226e-05 
274.325 985.182 530.825 23.4242 0.60137 -0.0177227 0.0987299 6.70167e-05 
389.337 911.475 542.066 23.3404 0.603146 -0.0339269 0.0993509 0.000264161 
430.764 627.695 523.887 23.413 0.601305 -0.0110758 0.098813 8.62881e-05 
444.129 535.002 517.938 23.4368 0.600702 -0.00359474 0.0986367 2.80058e-05 
448.458 504.917 516.008 23.4445 0.600506 -0.00116649 0.0985795 9.08945e-06 
449.862 495.153 515.381 23.447 0.600442 -0.000377897 0.0985609 2.94759e-06 
450.319 491.987 515.176 23.4478 0.600422 -0.000121301 0.0985549 9.4968e-07 
450.468 490.967 515.11 23.4481 0.600415 -3.76026e-05 0.0985529 2.98468e-07 
450.516 490.646 515.088 23.4482 0.600413 -1.01179e-05 0.0985523 8.49437e-08 
450.532 490.555 515.081 23.4482 0.600412 -9.73033e-07 0.098552 1.43482e-08 
450.537 490.539 515.078 23.4482 0.600412 2.23974e-06 0.098552 -1.00544e-08 
450.539 490.55 515.077 23.4482 0.600412 3.5191e-06 0.0985519 -1.93309e-08 
450.539 490.571 515.077 23.4482 0.600412 4.19474e-06 0.0985519 -2.38057e-08 
450.54 490.596 515.076 23.4482 0.600412 4.71253e-06 0.0985519 -2.69504e-08 
450.54 490.625 515.076 23.4482 0.600412 5.21614e-06 0.0985519 -2.9878e-08 
450.54 490.657 515.076 23.4482 0.600412 5.75581e-06 0.0985519 -3.29327e-08 
450.54 490.693 515.075 23.4482 0.600412 6.36535e-06 0.0985519 -3.63572e-08 
450.539 490.731 515.075 23.4482 0.600412 7.06367e-06 0.0985519 -4.0305e-08 
450.539 490.775 515.074 23.4482 0.600411 7.85396e-06 0.0985519 -4.46889e-08 
450.539 490.823 515.073 23.4482 0.600411 8.78078e-06 0.0985519 -4.99002e-08 
450.539 490.876 515.072 23.4482 0.600411 9.84054e-06 0.0985518 -5.56943e-08 
450.539 490.936 515.071 23.4482 0.600411 1.11155e-05 0.0985518 -6.2814e-08 
450.539 491.003 515.07 23.4482 0.600411 1.2592e-05 0.0985518 -7.0958e-08 
450.539 491.079 515.069 23.4482 0.600411 1.43408e-05 0.0985518 -8.05375e-08 
450.539 491.165 515.067 23.4482 0.600411 1.64379e-05 0.0985517 -9.2002e-08 
450.539 491.264 515.065 23.4482 0.600411 1.89605e-05 0.0985517 -1.05653e-07 
450.538 491.377 515.063 23.4482 0.600411 2.20484e-05 0.0985517 -1.2235e-07 
450.538 491.508 515.06 23.4483 0.60041 2.5834e-05 0.0985516 -1.42626e-07 
450.538 491.661 515.056 23.4483 0.60041 3.05476e-05 0.0985515 -1.67691e-07 
450.537 491.841 515.052 23.4483 0.60041 3.64861e-05 0.0985514 -1.98937e-07 
450.537 492.054 515.046 23.4483 0.600409 4.40946e-05 0.0985513 -2.38487e-07 
450.536 492.309 515.038 23.4483 0.600409 5.40264e-05 0.0985512 -2.89461e-07 
450.535 492.62 515.028 23.4483 0.600408 6.72383e-05 0.098551 -3.5593e-07 
450.534 493.001 515.014 23.4484 0.600407 8.53232e-05 0.0985508 -4.4478e-07 
450.532 493.478 514.994 23.4484 0.600405 0.000110888 0.0985504 -5.65916e-07 
450.53 494.084 514.965 23.4485 0.600403 0.000148719 0.09855 -7.36876e-07 
450.526 494.873 514.919 23.4486 0.6004 0.000207843 0.0985493 -9.85533e-07 
450.52 495.929 514.842 23.4487 0.600394 0.000307257 0.0985483 -1.36514e-06 
450.508 497.392 514.701 23.4489 0.600385 0.00048897 0.0985468 -1.97784e-06 
450.486 499.51 514.42 23.4492 0.600368 0.000851807 0.0985443 -3.03853e-06 
450.438 502.765 513.811 23.4498 0.600333 0.00163782 0.09854 -5.03947e-06 
450.328 508.161 512.403 23.451 0.600255 0.00345289 0.0985316 -9.2222e-06 
450.063 518.033 509.024 23.4536 0.600068 0.00781084 0.0985118 -1.91298e-05 
449.417 538.507 500.869 23.4605 0.599611 0.0183271 0.0984606 -4.40269e-05 
447.826 585.592 481.522 23.4596 0.598791 0.0432469 0.0984668 -7.07073e-05 
442.71 655.624 425.059 23.3067 0.598783 0.111135 0.099523 -0.00023932 
215.11 439.785 172.33 22.7704 4.11657e-05 0.0198278 0.097552 0 
215.11 439.785 172.33 22.7704 4.11657e-05 0.0198278 0.097552 0 
203.551 462.153 172.429 21.7314 0.751438 0.0538035 -0.188388 0.994371 
192.956 484.999 183.14 13.0068 0.749789 0.853125 -0.0260017 0.979101 
192.526 519.101 194.024 5 0.0223973 1.6216 0.821678 0.941987 
201.657 564.025 194.839 5 0.0223979 2.361 0.821677 0.830982 
210.82 619.37 195.655 5 0.0223982 3.01325 0.821677 0.571305 
220.013 683.906 196.47 5 0.0223985 3.46262 0.821677 0.282043 
229.234 754.775 197.285 5 0.0223986 3.68606 0.821677 0.0351201 
238.48 828.792 198.1 5 0.0223986 3.7165 0.821677 -0.151165 
247.75 903.239 198.915 5 0.0223985 3.60115 0.821677 -0.283707 
257.042 976.06 199.73 5 0.0223984 3.38183 0.821677 -0.375097 
266.354 1045.79 200.545 5 0.0223983 3.09058 0.821677 -0.43651 
275.686 1111.42 201.36 5 0.0223981 2.75077 0.821677 -0.476354 
285.038 1172.25 202.175 5 0.0223979 2.3792 0.821677 -0.500633 
294.408 1227.85 202.99 5 0.0223977 1.98802 0.821677 -0.51358 
303.796 1277.94 203.805 5 0.0223975 1.58608 0.821677 -0.518187 
313.203 1322.37 204.62 5 0.0223972 1.17993 0.821677 -0.516583 
322.629 1361.07 205.435 5 0.022397 0.774423 0.821677 -0.510289 
332.073 1394.05 206.25 5 0.0223971 0.37327 0.821672 -0.500401 
341.536 1421.39 207.065 5 0.0223855 -0.0206905 0.821869 -0.487707 
351.017 1443.17 207.88 5 0.0227884 -0.405227 0.81492 -0.472775 
360.517 1459.53 208.7 5 0.00855948 -0.778552 0.816423 -0.456018 
370.039 1470.63 209.32 5.15162 -0.00226974 -1.1392 0.811265 -0.459614 
379.407 1476.65 209.784 5.40863 -0.00353144 -1.50406 0.794959 -0.452197 
388.495 1477.52 210.225 5.6657 -0.00478255 -1.86431 0.778653 -0.434214 
397.3 1473.32 210.642 5.92272 -0.00601467 -2.21105 0.762347 -0.410384 
405.824 1464.24 211.035 6.17949 -0.00723531 -2.53927 0.746041 -0.384749 
414.065 1450.53 211.406 6.43591 -0.00847832 -2.84743 0.729735 -0.359977 
422.025 1432.47 211.754 6.69225 -0.00979027 -3.1363 0.713428 -0.336577 
429.701 1410.35 212.077 6.94925 -0.0111806 -3.40704 0.697122 -0.313621 
437.095 1384.41 212.375 7.2077 -0.0125589 -3.66 0.680816 -0.290193 
444.202 1354.91 212.647 7.46734 -0.0137324 -3.89477 0.66451 -0.266032 
451.021 1322.1 212.897 7.72585 -0.0145462 -4.11072 0.648204 -0.24139 
457.553 1286.24 213.13 7.9795 -0.0151559 -4.30741 0.631898 -0.216672 
463.804 1247.61 213.349 8.22653 -0.0162156 -4.48474 0.615592 -0.192184 
469.78 1206.49 213.547 8.47237 -0.0186006 -4.64287 0.599286 -0.168093 
475.483 1163.14 213.706 8.73135 -0.0224468 -4.78208 0.582979 -0.144528 
480.897 1117.82 213.804 9.01793 -0.0259761 -4.90274 0.566673 -0.121675 
485.991 1070.81 213.847 9.32618 -0.0255098 -5.00536 0.550367 -0.099822 
490.736 1022.34 213.889 9.61125 -0.018222 -5.09067 0.534061 -0.0793444 
495.157 972.681 214.028 9.80216 -0.00731843 -5.15971 0.517755 -0.060657 
499.363 922.046 214.315 9.86877 -0.00543165 -5.2138 0.501449 -0.0441647 
503.501 870.648 214.628 9.91918 -0.0290049 -5.2546 0.485143 -0.0302085 
507.596 818.675 214.608 10.2278 -0.0797782 -5.28402 0.468837 -0.0190116 
511.357 766.287 213.865 11.0627 -0.122822 -5.30414 0.452531 -0.0106332 
514.166 713.617 212.496 12.2925 -0.0880219 -5.3171 0.436224 -0.00494143 
515.537 660.766 211.591 13.0464 0.0760587 -5.32491 0.419918 -0.00161146 
515.986 607.805 212.98 11.982 0.303737 -5.32935 0.403612 -0.000140897 
517.611 554.78 217.602 8.58443 0.351213 -5.33179 0.387306 0.000129226 
523.19 501.718 222.97 5 -0.0899998 -5.3331 0.369 0 
523.19 501.718 222.97 5 -0.0899998 -5.3331 0.369 0 
531.354 450.318 222.178 6.39362 -1.05867 -5.33516 1.11458 0.730469 
538.235 398.89 208.126 17.2788 -0.310575 -4.78577 0.43423 0.664456 
532.622 354.976 204.052 19.8322 0.445989 -4.28593 -0.0500653 0.60318 
523.902 317.89 210.255 14.5892 0.532839 -3.83209 0.041013 0.545286 
521.07 286.998 217.759 8.8555 0.125739 -3.42171 0.511688 0.490396 
524.834 261.705 219.829 7.57833 -0.056524 -3.05252 0.685476 0.43852 
530.106 241.454 219.438 8.20389 -0.0465898 -2.7223 0.656169 0.38983 
534.684 225.713 219.168 8.68822 -0.0156623 -2.42865 0.616488 0.344538 
538.719 213.983 219.31 8.83202 -0.00351293 -2.16903 0.601211 0.302827 
542.6 205.798 219.615 8.84599 -0.00411841 -1.94076 0.599187 0.264801 
546.476 200.732 219.912 8.86623 -0.00703576 -1.74106 0.598452 0.230475 
550.342 198.392 220.168 8.91542 -0.00878594 -1.56717 0.595793 0.19977 
554.163 198.428 220.399 8.98003 -0.00956684 -1.41636 0.59181 0.172526 
557.922 200.523 220.618 9.0494 -0.0101024 -1.28604 0.587363 0.148527 
561.612 204.398 220.828 9.12085 -0.0107255 -1.17376 0.582768 0.127515 
565.231 209.807 221.029 9.19518 -0.011467 -1.07729 0.578016 0.109215 
568.776 216.533 221.217 9.27346 -0.012274 -0.994573 0.573031 0.0933471 
572.241 224.389 221.393 9.35617 -0.0131082 -0.923791 0.567771 0.0796403 
575.621 233.212 221.555 9.44336 -0.0139569 -0.863317 0.562228 0.0678379 
578.912 242.86 221.704 9.53495 -0.0148177 -0.81172 0.556408 0.0577032 
582.107 253.214 221.84 9.63084 -0.0156885 -0.767746 0.550316 0.0490209 
585.201 264.168 221.961 9.73091 -0.0165643 -0.730301 0.543962 0.0415981 
588.19 275.634 222.068 9.83501 -0.0174395 -0.698439 0.537355 0.0352631 
591.069 287.535 222.161 9.94293 -0.0183101 -0.671342 0.530508 0.0298643 
593.833 299.806 222.239 10.0544 -0.0191724 -0.648306 0.523438 0.0252688 
596.477 312.391 222.304 10.1692 -0.0200178 -0.628726 0.516169 0.0213604 
598.998 325.245 222.354 10.2869 -0.0208264 -0.612086 0.508727 0.0180383 
601.391 338.325 222.391 10.4071 -0.0215707 -0.597945 0.501138 0.0152148 
603.655 351.599 222.415 10.5288 -0.0222397 -0.585927 0.493427 0.0128148 
605.786 365.037 222.427 10.6513 -0.0228741 -0.575715 0.48562 0.0107733 
607.784 378.615 222.428 10.7743 -0.0235716 -0.567038 0.47775 0.00903501 
609.648 392.311 222.416 10.8982 -0.0244075 -0.559668 0.469867 0.00755298 
611.376 406.108 222.391 11.0246 -0.0252717 -0.553413 0.46203 0.00628749 
612.965 419.991 222.35 11.1534 -0.025759 -0.548111 0.454289 0.00520525 
614.413 433.946 222.301 11.2805 -0.0253592 -0.543622 0.446665 0.0042786 
615.72 447.962 222.254 11.3968 -0.0240756 -0.53983 0.439137 0.00348474 
616.898 462.031 222.222 11.4938 -0.0231307 -0.536635 0.431691 0.00280508 
617.969 476.143 222.201 11.577 -0.0248301 -0.533952 0.424379 0.00222456 
618.948 490.292 222.155 11.6747 -0.0306632 -0.531706 0.417359 0.0017311 
619.821 504.471 222.027 11.8287 -0.0380723 -0.52983 0.410819 0.00131504 
620.525 518.677 221.794 12.0498 -0.0387887 -0.528268 0.404824 0.000968582 
620.98 532.903 221.547 12.2623 -0.0231099 -0.526966 0.399222 0.000685302 
621.191 547.148 221.509 12.2964 0.00838678 -0.525878 0.393767 0.00045966 
621.356 561.408 221.901 12.0035 0.0326569 -0.52496 0.388374 0.00028652 
621.845 575.68 222.63 11.4877 0.00763605 -0.524173 0.383296 0.00016069 
622.925 589.962 223.03 11.2808 -0.0940734 -0.52348 0.378992 7.64762e-05 
624.271 604.254 222.044 12.1518 -0.229687 -0.522847 0.375582 2.72827e-05 
624.673 618.555 219.188 14.3564 -0.257385 -0.522249 0.372649 5.46081e-06 
622.593 632.866 215.905 16.6544 -0.00538931 -0.521666 0.369 0 
622.593 632.866 215.905 16.6544 -0.00538931 -0.521666 0.369 0 
617.549 648.703 216.025 16.0763 0.589358 -0.521032 -0.0734257 -0.261155 
613.029 664.55 225.141 9.01608 0.0927747 -0.738428 0.472952 -0.21697 
617.477 677.106 226.928 7.99252 -0.172603 -0.919058 0.681344 -0.178145 
623.295 686.933 224.732 9.98013 -0.109608 -1.06738 0.563922 -0.144455 
626.62 694.522 223.439 11.1266 -0.028237 -1.18767 0.466881 -0.115506 
628.493 700.295 223.347 11.2898 -0.00319404 -1.28386 0.444069 -0.0908166 
630.157 704.615 223.63 11.1645 -0.00669525 -1.3595 0.450597 -0.0698739 
631.982 707.793 223.863 11.0873 -0.0133429 -1.41771 0.457169 -0.0521792 
633.908 710.092 223.997 11.0898 -0.0160822 -1.46118 0.458128 -0.0372719 
635.835 711.734 224.09 11.1229 -0.0162572 -1.49223 0.456263 -0.0247419 
637.725 712.908 224.179 11.1559 -0.0159072 -1.51284 0.454058 -0.0142333 
639.577 713.77 224.273 11.1832 -0.0158078 -1.52468 0.452223 -0.0054423 
641.399 714.453 224.368 11.2078 -0.0159503 -1.5292 0.450624 0.00188651 
643.194 715.068 224.46 11.2327 -0.0161712 -1.5276 0.449044 0.00796657 
644.962 715.707 224.548 11.2588 -0.0163851 -1.52092 0.447397 0.0129751 
646.701 716.447 224.632 11.2859 -0.0165813 -1.51006 0.445682 0.0170589 
648.41 717.351 224.712 11.3137 -0.0167725 -1.49578 0.443915 0.0203393 
650.088 718.471 224.789 11.3421 -0.016968 -1.47876 0.442108 0.0229172 
651.734 719.848 224.863 11.3712 -0.0171701 -1.45957 0.440259 0.0248766 
653.347 721.515 224.932 11.401 -0.0173777 -1.43874 0.438367 0.0262883 
654.927 723.496 224.998 11.4314 -0.0175896 -1.41671 0.43643 0.0272127 
656.472 725.81 225.06 11.4627 -0.0178048 -1.3939 0.434447 0.0277021 
657.982 728.469 225.118 11.4946 -0.0180228 -1.37067 0.432418 0.0278022 
659.455 731.478 225.171 11.5273 -0.0182435 -1.34734 0.430343 0.0275548 
660.891 734.84 225.221 11.5606 -0.0184676 -1.3242 0.428223 0.026998 
662.288 738.552 225.266 11.5947 -0.0186969 -1.30151 0.426059 0.026168 
663.645 742.606 225.307 11.6295 -0.018931 -1.27951 0.423851 0.0250994 
664.962 746.993 225.344 11.665 -0.0191633 -1.25838 0.421603 0.0238261 
666.238 751.698 225.377 11.7012 -0.0193807 -1.2383 0.419315 0.0223816 
667.471 756.707 225.405 11.7379 -0.0195762 -1.21941 0.416987 0.0207989 
668.66 762.002 225.429 11.7747 -0.0197735 -1.20184 0.414618 0.0191111 
669.806 767.561 225.45 11.8118 -0.020038 -1.18566 0.41221 0.0173512 
670.909 773.366 225.465 11.8498 -0.020426 -1.17094 0.409773 0.0155517 
671.965 779.392 225.474 11.8902 -0.0208595 -1.15772 0.407322 0.0137445 
672.974 785.618 225.475 11.9333 -0.0210321 -1.14599 0.40487 0.0119608 
673.931 792.022 225.473 11.9757 -0.0205755 -1.13575 0.402403 0.01023 
674.836 798.58 225.477 12.0104 -0.019622 -1.12695 0.399884 0.00858003 
675.699 805.271 225.494 12.0323 -0.0194105 -1.11952 0.397287 0.00703599 
676.536 812.074 225.513 12.0514 -0.0219202 -1.11337 0.394648 0.00562013 
677.352 818.97 225.495 12.0992 -0.0276059 -1.1084 0.392077 0.00435096 
678.11 825.941 225.389 12.2094 -0.0321484 -1.10449 0.389669 0.00324267 
678.734 832.972 225.212 12.3625 -0.0262814 -1.1015 0.38737 0.00230458 
679.166 840.048 225.12 12.4347 -0.0037953 -1.0993 0.384975 0.00154046 
679.5 847.157 225.366 12.243 0.023211 -1.09772 0.382311 0.000948081 
680.066 854.289 226.024 11.7616 0.0162955 -1.09665 0.379475 0.000518613 
681.236 861.438 226.59 11.4089 -0.0657716 -1.09593 0.376832 0.000236235 
682.875 868.597 225.925 12.0357 -0.202796 -1.09544 0.37458 7.77046e-05 
683.777 875.764 223.174 14.1768 -0.252777 -1.09509 0.372375 1.20014e-05 
682.02 882.938 219.618 16.683 -0.000495897 -1.09479 0.369 0 
682.02 882.938 219.618 16.683 -0.000495897 -1.09479 0.369 0 
682.014 882.946 219.618 16.6823 0.00019661 -1.09479 0.467675 0.00216822 
682.008 882.955 219.618 16.6814 0.00114651 -1.09479 0.465946 0.00203743 
682.002 882.963 219.619 16.6806 0.00209174 -1.09478 0.464207 0.00191189 
681.996 882.971 219.619 16.6798 0.00303228 -1.09478 0.462458 0.00179149 
681.991 882.98 219.619 16.6789 0.00396809 -1.09478 0.460699 0.00167614 
681.985 882.988 219.62 16.678 0.00489915 -1.09478 0.458928 0.00156575 
681.979 882.996 219.62 16.6772 0.00582543 -1.09478 0.457145 0.00146023 
681.973 883.004 219.62 16.6763 0.00674688 -1.09478 0.45535 0.00135947 
681.967 883.013 219.621 16.6754 0.00766349 -1.09477 0.453543 0.00126338 
681.961 883.021 219.621 16.6745 0.00857521 -1.09477 0.451723 0.00117186 
681.955 883.029 219.621 16.6735 0.00948201 -1.09477 0.449889 0.0010848 
681.949 883.038 219.622 16.6726 0.0103839 -1.09477 0.448043 0.0010021 
681.944 883.046 219.622 16.6717 0.0112807 -1.09477 0.446182 0.000923659 
681.938 883.054 219.623 16.6707 0.0121725 -1.09477 0.444308 0.000849373 
681.932 883.063 219.623 16.6698 0.0130593 -1.09477 0.442419 0.000779135 
681.926 883.071 219.623 16.6688 0.0139409 -1.09476 0.440517 0.000712838 
681.92 883.079 219.624 16.6678 0.0148174 -1.09476 0.4386 0.000650376 
681.914 883.088 219.624 16.6668 0.0156887 -1.09476 0.436669 0.00059164 
681.908 883.096 219.625 16.6658 0.0165548 -1.09476 0.434723 0.000536521 
681.903 883.104 219.625 16.6648 0.0174156 -1.09476 0.432764 0.000484909 
681.897 883.112 219.626 16.6638 0.0182712 -1.09476 0.43079 0.000436694 
681.891 883.121 219.627 16.6627 0.0191214 -1.09476 0.428801 0.000391763 
681.885 883.129 219.627 16.6617 0.0199662 -1.09476 0.426799 0.000350007 
681.879 883.137 219.628 16.6607 0.0208056 -1.09476 0.424782 0.000311311 
681.873 883.146 219.628 16.6596 0.0216395 -1.09476 0.422751 0.000275562 
681.867 883.154 219.629 16.6585 0.0224679 -1.09476 0.420705 0.000242648 
681.861 883.162 219.63 16.6574 0.0232909 -1.09476 0.418646 0.000212454 
681.856 883.171 219.63 16.6564 0.0241082 -1.09476 0.416573 0.000184864 
681.85 883.179 219.631 16.6553 0.0249199 -1.09475 0.414486 0.000159765 
681.844 883.187 219.631 16.6542 0.025726 -1.09475 0.412385 0.00013704 
681.838 883.196 219.632 16.653 0.0265264 -1.09475 0.41027 0.000116572 
681.832 883.204 219.633 16.6519 0.0273211 -1.09475 0.408142 9.82463e-05 
681.826 883.212 219.634 16.6508 0.0281101 -1.09475 0.406 8.19451e-05 
681.821 883.22 219.634 16.6496 0.0288932 -1.09475 0.403845 6.75513e-05 
681.815 883.229 219.635 16.6485 0.0296705 -1.09475 0.401677 5.49473e-05 
681.809 883.237 219.636 16.6473 0.030442 -1.09475 0.399495 4.40153e-05 
681.803 883.245 219.637 16.6462 0.0312075 -1.09475 0.397301 3.46371e-05 
681.797 883.254 219.637 16.645 0.0319671 -1.09475 0.395094 2.66943e-05 
681.791 883.262 219.638 16.6438 0.0327208 -1.09475 0.392874 2.00683e-05 
681.785 883.27 219.639 16.6426 0.0334684 -1.09475 0.390641 1.46401e-05 
681.78 883.279 219.64 16.6414 0.03421 -1.09475 0.388396 1.02908e-05 
681.774 883.287 219.641 16.6402 0.0349455 -1.09475 0.386138 6.90106e-06 
681.768 883.295 219.641 16.639 0.0356749 -1.09475 0.383868 4.35154e-06 
681.762 883.303 219.642 16.6378 0.0363982 -1.09475 0.381587 2.52273e-06 
681.756 883.312 219.643 16.6365 0.0371153 -1.09475 0.379293 1.295e-06 
681.75 883.32 219.644 16.6353 0.0378262 -1.09475 0.376987 5.48661e-07 
681.745 883.328 219.645 16.634 0.0385309 -1.09475 0.374669 1.6393e-07 
681.739 883.337 219.646 16.6328 0.0392293 -1.09475 0.37234 2.09897e-08 
681.733 883.345 219.647 16.6315 0.0399214 -1.09475 0.369 0 
681.733 883.345 219.647 16.6315 0.0399214 -1.09475 0.369 0 
675.738 891.893 220.605 15.3264 0.742981 -1.09441 -0.188296 -0.316723 
671.405 900.447 234.239 5.00053 -0.287504 -1.40881 0.630777 -0.2542 
682.803 903.336 229.645 9.32851 -0.855409 -1.66128 0.864345 -0.199197 
688.002 901.691 214.718 20.7315 -0.0470581 -1.85926 -0.153196 -0.152578 
675.944 896.501 213.994 20.55 -0.0460452 -2.01108 -0.141717 -0.114271 
664.118 888.58 213.293 20.3669 -0.045129 -2.12494 -0.130108 -0.0834183 
652.53 878.613 212.614 20.1835 -0.0442479 -2.20823 -0.118469 -0.0588634 
641.179 867.148 211.956 20.0003 -0.0433719 -2.26718 -0.106837 -0.0394956 
630.068 854.624 211.319 19.8173 -0.0424836 -2.30693 -0.0952225 -0.0242872 
619.196 841.384 210.704 19.6344 -0.0415871 -2.33159 -0.0836149 -0.0124648 
608.565 827.701 210.109 19.4515 -0.0406904 -2.34453 -0.0720053 -0.00332317 
598.175 813.785 209.537 19.2685 -0.039796 -2.34839 -0.0603925 0.00364709 
588.028 799.8 208.985 19.0855 -0.0389028 -2.34532 -0.0487786 0.00893568 
578.125 785.869 208.455 18.9025 -0.0380098 -2.337 -0.0371649 0.0128711 
568.466 772.088 207.946 18.7195 -0.0371164 -2.32476 -0.0255517 0.0157241 
559.052 758.526 207.459 18.5365 -0.0362228 -2.30968 -0.0139387 0.0177094 
549.884 745.236 206.992 18.3536 -0.0353291 -2.29262 -0.00232573 0.0190426 
540.962 732.252 206.548 18.1706 -0.0344355 -2.27422 0.00928736 0.0198261 
532.288 719.599 206.124 17.9876 -0.0335419 -2.25502 0.0209005 0.0201728 
523.863 707.29 205.722 17.8046 -0.0326484 -2.23547 0.0325136 0.0201528 
515.686 695.333 205.341 17.6216 -0.0317548 -2.21592 0.0441267 0.0198465 
507.759 683.727 204.982 17.4386 -0.0308611 -2.19667 0.0557398 0.0193024 
500.083 672.467 204.644 17.2556 -0.0299674 -2.17794 0.0673529 0.0185967 
492.659 661.543 204.327 17.0727 -0.0290738 -2.1599 0.078966 0.0177691 
485.486 650.944 204.031 16.8897 -0.0281808 -2.14267 0.0905791 0.0168252 
478.566 640.654 203.757 16.7067 -0.0272882 -2.12636 0.102192 0.0158029 
471.9 630.657 203.504 16.5237 -0.0263947 -2.11106 0.113805 0.014719 
465.488 620.935 203.273 16.3408 -0.0254981 -2.09682 0.125418 0.0136017 
459.331 611.468 203.063 16.1577 -0.0245987 -2.08368 0.137032 0.0124669 
453.431 602.238 202.874 15.9747 -0.0237039 -2.07167 0.148645 0.0113477 
447.787 593.223 202.707 15.7916 -0.0228268 -2.06075 0.160258 0.0102296 
442.4 584.405 202.561 15.6087 -0.0219678 -2.05094 0.171871 0.00913639 
437.272 575.762 202.435 15.4263 -0.0210861 -2.04221 0.183484 0.00809083 
432.401 567.277 202.331 15.244 -0.0201041 -2.03451 0.195097 0.00709159 
427.79 558.929 202.249 15.0604 -0.0190081 -2.0278 0.20671 0.00614666 
423.439 550.702 202.193 14.8741 -0.01802 -2.02202 0.218323 0.00526211 
419.354 542.579 202.159 14.6869 -0.0175968 -2.01712 0.229936 0.00444245 
415.538 534.544 202.139 14.5067 -0.0178811 -2.01302 0.241549 0.0036915 
411.981 526.582 202.119 14.3422 -0.017678 -2.00967 0.253162 0.00301193 
408.66 518.68 202.107 14.185 -0.0143085 -2.007 0.264775 0.00240513 
405.564 510.826 202.16 13.9909 -0.00660087 -2.00492 0.276389 0.00187133 
402.747 503.009 202.357 13.7049 -0.00092824 -2.00338 0.288002 0.00140997 
400.346 495.219 202.665 13.3656 -0.012898 -2.00229 0.299615 0.00101947 
398.45 487.449 202.767 13.2206 -0.0512133 -2.00159 0.311227 0.000697419 
396.781 479.691 202.185 13.6074 -0.0822362 -2.00121 0.322839 0.000440467 
394.544 471.94 201.033 14.3639 -0.0155521 -2.00108 0.33445 0.000245498 
391.152 464.193 201.059 14.1106 0.209741 -2.00114 0.346063 0.000109145 
388.045 456.444 205.142 10.7964 0.418295 -2.00135 0.357676 2.81874e-05 
389.784 448.688 213.07 5.00874 0.0891834 -2.00165 0.369 0 
389.784 448.688 213.07 5.00874 0.0891834 -2.00165 0.369 0 
391.071 446.86 213.49 6.45615 0.0261581 -1.47981 0.482653 -6.91159e-12 
392.359 445.032 213.904 7.77981 0.00766788 -1.0781 0.480306 -4.94383e-12 
393.646 443.204 214.313 9.00692 0.00224767 -0.772148 0.477959 -3.54037e-12 
394.934 441.376 214.717 10.1483 0.000658916 -0.540736 0.475612 -2.53566e-12 
396.221 439.548 215.115 11.21 0.000193226 -0.366454 0.473265 -1.81523e-12 
397.508 437.72 215.508 12.1963 5.67247e-05 -0.235541 0.470918 -1.29857e-12 
398.796 435.893 215.895 13.1105 1.6714e-05 -0.137357 0.468571 -9.27936e-13 
400.083 434.065 216.277 13.9558 4.98618e-06 -0.0637911 0.466224 -6.62494e-13 
401.371 432.237 216.653 14.7354 1.54855e-06 -0.00870128 0.463878 -4.72392e-13 
402.658 430.409 217.024 15.4524 5.40901e-07 0.032538 0.461531 -3.36517e-13 
403.945 428.581 217.39 16.1103 2.45522e-07 0.0634021 0.459184 -2.39243e-13 
405.233 426.753 217.75 16.7122 1.58924e-07 0.0864979 0.456837 -1.70005e-13 
406.52 424.925 218.104 17.2619 1.33525e-07 0.103779 0.45449 -1.20593e-13 
407.807 423.097 218.453 17.7628 1.26066e-07 0.116709 0.452143 -8.54531e-14 
409.094 421.269 218.796 18.2184 1.23867e-07 0.126382 0.449796 -6.0319e-14 
410.382 419.441 219.134 18.6322 1.23212e-07 0.133618 0.447449 -4.26454e-14 
411.669 417.613 219.467 19.0074 1.23011e-07 0.139032 0.445102 -3.00026e-14 
412.956 415.785 219.793 19.3473 1.22943e-07 0.143081 0.442755 -2.11422e-14 
414.244 413.958 220.115 19.6548 1.22917e-07 0.14611 0.440408 -1.47712e-14 
415.531 412.13 220.43 19.9328 1.22903e-07 0.148375 0.438061 -1.02571e-14 
416.818 410.302 220.741 20.184 1.22894e-07 0.150068 0.435714 -7.26206e-15 
418.105 408.474 221.045 20.4107 1.22886e-07 0.151333 0.433367 -5.0627e-15 
419.393 406.646 221.344 20.6152 1.22881e-07 0.152277 0.43102 -3.50236e-15 
420.68 404.818 221.638 20.7997 1.22876e-07 0.15298 0.428673 -2.42193e-15 
421.967 402.99 221.925 20.9659 1.22872e-07 0.153502 0.426327 -1.57833e-15 
423.254 401.162 222.208 21.1156 1.22868e-07 0.153887 0.42398 -1.07873e-15 
424.542 399.334 222.484 21.2504 1.22866e-07 0.154167 0.421633 -7.68989e-16 
425.829 397.506 222.755 21.3717 1.22864e-07 0.154368 0.419286 -4.67801e-16 
427.116 395.678 223.021 21.4807 1.22862e-07 0.154505 0.416939 -3.06861e-16 
428.403 393.85 223.28 21.5788 1.22861e-07 0.154589 0.414592 -1.57861e-16 
429.691 392.023 223.535 21.6668 1.22861e-07 0.15463 0.412245 -2.88436e-17 
430.978 390.195 223.783 21.7457 1.2286e-07 0.154629 0.409898 3.34139e-17 
432.265 388.367 224.026 21.8165 1.2286e-07 0.154587 0.407551 8.57456e-17 
433.552 386.539 224.263 21.8798 1.22861e-07 0.1545 0.405204 1.97593e-16 
434.839 384.711 224.495 21.9364 1.22861e-07 0.15436 0.402857 2.05544e-16 
436.127 382.883 224.721 21.9868 1.22862e-07 0.154157 0.40051 2.18359e-16 
437.414 381.055 224.941 22.0316 1.22863e-07 0.153872 0.398163 3.04186e-16 
438.701 379.227 225.155 22.0714 1.22865e-07 0.153481 0.395816 3.26532e-16 
439.988 377.399 225.364 22.1064 1.22866e-07 0.152951 0.393469 3.59464e-16 
441.275 375.571 225.568 22.1372 1.22866e-07 0.152238 0.391122 3.80448e-16 
442.562 373.743 225.765 22.164 1.22863e-07 0.15128 0.388776 4.02388e-16 
443.85 371.915 225.957 22.1871 1.22849e-07 0.149996 0.386429 3.99005e-16 
445.137 370.088 226.143 22.2068 1.22795e-07 0.148277 0.384082 3.61334e-16 
446.424 368.26 226.324 22.2233 1.2261e-07 0.145976 0.381735 3.25867e-16 
447.711 366.432 226.498 22.2368 1.21972e-07 0.142899 0.379388 2.74007e-16 
448.998 364.604 226.667 22.2475 1.1979e-07 0.138783 0.377041 2.01731e-16 
450.286 362.776 226.831 22.2553 1.12342e-07 0.13328 0.374694 1.19577e-16 
451.573 360.948 226.988 22.2605 8.69255e-08 0.12592 0.372347 4.22114e-17 
452.86 359.12 227.14 22.2631 2.09999e-10 0.11608 0.369 0 
452.86 359.12 227.14 22.2631 2.09999e-10 0.11608 0.369 0 
445.757 374.423 227.179 21.5471 0.83925 0.116693 -0.159657 -0.260118 
439.022 389.73 234.843 15.2923 0.891621 -0.013148 -0.126476 -0.234598 
436.964 403.857 243.073 9.03249 0.450818 -0.130239 0.0233229 -0.211218 
439.684 416.917 247.394 6.12538 -0.320286 -0.235642 0.613156 -0.18983 
444.736 429.019 244.762 8.47639 -0.533737 -0.330347 0.709285 -0.170317 
448.069 440.263 240.16 12.1232 -0.412585 -0.415298 0.557166 -0.152553 
448.645 450.739 236.603 14.7791 -0.185428 -0.491374 0.327311 -0.136412 
447.183 460.526 235.069 15.8022 -0.0439028 -0.559386 0.206984 -0.121767 
444.924 469.697 234.804 15.836 0.0209829 -0.62008 0.171377 -0.108497 
442.623 478.317 235.127 15.4343 0.0398357 -0.674144 0.175096 -0.0964881 
440.616 486.446 235.627 14.9247 0.0289969 -0.722205 0.197664 -0.0856302 
438.991 494.139 236.036 14.5109 0.00505553 -0.764839 0.225608 -0.0758228 
437.677 501.445 236.233 14.2758 -0.0163201 -0.802569 0.248265 -0.0669727 
436.542 508.409 236.241 14.1929 -0.0269792 -0.835875 0.260874 -0.0589942 
435.469 515.07 236.152 14.1835 -0.0275558 -0.865192 0.265313 -0.0518093 
434.4 521.465 236.059 14.1769 -0.0229189 -0.890916 0.266251 -0.0453467 
433.334 527.627 236.008 14.1383 -0.0176313 -0.91341 0.267434 -0.039542 
432.294 533.585 236.005 14.065 -0.0141159 -0.933 0.270539 -0.0343367 
431.307 539.365 236.036 13.9705 -0.0127321 -0.949987 0.275642 -0.0296777 
430.388 544.991 236.08 13.87 -0.012569 -0.964645 0.282039 -0.0255171 
429.543 550.484 236.127 13.7717 -0.0123771 -0.977221 0.288865 -0.0218111 
428.771 555.863 236.177 13.6753 -0.0113802 -0.987943 0.295447 -0.0185204 
428.069 561.144 236.238 13.5749 -0.00976878 -0.997019 0.301413 -0.0156087 
427.44 566.343 236.315 13.4671 -0.00871044 -1.00464 0.306678 -0.013043 
426.892 571.473 236.403 13.3561 -0.00980167 -1.01097 0.311372 -0.0107931 
426.425 576.545 236.483 13.2574 -0.0140536 -1.01618 0.315785 -0.00883109 
426.033 581.57 236.526 13.1921 -0.0207643 -1.02041 0.320299 -0.00713116 
425.69 586.557 236.508 13.1752 -0.0268982 -1.02379 0.325279 -0.00566934 
425.36 591.512 236.436 13.1996 -0.0276727 -1.02643 0.330905 -0.00442324 
425.011 596.444 236.356 13.2257 -0.0187171 -1.02845 0.337001 -0.00337191 
424.64 601.358 236.356 13.186 0.000644836 -1.02994 0.342976 -0.00249563 
424.295 606.258 236.533 13.0126 0.0244817 -1.031 0.347964 -0.00177583 
424.074 611.148 236.929 12.6829 0.0399176 -1.0317 0.351215 -0.00119497 
424.098 616.032 237.47 12.2648 0.0312586 -1.0321 0.352614 -0.000736449 
424.436 620.912 237.938 11.9307 -0.0113407 -1.03227 0.35303 -0.000384569 
425.034 625.79 238.025 11.9102 -0.0816371 -1.03227 0.354107 -0.000124504 
425.661 630.669 237.474 12.3757 -0.151483 -1.03214 0.35736 5.77229e-05 
425.953 635.548 236.282 13.2945 -0.176168 -1.03191 0.363162 0.000175237 
425.559 640.431 234.854 14.327 -0.11376 -1.03163 0.370372 0.000240292 
424.377 645.316 233.976 14.8648 0.0464891 -1.03131 0.376717 0.000264248 
422.76 650.205 234.545 14.2622 0.259847 -1.03098 0.380068 0.00025753 
421.552 655.096 237.058 12.2212 0.423669 -1.03066 0.37948 0.000229573 
421.844 659.989 241.087 9.17035 0.409526 -1.03035 0.374814 0.00018876 
424.429 664.883 245.032 6.39935 0.127003 -1.03007 0.364804 0.000142376 
429.152 669.778 246.454 5.74626 -0.404219 -1.0298 0.357234 9.66132e-05 
434.472 674.675 243.066 8.8015 -0.996145 -1.02955 0.361614 5.65245e-05 
437.617 679.576 234.263 15.7601 -1.31322 -1.02931 0.366162 2.58428e-05 
435.6 684.483 222.483 24.4939 -1.02267 -1.02909 0.371452 6.75257e-06 
426.968 689.397 213.212 30.7039 0.0225705 -1.02887 0.369 0 
426.968 689.397 213.212 30.7039 0.0225705 -1.02887 0.369 0 
418.994 692.31 213.361 29.7957 0.897239 -1.02827 -0.188388 0.154794 
411.327 695.227 218.338 25.3886 1.26005 -0.978178 -0.176776 0.165591 
405.621 698.418 225.354 19.7671 1.4 -0.92446 -0.165152 0.16633 
402.459 701.903 233.19 13.7578 1.27292 -0.870355 -0.15355 0.159329 
402.052 705.684 240.379 8.49436 0.824734 -0.818374 -0.141938 0.145399 
404.097 709.749 245.145 5.29606 0.114251 -0.77078 0.644515 0.126584 
407.686 714.076 246.024 5 0.0398699 -0.729188 0.75308 0.116541 
411.424 718.632 246.495 5 0.0398708 -0.690751 0.753079 0.106758 
415.167 723.399 246.967 5 0.0398707 -0.655396 0.753079 0.0977864 
418.916 728.362 247.438 5 0.0398707 -0.62287 0.753079 0.089522 
422.67 733.503 247.91 5 0.0398707 -0.592951 0.753079 0.0819117 
426.429 738.81 248.381 5 0.0398707 -0.565434 0.753079 0.0749031 
430.193 744.268 248.853 5 0.0398707 -0.540133 0.753079 0.0684482 
433.963 749.866 249.324 5 0.0398707 -0.516872 0.753079 0.0625024 
437.738 755.591 249.796 5 0.0398707 -0.495493 0.753079 0.0570249 
441.519 761.435 250.268 5 0.0398707 -0.475849 0.753079 0.051978 
445.304 767.387 250.739 5 0.0398707 -0.457806 0.753079 0.0473271 
449.095 773.438 251.211 5 0.0398707 -0.441239 0.753079 0.0430405 
452.892 779.58 251.682 5 0.0398708 -0.426034 0.753078 0.0390892 
456.693 785.807 252.154 5 0.0398699 -0.412086 0.753094 0.0354466 
460.5 792.11 252.625 5 0.0398822 -0.399298 0.752882 0.0320886 
464.312 798.484 253.097 5 0.0397198 -0.387582 0.755681 0.028993 
468.129 804.922 253.568 5 0.0418621 -0.376854 0.718757 0.02614 
471.952 811.419 254.05 5 0.0135995 -0.367039 0.603175 0.023511 
475.783 817.97 254.377 5.14661 -0.10961 -0.358067 0.762345 0.0194995 
479.566 824.571 254.024 5.76578 -0.0933552 -0.350467 0.74604 0.0149649 
483.07 831.214 253.754 6.29854 -0.0583031 -0.344471 0.729734 0.0106704 
486.333 837.891 253.673 6.66918 -0.00908763 -0.340034 0.713428 0.00715079 
489.425 844.591 253.86 6.82414 0.0457359 -0.336903 0.697122 0.00466099 
492.445 851.309 254.348 6.74766 0.094872 -0.334714 0.680816 0.00319687 
495.498 858.04 255.107 6.47189 0.126275 -0.333084 0.66451 0.00256589 
498.679 864.779 256.042 6.07833 0.129657 -0.331686 0.648204 0.00247952 
502.043 871.525 256.999 5.68869 0.0990516 -0.330289 0.631898 0.00264093 
505.593 878.279 257.791 5.44532 0.0348834 -0.328774 0.615592 0.00280984 
509.266 885.042 258.231 5.48368 -0.0549933 -0.327123 0.599285 0.00283639 
512.937 891.813 258.175 5.90143 -0.155704 -0.325384 0.582979 0.00266525 
516.435 898.594 257.561 6.73038 -0.247374 -0.323647 0.566673 0.0023173 
519.569 905.386 256.434 7.91784 -0.308595 -0.322004 0.550367 0.00185948 
522.174 912.186 254.96 9.3233 -0.320849 -0.32053 0.534061 0.00137318 
524.143 918.995 253.406 10.7336 -0.273075 -0.319271 0.517755 0.000928907 
525.466 925.812 252.102 11.897 -0.165408 -0.31824 0.501449 0.000571656 
526.25 932.634 251.381 12.5712 -0.0111311 -0.317422 0.485143 0.000317295 
526.712 939.462 251.505 12.5783 0.163916 -0.316781 0.468837 0.00015766 
527.152 946.293 252.593 11.8552 0.324777 -0.316276 0.45253 7.03527e-05 
527.906 953.126 254.574 10.4877 0.433425 -0.315863 0.436224 2.91616e-05 
529.273 959.962 257.166 8.71774 0.456558 -0.315504 0.419918 1.19966e-05 
531.448 966.799 259.901 6.91832 0.373722 -0.315172 0.403612 4.7647e-06 
534.457 973.636 262.195 5.53478 0.184068 -0.31485 0.387306 1.22021e-06 
538.123 980.476 263.457 5 -0.0899998 -0.31453 0.369 0 
538.123 980.476 263.457 5 -0.0899998 -0.31453 0.369 0 
543.158 986.777 261.741 5 -0.294867 0.597593 1.15369 0.0781056 
548.202 998.646 258.774 5.0006 -0.293825 1.15631 1.13739 0.0522455 
553.212 1013.93 255.813 5.00074 -0.292897 1.50469 1.12108 0.0327434 
558.187 1031.33 252.858 5.00095 -0.291991 1.71815 1.10477 0.0175396 
563.127 1050.04 249.909 5.00134 -1.04111 1.83345 1.08847 0.00550486 
568.123 1069.45 242.387 8.48496 -1.39953 1.87121 1.07216 -0.00416641 
571.366 1089.1 232.643 13.4989 -1.39965 1.84378 1.05586 -0.0117654 
572.038 1108.57 222.85 18.3184 -1.39954 1.76098 1.03955 -0.0174917 
570.233 1127.55 213.01 22.95 -1.09739 1.63178 1.02324 -0.0215135 
566.005 1145.74 204.969 25.9987 -0.517202 1.46499 1.00694 -0.0240417 
560.115 1162.91 200.439 26.2361 -0.513133 1.26909 0.990632 -0.0253262 
554.052 1178.88 195.932 26.4495 -0.510456 1.05191 0.974326 -0.0256342 
547.829 1193.54 191.44 26.6464 -0.510377 0.820246 0.95802 -0.025223 
541.453 1206.77 186.946 26.8395 -0.513798 0.579686 0.941713 -0.0243189 
534.927 1218.54 182.429 27.0452 -0.520904 0.334558 0.925407 -0.0231035 
528.245 1228.81 177.867 27.2802 -0.530935 0.0880583 0.909101 -0.0217104 
521.392 1237.58 173.241 27.5567 -0.542179 -0.157534 0.892795 -0.02023 
514.348 1244.85 168.544 27.8789 -0.552218 -0.400598 0.876489 -0.0187188 
507.088 1250.63 163.782 28.2392 -0.558423 -0.639935 0.860183 -0.0172103 
499.594 1254.96 158.979 28.6185 -0.558613 -0.874586 0.843877 -0.0157252 
491.854 1257.85 154.171 28.9879 -0.551738 -1.10372 0.827571 -0.0142788 
483.873 1259.34 149.402 29.3151 -0.538418 -1.32662 0.811264 -0.0128846 
475.671 1259.47 144.71 29.5718 -0.521141 -1.54264 0.794958 -0.0115561 
467.282 1258.29 140.122 29.7425 -0.50401 -1.75131 0.778652 -0.0103061 
458.751 1255.83 135.637 29.8312 -0.492 -1.95235 0.762346 -0.00914487 
450.119 1252.14 131.223 29.865 -0.489814 -2.14568 0.74604 -0.00807919 
441.416 1247.28 126.823 29.8917 -0.500556 -2.33144 0.729734 -0.00711132 
432.646 1241.28 122.357 29.9716 -0.524543 -2.50996 0.713428 -0.00623915 
423.785 1234.19 117.744 30.1642 -0.558602 -2.68167 0.697122 -0.00545702 
414.776 1226.05 112.922 30.5116 -0.596151 -2.84708 0.680815 -0.00475691 
405.542 1216.9 107.866 31.024 -0.628205 -3.00669 0.664509 -0.00412979 
395.999 1206.78 102.61 31.6692 -0.645267 -3.16094 0.648203 -0.00356681 
386.077 1195.72 97.2433 32.3724 -0.639762 -3.31017 0.631897 -0.00305996 
375.744 1183.74 91.9034 33.0265 -0.608499 -3.45457 0.615591 -0.00260253 
365.022 1170.89 86.748 33.5137 -0.554507 -3.59419 0.599285 -0.00218906 
353.991 1157.18 81.9173 33.7353 -0.487594 -3.72891 0.582979 -0.00181519 
342.783 1142.65 77.4929 33.6416 -0.423219 -3.85838 0.566673 -0.00147743 
331.559 1127.34 73.4624 33.2572 -0.379587 -3.98197 0.550366 -0.00117298 
320.468 1111.26 69.702 32.6898 -0.373368 -4.09868 0.53406 -0.000899749 
309.607 1094.48 65.9851 32.1205 -0.414869 -4.20695 0.517754 -0.000656473 
298.983 1077.03 62.0204 31.7709 -0.503858 -4.30444 0.501448 -0.00044299 
288.492 1058.99 57.516 31.8529 -0.627287 -4.38768 0.485142 -0.000260513 
277.921 1040.44 52.2573 32.5092 -0.75995 -4.45167 0.468836 -0.000111781 
266.98 1021.5 46.1825 33.7599 -0.868573 -4.48924 0.45253 -8.25372e-07 
255.367 1002.33 39.4324 35.4697 -0.918959 -4.49037 0.436224 6.79618e-05 
242.84 983.149 32.358 37.3499 -0.88498 -4.4413 0.419917 9.19823e-05 
229.304 964.274 25.4726 39.0018 -0.757393 -4.32367 0.403611 7.44564e-05 
214.86 946.117 19.3498 40 -0.550066 -4.11379 0.387305 2.16109e-05 
199.83 929.241 14.4828 40 0.543066 -3.88119 0.369 0 
