grtopM_102_4
50
2 2
12 12 
0 9 7 5 2 1 10 8 3 4 6 12 
0 9 7 5 2 1 10 8 3 4 6 12 
0.0757432 71.106 269.458 206.122 2138.43 101.947 753.406 4.16325e-12 86.3776 49.3649 96.0826 
111671 97.1419 268.239 31.0938 73.6109 0 38.8076 60.3389 100.108 53.6556 108.137 
0.00154578 1.45114 5.49915 4.20656 43.6414 2.08056 15.3756 8.49642e-14 1.76281 1.00745 1.96087 
2279 1.98249 5.47426 0.634567 1.50226 0 0.791992 1.23141 2.04302 1.09501 2.20688 
1800.57 0.457768 4.28033 21.8021 785.428 0.886372 271.599 1985.59 0.451566 0.438691 1.22108 
1.45146e-06 0.67496 4.25659 0.912095 3.557 56.4675 1.44902e-06 1.68956 0.781277 0.476805 1.08967 
3009.34 4652.19 1987.77 21.0592 0.552139 0 0.126074 0 
4809.91 4366.77 2121.74 5.14484 1.4 2.92939 1.14872 0.000899978 
6610.56 4760.34 1511.39 5.54525 1.4 6.08433 1.12743 0.00078183 
7960.16 5501.27 817.458 5 1.4 6.28 -0.180098 0 
9374.58 4897.56 74.0199 5 -1.39999 -6.28 -0.173463 0 
10907.1 4688.11 0.001 40 -1.4 -6.28 -0.166829 0 
11110.7 4519.09 0.001 40 -1.4 -6.28 -0.160195 0 
11110.7 4350.07 0.001 40 -1.4 -6.28 -0.153561 0 
11110.7 4181.05 0.001 40 -1.4 -6.28 -0.146927 0 
11110.7 4012.03 0.001 40 -1.4 -6.28 -0.140293 0 
11110.7 3843.01 0.001 40 -1.4 -6.28 -0.133658 0 
10887 3674 0.00100096 40 -1.4 -6.28 -0.127024 0 
11110.7 3504.98 28.13 39.9999 -1.4 -6.26216 -0.12039 0 
11110.7 3234.34 214.077 5 -1.4 -6.28 -0.113756 0 
11110.7 3668.69 212.668 5 -1.4 -6.28 -0.107122 0 
11110.7 3771.14 223.873 5 -1.4 -6.28 -0.100488 0 
11110.7 3706.29 322.21 5 -1.4 -6.28 -0.0938533 0 
11110.7 3641.45 337.602 5 -1.4 -6.28 -0.0872192 0 
10956.2 3576.6 354.666 5 -1.4 -6.28 -0.080585 0 
9822.21 3511.76 368.395 5 -1.4 -6.08432 -0.0739508 -0.000335252 
9641.58 3446.92 633.372 5 -1.4 6.08433 -0.0673167 0 
10158.1 3382.07 1091.6 5 -1.4 6.27999 -0.0606825 0 
11110.7 3317.23 1408.93 5 -1.4 6.28 -0.00677254 0 
11110.7 3252.38 1351.7 5 -1.4 6.28 0.246419 0 
11110.7 3187.54 1294.35 5 -1.4 6.28 0.498241 0 
11110.7 3122.69 1236.99 5 -1.4 6.28 0.637895 0 
11110.7 3057.85 1061.62 5 -1.4 6.08433 0.616611 0.000351269 
11110.7 2993 175.966 5 -1.4 -6.08433 0.595327 0 
11110.7 2928.16 0.001 5 -1.4 -6.28 -0.0142434 0 
10876.4 2677.14 300.485 5 1.4 -6.28 -0.00760919 -0.429163 
11110.7 3252.67 814.881 5 0.837314 6.08433 -0.000975023 -0.407755 
10333.4 3611.7 0.00100002 5 -1.4 -6.27608 0.00565914 0 
9320.01 3245.08 0.00100002 5 -1.4 6.28 0.0122933 0 
8830.2 3035.62 0.00100005 5 -1.4 -3.54277 0.0189275 0 
7908.73 2826.16 0.00100006 5 -1.4 -3.55049 0.0255616 0 
6994.14 2616.7 0.00100005 5 -1.4 -3.54508 0.0321958 0 
6079.74 2407.24 0.00100003 5 -1.4 4.25801 0.03883 0 
5461.03 2197.78 0.00100001 5 -1.4 -6.27999 0.0454641 0 
4442.95 1988.32 0.00100002 5 -1.4 -6.27998 0.0520983 0 
3424.84 1778.86 0.00100003 5 -1.4 -6.27998 0.0587325 0 
2390.28 1569.4 0.00100003 5 -1.4 -6.27998 0.0653666 0 
625.428 1203.33 0.00100003 5 -1.4 6.27999 0.0720008 0 
2048.82 1561.59 0.00100036 5 1.4 6.27998 0.078635 0 
3489.27 2137.11 0.00100005 5 -1.4 6.27999 0.0852691 0 
4929.7 1886.42 0.00100006 5 -1.4 0.785503 0.0919033 0 
3387.68 1821.58 0.00100007 5 -1.4 -0.821767 0.0985375 0 
2576.35 1756.73 0.00100008 5 -1.4 -6.28 0.105172 0 
1559.74 1608.13 0.00100009 5 1.4 -6.08433 0.111806 -8.24842e-05 
612.751 2183.65 6.03049 5 -1.4 3.87995 0.11844 0.000492275 
1355.86 1794.71 204.594 5 0.09 -6.08433 0.125074 0 
1355.86 1794.71 204.594 5 0.09 -6.08433 0.125074 0 
1366.15 1713.42 206.345 5 -1.4 -6.28 1.15369 0.0918608 
1377.04 1628.59 181.118 23.8088 -0.104564 -6.0629 -0.176776 1.00718 
1359.26 1547.71 178.8 23.6162 -0.0960028 -4.60038 -0.165163 0.985776 
1341.7 1493.31 176.643 23.3191 -0.0892567 -3.15821 -0.153551 -0.522516 
1324.5 1465.02 174.616 23.2151 -0.102208 -3.71547 -0.141939 -0.938756 
1307.38 1426.64 172.359 23.0323 -0.10131 -5.11413 -0.130327 0.893397 
1290.42 1362.94 170.122 22.8494 -0.100388 -3.79023 -0.118714 0.725987 
1273.66 1323.21 167.908 22.6661 -0.0994589 -2.80776 -0.107102 -0.877299 
1257.11 1301.27 165.716 22.4823 -0.0985887 -4.14269 -0.0954898 -0.85691 
1240.72 1255.16 163.545 22.299 -0.0978517 -5.45955 -0.0838776 -0.581479 
1224.5 1185.2 161.393 22.1178 -0.0971761 -6.27987 -0.0722653 0.143836 
1208.45 1100.39 159.258 21.9394 -0.0961846 -6.27998 -0.0606531 0.0818685 
1192.58 1015.57 157.146 21.7592 -0.0944069 -6.27994 -0.0490408 0.0736624 
1176.9 930.762 155.072 21.5664 -0.0921842 -6.21721 -0.0374286 0.747934 
1161.42 847.085 153.043 21.3565 -0.0916703 -5.0166 -0.0258163 0.38042 
1146.19 785.146 151.03 21.155 -0.0957709 -4.31507 -0.0142041 -0.684139 
1131.19 735.91 148.949 21.0245 -0.102944 -5.43634 -0.00259184 0.630457 
1116.29 666.371 146.741 20.9989 -0.100946 -4.40554 0.00902041 0.0713538 
1101.37 615.497 144.57 20.9395 -0.0719778 -4.25548 0.0206327 -0.314576 
1086.44 567.339 142.926 20.4788 -0.0224059 -4.8319 0.0322449 0.621524 
1072.09 508.744 142.192 20.2958 -0.0215119 -3.75477 0.0438571 0.600303 
1058 469.652 142.396 20.1129 -0.0206177 -2.69792 0.0554694 0.578929 
1044.19 449.696 142.621 19.9299 -0.0197232 -1.66165 0.0670816 0.557496 
1030.68 448.503 142.868 19.7469 -0.0188291 -0.646112 0.0786939 0.42987 
1017.45 465.698 143.136 19.5639 -0.0179361 0.0879376 0.0903061 -0.514745 
1004.51 496.183 143.425 19.381 -0.0170443 -0.883746 0.101918 -0.493363 
991.829 509.075 143.736 19.198 -0.0161515 -1.83474 0.113531 -0.471956 
979.411 504.747 144.069 19.0151 -0.015255 -2.76501 0.125143 -0.45057 
967.257 483.574 144.423 18.8321 -0.0143548 -3.67459 0.136755 -0.429163 
955.368 445.932 144.799 18.649 -0.0134598 -4.5634 0.148367 0.0336523 
943.745 392.197 145.196 18.4659 -0.0125862 -4.79569 0.15998 0.386347 
932.399 334.255 145.614 18.2831 -0.0117357 -3.95359 0.171592 0.364939 
921.345 291.561 146.053 18.1008 -0.0108582 -3.13232 0.183204 0.343531 
910.582 263.737 146.513 17.9187 -0.00985476 -2.33187 0.194816 0.322122 
900.112 250.406 146.997 17.735 -0.00870391 -1.55226 0.206429 0.300714 
889.937 251.191 147.507 17.5478 -0.0076854 -0.793521 0.218041 0.279306 
880.062 265.714 148.04 17.3595 -0.00738857 -0.0556534 0.229653 0.257898 
870.49 293.597 148.585 17.1799 -0.00800765 0.661324 0.241265 0.23649 
861.21 334.462 149.123 17.0208 -0.00800267 1.3574 0.252878 0.215082 
852.189 387.93 149.666 16.8712 -0.00388182 2.03255 0.26449 0.193673 
843.414 453.623 150.289 16.6731 0.005884 2.68676 0.276102 0.172265 
834.954 531.161 151.093 16.3547 0.0128749 3.32003 0.287714 0.150857 
826.993 620.165 152.034 15.9682 -0.00350868 3.93232 0.299327 0.129449 
819.641 720.256 152.689 15.8437 -0.0544318 4.52364 0.310939 0.108041 
812.52 831.053 152.426 16.4262 -0.0942128 5.09396 0.322551 0.0866326 
804.567 952.177 151.425 17.4786 -0.00183425 5.64327 0.334163 0.0652245 
795.026 1083.25 152.067 17.125 0.300502 6.17155 0.345776 0.00123209 
785.919 1223.89 158.193 12.639 0.567137 6.28 0.357388 -0.00129274 
783.447 1366.48 169.277 5 0.09 5.99103 0.369 0 
783.447 1366.48 169.277 5 0.09 5.99103 0.369 0 
829.115 1880.97 181.928 5 -0.510944 1.73148 1.15369 -0.998975 
877.114 2103.19 153.345 27.3195 0.394161 -6.27961 -0.176776 0.00507206 
796.79 1775.82 184.411 5 0.122701 -6.27153 0.427896 0.0236588 
843.823 1448.91 199.305 5 0.122701 -6.27993 0.427896 0.0229843 
892.904 1121.43 214.2 5 0.122701 -6.27991 0.427896 0.0641514 
944.033 793.938 229.094 5 0.122701 -6.27989 0.427896 0.0426062 
997.209 466.454 243.989 5 0.122701 -6.27981 0.427896 0.269331 
1052.43 138.974 258.883 5 0.122702 -3.54362 0.427896 0.0613273 
1109.85 -0.75982 273.778 5 0.122703 -1.51049 0.427896 0.000660024 
1169.43 -0.989681 288.672 5 0.122703 -1.5046 0.427896 -0.000105156 
1231.06 -0.814867 303.567 5 0.122703 -1.50758 0.427896 0.00056841 
1294.74 -0.844614 318.462 5 0.122703 -1.50758 0.427896 -0.000202467 
1360.46 -0.874454 333.356 5 0.122703 -1.51142 0.427896 0.000153734 
1428.23 -1.16769 348.251 5 0.122703 -1.50616 0.427896 -0.000134133 
1498.05 -1.10011 363.146 5 0.122703 -1.50762 0.427896 -0.000116279 
1569.91 -1.13268 378.04 5 0.122703 -1.50765 0.427896 0.000778227 
1643.83 -1.16775 392.935 5 0.122703 -1.50795 0.427896 1.21875e-05 
1719.79 -1.22305 407.83 5 0.122703 -1.50739 0.427896 -3.72168e-05 
1797.8 -1.23983 422.724 5 0.122703 -1.50813 0.427896 8.00399e-05 
1877.85 -1.30764 437.619 5 0.122704 -1.50814 0.427895 -4.64235e-06 
1959.96 -1.37613 452.513 5 0.122697 -1.50812 0.428 -1.61297e-05 
2044.11 -1.44295 467.408 5 0.123758 -1.50815 0.409722 -0.000343694 
2130.31 -1.51186 482.375 5 -0.0625802 -1.51738 0.794959 0.000888628 
2218.82 -2.21453 481.649 5 -0.0616342 -1.50069 0.778653 -0.000272596 
2307.23 -1.77172 475.334 5 -0.0606882 -1.50802 0.762347 -1.36192e-05 
2394.77 -1.83184 469.084 5 -0.0597421 -1.50817 0.746041 -8.08931e-06 
2481.45 -1.90223 462.9 5 -0.0587961 -1.50819 0.729735 -7.07356e-06 
2567.28 -1.9744 456.78 5 -0.0578501 -1.50818 0.713429 -5.37704e-06 
2652.27 -2.04597 450.725 5 -0.056904 -1.50814 0.697122 -1.33094e-06 
2736.42 -2.11427 444.735 5 -0.055958 -1.50796 0.680816 2.40499e-05 
2819.75 -2.17019 438.81 5 -0.055012 -1.5066 0.66451 2.34239e-05 
2902.26 -2.13298 432.95 5 -0.0540659 -1.50528 0.648204 4.72269e-05 
2983.97 -2.00496 427.155 5 -0.0531199 -1.50479 0.631898 -4.35017e-06 
3064.88 -1.84379 421.425 5 -0.0521739 -1.5045 0.615592 -0.000682223 
3144.99 -1.66291 415.76 5 -0.0512278 -1.54213 0.599286 0.000965017 
3224.33 -4.06393 410.159 5 -0.0502818 -1.48237 0.58298 -0.000276843 
3302.9 -2.3643 404.624 5 -0.0493358 -1.50209 0.566673 4.63328e-06 
3380.7 -2.01769 399.153 5 -0.0483897 -1.50105 0.550367 -0.000457586 
3457.76 -1.59992 393.747 5 -0.0474437 -1.5438 0.534061 0.000477945 
3534.06 -4.1153 388.406 5 -0.0464976 -1.49045 0.517755 -0.000115956 
3609.63 -2.97011 383.131 5 -0.0455516 -1.50528 0.501449 -2.81119e-05 
3684.48 -2.84228 377.92 5 -0.0446056 -1.50778 0.485143 -2.05827e-05 
3758.6 -2.88641 372.774 5 -0.0436596 -1.50823 0.468837 -0.00288813 
3832.02 -2.96111 367.692 5 -0.042714 -2.48639 0.452531 0.0271768 
3904.69 -70.153 362.676 5 -0.042967 1.42639 0.436224 0.0865956 
3976.87 131.133 357.643 5.0627 -0.0401535 6.04326 0.419918 0.00031242 
4048.28 649.209 352.795 5 -0.0679783 6.27601 0.403612 -8.60565e-06 
4119.41 1183.25 346.045 6.46727 -0.693844 6.27981 0.387306 -0.021888 
4182.4 1717.57 296.19 40 -0.09 2.27661 0.369 0 
4182.4 1717.57 296.19 40 -0.09 2.27661 0.369 0 
4045.12 1897.79 268.953 36.2405 1.05413 -4.90192 -0.188387 -0.115212 
3919.57 1704.4 331.388 7.83847 -1.24465 -5.97966 0.939404 -0.0340275 
3922.09 1452.29 245.698 36.909 -0.422532 -6.21768 0.509579 -0.00531523 
3793.21 1198.18 201.301 37.6451 -0.579453 -6.27982 0.493958 0.00165286 
3670.06 942.11 155.414 40 -0.430373 -6.27997 0.251842 0.000881417 
3526.71 673.214 117.29 36.8835 0.129314 -6.2796 0.103898 0.00925323 
3392.73 404.307 118.539 37.1776 0.0954479 -4.4536 0.00316534 0.0126357 
3257.28 252.362 132.982 38.4242 0.151804 -2.72813 -0.00985421 0.00421746 
3117.88 194.918 150.429 37.5176 0.143577 -2.39748 0.0205339 0.00106743 
2984.39 156.181 167.516 37.2003 0.133692 -2.40067 0.0292931 0.00125752 
2854.21 123.69 184.165 37.3919 0.134862 -2.36143 0.0288748 0.00044758 
2725.01 93.2525 200.898 37.4706 0.139535 -2.33038 0.0339556 0.00633793 
2597.29 62.8804 217.868 37.321 0.134059 -2.26612 0.0552207 0.00957391 
2472.05 35.8841 234.041 37.3966 0.0681092 -2.19842 0.0643328 0.0212492 
2349.53 12.5076 250.434 37.2519 0.345099 -1.97891 0.0812094 0.0310945 
2225.46 -1.42846 269.962 36.0186 0.137572 -1.79198 0.0934869 0.000452418 
2107.59 -1.33992 286.95 36.3128 0.758442 -1.79186 0.101843 0.000409625 
1991.51 -1.16247 347.017 6.17574 0.411839 -1.76945 0.088311 0.00518517 
2018.38 -1.19437 379.479 5.10953 0.39149 -1.34714 0.0851443 -4.22744e-05 
2070.85 -1.24753 412.556 5.39536 0.386384 -1.34229 0.0792888 -8.59106e-05 
2125.44 -1.33727 445.519 5.80401 0.39044 -1.34209 0.0638263 -6.4923e-05 
2181.54 -1.3992 478.117 5.9195 0.387311 -1.34186 0.0679291 -6.87762e-05 
2240.55 -1.42444 512.01 5.9683 0.38596 -1.34241 0.0761265 -8.03133e-05 
2302.73 -1.45501 544.777 5.96775 0.385393 -1.34296 0.0876896 -4.53053e-05 
2368.33 -1.49143 577.514 5.96358 0.386649 -1.34291 0.109378 -0.00018776 
2437.37 -1.50113 610.204 5.85846 0.381908 -1.3504 0.120201 -0.00171054 
2510.27 -1.89733 642.649 5.95666 0.382653 -1.3695 0.131023 0.00842344 
2586.15 -3.37572 676.119 5.92965 0.376559 -1.25026 0.141848 0.0384537 
2665.52 1.44935 708.368 5.94091 0.306294 -0.846821 0.188933 0.0176884 
2748.22 27.7229 737.435 6.24842 -0.0757107 -0.629105 0.474208 -0.0269858 
2832.95 67.3937 748.947 6.39595 -0.5285 -0.555833 0.612223 0.00363269 
2917.28 111.029 701.532 6.41944 -0.260445 -0.469347 0.598747 0.00378308 
2999.11 159.238 683.633 6.34043 -0.25918 -0.417627 0.585341 0.000221043 
3078.37 210.252 657.038 6.26925 -0.25634 -0.4124 0.571933 0.00248083 
3155.13 261.544 630.597 6.13872 -0.256917 -0.284777 0.558524 -7.29595e-05 
3229.66 319.532 604.136 6.10902 -0.325139 -0.346441 0.545115 0.00170671 
3301.52 381.107 577.746 6.06927 -0.324022 0.190128 0.531706 0.000485071 
3370.78 471.373 551.419 6.02936 -0.322923 0.714341 0.518297 0.00149283 
3437.46 590.121 525.155 5.99011 -0.321934 2.19834 0.504887 0.00371468 
3501.59 804.214 498.948 5.95572 -0.318246 6.27985 0.491478 8.04498e-05 
3563.28 1237.99 472.799 5.92333 -0.315861 6.27985 0.478068 1.29103e-05 
3622.34 1671.78 446.71 5.8909 -0.314812 6.27984 0.464659 -1.5227e-05 
3678.77 2105.56 420.681 5.85853 -0.315121 6.27993 0.451249 -0.000770585 
3732.59 2539.33 394.71 5.82725 -0.316752 6.16959 0.437839 -0.00170873 
3783.79 2955.17 368.799 5.79613 -0.315396 5.95608 0.42443 -0.000136677 
3832.38 3364.18 342.966 5.75148 -0.313476 5.90586 0.411019 -2.4978e-06 
3878.43 3770.4 317.311 5.67417 -0.322383 5.90611 0.396868 4.84325e-05 
3922.11 4176.62 307.781 6.03033 -1.24173 5.97807 0.383353 -0.000301522 
3962.1 4586.9 223.2 35.9179 0.00910121 0.229535 0.369 0 
3962.1 4586.9 223.2 35.9179 0.00910121 0.229535 0.369 0 
3725.34 4782.19 430.251 8.19994 0.800526 6.27989 0.112603 -0.374312 
4917.86 9841.93 1110.83 5 -1.39999 2.86978 1.13616 -1.0059 
7015.05 11473.9 573.987 5.00154 1.12356 -4.73848 1.11987 0.00493851 
7641.54 10533.3 505.224 7.0789 0.659316 -4.73885 -0.152331 0.00452406 
7779.43 9592.5 270.751 9.41836 0.347126 -4.73597 0.858225 0.00520025 
7771.27 8653.38 325.113 13.1527 0.83728 -5.16299 0.848482 0.00501182 
7635.5 7481.85 292.376 25.9975 0.871641 -6.08151 0.835649 0.00495361 
7491.31 4929.1 129.033 25.4864 0.883424 -6.17222 0.823137 0.125682 
7293.74 2202.63 108.628 24.0837 0.854487 -5.9017 0.81046 0.193145 
7042.4 -6.08022 96.5499 25.5325 0.856779 -0.716795 0.797869 -3.3018e-06 
6732.99 0.977925 84.4277 25.5036 0.856924 -2.49897 0.785455 1.45613e-05 
6386.27 0.699179 72.3732 25.4351 0.85865 -2.49898 0.773083 1.35787e-05 
6031.06 0.412258 61.2183 25.3686 0.861676 -2.49897 0.760605 1.28117e-05 
5667.96 0.12157 51.6233 25.3251 0.861825 -2.49897 0.748277 1.16386e-05 
5297.66 -0.171027 42.1092 25.2715 0.862753 -2.49899 0.736057 2.56028e-05 
4920.62 -0.469734 33.0786 25.2052 0.863559 -2.49871 0.72387 1.80104e-05 
4537.75 -0.631705 24.4798 25.1437 0.86442 -2.49856 0.711722 7.96829e-06 
4149.27 -0.72216 16.3364 25.0615 0.862592 -2.49861 0.699613 1.16108e-05 
3756.41 -0.836394 7.30234 25.9371 0.868395 -2.49859 0.687616 1.65591e-05 
3321.14 -0.907285 0.2836 20.5816 0.873644 -2.49837 0.675747 5.01805e-06 
3017.82 -1.03524 0.00254191 21.9264 0.8769 -2.49865 0.664004 3.75829e-05 
2723.57 -1.26342 0.00254192 20.5732 0.87473 -2.4982 0.652387 4.09809e-05 
2420.87 -1.33704 0.00254192 22.5829 0.87795 -2.49816 0.640895 7.32827e-05 
2100.74 -1.39066 0.00254193 17.6062 0.869972 -2.49772 0.629526 0.000136846 
1910.45 -1.52261 0.00254191 22.2222 0.87737 -2.49688 0.618276 0.000146407 
1602.9 -1.32938 0.00254191 16.7147 0.860236 -2.49587 0.607142 0.000139775 
1345.5 -1.12086 32.8383 9.55226 0.881135 -2.49483 0.596115 0.000126278 
1111.12 -0.937662 81.6749 22.7565 -0.916476 -2.49511 0.126238 0.000105329 
870.129 -0.781556 32.8341 20.5986 -0.917203 -2.4948 0.137843 0.000104249 
650.48 -0.792898 40.1117 5.00153 -0.937675 -2.49335 0.149447 0.000107753 
797.575 -0.848599 49.8499 5.00153 -0.93482 -2.49266 0.161051 9.38411e-05 
962.376 -0.822438 290.145 5.00154 -1.04718 -2.49196 0.172655 0.000128175 
1154.53 -0.690595 205.703 5.00153 -1.04786 -2.48982 0.184259 -0.000230303 
1365.74 0.314268 120.924 5.00153 -1.04853 -2.45817 0.195862 0.000192863 
1596.17 -1.2693 35.806 5.00152 -0.576741 -2.45463 0.207465 0.000262703 
1846.01 -1.42632 176.093 5.00153 -1.12806 -2.44819 0.581951 -0.00031202 
2115.55 1.29478 70.878 5.00152 -1.02562 -2.4564 0.29791 6.21016e-05 
2400.21 0.257405 108.277 5.00152 -0.940747 -2.45384 0.549363 -2.93258e-05 
2702.57 0.505474 97.9653 5.00152 -0.932789 -2.4912 0.310246 -4.30283e-05 
3013.39 0.774543 246.824 21.5858 1.23106 -2.52891 0.516782 -5.96908e-05 
3265.64 1.05806 265.275 21.4383 0.916212 -2.49311 0.500492 -0.000172875 
3351.32 1.40183 264.233 24.2166 0.909228 -2.49377 0.441472 0.000342699 
3374.22 1.941 257.747 25.0637 0.998403 -2.49631 0.431467 -0.0757528 
3428 10.5622 225.168 24.1597 1.21631 5.76636 0.430516 0.0118924 
3485.82 4790.89 304.464 24.5196 1.17367 5.76527 0.412657 -0.00101305 
3518.56 8402.64 158.978 26.9828 1.39873 2.66742 0.334999 -0.0643331 
3239.79 9925.4 178.105 38.1278 -0.979301 -5.39571 0.34657 0.0429738 
2498.79 8415.05 158.42 16.3132 -1.21541 -6.28 0.379525 0.00250985 
1886.68 5064.99 289.23 5.00155 0.0890692 -2.82754 0.369 0 
1886.68 5064.99 289.23 5.00155 0.0890692 -2.82754 0.369 0 
1903.04 5031.44 293.259 5 -0.870942 -2.0527 1.15369 1.02859 
1920.12 5018.01 272.366 21.2876 0.805826 0.309152 -0.176776 1.00718 
1901.42 5065.92 294.324 5 0.0746433 2.64267 0.616576 0.98577 
1918.17 5174.39 297.979 5 0.0746445 4.94792 0.616576 0.605915 
1935.16 5342.69 301.634 5 0.0746452 6.27999 0.616576 -0.0740413 
1952.36 5545.58 305.288 5 0.0746452 6.27998 0.616576 -0.321117 
1969.76 5748.47 308.943 5 0.074645 5.76562 0.616576 -0.900092 
1987.33 5938.01 312.597 5 0.0746438 3.59538 0.616576 -0.878668 
2005.05 6071.2 316.252 5 0.0746427 1.45365 0.616576 -0.857157 
2022.91 6148.8 319.907 5 0.0746416 -0.659291 0.616576 -0.832038 
2040.92 6171.54 323.561 5 0.0746405 -2.7343 0.616576 -0.7434 
2059.08 6140.42 327.216 5 0.0746395 -4.60358 0.616576 -0.663993 
2077.39 6060.77 330.87 5 0.0746387 -6.25772 0.616576 -0.00119765 
2095.86 5938.17 334.524 5 0.0746387 -6.26714 0.616576 0.000766344 
2114.51 5815.34 338.179 5 0.0746386 -6.26966 0.616576 0.0015411 
2133.36 5692.43 341.833 5 0.074639 -6.2709 0.61657 0.00437549 
2152.4 5569.5 345.488 5 0.0746147 -6.27165 0.616989 0.00304074 
2171.62 5446.54 349.142 5 0.076216 -6.27229 0.589388 0.0018128 
2191.04 5323.57 352.837 5 -0.0292512 -6.27233 0.860184 0.00181055 
2210.7 5200.6 352.921 5 -0.0283051 -6.27203 0.843878 0.00175066 
2230.36 5077.64 352.13 5 -0.0273591 -6.27248 0.827571 0.00176476 
2249.99 4954.66 351.364 5 -0.0264131 -6.27262 0.811265 0.00170549 
2269.57 4831.68 350.622 5 -0.025467 -6.27258 0.794959 0.00165062 
2289.12 4708.7 349.905 5 -0.024521 -6.27247 0.778653 0.00159585 
2308.62 4585.73 349.213 5 -0.023575 -6.27228 0.762347 0.00157177 
2328.09 4462.76 348.545 5 -0.0226289 -6.27199 0.746041 0.00533735 
2347.53 4339.79 347.901 5 -0.0216829 -6.27152 0.729735 0.00219137 
2366.93 4216.84 347.283 5 -0.0207369 -6.27076 0.713429 0.00140614 
2386.3 4093.91 346.688 5 -0.0197908 -6.26944 0.697122 0.00166409 
2405.64 3971.01 346.119 5 -0.0188448 -6.26677 0.680816 0.0036748 
2424.94 3848.18 345.573 5 -0.0178988 -6.25908 0.66451 0.0239593 
2444.22 3725.56 345.053 5 -0.0169527 -6.17137 0.648204 0.0249824 
2463.47 3605.21 344.557 5 -0.0160066 -6.05285 0.631898 0.0100249 
2482.7 3487.93 344.085 5 -0.0279438 -6.26864 0.615592 0.0586021 
2501.91 3365.05 343.304 5.25445 -0.0292911 -5.51727 0.599286 -0.0686482 
2520.56 3261.68 342.477 5.51116 -0.0305731 -6.27998 0.58298 -0.00466222 
2538.62 3138.51 341.606 5.76843 -0.0319096 -6.27999 0.566673 0.000410879 
2556.1 3015.35 340.69 6.02727 -0.0331587 -6.27999 0.550367 -4.93952e-05 
2573 2892.18 339.73 6.28567 -0.0339399 -6.27999 0.534061 0.000135984 
2589.31 2769.01 338.74 6.53447 -0.034374 -6.27999 0.517755 0.000500481 
2605.04 2645.84 337.728 6.76845 -0.0368324 -6.28 0.501449 0.0013356 
2620.25 2522.67 336.642 7.03008 -0.0449005 -6.27999 0.485143 0.000797166 
2634.85 2399.5 335.336 7.42548 -0.0516045 -6.27999 0.468837 0.000568759 
2648.57 2276.34 333.84 7.90509 -0.024087 -6.27999 0.452531 0.000105169 
2661.2 2153.17 333.037 7.77876 0.057312 -6.28 0.436224 5.22983e-05 
2674 2030 334.354 6.0848 0.041925 -6.28 0.419918 -0.00102972 
2690.41 1906.83 335.341 5 -0.452809 -6.28 0.403612 0.0437391 
2709.38 1783.66 323.53 13.8887 -1.4 -5.33583 0.387306 0.00181456 
2709.76 1685.02 286.76 40 -0.0746421 -5.36305 0.369 0 
2709.76 1685.02 286.76 40 -0.0746421 -5.36305 0.369 0 
2557.94 1229.26 0.001 16.4661 -0.942281 -6.28 -0.188388 0.0304032 
2117.65 54.0936 0.001 40 1.4 -3.21175 -0.176776 1.81904e-05 
1833.49 -0.307648 0.001 5 1.3837 -2.98852 -0.165162 3.22721e-05 
1561.04 -0.940561 0.00100035 40 1.4 -0.154388 1.10478 2.10944e-05 
750.932 -0.613273 47.4456 11.7956 1.4 -2.981 1.08847 0.000540638 
392.198 -0.311769 78.1263 40 0.523381 -2.07515 -0.130326 1.57328e-05 
-236.812 0.179702 0.0504567 5 1.4 -2.98611 1.05586 -1.74544e-07 
4.88019 0.0110979 59.1432 25.4261 -1.4 -0.534385 -0.107102 -1.32314e-07 
-5.21986 1.53468e-05 4.30073 5 -0.00506478 -1.31245 0.259288 -1.27091e-07 
2.93828e-05 1.04079e-05 1.081 5.52159 -0.0050849 -1.31245 0.263775 -1.23849e-07 
2.18829e-05 1.13628e-05 1.08104 5.52142 -0.00510253 -1.31245 0.268534 -1.20943e-07 
1.47545e-05 1.23192e-05 1.08105 5.52132 -0.00511733 -1.31245 0.273575 -1.18038e-07 
1.17008e-05 1.04208e-05 1.08106 5.52125 -0.0051287 -1.31245 0.278908 -1.15015e-07 
1.06893e-05 7.46828e-06 1.08106 5.52122 -0.00513594 -1.31245 0.284551 -1.11902e-07 
1.03658e-05 1.32707e-05 1.08106 5.52121 -0.005138 -1.31245 0.290546 -1.08647e-07 
1.02339e-05 1.23223e-05 1.08105 5.52123 -0.00513351 -1.31245 0.296946 -1.05259e-07 
1.01044e-05 9.47395e-06 1.08105 5.52128 -0.00512189 -1.31245 0.303722 -1.01695e-07 
1.02548e-05 1.52761e-05 1.08104 5.52138 -0.00510163 -1.31245 0.310907 -9.79936e-08 
1.02315e-05 7.46844e-06 1.08102 5.52149 -0.00507751 -1.31245 0.318039 -9.42113e-08 
1.02779e-05 1.52762e-05 1.08101 5.52162 -0.00505019 -1.31245 0.325018 -9.03134e-08 
1.03556e-05 7.46893e-06 1.081 5.52177 -0.00501935 -1.31245 0.331827 -8.63364e-08 
1.0438e-05 1.52756e-05 1.08098 5.52193 -0.00498464 -1.31245 0.338446 -8.22546e-08 
1.05293e-05 7.46854e-06 1.08096 5.5221 -0.00494568 -1.31245 0.344854 -7.81387e-08 
1.06353e-05 1.13724e-05 1.08095 5.5223 -0.00490206 -1.31245 0.351027 -7.39259e-08 
1.07599e-05 1.43257e-05 1.08093 5.52251 -0.00485332 -1.31245 0.356936 -6.96608e-08 
1.09056e-05 1.13727e-05 1.0809 5.52275 -0.004799 -1.31245 0.362552 -6.53594e-08 
1.10722e-05 8.41703e-06 1.08088 5.52302 -0.0047386 -1.31245 0.367843 -6.10273e-08 
1.12562e-05 1.52757e-05 1.08086 5.5233 -0.00467161 -1.31245 0.372773 -5.66868e-08 
1.14632e-05 1.04213e-05 1.08083 5.52362 -0.00459749 -1.31245 0.377307 -5.23508e-08 
1.17879e-05 1.2322e-05 1.0808 5.52396 -0.00451572 -1.31245 0.381409 -4.80465e-08 
1.27328e-05 7.46552e-06 1.08077 5.52432 -0.00442574 -1.31245 0.385041 -4.3779e-08 
1.61465e-05 1.23173e-05 1.08073 5.52471 -0.00432691 -1.31245 0.388169 -3.96103e-08 
2.72811e-05 1.13586e-05 1.08068 5.52508 -0.00421844 -1.31245 0.39075 -3.55554e-08 
5.84472e-05 1.13347e-05 1.08058 5.52542 -0.00409966 -1.31245 0.392716 -3.17026e-08 
0.000146766 1.4218e-05 1.08006 5.52595 -0.00397125 -1.31245 0.393889 -2.8135e-08 
0.000504104 1.09816e-05 1.07807 5.52873 -0.00399965 -1.31245 0.393658 -3.71808e-08 
-0.00292003 1.37011e-05 1.07919 5.57901 0.180151 -1.31241 0.359365 -1.17006e-05 
-5.8144 0.00465883 54.394 6.1019 0.331093 -1.3123 0.241389 -2.527e-05 
-16.0847 0.0128664 124.511 7.88411 0.255296 -1.3121 0.25291 -2.25886e-05 
-27.4519 0.0218799 185.808 9.01388 0.265956 -1.31198 0.264504 -5.25079e-06 
6.96765 -0.0087697 265.967 5 -0.612117 -2.98328 0.276111 8.05818e-05 
360.132 -0.28901 396.705 5.00023 -0.734187 -2.98361 0.287727 1.83243e-06 
763.847 -0.607665 532.938 5 -0.83595 -2.98016 0.468819 -7.00793e-07 
1220.77 -0.281821 649.661 5 1.30213 -2.63737 0.452521 -1.04724e-07 
1629.7 -0.0662632 678.933 5 1.4 -2.71177 0.436224 0.000204103 
2080 0.330739 682.891 7.84543 -1.4 4.44293 0.334163 0.00116497 
2560.22 1398.96 453.021 5 1.4 6.27622 0.345776 -6.64954e-05 
2964.1 3175.76 494.683 33.3936 0.0668339 6.28 0.357388 -0.000112136 
2478.38 4802.62 261.96 39.8302 -0.000126914 0.00496839 0.369 0 
2478.38 4802.62 261.96 39.8302 -0.000126914 0.00496839 0.369 0 
492.783 2817.03 0.0395069 5.03536 -7.45976e-10 -6.43752e-05 0.00057182 5.35777e-20 
1.86868e-08 831.435 0.0395042 5.03536 -4.63968e-17 -4.56523e-11 0.000623158 -2.67883e-20 
5.04488e-09 2.77775e-08 0.0395041 5.03536 -7.77751e-18 -1.00382e-16 0.000683502 -2.96208e-20 
5.04502e-09 5.2801e-09 0.0395041 5.03536 -9.51679e-18 -5.20965e-19 0.000755486 7.8493e-22 
5.04502e-09 5.28017e-09 0.0395041 5.03536 -1.17692e-17 -5.1984e-19 0.000842798 -2.34946e-20 
5.04502e-09 5.28017e-09 0.0395041 5.03536 -1.49105e-17 -5.29191e-19 0.000950662 -3.70923e-21 
5.04502e-09 5.28017e-09 0.0395041 5.03536 -1.93524e-17 -5.29889e-19 0.00108656 -2.81962e-20 
5.04502e-09 5.28017e-09 0.0395041 5.03536 -2.5655e-17 -5.27342e-19 0.00126141 1.28355e-21 
5.04502e-09 5.28017e-09 0.0395041 5.03536 -3.47121e-17 -5.25027e-19 0.00149154 2.40426e-20 
5.04502e-09 5.28017e-09 0.0395041 5.03536 -4.80951e-17 -5.2689e-19 0.00180306 -3.92254e-20 
5.04502e-09 5.28017e-09 0.0395041 5.03536 -6.93005e-17 -5.25054e-19 0.0022423 1.6036e-20 
5.04502e-09 5.28017e-09 0.0395041 5.03536 -1.07717e-16 -5.26343e-19 0.00290361 -3.75298e-20 
5.04502e-09 5.28017e-09 0.0395041 5.03536 -1.87592e-16 -5.25042e-19 0.00399707 -3.29814e-20 
5.04502e-09 5.28017e-09 0.0395041 5.03536 -3.65242e-16 -5.26995e-19 0.0059731 1.01768e-20 
5.04502e-09 5.28017e-09 0.0395041 5.03536 -7.26396e-16 -5.24489e-19 0.00959215 1.54544e-20 
5.04502e-09 5.28017e-09 0.0395041 5.03536 -1.29651e-15 -5.27133e-19 0.0155654 -1.53104e-20 
5.04502e-09 5.28017e-09 0.0395041 5.03536 -1.92499e-15 -5.24499e-19 0.0238617 -3.25124e-20 
5.04502e-09 5.28017e-09 0.0395041 5.03536 -2.78526e-15 -5.26639e-19 0.0348776 3.82241e-21 
5.04502e-09 5.28017e-09 0.0395041 5.03536 -2.93394e-15 -5.25444e-19 0.0463439 5.87133e-21 
5.04502e-09 5.28017e-09 0.0395041 5.03536 -2.93022e-15 -5.27506e-19 0.0578002 -2.36689e-21 
5.04502e-09 5.28017e-09 0.0395041 5.03536 -2.92615e-15 -5.24993e-19 0.0692457 9.13729e-21 
5.04502e-09 5.28017e-09 0.0395041 5.03536 -2.92185e-15 -5.25427e-19 0.08068 -2.21276e-21 
5.04502e-09 5.28017e-09 0.0395041 5.03536 -2.91745e-15 -5.25205e-19 0.0921028 -2.81165e-20 
5.04502e-09 5.28017e-09 0.0395041 5.03536 -2.91291e-15 -5.25017e-19 0.103514 1.70295e-21 
5.04502e-09 5.28017e-09 0.0395041 5.03536 -2.90843e-15 -5.25192e-19 0.114914 -3.43657e-20 
5.04502e-09 5.28017e-09 0.0395041 5.03536 -2.90424e-15 -5.24958e-19 0.126303 -1.73318e-20 
5.04502e-09 5.28017e-09 0.0395041 5.03536 -2.9005e-15 -5.24838e-19 0.137683 -1.93585e-20 
5.04502e-09 5.28017e-09 0.0395041 5.03536 -2.89729e-15 -5.25205e-19 0.149054 6.10911e-21 
5.04502e-09 5.28017e-09 0.0395041 5.03536 -2.89487e-15 -5.25929e-19 0.160418 -5.96722e-20 
5.04502e-09 5.28017e-09 0.0395041 5.03536 -2.89344e-15 -5.24826e-19 0.171776 1.82458e-20 
5.04502e-09 5.28017e-09 0.0395041 5.03536 -2.89262e-15 -5.25993e-19 0.183128 -7.91508e-20 
5.04502e-09 5.28017e-09 0.0395041 5.03536 -2.89234e-15 -5.24969e-19 0.194474 -2.44472e-20 
5.04502e-09 5.28017e-09 0.0395041 5.03536 -2.89232e-15 -5.26397e-19 0.20581 -6.63108e-20 
5.04502e-09 5.28017e-09 0.0395041 5.03536 -2.89182e-15 -5.2441e-19 0.217134 -1.0788e-19 
5.04502e-09 5.28017e-09 0.0395041 5.03536 -2.89061e-15 -5.25924e-19 0.228443 -1.42892e-20 
5.04502e-09 5.28017e-09 0.0395041 5.03536 -2.88814e-15 -5.24061e-19 0.239731 -2.18877e-20 
5.04502e-09 5.28017e-09 0.0395041 5.03536 -2.88403e-15 -5.26491e-19 0.250998 -2.1024e-20 
5.04502e-09 5.28017e-09 0.0395041 5.03536 -2.87827e-15 -5.26532e-19 0.262243 -6.18625e-20 
5.04502e-09 5.28017e-09 0.0395041 5.03536 -2.87053e-15 -5.26474e-19 0.273469 -1.77974e-19 
5.04502e-09 5.28017e-09 0.0395041 5.03536 -2.8611e-15 -5.26452e-19 0.284676 9.28338e-21 
5.04502e-09 5.28017e-09 0.0395041 5.03536 -2.85057e-15 -5.26442e-19 0.29587 -1.11893e-19 
5.04502e-09 5.28017e-09 0.0395041 5.03536 -2.84087e-15 -5.26423e-19 0.307052 1.45569e-20 
5.04502e-09 5.28017e-09 0.0395041 5.03536 -2.83489e-15 -5.27578e-19 0.31821 1.29126e-19 
5.04502e-09 5.28017e-09 0.0395041 5.03536 -2.83224e-15 -5.28412e-19 0.329294 1.5657e-19 
5.04502e-09 5.28017e-09 0.0395041 5.03536 -2.81998e-15 -5.17783e-19 0.34022 2.64307e-19 
5.04502e-09 5.28017e-09 0.0395041 5.03536 -2.78861e-15 -5.13531e-19 0.351068 -3.19531e-19 
5.04374e-09 5.27984e-09 0.0395041 5.03536 -2.79327e-15 -5.12006e-19 0.345776 -4.86479e-20 
9.48749 2.73291e-08 0.0395024 5.03536 -9.83441e-10 3.91554e-11 0.372164 -6.72927e-19 
1995.08 1098.51 267.38 5.03536 -4.55525e-14 4.82086e-16 0.369 0 
1995.08 1098.51 267.38 5.03536 -4.55525e-14 4.82086e-16 0.369 0 
2007.77 1133.48 267.631 5.31716 -1.10347 -0.450182 1.15369 -1.02859 
2020.45 1158.56 243.6 23.2625 -0.0966841 -2.15126 -0.176776 -0.553417 
1999.97 1146.24 241.082 23.0796 -0.0957911 -2.6513 -0.165163 -0.985776 
1979.69 1122.92 238.59 22.8966 -0.0948986 -4.3023 -0.153551 -0.964367 
1959.6 1063.29 236.123 22.7136 -0.0940058 -5.92873 -0.141939 -0.14944 
1939.69 967.882 233.683 22.5306 -0.0931125 -6.28 -0.130327 0.032635 
1919.99 864.749 231.269 22.3477 -0.092219 -6.28 -0.118714 0.0441278 
1900.5 761.616 228.881 22.1647 -0.0913255 -6.28 -0.107102 0.0201765 
1881.23 658.483 226.519 21.9817 -0.090432 -6.28 -0.0954898 0.00139475 
1862.18 555.349 224.184 21.7988 -0.0895383 -6.25876 -0.0838776 0.000406066 
1843.35 452.682 221.874 21.6158 -0.0886447 -6.11766 -0.0722653 0.00514014 
1824.74 353.119 219.591 21.4328 -0.0877516 -6.08964 -0.0606531 0.0237199 
1806.36 254.172 217.333 21.2498 -0.0868591 -6.03274 -0.0490408 0.42897 
1788.2 156.476 215.102 21.0669 -0.0859658 -5.35069 -0.0374286 0.622207 
1770.27 73.7814 212.897 20.8839 -0.085068 -4.27451 -0.0258163 0.629774 
1752.59 14.7578 210.718 20.7009 -0.0841648 -3.1634 -0.0142041 0.605065 
1735.15 -19.8266 208.565 20.5178 -0.0832698 -2.08346 -0.00259184 0.543881 
1717.96 -30.6576 206.438 20.3346 -0.0824138 -1.11442 0.00902041 -0.00266673 
1701.01 -20.1744 204.337 20.1522 -0.0815932 -1.10821 0.0206327 -0.224147 
1684.3 -9.55495 202.26 19.9708 -0.0806693 -1.48999 0.0322449 -0.0853087 
1667.8 -7.33306 200.21 19.7887 -0.0794051 -1.61036 0.0438571 0.0112465 
1651.53 -7.75904 198.194 19.6003 -0.077965 -1.58827 0.0554694 0.00152455 
1635.51 -7.69937 196.217 19.4035 -0.077673 -1.58599 0.0670816 -0.00377098 
1619.74 -7.58986 194.252 19.2188 -0.0802429 -1.59185 0.0786939 -0.00188346 
1604.22 -7.60944 192.238 19.0923 -0.0830904 -1.59495 0.0903061 0.00205908 
1588.83 -7.6975 190.166 19.0203 -0.0740793 -1.59164 0.101918 0.00515776 
1573.47 -7.71265 188.294 18.7965 -0.0421586 -1.58308 0.113531 -0.00182608 
1558.41 -7.53985 187.133 18.512 -0.0195417 -1.58867 0.125143 -0.00732923 
1543.79 -7.4904 187.382 18.329 -0.0186481 -1.60349 0.136755 0.00795256 
1529.5 -7.76725 187.657 18.146 -0.0177537 -1.58527 0.148367 0.0438503 
1515.55 -7.64353 187.958 17.9631 -0.0168588 -1.4877 0.15998 -0.0519136 
1501.94 -5.37409 188.285 17.7801 -0.0159666 -1.60793 0.171592 -0.173333 
1488.66 -5.74943 188.639 17.5971 -0.0150813 -2.03375 0.183204 -0.195997 
1475.71 -15.491 189.018 17.4142 -0.0141975 -2.53719 0.194816 -0.147801 
1463.08 -36.3063 189.423 17.2315 -0.013287 -2.93612 0.206429 0.161685 
1450.8 -65.8966 189.855 17.0485 -0.0123217 -2.47102 0.218041 0.198934 
1438.86 -85.257 190.314 16.8643 -0.0113706 -1.88345 0.229653 0.193961 
1427.27 -91.6937 190.801 16.6793 -0.0106813 -1.27981 0.241265 0.179971 
1416.05 -84.8535 191.31 16.498 -0.0104095 -0.682919 0.252878 0.162587 
1405.17 -64.8845 191.831 16.3269 -0.0097706 -0.101526 0.26449 0.143806 
1394.63 -32.1279 192.372 16.1583 -0.00665556 0.460421 0.276102 0.124615 
1384.42 12.9888 192.987 15.9505 -0.00059372 1.00134 0.287714 0.105465 
1374.61 70.0031 193.743 15.6598 0.000162618 1.52039 0.299327 0.0866053 
1365.36 138.433 194.526 15.3868 -0.0215282 2.01644 0.310939 0.0682062 
1356.63 217.774 194.841 15.5047 -0.0613868 2.48762 0.322551 0.049641 
1347.74 307.479 194.276 16.2614 -0.0375035 2.90977 0.334163 0.0212363 
1337.49 406.471 194.209 16.4987 0.181583 3.39111 0.345776 0.0438163 
1326.73 516.05 198.953 13.0245 0.482581 3.90031 0.357388 -0.000387953 
1322.18 636.824 210.44 5 0.09 3.64651 0.369 0 
1322.18 636.824 210.44 5 0.09 3.64651 0.369 0 
1330.18 701.953 212.412 5 -0.365562 3.21084 1.06074 -0.943058 
1338.33 761.605 208.658 8.973 0.484381 2.14345 0.145212 -0.528524 
1342.17 807.843 215.507 5 0.075928 1.48349 0.61153 -0.937067 
1350.28 845.782 217.303 5 0.0759274 0.441911 0.61153 -0.940671 
1358.42 870.628 219.098 5 0.0759269 -0.647845 0.61153 -0.938663 
1366.6 881.775 220.893 5 0.0759263 -1.73554 0.61153 -0.919325 
1374.81 879.25 222.688 5 0.0759257 -2.81159 0.61153 -0.898411 
1383.05 863.198 224.483 5 0.0759252 -3.87396 0.61153 -0.876947 
1391.33 833.792 226.279 5 0.0759246 -4.92191 0.61153 -0.85466 
1399.64 791.212 228.074 5 0.0759241 -5.95428 0.61153 -0.306349 
1407.99 735.655 229.869 5 0.0759239 -6.27876 0.61153 0.0500105 
1416.38 676.019 231.664 5 0.0759239 -6.27906 0.61153 0.0449396 
1424.82 616.38 233.46 5 0.0759239 -6.27922 0.61153 0.038436 
1433.3 556.739 235.255 5 0.0759239 -6.27932 0.61153 -0.0106156 
1441.83 497.096 237.05 5 0.0759239 -6.27937 0.61153 0.00234367 
1450.4 437.452 238.845 5 0.0759239 -6.27939 0.61153 0.0683137 
1459.02 377.809 240.64 5 0.0759239 -6.27939 0.61153 0.0223543 
1467.68 318.165 242.435 5 0.0759239 -6.27936 0.61153 -0.00739467 
1476.39 258.522 244.231 5 0.0759239 -6.2793 0.61153 -0.0207094 
1485.14 198.879 246.026 5 0.0759239 -6.27921 0.61153 0.34218 
1493.94 139.238 247.821 5 0.0759242 -5.73692 0.61153 0.599003 
1502.79 86.4134 249.616 5 0.0759246 -4.88512 0.61153 0.578066 
1511.69 44.2964 251.411 5 0.0759251 -4.04711 0.61153 0.556644 
1520.64 12.7134 253.207 5 0.0759255 -3.22357 0.61153 0.534866 
1529.65 -8.51733 255.002 5 0.0759259 -2.41501 0.61153 0.512078 
1538.72 -19.5841 256.797 5 0.0759263 -1.62279 0.61153 0.475321 
1547.83 -20.6923 258.592 5 0.0759267 -0.865812 0.61153 0.0533752 
1557 -12.285 260.388 5 0.0759268 -0.782906 0.61153 -0.301622 
1566.22 -2.83561 262.183 5 0.0759265 -1.32838 0.61153 -0.125078 
1575.47 -0.242966 263.978 5 0.0759263 -1.57644 0.611531 0.00918921 
1584.77 -0.76861 265.773 5 0.0759271 -1.55945 0.611519 0.020022 
1594.11 -1.08071 267.569 5 0.0759051 -1.50699 0.611898 0.0452694 
1603.5 -0.733362 269.364 5 0.0765963 -1.38842 0.599984 -0.0828214 
1612.93 1.10446 271.167 5 0.0549088 -1.64102 0.6086 -0.242403 
1622.42 -0.233017 272.698 5.20263 0.0497182 -2.16422 0.599286 -0.271294 
1631.73 -8.14707 274.16 5.44347 0.0512474 -2.77365 0.58298 0.0908718 
1640.83 -23.7218 275.636 5.659 0.0508186 -2.49982 0.566673 0.247538 
1649.75 -35.8541 277.102 5.87002 0.0454473 -1.89698 0.550367 0.232507 
1658.51 -40.4083 278.497 6.12418 0.0346701 -1.29967 0.534061 0.212146 
1667.05 -37.454 279.751 6.46963 0.0237036 -0.715436 0.517755 0.19021 
1675.29 -27.1553 280.86 6.90072 0.0234231 -0.146522 0.501449 0.166323 
1683.12 -9.70471 281.957 7.30823 0.0438674 0.404468 0.485143 0.141487 
1690.58 14.6723 283.303 7.49589 0.0819213 0.935948 0.468837 0.11991 
1697.87 45.7305 285.123 7.31329 0.111143 1.45131 0.452531 0.0974224 
1705.39 83.2668 287.314 6.87523 0.0875722 1.95131 0.436224 0.0749963 
1713.42 127.088 289.218 6.70753 -0.0184294 2.43459 0.419918 0.0522645 
1721.7 176.984 289.793 7.57638 -0.173445 2.90189 0.403612 0.0289827 
1729.16 232.755 288.401 9.86561 -0.253312 3.34959 0.387306 6.20578e-06 
1734.3 294.155 285.96 12.3043 -0.09 3.35614 0.369 0 
1734.3 294.155 285.96 12.3043 -0.09 3.35614 0.369 0 
1736 413.46 283.033 12.4153 -0.864276 2.29793 0.893512 -1.02377 
1737.69 506.875 261.158 26.3549 -0.162889 -0.233454 -0.176776 -1.00373 
1710.59 538.376 255.897 26.172 -0.161997 -2.75273 -0.165163 -0.980729 
1683.54 508.239 250.664 25.989 -0.161105 -5.20972 -0.153551 -0.127817 
1656.54 417.986 245.461 25.806 -0.160212 -6.18174 -0.141939 0.0119779 
1629.63 303.952 240.287 25.6231 -0.159318 -6.19656 -0.130327 0.238248 
1602.83 189.555 235.142 25.4401 -0.158425 -6.27135 -0.118714 0.64864 
1576.13 73.3269 230.026 25.2571 -0.15753 -4.43356 -0.107102 0.857571 
1549.57 2.06361 224.939 25.0741 -0.156635 -2.10916 -0.0954898 0.242484 
1523.16 -12.3292 219.881 24.8912 -0.155742 -1.05273 -0.0838776 -0.0932334 
1496.89 -0.875092 214.852 24.7082 -0.154848 -1.51802 -0.0722653 0.00064437 
1470.72 -0.80542 209.852 24.5252 -0.153955 -1.51606 -0.0606531 0.000284558 
1444.66 -0.688014 204.881 24.3423 -0.153061 -1.52102 -0.0490408 0.00322361 
1418.72 -0.692142 199.939 24.1593 -0.152168 -1.51627 -0.0374286 -0.000970415 
1392.89 -0.580556 195.027 23.9763 -0.151274 -1.52045 -0.0258163 -0.000737225 
1367.18 -0.571516 190.143 23.7933 -0.150381 -1.52366 -0.0142041 -4.86258e-06 
1341.59 -0.641208 185.288 23.6104 -0.149487 -1.52352 -0.00259184 -0.000784009 
1316.12 -0.707781 180.462 23.4274 -0.148594 -1.52684 0.00902041 0.00171253 
1290.77 -0.855766 175.666 23.2444 -0.1477 -1.51868 0.0206327 -0.000389176 
1265.54 -0.804446 170.898 23.0615 -0.146807 -1.52036 0.0322449 -2.97975e-05 
1240.44 -0.794602 166.16 22.8785 -0.145913 -1.52039 0.0438571 -2.33755e-05 
1215.47 -0.78572 161.45 22.6955 -0.14502 -1.52043 0.0554694 -2.72804e-05 
1190.62 -0.777986 156.77 22.5125 -0.144126 -1.52049 0.0670816 1.15776e-05 
1165.9 -0.772103 152.118 22.3296 -0.143233 -1.52037 0.0786939 6.92866e-06 
1141.31 -0.763583 147.496 22.1466 -0.142339 -1.52036 0.0903061 7.32621e-06 
1116.86 -0.755073 142.902 21.9636 -0.141446 -1.52029 0.101918 1.23263e-06 
1092.53 -0.745138 138.338 21.7807 -0.140552 -1.52023 0.113531 1.04989e-05 
1068.34 -0.733947 133.803 21.5977 -0.139659 -1.52003 0.125143 -0.00096168 
1044.29 -0.718191 129.296 21.4147 -0.138765 -1.52709 0.136755 0.00171273 
1020.37 -0.875387 124.819 21.2317 -0.137872 -1.51607 0.148367 -0.00107314 
996.596 -0.763378 120.371 21.0488 -0.136979 -1.52657 0.15998 0.00117749 
972.958 -0.908551 115.952 20.8658 -0.136086 -1.51521 0.171592 -0.000389304 
949.463 -0.776101 111.561 20.6829 -0.135187 -1.51909 0.183204 -6.53447e-05 
926.111 -0.738846 107.2 20.4998 -0.134285 -1.51966 0.194816 2.4917e-05 
902.903 -0.715857 102.869 20.3166 -0.133405 -1.52005 0.206429 0.0050966 
879.841 -0.702714 98.5657 20.1337 -0.132577 -1.40975 0.218041 -0.0197598 
856.929 2.00888 94.2901 19.952 -0.131734 -1.84226 0.229653 -0.254494 
834.155 -5.86177 90.0422 19.771 -0.130598 -3.4031 0.241265 0.0582934 
811.497 -51.9215 85.8293 19.5852 -0.129002 -3.27835 0.252878 0.214082 
788.998 -94.9293 81.6626 19.3868 -0.128087 -1.771 0.26449 0.192909 
766.712 -101.058 77.5262 19.1904 -0.130758 -0.291109 0.276102 0.171467 
744.639 -70.9779 73.3321 19.0625 -0.136426 1.1591 0.287714 0.149503 
722.642 -5.41652 69.0043 19.0481 -0.129132 2.53978 0.299327 0.128424 
700.484 93.9257 64.8555 18.8876 -0.0829708 3.93182 0.310939 0.106911 
678.442 227.326 61.8425 17.8809 -0.0329025 5.29708 0.322551 0.0731769 
658.229 394.129 60.0939 16.0902 -0.175175 6.27682 0.334163 -2.41109e-05 
641.529 584.899 54.9347 17.2208 -0.685958 6.27819 0.345776 -1.31469e-05 
622.609 775.705 37.2339 27.6665 -0.877518 6.27833 0.357388 -0.000812313 
582.437 966.53 14.4366 40 1.4 5.43267 0.369 0 
3009.34 4652.19 1987.77 21.0592 0.552139 0 0.126074 0 
3009.34 4652.19 1987.77 21.0592 0.552139 1.20809e-08 0.126074 -3.28916e-05 
3009.34 4652.18 1987.79 21.0516 0.553211 -0.0349377 0.126159 7.60159e-05 
1582.63 4610.3 2022.41 21.2325 0.551064 -0.0385101 0.124169 -0.000299276 
1982.53 4973.66 2185.65 20.4012 0.568129 -0.271627 0.133303 0.00135645 
2157.66 3294.37 2052.47 20.8511 0.557279 -0.0888347 0.128361 0.000430743 
2213.82 2761.15 2013.74 20.9793 0.55416 -0.0357217 0.126952 0.00016652 
2233.73 2555.22 2000.8 20.9938 0.553467 -0.017846 0.126793 0.000129349 
2246.62 2394.83 1976.86 21.108 0.551099 0.0150328 0.125538 -9.76056e-05 
2239.36 2515.73 1992.69 21.0449 0.552512 -0.00677603 0.126231 3.00497e-05 
2242.8 2478.58 1990.81 21.0487 0.55239 -0.00416552 0.12619 2.16236e-05 
2245.54 2451.81 1988.45 21.057 0.552194 -0.000935541 0.126099 4.6412e-06 
2246.34 2446.07 1988.01 21.0582 0.552161 -0.000322134 0.126086 2.07102e-06 
2246.8 2443.49 1987.67 21.06 0.552125 0.000131933 0.126065 -1.53585e-06 
2246.68 2445.4 1988.07 21.0578 0.552169 -0.00041109 0.12609 2.90005e-06 
2246.99 2441.81 1987.55 21.0597 0.552124 0.000303864 0.126069 -1.07481e-06 
2246.92 2443.14 1987.53 21.0599 0.552122 0.000328435 0.126067 -1.34512e-06 
2246.89 2444.8 1987.58 21.0597 0.552126 0.000259025 0.126069 -9.29055e-07 
2246.87 2445.95 1987.57 21.0597 0.552126 0.000272768 0.126069 -9.49963e-07 
2246.87 2447.12 1987.55 21.0597 0.552124 0.000301782 0.126069 -1.05276e-06 
2246.86 2448.42 1987.53 21.0598 0.552123 0.000332979 0.126068 -1.15622e-06 
2246.86 2449.85 1987.5 21.0598 0.552121 0.000370214 0.126068 -1.27688e-06 
2246.86 2451.43 1987.47 21.0599 0.552119 0.000416075 0.126067 -1.44074e-06 
2246.86 2453.21 1987.44 21.06 0.552117 0.000464627 0.126066 -1.59226e-06 
2246.85 2455.17 1987.39 21.0601 0.552114 0.000527517 0.126065 -1.81305e-06 
2246.85 2457.41 1987.34 21.0601 0.552111 0.000596084 0.126064 -2.02892e-06 
2246.84 2459.92 1987.28 21.0603 0.552106 0.000683897 0.126063 -2.32817e-06 
2246.84 2462.8 1987.21 21.0604 0.552102 0.000784345 0.126061 -2.65428e-06 
2246.83 2466.08 1987.12 21.0606 0.552096 0.000907915 0.126059 -3.04722e-06 
2246.82 2469.84 1987.01 21.0609 0.552088 0.00106399 0.126056 -3.59581e-06 
2246.82 2474.28 1986.88 21.061 0.552081 0.00123374 0.126054 -4.03899e-06 
2246.8 2479.27 1986.69 21.0615 0.552068 0.00149843 0.126049 -4.96386e-06 
2246.78 2485.41 1986.49 21.0618 0.552056 0.00178963 0.126046 -5.78829e-06 
2246.77 2492.56 1986.18 21.0627 0.552033 0.00221005 0.126036 -7.59391e-06 
2246.67 2501.94 1985.98 21.0625 0.552027 0.00249765 0.126038 -7.45813e-06 
2246.68 2511.15 1985.33 21.064 0.551982 0.00340618 0.126021 -1.07365e-05 
2246.67 2524.42 1984.65 21.0652 0.55194 0.00435001 0.126008 -1.34886e-05 
2246.58 2541.08 1983.7 21.0668 0.551883 0.00567193 0.125991 -1.71099e-05 
2246.5 2562.22 1982.29 21.0694 0.551795 0.00764091 0.125963 -2.29424e-05 
2246.25 2590.57 1980.34 21.0728 0.551675 0.0103526 0.125925 -3.07124e-05 
2246.08 2628.51 1977.57 21.0781 0.551498 0.0142174 0.125867 -4.27271e-05 
2245.77 2681.3 1973.96 21.0863 0.551252 0.0192484 0.125776 -6.0661e-05 
2245.49 2756.25 1970.11 21.0987 0.550944 0.0246158 0.125641 -8.63113e-05 
2245.39 2862.9 1968.43 21.1108 0.550724 0.0269706 0.125507 -0.000109899 
2245.76 2998.69 1972.29 21.1089 0.550903 0.0215981 0.125529 -0.00010318 
2246.6 3126.13 1981.1 21.0598 0.551878 0.00928515 0.126068 -6.37349e-06 
2245.79 3133.72 1971.05 20.9267 0.553185 0.0230457 0.127529 0.000228519 
2235.15 2850.31 1855.43 20.7228 0.551259 0.183348 0.129767 0.000497514 
2186.93 2219.72 1417.33 20.6081 0.535794 0.780528 0.130964 -0.00181838 
1580.14 1755.76 210.146 22.6115 1.31364e-05 0.135406 0.125074 0 
1580.14 1755.76 210.146 22.6115 1.31364e-05 0.135406 0.125074 0 
1559.41 1798.63 209.565 20.2882 0.793736 0.767565 -0.188388 -0.994463 
1542.87 1857.14 228.709 5 -0.138251 -1.21811 0.471714 -0.974309 
1558.01 1866.5 225.406 8.99509 -0.836894 -3.17969 0.963722 -0.925046 
1565.37 1827.35 204.662 23.6073 -0.111078 -5.03865 -0.153551 -0.649042 
1542.34 1742.24 201.293 23.4243 -0.110185 -6.25478 -0.141939 0.0851023 
1519.49 1627.04 197.953 23.2413 -0.109291 -6.1594 -0.130326 -0.00174151 
1496.83 1514.21 194.643 23.0583 -0.108398 -6.16137 -0.118714 0.00522342 
1474.38 1401.32 191.362 22.8754 -0.107504 -6.15641 -0.107102 0.00456782 
1452.12 1288.56 188.11 22.6924 -0.106611 -6.15276 -0.0954897 0.00547746 
1430.06 1175.89 184.888 22.5094 -0.105717 -6.14738 -0.0838775 0.00581996 
1408.21 1063.35 181.695 22.3265 -0.104824 -6.14127 -0.0722653 0.00594853 
1386.56 950.957 178.531 22.1435 -0.10393 -6.13478 -0.060653 0.00614069 
1365.11 838.728 175.397 21.9605 -0.103037 -6.12778 -0.0490408 0.00641406 
1343.88 726.672 172.292 21.7775 -0.102144 -6.12013 -0.0374285 0.00671563 
1322.85 614.804 169.217 21.5946 -0.101251 -6.1118 -0.0258163 0.00702716 
1302.03 503.143 166.17 21.4116 -0.100356 -6.10278 -0.014204 0.00740908 
1281.42 391.704 163.154 21.2287 -0.0994549 -6.09297 -0.00259179 0.00802602 
1261.03 280.508 160.166 21.0455 -0.0985574 -6.08184 0.00902046 0.0090698 
1240.85 169.587 157.209 20.8624 -0.0976949 -6.0682 0.0206327 0.0104083 
1220.88 59.003 154.279 20.6798 -0.096878 -6.05076 0.0322449 0.0107367 
1201.14 -51.15 151.378 20.4986 -0.0959614 -6.03072 0.0438572 0.00612144 
1181.61 -160.807 148.506 20.3167 -0.0946251 -6.01867 0.0554694 -0.00661633 
1162.29 -270.167 145.674 20.1263 -0.0930513 -6.03572 0.0670817 -0.00889045 
1143.21 -379.949 142.889 19.9243 -0.0932397 -6.06209 0.0786939 0.0338007 
1124.4 -490.383 140.107 19.7457 -0.0978578 -5.98408 0.0903062 0.113457 
1105.8 -598.888 137.218 19.6702 -0.101286 -5.69152 0.101918 0.191256 
1087.22 -700.157 134.248 19.6586 -0.0794155 -5.17265 0.113531 0.245327 
1068.51 -788.59 131.818 19.2249 -0.0179824 -4.48151 0.125143 0.274671 
1050.53 -859.927 132.276 19.0419 -0.0170875 -3.6813 0.136755 0.28567 
1032.95 -911.471 132.762 18.8589 -0.0161932 -2.82091 0.148367 0.284528 
1015.76 -941.731 133.279 18.676 -0.0152988 -1.93334 0.15998 0.275498 
998.99 -950.037 133.824 18.493 -0.0144043 -1.04034 0.171592 0.26115 
982.622 -936.253 134.399 18.31 -0.0135113 -0.156832 0.183204 0.242944 
966.661 -900.614 135.003 18.127 -0.0126216 0.706089 0.194816 0.22167 
951.11 -843.631 135.637 17.9441 -0.0117298 1.53919 0.206429 0.197729 
935.969 -766.039 136.3 17.7613 -0.0108171 2.33385 0.218041 0.171328 
921.239 -668.791 136.993 17.5781 -0.00987842 3.08116 0.229653 0.142673 
906.92 -553.057 137.716 17.394 -0.00900126 3.77126 0.241265 0.112214 
893.015 -420.253 138.468 17.2105 -0.00837161 4.39297 0.252878 0.0809876 
879.523 -272.07 139.243 17.032 -0.00786858 4.93376 0.26449 0.0509743 
866.433 -110.51 140.038 16.8602 -0.00630169 5.38021 0.276102 0.0251255 
853.732 62.093 140.878 16.6738 -0.00214837 5.71919 0.287714 0.00657427 
841.446 243.081 141.828 16.4267 0.00112721 5.93984 0.299327 -0.00301499 
829.7 429.527 142.869 16.1451 -0.0106986 6.03832 0.310939 -0.00484935 
818.571 618.408 143.629 16.1188 -0.0452669 6.02968 0.322551 -0.00269877 
807.549 807.076 143.535 16.7346 -0.0420945 5.96613 0.334163 -0.000624133 
795.299 994.172 143.494 17.1787 0.148192 5.92493 0.345776 -8.58577e-06 
782.072 1180.25 148.143 13.9575 0.47991 5.93154 0.357388 -0.000212585 
775.296 1366.49 161.126 5 0.0899997 5.80224 0.369 0 
775.296 1366.49 161.126 5 0.0899997 5.80224 0.369 0 
820.742 1865.76 173.715 5 -0.512587 1.57577 1.15369 0.573351 
868.505 2076.35 145.144 27.3083 0.395907 6.25354 -0.176775 -0.00247602 
789.274 2606.54 176.186 5 0.122599 6.25413 0.428323 -0.00278764 
836.762 3136.68 191.002 5 0.122599 6.25124 0.428323 -0.00262432 
886.277 3666.63 205.817 5 0.122599 6.24917 0.428323 -0.00259091 
937.82 4196.43 220.633 5 0.122599 6.24677 0.428323 -0.00255807 
991.39 4726.07 235.449 5 0.122599 6.24398 0.428323 -0.00253375 
1046.99 5255.52 250.265 5 0.122599 6.24067 0.428323 -0.00252488 
1104.61 5784.74 265.08 5 0.122599 6.2367 0.428323 -0.00253753 
1164.26 6313.69 279.896 5 0.122599 6.23183 0.428323 -0.00257668 
1225.94 6842.31 294.712 5 0.122599 6.22574 0.428323 -0.0026471 
1289.65 7370.51 309.527 5 0.122599 6.21787 0.428323 -0.0027649 
1355.39 7898.17 324.343 5 0.122599 6.20733 0.428323 -0.00301297 
1423.15 8425.12 339.159 5 0.122599 6.19247 0.428323 -0.00365497 
1492.94 8951.04 353.974 5 0.122599 6.16951 0.428323 -0.0042121 
1564.75 9475.41 368.79 5 0.122599 6.12779 0.428324 -0.0142639 
1638.59 9996.92 383.606 5 0.122599 6.07781 0.428324 -0.0766128 
1714.45 10515 398.422 5 0.122598 4.85893 0.428323 -0.47648 
1792.28 10949.9 413.237 5 0.122595 -0.377106 0.428324 -0.44609 
1871.85 11027.1 428.053 5 0.122593 -5.4597 0.428324 -0.0201863 
1953.17 10757.1 442.868 5 0.122589 -6.05431 0.428379 -0.00431843 
2036.49 10446.5 457.683 5 0.123141 -6.12743 0.418854 -0.0014009 
2121.82 10130.9 472.536 5 0.0264524 -6.17047 0.612818 -0.000547737 
2209.32 9812.39 480.784 5 -0.0615522 -6.19342 0.778649 -0.00010098 
2298.07 9492.3 474.508 5 -0.0606064 -6.20808 0.762345 0.000108716 
2385.96 9171.21 468.297 5 -0.0596605 -6.21841 0.74604 0.00021353 
2472.99 8849.41 462.15 5 -0.0587145 -6.22614 0.729734 0.000266541 
2559.19 8527.09 456.068 5 -0.0577685 -6.23214 0.713428 0.000290402 
2644.55 8204.35 450.051 5 -0.0568225 -6.23694 0.697122 0.000296549 
2729.08 7881.29 444.098 5 -0.0558764 -6.24087 0.680816 0.000291466 
2812.8 7557.96 438.209 5 -0.0549304 -6.24414 0.66451 0.000279121 
2895.71 7234.41 432.386 5 -0.0539844 -6.24691 0.648204 0.000262079 
2977.82 6910.66 426.627 5 -0.0530384 -6.24928 0.631898 0.000242074 
3059.14 6586.76 420.932 5 -0.0520923 -6.25134 0.615591 0.000220325 
3139.68 6262.71 415.303 5 -0.0511463 -6.25313 0.599285 0.000197718 
3219.45 5938.54 409.737 5 -0.0502003 -6.25472 0.582979 0.000174913 
3298.46 5614.27 404.237 5 -0.0492542 -6.25613 0.566673 0.000152418 
3376.71 5289.89 398.801 5 -0.0483082 -6.25739 0.550367 0.000130634 
3454.22 4965.44 393.43 5 -0.0473622 -6.25853 0.534061 0.000109881 
3530.99 4640.9 388.123 5 -0.0464161 -6.25956 0.517755 9.04212e-05 
3607.03 4316.29 382.881 5 -0.0454701 -6.26049 0.501449 7.24731e-05 
3682.35 3991.62 377.704 5 -0.0445241 -6.26134 0.485143 5.62181e-05 
3756.97 3666.89 372.591 5 -0.043578 -6.26212 0.468837 4.18095e-05 
3830.88 3342.11 367.543 5 -0.042632 -6.26284 0.45253 2.93771e-05 
3904.1 3017.28 362.559 5 -0.0430046 -6.2635 0.436224 1.95582e-05 
3976.64 2692.4 357.55 5.06853 -0.0400083 -6.26377 0.419918 1.02654e-05 
4048.12 2367.51 352.738 5 -0.0683132 -6.26498 0.403612 4.72726e-06 
4119.35 2042.53 346 6.48206 -0.69653 -6.26485 0.387306 0.000325914 
4182.4 1717.57 296.19 40 -0.0899996 -4.02561 0.369 0 
4182.4 1717.57 296.19 40 -0.0899996 -4.02561 0.369 0 
4165.84 1699.05 296.158 38.09 1.06159 -3.1143 -0.188388 1.02859 
4150.32 1687.75 305.264 30.8505 1.4 -1.75254 -0.116316 1.00718 
4139.49 1687.22 317.136 22.1104 1.35416 -0.399728 0.0253752 0.985775 
4134.4 1697.41 328.748 14.1442 1.21479 0.944146 0.054388 0.964367 
4134.59 1718.23 339.349 7.47145 0.466879 2.27908 0.239145 0.942959 
4139.31 1749.61 344.1 5.6088 0.144088 3.60507 0.423375 0.92155 
4145.34 1791.5 346.299 5.72046 0.15061 4.92213 0.47828 0.900141 
4151.34 1843.81 348.516 5.76769 0.249997 6.23023 0.3736 0.0163367 
4157.34 1906.48 351.454 5.24963 0.136824 6.28 0.478437 -0.000823136 
4163.73 1969.54 353.337 5.24936 0.014388 6.28 0.564517 -0.000788657 
4170.18 2032.61 353.659 5.26452 -0.0930164 6.28 0.656651 -0.000754474 
4176.63 2095.67 352.537 5.2721 -0.111185 6.28 0.708993 -0.000720352 
4183.07 2158.73 351.153 5.28876 -0.11887 6.28 0.743619 -0.000686641 
4189.48 2221.8 349.667 5.30536 -0.123996 6.28 0.766086 -0.0006534 
4195.85 2284.86 348.115 5.32402 -0.127552 6.28 0.778965 -0.000620661 
4202.18 2347.92 346.518 5.34542 -0.130139 6.28 0.784524 -0.000588457 
4208.48 2410.99 344.89 5.3701 -0.132154 6.28 0.784726 -0.000556818 
4214.74 2474.05 343.236 5.39878 -0.133875 6.28 0.781102 -0.000525772 
4220.95 2537.11 341.562 5.43243 -0.13552 6.28 0.774758 -0.000495351 
4227.11 2600.18 339.869 5.47239 -0.137285 6.28 0.766462 -0.000465582 
4233.23 2663.24 338.157 5.52052 -0.1394 6.28 0.756742 -0.000436496 
4239.28 2726.3 336.424 5.57959 -0.142216 6.28 0.745979 -0.000408121 
4245.27 2789.37 334.665 5.65406 -0.146206 6.28 0.734485 -0.000380486 
4251.19 2852.43 332.872 5.7508 -0.151268 6.28 0.7225 -0.00035362 
4257.01 2915.49 331.035 5.87557 -0.156692 6.28 0.710022 -0.000327547 
4262.73 2978.56 329.151 6.02949 -0.170154 6.28 0.696774 -0.000302307 
4268.33 3041.62 327.157 6.25992 -0.224841 6.28 0.682828 -0.000277971 
4273.75 3104.68 324.726 6.81164 -0.357327 6.28 0.668994 -0.000254598 
4278.81 3167.75 321.238 8.13682 -0.532012 6.28 0.655784 -0.000232146 
4283 3230.81 316.348 10.4497 -0.640093 6.28 0.642725 -0.000210511 
4285.66 3293.88 310.572 13.298 -0.615627 6.28 0.628966 -0.000189678 
4286.42 3356.95 304.953 15.856 -0.514192 6.28 0.613561 -0.00016976 
4285.45 3420.01 300.104 17.6757 -0.448317 6.28 0.595384 -0.000150888 
4283.24 3483.08 295.752 19.0104 -0.46058 6.28 0.57344 -0.000133102 
4280.11 3546.15 291.286 20.3572 -0.509733 6.28 0.547292 -0.000116376 
4276.07 3609.22 286.413 21.9393 -0.535865 6.28 0.517908 -0.000100691 
4270.95 3672.3 281.312 23.6069 -0.496515 6.28 0.488622 -8.60537e-05 
4264.69 3735.37 276.501 24.9612 -0.375154 6.28 0.46351 -7.24895e-05 
4257.47 3798.44 272.633 25.523 -0.186526 6.28 0.443566 -6.0034e-05 
4249.8 3861.52 270.251 24.9261 0.0171313 6.28 0.426701 -4.87247e-05 
4242.44 3924.59 269.488 23.1387 0.150787 6.28 0.410726 -3.85911e-05 
4236.18 3987.66 269.806 20.6437 0.1245 6.28 0.395198 -2.96461e-05 
4231.52 4050.73 269.948 18.4409 -0.112238 6.28 0.381956 -2.18853e-05 
4228.29 4113.8 268.242 17.7821 -0.531315 6.28 0.373202 -1.52954e-05 
4225.52 4176.87 263.226 19.6846 -1.00918 6.28 0.368479 -9.86762e-06 
4221.53 4239.94 254.402 24.369 -1.34827 6.28 0.359735 -5.6071e-06 
4214.49 4303.01 242.834 30.8572 -1.34904 6.28 0.359428 -2.53177e-06 
4203.15 4366.09 231.176 37.0154 -0.87422 6.28 0.370621 -0.000203267 
4187.65 4429.17 223.2 39.9914 0.0766652 5.7627 0.369 0 
4187.65 4429.17 223.2 39.9914 0.0766652 5.7627 0.369 0 
4142.84 4570.21 220.628 31.6963 1.4 6.14894 -0.188388 -0.687245 
4109.91 4718.47 243.111 13.1176 -0.339408 2.30841 -0.176774 -0.879985 
4106.32 4794.73 233.548 21.6042 -1.4 -2.0116 0.403394 -0.789545 
4089.96 4790.01 203.849 40 -0.477376 -6.14087 -0.108596 -0.00624362 
4044.44 4707.92 190.892 40 -0.477376 -6.12635 -0.108604 0.00104131 
3998.44 4626.11 177.935 40 -0.477396 -6.11531 -0.10825 0.000501393 
3951.96 4544.49 164.978 40 -0.476424 -6.11144 -0.104209 -0.00274705 
3904.98 4462.95 152.039 39.9828 -0.464161 -6.15426 -0.107102 0.00180721 
3857.54 4380.61 139.33 39.7952 -0.463329 -6.13004 -0.0954898 0.00324088 
3809.91 4298.72 126.642 39.6091 -0.463318 -6.09052 -0.0838775 0.00172772 
3762.07 4217.58 113.96 39.4359 -0.463851 -6.06467 -0.0722653 0.000418009 
3714.03 4136.91 101.274 39.2818 -0.462613 -6.05981 -0.060653 0.000322221 
3665.74 4056.34 88.615 39.1194 -0.456244 -6.05653 -0.0490408 0.000617881 
3617.21 3975.83 76.0805 38.8763 -0.446356 -6.0466 -0.0374285 0.000828565 
3568.57 3895.51 63.7386 38.5123 -0.44734 -6.03133 -0.0258163 0.000881077 
3520.02 3815.47 51.3893 38.1972 -0.480426 -6.01388 -0.014204 0.000855272 
3471.49 3735.75 38.4292 38.3828 -0.536225 -5.99591 -0.00259179 0.000840532 
3422.22 3656.38 24.4176 39.3319 -0.52532 -5.97706 0.00902046 0.00110647 
3370.99 3577.36 10.582 39.9999 -0.313615 -5.94911 0.0206327 0.000892625 
3318.16 3498.86 0.694581 37.8495 0.0445464 -5.9254 0.032245 0.00022067 
3268.05 3420.81 0.00104052 37.6665 0.0454406 -5.92161 0.0438572 0.000301514 
3218.19 3342.82 0.00110851 37.4835 0.0463348 -5.91463 0.0554694 0.000837351 
3168.61 3264.97 4.05027 37.3006 0.0472292 -5.88725 0.0670817 0.00112014 
3119.45 3187.63 8.12173 37.1176 0.0481232 -5.8461 0.0786939 0.00107362 
3070.72 3111.06 12.2155 36.9346 0.0490162 -5.8024 0.0903062 0.000849831 
3022.42 3035.31 16.3314 36.7516 0.0499079 -5.76226 0.101918 0.000818073 
2974.55 2960.31 20.4696 36.5687 0.0508001 -5.71247 0.113531 0.0019944 
2927.11 2886.25 24.63 36.3858 0.0516977 -5.58142 0.125143 0.0064604 
2880.11 2814.64 28.8127 36.2028 0.0526034 -5.17899 0.136755 0.0157131 
2833.54 2750.58 33.0179 36.0196 0.0535061 -4.23329 0.148367 0.0271595 
2787.41 2704.24 37.2455 35.8364 0.0543757 -2.61533 0.15998 0.0345283 
2741.75 2688.23 41.495 35.6535 0.055195 -0.516341 0.171592 0.03347 
2696.55 2711.56 45.7652 35.4717 0.0560342 1.66196 0.183204 0.0250584 
2651.82 2775.72 50.0567 35.2905 0.0570812 3.53794 0.194816 0.0140081 
2607.54 2875.05 54.3733 35.107 0.0584467 4.87729 0.206429 0.00505026 
2563.73 2999.48 58.7209 34.9168 0.0596981 5.61862 0.218041 0.00046714 
2520.37 3137.81 63.0977 34.7224 0.0596573 5.86902 0.229653 -0.000448136 
2477.48 3280.84 67.4796 34.5427 0.057604 5.85791 0.241265 4.09946e-05 
2435.01 3423.65 71.8284 34.4046 0.0561977 5.80394 0.252878 0.000372082 
2392.92 3565.45 76.155 34.2938 0.062815 5.79551 0.26449 0.000340411 
2351.16 3707.1 80.609 34.0926 0.0821287 5.82427 0.276102 0.00019767 
2309.86 3849.28 85.431 33.631 0.0977971 5.86658 0.287714 9.25042e-05 
2269.43 3992.25 90.5606 32.9926 0.0636501 5.90876 0.299327 4.43151e-05 
2230.16 4136.02 95.0693 32.9096 -0.0505811 5.94562 0.310939 1.65327e-05 
2191.23 4280.48 97.4393 34.4562 -0.144515 5.96794 0.322551 -3.66281e-05 
2150.1 4425.35 98.0021 37.1438 0.0707673 6.04931 0.334163 -0.0003291 
2104.88 4571.76 102.52 36.4235 0.79105 4.9015 0.345776 -0.00271336 
2060.62 4696.65 120.56 25.5096 1.4 1.686 0.357388 -1.78946e-05 
2033.15 4761.25 150.343 6.20125 0.0899984 1.26425 0.369 0 
2033.15 4761.25 150.343 6.20125 0.0899984 1.26425 0.369 0 
2053.2 4704.78 190.617 21.0955 5.50085e-05 -0.290265 0.482653 -1.83159e-15 
2073.24 4648.31 229.484 22.3859 -2.11391e-07 -0.30892 0.480306 -2.70306e-16 
2093.28 4591.85 267 22.4906 -2.45291e-07 -0.309144 0.477959 -1.28679e-16 
2113.31 4535.38 303.197 22.4991 -2.4531e-07 -0.309146 0.475612 -8.72904e-17 
2133.34 4478.91 338.087 22.4998 -2.4531e-07 -0.309146 0.473265 -1.78615e-17 
2153.36 4422.44 371.673 22.4998 -2.45309e-07 -0.309146 0.470918 -2.51358e-17 
2173.39 4365.98 403.95 22.4998 -2.45309e-07 -0.309146 0.468571 -5.8917e-17 
2193.41 4309.51 434.904 22.4998 -2.45309e-07 -0.309146 0.466224 -8.55803e-17 
2213.43 4253.04 464.515 22.4998 -2.4531e-07 -0.309146 0.463878 2.03165e-17 
2233.45 4196.57 492.759 22.4998 -2.4531e-07 -0.309146 0.461531 -7.1536e-18 
2253.46 4140.11 519.609 22.4998 -2.4531e-07 -0.309146 0.459184 2.92106e-17 
2273.48 4083.64 545.033 22.4998 -2.4531e-07 -0.309146 0.456837 9.55701e-18 
2293.5 4027.17 568.995 22.4998 -2.45311e-07 -0.309146 0.45449 3.63021e-17 
2313.52 3970.7 591.458 22.4998 -2.45311e-07 -0.309146 0.452143 -4.55404e-17 
2333.54 3914.24 612.382 22.4998 -2.45311e-07 -0.309146 0.449796 -7.27281e-17 
2353.57 3857.77 631.727 22.4998 -2.45312e-07 -0.309146 0.447449 1.86753e-17 
2373.6 3801.3 649.451 22.4998 -2.45312e-07 -0.309146 0.445102 1.11142e-17 
2393.63 3744.83 665.51 22.4998 -2.45313e-07 -0.309146 0.442755 1.69678e-17 
2413.66 3688.37 679.863 22.4998 -2.45313e-07 -0.309146 0.440408 -2.73143e-17 
2433.7 3631.9 692.47 22.4998 -2.45313e-07 -0.309146 0.438061 5.14778e-17 
2453.75 3575.43 703.292 22.4998 -2.45314e-07 -0.309146 0.435714 -9.02298e-18 
2473.8 3518.96 712.295 22.4998 -2.45314e-07 -0.309146 0.433367 -9.9785e-17 
2493.85 3462.5 719.448 22.4998 -2.45314e-07 -0.309146 0.43102 -4.28638e-17 
2513.92 3406.03 724.725 22.4998 -2.45315e-07 -0.309146 0.428673 -1.56907e-17 
2533.99 3349.56 728.107 22.4998 -2.45315e-07 -0.309146 0.426327 -1.1547e-17 
2554.07 3293.09 729.582 22.4998 -2.45315e-07 -0.309146 0.42398 1.55778e-17 
2574.16 3236.63 729.143 22.4998 -2.45316e-07 -0.309146 0.421633 4.48731e-17 
2594.25 3180.16 726.792 22.4998 -2.45316e-07 -0.309146 0.419286 1.12883e-17 
2614.36 3123.69 722.539 22.4998 -2.45316e-07 -0.309146 0.416939 -6.62818e-18 
2634.47 3067.22 716.399 22.4998 -2.45316e-07 -0.309146 0.414592 -3.75056e-18 
2654.6 3010.76 708.394 22.4998 -2.45316e-07 -0.309146 0.412245 5.69777e-17 
2674.74 2954.29 698.553 22.4998 -2.45317e-07 -0.309146 0.409898 1.03049e-17 
2694.89 2897.82 686.908 22.4998 -2.45317e-07 -0.309146 0.407551 3.20811e-18 
2715.05 2841.35 673.495 22.4998 -2.45317e-07 -0.309146 0.405204 3.46939e-18 
2735.22 2784.89 658.355 22.4998 -2.45317e-07 -0.309146 0.402857 -1.10045e-17 
2755.41 2728.42 641.527 22.4998 -2.45317e-07 -0.309146 0.40051 -2.02406e-17 
2775.61 2671.95 623.055 22.4998 -2.45317e-07 -0.309146 0.398163 -3.27808e-19 
2795.83 2615.48 602.98 22.4998 -2.45316e-07 -0.309146 0.395816 2.94251e-18 
2816.06 2559.02 581.345 22.4998 -2.45316e-07 -0.309146 0.393469 -3.57487e-18 
2836.31 2502.55 558.19 22.4998 -2.45315e-07 -0.309146 0.391122 1.66556e-17 
2856.57 2446.08 533.553 22.4998 -2.45315e-07 -0.309146 0.388776 3.87789e-18 
2876.85 2389.61 507.471 22.4998 -2.45314e-07 -0.309146 0.386429 -9.09573e-18 
2897.15 2333.15 479.978 22.4998 -2.45313e-07 -0.309146 0.384082 1.39459e-18 
2917.47 2276.68 451.104 22.4998 -2.45311e-07 -0.309146 0.381735 -3.42358e-18 
2937.8 2220.21 420.874 22.4998 -2.45309e-07 -0.309146 0.379388 -3.07496e-18 
2958.15 2163.74 389.312 22.4998 -2.45307e-07 -0.309146 0.377041 8.0904e-18 
2978.53 2107.28 356.433 22.4998 -2.45304e-07 -0.309103 0.374694 5.68341e-19 
2998.92 2050.81 322.248 22.4999 -2.45149e-07 -0.305485 0.372347 -7.04119e-18 
3019.33 1994.34 286.76 22.5 -6.21312e-13 -0.00373229 0.369 0 
3019.33 1994.34 286.76 22.5 -6.21312e-13 -0.00373229 0.369 0 
3011.4 2009.82 286.799 21.7048 0.936323 -0.00311229 -0.187731 0.809112 
3003.92 2025.31 296.103 14.1641 0.965567 0.439449 -0.175563 0.772357 
3002.6 2045.17 305.816 6.8838 0.306496 0.862108 -0.149229 0.734182 
3007.36 2069.2 309.131 5.01596 -0.987577 1.26409 0.839161 0.694481 
3013.93 2097.21 299.688 12.5666 -0.982581 1.64457 0.954072 0.653164 
3014.33 2128.97 290.174 19.5432 -0.10118 2.00263 -0.0394421 0.610199 
3008.85 2164.28 289.26 19.8773 -0.0433312 2.33735 -0.0897667 0.565636 
3003.08 2202.9 288.912 19.7769 -0.0291578 2.64787 -0.0879531 0.519645 
2997.38 2244.59 288.706 19.5757 -0.0218708 2.93338 -0.0784378 0.472557 
2991.83 2289.09 288.575 19.3284 -0.0194671 3.19328 -0.0658294 0.424891 
2986.48 2336.17 288.472 19.0735 -0.0216284 3.42726 -0.051291 0.377365 
2981.33 2385.56 288.352 18.8449 -0.0261686 3.63536 -0.0359995 0.330857 
2976.37 2437 288.19 18.6586 -0.0294843 3.81814 -0.0219547 0.286326 
2971.55 2490.25 287.998 18.503 -0.0294806 3.97668 -0.0104028 0.244682 
2966.85 2545.07 287.809 18.3523 -0.0269919 4.11252 -0.000408968 0.206663 
2962.27 2601.22 287.647 18.1883 -0.0238829 4.22766 0.009539 0.172739 
2957.81 2658.52 287.518 18.0072 -0.0214802 4.32431 0.0201578 0.143081 
2953.49 2716.77 287.416 17.815 -0.0203912 4.4048 0.0315101 0.1176 
2949.33 2775.82 287.328 17.6221 -0.0205505 4.4714 0.0433771 0.0960064 
2945.32 2835.52 287.241 17.4376 -0.0212553 4.52623 0.0554481 0.0778983 
2941.45 2895.77 287.15 17.265 -0.0214074 4.5712 0.0674381 0.0628258 
2937.72 2956.46 287.06 17.0994 -0.0200173 4.60795 0.0791905 0.0503415 
2934.11 3017.52 286.987 16.9289 -0.0167959 4.63789 0.0907124 0.0400334 
2930.64 3078.87 286.948 16.7402 -0.0125649 4.66222 0.102113 0.0315357 
2927.32 3140.46 286.954 16.5268 -0.00922473 4.68191 0.113511 0.0245359 
2924.17 3202.24 286.996 16.2971 -0.00907591 4.69779 0.124972 0.0187727 
2921.2 3264.18 287.044 16.0761 -0.0135167 4.71052 0.136508 0.0140313 
2918.4 3326.25 287.051 15.8976 -0.0215711 4.72068 0.148094 0.0101372 
2915.75 3388.42 286.981 15.7862 -0.0291363 4.7287 0.159697 0.00694926 
2913.19 3450.66 286.839 15.7337 -0.0299226 4.735 0.17129 0.00435351 
2910.67 3512.97 286.689 15.6855 -0.018499 4.73987 0.182864 0.00225951 
2908.18 3575.33 286.653 15.5494 0.00535889 4.7436 0.194412 0.000593421 
2905.79 3637.72 286.855 15.2377 0.0332474 4.74643 0.20593 -0.000704529 
2903.65 3700.14 287.338 14.7314 0.0486299 4.74854 0.217405 -0.00168366 
2901.91 3762.58 287.98 14.137 0.0333698 4.75013 0.228832 -0.0023854 
2900.66 3825.04 288.481 13.6907 -0.0204909 4.75132 0.240222 -0.00284584 
2899.79 3887.51 288.457 13.673 -0.0986977 4.75227 0.251619 -0.00309675 
2898.94 3949.99 287.661 14.2395 -0.160822 4.75309 0.263078 -0.00316787 
2897.64 4012.47 286.241 15.2316 -0.152275 4.75386 0.274629 -0.00308712 
2895.53 4074.97 284.891 16.0906 -0.0339017 4.75468 0.286238 -0.00288212 
2892.69 4137.47 284.696 15.9991 0.180635 4.75561 0.297791 -0.00258002 
2889.87 4199.98 286.623 14.2956 0.401164 4.75671 0.309121 -0.00220827 
2888.4 4262.51 290.756 11.0388 0.476368 4.758 0.319985 -0.00179457 
2889.57 4325.04 295.684 7.42158 0.261842 4.75952 0.329908 -0.00136687 
2893.75 4387.59 298.549 5.64586 -0.274167 4.76127 0.337823 -0.000953351 
2899.49 4450.15 296.146 8.01093 -0.958483 4.76327 0.347807 -0.000582191 
2903.45 4512.73 286.943 15.3643 -1.39868 4.76547 0.347144 -0.000281445 
2901.49 4575.34 273.273 25.5539 -1.14633 4.76785 0.362862 -7.84361e-05 
2891.15 4637.98 261.935 33.1833 0.0801825 4.77033 0.369 0 
2891.15 4637.98 261.935 33.1833 0.0801825 4.77033 0.369 0 
2864.02 4733.73 261.28 28.2534 1.4 3.08468 -0.188201 -1.02859 
2842.51 4803.57 281.026 11.9753 0.700052 0.524387 0.00370761 -1.00718 
2841.84 4834.06 290.419 5.00624 -1.39474 -2.01928 1.11291 -0.985775 
2850.65 4825.46 267.797 19.637 -1.32856 -4.54628 1.08378 -0.546034 
2840.7 4778.05 245.832 32.0484 -0.288949 -6.28 -0.138081 0.000625076 
2814.45 4704.01 239.535 31.893 -0.285491 -6.28 -0.128135 0.000601991 
2788.2 4629.97 233.295 31.7065 -0.283759 -6.28 -0.116602 0.000579053 
2761.98 4555.93 227.088 31.5111 -0.282783 -6.28 -0.104612 0.000556285 
2735.82 4481.89 220.9 31.3163 -0.282114 -6.28 -0.0925004 0.000533707 
2709.7 4407.85 214.729 31.1255 -0.281237 -6.28 -0.0806028 0.000511339 
2683.63 4333.81 208.576 30.9358 -0.280381 -6.28 -0.0689536 0.000489199 
2657.6 4259.77 202.441 30.7479 -0.280259 -6.28 -0.0573485 0.000467302 
2631.62 4185.73 196.315 30.5702 -0.280766 -6.28 -0.0456655 0.000445668 
2605.66 4111.69 190.186 30.4092 -0.280096 -6.28 -0.0338981 0.000424322 
2579.72 4037.65 184.072 30.2496 -0.275502 -6.28 -0.0220862 0.000403294 
2553.78 3963.61 178.035 30.0456 -0.266655 -6.28 -0.0102662 0.0003826 
2527.9 3889.57 172.141 29.7524 -0.260031 -6.28 0.00155076 0.00036224 
2502.2 3815.53 166.359 29.4054 -0.268561 -6.28 0.0133753 0.000342195 
2476.75 3741.49 160.459 29.1882 -0.299721 -6.28 0.0252241 0.000322474 
2451.4 3667.45 154.091 29.3539 -0.334075 -6.28 0.0371094 0.000303157 
2425.66 3593.4 147.202 29.9049 -0.315607 -6.28 0.049039 0.0002844 
2399.02 3519.36 140.604 30.1938 -0.188923 -6.28 0.0610162 0.000266322 
2371.79 3445.32 136.022 29.0453 0.00619023 -6.28 0.0730393 0.000248811 
2345.77 3371.28 136.69 28.4035 0.0596379 -6.28 0.0851142 0.000231447 
2320.54 3297.24 139.089 27.6741 0.0482045 -6.28 0.097263 0.00021445 
2296.29 3223.19 141.39 27.1844 -0.0389936 -6.28 0.109515 0.000197851 
2272.73 3149.15 142.384 27.7695 -0.164614 -6.28 0.121909 0.000181756 
2248.53 3075.11 141.444 29.7635 -0.169792 -6.28 0.134513 0.00016642 
2221.85 3001.07 140.381 31.6145 0.151539 -6.28 0.147421 0.000152081 
2192.75 2927.03 144.214 29.5182 0.77933 -6.28 0.160728 0.000138614 
2166.16 2852.99 157.748 20.2863 1.15143 -6.28 0.174789 0.000125347 
2151.24 2778.94 177.228 7.62107 0.341341 -6.28 0.187451 0.000111518 
2152.76 2704.87 184.576 5.68637 0.217267 -6.28 0.197947 9.90822e-05 
2156.93 2630.81 190.066 5.38966 0.204326 -6.28 0.208352 8.74139e-05 
2161.63 2556.74 195.365 5.26774 0.200187 -6.28 0.218906 7.64292e-05 
2166.65 2482.68 200.605 5.19998 0.1978 -6.28 0.229449 6.6136e-05 
2171.91 2408.61 205.81 5.16036 0.196478 -6.28 0.240132 5.65467e-05 
2177.39 2334.55 210.997 5.13345 0.195461 -6.28 0.250951 4.76734e-05 
2183.05 2260.48 216.17 5.11424 0.194611 -6.28 0.26188 3.95278e-05 
2188.91 2186.42 221.331 5.09987 0.193849 -6.28 0.272897 3.21206e-05 
2194.93 2112.35 226.48 5.08873 0.193136 -6.28 0.283984 2.54618e-05 
2201.13 2038.29 231.62 5.07984 0.19245 -6.28 0.295126 1.95603e-05 
2207.5 1964.22 236.749 5.07258 0.191781 -6.28 0.306312 1.44243e-05 
2214.04 1890.16 241.869 5.06653 0.191121 -6.28 0.317529 1.00607e-05 
2220.74 1816.09 246.979 5.06142 0.190468 -6.28 0.328761 6.47542e-06 
2227.6 1742.03 252.079 5.05704 0.189821 -6.28 0.339972 3.6735e-06 
2234.63 1667.96 257.17 5.05326 0.189207 -6.28 0.351066 1.65876e-06 
2241.82 1593.9 262.251 5.04968 0.192245 -6.28 0.361778 0.000207004 
2249.17 1519.83 267.38 5.00384 -0.00350055 -5.33394 0.369 0 
2249.17 1519.83 267.38 5.00384 -0.00350055 -5.33394 0.369 0 
2263.57 1424.65 267.325 5.14558 -1.03196 -6.10199 1.15369 -0.0702155 
2278.19 1309.88 241.047 24.327 -0.120603 -6.23508 -0.176776 0.0791342 
2251.83 1191.76 237.217 24.1441 -0.119709 -6.08602 -0.165163 -0.0178516 
2225.64 1077.44 233.417 23.9611 -0.118816 -6.12315 -0.153551 -0.0219037 
2199.63 962.166 229.648 23.7781 -0.117923 -6.17318 -0.141939 -0.000829173 
2173.8 845.62 225.909 23.5952 -0.117029 -6.17977 -0.130326 0.00640716 
2148.15 728.905 222.2 23.4122 -0.116136 -6.17218 -0.118714 0.0064457 
2122.69 612.384 218.521 23.2292 -0.115242 -6.16435 -0.107102 0.00498382 
2097.41 496.061 214.873 23.0462 -0.114349 -6.15922 -0.0954897 0.00457991 
2072.32 379.87 211.255 22.8633 -0.113455 -6.15476 -0.0838775 0.00487272 
2047.42 263.792 207.667 22.6803 -0.112562 -6.14955 -0.0722653 0.0051974 
2022.7 147.846 204.109 22.4973 -0.111668 -6.14351 -0.060653 0.00541127 
1998.18 32.0537 200.582 22.3143 -0.110775 -6.13682 -0.0490408 0.00560274 
1973.86 -83.5683 197.085 22.1314 -0.109881 -6.12952 -0.0374285 0.0058389 
1949.72 -199.004 193.618 21.9484 -0.108989 -6.12145 -0.0258163 0.0061326 
1925.79 -314.235 190.181 21.7655 -0.108094 -6.11245 -0.014204 0.00648079 
1902.05 -429.236 186.775 21.5825 -0.107194 -6.10235 -0.00259179 0.00687463 
1878.51 -543.981 183.399 21.3994 -0.106295 -6.09096 0.00902046 0.00727898 
1855.17 -658.435 180.053 21.2162 -0.105427 -6.0782 0.0206327 0.00768088 
1832.04 -772.564 176.738 21.0336 -0.104608 -6.06402 0.0322449 0.00834727 
1809.11 -886.332 173.45 20.8523 -0.103711 -6.04765 0.0438572 0.00984131 
1786.38 -999.683 170.193 20.6707 -0.1024 -6.02654 0.0554694 0.0111973 
1763.86 -1112.5 166.976 20.4808 -0.100773 -6.00035 0.0670817 0.00570134 
1741.56 -1224.64 163.809 20.2777 -0.10085 -5.98855 0.0786939 -0.00696021 
1719.51 -1336.49 160.648 20.0969 -0.105738 -6.0149 0.0903062 0.0254622 
1697.67 -1449.01 157.37 20.0278 -0.109942 -5.9407 0.101918 0.120074 
1675.81 -1559.63 153.988 20.0387 -0.086487 -5.56305 0.113531 0.207753 
1653.75 -1660.63 151.203 19.5798 -0.0168961 -4.89371 0.125143 0.258432 
1632.47 -1744.57 150.21 19.3968 -0.015997 -4.04128 0.136755 0.27966 
1611.52 -1806.78 150.811 19.2139 -0.0151025 -3.09302 0.148367 0.283066 
1591 -1844.81 151.442 19.0309 -0.014208 -2.10164 0.15998 0.276054 
1570.9 -1857.57 152.103 18.8479 -0.0133135 -1.09795 0.171592 0.262562 
1551.23 -1844.75 152.795 18.6649 -0.0124199 -0.101247 0.183204 0.244538 
1531.99 -1806.52 153.517 18.482 -0.011529 0.874696 0.194816 0.222834 
1513.18 -1743.41 154.269 18.2991 -0.0106377 1.8182 0.206429 0.197643 
1494.8 -1656.25 155.051 18.1162 -0.00973149 2.71741 0.218041 0.168759 
1476.85 -1546.17 155.864 17.9331 -0.00880028 3.55826 0.229653 0.13589 
1459.33 -1414.65 156.708 17.7492 -0.00790634 4.32245 0.241265 0.0993575 
1442.25 -1263.66 157.582 17.5656 -0.00721707 4.98542 0.252878 0.061481 
1425.59 -1095.76 158.481 17.386 -0.00669242 5.51514 0.26449 0.0280638 
1409.37 -914.361 159.401 17.213 -0.00534088 5.87411 0.276102 0.00700703 
1393.55 -723.811 160.363 17.0294 -0.00159395 6.03234 0.287714 0.00125853 
1378.15 -529.227 161.427 16.7907 0.00193184 6.01914 0.299327 0.00263242 
1363.3 -334.98 162.592 16.5101 -0.00809823 5.98679 0.310939 0.00193172 
1349.08 -141.559 163.512 16.4576 -0.0413664 6.01445 0.322551 0.000497802 
1335.03 52.5682 163.586 17.046 -0.0420979 6.04565 0.334163 -6.54827e-05 
1319.79 247.491 163.617 17.5377 0.143493 6.05423 0.345776 -0.000163828 
1303.45 442.634 168.36 14.3353 0.486473 6.01795 0.357388 -0.000469216 
1293.72 636.846 181.976 5 0.0899997 5.70342 0.369 0 
1293.72 636.846 181.976 5 0.0899997 5.70342 0.369 0 
1302.43 735.744 184.119 5 -0.405173 5.41529 1.06123 0.416943 
1311.34 830.704 179.497 9.72979 0.520261 5.58258 0.0973196 -0.1327 
1314.69 927.955 187.416 5 0.0759279 5.356 0.611539 -0.289772 
1323.55 1022.11 189.367 5 0.0759277 5.02016 0.611539 -0.342982 
1332.46 1111.67 191.319 5 0.0759275 4.63989 0.611539 -0.371887 
1341.43 1196.03 193.27 5 0.0759273 4.22667 0.611539 -0.392936 
1350.44 1274.75 195.221 5 0.0759271 3.78332 0.611539 -0.408722 
1359.5 1347.42 197.172 5 0.0759268 3.31306 0.611539 -0.419561 
1368.61 1413.66 199.124 5 0.0759265 2.82024 0.611539 -0.425643 
1377.77 1473.16 201.075 5 0.0759263 2.30981 0.611539 -0.427256 
1386.97 1525.69 203.026 5 0.075926 1.78691 0.611539 -0.424726 
1396.22 1571.08 204.977 5 0.0759257 1.2566 0.611539 -0.418363 
1405.52 1609.22 206.929 5 0.0759254 0.723786 0.611539 -0.408462 
1414.87 1640.08 208.88 5 0.0759252 0.193171 0.611539 -0.3953 
1424.27 1663.69 210.831 5 0.0759249 -0.330777 0.611539 -0.379141 
1433.71 1680.14 212.782 5 0.0759246 -0.843816 0.61154 -0.36023 
1443.2 1689.58 214.734 5 0.0759243 -1.34191 0.61154 -0.338797 
1452.74 1692.22 216.685 5 0.0759241 -1.82118 0.61154 -0.315073 
1462.32 1688.31 218.636 5 0.0759238 -2.27793 0.61154 -0.289315 
1471.96 1678.16 220.587 5 0.0759236 -2.7086 0.61154 -0.261847 
1481.64 1662.12 222.538 5 0.0759234 -3.10985 0.61154 -0.233106 
1491.38 1640.6 224.49 5 0.0759232 -3.47871 0.61154 -0.203677 
1501.16 1614.04 226.441 5 0.075923 -3.8127 0.61154 -0.1743 
1510.99 1582.92 228.392 5 0.0759229 -4.11015 0.61154 -0.145829 
1520.88 1547.74 230.343 5 0.0759227 -4.37037 0.61154 -0.119125 
1530.81 1509 232.294 5 0.0759226 -4.59381 0.61154 -0.0949284 
1540.79 1467.2 234.246 5 0.0759225 -4.78201 0.61154 -0.0737298 
1550.83 1422.84 236.197 5 0.0759224 -4.93742 0.61154 -0.0557005 
1560.92 1376.35 238.148 5 0.0759223 -5.06306 0.61154 -0.0406838 
1571.06 1328.14 240.099 5 0.0759223 -5.16193 0.61154 -0.0282421 
1581.25 1278.59 242.05 5 0.0759226 -5.23652 0.611533 -0.0177342 
1591.49 1228.01 244.002 5 0.0759086 -5.28808 0.611774 -0.00839395 
1601.79 1176.73 245.953 5 0.0763858 -5.3159 0.603549 0.000601177 
1612.14 1125.07 247.91 5 0.0600703 -5.31637 0.606332 0.0100624 
1622.55 1073.41 249.645 5.16792 0.0496975 -5.28173 0.599285 -0.0126513 
1632.82 1022.21 251.234 5.43296 0.0468512 -5.3361 0.582979 -0.0243775 
1642.85 970.279 252.778 5.71383 0.0450809 -5.44849 0.566673 -0.0204629 
1652.61 916.808 254.293 5.99792 0.0464167 -5.55709 0.550367 -0.0111274 
1662.1 861.854 255.819 6.25267 0.0512263 -5.62862 0.534061 -0.00432889 
1671.36 805.923 257.405 6.44457 0.0556552 -5.66383 0.517755 -0.00153839 
1680.44 749.511 259.048 6.58318 0.0515757 -5.68054 0.501449 -0.000938023 
1689.42 692.87 260.632 6.7617 0.0322271 -5.69354 0.485143 -0.000830573 
1698.25 636.053 261.947 7.13527 0.00301992 -5.70765 0.468837 -0.000585009 
1706.72 579.042 262.856 7.78903 -0.010639 -5.72093 0.45253 -0.000223056 
1714.5 521.851 263.563 8.53639 0.0272642 -5.72911 0.436224 0.000111746 
1721.46 464.549 264.772 8.83305 0.128015 -5.72681 0.419918 0.000340155 
1728.12 407.278 267.351 8.06583 0.232264 -5.7047 0.403612 0.000395265 
1735.65 350.309 271.371 6.29311 0.202254 -5.64553 0.387306 0.000218994 
1745.24 294.147 275.02 5 -0.0899997 -5.52521 0.369 0 
1745.24 294.147 275.02 5 -0.0899997 -5.52521 0.369 0 
1762.73 185.751 272.333 6.72021 -0.953408 -6.24235 1.15369 0.711145 
1776.74 57.6106 245.795 25.2662 -0.141076 -4.52028 -0.176775 0.829062 
1747.95 -23.0775 240.807 25.0832 -0.140182 -2.42572 -0.165163 0.560134 
1719.34 -46.0893 235.852 24.9003 -0.139288 -1.05942 -0.153551 0.0365862 
1690.88 -31.4786 230.929 24.7173 -0.138394 -0.971292 -0.141939 0.00939522 
1662.56 -14.4384 226.039 24.5343 -0.137501 -0.948445 -0.130326 0.055705 
1634.38 3.22524 221.182 24.3513 -0.136607 -0.811651 -0.118714 0.0580486 
1606.33 24.6543 216.357 24.1684 -0.135713 -0.666467 -0.107102 0.036707 
1578.42 50.0808 211.566 23.9854 -0.13482 -0.572477 -0.0954896 0.0197927 
1550.66 78.0951 206.806 23.8024 -0.133926 -0.520226 -0.0838774 0.0106481 
1523.03 107.548 202.08 23.6195 -0.133033 -0.490962 -0.0722652 0.00518525 
1495.55 137.806 197.386 23.4365 -0.132139 -0.475774 -0.0606529 0.00118996 
1468.21 168.482 192.725 23.2535 -0.131246 -0.471273 -0.0490407 -0.00178727 
1441.02 199.282 188.096 23.0705 -0.130352 -0.475117 -0.0374284 -0.00386602 
1413.98 229.976 183.501 22.8876 -0.129459 -0.485145 -0.0258162 -0.00524241 
1387.09 260.393 178.938 22.7046 -0.128565 -0.49962 -0.0142039 -0.00611714 
1360.34 290.411 174.407 22.5216 -0.127672 -0.517278 -0.00259169 -0.00663563 
1333.75 319.943 169.909 22.3387 -0.126778 -0.53721 0.00902056 -0.00689512 
1307.32 348.925 165.444 22.1557 -0.125885 -0.558736 0.0206328 -0.00696427 
1281.04 377.314 161.012 21.9727 -0.124991 -0.581345 0.032245 -0.00689392 
1254.92 405.081 156.612 21.7897 -0.124098 -0.60465 0.0438573 -0.00672191 
1228.96 432.205 152.245 21.6068 -0.123204 -0.628356 0.0554695 -0.0064762 
1203.16 458.677 147.911 21.4238 -0.122311 -0.652237 0.0670818 -0.00617744 
1177.52 484.49 143.609 21.2408 -0.121417 -0.67612 0.078694 -0.00584101 
1152.05 509.645 139.34 21.0579 -0.120524 -0.699866 0.0903063 -0.00547851 
1126.75 534.146 135.104 20.8749 -0.119631 -0.723365 0.101919 -0.00509874 
1101.62 558 130.9 20.6919 -0.118737 -0.746525 0.113531 -0.00470854 
1076.66 581.216 126.729 20.5089 -0.117844 -0.769266 0.125143 -0.00431329 
1051.87 603.805 122.591 20.326 -0.11695 -0.791515 0.136755 -0.00391738 
1027.25 625.781 118.485 20.143 -0.116057 -0.813204 0.148367 -0.00352451 
1002.81 647.159 114.412 19.96 -0.115163 -0.834263 0.15998 -0.00313793 
978.548 667.958 110.372 19.7771 -0.11427 -0.854621 0.171592 -0.00276058 
954.467 688.195 106.365 19.5941 -0.113376 -0.874197 0.183204 -0.00239527 
930.567 707.893 102.39 19.4111 -0.11248 -0.892902 0.194816 -0.00204475 
906.85 727.076 98.4476 19.2281 -0.111584 -0.910633 0.206429 -0.00171176 
883.319 745.77 94.5383 19.045 -0.110706 -0.927272 0.218041 -0.00139907 
859.975 764.005 90.6611 18.8623 -0.109852 -0.942676 0.229653 -0.00110953 
836.82 781.816 86.8156 18.6804 -0.108931 -0.956681 0.241265 -0.000845974 
813.854 799.241 83.0034 18.4977 -0.107744 -0.969087 0.252878 -0.000611217 
791.079 816.324 79.232 18.3087 -0.106496 -0.979657 0.26449 -0.000407938 
768.512 833.116 75.5033 18.1135 -0.106808 -0.988106 0.276102 -0.000238525 
746.17 849.675 71.7747 17.9457 -0.110289 -0.994094 0.287714 -0.00010485 
723.994 866.068 67.9575 17.8668 -0.109671 -0.997208 0.299327 -7.94626e-06 
701.782 882.376 64.1609 17.775 -0.0818883 -0.996954 0.310939 5.24255e-05 
679.547 898.69 61.1333 17.1035 -0.03119 -0.992735 0.322551 7.83843e-05 
658.599 915.12 59.5315 15.4763 -0.10954 -0.983831 0.334163 7.4739e-05 
641.196 931.791 55.844 15.7684 -0.562064 -0.969364 0.345776 5.00759e-05 
623.195 948.862 39.6827 25.4742 -0.875942 -0.94826 0.357388 1.82067e-05 
583.06 966.53 14.45 40 1.4 -0.919248 0.369 0 
