grtopS_81_4
50
2 2
10 10 
0 6 7 1 2 4 3 8 5 9 
0 6 7 1 2 4 3 8 5 9 
911.959 17.1017 54.5171 15.8979 64.9982 89.1079 70.8929 28.9698 107.021 
103763 47.6529 84.0463 1.7545e-09 40.8265 0 54.4159 0 97.5765 
18.6114 0.349014 1.11259 0.324448 1.32649 1.81853 1.44679 0.59122 2.1841 
2117.62 0.972508 1.71523 3.58061e-11 0.833195 0 1.11053 0 1.99136 
0 0.104546 0.484484 0.141278 0 0.524089 0.196042 0.25745 1.32811 
1.45374e-06 5.1569e-07 0.171403 0.802223 1.44441e-06 9.32254 0.332286 3.26038 1.79601 
308.45 873.01 521.93 21.1889 0.5547 0 0.124339 0 
308.45 873.01 521.93 21.1889 0.5547 -1.48153e-11 0.126544 -0.105006 
308.45 873.01 521.93 21.167 0.684544 -0.904491 0.117909 0.107995 
5.242 845.695 565.243 5.12386 0.763113 -0.0578572 0.296907 0.0302347 
5.99952 548.245 477.632 5.00002 0.7604 0.0683782 0.296862 0.0295339 
8.3105 249.4 387.898 5.00002 0.673435 0.190324 0.302935 0.0275379 
9.74881 -31.3827 269.011 17.8939 0.565337 0.351074 0.161048 0.00532629 
9.75823 -85.7217 240.278 21.2351 0.54336 0.390103 0.123818 -0.00030615 
9.48233 -82.6359 236.93 21.1809 0.543516 0.394768 0.124426 -0.000218865 
9.21201 -80.4389 233.102 21.1894 0.543334 0.400084 0.12433 -0.000235753 
8.94309 -78.0696 229.298 21.1858 0.543238 0.405372 0.124367 -0.000232187 
8.67645 -75.7374 225.425 21.1809 0.543114 0.410752 0.124422 -0.000227015 
8.4117 -73.4572 221.463 21.1813 0.542971 0.416257 0.124417 -0.000230527 
8.1488 -71.1415 217.457 21.1788 0.542844 0.421823 0.124444 -0.000229254 
7.88781 -68.8391 213.384 21.1764 0.54271 0.427482 0.12447 -0.000228347 
7.62859 -66.5468 209.242 21.1746 0.542584 0.433236 0.124488 -0.00022795 
7.37086 -64.2563 205.04 21.1705 0.54246 0.439074 0.124533 -0.000224178 
7.11522 -62.0053 200.757 21.1681 0.542321 0.445024 0.124559 -0.000223333 
6.86119 -59.7634 196.403 21.1658 0.54218 0.451071 0.124584 -0.000222595 
6.60858 -57.5291 191.979 21.1632 0.542043 0.457215 0.124611 -0.000221277 
6.35733 -55.3072 187.484 21.1599 0.541903 0.463459 0.124647 -0.000219121 
6.10771 -53.1077 182.91 21.1573 0.541756 0.469811 0.124674 -0.000218122 
5.85944 -50.9184 178.262 21.1547 0.541606 0.476267 0.124703 -0.000216999 
5.61249 -48.7405 173.537 21.152 0.541455 0.482829 0.124732 -0.000215724 
5.36679 -46.5736 168.735 21.1492 0.541299 0.489499 0.124761 -0.000215362 
5.12287 -44.418 163.854 21.1467 0.54114 0.496273 0.124788 -0.000213662 
4.87851 -42.2693 158.895 21.1439 0.540979 0.503164 0.124818 -0.000213294 
4.63663 -40.1311 153.854 21.1412 0.540815 0.510161 0.124847 -0.000212263 
4.39528 -38.0017 148.732 21.1385 0.540647 0.517273 0.124876 -0.000211451 
4.15488 -35.8806 143.527 21.1358 0.540477 0.5245 0.124906 -0.000210687 
3.91539 -33.7673 138.239 21.133 0.540303 0.531843 0.124935 -0.000209969 
3.67676 -31.6615 132.865 21.1303 0.540126 0.539305 0.124965 -0.000209297 
3.43893 -29.5625 127.405 21.1275 0.539946 0.546885 0.124995 -0.000208672 
3.20185 -27.47 121.857 21.1247 0.539763 0.554588 0.125024 -0.000208093 
2.96547 -25.3834 116.22 21.1219 0.539576 0.562413 0.125054 -0.00020756 
2.72973 -23.3024 110.494 21.1191 0.539386 0.570363 0.125085 -0.000207073 
2.49459 -21.2264 104.676 21.1163 0.539193 0.578439 0.125115 -0.000206625 
2.25999 -19.1551 98.766 21.1134 0.538998 0.586644 0.125145 -0.000206202 
2.02589 -17.0881 92.7623 21.1103 0.538776 0.594979 0.12518 -0.000206157 
1.79227 -15.0239 86.6542 21.1109 0.538563 0.603456 0.125171 -0.000211247 
1.55844 -12.9059 80.4802 21.1061 0.538362 0.612027 0.125227 -0.000207147 
1.32519 -10.8227 74.1918 21.1041 0.538323 0.620762 0.124919 -0.00028912 
1.09438 -8.76312 67.8706 21.0768 0.519668 0.628817 0.126613 -0.000689777 
0.62246 -3.25992 55.0288 23.9486 0.498361 0.645432 0.0949102 -0.0054768 
-0.254718 52.1021 63.1943 24.3489 0.500363 0.634533 0.090346 -0.0429959 
-0.986273 113.382 75.9552 23.693 0.517936 0.299165 0.0969446 0.0702569 
-108.204 160.635 88.1775 23.1002 0.507227 0.928011 0.103543 0.0652238 
1.06986 200.733 90.9989 22.57 0.507966 1.5204 0.110143 0.0432531 
310.24 232.29 88.8705 20.3561 0.610701 1.92306 0.116741 -0.0125615 
753.402 207.483 99.4802 5.00005 0.0899512 1.7788 0.123339 0 
753.402 207.483 99.4802 5.00005 0.0899512 1.7788 0.123339 0 
755.91 222.168 100.116 5 -0.484178 1.88336 -0.188388 -1.02859 
758.473 237.31 98.2511 6.96205 -1.25812 1.53183 0.331339 -1.00714 
760.402 250.921 93.0024 11.3327 -1.4 1.18541 0.271139 -0.925906 
760.771 263.024 87.1053 16.061 -1.4 0.858491 0.561732 -0.81527 
759.438 273.705 81.1752 20.5992 -1.01593 0.558136 1.08847 -0.730035 
756.435 283.079 76.886 23.6349 -0.103993 0.289758 -0.130327 -0.588099 
752.254 291.286 76.5469 23.7974 0.0839443 0.0728434 -0.118714 -0.617022 
747.997 298.548 77.0251 23.3303 0.127883 -0.130968 -0.107102 -0.499622 
743.903 304.922 77.6979 22.7287 0.15988 -0.293083 -0.0954898 -0.510373 
740.02 310.59 78.5143 22.0359 0.174446 -0.446198 -0.0838776 -0.502419 
736.385 315.592 79.3989 21.3123 0.16791 -0.58438 -0.0722653 -0.373728 
733.011 319.991 80.2601 20.6286 0.139107 -0.679784 -0.0606531 -0.221965 
729.884 323.974 81.0006 20.0576 0.0898019 -0.729778 -0.0490408 -0.105479 
726.968 327.74 81.5305 19.6638 0.0247435 -0.743928 -0.0374286 -0.0307965 
724.199 331.444 81.7797 19.4946 -0.0486712 -0.741248 -0.0258163 0.0339752 
721.497 335.16 81.7104 19.5712 -0.121138 -0.718726 -0.0142041 0.116402 
718.775 338.973 81.3251 19.8834 -0.182521 -0.669584 -0.00259184 0.140148 
715.946 343.001 80.6702 20.3879 -0.223154 -0.617624 0.00902041 0.134002 
712.939 347.255 79.8348 21.0105 -0.235211 -0.573866 0.0206327 0.131333 
709.709 351.7 78.9426 21.6532 -0.213968 -0.535829 0.0322449 0.141833 
706.244 356.311 78.1385 22.205 -0.158769 -0.496933 0.0438571 0.164855 
702.576 361.091 77.5708 22.556 -0.0735361 -0.448887 0.0554694 0.199779 
698.773 366.081 77.3719 22.6125 0.0332935 -0.384447 0.0670816 0.243207 
694.939 371.351 77.6378 22.3111 0.149456 -0.297902 0.0786939 0.286522 
691.203 376.998 78.4117 21.6312 0.260143 -0.186229 0.0903061 0.317223 
687.702 383.131 79.6723 20.6017 0.349767 -0.0522627 0.101918 0.324631 
684.564 389.847 81.3304 19.3022 0.404009 0.0938829 0.113531 0.306436 
681.889 397.2 83.2338 17.8576 0.411916 0.240725 0.125143 0.281441 
679.735 405.191 85.1818 16.4256 0.367741 0.385219 0.136755 0.260696 
678.102 413.811 86.9473 15.1784 0.272268 0.526652 0.148367 0.247783 
676.928 423.047 88.3058 14.2806 0.133384 0.665888 0.15998 0.234864 
676.092 432.889 89.0658 13.8663 -0.0342693 0.801989 0.171592 0.223685 
675.422 443.324 89.0985 14.0169 -0.210604 0.935486 0.183204 0.205845 
674.716 454.34 88.3623 14.7452 -0.372265 1.07215 0.194816 0.222505 
673.764 465.951 86.9169 15.9863 -0.495496 1.18838 0.206429 0.193978 
672.378 478.069 84.9263 17.5982 -0.559342 1.30897 0.218041 0.18164 
670.417 490.712 82.6464 19.3736 -0.548809 1.42599 0.229653 0.170091 
667.817 503.865 80.4 21.0615 -0.457533 1.54378 0.241265 0.166255 
664.6 517.532 78.5392 22.3969 -0.289537 1.65592 0.252878 0.155384 
660.887 531.688 77.4008 23.1356 -0.0597597 1.73727 0.26449 0.102306 
656.886 546.198 77.2578 23.0898 0.206863 1.86039 0.276102 0.084905 
652.878 561.244 78.2762 22.1596 0.477779 1.94812 0.287714 0.0644087 
649.18 576.672 80.481 20.3561 0.716485 2.03885 0.299327 0.0444982 
646.109 592.495 83.7378 17.8106 0.887114 2.12449 0.310939 0.0283143 
643.941 608.69 87.7554 14.7698 0.959407 2.20401 0.322551 0.0193524 
642.863 625.23 92.1091 11.5736 0.913435 2.2761 0.334163 0.0141282 
642.942 642.084 96.285 8.61813 0.743392 2.33664 0.345776 0.0033305 
644.105 659.2 99.7409 6.30769 0.45985 2.40374 0.357388 -0.00144853 
646.128 676.608 101.978 5 0.09 2.35497 0.369 0 
646.128 676.608 101.978 5 0.09 2.35497 0.369 0 
653.977 731.574 103.187 5 -1.38207 1.87605 1.00107 -1.02715 
662.263 779.89 83.9604 20.1604 -0.550499 0.606421 0.319092 -0.814731 
652.905 810.596 75.9404 24.6153 -0.121795 -0.0988304 -0.165163 -0.576326 
638.242 831.514 73.7728 24.4361 -0.118318 -0.200531 -0.153551 -0.741289 
623.716 851.021 71.6574 24.2292 -0.11439 -0.86259 -0.141939 -0.756092 
609.353 861.336 69.6011 23.9925 -0.113653 -1.56288 -0.130327 -0.814731 
595.188 861.93 67.5603 23.7622 -0.119986 -2.55272 -0.118714 -0.795684 
581.213 848.782 65.4368 23.6126 -0.132417 -3.53712 -0.107102 -0.774024 
567.338 821.968 63.144 23.6006 -0.140245 -4.49972 -0.0954898 -0.66852 
553.404 781.79 60.7428 23.6654 -0.125437 -5.1557 -0.0838776 -0.157319 
539.32 732.507 58.5457 23.5607 -0.0782839 -5.3756 -0.0722653 -0.112522 
525.276 680.17 57.0055 22.9604 -0.0215887 -5.37343 -0.0606531 0.0936734 
511.841 627.863 56.2658 22.7774 -0.0206953 -5.40644 -0.0490408 -0.0701209 
498.588 575.098 56.5115 22.5944 -0.0198023 -5.72101 -0.0374286 0.0911507 
485.542 517.966 56.7737 22.4114 -0.0189096 -5.90662 -0.0258163 0.351694 
472.704 458.256 57.0523 22.2285 -0.0180167 -5.906 -0.0142041 0.345603 
460.078 398.555 57.3474 22.0455 -0.0171227 -5.90616 -0.00259184 0.339258 
447.663 338.852 57.659 21.8626 -0.0162267 -5.90615 0.00902041 0.330801 
435.46 279.149 57.9871 21.6796 -0.0153298 -5.90722 0.0206327 0.322937 
423.469 219.43 58.3317 21.4966 -0.0144355 -5.9038 0.0322449 0.409413 
411.691 159.759 58.6929 21.3135 -0.0135482 -5.47874 0.0438571 0.41953 
400.132 105.989 59.0704 21.1306 -0.0126683 -4.99057 0.0554694 0.427402 
388.791 58.9954 59.4641 20.9478 -0.0117862 -4.39149 0.0670816 0.466507 
377.671 20.3184 59.8742 20.7651 -0.0108827 -3.64558 0.0786939 0.383451 
366.774 -8.00379 60.301 20.5822 -0.00994399 -3.10846 0.0903061 0.250955 
356.098 -28.8697 60.7448 20.3989 -0.00898705 -3.11033 0.101918 0.214766 
345.638 -49.7616 61.2059 20.215 -0.00807635 -3.13029 0.113531 0.197434 
335.395 -70.9308 61.6838 20.0309 -0.00729516 -3.15516 0.125143 0.342207 
325.369 -92.4454 62.1767 19.8481 -0.0066536 -2.54609 0.136755 0.357508 
315.567 -105.505 62.6825 19.668 -0.00598057 -1.86778 0.148367 0.340503 
305.986 -109.148 63.2017 19.49 -0.00492869 -1.19879 0.15998 0.320691 
296.626 -103.504 63.7394 19.3098 -0.00323139 -0.544477 0.171592 0.299767 
287.487 -88.7767 64.3047 19.1209 -0.00117734 0.0910207 0.183204 0.26557 
278.58 -65.2274 64.9027 18.9203 7.81232e-05 0.663801 0.194816 0.257638 
269.92 -33.7268 65.5227 18.7175 -0.000992931 1.27298 0.206429 0.236641 
261.509 6.23058 66.1322 18.5372 -0.00464484 1.87136 0.218041 0.198028 
253.324 54.4947 66.6951 18.4047 -0.00786975 2.40905 0.229653 0.123516 
245.308 110.223 67.2161 18.3111 -0.00439254 2.60609 0.241265 0.122823 
237.412 168.687 67.7876 18.1821 0.0107977 2.96303 0.252878 0.109127 
229.675 232.105 68.5727 17.8973 0.0328572 3.3009 0.26449 0.100131 
222.275 300.214 69.6704 17.3981 0.0411728 3.66702 0.276102 0.113322 
215.462 373.406 70.8947 16.8491 0.00778234 4.17787 0.287714 0.0885574 
209.308 453.688 71.6677 16.6954 -0.0731787 4.65619 0.299327 -0.0603481 
203.375 540.611 71.3201 17.4035 -0.148956 4.21572 0.310939 -0.0442287 
196.661 621.419 69.9048 18.8408 -0.106286 3.83125 0.322551 0.0343685 
188.293 696.891 69.0499 19.6903 0.148786 4.22846 0.334163 0.0203506 
178.889 777.879 71.7171 17.7618 0.535478 4.6178 0.345776 0.00385803 
171.602 864.269 79.7954 11.9166 0.686298 4.47965 0.357388 0.00303357 
170.998 948.737 90.0976 5 0.09 4.77791 0.369 0 
170.998 948.737 90.0976 5 0.09 4.77791 0.369 0 
173.294 974.292 90.7327 5 -0.212562 4.63766 -0.188388 -1.02859 
175.62 999.279 90.143 6.03148 -0.694859 4.26723 -0.176776 -1.00718 
177.644 1022.77 87.594 8.51913 -1.12827 3.90153 -0.0705748 -0.985776 
178.875 1044.77 83.2744 12.2571 -1.4 3.54056 0.139591 -0.964367 
178.879 1065.32 77.8305 16.6958 -1.4 3.18433 -0.141939 -0.942959 
177.398 1084.43 72.3577 21.0677 -1.4 2.83283 -0.130327 -0.921551 
174.453 1102.11 66.8567 25.3222 -1.22531 2.48606 -0.118714 -0.900143 
170.068 1118.4 62.0351 28.9243 -0.881275 2.14403 -0.107102 -0.878735 
164.446 1133.29 58.583 31.3697 -0.443529 1.80673 -0.0954898 -0.857327 
157.967 1146.83 56.8872 32.4003 -0.139809 1.47416 -0.0838776 -0.835918 
151.114 1159.02 56.4142 32.4662 0.209006 1.14632 -0.0722653 -0.81451 
144.207 1169.88 57.3528 31.4539 0.565704 0.823226 -0.0606531 -0.793102 
137.605 1179.43 59.7421 29.3677 0.888899 0.504863 -0.0490408 -0.771694 
131.673 1187.69 63.4533 26.3389 1.13756 0.191236 -0.0374286 -0.750286 
126.732 1194.68 68.1908 22.6222 1.27591 -0.117652 -0.0258163 -0.728878 
123.023 1200.42 73.5125 18.5753 1.27807 -0.421801 -0.0142041 -0.707469 
120.668 1204.93 78.8692 14.6264 1.13204 -0.721209 -0.00259184 -0.686061 
119.649 1208.23 83.6604 11.2294 0.842291 -1.01587 0.00902041 -0.664653 
119.793 1210.33 87.3006 8.81233 0.430667 -1.30579 0.0206327 -0.643245 
120.783 1211.26 89.2901 7.72476 -0.0646664 -1.59097 0.0322449 -0.621837 
122.182 1211.03 89.2814 8.18941 -0.452545 -1.8714 0.0438571 -0.600429 
123.46 1209.67 87.6994 9.83438 -0.670952 -2.14708 0.0554694 -0.57902 
124.208 1207.19 85.2226 12.1066 -0.818209 -2.41801 0.0670816 -0.557612 
124.21 1203.62 82.135 14.7703 -0.870601 -2.68419 0.0786939 -0.536204 
123.327 1198.96 78.8179 17.523 -0.813567 -2.94563 0.0903061 -0.514796 
121.518 1193.25 75.7138 20.0254 -0.644214 -3.20232 0.101918 -0.493388 
118.858 1186.51 73.2792 21.9381 -0.372681 -3.45427 0.113531 -0.47198 
115.534 1178.74 71.9313 22.9619 -0.0220693 -3.70146 0.125143 -0.450571 
111.839 1169.97 71.9962 22.8768 0.261608 -3.94391 0.136755 -0.429163 
108.148 1160.22 73.21 21.9181 0.376678 -4.1816 0.148367 -0.407755 
104.767 1149.51 74.896 20.6282 0.461454 -4.41455 0.15998 -0.386347 
101.812 1137.86 76.9334 19.1092 0.50338 -4.64274 0.171592 -0.364939 
99.3608 1125.28 79.1505 17.4991 0.493871 -4.86619 0.183204 -0.343531 
97.4504 1111.8 81.3395 15.9586 0.429679 -5.08487 0.194816 -0.322122 
96.0619 1097.43 83.2787 14.6544 0.313736 -5.2988 0.206429 -0.300714 
95.121 1082.19 84.7569 13.7397 0.155352 -5.50798 0.218041 -0.279306 
94.5008 1066.11 85.5999 13.3348 -0.0303359 -5.7124 0.229653 -0.257898 
94.0333 1049.2 85.6938 13.5104 0.0589128 -5.91206 0.241265 -0.23649 
93.5016 1031.48 86.1478 13.4045 0.161493 -6.10696 0.252878 -0.199962 
92.9991 1012.97 87.0178 12.9833 0.26654 -6.28 0.26449 -0.000889802 
92.6312 993.76 88.3158 12.2476 0.361955 -6.28 0.276102 0.000237015 
92.5048 974.551 90.0049 11.2354 0.435722 -6.28 0.287714 0.000184864 
92.7144 955.342 91.9992 10.0206 0.477338 -6.28 0.299327 0.000138131 
93.3309 936.133 94.1698 8.70758 0.479189 -6.28 0.310939 9.74131e-05 
94.3907 916.923 96.3564 7.42144 0.437697 -6.28 0.322551 6.3253e-05 
95.8889 897.713 98.3834 6.29495 0.3541 -6.28 0.334163 3.61176e-05 
97.7756 878.503 100.079 5.45357 0.234722 -6.28 0.345776 1.63777e-05 
99.9588 859.292 101.297 5 0.0906679 -6.28 0.357388 0.000687424 
102.311 840.082 101.935 5 -0.0761181 -6.19902 0.369 0 
102.311 840.082 101.935 5 -0.0761181 -6.19902 0.369 0 
112.188 763.457 101.205 6.51413 -1.25033 -6.20209 1.15367 -0.0787988 
120.422 686.784 80.9995 22.0777 -0.224424 -6.27722 -0.128488 0.00305256 
107.005 608.883 77.3614 23.9808 0.0521354 -6.27754 -0.165097 0.00331709 
90.8515 530.979 78.2502 22.2229 0.5312 -6.27763 -0.153444 0.00347324 
76.9002 453.072 87.1148 14.6136 0.75409 -6.27759 -0.135934 0.00359453 
73.2607 375.158 99.8705 5.00546 -0.177198 -6.27744 0.513278 0.00399175 
83.0952 297.236 97.4669 7.68643 -0.991908 -6.27691 1.04995 0.277849 
89.5641 219.325 81.5077 19.9452 -0.0436391 -6.02581 -0.100146 0.875339 
78.9352 145.583 80.9184 19.7812 -0.0349055 -5.22796 -0.0926447 0.855305 
68.5119 85.0466 80.478 19.5194 -0.0335229 -4.4479 -0.0823696 0.834255 
58.4311 37.4209 80.0675 19.2609 -0.0478185 -3.68658 -0.0708582 0.812895 
48.6943 2.3958 79.4271 19.2019 -0.0739081 -2.9443 -0.0591862 0.791296 
39.0328 -20.3437 78.3566 19.4692 -0.0798854 -2.22129 -0.0474681 0.769277 
28.9929 -31.116 77.18 19.7745 -0.0148555 -1.51794 -0.0356262 0.745649 
18.4968 -30.2467 77.0716 19.2193 0.12604 -0.835743 -0.0236139 0.224182 
8.69575 -18.0866 79.31 16.941 0.206828 -0.630164 -0.010672 -0.692011 
1.96646 -2.52628 82.946 13.8817 -0.0391952 -1.26264 0.309004 -0.500843 
-0.511768 2.56243 82.5911 14.0168 0.030165 -1.72063 0.273714 0.159436 
-3.20994 0.0708609 83.3806 13.2897 0.0321128 -1.57487 0.307881 0.00354 
-4.91635 -0.0089491 84.2217 12.5915 0.00448244 -1.57164 0.357583 0.0142611 
-5.65975 -0.0359769 84.6239 12.2802 -0.00921051 -1.5586 0.380712 0.440561 
-5.97233 0.152578 84.8078 12.1581 -0.0142614 -1.15554 0.389609 -0.479211 
-6.10983 7.01215 84.9113 12.1062 -0.0163702 -1.59367 0.389852 -0.555175 
-6.18019 6.61996 84.9813 12.0863 -0.0259694 -2.10159 0.402356 -0.533952 
-6.22536 -2.17905 84.893 12.1803 -0.00759012 -2.59044 0.380363 -0.510177 
-6.41063 -19.0689 85.1063 12.0488 -0.0292025 -3.05785 0.401228 0.0978636 
-6.4134 -43.6954 84.9654 12.1884 -0.0194364 -2.96931 0.389245 0.466486 
-6.60801 -66.8561 84.9825 12.1986 -0.0176005 -2.54347 0.385949 0.447948 
-6.81069 -82.9686 85.0297 12.1871 -0.0223353 -2.13431 0.383421 0.42838 
-6.98956 -92.3089 84.9988 12.2383 -0.0350339 -1.74277 0.392993 0.407256 
-7.22797 -95.1688 84.7564 12.4369 -0.0157964 -1.37031 0.353916 0.385946 
-7.73924 -91.8637 84.8271 12.4004 -0.0623988 -1.01709 0.395856 0.364587 
-8.17964 -82.7123 84.1274 12.924 -0.0101398 -0.683175 0.364528 0.343209 
-9.35056 -68.0337 84.2789 12.7559 0.0457525 -0.368599 0.370503 0.32182 
-10.3079 -48.1487 85.3598 11.8978 0.088976 -0.0733844 0.405834 0.300425 
-10.1019 -23.3783 87.179 10.5622 0.0841513 0.202452 0.44817 0.279026 
-8.05888 5.95615 88.9537 9.40043 -0.0253436 0.458894 0.56389 0.257624 
-4.37666 39.5338 88.9469 9.65824 -0.0287879 0.69593 0.548733 0.236218 
-1.0323 77.0349 88.8764 9.94268 -0.0292127 0.913539 0.532756 0.21481 
1.93549 118.138 88.7912 10.2135 -0.0245259 1.11171 0.516542 0.193397 
4.54238 162.522 88.7764 10.4079 -0.0175526 1.29042 0.500275 0.171978 
6.89099 209.863 88.8719 10.5054 -0.0204475 1.44965 0.484006 0.150553 
9.1165 259.84 88.9169 10.6407 -0.0482136 1.58939 0.467732 0.129116 
11.175 312.13 88.4987 11.123 -0.094448 1.70961 0.451434 0.10766 
12.597 366.411 87.3025 12.1474 -0.104451 1.81028 0.435103 0.0861659 
12.6254 422.358 85.9135 13.1991 0.00598353 1.89135 0.41873 0.064581 
11.1774 479.649 86.3245 12.7588 0.238701 1.95273 0.402284 0.0425997 
10.2507 537.955 90.5989 9.44753 0.357177 1.99403 0.385754 0.000163914 
13.8186 596.942 96.9222 5.01358 -0.086719 1.99654 0.369 0 
13.8186 596.942 96.9222 5.01358 -0.086719 1.99654 0.369 0 
28.0126 677.334 96.2039 6.74633 -1.16919 1.47569 1.15369 -1.02858 
39.5054 745.91 70.8607 26.1238 0.289983 -0.326523 -0.176776 -1.0064 
13.9198 773.621 77.9223 19.8268 0.837346 -2.09417 -0.165163 -0.985223 
-0.17608 761.214 97.633 5 0.0558382 -3.85329 0.690386 -0.962206 
13.9045 708.87 100.15 5 0.0558373 -5.57919 0.690386 -0.212718 
28.0684 617.363 102.667 5 0.0558369 -6.27597 0.690386 0.308809 
42.334 510.047 105.184 5 0.0558369 -6.27741 0.690386 0.296264 
56.7141 402.698 107.701 5 0.0558369 -6.27842 0.690386 -0.0396198 
71.2086 295.325 110.218 5 0.0558369 -6.27904 0.690386 -0.225455 
85.8175 187.939 112.735 5 0.055837 -6.18892 0.690387 0.83543 
100.542 82.5977 115.251 5 0.0558378 -4.62188 0.690387 0.814196 
115.41 12.8135 117.768 5 0.0558386 -3.07981 0.690387 0.792652 
130.42 -21.9801 120.285 5 0.0558394 -1.56353 0.690386 0.432875 
145.572 -22.3681 122.802 5 0.0558399 -0.56968 0.690386 -0.427505 
160.856 -0.205084 125.319 5 0.0558394 -1.54252 0.690386 -0.00054598 
176.237 -0.116495 127.836 5 0.0558394 -1.54751 0.690386 -0.000353598 
191.733 -0.141071 130.353 5 0.0558394 -1.54685 0.690386 -0.000648109 
207.343 -0.150656 132.87 5 0.0558394 -1.54822 0.690386 2.11198e-05 
223.067 -0.191326 135.387 5 0.0558394 -1.54593 0.690386 -0.000174319 
238.905 -0.180149 137.904 5 0.0558394 -1.54706 0.690386 -0.000119419 
254.859 -0.194566 140.421 5 0.0558394 -1.547 0.690386 0.00020834 
270.926 -0.207461 142.938 5 0.0558394 -1.54693 0.690386 -0.000133084 
287.108 -0.218786 145.455 5 0.0558394 -1.54888 0.690386 0.000434623 
303.405 -0.274488 147.972 5 0.0558394 -1.5455 0.690386 0.000816255 
319.815 -0.253505 150.489 5 0.0558394 -1.54698 0.690386 0.00105752 
336.341 -0.266148 153.006 5 0.0558394 -1.54698 0.690386 4.13816e-05 
352.98 -0.278755 155.523 5 0.0558369 -1.54697 0.690429 -7.00561e-05 
369.735 -0.291051 158.04 5 0.0559815 -1.54696 0.687938 -4.963e-05 
386.603 -0.303101 160.56 5 0.0476797 -1.54848 0.68814 0.000261738 
403.59 -0.349766 162.892 5.14311 0.0402858 -1.54491 0.680816 0.000701369 
420.426 -0.315241 165.051 5.40004 0.0390316 -1.54662 0.66451 -0.000301879 
436.893 -0.319082 167.172 5.65696 0.0377765 -1.54975 0.648204 0.0005075 
452.991 -0.39356 169.255 5.91389 0.036519 -1.54483 0.631898 -0.000115866 
468.717 -0.356104 171.3 6.17087 0.0352612 -1.54667 0.615592 9.12603e-05 
484.068 -0.359947 173.308 6.4279 0.0340137 -1.5468 0.599286 -0.000375613 
499.045 -0.366348 175.278 6.68478 0.0327866 -1.55047 0.58298 0.000550317 
513.644 -0.455623 177.21 6.9412 0.0315493 -1.54524 0.566673 -0.000192128 
527.866 -0.425784 179.105 7.1974 0.0302013 -1.54669 0.550367 -0.000146118 
541.709 -0.428689 180.961 7.45531 0.0286974 -1.5472 0.534061 -0.000164247 
555.168 -0.442746 182.773 7.71739 0.0274117 -1.54691 0.517755 -0.000170505 
568.233 -0.449779 184.546 7.97923 0.0272318 -1.54768 0.501449 -0.0610727 
580.903 -0.473906 186.305 8.2218 0.0280796 -2.01723 0.485143 -0.0377295 
593.203 -11.1521 188.075 8.43019 0.0257837 -1.93468 0.468837 0.129307 
605.207 -19.9568 189.785 8.66374 0.0130815 -1.24893 0.452531 0.107986 
616.882 -13.201 191.199 9.09837 -0.00434147 -0.589179 0.436224 0.0865985 
627.851 8.52552 192.201 9.78584 0.0168655 0.0443703 0.419918 0.0651956 
637.618 44.6287 193.66 10.0219 0.13002 0.651658 0.403612 0.0437784 
646.981 94.5121 197.677 8.286 0.235626 1.23262 0.387306 -0.00199009 
659.646 157.575 204.154 5 -0.09 0.828948 0.369 0 
659.646 157.575 204.154 5 -0.09 0.828948 0.369 0 
670.329 201.07 202.911 6.64611 -1.17436 0.634649 1.15369 -1.02844 
678.976 241.058 182.045 22.3663 -0.0602726 -0.585704 -0.176776 -0.997654 
663.708 259.034 180.836 21.996 -0.0390151 -1.74391 -0.165163 -0.972376 
648.908 256.101 180.021 21.7602 -0.0502173 -2.79162 -0.153551 -0.949552 
634.409 234.255 179.011 21.6967 -0.0702003 -3.90314 -0.141939 -0.923272 
619.956 192.343 177.642 21.5138 -0.0693051 -4.98819 -0.130327 -0.159697 
605.702 130.843 176.295 21.3309 -0.0683994 -5.19183 -0.118714 0.877813 
591.661 65.6666 174.969 21.1477 -0.06749 -4.1481 -0.107102 0.855164 
577.851 19.3318 173.665 20.9644 -0.0666064 -3.13046 -0.0954898 0.831734 
564.274 -8.63236 172.382 20.7813 -0.065781 -2.13344 -0.0838776 0.804317 
550.929 -18.5981 171.119 20.5991 -0.064981 -1.16534 -0.0722653 0.040126 
537.816 -11.0877 169.876 20.4182 -0.0640419 -1.16147 -0.0606531 -0.21055 
524.919 -3.50756 168.655 20.2363 -0.0627617 -1.41095 -0.0490408 -0.149877 
512.238 -0.431459 167.463 20.0491 -0.0612952 -1.58149 -0.0374286 0.00273648 
499.78 -0.434181 166.302 19.8544 -0.0605779 -1.5776 -0.0258163 -0.0029207 
487.563 -0.366826 165.16 19.6636 -0.0618529 -1.58179 -0.0142041 0.000355513 
475.58 -0.375291 164.001 19.5034 -0.0644295 -1.58136 -0.00259184 0.000372889 
463.788 -0.376291 162.8 19.3882 -0.0630278 -1.58082 0.00902041 1.46329e-05 
452.119 -0.367703 161.627 19.2581 -0.0500415 -1.5808 0.0206327 -0.00071596 
440.591 -0.358916 160.692 18.9557 -0.0282748 -1.58184 0.0322449 0.00212587 
429.459 -0.36923 160.16 18.7727 -0.0273813 -1.57875 0.0438571 -0.00171798 
418.571 -0.323961 160.04 18.5898 -0.0264877 -1.58128 0.0554694 8.44247e-05 
407.944 -0.324577 159.942 18.4068 -0.025594 -1.5812 0.0670816 0.00023436 
397.578 -0.323878 159.866 18.2238 -0.0247005 -1.58085 0.0786939 6.41038e-05 
387.473 -0.317096 159.811 18.0408 -0.0238076 -1.58075 0.0903061 0.00135761 
377.63 -0.308646 159.777 17.8579 -0.0229152 -1.57911 0.101918 -0.000952421 
368.051 -0.270859 159.765 17.6749 -0.0220218 -1.58031 0.113531 0.00496653 
358.736 -0.255031 159.774 17.492 -0.021125 -1.57194 0.125143 0.0260989 
349.685 -0.0882763 159.805 17.309 -0.020225 -1.53442 0.136755 -0.20271 
340.9 0.75569 159.857 17.1259 -0.0193301 -1.79126 0.148367 -0.184548 
332.378 -3.03711 159.931 16.9428 -0.0184546 -2.04711 0.15998 -0.323825 
324.12 -11.4488 160.026 16.7599 -0.0175996 -2.50954 0.171592 -0.196013 
316.122 -28.2088 160.142 16.5776 -0.0167202 -2.78694 0.183204 0.311725 
308.389 -49.9766 160.278 16.3954 -0.01573 -2.31331 0.194816 0.305128 
300.93 -63.1947 160.438 16.2118 -0.0146112 -1.83661 0.206429 0.287552 
293.749 -67.8072 160.623 16.0252 -0.0136088 -1.38479 0.218041 0.268668 
286.85 -64.2636 160.832 15.8375 -0.0132355 -0.989349 0.229653 0.249119 
280.237 -53.5816 161.053 15.6575 -0.0136597 -0.592941 0.241265 0.233477 
273.897 -35.7436 161.272 15.4952 -0.0135468 -0.166232 0.252878 0.213462 
267.806 -10.2028 161.497 15.3413 -0.00987255 0.241621 0.26449 0.192625 
261.951 22.7006 161.793 15.1457 -0.00129605 0.629718 0.276102 0.171107 
256.392 62.6098 162.25 14.8461 0.00496395 0.99226 0.287714 0.149751 
251.285 109.063 162.828 14.4865 -0.00883521 1.3361 0.299327 0.128114 
246.73 161.724 163.168 14.3495 -0.0525245 1.65886 0.310939 0.10618 
242.405 220.21 162.722 14.8194 -0.0874042 1.96281 0.322551 0.0859673 
237.402 284.185 161.634 15.7038 -0.00987089 2.24356 0.334163 0.0639189 
231.055 353.228 161.92 15.4101 0.248571 2.50581 0.345776 0.0351038 
225.055 427.006 166.879 11.5921 0.482588 2.61007 0.357388 -0.000596772 
224.674 502.661 176.174 5 0.09 2.5702 0.369 0 
224.674 502.661 176.174 5 0.09 2.5702 0.369 0 
228.846 532.942 177.331 5 -0.521834 2.31397 -0.188386 -1.02855 
233.124 561.333 173.975 8.61536 -1.39835 1.63828 0.707861 -1.00714 
235.34 584.741 164.11 16.6845 -1.02673 0.971128 0.417162 -0.985764 
232.584 603.231 156.89 22.3532 -0.414735 0.312492 -0.145277 -0.964367 
226.274 616.865 154.119 24.5192 -0.0561637 -0.337621 -0.141027 -0.942951 
218.785 625.705 153.967 24.5414 0.018312 -0.928042 -0.128336 -0.921542 
211.068 630.213 154.364 24.1663 0.0595822 -1.55173 -0.116471 -0.900133 
203.569 630.458 155.071 23.5737 0.0922625 -2.16731 -0.104501 -0.878723 
196.422 626.282 156.025 22.8223 0.100512 -2.76293 -0.0954693 -0.857313 
189.728 617.744 157.049 22.0578 0.0656082 -3.34577 -0.0838547 -0.835901 
183.504 604.903 157.825 21.5221 -0.00742636 -3.92047 -0.0722244 -0.814486 
177.853 587.822 158.068 21.4183 -0.0944004 -4.48431 -0.0606308 -0.793066 
172.219 566.582 157.671 21.8038 0.313852 -5.05322 -0.0465066 -0.771694 
166.328 541.148 160.281 19.875 0.711874 -5.62636 -0.0349496 -0.750286 
161.731 511.374 165.85 15.8012 0.938404 -6.19095 -0.0243573 -0.098189 
159.595 477.03 173.139 10.6484 0.731276 -6.26579 -0.0133725 -0.11174 
160.458 442.639 178.96 6.90225 0.42372 -6.26897 0.177965 -0.0980615 
163.807 408.215 182.556 5.00001 0.0759249 -6.26995 0.611527 -0.068736 
168.462 373.778 183.61 5.00001 0.0759246 -6.27093 0.611528 -0.0333364 
173.136 339.335 184.664 5.00001 0.0759249 -6.27191 0.611526 -0.117802 
177.827 304.884 185.717 5.00001 0.0759228 -6.27282 0.611562 -0.577122 
182.534 270.428 186.771 5.00001 0.0759609 -6.26697 0.610907 -0.534946 
187.257 236.014 187.824 5.00001 0.0752765 -6.27395 0.612208 -0.507661 
191.995 201.052 188.866 5.0016 0.0758351 -6.27451 0.61226 0.0110148 
196.748 166.087 189.904 5.00161 0.0758336 -6.13961 0.61229 0.512092 
201.518 132.116 190.941 5.00141 0.0757886 -5.67527 0.612309 0.490806 
206.305 101.571 191.979 5.00118 0.0757081 -5.21946 0.61232 0.469507 
211.11 74.3878 193.016 5.001 0.075617 -4.77221 0.61231 0.448208 
215.932 50.5043 194.054 5.00092 0.0755188 -4.33351 0.612353 0.427002 
220.772 29.857 195.091 5.00092 0.0754174 -3.90278 0.612476 0.406614 
225.63 12.3873 196.128 5.00083 0.0740738 -3.48022 0.605195 0.385231 
230.504 -1.92417 197.168 5.00282 0.0645431 -3.06627 0.592202 0.363849 
235.397 -13.1745 198.136 5.07286 0.0435475 -2.6609 0.631882 0.342474 
240.27 -21.4262 198.95 5.24331 0.0713489 -2.26413 0.615325 0.32109 
244.988 -26.7428 199.967 5.25604 0.0925758 -1.87596 0.598314 0.299706 
249.849 -29.0496 201.14 5.1546 0.0914089 -1.4964 0.579806 0.278321 
254.79 -28.2533 202.306 5.0706 0.0626495 -1.12544 0.56555 0.256937 
259.803 -24.7205 203.261 5.1567 0.00955767 -0.763092 0.54829 0.235552 
264.79 -18.5147 203.818 5.54226 -0.0508043 -0.836607 0.533357 -0.214611 
269.566 -12.851 203.907 6.25292 -0.097945 -1.18111 0.51712 -0.147907 
273.814 -10.2426 203.617 7.19927 -0.112901 -0.984187 0.500884 0.166634 
277.545 -6.18104 203.225 8.18935 -0.0794781 -0.694507 0.484648 0.14718 
280.675 0.0644425 203.094 8.94955 0.00495463 -0.38259 0.468414 0.126458 
283.361 8.66957 203.577 9.17226 0.123894 -0.0786942 0.452525 0.105184 
285.884 19.5676 204.936 8.75426 0.239856 0.19369 0.431563 0.0753986 
288.741 32.8332 207.154 7.71235 0.298775 0.482166 0.416927 0.0612805 
292.24 48.2265 209.819 6.39462 0.271972 0.752587 0.403612 0.0369475 
296.562 65.6142 212.281 5.295 0.138644 1.01348 0.387116 -1.20316e-05 
301.592 84.9262 213.747 5.00163 -0.0885445 1.04292 0.369 0 
301.592 84.9262 213.747 5.00163 -0.0885445 1.04292 0.369 0 
319.344 154.793 210.877 6.42401 -0.692981 -0.282269 1.15369 -1.01882 
334.135 188.547 191.474 19.182 0.55686 -3.12759 0.123335 -0.586392 
319.264 144.783 205.573 5 -0.0635642 -4.0963 1.12108 0.156631 
336.448 74.595 203.385 5 -0.062618 -3.75655 1.10478 0.474885 
353.52 13.6657 201.222 5 -0.0616713 -2.45967 1.08847 0.447967 
370.502 -11.9208 199.085 5 -0.0607247 -1.2945 1.07216 -0.00591888 
387.391 -5.75391 196.974 5 -0.0597787 -1.31758 1.05586 -0.0529986 
404.164 -0.216065 194.888 5 -0.0588327 -1.5205 1.03955 0.000172533 
420.819 -0.208324 192.829 5 -0.0578867 -1.5203 1.02324 -0.000201126 
437.36 -0.195089 190.795 5 -0.0569407 -1.52099 1.00694 1.11968e-05 
453.79 -0.200687 188.787 5 -0.0559946 -1.52088 0.990633 -6.91639e-05 
470.11 -0.203311 186.804 5 -0.0550486 -1.52102 0.974327 -0.000149033 
486.321 -0.209741 184.848 5 -0.0541026 -1.52147 0.95802 3.2344e-05 
502.424 -0.228431 182.917 5 -0.0531565 -1.52128 0.941714 -1.39249e-05 
518.422 -0.241805 181.012 5 -0.0522105 -1.52127 0.925408 -3.74041e-05 
534.315 -0.255041 179.133 5 -0.0512645 -1.52139 0.909102 -5.10696e-06 
550.105 -0.271561 177.279 5 -0.0503184 -1.52139 0.892796 -2.9502e-05 
565.794 -0.287975 175.452 5 -0.0493724 -1.52148 0.87649 -6.96507e-06 
581.382 -0.306763 173.65 5 -0.0484264 -1.52147 0.860184 6.29088e-05 
596.871 -0.32538 171.874 5 -0.0474803 -1.52111 0.843878 1.32165e-05 
612.262 -0.334271 170.124 5 -0.0465343 -1.52099 0.827571 -2.86846e-05 
627.558 -0.339724 168.399 5 -0.0455883 -1.52107 0.811265 -2.04316e-05 
642.759 -0.347328 166.7 5 -0.0446422 -1.52111 0.794959 -7.24799e-06 
657.866 -0.356106 165.027 5 -0.0436962 -1.5211 0.778653 -0.000263494 
672.882 -0.364492 163.38 5 -0.148027 -1.52266 0.762347 0.000470657 
687.865 -0.415601 158.89 7.18277 -0.289765 -1.51942 0.746041 -0.000218579 
697.913 -0.374624 150.441 11.9363 -0.112661 -1.52114 0.729735 -3.27939e-06 
697.023 -0.37205 146.612 12.1932 -0.113916 -1.52109 0.713429 -4.28981e-06 
695.364 -0.367664 142.737 12.4501 -0.115171 -1.521 0.697122 -5.23336e-06 
692.933 -0.360553 138.816 12.707 -0.116425 -1.52098 0.680816 -2.81105e-05 
689.728 -0.352457 134.851 12.964 -0.11768 -1.5212 0.66451 -2.98004e-06 
685.745 -0.349891 130.839 13.2209 -0.118935 -1.52118 0.648204 -0.000595928 
680.984 -0.346326 126.783 13.4779 -0.120189 -1.52811 0.631898 0.00101418 
675.44 -0.531256 122.681 13.7348 -0.12144 -1.51492 0.615592 0.00724711 
669.112 -0.356222 118.533 13.9916 -0.122694 -1.41361 0.599286 -0.0201422 
662 2.58029 114.341 14.2485 -0.123967 -1.6421 0.58298 -0.038165 
654.093 -0.709794 110.102 14.5057 -0.125262 -2.1913 0.566673 -0.0161325 
645.383 -18.9662 105.817 14.7637 -0.126478 -2.39158 0.550367 0.0226386 
635.871 -42.6801 101.487 15.0207 -0.127416 -2.23653 0.534061 0.0789429 
625.565 -62.1682 97.1206 15.2712 -0.128343 -1.1504 0.517755 0.0375457 
614.498 -52.0566 92.718 15.516 -0.130953 -0.23338 0.501449 0.0343472 
602.678 -16.9536 88.2336 15.7911 -0.136649 0.623148 0.485143 0.0305846 
590.033 41.492 83.582 16.155 -0.137516 1.63306 0.468837 0.0150554 
576.363 127.461 78.8908 16.4919 -0.11077 2.54691 0.452531 0.00695617 
561.705 238.334 74.9137 16.2341 -0.0642737 3.23768 0.436224 0.000698375 
547.384 368.032 72.2151 15.0777 -0.152208 3.49639 0.419918 -6.64647e-05 
535.493 504.779 67.1706 15.9694 -0.602248 3.48884 0.403612 -9.14378e-06 
521.625 641.321 49.8225 26.0533 -0.873979 3.48377 0.387306 -0.00156422 
484.938 777.742 24.6288 40 1.4 3.62306 0.369 0 
308.45 873.01 521.93 21.1889 0.5547 0 0.124339 0 
308.45 873.01 521.93 21.1889 0.5547 -1.42326e-09 0.124339 -4.68231e-07 
308.45 873.011 521.928 21.1897 0.554698 -0.000455553 0.12433 1.52371e-06 
290.982 874.485 522.784 21.2556 0.553824 0.00111822 0.123621 -0.000124877 
378.826 1015.28 563.805 21.0492 0.558111 -0.0571284 0.125841 0.000290784 
416.72 683.168 538.111 21.1348 0.556019 -0.0220822 0.12492 0.000112566 
431.095 554.611 528.124 21.1682 0.555205 -0.00845281 0.124561 4.30908e-05 
436.578 505.399 524.3 21.181 0.554893 -0.00323456 0.124424 1.64891e-05 
438.675 486.567 522.837 21.1859 0.554774 -0.00123774 0.124371 6.31257e-06 
439.478 479.358 522.276 21.1877 0.554728 -0.000472302 0.124351 2.41318e-06 
439.787 476.602 522.061 21.1885 0.55471 -0.00017814 0.124344 9.15468e-07 
439.905 475.557 521.977 21.1887 0.554704 -6.47027e-05 0.124341 3.38477e-07 
439.951 475.17 521.945 21.1888 0.554701 -2.06875e-05 0.124339 1.15337e-07 
439.969 475.038 521.932 21.1889 0.5547 -3.26004e-06 0.124339 2.74788e-08 
439.975 475.007 521.927 21.1889 0.554699 3.87159e-06 0.124339 -7.69837e-09 
439.978 475.016 521.925 21.1889 0.554699 7.15675e-06 0.124339 -2.32975e-08 
439.979 475.042 521.924 21.1889 0.554699 8.95384e-06 0.124339 -3.11297e-08 
439.979 475.078 521.923 21.1889 0.554699 1.02688e-05 0.124339 -3.62711e-08 
439.979 475.119 521.922 21.1889 0.554699 1.15085e-05 0.124339 -4.08821e-08 
439.979 475.166 521.921 21.1889 0.554699 1.2788e-05 0.124339 -4.54534e-08 
439.979 475.217 521.92 21.1889 0.554699 1.41983e-05 0.124339 -5.02721e-08 
439.979 475.275 521.919 21.1889 0.554699 1.58557e-05 0.124339 -5.6051e-08 
439.979 475.338 521.917 21.1889 0.554699 1.77489e-05 0.124339 -6.26816e-08 
439.979 475.41 521.916 21.1889 0.554699 1.98976e-05 0.124339 -6.99029e-08 
439.979 475.49 521.914 21.1889 0.554698 2.24798e-05 0.124339 -7.87008e-08 
439.979 475.579 521.912 21.1889 0.554698 2.55273e-05 0.124338 -8.91495e-08 
439.979 475.681 521.909 21.1889 0.554698 2.90913e-05 0.124338 -1.01e-07 
439.978 475.796 521.906 21.189 0.554698 3.3435e-05 0.124338 -1.15566e-07 
439.978 475.928 521.902 21.189 0.554698 3.86716e-05 0.124338 -1.3309e-07 
439.978 476.079 521.898 21.189 0.554697 4.49989e-05 0.124338 -1.5373e-07 
439.977 476.255 521.892 21.189 0.554697 5.29007e-05 0.124338 -1.79546e-07 
439.977 476.459 521.885 21.189 0.554697 6.27456e-05 0.124338 -2.11225e-07 
439.976 476.7 521.876 21.189 0.554696 7.52439e-05 0.124338 -2.50761e-07 
439.976 476.986 521.864 21.189 0.554695 9.14302e-05 0.124337 -3.01188e-07 
439.975 477.329 521.849 21.1891 0.554694 0.000112759 0.124337 -3.66192e-07 
439.973 477.746 521.828 21.1891 0.554693 0.000141547 0.124337 -4.51228e-07 
439.971 478.26 521.799 21.1891 0.554691 0.000181674 0.124336 -5.65422e-07 
439.968 478.905 521.757 21.1892 0.554689 0.00023965 0.124336 -7.22896e-07 
439.964 479.729 521.694 21.1893 0.554685 0.000326955 0.124335 -9.46037e-07 
439.957 480.807 521.595 21.1894 0.554679 0.000465018 0.124333 -1.27436e-06 
439.946 482.259 521.429 21.1896 0.55467 0.000694906 0.124331 -1.77838e-06 
439.926 484.285 521.138 21.19 0.554655 0.00109778 0.124328 -2.59301e-06 
439.89 487.239 520.606 21.1905 0.554627 0.00183618 0.124322 -3.98612e-06 
439.821 491.78 519.596 21.1914 0.554575 0.00323668 0.124312 -6.53872e-06 
439.689 499.228 517.649 21.1933 0.554474 0.00593591 0.124292 -1.16249e-05 
439.435 512.47 513.951 21.1976 0.554274 0.011062 0.124246 -2.25161e-05 
438.977 538.117 507.355 21.2038 0.553936 0.0202066 0.124179 -3.94143e-05 
438.085 582.946 494.809 21.1738 0.553836 0.0375421 0.1245 1.72662e-05 
434.248 576.218 445.031 20.9867 0.553847 0.117769 0.126437 -0.000170026 
855.157 232.346 186.945 22.7521 3.35654e-05 0.0136265 0.123339 0 
855.157 232.346 186.945 22.7521 3.35654e-05 0.0136265 0.123339 0 
845.18 251.571 186.988 21.887 0.733518 0.0143963 -0.175393 -0.191868 
835.867 270.804 195.949 14.4789 0.81564 -0.113538 -0.146432 -0.169949 
833.954 288.479 206.05 6.88283 0.0974776 -0.226834 0.229944 -0.15041 
839.845 304.774 207.585 6.31589 -0.801456 -0.327067 0.895809 -0.132987 
846.542 319.851 198.222 13.7361 -0.545884 -0.415644 0.533539 -0.117463 
845.733 333.859 191.816 18.4041 -0.0975716 -0.493858 0.0324205 -0.103635 
840.121 346.922 190.76 18.8326 -0.0272942 -0.562843 -0.0193256 -0.0913163 
834.049 359.149 190.548 18.6061 -0.00254845 -0.623601 -0.017464 -0.0803366 
828.184 370.637 190.64 18.1681 -0.000814931 -0.677025 0.001872 -0.0705451 
822.748 381.478 190.762 17.7384 -0.0144113 -0.723907 0.0283149 -0.0618074 
817.734 391.748 190.728 17.454 -0.0292865 -0.764951 0.0514915 -0.0540051 
813 401.521 190.518 17.317 -0.0346349 -0.800782 0.0647814 -0.0470341 
808.395 410.859 190.247 17.2331 -0.0315673 -0.831954 0.0714562 -0.0408035 
803.864 419.818 190.014 17.124 -0.0260906 -0.858963 0.0776639 -0.0352342 
799.431 428.45 189.85 16.9696 -0.0219893 -0.882249 0.0862095 -0.030257 
795.144 436.799 189.738 16.7849 -0.0202088 -0.902209 0.0970313 -0.0258119 
791.032 444.906 189.652 16.5927 -0.0200657 -0.919197 0.10897 -0.0218467 
787.106 452.806 189.571 16.4079 -0.020389 -0.933533 0.120886 -0.0183159 
783.356 460.532 189.49 16.2343 -0.0203531 -0.945509 0.132204 -0.0151797 
779.774 468.113 189.413 16.0681 -0.019759 -0.955386 0.142945 -0.0124033 
776.351 475.574 189.346 15.9037 -0.0188168 -0.963407 0.153413 -0.00995573 
773.086 482.937 189.294 15.7381 -0.0178056 -0.969789 0.163877 -0.00780973 
769.981 490.223 189.257 15.5706 -0.0168861 -0.974735 0.174435 -0.00594072 
767.037 497.449 189.235 15.4022 -0.016097 -0.978431 0.185053 -0.0043264 
764.256 504.629 189.225 15.2342 -0.0154323 -0.981045 0.195646 -0.00294632 
761.638 511.778 189.227 15.0676 -0.0148948 -0.982735 0.206151 -0.00178144 
759.182 518.906 189.239 14.9036 -0.0144734 -0.983644 0.216544 -0.000813846 
756.886 526.023 189.259 14.7432 -0.0140717 -0.983905 0.226833 -2.64659e-05 
754.746 533.137 189.287 14.5861 -0.0134748 -0.983638 0.237031 0.000597171 
752.759 540.254 189.325 14.4306 -0.0124516 -0.982952 0.247139 0.00107301 
750.924 547.379 189.378 14.2725 -0.0110061 -0.981947 0.257137 0.00141665 
749.244 554.516 189.453 14.1082 -0.00963716 -0.980711 0.266991 0.00164341 
747.725 561.668 189.547 13.9389 -0.00931633 -0.979322 0.276668 0.00176835 
746.373 568.836 189.648 13.7749 -0.0109161 -0.977849 0.286153 0.00180627 
745.183 576.023 189.733 13.6336 -0.0141558 -0.97635 0.295457 0.00177162 
744.133 583.227 189.782 13.5283 -0.016734 -0.974873 0.304604 0.00167851 
743.188 590.45 189.801 13.4503 -0.0147953 -0.973458 0.313581 0.00154053 
742.318 597.689 189.845 13.3558 -0.0055837 -0.972135 0.322288 0.00137069 
741.54 604.945 190.003 13.179 0.00840729 -0.970925 0.330536 0.00118121 
740.933 612.215 190.334 12.8826 0.0168253 -0.969842 0.338125 0.000983419 
740.621 619.498 190.773 12.5279 0.00480667 -0.968891 0.344986 0.000787524 
740.668 626.792 191.073 12.3085 -0.0353828 -0.968071 0.351268 0.000602464 
740.944 634.096 190.89 12.4741 -0.0888312 -0.967374 0.357201 0.000435694 
741.068 641.408 190.055 13.1168 -0.111724 -0.966787 0.362729 0.000292989 
740.553 648.728 188.929 13.9172 -0.0503824 -0.966295 0.367334 0.000178244 
739.217 656.055 188.533 14.0855 0.110429 -0.965882 0.37038 9.32797e-05 
737.669 663.387 190.084 12.7542 0.293804 -0.965528 0.371647 3.76664e-05 
737.408 670.722 193.887 9.8346 0.323816 -0.965215 0.371417 8.46279e-06 
740.071 678.059 198.11 6.86893 0.0173659 -0.964922 0.369 0 
740.071 678.059 198.11 6.86893 0.0173659 -0.964922 0.369 0 
749.517 691.17 198.931 6.87261 -0.952992 -1.12383 1.05066 -0.992272 
759.404 700.88 178.984 22.0318 -0.0619471 -2.4318 -0.176776 -0.775026 
742.035 682.618 177.587 21.7277 -0.0435105 -3.39589 -0.165163 -0.780303 
725.104 643.722 176.596 21.4978 -0.0500596 -4.37387 -0.153551 -0.789113 
708.51 583.895 175.472 21.3955 -0.0659544 -5.37119 -0.141939 -0.598255 
692.034 502.724 174.011 21.2125 -0.0650611 -6.10783 -0.130326 0.0219328 
675.796 405.787 172.575 21.0296 -0.0641675 -6.0772 -0.118714 0.0216506 
659.81 309.506 171.166 20.8466 -0.063274 -6.05493 -0.107102 0.00365625 
644.078 213.7 169.781 20.6636 -0.0623809 -6.05433 -0.0954897 0.010043 
628.599 117.908 168.422 20.4806 -0.061488 -6.04596 -0.0838775 0.0128892 
613.376 22.294 167.088 20.2977 -0.060594 -6.03406 -0.0722652 0.0160892 
598.409 -73.0655 165.78 20.1147 -0.0596969 -6.01816 -0.060653 0.0165604 
583.7 -168.085 164.497 19.9317 -0.0587986 -6.00146 -0.0490408 0.00741347 
569.25 -262.747 163.24 19.7486 -0.0579116 -5.99557 -0.0374285 -0.0187235 
555.059 -357.283 162.007 19.5656 -0.0570495 -6.02145 -0.0258163 -0.042829 
541.128 -452.374 160.8 19.3832 -0.0561868 -6.07787 -0.014204 -0.0123289 
527.457 -548.672 159.617 19.2011 -0.0552197 -6.0995 -0.00259178 0.0834015 
514.047 -645.433 158.462 19.0178 -0.0540637 -6.00499 0.00902047 0.198737 
500.903 -740.172 157.337 18.8302 -0.052993 -5.76554 0.0206327 0.294648 
488.036 -829.787 156.242 18.6404 -0.0528608 -5.39985 0.032245 0.35995 
475.454 -911.575 155.156 18.4639 -0.0540974 -4.94223 0.0438572 0.398651 
463.136 -983.57 154.049 18.3212 -0.0539603 -4.42426 0.0554694 0.41823 
451.024 -1044.48 152.951 18.1853 -0.0456352 -3.86985 0.0670817 0.425053 
439.104 -1093.52 152.035 17.9218 -0.0279686 -3.29587 0.0786939 0.423561 
427.599 -1130.28 151.506 17.7387 -0.0270537 -2.71395 0.0903062 0.416617 
416.394 -1154.59 151.346 17.5557 -0.026159 -2.13214 0.101918 0.406012 
405.507 -1166.45 151.212 17.3727 -0.025265 -1.55612 0.113531 0.392861 
394.936 -1165.97 151.103 17.1898 -0.0243713 -0.990026 0.125143 0.377863 
384.684 -1153.39 151.019 17.0068 -0.0234772 -0.436979 0.136755 0.361462 
374.751 -1128.96 150.961 16.8238 -0.0225822 0.100549 0.148367 0.343951 
365.138 -1093.03 150.928 16.6408 -0.0216871 0.620528 0.15998 0.325531 
355.846 -1045.98 150.92 16.4578 -0.0207956 1.12123 0.171592 0.306338 
346.876 -988.206 150.938 16.2749 -0.0199115 1.60112 0.183204 0.286473 
338.228 -920.165 150.981 16.0921 -0.0190258 2.05883 0.194816 0.266012 
329.903 -842.327 151.05 15.9094 -0.018107 2.4931 0.206429 0.245014 
321.901 -755.196 151.144 15.7262 -0.0171336 2.90272 0.218041 0.223529 
314.224 -659.298 151.265 15.5418 -0.0161976 3.28656 0.229653 0.201604 
306.874 -555.186 151.413 15.3569 -0.0155561 3.6435 0.241265 0.179286 
299.854 -443.435 151.581 15.1764 -0.0153002 3.97244 0.252878 0.156611 
293.156 -324.644 151.76 15.0059 -0.0145331 4.27226 0.26449 0.133591 
286.762 -199.437 151.962 14.8357 -0.0112313 4.54171 0.276102 0.1102 
280.673 -68.4634 152.24 14.6246 -0.00539401 4.77933 0.287714 0.0864393 
274.959 67.5956 152.651 14.3368 -0.00539708 4.98335 0.299327 0.0626459 
269.759 208.021 153.071 14.0783 -0.0266162 5.15185 0.310939 0.0400728 
265.033 352.051 153.046 14.1904 -0.0625936 5.28356 0.322551 0.0210849 
260.131 498.901 152.247 14.8617 -0.0378217 5.37871 0.334163 0.00800844 
254.035 647.788 151.956 15.025 0.159543 5.4387 0.345776 0.00140756 
247.562 797.96 155.882 11.941 0.422162 5.4644 0.357388 -0.000288149 
246.435 948.677 165.535 5 0.0899997 5.45588 0.369 0 
246.435 948.677 165.535 5 0.0899997 5.45588 0.369 0 
245.633 947.875 166.337 5.66155 0.0521088 4.90583 0.482653 -1.14817e-10 
244.831 947.072 167.14 6.28658 0.0304421 4.40194 0.480306 -9.77011e-11 
244.028 946.27 167.942 6.88509 0.0180576 3.94025 0.477959 -8.38197e-11 
243.226 945.468 168.744 7.46109 0.0109782 3.51821 0.475612 -7.23142e-11 
242.424 944.666 169.546 8.01673 0.00693029 3.13377 0.473265 -6.26147e-11 
241.622 943.863 170.348 8.55339 0.00461497 2.78497 0.470918 -5.43341e-11 
240.82 943.061 171.151 9.072 0.00329019 2.4698 0.468571 -4.71997e-11 
240.017 942.259 171.953 9.57327 0.00253189 2.18618 0.466224 -4.10126e-11 
239.215 941.457 172.755 10.0577 0.00209765 1.93189 0.463878 -3.56226e-11 
238.413 940.655 173.557 10.5258 0.00184889 1.70467 0.461531 -3.09131e-11 
237.611 939.852 174.36 10.9778 0.00170631 1.50223 0.459184 -2.67913e-11 
236.808 939.05 175.162 11.414 0.00162455 1.32232 0.456837 -2.31808e-11 
236.006 938.248 175.964 11.8348 0.00157765 1.16278 0.45449 -2.00187e-11 
235.204 937.446 176.766 12.2403 0.00155072 1.02155 0.452143 -1.72511e-11 
234.402 936.643 177.568 12.6309 0.00153525 0.8967 0.449796 -1.48313e-11 
233.6 935.841 178.371 13.0067 0.00152636 0.78646 0.447449 -1.27191e-11 
232.797 935.039 179.173 13.3679 0.00152125 0.689208 0.445102 -1.08786e-11 
231.995 934.237 179.975 13.7148 0.0015183 0.603479 0.442755 -9.27835e-12 
231.193 933.435 180.777 14.0476 0.0015166 0.52795 0.440408 -7.89002e-12 
230.391 932.632 181.58 14.3665 0.00151562 0.461439 0.438061 -6.68856e-12 
229.588 931.83 182.382 14.6718 0.00151505 0.402891 0.435714 -5.65131e-12 
228.786 931.028 183.184 14.9636 0.00151472 0.35137 0.433367 -4.75845e-12 
227.984 930.226 183.986 15.2422 0.00151453 0.306044 0.43102 -3.99194e-12 
227.182 929.423 184.788 15.5078 0.00151442 0.266178 0.428673 -3.33585e-12 
226.38 928.621 185.591 15.7607 0.00151436 0.231123 0.426327 -2.776e-12 
225.577 927.819 186.393 16.0011 0.00151434 0.200304 0.42398 -2.29978e-12 
224.775 927.017 187.195 16.2293 0.00151434 0.173218 0.421633 -1.89607e-12 
223.973 926.215 187.997 16.4455 0.00151438 0.149419 0.419286 -1.55509e-12 
223.171 925.412 188.8 16.6499 0.00151444 0.128516 0.416939 -1.26803e-12 
222.368 924.61 189.602 16.8428 0.00151456 0.110164 0.414592 -1.0276e-12 
221.566 923.808 190.404 17.0244 0.00151476 0.0940626 0.412245 -8.26829e-13 
220.764 923.006 191.206 17.1949 0.00151508 0.0799453 0.409898 -6.60134e-13 
219.962 922.203 192.008 17.3546 0.00151559 0.0675799 0.407551 -5.22488e-13 
219.16 921.401 192.811 17.5037 0.00151638 0.056763 0.405204 -4.09369e-13 
218.357 920.599 193.613 17.6424 0.00151762 0.0473166 0.402857 -3.17142e-13 
217.555 919.797 194.415 17.7708 0.00151951 0.0390855 0.40051 -2.4242e-13 
216.753 918.995 195.217 17.8893 0.00152237 0.0319348 0.398163 -1.82446e-13 
215.951 918.192 196.02 17.9979 0.00152663 0.0257477 0.395816 -1.34796e-13 
215.148 917.39 196.822 18.0968 0.00153283 0.0204231 0.393469 -9.74521e-14 
214.346 916.588 197.624 18.1863 0.0015416 0.0158748 0.391122 -6.85506e-14 
213.544 915.786 198.426 18.2663 0.00155347 0.0120293 0.388776 -4.66554e-14 
212.742 914.983 199.228 18.3372 0.00156843 0.00882536 0.386429 -3.04107e-14 
211.94 914.181 200.031 18.3989 0.00158492 0.00621225 0.384082 -1.87457e-14 
211.137 913.379 200.833 18.4516 0.0015976 0.0041495 0.381735 -1.07139e-14 
210.335 912.577 201.635 18.4953 0.00159279 0.00260606 0.379388 -5.49227e-15 
209.533 911.775 202.437 18.5302 0.00153929 0.00155983 0.377041 -2.36821e-15 
208.731 910.972 203.24 18.5564 0.00137035 0.000997393 0.374694 -7.59331e-16 
207.928 910.17 204.042 18.5737 0.00094889 0.000913778 0.372347 -1.22797e-16 
207.126 909.368 204.844 18.5824 1.14595e-06 0.00131248 0.369 0 
207.126 909.368 204.844 18.5824 1.14595e-06 0.00131248 0.369 0 
202.052 925.708 204.95 18.0112 0.599205 0.00196683 -0.0918814 -0.514798 
197.33 942.054 211.295 12.9509 0.419169 -0.293212 0.0400195 -0.466511 
196.992 955.328 215.853 9.59683 -0.0522226 -0.560763 0.411731 -0.419279 
199.638 965.818 215.566 10.0279 -0.270982 -0.801276 0.557667 -0.373625 
201.962 973.808 212.998 12.093 -0.218003 -1.01565 0.466762 -0.330057 
202.5 979.571 210.946 13.6409 -0.103439 -1.20508 0.34465 -0.289021 
201.681 983.366 210.059 14.2339 -0.0274432 -1.37101 0.278742 -0.250874 
200.332 985.436 209.953 14.2158 0.00367721 -1.51509 0.26147 -0.215855 
198.988 986.008 210.17 13.9607 0.00581742 -1.63911 0.269474 -0.184084 
197.859 985.29 210.414 13.7023 -0.00476175 -1.74492 0.285543 -0.155566 
196.952 983.473 210.552 13.5378 -0.015707 -1.83438 0.29923 -0.130215 
196.187 980.725 210.579 13.4646 -0.0214747 -1.90932 0.307037 -0.107872 
195.484 977.198 210.547 13.4385 -0.0222517 -1.97145 0.31031 -0.08833 
194.801 973.025 210.507 13.4187 -0.0205132 -2.02237 0.31179 -0.0713578 
194.134 968.322 210.486 13.3859 -0.0184411 -2.06357 0.313433 -0.0567141 
193.492 963.192 210.488 13.3382 -0.0170762 -2.09636 0.315947 -0.0441607 
192.89 957.72 210.504 13.2817 -0.0165261 -2.12196 0.319214 -0.0334703 
192.334 951.982 210.526 13.2232 -0.0164707 -2.14142 0.322832 -0.0244311 
191.828 946.042 210.551 13.1666 -0.0165584 -2.1557 0.326462 -0.0168495 
191.37 939.954 210.575 13.1128 -0.016585 -2.16563 0.329944 -0.0105499 
190.956 933.762 210.6 13.0613 -0.0164988 -2.17194 0.333266 -0.00537493 
190.586 927.504 210.627 13.0111 -0.0163288 -2.17528 0.336479 -0.00118358 
190.258 921.212 210.656 12.9615 -0.0161175 -2.17621 0.339637 0.00214986 
189.973 914.91 210.688 12.9121 -0.0158949 -2.17523 0.342761 0.0047376 
189.728 908.618 210.724 12.8628 -0.0156887 -2.17276 0.345844 0.00667988 
189.526 902.352 210.762 12.8139 -0.0155478 -2.16917 0.348862 0.0080664 
189.365 896.124 210.803 12.7657 -0.0155433 -2.16478 0.351792 0.00897766 
189.246 889.94 210.845 12.7195 -0.015729 -2.15987 0.354625 0.00948609 
189.165 883.808 210.885 12.6765 -0.0160696 -2.15467 0.357364 0.00965702 
189.122 877.73 210.923 12.6379 -0.0163839 -2.14936 0.360017 0.0095495 
189.111 871.707 210.958 12.6032 -0.016376 -2.14412 0.362583 0.00921694 
189.131 865.738 210.993 12.5696 -0.0158029 -2.13906 0.365033 0.00870767 
189.178 859.822 211.035 12.5326 -0.0147427 -2.13429 0.36731 0.00806537 
189.258 853.956 211.089 12.4887 -0.0138033 -2.12989 0.36935 0.00732934 
189.375 848.135 211.153 12.4394 -0.0140329 -2.12591 0.371118 0.00653479 
189.534 842.356 211.216 12.3944 -0.0163695 -2.12239 0.372641 0.005713 
189.733 836.613 211.255 12.3703 -0.020741 -2.11934 0.373998 0.0048914 
189.953 830.902 211.249 12.3817 -0.0253292 -2.11676 0.37527 0.0040937 
190.165 825.218 211.196 12.4281 -0.0267572 -2.11463 0.376467 0.00333988 
190.338 819.555 211.126 12.4821 -0.0217407 -2.11294 0.377482 0.00264626 
190.463 813.911 211.108 12.4923 -0.00989181 -2.11164 0.378134 0.00202547 
190.576 808.28 211.213 12.4078 0.00382751 -2.11071 0.378273 0.0014865 
190.76 802.659 211.462 12.2204 0.0092708 -2.11008 0.377891 0.00103467 
191.103 797.044 211.771 12.0029 -0.00440005 -2.10971 0.377135 0.000671695 
191.637 791.432 211.941 11.9085 -0.0405029 -2.10955 0.376203 0.000395646 
192.261 785.823 211.737 12.1066 -0.0869009 -2.10954 0.375164 0.000201052 
192.725 780.213 211.048 12.6586 -0.114841 -2.10965 0.373879 7.90653e-05 
192.721 774.603 210.059 13.3949 -0.0900619 -2.10983 0.37216 1.73968e-05 
192.077 768.991 209.315 13.8861 0.00425631 -2.11004 0.369 0 
192.077 768.991 209.315 13.8861 0.00425631 -2.11004 0.369 0 
201.4 759.669 213.032 17.1973 -0.000158551 -0.667214 0.482653 1.15115e-10 
210.722 750.346 216.646 19.2676 -0.000253859 -0.297226 0.480306 3.94187e-11 
220.045 741.024 220.158 20.5182 -0.000255914 -0.203689 0.477959 1.23158e-11 
229.367 731.701 223.567 21.2626 -0.000255957 -0.180049 0.475612 3.63164e-12 
238.69 722.379 226.871 21.7034 -0.000255956 -0.174073 0.473265 1.02009e-12 
248.012 713.056 230.072 21.964 -0.000255955 -0.172563 0.470918 2.67094e-13 
257.335 703.734 233.167 22.1178 -0.000255955 -0.172181 0.468571 5.70075e-14 
266.658 694.411 236.156 22.2087 -0.000255955 -0.172084 0.466224 8.42742e-16 
275.98 685.089 239.039 22.2624 -0.000255954 -0.17206 0.463878 -1.31929e-14 
285.303 675.766 241.815 22.2941 -0.000255954 -0.172054 0.461531 -1.56006e-14 
294.625 666.444 244.484 22.3128 -0.000255954 -0.172052 0.459184 -1.49011e-14 
303.948 657.121 247.044 22.3239 -0.000255954 -0.172052 0.456837 -1.35411e-14 
313.27 647.798 249.495 22.3304 -0.000255954 -0.172052 0.45449 -1.23135e-14 
322.593 638.476 251.837 22.3342 -0.000255954 -0.172052 0.452143 -1.10333e-14 
331.915 629.153 254.07 22.3365 -0.000255955 -0.172052 0.449796 -9.69093e-15 
341.238 619.831 256.191 22.3379 -0.000255955 -0.172052 0.447449 -8.41983e-15 
350.56 610.508 258.202 22.3387 -0.000255955 -0.172052 0.445102 -7.41318e-15 
359.883 601.186 260.101 22.3391 -0.000255955 -0.172052 0.442755 -6.44748e-15 
369.205 591.863 261.887 22.3394 -0.000255955 -0.172052 0.440408 -5.63151e-15 
378.528 582.541 263.562 22.3396 -0.000255955 -0.172052 0.438061 -4.68824e-15 
387.851 573.218 265.123 22.3397 -0.000255955 -0.172052 0.435714 -3.92499e-15 
397.173 563.896 266.57 22.3397 -0.000255955 -0.172052 0.433367 -3.28255e-15 
406.496 554.573 267.904 22.3398 -0.000255956 -0.172052 0.43102 -2.66999e-15 
415.818 545.251 269.123 22.3398 -0.000255956 -0.172052 0.428673 -2.13993e-15 
425.141 535.928 270.228 22.3398 -0.000255956 -0.172052 0.426327 -1.6012e-15 
434.463 526.605 271.217 22.3398 -0.000255956 -0.172052 0.42398 -1.13616e-15 
443.786 517.283 272.091 22.3398 -0.000255956 -0.172052 0.421633 -8.629e-16 
453.108 507.96 272.85 22.3398 -0.000255956 -0.172052 0.419286 -5.47924e-16 
462.431 498.638 273.493 22.3398 -0.000255956 -0.172052 0.416939 -2.92806e-16 
471.753 489.315 274.019 22.3398 -0.000255957 -0.172052 0.414592 -2.3348e-17 
481.076 479.993 274.43 22.3398 -0.000255957 -0.172052 0.412245 1.66395e-16 
490.398 470.67 274.724 22.3398 -0.000255957 -0.172052 0.409898 2.98896e-16 
499.721 461.348 274.901 22.3398 -0.000255957 -0.172052 0.407551 4.18538e-16 
509.043 452.025 274.962 22.3398 -0.000255957 -0.172052 0.405204 4.86008e-16 
518.366 442.703 274.907 22.3398 -0.000255957 -0.172052 0.402857 5.4378e-16 
527.689 433.38 274.735 22.3399 -0.000255957 -0.172052 0.40051 5.16149e-16 
537.011 424.058 274.446 22.3399 -0.000255957 -0.172052 0.398163 5.16743e-16 
546.334 414.735 274.042 22.34 -0.000255957 -0.172052 0.395816 4.94058e-16 
555.656 405.413 273.52 22.3401 -0.000255957 -0.172051 0.393469 5.34739e-16 
564.979 396.09 272.883 22.3404 -0.000255958 -0.172051 0.391122 5.18106e-16 
574.301 386.767 272.13 22.3408 -0.000255958 -0.172049 0.388776 5.55619e-16 
583.624 377.445 271.262 22.3414 -0.000255958 -0.172043 0.386429 7.95305e-16 
592.946 368.122 270.278 22.3426 -0.000255958 -0.172018 0.384082 1.39801e-15 
602.269 358.8 269.179 22.3445 -0.000255958 -0.171919 0.381735 2.77022e-15 
611.591 349.477 267.965 22.3478 -0.000255958 -0.171527 0.379388 5.26454e-15 
620.914 340.155 266.637 22.3533 -0.000255955 -0.169976 0.377041 8.39572e-15 
630.236 330.832 265.195 22.3627 -0.000255839 -0.163839 0.374694 9.13422e-15 
639.559 321.51 263.639 22.3785 -0.000250433 -0.139564 0.372347 3.45855e-15 
648.882 312.187 261.97 22.4054 -2.33326e-08 -0.0435603 0.369 0 
648.882 312.187 261.97 22.4054 -2.33326e-08 -0.0435603 0.369 0 
637.54 333.677 261.694 20.9666 0.968204 0.287163 -0.188388 0.420091 
627.524 359.748 274.867 10.4563 0.578146 0.646676 -0.176775 -0.961743 
629.656 390.792 282.868 5 -1.16118 -0.302932 1.12107 -0.971138 
638.539 408.672 266.889 16.9142 -0.683568 -1.26947 0.528326 -0.895588 
633.607 413.17 257.263 23.0802 -0.0952567 -2.15082 -0.141939 -0.735862 
621.389 405.461 255.653 22.8972 -0.0943634 -2.86286 -0.130326 -0.542114 
609.321 387.885 254.059 22.7142 -0.0934701 -3.38217 -0.118714 -0.387011 
597.407 363.114 252.481 22.5313 -0.0925767 -3.75272 -0.107102 -0.284507 
585.647 333.207 250.92 22.3483 -0.0916834 -4.02668 -0.0954897 -0.205834 
574.044 299.504 249.375 22.1653 -0.09079 -4.22667 -0.0838775 -0.129226 
562.599 263.03 247.847 21.9824 -0.0898966 -4.35388 -0.0722652 -0.052881 
551.312 224.793 246.335 21.7994 -0.0890031 -4.40746 -0.060653 0.0153536 
540.186 185.814 244.84 21.6164 -0.0881096 -4.39401 -0.0490407 0.0695459 
529.222 147.02 243.361 21.4334 -0.087216 -4.32602 -0.0374285 0.109568 
518.42 109.169 241.898 21.2505 -0.0863225 -4.21634 -0.0258162 0.138825 
507.782 72.8368 240.452 21.0675 -0.085429 -4.07472 -0.014204 0.16092 
497.308 38.4671 239.022 20.8845 -0.0845356 -3.90749 -0.00259174 0.178059 
486.999 6.4146 237.609 20.7016 -0.083642 -3.71886 0.0090205 0.191162 
476.856 -23.0243 236.212 20.5186 -0.082748 -3.51222 0.0206327 0.200563 
466.879 -49.6001 234.832 20.3356 -0.0818537 -3.29072 0.032245 0.206533 
457.069 -73.1067 233.468 20.1526 -0.0809595 -3.05734 0.0438572 0.209437 
447.427 -93.3797 232.121 19.9697 -0.0800666 -2.8148 0.0554695 0.209674 
437.953 -110.292 230.79 19.7867 -0.0791754 -2.5655 0.0670817 0.207593 
428.648 -123.75 229.475 19.6037 -0.078285 -2.31154 0.078694 0.203465 
419.512 -133.689 228.177 19.4208 -0.0773917 -2.05485 0.0903062 0.197501 
410.546 -140.072 226.896 19.2379 -0.0764913 -1.79722 0.101918 0.189891 
401.75 -142.885 225.63 19.0549 -0.0755842 -1.54034 0.113531 0.180826 
393.124 -142.138 224.382 18.8718 -0.0746805 -1.28582 0.125143 0.170508 
384.67 -137.865 223.15 18.6885 -0.0737984 -1.03517 0.136755 0.159147 
376.387 -130.119 221.934 18.5055 -0.0729495 -0.789784 0.148367 0.146961 
368.276 -118.973 220.735 18.3229 -0.0721143 -0.550952 0.15998 0.13417 
360.338 -104.517 219.55 18.1408 -0.0712295 -0.319851 0.171592 0.121 
352.57 -86.8595 218.383 17.9588 -0.0702192 -0.0975402 0.183204 0.107677 
344.975 -66.1216 217.233 17.7755 -0.0690846 0.115033 0.194816 0.0944239 
337.553 -42.4383 216.103 17.5897 -0.0680006 0.317039 0.206429 0.0814597 
330.308 -15.9561 214.992 17.4021 -0.0672957 0.507757 0.218041 0.0689928 
323.243 13.1687 213.895 17.2169 -0.067193 0.68657 0.229653 0.0572174 
316.354 44.7711 212.803 17.0403 -0.067367 0.852957 0.241265 0.046308 
309.634 78.6789 211.714 16.8743 -0.0666923 1.00647 0.252878 0.0364151 
303.068 114.714 210.637 16.7091 -0.0637805 1.14672 0.26449 0.0276599 
296.657 152.692 209.604 16.5211 -0.058567 1.27336 0.276102 0.0201295 
290.427 192.424 208.647 16.2879 -0.0540928 1.38603 0.287714 0.0138727 
284.428 233.718 207.758 16.0215 -0.0562636 1.48437 0.299327 0.00889572 
278.702 276.374 206.845 15.795 -0.069331 1.56795 0.310939 0.00515805 
273.207 320.188 205.755 15.7196 -0.0878876 1.63625 0.322551 0.00256949 
267.771 364.949 204.41 15.8395 -0.0920072 1.68861 0.334163 0.000987032 
262.167 410.435 203.006 15.985 -0.0562838 1.72421 0.345776 0.000212254 
256.352 456.414 202.093 15.7336 0.0219797 1.74201 0.357388 -1.12007e-05 
250.77 502.64 202.27 15.0083 0.0899998 1.74072 0.369 0 
250.77 502.64 202.27 15.0083 0.0899998 1.74072 0.369 0 
254.03 499.38 203.678 16.2087 0.0123863 1.07606 0.482653 1.30484e-12 
257.291 496.119 205.074 17.2335 0.00172952 0.671562 0.480306 7.22745e-13 
260.551 492.859 206.459 18.1025 0.000266997 0.428466 0.477959 3.99929e-13 
263.811 489.599 207.831 18.8354 6.62848e-05 0.283043 0.475612 2.20907e-13 
267.072 486.338 209.192 19.4508 3.87396e-05 0.196188 0.473265 1.21735e-13 
270.332 483.078 210.54 19.966 3.49594e-05 0.144338 0.470918 6.69175e-14 
273.593 479.818 211.877 20.3962 3.44405e-05 0.113388 0.468571 3.66454e-14 
276.853 476.557 213.202 20.7549 3.43693e-05 0.0949148 0.466224 2.00326e-14 
280.113 473.297 214.514 21.0535 3.43596e-05 0.0838878 0.463878 1.0925e-14 
283.374 470.036 215.815 21.302 3.43582e-05 0.0773054 0.461531 5.93601e-15 
286.634 466.776 217.103 21.5085 3.4358e-05 0.0733761 0.459184 3.27479e-15 
289.894 463.516 218.379 21.6802 3.4358e-05 0.0710304 0.456837 1.71263e-15 
293.155 460.255 219.644 21.8229 3.4358e-05 0.0696301 0.45449 1.04592e-15 
296.415 456.995 220.896 21.9413 3.4358e-05 0.0687941 0.452143 5.40554e-16 
299.676 453.735 222.136 22.0398 3.4358e-05 0.068295 0.449796 2.86073e-16 
302.936 450.474 223.364 22.1215 3.4358e-05 0.0679971 0.447449 1.51106e-16 
306.196 447.214 224.579 22.1893 3.4358e-05 0.0678192 0.445102 6.34988e-17 
309.457 443.953 225.783 22.2457 3.4358e-05 0.067713 0.442755 5.30062e-17 
312.717 440.693 226.974 22.2925 3.4358e-05 0.0676496 0.440408 -5.39959e-18 
315.977 437.433 228.153 22.3313 3.4358e-05 0.0676117 0.438061 -3.56659e-17 
319.238 434.172 229.319 22.3636 3.4358e-05 0.0675891 0.435714 2.38726e-17 
322.498 430.912 230.474 22.3904 3.4358e-05 0.0675756 0.433367 -4.61588e-17 
325.759 427.652 231.616 22.4126 3.4358e-05 0.0675675 0.43102 1.94966e-17 
329.019 424.391 232.745 22.4311 3.4358e-05 0.0675626 0.428673 -1.36219e-17 
332.279 421.131 233.863 22.4464 3.4358e-05 0.0675596 0.426327 -3.8473e-17 
335.54 417.87 234.967 22.4591 3.4358e-05 0.0675577 0.42398 -1.59572e-17 
338.8 414.61 236.06 22.4697 3.4358e-05 0.0675564 0.421633 1.26724e-17 
342.06 411.35 237.14 22.4785 3.4358e-05 0.0675554 0.419286 -1.25278e-17 
345.321 408.089 238.208 22.4857 3.4358e-05 0.0675543 0.416939 2.61671e-17 
348.581 404.829 239.263 22.4917 3.4358e-05 0.0675529 0.414592 2.4188e-17 
351.842 401.568 240.305 22.4967 3.4358e-05 0.0675508 0.412245 -2.70535e-17 
355.102 398.308 241.335 22.5009 3.4358e-05 0.0675476 0.409898 1.59447e-17 
358.362 395.048 242.353 22.5043 3.4358e-05 0.0675425 0.407551 2.52003e-17 
361.623 391.787 243.358 22.5071 3.4358e-05 0.0675343 0.405204 2.56498e-18 
364.883 388.527 244.35 22.5095 3.4358e-05 0.0675212 0.402857 1.27891e-17 
368.143 385.267 245.33 22.5114 3.4358e-05 0.0674999 0.40051 4.11733e-17 
371.404 382.006 246.297 22.5129 3.4358e-05 0.0674657 0.398163 2.74753e-17 
374.664 378.746 247.252 22.5142 3.4358e-05 0.0674106 0.395816 3.49829e-17 
377.925 375.485 248.194 22.5152 3.4358e-05 0.067322 0.393469 4.34278e-17 
381.185 372.225 249.123 22.516 3.4358e-05 0.0671798 0.391122 4.70911e-17 
384.445 368.965 250.039 22.5167 3.4358e-05 0.0669517 0.388776 5.86769e-17 
387.706 365.704 250.943 22.5171 3.4358e-05 0.0665866 0.386429 5.73393e-17 
390.966 362.444 251.834 22.5174 3.43576e-05 0.0660029 0.384082 9.8339e-17 
394.227 359.184 252.712 22.5176 3.43552e-05 0.0650711 0.381735 9.05612e-17 
397.487 355.923 253.577 22.5176 3.43389e-05 0.0635864 0.379388 8.38456e-17 
400.747 352.663 254.43 22.5176 3.42318e-05 0.0612247 0.377041 6.9855e-17 
404.008 349.402 255.269 22.5174 3.35321e-05 0.0574748 0.374694 4.33412e-17 
407.268 346.142 256.096 22.517 2.90026e-05 0.0515298 0.372347 1.82922e-17 
410.528 342.882 256.91 22.5166 2.61605e-08 0.0421145 0.369 0 
410.528 342.882 256.91 22.5166 2.61605e-08 0.0421145 0.369 0 
392.364 381.161 255.211 18.7185 0.562152 1.71817 0.285662 0.810713 
381.431 461.08 267.632 5 -0.0954577 4.32136 1.13739 0.384999 
398.807 605.659 264.259 5.00001 -0.094511 5.6678 1.12108 0.0272687 
416.041 783.693 260.909 5.00001 -0.0935648 5.78553 1.10478 -0.0278994 
433.111 964.652 257.583 5.00001 -0.0926188 5.6841 1.08847 -0.0385067 
450.012 1143.09 254.281 5.00001 -0.0916729 5.53571 1.07216 -0.0597306 
466.746 1317.84 251.002 5.00001 -0.090727 5.29229 1.05586 -0.0973799 
483.311 1486.55 247.746 5.00001 -0.0897812 4.88396 1.03955 -0.147288 
499.706 1645.1 244.514 5.00001 -0.0888355 4.25748 1.02324 -0.196239 
515.926 1788.1 241.306 5.00001 -0.0878899 3.41181 1.00694 -0.229207 
531.97 1910.07 238.121 5.00001 -0.0869444 2.40559 0.990632 -0.236348 
547.835 2007.05 234.959 5.00001 -0.0859989 1.3389 0.974326 -0.215497 
563.521 2077.53 231.821 5.00001 -0.0850534 0.327398 0.95802 -0.171648 
579.03 2122.87 228.707 5.00001 -0.0841078 -0.521949 0.941714 -0.1152 
594.367 2147.1 225.616 5.00001 -0.0831622 -1.13285 0.925408 -0.0592104 
609.537 2156.16 222.548 5.00001 -0.0822163 -1.47846 0.909102 -0.0155827 
624.548 2156.63 219.504 5.00002 -0.0812704 -1.59093 0.892796 0.00880988 
639.404 2154.3 216.484 5.00002 -0.0803243 -1.55285 0.87649 0.0142495 
654.11 2152.92 213.487 5.00002 -0.0793783 -1.46771 0.860183 0.00738093 
668.668 2153.66 210.513 5.00002 -0.0784323 -1.41859 0.843877 -0.00208952 
683.079 2155.62 207.563 5.00002 -0.0774863 -1.43381 0.827571 -0.0055204 
697.342 2157.2 204.637 5.00003 -0.0765404 -1.47646 0.811265 -0.00444319 
711.458 2157.72 201.734 5.00003 -0.0755945 -1.51273 0.794959 -0.00280314 
725.428 2157.34 198.854 5.00004 -0.0746487 -1.53676 0.778653 -0.00032893 
739.254 2156.36 195.998 5.00005 -0.0737031 -1.53876 0.762347 0.00236623 
752.937 2155.33 193.166 5.00006 -0.0727581 -1.51348 0.746041 0.00413836 
766.479 2154.93 190.357 5.0001 -0.0718157 -1.46754 0.729734 0.00377942 
779.882 2155.67 187.571 5.00019 -0.533846 -1.42368 0.713428 0.00057027 
793.376 2157.5 173.305 13.7523 -0.220697 -1.41901 0.697122 -0.00532569 
788.579 2159.46 166.472 15.1855 -0.169811 -1.49677 0.680816 -0.0117308 
780.562 2159.49 160.846 15.4425 -0.171063 -1.67762 0.66451 -0.0178959 
771.751 2155.03 155.178 15.6995 -0.172317 -1.97547 0.648204 -0.0225944 
762.14 2143.17 149.469 15.9565 -0.173568 -2.38621 0.631898 -0.0247189 
751.726 2121.1 143.719 16.2133 -0.174816 -2.88255 0.615592 -0.0239488 
740.505 2086.7 137.928 16.4701 -0.176081 -3.42065 0.599286 -0.0208069 
728.474 2038.93 132.095 16.7271 -0.177388 -3.95188 0.582979 -0.0163277 
715.632 1977.96 126.219 16.985 -0.178685 -4.43412 0.566673 -0.0116259 
701.974 1905.01 120.301 17.2436 -0.179741 -4.83956 0.550367 -0.0075486 
687.5 1821.98 114.346 17.4982 -0.180414 -5.15754 0.534061 -0.00450921 
672.216 1731.06 108.364 17.7421 -0.181662 -5.39271 0.517755 -0.00251975 
656.145 1634.29 102.342 17.988 -0.185973 -5.5596 0.501449 -0.00135225 
639.284 1533.37 96.2023 18.2935 -0.192785 -5.67638 0.485143 -0.000718849 
621.509 1429.56 89.8815 18.6961 -0.188009 -5.75981 0.468837 -0.000386669 
602.614 1323.67 83.6634 18.9612 -0.149109 -5.82258 0.45253 -0.000209749 
582.862 1216.22 78.4013 18.4659 -0.109468 -5.8726 0.436224 -0.000111302 
563.813 1107.53 74.1439 17.3193 -0.248098 -5.91335 0.419918 -5.57209e-05 
546.902 997.827 66.4876 18.9968 -0.713076 -5.94859 0.403612 2.35956e-05 
526.502 887.248 47.211 29.2105 -0.830072 -5.90609 0.387306 0.00026628 
484.865 777.742 24.6208 40 1.4 -5.03435 0.369 0 
