grtopM_51_3
50
2 2
7 7 
0 3 4 5 2 1 6 
0 3 4 5 2 1 6 
11979.2 415.517 811.235 144.925 147.061 49.5151 
164790 67.3652 216.824 0 153.253 49.515 
244.474 8.47995 16.5558 2.95766 3.00125 1.01051 
3363.05 1.3748 4.42498 0 3.12762 1.01051 
9210.17 129.916 2576.1 1.79223 1.81679 2.61046 
1.45132e-06 0.561525 6.57875 83.5517 3.07941 2.61046 
4367.34 2349.95 1655.62 13.6228 0.424171 0 0.32251 0 
-971.491 4929.99 5094.41 33.531 1.3997 -5.65013 -0.188569 -1.71772e-06 
-6313.99 -1014.56 6282.19 5.00079 -1.3071 -6.28 -0.177925 3.73744e-06 
-6308.8 2389.16 6313.98 5.00079 -1.39921 -0.833321 -0.167282 -2.6136e-06 
10422.9 2383.39 647.453 5.00079 -1.33341 5.04526 -0.156639 3.74782e-06 
10422.9 2377.67 122.933 5.00079 -1.34945 5.96883 -0.145996 1.62778e-06 
10422.9 2371.93 270.935 5.00079 -1.36973 5.77185 -0.135353 1.62296e-06 
10422.9 2366.19 493.342 5.00079 -1.39433 5.34883 -0.12471 1.61857e-06 
10422.9 2360.43 790.14 5.00079 -1.39921 4.76052 -0.114067 1.57116e-06 
10422.9 2354.66 1161.33 5.00079 -1.39921 -2.03906 -0.103424 1.6022e-06 
10422.9 2348.87 1210.34 5.00079 -1.39921 -6.27921 -0.092781 1.64841e-06 
-6313.99 2343.02 1138.02 5.02724 -0.599501 3.93734 -0.0821379 -0.81372 
10406.6 -6313.99 6213.8 39.9992 1.39921 -6.28 -0.0617022 0.792314 
9993.78 -116.311 3684.27 39.9992 -1.39665 -6.28 0.928919 -0.770906 
-5879.11 8630.14 6313.98 5.00004 1.39977 -0.976689 -0.0500043 -0.749491 
10417.4 -3835.95 6280.47 28.1347 -1.4 -6.28 0.910082 -0.728089 
10412.1 11108 6214.43 5.00472 1.34118 -6.28 0.892806 0.706681 
10003.2 2491.77 3680.25 5.00079 -1.39921 -6.28 0.857907 0.685273 
-5894.29 2496.57 6214.41 5.00079 -1.39921 -6.28 0.840606 0.663865 
-6303.35 2501.37 6279.64 5.00079 -1.39921 -6.28 0.00300668 1.60505e-06 
-6313.72 2505.24 6281.29 5.00079 -1.39921 -6.28 0.0136498 1.60506e-06 
-6313.99 2508.72 6281.34 5.00079 -1.39921 -6.28 0.0242929 1.60506e-06 
-6313.99 2511.88 6281.34 5.00079 -1.39921 -6.28 0.0349359 1.60507e-06 
-6313.99 2514.78 6281.36 5.00079 -1.39921 -6.28 0.045579 1.60506e-06 
-6313.86 2517.49 6282.17 5.00079 -1.39921 -6.28 0.0562222 1.61067e-06 
-6308.79 2520.07 6313.98 5.00079 -1.39921 -0.835034 0.0668653 1.59872e-06 
10417.7 2522.59 6282.19 5.00079 -1.39921 -6.28 0.0775084 1.60023e-06 
10422.9 2525.12 5912.98 5.00079 -1.39921 -5.53828 0.0881515 1.56569e-06 
10422.9 -1635.42 400.988 5.02929 -0.537043 5.40007 0.0988263 -0.44962 
9997.45 1492.85 3682.13 39.9992 -1.39856 -6.28 0.668227 1.54639e-06 
-5888.52 4577.4 0.0148162 5.00117 1.39921 0.159197 0.120082 -1.56177e-06 
-6313.99 4072.73 0.0149709 5.00079 1.39921 0.299371 0.130724 -1.61184e-06 
-6313.99 3568.07 0.0149712 5.00079 1.39921 0.299371 0.141368 -1.61178e-06 
-6313.99 2921.75 0.0149674 5.00079 1.39921 0.299371 0.152011 0.342742 
-6313.99 2417.08 0.014975 5.00079 -0.367009 0.299371 0.162654 -1.59404e-06 
-6313.99 5376.55 0.0017883 5.08991 -1.39921 6.27921 0.556905 1.59505e-06 
9608.06 3344.81 0.0155156 39.9992 -1.39921 0.567832 0.183942 -0.242168 
10422.9 5084.41 0.00397557 5.00079 1.39921 -5.16329 0.194585 -1.60619e-06 
-6313.99 4577.46 0.0149724 5.0008 -1.39921 0.29937 0.205229 1.5809e-06 
-6313.99 2545.59 0.015142 5.0008 1.39921 0.299371 0.215873 -1.63805e-06 
-6313.99 2040.94 0.0169038 39.9992 1.39921 0.299367 0.226518 -1.5948e-06 
-6313.99 1717.14 0.0164306 39.9992 1.39921 0.299368 0.237162 -1.59491e-06 
-6313.99 1378.28 0.0159536 39.9992 1.39921 0.299369 0.247805 -1.59503e-06 
-6313.99 1018.87 0.0154938 39.9992 1.39921 0.29937 0.258446 -1.59516e-06 
-6313.99 633.119 0.0151054 39.9992 1.39921 0.299371 0.269083 -0.107245 
-6313.99 214.875 0.0149746 5.00079 1.39921 0.299371 0.279713 0.0858378 
-6313.99 -289.787 0.0199465 5.00079 1.39921 2.76832 0.290342 -1.576e-06 
1180.01 -195.269 0.0017883 5.00079 -1.39921 6.27921 0.300933 0.0430555 
2693.26 4315.99 0.0134899 14.6123 -1.39921 -0.438219 0.340062 -0.0217898 
454.45 2404.22 257.33 39.9992 -0.0892046 6.27921 0.32151 0 
454.45 2404.22 257.33 39.9992 -0.0892046 6.27921 0.32151 0 
351.86 3105 284.021 39.8922 -1.37092 6.28 -0.188388 -1.02859 
0.668456 4065.7 266.287 5 -1.4 6.28 1.13738 -0.167159 
199.483 4775.85 251.42 40 0.739857 -6.27965 -0.165163 0.000215885 
80.6698 4407.63 202.509 5.00057 1.07647 -3.08354 1.10475 0.00116197 
47.916 4144.16 196.972 5.00072 1.37444 -6.28 1.08845 0.00218703 
-31.8395 3515.84 218.92 21.535 1.07968 -6.28 1.07214 0.00234108 
5.07829 2890.08 210.826 12.7038 1.1716 -6.28 1.05584 0.00361943 
106.866 2265.78 212.664 5.00052 0.260916 -6.28 1.03953 0.00346342 
30.1674 1637.46 216.218 5.00051 0.13667 -6.28 1.02323 0.00415364 
-45.5141 1009.14 219.473 5.0005 0.263213 -6.28 1.00692 0.835918 
-120.775 380.811 223.177 13.7966 0.330071 -6.28 -0.0641164 0.00747428 
-10.6771 11.273 177.122 9.83364 -0.010886 -1.43274 -0.0526162 0.000954807 
-13.5553 0.0824768 175.823 9.89968 -0.0108951 -1.42347 -0.0410193 0.000432698 
-17.0025 0.0603284 174.506 9.86052 -0.0119215 -1.41926 -0.0294144 0.000167717 
15.8059 0.0381158 182.414 5.00041 -1.4 -0.522358 -0.0258163 1.94328e-05 
-61.8031 0.0204636 164.68 6.88316 -0.00943807 -1.41742 -0.00620738 -4.63924e-06 
-27.7971 0.0221823 170.795 9.60502 -0.00912984 -1.41745 0.00540036 -3.5655e-06 
-28.9679 0.0231103 169.839 9.55944 -0.00716596 -1.41748 0.0170025 -2.94124e-06 
-27.9802 0.0238082 155.355 5.00035 -1.4 -1.32428 0.0286434 -2.27005e-06 
-76.1808 -0.0126822 137.64 5.00025 1.4 -0.565515 0.0322449 -6.35877e-06 
87.4382 -0.0326743 161.983 24.5419 1.4 -1.03419 0.827555 -1.90506e-06 
80.0786 -24.481 183.235 27.3771 1.4 -0.630081 0.811249 2.12611e-06 
57.2109 -0.049609 203.629 21.051 -1.3105 -0.630206 0.0670816 4.20341e-06 
89.2919 24.3288 191.269 40 -1.4 -1.06481 0.778412 7.1115e-06 
-28.9074 0.0354006 167.593 5 -0.402669 -0.562319 0.0903061 9.8635e-06 
145.982 -0.119019 182.564 9.28973 -1.11204 -1.34086 0.101918 1.51724e-05 
279.871 -0.216015 192.399 17.3266 -1.11052 -1.39886 0.113531 0.000152729 
351.47 -0.273603 201.093 17.438 -1.11053 -1.39699 0.125143 -8.5565e-05 
424.304 -0.140123 209.775 17.4607 -1.11054 -1.40144 0.136755 7.21549e-05 
499.041 -0.188864 218.456 17.4987 -1.11055 -1.40801 0.148367 3.03423e-05 
575.516 -0.167844 227.135 17.548 -1.11055 -1.41877 0.15998 1.3361e-05 
653.61 -0.140745 235.809 17.6079 -1.11055 -1.4334 0.171592 4.52595e-05 
733.207 -0.107008 244.476 17.6782 -1.11054 -1.45139 0.183204 1.15149e-05 
814.198 -0.0668056 253.136 17.7662 -0.964651 -1.47355 0.194816 8.8488e-06 
896.08 -0.0201428 277.836 18.247 -1.20775 -1.52493 0.206429 1.53153e-05 
979.754 0.0306196 275.705 18.1067 -1.20787 -1.55919 0.218041 -0.000164877 
1064.21 0.0636817 273.588 17.9907 -1.20796 -1.58508 0.229653 -0.000323463 
1149.17 0.106072 271.482 17.9167 -1.4 -1.60368 0.241265 -0.000634136 
1234.49 0.153156 233.44 16.3406 1.21898 -1.58693 0.53406 -0.00145677 
1319.47 0.206592 239.147 12.7779 1.12104 -1.48587 0.517753 -0.00588925 
1435.22 0.58771 236.052 5 1.4 -0.847348 0.276103 -0.00912969 
1620.74 -39.178 259.379 24.8143 1.22414 -2.65609 0.485143 0.142899 
1629.87 -222.445 263.806 40 1.11785 6.28 0.468837 0.121537 
1522.76 481.118 256.148 19.2558 1.2566 6.28 0.452531 0.0838435 
1585.68 1441.68 265.005 36.5851 1.33143 6.28 0.436216 -0.00940033 
1503.85 2402.36 277.942 36.7622 1.37489 6.28 0.419918 -0.057779 
1423.12 3363.04 294.817 33.9085 1.2759 -3.85902 0.403608 -0.0359918 
1366.18 3227.79 302.727 40 -1.4 -6.28 0.357388 -0.000451409 
1270.49 2599.7 279.116 5 0.0818887 1.44191 0.369 0 
1270.49 2599.7 279.116 5 0.0818887 1.44191 0.369 0 
263.144 1592.36 0.0277861 5.02146 -0.00122452 -6.26809 0.000125877 6.20071e-10 
6.92121e-09 585.017 0.0277855 5.02423 1.76808e-09 -1.2703e-06 0.000135473 -5.86804e-13 
1.7508e-09 1.38452e-08 0.0277854 5.02423 1.78131e-09 -4.35353e-07 0.00014647 -5.86661e-13 
1.75137e-09 1.91577e-09 0.0277854 5.02423 1.78115e-09 -4.35353e-07 0.000159193 -5.86651e-13 
1.75142e-09 1.91727e-09 0.0277854 5.02423 1.78096e-09 -4.35353e-07 0.000174076 -5.86642e-13 
1.75143e-09 1.91742e-09 0.0277854 5.02423 1.78074e-09 -4.35353e-07 0.000191718 -5.86645e-13 
1.75143e-09 1.91743e-09 0.0277854 5.02423 1.78047e-09 -4.35353e-07 0.000212965 -5.86671e-13 
1.75143e-09 1.91743e-09 0.0277854 5.02423 1.78015e-09 -4.35353e-07 0.00023906 -5.86651e-13 
1.75143e-09 1.91743e-09 0.0277854 5.02423 1.77974e-09 -4.35353e-07 0.000271926 -5.86666e-13 
1.75143e-09 1.91743e-09 0.0277854 5.02423 1.77921e-09 -4.35353e-07 0.000314782 -5.8667e-13 
1.75143e-09 1.91743e-09 0.0277854 5.02423 1.7785e-09 -4.35353e-07 0.000373781 -5.86686e-13 
1.75143e-09 1.91743e-09 0.0277854 5.02423 1.77745e-09 -4.35353e-07 0.000463525 -5.86678e-13 
1.75143e-09 1.91743e-09 0.0277854 5.02423 1.77565e-09 -4.35353e-07 0.000629043 -5.86695e-13 
1.75143e-09 1.91743e-09 0.0277854 5.02423 1.77151e-09 -4.35353e-07 0.00103755 -5.86676e-13 
1.75143e-09 1.91743e-09 0.0277854 5.02423 1.7593e-09 -4.35353e-07 0.00230334 -5.86694e-13 
1.75143e-09 1.91743e-09 0.0277854 5.02423 1.72439e-09 -4.35353e-07 0.00600356 -5.86711e-13 
1.75143e-09 1.91743e-09 0.0277854 5.02423 1.65451e-09 -4.35353e-07 0.0135279 -5.86694e-13 
1.75143e-09 1.91743e-09 0.0277854 5.02423 1.55265e-09 -4.35353e-07 0.0246095 -5.86702e-13 
1.75143e-09 1.91743e-09 0.0277854 5.02423 1.44763e-09 -4.35353e-07 0.0361396 -5.86709e-13 
1.75143e-09 1.91743e-09 0.0277854 5.02423 1.34277e-09 -4.35353e-07 0.0476672 -5.8673e-13 
1.75143e-09 1.91743e-09 0.0277854 5.02423 1.23793e-09 -4.35353e-07 0.0591924 -5.8674e-13 
1.75143e-09 1.91743e-09 0.0277854 5.02423 1.13311e-09 -4.35353e-07 0.0707152 -5.86751e-13 
1.75143e-09 1.91743e-09 0.0277854 5.02423 1.02831e-09 -4.35353e-07 0.0822357 -5.86787e-13 
1.75143e-09 1.91743e-09 0.0277854 5.02423 9.2354e-10 -4.35353e-07 0.093754 -5.86777e-13 
1.75143e-09 1.91743e-09 0.0277854 5.02423 8.18786e-10 -4.35353e-07 0.10527 -5.86768e-13 
1.75143e-09 1.91743e-09 0.0277854 5.02423 7.14051e-10 -4.35353e-07 0.116784 -5.86786e-13 
1.75143e-09 1.91743e-09 0.0277854 5.02423 6.09334e-10 -4.35353e-07 0.128297 -5.86829e-13 
1.75143e-09 1.91743e-09 0.0277854 5.02423 5.04633e-10 -4.35353e-07 0.139808 -5.86864e-13 
1.75143e-09 1.91743e-09 0.0277854 5.02423 3.99948e-10 -4.35353e-07 0.151317 -5.8689e-13 
1.75143e-09 1.91743e-09 0.0277854 5.02423 2.95281e-10 -4.35353e-07 0.162825 -5.8692e-13 
1.75143e-09 1.91743e-09 0.0277854 5.02423 1.90632e-10 -4.35353e-07 0.17433 -5.86944e-13 
1.75143e-09 1.91743e-09 0.0277854 5.02423 8.60091e-11 -4.35353e-07 0.185834 -5.86998e-13 
1.75143e-09 1.91743e-09 0.0277854 5.02423 -1.8578e-11 -4.35353e-07 0.197333 -5.87048e-13 
1.75143e-09 1.91743e-09 0.0277854 5.02423 -1.23113e-10 -4.35353e-07 0.208827 -5.87097e-13 
1.75143e-09 1.91743e-09 0.0277854 5.02423 -2.27572e-10 -4.35353e-07 0.220312 -5.8717e-13 
1.75143e-09 1.91743e-09 0.0277854 5.02423 -3.31922e-10 -4.35353e-07 0.231786 -5.87261e-13 
1.75143e-09 1.91743e-09 0.0277854 5.02423 -4.36118e-10 -4.35353e-07 0.243242 -5.87363e-13 
1.75143e-09 1.91743e-09 0.0277854 5.02423 -5.40108e-10 -4.35353e-07 0.254676 -5.87521e-13 
1.75143e-09 1.91743e-09 0.0277854 5.02423 -6.43845e-10 -4.35353e-07 0.266083 -5.87712e-13 
1.75143e-09 1.91743e-09 0.0277854 5.02423 -7.47304e-10 -4.35353e-07 0.27746 -5.8798e-13 
1.75143e-09 1.91743e-09 0.0277854 5.02423 -8.50514e-10 -4.35353e-07 0.28881 -5.88323e-13 
1.75143e-09 1.91743e-09 0.0277854 5.02423 -9.53557e-10 -4.35353e-07 0.300144 -5.88835e-13 
1.75143e-09 1.91743e-09 0.0277854 5.02423 -1.05653e-09 -4.35353e-07 0.311474 -5.89609e-13 
1.75143e-09 1.91743e-09 0.0277854 5.02423 -1.15937e-09 -4.35353e-07 0.322792 -5.90856e-13 
1.75143e-09 1.91743e-09 0.0277854 5.02423 -1.26133e-09 -4.35353e-07 0.334022 -5.93029e-13 
1.75142e-09 1.91742e-09 0.0277854 5.02423 -1.361e-09 -4.35353e-07 0.345016 -5.97497e-13 
1.82235e-08 6.4002e-09 0.0277853 5.02423 5.18241e-07 1.47079e-07 0.355872 5.64913e-10 
1197.29 478.158 302.942 5 -1.4 6.28 0.365795 -4.67537e-10 
3914.06 4675.77 203.76 5.02423 -1.485e-10 1.04799e-10 0.369 0 
3914.06 4675.77 203.76 5.02423 -1.485e-10 1.04799e-10 0.369 0 
3934.35 4735.49 203.147 5 -0.820722 -1.13683 1.15369 -0.40575 
3955.23 4753.25 172.247 26.2118 -0.163211 -1.24953 -0.176776 -0.882757 
3910.62 4766.9 164.357 26.0289 -0.162319 -4.6258 -0.165163 -0.069603 
3865.87 4655.95 156.512 25.8459 -0.161426 -4.88671 -0.153551 0.00208469 
3821.06 4535.37 148.71 25.6629 -0.160533 -4.88678 -0.141939 0.00184957 
3776.22 4414.79 140.951 25.4799 -0.159639 -4.88553 -0.130327 0.00196468 
3731.35 4294.26 133.237 25.297 -0.158746 -4.88525 -0.118714 0.00192371 
3686.45 4173.73 125.566 25.114 -0.157852 -4.88495 -0.107102 0.00191967 
3641.52 4053.22 117.939 24.931 -0.156959 -4.88559 -0.0954898 0.00213816 
3596.57 3932.68 110.356 24.7481 -0.156065 -4.88533 -0.0838776 0.00327079 
3551.59 3812.15 102.817 24.5651 -0.155172 -4.88531 -0.0722653 0.00244148 
3506.6 3691.63 95.3216 24.3821 -0.154278 -4.8853 -0.0606531 0.00577931 
3461.6 3571.1 87.87 24.1991 -0.153385 -4.88529 -0.0490408 0.0127957 
3416.58 3450.57 80.4621 24.0162 -0.15249 -4.88527 -0.0374286 0.00154872 
3371.56 3330.04 73.0981 23.8332 -0.151595 -4.88545 -0.0258163 0.000556016 
3326.54 3209.51 65.7779 23.6502 -0.150709 -4.88543 -0.0142041 0.00184107 
3281.51 3088.97 58.5012 23.4673 -0.149843 -4.88543 -0.00259184 0.00334186 
3236.48 2968.44 51.2673 23.2853 -0.148918 -4.88542 0.00902041 0.000745938 
3191.46 2847.9 44.0783 23.1021 -0.147684 -4.88541 0.0206327 -0.000879146 
3146.45 2727.36 36.9457 22.9094 -0.146533 -4.88543 0.0322449 0.0106429 
3101.48 2606.83 29.867 22.7118 -0.148798 -4.8854 0.0438571 0.0242427 
3056.57 2486.29 22.7164 22.6064 -0.15603 -4.88543 0.0554694 -0.00260115 
3011.45 2365.75 15.3051 22.7105 -0.135788 -4.94961 0.0670816 -0.00106082 
2965.46 2242.85 8.63465 22.2023 -0.0160263 -5.38247 0.0786939 -0.0808593 
2920.37 2103.97 9.95109 22.0194 -0.0151332 -6.27975 0.0903061 0.00483858 
2875.9 1931.97 11.3587 21.8364 -0.0142397 -6.27988 0.101918 0.00889677 
2832.07 1759.97 12.8101 21.6534 -0.0133462 -6.27992 0.113531 0.00131058 
2788.89 1587.97 14.3053 21.4705 -0.0124527 -6.27994 0.125143 0.000741605 
2746.36 1415.97 15.8442 21.2875 -0.0115592 -6.27996 0.136755 0.00117533 
2704.48 1243.96 17.427 21.1045 -0.0106657 -6.27997 0.148367 0.0016872 
2663.26 1071.96 19.0536 20.9215 -0.00977222 -6.27996 0.15998 0.0010401 
2622.71 899.953 20.724 20.7386 -0.00887872 -6.27995 0.171592 -0.0409801 
2582.81 727.948 22.4381 20.5556 -0.00798521 -6.27993 0.183204 0.000677186 
2543.59 555.942 24.1961 20.3726 -0.00709173 -6.2799 0.194816 0.0211439 
2505.03 383.938 25.9979 20.1897 -0.0061984 -6.27982 0.206429 0.0443725 
2467.15 211.936 27.8434 20.0067 -0.00530498 -6.13741 0.218041 0.279008 
2429.94 45.1893 29.7327 19.8237 -0.00440985 -3.78341 0.229653 0.257459 
2393.49 -34.6852 31.666 19.6407 -0.00351194 -1.47016 0.241265 0.0171926 
2357.79 -29.1917 33.6431 19.4577 -0.00261596 -0.872527 0.252878 -0.0174022 
2322.79 -1.64331 35.6642 19.2746 -0.00175287 -1.56671 0.26449 -0.00404825 
2288.47 0.286449 37.7279 19.0923 -0.000934588 -1.73266 0.276102 -0.0265271 
2254.83 -3.90859 39.8326 18.912 0.000146769 -2.79732 0.287714 0.0123386 
2221.84 -47.3943 41.9879 18.7258 0.00215475 -2.03846 0.299327 0.0385529 
2189.59 -62.8754 44.2283 18.5091 0.0029748 -0.528713 0.310939 0.00948823 
2158.19 -22.6411 46.5118 18.3026 -0.00800304 0.432054 0.322551 -0.00169697 
2127.6 53.0491 48.4024 18.435 -0.0266986 0.0661382 0.334163 0.0416863 
2096.76 115.236 49.5951 19.0416 0.0657362 1.86317 0.345776 0.0389255 
2064.21 243.742 54.1633 16.8882 0.430225 3.72855 0.357388 -0.000799048 
2038.14 441.084 72.31 5 0.09 2.70295 0.369 0 
2038.14 441.084 72.31 5 0.09 2.70295 0.369 0 
2062.45 599.263 78.695 5 -0.757251 0.892572 1.15369 -0.97388 
2087.81 689.647 53.3521 24.718 0.662753 -2.83084 -0.176776 1.00718 
2050.94 640.644 80.0022 5 0.0991032 1.0688 0.520549 -0.985775 
2075.76 737.627 86.7281 5 0.0991012 -2.7845 0.520549 -0.810201 
2100.98 690.312 93.454 5 0.0990993 -6.28 0.52055 0.508757 
2126.6 512.096 100.18 5 0.0990993 -6.28 0.52055 0.77751 
2152.72 333.881 106.906 5 0.0990994 -6.04485 0.52055 0.900126 
2179.36 164.472 113.631 5 0.0991014 -2.37164 0.52055 -0.00323104 
2206.61 132.617 120.357 5 0.099102 -1.13159 0.52055 0.00123876 
2234.4 147.2 127.083 5 0.0991018 -1.51834 0.52055 0.000849801 
2262.68 147.3 133.809 5 0.0991018 -1.5202 0.52055 0.000361586 
2291.47 147.33 140.535 5 0.0991018 -1.52174 0.52055 -1.07482e-05 
2320.76 147.303 147.261 5 0.0991018 -1.52287 0.52055 -0.000682433 
2350.56 147.233 153.987 5 0.0991018 -1.53122 0.52055 7.22327e-05 
2380.86 146.851 160.713 5 0.0991018 -1.52733 0.52055 0.00251443 
2411.67 146.614 167.438 5 0.0991018 -1.50592 0.52055 1.21226e-05 
2442.98 147.179 174.164 5 0.0991018 -1.52278 0.52055 5.3602e-05 
2474.8 147.113 180.89 5 0.0991018 -1.52204 0.52055 0.00016465 
2507.12 147.075 187.616 5 0.0991018 -1.52061 0.52055 0.00102502 
2539.94 147.09 194.342 5 0.0991018 -1.52271 0.52055 0.000308826 
2573.27 147.026 201.068 5 0.0991018 -1.51922 0.52055 -0.000122066 
2607.11 147.093 207.794 5 0.0991018 -1.52048 0.52055 0.000513354 
2641.45 147.113 214.52 5 0.0991018 -1.52071 0.52055 -0.00149813 
2676.29 147.124 221.246 5 0.0991018 -1.53716 0.52055 0.00214446 
2711.64 146.519 227.972 5 0.0991018 -1.51247 0.52055 -0.000781088 
2747.49 146.839 234.697 5 0.0991018 -1.52166 0.52055 6.26931e-05 
2783.85 146.815 241.423 5 0.0991018 -1.52137 0.52055 7.27208e-06 
2820.72 146.802 248.149 5 0.0991018 -1.52101 0.52055 -0.000217406 
2858.08 146.802 254.875 5 0.0991018 -1.52392 0.52055 0.00017021 
2895.95 146.693 261.601 5 0.0991018 -1.52123 0.52055 -6.88777e-05 
2934.33 146.684 268.327 5 0.0991018 -1.52191 0.52055 5.67171e-06 
2973.21 146.651 275.053 5 0.0991018 -1.52203 0.52055 -7.16786e-06 
3012.6 146.612 281.779 5 0.0991018 -1.52203 0.52055 -1.91023e-05 
3052.49 146.574 288.505 5 0.0991018 -1.52206 0.52055 -3.44989e-05 
3092.88 146.535 295.23 5 0.0991018 -1.52207 0.52055 -2.25738e-05 
3133.78 146.495 301.956 5 0.0991018 -1.52173 0.52055 -0.000750317 
3175.19 146.468 308.682 5 0.0991012 -2.43453 0.520553 -0.0591555 
3217.07 112.259 315.408 5 0.0991176 -3.50459 0.52026 0.23649 
3259.43 37.9772 322.135 5 0.0974985 -1.2012 0.519085 0.215082 
3302.35 49.9535 328.8 5.04811 0.0893757 1.06133 0.517755 -0.193673 
3345.71 146.658 335.159 5.31813 0.0912403 -1.1524 0.501449 0.116706 
3388.67 160.462 341.572 5.49605 0.097611 0.198017 0.485143 0.150857 
3431.61 224.838 348.212 5.47603 0.0756171 2.32971 0.468837 0.129449 
3475.19 369.041 354.03 6.1145 -0.0437144 4.42029 0.452531 0.0163894 
3517.44 591.535 352.161 6.3904 -0.0224781 6.28 0.436224 -0.00122817 
3558.77 883.671 350.617 6.02093 0.00449739 5.43414 0.419918 -0.0652243 
3601.04 1144.13 350.106 5 -0.191998 3.49285 0.403612 0.0438163 
3646.42 1331.89 342.297 9.85344 -1.12039 5.40795 0.387306 -0.000389035 
3677.41 1591.38 299.43 40 -0.09 4.74125 0.369 0 
3677.41 1591.38 299.43 40 -0.09 4.74125 0.369 0 
3652.3 1668.37 295.381 35.8004 1.4 2.95043 -0.0646772 1.02859 
3630.93 1722.77 310.203 17.8941 0.73536 6.28 0.997995 0.0720738 
3628.23 1819.14 317.008 7.24341 -0.0569813 6.28 1.12108 -0.0201993 
3636.67 1915.51 314.037 5 -0.270686 6.28 1.10478 -0.712153 
3647.35 2011.87 308.417 5 -0.26974 6.28 1.08847 -0.014647 
3657.88 2108.23 302.808 5 -0.268794 6.28 1.07216 0.0326596 
3668.28 2204.59 297.212 5 -0.267848 6.28 1.05586 -0.554301 
3678.53 2300.95 291.628 5 -0.266903 4.79554 1.03955 -0.878735 
3688.63 2378.6 286.055 5 -0.265958 1.57588 1.02324 -0.857327 
3698.55 2415.65 280.495 5 -0.265014 -1.63048 1.00694 -0.835918 
3708.3 2412.27 274.946 5 -0.26407 -4.82354 0.990633 -0.0377103 
3717.88 2368.63 269.41 5 -0.263124 -6.28 0.974327 0.000289947 
3727.3 2306.62 263.885 5 -0.262178 -6.28 0.95802 0.000260583 
3736.58 2244.62 258.372 5 -0.261232 -6.28 0.941714 0.000238449 
3745.73 2182.62 252.871 5 -0.260286 -6.28 0.925408 0.000215789 
3754.73 2120.61 247.382 5 -0.25934 -6.28 0.909102 0.000197224 
3763.6 2058.61 241.905 5 -0.258394 -6.28 0.892796 0.000182524 
3772.33 1996.61 236.44 5 -0.257448 -6.28 0.87649 0.0001685 
3780.91 1934.6 230.987 5 -0.256502 -6.28 0.860184 0.000155772 
3789.37 1872.6 225.545 5 -0.255556 -6.28 0.843878 0.00014539 
3797.68 1810.6 220.116 5 -0.25461 -6.28 0.827571 0.000137167 
3805.85 1748.59 214.699 5 -0.253664 -6.28 0.811265 0.000130848 
3813.89 1686.59 209.293 5 -0.252718 -6.28 0.794959 0.000127362 
3821.79 1624.59 203.9 5 -0.251772 -6.28 0.778653 0.000121714 
3829.56 1562.58 198.518 5 -0.250826 -6.28 0.762347 0.000118302 
3837.19 1500.58 193.148 5 -0.24988 -6.28 0.746041 0.000115122 
3844.68 1438.58 187.79 5 -0.248934 -6.28 0.729735 0.000193383 
3852.04 1376.57 182.445 5 -0.247988 -6.28 0.713429 0.00137302 
3859.26 1314.57 177.111 5 -0.247042 -6.28 0.697122 0.0367927 
3866.35 1252.57 171.789 5 -0.246096 -6.28 0.680816 0.00798207 
3873.3 1190.56 166.479 5 -0.24515 -6.28 0.66451 -0.0530422 
3880.12 1128.56 161.181 5 -0.244204 -6.28 0.648204 -0.00290263 
3886.81 1066.56 155.894 5 -0.243258 -6.28 0.631898 -2.41171e-05 
3893.36 1004.55 150.62 5 -0.242312 -6.28 0.615592 5.75895e-05 
3899.77 942.551 145.358 5 -0.241366 -6.28 0.599286 2.06705e-05 
3906.06 880.548 140.107 5 -0.24042 -6.28 0.58298 1.90303e-05 
3912.21 818.545 134.869 5 -0.239473 -6.28 0.566673 1.55662e-05 
3918.23 756.541 129.642 5 -0.238527 -6.28 0.550367 7.29131e-06 
3924.11 694.538 124.428 5 -0.237581 -6.28 0.534061 2.14078e-06 
3929.87 632.535 119.225 5 -0.236635 -6.28 0.517755 1.06042e-05 
3935.49 570.531 114.034 5 -0.235689 -6.28 0.501449 6.63553e-06 
3940.98 508.528 108.855 5 -0.234743 -6.28 0.485143 5.26765e-06 
3946.34 446.525 103.688 5 -0.233797 -6.28 0.468837 4.11023e-06 
3951.57 384.522 98.5334 5 -0.232851 -6.28 0.452531 4.32231e-06 
3956.67 322.518 93.3903 5 -0.773787 -6.28 0.436224 6.99637e-06 
3961.77 260.515 81.4268 10.1981 -1.4 -6.28 0.419918 1.82353e-06 
3961.48 198.516 61.4625 20.9853 -1.4 -6.28 0.403612 4.02764e-06 
3949.79 136.525 41.2802 30.8952 -1.4 -6.28 0.387306 0.000153124 
3927.57 74.5422 20.8976 40 0.195552 -4.58205 0.369 0 
4367.34 2349.95 1655.62 13.6228 0.424171 0 0.32251 0 
4367.34 2349.95 1655.62 13.6228 0.424171 2.20259e-09 0.32251 -2.25383e-05 
4367.34 2349.95 1655.63 13.6164 0.424994 -0.0545853 0.322805 3.55273e-05 
2088.9 2314.9 1681.21 13.5394 0.425444 -0.0519461 0.326382 0.000105134 
2071.18 2035.22 1618.91 13.6802 0.42275 0.0736926 0.319845 -7.6105e-05 
2061.94 2237.97 1639.05 13.6486 0.42353 0.033263 0.321312 -3.42173e-05 
2057.85 2329.13 1648.02 13.6345 0.423877 0.0152672 0.321964 -1.56121e-05 
2056.02 2370.73 1652.04 13.6283 0.424033 0.00718267 0.322256 -7.27545e-06 
2055.19 2390.11 1653.87 13.6254 0.424104 0.00350985 0.322388 -3.49151e-06 
2054.8 2399.41 1654.71 13.6241 0.424136 0.00183492 0.322448 -1.77083e-06 
2054.63 2404.13 1655.09 13.6235 0.424151 0.00106181 0.322476 -9.74033e-07 
2054.54 2406.72 1655.27 13.6232 0.424158 0.000709813 0.322489 -6.07737e-07 
2054.5 2408.34 1655.34 13.6231 0.424161 0.00055614 0.322495 -4.42406e-07 
2054.48 2409.52 1655.37 13.6231 0.424162 0.000499251 0.322497 -3.74079e-07 
2054.47 2410.51 1655.38 13.623 0.424162 0.000491586 0.322498 -3.54032e-07 
2054.46 2411.46 1655.37 13.623 0.424162 0.000510947 0.322498 -3.59546e-07 
2054.46 2412.41 1655.35 13.6231 0.424161 0.00054693 0.322497 -3.79688e-07 
2054.46 2413.42 1655.32 13.6231 0.42416 0.000595189 0.322496 -4.09793e-07 
2054.46 2414.52 1655.3 13.6231 0.424159 0.000654095 0.322495 -4.47718e-07 
2054.45 2415.71 1655.26 13.6231 0.424158 0.000723783 0.322493 -4.93041e-07 
2054.45 2417.02 1655.22 13.6232 0.424157 0.000805366 0.322492 -5.46197e-07 
2054.45 2418.47 1655.17 13.6232 0.424155 0.000900696 0.32249 -6.08192e-07 
2054.45 2420.09 1655.12 13.6233 0.424153 0.00101229 0.322487 -6.80442e-07 
2054.45 2421.91 1655.05 13.6233 0.424151 0.00114358 0.322485 -7.64692e-07 
2054.44 2423.94 1654.97 13.6234 0.424148 0.00129938 0.322481 -8.63753e-07 
2054.44 2426.24 1654.88 13.6235 0.424145 0.00148606 0.322478 -9.81564e-07 
2054.44 2428.85 1654.77 13.6236 0.424141 0.00171136 0.322473 -1.12235e-06 
2054.43 2431.84 1654.63 13.6237 0.424136 0.0019859 0.322467 -1.29213e-06 
2054.43 2435.28 1654.47 13.6238 0.424131 0.00232378 0.322461 -1.49874e-06 
2054.42 2439.27 1654.26 13.624 0.424124 0.00274405 0.322453 -1.75272e-06 
2054.41 2443.94 1653.99 13.6242 0.424115 0.00327242 0.322442 -2.06871e-06 
2054.39 2449.45 1653.66 13.6245 0.424103 0.00394293 0.32243 -2.46589e-06 
2054.38 2456.01 1653.24 13.6249 0.424089 0.00480102 0.322413 -2.97136e-06 
2054.36 2463.92 1652.69 13.6253 0.42407 0.00590449 0.322393 -3.62072e-06 
2054.33 2473.56 1651.98 13.6259 0.424046 0.00732475 0.322365 -4.46375e-06 
2054.29 2485.45 1651.08 13.6267 0.424015 0.00913914 0.32233 -5.56326e-06 
2054.25 2500.26 1649.95 13.6277 0.423976 0.0114148 0.322283 -7.00724e-06 
2054.19 2518.91 1648.59 13.629 0.423928 0.014147 0.322221 -8.87406e-06 
2054.14 2542.54 1647.09 13.6307 0.423874 0.0171776 0.322141 -1.12397e-05 
2054.09 2572.47 1645.69 13.6328 0.42382 0.0199851 0.322044 -1.40424e-05 
2054.09 2609.86 1644.97 13.635 0.423786 0.0214373 0.321941 -1.6841e-05 
2054.19 2654.7 1645.86 13.6364 0.423802 0.0196528 0.321876 -1.83239e-05 
2054.43 2703.49 1649.37 13.6348 0.423914 0.01259 0.32195 -1.57007e-05 
2054.79 2745.28 1655.32 13.6266 0.424138 0.000600754 0.322331 -4.68428e-06 
2055.03 2757.73 1659.3 13.6079 0.424373 -0.00742569 0.323199 1.8494e-05 
2054.36 2708.42 1647.21 13.578 0.424218 0.0168564 0.324587 5.17914e-05 
2050.85 2570.31 1587.23 13.5446 0.422709 0.137422 0.326137 7.9318e-05 
2039 2358.27 1418 13.5277 0.417957 0.477404 0.32692 5.30715e-05 
1994.33 2184.12 1026.98 13.5514 0.406678 1.23488 0.325806 -0.00122501 
702.478 2295.27 197.818 22.6288 1.06402e-06 0.0398603 0.32151 0 
702.478 2295.27 197.818 22.6288 1.06402e-06 0.0398603 0.32151 0 
689.105 2322.34 198.443 20.7085 0.963065 0.591885 -0.188388 1.00977 
678.07 2358.87 215.642 7.9431 0.288166 2.09448 0.356753 0.875345 
685.425 2421.17 221.615 5 0.0722447 3.3719 0.625994 0.814699 
697.121 2505.38 223.964 5 0.0722454 4.5324 0.625994 0.628992 
708.915 2609.49 226.314 5 0.0722459 5.39594 0.625994 0.36186 
720.8 2728.42 228.663 5 0.0722461 5.88491 0.625994 0.146775 
732.774 2855.73 231.013 5 0.0722462 6.08688 0.625994 0.0324257 
744.831 2986.51 233.363 5 0.0722462 6.13632 0.625994 -0.029795 
756.969 3118.14 235.712 5 0.0722462 6.10089 0.625994 -0.0852822 
769.187 3249.16 238.062 5 0.0722462 5.98756 0.625994 -0.147409 
781.485 3378.23 240.411 5 0.072246 5.78312 0.625994 -0.212419 
793.861 3503.8 242.761 5 0.0722459 5.47794 0.625994 -0.273151 
806.313 3624.13 245.11 5 0.0722457 5.0726 0.625994 -0.32448 
818.841 3737.51 247.46 5 0.0722454 4.57634 0.625994 -0.364136 
831.442 3842.38 249.81 5 0.0722451 4.00352 0.625994 -0.391934 
844.116 3937.42 252.159 5 0.0722447 3.3704 0.625994 -0.408838 
856.863 4021.6 254.509 5 0.0722444 2.69312 0.625994 -0.416245 
869.681 4094.16 256.858 5 0.072244 1.98655 0.625995 -0.415575 
882.57 4154.61 259.208 5 0.0722436 1.26398 0.625995 -0.408069 
895.53 4202.65 261.557 5 0.0722432 0.537133 0.625995 -0.39472 
908.561 4238.23 263.907 5 0.0722428 -0.183573 0.625995 -0.376293 
921.663 4261.45 266.256 5 0.0722424 -0.888728 0.625995 -0.353376 
934.835 4272.56 268.606 5 0.0722421 -1.56964 0.625995 -0.326463 
948.08 4272 270.955 5 0.0722417 -2.21812 0.625995 -0.296037 
961.396 4260.32 273.305 5 0.0722414 -2.8264 0.625996 -0.262662 
974.785 4238.2 275.654 5 0.072241 -3.38715 0.625996 -0.22705 
988.246 4206.46 278.004 5 0.0722407 -3.89362 0.625996 -0.1901 
1001.78 4166.03 280.353 5 0.0722405 -4.33983 0.625996 -0.152887 
1015.39 4117.95 282.703 5 0.0722402 -4.72089 0.625997 -0.116579 
1029.08 4063.33 285.052 5 0.0722402 -5.03304 0.625995 -0.0822856 
1042.84 4003.36 287.402 5 0.0722343 -5.27365 0.626094 -0.0508622 
1056.68 3939.26 289.751 5 0.0724803 -5.44066 0.62185 -0.022698 
1070.6 3872.29 292.105 5 0.0618476 -5.53143 0.621362 0.002446 
1084.6 3803.77 294.276 5.13914 0.0501772 -5.5406 0.615592 -0.0293462 
1098.49 3735.09 296.243 5.4194 0.0465855 -5.67536 0.599286 -0.0359251 
1112.06 3664.1 298.141 5.72755 0.0468327 -5.85004 0.58298 -0.0211653 
1125.27 3590.12 300.035 6.01037 0.0553735 -5.97737 0.566673 -0.00535973 
1138.15 3513.94 302.067 6.16244 0.0679231 -6.0335 0.550367 0.00216226 
1150.89 3436.81 304.31 6.14604 0.0631515 -6.04227 0.534061 0.0033263 
1163.72 3359.53 306.472 6.20611 0.014034 -6.03489 0.517755 0.002383 
1176.57 3282.37 307.79 6.91278 -0.0661067 -6.02677 0.501449 0.00142936 
1188.52 3205.35 307.325 7.47581 -0.0715662 -6.0206 0.485143 0.000819272 
1199.68 3128.44 306.017 8.05947 -0.0271973 -6.0156 0.468837 0.000439451 
1209.98 3051.62 305.453 8.01117 0.0693435 -6.01161 0.452531 0.000211383 
1220.29 2974.86 306.547 6.72067 0.114304 -6.009 0.436224 7.33426e-05 
1232.4 2898.15 308.448 5 -0.0931372 -6.00876 0.419917 0.000220376 
1247.01 2821.44 306.837 6.19131 -0.617787 -5.98173 0.403612 0.000423058 
1260.11 2745.19 296.194 14.109 -0.979999 -5.90585 0.387306 0.000239537 
1262.08 2670.26 279.12 26.4383 -0.0899998 -5.75946 0.369 0 
1262.08 2670.26 279.12 26.4383 -0.0899998 -5.75946 0.369 0 
1206.8 2432.42 280.599 30.9377 0.628392 0.804016 -0.188388 0.42657 
1131.27 2556.98 321.343 5 0.219336 6.2606 0.0485578 -0.00108185 
1175.69 2982.73 341.799 5 0.219336 6.25948 0.0485578 -0.00104699 
1222.38 3408.41 362.254 5 0.219336 6.25831 0.0485578 -0.00101679 
1271.33 3834.03 382.709 5 0.219336 6.257 0.0485579 -0.000987908 
1322.54 4259.57 403.164 5 0.219336 6.25553 0.0485579 -0.000960375 
1376.01 4685.04 423.619 5 0.219336 6.25386 0.0485579 -0.000934489 
1431.74 5110.41 444.074 5 0.219336 6.25194 0.048558 -0.000910647 
1489.74 5535.68 464.529 5 0.219336 6.24972 0.048558 -0.000889391 
1550 5960.82 484.984 5 0.219336 6.24713 0.0485581 -0.000871477 
1612.53 6385.82 505.439 5 0.219336 6.24406 0.0485582 -0.000858007 
1677.31 6810.65 525.894 5 0.219336 6.24037 0.0485583 -0.000850694 
1744.36 7235.28 546.349 5 0.219336 6.23585 0.0485585 -0.000852447 
1813.68 7659.66 566.804 5 0.219336 6.2302 0.0485566 -0.000868816 
1885.25 8083.73 587.259 5 0.219318 6.2229 0.0488725 -0.000911925 
1959.09 8507.39 607.713 5 0.221901 6.21299 0.00434867 -0.0010106 
2035.18 8930.51 628.31 5 -0.142871 6.19847 0.892778 -0.00124411 
2113.96 9352.82 617.596 5 -0.141927 6.17433 0.876487 -0.00195469 
2191.55 9773.8 604.947 5 -0.140981 6.12496 0.860182 -0.00497612 
2267.74 10192.1 592.35 5 -0.140035 6.00158 0.843876 -0.0208263 
2342.52 10603.5 579.806 5 -0.139089 5.33224 0.827571 -0.17768 
2415.89 10978 567.314 5 -0.138146 0.55054 0.811265 -0.0294785 
2487.67 11088.5 554.874 5 -0.137201 -1.54498 0.794959 0.0121907 
2557.98 11083.2 542.486 5 -0.136255 -1.94219 0.778653 -0.0702002 
2626.89 11056.1 530.151 5 -0.135311 -5.15835 0.762347 -0.0134234 
2694.3 10851.4 517.867 5 -0.134365 -5.91991 0.74604 -0.00272577 
2760.32 10604.6 505.636 5 -0.133419 -6.09123 0.729734 -0.00083156 
2824.98 10348.4 493.457 5 -0.132473 -6.15584 0.713428 -0.000302444 
2888.28 10088.6 481.33 5 -0.131527 -6.18796 0.697122 -0.000107845 
2950.24 9826.98 469.256 5 -0.130581 -6.20682 0.680816 -2.32992e-05 
3010.87 9564.37 457.233 5 -0.129635 -6.21914 0.66451 1.6524e-05 
3070.16 9301.07 445.263 5 -0.128689 -6.2278 0.648204 3.53673e-05 
3128.12 9037.3 433.346 5 -0.127743 -6.23422 0.631898 4.34052e-05 
3184.77 8773.17 421.48 5 -0.126797 -6.23918 0.615592 4.55437e-05 
3240.1 8508.77 409.667 5 -0.125851 -6.24314 0.599286 4.43595e-05 
3294.12 8244.15 397.906 5 -0.124905 -6.24638 0.582979 4.1297e-05 
3346.85 7979.35 386.197 5 -0.123959 -6.24909 0.566673 3.72095e-05 
3398.27 7714.4 374.54 5 -0.123013 -6.25139 0.550367 3.26244e-05 
3448.41 7449.33 362.935 5 -0.122067 -6.25336 0.534061 2.78811e-05 
3497.26 7184.14 351.383 5 -0.121121 -6.25508 0.517755 2.3206e-05 
3544.83 6918.86 339.883 5 -0.120175 -6.2566 0.501449 1.87554e-05 
3591.12 6653.5 328.436 5 -0.119229 -6.25794 0.485143 1.464e-05 
3636.15 6388.06 317.04 5 -0.118283 -6.25914 0.468837 1.09406e-05 
3679.92 6122.56 305.697 5 -0.117337 -6.26021 0.45253 7.7174e-06 
3722.43 5857 294.406 5 -0.116391 -6.26118 0.436224 5.01555e-06 
3763.7 5591.38 283.167 5 -0.115445 -6.26206 0.419918 2.86865e-06 
3803.71 5325.72 271.98 5 -0.114499 -6.26286 0.403612 1.31349e-06 
3842.49 5060.01 260.846 5 -0.946766 -6.26353 0.387306 0.000152554 
3880.96 4794.26 203.76 40 -0.00174335 -3.01896 0.369 0 
3880.96 4794.26 203.76 40 -0.00174335 -3.01896 0.369 0 
3840.26 4710.71 262.913 23.234 -7.59297e-07 -0.35511 0.482653 3.75315e-16 
3799.65 4627.16 319.771 22.5295 -2.70306e-07 -0.340348 0.480306 -1.53645e-16 
3759.12 4543.61 374.433 22.501 -2.70167e-07 -0.340266 0.477959 -8.48682e-17 
3718.68 4460.05 426.953 22.4999 -2.70165e-07 -0.340266 0.475612 -1.0197e-16 
3678.32 4376.5 477.359 22.4998 -2.70164e-07 -0.340266 0.473265 3.89958e-17 
3638.04 4292.95 525.657 22.4998 -2.70162e-07 -0.340266 0.470918 4.02975e-17 
3597.84 4209.4 571.839 22.4998 -2.70161e-07 -0.340266 0.468571 -5.34263e-17 
3557.71 4125.85 615.886 22.4998 -2.7016e-07 -0.340266 0.466224 -8.337e-17 
3517.66 4042.3 657.772 22.4998 -2.7016e-07 -0.340266 0.463878 1.89814e-17 
3477.68 3958.74 697.463 22.4998 -2.70159e-07 -0.340266 0.461531 -2.96787e-18 
3437.78 3875.19 734.918 22.4998 -2.70158e-07 -0.340266 0.459184 -3.04439e-17 
3397.94 3791.64 770.092 22.4998 -2.70158e-07 -0.340266 0.456837 -2.13971e-17 
3358.17 3708.09 802.937 22.4998 -2.70157e-07 -0.340266 0.45449 -1.66224e-17 
3318.46 3624.54 833.4 22.4998 -2.70157e-07 -0.340266 0.452143 -4.427e-17 
3278.82 3540.99 861.429 22.4998 -2.70156e-07 -0.340266 0.449796 -3.65893e-17 
3239.24 3457.43 886.968 22.4998 -2.70156e-07 -0.340266 0.447449 -1.20735e-17 
3199.71 3373.88 909.963 22.4998 -2.70155e-07 -0.340266 0.445102 -2.2575e-18 
3160.25 3290.33 930.36 22.4998 -2.70155e-07 -0.340266 0.442755 1.58708e-17 
3120.84 3206.78 948.107 22.4998 -2.70154e-07 -0.340266 0.440408 1.64009e-17 
3081.48 3123.23 963.157 22.4998 -2.70154e-07 -0.340266 0.438061 -1.94085e-17 
3042.18 3039.68 975.467 22.4998 -2.70154e-07 -0.340266 0.435714 -7.67533e-18 
3002.92 2956.12 985 22.4998 -2.70153e-07 -0.340266 0.433367 2.73902e-18 
2963.72 2872.57 991.726 22.4998 -2.70153e-07 -0.340266 0.43102 4.2667e-18 
2924.55 2789.02 995.624 22.4998 -2.70153e-07 -0.340266 0.428673 2.53964e-17 
2885.44 2705.47 996.681 22.4998 -2.70152e-07 -0.340266 0.426327 1.93623e-17 
2846.36 2621.92 994.893 22.4998 -2.70152e-07 -0.340266 0.42398 -1.05072e-17 
2807.32 2538.37 990.266 22.4998 -2.70152e-07 -0.340266 0.421633 1.77906e-17 
2768.33 2454.81 982.816 22.4998 -2.70151e-07 -0.340266 0.419286 -7.58339e-18 
2729.36 2371.26 972.566 22.4998 -2.70151e-07 -0.340266 0.416939 -2.32469e-18 
2690.44 2287.71 959.548 22.4998 -2.70151e-07 -0.340266 0.414592 3.34118e-17 
2651.54 2204.16 943.8 22.4998 -2.7015e-07 -0.340266 0.412245 -2.36551e-17 
2612.67 2120.61 925.367 22.4998 -2.7015e-07 -0.340266 0.409898 -3.31034e-18 
2573.84 2037.06 904.297 22.4998 -2.70149e-07 -0.340266 0.407551 2.04137e-17 
2535.03 1953.5 880.643 22.4998 -2.70149e-07 -0.340266 0.405204 1.79515e-17 
2496.24 1869.95 854.459 22.4998 -2.70148e-07 -0.340266 0.402857 -2.76739e-17 
2457.47 1786.4 825.799 22.4998 -2.70147e-07 -0.340266 0.40051 -6.43504e-18 
2418.73 1702.85 794.718 22.4998 -2.70147e-07 -0.340266 0.398163 3.42654e-18 
2380 1619.3 761.27 22.4998 -2.70146e-07 -0.340266 0.395816 -2.15616e-18 
2341.29 1535.75 725.505 22.4998 -2.70145e-07 -0.340266 0.393469 -1.15483e-17 
2302.6 1452.19 687.471 22.4998 -2.70144e-07 -0.340266 0.391122 -1.79597e-17 
2263.92 1368.64 647.212 22.4998 -2.70143e-07 -0.340266 0.388776 1.58105e-18 
2225.25 1285.09 604.767 22.4998 -2.70142e-07 -0.340266 0.386429 3.26118e-18 
2186.58 1201.54 560.169 22.4998 -2.70141e-07 -0.340266 0.384082 -5.52981e-18 
2147.93 1117.99 513.442 22.4998 -2.70139e-07 -0.340266 0.381735 2.15401e-19 
2109.28 1034.44 464.602 22.4998 -2.70137e-07 -0.340266 0.379388 4.93443e-18 
2070.63 950.885 413.654 22.4998 -2.70135e-07 -0.340266 0.377041 -5.23466e-18 
2031.98 867.333 360.586 22.4998 -2.70131e-07 -0.340255 0.374694 3.33615e-18 
1993.33 783.782 305.366 22.4998 -2.70051e-07 -0.338392 0.372347 5.64587e-19 
1954.68 700.23 247.93 22.5 -3.13145e-13 -0.001901 0.369 0 
1954.68 700.23 247.93 22.5 -3.13145e-13 -0.001901 0.369 0 
1926.46 758.372 251.163 22.4392 0.618182 3.07369 -0.188388 0.540119 
1898.3 936.539 278.525 5 0.150838 6.24377 0.317463 -0.00255354 
1927.27 1238.37 288.739 5 0.150838 6.23453 0.317463 -0.00232869 
1957.04 1539.85 298.953 5 0.150838 6.23066 0.317463 -0.00210898 
1987.6 1841.17 309.167 5 0.150838 6.22772 0.317463 -0.00215163 
2018.97 2142.38 319.382 5 0.150838 6.22416 0.317463 -0.00218712 
2051.14 2443.45 329.596 5 0.150838 6.21991 0.317463 -0.00221476 
2084.1 2744.36 339.81 5 0.150838 6.21492 0.317463 -0.00222581 
2117.86 3045.06 350.024 5 0.150838 6.20913 0.317463 -0.00218892 
2152.42 3345.55 360.238 5 0.150838 6.20248 0.317463 -0.00205189 
2187.78 3645.77 370.453 5 0.150838 6.19488 0.317463 -0.00178885 
2223.94 3945.7 380.667 5 0.150838 6.18597 0.317463 -0.00159049 
2260.89 4245.28 390.881 5 0.150838 6.17436 0.317463 -0.00208933 
2298.65 4544.41 401.095 5 0.150838 6.15759 0.317463 -0.00342217 
2337.2 4842.88 411.309 5 0.150838 6.14077 0.317464 -0.00047914 
2376.55 5140.69 421.524 5 0.150838 6.16996 0.317464 0.0141564 
2416.7 5439.65 431.738 5 0.150838 6.28 0.317464 -0.0111341 
2457.65 5742.9 441.952 5 0.150838 5.97164 0.317461 -0.131865 
2499.39 6034.11 452.166 5 0.150813 4.5298 0.317879 -0.259922 
2541.89 6269.06 462.379 5 0.153217 2.07005 0.276417 -0.313755 
2585.1 6408.02 472.686 5 -0.0861924 -0.841821 0.827543 -0.273227 
2629.22 6433.34 472.425 5 -0.0852504 -3.57348 0.811259 -0.157124 
2673.23 6352.05 467.268 5 -0.0843057 -5.46634 0.794956 -0.0385632 
2716.78 6196.9 462.147 5 -0.0833601 -6.16877 0.778651 0.00534599 
2759.91 6014.34 457.062 5 -0.0824141 -6.1834 0.762345 0.00321876 
2802.63 5831.21 452.015 5 -0.0814681 -6.13976 0.746039 -0.000107923 
2844.97 5649.78 447.005 5 -0.0805221 -6.14277 0.729734 -0.000462207 
2886.91 5468.23 442.031 5 -0.0795761 -6.15803 0.713428 -0.000274453 
2928.46 5286.09 437.095 5 -0.0786301 -6.1725 0.697122 -0.000129558 
2969.62 5103.38 432.195 5 -0.0776841 -6.18437 0.680816 -4.74212e-05 
3010.4 4920.21 427.333 5 -0.0767381 -6.194 0.664509 1.26858e-06 
3050.8 4736.66 422.507 5 -0.075792 -6.20191 0.648203 3.175e-05 
3090.81 4552.8 417.718 5 -0.074846 -6.20851 0.631897 5.06015e-05 
3130.46 4368.69 412.966 5 -0.0739 -6.21411 0.615591 6.12056e-05 
3169.73 4184.36 408.251 5 -0.072954 -6.2189 0.599285 6.57517e-05 
3208.63 3999.84 403.573 5 -0.0720079 -6.22305 0.582979 6.58635e-05 
3247.17 3815.16 398.932 5 -0.0710619 -6.22667 0.566673 6.28085e-05 
3285.34 3630.33 394.328 5 -0.0701159 -6.22986 0.550367 5.75857e-05 
3323.15 3445.39 389.76 5 -0.0691698 -6.23269 0.534061 5.0976e-05 
3360.6 3260.33 385.23 5 -0.0682238 -6.23522 0.517755 4.35803e-05 
3397.7 3075.17 380.737 5 -0.0672778 -6.23749 0.501449 3.58564e-05 
3434.44 2889.93 376.28 5 -0.0663318 -6.23955 0.485143 2.8169e-05 
3470.84 2704.6 371.86 5 -0.0653857 -6.24147 0.468836 2.08814e-05 
3506.89 2519.2 367.478 5 -0.0644397 -6.24332 0.45253 1.44616e-05 
3542.6 2333.73 363.132 5 -0.0634937 -6.24522 0.436224 9.23243e-06 
3577.96 2148.19 358.823 5 -0.0625476 -6.24718 0.419918 4.88851e-06 
3612.99 1962.56 354.551 5 -0.119646 -6.24848 0.403612 -1.10352e-05 
3647.73 1776.89 348.051 6.72335 -1.19621 -6.24441 0.387306 0.000263212 
3677.41 1591.38 299.43 40 -0.0899998 -4.59173 0.369 0 
3677.41 1591.38 299.43 40 -0.0899998 -4.59173 0.369 0 
3652.2 1550.69 295.381 35.8004 1.4 -2.61798 -0.0646239 0.437557 
3630.78 1534.89 310.203 17.8941 0.735452 -0.198213 0.997904 0.297568 
3628.02 1549.58 317.009 7.24249 -0.0570728 1.86265 1.12108 0.0825072 
3636.41 1590.25 314.037 5 -0.270689 2.69942 1.10478 0.0217544 
3647.05 1641.47 308.416 5.00001 -0.269742 2.94425 1.08847 -0.0148091 
3657.55 1695.77 302.808 5.00001 -0.268796 2.77387 1.07216 -0.0371725 
3667.91 1747.93 297.212 5.00001 -0.26785 2.33031 1.05586 -0.051083 
3678.13 1794.49 291.628 5.00001 -0.266905 1.70309 1.03955 -0.0592414 
3688.19 1833.15 286.055 5.00001 -0.265959 0.952518 1.02324 -0.0627737 
3698.11 1862.34 280.495 5.00001 -0.265013 0.126321 1.00694 -0.0621983 
3707.88 1881.12 274.946 5.00001 -0.264068 -0.731311 0.990632 -0.0580165 
3717.5 1889.08 269.409 5.00001 -0.263122 -1.57596 0.974326 -0.0510286 
3726.97 1886.39 263.885 5.00001 -0.262177 -2.36475 0.95802 -0.0423721 
3736.29 1873.75 258.372 5.00001 -0.261231 -3.06238 0.941714 -0.0333169 
3745.47 1852.32 252.871 5.00001 -0.260285 -3.64751 0.925408 -0.0249593 
3754.5 1823.51 247.382 5.00001 -0.259339 -4.11541 0.909102 -0.0179917 
3763.38 1788.81 241.905 5.00001 -0.258394 -4.47563 0.892796 -0.01265 
3772.13 1749.56 236.44 5.00001 -0.257448 -4.74636 0.876489 -0.00881719 
3780.73 1706.89 230.987 5.00001 -0.256502 -4.94833 0.860183 -0.00619257 
3789.2 1661.68 225.545 5.00001 -0.255556 -5.10042 0.843877 -0.00443906 
3797.52 1614.55 220.116 5.00001 -0.25461 -5.21754 0.827571 -0.00326925 
3805.71 1565.95 214.699 5.00001 -0.253664 -5.31043 0.811265 -0.00247377 
3813.76 1516.17 209.293 5.00001 -0.252718 -5.38631 0.794959 -0.00191498 
3821.67 1465.44 203.9 5.00001 -0.251772 -5.44991 0.778653 -0.00150791 
3829.44 1413.91 198.518 5.00001 -0.250826 -5.5043 0.762347 -0.00120154 
3837.08 1361.69 193.148 5.00001 -0.24988 -5.55154 0.74604 -0.000965001 
3844.58 1308.87 187.791 5.00001 -0.248934 -5.59306 0.729734 -0.000778968 
3851.94 1255.53 182.445 5.00002 -0.247988 -5.62988 0.713428 -0.000630718 
3859.17 1201.73 177.111 5.00002 -0.247042 -5.6628 0.697122 -0.00051145 
3866.27 1147.51 171.789 5.00002 -0.246096 -5.69241 0.680816 -0.000414821 
3873.23 1092.92 166.479 5.00002 -0.24515 -5.71921 0.66451 -0.000336114 
3880.05 1037.99 161.181 5.00002 -0.244204 -5.74358 0.648204 -0.000271745 
3886.74 982.753 155.894 5.00002 -0.243258 -5.76585 0.631898 -0.000218944 
3893.29 927.235 150.62 5.00002 -0.242312 -5.78628 0.615591 -0.00017554 
3899.72 871.459 145.358 5.00002 -0.241366 -5.80509 0.599285 -0.000139812 
3906.01 815.447 140.107 5.00002 -0.24042 -5.82245 0.582979 -0.000110382 
3912.16 759.215 134.869 5.00002 -0.239474 -5.83852 0.566673 -8.61392e-05 
3918.18 702.781 129.642 5.00002 -0.238528 -5.85341 0.550367 -6.62028e-05 
3924.07 646.159 124.428 5.00002 -0.237582 -5.8672 0.534061 -4.99112e-05 
3929.83 589.364 119.225 5.00002 -0.236636 -5.87996 0.517755 -3.68586e-05 
3935.46 532.407 114.034 5.00002 -0.23569 -5.89178 0.501449 -2.69717e-05 
3940.95 475.301 108.855 5.00002 -0.234744 -5.90289 0.485142 -2.05599e-05 
3946.32 418.056 103.688 5.00002 -0.233798 -5.91394 0.468836 -1.80227e-05 
3951.55 360.671 98.5333 5.00002 -0.232852 -5.92667 0.45253 -1.7332e-05 
3956.65 303.125 93.3903 5.00003 -0.773795 -5.94338 0.436224 4.54703e-06 
3961.76 245.369 81.4266 10.1982 -1.4 -5.93957 0.419918 -2.37019e-06 
3961.47 187.665 61.4624 20.9854 -1.4 -5.94512 0.403612 3.45579e-05 
3949.78 129.899 41.2801 30.8953 -1.4 -5.75472 0.387306 7.88641e-05 
3927.57 74.5422 20.8976 40 0.197231 -4.5319 0.369 0 
