grtopS_102_5
50
2 2
12 12 
0 5 7 6 9 4 8 2 10 3 1 11 
0 5 7 6 9 4 8 2 10 3 1 11 
2501.61 54.7211 42.142 0.0169768 73.4951 70.4043 357.937 86.8712 83.3888 64.7644 47.815 
111133 54.9838 43.4703 0.0811397 1.55972e-09 0 1.50373e-09 5.95144 39.0838 0 0 
51.0532 1.11676 0.86004 0.000346465 1.4999 1.43682 7.30484 1.77288 1.70181 1.32172 0.975816 
2268.03 1.12212 0.887149 0.00165591 3.18309e-11 0 3.06884e-11 0.121458 0.797629 0 0 
0 0.0235137 17.1655 4.79383e-05 0.274277 0 4.42506e-08 0.585404 0.388848 1.12325e-09 2.97638 
1.45349e-06 1.43005e-06 5.15169e-07 1.43593e-06 2.93497 1.52847 6.76508 0.235689 1.31218 4.92056 10.7643 
923.31 165.99 593.26 31.1273 0.767446 0 0.0487793 0 
923.31 165.99 593.26 31.1273 0.767446 -1.0666e-10 0.0490326 -0.0316066 
923.31 165.99 593.26 31.1215 0.827555 -0.508371 0.0480292 0.0306526 
341.891 99.4545 661.799 19.6205 1.00369 -0.163466 0.0730546 0.0503061 
242.415 -583.989 524.116 32.0787 0.743716 0.0635216 0.0467943 -0.00398006 
226.813 -522.851 530.698 31.5681 0.754328 0.0579815 0.0478689 -0.00200701 
213.276 -492.183 531.319 31.5295 0.755306 0.0580244 0.0479453 -0.0018393 
200.582 -464.011 531.691 31.4542 0.756644 0.0583553 0.0481073 -0.00157347 
188.74 -440.082 530.926 31.5072 0.755599 0.0596647 0.0479945 -0.00177147 
177.419 -413.052 530.843 31.4763 0.756335 0.0603643 0.0480564 -0.00164084 
166.792 -387.97 530.506 31.4201 0.757405 0.0613523 0.048175 -0.00143289 
156.866 -366.133 529.401 31.4194 0.757376 0.0630483 0.0481756 -0.00143273 
147.468 -344.29 528.238 31.4011 0.7577 0.0648178 0.0482132 -0.00136548 
138.609 -323.478 526.796 31.3811 0.758044 0.066871 0.0482542 -0.0012927 
130.259 -303.777 525.041 31.36 0.758392 0.0692471 0.0482977 -0.0012169 
122.387 -285.237 522.936 31.3394 0.758692 0.0719841 0.0483405 -0.00114643 
114.957 -267.785 520.442 31.3256 0.758852 0.0751169 0.0483685 -0.00110137 
107.928 -251.016 517.643 31.3049 0.759127 0.0785794 0.0484113 -0.00103159 
101.286 -235.313 514.423 31.2865 0.759322 0.0824871 0.0484492 -0.00097379 
95.0034 -220.499 510.776 31.2705 0.759452 0.0868426 0.048482 -0.000925793 
89.048 -206.416 506.711 31.2526 0.759587 0.0916503 0.0485189 -0.000873406 
83.4018 -193.141 502.164 31.2375 0.759632 0.0969688 0.0485502 -0.000834072 
78.0355 -180.468 497.135 31.2243 0.759671 0.102809 0.0485762 -0.00079632 
72.9299 -168.327 491.68 31.1898 0.760014 0.10916 0.0486486 -0.000691229 
68.1251 -157.829 485.397 31.188 0.75969 0.116357 0.0486518 -0.000710256 
63.5317 -147.04 478.679 31.1749 0.759574 0.124045 0.0486789 -0.000686526 
59.1573 -136.604 471.364 31.1583 0.759581 0.1324 0.048711 -0.00064183 
55.0031 -126.789 463.466 31.1101 0.76002 0.141458 0.0488128 -0.000498875 
51.1279 -119.226 454.365 31.1183 0.759326 0.151733 0.0487949 -0.000568198 
47.3874 -110.597 444.762 31.1053 0.759039 0.162602 0.0488212 -0.00055755 
43.8201 -102.129 434.369 31.0866 0.758819 0.174349 0.0488598 -0.000531573 
40.4236 -94.1067 423.058 31.0681 0.758539 0.187058 0.0488974 -0.000495985 
37.1261 -86.4527 410.775 31.0492 0.758184 0.201029 0.0489368 -0.000494419 
34.1291 -79.1047 397.413 31.0363 0.757699 0.215899 0.0489622 -0.000486012 
31.0847 -71.6943 383.039 31.0086 0.757413 0.2321 0.0490194 -0.000443894 
28.2243 -64.9841 367.358 30.9893 0.756887 0.249685 0.049059 -0.000435808 
25.4606 -58.4048 350.391 30.9688 0.756319 0.268694 0.0491005 -0.000427393 
22.7812 -51.9505 332.049 30.9433 0.755761 0.289237 0.0491531 -0.000407271 
20.1869 -45.8197 312.162 30.9207 0.755057 0.31148 0.049199 -0.000404037 
17.6496 -39.7401 290.672 30.895 0.754322 0.33551 0.0492517 -0.000395724 
15.1658 -33.7955 267.428 30.8683 0.753506 0.361484 0.0493061 -0.000390425 
12.722 -27.9312 242.304 30.839 0.75262 0.389556 0.049366 -0.000386813 
10.317 -22.1658 215.129 30.8118 0.751534 0.419868 0.0494232 -0.000399673 
7.89529 -16.2022 185.747 30.7973 0.750313 0.45265 0.0494399 -0.000453002 
5.46448 -9.42203 154.455 30.691 0.748812 0.487584 0.0496807 -0.000474901 
3.04895 -4.89176 117.679 31.3031 0.730143 0.525864 0.0484506 -0.00402204 
-2.52443 42.7247 81.2471 32.8628 0.689837 0.553094 0.0453714 -0.0089832 
-23.4545 192.119 54.0029 35.6131 0.645503 0.599849 0.0394927 0.00412314 
-25.6843 491.482 73.5417 30.8637 0.785358 0.966659 0.0430321 -0.00282774 
416.541 462.034 84.6839 7.5264 0.0202269 0.877039 0.0477793 0 
416.541 462.034 84.6839 7.5264 0.0202269 0.877039 0.0477793 0 
422.064 496.151 85.3316 7.77146 -1.28143 0.854891 1.15369 -1.02859 
427.694 529.959 67.836 21.0663 -0.227692 0.0405304 -0.0569261 -1.00718 
417.689 552.432 64.7267 22.7275 -0.00289406 -0.757819 -0.165163 -0.985776 
405.671 563.781 64.7127 21.9213 0.212232 -1.54013 -0.153551 -0.964367 
394.484 564.23 67.7143 18.9476 0.341567 -2.3064 -0.141939 -0.942959 
386.657 553.998 72.5845 14.8656 0.100399 -3.0566 -0.130327 -0.921551 
383.582 533.309 74.1854 13.7038 -0.651477 -3.79073 0.567767 -0.900143 
382.05 502.389 65.3607 20.189 -0.0444404 -4.50877 -0.107102 -0.878735 
372.854 461.469 64.8715 20.018 -0.0428843 -5.21073 -0.0954898 -0.857326 
363.827 410.768 64.4078 19.8389 -0.0397578 -5.8966 -0.0838776 -0.466832 
354.978 350.51 63.9916 19.6358 -0.0361579 -6.28 -0.0722653 0.00383531 
346.339 284.909 63.6302 19.4528 -0.0352642 -6.28 -0.0606531 0.571249 
337.895 219.308 63.2853 19.2699 -0.0343703 -5.86533 -0.0490408 0.771694 
329.649 159.485 62.9569 19.0869 -0.0334767 -5.24985 -0.0374286 0.750286 
321.605 108.238 62.6451 18.9039 -0.0325834 -4.65052 -0.0258163 0.728877 
313.763 65.3426 62.3498 18.7209 -0.0316901 -4.06733 -0.0142041 0.707469 
306.123 30.573 62.071 18.538 -0.0307961 -3.50032 -0.00259184 0.686061 
298.686 3.70421 61.8088 18.355 -0.0299007 -2.94947 0.00902041 0.664653 
291.452 -15.4891 61.5631 18.172 -0.0290045 -2.41481 0.0206327 0.643245 
284.421 -27.2324 61.334 17.989 -0.0281097 -1.89633 0.0322449 0.621836 
277.593 -31.7512 61.1215 17.806 -0.0272196 -1.39406 0.0438571 0.484111 
270.969 -29.2714 60.9255 17.623 -0.0263352 -0.997934 0.0554694 -0.57902 
264.548 -21.2719 60.7459 17.4402 -0.0254507 -1.46709 0.0670816 -0.557612 
258.32 -19.8101 60.5826 17.2574 -0.0245532 -1.92003 0.0786939 -0.536204 
252.287 -24.6597 60.436 17.0745 -0.0236317 -2.35672 0.0903061 -0.514795 
246.449 -35.5945 60.3063 16.8914 -0.0226947 -2.77717 0.101918 0.207152 
240.807 -52.3882 60.1937 16.7078 -0.0217834 -2.61029 0.113531 0.471979 
235.368 -66.8568 60.098 16.524 -0.0209563 -2.22384 0.125143 0.450571 
230.136 -75.9405 60.0179 16.3411 -0.0202293 -1.85366 0.136755 0.429163 
225.11 -79.8662 59.9519 16.1599 -0.0194982 -1.49976 0.148367 0.407755 
220.288 -78.8606 59.9003 15.9802 -0.01853 -1.16215 0.15998 0.386347 
215.668 -73.1509 59.8661 15.7995 -0.0171223 -0.840844 0.171592 0.364939 
211.253 -62.9642 59.8556 15.6131 -0.0154266 -0.535845 0.183204 0.34353 
207.048 -48.5276 59.8728 15.4186 -0.0141941 -0.247164 0.194816 0.322122 
203.064 -30.0686 59.9116 15.2214 -0.0144986 0.025189 0.206429 0.300714 
199.304 -7.81478 59.9506 15.0383 -0.0166499 0.281206 0.218041 0.279306 
195.753 18.0063 59.9636 14.8875 -0.0187716 0.520876 0.229653 0.257898 
192.374 47.1669 59.9505 14.7657 -0.0166012 0.744192 0.241265 0.23649 
189.133 79.4392 59.9703 14.6248 -0.00637478 0.951144 0.252878 0.215081 
186.049 114.595 60.1358 14.3812 0.0092552 1.14172 0.26449 0.193673 
183.239 152.406 60.5245 13.9868 0.0166348 1.31592 0.276102 0.172265 
180.881 192.645 61.0248 13.5429 -0.00399554 1.47372 0.287714 0.150856 
179.039 235.081 61.2476 13.3509 -0.0587185 1.61513 0.299327 0.129448 
177.435 279.488 60.7122 13.7493 -0.113725 1.74012 0.310939 0.108037 
175.388 325.637 59.4013 14.6875 -0.091071 1.84869 0.322551 0.000264413 
172.252 373.3 58.3852 15.2932 0.0792265 1.87378 0.334163 -0.0620813 
168.363 421.313 59.7286 14.0314 0.35085 1.81105 0.345776 -0.0120487 
165.845 468.45 64.885 9.99745 0.475615 1.80818 0.357388 0.00771504 
167.94 515.544 71.87 5 0.09 1.79669 0.369 0 
167.94 515.544 71.87 5 0.09 1.79669 0.369 0 
157.211 534.502 68.6346 5.0001 -1.39971 -5.50108 -0.188288 -1.02825 
166.421 509.208 64.3096 5.26483 -1.3999 -2.11671 -0.176566 1.00661 
169.626 516.235 65.3789 5.00644 -0.558987 -2.06241 0.998029 0.985381 
172.857 523.4 72.1332 5.01476 1.39989 -6.2799 1.10374 -0.964266 
176.347 479.759 74.0626 10.6011 -1.39091 6.26975 -0.141451 0.942844 
180.017 581.049 74.735 5.00195 1.39125 1.48414 1.07168 -0.92145 
182.608 623.837 72.8577 10.8361 -1.39989 6.2681 1.05576 -0.824252 
186.25 725.11 71.6189 5.0001 -1.39174 6.27719 -0.106736 0.8773 
188.538 824.317 74.1927 5.0001 0.511125 -6.28 -0.0942512 -0.856981 
190.903 756.603 85.3288 5.00011 1.39199 -6.15806 1.00684 -0.835573 
193.288 693 83.4443 6.06436 1.39975 -6.19846 0.990534 -0.814165 
195.279 628.024 109.977 7.16155 -1.3999 -6.27989 0.974165 0.229962 
195.398 591.762 81.394 5.0001 -1.22241 -6.28 -0.0489421 0.771319 
211.272 524.048 52.6057 5.00248 1.4 1.6949 0.941616 0.750185 
211.648 549.168 85.138 5.0001 -0.663447 -6.28 -0.0254704 0.728759 
203.755 481.454 62.41 5.0001 1.3999 6.27504 0.909004 0.707369 
224.575 570.26 74.5172 5.0001 -1.3999 -5.41538 -0.00184572 -0.685959 
237.509 522.487 71.5682 5.0001 -0.348794 6.26626 0.339239 -0.66382 
234.583 623.737 80.5944 6.68905 -1.3999 -6.2708 0.0207625 0.643145 
238.084 590.453 79.1998 5.0001 -1.39244 -6.2799 0.0323448 0.621492 
242.431 527.444 81.7661 5.0001 1.3999 -6.2799 0.0439849 -0.599427 
245.664 476.478 85.1001 5.04077 1.23988 0.637383 0.055877 0.578675 
250.014 487.116 82.9836 7.60811 -1.39987 -3.90101 0.0672461 0.557267 
252.502 448.258 82.8956 6.10896 -1.39988 -2.71702 0.0788914 0.535859 
254.906 421.064 82.8334 5.0001 1.3999 -3.72682 0.0904035 0.514451 
258.565 399.711 83.3505 5.27342 -1.3999 -5.44599 0.520267 0.493042 
263.441 371.193 80.2057 7.20041 0.756516 -3.7517 0.729386 0.471634 
266.894 340.872 72.8238 5.03439 1.39962 -3.19874 0.125143 0.450226 
263.682 310.219 105.352 11.2463 -1.36417 -6.27603 0.667272 -0.428445 
282.67 244.481 90.1225 5.00055 1.39328 4.29582 0.680719 0.405773 
280.348 319.703 88.2519 5.00834 1.3999 -6.26115 0.576977 0.385999 
283.547 286.522 95.7639 5.0001 -1.3999 -1.83649 0.171999 0.364591 
286.122 293.232 94.1406 5.0001 -0.880257 -6.27366 0.410947 0.343433 
288.65 236.629 89.018 5.0001 -1.39332 6.27992 0.195271 0.321773 
305.185 338.026 91.5747 10.1045 -1.3999 6.27993 0.206745 0.300364 
306.878 439.426 90.1236 10.6125 -0.0812014 6.27993 0.218473 0.278955 
306.202 540.826 88.1904 11.0853 1.3999 6.27993 0.566314 0.257546 
304.196 642.228 89.9938 7.49785 0.74511 6.27992 0.550006 0.236136 
303.07 743.626 93.4019 6.11106 -1.3999 6.2799 0.253132 0.214726 
305.665 839.577 89.0479 5.0001 1.3998 6.27992 0.329884 0.193316 
309.626 940.973 106.892 5.77432 -1.39326 6.26833 0.276218 0.171905 
313.932 1007.92 109.436 5.00014 -1.39316 6.26833 0.4201 0.150494 
313.637 1074.86 111.995 14.7687 -1.38722 6.27992 0.299425 0.129353 
326.379 1176.26 114.449 39.9988 1.4 5.55936 0.311035 -0.107909 
316.812 1235.62 146.379 39.9984 1.4 -6.26958 0.322647 0.0862716 
307.965 1168.04 178.31 12.6209 1.4 -6.26943 0.334258 -0.0648149 
314.449 1100.45 210.711 16.1797 -1.3881 -6.25914 0.34586 0.0434802 
305.514 1067.3 213.132 9.95813 1.39989 -6.2696 0.387261 0.022116 
294.485 999.697 216.11 5.0001 0.0896205 -3.45082 0.369 0 
294.485 999.697 216.11 5.0001 0.0896205 -3.45082 0.369 0 
294.488 999.689 216.11 5 0.089265 -3.45087 -0.188388 0.817628 
294.491 999.681 216.111 5.00001 0.0885497 -3.45072 -0.176776 0.797638 
294.493 999.673 216.111 5.00001 0.0878418 -3.45058 -0.165163 0.777757 
294.496 999.665 216.112 5.00002 0.0871415 -3.45044 -0.153551 0.758009 
294.499 999.657 216.112 5.00002 0.0864486 -3.45031 -0.141939 0.738414 
294.501 999.648 216.113 5.00003 0.0857632 -3.45018 -0.130327 0.718991 
294.504 999.64 216.114 5.00004 0.0850854 -3.45006 -0.118714 0.699755 
294.506 999.632 216.114 5.00004 0.084415 -3.44994 -0.107102 0.680714 
294.509 999.624 216.115 5.00005 0.0837522 -3.44982 -0.0954898 0.661883 
294.512 999.616 216.115 5.00006 0.0830968 -3.44971 -0.0838776 0.643267 
294.514 999.607 216.116 5.00006 0.082449 -3.44958 -0.0722653 0.624871 
294.517 999.599 216.116 5.00007 0.0818086 -3.44938 -0.0606531 0.606698 
294.52 999.591 216.117 5.00007 0.0811758 -3.44919 -0.0490408 0.588746 
294.522 999.583 216.117 5.00008 0.0805504 -3.449 -0.0374286 0.571013 
294.525 999.575 216.118 5.00008 0.0799326 -3.44882 -0.0258163 0.553493 
294.527 999.567 216.118 5.00009 0.0793222 -3.44864 -0.0142041 0.536177 
294.53 999.558 216.119 5.00009 0.0787194 -3.44846 -0.00259184 0.519055 
294.533 999.55 216.12 5.0001 0.0781241 -3.44829 0.00902041 0.502113 
294.535 999.542 216.12 5.0001 0.0775362 -3.44812 0.0206327 0.485334 
294.538 999.534 216.121 5.00011 0.0769559 -3.44796 0.0322449 0.4687 
294.541 999.526 216.121 5.00011 0.076383 -3.4478 0.0438571 0.45219 
294.543 999.518 216.122 5.00012 0.0758177 -3.44764 0.0554694 0.435779 
294.546 999.509 216.122 5.00012 0.0752599 -3.44749 0.0670816 0.419438 
294.548 999.501 216.123 5.00012 0.0747095 -3.44734 0.0786939 0.40314 
294.551 999.493 216.123 5.00013 0.0741667 -3.4472 0.0903061 0.38685 
294.554 999.485 216.124 5.00013 0.0736313 -3.44706 0.101918 0.370533 
294.556 999.477 216.124 5.00013 0.0731035 -3.44692 0.113531 0.354152 
294.559 999.469 216.125 5.00013 0.0725832 -3.44679 0.125143 0.337667 
294.562 999.46 216.125 5.00013 0.0720703 -3.44666 0.136755 0.321036 
294.564 999.452 216.126 5.00013 0.071565 -3.44654 0.148367 0.304216 
294.567 999.444 216.126 5.00013 0.0710672 -3.44642 0.15998 0.287168 
294.569 999.436 216.127 5.00013 0.0705768 -3.4463 0.171592 0.26985 
294.572 999.428 216.127 5.00013 0.070094 -3.44619 0.183204 0.25223 
294.575 999.42 216.128 5.00013 0.0696187 -3.44608 0.194816 0.234281 
294.577 999.411 216.128 5.00012 0.0691508 -3.44598 0.206429 0.215983 
294.58 999.403 216.129 5.00012 0.0686905 -3.44588 0.218041 0.197325 
294.583 999.395 216.129 5.00012 0.0682377 -3.44578 0.229653 0.1783 
294.585 999.387 216.13 5.00011 0.0677923 -3.44569 0.241265 0.158088 
294.588 999.379 216.13 5.0001 0.0673545 -3.44561 0.252878 0.138261 
294.59 999.371 216.131 5.0001 0.0669242 -3.44553 0.26449 0.11805 
294.593 999.362 216.131 5.00009 0.0665013 -3.44545 0.276102 0.0975304 
294.596 999.354 216.131 5.00008 0.066086 -3.44538 0.287714 0.0769241 
294.598 999.346 216.132 5.00007 0.0656782 -3.44532 0.299327 0.0563509 
294.601 999.338 216.132 5.00006 0.0652778 -3.44525 0.310939 0.03487 
294.604 999.33 216.133 5.00005 0.064885 -3.4452 0.322551 -0.0177247 
294.606 999.322 216.133 5.00004 0.0644996 -3.44516 0.334163 -0.00491647 
294.609 999.314 216.134 5.00003 0.0641218 -3.44511 0.345776 -0.000396368 
294.611 999.305 216.134 5.00001 0.0637515 -3.44506 0.357388 -9.17448e-06 
294.614 999.297 216.135 5 0.0633886 -3.44501 0.369 0 
294.614 999.297 216.135 5 0.0633886 -3.44501 0.369 0 
305.498 963.979 217.645 5 -1.23028 -3.7207 1.15157 -1.02859 
316.918 923.54 194.945 22.2302 -0.11012 -5.058 -0.139363 -0.931417 
301.224 858.231 192.692 22.4708 -0.0774196 -6.25388 -0.165163 -0.0121465 
285.068 770.453 191.043 22.2377 -0.0750482 -6.27992 -0.153547 0.0328485 
269.171 682.183 189.446 22.096 -0.0790803 -6.27999 -0.141933 -0.0341162 
253.458 593.913 187.781 21.9131 -0.0781919 -6.27999 -0.130322 0.0330045 
237.951 505.643 186.138 21.7302 -0.0773013 -6.27999 -0.118713 0.0336373 
222.657 417.373 184.518 21.5473 -0.076403 -6.27999 -0.107102 0.0283462 
207.576 329.103 182.92 21.3644 -0.075483 -6.27999 -0.0954896 -0.00518584 
192.709 240.832 181.345 21.1811 -0.074555 -6.21891 -0.0838768 0.444625 
178.058 153.563 179.793 20.9974 -0.0736855 -5.54156 -0.0722644 0.771299 
163.634 78.9715 178.262 20.814 -0.0729542 -4.47342 -0.0606227 0.781581 
149.443 24.3696 176.751 20.6331 -0.0721979 -3.39281 -0.0490406 0.767937 
135.482 -9.80926 175.256 20.4538 -0.0711696 -2.32551 -0.0372358 0.702254 
121.747 -24.1394 173.785 20.2721 -0.0689432 -1.32535 -0.0258161 0.342068 
108.242 -19.2919 172.361 20.0713 -0.0670699 -0.738094 -0.0132477 -0.445032 
94.9762 -3.45304 170.978 19.8581 -0.0656933 -1.44131 -0.00216463 -0.0763502 
81.9637 -0.957021 169.628 19.642 -0.0711822 -1.57686 0.00902064 0.0228678 
69.2245 -1.04258 168.181 19.5212 -0.0835787 -1.54457 0.0206329 -0.0084828 
56.6172 -0.489286 166.505 19.5821 -0.0846547 -1.55751 0.0322452 -0.0066322 
43.856 -0.180467 164.827 19.6413 -0.042464 -1.56713 0.0438574 -0.00354111 
30.9272 -0.0578908 163.918 19.2219 0.0417446 -1.57118 0.0554697 -0.000199665 
18.5618 -0.0244253 164.597 17.5065 0.0821934 -1.57246 0.161553 -0.000575738 
8.77885 -0.00416354 166.085 15.3366 0.114167 -1.57142 0.214933 0.000209299 
2.29381 -0.00210855 168.236 12.9317 -0.0900664 -1.57001 0.457483 6.63536e-05 
-0.343425 -0.000583736 166.636 13.5348 -0.0381743 -1.56991 0.391971 1.76338e-05 
-3.72765 0.00185604 165.99 13.3726 -0.0636201 -1.56987 0.427431 3.37832e-05 
-6.69116 0.00364407 164.873 13.5633 -0.0181341 -1.56975 0.418995 -1.91466e-05 
-9.98891 0.00583033 164.601 13.0901 0.0365991 -1.56975 0.416571 4.48757e-05 
-12.6077 0.00658003 165.368 11.8971 -0.000515346 -1.56972 0.50395 -5.25448e-06 
-13.3946 0.00681394 165.476 11.3059 -0.00413474 -1.56972 0.524975 0.000209648 
-13.284 0.00698067 165.534 10.8214 -0.0536505 -1.56935 0.57214 -0.000130808 
-12.4239 0.0136272 164.68 11.0618 -0.0558171 -1.56955 0.556705 -0.000227106 
-11.9659 0.0166469 163.779 11.3181 -0.0503587 -1.57012 0.539886 -0.00178552 
-11.9334 0.00929289 162.976 11.4804 -0.0454793 -1.57139 0.529381 0.0170969 
-12.175 -0.0158905 162.26 11.5624 -0.0400992 -1.52706 0.515279 -0.0754823 
-12.5641 0.868457 161.643 11.5701 -0.0590733 -1.70324 0.527831 -0.2236 
-12.9825 -1.68138 160.671 11.8373 -0.039383 -2.1865 0.530384 -0.0584263 
-13.8506 -13.4934 160.065 11.7858 0.0398854 -2.25366 0.520753 0.214604 
-14.6834 -26.383 160.947 10.6199 0.0870222 -1.75918 0.509489 0.193567 
-13.7329 -29.9612 162.733 8.95014 -0.0276035 -1.28567 0.49901 0.172203 
-10.1826 -24.731 162.439 9.11984 -0.0259464 -0.833816 0.483548 0.150809 
-6.88688 -11.0915 162.175 9.26024 -0.034305 -0.404491 0.467728 0.128586 
-3.79581 10.5571 161.763 9.5369 -0.06064 0.0036758 0.451772 0.108041 
-1.1202 40.2045 160.846 10.184 -0.0801128 0.390897 0.436206 0.08658 
0.550336 77.1742 159.537 11.0681 -0.0265239 0.753603 0.419904 0.0651489 
0.814573 120.933 159.234 11.117 0.137059 1.09452 0.403598 0.0438107 
0.971971 171.072 162.375 8.97161 0.260106 1.41611 0.382571 0.000427769 
4.4312 227.183 167.996 5.67453 -0.0777521 1.47985 0.369 0 
4.4312 227.183 167.996 5.67453 -0.0777521 1.47985 0.369 0 
14.2718 281.852 167.156 7.25813 -1.23503 1.48205 1.14127 -0.956293 
22.2223 336.563 145.523 23.8305 -0.0309692 0.536634 -0.176774 -0.931186 
5.14365 374.344 145.001 23.0868 0.432896 -0.384612 -0.165161 -0.985775 
-11.0648 395.607 152.815 16.0937 0.791736 -1.36063 -0.135871 -0.964361 
-17.0895 399.365 167.264 5.00005 0.0337441 -2.31614 0.547567 -0.942953 
-6.40051 385.98 168.443 5.00035 -0.762293 -3.25109 1.02716 -0.921543 
4.60251 355.833 155.35 15.4788 -0.25724 -4.16548 0.399204 -0.900131 
-0.111566 309.304 151.011 18.3412 0.335278 -5.05933 -0.107032 -0.878711 
-9.3187 246.755 157.212 13.188 0.0458568 -5.9326 0.264467 0.522581 
-10.8091 168.543 158.372 12.2905 -0.117875 -5.41789 0.4431 0.83588 
-10.9024 99.5579 156.623 13.5898 0.0477536 -4.59234 0.309568 0.81448 
-12.9726 45.3749 157.805 12.5838 0.0729796 -3.7874 0.327984 0.793066 
-13.5527 5.6216 159.469 11.3367 -0.0238703 -3.0031 0.437301 0.771624 
-12.2357 -20.0724 159.433 11.4698 -0.0377575 -2.23949 0.430024 0.75012 
-11.0952 -32.0761 159.143 11.7825 -0.0482318 -1.49664 0.411368 0.728866 
-10.4 -30.7618 158.657 12.2163 -0.0553275 -0.774316 0.388049 0.0595951 
-10.3327 -16.4971 158.032 12.7147 -0.0510348 -0.714687 0.364585 -0.686052 
-11.0044 -1.16282 157.468 13.1149 -0.0250178 -1.39392 0.344749 -0.287567 
-12.2903 1.99473 157.36 13.1291 0.0152977 -1.67875 0.323189 0.107587 
-13.6191 0.0457492 157.974 12.6089 -0.00054891 -1.57222 0.365273 0.0024683 
-14.1712 0.00610793 158.319 12.3323 0.0082715 -1.56978 0.39026 -9.04462e-05 
-14.3167 0.00996533 158.831 11.9479 0.0368329 -1.56987 0.382884 -0.000120398 
-13.9019 0.0117727 159.865 11.2247 -0.0202422 -1.56999 0.44323 -1.17324e-06 
-12.3906 0.0105701 159.896 11.3167 -0.03735 -1.56999 0.442225 1.24265e-06 
-11.0042 0.00944727 159.619 11.6321 -0.0411613 -1.56999 0.421262 4.06751e-06 
-10.0794 0.00871531 159.264 11.9792 -0.0474581 -1.56998 0.398857 -6.67276e-06 
-9.66384 0.00846195 158.786 12.3894 -0.0546595 -1.56999 0.376447 -1.00813e-06 
-9.8521 0.00857154 158.167 12.8676 -0.05205 -1.56999 0.35774 8.03154e-06 
-10.7505 0.00922898 157.581 13.2692 -0.0183672 -1.56998 0.33727 -3.66152e-05 
-12.2589 0.0105147 157.588 13.1806 0.0279907 -1.57001 0.310998 2.7429e-05 
-13.6565 0.0110613 158.428 12.4909 -0.0120222 -1.56999 0.376365 0.0147186 
-14.0186 0.0112699 158.571 12.3758 0.00669987 -1.5554 0.383279 0.0484317 
-14.2168 0.272834 159.053 12.0133 0.0239884 -1.5074 0.384956 -0.343504 
-13.8825 1.39459 159.855 11.456 -0.0161647 -1.84775 0.426646 -0.322083 
-12.7092 -3.58612 159.953 11.4785 -0.0384838 -2.16712 0.431338 0.209769 
-11.5613 -14.2924 159.65 11.799 -0.0439458 -1.95968 0.410966 0.279267 
-10.8798 -21.2794 159.241 12.1728 -0.0493965 -1.68322 0.396836 0.257875 
-10.744 -23.3095 158.722 12.5884 -0.0290933 -1.42776 0.386878 0.236472 
-11.2276 -20.7592 158.556 12.6864 0.0347017 -1.19332 0.362665 0.215066 
-11.8774 -14.0059 159.531 11.922 0.0489588 -0.979934 0.392993 0.193658 
-11.3962 -3.42787 160.783 11.0284 0.0142969 -0.787606 0.446566 0.172249 
-9.57118 10.5972 161.44 10.6696 -0.0279396 -0.616354 0.485132 0.150857 
-7.18954 27.6921 161.35 10.8983 -0.0269525 -0.466177 0.468831 0.113573 
-5.1379 47.4795 161.27 11.0997 -0.0307943 -0.352838 0.452526 0.0388611 
-3.37544 69.2992 161.117 11.3429 -0.0440066 -0.313454 0.43622 0.0567785 
-1.96255 91.8252 160.719 11.7508 -0.0592998 -0.256285 0.419913 0.0557995 
-1.14361 115.377 160.035 12.3325 -0.0486609 -0.200046 0.4036 0.0437258 
-1.18791 139.937 159.526 12.7141 0.0168741 -0.155731 0.376861 0.0142418 
-1.82154 165.292 160.18 12.1784 0.0742286 -0.140602 0.369 0 
-1.82154 165.292 160.18 12.1784 0.0742286 -0.140602 0.369 0 
0.313135 295.575 168.813 5.82739 -0.209934 -0.135395 0.807341 -0.998027 
50.9266 426.294 152.473 21.1902 0.0200085 -5.1582 -0.176719 0.66678 
-14.4281 99.2941 154.847 15.4418 0.0937916 -1.81207 0.168423 0.000480622 
-37.258 77.248 164.786 6.60276 -0.105263 -1.81055 0.749407 -0.00012802 
6.64488 55.2888 157.873 14.4797 -0.00576119 -1.81206 0.242098 0.000298945 
-8.42437 33.2378 158.879 12.8191 -0.021858 -1.81144 0.34873 0.0236388 
-11.153 11.2337 158.66 12.8321 -0.0183884 -1.69323 0.347644 0.0245643 
-14.0141 0.00411244 158.755 12.6012 -0.0188705 -1.56992 0.362252 -1.50035e-05 
-15.1611 0.0119619 158.841 12.482 -0.0198562 -1.57 0.369873 -4.57958e-06 
-15.4209 0.0122387 158.853 12.4714 -0.0198312 -1.57002 0.370523 9.87053e-06 
-15.6005 0.0103497 158.87 12.4627 -0.0201892 -1.56997 0.371116 -5.49708e-06 
-15.7129 0.0129332 158.855 12.4816 -0.0199236 -1.57 0.369887 3.9754e-09 
-15.9666 0.0131151 158.862 12.4758 -0.0200841 -1.57 0.370268 -1.12986e-07 
-16.1766 0.0132646 158.855 12.483 -0.0200424 -1.57 0.369813 -1.77616e-08 
-16.4407 0.0134061 158.851 12.4849 -0.0199442 -1.57 0.369696 2.95007e-08 
-16.7196 0.0135516 158.855 12.4794 -0.0198385 -1.57 0.370016 7.46783e-08 
-16.9572 0.013678 158.87 12.4685 -0.0201952 -1.57 0.37074 -1.76181e-07 
-17.1119 0.0137733 158.854 12.4859 -0.0200557 -1.57 0.369629 -6.60432e-09 
-17.397 0.0138923 158.848 12.4877 -0.0200248 -1.57 0.369521 5.7825e-08 
-17.6968 0.0140202 158.844 12.4868 -0.0198618 -1.57 0.369546 5.38969e-08 
-17.9905 0.0141699 158.856 12.475 -0.0201874 -1.57 0.370281 -2.57991e-07 
-18.1955 0.0142739 158.84 12.4898 -0.0206667 -1.57 0.369442 -4.86637e-07 
-18.5108 0.014348 158.777 12.5325 -0.0196944 -1.57 0.366653 6.52842e-07 
-19.1507 0.0144569 158.798 12.4936 -0.0199855 -1.57 0.369152 4.21249e-08 
-19.5024 0.0146342 158.797 12.4879 -0.0198031 -1.57 0.369554 6.95567e-07 
-19.8131 0.0147984 158.814 12.4714 -0.0190629 -1.57 0.372901 -2.29348e-06 
-20.0013 0.0151846 158.9 12.3998 0.0128651 -1.57001 0.376761 1.495e-06 
-19.7094 0.0141372 161.908 10.1412 0.0321546 -1.57 0.516497 2.82966e-06 
-2.40816 0.000230447 167.003 7.32435 0.00148173 -1.57 0.697081 -4.38125e-06 
36.4524 -0.0294972 169.714 7.58104 0.000224771 -1.57002 0.68079 3.05641e-06 
73.9356 -0.0600295 172.273 7.83798 -0.00102999 -1.57001 0.664484 1.89392e-05 
110.012 -0.0879417 174.68 8.09492 -0.00228461 -1.56992 0.648177 -4.10764e-05 
144.654 -0.10592 176.936 8.35185 -0.00353929 -1.57013 0.631871 2.18628e-05 
177.833 -0.141475 179.039 8.60878 -0.00479396 -1.57002 0.615565 -2.76377e-06 
209.522 -0.165758 180.991 8.86572 -0.00604862 -1.57004 0.599258 -6.16061e-06 
239.694 -0.190027 182.79 9.12265 -0.00730325 -1.57007 0.582952 3.39175e-05 
268.32 -0.215829 184.438 9.37958 -0.00855785 -1.5699 0.566646 -7.07339e-05 
295.373 -0.224755 185.934 9.63651 -0.00981242 -1.57026 0.55034 4.47631e-05 
320.824 -0.264788 187.278 9.89343 -0.011067 -1.57003 0.534035 -3.36998e-07 
344.647 -0.282995 188.47 10.1503 -0.0123215 -1.57004 0.51773 -5.15657e-06 
366.814 -0.299994 189.51 10.4073 -0.0135761 -1.57007 0.501425 -0.078773 
387.297 -0.317983 190.398 10.6642 -0.0148312 -1.96693 0.48512 0.0329582 
406.038 -36.5068 191.135 10.9211 -0.0160832 -1.80233 0.468815 0.129412 
423.053 -57.6921 191.719 11.1779 -0.0173134 -1.1512 0.45251 0.108021 
438.348 -19.5277 192.155 11.433 -0.0186868 -0.60546 0.436205 0.0866182 
451.901 68.3803 192.427 11.6975 -0.0215431 -0.165553 0.4199 0.0652038 
463.61 196.386 192.401 12.0686 -0.0177078 0.168076 0.403595 0.0435917 
472.621 354.802 192.67 12.0189 0.0841463 0.39404 0.38729 -0.0195468 
481.874 533.815 202.23 5.00132 -0.0898103 0.302722 0.369 0 
481.874 533.815 202.23 5.00132 -0.0898103 0.302722 0.369 0 
494.609 574.645 200.365 6.67473 -1.07312 -0.280935 1.15369 -1.0279 
504.72 602.606 176.769 23.8849 -0.11004 -2.11705 -0.176589 -1.00651 
482.839 590.096 173.788 23.7045 -0.108996 -3.93027 -0.165152 -0.985654 
461.128 537.592 170.835 23.5214 -0.107998 -5.72276 -0.15355 0.0402151 
439.583 445.635 167.912 23.3365 -0.107082 -6.26245 -0.141938 -0.384176 
418.239 341.294 165.015 23.1515 -0.106566 -6.27375 -0.130031 0.377574 
397.11 236.733 162.137 22.9729 -0.105488 -6.27949 -0.118714 0.358911 
376.144 132.027 159.288 22.7908 -0.104487 -5.47014 -0.107102 0.87437 
355.39 45.2373 156.468 22.6068 -0.103301 -3.8194 -0.0954896 0.854661 
334.865 -4.21824 153.681 22.4231 -0.102341 -2.19117 -0.0838771 0.500864 
314.569 -17.8957 150.922 22.2404 -0.101534 -0.993935 -0.0722648 -0.035495 
294.497 -4.55824 148.187 22.0575 -0.100649 -1.39632 -0.0606526 -0.0715993 
274.62 -0.134041 145.48 21.8746 -0.0997585 -1.60612 -0.0490404 0.00643365 
254.944 -0.348674 142.799 21.6916 -0.0988578 -1.59826 -0.0374281 0.00452571 
235.473 -0.389706 140.144 21.5082 -0.0979633 -1.59199 -0.0258159 0.00041631 
216.21 -0.292402 137.516 21.3242 -0.0971546 -1.59185 -0.0142037 -0.00179446 
197.153 -0.192067 134.912 21.1412 -0.0965688 -1.59381 -0.00259141 -0.00131884 
178.304 -0.135528 132.335 20.9633 -0.0959682 -1.59623 0.00902088 -4.45883e-05 
159.664 -0.132773 129.769 20.7863 -0.0942906 -1.59535 0.020699 8.20729e-05 
141.233 -0.110709 127.245 20.5949 -0.0911224 -1.59566 0.0322474 1.00282e-05 
122.975 -0.0957682 124.799 20.3665 -0.0900391 -1.59586 0.0438572 -0.00023226 
105.009 -0.0764316 122.385 20.1414 -0.0984999 -1.59653 0.0554695 -0.000164717 
87.3388 -0.0697948 119.8 20.0798 -0.115537 -1.59624 0.0670817 0.00116221 
69.6708 -0.0562558 116.897 20.3026 -0.106664 -1.59624 0.078694 0.000448682 
51.4755 -0.0423847 114.117 20.3326 -0.0129824 -1.5962 0.0903062 0.000172909 
33.0623 -0.0282273 113.409 18.7703 0.122906 -1.59604 0.101918 0.000415909 
17.3268 -0.014752 115.762 15.158 -0.0337785 -1.58868 0.384051 -0.000262878 
8.16796 0.00269703 114.776 14.4538 -0.0109269 -1.5561 0.439689 -0.00180578 
0.826373 0.00708115 114.322 13.3632 0.0473409 -1.55742 0.52369 -0.00104102 
-4.34465 -0.0413672 115.195 11.367 0.153064 -1.55588 0.602886 -0.00281857 
-5.89728 -0.119635 118.477 7.80205 0.0993874 -1.55236 0.664498 -1.72619e-05 
-0.784718 -0.297961 120.699 5.59417 -0.005844 -1.55286 0.643435 0.000116989 
8.38637 -0.492572 121.044 5.63549 0.038652 -1.55308 0.628763 0.00312656 
17.4731 -0.691968 122.353 5.86692 0.0419262 -1.50905 0.612763 0.00228073 
26.1727 0.0903153 124.536 6.12243 0.0409231 -1.51337 0.596695 -0.0672842 
34.5135 1.02225 126.689 6.37362 0.0404138 -1.65325 0.580623 -0.275355 
42.5022 -0.248317 128.822 6.61288 0.0394625 -2.57507 0.564982 -0.131996 
50.145 -22.6384 130.925 6.84926 0.0371342 -3.09603 0.550097 0.230924 
57.4559 -56.9541 132.968 7.10534 0.0355893 -2.23771 0.533917 0.215065 
64.4199 -71.6501 134.968 7.36629 0.0344013 -1.38996 0.517688 0.193665 
71.0255 -67.7312 136.932 7.62575 0.0344692 -0.567616 0.501424 0.172259 
77.2724 -45.7567 138.886 7.86414 0.0353198 0.229291 0.485141 0.150852 
83.1976 -6.28778 140.852 8.07145 0.0324004 1.00073 0.468836 0.129443 
88.8632 50.1341 142.752 8.31389 0.0191334 1.74667 0.45253 0.108033 
94.2113 124.015 144.351 8.76065 0.00314365 2.46709 0.436224 0.0866169 
98.8733 213.818 145.576 9.42795 0.0273174 3.16196 0.419918 0.0645411 
102.409 318.789 147.31 9.60531 0.136826 3.82314 0.403612 0.0431948 
105.665 438.46 151.466 7.93281 0.22677 4.46444 0.387306 -0.00046595 
112.058 572.259 157.667 5.00064 -0.0899983 4.32848 0.369 0 
112.058 572.259 157.667 5.00064 -0.0899983 4.32848 0.369 0 
125.302 697.111 156.824 6.77856 -1.20712 3.94465 1.15369 -1.02859 
135.953 813.814 132.199 25.6223 0.333606 2.35327 -0.176776 -0.891492 
112.813 896.751 139.649 18.9925 0.845467 1.42436 -0.165163 -0.985776 
101.038 959.955 158.194 5 0.047696 -0.118984 0.722358 -0.964367 
114.172 990.367 160.275 5 0.0476952 -1.63849 0.722358 -0.942959 
127.369 988.514 162.356 5 0.0476945 -3.13416 0.722358 -0.921551 
140.629 954.901 164.437 5 0.0476937 -4.60597 0.722358 -0.900143 
153.953 890.035 166.517 5 0.0476929 -6.05391 0.722358 0.00324357 
167.341 794.423 168.598 5 0.0476928 -6.28 0.722358 0.0189131 
180.813 694.011 170.679 5 0.0476928 -6.28 0.722358 -0.0104015 
194.374 593.598 172.76 5 0.0476928 -6.28 0.722358 -0.0940554 
208.024 493.185 174.841 5 0.0476928 -6.28 0.722358 -0.0731384 
221.762 392.772 176.922 5 0.0476928 -6.28 0.722358 -0.0672686 
235.589 292.359 179.002 5 0.0476928 -6.28 0.722358 0.636855 
249.504 191.946 181.083 5 0.0476932 -5.56325 0.722358 0.728878 
263.52 106.753 183.164 5 0.0476938 -4.32231 0.722358 0.707469 
277.645 47.9107 185.245 5 0.0476945 -3.10544 0.722358 0.686061 
291.88 14.9076 187.326 5 0.0476951 -1.91267 0.722358 0.664653 
306.223 7.23226 189.407 5 0.0476957 -0.744005 0.722358 -0.435607 
320.674 24.3728 191.488 5 0.0476954 -1.3717 0.722358 -0.0171629 
335.204 28.1846 193.569 5 0.0476953 -1.55542 0.722358 0.0026359 
349.818 28.0953 195.649 5 0.0476953 -1.55186 0.722358 0.00133833 
364.522 28.0815 197.73 5 0.0476953 -1.53952 0.722358 -0.0232861 
379.314 28.3297 199.811 5 0.0476951 -1.9222 0.722357 -0.534777 
394.188 20.4521 201.892 5 0.0476919 -2.69227 0.722406 0.514796 
409.138 -3.77764 203.973 5 0.047845 -1.70016 0.719776 0.493388 
424.193 -6.94051 206.057 5 0.0396536 -0.732333 0.719621 0.47198 
439.356 10.4479 207.967 5.13249 0.0311753 0.211193 0.713429 -0.450571 
454.395 47.8716 209.693 5.38942 0.0299204 -0.704981 0.697122 -0.429163 
469.055 65.8413 211.383 5.64635 0.0286661 -1.59681 0.680816 -0.407755 
483.336 64.8739 213.038 5.90327 0.0274114 -2.46427 0.66451 -0.186113 
497.235 45.487 214.657 6.16018 0.026154 -3.07232 0.648204 0.190508 
510.757 13.1888 216.241 6.41714 0.0248927 -2.46115 0.631898 -0.343531 
523.919 -6.13128 217.79 6.6742 0.0236361 -3.25396 0.615592 0.302692 
536.697 -42.2859 219.303 6.93127 0.0224061 -2.69018 0.599286 0.300714 
549.113 -66.4686 220.781 7.18793 0.0212033 -1.94934 0.58298 0.279306 
561.167 -74.9195 222.225 7.44379 0.0199441 -1.23299 0.566673 0.257898 
572.86 -68.159 223.633 7.69988 0.01847 -0.541157 0.550367 0.23649 
584.19 -46.7074 225.002 7.95964 0.0168322 0.126136 0.534061 0.215082 
595.148 -11.086 226.326 8.2252 0.0157724 0.768869 0.517755 0.193673 
605.722 38.1838 227.62 8.48643 0.0164437 1.38702 0.501449 0.172265 
615.916 100.58 228.918 8.71595 0.0179303 1.97964 0.485143 0.147393 
625.785 175.561 230.241 8.90498 0.0138344 2.53155 0.468837 0.125994 
635.399 262.261 231.47 9.14931 -0.00384861 3.06742 0.452531 0.104641 
644.667 360.34 232.315 9.6608 -0.0236544 3.57898 0.436224 0.083031 
653.117 469.283 232.722 10.4368 0.00821027 4.06512 0.419918 0.0570129 
660.259 588.549 233.779 10.6059 0.143654 4.50033 0.403612 0.0120826 
667.108 717.057 237.707 8.57873 0.258006 4.13083 0.387306 0.0224081 
677.518 837.717 244.132 5 -0.09 4.55082 0.369 0 
677.518 837.717 244.132 5 -0.09 4.55082 0.369 0 
687.506 938.652 243.175 6.68293 -1.25972 4.55487 1.15369 -1.02859 
695.624 1039.66 222.883 22.2902 -0.210894 3.62132 -0.1473 -1.00718 
682.09 1125.28 219.476 24.0077 0.0512721 2.70664 -0.165162 -0.985772 
666.074 1195.82 220.347 22.2641 0.53266 1.81087 -0.15355 -0.964364 
652.221 1251.59 229.202 14.6595 0.760896 0.934008 -0.14193 -0.942955 
648.623 1292.89 242.023 5.00006 -0.174764 0.0760752 0.508767 -0.921546 
658.51 1320.03 239.668 7.64475 -0.998545 -0.762884 1.05531 -0.900137 
665.086 1333.33 223.658 19.9433 -0.0468711 -1.58286 -0.101323 -0.878728 
654.556 1333.13 223.018 19.8215 -0.0413019 -2.38389 -0.0954441 -0.857319 
644.153 1319.71 222.473 19.6386 -0.0403932 -3.16593 -0.083842 -0.835909 
633.963 1293.4 221.947 19.4555 -0.0394986 -3.92897 -0.072225 -0.814497 
623.988 1254.5 221.441 19.2724 -0.0386119 -4.673 -0.060604 -0.79308 
614.227 1203.34 220.955 19.0894 -0.0377243 -5.398 -0.0489868 -0.771308 
604.683 1140.21 220.488 18.9065 -0.0368315 -6.10363 -0.0373752 -0.190158 
595.355 1065.45 220.04 18.7235 -0.0359363 -6.27996 -0.0257648 0.00341562 
586.252 987.783 219.612 18.5405 -0.0350414 -6.27996 -0.0141531 0.00341588 
577.376 910.114 219.204 18.3576 -0.0341475 -6.27996 -0.00254014 0.00341606 
568.729 832.444 218.815 18.1746 -0.0332542 -6.27996 0.00907327 0.00341628 
560.309 754.775 218.446 17.9916 -0.0323608 -6.27996 0.0206866 0.00341653 
552.12 677.105 218.097 17.8086 -0.0314672 -6.27996 0.0322998 0.00341682 
544.16 599.435 217.767 17.6256 -0.0305732 -6.27996 0.043913 0.00341712 
536.43 521.765 217.456 17.4426 -0.029679 -6.27995 0.0555263 0.00343073 
528.932 444.095 217.166 17.2596 -0.0287853 -6.27994 0.0671397 0.285725 
521.666 366.424 216.894 17.0766 -0.0278928 -6.02259 0.0787534 0.536137 
514.636 292.998 216.643 16.8936 -0.0270009 -5.53681 0.0903671 0.514765 
507.846 227.583 216.41 16.7107 -0.026107 -5.07019 0.101981 0.493367 
501.295 169.863 216.198 16.5277 -0.0252071 -4.62277 0.113595 0.471963 
494.985 119.522 216.005 16.3447 -0.0243013 -4.19456 0.125209 0.450558 
488.915 76.2422 215.832 16.1615 -0.0234021 -3.78558 0.136824 0.429152 
483.087 39.7072 215.679 15.9782 -0.0225311 -3.39584 0.148439 0.407745 
477.501 9.59953 215.544 15.7953 -0.0216947 -3.02536 0.160054 0.386337 
472.157 -14.3985 215.429 15.6131 -0.0208429 -2.67415 0.171669 0.364929 
467.054 -32.6046 215.332 15.4313 -0.0198636 -2.34222 0.183285 0.343521 
462.192 -45.3368 215.256 15.2484 -0.0186894 -2.02959 0.194902 0.322112 
457.573 -52.9134 215.205 15.0619 -0.0175114 -1.73627 0.206519 0.300701 
453.203 -55.6527 215.178 14.8722 -0.0168782 -1.46227 0.218136 0.279288 
449.085 -53.8735 215.166 14.6865 -0.0172764 -1.20761 0.229755 0.257872 
445.216 -47.8946 215.152 14.5173 -0.0180607 -0.972299 0.241375 0.236461 
441.574 -38.0353 215.131 14.3676 -0.0166432 -0.756354 0.252996 0.215056 
438.13 -24.6149 215.136 14.2078 -0.0100059 -0.559778 0.26462 0.193651 
434.899 -7.9527 215.255 13.9735 0.000166895 -0.382585 0.276246 0.17226 
431.98 11.6315 215.548 13.6282 0.00216401 -0.224774 0.287876 0.15082 
429.529 33.8178 215.883 13.2865 -0.0211739 -0.0864032 0.299513 0.129384 
427.55 58.2858 215.843 13.2659 -0.0687787 0.0325199 0.311159 0.107929 
425.614 84.7151 215.018 13.8363 -0.0899919 0.131965 0.322822 0.0863683 
422.905 112.785 213.827 14.6031 0.00705233 0.211822 0.334516 0.0643513 
419.112 142.173 214.217 14.0613 0.250812 0.27166 0.346275 0.0362283 
415.969 172.547 218.642 10.5108 0.434156 0.305895 0.357915 -0.00111315 
417.604 203.481 226.184 5.03291 0.0878988 0.306108 0.369 0 
417.604 203.481 226.184 5.03291 0.0878988 0.306108 0.369 0 
424.074 223.342 225.736 5.0045 -0.229213 -1.55711 1.14921 0.174545 
430.605 220.534 222.213 5.0623 0.197437 -2.20476 1.10529 -0.268116 
437.055 215.757 223.586 6.20349 0.444462 -3.21727 0.319976 -0.229487 
444.616 198.508 228.349 5.1984 0.374698 -2.60149 -0.0716526 -0.293164 
454.643 182.987 233.837 5.00005 0.0421376 -3.11032 -0.1391 -0.213053 
465.073 162.26 237.712 5.00002 0.308634 -3.0631 0.266896 -0.20306 
475.534 141.652 244.834 5.00001 0.198324 -3.02011 0.369198 -0.184905 
486.196 121.071 250.613 5.00001 0.145189 -3.02128 0.608085 -0.163386 
497.011 100.434 255.746 5.00001 -0.315031 -3.02315 1.02229 -0.150517 
508.064 79.7732 254.721 5 -0.314099 -3.07319 1.00604 -0.132575 
519.092 58.5024 251.857 5 -0.313163 -3.09341 0.989782 0.135529 
530.049 36.985 248.845 5 -0.312225 -2.9241 0.973514 0.0962322 
540.934 17.5285 246.805 5 -0.311305 -2.42655 0.957194 0.0736773 
551.773 4.12968 246.373 5 -0.310343 -1.9288 0.940956 0.0559178 
562.607 -3.20919 241.185 5 -0.309461 -1.44338 0.9254 0.0891302 
573.319 -4.63799 234.831 5 -0.308515 -1.00155 0.909101 -0.0450891 
583.879 -0.0561699 228.487 5 -0.307569 -1.27288 0.892796 -0.0068366 
594.283 0.590962 222.156 5 -0.306623 -1.33129 0.87649 0.000467443 
604.531 0.526889 215.835 5 -0.305677 -1.32569 0.860184 0.000582715 
614.624 0.531324 209.527 5 -0.304731 -1.31757 0.843877 -0.00238319 
624.563 0.634915 203.229 5 -0.303785 -1.35311 0.827571 0.00181052 
634.349 0.306259 196.944 5 -0.30284 -1.32436 0.811265 -1.71902e-06 
643.981 0.328158 190.669 5.00001 -0.33932 -1.35151 0.794959 0.00019696 
653.468 0.353233 183.951 5.34671 -1.15039 -1.38774 0.778653 -0.000146348 
662.651 0.414945 167.35 13.1879 -1.08314 -1.34484 0.762347 -0.00720396 
663.762 0.464564 151.416 19.7927 -1.09679 -1.41677 0.746041 0.0189403 
658.044 -0.625328 135.186 26.0087 -1.11299 -1.16925 0.729735 -0.0147565 
645.872 1.30314 118.638 31.8903 -1.02384 -1.38613 0.713429 0.00362692 
627.534 0.59555 103.06 36.4882 -0.871384 -1.32278 0.630675 0.000131363 
604.293 0.66277 89.2488 39.3535 -0.592268 -1.32118 0.288901 -0.000309857 
577.852 0.751517 78.7802 39.5896 -0.608201 -1.32817 0.300432 -0.000179912 
550.93 0.755242 68.113 39.9484 -0.575703 -1.3329 0.260591 -1.03923e-06 
523.389 0.701812 57.8345 39.999 -0.574743 -1.35595 0.329276 -8.117e-05 
495.547 0.646337 47.5666 39.9999 -0.443047 -1.37663 0.615208 -0.00175352 
467.422 0.565023 38.9023 38.627 0.206837 -1.47101 0.208348 0.00453367 
440.266 -0.376521 43.0675 37.2648 0.377151 -1.27834 0.218247 -0.00329985 
414.501 1.37782 50.3958 34.6772 0.460107 -1.4588 0.229793 0.000998129 
391.417 0.572758 58.7847 31.5203 0.508644 -1.36967 0.241422 3.46198e-05 
371.606 0.634025 67.8261 28.158 0.749832 -1.38113 0.253149 0.000118946 
354.966 0.721028 79.8697 22.822 0.747877 -1.40704 0.514068 -0.00121581 
342.617 0.762659 91.9799 17.4785 0.918644 -1.64846 0.497457 -0.0174822 
336.826 -0.230744 100.354 11.1893 0.29782 -2.80326 0.414748 0.0252665 
331.951 -12.2893 101.661 11.2868 -0.405246 -3.53176 0.468481 0.122545 
327.176 -33.2171 94.017 11.921 -0.612582 -2.48421 0.452299 0.0505163 
321.656 -41.3908 83.8365 14.4341 -0.858097 -1.47181 0.436013 0.0765647 
313.506 -37.2372 70.6176 19.0308 -1.10769 0.00644349 0.419586 0.0619132 
301.135 -20.9962 54.2701 25.5838 -1.13779 1.02328 0.348915 0.0404502 
284.395 7.6298 38.527 32.4019 -1.333 1.97375 0.386833 0.0174626 
263.71 47.8329 19.1762 39.999 0.482386 2.45817 0.369 0 
923.31 165.99 593.26 31.1273 0.767446 0 0.0487793 0 
923.31 165.99 593.26 31.1273 0.767446 -3.92822e-08 0.0487793 2.65442e-06 
923.308 165.966 593.284 31.1196 0.767518 0.00184383 0.0487951 1.0142e-05 
1018.38 149.91 584.876 31.1313 0.767284 0.00118741 0.048771 -1.33847e-05 
603.356 164.464 582.999 31.2087 0.765081 0.00938705 0.0486113 -0.000372609 
498.503 413.254 590.986 31.1453 0.766922 0.00207955 0.0487421 -8.25398e-05 
475.25 468.366 592.755 31.1313 0.76733 0.00046165 0.048771 -1.83219e-05 
470.091 480.6 593.148 31.1282 0.76742 0.000102617 0.0487775 -4.07112e-06 
468.946 483.318 593.235 31.1275 0.76744 2.29608e-05 0.0487789 -9.09313e-07 
468.692 483.925 593.254 31.1273 0.767445 5.29697e-06 0.0487792 -2.08062e-07 
468.636 484.064 593.259 31.1273 0.767446 1.39239e-06 0.0487793 -5.29114e-08 
468.623 484.099 593.259 31.1273 0.767446 5.4333e-07 0.0487793 -1.90139e-08 
468.621 484.112 593.26 31.1273 0.767446 3.74589e-07 0.0487793 -1.20976e-08 
468.62 484.12 593.26 31.1273 0.767446 3.59093e-07 0.0487793 -1.12382e-08 
468.62 484.128 593.26 31.1273 0.767446 3.80079e-07 0.0487793 -1.17935e-08 
468.62 484.135 593.26 31.1273 0.767446 4.1259e-07 0.0487793 -1.2775e-08 
468.62 484.144 593.26 31.1273 0.767446 4.50712e-07 0.0487793 -1.39364e-08 
468.62 484.153 593.26 31.1273 0.767446 4.94504e-07 0.0487793 -1.5276e-08 
468.62 484.163 593.26 31.1273 0.767446 5.44158e-07 0.0487793 -1.67951e-08 
468.62 484.174 593.259 31.1273 0.767446 6.0056e-07 0.0487793 -1.85147e-08 
468.62 484.187 593.259 31.1273 0.767446 6.652e-07 0.0487793 -2.0483e-08 
468.62 484.2 593.259 31.1273 0.767446 7.39671e-07 0.0487793 -2.27533e-08 
468.62 484.215 593.259 31.1273 0.767446 8.25093e-07 0.0487793 -2.53425e-08 
468.62 484.232 593.259 31.1273 0.767446 9.24867e-07 0.0487793 -2.83687e-08 
468.62 484.251 593.259 31.1273 0.767446 1.04107e-06 0.0487793 -3.18835e-08 
468.62 484.272 593.259 31.1273 0.767446 1.17761e-06 0.0487793 -3.60022e-08 
468.62 484.296 593.259 31.1273 0.767446 1.33928e-06 0.0487793 -4.08697e-08 
468.62 484.323 593.259 31.1273 0.767446 1.53191e-06 0.0487793 -4.66513e-08 
468.619 484.354 593.258 31.1273 0.767446 1.76333e-06 0.0487793 -5.35741e-08 
468.619 484.39 593.258 31.1273 0.767445 2.04412e-06 0.0487793 -6.19464e-08 
468.619 484.431 593.258 31.1273 0.767445 2.3879e-06 0.0487793 -7.21578e-08 
468.619 484.479 593.257 31.1273 0.767445 2.81333e-06 0.0487793 -8.47351e-08 
468.619 484.535 593.257 31.1273 0.767445 3.34667e-06 0.0487792 -1.00424e-07 
468.619 484.602 593.256 31.1273 0.767445 4.02419e-06 0.0487792 -1.20234e-07 
468.619 484.681 593.256 31.1273 0.767445 4.89884e-06 0.0487792 -1.45633e-07 
468.618 484.778 593.255 31.1273 0.767445 6.04786e-06 0.0487792 -1.78716e-07 
468.618 484.897 593.253 31.1273 0.767444 7.58991e-06 0.0487792 -2.22646e-07 
468.617 485.045 593.251 31.1274 0.767444 9.71313e-06 0.0487792 -2.82271e-07 
468.617 485.232 593.249 31.1274 0.767443 1.27348e-05 0.0487791 -3.65296e-07 
468.616 485.474 593.245 31.1274 0.767443 1.72428e-05 0.0487791 -4.84498e-07 
468.614 485.796 593.238 31.1274 0.767441 2.44944e-05 0.048779 -6.62249e-07 
468.612 486.235 593.226 31.1275 0.767439 3.77318e-05 0.0487789 -9.40392e-07 
468.607 486.859 593.2 31.1276 0.767436 6.70813e-05 0.0487787 -1.40499e-06 
468.598 487.792 593.126 31.1277 0.767429 0.000149137 0.0487785 -2.2556e-06 
468.57 489.287 592.874 31.1278 0.76741 0.000428534 0.0487782 -4.0316e-06 
468.476 491.958 591.905 31.1279 0.76735 0.00150465 0.0487781 -8.46566e-06 
468.112 497.556 587.931 31.1269 0.76713 0.00591749 0.0487801 -2.24526e-05 
466.598 512.362 571.201 31.1231 0.766197 0.0244845 0.0487874 -8.23049e-05 
459.872 566.787 501.231 31.0279 0.764598 0.102354 0.0488871 -0.000502326 
442.165 544.106 199.937 22.6737 4.65926e-05 0.0552394 0.0477793 0 
442.165 544.106 199.937 22.6737 4.65926e-05 0.0552394 0.0477793 0 
430.742 566.871 199.989 21.7292 0.677948 0.0561509 -0.17771 -0.392063 
420.189 589.647 209.554 13.7891 0.747839 -0.246372 -0.142511 -0.34248 
418.79 608.181 220.275 5.80725 -0.162971 -0.510693 0.496918 -0.296658 
426.899 623.007 218.423 7.86059 -0.780256 -0.739681 0.888909 -0.254919 
432.822 634.628 207.882 16.0598 -0.295262 -0.936481 0.25308 -0.217456 
429.113 643.501 203.948 18.7376 -0.0604089 -1.10441 -0.00792103 -0.18426 
422.221 650.026 203.242 18.8306 -0.0200649 -1.24675 -0.0279549 -0.155167 
415.193 654.557 203.098 18.4978 -0.00993775 -1.36665 -0.0150794 -0.129903 
408.53 657.41 203.104 18.0796 -0.0171938 -1.46707 0.00906795 -0.108125 
402.337 658.856 203.018 17.7618 -0.0293104 -1.55069 0.0323539 -0.0894653 
396.5 659.131 202.769 17.5878 -0.0346748 -1.61992 0.0468012 -0.0735533 
390.853 658.437 202.449 17.4778 -0.032826 -1.67687 0.0548048 -0.0600375 
385.319 656.945 202.157 17.3532 -0.0288568 -1.72339 0.0622212 -0.0485952 
379.915 654.802 201.924 17.1931 -0.025968 -1.76108 0.0716037 -0.0389371 
374.682 652.13 201.734 17.0111 -0.024738 -1.79132 0.0827093 -0.0308085 
369.648 649.036 201.566 16.8257 -0.0244499 -1.81529 0.0944314 -0.023988 
364.817 645.605 201.407 16.6469 -0.024244 -1.83399 0.105929 -0.0182847 
360.181 641.913 201.254 16.4751 -0.0237121 -1.84829 0.116967 -0.0135348 
355.734 638.02 201.112 16.3065 -0.0228919 -1.85892 0.127709 -0.00959883 
351.472 633.978 200.986 16.1379 -0.0219827 -1.86651 0.138384 -0.00635762 
347.395 629.83 200.876 15.9685 -0.0211263 -1.8716 0.1491 -0.00370977 
343.504 625.61 200.782 15.7987 -0.0203548 -1.87464 0.15985 -0.00156881 
339.801 621.348 200.702 15.6295 -0.0196343 -1.87603 0.17058 0.000139108 
336.286 617.066 200.637 15.4615 -0.0189209 -1.87609 0.18125 0.00147724 
332.957 612.783 200.585 15.2946 -0.0181926 -1.87512 0.191844 0.00249993 
329.813 608.513 200.547 15.1287 -0.0174565 -1.87335 0.202364 0.00325411 
326.855 604.268 200.523 14.9635 -0.0167452 -1.87101 0.212813 0.00378042 
324.081 600.056 200.513 14.7994 -0.0161006 -1.86825 0.223188 0.00411432 
321.49 595.882 200.516 14.637 -0.0155393 -1.86523 0.233481 0.00428684 
319.082 591.75 200.53 14.477 -0.0150068 -1.86208 0.243681 0.0043253 
316.854 587.663 200.555 14.3197 -0.0143677 -1.8589 0.253777 0.00425384 
314.802 583.619 200.592 14.1637 -0.0134954 -1.85577 0.263752 0.0040939 
312.927 579.62 200.646 14.0064 -0.012472 -1.85276 0.273584 0.00386458 
311.229 575.662 200.717 13.8466 -0.0117615 -1.84993 0.283245 0.00358287 
309.712 571.744 200.801 13.6877 -0.012065 -1.84731 0.29271 0.00326397 
308.376 567.863 200.885 13.5408 -0.013637 -1.84494 0.301965 0.00292138 
307.208 564.014 200.951 13.4183 -0.0153199 -1.84284 0.311005 0.00256708 
306.179 560.195 200.995 13.3193 -0.0143207 -1.841 0.319805 0.00221162 
305.263 556.401 201.056 13.2132 -0.00806638 -1.83944 0.32828 0.0018642 
304.465 552.629 201.207 13.045 0.00174046 -1.83815 0.336272 0.00153274 
303.858 548.875 201.498 12.7827 0.00578454 -1.83712 0.343616 0.00122393 
303.552 545.136 201.852 12.4967 -0.0096699 -1.83632 0.350255 0.000943268 
303.581 541.407 201.997 12.3973 -0.0489154 -1.83574 0.356295 0.000695097 
303.737 537.686 201.594 12.7214 -0.0880618 -1.83535 0.361807 0.000482669 
303.529 533.971 200.635 13.4294 -0.0720563 -1.83512 0.366516 0.000308174 
302.495 530.26 199.885 13.8995 0.0474448 -1.83503 0.369844 0.000172797 
300.879 526.55 200.798 13.0516 0.234279 -1.83505 0.371421 7.68451e-05 
300.187 522.84 204.345 10.2899 0.308869 -1.83514 0.371375 1.97644e-05 
302.673 519.126 208.999 6.98574 0.0158283 -1.83529 0.369 0 
302.673 519.126 208.999 6.98574 0.0158283 -1.83529 0.369 0 
307.536 516.185 209.493 7.08082 -0.562442 -1.8354 0.844137 0.166773 
312.454 513.243 203.584 11.8069 -0.33764 -1.73347 0.572237 0.148169 
313 511.433 200.08 14.4317 -0.0697169 -1.64288 0.306429 0.132077 
311.081 510.628 199.495 14.7407 0.0304895 -1.5621 0.233951 0.118156 
308.854 510.717 200.014 14.2189 0.0419581 -1.4898 0.24437 0.106106 
307.099 511.606 200.669 13.633 0.0157855 -1.42485 0.280008 0.0956644 
305.885 513.214 201.044 13.2924 -0.0125579 -1.36625 0.309995 0.086603 
304.988 515.47 201.112 13.2005 -0.0266677 -1.31317 0.32342 0.0787239 
304.178 518.313 201.026 13.2274 -0.0280398 -1.26489 0.324946 0.0718557 
303.343 521.691 200.924 13.2632 -0.0240451 -1.22079 0.322722 0.0658499 
302.473 525.557 200.865 13.2639 -0.0200249 -1.18035 0.321576 0.0605779 
301.601 529.871 200.851 13.2312 -0.0178822 -1.14311 0.322669 0.0559286 
300.757 534.597 200.861 13.1823 -0.0173861 -1.1087 0.325317 0.0518058 
299.957 539.703 200.877 13.1315 -0.0176468 -1.0768 0.328507 0.0481265 
299.203 545.163 200.892 13.085 -0.0179612 -1.04713 0.331599 0.0448193 
298.491 550.952 200.904 13.0429 -0.0180402 -1.01948 0.334401 0.0418224 
297.816 557.046 200.915 13.0032 -0.0178931 -0.993645 0.336986 0.0390834 
297.178 563.426 200.929 12.9638 -0.0176396 -0.969477 0.339483 0.0365571 
296.574 570.074 200.947 12.924 -0.0173864 -0.946843 0.34198 0.0342057 
296.007 576.972 200.968 12.8836 -0.0171886 -0.925638 0.3445 0.0319972 
295.476 584.105 200.992 12.8433 -0.0170579 -0.905774 0.347028 0.0299053 
294.981 591.458 201.018 12.8035 -0.0169783 -0.887182 0.349542 0.0279085 
294.523 599.017 201.046 12.7648 -0.0169136 -0.869803 0.352024 0.0259898 
294.099 606.768 201.075 12.727 -0.0168133 -0.853591 0.354466 0.0241362 
293.71 614.698 201.106 12.6899 -0.0166356 -0.838505 0.356857 0.0223382 
293.354 622.795 201.139 12.6529 -0.0163929 -0.824513 0.359181 0.0205895 
293.032 631.048 201.176 12.6153 -0.0161967 -0.811585 0.361414 0.0188866 
292.745 639.443 201.216 12.5777 -0.0162495 -0.799693 0.36354 0.0172284 
292.491 647.97 201.256 12.5423 -0.0167299 -0.78881 0.365561 0.0156162 
292.271 656.617 201.291 12.5124 -0.0175823 -0.778909 0.367507 0.0140528 
292.077 665.374 201.317 12.4909 -0.0183367 -0.769959 0.369416 0.0125428 
291.904 674.23 201.335 12.4764 -0.0181775 -0.76193 0.371293 0.0110917 
291.744 683.175 201.355 12.4607 -0.0164389 -0.754785 0.373075 0.00970594 
291.598 692.199 201.395 12.4306 -0.0134256 -0.748485 0.374632 0.00839257 
291.479 701.293 201.469 12.3765 -0.0110324 -0.742986 0.375835 0.00715875 
291.409 710.447 201.57 12.3056 -0.0123519 -0.738239 0.37665 0.00601152 
291.404 719.654 201.658 12.2506 -0.0197416 -0.734192 0.377215 0.00495746 
291.452 728.906 201.665 12.2614 -0.0318758 -0.730788 0.377788 0.00400239 
291.494 738.195 201.537 12.3734 -0.0417666 -0.727967 0.378563 0.00315102 
291.435 747.516 201.298 12.5602 -0.0385049 -0.725665 0.379469 0.00240664 
291.204 756.862 201.092 12.7056 -0.0141968 -0.723817 0.380141 0.00177084 
290.835 766.229 201.152 12.6355 0.0261565 -0.722358 0.38014 0.00124322 
290.52 775.612 201.66 12.2307 0.0586299 -0.721223 0.37927 0.000821055 
290.569 785.007 202.535 11.5819 0.0467825 -0.720345 0.377762 0.000499112 
291.215 794.412 203.29 11.0805 -0.035431 -0.719664 0.376178 0.000269334 
292.34 803.824 203.144 11.3084 -0.171772 -0.719122 0.374938 0.000120637 
293.291 813.242 201.485 12.6687 -0.284486 -0.718668 0.373797 3.86942e-05 
293.023 822.665 198.554 14.8806 -0.254971 -0.718262 0.372187 5.6673e-06 
290.722 832.095 195.91 16.6852 0.00344954 -0.717876 0.369 0 
290.722 832.095 195.91 16.6852 0.00344954 -0.717876 0.369 0 
290.715 832.113 195.911 16.6843 0.00426896 -0.717875 0.467615 0.00109627 
290.708 832.13 195.911 16.6833 0.00539251 -0.717873 0.465914 0.00102927 
290.701 832.148 195.911 16.6822 0.00651058 -0.717872 0.464198 0.000965059 
290.694 832.166 195.912 16.6811 0.00762312 -0.71787 0.462468 0.000903569 
290.687 832.183 195.912 16.6801 0.00873009 -0.717868 0.460722 0.000844746 
290.68 832.201 195.913 16.679 0.00983143 -0.717866 0.458962 0.00078853 
290.673 832.219 195.913 16.6778 0.0109271 -0.717865 0.457187 0.000734864 
290.666 832.236 195.914 16.6767 0.012017 -0.717863 0.455398 0.000683687 
290.659 832.254 195.914 16.6756 0.0131012 -0.717862 0.453593 0.000634942 
290.652 832.271 195.915 16.6744 0.0141796 -0.71786 0.451774 0.000588568 
290.645 832.289 195.915 16.6732 0.015252 -0.717859 0.449941 0.000544508 
290.638 832.307 195.916 16.672 0.0163186 -0.717858 0.448092 0.000502702 
290.631 832.324 195.916 16.6708 0.0173792 -0.717856 0.446229 0.00046309 
290.624 832.342 195.917 16.6696 0.0184338 -0.717855 0.444352 0.000425615 
290.617 832.359 195.918 16.6684 0.0194824 -0.717854 0.44246 0.000390217 
290.61 832.377 195.918 16.6671 0.0205248 -0.717853 0.440553 0.000356836 
290.603 832.395 195.919 16.6658 0.0215611 -0.717852 0.438633 0.000325415 
290.596 832.412 195.92 16.6646 0.0225911 -0.717851 0.436698 0.000295893 
290.59 832.43 195.921 16.6633 0.023615 -0.717849 0.434748 0.000268212 
290.583 832.447 195.921 16.662 0.0246325 -0.717848 0.432785 0.000242312 
290.576 832.465 195.922 16.6606 0.0256437 -0.717847 0.430807 0.000218135 
290.569 832.483 195.923 16.6593 0.0266485 -0.717847 0.428815 0.000195621 
290.562 832.5 195.924 16.658 0.0276469 -0.717846 0.426809 0.000174712 
290.555 832.518 195.925 16.6566 0.0286388 -0.717845 0.424789 0.000155347 
290.548 832.536 195.925 16.6552 0.0296241 -0.717844 0.422755 0.000137468 
290.541 832.553 195.926 16.6538 0.0306029 -0.717843 0.420708 0.000121016 
290.534 832.571 195.927 16.6524 0.0315751 -0.717842 0.418646 0.000105932 
290.527 832.588 195.928 16.651 0.0325407 -0.717841 0.416571 9.21551e-05 
290.52 832.606 195.929 16.6496 0.0334995 -0.71784 0.414483 7.96275e-05 
290.513 832.624 195.93 16.6481 0.0344515 -0.71784 0.412381 6.82896e-05 
290.507 832.641 195.931 16.6467 0.0353968 -0.717839 0.410265 5.80821e-05 
290.5 832.659 195.932 16.6452 0.0363353 -0.717838 0.408136 4.89457e-05 
290.493 832.676 195.933 16.6437 0.0372668 -0.717837 0.405994 4.08213e-05 
290.486 832.694 195.934 16.6422 0.0381915 -0.717837 0.403839 3.36493e-05 
290.479 832.712 195.935 16.6407 0.0391092 -0.717836 0.401671 2.73706e-05 
290.472 832.729 195.936 16.6392 0.0400198 -0.717835 0.39949 2.19257e-05 
290.465 832.747 195.937 16.6377 0.0409234 -0.717834 0.397296 1.72553e-05 
290.458 832.765 195.938 16.6361 0.04182 -0.717834 0.395089 1.33001e-05 
290.451 832.782 195.94 16.6346 0.0427093 -0.717833 0.392869 1.00007e-05 
290.444 832.8 195.941 16.633 0.0435916 -0.717832 0.390637 7.29767e-06 
290.438 832.817 195.942 16.6314 0.0444666 -0.717832 0.388392 5.13159e-06 
290.431 832.835 195.943 16.6299 0.0453343 -0.717831 0.386135 3.44305e-06 
290.424 832.853 195.944 16.6283 0.0461947 -0.71783 0.383866 2.17262e-06 
290.417 832.87 195.946 16.6266 0.0470478 -0.717829 0.381585 1.26084e-06 
290.41 832.888 195.947 16.625 0.0478936 -0.717829 0.379292 6.48252e-07 
290.403 832.905 195.948 16.6234 0.0487319 -0.717828 0.376986 2.75375e-07 
290.396 832.923 195.949 16.6217 0.0495628 -0.717827 0.374669 8.27138e-08 
290.389 832.941 195.951 16.6201 0.0503861 -0.717827 0.37234 1.07626e-08 
290.383 832.958 195.952 16.6184 0.051202 -0.717826 0.369 0 
290.383 832.958 195.952 16.6184 0.051202 -0.717826 0.369 0 
287.448 830.023 197.898 17.4913 0.00822492 -0.472994 0.482653 1.13652e-12 
284.513 827.088 199.841 18.2424 0.00132986 -0.317479 0.480306 6.89354e-13 
281.578 824.153 201.779 18.8861 0.000223845 -0.218845 0.477959 4.18047e-13 
278.643 821.218 203.714 19.436 4.64325e-05 -0.156317 0.475612 2.5318e-13 
275.708 818.283 205.645 19.9043 1.79743e-05 -0.116681 0.473265 1.53178e-13 
272.773 815.348 207.572 20.3026 1.34093e-05 -0.0915547 0.470918 9.25995e-14 
269.838 812.413 209.495 20.6407 1.26771e-05 -0.0756252 0.468571 5.58005e-14 
266.903 809.479 211.414 20.9275 1.25596e-05 -0.0655254 0.466224 3.35411e-14 
263.968 806.544 213.329 21.1706 1.25408e-05 -0.0591212 0.463878 2.02301e-14 
261.033 803.609 215.241 21.3764 1.25378e-05 -0.05506 0.461531 1.21612e-14 
258.098 800.674 217.148 21.5507 1.25373e-05 -0.0524845 0.459184 7.3155e-15 
255.163 797.739 219.052 21.6982 1.25372e-05 -0.050851 0.456837 4.31041e-15 
252.228 794.804 220.953 21.823 1.25372e-05 -0.0498149 0.45449 2.54422e-15 
249.293 791.869 222.849 21.9286 1.25372e-05 -0.0491577 0.452143 1.4054e-15 
246.358 788.934 224.742 22.0179 1.25372e-05 -0.0487408 0.449796 9.06124e-16 
243.423 785.999 226.631 22.0935 1.25372e-05 -0.0484764 0.447449 4.39222e-16 
240.488 783.064 228.517 22.1574 1.25372e-05 -0.0483087 0.445102 3.11166e-16 
237.553 780.129 230.398 22.2114 1.25372e-05 -0.0482022 0.442755 1.26775e-16 
234.618 777.194 232.276 22.2571 1.25372e-05 -0.0481348 0.440408 8.91193e-17 
231.683 774.259 234.151 22.2958 1.25372e-05 -0.048092 0.438061 2.86584e-17 
228.748 771.324 236.022 22.3285 1.25372e-05 -0.0480649 0.435714 7.12331e-17 
225.813 768.389 237.889 22.3562 1.25372e-05 -0.0480477 0.433367 -2.6048e-18 
222.878 765.454 239.752 22.3796 1.25372e-05 -0.0480369 0.43102 4.99593e-17 
219.943 762.519 241.612 22.3993 1.25372e-05 -0.0480301 0.428673 -2.33319e-17 
217.008 759.584 243.469 22.4161 1.25372e-05 -0.0480259 0.426327 4.51651e-17 
214.073 756.649 245.322 22.4302 1.25372e-05 -0.0480234 0.42398 2.4529e-17 
211.138 753.714 247.171 22.4422 1.25372e-05 -0.048022 0.421633 -3.27277e-19 
208.203 750.779 249.017 22.4523 1.25372e-05 -0.0480214 0.419286 1.76895e-17 
205.268 747.844 250.859 22.4608 1.25372e-05 -0.0480215 0.416939 -1.94751e-19 
202.334 744.909 252.698 22.4681 1.25372e-05 -0.0480221 0.414592 1.2056e-17 
199.399 741.974 254.534 22.4742 1.25372e-05 -0.0480232 0.412245 1.66235e-17 
196.464 739.039 256.365 22.4793 1.25372e-05 -0.0480249 0.409898 4.08116e-17 
193.529 736.104 258.194 22.4837 1.25372e-05 -0.0480273 0.407551 -1.35082e-17 
190.594 733.169 260.019 22.4874 1.25372e-05 -0.0480303 0.405204 4.9876e-17 
187.659 730.234 261.84 22.4905 1.25372e-05 -0.0480339 0.402857 7.80441e-18 
184.724 727.299 263.659 22.4931 1.25372e-05 -0.0480377 0.40051 2.00482e-17 
181.789 724.364 265.473 22.4952 1.25372e-05 -0.0480407 0.398163 -1.45162e-17 
178.854 721.429 267.285 22.4971 1.25372e-05 -0.0480403 0.395816 6.79133e-18 
175.919 718.495 269.093 22.4986 1.25372e-05 -0.0480319 0.393469 -2.60962e-17 
172.984 715.56 270.897 22.4999 1.25372e-05 -0.0480062 0.391122 -7.33852e-17 
170.049 712.625 272.699 22.5009 1.25372e-05 -0.0479456 0.388776 -1.12847e-16 
167.114 709.69 274.497 22.5017 1.25372e-05 -0.0478183 0.386429 -1.9887e-16 
164.179 706.755 276.291 22.5024 1.25373e-05 -0.047567 0.384082 -2.66323e-16 
161.244 703.82 278.082 22.5029 1.25375e-05 -0.0470903 0.381735 -3.66208e-16 
158.309 700.885 279.871 22.5033 1.25369e-05 -0.046211 0.379388 -4.49112e-16 
155.374 697.95 281.655 22.5035 1.25223e-05 -0.0446234 0.377041 -4.61091e-16 
152.439 695.015 283.437 22.5036 1.23654e-05 -0.0418045 0.374694 -3.70805e-16 
149.504 692.08 285.215 22.5036 1.09892e-05 -0.0368725 0.372347 -1.71082e-16 
146.569 689.145 286.99 22.5034 7.16808e-09 -0.0283628 0.369 0 
146.569 689.145 286.99 22.5034 7.16808e-09 -0.0283628 0.369 0 
145.074 687.616 286.716 22.5031 9.23891e-08 0.0155891 0.482653 -9.36677e-13 
143.579 686.088 286.44 22.5029 1.22394e-07 0.0500772 0.480306 -7.04548e-13 
142.083 684.559 286.161 22.5027 1.32961e-07 0.0771345 0.477959 -5.29387e-13 
140.588 683.031 285.879 22.5024 1.36684e-07 0.0983596 0.475612 -3.97296e-13 
139.093 681.502 285.595 22.5022 1.37997e-07 0.115008 0.473265 -2.97939e-13 
137.598 679.974 285.308 22.5021 1.38461e-07 0.128066 0.470918 -2.23067e-13 
136.102 678.446 285.018 22.5019 1.38626e-07 0.138307 0.468571 -1.67004e-13 
134.607 676.917 284.726 22.5017 1.38686e-07 0.146339 0.466224 -1.24806e-13 
133.112 675.389 284.431 22.5016 1.38709e-07 0.152638 0.463878 -9.31561e-14 
131.617 673.86 284.133 22.5015 1.38719e-07 0.157577 0.461531 -6.94049e-14 
130.121 672.332 283.832 22.5014 1.38724e-07 0.161451 0.459184 -5.17125e-14 
128.626 670.803 283.529 22.5013 1.38728e-07 0.164488 0.456837 -3.85067e-14 
127.131 669.275 283.223 22.5012 1.38731e-07 0.16687 0.45449 -2.85591e-14 
125.635 667.746 282.915 22.5011 1.38734e-07 0.168737 0.452143 -2.119e-14 
124.14 666.218 282.603 22.501 1.38737e-07 0.1702 0.449796 -1.56348e-14 
122.645 664.689 282.289 22.5009 1.38739e-07 0.171346 0.447449 -1.14534e-14 
121.15 663.161 281.973 22.5008 1.38742e-07 0.172244 0.445102 -8.47277e-15 
119.654 661.632 281.654 22.5008 1.38745e-07 0.172947 0.442755 -6.20254e-15 
118.159 660.104 281.332 22.5007 1.38748e-07 0.173495 0.440408 -4.55337e-15 
116.664 658.576 281.007 22.5007 1.38751e-07 0.173923 0.438061 -3.31524e-15 
115.169 657.047 280.68 22.5006 1.38754e-07 0.174255 0.435714 -2.30349e-15 
113.673 655.519 280.35 22.5006 1.38756e-07 0.17451 0.433367 -1.65893e-15 
112.178 653.99 280.017 22.5005 1.38759e-07 0.174705 0.43102 -1.10199e-15 
110.683 652.462 279.682 22.5005 1.38762e-07 0.174851 0.428673 -7.22802e-16 
109.188 650.933 279.344 22.5005 1.38765e-07 0.174956 0.426327 -5.05674e-16 
107.692 649.405 279.004 22.5004 1.38768e-07 0.175027 0.42398 -2.61825e-16 
106.197 647.876 278.66 22.5004 1.3877e-07 0.175067 0.421633 -3.73652e-17 
104.702 646.348 278.315 22.5004 1.38773e-07 0.17508 0.419286 9.13864e-17 
103.206 644.819 277.966 22.5004 1.38776e-07 0.175065 0.416939 1.70874e-16 
101.711 643.291 277.615 22.5003 1.38779e-07 0.175023 0.414592 2.98871e-16 
100.216 641.762 277.261 22.5003 1.38782e-07 0.17495 0.412245 4.31329e-16 
98.7207 640.234 276.904 22.5003 1.38785e-07 0.174843 0.409898 4.75989e-16 
97.2254 638.705 276.545 22.5003 1.38788e-07 0.174694 0.407551 6.14587e-16 
95.7301 637.177 276.183 22.5003 1.3879e-07 0.174496 0.405204 6.75818e-16 
94.2349 635.649 275.819 22.5003 1.38793e-07 0.174235 0.402857 7.80918e-16 
92.7396 634.12 275.452 22.5002 1.38796e-07 0.173898 0.40051 8.77914e-16 
91.2443 632.592 275.082 22.5002 1.38799e-07 0.173463 0.398163 9.62632e-16 
89.749 631.063 274.71 22.5002 1.38801e-07 0.172906 0.395816 1.02799e-15 
88.2538 629.535 274.335 22.5002 1.38801e-07 0.172192 0.393469 1.07095e-15 
86.7585 628.006 273.957 22.5002 1.38796e-07 0.17128 0.391122 1.12816e-15 
85.2632 626.478 273.577 22.5002 1.38778e-07 0.170114 0.388776 1.13943e-15 
83.768 624.949 273.194 22.5002 1.38721e-07 0.168628 0.386429 1.09135e-15 
82.2727 623.421 272.808 22.5002 1.38553e-07 0.166731 0.384082 1.02591e-15 
80.7774 621.892 272.42 22.5002 1.3807e-07 0.164311 0.381735 9.22845e-16 
79.2821 620.364 272.029 22.5002 1.36693e-07 0.161224 0.379388 7.64736e-16 
77.7869 618.835 271.636 22.5002 1.32777e-07 0.157288 0.377041 5.4559e-16 
76.2916 617.307 271.24 22.5002 1.21651e-07 0.152269 0.374694 3.18091e-16 
74.7963 615.778 270.841 22.5002 9.00522e-08 0.145869 0.372347 1.04073e-16 
73.3011 614.25 270.44 22.5002 3.10786e-10 0.137708 0.369 0 
73.3011 614.25 270.44 22.5002 3.10786e-10 0.137708 0.369 0 
80.0661 612.925 271.974 22.3933 -0.00051388 0.0493939 0.482653 -7.99451e-12 
86.8312 611.601 273.453 22.3205 -0.00053418 0.0178921 0.480306 -5.53636e-12 
93.5963 610.279 274.876 22.271 -0.000534982 0.00665656 0.477959 -2.872e-12 
100.361 608.959 276.244 22.2372 -0.000535014 0.00264927 0.475612 -1.33798e-12 
107.126 607.64 277.556 22.2143 -0.000535015 0.00122003 0.473265 -6.00177e-13 
113.892 606.323 278.812 22.1986 -0.000535015 0.000710277 0.470918 -2.74426e-13 
120.657 605.007 280.012 22.188 -0.000535016 0.00052847 0.468571 -1.36978e-13 
127.422 603.692 281.156 22.1807 -0.000535016 0.000463627 0.466224 -8.01164e-14 
134.187 602.379 282.244 22.1758 -0.000535016 0.0004405 0.463878 -5.60947e-14 
140.952 601.068 283.275 22.1724 -0.000535016 0.000432252 0.461531 -4.52883e-14 
147.717 599.758 284.249 22.1701 -0.000535016 0.00042931 0.459184 -3.97201e-14 
154.482 598.449 285.167 22.1686 -0.000535016 0.000428261 0.456837 -3.61969e-14 
161.247 597.142 286.027 22.1675 -0.000535016 0.000427886 0.45449 -3.34904e-14 
168.012 595.836 286.831 22.1668 -0.000535016 0.000427753 0.452143 -3.11025e-14 
174.777 594.531 287.578 22.1663 -0.000535016 0.000427705 0.449796 -2.89338e-14 
181.542 593.228 288.267 22.166 -0.000535016 0.000427688 0.447449 -2.69677e-14 
188.307 591.926 288.899 22.1657 -0.000535016 0.000427682 0.445102 -2.50081e-14 
195.073 590.626 289.473 22.1656 -0.000535017 0.00042768 0.442755 -2.31414e-14 
201.838 589.327 289.99 22.1655 -0.000535017 0.000427679 0.440408 -2.13872e-14 
208.603 588.029 290.449 22.1654 -0.000535017 0.000427678 0.438061 -1.96764e-14 
215.368 586.732 290.851 22.1653 -0.000535017 0.000427678 0.435714 -1.80438e-14 
222.133 585.437 291.195 22.1653 -0.000535017 0.000427678 0.433367 -1.6622e-14 
228.898 584.142 291.481 22.1653 -0.000535017 0.000427678 0.43102 -1.5201e-14 
235.663 582.85 291.709 22.1653 -0.000535017 0.000427678 0.428673 -1.38611e-14 
242.428 581.558 291.88 22.1653 -0.000535017 0.000427678 0.426327 -1.25945e-14 
249.193 580.267 291.992 22.1653 -0.000535017 0.000427677 0.42398 -1.1487e-14 
255.958 578.978 292.047 22.1653 -0.000535017 0.000427677 0.421633 -1.03299e-14 
262.723 577.69 292.043 22.1653 -0.000535017 0.000427677 0.419286 -9.29468e-15 
269.488 576.403 291.982 22.1653 -0.000535018 0.000427677 0.416939 -8.29876e-15 
276.253 575.117 291.863 22.1653 -0.000535018 0.000427677 0.414592 -7.33627e-15 
283.019 573.832 291.686 22.1654 -0.000535018 0.000427677 0.412245 -6.51943e-15 
289.784 572.549 291.451 22.1654 -0.000535018 0.000427676 0.409898 -5.729e-15 
296.549 571.266 291.158 22.1655 -0.000535018 0.000427676 0.407551 -4.99766e-15 
303.314 569.985 290.808 22.1656 -0.000535018 0.000427676 0.405204 -4.33935e-15 
310.079 568.704 290.399 22.1657 -0.000535018 0.000427676 0.402857 -3.69895e-15 
316.844 567.425 289.933 22.166 -0.000535018 0.000427675 0.40051 -3.12918e-15 
323.609 566.146 289.41 22.1663 -0.000535018 0.000427674 0.398163 -2.64288e-15 
330.374 564.869 288.829 22.1668 -0.000535018 0.000427672 0.395816 -2.24155e-15 
337.139 563.593 288.19 22.1675 -0.000535018 0.000427666 0.393469 -1.83468e-15 
343.904 562.317 287.494 22.1686 -0.000535018 0.000427649 0.391122 -1.5854e-15 
350.669 561.043 286.741 22.1702 -0.000535018 0.000427603 0.388776 -1.54083e-15 
357.434 559.769 285.931 22.1725 -0.000535018 0.000427473 0.386429 -1.78707e-15 
364.2 558.497 285.064 22.1759 -0.000535018 0.00042711 0.384082 -2.62358e-15 
370.965 557.225 284.14 22.1809 -0.000535018 0.00042609 0.381735 -4.32266e-15 
377.73 555.954 283.159 22.1882 -0.000535017 0.00042323 0.379388 -7.31362e-15 
384.495 554.684 282.121 22.1989 -0.000534986 0.000415208 0.377041 -1.13727e-14 
391.26 553.415 281.027 22.2147 -0.000534184 0.000392703 0.374694 -1.4265e-14 
398.025 552.147 279.877 22.2379 -0.000513885 0.000329568 0.372347 -1.04346e-14 
404.79 550.88 278.67 22.272 -9.09223e-08 0.000152444 0.369 0 
404.79 550.88 278.67 22.272 -9.09223e-08 0.000152444 0.369 0 
403.595 553.285 278.441 21.9166 -0.0953692 -0.160938 -0.188385 -0.397732 
402.445 555.447 278.068 21.712 -0.321836 -0.353689 -0.176772 -0.375095 
401.326 557.316 277.352 21.7697 -0.548206 -0.542859 -0.165158 -0.35307 
400.204 558.898 276.294 22.0871 -0.770715 -0.72845 -0.153543 -0.33162 
399.047 560.199 274.897 22.6571 -0.98564 -0.910443 -0.141922 -0.310711 
397.822 561.225 273.173 23.4686 -1.18937 -1.08879 0.598795 -0.290316 
396.5 561.98 271.139 24.4573 -1.21342 -1.26343 1.05584 -0.270418 
395.052 562.47 269.065 25.4335 -1.11977 -1.43425 1.03954 -0.251008 
393.477 562.702 267.131 26.2931 -1.01597 -1.60114 1.02324 -0.232087 
391.787 562.681 265.353 27.0257 -0.903703 -1.76394 1.00693 -0.213666 
390 562.413 263.742 27.6226 -0.784805 -1.92248 0.990627 -0.195766 
388.131 561.906 262.311 28.0777 -0.661226 -2.07655 0.974322 -0.178416 
386.199 561.164 261.066 28.3869 -0.534408 -2.22591 0.958016 -0.161657 
384.222 560.197 260.012 28.5478 -0.232021 -2.3703 0.941709 -0.145534 
382.212 559.01 259.416 28.3597 -0.107216 -2.50943 0.925403 -0.130098 
380.22 557.613 259.009 28.0306 0.0109564 -2.64299 0.909096 -0.115402 
378.262 556.013 258.783 27.5696 0.120498 -2.77061 0.892788 -0.101499 
376.357 554.22 258.723 26.9879 0.219532 -2.89194 0.876478 -0.0884382 
374.519 552.243 258.815 26.2989 0.306345 -3.00659 0.860156 -0.0762627 
372.761 550.092 259.041 25.5177 0.379416 -3.11413 0.032298 -0.0650063 
371.097 547.778 259.379 24.7153 0.253753 -3.21416 0.0438698 -0.0546921 
369.536 545.313 259.528 24.0649 0.119414 -3.30624 0.0554764 -0.0453308 
368.057 542.707 259.476 23.5751 -0.0213954 -3.38995 0.0670864 -0.0369204 
366.642 539.975 259.211 23.2517 -0.166357 -3.46491 0.0786974 -0.0294458 
365.27 537.129 258.727 23.0979 -0.313074 -3.53075 0.090309 -0.0228799 
363.92 534.184 258.022 23.114 -0.459109 -3.58716 0.101921 -0.0171846 
362.569 531.153 257.095 23.2975 -0.602024 -3.63393 0.113533 -0.0123127 
361.198 528.051 255.951 23.6432 -0.739421 -3.67093 0.125145 -0.00820952 
359.786 524.893 254.597 24.1431 -0.86898 -3.69814 0.136757 -0.00481541 
358.312 521.694 253.047 24.7867 -0.988502 -3.71567 0.148369 -0.00206721 
356.76 518.468 251.313 25.561 -1.09594 -3.72375 0.159981 9.97313e-05 
355.111 515.23 249.415 26.4507 -1.18945 -3.72273 0.171593 0.00175005 
353.351 511.994 247.373 27.4387 -1.26738 -3.71306 0.183205 0.00294718 
351.468 508.772 245.211 28.506 -1.32836 -3.69529 0.194817 0.00375245 
349.45 505.578 242.954 29.6323 -1.37129 -3.67001 0.20643 0.00422437 
347.29 502.422 240.628 30.7962 -1.39533 -3.63782 0.218042 0.00441826 
344.982 499.315 238.264 31.9755 -1.4 -3.59936 0.229654 0.00432245 
342.525 496.266 235.89 33.1478 -1.3851 -3.55583 0.241266 0.0040095 
339.917 493.283 233.535 34.2906 -1.35076 -3.5084 0.252878 0.003553 
337.162 490.373 231.229 35.3817 -1.29746 -3.45814 0.26449 0.00301618 
334.266 487.538 229.002 36.3998 -1.22595 -3.40601 0.276103 0.00245165 
331.238 484.783 226.881 37.3246 -1.13733 -3.35284 0.287715 0.00190133 
328.088 482.109 224.891 38.1373 -1.03296 -3.29938 0.299327 0.00139671 
324.831 479.515 223.058 38.8209 -0.91448 -3.24626 0.31094 0.000959515 
321.481 477.002 221.403 39.3604 -0.78377 -3.19401 0.322552 0.000602554 
318.057 474.568 219.945 39.743 -0.642919 -3.14304 0.334165 0.000331008 
314.578 472.212 218.699 39.9587 -0.494199 -3.09366 0.345777 0.00014396 
311.064 469.931 217.678 40 -0.340019 -3.04603 0.3724 4.36588e-06 
307.538 467.721 216.89 39.9249 0.00738576 -3.04034 0.369 0 
307.538 467.721 216.89 39.9249 0.00738576 -3.04034 0.369 0 
286.946 451.794 218.037 36.6258 1.28096 -2.18478 -0.188388 0.851234 
268.762 444.379 231.912 24.1423 1.4 -0.516468 0.278138 0.850554 
260.799 453.561 247.17 11.3621 1.03415 1.16929 -0.16516 0.771314 
263.418 479.512 258.992 5 0.240938 2.77115 -0.0362483 0.638392 
271.518 521.4 263.02 5 0.240938 4.21445 -0.0362481 0.425113 
279.709 577.654 267.049 5 0.240939 5.36068 -0.0362481 0.159759 
287.989 645.314 271.077 5 0.240939 6.00816 -0.0362481 -0.0153152 
296.355 719.419 275.106 5 0.240939 6.10062 -0.0362479 -0.0402873 
304.802 794.444 279.134 5 0.240939 5.95923 -0.0362476 -0.0196768 
313.328 868.062 283.162 5 0.240939 5.86758 -0.0362473 -0.00729529 
321.934 940.768 287.191 5 0.240939 5.83235 -0.0362469 -0.000389867 
330.62 1013.12 291.219 5 0.240939 5.81417 -0.0362472 0.00383564 
339.386 1085.3 295.248 5 0.240938 5.78886 -0.0362288 0.00358754 
348.232 1157.22 299.276 5 0.240963 5.73282 -0.036669 -0.00359593 
357.158 1228.58 303.305 5 0.240333 5.61734 -0.0258088 -0.0122351 
366.163 1298.8 307.327 5 0.239659 5.44513 -0.0141958 -0.0339509 
375.248 1367.3 311.343 5 0.238985 5.15782 -0.0025822 -0.0596986 
384.41 1432.94 315.352 5 0.238311 4.74237 0.00903197 -0.0867778 
393.65 1494.45 319.355 5 0.237637 4.19523 0.0206471 -0.112012 
402.965 1550.51 323.35 5 0.236962 3.52344 0.0322642 -0.132582 
412.354 1599.89 327.339 5 0.236287 2.74297 0.0438861 -0.146468 
421.817 1641.5 331.321 5 0.235609 1.87615 0.0555272 -0.152599 
431.352 1674.48 335.297 5 0.00890069 0.949191 0.483986 -0.150824 
441.005 1698.23 337.016 5 -0.15293 -0.0096886 0.778595 -0.141779 
450.716 1712.45 337.113 5 -0.151988 -0.971518 0.762318 -0.126726 
460.422 1717.09 334.607 5 -0.151044 -1.90739 0.746022 -0.107374 
470.07 1712.41 332.11 5 -0.150099 -2.78917 0.72972 -0.0856901 
479.661 1698.96 329.622 5 -0.149154 -3.59048 0.713417 -0.0637019 
489.196 1677.54 327.144 5 -0.148208 -4.28815 0.697113 -0.0432772 
498.676 1649.17 324.675 5 -0.147263 -4.86437 0.680808 -0.0259095 
508.101 1615.07 322.216 5 -0.146317 -5.3092 0.664503 -0.0125343 
517.474 1576.54 319.766 5 -0.145371 -5.62289 0.648198 -0.00342701 
526.796 1534.88 317.325 5 -0.144425 -5.81705 0.631892 0.00177711 
536.067 1491.3 314.894 5 -0.143479 -5.91362 0.615587 0.00392511 
545.289 1446.75 312.472 5 -0.142533 -5.94122 0.599281 0.0040848 
554.462 1401.93 310.06 5 -0.141587 -5.92947 0.582975 0.00326204 
563.586 1357.23 307.657 5 -0.140641 -5.90316 0.566669 0.00219512 
572.663 1312.79 305.263 5 -0.139695 -5.87846 0.550363 0.0012872 
581.692 1268.59 302.879 5 -0.138749 -5.8624 0.534058 0.000666236 
590.674 1224.56 300.505 5 -0.137803 -5.8552 0.517752 0.000304433 
599.608 1180.59 298.139 5 -0.136857 -5.85344 0.501446 0.000123691 
608.495 1136.65 295.783 5 -0.135911 -5.85281 0.48514 5.03012e-05 
617.334 1092.71 293.437 5 -0.134965 -5.85044 0.468834 1.65139e-05 
626.127 1048.79 291.1 5 -0.134019 -5.84906 0.452528 -0.000109162 
634.873 1004.89 288.772 5 -0.133073 -5.87598 0.436222 -0.000388927 
643.572 960.716 286.454 5 -0.132127 -5.9548 0.419916 2.04368e-05 
652.224 915.761 284.145 5 -1.05727 -5.74534 0.40361 0.000855098 
661.016 872.89 272.629 12.0122 -1.4 -4.9712 0.387306 6.93989e-05 
664.06 837.728 257.59 22.4842 -0.0899996 -4.59537 0.369 0 
664.06 837.728 257.59 22.4842 -0.0899996 -4.59537 0.369 0 
660.873 832.807 258.549 22.488 -0.00630272 -2.29051 0.482653 -5.32265e-13 
657.687 827.886 259.475 22.491 -0.000441239 -1.06538 0.480306 -1.98683e-13 
654.501 822.966 260.37 22.4932 -3.08576e-05 -0.471271 0.477959 -7.22786e-14 
651.315 818.045 261.233 22.4949 -2.1255e-06 -0.191776 0.475612 -2.48888e-14 
648.129 813.125 262.063 22.4961 -1.13862e-07 -0.0613002 0.473265 -7.88269e-15 
644.944 808.204 262.861 22.4971 2.69794e-08 -0.000501753 0.470918 -1.98709e-15 
641.759 803.284 263.627 22.4978 3.68409e-08 0.0278173 0.468571 -3.13479e-16 
638.575 798.363 264.36 22.4983 3.75321e-08 0.0410075 0.466224 1.28001e-16 
635.39 793.442 265.061 22.4988 3.75813e-08 0.0471515 0.463878 1.68124e-16 
632.206 788.522 265.73 22.4991 3.75855e-08 0.0500137 0.461531 1.44226e-16 
629.023 783.601 266.365 22.4993 3.75865e-08 0.0513472 0.459184 9.8251e-17 
625.839 778.681 266.969 22.4995 3.75874e-08 0.0519686 0.456837 3.97851e-17 
622.656 773.76 267.539 22.4996 3.75882e-08 0.0522581 0.45449 -4.94653e-17 
619.473 768.84 268.077 22.4997 3.7589e-08 0.0523931 0.452143 -3.30076e-18 
616.29 763.919 268.582 22.4998 3.75898e-08 0.0524559 0.449796 -6.19737e-17 
613.108 758.999 269.054 22.4998 3.75906e-08 0.0524852 0.447449 -5.53482e-17 
609.926 754.078 269.493 22.4999 3.75914e-08 0.0524988 0.445102 -3.7623e-17 
606.744 749.157 269.899 22.4999 3.75922e-08 0.0525052 0.442755 2.72368e-17 
603.563 744.237 270.272 22.4999 3.7593e-08 0.0525081 0.440408 -8.42871e-17 
600.381 739.316 270.612 22.5 3.75938e-08 0.0525094 0.438061 -3.14964e-17 
597.2 734.396 270.919 22.5 3.75946e-08 0.05251 0.435714 5.82873e-17 
594.019 729.475 271.193 22.5 3.75954e-08 0.0525102 0.433367 3.65591e-18 
590.839 724.555 271.434 22.5 3.75962e-08 0.0525103 0.43102 -3.10227e-17 
587.658 719.634 271.641 22.5 3.7597e-08 0.0525103 0.428673 -4.69622e-17 
584.478 714.713 271.816 22.5 3.75977e-08 0.0525103 0.426327 -8.72714e-17 
581.298 709.793 271.957 22.5 3.75985e-08 0.0525103 0.42398 -9.53416e-21 
578.118 704.872 272.065 22.5 3.75993e-08 0.0525102 0.421633 -3.80163e-17 
574.938 699.952 272.14 22.5 3.76001e-08 0.0525102 0.419286 1.10319e-17 
571.759 695.031 272.182 22.5 3.76009e-08 0.0525101 0.416939 -3.2723e-17 
568.579 690.111 272.191 22.5 3.76017e-08 0.0525101 0.414592 1.68618e-17 
565.4 685.19 272.166 22.5 3.76025e-08 0.05251 0.412245 2.4512e-17 
562.221 680.27 272.108 22.5 3.76033e-08 0.0525098 0.409898 -1.92246e-17 
559.043 675.349 272.017 22.5 3.76041e-08 0.0525096 0.407551 6.0511e-18 
555.864 670.428 271.893 22.5 3.76049e-08 0.052509 0.405204 -4.51659e-18 
552.686 665.508 271.735 22.5 3.76056e-08 0.052508 0.402857 5.93813e-18 
549.507 660.587 271.544 22.5 3.76064e-08 0.052506 0.40051 -9.08149e-18 
546.329 655.667 271.321 22.5 3.76072e-08 0.052502 0.398163 -6.99525e-18 
543.151 650.746 271.064 22.5 3.7608e-08 0.0524939 0.395816 1.18277e-18 
539.973 645.826 270.774 22.5 3.76088e-08 0.0524775 0.393469 1.39084e-17 
536.795 640.905 270.45 22.5 3.76096e-08 0.0524446 0.391122 7.29345e-18 
533.618 635.984 270.094 22.5 3.76104e-08 0.0523788 0.388776 -2.17155e-17 
530.44 631.064 269.705 22.5 3.76112e-08 0.0522478 0.386429 -3.70879e-17 
527.263 626.143 269.283 22.5 3.7612e-08 0.0519888 0.384082 -3.37685e-17 
524.085 621.223 268.828 22.5 3.76127e-08 0.05148 0.381735 -6.46366e-17 
520.908 616.302 268.34 22.5 3.76122e-08 0.0504895 0.379388 -1.15325e-16 
517.731 611.382 267.819 22.5 3.75963e-08 0.0485792 0.377041 -1.67009e-16 
514.554 606.461 267.265 22.5 3.73827e-08 0.0449309 0.374694 -1.80347e-16 
511.377 601.541 266.679 22.5 3.46521e-08 0.0380069 0.372347 -1.08846e-16 
508.2 596.62 266.06 22.5 1.32626e-11 0.0247399 0.369 0 
508.2 596.62 266.06 22.5 1.32626e-11 0.0247399 0.369 0 
503.351 585.856 263.892 22.5001 1.38786e-07 0.145642 0.482653 -1.42711e-14 
498.503 575.091 261.579 22.5001 1.4106e-07 0.171194 0.480306 -2.95533e-15 
493.656 564.327 259.12 22.5001 1.411e-07 0.176592 0.477959 -5.35317e-16 
488.809 553.563 256.518 22.5001 1.41104e-07 0.177732 0.475612 -1.52667e-16 
483.963 542.799 253.772 22.5001 1.41107e-07 0.177973 0.473265 8.44741e-17 
479.116 532.034 250.884 22.5001 1.4111e-07 0.178024 0.470918 -5.26517e-17 
474.27 521.27 247.855 22.5001 1.41114e-07 0.178034 0.468571 1.82298e-17 
469.424 510.506 244.685 22.5001 1.41117e-07 0.178037 0.466224 2.71999e-17 
464.578 499.741 241.375 22.5001 1.41121e-07 0.178037 0.463878 -2.09843e-17 
459.732 488.977 237.926 22.5001 1.41124e-07 0.178037 0.461531 -3.09644e-17 
454.886 478.213 234.34 22.5001 1.41128e-07 0.178037 0.459184 1.21556e-17 
450.04 467.449 230.616 22.5001 1.41132e-07 0.178037 0.456837 2.31634e-17 
445.193 456.684 226.757 22.5001 1.41136e-07 0.178037 0.45449 3.26109e-17 
440.346 445.92 222.762 22.5001 1.4114e-07 0.178037 0.452143 1.38394e-17 
435.498 435.156 218.633 22.5001 1.41144e-07 0.178037 0.449796 -1.49556e-17 
430.649 424.391 214.371 22.5001 1.41148e-07 0.178037 0.447449 3.94895e-17 
425.8 413.627 209.976 22.5001 1.41152e-07 0.178037 0.445102 -4.92395e-17 
420.95 402.863 205.449 22.5001 1.41156e-07 0.178037 0.442755 -3.65455e-17 
416.1 392.099 200.792 22.5001 1.41161e-07 0.178037 0.440408 5.27981e-17 
411.248 381.334 196.004 22.5001 1.41165e-07 0.178037 0.438061 1.2295e-17 
406.395 370.57 191.087 22.5001 1.4117e-07 0.178037 0.435714 -3.91101e-17 
401.541 359.806 186.041 22.5001 1.41175e-07 0.178037 0.433367 4.78696e-17 
396.686 349.041 180.868 22.5001 1.4118e-07 0.178037 0.43102 1.6931e-17 
391.829 338.277 175.566 22.5001 1.41185e-07 0.178037 0.428673 -1.31302e-17 
386.971 327.513 170.138 22.5001 1.41191e-07 0.178037 0.426327 -1.06401e-17 
382.112 316.749 164.583 22.5001 1.41196e-07 0.178037 0.42398 -1.77976e-17 
377.251 305.984 158.903 22.5001 1.41202e-07 0.178037 0.421633 -7.18507e-19 
372.388 295.22 153.096 22.5001 1.41209e-07 0.178037 0.419286 -2.44629e-18 
367.524 284.456 147.164 22.5001 1.41215e-07 0.178037 0.416939 7.75793e-18 
362.657 273.691 141.107 22.5001 1.41222e-07 0.178037 0.414592 1.11164e-17 
357.789 262.927 134.924 22.5001 1.41229e-07 0.178037 0.412245 -8.64495e-18 
352.918 252.163 128.615 22.5001 1.41237e-07 0.178037 0.409898 8.86229e-18 
348.046 241.399 122.181 22.5001 1.41245e-07 0.178037 0.407551 -1.82501e-18 
343.171 230.634 115.62 22.5001 1.41253e-07 0.178037 0.405204 2.52653e-17 
338.294 219.87 108.932 22.5001 1.41262e-07 0.178037 0.402857 1.73446e-17 
333.414 209.106 102.116 22.5001 1.41272e-07 0.178037 0.40051 -1.53146e-17 
328.532 198.341 95.1705 22.5001 1.41283e-07 0.178037 0.398163 2.64457e-17 
323.648 187.577 88.0943 22.5001 1.41294e-07 0.178037 0.395816 5.61505e-18 
318.76 176.813 80.8851 22.5001 1.41307e-07 0.178037 0.393469 -1.88918e-18 
313.87 166.049 73.5403 22.5001 1.41321e-07 0.178037 0.391122 -1.1522e-17 
308.977 155.284 66.0565 22.5001 1.41336e-07 0.178037 0.388776 5.71738e-19 
304.081 144.52 58.4293 22.5001 1.41354e-07 0.178035 0.386429 5.0977e-18 
299.182 133.756 50.653 22.5001 1.41375e-07 0.178025 0.384082 -1.43279e-17 
294.28 122.991 42.7201 22.5001 1.41399e-07 0.177978 0.381735 -5.68454e-18 
289.375 112.227 34.62 22.5001 1.4143e-07 0.177758 0.379388 8.93511e-19 
284.466 101.463 26.3372 22.5001 1.4147e-07 0.176714 0.377041 1.17206e-17 
279.554 90.6986 17.8476 22.5001 1.41494e-07 0.171772 0.374694 2.40955e-17 
274.639 79.9343 9.10669 22.5001 1.39367e-07 0.148378 0.372347 2.80043e-17 
269.72 69.17 0.00251538 22.5 2.31649e-09 0.0376805 0.369 0 
