grtopM_61_2
50
2 2
8 8 
0 6 4 3 5 1 2 7 
0 6 4 3 5 1 2 7 
4.3023e-08 85.3407 132.771 594.62 136.175 18.9158 21.7408 
1419.55 0 173.38 62.9459 4.57651e-09 37.641 24.2641 
8.78021e-10 1.74165 2.70962 12.1351 2.77909 0.386036 0.443689 
28.9704 0 3.53837 1.28461 9.33981e-11 0.768184 0.495185 
656.03 1.3169 7.40334 1560.2 1.66187 0.398843 1.65331 
1.45302e-06 13.5231 3.60141 2.78277 13.8286 5.1519e-07 1.70042 
206.08 886.67 1967.82 40 1.27041 0 0.00737367 0 
1.04744e-08 230.64 1311.79 39.9882 1.38829 -6.26608 -0.183127 -1.75832e-10 
1.80643e-09 15.4508 655.759 5.01818 -1.23258e-07 -5.67362e-09 6.98695e-05 -1.39155e-11 
1.88977e-09 1.83437e-09 0.0192701 5.01837 -8.94737e-08 -5.52489e-09 7.14678e-05 -1.48963e-12 
1.89589e-09 1.227e-09 0.0191762 5.01836 -8.97189e-08 -5.53369e-09 7.31529e-05 -1.63267e-12 
1.89635e-09 1.2274e-09 0.0191747 5.01836 -8.97221e-08 -5.53401e-09 7.49189e-05 -1.60705e-12 
1.89638e-09 1.2274e-09 0.0191747 5.01836 -8.97192e-08 -5.53405e-09 7.6772e-05 -1.57283e-12 
1.89639e-09 1.2274e-09 0.0191747 5.01836 -8.97162e-08 -5.53408e-09 7.87188e-05 -1.53683e-12 
1.89639e-09 1.2274e-09 0.0191747 5.01836 -8.97133e-08 -5.53411e-09 8.07667e-05 -1.49908e-12 
1.89639e-09 1.2274e-09 0.0191747 5.01836 -8.97104e-08 -5.53414e-09 8.29237e-05 -1.45948e-12 
1.89639e-09 1.2274e-09 0.0191747 5.01836 -8.97075e-08 -5.53417e-09 8.5199e-05 -1.418e-12 
1.89639e-09 1.2274e-09 0.0191747 5.01836 -8.97046e-08 -5.5342e-09 8.76027e-05 -1.37459e-12 
1.89639e-09 1.2274e-09 0.0191747 5.01836 -8.97018e-08 -5.53423e-09 9.01461e-05 -1.32919e-12 
1.89639e-09 1.2274e-09 0.0191747 5.01836 -8.9699e-08 -5.53426e-09 9.28419e-05 -1.28177e-12 
1.89639e-09 1.2274e-09 0.0191747 5.01836 -8.96962e-08 -5.5343e-09 9.57044e-05 -1.23232e-12 
1.89639e-09 1.2274e-09 0.0191747 5.01836 -8.96935e-08 -5.53433e-09 9.87499e-05 -1.18082e-12 
1.89639e-09 1.2274e-09 0.0191747 5.01836 -8.96908e-08 -5.53436e-09 0.000101997 -1.12726e-12 
1.89639e-09 1.2274e-09 0.0191747 5.01836 -8.96881e-08 -5.53439e-09 0.000105466 -1.07165e-12 
1.89639e-09 1.2274e-09 0.0191747 5.01836 -8.96854e-08 -5.53442e-09 0.000109182 -1.014e-12 
1.89639e-09 1.2274e-09 0.0191747 5.01836 -8.96828e-08 -5.53446e-09 0.000113173 -9.54336e-13 
1.89639e-09 1.2274e-09 0.0191747 5.01836 -8.96802e-08 -5.53449e-09 0.00011747 -8.92664e-13 
1.89639e-09 1.2274e-09 0.0191747 5.01836 -8.96776e-08 -5.53452e-09 0.000122113 -8.29005e-13 
1.89639e-09 1.2274e-09 0.0191747 5.01836 -8.96751e-08 -5.53456e-09 0.000127144 -7.63367e-13 
1.89639e-09 1.2274e-09 0.0191747 5.01836 -8.96725e-08 -5.53459e-09 0.000132618 -6.95741e-13 
1.89639e-09 1.2274e-09 0.0191747 5.01836 -8.967e-08 -5.53462e-09 0.000138597 -6.26094e-13 
1.89639e-09 1.2274e-09 0.0191747 5.01836 -8.96675e-08 -5.53465e-09 0.000145156 -5.54364e-13 
1.89639e-09 1.2274e-09 0.0191747 5.01836 -8.9665e-08 -5.53468e-09 0.000152387 -4.80446e-13 
1.89639e-09 1.2274e-09 0.0191747 5.01836 -8.96625e-08 -5.53472e-09 0.000160404 -4.0419e-13 
1.89639e-09 1.2274e-09 0.0191747 5.01836 -8.966e-08 -5.53475e-09 0.000169346 -3.25395e-13 
1.89639e-09 1.2274e-09 0.0191747 5.01836 -8.96575e-08 -5.53478e-09 0.000179388 -2.43819e-13 
1.89639e-09 1.2274e-09 0.0191747 5.01836 -8.9655e-08 -5.53481e-09 0.000190756 -1.59192e-13 
1.89639e-09 1.2274e-09 0.0191747 5.01836 -8.96525e-08 -5.53484e-09 0.000203738 -7.12481e-14 
1.89639e-09 1.2274e-09 0.0191747 5.01836 -8.96499e-08 -5.53487e-09 0.000218718 2.02113e-14 
1.89639e-09 1.2274e-09 0.0191747 5.01836 -8.96474e-08 -5.5349e-09 0.000236217 1.15233e-13 
1.89639e-09 1.2274e-09 0.0191747 5.01836 -8.96448e-08 -5.53493e-09 0.00025696 2.13587e-13 
1.89639e-09 1.2274e-09 0.0191747 5.01836 -8.96422e-08 -5.53496e-09 0.00028199 3.14608e-13 
1.89639e-09 1.2274e-09 0.0191747 5.01836 -8.96395e-08 -5.53499e-09 0.000312864 4.17026e-13 
1.89639e-09 1.2274e-09 0.0191747 5.01836 -8.96369e-08 -5.53502e-09 0.000352003 5.18816e-13 
1.89639e-09 1.2274e-09 0.0191747 5.01836 -8.96342e-08 -5.53505e-09 0.000403342 6.17169e-13 
1.89639e-09 1.2274e-09 0.0191747 5.01836 -8.96316e-08 -5.53508e-09 0.0004736 7.08724e-13 
1.89639e-09 1.2274e-09 0.0191747 5.01836 -8.96289e-08 -5.53511e-09 0.000574852 7.90255e-13 
1.89639e-09 1.2274e-09 0.0191747 5.01836 -8.96263e-08 -5.53514e-09 0.000729726 8.60025e-13 
1.89639e-09 1.2274e-09 0.0191747 5.01836 -8.96238e-08 -5.53517e-09 0.000981434 9.1984e-13 
1.89639e-09 1.2274e-09 0.0191747 5.01836 -8.96214e-08 -5.53519e-09 0.0014107 9.8003e-13 
1.89639e-09 1.2275e-09 0.0191747 5.01836 -8.96255e-08 -5.53541e-09 0.0021567 1.14423e-12 
1.89651e-09 1.22923e-09 0.0191742 5.01836 -9.13004e-08 -5.53621e-09 0.00341941 1.73382e-12 
1.89807e-09 1.1662e-09 0.0191129 5.43319 -1.38778 -5.53196e-09 0.00535914 1.61239e-10 
2.51755e-09 6.70132e-09 0.0192414 5.01552 1.38713 -5.99528e-09 0.00777251 -6.19242e-10 
13.6926 394.969 0.012794 6.38644 1.36852 -6.26823 0.0134624 1.37688e-09 
538.01 1051 298.34 5.01824 -1.31369e-09 -4.00849e-10 0.00637367 0 
538.01 1051 298.34 5.01824 -1.31369e-09 -4.00849e-10 0.00637367 0 
552.339 1083.79 300.351 5 -1.4 -1.31553 1.15369 -1.02858 
567.372 1087.99 271.94 26.8067 0.690067 -3.86745 -0.176776 -0.958533 
542.244 1036.77 288.188 12.2456 0.52965 -6.27914 -0.142831 0.00205393 
543.207 933.116 301.458 5 0.119668 -6.27998 0.439804 0.00282963 
557.542 829.435 306.071 5 0.119668 -6.27975 0.439804 0.000896796 
572.078 725.758 310.683 5 0.119668 -6.27974 0.439804 0.216434 
586.815 622.081 315.296 5 0.119668 -6.27971 0.439794 0.335909 
601.753 518.406 319.908 5 0.119636 -6.27968 0.440345 0.555929 
616.892 414.73 324.52 5 0.121394 -6.27963 0.410039 0.591644 
632.231 311.056 329.17 5 0.0247393 -6.27953 0.929118 0.471134 
647.814 207.384 331.72 5 -0.0715925 -6.27934 0.990633 0.702737 
663.55 103.717 329.543 5 -0.070646 -5.42516 0.974327 0.791996 
679.206 18.6113 327.386 5 -0.0696988 -3.16161 0.95802 0.770338 
694.807 -17.3038 325.249 5 -0.0687516 -0.922402 0.941714 -0.00173537 
710.352 -4.55789 323.133 5 -0.0678058 -1.32602 0.925408 -0.000320178 
725.799 -0.58322 321.038 5 -0.0668599 -1.50917 0.909102 -1.39819e-05 
741.15 -0.588645 318.963 5 -0.0659138 -1.50955 0.892796 -9.1655e-07 
756.411 -0.602298 316.909 5 -0.0649678 -1.50947 0.87649 6.58866e-06 
771.582 -0.614277 314.876 5 -0.0640218 -1.50936 0.860184 -1.28649e-05 
786.664 -0.623761 312.863 5 -0.0630757 -1.5096 0.843878 -4.84689e-06 
801.658 -0.638542 310.87 5 -0.0621297 -1.50932 0.827571 2.71408e-08 
816.565 -0.647089 308.898 5 -0.0611837 -1.50963 0.811265 1.94406e-05 
831.385 -0.662359 306.947 5 -0.0602376 -1.50938 0.794959 -3.01776e-06 
846.12 -0.672389 305.016 5 -0.0592916 -1.50935 0.778653 -1.24057e-05 
860.771 -0.681635 303.106 5 -0.0583456 -1.50944 0.762347 -3.19955e-06 
875.338 -0.69295 301.216 5 -0.0573995 -1.50943 0.746041 -6.20903e-06 
889.822 -0.703934 299.347 5 -0.0564535 -1.50981 0.729735 7.98791e-06 
904.225 -0.723296 297.499 5 -0.0555074 -1.50938 0.713429 -5.54079e-06 
918.547 -0.733263 295.671 5 -0.0545614 -1.50913 0.697122 -8.16271e-06 
932.788 -0.737775 293.863 5 -0.0536154 -1.50953 0.680816 -1.04452e-06 
946.951 -0.750863 292.076 5 -0.0526693 -1.50937 0.66451 -1.62542e-05 
961.035 -0.760586 290.31 5 -0.0517233 -1.51041 0.648204 2.10352e-05 
975.042 -0.792978 288.564 5 -0.0507773 -1.50856 0.631898 -1.34381e-05 
988.973 -0.785185 286.839 5 -0.0498312 -1.50941 0.615592 -7.66431e-06 
1002.83 -0.795679 285.134 5 -0.0488852 -1.50976 0.599286 5.73187e-06 
1016.61 -0.813872 283.45 5 -0.0479392 -1.50915 0.58298 -5.58546e-06 
1030.31 -0.818727 281.787 5 -0.0469931 -1.50942 0.566673 -2.65966e-06 
1043.95 -0.829433 280.144 5 -0.0460471 -1.50948 0.550367 1.04147e-06 
1057.51 -0.841596 278.521 5 -0.0451011 -1.50924 0.534061 2.22742e-05 
1071 -0.848493 276.92 5 -0.044155 -1.4993 0.517755 -0.00307162 
1084.42 -0.639386 275.338 5 -0.0432095 -2.47142 0.501449 -0.0870717 
1097.76 -21.5558 273.777 5 -0.0422636 -2.69162 0.485143 0.150857 
1111.02 -47.2576 272.237 5 -0.0413168 -1.19449 0.468837 0.129449 
1124.24 -40.4245 270.718 5 -0.0423718 0.278232 0.452531 0.108041 
1137.42 -1.58711 269.175 5.0331 -0.0377049 1.72652 0.436224 0.0866326 
1150.5 68.7237 267.733 5 -0.0384764 3.15036 0.419918 0.0652244 
1163.6 169.976 266.275 5 -0.915358 4.54972 0.403612 0.0438163 
1177.04 301.639 245.761 19.5134 -1.4 5.92461 0.387306 -0.0198178 
1164.55 463.2 214.21 40 -0.00525999 4.6277 0.369 0 
1164.55 463.2 214.21 40 -0.00525999 4.6277 0.369 0 
1097.56 665.396 220.62 39.169 1.4 -2.76238 -0.188388 -0.0051691 
1032.1 617.737 274.587 5 0.363607 -6.27774 -0.176776 0.00175618 
1063.47 451.153 295.365 5 0.362934 -6.27631 -0.165163 0.00795237 
1096.25 284.617 316.12 5 0.36226 -6.27373 -0.153551 0.00466388 
1130.43 118.168 336.853 5 0.361587 -4.86966 -0.141939 0.00468114 
1166.06 -0.810299 357.563 5 0.360915 -1.35433 -0.130327 0.000105292 
1203.19 -0.938012 378.25 5 0.360241 -1.35137 -0.118714 0.00029457 
1241.72 -0.965493 398.914 5 0.359568 -1.35165 -0.107102 5.9535e-05 
1281.65 -1.00239 419.556 5 0.358894 -1.3515 -0.0954898 -0.000179811 
1322.97 -1.03437 440.174 5 0.35822 -1.35141 -0.0838776 0.000377726 
1365.7 -1.06344 460.77 5 0.357546 -1.35199 -0.0722653 0.000119288 
1409.82 -1.11198 481.344 5 0.356873 -1.35138 -0.0606531 5.31972e-05 
1455.33 -1.13991 501.894 5 0.356199 -1.35164 -0.0490408 3.60993e-05 
1502.24 -1.17664 522.422 5 0.355525 -1.3517 -0.0374286 0.000211297 
1550.53 -1.21532 542.927 5 0.354852 -1.3517 -0.0258163 8.2042e-05 
1600.22 -1.25402 563.409 5 0.354178 -1.35168 -0.0142041 4.53423e-05 
1651.3 -1.29209 583.868 5 0.353504 -1.35182 -0.00259184 -1.00094e-05 
1703.76 -1.33476 604.305 5 0.35283 -1.35181 0.00902041 -4.73695e-05 
1757.6 -1.37725 624.718 5 0.352157 -1.35195 0.0206327 -4.71446e-06 
1812.83 -1.42456 645.109 5 0.351483 -1.35178 0.0322449 5.03841e-05 
1869.44 -1.46613 665.478 5 0.350809 -1.35206 0.0438571 -9.9754e-06 
1927.44 -1.51688 685.823 5 0.154409 -1.35182 0.443088 -1.86937e-05 
1986.94 -1.55986 699.528 5 -0.268405 -1.35195 0.794959 7.33411e-08 
2047.66 -1.60734 684.132 5 -0.267459 -1.35202 0.778653 5.28907e-06 
2107.33 -1.65738 668.768 5 -0.266513 -1.35189 0.762347 2.75216e-06 
2165.96 -1.70281 653.435 5 -0.265567 -1.35181 0.746041 2.5e-05 
2223.55 -1.74566 638.135 5 -0.264621 -1.35192 0.729735 2.16375e-05 
2280.11 -1.79199 622.866 5 -0.263675 -1.35182 0.713429 -3.44092e-06 
2335.63 -1.83514 607.63 5 -0.262729 -1.35185 0.697122 -2.69829e-06 
2390.12 -1.87938 592.425 5 -0.261783 -1.35177 0.680816 -1.09814e-05 
2443.57 -1.92092 577.253 5 -0.260837 -1.35266 0.66451 3.87181e-06 
2496 -1.99253 562.112 5 -0.259891 -1.35095 0.648204 -1.79257e-06 
2547.4 -2.0062 547.004 5 -0.258945 -1.35169 0.631898 2.74071e-06 
2597.78 -2.04478 531.927 5 -0.257999 -1.35168 0.615592 -1.23701e-06 
2647.14 -2.08324 516.883 5 -0.257053 -1.35176 0.599286 -5.12237e-07 
2695.48 -2.12445 501.87 5 -0.256107 -1.35168 0.58298 -6.07875e-07 
2742.79 -2.16273 486.89 5 -0.255161 -1.3516 0.566673 -5.65388e-07 
2789.1 -2.19836 471.941 5 -0.254215 -1.35155 0.550367 -7.35022e-07 
2834.39 -2.23224 457.024 5 -0.253269 -1.35166 0.534061 -3.73373e-07 
2878.67 -2.26999 442.14 5 -0.252322 -1.3516 0.517755 3.90624e-06 
2921.94 -2.30558 427.287 5 -0.251376 -1.34677 0.501449 0.00807178 
2964.2 -2.1779 412.466 5 -0.250428 4.13183 0.485143 0.0012156 
3005.61 183.177 397.678 5 -0.24948 6.28 0.468837 -0.000238903 
3046.07 441.16 382.921 5 -0.248534 6.28 0.452531 -5.44781e-05 
3085.53 699.143 368.197 5 -0.247588 6.27999 0.436224 -2.97148e-06 
3123.99 957.125 353.504 5 -0.246642 6.27996 0.419918 -1.66779e-06 
3161.46 1215.11 338.843 5 -0.245696 6.27992 0.403612 -6.83062e-07 
3197.94 1473.09 324.215 5 -1.4 6.27995 0.358337 0.000407214 
3234.2 1731.07 270.56 39.5969 -0.00108693 0.0202755 0.369 0 
3234.2 1731.07 270.56 39.5969 -0.00108693 0.0202755 0.369 0 
1345.14 411.927 0.00243034 9.31201 1.07642 -6.27778 7.05448e-07 5.22332e-11 
90.6283 51.2193 0.00269977 5.35445 0.087206 -0.166746 7.58951e-07 1.40495e-12 
13.3184 0.498769 0.00632624 5.00533 6.39194e-11 -4.65328e-09 8.2009e-07 -1.83395e-14 
9.22563e-11 1.43923e-11 0.00632624 5.00533 2.19778e-11 -4.60489e-09 8.90714e-07 -1.83395e-14 
1.91496e-11 1.23942e-11 0.00632624 5.00533 2.19777e-11 -4.60489e-09 9.73172e-07 -1.83395e-14 
1.91496e-11 1.23942e-11 0.00632624 5.00533 2.19776e-11 -4.60489e-09 1.07064e-06 -1.83395e-14 
1.91496e-11 1.23942e-11 0.00632624 5.00533 2.19775e-11 -4.60489e-09 1.18754e-06 -1.83395e-14 
1.91496e-11 1.23942e-11 0.00632624 5.00533 2.19774e-11 -4.60489e-09 1.33021e-06 -1.83395e-14 
1.91496e-11 1.23942e-11 0.00632624 5.00533 2.19773e-11 -4.60489e-09 1.5081e-06 -1.83395e-14 
1.91496e-11 1.23942e-11 0.00632624 5.00533 2.19772e-11 -4.60489e-09 1.73591e-06 -1.83395e-14 
1.91496e-11 1.23942e-11 0.00632624 5.00533 2.19771e-11 -4.60489e-09 2.03815e-06 -1.83395e-14 
1.91496e-11 1.23942e-11 0.00632624 5.00533 2.19771e-11 -4.60489e-09 2.46185e-06 -1.83395e-14 
1.91496e-11 1.23942e-11 0.00632624 5.00533 2.19775e-11 -4.60489e-09 3.15356e-06 -1.83395e-14 
1.91496e-11 1.23942e-11 0.00632624 5.00533 2.19797e-11 -4.60489e-09 5.39743e-06 -1.83395e-14 
1.91496e-11 1.23942e-11 0.00632624 5.00533 2.19891e-11 -4.60489e-09 2.89035e-05 -1.83395e-14 
1.91496e-11 1.23942e-11 0.00632624 5.00533 2.20238e-11 -4.60489e-09 0.000335105 -1.83395e-14 
1.91496e-11 1.23942e-11 0.00632624 5.00533 2.22748e-11 -4.60489e-09 0.00283538 -1.83395e-14 
1.91496e-11 1.23942e-11 0.00632624 5.00533 2.1223e-11 -4.60489e-09 0.0131905 -1.83395e-14 
1.91496e-11 1.23942e-11 0.00632624 5.00533 2.00787e-11 -4.60489e-09 0.0247765 -1.83395e-14 
1.91496e-11 1.23942e-11 0.00632624 5.00533 1.90025e-11 -4.60489e-09 0.036362 -1.83395e-14 
1.91496e-11 1.23942e-11 0.00632624 5.00533 1.79267e-11 -4.60489e-09 0.0479468 -1.83394e-14 
1.91496e-11 1.23942e-11 0.00632624 5.00533 1.68513e-11 -4.60489e-09 0.0595312 -1.83394e-14 
1.91496e-11 1.23942e-11 0.00632624 5.00533 1.57761e-11 -4.60489e-09 0.0711151 -1.83394e-14 
1.91496e-11 1.23942e-11 0.00632624 5.00533 1.47012e-11 -4.60489e-09 0.0826988 -1.83394e-14 
1.91496e-11 1.23942e-11 0.00632624 5.00533 1.36266e-11 -4.60489e-09 0.0942824 -1.83394e-14 
1.91496e-11 1.23942e-11 0.00632624 5.00533 1.25521e-11 -4.60489e-09 0.105866 -1.83394e-14 
1.91496e-11 1.23942e-11 0.00632624 5.00533 1.14778e-11 -4.60489e-09 0.117449 -1.83394e-14 
1.91496e-11 1.23942e-11 0.00632624 5.00533 1.04036e-11 -4.60489e-09 0.129033 -1.83393e-14 
1.91496e-11 1.23942e-11 0.00632624 5.00533 9.32944e-12 -4.60489e-09 0.140616 -1.83393e-14 
1.91496e-11 1.23942e-11 0.00632624 5.00533 8.25545e-12 -4.60489e-09 0.152199 -1.83393e-14 
1.91496e-11 1.23942e-11 0.00632624 5.00533 7.18167e-12 -4.60489e-09 0.163782 -1.83393e-14 
1.91496e-11 1.23942e-11 0.00632624 5.00533 6.10822e-12 -4.60489e-09 0.175363 -1.83392e-14 
1.91496e-11 1.23942e-11 0.00632624 5.00533 5.03531e-12 -4.60489e-09 0.186943 -1.83392e-14 
1.91496e-11 1.23942e-11 0.00632624 5.00533 3.96321e-12 -4.60489e-09 0.198521 -1.83391e-14 
1.91496e-11 1.23942e-11 0.00632624 5.00533 2.89225e-12 -4.60489e-09 0.210095 -1.83391e-14 
1.91496e-11 1.23942e-11 0.00632624 5.00533 1.82283e-12 -4.60489e-09 0.221665 -1.8339e-14 
1.91496e-11 1.23942e-11 0.00632624 5.00533 7.55318e-13 -4.60489e-09 0.233231 -1.83389e-14 
1.91496e-11 1.23942e-11 0.00632624 5.00533 -3.09919e-13 -4.60489e-09 0.244791 -1.83388e-14 
1.91496e-11 1.23942e-11 0.00632624 5.00533 -1.37261e-12 -4.60489e-09 0.256347 -1.83387e-14 
1.91496e-11 1.23942e-11 0.00632624 5.00533 -2.43258e-12 -4.60489e-09 0.267898 -1.83386e-14 
1.91496e-11 1.23942e-11 0.00632624 5.00533 -3.48962e-12 -4.60489e-09 0.279448 -1.83384e-14 
1.91496e-11 1.23942e-11 0.00632624 5.00533 -4.54316e-12 -4.60489e-09 0.290999 -1.83383e-14 
1.91496e-11 1.23942e-11 0.00632624 5.00533 -5.59182e-12 -4.60489e-09 0.302555 -1.83382e-14 
1.91496e-11 1.23942e-11 0.00632624 5.00533 -6.63316e-12 -4.60489e-09 0.314114 -1.83384e-14 
1.91496e-11 1.23942e-11 0.00632624 5.00533 -7.66463e-12 -4.60489e-09 0.325665 -1.83394e-14 
1.91496e-11 1.23942e-11 0.00632624 5.00533 -1.0171e-11 -4.60489e-09 0.337191 -2.05037e-14 
1.94666e-11 1.24173e-11 0.00604863 5.02558 0.00634467 -0.000252593 0.348727 5.38729e-11 
9.49906e-10 -5.35212e-10 0.342458 5.00215 1.39785 6.27783 0.360315 -5.73549e-11 
1073.15 738.109 275.03 5.00533 -5.30875e-12 3.42724e-11 0.369 0 
1073.15 738.109 275.03 5.00533 -5.30875e-12 3.42724e-11 0.369 0 
1095.61 790.872 277.801 5 -0.799531 -1.65963 1.15369 -1.02844 
1118.79 786.085 252.847 24.3942 0.707803 -5.29248 -0.176776 -0.00999194 
1085.2 655.369 279.084 5 0.0980964 -6.27963 0.524486 0.114153 
1107.71 490.38 285.257 5 0.0980964 -6.27965 0.524486 0.452072 
1130.65 325.389 291.43 5 0.0980964 -6.27947 0.524487 0.723006 
1154.03 160.405 297.603 5 0.0980967 -5.7121 0.524487 0.920737 
1177.84 15.0946 303.775 5 0.0980985 -2.29279 0.524487 0.00208882 
1202.18 -11.6474 309.948 5 0.0980991 -1.21394 0.524486 0.00140583 
1226.98 -0.978931 316.121 5 0.0980989 -1.52197 0.524486 -0.000296357 
1252.2 -0.991633 322.294 5 0.0980989 -1.52206 0.524486 0.000271527 
1277.85 -1.00761 328.466 5 0.0980989 -1.52211 0.524486 0.000933843 
1303.93 -1.02532 334.639 5 0.0980989 -1.52213 0.524486 0.000369336 
1330.44 -1.04372 340.812 5 0.0980989 -1.52227 0.524486 0.000190303 
1357.37 -1.0671 346.985 5 0.0980989 -1.52233 0.524486 1.47699e-05 
1384.73 -1.09253 353.158 5 0.0980983 -1.52241 0.524498 3.98997e-05 
1412.53 -1.12058 359.33 5 0.0981556 -1.52203 0.52351 2.05747e-05 
1440.75 -1.13543 365.505 5 0.0930957 -1.52252 0.533616 8.79449e-06 
1469.4 -1.16721 371.504 5 -0.0483097 -1.52204 0.87649 -1.76793e-05 
1498.57 -1.18273 369.277 5 -0.0473637 -1.52244 0.860184 5.30631e-05 
1527.59 -1.2119 367.082 5 -0.0464176 -1.52218 0.843878 7.39428e-06 
1556.45 -1.23226 364.919 5 -0.0454716 -1.5222 0.827571 2.85888e-05 
1585.16 -1.25312 362.79 5 -0.0445256 -1.52228 0.811265 -4.24606e-06 
1613.72 -1.27674 360.693 5 -0.0435795 -1.52222 0.794959 -1.33968e-06 
1642.13 -1.29834 358.63 5 -0.0426335 -1.52231 0.778653 -2.80619e-06 
1670.4 -1.32303 356.599 5 -0.0416875 -1.52222 0.762347 5.912e-07 
1698.53 -1.34448 354.6 5 -0.0407414 -1.5222 0.746041 3.17973e-05 
1726.52 -1.36553 352.635 5 -0.0397954 -1.52222 0.729735 -8.37537e-06 
1754.37 -1.38696 350.703 5 -0.0388494 -1.52242 0.713429 -3.54452e-06 
1782.09 -1.41539 348.803 5 -0.0379033 -1.5221 0.697122 -4.58943e-06 
1809.67 -1.43277 346.936 5 -0.0369573 -1.5223 0.680816 1.24296e-05 
1837.13 -1.45727 345.102 5 -0.0360113 -1.52219 0.66451 -2.8294e-06 
1864.45 -1.47794 343.3 5 -0.0350652 -1.5222 0.648204 -1.75534e-06 
1891.65 -1.49877 341.532 5 -0.0341192 -1.52224 0.631898 2.56258e-06 
1918.73 -1.52119 339.796 5 -0.0331732 -1.52223 0.615592 5.27315e-06 
1945.69 -1.54319 338.093 5 -0.0322271 -1.52219 0.599286 -4.6063e-06 
1972.52 -1.56367 336.423 5 -0.0312811 -1.5222 0.58298 1.29129e-06 
1999.24 -1.58452 334.786 5 -0.0303351 -1.52212 0.566673 -1.87999e-06 
2025.85 -1.60268 333.181 5 -0.029389 -1.52221 0.550367 -8.47391e-06 
2052.34 -1.62402 331.609 5 -0.0316941 -1.52254 0.534061 8.40613e-06 
2078.73 -1.6567 329.958 5.08577 -0.0378688 -1.52198 0.517755 -3.72784e-06 
2104.76 -1.66976 328.087 5.34001 -0.0389967 -1.52209 0.501449 -9.3951e-06 
2129.96 -1.68601 326.163 5.59152 -0.0410121 -1.52368 0.485143 -0.149035 
2154.34 -1.75708 324.156 5.86432 -0.0447782 -3.41707 0.468837 0.0815363 
2177.76 -67.4826 322.002 6.19977 -0.0432281 -1.62314 0.452531 0.108038 
2200.15 -71.001 319.884 6.44351 -0.016001 0.245727 0.436224 0.0866316 
2221.75 -9.71398 318.696 5.93885 0.00572681 2.07616 0.419918 0.0652239 
2244.7 115.044 318.29 5 -0.223664 3.86811 0.403612 0.0438161 
2270.44 301.938 309.982 10.35 -1.18963 5.62153 0.387306 -0.0138495 
2281.46 549.646 267.88 40 -0.09 3.96675 0.369 0 
2281.46 549.646 267.88 40 -0.09 3.96675 0.369 0 
2271.27 575.925 267.729 38.9941 0.76659 3.56898 -0.188388 -1.02859 
2261.37 600.287 271.712 34.9992 1.17141 2.89726 -0.176776 -1.00718 
2253.02 621.413 277.676 29.6437 1.4 2.23112 -0.153027 -0.985775 
2246.77 639.329 284.782 23.6135 1.4 1.57054 0.229441 -0.964367 
2242.91 654.061 291.935 17.6914 1.4 0.91554 0.567462 -0.942959 
2241.4 665.636 299.133 11.8832 1.37295 0.26611 -0.130326 -0.921551 
2242.2 674.081 306.246 6.50485 0.579013 -0.377746 -0.118709 -0.900143 
2245.22 679.423 309.576 5 0.157505 -1.01602 0.290657 -0.878735 
2248.9 681.691 310.888 5 0.156896 -1.64871 0.301105 -0.857326 
2252.58 680.91 312.197 5 0.163753 -2.27583 0.182737 -0.835918 
2256.27 677.11 313.538 5 0.0851319 -2.89737 0.0346717 -0.81451 
2259.99 670.315 314.501 5 -0.0998025 -3.51333 0.974063 -0.793102 
2263.72 660.553 314.573 5 -0.0988722 -4.1237 0.957909 -0.771694 
2267.46 647.851 313.853 5 -0.0979312 -4.72849 0.941647 -0.750285 
2271.18 632.236 313.136 5 -0.0969877 -5.3277 0.925362 -0.728877 
2274.9 613.735 312.424 5 -0.0960432 -5.92133 0.909067 0.153214 
2278.6 592.375 311.717 5 -0.0950982 -6.28 0.892768 0.483279 
2282.3 569.287 311.014 5 -0.0941527 -6.28 0.876467 0.463482 
2285.99 546.199 310.316 5 -0.0932071 -6.28 0.860165 0.444401 
2289.68 523.111 309.622 5 -0.0922614 -6.28 0.843861 0.426061 
2293.35 500.022 308.933 5 -0.0913156 -6.28 0.827557 0.408012 
2297.02 476.934 308.249 5 -0.0903697 -6.28 0.811253 0.39313 
2300.69 453.846 307.568 5 -0.0894239 -6.27986 0.794948 0.557611 
2304.35 430.759 306.893 5 -0.0884777 -5.73347 0.778643 0.536204 
2308 410.303 306.222 5 -0.0875315 -5.19267 0.762338 0.514796 
2311.65 392.452 305.556 5 -0.0865853 -4.65746 0.746033 0.493387 
2315.29 377.18 304.894 5 -0.085639 -4.12786 0.729727 0.471979 
2318.93 364.458 304.237 5 -0.0846928 -3.60384 0.713422 0.450571 
2322.57 354.26 303.584 5 -0.0837465 -3.08543 0.697116 0.429163 
2326.2 346.56 302.936 5 -0.0828003 -2.57262 0.680811 0.407755 
2329.82 341.329 302.292 5 -0.081854 -2.06541 0.664505 0.386347 
2333.45 338.542 301.653 5 -0.0809078 -1.5638 0.648199 0.364939 
2337.06 338.17 301.019 5 -0.0799615 -1.06779 0.631893 0.34353 
2340.68 340.188 300.389 5 -0.0790153 -0.577387 0.615587 0.322122 
2344.29 344.568 299.763 5 -0.078069 -0.0925894 0.599282 0.300714 
2347.89 351.284 299.143 5 -0.0771227 0.386603 0.582976 0.279306 
2351.49 360.763 298.526 5 -0.0761765 0.860187 0.56667 0.257898 
2355.09 372.866 297.915 5 -0.0752302 1.32816 0.550364 0.23649 
2358.68 387.222 297.308 5 -0.074284 1.79053 0.534058 0.215081 
2362.27 403.805 296.705 5 -0.0733377 2.24729 0.517752 0.193673 
2365.85 422.589 296.107 5 -0.0723915 2.69843 0.501446 0.172265 
2369.43 443.545 295.514 5 -0.0714452 3.14396 0.48514 0.150857 
2373.01 466.648 294.925 5 -0.070499 3.58388 0.468834 0.129449 
2376.58 491.87 294.34 5 -0.0695527 4.01819 0.452528 0.108041 
2380.15 519.183 293.76 5 -0.0686065 4.44687 0.436222 0.0866323 
2383.71 548.562 293.185 5 -0.433254 4.86994 0.419916 0.065224 
2387.3 579.978 290.854 6.33976 -0.42588 5.2874 0.403612 0.0438153 
2390.36 613.405 288.547 7.61392 -0.280732 5.69923 0.387306 0.000814357 
2392.89 648.817 286.93 9.11659 -0.0899999 5.87994 0.369 0 
2392.89 648.817 286.93 9.11659 -0.0899999 5.87994 0.369 0 
2396.08 688.406 284.919 7.87972 0.265113 4.22837 1.15369 -1.02821 
2399.74 718.852 284.885 5 -0.392983 2.26183 1.13739 -1.00678 
2404.75 738.41 281.233 5.00001 -0.392038 0.301417 1.12108 -0.985284 
2409.71 747.114 277.587 5.00001 -0.391093 -1.65282 1.10478 -0.963678 
2414.61 745 273.945 5.00001 -0.390148 -3.60082 1.08847 -0.941642 
2419.47 732.101 270.309 5.00001 -0.389203 -5.54232 1.07216 -0.0830663 
2424.28 708.454 266.678 5.00001 -0.388257 -6.27962 1.05586 -0.000263945 
2429.05 680.725 263.053 5.00001 -0.387311 -6.27964 1.03955 -0.000276526 
2433.78 652.996 259.432 5.00001 -0.386365 -6.27966 1.02324 -0.000261877 
2438.46 625.266 255.817 5.00001 -0.385419 -6.27967 1.00694 -0.000227747 
2443.11 597.537 252.207 5.00001 -0.384473 -6.27968 0.990633 -0.000193895 
2447.72 569.808 248.602 5.00001 -0.383527 -6.27968 0.974327 -0.000151615 
2452.28 542.079 245.003 5.00001 -0.382581 -6.27968 0.95802 -0.000125121 
2456.81 514.349 241.409 5.00001 -0.381635 -6.27968 0.941714 -0.000105249 
2461.29 486.62 237.82 5.00001 -0.380689 -6.27967 0.925408 -6.96923e-05 
2465.74 458.891 234.236 5.00001 -0.379743 -6.27967 0.909102 -3.71024e-05 
2470.15 431.162 230.657 5.00002 -0.378798 -6.27965 0.892796 -1.37199e-05 
2474.51 403.432 227.084 5.00002 -0.711012 -6.27964 0.87649 2.07836e-05 
2478.87 375.703 221.672 6.40327 -1.39999 -6.27962 0.860184 5.35025e-05 
2482.63 347.975 212.432 10.6618 -1.4 -6.27959 0.843878 5.24013e-05 
2484.4 320.248 203.155 14.7707 -1.4 -6.27955 0.827571 7.36146e-05 
2484.24 292.523 193.842 18.7354 -1.4 -6.27949 0.811265 8.57735e-05 
2482.22 264.799 184.493 22.561 -1.4 -6.27941 0.794959 0.060766 
2478.39 237.078 175.111 26.2526 -1.4 -5.27331 0.778653 0.533646 
2472.83 214.927 165.695 29.8149 -1.4 -3.45828 0.762347 0.513278 
2465.6 202.826 156.248 33.2528 -1.39999 -1.64878 0.746041 0.492131 
2456.74 200.744 146.771 36.5706 -1.13589 0.154735 0.729735 0.470741 
2446.28 208.647 138.726 38.6603 -0.754713 1.95211 0.713429 0.449124 
2434.77 226.502 132.773 39.0732 -0.746211 3.74319 0.697122 0.426833 
2423.02 254.273 126.863 39.4393 -0.7296 5.5276 0.680816 0.103177 
2411.05 291.922 121.042 39.7262 -0.70738 6.27955 0.66451 -0.000352113 
2398.89 333.735 115.342 39.9132 -0.683741 6.27965 0.648204 2.34714e-05 
2386.58 375.548 109.771 39.9978 -0.663932 6.27971 0.631898 -4.49918e-06 
2374.17 417.361 104.308 40 -0.653296 6.27975 0.615592 -2.35044e-05 
2361.69 459.175 98.9047 39.9613 -0.656099 6.27977 0.599286 -3.04626e-05 
2349.17 500.989 93.486 39.9397 -0.674396 6.27979 0.58298 -3.10655e-05 
2336.61 542.803 87.9662 40 -0.659657 6.2798 0.566673 -2.95915e-05 
2323.95 584.617 82.5275 40 -0.658709 6.27982 0.550367 -3.02548e-05 
2311.23 626.431 77.094 40 -0.657763 6.27982 0.534061 -2.62147e-05 
2298.46 668.245 71.6658 40 -0.656817 6.27983 0.517755 -2.21694e-05 
2285.62 710.059 66.2428 40 -0.655871 6.27983 0.501449 -1.71443e-05 
2272.72 751.873 60.825 40 -0.654925 6.27984 0.485143 -1.15513e-05 
2259.76 793.687 55.4125 40 -0.653979 6.27984 0.468837 -6.17659e-06 
2246.75 835.501 50.0052 40 -0.653033 6.27984 0.452531 -2.10027e-06 
2233.67 877.315 44.6032 40 -0.652087 6.27984 0.436224 -8.30188e-07 
2220.53 919.13 39.2064 40 -0.651141 6.27984 0.419918 -2.59776e-06 
2207.33 960.944 33.8148 40 -0.650195 6.27984 0.403612 5.31573e-06 
2194.07 1002.76 28.4285 40 -0.64925 6.27984 0.387306 -8.04994e-05 
2180.76 1044.57 23.0474 40 0.361643 5.33806 0.369 0 
206.08 886.67 1967.82 40 1.27041 0 0.00737367 0 
206.08 886.67 1967.82 40 1.27041 3.15386e-08 0.00762083 -0.0848659 
206.08 886.67 1967.82 39.9992 1.31318 -0.365978 0.00712167 0.154982 
80.5948 839.319 1982.46 39.4062 1.31782 -0.0514591 0.00597662 0.102016 
73.5556 781.747 1982.29 39.4021 1.3136 -0.00375943 0.00597127 0.0915836 
82.7444 728.816 1980.55 39.3871 1.31096 0.033901 0.00593835 0.08593 
103.588 678.671 1977.49 39.3754 1.30838 0.0689686 0.00591186 0.0807817 
134.242 631.284 1973.23 39.3637 1.30588 0.1032 0.0058851 0.0758696 
173.543 586.565 1967.78 39.3521 1.30342 0.136929 0.00585858 0.0710796 
220.464 544.47 1961.17 39.3406 1.30099 0.170362 0.005832 0.0663885 
274.061 504.97 1953.4 39.329 1.29857 0.203694 0.00580523 0.0617708 
333.462 468.05 1944.49 39.3173 1.29615 0.237135 0.00577809 0.0572001 
397.873 433.711 1934.42 39.3055 1.2937 0.270905 0.0057504 0.0526475 
466.571 401.972 1923.19 39.2933 1.29123 0.305237 0.00572199 0.0480823 
538.905 372.872 1910.77 39.2809 1.2887 0.340371 0.00569266 0.0434724 
614.292 346.464 1897.14 39.268 1.2861 0.376551 0.00566221 0.0387845 
692.213 322.825 1882.26 39.2547 1.28341 0.414029 0.00563043 0.0339847 
772.209 302.048 1866.1 39.2407 1.28061 0.453053 0.00559709 0.0290391 
853.876 284.244 1848.58 39.226 1.2777 0.493869 0.00556196 0.0239142 
936.852 269.543 1829.66 39.2104 1.27464 0.536712 0.00552476 0.0185777 
1020.81 258.087 1809.26 39.1939 1.27144 0.581795 0.00548522 0.0130002 
1105.46 250.032 1787.31 39.1763 1.26809 0.6293 0.00544303 0.00715673 
1190.49 245.54 1763.72 39.1574 1.26458 0.679357 0.00539786 0.00102975 
1275.61 244.771 1738.4 39.137 1.26092 0.732033 0.00534932 -0.00538731 
1360.44 247.877 1711.26 39.115 1.25713 0.787303 0.00529699 -0.0120851 
1444.58 254.989 1682.22 39.091 1.25324 0.845038 0.00524035 -0.0190326 
1527.47 266.201 1651.18 39.0649 1.2493 0.904986 0.00517882 -0.0261702 
1608.44 281.553 1618.06 39.0361 1.24536 0.966772 0.00511163 -0.0334036 
1686.61 301.014 1582.8 39.0045 1.24152 1.02992 0.00503788 -0.0405991 
1760.89 324.465 1545.34 38.9693 1.23784 1.09387 0.00495639 -0.0475826 
1829.97 351.68 1505.65 38.9301 1.23444 1.15811 0.00486571 -0.0541437 
1892.33 382.324 1463.71 38.886 1.23141 1.22218 0.004764 -0.0600469 
1946.28 415.945 1419.51 38.8362 1.22884 1.28587 0.00464902 -0.0650497 
1990.05 451.989 1373.05 38.7797 1.22679 1.34928 0.00451802 -0.0689244 
2021.92 489.815 1324.33 38.7151 1.22531 1.41292 0.00436775 -0.0714811 
2040.33 528.718 1273.31 38.6408 1.22444 1.47773 0.0041944 -0.0725873 
2043.99 567.955 1219.93 38.555 1.22416 1.54503 0.00399355 -0.0721803 
2032.08 606.763 1164.08 38.4556 1.22449 1.61636 0.00376031 -0.0702719 
2004.18 644.352 1105.6 38.3402 1.22546 1.69318 0.00348947 -0.0669445 
1960.26 679.88 1044.26 38.2064 1.22715 1.77635 0.00317613 -0.0623428 
1900.43 712.393 979.787 38.0521 1.22973 1.86539 0.00281687 -0.0566604 
1824.43 740.73 911.933 37.877 1.23344 1.95762 0.00241235 -0.0501222 
1730.92 763.454 840.506 37.6843 1.23852 2.04731 0.00197189 -0.0429634 
1616.42 778.903 765.491 37.4852 1.24486 2.12585 0.00152105 -0.0354024 
1474.53 785.631 687.136 37.3044 1.25125 2.18456 0.00110908 -0.0276185 
1296.01 783.734 605.971 37.1893 1.25326 2.22397 0.000828917 -0.0197534 
1072.23 778.624 522.31 37.2726 1.23676 2.28065 0.000862391 -0.0120816 
807.284 792.493 435.296 37.7799 1.15859 2.50693 0.00201846 -0.00551362 
556.906 897.233 335.521 39.9636 0.942538 3.40817 0.00223548 -0.00547893 
543.278 1259.85 222.094 39.8534 0.0781615 6.09695 0.00637367 0 
543.278 1259.85 222.094 39.8534 0.0781615 6.09695 0.00637367 0 
556.801 1246.33 228.021 31.6502 0.000603819 0.934175 0.482653 -6.42452e-11 
570.324 1232.8 233.736 26.9284 -0.000210096 0.0182351 0.480306 -1.37324e-11 
583.847 1219.28 239.236 24.5355 -0.000218639 -0.123663 0.477959 -2.65102e-12 
597.37 1205.76 244.516 23.3875 -0.00021873 -0.145531 0.475612 -4.83253e-13 
610.894 1192.23 249.573 22.845 -0.000218731 -0.1489 0.473265 -8.53759e-14 
624.417 1178.71 254.402 22.5897 -0.000218732 -0.14942 0.470918 -1.53778e-14 
637.94 1165.19 259 22.4696 -0.000218732 -0.1495 0.468571 -3.37335e-15 
651.463 1151.67 263.362 22.4132 -0.000218732 -0.149512 0.466224 -1.14893e-15 
664.986 1138.14 267.484 22.3866 -0.000218732 -0.149514 0.463878 -6.86344e-16 
678.509 1124.62 271.362 22.3742 -0.000218732 -0.149514 0.461531 -6.63875e-16 
692.032 1111.1 274.991 22.3683 -0.000218732 -0.149514 0.459184 -5.44331e-16 
705.555 1097.57 278.369 22.3655 -0.000218732 -0.149514 0.456837 -4.86885e-16 
719.078 1084.05 281.49 22.3642 -0.000218732 -0.149514 0.45449 -3.75719e-16 
732.602 1070.53 284.35 22.3636 -0.000218732 -0.149514 0.452143 -4.52816e-16 
746.125 1057 286.947 22.3634 -0.000218733 -0.149514 0.449796 -4.03476e-16 
759.648 1043.48 289.277 22.3632 -0.000218733 -0.149514 0.447449 -3.4506e-16 
773.171 1029.96 291.336 22.3632 -0.000218733 -0.149514 0.445102 -3.08529e-16 
786.694 1016.43 293.121 22.3631 -0.000218733 -0.149514 0.442755 -2.55371e-16 
800.217 1002.91 294.63 22.3631 -0.000218733 -0.149514 0.440408 -1.58822e-16 
813.74 989.388 295.861 22.3631 -0.000218733 -0.149514 0.438061 -1.9445e-16 
827.263 975.865 296.811 22.3631 -0.000218733 -0.149514 0.435714 -2.3493e-17 
840.786 962.342 297.48 22.3631 -0.000218733 -0.149514 0.433367 -1.78781e-17 
854.31 948.818 297.866 22.3631 -0.000218733 -0.149514 0.43102 -5.26842e-17 
867.833 935.295 297.968 22.3631 -0.000218733 -0.149514 0.428673 -5.80656e-17 
881.356 921.772 297.787 22.3631 -0.000218733 -0.149514 0.426327 -6.04568e-18 
894.879 908.249 297.322 22.3631 -0.000218733 -0.149514 0.42398 -1.64041e-17 
908.402 894.726 296.574 22.3631 -0.000218734 -0.149514 0.421633 -2.14051e-17 
921.925 881.203 295.546 22.3631 -0.000218734 -0.149514 0.419286 5.79364e-17 
935.448 867.68 294.237 22.3631 -0.000218734 -0.149514 0.416939 3.92703e-17 
948.971 854.157 292.65 22.3631 -0.000218734 -0.149514 0.414592 -1.41788e-17 
962.494 840.634 290.788 22.3631 -0.000218734 -0.149514 0.412245 2.60986e-17 
976.018 827.11 288.654 22.3631 -0.000218734 -0.149514 0.409898 7.30302e-17 
989.541 813.587 286.249 22.3631 -0.000218734 -0.149514 0.407551 9.4008e-17 
1003.06 800.064 283.578 22.3631 -0.000218734 -0.149514 0.405204 7.89658e-17 
1016.59 786.541 280.645 22.3631 -0.000218734 -0.149514 0.402857 5.98332e-17 
1030.11 773.018 277.452 22.3631 -0.000218734 -0.149514 0.40051 2.66666e-17 
1043.63 759.495 274.004 22.3631 -0.000218734 -0.149514 0.398163 3.78252e-17 
1057.16 745.972 270.304 22.3631 -0.000218734 -0.149514 0.395816 5.75844e-17 
1070.68 732.449 266.358 22.3631 -0.000218734 -0.149514 0.393469 4.78389e-17 
1084.2 718.926 262.168 22.3632 -0.000218735 -0.149514 0.391122 3.50864e-17 
1097.73 705.402 257.74 22.3633 -0.000218735 -0.149514 0.388776 6.20472e-17 
1111.25 691.879 253.077 22.3635 -0.000218735 -0.149514 0.386429 4.1653e-17 
1124.77 678.356 248.184 22.3639 -0.000218735 -0.149512 0.384082 2.6682e-17 
1138.29 664.833 243.064 22.3648 -0.000218735 -0.149503 0.381735 1.12614e-16 
1151.82 651.31 237.723 22.3666 -0.000218735 -0.149443 0.379388 3.03143e-16 
1165.34 637.787 232.163 22.3706 -0.000218735 -0.149052 0.377041 7.74592e-16 
1178.86 624.264 226.388 22.3791 -0.000218711 -0.146513 0.374694 1.3203e-15 
1192.39 610.741 220.403 22.3972 -0.00021644 -0.130031 0.372347 6.37717e-16 
1205.91 597.217 214.21 22.4356 -9.58487e-09 -0.0230659 0.369 0 
1205.91 597.217 214.21 22.4356 -9.58487e-09 -0.0230659 0.369 0 
1174.33 661.943 217.99 22.5029 0.554849 3.57467 -0.188388 0.381063 
1142.48 885.509 246.262 5 0.155371 6.2289 0.299667 -7.4038e-05 
1175.5 1226.21 258.135 5 0.155371 6.2239 0.299667 -0.00186265 
1209.57 1566.69 270.008 5 0.155371 6.21918 0.299667 -0.00228536 
1244.68 1906.96 281.882 5 0.155371 6.21344 0.299667 -0.00245703 
1280.85 2246.98 293.755 5 0.155371 6.20635 0.299667 -0.00261706 
1318.07 2586.69 305.629 5 0.155371 6.19749 0.299667 -0.00285523 
1356.34 2926 317.502 5 0.155371 6.18615 0.299667 -0.00323262 
1395.66 3264.82 329.375 5 0.155371 6.17117 0.299667 -0.00382353 
1436.02 3602.97 341.249 5 0.155371 6.15046 0.299667 -0.00475092 
1477.44 3940.21 353.122 5 0.155371 6.11996 0.299667 -0.00634169 
1519.91 4276.1 364.995 5 0.155371 6.07065 0.299667 -0.0101196 
1563.42 4609.81 376.869 5 0.155371 5.97481 0.299667 -0.0302416 
1607.99 4939.29 388.742 5 0.155371 5.63705 0.299667 -0.140485 
1653.59 5253.87 400.615 5 0.15537 4.11056 0.299667 -0.292991 
1700.18 5501.04 412.489 5 0.155368 1.16286 0.299668 -0.225371 
1747.73 5618.08 424.362 5 0.155367 -1.26099 0.299668 -0.00229196 
1796.24 5628.1 436.235 5 0.155367 -1.59408 0.299666 0.014032 
1845.78 5623.42 448.108 5 0.155348 -1.45786 0.300002 -0.00180989 
1896.39 5624.75 459.981 5 0.15754 -1.51063 0.262199 0.00301214 
1948.04 5623.75 471.95 5 -0.0896933 -1.49587 0.827545 0.00119536 
2000.96 5623.4 467.188 5 -0.0887498 -1.48374 0.81126 0.000456231 
2053.47 5623.59 461.08 5 -0.0878041 -1.4802 0.794956 0.00120783 
2105.43 5623.93 455.015 5 -0.0868581 -1.46614 0.778651 -0.0010391 
2156.86 5624.9 448.991 5 -0.0859122 -1.4948 0.762345 -0.00131753 
2207.75 5624.59 443.009 5 -0.0849662 -1.52723 0.74604 0.0183111 
2258.11 5622.86 437.068 5 -0.08402 -1.17294 0.729734 -0.00529819 
2307.96 5636.77 431.17 5 -0.0830741 -1.40104 0.713428 -0.0635223 
2357.28 5640.61 425.313 5 -0.0821289 -3.02457 0.697122 -0.0597812 
2406.02 5572.77 419.498 5 -0.0811838 -4.72431 0.680816 -0.0259076 
2454.18 5429.89 413.724 5 -0.0802382 -5.58256 0.66451 -0.00828925 
2501.81 5249.11 407.993 5 -0.0792923 -5.90361 0.648204 -0.00290654 
2548.91 5054.16 402.303 5 -0.0783464 -6.03534 0.631897 -0.00121677 
2595.51 4853.4 396.655 5 -0.0774004 -6.10124 0.615591 -0.000566291 
2641.6 4649.72 391.049 5 -0.0764544 -6.13947 0.599285 -0.000275652 
2687.2 4444.36 385.484 5 -0.0755084 -6.16409 0.582979 -0.000132885 
2732.3 4237.91 379.961 5 -0.0745623 -6.18121 0.566673 -5.8509e-05 
2776.91 4030.7 374.48 5 -0.0736163 -6.19381 0.550367 -1.8826e-05 
2821.04 3822.94 369.041 5 -0.0726703 -6.2035 0.534061 1.9469e-06 
2864.68 3614.75 363.643 5 -0.0717242 -6.21119 0.517755 1.18951e-05 
2907.84 3406.22 358.288 5 -0.0707782 -6.21745 0.501449 1.55025e-05 
2950.53 3197.41 352.974 5 -0.0698322 -6.22266 0.485143 1.54277e-05 
2992.75 2988.38 347.702 5 -0.0688862 -6.22706 0.468836 1.33426e-05 
3034.5 2779.15 342.471 5 -0.0679401 -6.23083 0.45253 1.03716e-05 
3075.79 2569.75 337.282 5 -0.0669941 -6.2341 0.436224 7.31198e-06 
3116.62 2360.21 332.136 5 -0.0660481 -6.23696 0.419918 4.46349e-06 
3156.99 2150.54 327.03 5 -0.0904043 -6.23949 0.403612 5.14147e-06 
3196.93 1940.76 320.85 5.84989 -1.08812 -6.23765 0.387306 0.000251059 
3234.2 1731.07 270.56 40 -0.0899998 -4.34337 0.369 0 
3234.2 1731.07 270.56 40 -0.0899998 -4.34337 0.369 0 
3196.06 1689.43 265.948 35.197 1.30492 -1.65056 -0.188388 0.341918 
3163.53 1690.94 283.819 19.845 0.609765 0.703735 -0.176775 -0.731401 
3151.54 1730.17 290.941 14.5655 -1.4 -2.49097 -0.165161 -0.687937 
3147.16 1718.19 265.985 34.3378 -0.79834 -5.61371 0.293822 -0.0291204 
3116.36 1656.18 250.165 38.8174 -0.429775 -6.12919 -0.141939 -0.000331277 
3079.16 1585.91 240.137 38.6429 -0.431201 -6.13626 -0.130326 0.00260667 
3041.88 1515.53 230.091 38.4958 -0.431297 -6.10404 -0.118714 0.00285068 
3004.45 1445.66 220.048 38.3571 -0.425927 -6.0723 -0.107102 0.000281124 
2966.89 1376.3 210.094 38.1591 -0.413933 -6.07171 -0.0954897 -0.000410669 
2929.25 1306.95 200.337 37.8273 -0.404426 -6.07979 -0.0838775 0.000227863 
2891.72 1237.47 190.741 37.406 -0.417677 -6.07959 -0.0722652 0.000782038 
2854.43 1168 180.944 37.1821 -0.466847 -6.07146 -0.060653 0.000994186 
2817.13 1098.65 170.364 37.573 -0.521284 -6.05962 -0.0490408 0.000945146 
2779.01 1029.49 158.902 38.5787 -0.487536 -6.04776 -0.0374285 0.000816525 
2739.21 960.528 147.954 39.0596 -0.273917 -6.0372 -0.0258163 0.000750139 
2698.38 891.732 140.419 36.8771 0.0364861 -6.02703 -0.014204 0.000764586 
2660 823.098 137.915 36.6939 0.0374113 -6.01584 -0.00259178 0.000811548 
2621.79 754.643 135.83 36.5109 0.0383056 -6.00287 0.00902047 0.000851139 
2583.74 686.395 138.93 36.328 0.0391995 -5.98807 0.0206327 0.000873149 
2546.02 618.384 142.049 36.145 0.0400942 -5.97161 0.032245 0.000886677 
2508.64 550.637 145.187 35.962 0.0409896 -5.95348 0.0438572 0.000903298 
2471.6 483.181 148.344 35.779 0.0418839 -5.9334 0.0554694 0.000928427 
2434.89 416.046 151.52 35.596 0.0427739 -5.91085 0.0670817 0.000962466 
2398.52 349.272 154.715 35.413 0.0436591 -5.8852 0.0786939 0.00100746 
2362.49 282.91 157.929 35.2302 0.0445465 -5.85556 0.0903062 0.0010775 
2326.79 217.022 161.162 35.0474 0.0454513 -5.82037 0.101918 0.00121696 
2291.44 151.698 164.414 34.8644 0.0463829 -5.77596 0.113531 0.00153145 
2256.42 87.0859 167.686 34.681 0.047317 -5.71359 0.125143 0.00222107 
2221.75 23.4731 170.978 34.4972 0.0481829 -5.61375 0.136755 0.00357251 
2187.42 -38.5394 174.288 34.3137 0.0489139 -5.43888 0.148367 0.00584492 
2153.43 -97.7493 177.614 34.1323 0.0495779 -5.12963 0.15998 0.00903996 
2119.78 -152.002 180.956 33.9536 0.0504845 -4.61323 0.171592 0.0126902 
2086.48 -197.979 184.317 33.7742 0.0520295 -3.82916 0.183204 0.0158918 
2053.53 -231.387 187.707 33.5865 0.0541106 -2.7629 0.194816 0.0176677 
2020.94 -247.705 191.135 33.3849 0.0554545 -1.46573 0.206429 0.0174494 
1988.73 -243.232 194.591 33.1797 0.0539519 -0.0437422 0.218041 0.0153354 
1956.92 -215.965 198.027 33.006 0.0491204 1.37728 0.229653 0.0119813 
1925.46 -165.922 201.39 32.9012 0.0458135 2.68723 0.241265 0.0082627 
1894.26 -94.8826 204.703 32.8395 0.0544567 3.80867 0.252878 0.00494845 
1863.26 -5.86757 208.156 32.6706 0.0813636 4.69552 0.26449 0.00251155 
1832.59 97.3622 212.045 32.183 0.109917 5.32752 0.276102 0.00107289 
1802.67 210.722 216.404 31.39 0.0916935 5.71506 0.287714 0.000430836 
1773.91 330.292 220.492 30.8938 -0.0188075 5.91482 0.299327 0.000163188 
1745.97 453.064 222.82 31.7887 -0.174767 6.00524 0.310939 -0.000220152 
1717 577.286 222.626 34.4838 -0.164087 5.84008 0.322551 -0.00108056 
1684.56 698.864 222.534 36.759 0.283431 4.74913 0.334163 -0.00193068 
1649.03 802.957 229.557 33.3309 1.09576 2.6229 0.345776 -0.00176728 
1617.85 872.966 249.688 20.3465 1.4 0.115265 0.357425 -4.25764e-07 
1603.86 902.768 275.03 5.00003 0.0145579 0.106411 0.369 0 
1603.86 902.768 275.03 5.00003 0.0145579 0.106411 0.369 0 
1617.69 895.564 280.506 13.2768 -0.000485937 0.0163186 0.482653 9.57663e-13 
1631.52 888.36 285.782 17.8768 -0.000637045 0.00287059 0.480306 9.5232e-14 
1645.35 881.156 290.853 20.1336 -0.000638561 0.000863284 0.477959 7.92917e-15 
1659.17 873.952 295.718 21.1903 -0.000638576 0.000563666 0.475612 4.16543e-16 
1673 866.748 300.371 21.6797 -0.000638576 0.000518943 0.473265 2.40139e-16 
1686.83 859.545 304.811 21.906 -0.000638576 0.000512268 0.470918 4.77899e-16 
1700.66 852.341 309.033 22.0106 -0.000638576 0.000511272 0.468571 4.13164e-16 
1714.49 845.137 313.034 22.0589 -0.000638576 0.000511123 0.466224 5.57001e-16 
1728.32 837.933 316.811 22.0813 -0.000638576 0.000511101 0.463878 5.42425e-16 
1742.15 830.729 320.361 22.0916 -0.000638576 0.000511097 0.461531 5.29923e-16 
1755.97 823.525 323.68 22.0964 -0.000638576 0.000511097 0.459184 6.57613e-16 
1769.8 816.321 326.765 22.0986 -0.000638576 0.000511097 0.456837 6.2476e-16 
1783.63 809.116 329.613 22.0996 -0.000638576 0.000511097 0.45449 5.90303e-16 
1797.46 801.911 332.222 22.1001 -0.000638576 0.000511097 0.452143 5.92471e-16 
1811.29 794.707 334.588 22.1003 -0.000638576 0.000511097 0.449796 5.19047e-16 
1825.12 787.501 336.709 22.1004 -0.000638576 0.000511097 0.447449 5.61416e-16 
1838.95 780.296 338.583 22.1005 -0.000638576 0.000511097 0.445102 6.27564e-16 
1852.77 773.09 340.207 22.1005 -0.000638576 0.000511097 0.442755 6.54641e-16 
1866.6 765.884 341.579 22.1005 -0.000638576 0.000511097 0.440408 6.80772e-16 
1880.43 758.678 342.698 22.1005 -0.000638576 0.000511097 0.438061 5.48613e-16 
1894.26 751.471 343.563 22.1005 -0.000638576 0.000511097 0.435714 5.79399e-16 
1908.09 744.264 344.172 22.1005 -0.000638576 0.000511097 0.433367 5.51047e-16 
1921.92 737.057 344.524 22.1005 -0.000638576 0.000511097 0.43102 5.90173e-16 
1935.75 729.849 344.62 22.1005 -0.000638576 0.000511097 0.428673 4.69362e-16 
1949.57 722.64 344.459 22.1005 -0.000638576 0.000511097 0.426327 4.47964e-16 
1963.4 715.431 344.041 22.1005 -0.000638577 0.000511097 0.42398 4.27492e-16 
1977.23 708.222 343.367 22.1005 -0.000638577 0.000511097 0.421633 4.59912e-16 
1991.06 701.012 342.437 22.1005 -0.000638577 0.000511097 0.419286 4.04237e-16 
2004.89 693.801 341.254 22.1005 -0.000638577 0.000511097 0.416939 4.01162e-16 
2018.72 686.59 339.817 22.1005 -0.000638577 0.000511097 0.414592 3.89716e-16 
2032.55 679.378 338.129 22.1005 -0.000638577 0.000511097 0.412245 3.24669e-16 
2046.37 672.165 336.193 22.1005 -0.000638577 0.000511096 0.409898 3.27998e-16 
2060.2 664.952 334.009 22.1005 -0.000638577 0.000511096 0.407551 3.16239e-16 
2074.03 657.738 331.581 22.1005 -0.000638577 0.000511096 0.405204 2.46279e-16 
2087.86 650.524 328.911 22.1005 -0.000638577 0.000511096 0.402857 2.05329e-16 
2101.69 643.309 326.002 22.1005 -0.000638577 0.000511096 0.40051 2.18675e-16 
2115.52 636.092 322.857 22.1005 -0.000638577 0.000511096 0.398163 1.80791e-16 
2129.35 628.876 319.479 22.1006 -0.000638577 0.000511096 0.395816 1.65407e-16 
2143.17 621.658 315.871 22.1006 -0.000638577 0.000511096 0.393469 1.24234e-16 
2157 614.439 312.036 22.1007 -0.000638577 0.000511096 0.391122 1.31871e-16 
2170.83 607.22 307.978 22.101 -0.000638577 0.000511096 0.388776 7.46041e-17 
2184.66 600 303.701 22.1015 -0.000638577 0.000511096 0.386429 7.54674e-17 
2198.49 592.778 299.206 22.1026 -0.000638577 0.000511091 0.384082 2.62741e-17 
2212.32 585.556 294.499 22.105 -0.000638577 0.000511064 0.381735 -8.3656e-18 
2226.15 578.333 289.582 22.1103 -0.000638577 0.000510881 0.379388 -1.99461e-16 
2239.97 571.109 284.458 22.1217 -0.000638577 0.000509651 0.377041 -8.09292e-16 
2253.8 563.884 279.131 22.1464 -0.000638513 0.000501414 0.374694 -2.47236e-15 
2267.63 556.657 273.604 22.1998 -0.000632164 0.000446212 0.372347 -4.34634e-15 
2281.46 549.43 267.88 22.3152 -2.67745e-08 7.62635e-05 0.369 0 
2281.46 549.43 267.88 22.3152 -2.67745e-08 7.62635e-05 0.369 0 
2273.91 564.485 267.921 21.5555 0.891394 0.000679092 -0.173926 -0.300574 
2266.78 579.546 276.517 14.5726 0.926469 -0.157976 -0.149661 -0.271663 
2265.17 593.082 285.557 7.75976 0.361825 -0.301376 0.307027 -0.245149 
2269.07 605.239 289.289 5.29684 -0.161249 -0.430775 0.851394 -0.220915 
2275.04 616.154 288.045 6.57188 -0.122726 -0.547376 0.802135 -0.198843 
2279.99 625.952 287.152 7.5072 -0.0393827 -0.65233 0.718637 -0.1788 
2284.19 634.745 287.042 7.81165 0.00841075 -0.746705 0.670248 -0.160641 
2288.14 642.633 287.386 7.76903 0.0140346 -0.831498 0.662971 -0.144219 
2292.13 649.709 287.785 7.69115 0.00530711 -0.907622 0.668813 -0.129388 
2296.19 656.055 288.101 7.6793 -0.00203026 -0.975918 0.672293 -0.116007 
2300.27 661.746 288.347 7.72022 -0.00537998 -1.03715 0.67128 -0.10394 
2304.32 666.851 288.56 7.78344 -0.00642553 -1.09201 0.667676 -0.0930615 
2308.33 671.429 288.762 7.85187 -0.00687848 -1.14114 0.663181 -0.0832549 
2312.28 675.537 288.959 7.92122 -0.00754777 -1.18508 0.658519 -0.0744129 
2316.19 679.224 289.149 7.9931 -0.00858632 -1.22436 0.653765 -0.0664382 
2320.04 682.534 289.327 8.07007 -0.0098924 -1.25942 0.64877 -0.059243 
2323.84 685.508 289.492 8.15387 -0.0113464 -1.29069 0.643385 -0.0527481 
2327.58 688.183 289.641 8.24532 -0.0128833 -1.31853 0.63753 -0.0468829 
2331.25 690.59 289.774 8.34473 -0.0144809 -1.34327 0.63118 -0.0415845 
2334.85 692.761 289.891 8.45228 -0.0161242 -1.36522 0.624338 -0.0367968 
2338.37 694.722 289.99 8.56799 -0.0177783 -1.38463 0.617018 -0.0324705 
2341.8 696.496 290.071 8.69163 -0.0193868 -1.40176 0.609229 -0.0285616 
2345.13 698.106 290.135 8.82257 -0.0209008 -1.41683 0.600974 -0.0250315 
2348.37 699.572 290.183 8.95987 -0.0223263 -1.43003 0.592251 -0.0218459 
2351.5 700.911 290.215 9.10267 -0.0237564 -1.44155 0.583069 -0.0189745 
2354.53 702.141 290.231 9.25087 -0.0253484 -1.45156 0.573462 -0.0163905 
2357.44 703.274 290.229 9.40549 -0.0272199 -1.4602 0.563497 -0.0140703 
2360.23 704.324 290.207 9.56831 -0.0292974 -1.46761 0.553269 -0.0119926 
2362.9 705.304 290.163 9.74044 -0.031209 -1.47392 0.542875 -0.0101385 
2365.44 706.223 290.097 9.92016 -0.0323489 -1.47926 0.532378 -0.0084908 
2367.83 707.091 290.018 10.1014 -0.0321852 -1.48372 0.521782 -0.00703414 
2370.09 707.917 289.938 10.2746 -0.0307357 -1.48741 0.511041 -0.00575428 
2372.21 708.707 289.869 10.431 -0.0289515 -1.49043 0.500103 -0.0046381 
2374.2 709.469 289.815 10.5692 -0.0286481 -1.49286 0.488974 -0.00367332 
2376.1 710.207 289.761 10.7013 -0.0317302 -1.49477 0.477768 -0.00284829 
2377.89 710.927 289.676 10.8523 -0.0388259 -1.49625 0.466714 -0.00215189 
2379.56 711.633 289.52 11.0504 -0.0479515 -1.49736 0.456079 -0.00157337 
2381.08 712.328 289.274 11.3071 -0.0542175 -1.49817 0.446045 -0.00110218 
2382.4 713.016 288.965 11.5977 -0.0514684 -1.49873 0.436601 -0.000727923 
2383.49 713.698 288.676 11.8541 -0.0358811 -1.49908 0.427562 -0.00044026 
2384.37 714.378 288.534 11.9846 -0.010128 -1.49929 0.418701 -0.000228814 
2385.14 715.055 288.636 11.923 0.0145026 -1.49938 0.409928 -8.31492e-05 
2385.97 715.732 288.975 11.6893 0.0206969 -1.4994 0.401401 7.27784e-06 
2386.97 716.408 289.378 11.4286 -0.00660761 -1.49937 0.393508 5.31545e-05 
2388.19 717.084 289.522 11.3867 -0.0685721 -1.49932 0.386688 6.53259e-05 
2389.45 717.761 289.073 11.8021 -0.143407 -1.49925 0.381125 5.48072e-05 
2390.41 718.439 287.901 12.7397 -0.187639 -1.49919 0.376626 3.28041e-05 
2390.62 719.118 286.29 13.9431 -0.15268 -1.49915 0.372917 1.07296e-05 
2389.88 719.798 284.996 14.818 -0.0141497 -1.49911 0.369 0 
2389.88 719.798 284.996 14.818 -0.0141497 -1.49911 0.369 0 
2390.42 718.54 283.309 12.9962 0.923546 -0.326983 1.15369 0.199181 
2391.74 724.523 287.433 6.62589 -0.0302547 0.779523 1.13739 0.136313 
2396.38 737.34 285.727 5.0001 -0.361253 1.68786 1.12108 0.0881588 
2401.85 755.769 281.992 5.00016 -0.360296 2.37671 1.10477 0.0529844 
2407.28 778.454 278.263 5.00017 -0.35935 2.84552 1.08847 0.0289861 
2412.66 804.036 274.54 5.00018 -0.358404 3.12584 1.07216 0.0134844 
2418 831.349 270.823 5.00019 -0.357458 3.26527 1.05586 0.00380677 
2423.29 859.525 267.112 5.0002 -0.356512 3.30753 1.03955 -0.00215967 
2428.54 887.961 263.406 5.00021 -0.355567 3.28433 1.02324 -0.00586197 
2433.74 916.254 259.706 5.00023 -0.354622 3.21611 1.00694 -0.00820898 
2438.9 944.125 256.012 5.00024 -0.353676 3.11532 0.990632 -0.00974338 
2444.01 971.374 252.324 5.00027 -0.352731 2.98939 0.974326 -0.0107794 
2449.07 997.845 248.642 5.00029 -0.351787 2.84268 0.95802 -0.0114949 
2454.09 1023.41 244.966 5.00032 -0.350842 2.67779 0.941713 -0.0119873 
2459.06 1047.95 241.295 5.00036 -0.349899 2.49635 0.925407 -0.0123078 
2463.98 1071.38 237.631 5.0004 -0.348956 2.29949 0.909101 -0.0124813 
2468.86 1093.59 233.972 5.00046 -0.348015 2.08818 0.892795 -0.0125181 
2473.69 1114.49 230.319 5.00054 -0.347077 1.86345 0.876489 -0.0124219 
2478.47 1134 226.672 5.00065 -0.346144 1.62648 0.860183 -0.012194 
2483.21 1152.05 223.03 5.00082 -0.683926 1.37873 0.843877 -0.0118364 
2487.94 1168.57 217.301 6.59326 -1.39977 1.12199 0.827571 -0.0114957 
2491.9 1183.5 207.134 11.4911 -1.39987 0.855192 0.811264 -0.011118 
2493.31 1196.79 196.918 16.1965 -1.39989 0.578412 0.794958 -0.0106678 
2492.26 1208.37 186.655 20.7171 -1.39989 0.292728 0.778652 -0.010124 
2488.84 1218.18 176.347 25.0601 -1.39987 0.000134917 0.762346 -0.00947619 
2483.15 1226.19 165.996 29.2326 -1.39979 -0.296517 0.74604 -0.00872297 
2475.26 1232.37 155.604 33.2412 -1.19274 -0.593537 0.729734 -0.0078693 
2465.23 1236.71 146.452 36.1195 -0.656072 -0.886359 0.713428 -0.00695004 
2453.59 1239.25 140.588 36.3637 -0.651058 -1.17042 0.697122 -0.00601493 
2441.76 1240.03 134.752 36.5788 -0.646966 -1.44187 0.680815 -0.00511339 
2429.75 1239.14 128.939 36.7706 -0.645389 -1.69811 0.664509 -0.00428383 
2417.57 1236.66 123.134 36.9516 -0.647661 -1.93786 0.648203 -0.00354856 
2405.23 1232.7 117.313 37.1405 -0.654374 -2.16106 0.631897 -0.00291418 
2392.72 1227.36 111.449 37.3577 -0.665034 -2.36847 0.615591 -0.00237538 
2380.03 1220.73 105.516 37.6208 -0.677948 -2.56124 0.599285 -0.0019202 
2367.14 1212.92 99.5018 37.9385 -0.690418 -2.74049 0.582979 -0.00153483 
2354.01 1204 93.407 38.3064 -0.699254 -2.90695 0.566673 -0.00120683 
2340.63 1194.06 87.2539 38.7055 -0.701538 -3.06079 0.550366 -0.00092657 
2326.98 1183.16 81.0828 39.1037 -0.695495 -3.20152 0.53406 -0.000687177 
2313.05 1171.39 74.9451 39.4619 -0.681236 -3.3279 0.517754 -0.000483708 
2298.86 1158.84 68.8919 39.7431 -0.661163 -3.43777 0.501448 -0.00031226 
2284.46 1145.61 62.9599 39.9231 -0.639826 -3.52757 0.485142 -0.00016959 
2269.89 1131.83 57.158 39.9999 -0.623159 -3.59135 0.468836 -0.000129422 
2255.21 1117.66 51.4584 39.9998 -0.617153 -3.6573 0.45253 -7.9425e-05 
2240.46 1103.07 45.7958 39.9759 -0.626172 -3.71542 0.436224 -1.47469e-05 
2225.65 1088.13 40.0777 39.9998 -0.620362 -3.73259 0.419918 2.60222e-05 
2210.76 1073.08 34.3953 39.9999 -0.619402 -3.68137 0.403611 3.5411e-05 
2195.8 1058.35 28.7189 39.9999 -0.618483 -3.52702 0.387305 1.89018e-05 
2180.76 1044.57 23.0481 40 0.418151 -3.21922 0.369 0 
