grtopM_71_3
50
2 2
9 9 
0 2 4 6 1 7 5 3 8 
0 2 4 6 1 7 5 3 8 
399.931 181.926 357.457 176.556 69.9885 293.855 1069.46 15.7761 
206862 57.558 77.895 145.592 16.9422 293.767 107.173 346.754 
8.16186 3.71278 7.29504 3.60318 1.42834 5.99704 21.8256 0.321962 
4221.68 1.17465 1.58969 2.97126 0.345759 5.99525 2.1872 7.07662 
1225.86 2106.41 646.335 947.821 0.0440948 7.01199 1793.08 2395.43 
1.45224e-06 0.209777 0.692272 1.73858 0.150556 4.88975 5.62304 6.0993 
877.22 1199.83 1303.13 17.6579 0.298165 0 0.201326 0 
2.97996e-07 44.1381 77.5826 5.02826 -2.43343e-08 1.80348e-08 0.00112219 -3.52434e-13 
1.53966e-08 2.55609e-08 0.0291663 5.02826 4.59102e-09 1.91899e-08 0.00117781 -3.52433e-13 
1.53577e-08 1.61188e-08 0.0291663 5.02826 4.59101e-09 1.91899e-08 0.00123874 -3.52434e-13 
1.53577e-08 1.61188e-08 0.0291663 5.02826 4.59099e-09 1.91899e-08 0.00130575 -3.52433e-13 
1.53577e-08 1.61188e-08 0.0291663 5.02826 4.59098e-09 1.91899e-08 0.00137976 -3.52433e-13 
1.53577e-08 1.61188e-08 0.0291663 5.02826 4.59096e-09 1.91899e-08 0.00146188 -3.52433e-13 
1.53577e-08 1.61188e-08 0.0291663 5.02826 4.59094e-09 1.91899e-08 0.00155347 -3.52433e-13 
1.53577e-08 1.61188e-08 0.0291663 5.02826 4.59092e-09 1.91899e-08 0.00165619 -3.52433e-13 
1.53577e-08 1.61188e-08 0.0291663 5.02826 4.59089e-09 1.91899e-08 0.00177216 -3.52433e-13 
1.53577e-08 1.61188e-08 0.0291663 5.02826 4.59086e-09 1.91899e-08 0.00190404 -3.52433e-13 
1.53577e-08 1.61188e-08 0.0291663 5.02826 4.59083e-09 1.91899e-08 0.00205534 -3.52433e-13 
1.53577e-08 1.61188e-08 0.0291663 5.02826 4.59079e-09 1.91899e-08 0.00223072 -3.52433e-13 
1.53577e-08 1.61188e-08 0.0291663 5.02826 4.59075e-09 1.91899e-08 0.0024367 -3.52433e-13 
1.53577e-08 1.61188e-08 0.0291663 5.02826 4.59069e-09 1.91899e-08 0.00268255 -3.52433e-13 
1.53577e-08 1.61188e-08 0.0291663 5.02826 4.59063e-09 1.91899e-08 0.00298213 -3.52432e-13 
1.53577e-08 1.61188e-08 0.0291663 5.02826 4.59054e-09 1.91899e-08 0.0033567 -3.52433e-13 
1.53577e-08 1.61188e-08 0.0291663 5.02826 4.59044e-09 1.91899e-08 0.00384004 -3.52433e-13 
1.53577e-08 1.61188e-08 0.0291663 5.02826 4.59029e-09 1.91899e-08 0.004487 -3.52433e-13 
1.53577e-08 1.61188e-08 0.0291663 5.02826 4.59009e-09 1.91899e-08 0.00538826 -3.52432e-13 
1.53577e-08 1.61188e-08 0.0291663 5.02826 4.58979e-09 1.91899e-08 0.00669437 -3.52432e-13 
1.53577e-08 1.61188e-08 0.0291663 5.02826 4.58933e-09 1.91899e-08 0.00864656 -3.52432e-13 
1.53577e-08 1.61188e-08 0.0291663 5.02826 4.58865e-09 1.91899e-08 0.0115808 -3.52432e-13 
1.53577e-08 1.61188e-08 0.0291663 5.02826 4.58766e-09 1.91899e-08 0.0158332 -3.52431e-13 
1.53577e-08 1.61188e-08 0.0291663 5.02826 4.58634e-09 1.91899e-08 0.0215791 -3.52432e-13 
1.53577e-08 1.61188e-08 0.0291663 5.02826 4.58463e-09 1.91899e-08 0.0290604 -3.52432e-13 
1.53577e-08 1.61188e-08 0.0291663 5.02826 4.58285e-09 1.91898e-08 0.0371352 -3.5243e-13 
1.53577e-08 1.61188e-08 0.0291663 5.02826 4.58111e-09 1.91898e-08 0.0452061 -3.5243e-13 
1.53577e-08 1.61188e-08 0.0291663 5.02826 4.57938e-09 1.91898e-08 0.0532721 -3.5243e-13 
1.53577e-08 1.61188e-08 0.0291663 5.02826 4.57764e-09 1.91898e-08 0.061332 -3.52429e-13 
1.53577e-08 1.61188e-08 0.0291663 5.02826 4.57591e-09 1.91897e-08 0.0693846 -3.52429e-13 
1.53577e-08 1.61188e-08 0.0291663 5.02826 4.57417e-09 1.91897e-08 0.0774285 -3.52428e-13 
1.53577e-08 1.61188e-08 0.0291663 5.02826 4.57244e-09 1.91897e-08 0.0854621 -3.52428e-13 
1.53577e-08 1.61188e-08 0.0291663 5.02826 4.57071e-09 1.91897e-08 0.0934837 -3.52426e-13 
1.53577e-08 1.61188e-08 0.0291663 5.02826 4.56899e-09 1.91896e-08 0.101492 -3.52425e-13 
1.53577e-08 1.61188e-08 0.0291663 5.02826 4.56727e-09 1.91896e-08 0.109484 -3.52423e-13 
1.53577e-08 1.61188e-08 0.0291663 5.02826 4.56555e-09 1.91896e-08 0.117459 -3.52422e-13 
1.53577e-08 1.61188e-08 0.0291663 5.02826 4.56384e-09 1.91896e-08 0.125416 -3.52419e-13 
1.53577e-08 1.61188e-08 0.0291663 5.02826 4.56213e-09 1.91896e-08 0.133355 -3.52417e-13 
1.53577e-08 1.61188e-08 0.0291663 5.02826 4.56042e-09 1.91895e-08 0.141276 -3.52413e-13 
1.53577e-08 1.61188e-08 0.0291663 5.02826 4.55872e-09 1.91895e-08 0.14918 -3.52407e-13 
1.53577e-08 1.61188e-08 0.0291663 5.02826 4.55702e-09 1.91895e-08 0.157065 -3.52399e-13 
1.53577e-08 1.61188e-08 0.0291663 5.02826 4.55533e-09 1.91895e-08 0.164928 -3.52389e-13 
1.53577e-08 1.61188e-08 0.0291663 5.02826 4.55364e-09 1.91894e-08 0.172753 -3.52376e-13 
1.53577e-08 1.61188e-08 0.0291663 5.02826 4.55197e-09 1.91894e-08 0.180514 -3.52351e-13 
1.53577e-08 2.29507e-08 0.0291663 5.02826 -9.13395e-09 1.91289e-08 0.187982 -3.52306e-13 
1.53578e-08 189.898 0.0291663 40 -1.4 1.92286e-08 0.195186 -1.49179e-12 
0.0379541 1661.96 0.0331313 40 -1.4 2.67715 0.201585 1.41468e-10 
1328.82 3134.03 0.0617226 40 -1.4 6.27089 0.209868 -1.42401e-10 
2924.45 4606.1 270.85 5.02826 -2.4973e-10 8.57499e-10 0.200326 0 
2924.45 4606.1 270.85 5.02826 -2.4973e-10 8.57499e-10 0.200326 0 
845.737 2572.4 0.0384669 5.01541 -0.0888875 -6.28 0.00210206 1.24611e-09 
1.59723e-07 247.765 0.0384668 5.03747 8.21865e-10 -6.82072e-07 0.00226036 -5.00027e-13 
2.88431e-08 4.85244e-08 0.0384668 5.03747 8.29475e-10 -1.86954e-07 0.00244144 -5.18115e-13 
2.88431e-08 3.02725e-08 0.0384668 5.03747 8.29922e-10 -1.86954e-07 0.00265049 -5.18111e-13 
2.88432e-08 3.02725e-08 0.0384668 5.03747 8.27836e-10 -1.86954e-07 0.00289432 -5.18107e-13 
2.88431e-08 3.02725e-08 0.0384668 5.03747 8.29055e-10 -1.86954e-07 0.00318216 -5.18102e-13 
2.88431e-08 3.02725e-08 0.0384668 5.03747 8.28445e-10 -1.86954e-07 0.00352669 -5.18098e-13 
2.88431e-08 3.02725e-08 0.0384668 5.03747 8.28716e-10 -1.86954e-07 0.00394582 -5.18093e-13 
2.88431e-08 3.02725e-08 0.0384668 5.03747 8.26874e-10 -1.86954e-07 0.00446551 -5.18087e-13 
2.88431e-08 3.02725e-08 0.0384668 5.03747 8.24797e-10 -1.86954e-07 0.00512462 -5.18082e-13 
2.88431e-08 3.02725e-08 0.0384668 5.03747 8.23031e-10 -1.86954e-07 0.00598373 -5.18076e-13 
2.88431e-08 3.02725e-08 0.0384668 5.03747 8.21492e-10 -1.86954e-07 0.00714213 -5.18067e-13 
2.88431e-08 3.02725e-08 0.0384668 5.03747 8.1774e-10 -1.86954e-07 0.0087731 -5.18057e-13 
2.88431e-08 3.02725e-08 0.0384668 5.03747 8.1259e-10 -1.86954e-07 0.0111999 -5.18055e-13 
2.88431e-08 3.02725e-08 0.0384668 5.03747 7.99997e-10 -1.86954e-07 0.0150318 -5.18047e-13 
2.88431e-08 3.02725e-08 0.0384668 5.03747 7.8057e-10 -1.86954e-07 0.0212218 -5.18041e-13 
2.88431e-08 3.02725e-08 0.0384668 5.03747 7.4347e-10 -1.86954e-07 0.030573 -5.18023e-13 
2.88431e-08 3.02725e-08 0.0384668 5.03747 6.97439e-10 -1.86954e-07 0.041993 -5.18018e-13 
2.88431e-08 3.02725e-08 0.0384668 5.03747 6.49527e-10 -1.86954e-07 0.0535755 -5.1801e-13 
2.88431e-08 3.02725e-08 0.0384668 5.03747 6.04438e-10 -1.86954e-07 0.0651574 -5.17995e-13 
2.8843e-08 3.02725e-08 0.0384668 5.03747 5.60159e-10 -1.86954e-07 0.0767383 -5.17981e-13 
2.88432e-08 3.02725e-08 0.0384668 5.03747 5.14251e-10 -1.86954e-07 0.0883181 -2.15555e-08 
2.88431e-08 3.02725e-08 0.0384668 5.03747 4.67415e-10 -1.86954e-07 0.0998961 -5.17949e-13 
2.88431e-08 3.02725e-08 0.0384668 5.03747 4.21461e-10 -1.86954e-07 0.111472 -5.17931e-13 
2.88431e-08 3.02725e-08 0.0384668 5.03747 3.77306e-10 -1.86954e-07 0.123045 -5.1791e-13 
2.88431e-08 3.02725e-08 0.0384668 5.03747 3.2963e-10 -1.86954e-07 0.134614 -5.17887e-13 
2.88431e-08 3.02725e-08 0.0384668 5.03747 2.82795e-10 -1.86954e-07 0.146178 -5.17861e-13 
2.88431e-08 3.02725e-08 0.0384668 5.03747 2.38655e-10 -1.86954e-07 0.157738 -5.17832e-13 
2.88431e-08 3.02725e-08 0.0384668 5.03747 1.92805e-10 -1.86954e-07 0.169291 -5.1779e-13 
2.88431e-08 3.02725e-08 0.0384668 5.03747 1.47005e-10 -1.86954e-07 0.180838 -5.17752e-13 
2.88431e-08 3.02725e-08 0.0384668 5.03747 1.00322e-10 -1.86954e-07 0.192377 -5.17715e-13 
2.88431e-08 3.02725e-08 0.0384668 5.03747 5.45641e-11 -1.86954e-07 0.20391 -5.17662e-13 
2.88431e-08 3.02725e-08 0.0384668 5.03747 8.72176e-12 -1.86954e-07 0.215436 -5.17602e-13 
2.88431e-08 3.02725e-08 0.0384668 5.03747 -3.69725e-11 -1.86954e-07 0.226956 -5.17549e-13 
2.88431e-08 3.02725e-08 0.0384668 5.03747 -8.35611e-11 -1.86954e-07 0.238471 -5.17483e-13 
2.88431e-08 3.02725e-08 0.0384668 5.03747 -1.28462e-10 -1.86954e-07 0.249981 -3.94416e-08 
2.88431e-08 3.02725e-08 0.0384668 5.03747 -1.74212e-10 -1.86954e-07 0.261486 -5.17321e-13 
2.88431e-08 3.02725e-08 0.0384668 5.03747 -2.19916e-10 -1.86954e-07 0.272982 -5.15137e-13 
2.88431e-08 3.02725e-08 0.0384668 5.03747 -2.66559e-10 -1.86954e-07 0.284467 -5.17183e-13 
2.88431e-08 3.02725e-08 0.0384668 5.03747 -3.09676e-10 -1.86954e-07 0.295933 -5.17151e-13 
2.88431e-08 3.02725e-08 0.0384668 5.03747 -3.56275e-10 -1.86954e-07 0.307364 -5.17131e-13 
2.88432e-08 3.02725e-08 0.0384668 5.03747 -4.01903e-10 -1.86953e-07 0.318729 -5.21965e-13 
2.8843e-08 3.02725e-08 0.0384668 5.03747 -4.47253e-10 -1.86954e-07 0.329975 -5.17489e-13 
2.88431e-08 3.02725e-08 0.0384668 5.03747 -4.91437e-10 -1.86954e-07 0.341025 -5.17638e-13 
2.88431e-08 3.02725e-08 0.0384668 5.03747 -5.37763e-10 -1.86954e-07 0.351779 -5.16502e-13 
2.88431e-08 3.02725e-08 0.0384668 5.03747 -5.81029e-10 -1.86954e-07 0.36226 -5.56136e-13 
3.37468e-08 7.18484e-08 0.0384668 5.03747 4.16745e-09 1.08824e-06 0.370611 1.68016e-09 
110.031 322.702 7.40751 5.00001 -1.39996 6.27998 0.365353 -1.36635e-09 
2221.33 2792.75 238.59 5.03747 -4.33059e-10 1.09728e-09 0.369 0 
2221.33 2792.75 238.59 5.03747 -4.33059e-10 1.09728e-09 0.369 0 
1629.36 2289.28 0.00102674 40 1.4 -6.28 0.00265955 7.65017e-11 
735.862 1214.38 0.0148195 18.1163 1.39993 -6.28 0.0029017 1.52375e-08 
1.98084 139.362 0.0611917 5.06017 2.4811e-08 -1.10866e-05 0.00318453 -1.0858e-11 
2.52433e-08 1.2507e-07 0.0611917 5.06017 2.34347e-08 -4.76624e-06 0.0035189 -1.08636e-11 
2.50505e-08 2.62926e-08 0.0611917 5.06017 2.3398e-08 -4.76624e-06 0.00391969 -1.08635e-11 
2.50505e-08 2.62919e-08 0.0611917 5.06017 2.33533e-08 -4.76624e-06 0.00440738 -1.08636e-11 
2.50505e-08 2.62919e-08 0.0611917 5.06017 2.32976e-08 -4.76624e-06 0.0050104 -1.08634e-11 
2.50505e-08 2.62919e-08 0.0611917 5.06017 2.32273e-08 -4.76624e-06 0.00576812 -1.08316e-11 
2.50505e-08 2.62919e-08 0.0611917 5.06017 2.31372e-08 -4.76624e-06 0.00673454 -1.08959e-11 
2.50505e-08 2.62919e-08 0.0611917 5.06017 2.30202e-08 -4.76624e-06 0.00798278 -1.08295e-11 
2.50505e-08 2.62919e-08 0.0611917 5.06017 2.28668e-08 -4.76624e-06 0.00960981 -1.08629e-11 
2.50505e-08 2.62919e-08 0.0611917 5.06017 2.2665e-08 -4.76624e-06 0.0117419 -1.08632e-11 
2.50505e-08 2.62919e-08 0.0611917 5.06017 2.23987e-08 -4.76624e-06 0.0145431 -1.08632e-11 
2.50505e-08 2.62919e-08 0.0611917 5.06017 2.20448e-08 -4.76624e-06 0.0182453 -1.08631e-11 
2.50505e-08 2.62919e-08 0.0611917 5.06017 2.15595e-08 -4.76624e-06 0.0232725 -1.08243e-11 
2.50505e-08 2.62919e-08 0.0611917 5.06017 2.08551e-08 -4.76624e-06 0.03045 -1.08371e-11 
2.50505e-08 2.62919e-08 0.0611917 5.06017 1.99014e-08 -4.76624e-06 0.0400719 -1.0822e-11 
2.50505e-08 2.62919e-08 0.0611917 5.06017 1.87907e-08 -4.76624e-06 0.0512827 -1.08898e-11 
2.50505e-08 2.62919e-08 0.0611917 5.06017 1.76718e-08 -4.76624e-06 0.0626578 -1.08625e-11 
2.50505e-08 2.62919e-08 0.0611917 5.06017 1.65555e-08 -4.76624e-06 0.0740195 -1.08329e-11 
2.50505e-08 2.62919e-08 0.0611917 5.06017 1.54404e-08 -4.76624e-06 0.0853679 -1.09393e-11 
2.50505e-08 2.62919e-08 0.0611917 5.06017 1.43267e-08 -4.76624e-06 0.0967038 -1.09104e-11 
2.50505e-08 2.62919e-08 0.0611917 5.06017 1.3214e-08 -4.76624e-06 0.108028 -1.08792e-11 
2.50505e-08 2.62919e-08 0.0611917 5.06017 1.21023e-08 -4.76624e-06 0.119344 -1.08613e-11 
2.50505e-08 2.62919e-08 0.0611917 5.06017 1.09915e-08 -4.76624e-06 0.130651 -1.08615e-11 
2.50505e-08 2.62919e-08 0.0611917 5.06017 9.88098e-09 -4.76624e-06 0.141954 -1.08608e-11 
2.50505e-08 2.62919e-08 0.0611917 5.06017 8.77065e-09 -4.76624e-06 0.153255 -1.08604e-11 
2.50505e-08 2.62919e-08 0.0611917 5.06017 7.66022e-09 -4.76624e-06 0.164557 -1.086e-11 
2.50505e-08 2.62919e-08 0.0611917 5.06017 6.54939e-09 -4.76624e-06 0.175862 -1.09901e-11 
2.50505e-08 2.62919e-08 0.0611917 5.06017 5.4379e-09 -4.76624e-06 0.187173 -1.08592e-11 
2.50505e-08 2.62919e-08 0.0611917 5.06017 4.32562e-09 -4.76624e-06 0.198491 -1.08588e-11 
2.50505e-08 2.62919e-08 0.0611917 5.06017 3.21263e-09 -4.76624e-06 0.209815 -1.07806e-11 
2.50505e-08 2.62919e-08 0.0611917 5.06017 2.09904e-09 -4.76624e-06 0.221144 -1.09386e-11 
2.50505e-08 2.62919e-08 0.0611917 5.06017 9.85423e-10 -4.76624e-06 0.232472 -1.09125e-11 
2.50505e-08 2.62919e-08 0.0611917 5.06017 -1.27244e-10 -4.76624e-06 0.24379 -1.07947e-11 
2.50505e-08 2.62919e-08 0.0611917 5.06017 -1.23746e-09 -4.76624e-06 0.255084 -1.09828e-11 
2.50505e-08 2.62919e-08 0.0611917 5.06017 -2.34301e-09 -4.76624e-06 0.266331 -1.0742e-11 
2.50505e-08 2.62919e-08 0.0611917 5.06017 -3.44143e-09 -4.76624e-06 0.277508 -1.08484e-11 
2.50505e-08 2.62919e-08 0.0611917 5.06017 -4.53031e-09 -4.76624e-06 0.28859 -1.08454e-11 
2.50505e-08 2.62919e-08 0.0611917 5.06017 -5.6085e-09 -4.76624e-06 0.299566 -1.06955e-11 
2.50505e-08 2.62919e-08 0.0611917 5.06017 -6.6778e-09 -4.76624e-06 0.310448 -1.08339e-11 
2.50505e-08 2.62919e-08 0.0611917 5.06017 -7.74292e-09 -4.76624e-06 0.321275 -1.08246e-11 
2.50505e-08 2.62919e-08 0.0611917 5.06017 -8.80874e-09 -4.76624e-06 0.332086 -1.08098e-11 
2.50505e-08 2.62919e-08 0.0611917 5.06017 -9.86985e-09 -4.76624e-06 0.34282 -1.05286e-11 
2.50505e-08 2.62919e-08 0.0611917 5.06017 -1.08823e-08 -4.76624e-06 0.353053 -1.03387e-11 
4.10642e-08 2.6294e-08 0.0611917 5.06017 1.56647e-07 -4.76421e-06 0.361748 4.39704e-09 
97.4208 3.75101e-07 15.7114 5 -1.4 6.22071 0.36849 9.48228e-09 
760.741 407.979 32.9823 5 -1.4 6.27996 0.372333 -1.21812e-08 
1427.22 1435 268.56 5.06017 -3.5064e-09 4.50685e-09 0.369 0 
1427.22 1435 268.56 5.06017 -3.5064e-09 4.50685e-09 0.369 0 
509.504 557.743 0.00989217 5.09963 0.0234182 -1.22049 5.75131e-08 1.19269e-14 
46.8391 48.7513 0.0113114 5.01044 2.22258e-13 -2.13186e-11 6.24304e-08 -2.76093e-17 
2.3628e-11 2.48709e-11 0.0113114 5.01044 5.52117e-14 -1.24446e-11 6.83222e-08 -2.76091e-17 
7.11782e-13 7.45912e-13 0.0113114 5.01044 5.5223e-14 -1.24444e-11 7.56023e-08 -2.76091e-17 
7.12265e-13 7.47833e-13 0.0113114 5.01044 5.52242e-14 -1.24445e-11 8.49944e-08 -2.76092e-17 
7.15237e-13 7.50142e-13 0.0113114 5.01044 5.52243e-14 -1.24445e-11 9.78582e-08 -2.76092e-17 
7.20532e-13 7.55707e-13 0.0113114 5.01044 5.52246e-14 -1.24445e-11 1.16923e-07 -2.76092e-17 
7.16421e-13 7.51794e-13 0.0113114 5.01044 5.52252e-14 -1.24445e-11 1.47997e-07 -2.76091e-17 
7.1556e-13 7.5099e-13 0.0113114 5.01044 5.52261e-14 -1.24445e-11 2.04042e-07 -2.76091e-17 
7.15626e-13 7.51078e-13 0.0113114 5.01044 5.52275e-14 -1.24445e-11 3.15089e-07 -2.76092e-17 
7.15489e-13 7.50948e-13 0.0113114 5.01044 5.52301e-14 -1.24445e-11 5.54018e-07 -2.76093e-17 
7.15383e-13 7.5084e-13 0.0113114 5.01044 5.52351e-14 -1.24445e-11 1.12485e-06 -2.76092e-17 
7.15334e-13 7.50788e-13 0.0113114 5.01044 5.52459e-14 -1.24445e-11 2.93635e-06 -2.76092e-17 
7.15318e-13 7.50769e-13 0.0113114 5.01044 5.52726e-14 -1.24445e-11 1.3754e-05 -2.76092e-17 
7.15314e-13 7.50764e-13 0.0113114 5.01044 5.53476e-14 -1.24445e-11 0.000116879 -2.76092e-17 
7.15314e-13 7.50763e-13 0.0113114 5.01044 5.56296e-14 -1.24445e-11 0.00100157 -2.76092e-17 
7.15316e-13 7.50764e-13 0.0113114 5.01044 5.69686e-14 -1.24445e-11 0.00517818 -2.76092e-17 
7.15317e-13 7.50765e-13 0.0113114 5.01044 5.47597e-14 -1.24445e-11 0.0157831 -2.76092e-17 
7.15317e-13 7.50766e-13 0.0113114 5.01044 5.16636e-14 -1.24445e-11 0.0273409 -2.76092e-17 
7.15318e-13 7.50766e-13 0.0113114 5.01044 4.86797e-14 -1.24445e-11 0.0388981 -2.76092e-17 
7.15318e-13 7.50766e-13 0.0113114 5.01044 4.56976e-14 -1.24445e-11 0.0504546 -2.76093e-17 
7.15318e-13 7.50766e-13 0.0113114 5.01044 4.27178e-14 -1.24445e-11 0.0620104 -2.76094e-17 
7.15318e-13 7.50766e-13 0.0113114 5.01044 3.97403e-14 -1.24445e-11 0.0735655 -2.76093e-17 
7.15318e-13 7.50766e-13 0.0113114 5.01044 3.67655e-14 -1.24445e-11 0.0851198 -2.7609e-17 
7.15318e-13 7.50766e-13 0.0113114 5.01044 3.37938e-14 -1.24445e-11 0.0966732 -2.76091e-17 
7.15318e-13 7.50767e-13 0.0113114 5.01044 3.08259e-14 -1.24445e-11 0.108225 -2.76092e-17 
7.15318e-13 7.50767e-13 0.0113114 5.01044 2.78629e-14 -1.24445e-11 0.119775 -2.7609e-17 
7.15318e-13 7.50767e-13 0.0113114 5.01044 2.4906e-14 -1.24445e-11 0.131323 -2.76093e-17 
7.15318e-13 7.50767e-13 0.0113114 5.01044 2.1957e-14 -1.24445e-11 0.142867 -2.76093e-17 
7.15318e-13 7.50767e-13 0.0113114 5.01044 1.90182e-14 -1.24445e-11 0.154407 -2.76091e-17 
7.15318e-13 7.50767e-13 0.0113114 5.01044 1.60923e-14 -1.24445e-11 0.165942 -2.7609e-17 
7.15318e-13 7.50767e-13 0.0113114 5.01044 1.31828e-14 -1.24445e-11 0.17747 -2.76093e-17 
7.15318e-13 7.50767e-13 0.0113114 5.01044 1.02935e-14 -1.24445e-11 0.188989 -2.76092e-17 
7.15318e-13 7.50768e-13 0.0113114 5.01044 7.42856e-15 -1.24445e-11 0.2005 -2.76092e-17 
7.15318e-13 7.50769e-13 0.0113114 5.01044 4.59272e-15 -1.24445e-11 0.212001 -2.76089e-17 
7.15318e-13 7.5077e-13 0.0113114 5.01044 1.79059e-15 -1.24445e-11 0.223491 -2.76088e-17 
7.15318e-13 7.50773e-13 0.0113114 5.01044 -9.73681e-16 -1.24445e-11 0.234971 -2.76093e-17 
7.15318e-13 7.50778e-13 0.0113114 5.01044 -3.69731e-15 -1.24445e-11 0.246442 -2.76091e-17 
7.15318e-13 7.50784e-13 0.0113114 5.01044 -6.37977e-15 -1.24445e-11 0.257906 -2.76097e-17 
7.15318e-13 7.50791e-13 0.0113114 5.01044 -9.0229e-15 -1.24445e-11 0.269367 -2.76097e-17 
7.15318e-13 7.50783e-13 0.0113114 5.01044 -1.16272e-14 -1.24445e-11 0.280826 -2.76085e-17 
7.15318e-13 7.50684e-13 0.0113114 5.01044 -1.41795e-14 -1.24445e-11 0.292281 -2.76104e-17 
7.15318e-13 7.50291e-13 0.0113114 5.01044 -1.66281e-14 -1.24445e-11 0.303723 -2.76087e-17 
7.15318e-13 7.50862e-13 0.0113114 5.01044 -1.88526e-14 -1.24447e-11 0.315128 -2.7609e-17 
7.15319e-13 7.54255e-13 0.0113114 5.01044 -2.06568e-14 -1.2445e-11 0.326475 -2.76103e-17 
7.15316e-13 7.45457e-13 0.0113114 5.01044 -2.18664e-14 -1.24431e-11 0.337761 -2.76158e-17 
7.15261e-13 4.5357e-11 0.0113114 5.01044 -4.8346e-14 3.6422e-11 0.349027 6.20831e-14 
1.88868e-12 270.389 0.0113106 5.20729 0.0491494 6.28 0.360123 -7.04404e-14 
12.4994 1571.11 259.26 5.01044 -1.42574e-14 8.71879e-14 0.369 0 
12.4994 1571.11 259.26 5.01044 -1.42574e-14 8.71879e-14 0.369 0 
23.1374 1599.04 259.874 5.65165 -1.2201 -0.042974 1.15369 -1.02859 
33.3159 1626.2 238.725 22.0564 -0.21753 -1.09921 -0.155694 -1.00718 
18.94 1634.56 234.975 23.992 -0.0399905 -2.13514 -0.165163 -0.985776 
1.58812 1624.45 234.334 23.303 0.435404 -3.15072 -0.153551 -0.964367 
-14.9866 1596.25 242.185 16.3271 0.815385 -4.14595 -0.141939 -0.942959 
-21.4686 1550.3 257.008 5 0.0405223 -5.12082 0.487145 -0.921551 
-10.9833 1486.97 258.344 5 -0.867704 -6.07527 1.05586 -0.159822 
-0.139987 1406.62 243.494 16.8674 -0.242991 -6.28 0.362615 0.0033903 
-6.9998 1322.64 239.438 19.4313 0.526867 -6.28 -0.0954898 0.0034103 
-17.9402 1238.66 249.03 11.6192 0.493992 -6.28 0.0450946 0.00340138 
-17.3704 1154.68 258.259 5.04951 -0.482919 -6.28 0.990633 0.00337586 
-6.74091 1070.68 250.266 11.7451 -0.0315545 -6.28 0.469262 0.00339054 
-6.11939 986.694 250.125 11.9531 0.152928 -6.28 0.434378 0.00339205 
-5.8657 902.707 253.266 9.66294 0.275791 -6.28 0.463736 0.00339355 
-2.27322 818.718 258.662 5.94977 0.0875679 -6.28 0.743365 0.0033973 
6.88164 734.725 260.81 5 0.0207356 -6.28 0.828185 0.00338695 
17.5815 650.73 261.793 5 0.0207356 -6.28 0.828185 0.00338171 
28.3166 566.735 262.777 5 0.0207358 -6.28 0.828181 0.500881 
39.0867 482.741 263.761 5 0.0207265 -5.74585 0.828346 0.643245 
49.8996 408.266 264.745 5 0.0211572 -5.07108 0.820928 0.621837 
60.757 345.817 265.736 5 0.00183246 -4.41692 0.827561 0.600429 
71.6659 295.026 266.383 5.25681 0.000569634 -3.78338 0.811265 0.57902 
82.2407 255.527 267 5.51375 -0.000684952 -3.17047 0.794959 0.557612 
92.4798 226.951 267.587 5.77068 -0.00193918 -2.57822 0.778653 0.536204 
102.382 208.931 268.145 6.02762 -0.00319256 -2.00663 0.762347 0.514796 
111.945 201.098 268.673 6.28454 -0.00444549 -1.45572 0.746041 0.493388 
121.169 203.083 269.171 6.54144 -0.0057003 -0.925512 0.729735 0.47198 
130.052 214.518 269.639 6.79835 -0.00696007 -0.41601 0.713429 0.450571 
138.592 235.034 270.078 7.05534 -0.00822313 0.0727654 0.697122 0.429163 
146.788 264.262 270.487 7.31244 -0.00947675 0.540801 0.680816 0.407755 
154.639 301.83 270.866 7.56951 -0.0107024 0.988082 0.66451 0.386347 
162.143 347.371 271.216 7.82617 -0.0119058 1.41459 0.648204 0.364939 
169.299 400.513 271.538 8.08217 -0.0131558 1.82032 0.631898 0.343531 
176.108 460.975 271.829 8.33822 -0.0145633 2.20525 0.615592 0.322122 
182.567 528.297 272.089 8.59644 -0.0161166 2.56936 0.599286 0.300714 
188.672 602.109 272.313 8.85857 -0.0174453 2.91265 0.58298 0.279306 
194.417 682.039 272.506 9.1211 -0.017895 3.23509 0.566673 0.257898 
199.798 767.716 272.684 9.37207 -0.0174166 3.53667 0.550367 0.23649 
204.831 858.768 272.863 9.60023 -0.0179814 3.81738 0.534061 0.215082 
209.549 954.823 273.025 9.82238 -0.0234179 4.0772 0.517755 0.193673 
213.961 1055.51 273.084 10.1053 -0.0346382 4.31611 0.501449 0.172265 
217.979 1160.45 272.935 10.5203 -0.0412655 4.53411 0.485143 0.150857 
221.404 1269.28 272.656 10.9898 -0.0210914 4.73117 0.468837 0.129449 
224.145 1381.63 272.723 11.144 0.0345209 4.90729 0.452531 0.108041 
226.65 1497.11 273.777 10.5392 0.071603 5.06244 0.436224 0.0866327 
230.045 1615.35 275.509 9.51456 -0.0376242 5.19661 0.419918 0.0652245 
235.007 1735.99 275.324 10.1028 -0.360949 5.30979 0.403612 0.0438163 
239.239 1858.64 269.36 15.0196 -0.621567 5.40197 0.387306 0.0224082 
236.33 1982.94 258.61 22.9119 -0.09 5.47314 0.369 0 
236.33 1982.94 258.61 22.9119 -0.09 5.47314 0.369 0 
181.318 2503 259.133 14.8017 0.287852 -1.51563 -0.188388 -0.106531 
174.031 2500.07 288.902 5 0.176021 -6.27994 0.218576 0.000512156 
229.859 2140.59 311.479 5 0.176021 -6.27993 0.218576 0.00118042 
289.072 1781.11 334.056 5 0.176021 -6.27993 0.218576 0.00383062 
351.671 1421.62 356.633 5 0.176021 -6.27993 0.218576 0.00490604 
417.654 1062.14 379.21 5 0.176021 -6.27991 0.218576 0.0121045 
487.022 702.663 401.787 5 0.176021 -6.27986 0.218576 0.0648777 
559.774 343.187 424.364 5 0.176021 -6.06808 0.218576 0.0305192 
635.925 -0.443281 446.941 5 0.176023 -1.4774 0.218576 6.46859e-05 
715.733 -0.561144 469.518 5 0.176023 -1.47669 0.218576 0.000583058 
798.927 -0.625781 492.095 5 0.176023 -1.47669 0.218576 0.0004062 
885.505 -0.690716 514.672 5 0.176023 -1.47673 0.218576 0.000132529 
975.469 -0.758926 537.25 5 0.176023 -1.47674 0.218576 -6.72499e-06 
1068.82 -0.827976 559.827 5 0.176023 -1.47697 0.218576 0.000251062 
1165.55 -0.913506 582.404 5 0.176023 -1.47678 0.218576 -3.04732e-05 
1265.67 -0.985074 604.981 5 0.176022 -1.4769 0.218599 0.000319173 
1369.17 -1.06542 627.558 5 0.176276 -1.47698 0.214226 1.19471e-05 
1476.06 -1.15176 650.154 5 0.127638 -1.47698 0.372308 1.03731e-05 
1586.41 -1.23815 669.11 5 -0.10754 -1.47702 0.860183 -6.50884e-06 
1699.95 -1.32818 656.445 5 -0.106594 -1.4785 0.843877 5.16238e-05 
1811.59 -1.5288 643.851 5 -0.105648 -1.4763 0.827571 -4.33099e-06 
1921.34 -1.5652 631.327 5 -0.104702 -1.47638 0.811265 1.87548e-05 
2029.22 -1.60759 618.874 5 -0.103756 -1.47692 0.794959 5.33317e-06 
2135.22 -1.69045 606.492 5 -0.10281 -1.47697 0.778653 -6.63029e-06 
2239.37 -1.77638 594.18 5 -0.101864 -1.47684 0.762347 1.56097e-05 
2341.67 -1.85251 581.94 5 -0.100918 -1.47694 0.746041 -1.25571e-06 
2442.13 -1.9366 569.77 5 -0.0999718 -1.47682 0.729735 -3.59036e-06 
2540.77 -2.01159 557.671 5 -0.0990258 -1.47685 0.713429 8.64112e-06 
2637.59 -2.08849 545.643 5 -0.0980797 -1.47679 0.697122 -9.69907e-07 
2732.61 -2.16119 533.685 5 -0.0971337 -1.47667 0.680816 7.73031e-07 
2825.83 -2.22481 521.799 5 -0.0961877 -1.47677 0.66451 1.13391e-06 
2917.27 -2.29624 509.983 5 -0.0952416 -1.47629 0.648204 -3.49822e-06 
3006.93 -2.33146 498.238 5 -0.0942956 -1.47642 0.631898 -1.84946e-06 
3094.84 -2.37685 486.563 5 -0.0933496 -1.47632 0.615592 -1.63115e-06 
3180.99 -2.41429 474.96 5 -0.0924035 -1.47622 0.599286 -1.72702e-06 
3265.4 -2.44433 463.427 5 -0.0914575 -1.47615 0.58298 -1.51356e-06 
3348.08 -2.46913 451.965 5 -0.0905115 -1.47605 0.566673 -0.00026072 
3429.04 -2.48686 440.574 5 -0.0895655 -1.53209 0.550367 0.000453119 
3508.29 -6.69738 429.254 5 -0.0886194 -1.41809 0.534061 -8.79295e-05 
3585.85 -2.37757 418.004 5 -0.0876733 -1.44371 0.517755 -9.72817e-05 
3661.71 0.0252685 406.825 5 -0.0867273 -1.47831 0.501449 -6.05638e-06 
3735.9 -0.161154 395.718 5 -0.0857813 -1.48067 0.485143 -1.63751e-05 
3808.42 -0.523914 384.68 5 -0.0848353 -1.48979 0.468837 3.47688e-05 
3879.29 -1.56965 373.714 5 -0.0838892 -1.46772 0.452531 3.67094e-07 
3948.51 -0.963531 362.818 5 -0.0829432 -1.47054 0.436224 -9.64823e-05 
4016.09 -0.568283 351.994 5 -0.0819972 -1.48952 0.419918 1.10815e-05 
4082.05 -1.59352 341.24 5 -0.0810511 -1.47973 0.403612 0.000184876 
4146.4 -1.88608 330.556 5 -0.6949 -0.790193 0.387306 0.00232333 
4210.1 49.4171 273.94 40 -0.00256171 -0.00461523 0.369 0 
4210.1 49.4171 273.94 40 -0.00256171 -0.00461523 0.369 0 
1816.74 6.68327e-12 0.006441 39.9946 1.39587 -6.2752 0.230055 7.23702e-15 
17.7557 -6.625e-13 0.00728751 5.41532 0.103677 -6.07197 1.57844e-08 4.71571e-15 
3.08085e-13 -1.54941e-13 0.00786173 5.00688 -9.44705e-05 -5.93085 1.70564e-08 1.85788e-15 
2.00404e-13 1.42477e-13 0.00786173 5.00688 -9.40199e-05 -5.90256 1.85255e-08 1.28007e-15 
2.00414e-13 1.9742e-13 0.00786173 5.00688 -9.39328e-05 -5.89709 2.02407e-08 1.1672e-15 
2.00415e-13 2.07968e-13 0.00786173 5.00688 -9.39167e-05 -5.89608 2.22682e-08 1.14622e-15 
2.00416e-13 2.09923e-13 0.00786173 5.00688 -9.39138e-05 -5.8959 2.46999e-08 1.14245e-15 
2.00416e-13 2.10274e-13 0.00786173 5.00688 -9.39133e-05 -5.89587 2.76677e-08 1.14179e-15 
2.00416e-13 2.10335e-13 0.00786173 5.00688 -9.39132e-05 -5.89586 3.13677e-08 1.14168e-15 
2.00416e-13 2.10346e-13 0.00786173 5.00688 -9.39132e-05 -5.89586 3.61044e-08 1.14166e-15 
2.00416e-13 2.10347e-13 0.00786173 5.00688 -9.39132e-05 -5.89586 4.23785e-08 1.14166e-15 
2.00416e-13 2.10348e-13 0.00786173 5.00688 -9.39132e-05 -5.89586 5.10739e-08 1.14166e-15 
2.00416e-13 2.10348e-13 0.00786173 5.00688 -9.39132e-05 -5.89586 6.39177e-08 1.14166e-15 
2.00416e-13 2.10348e-13 0.00786173 5.00688 -9.39132e-05 -5.89586 8.49436e-08 1.14166e-15 
2.00416e-13 2.10348e-13 0.00786173 5.00688 -9.39132e-05 -5.89586 1.46544e-07 1.14166e-15 
2.00416e-13 2.10348e-13 0.00786173 5.00688 -9.39132e-05 -5.89586 1.07841e-05 1.14166e-15 
2.00416e-13 2.10348e-13 0.00786173 5.00688 -9.39132e-05 -5.89586 0.00245235 1.14166e-15 
2.00416e-13 2.10348e-13 0.00786173 5.00688 -9.39132e-05 -5.89586 0.0134359 1.14166e-15 
2.00416e-13 2.10348e-13 0.00786173 5.00688 -9.39132e-05 -5.89586 0.0250234 1.14166e-15 
2.00416e-13 2.10348e-13 0.00786173 5.00688 -9.39132e-05 -5.89586 0.0366095 1.14166e-15 
2.00416e-13 2.10348e-13 0.00786173 5.00688 -9.39132e-05 -5.89586 0.0481939 1.14166e-15 
2.00416e-13 2.10348e-13 0.00786173 5.00688 -9.39132e-05 -5.89586 0.0597769 1.14166e-15 
2.00416e-13 2.10348e-13 0.00786173 5.00688 -9.39132e-05 -5.89586 0.0713584 1.14166e-15 
2.00416e-13 2.10348e-13 0.00786173 5.00688 -9.39132e-05 -5.89586 0.0829384 1.14166e-15 
2.00416e-13 2.10348e-13 0.00786173 5.00688 -9.39132e-05 -5.89586 0.0945171 1.14166e-15 
2.00416e-13 2.10348e-13 0.00786173 5.00688 -9.39132e-05 -5.89586 0.106094 1.14166e-15 
2.00416e-13 2.10348e-13 0.00786173 5.00688 -9.39132e-05 -5.89586 0.117671 1.14166e-15 
2.00416e-13 2.10348e-13 0.00786173 5.00688 -9.39132e-05 -5.89586 0.129245 1.14166e-15 
2.00416e-13 2.10348e-13 0.00786173 5.00688 -9.39132e-05 -5.89586 0.140819 1.14166e-15 
2.00416e-13 2.10348e-13 0.00786173 5.00688 -9.39132e-05 -5.89586 0.152392 1.14165e-15 
2.00416e-13 2.10348e-13 0.00786173 5.00688 -9.39132e-05 -5.89586 0.163962 1.14165e-15 
2.00416e-13 2.10348e-13 0.00786173 5.00688 -9.39132e-05 -5.89586 0.175532 1.14165e-15 
2.00416e-13 2.10348e-13 0.00786173 5.00688 -9.39132e-05 -5.89586 0.187098 1.14166e-15 
2.00416e-13 2.10347e-13 0.00786173 5.00688 -9.39132e-05 -5.89586 0.198662 1.14167e-15 
2.00416e-13 2.10347e-13 0.00786173 5.00688 -9.39132e-05 -5.89586 0.210221 1.14162e-15 
2.00416e-13 2.10351e-13 0.00786173 5.00688 -9.39132e-05 -5.89586 0.221774 1.14158e-15 
2.00416e-13 2.10355e-13 0.00786173 5.00688 -9.39133e-05 -5.89586 0.233318 1.14177e-15 
2.00416e-13 2.10337e-13 0.00786173 5.00688 -9.39132e-05 -5.89586 0.244854 1.14227e-15 
2.00416e-13 2.10289e-13 0.00786173 5.00688 -9.39128e-05 -5.89583 0.256379 1.14364e-15 
2.00416e-13 2.1016e-13 0.00786173 5.00688 -9.39115e-05 -5.89575 0.267894 1.14553e-15 
2.00416e-13 2.0998e-13 0.00786173 5.00688 -9.39091e-05 -5.8956 0.279401 1.1143e-15 
2.00416e-13 2.12921e-13 0.00786173 5.00688 -9.39265e-05 -5.89669 0.2909 1.12664e-15 
2.00416e-13 2.11785e-13 0.00786173 5.00688 -9.39362e-05 -5.8973 0.302393 6.08997e-16 
2.00425e-13 2.61132e-13 0.00786173 5.00688 -9.42759e-05 -5.91863 0.313873 -1.47898e-15 
2.00459e-13 4.7505e-13 0.00786173 5.00688 -9.59502e-05 -6.02374 0.325315 -5.99583e-15 
2.00531e-13 1.22057e-12 0.00786173 5.00687 -0.000102782 -6.27458 0.336663 2.74626e-13 
2.10607e-13 -3.92807e-11 0.00786173 5.00639 1.39534 4.62854 0.347936 4.03342e-14 
1.42665e-12 3.81689e-11 0.00786174 5.00691 1.39536 6.27498 0.358706 -1.59681e-13 
504.043 2899.62 281.86 5.00694 -5.14363e-14 4.5102e-14 0.369 0 
504.043 2899.62 281.86 5.00694 -5.14363e-14 4.5102e-14 0.369 0 
2.276e-10 1029.54 0.0117368 5.01064 -6.63976e-05 -4.16844 2.24382e-06 7.77262e-14 
2.98404e-11 82.1986 0.0117373 5.01081 -5.8407e-13 -3.89134e-11 2.418e-06 -5.21704e-18 
2.98426e-11 6.57868e-11 0.0117373 5.01081 -1.99949e-13 -6.00378e-12 2.61871e-06 -5.21138e-18 
2.98426e-11 3.13204e-11 0.0117373 5.01081 -5.59096e-14 -3.97088e-12 2.85267e-06 -5.21969e-18 
2.98426e-11 3.13215e-11 0.0117373 5.01081 -9.14164e-15 -2.99866e-12 3.12939e-06 -5.2255e-18 
2.98426e-11 3.13215e-11 0.0117373 5.01081 4.68769e-15 -2.55923e-12 3.4628e-06 -5.23296e-18 
2.98426e-11 3.13215e-11 0.0117373 5.01081 8.45434e-15 -2.36768e-12 3.87447e-06 -5.2403e-18 
2.98426e-11 3.13215e-11 0.0117373 5.01081 9.38347e-15 -2.28627e-12 4.39977e-06 -5.24505e-18 
2.98426e-11 3.13215e-11 0.0117373 5.01081 9.57713e-15 -2.25232e-12 5.10016e-06 -5.25424e-18 
2.98426e-11 3.13215e-11 0.0117373 5.01081 9.60207e-15 -2.23836e-12 6.08822e-06 -5.25565e-18 
2.98426e-11 3.13215e-11 0.0117373 5.01081 9.59724e-15 -2.23269e-12 7.58196e-06 -5.27045e-18 
2.98426e-11 3.13215e-11 0.0117373 5.01081 9.59161e-15 -2.23041e-12 1.00586e-05 -5.28158e-18 
2.98426e-11 3.13215e-11 0.0117373 5.01081 9.58884e-15 -2.2295e-12 1.50668e-05 -5.28384e-18 
2.98426e-11 3.13215e-11 0.0117373 5.01081 9.58749e-15 -2.22913e-12 3.20181e-05 -5.29181e-18 
2.98426e-11 3.13215e-11 0.0117373 5.01081 9.58327e-15 -2.22899e-12 0.000135737 -5.30963e-18 
2.98426e-11 3.13215e-11 0.0117373 5.01081 9.57631e-15 -2.22893e-12 0.000862209 -5.3173e-18 
2.98426e-11 3.13215e-11 0.0117373 5.01081 9.66302e-15 -2.2289e-12 0.00482961 -5.3314e-18 
2.98426e-11 3.13215e-11 0.0117373 5.01081 8.67793e-15 -2.22889e-12 0.0155256 -5.34404e-18 
2.98426e-11 3.13215e-11 0.0117373 5.01081 8.01972e-15 -2.22889e-12 0.0271084 -5.35278e-18 
2.98426e-11 3.13215e-11 0.0117373 5.01081 7.47077e-15 -2.22888e-12 0.0386905 -5.37238e-18 
2.98426e-11 3.13215e-11 0.0117373 5.01081 6.90568e-15 -2.22888e-12 0.0502718 -5.37861e-18 
2.98426e-11 3.13215e-11 0.0117373 5.01081 6.33532e-15 -2.22888e-12 0.061852 -5.38818e-18 
2.98426e-11 3.13215e-11 0.0117373 5.01081 5.76339e-15 -2.22888e-12 0.073431 -5.40596e-18 
2.98426e-11 3.13215e-11 0.0117373 5.01081 5.19106e-15 -2.22888e-12 0.0850083 -5.41177e-18 
2.98426e-11 3.13215e-11 0.0117373 5.01081 4.61872e-15 -2.22888e-12 0.0965836 -5.42841e-18 
2.98426e-11 3.13215e-11 0.0117373 5.01081 4.04648e-15 -2.22888e-12 0.108156 -5.444e-18 
2.98426e-11 3.13215e-11 0.0117373 5.01081 3.47441e-15 -2.22889e-12 0.119726 -5.45468e-18 
2.98426e-11 3.13215e-11 0.0117373 5.01081 2.90254e-15 -2.22889e-12 0.131292 -5.4641e-18 
2.98426e-11 3.13215e-11 0.0117373 5.01081 2.33093e-15 -2.22889e-12 0.142853 -5.47036e-18 
2.98426e-11 3.13215e-11 0.0117373 5.01081 1.7596e-15 -2.2289e-12 0.15441 -5.48864e-18 
2.98426e-11 3.13215e-11 0.0117373 5.01081 1.18866e-15 -2.2289e-12 0.165959 -5.48347e-18 
2.98426e-11 3.13215e-11 0.0117373 5.01081 6.18215e-16 -2.22891e-12 0.177502 -5.491e-18 
2.98426e-11 3.13215e-11 0.0117373 5.01081 4.85183e-17 -2.22892e-12 0.189036 -5.49142e-18 
2.98426e-11 3.13215e-11 0.0117373 5.01081 -5.19812e-16 -2.22892e-12 0.200561 -5.49116e-18 
2.98426e-11 3.13215e-11 0.0117373 5.01081 -1.0853e-15 -2.22892e-12 0.212075 -5.49521e-18 
2.98426e-11 3.13215e-11 0.0117373 5.01081 -1.64425e-15 -2.22891e-12 0.223578 -5.51567e-18 
2.98426e-11 3.13215e-11 0.0117373 5.01081 -2.18796e-15 -2.22886e-12 0.23507 -5.5144e-18 
2.98426e-11 3.13215e-11 0.0117373 5.01081 -2.69718e-15 -2.22872e-12 0.246553 -5.53507e-18 
2.98426e-11 3.13215e-11 0.0117373 5.01081 -3.13056e-15 -2.22833e-12 0.258027 -5.56544e-18 
2.98426e-11 3.13215e-11 0.0117373 5.01081 -3.39863e-15 -2.22737e-12 0.269499 -5.55915e-18 
2.98426e-11 3.13215e-11 0.0117373 5.01081 -3.31587e-15 -2.225e-12 0.280972 -5.61086e-18 
2.98426e-11 3.13215e-11 0.0117373 5.01081 -2.54786e-15 -2.21928e-12 0.292452 -5.63907e-18 
2.98426e-11 3.13215e-11 0.0117373 5.01081 -6.49765e-16 -2.20576e-12 0.30394 -5.59503e-18 
2.98426e-11 3.13215e-11 0.0117373 5.01081 2.38557e-15 -2.17463e-12 0.315425 -5.61273e-18 
2.98426e-11 3.13215e-11 0.0117373 5.01081 3.69041e-15 -2.10538e-12 0.326871 -5.44396e-18 
2.98382e-11 3.13215e-11 0.0117373 5.01081 -8.61853e-15 -1.95885e-12 0.338238 -5.43884e-18 
6.33232e-10 3.13214e-11 0.0117373 5.01081 -1.27228e-11 -1.1155e-12 0.349643 3.92298e-15 
1746.02 5.33301e-11 4.50522 5 -1.4 1.78709 0.361088 -5.12869e-15 
4141.75 80.348 0.00101541 5.01081 -4.50439e-13 6.16462e-14 0.369 0 
877.22 1199.83 1303.13 17.6579 0.298165 0 0.201326 0 
877.22 1199.83 1303.13 17.6579 0.298165 1.86923e-09 0.201326 9.81881e-06 
877.22 1199.83 1303.14 17.6525 0.297909 0.0230051 0.201446 -7.56985e-06 
2517.54 1183.59 1278.19 17.6752 0.297544 0.0348117 0.20094 -1.57056e-05 
2366.37 1267.16 1255.48 17.8133 0.295842 0.0696739 0.19787 -0.000131382 
2302.16 1945.01 1282.6 17.7249 0.297164 0.030021 0.199836 -5.66362e-05 
2274.81 2237.21 1294.31 17.6867 0.297735 0.0129047 0.200686 -2.43262e-05 
2263.12 2362.72 1299.32 17.6703 0.29798 0.00556774 0.201051 -1.04687e-05 
2258.12 2416.73 1301.47 17.6633 0.298084 0.00243094 0.201206 -4.55015e-06 
2255.98 2440.2 1302.39 17.6603 0.298129 0.00108343 0.201273 -2.00106e-06 
2255.05 2450.52 1302.78 17.659 0.298148 0.0005118 0.201302 -9.19211e-07 
2254.66 2455.26 1302.95 17.6584 0.298157 0.000269727 0.201314 -4.57902e-07 
2254.49 2457.63 1303.01 17.6582 0.29816 0.00017067 0.201319 -2.66694e-07 
2254.42 2459 1303.04 17.6581 0.298161 0.00013274 0.201321 -1.89866e-07 
2254.39 2459.98 1303.05 17.6581 0.298162 0.000122103 0.201322 -1.64102e-07 
2254.38 2460.82 1303.05 17.6581 0.298162 0.000123652 0.201322 -1.60443e-07 
2254.37 2461.65 1303.04 17.6581 0.298161 0.000131387 0.201322 -1.67691e-07 
2254.37 2462.51 1303.03 17.6581 0.298161 0.000142605 0.201321 -1.80395e-07 
2254.37 2463.44 1303.02 17.6581 0.298161 0.000156516 0.201321 -1.9703e-07 
2254.37 2464.46 1303.01 17.6582 0.29816 0.000172817 0.20132 -2.16645e-07 
2254.36 2465.57 1303 17.6582 0.29816 0.000191793 0.20132 -2.39544e-07 
2254.36 2466.81 1302.99 17.6582 0.298159 0.000213812 0.201319 -2.66173e-07 
2254.36 2468.18 1302.97 17.6582 0.298159 0.000239297 0.201318 -2.96707e-07 
2254.36 2469.71 1302.95 17.6583 0.298158 0.000269105 0.201317 -3.32164e-07 
2254.36 2471.42 1302.92 17.6583 0.298157 0.000304246 0.201316 -3.7402e-07 
2254.36 2473.35 1302.9 17.6584 0.298156 0.000345612 0.201315 -4.22518e-07 
2254.36 2475.52 1302.86 17.6585 0.298155 0.000395138 0.201314 -4.80333e-07 
2254.36 2478 1302.82 17.6585 0.298153 0.000454706 0.201312 -5.49103e-07 
2254.35 2480.82 1302.77 17.6586 0.298151 0.000527176 0.20131 -6.31992e-07 
2254.35 2484.08 1302.71 17.6587 0.298149 0.000616178 0.201307 -7.32051e-07 
2254.35 2487.85 1302.64 17.6589 0.298146 0.000727353 0.201304 -8.55291e-07 
2254.34 2492.25 1302.54 17.6591 0.298143 0.000868109 0.2013 -1.00779e-06 
2254.33 2497.45 1302.42 17.6593 0.298139 0.00105011 0.201295 -1.19986e-06 
2254.32 2503.63 1302.26 17.6596 0.298133 0.00129095 0.201289 -1.44521e-06 
2254.31 2511.07 1302.04 17.6599 0.298125 0.0016191 0.201281 -1.76585e-06 
2254.29 2520.16 1301.72 17.6604 0.298115 0.00208092 0.20127 -2.19088e-06 
2254.26 2531.45 1301.27 17.6611 0.2981 0.00275908 0.201255 -2.78057e-06 
2254.21 2545.77 1300.57 17.662 0.298077 0.00379179 0.201234 -3.60866e-06 
2254.13 2564.36 1299.46 17.6634 0.298043 0.00543973 0.201203 -4.84309e-06 
2253.99 2589.3 1297.62 17.6656 0.297987 0.0081629 0.201155 -6.77697e-06 
2253.74 2624.2 1294.5 17.6692 0.297893 0.0127773 0.201074 -1.00365e-05 
2253.32 2675.89 1289.2 17.6759 0.297729 0.0206166 0.200925 -1.59658e-05 
2252.63 2758.11 1280.49 17.6886 0.297444 0.033517 0.200643 -2.71276e-05 
2251.58 2897.83 1267.17 17.7122 0.296969 0.0532416 0.200119 -4.76103e-05 
2250.25 3143.05 1249.3 17.7469 0.296306 0.0797144 0.199347 -7.76284e-05 
2248.69 3542.85 1227.17 17.7786 0.295587 0.11247 0.198641 -0.000105554 
2245.89 4086.32 1193.14 17.773 0.294974 0.162774 0.198766 -0.000103938 
2235.96 4620.64 1108.49 17.7065 0.293924 0.287687 0.200244 -5.1309e-05 
2192.57 4909.73 866.567 17.6068 0.289807 0.6573 0.202444 -0.000682343 
2954.01 4886.62 207.673 22.692 1.79853e-05 0.0228791 0.200326 0 
2954.01 4886.62 207.673 22.692 1.79853e-05 0.0228791 0.200326 0 
2941.82 4910.18 207.517 21.3934 0.836369 0.213664 -0.188388 -0.860832 
2930.91 4936.54 219.649 11.5638 0.62702 -0.575708 -0.176775 -0.964227 
2931.95 4951.32 228.944 5 -0.918103 -1.52565 0.862652 -0.940181 
2941.41 4952.17 215.747 15.6201 -0.652916 -2.45539 0.525607 -0.905636 
2937.92 4939.41 206.187 22.0674 -0.0750952 -3.34618 -0.141939 -0.852469 
2926.41 4913.59 204.944 21.8874 -0.0734328 -4.17046 -0.130326 -0.764288 
2915.05 4875.69 203.73 21.6986 -0.0713612 -4.8905 -0.118714 -0.626054 
2903.88 4827.24 202.551 21.4973 -0.0701187 -5.46586 -0.107102 -0.445967 
2892.9 4770.35 201.395 21.2938 -0.0714376 -5.86922 -0.0954897 -0.256513 
2882.12 4707.56 200.224 21.1169 -0.0755686 -6.10017 -0.0838775 -0.0989761 
2871.51 4641.38 198.997 20.9955 -0.0787621 -6.19081 -0.0722652 -0.00159747 
2861.01 4573.87 197.726 20.9138 -0.0733389 -6.19512 -0.060653 0.0399318 
2850.56 4506.29 196.537 20.7719 -0.0539374 -6.16228 -0.0490407 0.0482597 
2840.24 4439.2 195.635 20.4198 -0.0291534 -6.12163 -0.0374285 0.043118 
2830.31 4372.7 195.523 20.2368 -0.0282585 -6.08528 -0.0258162 0.0358616 
2820.58 4306.74 195.429 20.0539 -0.0273648 -6.05524 -0.014204 0.0313935 
2811.06 4241.21 195.353 19.8709 -0.0264713 -6.02904 -0.00259175 0.0308615 
2801.76 4176.07 195.294 19.6879 -0.0255774 -6.0031 0.0090205 0.0338511 
2792.67 4111.31 195.253 19.505 -0.0246825 -5.97411 0.0206327 0.0397386 
2783.8 4046.98 195.229 19.322 -0.0237873 -5.93927 0.032245 0.048169 
2775.14 3983.15 195.222 19.139 -0.0228935 -5.89601 0.0438572 0.0589798 
2766.69 3919.96 195.233 18.956 -0.0220035 -5.84181 0.0554695 0.071968 
2758.46 3857.56 195.262 18.773 -0.0211173 -5.77423 0.0670817 0.0867341 
2750.45 3796.15 195.307 18.5901 -0.0202288 -5.69107 0.078694 0.102652 
2742.65 3735.97 195.37 18.4073 -0.0193268 -5.59062 0.0903062 0.118918 
2735.07 3677.25 195.451 18.2244 -0.018405 -5.4718 0.101918 0.134626 
2727.71 3620.28 195.549 18.0411 -0.0174788 -5.33435 0.113531 0.148848 
2720.57 3565.32 195.665 17.8575 -0.0165921 -5.17884 0.125143 0.160715 
2713.65 3512.63 195.798 17.6741 -0.0157913 -5.00671 0.136755 0.169487 
2706.95 3462.48 195.948 17.4917 -0.0150557 -4.8202 0.148367 0.174617 
2700.47 3415.05 196.112 17.311 -0.0142343 -4.62221 0.15998 0.175797 
2694.21 3370.53 196.293 17.131 -0.0130919 -4.41612 0.171592 0.172969 
2688.17 3329.02 196.495 16.9478 -0.0115527 -4.20565 0.183204 0.166318 
2682.35 3290.61 196.723 16.7575 -0.0100469 -3.99455 0.194816 0.156241 
2676.76 3255.28 196.978 16.5611 -0.00957161 -3.7865 0.206429 0.143301 
2671.42 3223.01 197.245 16.3706 -0.0109592 -3.58489 0.218041 0.128177 
2666.31 3193.69 197.496 16.2062 -0.0133513 -3.39271 0.229653 0.111616 
2661.4 3167.18 197.716 16.0768 -0.0130988 -3.21244 0.241265 0.0943856 
2656.65 3143.32 197.942 15.9493 -0.00540768 -3.04603 0.252878 0.0772318 
2652.06 3121.9 198.284 15.7408 0.00987697 -2.89488 0.26449 0.0608456 
2647.72 3102.69 198.855 15.3742 0.0213629 -2.75984 0.276102 0.0458289 
2643.83 3085.46 199.603 14.9071 0.00717342 -2.6413 0.287714 0.0326669 
2640.51 3069.97 200.155 14.6353 -0.0462126 -2.53928 0.299327 0.0217029 
2637.54 3055.97 199.929 14.9772 -0.110996 -2.45353 0.310939 0.0131192 
2634.19 3043.23 198.747 16.0014 -0.101763 -2.38365 0.322551 0.00692369 
2629.6 3031.52 197.676 16.8172 0.0749334 -2.32928 0.334163 0.00294475 
2623.96 3020.6 199.175 15.5773 0.387278 -2.29021 0.345776 0.000833969 
2619.74 3010.25 205.281 10.9654 0.547489 -2.26651 0.357388 7.56146e-05 
2621.06 3000.25 213.844 5 0.0899998 -2.25872 0.369 0 
2621.06 3000.25 213.844 5 0.0899998 -2.25872 0.369 0 
2632.2 2987.27 215.571 5 -1.35775 -2.8874 1.15369 -0.935793 
2643.98 2961.82 188.582 24.7762 -0.127349 -4.50731 -0.176775 -0.752832 
2622.73 2904.26 185.37 24.5932 -0.126456 -5.77425 -0.165163 -0.236345 
2601.63 2821.57 182.181 24.4102 -0.125562 -6.13685 -0.153551 0.0389499 
2580.69 2731.69 179.015 24.2273 -0.124668 -6.07465 -0.141939 0.0170925 
2559.91 2643.04 175.873 24.0443 -0.123774 -6.05101 -0.130326 0.00337021 
2539.3 2554.86 172.755 23.8613 -0.122882 -6.04917 -0.118714 0.00381342 
2518.86 2466.72 169.66 23.6783 -0.121993 -6.04652 -0.107102 0.00569039 
2498.58 2378.63 166.589 23.4954 -0.121102 -6.04068 -0.0954897 0.00640669 
2478.47 2290.65 163.541 23.3126 -0.120197 -6.03346 -0.0838775 0.00635813 
2458.53 2202.82 160.517 23.1295 -0.119273 -6.02611 -0.0722652 0.0062514 
2438.77 2115.13 157.517 22.946 -0.118364 -6.01871 -0.060653 0.0062672 
2419.17 2027.59 154.541 22.7623 -0.117556 -6.01105 -0.0490407 0.00626085 
2399.75 1940.2 151.587 22.58 -0.116879 -6.00314 -0.0374285 0.0060675 
2380.49 1852.97 148.652 22.4009 -0.116068 -5.99532 -0.0258162 0.00557774 
2361.41 1765.9 145.739 22.2226 -0.114531 -5.98816 -0.014204 0.00469085 
2342.5 1678.96 142.861 22.0339 -0.112142 -5.98248 -0.00259174 0.0032967 
2323.76 1592.14 140.038 21.8234 -0.110857 -5.97936 0.00902051 0.0013537 
2305.26 1505.38 137.246 21.6106 -0.114754 -5.9801 0.0206328 -0.000931013 
2286.97 1418.6 134.384 21.4739 -0.124151 -5.98564 0.032245 -0.0028697 
2268.8 1331.72 131.34 21.4865 -0.12461 -5.99546 0.0438572 -0.00314367 
2250.49 1244.63 128.287 21.4943 -0.088282 -6.00585 0.0554695 7.66889e-05 
2232.02 1157.35 125.954 20.9452 -0.0169399 -6.00823 0.0670817 0.00863432 
2214.31 1070.01 126.437 20.7622 -0.0160447 -5.98833 0.078694 0.0236408 
2196.91 983.073 126.944 20.5792 -0.0151506 -5.92731 0.0903062 0.0448452 
2179.82 897.343 127.475 20.3963 -0.014257 -5.80492 0.101918 0.070481 
2163.05 814.04 128.03 20.2133 -0.0133638 -5.60381 0.113531 0.0976991 
2146.59 734.726 128.608 20.0303 -0.01247 -5.31344 0.125143 0.123363 
2130.45 661.172 129.209 19.8474 -0.0115741 -4.93206 0.136755 0.144821 
2114.62 595.182 129.835 19.6644 -0.0106765 -4.46637 0.148367 0.160374 
2099.12 538.429 130.483 19.4813 -0.0097835 -3.9293 0.15998 0.169355 
2083.95 492.329 131.156 19.2983 -0.008905 -3.33705 0.171592 0.171934 
2069.1 457.977 131.851 19.1155 -0.00803661 -2.70636 0.183204 0.168813 
2054.58 436.134 132.57 18.9331 -0.00713322 -2.05268 0.194816 0.160942 
2040.39 427.256 133.312 18.7504 -0.00612784 -1.38915 0.206429 0.149319 
2026.53 431.54 134.08 18.5661 -0.0050631 -0.726422 0.218041 0.13489 
2013 448.969 134.875 18.3793 -0.0042646 -0.0729159 0.229653 0.118521 
1999.81 479.361 135.692 18.1945 -0.00417676 0.564777 0.241265 0.101012 
1986.96 522.401 136.517 18.022 -0.00442038 1.18141 0.252878 0.0831296 
1974.42 577.672 137.342 17.8654 -0.00265688 1.77264 0.26449 0.065633 
1962.18 644.67 138.207 17.6923 0.00403625 2.33465 0.276102 0.0492657 
1950.25 722.816 139.21 17.4303 0.0124378 2.86365 0.287714 0.0347157 
1938.78 811.454 140.388 17.0653 0.00582432 3.35523 0.299327 0.0225407 
1927.94 909.843 141.447 16.8371 -0.0348241 3.80325 0.310939 0.0130851 
1917.54 1017.12 141.707 17.2416 -0.0830015 4.19789 0.322551 0.00642197 
1906.53 1132.22 140.998 18.3107 -0.0196329 4.52267 0.334163 0.00234278 
1893.77 1253.77 141.512 18.2752 0.277552 4.75071 0.345776 0.000391246 
1880.98 1379.84 147.922 13.7494 0.595514 4.84393 0.357388 -9.69799e-05 
1875.5 1507.75 160.783 5 0.0899996 4.76444 0.369 0 
1875.5 1507.75 160.783 5 0.0899996 4.76444 0.369 0 
1896.09 1744.31 163.567 5 -0.808835 3.04457 1.15369 -1.01095 
1917.5 1917.11 133.028 26.036 -0.159541 -0.722402 -0.176776 -0.933751 
1873.56 1950.3 125.31 25.8531 -0.158649 -4.22348 -0.165163 -0.535234 
1829.48 1853.69 117.637 25.6701 -0.157756 -6.18303 -0.153551 -0.00317938 
1785.32 1684.44 110.007 25.4871 -0.156863 -6.20361 -0.141939 0.00357168 
1741.13 1514.42 102.422 25.3042 -0.155969 -6.19716 -0.130327 0.0041477 
1696.93 1344.64 94.8802 25.1212 -0.155076 -6.18839 -0.118714 0.00374456 
1652.7 1175.18 87.3826 24.9382 -0.154183 -6.1808 -0.107102 0.00372693 
1608.47 1006.01 79.9291 24.7553 -0.153289 -6.17291 -0.0954898 0.0038713 
1564.22 837.123 72.5196 24.5723 -0.152395 -6.16407 -0.0838775 0.00405648 
1519.97 668.567 65.1541 24.3893 -0.1515 -6.15404 -0.0722653 0.00429015 
1475.71 500.382 57.8326 24.2063 -0.150613 -6.14255 -0.060653 0.00460156 
1431.45 332.624 50.5549 24.0234 -0.149745 -6.12916 -0.0490408 0.00501547 
1387.19 165.361 43.3202 23.8413 -0.148823 -6.11328 -0.0374285 0.00556583 
1342.94 -1.3139 36.1305 23.6582 -0.147607 -6.0941 -0.0258163 0.00632144 
1298.69 -167.278 28.9968 23.466 -0.146463 -6.07038 -0.014204 0.00745268 
1254.49 -332.363 21.917 23.2689 -0.148572 -6.03987 -0.0025918 0.00943832 
1210.35 -496.317 14.7707 23.16 -0.155495 -5.99758 0.00902044 0.0133614 
1166.01 -658.704 7.37416 23.2536 -0.136075 -5.93208 0.0206327 0.0182782 
1120.83 -818.662 0.692085 22.7579 -0.0203162 -5.83592 0.0322449 0.00192648 
1076.54 -975.056 0.00102828 22.5749 -0.0194225 -5.83097 0.0438572 -0.00159294 
1032.74 -1131.27 0.00102828 22.392 -0.0185293 -5.8471 0.0554694 -1.78895e-05 
989.489 -1288.08 0.00102828 22.209 -0.0176359 -5.85357 0.0670817 0.00051864 
946.777 -1445.13 0.00102828 22.026 -0.0167424 -5.85642 0.0786939 7.94731e-06 
904.609 -1602.28 0.00102828 21.843 -0.0158489 -5.86273 0.0903062 -0.00106384 
862.983 -1759.67 0.00102828 21.6601 -0.0149554 -5.87716 0.101918 -0.0020331 
821.899 -1917.6 0.00102828 21.4771 -0.0140621 -5.90001 0.113531 0.00591602 
781.358 -2076.37 0.00102828 21.2941 -0.0131684 -5.85131 0.125143 0.0725964 
741.361 -2233.34 1.03797 21.1112 -0.0122733 -5.2168 0.136755 0.169812 
702.002 -2366.79 2.55011 20.9282 -0.0113788 -3.85637 0.148367 0.224877 
663.339 -2449.79 4.10629 20.7452 -0.0104843 -2.11888 0.15998 0.234598 
625.386 -2468.39 5.70652 20.5622 -0.00958977 -0.272289 0.171592 0.21822 
588.149 -2418.52 7.35078 20.3793 -0.00869527 1.54717 0.183204 0.184621 
551.631 -2301.2 9.03908 20.1963 -0.00780084 3.24265 0.194816 0.135574 
515.831 -2121.02 10.7714 20.0133 -0.00690661 4.70389 0.206429 0.0736396 
480.746 -1886.67 12.5478 19.8304 -0.00601277 5.7777 0.218041 0.0135546 
446.367 -1612.51 14.3681 19.6474 -0.00511874 6.28 0.229653 -0.0127745 
412.681 -1319.73 16.2325 19.4644 -0.00422226 6.19584 0.241265 -0.00251193 
379.674 -1030.06 18.141 19.2814 -0.00332656 6.06482 0.252878 -0.0001928 
347.349 -745.259 20.0936 19.0983 -0.00246138 6.09424 0.26449 -0.0014399 
315.712 -459.364 22.0891 18.916 -0.00164044 6.12494 0.276102 -0.000634835 
284.765 -172.331 24.1259 18.7356 -0.000570088 6.13591 0.287714 9.68025e-05 
254.506 115.108 26.2132 18.5496 0.00139826 6.14468 0.299327 0.000157611 
224.952 402.872 28.3844 18.334 0.0022547 6.1561 0.310939 5.14076e-05 
196.2 691.059 30.6002 18.1273 -0.00834254 6.16708 0.322551 -7.53196e-06 
168.235 979.652 32.4354 18.2505 -0.026758 6.176 0.334163 -1.72605e-05 
140.054 1268.58 33.5805 18.8443 0.0631912 6.18233 0.345776 -3.45235e-06 
110.127 1557.74 38.0251 16.7386 0.422072 6.18124 0.357388 -0.000385486 
86.52 1846.85 55.9 5 0.0899997 5.37923 0.369 0 
86.52 1846.85 55.9 5 0.0899997 5.37923 0.369 0 
89.2707 1876.68 56.5768 5 -0.0663556 5.26068 1.02923 -0.886289 
92.0403 1906 56.5791 5.38747 0.203511 4.9322 0.389976 -0.859218 
94.6516 1933.9 57.743 5.00001 0.0759268 4.61137 0.611544 -0.832489 
97.4168 1960.42 58.3591 5.00001 0.0759269 4.29806 0.611544 -0.805962 
100.186 1985.59 58.9752 5.00001 0.0759267 3.99217 0.611544 -0.779547 
102.96 2009.43 59.5914 5.00001 0.0759266 3.69368 0.611544 -0.753185 
105.738 2031.99 60.2075 5.00001 0.0759264 3.40255 0.611544 -0.72684 
108.52 2053.29 60.8236 5.00001 0.0759262 3.11881 0.611544 -0.700484 
111.307 2073.37 61.4397 5.00001 0.0759261 2.84247 0.611544 -0.674101 
114.098 2092.26 62.0559 5.00001 0.0759259 2.57357 0.611544 -0.647677 
116.894 2109.99 62.672 5.00001 0.0759258 2.31213 0.611544 -0.621206 
119.693 2126.58 63.2881 5.00001 0.0759257 2.0582 0.611544 -0.594686 
122.498 2142.09 63.9042 5.00001 0.0759255 1.81183 0.611544 -0.568118 
125.307 2156.53 64.5203 5.00001 0.0759254 1.57309 0.611544 -0.541509 
128.12 2169.94 65.1364 5.00001 0.0759253 1.34201 0.611544 -0.514868 
130.938 2182.35 65.7526 5.00001 0.0759251 1.11866 0.611544 -0.488211 
133.76 2193.8 66.3687 5.00001 0.075925 0.903092 0.611544 -0.461559 
136.587 2204.32 66.9848 5.00001 0.0759249 0.695368 0.611544 -0.43494 
139.419 2213.94 67.6009 5.00001 0.0759248 0.495538 0.611545 -0.408389 
142.255 2222.71 68.217 5.00001 0.0759247 0.303653 0.611545 -0.381948 
145.096 2230.64 68.8331 5.00001 0.0759246 0.119754 0.611545 -0.355672 
147.942 2237.78 69.4493 5.00001 0.0759245 -0.0561209 0.611545 -0.329623 
150.792 2244.16 70.0654 5.00001 0.0759244 -0.223948 0.611545 -0.303875 
153.647 2249.82 70.6815 5.00001 0.0759243 -0.383715 0.611545 -0.278516 
156.507 2254.79 71.2976 5.00001 0.0759242 -0.535424 0.611545 -0.253644 
159.372 2259.1 71.9137 5.00001 0.0759241 -0.679097 0.611545 -0.229373 
162.241 2262.79 72.5298 5.00001 0.075924 -0.814776 0.611545 -0.205822 
165.116 2265.9 73.1459 5.00001 0.075924 -0.942526 0.611545 -0.183124 
167.995 2268.46 73.762 5.00001 0.0759238 -1.06244 0.611547 -0.161413 
170.879 2270.5 74.3781 5.00001 0.075925 -1.17462 0.611526 -0.140827 
173.768 2272.06 74.9943 5.00001 0.0759124 -1.27922 0.611742 -0.121493 
176.662 2273.16 75.6103 5.00001 0.076039 -1.3764 0.60954 -0.103529 
179.561 2273.85 76.2269 5.00001 0.0747458 -1.46635 0.631886 -0.0871351 
182.466 2274.14 76.838 5 0.0878614 -1.54935 0.194829 -0.071971 
185.374 2274.08 77.5056 5.04017 -0.202076 -1.62535 0.580828 -0.0587119 
188.298 2273.69 76.9221 5.95736 -0.218813 -1.69485 0.582977 -0.0472421 
190.902 2273.01 76.26 6.90329 -0.19659 -1.75831 0.566672 -0.0374049 
193.171 2272.04 75.6873 7.7528 -0.146326 -1.81614 0.550367 -0.0290359 
195.137 2270.83 75.3255 8.41654 -0.0721052 -1.86864 0.534061 -0.0219841 
196.864 2269.4 75.2794 8.82111 0.0183581 -1.91602 0.517755 -0.0161225 
198.442 2267.76 75.6207 8.92049 0.114389 -1.95838 0.501449 -0.0113465 
199.98 2265.93 76.3756 8.70498 0.203486 -1.99572 0.485143 -0.00756524 
201.592 2263.95 77.5165 8.2062 0.272815 -2.02797 0.468836 -0.00469076 
203.38 2261.82 78.9598 7.49699 0.310899 -2.05501 0.45253 -0.0026269 
205.422 2259.58 80.5724 6.68582 0.309296 -2.0767 0.436224 -0.00126231 
207.759 2257.24 82.1837 5.90582 0.264043 -2.09288 0.419918 -0.000467779 
210.383 2254.84 83.6051 5.29938 0.176634 -2.10347 0.403612 -9.79392e-05 
213.237 2252.39 84.6536 5 0.0543776 -2.10842 0.387306 7.20572e-06 
216.213 2249.92 85.1768 5.06294 -0.0899996 -2.10715 0.369 0 
216.213 2249.92 85.1768 5.06294 -0.0899996 -2.10715 0.369 0 
265.634 2204.82 85.7195 7.77595 -0.461393 -6.2631 1.15369 1.02251 
299.182 1848.84 58.1545 27.7123 0.366246 2.81535 -0.176775 0.35549 
208.402 2172.07 90.1113 5 0.127788 6.25406 0.407952 -0.00268174 
259.112 2752.43 106.953 5 0.127788 6.25157 0.407952 -0.00248011 
312.346 3332.61 123.795 5 0.127788 6.24933 0.407952 -0.00243964 
368.104 3912.62 140.637 5 0.127788 6.24669 0.407952 -0.00240044 
426.386 4492.43 157.479 5 0.127788 6.24357 0.407952 -0.00237749 
487.192 5072 174.321 5 0.127788 6.23979 0.407952 -0.00238142 
550.522 5651.3 191.163 5 0.127788 6.23515 0.407952 -0.00241962 
616.377 6230.25 208.005 5 0.127788 6.2293 0.407952 -0.00248795 
684.755 6808.76 224.847 5 0.127788 6.2217 0.407952 -0.00256763 
755.657 7386.7 241.689 5 0.127788 6.21143 0.407952 -0.00269594 
829.083 7963.87 258.531 5 0.127788 6.1968 0.407952 -0.00320221 
905.032 8539.95 275.373 5 0.127788 6.17429 0.407952 -0.00385083 
983.504 9114.34 292.215 5 0.127788 6.13721 0.407952 -0.0112194 
1064.5 9685.96 309.056 5 0.127788 6.04958 0.407952 -0.103221 
1148.01 10251 325.898 5 0.127787 4.32862 0.407952 -0.489959 
1233.95 10687.4 342.74 5 0.127784 -1.65937 0.407952 -0.329083 
1322.05 10675.7 359.582 5 0.127781 -6.18963 0.407953 0.00270121 
1412.41 10325.3 376.423 5 0.127781 -6.08844 0.407953 -0.00204533 
1505.29 9982.32 393.265 5 0.127781 -6.15836 0.407953 -0.000785697 
1600.7 9634.17 410.106 5 0.127781 -6.18833 0.407953 -0.000170973 
1698.63 9283.77 426.948 5 0.127778 -6.20592 0.408002 9.73794e-05 
1799.08 8932.05 443.789 5 0.12832 -6.21775 0.398663 0.000225559 
1902.06 8579.45 460.671 5 0.0244428 -6.22631 0.591305 0.000290552 
2007.72 8226.21 469.782 5 -0.0636672 -6.23278 0.746037 0.000318869 
2114.88 7872.48 462.522 5 -0.0627214 -6.23788 0.729733 0.000328732 
2220.95 7518.38 455.333 5 -0.0617754 -6.24199 0.713427 0.000325926 
2325.94 7163.96 448.216 5 -0.0608294 -6.24537 0.697122 0.000314995 
2429.86 6809.3 441.168 5 -0.0598834 -6.2482 0.680816 0.000298804 
2532.72 6454.42 434.192 5 -0.0589374 -6.25061 0.66451 0.000279241 
2634.53 6099.36 427.286 5 -0.0579914 -6.25267 0.648204 0.000257605 
2735.31 5744.14 420.451 5 -0.0570454 -6.25447 0.631898 0.000234816 
2835.07 5388.8 413.687 5 -0.0560993 -6.25605 0.615591 0.000211552 
2933.8 5033.33 406.994 5 -0.0551533 -6.25744 0.599285 0.000188322 
3031.54 4677.76 400.371 5 -0.0542073 -6.25868 0.582979 0.000165524 
3128.27 4322.1 393.819 5 -0.0532613 -6.25979 0.566673 0.000143472 
3224.03 3966.35 387.338 5 -0.0523152 -6.26079 0.550367 0.000122425 
3318.81 3610.53 380.928 5 -0.0513692 -6.2617 0.534061 0.000102594 
3412.63 3254.65 374.589 5 -0.0504232 -6.26252 0.517755 8.41586e-05 
3505.5 2898.7 368.32 5 -0.0494771 -6.26328 0.501449 6.72712e-05 
3597.43 2542.69 362.122 5 -0.0485311 -6.26397 0.485143 5.20615e-05 
3688.43 2186.63 355.995 5 -0.0475851 -6.26461 0.468837 3.86401e-05 
3778.5 1830.52 349.938 5 -0.046639 -6.26519 0.45253 2.71005e-05 
3867.67 1474.38 343.953 5 -0.045693 -6.26574 0.436224 1.75243e-05 
3955.94 1118.18 338.038 5 -0.044747 -6.26625 0.419918 9.97587e-06 
4043.32 761.956 332.194 5 -0.0616741 -6.26672 0.403612 4.41143e-06 
4129.85 405.692 325.083 6.01721 -0.648673 -6.26691 0.387306 0.000302097 
4210.1 49.418 273.94 40 -0.0899996 -3.73358 0.369 0 
4210.1 49.418 273.94 40 -0.0899996 -3.73358 0.369 0 
4144.29 -3.95883 265.203 32.3799 1.4 1.81785 -0.188388 -0.21284 
4093.97 94.1549 297.462 5.65313 -1.4 -1.87919 0.426275 -0.25358 
4105.31 91.3256 254.477 40 -0.505084 -6.07342 0.000179329 0.00483209 
4038.61 -25.9077 234.411 40 -0.505084 -6.11622 0.000179156 0.000988122 
3970.81 -144.309 214.346 40 -0.505084 -6.09791 0.000179004 0.000894703 
3901.91 -262.211 194.281 40 -0.505084 -6.0787 0.000178818 0.000850627 
3831.92 -379.588 174.216 40 -0.505084 -6.05449 0.000178586 0.000931785 
3760.83 -496.304 154.151 40 -0.505084 -6.02354 0.000178289 0.0012919 
3688.65 -612.176 134.086 40 -0.505084 -5.98266 0.000177892 0.00199215 
3615.37 -726.933 114.021 40 -0.505083 -5.92801 0.000177341 0.00262242 
3540.99 -840.198 93.9556 40 -0.505083 -5.85861 0.000176337 0.00281195 
3465.52 -951.568 73.8904 40 -0.505084 -5.75073 0.000187446 0.00855069 
3388.95 -1060 53.8253 40 -0.505033 -5.373 -0.000677553 0.0312209 
3311.29 -1158.11 33.7616 40 -0.508499 -4.24433 0.0590724 0.050386 
3232.57 -1225.43 13.6032 40 -0.268269 -2.47893 0.00845272 0.014016 
3152.64 -1244.57 0.0010432 40 -0.0992165 -1.91209 -0.0142035 0.000572077 
3071.9 -1248.23 0.00124429 40 -0.170908 -1.88755 -0.0025917 -0.00401541 
2991.19 -1251.23 0.302074 40 -0.192964 -2.07269 0.00902046 -0.00177652 
2910.51 -1259.28 0.00100926 40 -0.166977 -2.16018 0.0206327 0.00110842 
2829.8 -1269.72 0.00102678 40 -0.0944944 -2.10301 0.0322449 0.00728796 
2749.04 -1278.59 0.00102678 39.4778 0.0229878 -1.69829 0.0438572 0.0220977 
2669.38 -1276.43 0.00102678 39.2007 0.0490078 -0.407296 0.0554694 0.0124008 
2590.33 -1239.03 0.00102678 39.0178 0.0499021 0.382544 0.0670817 0.00268404 
2511.7 -1180.07 0.00102678 38.8348 0.0507955 0.56962 0.0786939 -0.000272873 
2433.47 -1116.01 0.00102678 38.6518 0.0516889 0.551653 0.0903062 -6.8324e-05 
2355.65 -1052.45 0.00102678 38.4688 0.0525824 0.548463 0.101918 0.000843077 
2278.22 -988.965 0.00102678 38.2859 0.0534759 0.624631 0.113531 0.00243933 
2201.19 -923.406 0.00102678 38.1029 0.0543694 0.859978 0.125143 0.00579715 
2124.57 -851.424 0.00102678 37.9199 0.0552633 1.46474 0.136755 0.012946 
2048.37 -762.937 0.00103763 37.737 0.0561583 2.88351 0.148367 0.0178476 
1972.59 -635.732 6.59763 37.554 0.0570536 4.87331 0.15998 0.0075604 
1897.61 -454.224 13.2267 37.371 0.0579484 5.99871 0.171592 -0.00104144 
1823.43 -242.003 19.8883 37.188 0.058842 6.08071 0.183204 -0.00115011 
1750 -27.5443 26.5822 37.0051 0.059732 5.961 0.194816 -0.000111563 
1677.34 183.647 33.3084 36.8221 0.0606197 5.94982 0.206429 0.000119086 
1605.45 394.533 40.0669 36.6393 0.0615238 5.98323 0.218041 9.9618e-05 
1534.33 606.33 46.858 36.4563 0.0624725 6.0203 0.229653 5.99859e-05 
1463.98 819.139 53.683 36.2721 0.0633998 6.05173 0.241265 3.43521e-05 
1394.4 1032.8 60.5414 36.0875 0.0640134 6.0771 0.252878 1.96148e-05 
1325.61 1247.16 67.4246 35.9089 0.064198 6.09762 0.26449 1.09304e-05 
1257.58 1462.08 74.3207 35.7443 0.065548 6.11444 0.276102 5.65818e-06 
1190.29 1677.46 81.2608 35.5669 0.0716278 6.12842 0.287714 2.48282e-06 
1123.76 1893.21 88.3746 35.2809 0.0789912 6.1402 0.299327 6.76176e-07 
1058.25 2109.29 95.7018 34.8788 0.059499 6.15026 0.310939 -2.196e-07 
994.02 2325.65 102.515 34.939 -0.015975 6.15894 0.322551 -4.9415e-07 
930.077 2542.24 107.265 36.5416 -0.0261276 6.16654 0.334163 -4.16279e-07 
862.895 2759.04 111.669 38.0559 0.425696 6.17299 0.345776 4.46838e-07 
792.395 2976.01 128.336 29.9058 1.30183 6.16579 0.357388 -8.59723e-05 
740.151 3192.78 169.271 5 0.0899998 3.36679 0.369 0 
740.151 3192.78 169.271 5 0.0899998 3.36679 0.369 0 
799.326 3622.55 186.142 5 -0.092193 -2.68792 1.15369 0.796686 
861.381 3517.7 186.925 5 0.134102 6.25475 0.383163 -0.00219415 
923.804 4202.48 207.69 5 0.134102 6.25863 0.383163 -0.00243683 
989.901 4887.6 228.455 5 0.134102 6.25528 0.383163 -0.00237944 
1059.67 5572.42 249.22 5 0.134102 6.25155 0.383163 -0.00250334 
1133.12 6256.91 269.985 5 0.134102 6.24464 0.383163 -0.00274577 
1210.23 6940.79 290.75 5 0.134102 6.2332 0.383164 -0.00324157 
1291.02 7623.66 311.514 5 0.134102 6.21385 0.383164 -0.00414824 
1375.48 8304.83 332.279 5 0.134101 6.18091 0.383183 -0.00583707 
1463.62 8983.08 353.044 5 0.134351 6.12428 0.378869 -0.00924162 
1555.42 9656.34 373.831 5 0.0776688 6.01922 0.631471 -0.0180321 
1650.99 10320.3 389.613 5 -0.0817819 5.76418 0.974324 -0.0830218 
1749.62 10961.8 379.117 5 -0.0808367 4.40024 0.958019 -0.355198 
1846.3 11482.8 368.704 5 -0.0798935 -0.902357 0.941714 -0.0205902 
1940.75 11535.6 358.375 5 -0.0789478 -1.54324 0.925408 0.00819676 
2033.34 11531.8 348.129 5 -0.0780018 -1.47614 0.909102 -0.000730702 
2124.11 11534 337.967 5 -0.0770558 -1.51669 0.892796 0.00406559 
2213.08 11532.6 327.889 5 -0.0761097 -1.45979 0.87649 -0.00152048 
2300.27 11536.1 317.893 5 -0.0751637 -1.51764 0.860183 0.0207871 
2385.69 11534.6 307.982 5 -0.0742176 -1.29585 0.843877 -0.138269 
2469.37 11552.7 298.154 5 -0.0732732 -4.43394 0.827571 -0.0470782 
2551.08 11293.7 288.409 5 -0.0723278 -5.64427 0.811265 -0.0108256 
2630.99 10927.8 278.748 5 -0.0713819 -5.95739 0.794959 -0.0035607 
2709.16 10534.2 269.17 5 -0.0704359 -6.07734 0.778653 -0.00141188 
2785.63 10130.1 259.676 5 -0.0694899 -6.13722 0.762347 -0.00057115 
2860.41 9720.7 250.266 5 -0.0685439 -6.17228 0.746041 -0.000183822 
2933.52 9308.19 240.939 5 -0.0675979 -6.19501 0.729735 1.19157e-05 
3004.98 8893.67 231.695 5 -0.0666519 -6.21078 0.713428 0.000114785 
3074.8 8477.75 222.535 5 -0.0657058 -6.22227 0.697122 0.000168041 
3143 8060.83 213.459 5 -0.0647598 -6.23092 0.680816 0.000192891 
3209.59 7643.14 204.466 5 -0.0638138 -6.23762 0.66451 0.000200683 
3274.59 7224.85 195.556 5 -0.0628678 -6.2429 0.648204 0.000197925 
3338.01 6806.1 186.73 5 -0.0619217 -6.24715 0.631898 0.000188575 
3399.86 6386.98 177.988 5 -0.0609757 -6.25061 0.615592 0.000175153 
3460.17 5967.55 169.329 5 -0.0600297 -6.25346 0.599286 0.000159331 
3518.95 5547.87 160.754 5 -0.0590836 -6.25583 0.58298 0.000142256 
3576.2 5127.98 152.262 5 -0.0581376 -6.25783 0.566673 0.000124736 
3631.95 4707.91 143.854 5 -0.0571916 -6.25952 0.550367 0.000107357 
3686.21 4287.69 135.529 5 -0.0562455 -6.26097 0.534061 9.05523e-05 
3739 3867.35 127.288 5 -0.0552995 -6.26222 0.517755 7.46487e-05 
3790.33 3446.89 119.131 5 -0.0543535 -6.26329 0.501449 5.98978e-05 
3840.21 3026.34 111.057 5 -0.0534074 -6.26423 0.485143 4.64963e-05 
3888.66 2605.71 103.066 5 -0.0524614 -6.26505 0.468837 3.45981e-05 
3935.7 2185.01 95.159 5 -0.0515154 -6.26577 0.452531 2.43125e-05 
3981.33 1764.24 87.3355 5 -0.0505693 -6.2664 0.436224 1.56714e-05 
4025.58 1343.41 79.5956 5 -0.0496233 -6.26703 0.419918 8.60242e-06 
4068.46 922.534 71.9392 5 -0.0486773 -6.2682 0.403612 3.51769e-06 
4109.98 501.551 64.3663 5 -0.568736 -6.27042 0.387306 0.00026902 
4151.08 80.3713 10.8731 40 -0.959097 -3.21605 0.369 0 
