grtopM_71_1
50
2 2
9 9 
0 1 6 2 3 7 4 5 8 
0 1 6 2 3 7 4 5 8 
32.2793 2980.25 78.8087 125.07 131.961 42.5816 341.096 269.282 
132373 291.59 56.7313 81.6646 77.9952 59.1618 0 225.2 
0.658761 60.8215 1.60834 2.55245 2.69307 0.869011 6.96113 5.49556 
2701.49 5.95082 1.15778 1.66662 1.59174 1.20738 0 4.59591 
179.729 198.12 5.17683 0.311851 46.3195 11.8297 0.895378 5.15967 
1.45128e-06 3.58548 2.27525 0.324762 3.41134 0.525746 62.5638 5.12809 
2430.38 3565.33 1375.16 26.2463 0.659456 0 0.0753433 0 
2610.11 3655.61 1195.43 5 -1.34164 -6.28 1.14768 1.02859 
2341.61 3743.03 979.849 40 1.4 -6.28 1.12536 0 
2133.41 3637.14 1175.25 5 0.322617 -6.28 1.10304 0 
2000.52 3450.86 1212.28 5 1.4 6.28 -0.177605 0 
2105.03 3603.78 1393.56 5 -1.4 -6.28 1.0584 0 
2199.25 3585.26 1177.11 5 -1.4 -6.28 1.03608 0 
1930.44 3584.43 960.665 5 -1.4 -6.28 1.01376 0 
1801.34 3583.59 744.219 5 -1.4 -6.28 0.991443 0 
1657.06 3582.76 527.772 5 1.4 6.28 -0.14961 0 
1908.65 3587.82 709.045 40 1.4 -6.28 -0.144012 0 
1761.62 3532.04 795.382 5 1.4 6.28 0.924485 0 
1679.88 3537.1 738.48 5 1.4 6.28 0.902166 0 
1597.89 3536.27 679.441 5 1.4 6.28 0.879846 0 
1515.62 3535.43 618.047 5.09377 1.4 6.28 0.857527 0 
1423.03 3534.6 554.29 5.17584 1.4 6.28 0.835206 0.728878 
1317.65 3533.77 538.309 5 -1.4 6.28 0.812886 0 
1569.41 3536.18 420.74 5 -1.4 6.28 0.790567 0.686061 
1819.24 3535.91 302.419 5 1.4 6.28 0.768248 0 
1830.87 3533 298.158 5 1.4 6.28 0.745928 0 
1800.16 3530.22 240.558 5 1.4 6.28 0.723609 0 
1831.22 3570.36 141.456 5 1.4 6.28 -0.0824243 0 
1760.12 3371.73 322.729 5 1.4 6.28 -0.0768255 0 
1648.87 3173.09 504.002 5 -0.895979 6.28 0.65665 0 
1691.93 3220.36 422.857 5 -0.919762 6.28 0.634331 0 
1663.49 3217.58 393.81 5 1.4 6.28 0.612011 0 
1630.23 3214.65 335.907 5 1.4 6.28 0.589692 0 
1596.99 3211.72 278.195 5 1.4 6.28 0.567372 0 
1564 3208.81 220.469 5 1.4 6.28 0.545053 0 
1535.25 3206.04 126.394 5 1.4 3.96114 0.522733 -0.429163 
1391.17 3202.83 307.667 5 -1.4 6.28 0.500414 0 
1639.13 3238.28 115.312 5 1.4 6.28 0.478095 0 
1883.7 3039.64 296.585 5 1.4 6.28 0.455775 0 
2131.48 3041.28 154.276 5 1.4 6.28 -0.0152382 0 
2017.45 2953.13 48.661 5 1.4 6.28 -0.00963936 0.322122 
1901.69 2754.5 0.001 5 -1.39999 6.28 -0.00404011 0 
1945.98 2814.05 0.001 40 1.4 6.28 0.00155833 0 
1829.41 2920.15 30.9236 40 1.4 6.28 0.00715717 0 
1853.46 3026.26 45.0319 40 1.4 6.28 0.012756 0 
1824.8 3132.36 53.8011 40 1.4 6.28 0.0183549 0 
1794.63 3238.46 59.9856 40 1.4 6.28 0.0239537 0 
1760.55 3344.57 65.6699 40 1.4 -6.28 0.0295525 0 
1480.45 3414.96 67.346 40 1.4 -6.28 0.0351514 0 
1200.88 3234.54 58.9326 40 1.4 -6.28 0.0407502 0.129449 
1270.73 3304.93 38.6037 40 1.4 -6.19526 0.0463491 0 
1114.08 3411.04 234.003 40 -1.4 6.28 0.0519479 0 
1360.83 3526.63 86.1166 40 1.4 -6.28 0.143302 0.0652245 
1296.05 3620.96 0.001 5 -1.4 -6.28 0.120982 -0.0438163 
1007.86 3658.39 0.001 40 -1.4 -6.28 0.0986628 0.0224082 
719.667 3867.09 99.1 40 0.09 -6.28 0.0743433 0 
719.667 3867.09 99.1 40 0.09 -6.28 0.0743433 0 
-785.818 474.406 150.381 5 -0.349293 -1.70356 1.14164 2.66926e-06 
-110.021 174.835 0.643682 8.14916 -0.00376556 -1.67731 0.167154 1.824e-05 
-0.0405584 0.000557729 0.498443 7.48753 0.120724 -1.45032 0.166885 -5.23106e-07 
-1.61514e-05 1.11862e-06 0.498712 7.48827 0.120766 -1.45032 0.171405 -5.24123e-07 
7.9303e-07 1.10436e-06 0.498712 7.48827 0.120763 -1.45032 0.176077 -5.24899e-07 
7.87966e-07 1.10436e-06 0.498712 7.48826 0.120758 -1.45032 0.180901 -5.25676e-07 
7.75276e-07 1.10437e-06 0.498712 7.48826 0.120751 -1.45032 0.185879 -5.26441e-07 
7.62064e-07 1.10438e-06 0.498711 7.48826 0.120743 -1.45032 0.191016 -5.27187e-07 
7.48241e-07 1.10439e-06 0.498711 7.48826 0.120733 -1.45032 0.196313 -5.27905e-07 
7.33606e-07 1.1044e-06 0.498711 7.48826 0.120721 -1.45032 0.201777 -5.28582e-07 
7.1779e-07 1.10441e-06 0.49871 7.48826 0.120708 -1.45032 0.207412 -5.29195e-07 
7.00055e-07 1.10442e-06 0.49871 7.48826 0.120691 -1.45032 0.213233 -5.29731e-07 
6.78906e-07 1.10443e-06 0.49871 7.48827 0.120673 -1.45032 0.219264 -5.30167e-07 
6.51512e-07 1.10445e-06 0.498709 7.48827 0.120651 -1.45032 0.225552 -5.30471e-07 
6.13129e-07 1.10448e-06 0.498709 7.48827 0.120626 -1.45032 0.23219 -5.30615e-07 
5.55898e-07 1.10452e-06 0.498709 7.48828 0.120595 -1.45032 0.239336 -5.30558e-07 
4.6436e-07 1.1046e-06 0.498708 7.48829 0.120558 -1.45032 0.247285 -5.30254e-07 
3.06586e-07 1.10472e-06 0.498707 7.4883 0.120508 -1.45032 0.25661 -5.29655e-07 
2.83868e-07 1.10473e-06 0.498707 7.48831 0.120455 -1.45032 0.266038 -5.28697e-07 
2.76617e-07 1.10473e-06 0.498706 7.48832 0.120399 -1.45032 0.275418 -5.27309e-07 
2.69075e-07 1.10473e-06 0.498705 7.48834 0.12034 -1.45032 0.284729 -5.25408e-07 
2.61675e-07 1.10473e-06 0.498705 7.48835 0.120278 -1.45032 0.293949 -5.22896e-07 
2.55107e-07 1.10472e-06 0.498704 7.48836 0.120213 -1.45032 0.303048 -5.19669e-07 
2.50147e-07 1.10472e-06 0.498703 7.48838 0.120146 -1.45032 0.311993 -5.15602e-07 
2.47663e-07 1.10471e-06 0.498703 7.48839 0.120077 -1.45032 0.320741 -5.10554e-07 
2.48619e-07 1.1047e-06 0.498702 7.48841 0.120006 -1.45032 0.329244 -5.0437e-07 
2.541e-07 1.10469e-06 0.498701 7.48842 0.119935 -1.45032 0.337443 -4.96874e-07 
2.65312e-07 1.10467e-06 0.498701 7.48844 0.119863 -1.45032 0.345269 -4.87876e-07 
2.83564e-07 1.10465e-06 0.4987 7.48845 0.119792 -1.45032 0.352646 -4.77173e-07 
3.10174e-07 1.10462e-06 0.498699 7.48847 0.119723 -1.45032 0.359485 -4.64548e-07 
3.4627e-07 1.10459e-06 0.498699 7.48848 0.119656 -1.45032 0.365697 -4.4978e-07 
3.92479e-07 1.10455e-06 0.498698 7.48849 0.119592 -1.45032 0.371194 -4.32649e-07 
4.48623e-07 1.1045e-06 0.498698 7.4885 0.119533 -1.45032 0.375909 -4.12957e-07 
5.13584e-07 1.10445e-06 0.498697 7.48851 0.119479 -1.45032 0.3798 -3.90542e-07 
5.85538e-07 1.10439e-06 0.498697 7.48852 0.119432 -1.45032 0.382856 -3.65307e-07 
6.62385e-07 1.10433e-06 0.498696 7.48853 0.11939 -1.45032 0.385097 -3.3725e-07 
7.4199e-07 1.10428e-06 0.498696 7.48853 0.119355 -1.45032 0.386565 -3.06508e-07 
8.22013e-07 1.10422e-06 0.498696 7.48854 0.119327 -1.45032 0.387324 -2.73395e-07 
8.99835e-07 1.10417e-06 0.498695 7.48854 0.119305 -1.45032 0.38746 -2.3844e-07 
9.73153e-07 1.10412e-06 0.498695 7.48854 0.119288 -1.45032 0.387065 -2.02405e-07 
1.04083e-06 1.10407e-06 0.498695 7.48854 0.119278 -1.45032 0.386224 -1.66281e-07 
1.10234e-06 1.10403e-06 0.498695 7.48854 0.119271 -1.45032 0.384997 -1.31228e-07 
5.49427e-07 1.10443e-06 0.498695 7.48857 0.11926 -1.45032 0.383422 -9.94142e-08 
-0.00179664 2.44818e-06 0.497347 7.58527 0.174743 -1.45038 0.381326 -5.74588e-06 
-6.14992 0.00428075 51.3103 8.45506 0.365452 -1.83054 0.323648 3.90808e-06 
6.18267 -0.00457594 473.151 5.48225 0.385991 -1.44589 0.334164 1.19929e-07 
796.404 -0.633757 913.981 5 -0.300892 -1.41745 0.403612 1.16236e-06 
2590 -2.19432 700.082 5 -0.329957 -0.972689 0.387306 6.9171e-07 
4161.46 252.62 276.357 40 -1.50743e-05 -2.71693e-06 0.369 0 
4161.46 252.62 276.357 40 -1.50743e-05 -2.71693e-06 0.369 0 
4112.05 278.985 270.697 30.92 0.490535 -0.497031 -0.187791 0.99795 
4076.83 305.718 285.429 16.0314 -0.865949 -4.56604 -0.176182 -0.978713 
4076.95 240.421 273.509 23.7898 1.39773 -4.79405 -0.164708 0.691287 
4063.21 170.562 304.039 5.02817 -1.4 -4.41131 -0.15355 0.0555338 
4071.64 118.707 271.407 32.7129 -0.301549 -1.22735 -0.141496 -0.942501 
4033.84 120.435 259.93 39.991 0.0936316 -0.959607 0.131896 0.12435 
3994.09 137.894 256.193 39.9722 -0.569392 -1.33396 -0.0896149 0.899644 
3954.46 147.84 239.107 39.9953 0.186412 -3.40063 -0.107102 -0.0566758 
3903.43 116.313 237.187 28.4913 -1.19438 -4.44094 -0.095038 -0.856869 
3881.71 53.545 217.643 39.9745 -0.607377 -4.06164 0.594364 -0.818831 
3840.51 8.48631 210.098 39.9714 0.129236 0.204917 -0.072265 0.814053 
3798.79 49.3175 217.386 29.3136 -1.15032 -2.71556 -0.0602032 0.0660346 
3774.96 31.5237 198.779 39.982 -0.231287 -1.14017 0.890349 0.0489218 
3732.89 35.01 198.818 33.9737 1.38501 -0.746125 -0.0374282 0.749829 
3689.51 56.7456 221.65 14.8476 -0.960086 -2.55965 -0.0253686 -0.728397 
3689.04 42.0622 207.595 24.2722 -1.39668 -0.513227 -0.0134836 0.706985 
3673.06 68.4577 184.721 38.9121 0.188562 -2.73438 0.0146515 0.190814 
3631.95 39.9507 182.879 27.4091 0.33043 -1.47662 0.0094668 0.0958206 
3609.22 40.9481 191.831 25.544 -1.39645 -0.48523 0.0211693 0.642766 
3580.21 67.9076 168.933 39.9836 0.0853038 -2.42162 0.0326896 0.249527 
3536.78 45.6782 165.036 39.9832 0.781671 -1.21992 0.0438574 -0.00666784 
3492.94 57.9131 175.649 29.1481 -0.16303 -1.32985 0.081697 -0.19006 
3467.32 67.9279 167.065 24.2307 -1.12937 -2.50994 0.0882048 -0.557161 
3449.63 54.254 139.248 34.7045 0.630348 -0.952046 0.0791306 0.535753 
3402.97 65.922 146.408 27.2865 0.358614 -2.29123 0.0906281 0.0106062 
3368.6 53.9119 148.393 24.9936 -0.0863413 -1.75488 0.101922 0.00785146 
3338.18 45.0435 151.836 29.7843 1.30361 -1.47597 0.113531 0.0296864 
3309.98 46.7895 172.917 12.5713 -1.38353 -1.01706 0.125574 -0.248434 
3301.06 63.06 150.436 28.6233 -0.316274 -3.29654 0.137186 -0.428719 
3275.14 33.607 138.802 36.3537 1.36094 0.781533 0.148368 -0.407292 
3225.52 86.0026 161.375 16.9739 0.0257776 3.827 0.160029 -0.385905 
3208.56 189.273 156.982 21.0502 -1.39541 6.27957 0.172016 -0.364496 
3185.48 351.982 134.272 35.9907 0.108176 6.28 0.183205 0.0266308 
3136.9 514.724 141.265 36.3014 1.39862 6.28 0.194817 0.0122434 
3097.89 677.466 174.145 16.859 0.191857 6.28 0.206845 -0.300018 
3081.6 840.183 182.662 8.69144 -1.39608 6.28 0.218462 0.046612 
3079.43 1002.89 160.336 25.1651 -0.751009 6.28 0.229653 0.106821 
3059.96 1165.62 150.435 39.9684 0.0730257 1.228 0.525993 -0.077254 
3015.88 1226.68 156.594 39.992 0.873454 0.109514 0.252878 -0.214656 
2969.68 1255.25 178.816 28.0335 0.554758 -1.03077 0.517302 0.193671 
2945.69 1270.96 194.342 12.4265 -0.934101 4.36129 0.27652 -1.33643e-05 
2937.76 1385.09 181.15 21.3014 -1.39705 6.27967 0.288105 -3.68384e-05 
2925.58 1547.79 158.407 39.9983 0.675045 5.95411 0.299327 0.122119 
2881.58 1703.75 176.647 31.0273 0.501476 0.918783 0.310939 -0.0944802 
2852.76 1758.54 190.844 16.325 -1.33868 5.99279 0.322922 -3.34265e-05 
2838.61 1915.49 168.246 31.7275 -0.385536 6.28 0.334174 -8.36143e-05 
2798.41 2078.23 165.468 40 0.525996 6.28 0.346122 5.5272e-06 
2744.42 2240.97 180.717 33.2294 1.39338 6.28 0.357388 -0.00146585 
2711.68 2403.71 213.59 14.1247 0.09 4.4798 0.369 0 
2711.68 2403.71 213.59 14.1247 0.09 4.4798 0.369 0 
2707.26 2596.08 217.321 11.4313 0.265473 4.17566 0.170508 -1.02859 
2709.83 2779 226.779 5 -0.703276 2.06042 1.0492 -1.00718 
2730.1 2894.92 205.478 22.4655 -0.000131428 -0.0197926 -0.165163 -0.985775 
2703.81 2944.62 205.913 20.3522 0.154287 -1.96229 -0.153551 -0.964367 
2683.03 2931.83 211.374 15.5432 -0.279463 -3.9723 0.147164 -0.942959 
2675.49 2855.46 203.266 21.8194 -0.0936728 -5.94718 -0.130327 -0.162242 
2650.62 2715.89 200.754 22.6813 0.0569003 -6.28 -0.118714 -0.0106498 
2623.29 2566 202.995 19.6996 0.495254 -6.26603 -0.107102 0.00288582 
2604.05 2416.14 219.348 6.07532 0.0727808 -6.26454 0.703076 0.0073069 
2620.9 2266.31 222.942 5 0.0331905 -6.28 0.77929 0.0139262 
2640.74 2116.6 225.329 5 0.0331906 -6.28 0.77929 -0.00781579 
2660.74 1966.27 227.717 5 0.0331906 -6.28 0.77929 -0.00213399 
2680.89 1816.55 230.105 5 0.0331906 -6.28 0.779289 0.00914368 
2701.19 1666.72 232.492 5 0.0331858 -6.27999 0.779372 -0.14981 
2721.47 1516.83 234.88 5 0.0335783 -6.26602 0.772607 -0.00785005 
2742.01 1366.94 237.28 5 0.00177365 -6.26601 0.876747 -0.00250072 
2762.72 1217.06 238.649 5.00054 0.00245774 -6.27999 0.88657 0.0140913 
2783.51 1067.17 239.434 5.00023 0.00248164 -6.28 0.874474 -0.00669224 
2804.35 917.284 240.239 5.00023 0.0028918 -6.27999 0.859141 -0.000842439 
2825.23 767.186 241.069 5 0.00401065 -6.28 0.842944 0.0126724 
2846.17 616.853 241.927 5 0.00469675 -6.28 0.826745 -0.140688 
2867.17 466.521 242.814 5 0.00563578 -6.28 0.81056 0.0186649 
2888.22 316.189 243.734 5 0.00654086 -6.28 0.794959 0.142529 
2909.33 165.857 244.649 5 -0.00270709 -6.0126 0.778653 0.536204 
2930.4 24.0408 245.27 5.2576 -0.00438765 -4.7625 0.762347 0.514796 
2950.88 -77.3374 245.824 5.5148 -0.00585164 -3.54848 0.746041 0.493388 
2970.79 -140.673 246.319 5.77704 -0.00722561 -2.37061 0.729735 -0.224169 
2990.1 -165.873 246.756 6.04108 -0.00699498 -3.01753 0.712771 -0.274998 
3008.75 -211.675 247.187 6.32776 -0.00780216 -3.79292 0.694161 0.42357 
3026.78 -282.241 247.577 6.54147 -0.0106077 -2.73826 0.680816 0.407077 
3044.2 -319.224 247.868 6.79757 -0.0123121 -1.7305 0.66451 0.384597 
3061.02 -324.193 248.136 7.06475 -0.0142495 -0.75792 0.648204 0.354583 
3077.22 -298.356 248.284 7.34637 -0.0130678 0.162792 0.62987 0.31885 
3092.78 -243.386 248.455 7.61119 -0.0141798 1.02245 0.612721 0.320819 
3107.75 -160.757 248.63 7.82761 -0.0169242 1.8854 0.599286 0.300017 
3122.09 -50.7527 248.654 8.08451 -0.0181777 2.70792 0.58298 0.267793 
3135.79 85.5631 248.624 8.3414 -0.0194414 3.49664 0.566673 0.257898 
3148.87 246.607 248.541 8.59852 -0.020718 4.26896 0.550367 0.101317 
3161.3 432.247 248.405 8.85615 -0.0219353 4.16796 0.534061 0.214918 
3173.07 614.676 248.216 9.11273 -0.0229444 4.38803 0.517755 0.186637 
3184.18 804.313 247.983 9.36343 -0.0240699 5.03604 0.501449 0.172194 
3194.65 1014.39 247.7 9.6123 -0.0270798 5.6279 0.485143 0.150857 
3204.5 1243.73 247.309 9.90539 -0.0324553 6.2145 0.468837 -0.118567 
3213.61 1491.34 246.732 10.2908 -0.0267687 6.28 0.452531 -0.107782 
3221.68 1741.66 246.316 10.5239 0.0174282 6.28 0.436224 -0.0032109 
3229.08 1991.97 247.297 9.67975 0.0527118 6.28 0.419918 -0.000918971 
3238.8 2241.66 249.485 8.11716 -0.256741 6.26332 0.400893 -0.00037418 
3252.88 2490.82 241.856 14.4037 -1.10535 6.27655 0.387306 -0.00266542 
3250.83 2740.41 206.88 39.9999 -0.09 6.11023 0.369 0 
3250.83 2740.41 206.88 39.9999 -0.09 6.11023 0.369 0 
3223.3 2952.23 156.726 40 -1.4 6.28 1.15369 -0.560966 
3100.73 3262.39 134.734 40 1.4 6.28 1.13739 0.593583 
2988.48 3572.55 227.287 5 -1.4 6.28 -0.165162 -0.64331 
3057.45 3882.63 134.998 5 1.4 -3.04162 -0.15355 -0.623766 
3116.51 3845.58 194.512 5 1.4 -6.28 0.857004 0.600617 
3136.15 3700.98 216.384 5 -1.4 0.909616 1.07216 0.921551 
3203.2 3775.31 215.632 5 1.39422 -6.28 1.05586 -0.488213 
3234.49 3627.17 256.016 5 -1.4 -6.28 1.03955 0.46563 
3301.02 3422.57 203.421 5 -1.4 -6.28 1.02324 0.446288 
3354 3217.96 180.169 5 1.4 -6.28 1.00694 -0.426813 
3414 3081.07 181.968 5 -1.4 -6.28 0.990633 -0.407562 
3390.24 2876.47 156.502 22.9256 0.148419 -6.28 0.974327 0.388738 
3352.42 2715.21 153.207 32.582 -0.7823 -6.28 0.95802 -0.369548 
3334.45 2523.66 144.698 10.8271 -1.4 -6.28 0.941714 -0.350725 
3332 2319.07 97.6558 40 1.4 -6.28 0.925408 0.332349 
3263.92 2114.54 97.5701 21.3764 -1.4 -6.28 0.909102 -0.313468 
3233.17 1909.97 94.9565 23.604 -1.4 -6.28 -0.00259184 -0.295101 
3201.25 1705.4 81.1136 23.5578 0.459955 -6.28 0.520687 0.277766 
3167.27 1579.97 101.976 5 -1.4 -6.28 0.860184 0.259572 
3169.73 1375.37 102.326 5 -1.4 -6.28 0.843878 -0.235493 
3153.45 1170.76 96.4478 12.5551 -0.456205 -6.28 0.827571 -0.21081 
3113.72 966.173 36.4668 5 0.00875038 -6.28 0.0554694 -0.204225 
3097.88 761.568 4.70472 5 -1.4 -6.28 0.794959 -0.195 
3060.07 568.481 0.709603 27.8751 1.4 -3.26069 0.778653 -0.180598 
3005.58 490.79 13.327 23.1639 -0.24038 -4.08071 0.0903061 0.198449 
2971.67 405.56 0.00100001 30.8806 0.459041 -0.520463 0.101918 -0.143485 
2910.93 404.062 9.5063 20.9278 -0.0400807 -2.74651 0.113531 -0.109529 
2879.69 369.286 0.001 28.1629 0.931124 -2.11566 0.125143 0.0948721 
2839.21 342.961 31.2394 40 -1.4 -2.82587 0.136755 -0.429162 
2730.92 282.938 12.1818 40 1.4 6.28 0.680816 -0.0709886 
2600.69 527.28 16.2498 38.6251 1.4 6.28 0.66451 -0.0973907 
2538.21 836.609 104.821 40 -1.4 6.28 0.648204 -0.0676123 
2449.57 1088.46 99.8442 40 -1.4 6.28 0.183204 -0.0332505 
2346.46 1359.48 98.3096 40 -1.4 6.28 0.615592 0.0481175 
2240.35 1630.5 91.8428 26.7774 -1.4 6.28 0.206429 0.0386453 
2193.86 1901.47 89.9169 17.1929 -1.4 6.28 0.218041 -0.0312795 
2172.97 2179.12 62.516 40 -0.665521 6.28 0.229653 -0.0257294 
2077.87 2489.28 75.0319 40 -1.4 6.28 0.241266 0.0125446 
1981.92 2799.44 61.7178 40 -0.0903379 6.28 0.252878 0.0216135 
1871.43 3109.6 48.749 40 1.4 6.28 0.26449 0.00818091 
1827.51 3419.77 52.817 40 -0.744385 6.28 0.276102 0.00989477 
1716.01 3648.54 58.4171 40 -0.0787554 6.25534 0.485143 0.00500857 
1619 3957.87 69.4366 40 1.4 6.25534 0.299327 0.00306172 
1536.86 4267.2 156.73 39.5648 -1.4 6.28 0.452531 0.108041 
1458.47 4499.91 151.06 40 1.24806 3.64188 0.436224 0.0862541 
1379.75 4716.4 170.68 40 1.4 -4.90939 0.334164 7.22915e-06 
1341.6 4620.85 171.697 26.8351 1.4 -5.5239 0.345776 0.00917362 
1254.22 4465.27 191.686 26.4023 1.4 -5.53404 0.357388 4.79436e-05 
1187.01 4310.49 250.1 29.2454 0.0899999 -5.7512 0.369 0 
1187.01 4310.49 250.1 29.2454 0.0899999 -5.7512 0.369 0 
1182.78 4262.4 257.577 18.911 -1.4 -6.27917 -0.187606 0.00133825 
1169.44 4207.66 230.672 31.1539 1.39916 -6.27917 1.13662 0.00150869 
1163.16 4154.52 251.167 10.4289 -0.498507 -6.27917 1.12032 0.00145417 
1156.21 4101.37 238.03 5.00092 1.3364 -6.27917 -0.152794 0.00143004 
1152.81 4048.22 241.038 5.00748 1.39916 -6.27917 -0.141182 0.00143695 
1166.71 3996.02 263.097 5 -1.37002 -6.28 -0.100775 0.00145474 
1181.69 3933.11 236.759 5.0611 -1.33816 -6.27917 -0.11796 0.00144069 
1195.88 3880.91 232.871 6.59464 1.08135 -6.27917 1.0388 0.00139745 
1208.35 3827.76 233.086 5.00083 1.03619 -6.27917 -0.09473 0.00134453 
1222.02 3774.61 234.139 7.83586 1.39918 -6.27917 -0.083119 0.00129237 
1233.5 3721.46 243.048 7.56326 1.39918 -6.27917 -0.071508 0.00124959 
1245.35 3668.22 251.962 7.38445 1.39918 -5.892 -0.0598973 0.00121384 
1257.5 3618.78 260.881 7.14913 1.39918 -6.27917 -0.0482866 0.00117156 
1270 3565.67 277.777 6.86772 -1.39915 -6.27917 0.940969 0.00113291 
1283.74 3512.56 263.957 14.8988 0.0189802 -6.27917 0.924663 0.00111266 
1290.67 3459.46 274.413 5.00094 1.29839 -6.27917 0.908359 0.00106332 
1301.05 3419.08 277.009 5.00091 1.31866 -5.92581 0.892055 0.00101977 
1316.47 3360.02 279.824 5.09253 0.386407 -6.27981 0.875749 0.00097754 
1311.57 3305.48 274.642 7.01797 1.4 -6.27998 0.859445 0.000928878 
1304.68 3252.37 283.341 5.09696 1.11771 -6.27983 0.84314 0.000906947 
1299.69 3197.79 284.935 5.26813 1.30052 -6.27917 0.826837 0.000891789 
1314.04 3143.7 287.549 5.00083 1.21781 -6.27917 0.810532 0.000913023 
1328.89 3089.61 290.709 5.00083 0.408138 -6.27917 0.794227 0.000544059 
1343.97 3035.04 286.078 6.6939 1.39917 -6.27917 0.777923 -0.535448 
1357.32 2981.93 293.865 5.2009 1.34019 -6.2792 0.761619 -0.514046 
1368.09 2927.58 296.91 5.00085 1.35719 1.61792 0.745315 0.492642 
1381.37 2950.31 300.144 5.00082 1.33694 6.27927 0.437483 -0.471231 
1397 3046.41 307.449 5.00083 1.32427 -5.59409 0.712709 -0.449829 
1412.6 2997.85 316.53 5.00083 -1.39916 -0.297021 0.696405 -0.428423 
1429.51 3021.05 294.808 22.0478 1.2431 -6.28 0.680103 -0.407018 
1428.27 2958.15 296.508 7.34521 1.39917 -2.50156 0.663802 -0.385612 
1441.37 2958.73 301.422 5.86207 1.39917 6.01937 0.647502 -0.364205 
1456.98 3041.59 306.413 5.00101 -1.32309 -2.78691 0.631199 0.3428 
1472.82 3039.15 280.584 5.00083 -1.28059 6.27922 0.614899 -0.321399 
1487.95 3124.2 277.816 5.00081 -1.39917 5.5952 0.598599 -0.229779 
1503.19 3190.06 266.187 13.5451 -1.09366 6.27917 0.582298 0.148564 
1511.59 3275.08 265.724 11.6839 -1.16939 6.27917 0.565997 -0.000519487 
1521.42 3359.47 264.572 10.4881 -1.221 6.27917 0.549695 -0.000356379 
1532.16 3443.86 262.952 9.74298 -1.25536 6.27917 0.533394 -0.000256606 
1543.45 3528.25 261.018 9.2966 -1.28054 6.27917 0.517092 -0.000219332 
1555.07 3612.64 258.855 9.06449 -1.30259 6.27917 0.500792 -0.00017528 
1566.83 3697.03 256.488 9.0108 -1.32699 6.27917 0.484495 -0.000135851 
1578.6 3781.41 253.893 9.14137 -1.38005 6.27917 0.468202 -0.000101161 
1590.24 3865.8 250.797 9.65099 -1.39918 6.27917 0.451913 -7.11972e-05 
1601.46 3950.19 247.36 10.389 -1.39918 6.27917 0.435623 -4.60457e-05 
1612.06 4040.32 243.372 11.3719 0.746742 6.27928 0.419327 -2.62447e-05 
1623.69 4136.46 242 5 -1.34904 6.27999 0.403033 -1.19588e-05 
1642.2 4227.63 239.548 5 -1.4 6.27999 0.386855 -0.000616301 
1660.66 4310.52 217.879 13.7092 -0.0893588 5.83848 0.369 0 
1660.66 4310.52 217.879 13.7092 -0.0893588 5.83848 0.369 0 
1652 4953.12 210.788 18.4963 0.149157 5.04584 -0.109995 -1.02467 
1609.86 5528.47 225.436 5.00001 -0.252732 -0.0116889 0.924536 -0.817599 
1664.64 5664.6 207.092 21.5928 -0.0812257 -4.82616 -0.139568 -0.215251 
1598.84 5382.58 199.643 21.5845 -0.0776776 -6.27999 -0.138642 0.00330938 
1531.2 4972.63 192.877 21.3916 -0.0700684 -6.21186 -0.126868 0.00334501 
1463.76 4568.7 186.537 21.2693 -0.0688871 -6.27999 -0.117611 0.00330834 
1396.11 4158.76 181.895 21.2504 -0.0486555 -6.28 -0.118714 0.00417468 
1329.42 3748.81 179.081 20.9487 -0.0646783 -6.28 -0.0990552 0.00623694 
1262.63 3338.87 174.439 20.6243 -0.0401478 -6.28 -0.0954898 0.0109317 
1197.61 2928.92 172.451 20.0258 -0.0501367 -6.28 -0.0838775 0.0229678 
1136.15 2518.97 169.678 20.3816 -0.0446167 -6.27999 -0.0722653 0.0924981 
1071.91 2109.02 167.336 20.1267 -0.0476815 -6.21482 -0.0606531 0.0530669 
1008.72 1704.94 164.762 20.1741 -0.0452396 -5.98091 -0.0490408 0.0710673 
944.772 1322.75 162.394 19.9888 -0.0432986 -5.88554 -0.0374286 0.21999 
881.704 948.852 160.22 19.7356 -0.0433878 -4.45692 -0.0258163 0.204859 
820.118 697.843 158.074 19.5872 -0.0427018 -3.06013 -0.0140859 0.0218675 
759.287 567.996 154.74 19.4325 -0.0369969 -2.9223 -0.00198364 0.0110613 
700.713 449.802 151.798 18.8484 -0.0323624 -2.85849 0.0090209 0.00100544 
644.284 337.147 150.733 18.34 -0.0164275 -2.85872 0.0649045 0.000811567 
590.824 224.502 149.754 16.8502 -0.0419853 -2.85813 0.0322453 0.0246789 
547.883 111.851 148.131 18.0197 -0.0100156 -2.72604 0.0746236 0.139788 
496.198 10.7266 147.716 16.2503 0.0551411 -1.75031 0.0609365 0.0402879 
457.053 -5.72883 154.613 11.2311 0.0356498 -1.51657 0.394502 -0.0101498 
453.747 -0.259115 160.516 9.06192 0.015373 -1.5615 0.543086 -0.00061511 
466.597 -0.259989 163.201 8.17442 0.0585063 -1.58026 0.575679 0.000714166 
486.919 -0.358961 169.917 5.48188 0.0280832 -1.57806 0.74514 -0.000484948 
527.115 -0.282775 175.963 5.72261 0.0269685 -1.57951 0.729735 0.000641786 
565.874 -0.317447 181.879 5.95981 0.0242019 -1.56177 0.713429 0.000119867 
605.701 -0.332326 185.73 6.25847 0.00535182 -1.56069 0.697122 0.00022022 
642.946 -0.366332 189.694 6.48372 0.0226388 -1.56012 0.680816 0.00029753 
680.596 -0.391598 195.128 6.76378 0.0119599 -1.56041 0.66451 6.08512e-05 
715.732 -0.400086 199.034 7.15034 0.0212758 -1.56066 0.639211 0.000104282 
749.701 -0.42836 204.257 7.30267 0.0195037 -1.56058 0.629546 0.000389309 
782.826 -0.455459 209.304 7.52293 0.0178719 -1.56039 0.615592 -0.000640439 
816.639 -0.467102 214.179 7.77986 0.0166188 -1.57948 0.599286 -0.000334127 
849.462 -0.506724 218.909 8.03668 0.0153588 -1.5794 0.58298 -5.02772e-05 
879.659 -0.508702 223.494 8.29392 0.0140095 -1.58115 0.566673 0.00121133 
908.833 -0.650624 227.927 8.55724 0.0129224 -1.56578 0.549949 -0.000816022 
936.93 -0.62321 232.228 8.80747 0.0116425 -1.57885 0.534061 -0.0114385 
964.293 -0.599511 236.383 9.06156 0.0102839 -1.65448 0.517755 -0.0425428 
990.351 -7.2189 240.384 9.32412 0.00659798 -1.97463 0.501449 0.039453 
1015.34 -42.9034 243.997 9.60838 0.00779461 -1.64936 0.482364 0.0129331 
1039.09 -49.7725 247.706 9.86162 -0.00482822 -1.56175 0.467888 -0.0167844 
1061.58 -48.2375 250.284 10.8612 0.00440489 -1.55766 0.451285 0.103888 
1078.93 -46.3601 252.479 10.3335 0.00360696 -0.166853 0.435952 0.038576 
1099.05 76.2909 255.685 10.6196 -0.0159224 0.917894 0.419302 0.0336991 
1117.85 293.203 256.696 10.8416 -0.0162375 1.97988 0.40253 0.00776334 
1135.36 602.32 257.493 11.1741 -0.148473 2.92399 0.387306 -0.00201932 
1151.2 993.334 245.621 21.0131 -0.0899976 2.61677 0.369 0 
1151.2 993.334 245.621 21.0131 -0.0899976 2.61677 0.369 0 
1109.8 1275.3 245.043 15.6953 0.288771 -2.26037 -0.188388 -0.228354 
1096.75 1222.82 271.022 5 0.144597 -6.27994 0.341937 0.0262656 
1146.02 894.661 288.29 5 0.144597 -6.27989 0.341937 0.112263 
1197.66 566.507 305.558 5 0.144597 -6.27015 0.341937 0.11364 
1251.67 239.022 322.827 5 0.144598 -4.99336 0.341938 0.124918 
1308.12 -0.913175 340.095 5 0.1446 -1.49479 0.341937 0.0012155 
1367.14 -0.948292 357.363 5 0.144592 -1.49624 0.34207 0.00172053 
1428.53 -1.0829 374.631 5 0.145951 -1.49386 0.318643 0.000121559 
1492.28 -1.05382 391.993 5 -0.0927338 -1.49503 1.02324 0.000981128 
1558.76 -1.10548 382.819 5 -0.0917878 -1.49504 1.00694 1.2763e-05 
1623.97 -1.15788 373.559 5 -0.0908418 -1.49505 0.990633 -4.07931e-06 
1687.9 -1.21078 364.364 5 -0.0898958 -1.49504 0.974327 -1.73576e-05 
1750.58 -1.26323 355.234 5 -0.0889497 -1.49504 0.95802 -2.48068e-05 
1811.99 -1.31576 346.168 5 -0.0880037 -1.49502 0.941714 -4.56749e-05 
1872.16 -1.36709 337.167 5 -0.0870577 -1.49662 0.925408 -2.97323e-05 
1931.09 -1.52799 328.232 5 -0.0861116 -1.49355 0.909102 -6.21401e-05 
1988.8 -1.4783 319.361 5 -0.0851656 -1.49507 0.892796 -8.3911e-05 
2045.28 -1.5329 310.555 5 -0.0842196 -1.49593 0.87649 0.000111374 
2100.55 -1.64629 301.814 5 -0.0832735 -1.49364 0.860184 0.000248329 
2154.62 -1.6027 293.137 5 -0.0823275 -1.49376 0.843878 4.77428e-06 
2207.5 -1.56733 284.526 5 -0.0813814 -1.49381 0.827571 -2.12891e-05 
2259.19 -1.53564 275.979 5 -0.0804354 -1.49368 0.811265 -2.55141e-05 
2309.7 -1.49466 267.497 5 -0.0794894 -1.49366 0.794959 -1.30453e-06 
2359.05 -1.45251 259.081 5 -0.0785433 -1.49339 0.778653 -1.16964e-05 
2407.25 -1.39193 250.729 5 -0.0775973 -1.49347 0.762347 1.14739e-05 
2454.29 -1.33654 242.442 5 -0.0766513 -1.49376 0.746041 9.23251e-06 
2500.19 -1.30132 234.219 5 -0.0757052 -1.49388 0.729735 -2.04164e-05 
2544.97 -1.27438 226.062 5 -0.0747592 -1.49403 0.713429 -0.0017412 
2588.62 -1.25778 217.97 5 -0.0738132 -1.56507 0.697122 0.00303229 
2631.15 -6.11223 209.942 5 -0.0728671 -1.43336 0.680816 -0.00141128 
2672.59 -1.93498 201.979 5 -0.0719211 -1.49906 0.66451 0.000122912 
2712.92 -2.26291 194.081 5 -0.0709751 -1.49232 0.648204 -4.61995e-05 
2752.17 -2.12856 186.248 5 -0.070029 -1.49469 0.631898 -3.01849e-06 
2790.35 -2.15673 178.48 5 -0.069083 -1.49464 0.615592 -6.85567e-06 
2827.45 -2.18159 170.777 5 -0.068137 -1.49487 0.599286 1.90762e-08 
2863.5 -2.22212 163.139 5 -0.0671909 -1.49465 0.58298 -2.65132e-06 
2898.49 -2.24749 155.565 5 -0.0662449 -1.49467 0.566673 1.44149e-05 
2932.45 -2.27421 148.056 5 -0.0652989 -1.49305 0.550367 -4.27475e-05 
2965.37 -2.18995 140.613 5 -0.0643528 -1.49757 0.534061 3.32172e-05 
2997.26 -2.41565 133.234 5 -0.0634068 -1.49316 0.517755 -6.29791e-06 
3028.14 -2.33888 125.92 5 -0.0624608 -1.49467 0.501449 -4.90627e-05 
3058.02 -2.3658 118.671 5 -0.0615147 -1.4946 0.485143 -7.48159e-05 
3086.9 -2.38814 111.486 5 -0.0605687 -1.49375 0.468837 0.0296857 
3114.79 -2.35228 104.367 5 -0.0596203 3.0803 0.452531 0.0143715 
3141.95 311.33 97.3124 5 -0.0586726 6.27919 0.436224 -3.30568e-05 
3168.31 844.363 90.323 5 -0.0577265 6.27947 0.419918 -1.33316e-05 
3193.71 1377.42 83.3985 5 -0.0567805 6.27956 0.403612 -5.92472e-06 
3218.16 1910.47 76.5388 5 -0.726731 6.27987 0.387306 0.0161429 
3242.59 2443.55 23.7401 40 -0.644087 1.59801 0.369 0 
2430.38 3565.33 1375.16 26.2463 0.659456 0 0.0753433 0 
2430.38 3565.33 1375.16 26.2463 0.659456 -9.45084e-09 0.0753433 -1.61052e-05 
2430.38 3565.34 1375.15 26.2509 0.660049 -0.0162323 0.0753216 3.96523e-05 
1519.92 3549.34 1415.92 26.1112 0.66346 -0.0403022 0.0759819 0.000421751 
2014.42 3086.88 1416.62 26.0414 0.664957 -0.0475218 0.0763115 0.000624272 
2151.47 2410.5 1385.8 26.1937 0.660869 -0.0121997 0.0755919 0.000160298 
2186.28 2236.83 1377.88 26.2329 0.659817 -0.00311609 0.0754068 4.09279e-05 
2195.19 2192.49 1375.86 26.2429 0.659549 -0.000801084 0.0753596 1.05297e-05 
2197.48 2181.08 1375.34 26.2454 0.65948 -0.000203218 0.0753475 2.72207e-06 
2198.08 2178.13 1375.19 26.2461 0.659461 -3.59005e-05 0.0753441 5.20729e-07 
2198.24 2177.57 1375.16 26.2463 0.659456 5.53745e-06 0.0753433 -2.18195e-08 
2198.28 2177.59 1375.15 26.2464 0.659455 1.68376e-05 0.075343 -1.64564e-07 
2198.29 2177.77 1375.14 26.2464 0.659454 2.14205e-05 0.0753429 -2.19784e-07 
2198.29 2178.01 1375.14 26.2464 0.659454 2.41103e-05 0.0753429 -2.4957e-07 
2198.29 2178.28 1375.14 26.2464 0.659454 2.64768e-05 0.0753429 -2.74467e-07 
2198.29 2178.57 1375.14 26.2464 0.659453 2.89571e-05 0.0753428 -3.00058e-07 
2198.29 2178.9 1375.13 26.2464 0.659453 3.17078e-05 0.0753428 -3.28305e-07 
2198.29 2179.25 1375.13 26.2464 0.659453 3.48001e-05 0.0753427 -3.59966e-07 
2198.29 2179.64 1375.13 26.2464 0.659452 3.83048e-05 0.0753427 -3.95743e-07 
2198.29 2180.07 1375.12 26.2464 0.659452 4.23098e-05 0.0753426 -4.36676e-07 
2198.29 2180.54 1375.12 26.2465 0.659452 4.68712e-05 0.0753426 -4.83102e-07 
2198.29 2181.06 1375.12 26.2465 0.659451 5.21275e-05 0.0753425 -5.36541e-07 
2198.29 2181.64 1375.11 26.2465 0.65945 5.82011e-05 0.0753424 -5.98188e-07 
2198.29 2182.29 1375.11 26.2465 0.65945 6.52526e-05 0.0753423 -6.69586e-07 
2198.29 2183.01 1375.1 26.2465 0.659449 7.34918e-05 0.0753422 -7.52778e-07 
2198.28 2183.82 1375.09 26.2466 0.659448 8.31919e-05 0.075342 -8.50529e-07 
2198.28 2184.74 1375.08 26.2466 0.659447 9.46705e-05 0.0753418 -9.65827e-07 
2198.28 2185.79 1375.07 26.2467 0.659446 0.000108371 0.0753416 -1.10304e-06 
2198.28 2186.98 1375.06 26.2467 0.659444 0.000124847 0.0753414 -1.26733e-06 
2198.28 2188.35 1375.04 26.2468 0.659442 0.000144884 0.0753411 -1.4665e-06 
2198.27 2189.93 1375.02 26.2468 0.65944 0.000169446 0.0753407 -1.7095e-06 
2198.27 2191.78 1374.99 26.2469 0.659437 0.000199915 0.0753403 -2.00934e-06 
2198.26 2193.95 1374.96 26.2471 0.659433 0.000238202 0.0753398 -2.3839e-06 
2198.26 2196.52 1374.92 26.2472 0.659429 0.000287003 0.0753391 -2.85788e-06 
2198.25 2199.61 1374.87 26.2474 0.659423 0.000350263 0.0753382 -3.46732e-06 
2198.24 2203.36 1374.8 26.2476 0.659415 0.000433808 0.075337 -4.26417e-06 
2198.22 2207.96 1374.71 26.248 0.659405 0.000546619 0.0753355 -5.32521e-06 
2198.2 2213.72 1374.58 26.2484 0.659391 0.000703554 0.0753334 -6.77724e-06 
2198.17 2221.04 1374.39 26.249 0.659371 0.000929276 0.0753304 -8.81695e-06 
2198.12 2230.56 1374.11 26.2499 0.659341 0.00126894 0.0753262 -1.17848e-05 
2198.04 2243.29 1373.66 26.2513 0.659295 0.0018113 0.0753198 -1.63028e-05 
2197.91 2260.9 1372.88 26.2534 0.65922 0.00274512 0.0753096 -2.35996e-05 
2197.67 2286.39 1371.42 26.2571 0.659083 0.0045011 0.0752922 -3.63628e-05 
2197.16 2325.67 1368.42 26.2642 0.658813 0.00809818 0.0752587 -6.12394e-05 
2196.05 2391.8 1361.96 26.28 0.658219 0.0158633 0.0751842 -0.000116268 
2193.68 2517.37 1348.35 26.3174 0.656896 0.0322357 0.0750073 -0.00024349 
2189.1 2780.31 1322.55 26.3817 0.654511 0.0632313 0.074703 -0.000467092 
2178.99 3284.25 1269.57 26.3761 0.652033 0.126448 0.0747289 -0.00057935 
2133.28 3883.75 1068.31 26.0678 0.64861 0.344345 0.0761161 -0.00139502 
705.92 3973.71 165.029 22.6499 3.54257e-05 0.10894 0.0743433 0 
705.92 3973.71 165.029 22.6499 3.54257e-05 0.10894 0.0743433 0 
649.068 4094.84 168.892 21.1518 0.287511 3.6934 -0.188388 0.352946 
601.488 4482.11 194.279 5 0.0987204 6.23631 0.522063 -0.00388913 
654.214 5058.13 207.57 5 0.0987204 6.23161 0.522063 -0.00399031 
708.916 5633.79 220.86 5 0.0987204 6.22557 0.522063 -0.00413857 
765.595 6209 234.151 5 0.0987204 6.21783 0.522063 -0.00440734 
824.252 6783.64 247.442 5 0.0987204 6.20738 0.522063 -0.0048943 
884.884 7357.51 260.733 5 0.0987204 6.19239 0.522063 -0.00579242 
947.494 7930.26 274.024 5 0.0987204 6.16932 0.522063 -0.00756124 
1012.08 8501.3 287.314 5 0.0987204 6.13063 0.522063 -0.0119151 
1078.64 9069.46 300.605 5 0.0987203 6.0538 0.522063 -0.0395016 
1147.17 9631.92 313.896 5 0.0987202 5.73736 0.522063 -0.350653 
1217.66 10170.9 327.187 5 0.0987186 2.70074 0.522063 -0.455709 
1289.95 10484.4 340.478 5 0.0987165 -1.31382 0.522063 -0.0232418 
1363.98 10499.8 353.768 5 0.0987163 -1.55862 0.522063 0.00241449 
1439.97 10497 367.059 5 0.0987163 -1.53015 0.522064 0.00209021 
1517.94 10496.3 380.349 5 0.0987163 -1.50779 0.522064 -0.00545043 
1597.89 10497.3 393.64 5 0.0987163 -1.56541 0.522064 0.035364 
1679.82 10494.1 406.93 5 0.0987123 -1.25875 0.522134 -0.242699 
1763.74 10513.6 420.22 5 0.0994801 -3.86067 0.508875 -0.157053 
1849.48 10339.9 433.568 5 -0.0468935 -5.6677 0.843849 -0.0271541 
1937.31 10032 433.121 5 -0.0459505 -6.01092 0.827568 -0.0068765 
2025.06 9698.62 428.499 5 -0.0450047 -6.11205 0.811263 -0.00245956 
2112.12 9357.75 423.947 5 -0.0440587 -6.15861 0.794958 -0.000907021 
2198.49 9013.42 419.465 5 -0.0431128 -6.1851 0.778652 -0.000220771 
2284.19 8667.13 415.054 5 -0.0421668 -6.20214 0.762346 0.00012073 
2369.23 8319.57 410.712 5 -0.0412207 -6.214 0.74604 0.000300142 
2453.63 7971.13 406.441 5 -0.0402747 -6.22273 0.729734 0.00039411 
2537.39 7622.04 402.241 5 -0.0393287 -6.22941 0.713428 0.000439186 
2620.52 7272.45 398.11 5 -0.0383827 -6.2347 0.697122 0.000454568 
2703.04 6922.47 394.05 5 -0.0374366 -6.23899 0.680816 0.000451141 
2784.95 6572.18 390.06 5 -0.0364906 -6.24253 0.66451 0.000435471 
2866.26 6221.62 386.14 5 -0.0355446 -6.24551 0.648204 0.000411744 
2946.99 5870.84 382.291 5 -0.0345986 -6.24804 0.631898 0.000382757 
3027.15 5519.87 378.512 5 -0.0336525 -6.25023 0.615592 0.000350466 
3106.74 5168.74 374.803 5 -0.0327065 -6.25214 0.599285 0.000316293 
3185.78 4817.46 371.164 5 -0.0317605 -6.25382 0.582979 0.000281316 
3264.28 4466.06 367.595 5 -0.0308144 -6.25531 0.566673 0.000246379 
3342.24 4114.56 364.097 5 -0.0298684 -6.25663 0.550367 0.000212176 
3419.68 3762.95 360.669 5 -0.0298029 -6.25783 0.534061 0.000186545 
3496.61 3411.25 357.246 5.04974 -0.0329507 -6.25838 0.517755 0.000142169 
3572.74 3059.52 353.583 5.30668 -0.0342042 -6.25987 0.501449 0.000118909 
3646.8 2707.67 349.796 5.56355 -0.0354537 -6.26079 0.485143 9.28007e-05 
3718.77 2355.76 345.887 5.82015 -0.0367492 -6.26159 0.468837 6.91665e-05 
3788.63 2003.79 341.85 6.07922 -0.0382719 -6.26234 0.452531 4.87106e-05 
3856.36 1651.76 337.67 6.3524 -0.0382663 -6.26303 0.436224 3.16086e-05 
3921.83 1299.69 333.457 6.54652 -0.0269439 -6.26367 0.419918 1.80522e-05 
3985.51 947.565 330.062 6.06055 -0.0609036 -6.26427 0.403612 8.25669e-06 
4051.62 595.396 324.204 7.78157 -0.614564 -6.26473 0.387306 0.000435705 
4107.45 243.2 277.03 40 -0.0899994 -4.34618 0.369 0 
4107.45 243.2 277.03 40 -0.0899994 -4.34618 0.369 0 
4073.31 205.394 273.106 35.904 1.4 -2.18062 -0.188388 0.856274 
4043.39 198.868 290.802 20.7233 1.1014 0.611803 -0.176775 -0.433798 
4031.67 232.668 304.536 10.2462 -1.24459 -1.32491 -0.165158 -0.689817 
4033.13 238.479 284.622 26.5321 -1.34671 -3.90459 0.965219 -0.424807 
4015.17 207.039 262.855 37.136 -0.391975 -5.92318 -0.141939 0.0102425 
3984 146.448 254.636 36.9544 -0.391215 -5.95305 -0.130326 0.0122376 
3952.8 85.4256 246.431 36.7741 -0.390272 -5.84319 -0.118714 0.0283332 
3921.58 25.9898 238.244 36.593 -0.388964 -5.59177 -0.107102 0.0158537 
3890.33 -29.8141 230.081 36.4072 -0.387407 -5.46573 -0.0954897 -0.00207536 
3859.06 -83.7974 221.944 36.2143 -0.386252 -5.51432 -0.0838775 -0.00409293 
3827.77 -138.483 213.828 36.0195 -0.386454 -5.5875 -0.0722652 0.00250918 
3796.48 -194.225 205.714 35.8379 -0.388254 -5.59747 -0.060653 0.0097848 
3765.16 -250.112 197.578 35.6857 -0.389827 -5.50543 -0.0490407 0.0179586 
3733.79 -304.67 189.423 35.5578 -0.387142 -5.2751 -0.0374285 0.0296983 
3702.33 -355.9 181.309 35.4049 -0.376958 -4.87777 -0.0258163 0.0467052 
3670.81 -401.39 173.347 35.1472 -0.362806 -4.28174 -0.014204 0.0680486 
3639.36 -438.271 165.594 34.7507 -0.359115 -3.46178 -0.00259177 0.0894186 
3608.16 -463.306 157.904 34.3437 -0.384686 -2.42383 0.00902048 0.105042 
3577.22 -473.347 149.855 34.2485 -0.440476 -1.21249 0.0206327 0.110478 
3546.2 -465.889 141.001 34.7682 -0.483277 0.0994975 0.032245 0.104185 
3514.34 -439.477 131.517 35.7019 -0.429182 1.42257 0.0438572 0.0877204 
3481.12 -393.951 122.793 35.9458 -0.223171 2.65705 0.0554695 0.0651941 
3447.33 -330.592 117.039 33.8951 0.037764 3.70479 0.0670817 0.0420702 
3415.67 -252.098 115.103 33.7124 0.0386678 4.49437 0.0786939 0.0232336 
3384.19 -162.198 114.842 33.5298 0.0396017 5.01096 0.0903062 0.011056 
3352.91 -64.8348 117.491 33.3467 0.0405852 5.30385 0.101918 0.00489326 
3321.92 36.759 120.158 33.1627 0.0415544 5.45625 0.113531 0.00245734 
3291.23 140.554 122.844 32.9779 0.0423768 5.54147 0.125143 0.00164361 
3260.83 245.58 125.545 32.7941 0.042955 5.60141 0.136755 0.00131499 
3230.72 351.472 128.26 32.6138 0.0434236 5.65226 0.148367 0.00108185 
3200.9 458.098 130.985 32.438 0.0442698 5.69803 0.15998 0.000870922 
3171.36 565.386 133.727 32.262 0.0460915 5.73928 0.171592 0.00068512 
3142.1 673.269 136.498 32.0751 0.0488516 5.77614 0.183204 0.000530354 
3113.14 781.684 139.315 31.8681 0.0510483 5.80892 0.194816 0.000406021 
3084.5 890.573 142.167 31.649 0.0499338 5.83806 0.206429 0.000308066 
3056.2 999.882 145.009 31.4554 0.0439139 5.864 0.218041 0.000231678 
3028.2 1109.57 147.768 31.3388 0.0365576 5.88718 0.229653 0.000172447 
3000.43 1219.59 150.424 31.3066 0.0384232 5.90795 0.241265 0.000126694 
2972.76 1329.9 153.107 31.2496 0.0609075 5.92663 0.252878 9.14704e-05 
2945.24 1440.49 156.117 30.9434 0.100255 5.94345 0.26449 6.44547e-05 
2918.14 1551.32 159.702 30.2261 0.12208 5.9586 0.276102 4.38879e-05 
2891.97 1662.37 163.618 29.3291 0.0704304 5.97225 0.287714 2.8646e-05 
2866.97 1773.62 166.81 29.0768 -0.0780418 5.98459 0.299327 1.85184e-05 
2842.4 1885.04 167.862 30.4727 -0.233458 5.99621 0.310939 1.35267e-05 
2816.28 1996.64 166.637 33.4379 -0.170141 6.00797 0.322551 7.51799e-06 
2786.68 2108.4 166.258 35.4206 0.322949 6.01848 0.334163 -8.71845e-06 
2754.64 2220.32 172.957 31.7899 1.10404 6.05412 0.345776 -0.000484879 
2726.76 2332.75 191.023 19.9087 1.4 4.89327 0.357388 -7.55526e-05 
2713.06 2428.4 213.64 5.4638 0.0899991 4.07513 0.369 0 
2713.06 2428.4 213.64 5.4638 0.0899991 4.07513 0.369 0 
2725.12 2545.46 216.486 5 -0.973236 3.83879 1.15369 0.225515 
2738.52 2657.61 197.237 20.0509 0.335475 4.12283 0.0628956 0.823948 
2725.49 2775.68 204.702 13.3581 0.53961 5.23548 0.0543147 0.481268 
2723.86 2916.88 216.635 5 0.0431116 5.84768 0.740369 0.088873 
2736.87 3070.8 218.521 5 0.0431116 5.95157 0.740369 -0.022894 
2749.96 3226.88 220.408 5 0.0431116 5.9267 0.740369 -0.0350599 
2763.13 3382.45 222.294 5 0.0431115 5.8889 0.740369 -0.0195955 
2776.37 3537.23 224.181 5 0.0431115 5.86835 0.74037 0.0158309 
2789.7 3691.58 226.067 5 0.0431115 5.89321 0.74037 -0.0357184 
2803.1 3846.45 227.954 5 0.0431114 5.86019 0.74037 -0.174552 
2816.58 4000.63 229.84 5 0.0431112 5.65246 0.740371 -0.314555 
2830.14 4150.49 231.727 5 0.043111 5.25396 0.740371 -0.416351 
2843.77 4292.06 233.613 5 0.0431106 4.70343 0.740372 -0.479579 
2857.47 4422.19 235.5 5 0.0431101 4.04753 0.740373 -0.514282 
2871.23 4538.67 237.386 5 0.0431095 3.32477 0.740375 -0.529755 
2885.07 4640.13 239.272 5 0.0431088 2.56348 0.740378 -0.532466 
2898.97 4725.75 241.159 5 0.0431082 1.78391 0.740376 -0.526498 
2912.93 4795.17 243.045 5 0.0430893 1.0007 0.740685 -0.514301 
2926.96 4848.29 244.931 5 0.0439949 0.224871 0.725018 -0.497258 
2941.06 4885.29 246.836 5 -0.00394047 -0.534656 0.843787 -0.476072 
2955.24 4906.49 247.743 5 -0.00300203 -1.27005 0.827543 -0.450876 
2969.45 4912.39 248.021 5 -0.00205773 -1.97363 0.811248 -0.421277 
2983.65 4903.67 248.318 5 -0.00111262 -2.63692 0.794947 -0.386446 
2997.86 4881.15 248.636 5 -0.000167219 -3.24997 0.778644 -0.345012 
3012.07 4845.88 248.973 5 0.000778327 -3.80047 0.762339 -0.294963 
3026.29 4799.16 249.329 5 -0.00404361 -4.27276 0.746034 -0.233489 
3040.51 4742.63 249.586 5.09125 -0.00220944 -4.64669 0.729735 -0.250451 
3054.59 4678.31 249.877 5.41095 -0.0161432 -5.06196 0.713429 -0.224496 
3068.14 4605.37 249.868 5.66787 -0.0174001 -5.44132 0.697122 -0.163317 
3081.26 4524.53 249.825 5.92481 -0.0186604 -5.71913 0.680816 -0.0937651 
3093.95 4437.92 249.746 6.18184 -0.0199181 -5.87968 0.66451 -0.0416805 
3106.2 4347.96 249.633 6.4389 -0.0211564 -5.95284 0.648204 -0.0134909 
3118.02 4256.49 249.486 6.69569 -0.0223693 -5.97895 0.631898 -0.00222237 
3129.4 4164.48 249.304 6.95183 -0.0236121 -5.98638 0.615592 -0.000173126 
3140.35 4072.31 249.089 7.2079 -0.0250104 -5.99075 0.599286 -0.00173056 
3150.87 3980.05 248.835 7.46635 -0.0265762 -5.99849 0.58298 -0.0034216 
3160.94 3887.63 248.541 7.72952 -0.027835 -6.01011 0.566673 -0.0039698 
3170.57 3794.96 248.212 7.99191 -0.0278649 -6.02352 0.550367 -0.00349106 
3179.74 3702.02 247.873 8.23418 -0.02685 -6.03653 0.534061 -0.00249092 
3188.5 3608.81 247.547 8.44253 -0.0287786 -6.04765 0.517755 -0.00137828 
3196.89 3515.37 247.175 8.66812 -0.0402612 -6.05606 0.501449 -0.000414242 
3204.9 3421.76 246.555 9.05979 -0.0576661 -6.06146 0.485143 0.00019128 
3212.23 3328.03 245.561 9.68871 -0.0481332 -6.06432 0.468837 0.000221152 
3218.48 3234.24 244.745 10.0965 0.0344168 -6.06664 0.452531 -8.93169e-05 
3223.97 3140.41 245.631 9.15804 0.14464 -6.06951 0.436224 0.000610887 
3231.02 3046.51 248.841 6.61783 0.0166289 -6.05793 0.419918 0.00280254 
3242.49 2952.85 249.473 6.4621 -0.659311 -5.99247 0.403612 0.00401252 
3254.53 2860.56 236.054 17.0366 -1.4 -5.84467 0.387305 0.000462197 
3248.7 2771.35 206.88 38.2088 -0.0899962 -5.76934 0.369 0 
3248.7 2771.35 206.88 38.2088 -0.0899962 -5.76934 0.369 0 
3204.3 2691.39 201.259 32.526 1.33817 -2.41733 -0.188388 0.88085 
3168.22 2677.99 224.184 13.3101 0.0102312 1.70002 -0.176774 -0.772669 
3164.21 2746.35 221.347 16.6366 -1.4 -2.28587 0.400618 -0.679943 
3155.3 2735.55 190.395 38.8193 -0.428901 -6.04944 -0.153551 -0.0119251 
3109.4 2650.02 178.024 38.6366 -0.428025 -6.12898 -0.141939 0.00328998 
3063.31 2562.92 165.677 38.4541 -0.427105 -6.08969 -0.130326 0.00372234 
3017.01 2476.6 153.353 38.2711 -0.426099 -6.0428 -0.118714 0.00161793 
2970.52 2391.2 141.055 38.0864 -0.425097 -6.02337 -0.107102 0.000574993 
2923.83 2306.2 128.783 37.9004 -0.424414 -6.01803 -0.0954897 0.000928071 
2876.94 2221.3 116.531 37.7179 -0.424314 -6.00677 -0.0838775 0.00149796 
2829.86 2136.62 104.286 37.5473 -0.424106 -5.98558 -0.0722653 0.0018266 
2782.57 2052.36 92.0506 37.3855 -0.421549 -5.95757 -0.060653 0.00196279 
2735.04 1968.66 79.8713 37.1958 -0.415051 -5.9253 -0.0490408 0.00212495 
2687.33 1885.6 67.8272 36.9223 -0.409947 -5.88801 -0.0374285 0.00247331 
2639.58 1803.28 55.8931 36.5969 -0.421976 -5.84224 -0.0258163 0.00305407 
2591.87 1721.87 43.7304 36.4852 -0.460503 -5.78319 -0.014204 0.00385415 
2543.87 1641.64 30.8061 36.9599 -0.484698 -5.70449 -0.00259179 0.00495436 
2494.61 1562.96 17.3862 37.7286 -0.384561 -5.59429 0.00902046 0.00659892 
2443.56 1486.48 5.93066 36.8745 -0.10769 -5.43257 0.0206327 0.00703459 
2393.31 1413.2 0.00121139 35.948 0.0364525 -5.24774 0.0322449 0.00157631 
2344.23 1343.6 0.00103885 35.7651 0.0373459 -5.20651 0.0438572 -0.00139805 
2295.45 1274.81 0.00103885 35.5821 0.0382389 -5.25298 0.0554694 0.00264669 
2246.96 1205.1 0.00104464 35.3991 0.0391329 -5.16225 0.0670817 0.0230986 
2198.77 1137.2 3.85694 35.2162 0.0400281 -4.39059 0.0786939 0.0549485 
2151.02 1084.62 7.73671 35.0332 0.040923 -2.77036 0.0903062 0.0767445 
2103.75 1064.21 11.6401 34.8502 0.0418172 -0.650876 0.101918 0.0763714 
2056.96 1085.91 15.5671 34.6672 0.0427108 1.55172 0.113531 0.0574437 
2010.65 1151.34 19.5176 34.4843 0.0436056 3.48558 0.125143 0.0304899 
1964.82 1255.19 23.4917 34.3013 0.0445046 4.85467 0.136755 0.00823591 
1919.46 1386.23 27.4896 34.1183 0.0454067 5.51118 0.148367 -0.000878619 
1874.56 1530.3 31.5111 33.9352 0.0462976 5.64801 0.15998 -0.00050922 
1830.12 1677.1 35.5562 33.7521 0.0471558 5.66442 0.171592 0.000733886 
1786.12 1824.21 39.6242 33.5695 0.047994 5.72065 0.183204 0.000774393 
1742.58 1972.45 43.7146 33.3878 0.0489157 5.78966 0.194816 0.000495378 
1699.49 2122.05 47.8291 33.2055 0.0500655 5.84902 0.206429 0.00028638 
1656.86 2272.84 51.9723 33.0192 0.0513285 5.89605 0.218041 0.000172472 
1614.69 2424.56 56.1465 32.8277 0.0519582 5.9334 0.229653 0.000112854 
1572.99 2577.02 60.3392 32.6414 0.0509998 5.96382 0.241265 7.79946e-05 
1531.75 2730.08 64.5189 32.4834 0.0494467 5.98922 0.252878 5.44762e-05 
1490.93 2883.65 68.6728 32.3592 0.0526608 6.01079 0.26449 3.73422e-05 
1450.47 3037.64 72.8944 32.1923 0.0668763 6.02936 0.276102 2.47344e-05 
1410.45 3192.01 77.4037 31.8221 0.0838073 6.0455 0.287714 1.56748e-05 
1371.18 3346.69 82.261 31.2337 0.0651243 6.05964 0.299327 9.40913e-06 
1333.05 3501.66 86.766 30.9936 -0.0293721 6.07213 0.310939 5.27331e-06 
1295.52 3656.87 89.4019 32.2023 -0.132379 6.08325 0.322551 2.63338e-06 
1256.22 3812.31 89.9535 34.8008 0.0288848 6.0931 0.334163 1.4185e-06 
1212.73 3967.94 93.6252 34.6161 0.709728 6.10231 0.345776 1.1523e-06 
1169.42 4123.76 110.825 24.1574 1.37432 6.08394 0.357388 -0.000111394 
1143.17 4279.19 141.557 5 0.0899998 4.35236 0.369 0 
1143.17 4279.19 141.557 5 0.0899998 4.35236 0.369 0 
1152.76 4367.89 143.921 5 -0.45598 4.28969 1.06145 0.741635 
1162.59 4455.63 138.059 10.7974 0.565818 5.08353 0.0299831 0.22956 
1164.94 4555.35 147.451 5 0.0759289 5.36832 0.611536 0.124666 
1174.73 4659.34 149.602 5 0.0759289 5.52502 0.611536 0.0500137 
1184.58 4765.7 151.754 5 0.075929 5.59017 0.611536 -0.0327349 
1194.5 4873.04 153.905 5 0.075929 5.55719 0.611536 -0.115235 
1204.49 4979.88 156.057 5 0.0759289 5.4234 0.611536 -0.18904 
1214.54 5084.71 158.208 5 0.0759288 5.19403 0.611536 -0.251082 
1224.65 5186.08 160.36 5 0.0759286 4.87861 0.611536 -0.301148 
1234.82 5282.7 162.511 5 0.0759284 4.4885 0.611536 -0.340069 
1245.05 5373.44 164.663 5 0.0759281 4.03551 0.611536 -0.368991 
1255.34 5457.36 166.814 5 0.0759279 3.53115 0.611536 -0.389112 
1265.69 5533.68 168.966 5 0.0759276 2.98629 0.611536 -0.401575 
1276.1 5601.79 171.117 5 0.0759272 2.41089 0.611536 -0.407397 
1286.56 5661.24 173.269 5 0.0759269 1.81399 0.611536 -0.40743 
1297.09 5711.69 175.42 5 0.0759266 1.20381 0.611537 -0.40234 
1307.67 5752.95 177.572 5 0.0759263 0.587901 0.611537 -0.392619 
1318.31 5784.93 179.723 5 0.0759259 -0.0266793 0.611537 -0.378621 
1329.01 5807.65 181.875 5 0.0759256 -0.633159 0.611537 -0.360614 
1339.76 5821.23 184.026 5 0.0759253 -1.22495 0.611537 -0.338853 
1350.57 5825.9 186.178 5 0.0759249 -1.79562 0.611537 -0.313657 
1361.44 5821.97 188.329 5 0.0759246 -2.33892 0.611537 -0.28548 
1372.37 5809.86 190.481 5 0.0759244 -2.84898 0.611538 -0.254953 
1383.36 5790.06 192.632 5 0.0759241 -3.32052 0.611538 -0.222893 
1394.41 5763.16 194.784 5 0.0759238 -3.74913 0.611538 -0.190261 
1405.51 5729.8 196.935 5 0.0759236 -4.13151 0.611538 -0.158089 
1416.68 5690.68 199.087 5 0.0759234 -4.46567 0.611539 -0.127363 
1427.91 5646.53 201.238 5 0.0759232 -4.75094 0.611539 -0.0989176 
1439.2 5598.08 203.39 5 0.0759231 -4.98783 0.611539 -0.0733386 
1450.55 5546.06 205.541 5 0.0759229 -5.17775 0.61154 -0.0509029 
1461.96 5491.18 207.693 5 0.0759231 -5.32253 0.611534 -0.0315662 
1473.44 5434.11 209.844 5 0.0759106 -5.42375 0.611749 -0.0149912 
1484.98 5375.53 211.995 5 0.076381 -5.48193 0.603639 -0.000609796 
1496.59 5316.06 214.154 5 0.058593 -5.49555 0.608344 0.0122912 
1508.26 5256.39 216.044 5.20075 0.0517062 -5.45971 0.599286 -0.0161402 
1519.76 5197.27 217.826 5.46675 0.0532272 -5.54135 0.582979 -0.0281945 
1530.98 5136.91 219.624 5.70005 0.0559937 -5.684 0.566673 -0.0217817 
1541.98 5074.4 221.458 5.88958 0.0553159 -5.81253 0.550367 -0.0104772 
1552.8 5009.96 223.278 6.0791 0.0450078 -5.89284 0.534061 -0.00312039 
1563.44 4944.31 224.937 6.37901 0.0252403 -5.93014 0.517755 -0.000610362 
1573.78 4878.09 226.292 6.88688 0.0119348 -5.94706 0.501449 -0.000412395 
1583.56 4811.62 227.434 7.50825 0.0346572 -5.96045 0.485143 -0.00054616 
1592.61 4744.95 228.903 7.81901 0.108964 -5.97487 0.468837 -0.000404586 
1601.3 4678.07 231.484 7.25843 0.189612 -5.98741 0.45253 -7.53719e-05 
1610.73 4610.99 235.294 5.83937 0.152131 -5.99278 0.436224 0.000258913 
1622 4543.83 238.573 5.00001 -0.123898 -5.98386 0.419918 0.000924369 
1634.46 4476.81 237.714 6.36624 -0.551505 -5.91427 0.403612 0.000694664 
1645.38 4410.83 230.38 13.4921 -0.813221 -5.8004 0.387306 0.000300174 
1647.55 4346.58 217.88 22.4728 -0.0899997 -5.62066 0.369 0 
1647.55 4346.58 217.88 22.4728 -0.0899997 -5.62066 0.369 0 
1643.73 4284.01 260.453 22.498 -4.52412e-05 -0.416552 0.482653 7.67851e-12 
1639.87 4221.45 301.508 22.4997 -2.46043e-07 -0.365378 0.480306 6.20145e-14 
1635.99 4158.89 341.076 22.4998 -2.26509e-07 -0.364878 0.477959 -4.06849e-14 
1632.07 4096.32 379.172 22.4998 -2.29643e-07 -0.364873 0.475612 -3.87135e-14 
1628.13 4033.76 415.796 22.4998 -2.32844e-07 -0.364873 0.473265 -3.56823e-14 
1624.15 3971.19 450.942 22.4998 -2.36042e-07 -0.364873 0.470918 -3.28692e-14 
1620.14 3908.63 484.594 22.4998 -2.39205e-07 -0.364873 0.468571 -3.0001e-14 
1616.1 3846.07 516.731 22.4998 -2.42317e-07 -0.364873 0.466224 -2.72704e-14 
1612.02 3783.5 547.328 22.4998 -2.4537e-07 -0.364873 0.463878 -2.50492e-14 
1607.92 3720.94 576.354 22.4998 -2.48361e-07 -0.364873 0.461531 -2.27141e-14 
1603.78 3658.38 603.774 22.4998 -2.51291e-07 -0.364873 0.459184 -2.05196e-14 
1599.61 3595.81 629.552 22.4998 -2.54161e-07 -0.364873 0.456837 -1.84108e-14 
1595.4 3533.25 653.648 22.4998 -2.56975e-07 -0.364873 0.45449 -1.64649e-14 
1591.16 3470.68 676.02 22.4998 -2.59737e-07 -0.364873 0.452143 -1.47297e-14 
1586.89 3408.12 696.626 22.4998 -2.6245e-07 -0.364873 0.449796 -1.31064e-14 
1582.59 3345.56 715.421 22.4998 -2.65119e-07 -0.364873 0.447449 -1.17289e-14 
1578.25 3282.99 732.363 22.4998 -2.67748e-07 -0.364873 0.445102 -1.01879e-14 
1573.87 3220.43 747.409 22.4998 -2.70341e-07 -0.364873 0.442755 -8.88842e-15 
1569.46 3157.86 760.518 22.4998 -2.72901e-07 -0.364873 0.440408 -7.82739e-15 
1565.02 3095.3 771.652 22.4998 -2.75433e-07 -0.364873 0.438061 -6.68297e-15 
1560.54 3032.74 780.778 22.4998 -2.7794e-07 -0.364873 0.435714 -5.84271e-15 
1556.03 2970.17 787.865 22.4998 -2.80426e-07 -0.364873 0.433367 -4.86639e-15 
1551.48 2907.61 792.891 22.4998 -2.82894e-07 -0.364873 0.43102 -4.13978e-15 
1546.9 2845.05 795.838 22.4998 -2.85348e-07 -0.364873 0.428673 -3.49157e-15 
1542.27 2782.48 796.695 22.4998 -2.87791e-07 -0.364873 0.426327 -2.81093e-15 
1537.62 2719.92 795.46 22.4998 -2.90226e-07 -0.364873 0.42398 -2.07678e-15 
1532.93 2657.35 792.136 22.4998 -2.92656e-07 -0.364873 0.421633 -1.66747e-15 
1528.2 2594.79 786.736 22.4998 -2.95085e-07 -0.364873 0.419286 -1.2177e-15 
1523.43 2532.23 779.278 22.4998 -2.97514e-07 -0.364873 0.416939 -7.78137e-16 
1518.62 2469.66 769.787 22.4998 -2.99946e-07 -0.364873 0.414592 -4.96206e-16 
1513.78 2407.1 758.293 22.4998 -3.02384e-07 -0.364873 0.412245 -3.15579e-16 
1508.9 2344.53 744.831 22.4998 -3.0483e-07 -0.364873 0.409898 -4.2487e-17 
1503.99 2281.97 729.439 22.4998 -3.07286e-07 -0.364873 0.407551 9.53419e-17 
1499.03 2219.41 712.159 22.4998 -3.09752e-07 -0.364873 0.405204 1.83396e-16 
1494.04 2156.84 693.033 22.4998 -3.12229e-07 -0.364873 0.402857 3.45268e-16 
1489.01 2094.28 672.105 22.4998 -3.14717e-07 -0.364873 0.40051 4.43765e-16 
1483.93 2031.72 649.418 22.4998 -3.17214e-07 -0.364873 0.398163 3.81404e-16 
1478.82 1969.15 625.015 22.4998 -3.19716e-07 -0.364873 0.395816 4.16295e-16 
1473.67 1906.59 598.937 22.4998 -3.22218e-07 -0.364873 0.393469 4.31777e-16 
1468.48 1844.02 571.224 22.4998 -3.24709e-07 -0.364873 0.391122 3.94918e-16 
1463.25 1781.46 541.912 22.4998 -3.27173e-07 -0.364873 0.388776 3.60679e-16 
1457.98 1718.9 511.034 22.4998 -3.29587e-07 -0.364873 0.386429 3.11452e-16 
1452.67 1656.33 478.621 22.4998 -3.31912e-07 -0.364873 0.384082 2.34964e-16 
1447.32 1593.77 444.698 22.4998 -3.34089e-07 -0.364873 0.381735 1.84729e-16 
1441.92 1531.21 409.284 22.4998 -3.36024e-07 -0.364873 0.379388 1.36773e-16 
1436.49 1468.64 372.393 22.4998 -3.37563e-07 -0.364873 0.377041 1.06809e-16 
1431.01 1406.08 334.032 22.4998 -3.38446e-07 -0.364838 0.374694 9.87445e-16 
1425.49 1343.51 294.197 22.4998 -3.38601e-07 -0.361339 0.372347 1.25598e-14 
1419.93 1280.95 252.87 22.5 2.35467e-12 -0.00360449 0.369 0 
1419.93 1280.95 252.87 22.5 2.35467e-12 -0.00360449 0.369 0 
1379.06 1365.69 258.224 12.7575 0.305369 5.12125 -0.188388 0.102982 
1383.47 1744.27 281.985 5 0.168736 6.2605 0.247199 -0.00167496 
1426.45 2188.16 298.624 5 0.168736 6.25934 0.247199 -0.00163982 
1471.35 2631.99 315.263 5 0.168736 6.25807 0.2472 -0.00159991 
1518.16 3075.74 331.901 5 0.168736 6.25665 0.2472 -0.00155913 
1566.88 3519.41 348.54 5 0.168736 6.25502 0.247199 -0.00152026 
1617.51 3962.98 365.179 5 0.168728 6.25315 0.247346 -0.00148529 
1670.05 4406.45 381.817 5 0.16997 6.25097 0.225933 -0.00145636 
1724.5 4849.8 398.527 5 -0.0122876 6.24842 0.659911 -0.00143537 
1781.09 5292.99 404.785 5 -0.11042 6.2454 1.00694 -0.00142676 
1838.5 5736.02 395.159 5 -0.109474 6.2417 0.990631 -0.00142538 
1894.81 6178.83 385.587 5 -0.108528 6.23713 0.974325 -0.00142634 
1950.01 6621.38 376.07 5 -0.107582 6.2313 0.95802 -0.0014169 
2004.12 7063.6 366.607 5 -0.106636 6.22364 0.941714 -0.00140832 
2057.15 7505.37 357.198 5 -0.10569 6.21318 0.925408 -0.00155127 
2109.09 7946.55 347.844 5 -0.104744 6.19814 0.909102 -0.00209071 
2159.95 8386.86 338.544 5 -0.103798 6.17405 0.892796 -0.000821741 
2209.74 8825.8 329.298 5 -0.102852 6.12209 0.876489 -0.0200047 
2258.47 9261.75 320.106 5 -0.101906 6.28 0.860183 -0.2445 
2306.14 9706.76 310.968 5 -0.100962 2.31703 0.843877 -0.425457 
2352.59 9924.51 301.885 5 -0.100019 -3.36522 0.827571 -0.127326 
2397.73 9816.4 292.856 5 -0.0990741 -6.19341 0.811265 -0.00342112 
2441.7 9546.12 283.88 5 -0.098128 -6.13649 0.794959 -0.000690166 
2484.64 9279.1 274.96 5 -0.097182 -6.1785 0.778653 -0.000367333 
2526.56 9009.67 266.093 5 -0.096236 -6.20106 0.762347 -9.05876e-05 
2567.45 8738.94 257.281 5 -0.09529 -6.21519 0.746041 3.33133e-05 
2607.33 8467.41 248.522 5 -0.094344 -6.225 0.729735 9.15532e-05 
2646.2 8195.31 239.819 5 -0.0933979 -6.23225 0.713428 0.000120022 
2684.07 7922.8 231.169 5 -0.0924519 -6.23782 0.697122 0.000132601 
2720.95 7649.96 222.574 5 -0.0915059 -6.24223 0.680816 0.000135764 
2756.83 7376.88 214.032 5 -0.0905598 -6.24581 0.66451 0.000133057 
2791.74 7103.59 205.546 5 -0.0896138 -6.24877 0.648204 0.000126632 
2825.67 6830.13 197.113 5 -0.0886678 -6.25127 0.631898 0.00011788 
2858.62 6556.52 188.735 5 -0.0877217 -6.25339 0.615592 0.000107742 
2890.62 6282.8 180.41 5 -0.0867757 -6.25522 0.599286 9.68727e-05 
2921.65 6008.97 172.141 5 -0.0858297 -6.25682 0.582979 8.57359e-05 
2951.74 5735.04 163.925 5 -0.0848836 -6.25823 0.566673 7.46704e-05 
2980.88 5461.04 155.764 5 -0.0839376 -6.25947 0.550367 6.39263e-05 
3009.08 5186.97 147.656 5 -0.0829916 -6.26058 0.534061 5.36923e-05 
3036.34 4912.83 139.604 5 -0.0820456 -6.26158 0.517755 4.41126e-05 
3062.69 4638.63 131.605 5 -0.0810995 -6.26248 0.501449 3.52994e-05 
3088.11 4364.39 123.661 5 -0.0801535 -6.2633 0.485143 2.7341e-05 
3112.61 4090.09 115.77 5 -0.0792075 -6.26404 0.468837 2.03075e-05 
3136.21 3815.76 107.935 5 -0.0782614 -6.26472 0.452531 1.42551e-05 
3158.91 3541.38 100.153 5 -0.0773154 -6.26534 0.436224 9.22432e-06 
3180.72 3266.97 92.4255 5 -0.0763694 -6.26592 0.419918 5.24636e-06 
3201.63 2992.53 84.7524 5 -0.0754233 -6.26645 0.403612 1.95596e-06 
3221.66 2718.05 77.1336 5 -0.876701 -6.26689 0.387306 0.000218958 
3241.74 2443.55 23.565 40 -0.651271 -3.62447 0.369 0 
