grtopS_52_2
50
2 2
7 7 
0 5 3 4 1 2 7 
0 5 3 4 1 2 7 
3263.1 46.1548 27.268 99.7139 79.4382 89.5349 
143706 53.8087 0.79785 19.554 9.22488e-09 22.2452 
66.5939 0.941934 0.55649 2.03498 1.62119 1.82724 
2932.77 1.09814 0.0162827 0.399061 1.88263e-10 0.453983 
3.55747e-06 4.59051 0.350579 0.896283 0.29168 4.23908 
1.65379e-06 0.17236 0.00708917 0.0836159 2.40792 1.609 
161.32 78.91 560.61 16.1735 0.462634 0 0.224662 0 
161.32 78.91 560.61 16.1735 0.462638 3.54223e-06 0.224787 -0.00357029 
161.323 78.9085 560.614 16.1667 0.4828 -0.144167 0.223203 0.00402966 
22.3757 68.8091 579.848 6.02806 0.533249 -0.0233786 0.498146 0.0133686 
31.8702 -569.741 346.372 16.5123 0.451593 0.369621 0.215703 -0.000562146 
31.4512 -544.244 345.799 17.2638 0.447908 0.369876 0.195305 -0.00152728 
30.3242 -472.194 364.008 16.357 0.455032 0.338823 0.219724 -0.00030915 
29.5825 -457.607 362.133 16.2247 0.455838 0.342146 0.223293 -0.000135243 
28.9216 -451.289 357.104 16.2565 0.455414 0.350813 0.222441 -0.000179542 
28.2427 -442.875 352.611 16.2817 0.455097 0.358574 0.221762 -0.000214634 
27.563 -432.806 348.561 16.2808 0.455017 0.365577 0.221783 -0.000214188 
26.8898 -422.755 344.405 16.2563 0.455052 0.372764 0.222443 -0.000182797 
26.2266 -414.178 339.557 16.2581 0.454912 0.381146 0.222393 -0.000186378 
25.5711 -405.429 334.626 16.243 0.454796 0.389676 0.222806 -0.000168568 
24.9263 -397.524 329.134 16.2802 0.454422 0.399165 0.221797 -0.000219285 
24.285 -387.221 324.388 16.2453 0.454491 0.407384 0.22274 -0.000174368 
23.6638 -379.033 318.671 16.2588 0.454223 0.417273 0.222376 -0.000194114 
23.0555 -369.911 313.096 16.2542 0.454082 0.426922 0.222499 -0.000189669 
22.4666 -360.994 307.25 16.2513 0.453927 0.437043 0.222575 -0.000187517 
21.9001 -352.172 301.17 16.2447 0.453801 0.447574 0.22275 -0.000180327 
21.3606 -343.684 294.772 16.232 0.453592 0.458656 0.223102 -0.000166426 
20.8506 -335.855 287.793 16.287 0.452994 0.470735 0.221621 -0.000242071 
20.3643 -324.462 281.872 16.2822 0.45299 0.481003 0.221734 -0.000235757 
19.917 -313.351 275.806 16.1939 0.453313 0.491533 0.224122 -0.000120938 
19.52 -307.654 267.428 16.2516 0.452675 0.506029 0.222564 -0.000200459 
19.1462 -298.213 260.15 16.2333 0.452571 0.518639 0.223058 -0.0001776 
18.8099 -289.816 252.225 16.2335 0.452169 0.53239 0.223066 -0.000179515 
18.5345 -281.211 243.921 16.319 0.451323 0.546898 0.220761 -0.000285664 
18.4168 -267.108 237.341 16.3091 0.451183 0.558879 0.221026 -0.000246691 
18.8917 -253.526 230.332 16.3023 0.45099 0.572724 0.221208 -0.000187872 
21.0432 -240.256 222.935 16.2939 0.450758 0.589346 0.221432 -0.000312583 
26.901 -227.374 215.067 16.2847 0.450578 0.601414 0.221684 -0.000806621 
31.2902 -214.951 206.752 16.2974 0.450674 0.593907 0.221336 -0.000297346 
14.6017 -201.82 198.906 16.2711 0.450624 0.606767 0.222042 0.000302118 
-2.75574 -190.233 190.229 16.2691 0.449987 0.643935 0.222095 -0.00018533 
1.2656 -178.457 180.88 16.25 0.449762 0.662745 0.222613 -0.000332642 
7.85205 -167.715 170.745 16.2568 0.449517 0.676073 0.222424 -0.000297098 
10.4118 -156.447 160.578 16.2289 0.449472 0.691347 0.223161 -0.000223743 
10.7651 -146.822 149.535 16.2058 0.447352 0.709677 0.223956 -0.000256333 
10.4022 -137.55 135.766 17.3348 0.438177 0.731097 0.193618 -0.00171149 
7.76173 -56.5874 146.709 17.8609 0.435904 0.712836 0.179339 -0.00235361 
5.73743 56.8179 171.096 17.2449 0.440503 0.673372 0.195974 -0.0015841 
6.27688 131.304 181.607 17.4915 0.438034 0.655419 0.189433 -0.00202335 
7.0126 221.669 197.066 18.1187 0.434766 0.624862 0.172473 -0.00127492 
4.03446 350.984 228.019 17.802 0.437398 0.63132 0.180983 -0.00558868 
58.8106 460.163 252.096 17.4864 0.443329 0.458123 0.189422 -0.000427952 
-13.2623 547.681 272.509 17.1719 0.445674 0.480977 0.197837 0.00264007 
-29.3228 615.327 285.833 16.8399 0.445783 0.622838 0.206445 0.0138977 
113.532 663.138 289.397 16.6167 0.396172 1.21904 0.215378 -0.0210697 
836.959 721.498 238.51 39.9992 0.0896943 0.506447 0.223662 0 
836.959 721.498 238.51 39.9992 0.0896943 0.506447 0.223662 0 
806.446 741.332 234.69 32.3961 0.453129 -0.564473 -0.188064 1.02826 
782.908 757.743 244.433 22.41 1.4 -2.34865 -0.176455 1.00685 
768.764 750.29 265.526 5.00132 -1.37761 -6.25707 0.0196696 -0.985447 
772.256 699.506 245.133 22.4856 1.39967 -2.87461 -0.153228 -0.964038 
766.603 684.102 263.979 13.6069 -1.39835 1.07436 -0.14153 0.94287 
771.081 710.591 251.587 21.5204 1.31269 6.27863 -0.130009 -0.921222 
766.421 798.377 263.39 13.4146 1.38436 1.14413 -0.118398 -0.899814 
770.146 825.864 276.077 5.00033 0.472099 -3.85528 1.03921 -0.878407 
782.31 803.29 280.939 5 -1.39782 -6.27723 1.02324 0.856962 
794.412 752.55 260.296 12.9636 -1.39516 -3.34004 1.00683 0.00141185 
799.367 734.551 248.65 20.3019 -1.4 -6.27955 0.990321 0.000964841 
797.11 681.338 227.693 30.7069 1.39448 -6.27955 -0.0603418 -0.0793077 
783.905 627.915 239.419 21.4425 1.3942 -6.27954 -0.0487312 0.000756032 
779.7 574.466 252.523 12.8826 1.39355 -6.27952 -0.0371201 -0.0968934 
783.864 517.478 264.703 5 -1.4 -6.28 -0.025508 -0.0888588 
796.396 457.525 250.509 16.7287 -1.39844 -6.28 -0.0138964 0.00568634 
797.548 397.581 238.819 24.4749 -1.39848 -6.27989 -0.00228517 0.686061 
791.13 337.644 226.982 39.976 -0.748133 -1.24588 0.00961765 0.664653 
769.729 345.749 222.492 39.9774 -0.0921367 3.77657 0.851064 -0.642581 
748.114 404.39 225.711 33.6764 -0.77562 -1.21272 0.843492 0.621518 
732.622 412.733 220.68 34.1567 -1.39906 -4.37388 0.827312 0.00486325 
716.677 380.493 200.955 40 1.4 -5.45932 0.0554704 -0.578704 
688.567 339.163 221.716 29.9487 1.4 -1.53441 0.794358 0.00523562 
675.977 335.152 242.667 11.105 0.178072 0.636301 0.0790768 0.531512 
672.778 356.623 249.562 5 -0.0750333 -3.60788 0.761981 -0.514485 
684.666 329.602 253.646 5 -0.491125 -6.28 0.745964 0.0824514 
696.724 269.649 247.653 5 -1.39527 -3.79559 0.72967 0.0683618 
708.877 246.008 230.65 13.0931 0.736727 -6.27784 0.713123 0.126076 
712.483 195.268 244.123 10.0595 -1.4 -3.05199 0.696815 0.428858 
713.371 180.991 223.359 19.3323 -1.25177 -2.43939 0.680432 0.407451 
702.252 173.208 213.226 25.1106 -1.39967 -6.27873 0.16029 0.386043 
694.51 122.466 199.211 39.9995 0.169219 -6.28 0.171971 0.364636 
672.013 62.5398 205.499 31.7122 1.4 -6.27836 0.186855 0.343227 
657.123 11.8075 217.332 13.0465 1.3985 -2.20683 0.19509 0.322122 
656.733 -0.266905 231.894 5.00026 0.52458 2.59262 0.206742 0.300408 
659.57 45.159 241.266 5.00002 -1.39743 -1.79048 0.218435 0.279304 
671.591 40.9376 229.802 13.3777 1.39964 2.98139 0.229963 0.257588 
666.201 90.4318 242.291 5 -0.226919 2.81577 0.55006 0.236178 
678.014 138.019 244.591 5.00001 -1.39996 -1.56579 0.533761 0.209932 
690.116 140.543 224.17 20.6732 -1.39967 -6.01989 0.264785 0.193367 
686.891 92.2375 211.52 29.0389 -1.39909 -1.31119 0.501446 0.171954 
666.397 99.8814 190.409 35.4435 1.4 0.420061 0.484871 0.150552 
638.733 127.878 211.256 25.4479 1.4 2.16679 0.375216 0.129155 
621.143 176.395 232.291 7.16422 -1.39997 -0.315065 0.452253 -0.107528 
630.93 194.055 219.535 23.9137 -1.4 -4.97449 0.322558 0.0866322 
623.187 158.446 204.834 39.9927 0.212514 -0.329279 0.419591 0.0652239 
599.407 176.292 211.388 39.9913 1.4 4.30418 0.346073 0.0435037 
577.172 247.598 232.15 28.9255 0.151866 6.27976 0.387111 -1.08981e-05 
564.854 344.452 229.69 30.3751 -0.0897118 4.21862 0.369 0 
564.854 344.452 229.69 30.3751 -0.0897118 4.21862 0.369 0 
554.59 384.304 228.656 29.5834 0.736363 3.86966 -0.187999 -1.0282 
544.638 422.352 233.367 24.6585 1.39661 3.82277 -0.176767 -1.00718 
537.4 460.153 243.406 17.1329 1.26849 3.08712 -0.164775 -0.985775 
534.502 492.164 251.95 9.93404 1.03245 2.35948 -0.153204 -0.964319 
535.921 519.098 258.944 5.00007 0.139366 1.63988 -0.14182 -0.94257 
540.836 541.661 259.791 5.00006 -1.23515 1.31206 0.337911 -0.921441 
545.951 562.019 251.185 11.9425 -1.39998 0.608695 1.05526 -0.899743 
547.104 577.472 241.264 19.3973 -0.750989 0.612935 0.497756 -0.878717 
543.596 592.983 235.762 22.5854 -0.114898 -0.0742762 -0.0946311 -0.857295 
537.729 603.709 234.64 22.4213 -0.149211 -0.75346 -0.0834708 -0.83553 
531.938 609.697 233.768 22.4431 -0.0942624 -1.06621 -0.0718868 -0.814366 
526.114 613.537 232.791 22.4328 -0.0838773 -1.72915 -0.0602751 -0.792714 
520.278 612.767 231.887 22.3418 -0.0576809 -1.69341 -0.0486634 -0.771694 
514.475 612.265 231.166 22.1039 -0.0206622 -2.3402 -0.0370517 -0.750286 
508.787 606.646 230.705 21.6878 -0.0200381 -2.97895 -0.0254296 -0.728877 
503.319 596.548 230.44 21.0437 0.0403498 -3.60967 -0.0138607 -0.707469 
498.195 582.038 230.416 20.8052 0.00135997 -4.23235 -0.00224129 -0.686061 
493.205 563.205 230.123 20.7798 0.0467982 -4.84698 0.00905972 -0.664652 
488.215 540.755 230.149 20.5098 -0.132682 -5.45356 0.0210112 -0.643241 
483.397 514.078 229.403 20.5062 -0.0274934 -6.0521 0.0326205 -0.621454 
478.554 483.219 228.912 20.1488 -0.101657 -6.2767 0.0446456 -0.303033 
473.911 450.891 227.909 19.9824 0.00343781 -6.27664 0.0554788 -0.296363 
469.332 418.564 227.654 19.9491 -0.180013 -6.27698 0.0677975 -0.557228 
464.794 386.234 226.109 20.1985 -0.0866167 -6.27722 0.0790724 0.536203 
460.082 353.202 225.211 20.4336 -0.0372311 -5.72216 0.0903975 0.472047 
455.223 324.062 224.654 19.9018 -0.154391 -5.19156 0.102306 0.493299 
450.672 299.269 223.981 20.0125 0.0121187 -4.65268 0.113916 0.471603 
446.03 277.554 224.011 19.2362 0.0217206 -4.72388 0.125538 0.450507 
441.818 255.806 224.54 18.4369 0.0102152 -4.20128 0.137152 0.429097 
438.063 237.195 225.029 17.7317 -0.0374375 -3.68677 0.148761 0.407313 
434.716 222.184 225.197 17.3857 -0.136887 -3.88113 0.160378 0.385969 
431.577 206.24 224.603 17.6905 -0.123451 -4.07617 0.171995 0.364931 
428.257 189.117 223.477 18.2548 -0.240484 -3.58623 0.183576 0.343527 
424.627 175.423 221.814 19.5656 -0.0749354 -3.10436 0.194827 0.32212 
420.223 165.106 221.027 19.8016 -0.140634 -2.63058 0.206691 0.300329 
415.69 158.095 219.956 20.5082 0.112405 -2.18261 0.218204 0.279239 
410.715 154.176 221.136 19.8425 0.320862 -1.72504 0.230105 0.257888 
406.102 152.752 223.769 17.4021 0.463126 -1.27553 0.241753 0.236469 
403.567 154.472 227.419 14.3161 0.63742 -0.834126 0.252878 0.214667 
402.777 159.266 232.314 10.4466 0.280768 -1.09425 0.26451 0.193673 
404.256 162.218 234.775 9.33267 -0.190042 -0.669214 0.501397 0.172265 
406.457 168.12 233.98 10.6837 0.0911508 -0.252267 0.48472 0.150857 
407.859 176.935 234.455 10.4733 0.217134 0.156577 0.468432 0.129449 
409.369 188.628 235.783 9.62558 0.290883 0.557317 0.452059 0.108041 
411.361 203.131 238.324 8.43773 0.533719 0.949951 0.435714 -0.022222 
414.017 220.372 241.915 6.02593 0.210904 1.2927 0.419918 0.0652244 
418.113 239.896 243.937 5.43345 0.18682 1.6691 0.403612 0.0438163 
422.571 262.055 245.802 5 0.10705 2.0374 0.386914 -0.0220687 
427.31 287.451 247.118 5.00038 -0.0895975 1.68145 0.369 0 
427.31 287.451 247.118 5.00038 -0.0895975 1.68145 0.369 0 
441.733 369.101 244.759 6.68921 -0.994251 0.788577 1.14133 -1.02796 
453.041 428.531 219.409 24.8077 -0.131392 -1.50232 -0.176096 -1.00695 
425.733 430.145 215.183 24.6356 -0.130017 -3.81162 -0.165084 -0.882234 
398.648 374.118 210.998 24.453 -0.128343 -5.9483 -0.153542 0.438313 
371.698 262.124 206.864 24.2553 -0.126885 -6.23356 -0.141933 0.811179 
344.95 142.846 202.774 24.0491 -0.128998 -5.45482 -0.127655 0.856673 
318.445 43.3411 198.64 23.9019 -0.126493 -3.36047 -0.118714 0.727265 
292.046 -2.91264 194.574 23.7207 -0.125574 -1.4456 -0.107102 0.0449785 
265.928 0.96222 190.54 23.5386 -0.124244 -1.64904 -0.0954897 0.0481344 
239.831 -0.165813 186.547 23.348 -0.122695 -1.6067 -0.0838771 0.00715925 
213.939 -0.196827 182.601 23.1596 -0.122999 -1.59787 -0.0722648 -0.00548682 
188.084 -0.00389523 178.654 22.9816 -0.124592 -1.61163 -0.060653 0.00258654 
162.391 -0.156943 174.675 22.8508 -0.124908 -1.60776 -0.0490408 0.00271487 
136.761 -0.210632 170.693 22.7348 -0.112629 -1.59993 -0.0374286 0.00298517 
111.159 -0.175231 167.027 22.3878 -0.0845861 -1.58712 -0.0258163 -0.00177229 
86.0627 -0.0682943 164.088 21.642 -0.0968253 -1.58677 0.0337473 -0.000138519 
62.3403 -0.0444873 160.868 21.0907 -0.062195 -1.58826 0.0963726 0.000450813 
39.5582 -0.0277487 158.55 19.8914 0.0762889 -1.56114 0.129134 0.00050732 
19.4543 -0.0126066 159.797 16.1787 0.0464034 -1.54005 0.340546 -4.37557e-06 
7.75813 -0.00428342 160.436 13.4206 -0.0738859 -1.53781 0.556828 4.02499e-06 
2.30773 -0.000555851 158.133 13.2003 -0.0337566 -1.53677 0.568449 2.58508e-05 
-2.82596 0.00230205 156.859 12.2282 -0.00376168 -1.53579 0.599402 3.09921e-05 
-6.05784 0.00396876 156.385 10.8027 -0.0911158 -1.5357 0.713643 2.92751e-05 
-6.36724 0.00375569 153.751 11.1727 -0.085467 -1.53617 0.693034 2.68664e-05 
-7.55124 0.0043909 151.246 11.3953 -0.0691692 -1.53633 0.683168 1.35306e-05 
-9.29992 0.00551714 149.145 11.2774 -0.0372144 -1.5364 0.670927 1.48582e-05 
-10.9317 0.00613804 147.861 10.5754 -0.0810113 -1.53616 0.726734 0.000514677 
-11.1783 0.00659953 145.493 10.773 -0.080714 -1.5357 0.713428 -0.00089247 
-11.9477 0.025737 143.124 10.9471 -0.0671474 -1.53722 0.697122 -0.00123248 
-13.1987 0.0134286 141.093 10.8487 -0.0438109 -1.53898 0.680816 -0.00142529 
-14.4111 -0.0428643 139.659 10.3339 -0.0503748 -1.54096 0.66451 9.50491e-05 
-14.5994 -0.152128 138.079 10.0494 -0.0338408 -1.54083 0.648204 0.00100941 
-14.2977 -0.259746 136.93 9.5109 0.000335871 -1.53909 0.631898 0.0012176 
-12.9761 -0.332862 136.671 8.41952 0.0923115 -1.53662 0.615592 0.0024446 
-9.49378 -0.363001 138.791 5.75023 -0.00624391 -1.52992 0.599285 -0.00499701 
-0.42254 -0.228766 138.518 5.44477 -0.0367551 -1.5486 0.582979 -0.0144944 
9.27141 -0.551746 137.483 5.79754 -0.0274433 -1.59618 0.562575 0.0133189 
18.1893 -2.11094 136.67 5.93492 -0.0331322 -1.55037 0.550367 0.0102284 
26.79 -2.50715 135.706 6.40039 -0.0267814 -1.81562 0.534061 -0.189763 
34.3862 -9.16068 135.004 6.5318 0.0295049 -2.7574 0.517755 -0.0910251 
41.6316 -40.1885 136.555 6.69204 0.0538744 -2.34571 0.501449 0.10643 
48.6259 -60.5131 139.51 6.9457 0.0542177 -1.30125 0.485143 0.12324 
55.2753 -53.4827 142.47 7.1766 0.0537263 -0.259052 0.468837 0.12939 
61.6269 -19.4817 145.454 7.41278 0.0469498 0.820126 0.452531 0.108003 
67.675 41.9587 148.256 7.75847 0.0353466 1.8704 0.436224 0.0865985 
73.1895 130.113 150.738 8.26939 0.0454043 2.89169 0.419918 0.065187 
77.8063 243.891 153.466 8.53314 0.116218 3.88396 0.403612 0.0437644 
82.0093 382.318 157.982 7.3572 0.186512 4.84713 0.387306 -0.005629 
88.8095 544.458 164.33 5.00063 -0.0899998 4.07652 0.369 0 
88.8095 544.458 164.33 5.00063 -0.0899998 4.07652 0.369 0 
101.343 658.376 163.448 6.7731 -1.23294 3.78942 1.15369 -1.02466 
111.427 766.489 139.389 25.2009 0.361838 2.37318 -0.176776 -1.00718 
89.9976 845.978 146.992 18.343 0.846786 0.959613 -0.165163 -0.985776 
79.7734 896.864 164.628 5 0.04107 -0.432244 0.748369 -0.964367 
92.1948 919.578 166.397 5 0.0410693 -1.80127 0.748369 -0.942959 
104.666 914.598 168.167 5 0.0410686 -3.14746 0.748369 -0.921551 
117.187 882.387 169.936 5 0.0410679 -4.47082 0.748369 -0.898621 
129.759 823.407 171.706 5 0.0410672 -5.76858 0.748369 -0.392106 
142.381 738.175 173.475 5 0.041067 -6.27859 0.748369 -0.0290752 
155.067 642.627 175.245 5 0.041067 -6.27863 0.748369 -0.0783352 
167.824 547.078 177.014 5 0.041067 -6.27861 0.748369 -0.0218569 
180.654 451.529 178.784 5 0.041067 -6.27853 0.748369 -0.0707614 
193.554 355.982 180.553 5 0.041067 -6.27838 0.748369 -0.0382253 
206.527 260.438 182.323 5 0.041067 -6.27807 0.748369 0.538725 
219.572 164.9 184.092 5 0.0410673 -5.52683 0.748369 0.726618 
232.7 84.5581 185.862 5 0.0410679 -4.42844 0.748369 0.705877 
245.918 26.4351 187.631 5 0.0410685 -3.35162 0.748369 0.684262 
259.224 -9.90537 189.401 5 0.041069 -2.29831 0.748369 0.661289 
272.62 -24.9393 191.17 5 0.0410696 -1.27159 0.748369 0.420404 
286.103 -19.2042 192.94 5 0.0410699 -0.637541 0.748369 -0.576089 
299.669 -0.643396 194.709 5 0.0410695 -1.52488 0.748369 -0.0258545 
313.292 -0.0319105 196.479 5 0.0410694 -1.56478 0.748369 0.00568978 
326.986 -0.227638 198.248 5 0.0410688 -1.55551 0.748379 3.9913e-05 
340.752 -0.235919 200.018 5 0.0410994 -1.5554 0.747853 -4.57109e-05 
354.59 -0.24188 201.788 5 0.0395395 -1.55726 0.743303 5.08334e-05 
368.5 -0.28539 203.527 5.02807 0.0242691 -1.55293 0.746041 -0.000138482 
382.441 -0.241373 204.955 5.285 0.0230142 -1.55578 0.729735 0.00011173 
396.024 -0.254778 206.35 5.54194 0.0217596 -1.55641 0.713429 3.72766e-05 
409.248 -0.280419 207.712 5.79887 0.0205057 -1.5562 0.697122 -0.000885157 
422.111 -0.30148 209.039 6.0558 0.0192526 -1.55758 0.680816 0.00542335 
434.611 -0.350189 210.333 6.3127 0.0179977 -1.54736 0.66451 0.134944 
446.749 -0.191806 211.594 6.5696 0.0167365 -1.2941 0.648204 -0.283412 
458.526 5.08996 212.82 6.82662 0.0154709 -1.87015 0.631898 -0.339084 
469.927 -1.28064 214.013 7.08378 0.0142213 -2.53625 0.615592 -0.255615 
480.949 -21.1248 215.171 7.34083 0.0130165 -3.03772 0.599286 0.299784 
491.594 -51.1127 216.298 7.5971 0.0118334 -2.41308 0.58298 0.278937 
501.88 -68.4648 217.392 7.85236 0.0105209 -1.81062 0.566673 0.257684 
511.807 -73.6297 218.451 8.10873 0.00888878 -1.23125 0.550367 0.236342 
521.371 -67.0747 219.468 8.37099 0.00715852 -0.675209 0.534061 0.214968 
530.561 -49.2715 220.443 8.63987 0.00646057 -0.142573 0.517755 0.19358 
539.364 -20.6936 221.394 8.89861 0.00803917 0.366601 0.501449 0.172183 
547.793 18.1844 222.369 9.11352 0.00989715 0.852276 0.485143 0.15078 
555.921 66.887 223.375 9.28606 0.00362717 1.31442 0.468837 0.129373 
563.819 124.938 224.248 9.54692 -0.0186941 1.75301 0.452531 0.107961 
571.346 191.862 224.661 10.1315 -0.0397606 2.168 0.436224 0.0865411 
577.958 267.181 224.629 10.9777 0.00242805 2.55937 0.419918 0.0651009 
583.186 350.418 225.423 11.0778 0.156516 2.92705 0.403612 0.043556 
588.228 441.092 229.331 8.80775 0.276825 3.27078 0.387306 -0.000266581 
597.064 538.717 235.746 5 -0.09 3.23525 0.369 0 
597.064 538.717 235.746 5 -0.09 3.23525 0.369 0 
610.774 644.024 232.313 5 -0.542687 1.92194 1.15369 0.0117314 
628.823 719.388 216.43 10.1501 0.241378 1.60494 0.0439814 -1.00503 
636.375 787.533 226.714 5 0.319503 0.380065 -0.165163 -0.983619 
653.747 830.476 238.967 5 -0.242948 -4.64982 1.10478 -0.962212 
671.844 756.02 229.918 5 -0.232444 -5.31707 0.923721 0.929076 
689.511 666.351 226.328 5 -0.241056 -5.71131 1.07215 0.516094 
707.01 576.154 222.933 5 -0.0453881 -6.03948 1.05381 0.327732 
724.26 470.159 226.866 5 -0.108305 -6.01513 1.03348 -0.0434735 
741.718 367.068 229.365 5 -0.199927 -5.55863 0.363253 -0.48714 
759.34 280.345 229.067 5 -0.197047 -5.77079 0.313607 0.833782 
776.943 188.79 229.369 5 -0.202698 -6.06417 0.411006 0.761019 
794.558 82.806 227.513 5 0.0434999 -5.44685 0.972316 0.790972 
811.987 -1.36087 233.473 5 -0.229378 -2.67626 0.956019 0.769567 
829.862 -29.2969 233.212 5 -0.233482 -0.650049 0.941664 0.735247 
847.765 -5.68933 228.63 5 -0.594222 -0.953565 0.14808 0.351635 
865.617 4.52185 220.051 16.364 -0.634848 -1.63351 0.347705 -0.234517 
862.323 0.93005 208.58 22.2354 -0.116056 -1.54476 -0.000618823 5.65679e-05 
844.679 1.00957 204.822 26.7428 -0.10759 -1.64784 0.0109856 -2.0591e-05 
821.409 1.01809 198.074 24.4133 -0.102006 -1.64807 0.0225901 -0.000210545 
793.889 1.03667 191.539 27.6419 -0.232938 -1.65025 0.0341959 0.000445482 
768.505 1.0353 188.255 27.2663 -0.378751 -1.64891 0.0457994 -0.000199013 
743.724 1.07623 183.774 28.0284 -0.325026 -1.6367 0.0578165 4.19108e-06 
717.322 1.09663 177.72 27.0844 -0.382416 -1.64273 0.0744992 -4.37053e-06 
692.394 1.11672 172.824 27.2593 -0.372604 -1.64429 0.080625 5.04101e-06 
666.918 1.13695 167.584 27.2484 -0.223001 -1.65069 0.500507 -2.3052e-05 
641.155 1.15697 158.177 24.205 -0.624544 -1.66996 0.103833 -0.000190462 
620.704 1.17649 148.205 29.4404 -0.17743 -1.61036 0.127677 0.000321335 
590.031 1.16599 139.784 25.6561 -0.318371 -1.63708 0.127056 -0.000143351 
565.95 1.21551 136.739 25.8847 -0.307092 -1.64607 0.138668 -3.02785e-05 
541.307 1.23992 133.942 25.5844 -0.318022 -1.64979 0.150281 4.14088e-06 
517.09 1.25408 130.907 25.32 -0.357384 -1.65133 0.161892 -1.37979e-05 
493.235 1.27306 126.985 25.6396 -0.41608 -1.65149 0.173504 -8.71657e-06 
468.644 1.29289 121.713 26.6144 -0.380284 -1.64997 0.188824 4.11888e-05 
442.015 1.31395 115.707 26.7071 -0.0944764 -1.64529 0.206143 3.7576e-05 
414.812 1.36384 114.941 21.8112 -0.156625 -1.50143 0.208316 -0.298585 
390.502 3.55967 112.132 22.8235 -0.16184 -1.49076 0.219905 0.272083 
365.535 5.65456 106.226 22.2598 -0.0679363 -2.6028 0.231493 0.255981 
341.074 -13.643 103.262 22.1155 -0.103131 -3.59275 0.243067 0.234373 
316.766 -55.5093 100.4 20.9786 -0.16478 -2.8366 0.254624 -0.213182 
293.284 -88.1722 97.0605 20.8966 -0.071599 -2.03408 0.26619 -0.191799 
274.284 -97.3801 93.7577 19.4897 -0.397382 -0.991683 0.501449 0.170428 
250.936 -88.4172 80.6584 20.6229 -0.530687 0.399517 0.485143 0.149081 
233.483 -47.7392 64.4784 23.9165 0.497002 2.87373 0.468837 0.127771 
208.85 49.353 71.6088 8.91095 -0.446205 2.67282 0.436673 0.106448 
207.22 141.843 57.7875 20.6602 0.0744434 3.45962 0.324101 0.0850876 
184.296 252.288 58.2424 17.2054 -0.043149 3.05709 0.339221 0.0636784 
170.307 353.551 58.0714 12.7018 -0.993826 4.48283 0.347082 0.0422352 
159.623 487.313 38.1487 27.3681 -1.12023 5.25654 0.372496 0.0208756 
128.262 638.737 14.805 39.9993 1.39783 5.16344 0.369 0 
161.32 78.91 560.61 16.1735 0.462634 0 0.224662 0 
161.32 78.91 560.61 16.1735 0.462636 1.19124e-06 0.224662 3.92934e-06 
161.371 78.8774 560.679 16.1316 0.462868 0.00684095 0.225787 5.15478e-05 
456.823 -36.1455 515.702 16.2624 0.460444 0.0771069 0.22228 -0.000135278 
437.176 243.407 539.055 16.2169 0.461577 0.0370355 0.2235 -6.59174e-05 
428.849 379.603 550.919 16.1931 0.462158 0.0166529 0.224138 -2.97253e-05 
425.195 441.018 556.313 16.1822 0.462423 0.0073846 0.224429 -1.31876e-05 
423.583 468.265 558.709 16.1774 0.462541 0.00326718 0.224559 -5.83272e-06 
422.872 480.316 559.768 16.1752 0.462593 0.00144778 0.224617 -2.58197e-06 
422.558 485.65 560.235 16.1743 0.462616 0.000644732 0.224642 -1.14666e-06 
422.419 488.019 560.441 16.1739 0.462626 0.0002909 0.224653 -5.13991e-07 
422.358 489.081 560.531 16.1737 0.46263 0.000135287 0.224658 -2.35408e-07 
422.331 489.567 560.571 16.1736 0.462632 6.72597e-05 0.22466 -1.13337e-07 
422.319 489.802 560.588 16.1736 0.462633 3.78618e-05 0.224661 -6.0159e-08 
422.314 489.926 560.595 16.1736 0.462634 2.56667e-05 0.224661 -3.76578e-08 
422.312 490.004 560.598 16.1736 0.462634 2.11358e-05 0.224662 -2.87548e-08 
422.31 490.063 560.598 16.1736 0.462634 2.01018e-05 0.224662 -2.59961e-08 
422.31 490.117 560.598 16.1736 0.462634 2.07347e-05 0.224662 -2.60772e-08 
422.31 490.17 560.597 16.1736 0.462634 2.22696e-05 0.224662 -2.76316e-08 
422.31 490.227 560.596 16.1736 0.462634 2.43677e-05 0.224662 -3.00007e-08 
422.31 490.289 560.594 16.1736 0.462634 2.69433e-05 0.224661 -3.30118e-08 
422.309 490.358 560.593 16.1736 0.462633 2.99824e-05 0.224661 -3.65894e-08 
422.309 490.433 560.591 16.1736 0.462633 3.3539e-05 0.224661 -4.07724e-08 
422.309 490.517 560.588 16.1736 0.462633 3.77055e-05 0.224661 -4.56619e-08 
422.309 490.611 560.585 16.1736 0.462633 4.25994e-05 0.224661 -5.13665e-08 
422.309 490.718 560.582 16.1736 0.462633 4.8394e-05 0.224661 -5.80877e-08 
422.309 490.837 560.578 16.1736 0.462633 5.52947e-05 0.224661 -6.60221e-08 
422.309 490.974 560.573 16.1736 0.462633 6.35958e-05 0.224661 -7.54935e-08 
422.309 491.13 560.567 16.1736 0.462632 7.36694e-05 0.224661 -8.68705e-08 
422.308 491.309 560.56 16.1736 0.462632 8.6033e-05 0.22466 -1.00665e-07 
422.308 491.517 560.551 16.1736 0.462632 0.000101409 0.22466 -1.1758e-07 
422.308 491.759 560.54 16.1736 0.462631 0.00012082 0.22466 -1.38537e-07 
422.307 492.045 560.526 16.1736 0.462631 0.000145796 0.224659 -1.64886e-07 
422.306 492.386 560.507 16.1737 0.46263 0.00017867 0.224659 -1.98519e-07 
422.306 492.795 560.481 16.1737 0.462629 0.000223189 0.224658 -2.42261e-07 
422.304 493.296 560.445 16.1737 0.462627 0.000285632 0.224657 -3.00433e-07 
422.302 493.916 560.392 16.1738 0.462625 0.000377013 0.224656 -3.79937e-07 
422.299 494.7 560.31 16.1738 0.462622 0.000517455 0.224654 -4.92218e-07 
422.294 495.716 560.179 16.1739 0.462617 0.000745114 0.224652 -6.57105e-07 
422.285 497.072 559.953 16.174 0.462609 0.00113457 0.224648 -9.10678e-07 
422.269 498.951 559.547 16.1743 0.462594 0.00183483 0.224643 -1.32081e-06 
422.239 501.677 558.786 16.1746 0.462567 0.00314851 0.224634 -2.02227e-06 
422.18 505.85 557.312 16.1752 0.462515 0.00569406 0.224618 -3.2936e-06 
422.061 512.645 554.394 16.1763 0.462413 0.0107317 0.224589 -5.75828e-06 
421.823 524.525 548.583 16.1787 0.462207 0.0207632 0.224523 -1.10006e-05 
421.352 547.222 537.241 16.1851 0.46179 0.0403452 0.224351 -2.341e-05 
420.476 595.527 516.603 16.2001 0.461004 0.075977 0.223949 -5.05588e-05 
418.942 699.83 482.234 16.2117 0.459815 0.135291 0.223639 -7.18873e-05 
415.169 859.639 412.482 16.1695 0.457529 0.265611 0.224735 -0.000402249 
828.939 957.01 190.414 22.7544 3.20849e-05 0.0177723 0.223662 0 
828.939 957.01 190.414 22.7544 3.20849e-05 0.0177723 0.223662 0 
817.498 978.944 190.29 21.5443 0.86151 0.0718241 -0.188388 -0.62924 
807.147 1001.62 201.997 12.0557 0.708728 -0.436635 -0.176775 -0.935923 
807.571 1017.32 211.819 5 -0.64947 -1.2474 0.590987 -0.920979 
816.375 1021.9 203.186 12.2685 -0.985619 -2.04811 0.904586 -0.88564 
817.045 1015.52 189.787 21.8579 -0.0757617 -2.81079 -0.141939 -0.820033 
806.561 998.698 188.645 21.7391 -0.0776372 -3.50482 -0.130326 -0.715284 
796.169 972.365 187.48 21.6434 -0.0711383 -4.10046 -0.118714 -0.588884 
785.842 937.871 186.405 21.4815 -0.0533972 -4.58617 -0.107102 -0.468885 
775.653 896.722 185.578 21.1521 -0.0331923 -4.97149 -0.0954897 -0.357193 
765.793 850.292 185.034 20.9692 -0.0323018 -5.26502 -0.0838775 -0.243197 
756.116 799.84 184.507 20.7862 -0.0314097 -5.46554 -0.0722652 -0.128199 
746.622 746.641 183.996 20.6033 -0.0305135 -5.57245 -0.060653 -0.0250586 
737.314 691.977 183.846 20.4203 -0.0296174 -5.59528 -0.0490407 0.0559565 
728.202 637 183.712 20.2373 -0.0287235 -5.55164 -0.0374285 0.114677 
719.288 582.62 183.594 20.0543 -0.0278303 -5.45927 -0.0258162 0.157265 
710.572 529.506 183.493 19.8714 -0.026937 -5.33091 -0.014204 0.190089 
702.056 478.151 183.408 19.6884 -0.0260425 -5.17419 -0.00259175 0.216967 
693.739 428.943 183.339 19.5054 -0.0251461 -4.99362 0.0090205 0.2394 
685.623 382.209 183.287 19.3225 -0.0242495 -4.79248 0.0206327 0.257749 
677.709 338.231 183.25 19.1394 -0.0233561 -4.57381 0.032245 0.27211 
669.996 297.248 183.231 18.9564 -0.0224697 -4.34061 0.0438572 0.282636 
662.487 259.461 183.227 18.7735 -0.0215891 -4.09577 0.0554695 0.289529 
655.18 225.029 183.239 18.5907 -0.020704 -3.84209 0.0670817 0.292969 
648.077 194.072 183.268 18.4079 -0.019797 -3.58223 0.078694 0.293088 
641.178 166.676 183.313 18.225 -0.0188588 -3.31882 0.0903062 0.290003 
634.484 142.889 183.375 18.0417 -0.0179109 -3.05443 0.101918 0.283853 
627.996 122.724 183.453 17.8578 -0.0170144 -2.79159 0.113531 0.274827 
621.714 106.161 183.549 17.674 -0.0162377 -2.53272 0.125143 0.263165 
615.639 93.1445 183.658 17.4914 -0.0155718 -2.2801 0.136755 0.249157 
609.77 83.5893 183.781 17.3112 -0.0148466 -2.03586 0.148367 0.233129 
604.105 77.3805 183.918 17.1325 -0.0137601 -1.80189 0.15998 0.215439 
598.642 74.3774 184.074 16.9514 -0.0121219 -1.57986 0.171592 0.19647 
593.384 74.4164 184.256 16.7624 -0.0102517 -1.37116 0.183204 0.176624 
588.34 77.3149 184.468 16.5637 -0.00918242 -1.17692 0.194816 0.156317 
583.522 82.8746 184.699 16.3646 -0.0101524 -0.997978 0.206429 0.135973 
578.932 90.886 184.921 16.1864 -0.0131846 -0.834857 0.218041 0.116008 
574.545 101.132 185.105 16.0487 -0.0155373 -0.687795 0.229653 0.096825 
570.317 113.394 185.26 15.9408 -0.0119642 -0.556737 0.241265 0.0787997 
566.213 127.451 185.467 15.7982 0.00130706 -0.441364 0.252878 0.0622649 
562.268 143.088 185.858 15.523 0.0196243 -0.341118 0.26449 0.0474984 
558.632 160.099 186.507 15.0744 0.0256888 -0.255245 0.276102 0.03471 
555.506 178.286 187.248 14.5956 -0.00280926 -0.18285 0.287714 0.0240302 
552.934 197.465 187.609 14.4497 -0.0692297 -0.122949 0.299327 0.0155015 
550.552 217.464 187.064 15.0021 -0.12976 -0.0745408 0.310939 0.00907329 
547.565 238.128 185.677 16.1292 -0.0938403 -0.0366764 0.322551 0.00459919 
543.293 259.311 184.757 16.7742 0.111564 -0.00853012 0.334163 0.00183692 
538.232 280.88 186.638 15.2133 0.421135 0.0105299 0.345776 0.000450097 
534.851 302.709 192.795 10.5576 0.546861 0.0208762 0.357388 1.04793e-05 
536.717 324.676 200.777 5 0.0899998 0.0225617 0.369 0 
536.717 324.676 200.777 5 0.0899998 0.0225617 0.369 0 
536.831 325.006 200.809 5 0.0826116 0.029663 -0.185804 1.02852 
536.946 325.338 200.839 5.00611 0.0583911 0.0483144 -0.173583 1.00711 
537.06 325.674 200.864 5.01585 0.03456 0.0667255 -0.161056 0.985698 
537.175 326.013 200.885 5.02914 0.0111345 0.0848964 -0.147897 0.964288 
537.289 326.357 200.901 5.04592 -0.0118596 0.102827 -0.133109 0.942878 
537.403 326.703 200.912 5.0661 -0.0343665 0.120517 -0.111322 0.921468 
537.517 327.054 200.919 5.08954 -0.0561674 0.137967 0.911392 0.900057 
537.631 327.408 200.921 5.10714 -0.0468832 0.155177 1.02332 0.878647 
537.745 327.765 200.925 5.12229 -0.0341704 0.172146 1.01443 0.857237 
537.858 328.126 200.931 5.13552 -0.0217007 0.188875 1.00078 0.835826 
537.971 328.491 200.94 5.14694 -0.00962243 0.205364 0.985834 0.814415 
538.083 328.858 200.952 5.1566 0.00202173 0.221612 0.970349 0.793005 
538.196 329.229 200.966 5.16459 0.0132121 0.23762 0.954589 0.771594 
538.308 329.604 200.982 5.17099 0.0239373 0.253388 0.93867 0.750183 
538.42 329.981 201.001 5.17586 0.0341893 0.268915 0.922649 0.728771 
538.532 330.362 201.021 5.17928 0.0439624 0.284202 0.90656 0.70736 
538.644 330.745 201.043 5.18133 0.0532517 0.299249 0.890423 0.685948 
538.756 331.132 201.068 5.18209 0.0620532 0.314055 0.874249 0.664536 
538.868 331.522 201.094 5.18163 0.0703634 0.328621 0.858047 0.643124 
538.979 331.915 201.122 5.18003 0.0781791 0.342946 0.841824 0.621711 
539.091 332.31 201.151 5.17737 0.0854977 0.357031 0.825582 0.600299 
539.203 332.709 201.182 5.17373 0.0923167 0.370876 0.809324 0.578885 
539.315 333.11 201.214 5.16919 0.0986337 0.38448 0.793053 0.557472 
539.427 333.514 201.248 5.16382 0.104447 0.397844 0.77677 0.536058 
539.539 333.921 201.283 5.1577 0.109754 0.410967 0.760476 0.514643 
539.651 334.33 201.318 5.15092 0.114554 0.42385 0.744171 0.493228 
539.763 334.742 201.355 5.14356 0.118844 0.436493 0.727854 0.471813 
539.876 335.157 201.393 5.13568 0.122625 0.448895 0.711527 0.450396 
539.988 335.574 201.431 5.12738 0.125893 0.461056 0.695187 0.428979 
540.101 335.994 201.471 5.11873 0.12865 0.472977 0.678834 0.40756 
540.214 336.416 201.51 5.10982 0.130892 0.484658 0.662466 0.386141 
540.327 336.84 201.55 5.10071 0.13262 0.496097 0.64608 0.36472 
540.44 337.267 201.591 5.0915 0.133832 0.507297 0.629672 0.343297 
540.553 337.696 201.632 5.08226 0.134528 0.518255 0.613237 0.321872 
540.666 338.127 201.672 5.07307 0.134708 0.528973 0.596766 0.300445 
540.78 338.561 201.713 5.06401 0.134369 0.53945 0.580248 0.279014 
540.894 338.996 201.754 5.05517 0.133512 0.549687 0.563664 0.257579 
541.008 339.434 201.795 5.04662 0.132135 0.559682 0.546983 0.236139 
541.122 339.874 201.835 5.03844 0.130234 0.569436 0.530149 0.214692 
541.236 340.315 201.875 5.03072 0.127807 0.578949 0.513055 0.193235 
541.35 340.759 201.915 5.02353 0.124847 0.588221 0.495458 0.171765 
541.465 341.204 201.954 5.01697 0.121339 0.597251 0.47663 0.150274 
541.579 341.652 201.992 5.01113 0.117247 0.606039 0.453459 0.128749 
541.694 342.101 202.029 5.00614 0.112441 0.614584 0.358033 0.107167 
541.809 342.551 202.066 5.00276 0.104729 0.622884 0.336792 0.085471 
541.924 343.004 202.101 5.00076 0.0963682 0.630938 0.341592 0.0634937 
542.039 343.458 202.134 5.00001 0.0881495 0.638738 0.398874 0.0404479 
542.155 343.914 202.165 5.00001 0.0816556 0.64626 0.370722 -9.33922e-08 
542.27 344.371 202.196 5.00066 0.0663684 0.646278 0.369 0 
542.27 344.371 202.196 5.00066 0.0663684 0.646278 0.369 0 
545.17 355.487 202.769 5 -0.371301 0.637632 -0.188387 -0.336386 
548.121 366.56 201.163 6.77987 -1.22096 0.536503 0.368893 -0.31886 
550.429 377.13 195.312 11.5982 -1.4 0.44035 0.614736 -0.299563 
550.774 387.223 188.531 16.8845 -1.16787 0.349729 1.10477 -0.278313 
548.919 396.866 182.864 21.0121 -0.323308 0.26526 0.0643679 -0.255426 
545.275 406.089 181.37 22.0351 -0.0627705 0.187469 -0.130324 -0.231626 
541.183 414.926 181.164 22.0806 -0.0675113 0.116673 -0.118713 -0.207869 
537.071 423.411 180.934 22.1401 -0.0614415 0.0528968 -0.107101 -0.18516 
532.931 431.578 180.735 22.172 -0.0439674 -0.00414663 -0.0954893 -0.164362 
528.775 439.46 180.621 22.1342 -0.0164533 -0.055012 -0.0838772 -0.146056 
524.63 447.09 180.646 21.9909 0.0177527 -0.100438 -0.072265 -0.130472 
520.539 454.493 180.841 21.7201 0.0536331 -0.14124 -0.0606527 -0.117496 
516.554 461.693 181.218 21.3196 0.0851647 -0.178207 -0.0490405 -0.106746 
512.729 468.709 181.755 20.8101 0.106256 -0.212014 -0.0374282 -0.0976863 
509.111 475.556 182.4 20.2347 0.111826 -0.243177 -0.0258159 -0.0897472 
505.728 482.248 183.079 19.6543 0.0988568 -0.272032 -0.0142035 -0.0824225 
502.585 488.797 183.697 19.1393 0.0672223 -0.298759 -0.00259112 -0.0753372 
499.656 495.211 184.161 18.7583 0.0201177 -0.323414 0.00902127 -0.0682765 
496.888 501.503 184.395 18.5655 -0.0360457 -0.345982 0.0206336 -0.0611805 
494.206 507.683 184.35 18.5893 -0.0923345 -0.366423 0.0322458 -0.0541153 
491.519 513.761 184.025 18.8229 -0.138538 -0.384716 0.043858 -0.0472284 
488.739 519.748 183.467 19.2214 -0.164813 -0.400883 0.0554701 -0.0406993 
485.798 525.654 182.776 19.704 -0.163499 -0.415008 0.0670823 -0.0346963 
482.658 531.49 182.087 20.1634 -0.130793 -0.427232 0.0786944 -0.0293432 
479.323 537.266 181.558 20.4815 -0.0679734 -0.43774 0.0903066 -0.0247025 
475.851 542.989 181.339 20.5487 0.0181155 -0.446747 0.101919 -0.0207723 
472.34 548.667 181.548 20.285 0.115504 -0.454472 0.113531 -0.0174967 
468.928 554.307 182.244 19.6584 0.20852 -0.461123 0.125143 -0.0147832 
465.763 559.914 183.408 18.6972 0.280069 -0.466882 0.136756 -0.0125228 
462.986 565.492 184.936 17.4936 0.314495 -0.471896 0.148368 -0.0106092 
460.7 571.044 186.645 16.1961 0.30058 -0.476275 0.15998 -0.00895221 
458.951 576.574 188.296 14.9909 0.23418 -0.480098 0.171592 -0.00748577 
457.706 582.085 189.625 14.0737 0.119954 -0.483419 0.183205 -0.00616933 
456.852 587.579 190.393 13.6165 -0.0282276 -0.486275 0.194817 -0.00498442 
456.202 593.058 190.426 13.7329 -0.18847 -0.488694 0.206429 -0.00392813 
455.522 598.525 189.661 14.45 -0.333645 -0.490703 0.218041 -0.00300545 
454.563 603.983 188.167 15.6913 -0.435504 -0.492329 0.229654 -0.00222239 
453.104 609.433 186.156 17.2756 -0.469578 -0.493608 0.241266 -0.00158089 
450.996 614.877 183.963 18.935 -0.420085 -0.494577 0.252878 -0.00107616 
448.199 620.317 182.003 20.3505 -0.283971 -0.495278 0.26449 -0.000696444 
444.805 625.753 180.709 21.2019 -0.073249 -0.495755 0.276103 -0.000424491 
441.036 631.188 180.458 21.2249 0.185033 -0.496047 0.287715 -0.000240042 
437.231 636.621 181.493 20.2661 0.451518 -0.496193 0.299327 -0.000122516 
433.791 642.054 183.862 18.3264 0.679848 -0.496223 0.310939 -5.31979e-05 
431.127 647.485 187.384 15.5821 0.823977 -0.496162 0.322552 -1.65691e-05 
429.578 652.916 191.645 12.3783 0.846445 -0.49603 0.334164 -6.86194e-07 
429.347 658.346 196.044 9.19076 0.726292 -0.495837 0.345776 3.23756e-06 
430.445 663.777 199.87 6.55928 0.465125 -0.495591 0.357388 1.72055e-06 
432.656 669.208 202.416 5 0.0899995 -0.495296 0.369 0 
432.656 669.208 202.416 5 0.0899995 -0.495296 0.369 0 
435.064 666.8 204.096 6.86899 0.018681 -0.343553 0.482653 2.01323e-12 
437.472 664.392 205.773 8.54341 0.0036505 -0.239695 0.480306 1.3043e-12 
439.88 661.984 207.448 10.0618 0.000484998 -0.168672 0.477959 8.44204e-13 
442.288 659.576 209.122 11.4399 -0.000181649 -0.120122 0.475612 5.45994e-13 
444.696 657.168 210.793 12.6874 -0.000322042 -0.0869404 0.473265 3.52826e-13 
447.104 654.76 212.462 13.8121 -0.000351608 -0.0642645 0.470918 2.27625e-13 
449.512 652.352 214.129 14.8217 -0.000357834 -0.0487686 0.468571 1.46831e-13 
451.92 649.944 215.795 15.7238 -0.000359145 -0.0381793 0.466224 9.45053e-14 
454.327 647.536 217.458 16.5265 -0.000359421 -0.0309431 0.463878 6.07765e-14 
456.735 645.129 219.119 17.2379 -0.00035948 -0.0259981 0.461531 3.89567e-14 
459.143 642.721 220.778 17.8664 -0.000359492 -0.022619 0.459184 2.50366e-14 
461.551 640.313 222.435 18.4201 -0.000359494 -0.0203098 0.456837 1.6035e-14 
463.959 637.905 224.091 18.9067 -0.000359495 -0.0187318 0.45449 1.02019e-14 
466.367 635.497 225.744 19.3336 -0.000359495 -0.0176535 0.452143 6.5087e-15 
468.775 633.089 227.395 19.7075 -0.000359495 -0.0169166 0.449796 4.17438e-15 
471.183 630.681 229.045 20.0346 -0.000359495 -0.016413 0.447449 2.66976e-15 
473.591 628.273 230.692 20.3206 -0.000359495 -0.0160689 0.445102 1.6264e-15 
475.999 625.865 232.338 20.5704 -0.000359495 -0.0158337 0.442755 1.06115e-15 
478.407 623.457 233.981 20.7885 -0.000359495 -0.015673 0.440408 7.18793e-16 
480.815 621.049 235.623 20.9788 -0.000359495 -0.0155631 0.438061 4.65829e-16 
483.222 618.641 237.263 21.1449 -0.000359495 -0.0154881 0.435714 2.8186e-16 
485.63 616.234 238.901 21.2898 -0.000359495 -0.0154367 0.433367 1.6068e-16 
488.038 613.826 240.537 21.4161 -0.000359495 -0.0154016 0.43102 1.49679e-16 
490.446 611.418 242.171 21.5262 -0.000359495 -0.0153776 0.428673 1.1001e-16 
492.854 609.01 243.803 21.6223 -0.000359495 -0.0153611 0.426327 2.68495e-17 
495.262 606.602 245.434 21.706 -0.000359495 -0.0153497 0.42398 5.57738e-17 
497.67 604.194 247.062 21.7791 -0.000359495 -0.0153418 0.421633 3.538e-17 
500.078 601.786 248.689 21.8427 -0.000359495 -0.0153362 0.419286 -3.88679e-17 
502.486 599.378 250.314 21.8982 -0.000359495 -0.015332 0.416939 -1.68044e-17 
504.894 596.97 251.937 21.9467 -0.000359495 -0.0153287 0.414592 4.72177e-17 
507.302 594.562 253.558 21.9889 -0.000359495 -0.0153257 0.412245 1.59087e-17 
509.71 592.154 255.178 22.0257 -0.000359495 -0.0153226 0.409898 7.7859e-17 
512.117 589.746 256.795 22.0578 -0.000359495 -0.0153189 0.407551 8.75968e-17 
514.525 587.339 258.411 22.0859 -0.000359495 -0.015314 0.405204 5.97452e-17 
516.933 584.931 260.025 22.1103 -0.000359495 -0.0153071 0.402857 1.2789e-16 
519.341 582.523 261.638 22.1317 -0.000359495 -0.0152972 0.40051 1.59467e-16 
521.749 580.115 263.248 22.1504 -0.000359495 -0.0152827 0.398163 1.96783e-16 
524.157 577.707 264.857 22.1668 -0.000359495 -0.0152612 0.395816 2.0222e-16 
526.565 575.299 266.464 22.1811 -0.000359495 -0.0152295 0.393469 2.84884e-16 
528.973 572.891 268.069 22.1936 -0.000359495 -0.0151825 0.391122 3.28402e-16 
531.381 570.483 269.673 22.2047 -0.000359494 -0.0151128 0.388776 3.70053e-16 
533.789 568.075 271.275 22.2144 -0.000359491 -0.0150095 0.386429 4.33066e-16 
536.197 565.667 272.875 22.223 -0.000359472 -0.0148563 0.384082 4.77704e-16 
538.605 563.259 274.473 22.2307 -0.00035938 -0.0146292 0.381735 4.75995e-16 
541.013 560.851 276.07 22.2375 -0.000358913 -0.0142928 0.379388 4.48594e-16 
543.42 558.444 277.665 22.2437 -0.000356577 -0.0137943 0.377041 3.72377e-16 
545.828 556.036 279.258 22.2493 -0.000344923 -0.0130562 0.374694 2.46818e-16 
548.236 553.628 280.85 22.2544 -0.000287025 -0.0119633 0.372347 9.70395e-17 
550.644 551.22 282.44 22.2592 -3.74764e-07 -0.0103455 0.369 0 
550.644 551.22 282.44 22.2592 -3.74764e-07 -0.0103455 0.369 0 
547.819 558.452 280.856 20.2033 1.3999 0.693898 1.15369 0.0750412 
545.754 569.673 287.22 11.994 0.898523 1.25744 1.13739 0.0485794 
547.547 584.084 290.818 6.25255 -0.0930842 1.65437 1.12108 0.0290449 
552.1 600.74 288.852 5.0006 -0.694896 1.9078 1.10477 0.0153562 
557.269 618.832 283.487 6.39254 -1.3997 2.04944 1.08847 0.00556366 
561.825 637.726 274.118 10.7746 -1.39982 2.10376 1.07216 -0.00139832 
564.287 656.93 264.709 14.9995 -1.39985 2.09056 1.05586 -0.00631954 
564.724 676.061 255.26 19.0727 -1.39986 2.02504 1.03955 -0.00976099 
563.205 694.821 245.775 22.9996 -1.39983 1.9187 1.02324 -0.0121067 
559.795 712.981 236.255 26.7856 -1.39972 1.78042 1.00694 -0.0136101 
554.558 730.359 226.7 30.4353 -1.14124 1.61734 0.990632 -0.0144314 
547.526 746.815 218.577 32.8405 -0.65647 1.43569 0.974326 -0.0147132 
539.254 762.242 213.178 33.0718 -0.657079 1.24081 0.958019 -0.0145897 
530.816 776.566 207.773 33.3012 -0.659234 1.03707 0.941713 -0.0141839 
522.211 789.735 202.354 33.5356 -0.662899 0.827857 0.925407 -0.0136021 
513.438 801.72 196.912 33.7811 -0.667776 0.61552 0.909101 -0.0129272 
504.491 812.502 191.44 34.0427 -0.673247 0.401537 0.892795 -0.0122158 
495.363 822.072 185.935 34.3223 -0.678443 0.186707 0.876489 -0.0114997 
486.045 830.425 180.398 34.6181 -0.6824 -0.0285822 0.860183 -0.0107901 
476.529 837.558 174.836 34.924 -0.684258 -0.244077 0.843877 -0.0100852 
466.811 843.471 169.26 35.2308 -0.683481 -0.459426 0.82757 -0.00937722 
456.889 848.165 163.686 35.5269 -0.680046 -0.674031 0.811264 -0.00865899 
446.769 851.642 158.129 35.8014 -0.674537 -0.886985 0.794958 -0.007928 
436.459 853.914 152.601 36.0461 -0.668132 -1.09711 0.778652 -0.0071881 
425.973 854.995 147.106 36.2582 -0.662436 -1.30308 0.762346 -0.00644896 
415.327 854.91 141.642 36.4421 -0.65919 -1.50353 0.74604 -0.00572396 
404.535 853.689 136.195 36.6092 -0.659898 -1.69722 0.729734 -0.00502745 
393.604 851.371 130.742 36.7773 -0.665429 -1.88316 0.713428 -0.00437225 
382.534 848 125.257 36.9671 -0.675699 -2.06064 0.697121 -0.00376775 
371.317 843.624 119.711 37.1982 -0.689513 -2.22929 0.680815 -0.00321911 
359.933 838.292 114.085 37.4844 -0.704628 -2.38898 0.664509 -0.00272733 
348.355 832.056 108.371 37.8293 -0.718079 -2.53976 0.648203 -0.00229001 
336.558 824.966 102.578 38.2235 -0.726731 -2.68172 0.631897 -0.00190248 
324.516 817.072 96.7315 38.6445 -0.727969 -2.8149 0.615591 -0.00155892 
312.216 808.424 90.8746 39.0593 -0.720404 -2.93909 0.599285 -0.00125329 
299.66 799.072 85.0567 39.4303 -0.704423 -3.05375 0.582979 -0.000979924 
286.867 789.071 79.3261 39.7229 -0.682434 -3.15777 0.566672 -0.000733856 
273.873 778.481 73.7173 39.9139 -0.658691 -3.24926 0.550366 -0.000511021 
260.726 767.373 68.2414 39.9997 -0.638651 -3.32517 0.53406 -0.000348517 
247.475 755.834 62.8781 40 -0.627939 -3.38787 0.517754 -0.000424978 
234.162 743.941 57.5755 39.9581 -0.631069 -3.48174 0.501448 -0.000365678 
220.807 731.516 52.2556 39.9355 -0.650139 -3.58371 0.485142 -0.00023488 
207.404 718.513 46.8279 39.9999 -0.634811 -3.66931 0.468836 -0.000122665 
193.908 705.025 41.4864 39.9999 -0.633856 -3.73025 0.45253 -4.31484e-05 
180.351 691.193 36.1503 39.9999 -0.63291 -3.7613 0.436224 9.09277e-06 
166.733 677.184 30.8195 39.9999 -0.631964 -3.75177 0.419917 3.54581e-05 
153.055 663.229 25.4942 39.9999 -0.631018 -3.68345 0.403611 3.64135e-05 
139.316 649.661 20.1742 39.9999 -0.630093 -3.52848 0.387305 1.74722e-05 
125.518 636.971 14.8594 40 0.377363 -3.24909 0.369 0 
