grtopM_101_3
50
2 2
12 12 
0 2 4 8 7 6 3 1 9 10 5 11 
0 2 4 8 7 6 3 1 9 10 5 11 
113.806 142.243 2.8611e-08 233.567 46.1406 97.7164 2206.17 157.155 318.9 79.7261 80.7333 
160570 305.654 83.7928 103.036 46.942 3.09924e-09 104.153 181.072 312.126 17.4965 69.5669 
2.32256 2.90292 5.83897e-10 4.76666 0.941646 1.99421 45.0238 3.20724 6.50817 1.62706 1.64762 
3276.94 6.23784 1.71006 2.10278 0.958 6.32498e-11 2.12558 3.69535 6.36993 0.357072 1.41973 
2619.65 2478.6 1824.51 3.84496 1.64451 2.24341 7064.09 2.175 5.41058 7.92629 2.10523 
1.45175e-06 5.66505 4.07131 0.664819 1.62681 21.4849 1.71293 2.49621 5.10402 0.35896 2.52314 
3062.51 1066.4 1570.44 15.624 0.453703 0 0.241808 0 
5682.16 584.401 1573.79 5.00703 -1.37875 -6.28 -0.180818 -1.02505 
7314.51 569.432 1561.48 5.03516 -1.22441 5.51541 -0.172034 1.00694 
7501.68 578.144 1579.87 5.01714 1.26711 -6.25823 1.10153 0.985534 
7947.24 744.744 2744.57 5 1.4 6.14941 0.611298 -0.964127 
7501.78 -1912.14 2749.85 5.02324 -1.37875 6.2794 1.03114 -0.942711 
7536.91 -1790.54 2739.33 5.01321 1.39975 6.27975 1.04681 -0.921313 
7690.2 -1803.12 2740.9 5.14106 1.3638 6.27294 1.02862 2.23944e-21 
7919.65 -1810.78 2716.53 5.24455 -1.39975 6.2733 1.00992 -0.878498 
8013.78 -1806.11 2713.17 5.00884 -1.26851 6.27327 -0.118812 -0.857091 
8271.6 -1789.52 2736.76 5.01538 1.29942 6.27368 -0.109816 -0.835684 
8617.25 -1516.63 2567.24 40 1.4 6.27975 -0.0993869 -0.814276 
8875.81 -4100.44 5242.57 5 -1.4 6.27975 0.94271 0.792869 
10837.4 -3813.44 2551.64 5.02829 1.39975 6.27975 0.898177 -0.771462 
10875.2 -3986.95 1259.53 5.28886 -1.39753 6.27975 -0.0738329 -0.738378 
10908.3 -3910.09 1199.06 39.9916 1.18948 -5.63921 -0.064837 -0.728455 
10634.4 -5398.02 1607 9.73544 1.37871 6.27941 0.0878384 0.70724 
10804.7 -5378.48 1565.22 6.37846 -1.39975 6.27975 -0.0468455 -0.668224 
11072.7 -5549.72 1198.28 13.4251 -1.35593 6.27975 -0.0314504 0.646453 
11150 -5545.17 1185.66 39.9997 1.31673 6.27975 -0.022697 -0.61865 
10810.9 -5705.46 1195.65 39.9732 1.39975 6.27975 0.791334 0.621611 
11186.6 -5411.17 1641.35 6.23842 1.37875 -5.97793 0.753729 0.600204 
11178.4 -5706.04 2207.53 5.33149 -1.39474 -6.27975 0.0602198 0.572492 
11168 -5763.78 1197.57 39.9449 1.38888 6.27975 0.731226 -0.556105 
11187.3 -5753.65 1204 5.28479 1.39975 6.27975 0.715647 -0.528065 
11165.2 -5693.61 1210.13 35.1934 -1.39975 4.23386 0.696726 -0.514573 
11148.6 -5139.88 1201.72 7.56826 -1.37019 5.59511 0.0341139 0.485899 
11170.6 -5016.14 1189.18 40 -1.4 -6.18904 0.658884 0.464815 
10586.1 -2316.12 1194.79 39.8573 0.92927 6.27975 0.639963 -0.45035 
11187.2 -1768.03 1191.62 40 -1.4 -6.27941 0.0610981 -0.422535 
11187.3 931.989 0.00585387 5.00025 1.39975 5.71472 0.602034 0.407503 
11187.3 1363.45 0.0500976 5.23379 1.39975 6.28 0.214871 -0.386066 
9029.44 1584.38 0.00401368 32.8399 -1.39604 5.72574 0.0880809 -0.364719 
8827.97 2436.74 0.00125487 5.27692 1.39975 -6.27649 0.54536 0.343313 
8876.43 2504.61 0.00188354 5.26629 1.24289 -6.27974 0.526393 0.321907 
8711.65 2497.2 0.445464 15.105 1.39975 -6.27974 0.115063 -0.300498 
8674.78 2349.09 0.00125737 5.00026 1.24857 4.68915 0.488598 0.279094 
6610.12 2349.01 0.0380052 5.35227 1.38867 6.1763 0.469676 0.253084 
4886.88 1623.91 0.0282314 22.7293 -1.39957 -5.2057 0.142163 -0.236284 
4672.03 2027.01 0.00151325 39.9254 1.39975 -5.34522 0.431836 -0.214877 
4640.43 2026.89 295.758 26.5433 -0.950496 6.27973 0.412916 0.18672 
4903.63 2039.17 6.93645 7.23801 -1.39975 6.2797 0.392476 -0.169632 
5134.36 2043.85 29.0993 5.00031 1.39975 -6.28 0.375076 -0.150662 
2220.38 1484.83 57.7962 30.7865 -1.39975 -6.27975 0.187099 0.127471 
2260.06 1489.75 114.48 34.8415 -1.39975 3.94379 0.196006 0.10785 
910.562 2339.02 45.823 7.22301 1.39975 5.6143 0.204997 -0.0864414 
870.327 2111.33 73.9544 8.09767 1.39975 -6.27975 0.299398 -0.0650483 
840.32 2112.39 103.871 37.9031 1.39975 -6.27975 0.27976 0.0436456 
824.533 1645.28 129.24 39.9997 1.3106 -6.27975 0.232131 0.0220225 
311.984 2296.58 203.35 39.9881 0.0886333 6.27975 0.240808 0 
311.984 2296.58 203.35 39.9881 0.0886333 6.27975 0.240808 0 
1.24347e-07 1458.98 0.0366148 5.02935 -0.000125327 -6.26247 0.00267027 3.54785e-09 
4.0919e-08 621.382 0.036618 5.02973 2.0757e-09 -3.59123e-06 0.0028686 -7.50206e-13 
4.09506e-08 1.44402e-07 0.036618 5.02973 2.12928e-09 -1.85002e-07 0.00309472 -7.54095e-13 
4.09506e-08 3.77469e-08 0.036618 5.02973 2.12848e-09 -1.84997e-07 0.00335467 -7.54084e-13 
4.09506e-08 3.77469e-08 0.036618 5.02973 2.12755e-09 -1.84997e-07 0.00365634 -7.5407e-13 
4.09506e-08 3.77469e-08 0.036618 5.02973 2.12644e-09 -1.84997e-07 0.00401023 -7.54036e-13 
4.09506e-08 3.77469e-08 0.036618 5.02973 2.12513e-09 -1.84997e-07 0.00443055 -7.54005e-13 
4.09506e-08 3.77469e-08 0.036618 5.02973 2.12353e-09 -1.84997e-07 0.00493698 -7.53973e-13 
4.09506e-08 3.77469e-08 0.036618 5.02973 2.12155e-09 -1.84997e-07 0.0055575 -7.53939e-13 
4.09506e-08 3.77469e-08 0.036618 5.02973 2.11906e-09 -1.84997e-07 0.00633293 -7.53904e-13 
4.09506e-08 3.77469e-08 0.036618 5.02973 2.11584e-09 -1.84997e-07 0.0073247 -7.53851e-13 
4.09506e-08 3.77469e-08 0.036618 5.02973 2.11156e-09 -1.84997e-07 0.00862739 -7.53809e-13 
4.09506e-08 3.77469e-08 0.036618 5.02973 2.10579e-09 -1.84997e-07 0.0103812 -7.53772e-13 
4.09506e-08 3.77469e-08 0.036618 5.02973 2.09852e-09 -1.84997e-07 0.0127168 -7.53716e-13 
4.09506e-08 3.77469e-08 0.036618 5.02973 2.09284e-09 -1.84997e-07 0.0152135 -7.53657e-13 
4.09506e-08 3.77469e-08 0.036618 5.02973 2.08698e-09 -1.84997e-07 0.0169684 -7.53584e-13 
4.09506e-08 3.77469e-08 0.036618 5.02973 2.05899e-09 -1.84997e-07 0.0220344 -7.53523e-13 
4.09506e-08 3.77469e-08 0.036618 5.02973 2.00433e-09 -1.84997e-07 0.0328786 -7.53439e-13 
4.09506e-08 3.77469e-08 0.036618 5.02973 1.95161e-09 -1.84997e-07 0.0444431 -7.53357e-13 
4.09506e-08 3.77469e-08 0.036618 5.02973 1.89961e-09 -1.84997e-07 0.0560085 -7.53268e-13 
4.09506e-08 3.77469e-08 0.036618 5.02973 1.84762e-09 -1.84997e-07 0.0675756 -7.53171e-13 
4.09506e-08 3.77469e-08 0.036618 5.02973 1.79563e-09 -1.84997e-07 0.0791451 -7.53065e-13 
4.09506e-08 3.77469e-08 0.036618 5.02973 1.74363e-09 -1.84997e-07 0.0907177 -7.52927e-13 
4.09506e-08 3.77469e-08 0.036618 5.02973 1.69163e-09 -1.84997e-07 0.102294 -7.52797e-13 
4.09506e-08 3.77469e-08 0.036618 5.02973 1.63962e-09 -1.84997e-07 0.113876 -7.52631e-13 
4.09506e-08 3.77469e-08 0.036618 5.02973 1.5876e-09 -1.84997e-07 0.125462 -7.52458e-13 
4.09506e-08 3.77469e-08 0.036618 5.02973 1.53557e-09 -1.84997e-07 0.137055 -7.5224e-13 
4.09506e-08 3.77469e-08 0.036618 5.02973 1.48352e-09 -1.84997e-07 0.148653 -7.5202e-13 
4.09506e-08 3.77469e-08 0.036618 5.02973 1.43147e-09 -1.84997e-07 0.160257 -7.51747e-13 
4.09506e-08 3.77469e-08 0.036618 5.02973 1.37941e-09 -1.84997e-07 0.171865 -7.51422e-13 
4.09506e-08 3.77469e-08 0.036618 5.02973 1.32734e-09 -1.84997e-07 0.183476 -7.51052e-13 
4.09506e-08 3.77469e-08 0.036618 5.02973 1.27527e-09 -1.84997e-07 0.195087 -7.50625e-13 
4.09506e-08 3.77469e-08 0.036618 5.02973 1.2232e-09 -1.84997e-07 0.206696 -7.50114e-13 
4.09506e-08 3.77469e-08 0.036618 5.02973 1.17115e-09 -1.84997e-07 0.218301 -7.49497e-13 
4.09506e-08 3.77469e-08 0.036618 5.02973 1.11911e-09 -1.84997e-07 0.229898 -7.48729e-13 
4.09506e-08 3.77469e-08 0.036618 5.02973 1.06709e-09 -1.84997e-07 0.241487 -7.47791e-13 
4.09506e-08 3.77469e-08 0.036618 5.02973 1.01509e-09 -1.84997e-07 0.25307 -7.46585e-13 
4.09506e-08 3.77469e-08 0.036618 5.02973 9.63104e-10 -1.84997e-07 0.264651 -7.45078e-13 
4.09506e-08 3.77469e-08 0.036618 5.02973 9.11104e-10 -1.84997e-07 0.276244 -7.43136e-13 
4.09506e-08 3.77469e-08 0.036618 5.02973 8.59044e-10 -1.84997e-07 0.287868 -7.40467e-13 
4.09506e-08 3.77469e-08 0.036618 5.02973 8.06873e-10 -1.84997e-07 0.299541 -7.36861e-13 
4.09506e-08 3.77469e-08 0.036618 5.02973 7.54607e-10 -1.84997e-07 0.31126 -7.31547e-13 
4.09506e-08 3.77469e-08 0.036618 5.02973 7.02418e-10 -1.84997e-07 0.322964 -7.23611e-13 
4.09506e-08 3.77469e-08 0.036618 5.02973 6.50504e-10 -1.84997e-07 0.33456 -7.1085e-13 
4.09506e-08 3.77469e-08 0.036618 5.02973 5.98502e-10 -1.84997e-07 0.346095 -6.88519e-13 
4.09506e-08 3.77469e-08 0.036618 5.02973 5.40107e-10 -1.84997e-07 0.358987 -6.45219e-13 
6.72288e-07 3.77463e-08 0.0366179 5.02973 -2.23421e-07 -1.65943e-07 0.353689 2.39649e-09 
1845.38 3.23917e-06 76.9902 5 -1.4 6.28 0.368699 -1.19938e-09 
4337.74 2530.33 277.46 5.02973 -7.9492e-10 1.91329e-09 0.369 0 
4337.74 2530.33 277.46 5.02973 -7.9492e-10 1.91329e-09 0.369 0 
2513.23 705.824 0.0616542 5.06152 9.73565e-07 -3.84397e-08 0.000409946 -7.47842e-21 
688.727 3.34663e-08 0.0616527 5.0606 2.11719e-14 1.61594e-14 0.000445144 -1.64578e-21 
2.74465e-08 4.93171e-09 0.0616526 5.0606 4.57319e-19 8.34084e-19 0.000486525 -1.82991e-21 
5.35029e-09 4.93167e-09 0.0616526 5.0606 5.16957e-19 7.95645e-19 0.000535961 -5.85642e-21 
5.35025e-09 4.93167e-09 0.0616526 5.0606 6.25661e-19 7.95568e-19 0.000596256 4.89258e-21 
5.35025e-09 4.93167e-09 0.0616526 5.0606 7.08359e-19 7.9077e-19 0.000671795 -1.36671e-20 
5.35025e-09 4.93167e-09 0.0616526 5.0606 8.77411e-19 7.92016e-19 0.000769753 -4.31421e-21 
5.35025e-09 4.93167e-09 0.0616526 5.0606 1.08281e-18 7.95222e-19 0.000902326 -8.81967e-21 
5.35025e-09 4.93167e-09 0.0616526 5.0606 1.3988e-18 7.91977e-19 0.00109089 -1.42816e-20 
5.35025e-09 4.93167e-09 0.0616526 5.0606 1.84939e-18 7.93156e-19 0.00137383 7.8662e-21 
5.35025e-09 4.93167e-09 0.0616526 5.0606 2.62568e-18 7.91764e-19 0.00182166 2.36829e-20 
5.35025e-09 4.93167e-09 0.0616526 5.0606 4.15021e-18 7.95306e-19 0.00256817 1.59358e-20 
5.35025e-09 4.93167e-09 0.0616526 5.0606 7.73625e-18 7.91704e-19 0.00387629 -3.59132e-20 
5.35025e-09 4.93167e-09 0.0616526 5.0606 1.68555e-17 7.95277e-19 0.00624719 -3.65747e-20 
5.35025e-09 4.93167e-09 0.0616526 5.0606 3.76657e-17 7.91813e-19 0.0104042 -4.53265e-20 
5.35025e-09 4.93167e-09 0.0616526 5.0606 7.16017e-17 7.94975e-19 0.0167817 -4.77692e-20 
5.35025e-09 4.93167e-09 0.0616526 5.0606 1.14012e-16 7.93235e-19 0.0252298 -2.52542e-20 
5.35025e-09 4.93167e-09 0.0616526 5.0606 1.91659e-16 7.93993e-19 0.0362554 -2.85585e-20 
5.35025e-09 4.93167e-09 0.0616526 5.0606 2.0591e-16 7.9191e-19 0.0477063 -1.84719e-20 
5.35025e-09 4.93167e-09 0.0616526 5.0606 2.05835e-16 7.94441e-19 0.0591533 -2.83413e-21 
5.35025e-09 4.93167e-09 0.0616526 5.0606 2.05788e-16 7.93162e-19 0.0705955 1.261e-20 
5.35025e-09 4.93167e-09 0.0616526 5.0606 2.05828e-16 7.93401e-19 0.0820321 2.65213e-20 
5.35025e-09 4.93167e-09 0.0616526 5.0606 2.0584e-16 7.93695e-19 0.0934622 -1.24131e-20 
5.35025e-09 4.93167e-09 0.0616526 5.0606 2.05717e-16 7.94391e-19 0.104885 -2.81048e-20 
5.35025e-09 4.93167e-09 0.0616526 5.0606 2.05695e-16 7.92617e-19 0.116301 5.19721e-21 
5.35025e-09 4.93167e-09 0.0616526 5.0606 2.05639e-16 7.92903e-19 0.127708 -4.2699e-20 
5.35025e-09 4.93167e-09 0.0616526 5.0606 2.05654e-16 7.93142e-19 0.139107 -5.49886e-20 
5.35025e-09 4.93167e-09 0.0616526 5.0606 2.05607e-16 7.93861e-19 0.150497 -1.25014e-20 
5.35025e-09 4.93167e-09 0.0616526 5.0606 2.05574e-16 7.92673e-19 0.161877 -3.30457e-20 
5.35025e-09 4.93167e-09 0.0616526 5.0606 2.05569e-16 7.94643e-19 0.173248 2.00169e-20 
5.35025e-09 4.93167e-09 0.0616526 5.0606 2.05527e-16 7.9292e-19 0.184608 -2.95528e-20 
5.35025e-09 4.93167e-09 0.0616526 5.0606 2.05506e-16 7.93191e-19 0.195957 -4.39667e-20 
5.35025e-09 4.93167e-09 0.0616526 5.0606 2.0547e-16 7.92029e-19 0.207292 2.03148e-20 
5.35025e-09 4.93167e-09 0.0616526 5.0606 2.0546e-16 7.94232e-19 0.218613 -4.0843e-20 
5.35025e-09 4.93167e-09 0.0616526 5.0606 2.05424e-16 7.9295e-19 0.229917 -5.582e-20 
5.35025e-09 4.93167e-09 0.0616526 5.0606 2.0538e-16 7.92457e-19 0.241201 7.98408e-21 
5.35025e-09 4.93167e-09 0.0616526 5.0606 2.0533e-16 7.93854e-19 0.252464 2.98144e-20 
5.35025e-09 4.93167e-09 0.0616526 5.0606 2.05217e-16 7.93847e-19 0.263704 7.44088e-20 
5.35025e-09 4.93167e-09 0.0616526 5.0606 2.05096e-16 7.92585e-19 0.274919 5.73375e-20 
5.35025e-09 4.93167e-09 0.0616526 5.0606 2.04881e-16 7.94416e-19 0.286108 2.18052e-20 
5.35025e-09 4.93167e-09 0.0616526 5.0606 2.04726e-16 7.93367e-19 0.297265 -1.19161e-19 
5.35025e-09 4.93167e-09 0.0616526 5.0606 2.04645e-16 7.94237e-19 0.308386 1.79891e-20 
5.35025e-09 4.93167e-09 0.0616526 5.0606 2.04748e-16 7.92144e-19 0.319465 -2.19567e-19 
5.35025e-09 4.93167e-09 0.0616526 5.0606 2.05179e-16 7.92736e-19 0.330489 2.59827e-20 
5.35025e-09 4.93167e-09 0.0616526 5.0606 2.06088e-16 7.92767e-19 0.341436 1.20435e-19 
5.35025e-09 4.93168e-09 0.0616526 5.0606 2.07294e-16 7.92636e-19 0.352315 -9.99727e-20 
5.35022e-09 4.93276e-09 0.0616526 5.0606 2.05785e-16 1.62106e-18 0.363026 -3.17174e-19 
3.1348e-08 42.9513 0.061651 5.0606 7.96239e-11 4.99862e-06 0.365586 -4.08483e-19 
1467.08 1867.46 242.12 5.0606 2.82316e-15 -8.14092e-17 0.369 0 
1467.08 1867.46 242.12 5.0606 2.82316e-15 -8.14092e-17 0.369 0 
1498.65 1956.97 247.855 5 -0.428529 -3.61656 1.15369 -0.196375 
1531.62 1838.12 221.726 26.813 -0.0991499 -5.78685 -0.176775 0.0161857 
1456.93 1589.54 213.194 27.2653 0.109845 -6.08374 -0.165163 0.0263191 
1378.86 1317.3 223.352 20.7126 -0.124892 -6.28 -0.0766313 0.0329206 
1340.02 1033.35 220.088 27.2855 -0.0287927 -6.28 -0.141938 0.161069 
1262.81 749.428 221.991 27.1153 -0.0296225 -6.28 -0.130326 0.0413476 
1186.63 465.507 223.86 26.942 -0.0285327 -6.28 -0.118714 -0.0571385 
1111.5 181.592 225.819 26.7698 -0.0185732 -3.46635 -0.107101 0.0489418 
1037.54 65.0144 228.387 25.3007 -0.00398563 -2.33635 -0.0326967 0.0381995 
977.332 21.4655 231.944 24.4508 0.0477863 -1.98566 -0.0074681 0.0577572 
921.689 -0.53606 237.909 21.4978 0.00746746 -1.62572 0.0680558 0.000604394 
881.511 -0.556578 242.49 20.7588 0.242399 -1.62099 0.118391 0.000675781 
845.631 -0.564893 261.074 10.1822 0.216153 -1.50785 0.0773492 0.00154353 
862.408 -0.663465 278.631 5.00017 0.120116 -1.54083 0.500718 -0.000540196 
905.332 -0.633248 291.495 5 0.119783 -1.59294 0.505876 -5.31073e-05 
950.541 -0.702527 304.195 5 -0.0361415 -1.61117 0.82102 0.0012059 
997.448 -0.692975 307.793 5 0.104728 -1.50907 0.759642 0.00208716 
1044.62 -0.761554 319.769 5.00001 0.124987 -1.50551 0.41763 5.39154e-05 
1093.06 -0.748817 332.923 5 0.12494 -1.50589 0.415256 6.4689e-06 
1143.15 -0.759593 346.074 5 0.125081 -1.50551 0.43293 -2.70167e-05 
1194.79 -0.769738 359.24 5 0.124674 -1.50523 0.425011 -6.15777e-05 
1248.06 -0.780839 372.288 5 0.0947699 -1.50552 0.446308 0.000213159 
1302.92 -0.810013 383.257 5 0.0980718 -1.50665 0.490868 0.000240915 
1358.99 -0.915435 387.812 5 0.0752018 -1.50696 0.778647 -3.4313e-05 
1415.71 -0.964032 395.465 5 -0.0621187 -1.5078 0.762344 -3.29802e-05 
1473.49 -0.975853 389.838 5 -0.0611263 -1.50731 0.746038 0.000147395 
1530.61 -1.01226 384.27 5 -0.0601289 -1.5072 0.729733 5.02384e-05 
1587.06 -1.03651 378.761 5 -0.0591302 -1.50682 0.713427 -1.59819e-05 
1642.86 -1.05126 373.311 5 -0.0581299 -1.50978 0.697121 4.99828e-05 
1698.01 -1.0684 367.921 5 -0.0575924 -1.50605 0.680815 -4.89724e-06 
1747.86 -1.09235 362.581 5 -0.0579901 -1.50534 0.664509 -1.38469e-05 
1795.45 -1.12029 357.291 5 0.0646559 -1.50668 0.648203 -0.000346261 
1842.29 -1.20063 360.227 5 -0.0556103 -1.51722 0.631897 0.000265395 
1893.51 -1.89249 355.037 5 -0.0551521 -1.60311 0.615591 4.41252e-05 
1945.91 -1.4442 349.83 5 -0.054206 -1.50824 0.599285 -3.77482e-05 
1997.75 -1.49993 344.68 5 -0.0532599 -1.50639 0.582979 -0.00543388 
2049.05 -1.54366 339.586 5 -0.052314 -1.62962 0.566673 0.010441 
2099.37 -8.96316 334.549 5 -0.0513679 -1.47568 0.550367 0.0209814 
2149.9 -7.12012 329.567 5 -0.0504217 -1.2527 0.534061 0.0410023 
2199.74 8.5321 324.642 5 -0.0494756 -1.02688 0.517755 0.00870313 
2249.01 44.6515 319.773 5 -0.048534 0.472864 0.501449 0.116716 
2297.85 165.383 314.961 5.00024 -0.047936 4.41903 0.485143 -0.115684 
2346.25 525.404 310.183 5.01623 -0.0474979 6.28 0.468837 0.0193838 
2394.07 996.107 305.43 5.04904 -0.046492 6.28 0.452531 0.000844022 
2439.68 1466.81 300.733 5.06643 0.0932153 6.28 0.436224 -4.70547e-05 
2479.78 1937.51 304.329 5.10056 -0.0424346 6.28 0.419918 -2.73578e-05 
2525.65 2408.22 299.867 5 -0.0819054 6.28 0.403612 -1.25206e-05 
2566.17 2878.92 293.054 6.77865 -0.791103 6.28 0.387306 -0.0193058 
2604.54 3349.63 243.89 40 -0.0899996 2.40957 0.369 0 
2604.54 3349.63 243.89 40 -0.0899996 2.40957 0.369 0 
2580.33 3394.77 244.194 36.8747 1.32783 1.19601 -0.188388 -0.998038 
2558.73 3425.64 261.215 21.6037 1.4 -1.04031 0.187338 -0.990296 
2551.86 3430.22 279.372 6.66204 0.430782 -3.29479 -0.165163 -0.983978 
2559.69 3408.31 286.422 5 0.254755 -5.57888 -0.0905103 -0.0718126 
2569.28 3359.56 291.436 5 0.254754 -6.26914 -0.0905101 0.000734955 
2578.98 3302.7 296.45 5 0.254754 -6.26496 -0.0905101 0.00229794 
2588.79 3245.88 301.463 5 0.254754 -6.25581 -0.0905104 0.00351599 
2598.73 3189.18 306.477 5 0.254754 -6.23028 -0.0905023 0.00447838 
2608.78 3132.77 311.49 5 0.254768 -6.19967 -0.0907368 0.00144283 
2618.95 3076.73 316.504 5 0.25437 -6.19227 -0.0838776 0.000547148 
2629.24 3020.77 321.513 5 0.253696 -6.19084 -0.0722653 0.000202726 
2639.64 2964.83 326.514 5 0.253022 -6.19216 -0.0606531 0.000391507 
2650.17 2908.87 331.507 5 0.252349 -6.19479 -0.0490408 1.01096e-05 
2660.81 2852.88 336.493 5 0.251675 -6.2027 -0.0374286 0.000232854 
2671.57 2796.8 341.47 5 0.251001 -6.20278 -0.0258163 0.000882715 
2682.45 2740.72 346.44 5 0.250327 -6.19513 -0.0142041 0.00043057 
2693.44 2684.72 351.401 5 -0.170236 -6.193 0.892796 0.000895098 
2704.65 2628.76 351.398 5 -0.16929 -6.19266 0.87649 0.00065799 
2715.86 2572.79 348.14 5 -0.168344 -6.19253 0.860184 0.000219832 
2726.99 2516.83 344.894 5 -0.167398 -6.19233 0.843878 0.000371007 
2738.05 2460.87 341.658 5 -0.166452 -6.18989 0.827571 0.000748008 
2749.03 2404.94 338.434 5 -0.165506 -6.18977 0.811265 -0.000405226 
2759.93 2349.01 335.221 5 -0.16456 -6.22365 0.794959 -0.00188038 
2770.76 2292.68 332.018 5 -0.163614 -6.27395 0.778653 -0.00108817 
2781.51 2235.76 328.827 5 -0.162668 -6.27777 0.762347 -0.000339474 
2792.18 2178.8 325.648 5 -0.161722 -6.27875 0.746041 7.25363e-05 
2802.78 2121.82 322.479 5 -0.160776 -6.27917 0.729735 4.63974e-05 
2813.31 2064.84 319.321 5 -0.15983 -6.27939 0.713429 -0.000274449 
2823.76 2007.86 316.174 5 -0.158884 -6.27952 0.697122 0.000104993 
2834.14 1950.88 313.039 5 -0.157938 -6.2796 0.680816 4.9939e-05 
2844.44 1893.89 309.915 5 -0.156992 -6.27966 0.66451 0.000453769 
2854.67 1836.91 306.801 5 -0.156045 -6.2797 0.648204 0.0235844 
2864.82 1779.92 303.699 5 -0.155099 -6.27973 0.631898 0.000804413 
2874.91 1722.93 300.608 5 -0.154153 -6.27976 0.615592 -4.00791e-05 
2884.92 1665.95 297.528 5 -0.153207 -6.27978 0.599286 -0.000305339 
2894.85 1608.96 294.46 5 -0.152261 -6.2798 0.58298 0.00681715 
2904.72 1551.97 291.402 5 -0.151315 -6.27981 0.566673 0.015394 
2914.51 1494.99 288.356 5 -0.150369 -5.71129 0.550367 0.236223 
2924.23 1444.68 285.32 5 -0.149422 -3.91548 0.534061 0.214941 
2933.9 1415.47 282.296 5 -0.148475 -2.13257 0.517755 0.193568 
2943.52 1407.21 279.283 5 -0.147528 -0.362677 0.501449 0.172167 
2953.08 1419.74 276.281 5 -0.146581 1.39416 0.485143 0.150744 
2962.59 1452.92 273.29 5 -0.145634 3.13789 0.468837 0.129264 
2972.04 1506.59 270.31 5 -0.144687 4.86846 0.452531 0.0171193 
2981.44 1580.58 267.341 5 -0.14374 6.27989 0.436224 -1.95803e-05 
2990.78 1671.17 264.384 5 -0.142794 6.27949 0.419918 -4.21132e-06 
3000.05 1761.74 261.437 5 -1.4 6.27974 0.403612 -1.67305e-06 
3009.55 1852.32 243.72 16.2466 -1.4 6.28 0.373072 -0.00044943 
3008.04 1942.91 225.79 26.8983 -0.0042733 5.06013 0.369 0 
3008.04 1942.91 225.79 26.8983 -0.0042733 5.06013 0.369 0 
2981.66 2105.67 227.85 26.5072 1.14684 3.31277 -0.188388 -0.977143 
2955.55 2224.94 258.568 5 0.169984 -0.0167297 0.242289 -0.961327 
2974.28 2261.34 265.837 5 0.169982 -3.47499 0.242289 -0.359243 
2993.3 2211.68 273.106 5 0.169981 -6.04691 0.242289 0.00361639 
3012.64 2098.03 280.375 5 0.169981 -6.04782 0.242289 0.00129124 
3032.33 1984.35 287.644 5 0.169981 -6.04807 0.242289 0.000650393 
3052.39 1870.67 294.913 5 0.169981 -6.05101 0.242289 0.000232342 
3072.81 1756.92 302.182 5 0.169981 -6.23798 0.242289 0.000701267 
3093.59 1638.51 309.451 5 0.169981 -6.27902 0.242289 0.00164574 
3114.73 1519.08 316.72 5 0.169981 -6.27939 0.242289 0.00973575 
3136.23 1399.64 323.989 5 0.169981 -6.27953 0.242289 0.0029783 
3158.09 1280.2 331.258 5 0.169981 -6.2796 0.242289 -0.00579927 
3180.32 1160.76 338.527 5 0.169981 -6.27964 0.242289 0.0208389 
3202.91 1041.31 345.796 5 0.169981 -6.27966 0.242289 -0.00496534 
3225.86 921.869 353.065 5 0.169981 -6.27967 0.242289 0.0177641 
3249.18 802.424 360.334 5 0.169981 -6.27967 0.242289 0.176588 
3272.86 682.979 367.603 5 0.169981 -6.27966 0.242289 0.00151146 
3296.9 563.535 374.872 5 0.169981 -6.27963 0.242289 -0.00165439 
3321.3 444.091 382.141 5 0.16998 -6.27958 0.24229 0.0087354 
3346.06 324.648 389.41 5 0.169982 -6.27948 0.242271 0.148201 
3371.19 205.208 396.679 5 0.169913 -6.27924 0.243455 0.522282 
3396.68 85.7739 403.946 5 0.174246 -4.85066 0.168776 0.57743 
3422.55 1.88685 411.321 5 -0.0990915 -1.81854 0.794958 -0.00492782 
3449 -6.55277 411.671 5 -0.0981453 -1.32365 0.778653 -0.000546039 
3475.46 -2.67808 407.781 5 -0.0971993 -1.48043 0.762347 -0.000449993 
3501.73 -2.70469 403.915 5 -0.0962533 -1.48072 0.746041 -0.00194786 
3527.81 -2.73846 400.073 5 -0.0953073 -1.50943 0.729735 0.00320222 
3553.7 -3.48672 396.254 5 -0.0943612 -1.45263 0.713429 -0.00130221 
3579.39 -2.82161 392.458 5 -0.0934152 -1.47812 0.697122 0.000187546 
3604.9 -2.79063 388.687 5 -0.0924692 -1.47458 0.680816 3.97894e-05 
3630.21 -2.67163 384.938 5 -0.0915231 -1.47329 0.66451 -0.00159102 
3655.34 -2.52054 381.213 5 -0.0905771 -1.51 0.648204 0.00170511 
3680.28 -3.28287 377.512 5 -0.089631 -1.46602 0.631898 -0.000489232 
3705.04 -2.95079 373.834 5 -0.088685 -1.48055 0.615592 0.000189083 
3729.62 -2.98034 370.18 5 -0.087739 -1.476 0.599286 0.000333239 
3754.01 -2.89661 366.55 5 -0.0867929 -1.46664 0.58298 0.000179689 
3778.22 -2.57999 362.943 5 -0.0858469 -1.46119 0.566673 -6.96444e-05 
3802.25 -2.12789 359.359 5 -0.0849009 -1.46055 0.550367 -0.000470417 
3826.1 -1.65973 355.799 5 -0.0839548 -1.47026 0.534061 -0.000533257 
3849.77 -1.43314 352.263 5 -0.0830088 -1.47492 0.517755 -0.00829577 
3873.27 -1.32263 348.75 5 -0.0820634 -2.73493 0.501449 -0.0101944 
3896.56 -32.5646 345.26 5 -0.0811173 -2.47322 0.485143 0.150611 
3919.69 -57.2946 341.794 5 -0.08017 -0.0239017 0.468837 0.129301 
3942.69 -21.0787 338.352 5 -0.0792227 2.39869 0.452531 0.107864 
3965.56 75.418 334.933 5 -0.0782754 4.79417 0.436224 0.0361819 
3988.32 231.521 331.538 5 -0.0773286 6.27985 0.419918 -4.11722e-05 
4010.93 424.592 328.167 5 -0.238845 6.27992 0.403612 -5.54981e-06 
4033.46 617.664 320.776 8.07556 -1.4 6.27999 0.387306 -0.000861879 
4050.06 810.865 284.37 35.1137 -0.09 4.31965 0.369 0 
4050.06 810.865 284.37 35.1137 -0.09 4.31965 0.369 0 
5946.31 -2943.7 411.738 39.9998 -1.39978 -6.27974 -0.187838 1.02837 
3645.71 -4383.87 0.00225777 39.9998 1.39978 6.28 -0.176561 -1.00696 
776.375 7091.22 164.461 5.00043 1.39978 -5.81574 1.12087 -0.822677 
3776.11 10501.5 874.942 5.0008 -0.408123 -6.27025 1.10457 0.963212 
6579.26 3450.09 823.408 39.9998 0.0141869 -6.27968 0.297179 0.9361 
6614.57 49.7422 1106.82 5.00179 1.39978 -3.00293 1.07195 -0.00347274 
9029.34 54.8289 1637.03 5.00965 0.7497 -6.27974 1.05565 -0.00221802 
11152.7 -52.2972 1805.44 5.00179 0.928184 -2.32398 1.03934 8.14911e-05 
11185.5 2.10517 1754.35 5.00223 1.39978 -0.63496 1.02304 -0.000300126 
11187 0.861101 1815.71 5.00351 0.8347 -1.52335 1.00673 -0.00153248 
11187.2 0.435177 1730.17 22.0703 0.114258 -1.65155 0.990427 -0.000195191 
11187.3 -0.361563 1808.85 5.00588 0.810302 -4.14352 0.974122 -0.00116713 
11187.3 -0.367371 1718.84 37.5851 -0.842956 -1.84383 0.957815 -0.00351117 
11187.3 -0.461431 1574.4 39.9998 -0.520751 -2.0236 -0.0372247 1.32528e-05 
11187.3 -1.10653 1458.18 39.9998 -0.740569 -1.95643 -0.025613 -0.00172217 
11187.3 -0.922481 1351.91 39.9998 1.39898 -1.74383 0.908899 -0.00106757 
11187.3 -0.691802 1416.72 5.33046 0.549317 -2.2585 0.892594 -0.00169724 
11187.3 -0.611175 1259.77 39.9998 1.39978 -1.89352 0.15769 -0.000803711 
11187.3 -0.487297 1312.02 5.00025 -1.29696 -1.8116 0.859983 -0.000263077 
11187.3 -0.571281 1327.68 5.00025 -1.1577 -1.816 0.843677 0.00234858 
11187.3 -0.553137 1339.14 5.00025 -0.412151 -1.87443 0.827372 0.00358755 
11187.3 -0.275894 1375.27 35.6363 1.04145 -2.06563 0.811066 -0.000782053 
11187.3 -0.421566 1414.51 5.00025 0.311894 -1.93231 0.0672799 -6.16373e-05 
11187.3 -0.415029 1531.29 5.00025 0.492104 -1.85469 0.778455 0.000222463 
11187.3 -0.414448 1339.26 5.00025 0.376353 -1.91853 0.76215 0.000316511 
11187.3 -0.421853 1473.02 5.00025 0.928923 -1.82563 0.745845 0.000258331 
11187.3 -0.360637 1695.37 5.00025 1.39978 -1.74924 0.729539 0.000195176 
11187.3 -0.262003 1962.75 5.00025 -1.39978 -1.6778 0.713235 7.2655e-05 
11187.3 -0.108296 1937.64 5.00025 1.39978 -1.59327 0.69693 -3.78875e-05 
11187.3 0.160775 2175 5.00025 -1.39978 -1.77489 0.680626 -0.000124502 
11187.3 0.457757 1890.15 5.00025 -1.39978 -1.88317 0.664321 -0.000197729 
11187.3 0.783318 1555.27 5.00025 -1.39978 -1.73024 0.648016 -0.000158889 
11187.3 1.08104 1235.26 5.00025 -1.39978 -1.85286 0.631712 0.00319796 
11187.3 1.3627 795.468 39.9995 -1.39973 -1.72718 0.615407 0.000231917 
11187.3 -208.155 4.26986 39.9996 -1.39978 3.43351 0.206612 0.000373423 
11187.3 213.824 0.00125932 39.9996 -1.39978 -0.321986 0.218223 0.000328124 
11187.3 -53.1473 0.0012931 39.9987 -1.39978 2.55872 0.229834 -0.000351815 
11187.3 3.96536 0.00129286 39.9987 -1.39978 2.51688 0.241445 -0.000443065 
11187.3 61.1442 0.00125135 39.9994 -1.39978 0.743249 0.253056 -6.29142e-05 
11187.3 -110.979 0.00125219 39.9986 -1.39978 4.32228 0.264718 0.193381 
11187.3 389.341 0.00124859 39.9939 -1.13131 6.27296 0.276282 0.0245687 
11187.2 10313.3 0.00126151 39.9962 -0.649448 6.27968 0.287889 -0.0031317 
11186.9 10563.8 0.00125623 39.9957 -0.619781 6.27975 0.299498 -0.000869171 
11179 10563.9 0.00126207 39.9952 -0.608112 6.2797 0.311107 -0.107865 
10288.6 10563.9 0.00125688 39.9978 0.0277077 -6.27974 0.322717 -0.010001 
6747.65 10501.7 0.00129803 37.4893 -1.39978 -6.28 0.334327 0.0429921 
3031.13 792.482 0.00129914 39.9885 -0.389483 -4.60094 0.345936 0.00672448 
-364.161 -6356.42 0.00128222 5.08875 1.39978 5.30886 0.357559 -0.00241958 
2162.38 4155.86 225.18 5.00025 -0.0898274 6.27974 0.369 0 
2162.38 4155.86 225.18 5.00025 -0.0898274 6.27974 0.369 0 
2184.5 4467.8 220.69 6.90918 -0.753123 4.11734 1.15369 -1.02801 
2200.59 4693.21 189.737 27.1235 -0.158264 -0.321891 -0.176775 -1.0065 
2148.77 4741.15 181.091 26.3052 -0.0434574 -4.72028 -0.165163 -0.0876493 
2098.65 4613.3 177.09 26.4449 -0.174876 -6.27577 -0.152925 0.00112211 
2047.81 4422.93 167.822 26.2672 -0.173925 -6.279 -0.141646 0.00145683 
1996.8 4232.4 158.603 26.0869 -0.173018 -6.27944 -0.130196 0.00180219 
1945.63 4041.82 149.431 25.9057 -0.172075 -6.27939 -0.118708 0.00280179 
1894.31 3851.24 140.31 25.7228 -0.17118 -6.27939 -0.107099 0.00215622 
1842.85 3660.66 131.235 25.5399 -0.170286 -6.27939 -0.095488 0.00900665 
1791.25 3470.07 122.208 25.3569 -0.169393 -6.27939 -0.0838762 0.00316371 
1739.51 3279.49 113.229 25.1739 -0.168499 -6.27939 -0.0722642 0.00163782 
1687.64 3088.9 104.297 24.991 -0.167606 -6.27939 -0.0606521 0.0097181 
1635.64 2898.32 95.4127 24.808 -0.166712 -6.27939 -0.0490399 0.00594371 
1583.52 2707.73 86.5758 24.625 -0.165818 -6.27939 -0.0374277 0.000841071 
1531.27 2517.15 77.7864 24.4421 -0.164924 -6.27939 -0.0258155 0.00113791 
1478.91 2326.56 69.0446 24.259 -0.164034 -6.27939 -0.0142033 0.0202345 
1426.43 2135.97 60.3501 24.0761 -0.16316 -6.27939 -0.00259109 0.0358019 
1373.84 1945.39 51.7023 23.8938 -0.162257 -6.27939 0.00902116 0.000383793 
1321.14 1754.8 43.1023 23.711 -0.161104 -6.27939 0.0206334 -0.00188391 
1268.35 1564.21 34.5602 23.5203 -0.159894 -6.27939 0.0322457 0.00197176 
1215.47 1373.62 26.0788 23.322 -0.161634 -6.27939 0.0438579 0.00845745 
1162.55 1183.03 17.5404 23.2078 -0.169069 -6.27939 0.0554702 0.0676926 
1109.3 992.446 8.71183 23.3293 -0.150023 -6.27875 0.0670828 0.0823707 
1054.97 801.935 0.637666 22.8187 -0.0164112 -6.27939 0.0786947 0.0358586 
1001.52 611.345 0.188136 22.6298 -0.0132634 -6.27939 0.0903109 0.0544545 
948.616 420.754 0.188986 22.4466 -0.0124323 -6.27939 0.101927 0.35945 
896.302 230.163 0.190165 22.2634 -0.0116462 -6.25425 0.113542 0.471679 
844.579 40.5771 1.90192 22.0819 -0.0108903 -3.04382 0.125145 0.00635684 
793.658 -16.4829 3.82497 21.8978 -0.00968878 -1.17912 0.136763 0.00415619 
743.56 1.2978 5.80437 21.7145 -0.00885696 -1.61391 0.148388 -0.000408264 
694.185 1.68371 7.82872 21.5319 -0.00800682 -1.62887 0.159993 -3.17331e-06 
645.557 1.45732 9.90012 21.3491 -0.00709333 -1.62657 0.171604 -1.78425e-05 
597.681 1.33225 12.0193 21.1661 -0.00614867 -1.62441 0.183215 -0.0022925 
550.561 1.29542 14.1904 20.9832 -0.0052249 -1.79754 0.194821 -0.0894824 
504.199 -6.20358 16.4111 20.8003 -0.00433237 -3.16685 0.20643 0.300714 
458.542 -72.2604 18.6794 20.6173 -0.00347786 -0.329237 0.218046 0.279306 
413.754 -24.2898 20.9936 20.4357 -0.00255007 2.46557 0.229653 0.257898 
369.812 136.367 23.3566 20.2526 -0.00120433 5.21751 0.241266 0.144794 
326.732 410.186 25.7852 20.0559 0.000102044 6.27954 0.252878 -0.00833168 
284.51 726.499 28.2787 19.8502 -0.00382388 6.27831 0.26449 0.000748078 
243.151 1042.76 30.6283 19.7972 -0.0161329 6.27838 0.276102 -2.91378e-05 
202.161 1359.02 32.4887 20.1123 0.0214453 6.2787 0.287724 -0.000105051 
160.279 1675.28 35.8327 19.1805 0.246485 6.27875 0.29935 -9.45523e-05 
121.473 1991.54 48.2422 11.6196 0.194656 6.27883 0.31178 -6.5915e-05 
107.949 2307.78 59.0617 7.58599 0.100156 6.279 0.322803 -4.24315e-05 
108.302 2624.01 66.3585 7.46201 0.104926 6.279 0.335463 -2.41487e-05 
109.635 2940.23 73.8379 7.1986 0.126347 6.27901 0.347102 -1.11164e-05 
112.397 3256.46 82.2074 6.3352 0.148635 6.27906 0.357581 -0.0039487 
118.591 3572.7 91.5248 5.00021 -0.0892007 4.34961 0.369 0 
118.591 3572.7 91.5248 5.00021 -0.0892007 4.34961 0.369 0 
173.167 4047.95 92.2894 7.82689 -0.438223 -1.02083 1.15369 -0.489801 
209.694 4087.11 64.3435 27.9081 0.33794 -6.2649 -0.176776 0.00180804 
109.408 3700.53 96.8129 5 0.129929 -6.27075 0.39952 0.00182117 
163.803 3313.35 115.372 5 0.129929 -6.26695 0.39952 0.00268899 
221.218 2926.48 133.931 5 0.129929 -6.26415 0.39952 0.00501614 
281.653 2539.84 152.491 5 0.129929 -6.26135 0.39952 0.00355265 
345.107 2153.43 171.05 5 0.129929 -6.26944 0.39952 0.00773501 
411.581 1766.36 189.609 5 0.129929 -6.27291 0.39952 0.00879097 
481.074 1379.01 208.168 5 0.129929 -6.27829 0.39952 0.00947863 
553.586 991.218 226.728 5 0.129929 -6.27895 0.39952 0.0402926 
629.118 603.375 245.287 5 0.129929 -6.27895 0.39952 0.154232 
707.67 215.532 263.846 5 0.12993 -4.1638 0.39952 0.133949 
789.378 -0.548232 282.406 5 0.129932 -1.504 0.39952 0.000516121 
874.278 -0.638133 300.965 5 0.129932 -1.50362 0.39952 -6.19155e-05 
962.197 -0.696622 319.524 5 0.129932 -1.50368 0.39952 -2.32763e-05 
1053.14 -0.760558 338.084 5 0.129932 -1.5037 0.39952 -3.61717e-05 
1147.1 -0.826172 356.643 5 0.129932 -1.50412 0.39952 1.49701e-05 
1244.07 -0.925187 375.203 5 0.129932 -1.50332 0.39952 -4.00691e-05 
1344.07 -0.95943 393.762 5 0.129932 -1.50359 0.39952 4.5667e-05 
1447.09 -1.0156 412.322 5 0.129932 -1.50337 0.39952 0.000307163 
1553.13 -1.05416 430.881 5 0.129932 -1.50333 0.399519 -3.10535e-06 
1662.19 -1.08924 449.441 5 0.129928 -1.50333 0.399587 -6.13856e-06 
1774.26 -1.1241 468 5 0.130743 -1.50333 0.385538 -8.07303e-06 
1889.36 -1.1593 486.625 5 -0.0389164 -1.50333 0.636212 -1.09736e-05 
2007.76 -1.19494 491.473 5 -0.0662702 -1.50351 0.762347 5.77538e-05 
2126.99 -1.24531 483.279 5 -0.0653241 -1.50305 0.746041 -1.27817e-05 
2244.89 -1.25784 475.161 5 -0.0643781 -1.50352 0.729735 -4.19766e-06 
2361.47 -1.30886 467.12 5 -0.0634321 -1.50347 0.713429 -4.04603e-05 
2476.74 -1.35582 459.156 5 -0.062486 -1.50487 0.697122 -0.000669472 
2590.71 -1.51644 451.269 5 -0.06154 -1.53224 0.680816 0.0012261 
2703.39 -3.89965 443.459 5 -0.0605939 -1.47722 0.66451 -0.000596386 
2814.81 -1.81455 435.725 5 -0.0596479 -1.50625 0.648204 5.3468e-05 
2924.96 -2.08698 428.069 5 -0.0587019 -1.50311 0.631898 -2.28757e-05 
3033.87 -2.10488 420.489 5 -0.0577559 -1.50427 0.615592 -2.70561e-06 
3141.54 -2.21689 412.986 5 -0.0568098 -1.50424 0.599286 -2.38935e-06 
3247.99 -2.32597 405.56 5 -0.0558638 -1.50421 0.58298 1.69387e-05 
3353.23 -2.43278 398.21 5 -0.0549178 -1.5025 0.566673 -3.80678e-05 
3457.27 -2.40093 390.938 5 -0.0539717 -1.50617 0.550367 2.16271e-05 
3560.13 -2.66703 383.742 5 -0.0530257 -1.50336 0.534061 2.00647e-05 
3661.81 -2.7051 376.623 5 -0.0520797 -1.50022 0.517755 -6.49694e-05 
3762.34 -2.48815 369.581 5 -0.0511336 -1.51155 0.501449 4.67013e-05 
3861.71 -3.19066 362.616 5 -0.0501876 -1.5009 0.485143 -1.29382e-05 
3959.96 -3.02913 355.727 5 -0.0492416 -1.50451 0.468837 2.75688e-06 
4057.08 -3.16035 348.916 5 -0.0482955 -1.5034 0.452531 -2.3437e-06 
4153.09 -3.20165 342.181 5 -0.0473495 -1.50362 0.436224 -1.41338e-05 
4248 -3.26038 335.523 5 -0.0464035 -1.50913 0.419918 4.93308e-05 
4341.83 -3.76686 328.942 5 -0.0579319 -1.47849 0.403612 0.0017636 
4434.61 -1.78484 321.425 5.7707 -0.605148 1.94404 0.387306 -0.000172927 
4522.26 278.129 269.37 40 -0.09 0.0970937 0.369 0 
4522.26 278.129 269.37 40 -0.09 0.0970937 0.369 0 
4485.47 304.083 270.359 29.515 0.372324 -1.51084 0.0148301 -1.02544 
4465.57 297.38 285.695 21.7479 0.76063 -3.0778 -0.173745 1.0041 
4442.95 272.951 309.167 5.00305 0.106393 -5.08196 -0.162138 -0.780865 
4455.28 209.569 317.228 5.00366 0.0566154 -5.12846 0.296008 0.723099 
4466.94 145.242 324.573 5.01795 0.0540181 -6.27956 0.29028 0.208676 
4477.45 41.6991 331.859 6.87971 0.0611327 -3.40641 0.283798 0.0767609 
4491.51 -3.51357 339.236 7.30817 0.0613033 -1.18313 0.275947 0.000133114 
4505.34 -3.59131 346.605 7.28066 0.060576 -1.17982 0.269211 0.000295752 
4519.41 -3.60199 353.964 7.16936 0.0599469 -1.17995 0.261207 -2.61052e-05 
4533.81 -3.61535 361.316 7.03146 0.0597078 -1.17972 0.253349 2.44053e-06 
4548.57 -3.62415 368.668 6.88872 0.0547708 -1.17982 0.283444 1.55898e-05 
4563.7 -3.63529 375.953 6.76049 0.0471659 -1.17986 -0.0156355 2.23972e-05 
4579.19 -3.64734 383.113 6.67396 0.554841 -1.17989 0.0998979 0.000396542 
4594.79 -3.65991 389.524 6.73119 0.334849 -1.18014 0.938742 2.5012e-05 
4610.57 -3.6776 388.99 6.91238 0.342706 -1.18005 0.922447 -9.79667e-06 
4626.17 -3.69318 388.75 7.06417 0.349154 -1.17918 0.906149 -8.58226e-06 
4641.56 -3.69104 388.495 7.26441 0.0443031 -1.18136 0.889848 0.00206596 
4656.83 -3.73287 383.409 7.5708 -0.520461 -1.18024 0.823101 0.000251654 
4671.78 -3.75175 378.33 7.61833 -0.515176 -1.17973 0.805125 0.0309554 
4686.53 -3.76028 373.303 7.59404 -0.499998 -1.17938 0.789926 0.00027658 
4701.17 -3.76167 368.305 7.35216 -0.418152 -1.17878 0.781669 0.000253403 
4715.92 -3.75114 362.583 5.88519 -0.444978 -1.18028 0.811265 0.000293675 
4723.38 -3.77296 346.243 5 -0.0517549 -1.21769 0.792058 -0.000181137 
4746.62 -3.80867 350.079 5 -0.041924 -1.47453 0.0815659 -7.09063e-05 
4770 -3.8134 351.377 5.03206 -1.4 -1.5426 0.0903061 -0.0011845 
4793.94 -3.82813 315.677 35.5093 -0.112437 -1.61637 0.104791 8.957e-05 
4756.55 -3.799 305.125 32.7321 -0.0663332 -1.6262 0.116391 2.37389e-05 
4728.75 -3.7737 297.926 32.2038 -0.554317 -1.63172 0.128043 -9.00081e-05 
4701.49 -3.74825 291.486 32.2762 -0.623454 -1.64308 0.139852 -8.89563e-05 
4674.03 -3.72362 286.516 33.7785 -0.667462 -1.65742 0.160043 -7.94347e-05 
4645.5 -3.69739 280.053 33.2235 0.0800236 -1.66453 0.661755 -7.38314e-05 
4615.61 -3.67381 276.854 33.0131 0.259845 -1.66191 0.645481 0.00034567 
4586.64 -3.66231 274.216 33.2707 0.216487 -1.65842 0.629201 -0.00166102 
4557.3 -3.66214 272.852 33.9544 0.260812 -1.90935 0.612899 -0.31925 
4527.24 -9.88707 271.912 33.9611 0.280549 -2.92607 0.596599 -0.297903 
4500.19 -45.3145 271.616 30.4467 -0.357062 -1.62427 0.220868 0.0940667 
4463.26 -38.4678 271.275 32.8278 0.274706 6.27714 0.232499 -0.255148 
4437.93 123.31 271.656 31.1902 0.261797 6.27714 0.244217 0.130767 
4410.95 285.022 271.362 30.6193 0.35544 5.7686 0.255698 0.0823996 
4389.3 426.106 273.882 25.6066 -0.362809 4.71243 0.515395 0.0512958 
4360.44 545.741 268.417 25.3983 0.085144 4.70942 0.498873 0.0370159 
4331.52 665.315 262.205 23.226 0.317057 4.70942 0.380187 0.0247287 
4305.79 784.886 265.839 24.5154 0.399185 4.70942 0.466607 0.00299826 
4278.07 904.458 266.032 21.0005 -0.134394 4.70958 0.45223 -4.12545e-05 
4256.3 1024.03 260.896 13.6404 0.240651 4.71429 0.433781 -3.41658e-05 
4261.98 1143.69 274.076 5 -0.471996 6.2799 0.419904 0.00297765 
4282.58 1305.3 270.68 5 -0.47105 6.27993 0.403603 -0.00394246 
4303.04 1470.84 265.835 5 -1.4 6.28 0.359649 -0.000185297 
4323.68 1638.13 236.68 30.5153 -0.0257427 5.14747 0.369 0 
4323.68 1638.13 236.68 30.5153 -0.0257427 5.14747 0.369 0 
4291.97 1778.35 233.862 26.0847 1.37853 3.06668 -0.188388 -1.02859 
4266.84 1875.8 260.06 5 0.174393 -0.203599 -0.176776 -1.00718 
4277.97 1905.99 262.198 5.56303 -1.4 -3.45221 0.450747 -0.802069 
4288.84 1869.39 231.95 30.1058 -0.360478 -6.28 -0.0370723 -0.0326301 
4257.57 1774.69 222.265 31.334 -0.274692 -6.28 -0.141939 -0.00185722 
4223.84 1679.99 214.302 31.151 -0.273799 -6.28 -0.130327 0.00166129 
4190.08 1585.29 206.364 30.9681 -0.272905 -6.28 -0.118714 0.0114061 
4156.3 1490.59 198.45 30.7851 -0.272012 -6.28 -0.107102 0.016988 
4122.49 1395.89 190.561 30.6021 -0.271118 -6.28 -0.0954898 0.00177581 
4088.66 1301.19 182.696 30.4191 -0.270225 -6.28 -0.0838776 0.00649937 
4054.81 1206.49 174.856 30.2362 -0.269331 -6.28 -0.0722653 0.000956722 
4020.93 1111.79 167.04 30.0532 -0.268438 -6.28 -0.0606531 0.00369719 
3987.04 1017.09 159.248 29.8702 -0.267545 -6.28 -0.0490408 0.00494104 
3953.12 922.387 151.481 29.6873 -0.266651 -6.28 -0.0374286 0.00514068 
3919.18 827.685 143.738 29.5043 -0.265758 -6.28 -0.0258163 0.00701951 
3885.23 732.984 136.019 29.3213 -0.264863 -6.28 -0.0142041 0.00904431 
3851.26 638.282 128.325 29.1383 -0.263968 -6.28 -0.00259184 0.153669 
3817.27 543.58 120.655 28.9553 -0.263076 -6.28 0.00902041 0.0222991 
3783.27 448.878 113.01 28.7723 -0.262192 -6.28 0.0206327 0.0581996 
3749.26 354.176 105.389 28.5895 -0.261308 -6.28 0.0322449 -0.265953 
3715.23 259.473 97.7921 28.4068 -0.260397 -6.28 0.0438571 0.0524432 
3681.19 164.77 90.2199 28.2238 -0.259435 -6.28 0.0554694 0.390762 
3647.14 70.0672 82.6736 28.0397 -0.258481 -4.99511 0.0670816 0.557612 
3613.1 1.77886 75.153 27.8549 -0.257744 -2.25906 0.0786939 0.0262021 
3579.1 -10.2615 67.6535 27.6727 -0.257372 -1.97443 0.0903061 0.0413235 
3545.1 -16.4507 60.1678 27.4986 -0.256826 -2.48671 0.101918 0.482976 
3511.06 -33.1717 52.699 27.3288 -0.254542 0.154693 0.113531 0.465805 
3477.05 4.40948 45.2827 27.1354 -0.249737 2.78363 0.125143 0.443273 
3443.08 96.0365 37.9716 26.8823 -0.247046 5.38784 0.136755 -0.122115 
3409.27 241.201 30.7242 26.6105 -0.258057 6.27515 0.148367 -0.131699 
3375.63 404.606 23.2593 26.5368 -0.28608 6.27946 0.15998 -0.100748 
3341.82 568.1 15.2208 26.9008 -0.292121 6.28 0.171592 -0.0287233 
3307.08 731.606 7.04612 27.2999 -0.191482 6.28 0.183204 0.00867097 
3271.3 895.112 0.927216 26.0609 0.0201033 6.28 0.194816 0.00197667 
3237.23 1058.62 0.001 25.8785 0.0209263 6.28 0.206429 0.00110997 
3203.41 1222.12 0.001 25.6972 0.0218643 6.28 0.218041 -0.0068797 
3169.9 1385.63 0.001 25.5149 0.0231141 6.28 0.229653 9.91411e-05 
3136.68 1549.13 0.001 25.327 0.0244907 6.27892 0.241265 0.000181162 
3103.77 1712.61 0.001 25.1321 0.0248874 6.27813 0.252878 8.98888e-05 
3071.19 1876.08 0.001 24.9467 0.0229862 6.27832 0.26449 2.90094e-05 
3038.91 2039.54 0.001 24.8052 0.0206654 6.27817 0.276102 -2.07804e-06 
3006.86 2203.01 0.001 24.7085 0.0265136 6.27803 0.287714 -1.71732e-05 
2974.97 2366.47 0.001 24.5227 0.0490397 6.27786 0.299327 -2.10031e-05 
2943.38 2529.93 0.001 23.999 0.0704965 6.27903 0.310939 -1.81806e-05 
2912.64 2693.41 1.34502 23.1993 0.025088 6.28 0.322551 -1.25818e-05 
2883.3 2856.91 4.02397 23.2064 -0.139311 6.28 0.334163 -7.02811e-06 
2854.12 3020.41 3.32294 25.7733 -0.262685 6.28 0.345776 -3.33691e-06 
2820.73 3183.92 0.001 29.9155 0.152511 6.27195 0.357388 -0.000727247 
2780.21 3347.26 0.867766 23.131 1.4 4.63487 0.369 0 
3062.51 1066.4 1570.44 15.624 0.453703 0 0.241808 0 
3062.51 1066.4 1570.44 15.624 0.453702 -2.00396e-10 0.241808 -4.71851e-06 
3062.51 1066.4 1570.44 15.6245 0.453872 -0.00970313 0.241792 4.37542e-06 
2615.91 1064.15 1579.02 15.4823 0.455168 -0.0179382 0.246055 0.000190708 
2493.7 614.087 1443.04 15.8633 0.447797 0.225701 0.23463 -0.000353205 
2443.2 1451.7 1515.09 15.7277 0.451139 0.098062 0.238698 -0.000153089 
2421.85 1814.72 1546.1 15.6694 0.452576 0.0431332 0.240445 -6.71123e-05 
2412.57 1973.87 1559.55 15.6442 0.4532 0.019293 0.241201 -2.98928e-05 
2408.48 2044.75 1565.47 15.6331 0.453473 0.00880924 0.241533 -1.35654e-05 
2406.64 2076.92 1568.1 15.6282 0.453595 0.00414193 0.24168 -6.313e-06 
2405.81 2091.89 1569.29 15.626 0.45365 0.00204051 0.241746 -3.05155e-06 
2405.43 2099.13 1569.83 15.625 0.453675 0.00108885 0.241776 -1.57298e-06 
2405.25 2102.85 1570.07 15.6246 0.453686 0.000660115 0.24179 -9.02804e-07 
2405.16 2104.99 1570.17 15.6244 0.453691 0.000472759 0.241796 -6.04148e-07 
2405.12 2106.43 1570.22 15.6243 0.453693 0.000399156 0.241799 -4.7941e-07 
2405.1 2107.56 1570.23 15.6242 0.453694 0.000380825 0.241799 -4.38131e-07 
2405.09 2108.6 1570.22 15.6242 0.453693 0.000390843 0.241799 -4.38553e-07 
2405.09 2109.64 1570.21 15.6243 0.453693 0.000416982 0.241799 -4.61692e-07 
2405.09 2110.73 1570.19 15.6243 0.453692 0.000453707 0.241798 -4.98329e-07 
2405.08 2111.91 1570.16 15.6243 0.453691 0.000499419 0.241797 -5.45873e-07 
2405.08 2113.21 1570.13 15.6243 0.45369 0.000553539 0.241796 -6.02746e-07 
2405.08 2114.64 1570.09 15.6244 0.453688 0.00061678 0.241795 -6.69124e-07 
2405.08 2116.22 1570.05 15.6244 0.453687 0.000690795 0.241794 -7.46693e-07 
2405.08 2117.99 1570 15.6245 0.453685 0.000777584 0.241792 -8.37182e-07 
2405.07 2119.97 1569.95 15.6246 0.453682 0.000880023 0.24179 -9.43648e-07 
2405.07 2122.21 1569.88 15.6246 0.453679 0.00100141 0.241787 -1.06871e-06 
2405.07 2124.74 1569.8 15.6247 0.453676 0.00114684 0.241785 -1.21736e-06 
2405.06 2127.63 1569.7 15.6248 0.453672 0.00132273 0.241781 -1.39574e-06 
2405.05 2130.93 1569.58 15.625 0.453667 0.00153749 0.241777 -1.61115e-06 
2405.05 2134.75 1569.43 15.6252 0.453661 0.0018031 0.241772 -1.87443e-06 
2405.04 2139.19 1569.24 15.6254 0.453654 0.00213608 0.241766 -2.20005e-06 
2405.02 2144.41 1569 15.6256 0.453644 0.00255985 0.241758 -2.60826e-06 
2405.01 2150.59 1568.69 15.6259 0.453632 0.00310799 0.241749 -3.12719e-06 
2404.98 2157.99 1568.29 15.6264 0.453616 0.00382999 0.241736 -3.79848e-06 
2404.95 2166.99 1567.74 15.6269 0.453594 0.00479845 0.24172 -4.68332e-06 
2404.91 2178.09 1567 15.6276 0.453565 0.00611971 0.241698 -5.8718e-06 
2404.85 2192 1565.97 15.6286 0.453525 0.00794906 0.241668 -7.50251e-06 
2404.76 2209.78 1564.54 15.63 0.453469 0.010503 0.241625 -9.7848e-06 
2404.64 2232.96 1562.54 15.6321 0.45339 0.0140609 0.241565 -1.30356e-05 
2404.47 2263.85 1559.81 15.635 0.453281 0.0189156 0.241477 -1.77152e-05 
2404.26 2305.82 1556.29 15.6393 0.453137 0.025193 0.241349 -2.43901e-05 
2404.04 2363.61 1552.23 15.6452 0.452962 0.0324209 0.241172 -3.34015e-05 
2403.89 2442.76 1548.62 15.6522 0.452792 0.0388512 0.240961 -4.3725e-05 
2403.96 2546.37 1547.26 15.6571 0.452709 0.0412744 0.240814 -5.05985e-05 
2404.31 2666.25 1549.15 15.6521 0.45281 0.0379021 0.240965 -4.34333e-05 
2404.37 2769.09 1548.48 15.6262 0.453004 0.039039 0.241739 -9.56546e-06 
2401.84 2791.51 1519.62 15.5748 0.452535 0.0902008 0.243282 4.9619e-05 
2389.53 2672.88 1395.25 15.5155 0.449172 0.310686 0.245059 6.95027e-05 
2334.86 2454.99 1030.94 15.5043 0.438503 0.913035 0.245367 -0.00117145 
154.177 2443.67 159.637 22.6325 7.55486e-06 0.0448536 0.240808 0 
154.177 2443.67 159.637 22.6325 7.55486e-06 0.0448536 0.240808 0 
96.5938 2563.75 165.593 22.4073 0.317003 5.70911 -0.188388 0.0455822 
41.2016 3124.69 196.249 5 0.140415 6.23788 0.358381 -0.00122851 
99.4601 3726.7 215.333 5 0.140415 6.24544 0.358381 -0.00189936 
160.695 4329.29 234.417 5 0.140415 6.24657 0.358381 -0.00234295 
224.906 4931.98 253.5 5 0.140415 6.24189 0.358381 -0.00268598 
292.093 5534.3 272.584 5 0.140415 6.23217 0.358381 -0.00305368 
362.255 6135.87 291.668 5 0.140415 6.21702 0.358381 -0.00353699 
435.393 6736.25 310.751 5 0.140415 6.19501 0.358381 -0.00424065 
511.505 7334.93 329.835 5 0.140415 6.16332 0.358381 -0.00532853 
590.591 7931.13 348.919 5 0.140415 6.11611 0.358381 -0.00718183 
672.65 8523.66 368.003 5 0.140415 6.03927 0.358381 -0.0114965 
757.681 9110.22 387.086 5 0.140415 5.88669 0.358381 -0.031693 
845.678 9684.89 406.17 5 0.140415 5.39202 0.358381 -0.179768 
936.62 10221.1 425.254 5 0.140413 2.6554 0.358381 -0.28622 
1030.37 10544.2 444.337 5 0.140411 -1.53269 0.358382 0.018055 
1126.83 10541.4 463.421 5 0.140411 -1.56876 0.358382 0.00508236 
1226.27 10535.8 482.504 5 0.140411 -1.50905 0.358382 0.00348751 
1328.69 10534.9 501.587 5 0.14041 -1.45374 0.358404 -0.00121112 
1434.09 10538.2 520.671 5 0.140659 -1.47384 0.354107 -0.00188083 
1542.46 10540 539.773 5 0.0909096 -1.50995 0.572555 -0.00115704 
1653.89 10539 555.004 5 -0.0781465 -1.53287 0.827568 0.000134515 
1767.95 10536.2 545.746 5 -0.0772006 -1.5283 0.811264 0.00441113 
1880.57 10533.7 536.562 5 -0.0762546 -1.429 0.794958 -0.000875219 
1991.76 10539 527.452 5 -0.0753086 -1.46149 0.778652 0.0154938 
2101.53 10541.8 518.415 5 -0.0743624 -1.21246 0.762346 -0.037061 
2209.9 10563.9 509.452 5 -0.073417 -2.39854 0.74604 -0.0759947 
2316.8 10493.7 500.562 5 -0.0724723 -4.86138 0.729734 -0.0215519 
2422.16 10231.8 491.746 5 -0.0715267 -5.66899 0.713428 -0.00612943 
2526.09 9907.09 483.004 5 -0.0705808 -5.93322 0.697122 -0.00226399 
2628.64 9561.79 474.335 5 -0.0696348 -6.04853 0.680816 -0.000971439 
2729.83 9207.51 465.74 5 -0.0686888 -6.1102 0.66451 -0.00043975 
2829.68 8848.44 457.219 5 -0.0677428 -6.14799 0.648204 -0.000189378 
2928.19 8486.42 448.771 5 -0.0667968 -6.1734 0.631898 -6.11806e-05 
3025.38 8122.43 440.396 5 -0.0658508 -6.19162 0.615592 6.99184e-06 
3121.26 7757.01 432.096 5 -0.0649048 -6.20528 0.599286 4.28005e-05 
3215.85 7390.54 423.869 5 -0.0639587 -6.21586 0.582979 5.99777e-05 
3309.15 7023.24 415.715 5 -0.0630127 -6.22425 0.566673 6.59866e-05 
3401.18 6655.29 407.636 5 -0.0620667 -6.23102 0.550367 6.5192e-05 
3491.94 6286.81 399.63 5 -0.0611206 -6.23654 0.534061 6.0301e-05 
3581.46 5917.9 391.697 5 -0.0601746 -6.24109 0.517755 5.30738e-05 
3669.74 5548.64 383.838 5 -0.0592286 -6.24487 0.501449 4.46974e-05 
3756.79 5179.08 376.053 5 -0.0582826 -6.24803 0.485143 3.59894e-05 
3842.62 4809.28 368.342 5 -0.0573365 -6.25068 0.468837 2.75024e-05 
3927.25 4439.27 360.704 5 -0.0563905 -6.25293 0.45253 1.9559e-05 
4010.69 4069.08 353.139 5 -0.0554445 -6.25496 0.436224 1.22664e-05 
4092.94 3698.74 345.649 5 -0.0544984 -6.25732 0.419918 5.79514e-06 
4174.03 3328.21 338.232 5 -0.0568497 -6.26155 0.403612 2.94029e-06 
4253.96 2957.36 330.632 5.19525 -0.642043 -6.26322 0.387306 0.000260523 
4332.4 2586.37 277.46 40 -0.0899995 -3.39215 0.369 0 
4332.4 2586.37 277.46 40 -0.0899995 -3.39215 0.369 0 
4281.28 2551.6 270.954 33.2394 1.4 0.607896 -0.188388 0.174871 
4240.87 2602.17 296.472 11.8987 -0.290382 3.21589 -0.176775 -0.903204 
4238.8 2708.36 286.651 20.955 -1.4 -1.7551 0.452099 -0.644985 
4221.21 2708.49 252.844 40 -0.479155 -6.12603 -0.101611 -0.0020632 
4169.16 2615.38 238.035 40 -0.479155 -6.15619 -0.10161 0.000571898 
4116.47 2521.63 223.225 40 -0.479154 -6.15061 -0.101643 0.0004286 
4063.15 2428 208.416 40 -0.479256 -6.14691 -0.0998765 0.000653095 
4009.19 2334.45 193.604 40 -0.473726 -6.13871 -0.0995833 -0.00154994 
3954.6 2241.07 178.91 39.9099 -0.467399 -6.17249 -0.0954897 0.00137211 
3899.53 2146.97 164.355 39.7259 -0.466397 -6.14917 -0.0838775 0.00174158 
3844.15 2053.37 149.827 39.5402 -0.465622 -6.11728 -0.0722653 0.000778274 
3788.47 1960.45 135.322 39.3568 -0.465397 -6.10381 -0.060653 0.000257347 
3732.49 1867.82 120.828 39.1843 -0.46524 -6.10156 -0.0490408 0.000383176 
3676.17 1775.23 106.343 39.0223 -0.462942 -6.0959 -0.0374285 0.000557478 
3619.52 1682.77 91.9127 38.8346 -0.456439 -6.0852 -0.0258163 0.000626357 
3562.57 1590.53 77.6277 38.5565 -0.451032 -6.07178 -0.014204 0.000623766 
3505.48 1498.58 63.4676 38.2184 -0.464969 -6.05742 -0.00259179 0.000618946 
3448.37 1406.94 49.0217 38.1425 -0.509899 -6.04211 0.00902045 0.000641616 
3390.79 1315.62 33.6197 38.7957 -0.532015 -6.02483 0.0206327 0.000693868 
3331.44 1224.67 17.7234 39.7061 -0.384544 -6.0043 0.0322449 0.000832306 
3269.8 1134.16 4.94265 38.0851 -0.0197458 -5.97686 0.0438572 0.000846544 
3210.22 1044.23 0.00115313 37.5931 0.0452104 -5.94662 0.0554694 9.07712e-05 
3151.25 954.952 0.00103713 37.4102 0.0461039 -5.94645 0.0670817 -0.000198367 
3092.59 865.674 0.00103713 37.2272 0.0469972 -5.95938 0.0786939 8.91264e-05 
3034.24 776.12 0.00106099 37.0442 0.0478915 -5.95869 0.0903062 0.000699355 
2976.21 686.58 4.68082 36.8613 0.0487857 -5.92435 0.101918 0.000936662 
2918.69 597.773 9.38599 36.6783 0.0496791 -5.87177 0.113531 0.000919041 
2861.68 510.087 14.1165 36.4953 0.0505722 -5.81381 0.125143 0.00096367 
2805.19 423.638 18.8723 36.3124 0.0514666 -5.74427 0.136755 0.00158468 
2749.22 338.672 23.6535 36.1294 0.0523641 -5.61506 0.148367 0.00376247 
2693.76 256.464 28.46 35.9464 0.0532613 -5.28795 0.15998 0.00863581 
2638.83 181.234 33.292 35.7633 0.0541458 -4.50708 0.171592 0.0156051 
2584.43 122.666 38.1491 35.5804 0.0550082 -3.04207 0.183204 0.0211315 
2530.58 95.3571 43.0309 35.398 0.0558829 -0.960318 0.194816 0.0215197 
2477.28 112.467 47.9375 35.2158 0.0568729 1.33188 0.206429 0.0165724 
2424.54 178.485 52.8716 35.032 0.0580247 3.35632 0.218041 0.00935105 
2372.36 287.699 57.8365 34.8441 0.0589986 4.80374 0.229653 0.00333307 
2320.74 427.797 62.8285 34.6556 0.0589787 5.5968 0.241265 0.000232731 
2269.66 584.816 67.8267 34.4827 0.0578669 5.86754 0.252878 -0.000425748 
2219.1 747.612 72.807 34.341 0.0588441 5.8778 0.26449 -0.00016326 
2169 910.626 77.813 34.1922 0.068155 5.8523 0.276102 4.19551e-05 
2119.36 1073.1 83.0227 33.902 0.0841561 5.86646 0.287714 7.21918e-05 
2070.43 1235.87 88.5838 33.3814 0.0780991 5.90657 0.299327 4.20188e-05 
2022.64 1399.5 94.0335 33.0206 0.00397988 5.9461 0.310939 1.28006e-06 
1975.72 1563.97 97.914 33.9023 -0.104194 5.95413 0.322551 6.14002e-05 
1927.51 1728.61 99.4562 36.4064 0.0055748 6.0556 0.334163 -0.000381564 
1875.04 1895.42 103.255 36.7695 0.655765 4.51658 0.345776 -0.00243062 
1821.81 2029.39 120.915 26.5164 1.4 0.790694 0.357388 -8.27443e-06 
1786.48 2083.85 154.805 5.30258 0.0899992 0.559606 0.369 0 
1786.48 2083.85 154.805 5.30258 0.0899992 0.559606 0.369 0 
1802.23 2139.05 158.657 5 -1.03649 -0.0778252 1.15369 1.00007 
1819.38 2177.53 132.967 24.9973 0.324954 1.99846 -0.176776 0.979311 
1792.48 2270.51 142.156 17.2693 0.617983 4.04763 -0.165163 0.887453 
1782.19 2417.25 159.358 5 0.0596584 5.8695 0.67541 0.14516 
1798.93 2611.77 162.428 5 0.0596585 6.14878 0.675409 -0.00539678 
1815.85 2813.62 165.497 5 0.0596585 6.14652 0.675409 -0.00887466 
1832.92 3015.4 168.567 5 0.0596585 6.13857 0.67541 -0.00937859 
1850.15 3216.98 171.636 5 0.0596585 6.12955 0.67541 -0.00991426 
1867.55 3418.32 174.705 5 0.0596585 6.11935 0.67541 -0.0105929 
1885.1 3619.4 177.775 5 0.0596585 6.10769 0.67541 -0.0114349 
1902.82 3820.16 180.844 5 0.0596585 6.09416 0.67541 -0.0123293 
1920.69 4020.58 183.914 5 0.0596585 6.07837 0.67541 -0.0124087 
1938.73 4220.57 186.983 5 0.0596585 6.06156 0.67541 -0.0131309 
1956.93 4420.13 190.052 5 0.0596585 6.04418 0.67541 -0.0249335 
1975.29 4619.23 193.122 5 0.0596584 6.00522 0.67541 -0.0368226 
1993.82 4817.31 196.191 5 0.0596584 5.93264 0.67541 -0.0130149 
2012.5 5013.49 199.261 5 0.0596584 5.90616 0.67541 -0.158004 
2031.34 5208.97 202.33 5 0.0596582 5.58851 0.67541 -0.344166 
2050.33 5396.11 205.399 5 0.0596578 4.82544 0.67541 -0.434111 
2069.48 5563.24 208.469 5 0.0596573 3.81285 0.67541 -0.466413 
2088.76 5703.8 211.538 5 0.0596567 2.68882 0.67541 -0.471787 
2108.18 5814.86 214.608 5 0.0596561 1.52251 0.67541 -0.463548 
2127.74 5895.33 217.677 5 0.0596555 0.350323 0.67541 -0.447016 
2147.43 5945.04 220.746 5 0.0596548 -0.804902 0.67541 -0.423946 
2167.26 5964.43 223.816 5 0.0596543 -1.92477 0.67541 -0.393944 
2187.23 5954.45 226.885 5 0.0596537 -2.98941 0.67541 -0.354336 
2207.34 5916.53 229.954 5 0.0596532 -3.97098 0.675409 -0.298879 
2227.59 5852.86 233.023 5 0.0596509 -4.82277 0.675442 -0.216498 
2247.98 5766.84 236.093 5 0.0597753 -5.46296 0.673291 -0.0986767 
2268.52 5664.03 239.165 5 0.0514668 -5.77259 0.67395 0.0382304 
2289.22 5553.09 242.02 5.16508 0.0459991 -5.6449 0.66451 -0.0681109 
2309.73 5445.5 244.724 5.42202 0.0447434 -5.88545 0.648204 -0.0318049 
2329.84 5331.6 247.384 5.67898 0.0434893 -6.00682 0.631898 -0.0123076 
2349.54 5214.51 250.001 5.93591 0.0422408 -6.05788 0.615592 -0.00392812 
2368.84 5096.09 252.574 6.19273 0.0409935 -6.08246 0.599286 -0.00149712 
2387.74 4977.02 255.103 6.44941 0.0397163 -6.09384 0.58298 -0.00177204 
2406.23 4857.65 257.588 6.70659 0.0383788 -6.10538 0.566673 -0.00149823 
2424.31 4737.98 260.028 6.96538 0.0371044 -6.11702 0.550367 -0.000977896 
2441.97 4618.01 262.423 7.22424 0.0362923 -6.12748 0.534061 -0.000591913 
2459.22 4497.76 264.786 7.47394 0.0359466 -6.13669 0.517755 -0.000355753 
2476.07 4377.27 267.129 7.70673 0.033775 -6.14486 0.501449 -0.000209312 
2492.55 4256.57 269.405 7.96195 0.0256315 -6.15216 0.485143 -0.000115101 
2508.61 4135.67 271.457 8.35498 0.017276 -6.15871 0.468837 -5.51107e-05 
2523.97 4014.61 273.274 8.86648 0.0429669 -6.16462 0.452531 -1.91794e-05 
2538.33 3893.39 275.742 8.79657 0.131098 -6.16998 0.436224 1.11265e-06 
2552.92 3772.03 280.527 6.99827 0.135227 -6.17482 0.419918 1.98515e-05 
2571.54 3650.54 285.495 5.4439 -0.371651 -6.17831 0.403612 0.000144914 
2593.96 3528.95 277.229 14.2922 -1.31309 -6.16032 0.387306 0.000767499 
2597.83 3407.85 243.89 39.4608 -0.0899998 -5.82425 0.369 0 
2597.83 3407.85 243.89 39.4608 -0.0899998 -5.82425 0.369 0 
2573.59 3355.39 244.163 36.3694 1.33766 -6.28 -0.188388 0.679996 
2551.97 3297.49 261.561 20.8295 1.4 -4.44686 0.163131 0.831709 
2545.66 3261.48 280.002 5.7476 0.329322 -2.38346 -0.156877 0.726647 
2554.51 3250.12 285.933 5 0.24817 -0.432784 -0.0646452 0.571042 
2564.25 3262.09 290.909 5 0.24817 1.33658 -0.064645 0.377697 
2574.13 3295.2 295.884 5 0.248171 2.79499 -0.0646447 0.192197 
2584.15 3345.74 300.86 5 0.248172 3.73166 -0.0646445 0.0479635 
2594.29 3407.48 305.836 5 0.248172 4.00177 -0.0646441 -0.0525196 
2604.55 3472.45 310.812 5 0.248171 3.70274 -0.0646437 -0.120431 
2614.93 3533.85 315.787 5 0.248171 3.02611 -0.0646382 -0.164824 
2625.43 3587.16 320.763 5 0.248178 2.11557 -0.0647757 -0.190533 
2636.03 3629.58 325.739 5 0.247938 1.06422 -0.0606428 -0.197233 
2646.74 3659.44 330.712 5 0.247263 -0.0508732 -0.0490279 -0.192985 
2657.56 3675.97 335.676 5 0.246588 -1.18737 -0.0374097 -0.175985 
2668.49 3678.91 340.633 5 0.245912 -2.28984 -0.0257812 -0.149043 
2679.53 3668.67 345.582 5 0.245213 -3.30107 -0.0139558 -0.116211 
2690.68 3646.35 350.522 5 -0.165142 -4.16656 0.892747 -0.0824367 
2702.03 3613.68 350.386 5 -0.164199 -4.84644 0.876468 -0.0524654 
2713.38 3572.88 347.179 5 -0.163255 -5.32838 0.860169 -0.0294983 
2724.64 3526.32 343.983 5 -0.162309 -5.63198 0.843867 -0.014416 
2735.82 3476.14 340.799 5 -0.161363 -5.80015 0.827563 -0.00605104 
2746.93 3423.94 337.626 5 -0.160418 -5.88231 0.811258 -0.00223778 
2757.96 3370.76 334.464 5 -0.159472 -5.91956 0.794953 -0.000894689 
2768.91 3317.14 331.313 5 -0.158526 -5.93833 0.778648 -0.000595783 
2779.79 3263.29 328.174 5 -0.15758 -5.95185 0.762342 -0.000601539 
2790.59 3209.28 325.046 5 -0.156634 -5.96501 0.746037 -0.000628056 
2801.31 3155.11 321.929 5 -0.155688 -5.97876 0.729731 -0.000609669 
2811.97 3100.78 318.823 5 -0.154742 -5.99274 0.713425 -0.000554332 
2822.54 3046.28 315.729 5 -0.153796 -6.00647 0.697119 -0.000481938 
2833.04 2991.62 312.646 5 -0.15285 -6.01957 0.680813 -0.000406848 
2843.47 2936.8 309.575 5 -0.151904 -6.03188 0.664507 -0.000336633 
2853.82 2881.83 306.515 5 -0.150958 -6.04335 0.648202 -0.000274407 
2864.1 2826.73 303.466 5 -0.150012 -6.05397 0.631896 -0.000220909 
2874.31 2771.5 300.428 5 -0.149066 -6.0638 0.61559 -0.000175758 
2884.44 2716.15 297.402 5 -0.14812 -6.07288 0.599284 -0.000138122 
2894.5 2660.7 294.387 5 -0.147174 -6.08127 0.582978 -0.000107057 
2904.49 2605.14 291.383 5 -0.146228 -6.08902 0.566672 -8.16788e-05 
2914.41 2549.49 288.391 5 -0.145282 -6.09617 0.550365 -6.12666e-05 
2924.25 2493.75 285.41 5 -0.144336 -6.10278 0.534059 -4.53317e-05 
2934.02 2437.94 282.44 5 -0.14339 -6.10892 0.517753 -3.36421e-05 
2943.72 2382.05 279.482 5 -0.142444 -6.11473 0.501447 -2.60431e-05 
2953.35 2326.1 276.535 5 -0.141498 -6.12049 0.485141 -2.1709e-05 
2962.91 2270.07 273.599 5 -0.140552 -6.12664 0.468835 -1.77171e-05 
2972.4 2213.97 270.674 5 -0.139606 -6.13325 0.452529 -1.09509e-05 
2981.82 2157.79 267.761 5 -0.13866 -6.13896 0.436223 -2.66539e-05 
2991.17 2101.55 264.859 5 -0.137714 -6.15519 0.419917 -5.26328e-05 
3000.44 2045.11 261.969 5 -1.4 -6.15181 0.403611 0.000616137 
3009.96 1988.71 243.989 16.4881 -1.4 -5.26519 0.372553 8.61985e-05 
3008.04 1942.91 225.79 28.6638 -0.0041137 -4.6726 0.369 0 
3008.04 1942.91 225.79 28.6638 -0.0041137 -4.6726 0.369 0 
3029.52 1921.43 237.755 24.4281 -0.000115684 -0.380023 0.482653 3.28417e-14 
3051.01 1899.94 249.368 23.0625 -9.88417e-05 -0.0531792 0.480306 2.2742e-15 
3072.49 1878.46 260.626 22.6337 -9.87708e-05 -0.0291955 0.477959 1.56224e-16 
3093.98 1856.97 271.521 22.4994 -9.87705e-05 -0.0274358 0.475612 6.94868e-17 
3115.46 1835.49 282.048 22.4574 -9.87705e-05 -0.0273067 0.473265 -9.47562e-17 
3136.95 1814 292.2 22.4442 -9.87705e-05 -0.0272973 0.470918 -8.79651e-17 
3158.43 1792.52 301.969 22.4401 -9.87705e-05 -0.0272966 0.468571 1.91805e-17 
3179.92 1771.03 311.348 22.4388 -9.87705e-05 -0.0272965 0.466224 -3.32268e-17 
3201.4 1749.55 320.329 22.4384 -9.87705e-05 -0.0272965 0.463878 1.71117e-17 
3222.89 1728.06 328.902 22.4383 -9.87705e-05 -0.0272965 0.461531 2.86093e-17 
3244.37 1706.58 337.059 22.4382 -9.87705e-05 -0.0272965 0.459184 -3.34816e-17 
3265.86 1685.09 344.79 22.4382 -9.87705e-05 -0.0272965 0.456837 3.59803e-17 
3287.34 1663.61 352.087 22.4382 -9.87705e-05 -0.0272965 0.45449 -4.20495e-18 
3308.83 1642.12 358.94 22.4382 -9.87705e-05 -0.0272965 0.452143 -5.04623e-17 
3330.31 1620.64 365.339 22.4382 -9.87705e-05 -0.0272965 0.449796 -2.60736e-17 
3351.8 1599.15 371.274 22.4382 -9.87705e-05 -0.0272965 0.447449 -1.46982e-17 
3373.28 1577.67 376.737 22.4382 -9.87705e-05 -0.0272965 0.445102 -5.28514e-17 
3394.77 1556.18 381.718 22.4382 -9.87705e-05 -0.0272965 0.442755 8.53655e-17 
3416.25 1534.7 386.208 22.4382 -9.87705e-05 -0.0272965 0.440408 -2.46435e-17 
3437.74 1513.21 390.199 22.4382 -9.87705e-05 -0.0272965 0.438061 3.35462e-17 
3459.22 1491.73 393.684 22.4382 -9.87705e-05 -0.0272965 0.435714 -2.47987e-17 
3480.71 1470.25 396.655 22.4382 -9.87705e-05 -0.0272965 0.433367 -3.73017e-17 
3502.19 1448.76 399.105 22.4382 -9.87705e-05 -0.0272965 0.43102 2.5642e-17 
3523.68 1427.28 401.03 22.4382 -9.87705e-05 -0.0272965 0.428673 -3.69829e-17 
3545.16 1405.79 402.426 22.4382 -9.87705e-05 -0.0272965 0.426327 -6.20649e-17 
3566.65 1384.31 403.289 22.4382 -9.87705e-05 -0.0272965 0.42398 -3.52825e-17 
3588.13 1362.82 403.617 22.4382 -9.87705e-05 -0.0272965 0.421633 7.99144e-18 
3609.62 1341.34 403.41 22.4382 -9.87705e-05 -0.0272965 0.419286 -2.7863e-17 
3631.1 1319.85 402.668 22.4382 -9.87705e-05 -0.0272965 0.416939 2.99561e-17 
3652.59 1298.37 401.392 22.4382 -9.87705e-05 -0.0272965 0.414592 -6.33089e-18 
3674.07 1276.88 399.586 22.4382 -9.87705e-05 -0.0272965 0.412245 -1.5937e-17 
3695.56 1255.4 397.254 22.4382 -9.87705e-05 -0.0272965 0.409898 -7.31411e-18 
3717.04 1233.91 394.4 22.4382 -9.87705e-05 -0.0272965 0.407551 -4.5634e-18 
3738.53 1212.43 391.031 22.4382 -9.87705e-05 -0.0272965 0.405204 2.43194e-17 
3760.01 1190.94 387.153 22.4382 -9.87705e-05 -0.0272965 0.402857 -1.78173e-17 
3781.5 1169.46 382.775 22.4382 -9.87705e-05 -0.0272965 0.40051 -2.92194e-17 
3802.98 1147.97 377.904 22.4382 -9.87705e-05 -0.0272965 0.398163 -7.8044e-18 
3824.46 1126.49 372.549 22.4382 -9.87705e-05 -0.0272965 0.395816 -1.04749e-17 
3845.95 1105 366.72 22.4382 -9.87705e-05 -0.0272965 0.393469 3.42455e-18 
3867.43 1083.52 360.425 22.4382 -9.87705e-05 -0.0272965 0.391122 4.5685e-18 
3888.92 1062.03 353.674 22.4382 -9.87705e-05 -0.0272965 0.388776 1.20797e-18 
3910.4 1040.55 346.477 22.4382 -9.87705e-05 -0.0272965 0.386429 4.90201e-18 
3931.89 1019.06 338.842 22.4382 -9.87705e-05 -0.0272965 0.384082 2.9659e-18 
3953.37 997.578 330.781 22.4383 -9.87705e-05 -0.0272965 0.381735 -3.27466e-18 
3974.86 976.093 322.301 22.4386 -9.87705e-05 -0.0272958 0.379388 -7.83357e-19 
3996.34 954.608 313.412 22.4395 -9.87705e-05 -0.0272871 0.377041 1.72214e-18 
4017.83 933.123 304.122 22.4423 -9.87688e-05 -0.027166 0.374694 3.07239e-18 
4039.31 911.639 294.441 22.4514 -9.83636e-05 -0.0254775 0.372347 3.4704e-18 
4060.8 890.154 284.37 22.4809 -1.68853e-09 -0.00196544 0.369 0 
4060.8 890.154 284.37 22.4809 -1.68853e-09 -0.00196544 0.369 0 
4037.85 933.468 282.762 20.4622 0.795208 1.68794 -0.188388 -0.889087 
4018.73 1021.6 302.331 5 -1.14963 -1.12476 0.892653 -0.907797 
4034.48 1035.11 270.976 27.7169 -0.195285 -4.02998 -0.165163 -0.678046 
3999.71 971.598 263.967 27.5339 -0.194392 -6.28 -0.153551 0.0383522 
3964.92 848.415 256.988 27.351 -0.193499 -6.13313 -0.141939 0.00200685 
3930.14 729.128 250.042 27.168 -0.192605 -6.13496 -0.130326 0.00892042 
3895.38 609.792 243.127 26.985 -0.191712 -6.10694 -0.118714 0.00652543 
3860.65 491.198 236.243 26.8021 -0.190818 -6.08604 -0.107102 0.00686805 
3825.94 373.159 229.391 26.6191 -0.189925 -6.06323 -0.0954898 0.00805277 
3791.25 255.724 222.57 26.4361 -0.189031 -6.03539 -0.0838775 0.00937351 
3756.59 139.027 215.781 26.2531 -0.188137 -6.00281 -0.0722653 0.0110677 
3721.96 23.1941 209.023 26.0702 -0.187244 -5.96549 -0.060653 0.0128371 
3687.36 -91.6495 202.297 25.8872 -0.18635 -5.92479 -0.0490408 0.0130609 
3652.79 -205.414 195.602 25.7042 -0.185457 -5.88738 -0.0374285 0.0101187 
3618.25 -318.186 188.939 25.5212 -0.184564 -5.86052 -0.0258163 0.00970154 
3583.75 -430.247 182.307 25.3383 -0.183672 -5.81195 -0.014204 0.0299172 
3549.28 -541.019 175.707 25.1553 -0.182777 -5.62183 -0.00259179 0.0827064 
3514.86 -646.75 169.138 24.9724 -0.181874 -5.13744 0.00902046 0.155248 
3480.48 -739.634 162.601 24.7892 -0.180969 -4.28741 0.0206327 0.223183 
3446.17 -809.973 156.095 24.6059 -0.180108 -3.10921 0.0322449 0.269604 
3411.92 -849.065 149.621 24.4233 -0.179341 -1.70117 0.0438572 0.288511 
3377.75 -850.814 143.174 24.2432 -0.178481 -0.175917 0.0554694 0.279986 
3343.65 -812.11 136.758 24.0633 -0.176896 1.35799 0.0670817 0.246392 
3309.62 -732.724 130.391 23.8689 -0.174565 2.79587 0.0786939 0.192201 
3275.7 -615.203 124.095 23.6475 -0.175143 4.03417 0.0903062 0.126342 
3241.93 -464.841 117.793 23.4625 -0.18533 4.97927 0.101918 0.0635144 
3208.26 -289.413 111.228 23.5014 -0.195689 5.57729 0.113531 0.0195006 
3174.17 -98.1244 104.387 23.729 -0.149949 5.85527 0.125143 0.000512861 
3139.21 100.537 98.7494 22.9808 -0.00245071 5.92844 0.136755 -0.00159586 
3105.46 301.138 97.0557 22.7978 -0.00155507 5.93238 0.148367 0.000762323 
3072.02 501.843 98.8192 22.6148 -0.000661022 5.94031 0.15998 0.0018835 
3039.06 702.759 100.614 22.4319 0.000233029 5.96179 0.171592 0.0017159 
3006.58 904.243 102.441 22.2489 0.00112646 5.98764 0.183204 0.00119661 
2974.59 1106.41 104.299 22.0659 0.00201754 6.01199 0.194816 0.000753591 
2943.08 1309.23 106.188 21.883 0.00290765 6.0332 0.206429 0.00046173 
2912.07 1512.61 108.109 21.7001 0.00380966 6.05145 0.218041 0.000286121 
2881.54 1716.47 110.061 21.5171 0.00473859 6.06732 0.229653 0.000181579 
2851.51 1920.75 112.046 21.3333 0.00564595 6.08136 0.241265 0.000117124 
2821.97 2125.4 114.063 21.1494 0.00635649 6.09401 0.252878 7.54297e-05 
2792.93 2330.39 116.106 20.9694 0.00684017 6.10556 0.26449 4.74429e-05 
2764.38 2535.69 118.17 20.7971 0.00807192 6.11622 0.276102 2.82567e-05 
2736.31 2741.26 120.274 20.6161 0.011979 6.12614 0.287714 1.50267e-05 
2708.73 2947.11 122.489 20.374 0.0162988 6.13543 0.299327 6.32617e-06 
2681.79 3153.19 124.829 20.073 0.00565278 6.14419 0.310939 2.11327e-06 
2655.61 3359.51 126.9 20.0252 -0.0342932 6.15269 0.322551 2.34896e-06 
2629.66 3566.05 127.913 20.7781 -0.0389943 6.16149 0.334163 -3.24225e-06 
2602.18 3772.83 128.769 21.4822 0.191622 6.16711 0.345776 -3.41977e-05 
2573.11 3979.76 135.712 17.3976 0.637918 6.16642 0.357388 -0.000346729 
2552.87 4186.66 154.665 5 0.0899997 5.28281 0.369 0 
2552.87 4186.66 154.665 5 0.0899997 5.28281 0.369 0 
2578.15 4505.11 157.794 5 -0.693937 2.80696 1.15369 -1.01574 
2604.37 4709.4 124.776 26.7979 -0.176858 -2.23705 -0.176776 -0.793636 
2546.33 4681.18 113.989 26.6149 -0.175966 -6.21428 -0.165163 -0.00303554 
2487.83 4469.57 103.257 26.432 -0.175073 -6.2386 -0.153551 0.001714 
2429 4256.84 92.5796 26.249 -0.174179 -6.23837 -0.141939 0.00199576 
2369.87 4044.12 81.9569 26.066 -0.173287 -6.23642 -0.130327 0.00199145 
2310.43 3831.49 71.3887 25.8831 -0.172402 -6.23422 -0.118714 0.00196318 
2250.69 3618.96 60.875 25.7004 -0.171487 -6.2319 -0.107102 0.00195301 
2190.66 3406.54 50.4169 25.517 -0.170436 -6.22934 -0.0954898 0.00194912 
2130.33 3194.24 40.0208 25.3281 -0.169619 -6.22648 -0.0838775 0.00194833 
2069.74 2982.06 29.6763 25.1437 -0.171364 -6.22329 -0.0722653 0.00195107 
2008.88 2770.04 19.265 25.0523 -0.173588 -6.21971 -0.060653 0.00195926 
1947.4 2558.18 8.75795 25.0427 -0.135648 -6.21568 -0.0490408 0.00154383 
1884.94 2346.5 0.00103529 24.6199 -0.0239743 -6.21398 -0.0374285 0.00123659 
1823.14 2134.9 0.00102289 24.437 -0.0230809 -6.21403 -0.0258163 0.00118799 
1762.01 1923.3 0.00102289 24.254 -0.0221875 -6.21412 -0.0142041 0.00115713 
1701.56 1711.69 0.00102289 24.071 -0.021294 -6.2141 -0.00259181 0.00111512 
1641.78 1500.09 0.00102289 23.8881 -0.0204006 -6.21404 0.00902043 0.00106907 
1582.68 1288.49 0.00102289 23.7051 -0.0195069 -6.21398 0.0206327 0.0015667 
1524.25 1076.88 1.35778 23.5221 -0.0186123 -6.20931 0.0322449 0.00164118 
1466.62 865.498 3.10191 23.3391 -0.0177187 -6.20332 0.0438572 0.00164272 
1409.83 654.387 4.90079 23.1562 -0.0168251 -6.19655 0.0554694 0.00168228 
1353.88 443.588 6.75439 22.9732 -0.0159316 -6.18854 0.0670817 0.00175825 
1298.78 233.157 8.66271 22.7902 -0.015038 -6.17878 0.0786939 0.00187733 
1244.53 23.1765 10.6258 22.6073 -0.0141445 -6.16661 0.0903061 0.0020655 
1191.13 -186.244 12.6435 22.4243 -0.013251 -6.15093 0.101918 0.00232312 
1138.6 -394.942 14.716 22.2413 -0.0123575 -6.13037 0.113531 0.00240411 
1086.94 -602.693 16.8432 22.0583 -0.011464 -6.10657 0.125143 0.00108937 
1036.15 -809.346 19.0252 21.8754 -0.0105705 -6.1052 0.136755 -0.00340116 
986.233 -1015.94 21.2618 21.6924 -0.00967704 -6.15623 0.148367 0.0477743 
937.198 -1224.88 23.5532 21.5094 -0.00878309 -5.33813 0.15998 0.171237 
889.08 -1396.1 25.8993 21.3265 -0.00788846 -3.19844 0.171592 0.218611 
841.933 -1468.67 28.3002 21.1435 -0.0069936 -0.622617 0.183204 0.207936 
795.777 -1422.47 30.7559 20.9605 -0.00609873 1.96279 0.194816 0.16051 
750.618 -1257.06 33.2663 20.7776 -0.00520398 4.28956 0.206429 0.0785548 
706.452 -984.363 35.8315 20.5946 -0.00430965 5.93765 0.218041 0.00187536 
663.259 -635.678 38.4515 20.4116 -0.00341603 6.27531 0.229653 0.00121678 
620.995 -271.424 41.1262 20.2286 -0.00252235 6.09661 0.241265 0.00065864 
579.647 84.5899 43.8557 20.0457 -0.00162778 6.11611 0.252878 0.000296057 
539.227 441.502 46.6399 19.8626 -0.000736876 6.13964 0.26449 0.000230458 
499.74 799.499 49.4787 19.6797 0.000135379 6.15833 0.276102 -9.58658e-05 
461.191 1158.36 52.3713 19.4976 0.00103563 6.17218 0.287714 -0.000220912 
423.582 1517.85 55.3188 19.3149 0.00227994 6.18324 0.299327 -0.000179896 
386.92 1877.86 58.3372 19.1198 0.00364285 6.19226 0.310939 -8.68369e-05 
351.256 2238.28 61.4328 18.9119 -0.000298919 6.19964 0.322551 -3.11442e-05 
316.651 2599.04 64.3621 18.8812 -0.0148633 6.20585 0.334163 -1.56179e-05 
282.443 2960.09 66.6221 19.3469 0.0378885 6.21124 0.345776 -4.65266e-06 
246.675 3321.38 71.28 17.7986 0.371181 6.21332 0.357388 -0.000340236 
216.75 3682.77 91.42 5 0.0899996 4.99757 0.369 0 
216.75 3682.77 91.42 5 0.0899996 4.99757 0.369 0 
269.732 4199.63 106.22 5 -0.460192 -0.0767749 1.15369 0.653768 
325.625 4313.17 77.2898 27.6389 0.340679 6.24234 -0.176775 -0.00258093 
231.858 4929.08 109.13 5 0.125832 6.24035 0.41563 -0.00297873 
287.682 5544.71 126.778 5 0.125832 6.23393 0.41563 -0.00294989 
346.316 6159.84 144.425 5 0.125832 6.227 0.41563 -0.00309424 
407.76 6774.41 162.073 5 0.125832 6.21757 0.41563 -0.00337054 
472.014 7388.23 179.721 5 0.125832 6.20407 0.41563 -0.00391791 
539.078 8000.98 197.369 5 0.125832 6.18312 0.41563 -0.00513436 
608.95 8612.07 215.016 5 0.125832 6.14626 0.41563 -0.00865053 
681.631 9220.22 232.664 5 0.125832 6.06361 0.41563 -0.0403114 
757.117 9821.81 250.312 5 0.125832 5.56836 0.41563 -0.440911 
835.381 10384 267.96 5 0.125829 0.326825 0.41563 -0.11851 
916.125 10529.7 285.607 5 0.125828 -1.41714 0.41563 -0.0053134 
999.568 10536.7 303.254 5 0.125828 -1.51327 0.41563 0.000695352 
1085.82 10536 320.902 5 0.125828 -1.50602 0.41563 0.00012736 
1174.87 10536 338.549 5 0.125828 -1.5054 0.41563 9.41081e-05 
1266.74 10536 356.197 5 0.125828 -1.50534 0.41563 0.000239863 
1361.42 10536 373.844 5 0.125828 -1.50275 0.41563 0.00203571 
1458.91 10536.2 391.492 5 0.125828 -1.47424 0.41563 -0.0139196 
1559.21 10538.7 409.139 5 0.125828 -1.75089 0.41563 -0.0540864 
1662.31 10519.1 426.786 5 0.125827 -3.07809 0.41563 -0.13478 
1768.13 10394.1 444.434 5 0.125821 -5.74758 0.41571 -0.0138159 
1876.59 10057 462.081 5 0.126757 -6.06565 0.399568 -0.00283966 
1987.84 9694.5 479.802 5 -0.0640467 -6.14662 0.778629 -0.000877661 
2102.21 9325.61 477.317 5 -0.0631032 -6.18313 0.762344 -0.00023167 
2216.18 8953.82 469.74 5 -0.0621574 -6.204 0.746039 4.43521e-05 
2328.94 8580.36 462.238 5 -0.0612114 -6.21746 0.729734 0.000173353 
2440.51 8205.84 454.811 5 -0.0602654 -6.22687 0.713428 0.000234229 
2550.89 7830.57 447.46 5 -0.0593194 -6.23382 0.697122 0.000259703 
2660.1 7454.75 440.184 5 -0.0583734 -6.23916 0.680816 0.000265325 
2768.14 7078.5 432.983 5 -0.0574273 -6.2434 0.66451 0.000259265 
2875.04 6701.91 425.857 5 -0.0564813 -6.24684 0.648204 0.000246159 
2980.8 6325.06 418.806 5 -0.0555353 -6.24969 0.631898 0.000228808 
3085.44 5947.97 411.831 5 -0.0545893 -6.25209 0.615592 0.000209001 
3188.97 5570.7 404.93 5 -0.0536432 -6.25414 0.599285 0.000187928 
3291.39 5193.26 398.105 5 -0.0526972 -6.25591 0.582979 0.00016642 
3392.73 4815.68 391.355 5 -0.0517512 -6.25745 0.566673 0.000145076 
3492.99 4437.98 384.68 5 -0.0508051 -6.25881 0.550367 0.000124344 
3592.18 4060.17 378.081 5 -0.0498591 -6.26001 0.534061 0.000104567 
3690.32 3682.26 371.556 5 -0.0489131 -6.26109 0.517755 8.60176e-05 
3787.43 3304.27 365.107 5 -0.047967 -6.26205 0.501449 6.89126e-05 
3883.5 2926.21 358.733 5 -0.047021 -6.26292 0.485143 5.34303e-05 
3978.56 2548.07 352.434 5 -0.046075 -6.26371 0.468837 3.97167e-05 
4072.61 2169.87 346.211 5 -0.0451289 -6.26443 0.45253 2.78928e-05 
4165.67 1791.62 340.062 5 -0.0441829 -6.26509 0.436224 1.80578e-05 
4257.75 1413.31 333.989 5 -0.0432369 -6.2657 0.419918 1.02941e-05 
4348.86 1034.95 327.991 5 -0.0596177 -6.26626 0.403612 4.70665e-06 
4439.04 656.549 320.691 6.04774 -0.611798 -6.26655 0.387306 0.000305485 
4522.26 278.129 269.37 40 -0.0899995 -3.63678 0.369 0 
4522.26 278.129 269.37 40 -0.0899995 -3.63678 0.369 0 
4512.78 269.288 269.098 39.0795 0.712281 -3.27819 -0.188388 1.02859 
4503.56 262.044 272.389 35.5759 1.10058 -2.66623 -0.176776 1.00718 
4495.59 257.525 277.414 30.8555 1.34669 -2.05944 -0.165163 0.985775 
4489.32 255.709 283.551 25.5177 1.4 -1.45782 -0.122138 0.964367 
4485.01 256.571 289.947 20.1583 1.27612 -0.861356 -0.0992706 0.942958 
4482.69 260.09 295.803 15.3806 0.948678 -0.27006 -0.0730284 0.92155 
4482.16 266.242 300.195 11.8545 0.447361 0.316072 -0.0327776 0.900142 
4482.97 275.003 302.327 10.1256 -0.157525 0.897041 0.0469918 0.878734 
4484.47 286.353 301.721 10.4802 -0.745805 1.47284 0.249617 0.857325 
4485.9 300.269 298.441 12.7744 -1.10805 2.04348 0.469332 0.835917 
4486.51 316.727 293.488 16.1819 -1.14877 2.60895 0.517688 0.814509 
4485.87 335.706 288.294 19.6147 -0.993705 3.16925 0.564665 0.7931 
4483.94 357.182 283.739 22.4088 -0.635992 3.72438 0.584897 0.771692 
4480.94 381.132 280.735 23.9016 -0.133743 4.27433 0.551503 0.750283 
4477.35 407.533 279.94 23.6516 0.379695 4.81911 0.462878 0.728873 
4473.79 436.361 281.419 21.6829 0.76453 5.3587 0.3496 0.707461 
4470.91 467.592 284.615 18.4868 0.936658 5.89311 0.255624 0.418683 
4469.19 501.204 288.589 14.8165 0.871786 6.28 0.264842 -0.000975324 
4468.83 536.538 292.292 11.4686 0.657682 6.28 0.329161 -0.000924591 
4469.71 571.871 295.057 8.92813 0.366233 6.28 0.44426 -0.000874686 
4471.54 607.204 296.535 7.42285 0.0934253 6.28 0.543767 -0.000825226 
4473.96 642.536 296.803 6.86165 -0.0960745 6.28 0.586897 -0.000776052 
4476.59 677.868 296.225 6.94549 -0.205457 6.28 0.59653 -0.000727321 
4479.2 713.2 295.155 7.3912 -0.270802 6.28 0.591284 -0.0006793 
4481.64 748.532 293.786 8.04271 -0.319293 6.28 0.579664 -0.000632191 
4483.85 783.865 292.193 8.83877 -0.363901 6.28 0.565867 -0.00058613 
4485.76 819.197 290.392 9.76293 -0.406927 6.28 0.552222 -0.000541209 
4487.32 854.53 288.389 10.8064 -0.442433 6.28 0.539982 -0.000497501 
4488.5 889.863 286.219 11.9402 -0.459637 6.28 0.529632 -0.000455069 
4489.26 925.196 283.961 13.0995 -0.446904 6.28 0.521042 -0.000413987 
4489.58 960.53 281.749 14.1819 -0.395337 6.28 0.513582 -0.000374339 
4489.5 995.864 279.757 15.0578 -0.301941 6.28 0.506304 -0.000336223 
4489.07 1031.2 278.174 15.5915 -0.172548 6.28 0.498223 -0.000299751 
4488.43 1066.53 277.16 15.6712 -0.0239412 6.28 0.488576 -0.000265041 
4487.73 1101.87 276.807 15.2454 0.11604 6.28 0.476883 -0.000232208 
4487.17 1137.2 277.079 14.3583 0.211668 6.28 0.46285 -0.000201354 
4486.93 1172.54 277.782 13.1742 0.226805 6.28 0.44632 -0.000172558 
4487.11 1207.87 278.559 11.9753 0.137067 6.28 0.427592 -0.00014587 
4487.73 1243.2 278.944 11.118 -0.0588973 6.28 0.408119 -0.000121314 
4488.68 1278.54 278.461 10.9526 -0.338097 6.28 0.390636 -9.89035e-05 
4489.71 1313.87 276.733 11.7409 -0.659443 6.28 0.377527 -7.86593e-05 
4490.47 1349.2 273.568 13.5975 -0.97163 6.28 0.368756 -6.06133e-05 
4490.57 1384.54 268.997 16.4595 -1.22213 6.28 0.360913 -4.48124e-05 
4489.63 1419.87 263.288 20.0886 -1.3683 6.28 0.341029 -3.13133e-05 
4487.36 1455.21 256.902 24.1121 -1.39751 6.28 0.32634 -2.01757e-05 
4483.59 1490.54 250.356 28.1407 -1.28477 6.28 0.339012 -1.14473e-05 
4478.32 1525.88 244.282 31.7263 -0.99332 6.28 0.353455 -5.16406e-06 
4471.69 1561.22 239.481 34.3995 -0.53986 6.28 0.370254 -0.000296245 
4464.02 1596.56 236.68 35.513 0.062169 6.0748 0.369 0 
4464.02 1596.56 236.68 35.513 0.062169 6.0748 0.369 0 
4428.88 1734.53 234.958 29.2244 1.4 6.20221 -0.188388 -0.266815 
4402.13 1874.76 257.115 11.1133 0.179775 4.65313 -0.176774 -0.891565 
4402.29 1987.52 258.169 11.5293 -1.4 1.37879 -0.165157 -0.891541 
4402.41 2042.27 231.227 33.1795 -0.54324 -1.91993 0.0752662 -0.805232 
4370.49 2038.62 218.847 35.5493 -0.361532 -5.0673 -0.141939 -0.118317 
4334.66 1979.21 209.619 35.3663 -0.360639 -6.06058 -0.130326 0.005007 
4298.75 1902.21 200.412 35.1833 -0.359747 -6.02388 -0.118714 0.00564782 
4262.77 1825.86 191.225 35.0004 -0.358854 -5.97611 -0.107102 0.00104486 
4226.73 1750.35 182.06 34.8174 -0.357958 -5.96946 -0.0954897 0.000228278 
4190.61 1674.96 172.916 34.6344 -0.357059 -5.97033 -0.0838775 0.00143127 
4154.44 1599.56 163.793 34.4514 -0.356161 -5.95872 -0.0722652 0.00254367 
4118.2 1524.36 154.691 34.2683 -0.355276 -5.93442 -0.060653 0.00304618 
4081.9 1449.59 145.61 34.0853 -0.354415 -5.90302 -0.0490408 0.00314157 
4045.53 1375.38 136.549 33.9028 -0.353554 -5.86839 -0.0374285 0.00319017 
4009.1 1301.78 127.509 33.7206 -0.352618 -5.83019 -0.0258163 0.00339189 
3972.61 1228.85 118.49 33.5378 -0.351546 -5.78495 -0.014204 0.00387566 
3936.06 1156.73 109.496 33.3526 -0.350451 -5.7272 -0.00259178 0.00492486 
3899.45 1085.63 100.527 33.1649 -0.349739 -5.65005 0.00902047 0.00651564 
3862.8 1015.9 91.5749 32.9802 -0.349817 -5.55296 0.0206327 0.00696212 
3826.08 947.887 82.6271 32.8088 -0.350164 -5.45672 0.032245 0.00686419 
3789.3 881.579 73.678 32.6528 -0.348545 -5.31773 0.0438572 0.0186232 
3752.42 817.733 64.762 32.4838 -0.342418 -4.8802 0.0554694 0.0464624 
3715.47 761.638 55.9594 32.2428 -0.334041 -3.96886 0.0670817 0.0756755 
3678.56 721.686 47.312 31.9076 -0.335568 -2.66448 0.0786939 0.0936824 
3641.83 704.84 38.6471 31.6226 -0.362592 -1.12959 0.0903062 0.0964221 
3605.24 715.185 29.5115 31.7256 -0.406156 0.493059 0.101918 0.0846191 
3568.21 754.274 19.6013 32.3948 -0.400794 2.07657 0.113531 0.0619838 
3529.9 821.415 9.7671 32.9055 -0.252513 3.46808 0.125143 0.0360142 
3490.48 913.208 2.54514 31.3496 0.00908581 4.48392 0.136755 0.0158039 
3452.94 1022.99 0.00153634 31.0217 0.0348533 5.03594 0.148367 0.00404247 
3415.77 1142.56 0.00104587 30.8385 0.0357765 5.20208 0.15998 -2.24376e-06 
3378.86 1265.06 0.00104587 30.6548 0.0366503 5.20667 0.171592 -0.000652685 
3342.22 1387.65 0.00104587 30.4716 0.0374158 5.17902 0.183204 -0.000337469 
3305.83 1509.75 0.00104587 30.29 0.0381314 5.16489 0.194816 -6.09817e-05 
3269.7 1631.6 0.00104587 30.1107 0.0390928 5.16579 0.206429 5.8248e-07 
3233.82 1753.46 0.00104587 29.9301 0.0406684 5.17062 0.218041 -2.90958e-05 
3198.21 1875.41 0.00104587 29.74 0.0426212 5.17295 0.229653 -5.16258e-05 
3162.86 1997.4 0.00104587 29.5364 0.0433557 5.17263 0.241265 -4.95674e-05 
3127.79 2119.39 0.00104587 29.3374 0.0406395 5.17161 0.252878 -3.77335e-05 
3093.02 2241.35 0.00104587 29.1889 0.0353031 5.17105 0.26449 -2.67855e-05 
3058.45 2363.31 0.00104587 29.1203 0.0358766 5.17117 0.276102 -1.60861e-05 
3023.98 2485.27 0.00104587 29.0429 0.0556596 5.17241 0.287714 4.37451e-06 
2989.62 2607.25 0.00104587 28.6987 0.092758 5.17845 0.299327 6.02534e-05 
2955.73 2729.33 0.00104587 27.8851 0.102042 5.20671 0.310939 0.000220076 
2922.99 2851.92 1.2389 27.0313 0.00533109 5.3345 0.322551 0.000167148 
2891.54 2976.77 3.79757 27.5704 -0.201923 5.48435 0.334163 1.2714e-05 
2859.5 3104.27 2.66951 30.8314 -0.283655 5.50947 0.345776 -0.000233685 
2822.81 3232.22 0.00100673 34.8085 0.214303 4.78028 0.357388 -8.05948e-05 
2780.2 3347.26 0.994528 28.9291 1.4 3.88266 0.369 0 
