grtopM_101_2
50
2 2
12 12 
0 2 3 10 9 7 1 8 4 6 5 11 
0 2 3 10 9 7 1 8 4 6 5 11 
156.292 104.878 73.7307 37.7043 48.9721 297.293 18.3441 244.186 247.707 89.9441 248.671 
102231 119.238 27.2253 62.5161 93.6544 38.9275 22.5754 105.506 209.505 42.7511 151.247 
3.18964 2.14036 1.50471 0.769475 0.99943 6.0672 0.37437 4.98339 5.05525 1.83559 5.07492 
2086.34 2.43343 0.555618 1.27584 1.91131 0.794439 0.460722 2.15318 4.27561 0.87247 3.08667 
267.456 1.64957 2.09253 0.466168 0.409231 6.45577 0.338273 19.3442 4.03687 6.20169 1.43934 
1.97856e-06 1.01552 0.716675 1.4261e-06 0.410129 0.345924 0.200619 0.843022 3.09694 1.4833 2.69379 
578.78 1210.41 1613.29 22.8643 0.588412 0 0.104494 0 
599.645 1209.28 1345.83 5 -1.39309 2.05117e-09 0 0 
620.51 1210.99 1461.46 5 -1.10567 -0.00383339 0 0 
641.376 1212.71 1442.66 6.5414 -0.918859 -0.00766677 0 0 
662.241 1214.42 1386.8 5.77073 -0.733123 -0.0115002 0 0 
683.106 1216.14 1330.52 5.3853 -0.548471 -0.0153335 0 0 
703.971 1217.85 1273.81 5.19248 -0.364916 -0.0191669 0 0 
724.837 1219.57 1216.65 5.09593 -0.182471 -0.0230003 0 0 
745.702 1221.29 1159.06 5.08375 1.24042 -0.0268337 0 0 
766.567 1223 900.246 5.02315 0.178939 -0.0306671 0 0 
787.432 1224.72 650.439 5.01204 0.400964 -0.0345005 0 0 
808.297 1226.43 411.515 5.00602 0.591044 -0.0383339 0 0 
829.163 1228.15 181.939 5.00301 0.781239 -0.0421673 0 0 
850.028 1229.86 0.131516 5.0015 0.971352 -0.0460007 0 0 
870.893 1231.58 0.0662579 5.00075 1.16147 -0.049834 0 0 
891.758 1233.29 0.033629 5.00038 1.35158 -0.0536674 0 0 
912.623 1235.01 0.0173145 5.00019 1.4 -0.0575008 0 0 
933.489 1236.72 0.00915725 5.00009 1.4 -0.0613342 0 0 
954.354 1238.44 0.00507864 5.00005 1.4 -0.0651676 0 0 
975.219 1240.16 0.00303934 5.00002 1.4 -0.069001 0 0 
996.084 1241.87 0.00201972 5.00001 1.4 -0.0728344 0 0 
1016.95 1243.59 0.00150995 5.00001 1.4 -0.0766678 0 0 
1037.81 1245.3 0.00125516 5 1.4 -0.0805011 0 0 
1058.68 1247.02 0.00112794 5 1.4 -0.0843345 0 0 
1079.54 1248.73 0.0010647 5 1.4 -0.0881679 0 0 
1100.41 1250.45 0.00103381 5 1.4 -0.0920013 0 0 
1121.28 1252.16 0.00101981 5 1.4 -0.0958347 0 0 
1142.19 1253.88 0.00436967 5 1.4 2.45077 0 0 
1384.52 1255.6 0.00293055 5 1.4 1.35048 0 0 
1071.02 1257.31 0.00294404 5 1.4 1.34651 0 0 
757.29 1259.03 0.0010522 5 1.4 -0.119461 0 0 
851.139 1260.74 0.00110457 5 1.4 -0.130328 0 0 
944.419 1262.46 0.001 5 1.4 -0.515452 0 0 
1037.25 1264.17 0.001 5 1.4 -0.521884 0.00439366 0 
1129.68 1265.89 0.00146726 5 1.4 -0.527106 0.0105874 0 
1221.78 1267.6 0.00246056 5 1.4 -0.531238 0.0167812 0 
1313.63 1269.32 0.00444903 5 1.4 -0.534279 0.0229749 0 
1405.28 1271.04 0.00842636 5 1.4 -0.536229 0.0291686 0 
1496.81 1272.75 0.0163801 5 1.4 -0.537089 0.0353624 0 
1588.29 1274.47 0.0322851 5 1.4 -0.536859 0.0415561 0 
1679.79 1276.18 0.064091 5 1.4 -0.535542 0.0477499 0 
1771.37 1277.9 0.127698 5 1.4 -0.533141 0.0539436 0 
1863.1 1279.61 0.254904 5 1.4 -0.529548 0.0601374 0 
1955.07 1281.33 0.509799 5 1.4 -0.15173 0.0663311 0 
2047.33 1283.04 1.0186 5 1.4 -0.144423 0.0725249 0 
2139.99 1284.76 0.001 5 1.4 -0.135716 0.0787186 0 
2233.01 1274.55 0.001 5 1.4 -0.125608 0.0849124 0 
2326.52 926.848 0.001 5 1.4 -0.1141 0.0911061 0 
2420.65 579.142 11.3425 5 1.4 3.09802 0.0972999 0 
2726.98 231.436 73.9457 5 0.09 -0.184003 0.103494 0 
2726.98 231.436 73.9457 5 0.09 -0.184003 0.103494 0 
2744.61 266.789 78.8531 5 -1.21937 0.92607 1.15369 -0.51365 
2763.22 331.787 48.7919 28.0977 0.524649 -0.601803 -0.176776 -1.00641 
2729.83 356.021 64.3186 16.6075 0.628161 -3.73485 -0.165163 -0.745879 
2721.74 296.564 83.1015 5 0.121655 -6.27941 0.432002 0.154955 
2739.71 169.13 88.8544 5 0.121655 -6.25923 0.432002 0.926485 
2757.99 42.2352 94.6072 5 0.121657 -3.27128 0.432002 0.474834 
2776.64 -4.86193 100.36 5 0.121658 -1.36642 0.432002 -0.0133006 
2795.64 -1.08718 106.113 5 0.121658 -1.51537 0.432002 0.00474149 
2814.94 -1.2904 111.866 5 0.121658 -1.51125 0.432002 0.00234446 
2834.55 -1.3836 117.619 5 0.121658 -1.50432 0.432002 0.000788334 
2854.47 -1.29182 123.372 5 0.121658 -1.50256 0.432002 -0.000152572 
2874.7 -1.15295 129.125 5 0.121658 -1.50269 0.432002 -0.000361821 
2895.23 -1.0175 134.878 5 0.121658 -1.50224 0.432002 -0.00140101 
2916.08 -0.87011 140.63 5 0.121658 -1.50681 0.432002 0.00756947 
2937.23 -0.844818 146.383 5 0.121658 -1.51 0.432002 -8.79997e-05 
2958.68 -0.90477 152.136 5 0.121658 -1.51059 0.432002 0.000114137 
2980.45 -0.980447 157.889 5 0.121658 -1.50985 0.432002 0.000202388 
3002.52 -1.03618 163.642 5 0.121658 -1.51013 0.432002 4.28516e-05 
3024.91 -1.09963 169.395 5 0.121658 -1.50993 0.432002 -0.00647625 
3047.6 -1.15756 175.148 5 0.121658 -1.50989 0.432002 0.00658856 
3070.59 -1.21458 180.901 5 0.121658 -1.50981 0.432002 1.2848e-05 
3093.9 -1.26939 186.654 5 0.121658 -1.51051 0.432002 0.000206067 
3117.51 -1.34298 192.407 5 0.121658 -1.50958 0.432002 -0.000383444 
3141.43 -1.39149 198.16 5 0.121658 -1.50978 0.432002 1.18242e-05 
3165.66 -1.44557 203.912 5 0.121658 -1.50859 0.432002 -0.00437262 
3190.2 -1.46773 209.665 5 0.121658 -1.50981 0.432002 0.010386 
3215.04 -1.52254 215.418 5 0.121658 -1.3724 0.432002 -0.0533983 
3240.19 2.09237 221.171 5 0.121657 -1.91966 0.432002 -0.37448 
3265.65 -8.90793 226.924 5 0.121656 -4.00091 0.432002 -0.0330011 
3291.36 -75.4909 232.677 5 0.121656 -3.89556 0.432002 0.405532 
3317.38 -139.261 238.43 5 0.121657 -1.65315 0.432002 0.385137 
3343.77 -143.144 244.183 5 0.121659 0.563055 0.432002 0.363852 
3370.5 -87.8396 249.936 5 0.12166 2.7504 0.432002 0.341968 
3397.59 25.8804 255.689 5 0.121661 4.90708 0.432002 0.133544 
3425.03 197.197 261.442 5 0.121662 6.27826 0.432002 0.0358789 
3452.81 405.134 267.195 5 0.121662 6.27857 0.432002 0.00392696 
3480.9 613.078 272.948 5 0.121662 6.27874 0.432002 -0.0100291 
3509.3 821.028 278.701 5 0.121662 6.27883 0.432002 -0.0147887 
3538 1028.98 284.454 5 0.121662 6.27889 0.432002 -0.0105269 
3567.01 1236.93 290.207 5 0.121662 6.27891 0.432002 -0.006922 
3596.33 1444.89 295.96 5 0.121662 6.2789 0.431993 0.000416426 
3625.96 1652.84 301.713 5 0.121626 6.27885 0.432616 0.000110813 
3655.89 1860.79 307.465 5 0.124074 6.27877 0.390415 -7.41941e-05 
3686.14 2068.74 313.282 5 -0.0419018 6.27861 0.452531 -2.98613e-05 
3716.78 2276.69 311.368 5 -0.0409557 6.27832 0.436224 -0.0112324 
3747.32 2484.63 309.479 5 -0.0400104 4.93083 0.419918 -0.0635648 
3777.72 2656.58 307.615 5 -0.275594 3.19683 0.403612 -0.0420125 
3808.12 2782.22 299.46 9.80587 -1.16822 1.49243 0.387306 -0.000248726 
3828.24 2862.35 267.26 32.0955 -0.09 1.51622 0.369 0 
3828.24 2862.35 267.26 32.0955 -0.09 1.51622 0.369 0 
3796.71 2918.23 263.298 28.7773 1.30506 -0.573982 -0.188388 -1.02859 
3769.66 2935.45 285.593 10.4114 0.551943 -3.73324 -0.176175 -0.345083 
3771.13 2894.6 294.301 5.03512 -1.37503 -6.18553 0.339863 -0.0228553 
3781.69 2807.62 266.992 27.2897 -0.661584 -6.27769 0.2533 0.00111818 
3758.12 2717.17 252.414 32.8713 -0.343651 -6.27999 -0.136761 0.00212075 
3725.22 2626.67 243.631 33.3269 -0.22326 -6.28 -0.130326 0.00226122 
3691.14 2536.18 239.332 32.0018 -0.00645518 -6.28 -0.118714 0.0015166 
3658.85 2445.68 241.018 31.7696 0.00242586 -6.28 -0.107102 0.0014718 
3626.92 2355.18 242.881 31.5771 0.00236734 -6.28 -0.0954898 0.000484194 
3595.35 2264.68 244.733 31.3993 0.000635841 -6.28 -0.0838775 0.000704887 
3564.12 2174.18 246.609 31.2584 -0.00010536 -6.28 -0.0722653 0.0087055 
3533.17 2083.68 248.473 31.1356 0.00666697 -6.28 -0.060653 0.0146654 
3502.48 1993.18 250.505 30.9216 0.0240167 -6.28 -0.0490408 0.00108262 
3472.17 1902.68 252.834 30.4584 0.0354722 -6.28 -0.0374237 0.00219561 
3442.59 1812.18 255.388 29.8966 -0.00207838 -6.28 -0.0243389 0.0112047 
3413.98 1721.67 257.291 29.9027 -0.102814 -6.28 -0.0142041 -0.0224792 
3385.53 1631.17 257.305 31.2687 -0.172077 -6.27999 -0.00259182 0.00320354 
3354.97 1540.67 255.977 33.5435 0.0357056 -6.27934 0.00902067 0.00774558 
3320.68 1452.4 258.481 32.5623 0.699088 -6.2796 0.0206334 -0.00705243 
3287.7 1362.18 273.47 22.2158 1.23364 -6.27956 0.032939 -0.00331433 
3270.66 1271.95 298.64 5.48914 0.21477 -6.27928 0.0981274 -0.00937766 
3284.06 1181.64 305.303 5.29893 0.22067 -6.27999 0.0905018 -0.0191355 
3298.1 1091.11 312.063 5.06008 0.209613 -6.28 0.100109 -0.0155875 
3312.76 1000.58 318.634 5.00071 0.20578 -6.28 0.103164 0.0890595 
3327.78 910.047 325.134 5.00072 0.205778 -6.28 0.103187 0.119374 
3343.07 819.515 331.634 5.00071 0.205689 -6.28 0.104782 -0.000374601 
3358.6 728.984 338.135 5.00069 0.204991 -6.28 0.116425 0.0268337 
3374.37 638.452 344.624 5.00068 0.202196 -6.28 0.127487 0.0626123 
3390.38 547.92 351.1 5.00071 0.102437 -6.28 0.468164 0.16185 
3406.67 457.389 355.71 5.00071 -0.119367 -6.28 0.676005 0.0470588 
3423.22 366.857 352.102 5.00068 -0.119236 -6.28 0.663762 -0.375382 
3439.63 276.325 348.418 5.00073 -0.118294 -6.28 0.647517 0.0185979 
3455.91 185.794 344.75 5.00073 -0.117348 -6.27999 0.631214 0.105934 
3472.04 95.2625 341.099 5.00073 -0.11656 -4.62726 0.614903 0.312984 
3488.07 35.7701 337.467 5.00295 -0.115313 -2.24273 0.598578 0.00813626 
3504.01 21.6399 333.852 5.00073 -0.114507 -1.63338 0.582281 -0.00156554 
3519.81 20.6778 330.255 5.00073 -0.113561 -1.77031 0.565976 0.00302562 
3535.48 14.8369 326.675 5.00073 -0.112615 -1.56685 0.549672 -0.0735593 
3551.02 12.8185 323.113 5.00073 -0.111664 -2.44055 0.533367 -0.0549633 
3566.41 -5.62741 319.569 5.00062 -0.110757 -2.81567 0.517065 0.193673 
3581.66 -31.1164 316.042 5.00073 -0.109796 -0.52309 0.500758 0.172265 
3596.82 -11.7084 312.534 5.00073 -0.108855 1.749 0.484452 0.150857 
3611.88 49.6637 309.042 5.00085 -0.107869 4.00058 0.468144 0.104955 
3626.84 156.335 305.569 5.00076 -0.106934 6.17074 0.451838 -0.00102894 
3641.71 303.75 302.113 5.00073 -0.105994 6.203 0.435532 0.00191538 
3656.45 451.751 298.676 5.00078 -0.104666 6.24594 0.419195 0.00115351 
3671.06 600.128 295.246 5.00073 -0.285339 6.27465 0.402893 8.87037e-06 
3685.61 748.825 288.399 7.6307 -1.39909 6.27976 0.387306 -0.00298343 
3696.19 898.285 260.56 29.9439 -0.0899999 4.31381 0.369 0 
3696.19 898.285 260.56 29.9439 -0.0899999 4.31381 0.369 0 
3682.43 954.321 259.309 28.9306 1.03161 3.8499 -0.188209 -1.02841 
3669.12 1006.42 269.566 20.5846 1.35615 2.93055 -0.176775 -1.007 
3662.52 1049.44 283.107 10.7087 0.827469 1.97742 0.218716 -0.985597 
3663.75 1083.23 291.714 5.00047 0.131923 1.03533 -0.152979 -0.964188 
3669.65 1108.12 293.753 5.00023 -1.39975 0.104094 0.670798 -0.94278 
3676.23 1124.06 281.082 15.8581 -1.3057 -0.816066 0.596642 -0.921372 
3674.25 1131.25 269.106 25.3703 -0.192719 -1.72524 -0.102269 -0.899964 
3664.17 1129.76 267.479 25.7747 -0.161744 -2.62344 -0.083509 -0.878555 
3653.73 1119.71 266.269 25.7945 -0.0674383 -3.51047 -0.0712494 -0.857146 
3643.13 1101.12 266.055 25.1333 0.0451799 -4.36095 -0.0664611 -0.822171 
3633.11 1074.37 266.953 24.4501 0.103253 -5.26451 -0.053105 -0.781 
3623.61 1039.37 268.418 23.383 0.117686 -6.14657 -0.0418894 0.524927 
3614.94 994.972 270.038 22.2718 0.0509809 -6.26724 -0.026268 0.729813 
3607.16 949.413 271.035 21.7114 -0.0936402 -6.27924 -0.0212513 0.00925307 
3599.86 903.739 270.57 22.3037 -0.280396 -6.2799 0.000446342 0.0252865 
3592.15 858.06 268.298 24.2138 -0.380055 -6.27121 0.0106201 -0.042329 
3582.94 812.464 265.108 26.677 -0.290263 -6.27037 0.016255 0.00273188 
3571.77 766.879 262.692 28.3682 0.030634 -6.27039 0.029791 0.00269531 
3559.13 721.294 263.371 27.6001 0.521129 -6.27039 0.0206339 0.0227676 
3546.97 675.709 268.8 23.3156 0.978481 -6.27041 0.0323868 -0.00475727 
3538.12 630.121 278.608 15.9534 1.06931 -6.2704 0.0442327 -0.0567002 
3535.09 584.529 289.46 8.28465 0.52205 -6.2704 0.0826803 -0.0516949 
3538.26 538.932 295.157 5.03326 0.100749 -6.2704 0.518523 -0.0777758 
3544.13 493.333 296.734 5.02035 0.10122 -6.2705 0.517774 -0.0698167 
3550.13 447.733 298.348 5.0051 0.0994374 -6.27642 0.519851 -0.133849 
3556.94 402.076 299.949 5.00293 0.0992667 -6.27981 0.520111 -0.1224 
3563.79 356.519 301.548 5.00205 0.0992738 -6.27981 0.520126 -0.109421 
3570.67 310.961 303.146 5.00116 0.0992218 -6.27981 0.520198 -0.0944128 
3577.58 265.404 304.743 5.00068 0.0991927 -6.27981 0.520234 0.0945088 
3584.53 219.823 306.339 5.00042 0.099171 -6.28 0.52028 0.165429 
3591.5 174.131 307.933 5.00033 0.0991925 -6.2478 0.519883 0.38275 
3598.51 128.749 309.525 5.00025 0.0986364 -5.6573 0.518817 0.363056 
3605.55 89.0674 311.114 5.00414 0.0965495 -5.06744 0.549609 0.343531 
3612.63 55.0173 312.697 5.00018 0.0886884 -4.42031 0.552775 0.251317 
3619.74 27.2972 314.27 5.00127 0.0788139 -3.82187 0.496188 0.218428 
3626.89 5.30858 315.783 5.00204 -0.0315304 -3.24065 0.578342 0.279032 
3634.09 -11.1477 315.462 5.00086 0.0109235 -2.66026 0.565996 0.257898 
3641.28 -22.0861 315.496 5.00439 0.0329426 -2.05764 0.550037 0.23649 
3648.48 -26.6675 315.755 5.01226 0.0216458 -1.46616 0.517997 -0.13997 
3655.68 -25.209 316.024 5.2574 0.0203483 -1.07424 0.498852 -0.186684 
3662.69 -19.9873 316.142 5.73215 0.0139075 -1.43999 0.482615 -0.165466 
3669.3 -18.2808 316.152 5.96526 0.0274356 -1.13949 0.467262 -0.145561 
3675.76 -14.1633 316.332 5.51916 0.0399976 -0.799364 0.449096 0.122072 
3682.55 -7.01323 316.66 5.01673 -0.0142087 -0.314298 0.45231 0.105694 
3689.84 5.0593 316.377 5.00091 -0.155725 0.155923 0.434572 0.084903 
3697.1 22.0913 314.723 6.04492 -0.4594 0.629311 0.415931 0.0633248 
3703.58 43.5584 310.154 9.23626 -1.26208 1.07604 0.383793 0.0402334 
3707.64 69.4269 297.917 18.0487 -1.0571 1.5264 0.367569 5.26821e-05 
3704.72 99.4033 287.51 25.4558 -0.0761816 1.56103 0.369 0 
3704.72 99.4033 287.51 25.4558 -0.0761816 1.56103 0.369 0 
3691.39 138.868 286.141 24.5257 1.04645 1.15337 -0.188388 -1.00524 
3678.67 173.248 298.79 14.1454 1.00453 0.107033 -0.176776 -0.969659 
3676.64 194.572 311.124 5 -0.241436 -0.969755 0.00094285 -0.927501 
3684.35 202.461 308.102 8.32111 -1.4 -1.46269 1.10478 -0.914071 
3688.96 204.205 290.567 20.9382 -0.431612 -2.38931 0.221576 -0.901196 
3680.27 194.404 284.856 23.8285 -0.112025 -3.37041 -0.130327 -0.87776 
3668.46 172.37 283.072 23.6455 -0.111133 -4.32001 -0.118714 -0.846218 
3656.78 138.495 281.303 23.4626 -0.110239 -5.06764 -0.107102 0.789661 
3645.23 95.2955 279.549 23.2796 -0.109345 -4.86843 -0.0954898 0.817382 
3633.82 54.5807 277.81 23.0966 -0.10845 -3.93266 -0.0838776 0.784094 
3622.56 25.5351 276.086 22.9136 -0.107556 -3.21112 -0.0722653 0.762707 
3611.44 5.48714 274.376 22.7306 -0.106664 -2.44005 -0.0606531 0.739475 
3600.47 -4.94537 272.681 22.5477 -0.105772 -1.66444 -0.0490408 0.699362 
3589.66 -5.70582 271.001 22.3647 -0.10488 -1.49884 -0.0374286 0.394687 
3578.98 -4.40132 269.336 22.1818 -0.103985 -1.04394 -0.0258163 -0.67135 
3568.45 2.57582 267.685 21.9989 -0.103085 -1.72393 -0.0142041 -0.653 
3558.05 1.07301 266.05 21.8158 -0.102183 -2.38935 -0.00259184 -0.629944 
3547.79 -8.72792 264.429 21.6327 -0.101286 -2.87511 0.00902041 -0.54012 
3537.66 -24.5866 262.823 21.4496 -0.100405 -3.54673 0.0206327 0.583977 
3527.68 -48.8208 261.232 21.2666 -0.0995413 -2.99412 0.0322449 0.567529 
3517.84 -66.1639 259.655 21.0839 -0.0986797 -2.42733 0.0438571 0.547448 
3508.14 -76.439 258.093 20.9015 -0.0977862 -1.87105 0.0554694 0.527313 
3498.6 -79.7773 256.545 20.719 -0.096828 -1.29732 0.0670816 0.504128 
3489.21 -75.9611 255.013 20.5359 -0.0958107 -0.904068 0.0786939 0.48459 
3479.96 -67.2411 253.498 20.3516 -0.0948125 -0.502113 0.0903061 0.465107 
3470.87 -53.5086 251.998 20.1665 -0.0939701 -0.0946744 0.101918 0.449815 
3461.92 -34.6954 250.513 19.982 -0.0933858 0.484518 0.113531 0.43468 
3453.13 -8.65961 249.039 19.8005 -0.0929772 1.11739 0.125143 0.421411 
3444.49 25.2682 247.573 19.6236 -0.0923803 1.78507 0.136755 0.404632 
3436 67.5221 246.118 19.4489 -0.0910687 2.45351 0.148367 0.378942 
3427.65 118.112 244.684 19.2697 -0.0887778 3.05141 0.15998 0.376637 
3419.45 176.157 243.281 19.0769 -0.0860704 3.71558 0.171592 0.337957 
3411.41 242.485 241.916 18.8676 -0.0845538 4.26656 0.183204 0.326077 
3403.55 315.683 240.574 18.6546 -0.0861488 4.88945 0.194816 0.301313 
3395.88 396.649 239.217 18.4677 -0.0912553 5.48384 0.206429 0.276883 
3388.37 485.027 237.799 18.338 -0.096744 6.06057 0.218041 0.219058 
3380.96 580.597 236.316 18.2645 -0.0958458 6.10451 0.229653 -0.0555681 
3373.59 676.715 234.845 18.1821 -0.0820123 6.10382 0.241265 -0.0448913 
3366.26 772.824 233.549 17.9687 -0.0564902 6.10331 0.252878 -0.000483962 
3359.1 868.927 232.575 17.5242 -0.0349202 6.1034 0.26449 -0.000922266 
3352.36 965.031 231.878 16.9047 -0.0445564 6.10324 0.276102 -0.000742618 
3346.22 1061.13 231.075 16.4206 -0.105603 6.10404 0.287714 0.000367322 
3340.56 1157.24 229.519 16.5486 -0.201313 6.16897 0.299327 0.00099192 
3334.76 1254.16 226.767 17.5679 -0.25886 6.2625 0.310939 -0.00323414 
3327.89 1352.25 223.278 19.044 -0.173518 6.07718 0.322551 -0.0825417 
3319.43 1448.03 220.823 19.584 0.106572 5.62604 0.334163 -0.0611559 
3310.29 1538.18 221.85 17.4164 0.467967 5.19554 0.345776 -0.0398006 
3303.26 1622.96 227.427 11.9898 0.589602 5.14029 0.357388 0.00402213 
3301.75 1707.05 234.63 6.65872 0.09 5.17738 0.369 0 
3301.75 1707.05 234.63 6.65872 0.09 5.17738 0.369 0 
3330.85 2224.07 237.208 9.61236 0.0756213 1.36774 0.0952584 0.0301933 
3354.93 2445.75 238.342 12.5601 -0.410834 -4.95279 -0.176305 -0.0974427 
3349.07 2183.28 214.798 30.4022 -0.222997 -6.28 -0.165163 0.0479864 
3230.91 1821.33 190.988 28.5848 0.141351 -5.2573 -0.121134 0.0306436 
3132.54 1538.48 194.793 19.4437 -0.28462 -6.06641 0.524357 0.0997664 
3090.64 1191.68 180.087 24.2796 0.02267 -4.72248 0.169037 -0.00526051 
3016.87 959.257 175.439 22.9223 -0.246983 -4.79368 0.28405 0.722327 
2951.02 721.473 150.858 24.6764 -0.165462 -5.9631 0.165869 -0.853102 
2870.63 395.313 144.561 21.3001 -0.169532 -5.47185 0.137582 0.114302 
2809.44 106.274 125.715 19.882 -0.133315 -1.96563 0.149994 0.0204536 
2741.71 71.3297 109.793 21.7896 -0.114794 -2.03678 0.093698 0.0341861 
2672.71 39.7625 95.0469 21.7664 0.0117233 -1.87655 0.353401 0.0346225 
2601.41 19.9186 89.897 21.6962 0.0253448 -1.82404 0.274555 0.0134795 
2529.51 4.26389 85.7726 21.1946 0.036182 -1.63197 0.121879 0.0183525 
2460.27 2.35331 82.6171 20.8967 0.0473433 -1.65435 -0.0253787 -0.00864164 
2392.41 -1.05484 80.2847 20.5885 0.0481436 -1.61522 -0.0137664 -0.00840955 
2326.01 -1.54195 78.1098 20.349 0.0634497 -1.61457 -0.00215427 0.0087942 
2260.05 -1.50281 77.1221 19.308 -0.0784203 -1.62213 0.00943591 -0.0174937 
2200.91 -1.58808 78.2694 26.9189 0.0274915 -1.62061 0.0206327 -0.00934515 
2095.81 -1.57332 86.5684 24.53 -0.0277856 -1.64603 0.0326873 0.0107088 
2006.64 -1.56129 90.1391 14.5144 0.160785 -1.48631 0.767354 0.00940428 
1978.4 -1.4897 109.507 6.09208 -0.358995 -1.4891 0.753906 0.558021 
2004.94 -1.61627 89.0465 22.7585 0.00518883 -1.65373 0.288801 -0.538179 
1926.74 -1.47129 83.4366 22.3524 0.254381 -1.65403 0.27383 -0.0159528 
1837.05 -1.35639 109.466 8.45609 0.190003 -1.65395 0.0903061 -0.0167575 
1835.69 -1.30444 132.308 5.73633 -0.0829962 -1.48546 0.709895 0.0161536 
1867.33 -1.2862 134.806 5.28611 0.15627 -1.65416 0.311947 -0.00898072 
1901.87 -1.25591 155.24 5.33078 0.0534161 -1.65303 0.451383 -0.0151903 
1928.96 -1.20311 168.104 5.86664 0.0418642 -1.51592 0.376173 -0.00900058 
1952.55 -1.15053 180.03 6.7297 -0.382315 -1.51355 0.449841 0.00788921 
1976.76 -1.08992 154.142 23.9543 0.288215 -1.63647 0.190259 0.0159624 
1888.22 -0.944144 182.172 7.59633 0.112078 -1.58364 0.643514 -0.0131714 
1903.38 -3.68151 199.213 7.60357 0.00100287 -1.54511 0.405085 0.0109902 
1934.02 -2.02177 207.849 5.31005 0.119658 -1.5456 0.394167 -0.00941277 
1978.96 -5.35504 225.611 5.44866 0.168529 -1.51487 0.224778 -0.00682825 
2026.17 -7.66088 247.192 5 -0.077179 -1.46651 0.581987 0.0205419 
2080 -6.31778 250.227 5 -0.0329753 -1.42552 0.452049 -0.00443226 
2134.22 -1.79472 256.607 5.00043 -0.0493663 -1.27205 0.431256 0.000159824 
2178.85 15.5384 261.732 5.73184 0.0312225 -1.26565 0.445583 0.0876703 
2217.47 38.5602 260.147 5.82606 -0.0783071 -0.89154 0.431217 -0.139182 
2255.48 84.1349 256.565 5.95171 -0.13206 -1.82852 0.500556 0.167519 
2292.2 58.8829 254.423 8.81074 -0.0289714 5.32744 0.302662 0.129617 
2324.35 587.48 249.104 5.00043 -0.145674 4.20394 0.307702 -0.0903947 
2372.14 1018.36 246.898 9.69159 0.129031 3.28373 0.319462 0.010876 
2396.93 1379.69 252.141 6.49449 -0.0835804 5.32623 0.33745 0.0187009 
2430.06 1897.95 241.598 6.76243 -0.0825057 5.90969 0.419573 0.0147283 
2472.8 2470.57 243.986 6.56192 -0.103385 6.27993 0.40324 0.0240534 
2517.17 3071.25 242.413 7.71806 -0.633018 6.27992 0.386859 -0.021144 
2542.32 3671.93 202.97 38.8738 -0.0769625 3.60602 0.369 0 
2542.32 3671.93 202.97 38.8738 -0.0769625 3.60602 0.369 0 
2532.8 3695.78 202.844 37.9348 0.752355 3.26872 -0.188388 -1.02859 
2523.55 3718.05 206.6 34.192 1.14667 2.66577 -0.176776 -1.00718 
2515.71 3737.5 212.225 29.1593 1.38128 2.06823 -0.165163 -0.985776 
2509.77 3754.17 218.984 24.1203 1.4 1.4761 -0.153551 -0.964367 
2505.78 3768.06 225.869 19.1657 1.4 0.889393 -0.141939 -0.942959 
2503.71 3779.21 232.79 14.3595 1.4 0.308101 -0.130327 -0.921551 
2503.5 3787.65 239.747 9.69723 1.20761 -0.267772 -0.118714 -0.900143 
2505.11 3793.39 245.841 5.85819 0.398465 -0.838224 -0.0623166 -0.878735 
2508.29 3796.47 248.183 5 0.139784 -1.40325 0.360841 -0.857327 
2511.84 3796.91 249.324 5 0.139784 -1.96285 0.360841 -0.835918 
2515.39 3794.73 250.465 5 0.139784 -2.51703 0.360841 -0.81451 
2518.96 3789.97 251.605 5 0.139783 -3.06578 0.360841 -0.793102 
2522.53 3782.64 252.746 5 0.139783 -3.60911 0.360841 -0.771694 
2526.11 3772.77 253.887 5 0.139783 -4.14702 0.360841 -0.750286 
2529.7 3760.4 255.027 5 0.139783 -4.6795 0.360841 -0.728878 
2533.3 3745.53 256.168 5 0.139782 -5.20655 0.360841 -0.707469 
2536.91 3728.2 257.309 5 0.139782 -5.72817 0.360841 -0.686061 
2540.53 3708.44 258.449 5 0.139782 -6.24436 0.360842 -0.0449493 
2544.15 3686.26 259.59 5 0.139782 -6.28 0.360842 0.000676127 
2547.79 3663.92 260.731 5 0.139782 -6.28 0.360842 0.000628827 
2551.43 3641.58 261.871 5 0.139782 -6.28 0.360842 0.000591937 
2555.09 3619.24 263.012 5 0.139782 -6.28 0.360842 0.000556681 
2558.76 3596.9 264.153 5 0.139782 -6.28 0.360842 0.000522357 
2562.43 3574.55 265.293 5 0.139782 -6.28 0.360842 0.000488633 
2566.12 3552.21 266.434 5 0.139782 -6.28 0.360842 0.000455488 
2569.82 3529.87 267.575 5 0.139782 -6.28 0.360842 0.000422969 
2573.53 3507.53 268.715 5 0.139782 -6.28 0.360842 0.000391164 
2577.25 3485.19 269.856 5 0.139782 -6.28 0.360842 0.000360127 
2580.99 3462.84 270.996 5 0.139782 -6.28 0.360842 0.000329933 
2584.73 3440.5 272.137 5 0.139782 -6.28 0.360842 0.000300651 
2588.48 3418.16 273.278 5 0.139782 -6.28 0.360842 0.00027235 
2592.24 3395.82 274.418 5 0.139782 -6.28 0.360842 0.0002451 
2596.02 3373.48 275.559 5 0.139782 -6.28 0.360842 0.000218968 
2599.8 3351.14 276.7 5 0.139782 -6.28 0.360842 0.000194021 
2603.6 3328.79 277.84 5 0.139782 -6.28 0.360842 0.000170326 
2607.41 3306.45 278.981 5 0.139782 -6.28 0.360842 0.000147944 
2611.22 3284.11 280.122 5 0.139782 -6.28 0.360842 0.000126939 
2615.05 3261.77 281.262 5 0.139782 -6.28 0.360842 0.000107351 
2618.89 3239.43 282.403 5 0.139782 -6.28 0.360842 8.92854e-05 
2622.74 3217.08 283.544 5 0.139782 -6.28 0.360842 7.27556e-05 
2626.6 3194.74 284.684 5 0.139782 -6.28 0.360842 5.78146e-05 
2630.47 3172.4 285.825 5 0.139782 -6.28 0.360842 4.45083e-05 
2634.35 3150.06 286.966 5 0.139782 -6.28 0.360842 3.28754e-05 
2638.24 3127.72 288.106 5 0.139782 -6.28 0.360841 2.29421e-05 
2642.14 3105.38 289.247 5 0.139782 -6.28 0.360844 1.47167e-05 
2646.06 3083.03 290.387 5 0.139783 -6.28 0.360813 8.16449e-06 
2649.98 3060.69 291.528 5 0.139764 -6.28 0.361155 2.75844e-06 
2653.91 3038.35 292.669 5 0.139982 -6.28 0.357388 0.000325725 
2657.86 3016.01 293.81 5 -0.0177751 -6.08675 0.369 0 
2657.86 3016.01 293.81 5 -0.0177751 -6.08675 0.369 0 
2675.56 2754.47 276.642 6.54309 0.0812512 -0.862866 1.05384 -0.0115482 
2683.56 2807.15 268.074 21.6261 -0.187726 -2.53267 1.13452 0.00310946 
2654.29 2727.98 276.077 12.942 -0.509936 -4.59964 -0.162303 0.0449562 
2640.17 2558.94 264.911 20.6203 -0.537655 -2.94725 1.1046 0.0451495 
2615.93 2492.68 239.832 20.4501 -0.341818 -3.49748 1.08561 0.00721304 
2589.15 2392.2 238.371 17.2214 -0.335205 -2.94754 1.06931 0.00488799 
2578.29 2325.91 237.643 10.7262 0.220432 -4.59954 -0.115862 0.00312919 
2560.23 2156.87 233.424 19.2104 -0.135301 -2.9462 1.0367 0.191481 
2538.6 2090.67 244.928 9.8546 -0.252337 -2.89914 -0.0926403 0.065579 
2526.47 1988.67 239.857 17.7972 -0.450988 -2.99178 -0.0269363 0.174129 
2513.06 1880.94 226.5 17.7767 0.119695 -6.28 -0.0694187 0.00180135 
2497.22 1568.75 254.002 8.23297 -0.378132 -6.28 0.00494133 0.00189266 
2494.29 1256.52 215.793 20.0612 -0.135209 -6.28 0.955177 0.00222505 
2466.05 944.333 227.218 11.4858 -0.24512 -6.28 -0.0345854 0.00280263 
2463.81 632.116 232.663 10.368 -0.140201 -6.27715 0.922565 0.00696999 
2453.64 330.461 206.056 16.1799 -0.146799 -4.63743 0.884983 -0.704624 
2443.62 159.086 217.147 15.895 -0.486355 -4.6043 0.889956 0.473398 
2436.83 -10.2304 207.153 19.3765 -0.136736 -1.30982 0.873652 -0.0186104 
2411.18 -1.10349 218.551 9.93985 -0.0448999 -1.87753 0.0234685 0.0301213 
2415.6 -0.891957 197.912 19.4442 -0.136495 -1.33298 0.841043 -0.0318072 
2388.46 -0.849061 209.318 5.0116 0.120937 -1.70146 0.0466901 0.00123687 
2395.62 -0.749538 199.482 17.445 -0.500702 -1.37947 0.808433 5.44588e-05 
2379.08 -0.686581 188.441 20.4464 -0.127504 -1.51093 0.069913 0.000526335 
2345.74 -0.689195 200.307 10.0458 -0.387699 -1.88046 0.0974831 -0.00111724 
2366 -0.660195 197.03 16.6334 -0.111689 -1.62935 0.103366 0.0126128 
2352.71 -0.631401 210.259 13.1093 0.114405 -1.51122 0.121712 0.00826047 
2319.65 -0.66416 199.209 11.9865 0.110731 -1.44475 0.133837 0.00324972 
2290.83 -0.699602 188.043 11.6141 0.11007 -1.42862 0.144821 0.00112677 
2262.47 -0.740362 176.873 11.5968 0.308784 -1.42898 0.155297 0.000752273 
2232.55 -0.783581 178.061 10.8931 0.360128 -1.45774 0.677996 0.000793763 
2206.23 -0.83311 182.511 11.7978 0.323219 -1.41406 0.661693 0.00080684 
2176 -0.880731 184.576 12.0599 0.342699 -1.39173 0.645388 -0.00613736 
2144.69 -0.953478 187.827 13.1236 -0.180441 -1.4448 0.196229 0.0115844 
2109.14 -2.0841 158.442 6.1096 0.349091 -1.53712 0.539031 -0.0128477 
2104.22 -1.12365 181.625 10.1105 0.331599 -1.28201 0.461879 -0.22745 
2082.28 -2.5694 210.573 13.5295 -0.118042 -2.76147 0.580169 -0.00290213 
2047.4 -74.8256 185.028 19.1677 -0.316823 -2.94226 0.564923 0.255058 
2020.17 -147.524 185.249 10.7833 0.377554 -1.51258 0.513136 0.233658 
1995.26 -124.616 194.366 11.615 0.113744 0.461047 0.531255 0.212247 
1967.77 -17.6727 183.424 18.1095 0.285991 0.617565 0.267297 0.190799 
1937.78 99.0291 182.546 11.5935 0.0960512 4.28834 0.498646 0.169314 
1909.14 443.954 170.506 16.1759 0.138983 5.07108 0.2905 0.147984 
1882.1 837.568 199.367 9.88906 0.402152 6.22894 0.302121 0.0354167 
1863.76 1310.24 206.531 7.20853 -0.22742 -1.63097 0.348372 -0.105227 
1860.06 1325.77 186.246 15.1545 0.5364 -1.32238 0.32536 -0.083839 
1813.31 1360.52 201.233 6.09368 0.0466255 5.78032 0.412402 -0.0624097 
1814.53 1798.2 214.515 8.18893 -0.245411 -3.42995 0.346409 -0.0410032 
1824.26 1701.87 214.648 40 0.893773 6.27938 0.357388 8.84155e-05 
1657.19 2209.4 255.06 5.00004 -0.0872065 1.25447 0.369 0 
1657.19 2209.4 255.06 5.00004 -0.0872065 1.25447 0.369 0 
1699.26 2383.49 255.613 7.2658 -0.524388 -2.77526 1.15369 -0.355736 
1730.3 2303.41 228.362 27.3954 0.434761 -6.28 -0.176776 0.00302936 
1654.76 2002.34 259.576 5 0.125456 -3.61196 0.417086 0.00638835 
1696.89 1869.48 273.544 5 0.125455 -6.28 0.417086 0.0210419 
1740.65 1568.32 287.512 5 0.125455 -6.28 0.417086 0.0165524 
1786.17 1267.16 301.48 5 0.125455 -6.28 0.417086 0.0321723 
1833.46 965.998 315.448 5 0.125455 -6.28 0.417086 0.0210299 
1882.52 664.839 329.416 5 0.125455 -6.28 0.417086 0.365541 
1933.34 363.68 343.384 5 0.125456 -4.32573 0.417086 0.086909 
1986.02 185.79 357.352 5 0.125457 -1.5077 0.417086 0.000876845 
2040.61 185.653 371.32 5 0.125457 -1.51107 0.417086 0.00104771 
2096.96 185.303 385.288 5 0.125457 -1.50176 0.417086 -3.66868e-05 
2155.09 185.541 399.256 5 0.125457 -1.50834 0.417086 4.62857e-05 
2214.97 185.363 413.224 5 0.125457 -1.50516 0.417086 -4.60177e-05 
2276.62 185.387 427.192 5 0.125457 -1.50605 0.417085 0.000300994 
2340.04 185.354 441.16 5 0.12545 -1.5057 0.417212 4.84763e-05 
2405.22 185.343 455.128 5 0.12664 -1.50579 0.396704 -3.15505e-06 
2472.17 185.326 469.17 5 -0.0654693 -1.5242 0.845817 -2.10303e-05 
2541.13 184.148 471.095 5 -0.0684908 -1.48708 0.860184 -2.00264e-05 
2610.34 185.311 464.756 5 -0.0675448 -1.50629 0.843878 4.35913e-05 
2678.75 185.263 458.476 5 -0.0665988 -1.50537 0.827571 6.06569e-06 
2746.36 185.273 452.257 5 -0.0656527 -1.50642 0.811265 -8.21107e-06 
2813.19 185.216 446.096 5 -0.0647067 -1.50509 0.794959 -6.13012e-06 
2879.23 185.243 439.996 5 -0.0637607 -1.50618 0.778653 -9.57811e-06 
2944.5 185.202 433.955 5 -0.0628146 -1.50586 0.762347 -1.54393e-05 
3009.01 185.181 427.973 5 -0.0618686 -1.50606 0.746041 -0.000558191 
3072.76 185.147 422.052 5 -0.0609226 -1.51972 0.729735 -0.00135053 
3135.77 184.252 416.19 5 -0.0599765 -1.55379 0.713429 0.00364219 
3198.02 181.207 410.388 5 -0.0590305 -1.45291 0.697122 -0.00178402 
3259.55 184.526 404.645 5 -0.0580845 -1.50629 0.680816 -1.06729e-05 
3320.35 184.477 398.962 5 -0.0571384 -1.50657 0.66451 -3.91578e-06 
3380.43 184.412 393.339 5 -0.0561924 -1.50639 0.648204 -1.61699e-06 
3439.8 184.357 387.775 5 -0.0552464 -1.50641 0.631898 1.47512e-05 
3498.46 184.301 382.271 5 -0.0543003 -1.50559 0.615592 3.58436e-05 
3556.43 184.297 376.827 5 -0.0533543 -1.50328 0.599286 -0.000146016 
3613.7 184.438 371.443 5 -0.0524083 -1.51151 0.58298 0.00109155 
3670.3 184.06 366.118 5 -0.0514622 -1.4413 0.566673 -0.00170219 
3726.22 188.112 360.853 5 -0.0505162 -1.56792 0.550367 -0.0012064 
3781.48 184.176 355.647 5 -0.0495705 -2.23684 0.534061 0.0162009 
3836.03 138.047 350.501 5 -0.048623 0.685251 0.517755 0.193241 
3890.09 276.234 345.415 5 -0.0476745 5.39997 0.501449 0.0786906 
3943.73 711.811 340.389 5 -0.046728 6.27003 0.485143 -0.00855674 
3996.79 1202.27 335.422 5 -0.0457819 6.26681 0.468837 -5.85411e-05 
4049.21 1692.52 330.515 5 -0.0448359 6.26618 0.452531 -5.23869e-05 
4101.02 2182.74 325.668 5 -0.0438899 6.26635 0.436224 -2.9819e-05 
4152.21 2672.96 320.881 5 -0.0429438 6.26538 0.419918 -0.000244756 
4202.79 3163.13 316.153 5 -0.0726033 5.01354 0.403612 3.19888e-05 
4252.75 3574.33 309.554 6.4687 -0.752358 5.34695 0.387306 -0.0222277 
4295.33 4006.57 259.93 40 -0.09 2.52966 0.369 0 
4295.33 4006.57 259.93 40 -0.09 2.52966 0.369 0 
4251.13 4094.31 259.013 30.9117 0.0562793 4.90019 0.625508 0.585071 
4223.55 4236.32 261.279 20.3716 -0.268349 0.245398 -0.176776 -0.986805 
4215.48 4284.04 261.503 30.2758 0.937559 -2.63239 -0.0448801 -0.460683 
4188.63 4265.93 287.335 5.15814 -0.389794 -6.28 -0.153551 0.917255 
4209.61 4151.84 285.336 19.4256 0.40341 -1.34737 1.08652 -0.429809 
4191.64 4163.15 288.577 7.1259 0.0158559 -1.68008 0.830703 -0.633296 
4196.56 4166.81 291.924 5.12627 0.196034 -3.52482 0.170934 0.51996 
4217.59 4128.23 303.343 8.86231 0.227742 -3.51184 0.861284 -0.157766 
4219.87 4089.95 302.949 5.8051 -0.213464 -3.17189 0.180964 0.263718 
4240.36 4047.05 304.964 5 0.149999 -3.62977 0.105067 -0.0141718 
4262.24 3993.67 315.334 7.12451 0.0579446 -3.81126 0.961735 -0.0135905 
4268.33 3936.14 311.118 5.45974 -0.19051 -3.80482 0.403547 -0.0138883 
4289.8 3878.75 313.671 5 -0.25172 -3.21941 -0.0461883 -0.0715157 
4312.28 3834.76 314.84 5.00167 -0.730564 -6.28 0.938868 0.363398 
4323.87 3720.67 304.46 13.1791 -0.310892 -6.28 -0.0258163 -0.688995 
4330.88 3606.6 303.973 24.7454 1.14544 -6.28 0.8428 -0.176322 
4303.57 3492.54 326.022 5.00002 -0.809069 -2.75211 0.88995 -0.0046344 
4326.87 3466.26 314.416 18.5675 0.561013 -4.15646 0.00983146 0.0804688 
4311.68 3413.23 325.766 14.1002 0.816314 -3.8932 0.101178 0.0126442 
4305.1 3366.22 338.66 5.0223 0.301847 -3.87836 0.815185 0.100133 
4319.35 3319.54 344.784 6.27697 -0.0203759 -0.742032 0.801484 0.236186 
4328.44 3332.3 338.802 5.02496 -0.326957 -6.28 0.784827 -0.237657 
4343.05 3218.21 333.031 5 -0.326685 -2.32033 0.625958 -0.304193 
4366.46 3207.17 331.423 5 -0.217745 -3.4481 0.756429 0.206092 
4389.73 3157.95 333.37 5 -0.325395 -6.28 0.603685 -0.106229 
4413.08 3043.86 332.185 5 -0.333649 -0.217108 0.746003 -0.46413 
4436.49 3076.37 330.543 5 -0.391251 -6.28 0.438769 -0.168713 
4459.75 2962.28 328.516 6.66139 0.123386 -3.11605 0.353855 0.422996 
4472.17 2933.05 334.086 6.274 0.0451036 -4.1283 0.163813 0.103553 
4480.68 2880.65 334.303 6.0959 0.363077 -3.88241 0.620376 -0.00738275 
4489.39 2821.49 340.782 6.32201 0.359532 -3.87102 0.598591 0.21763 
4497.98 2762.59 347.052 6.59817 0.213355 -2.49027 0.472796 -0.339846 
4506.45 2735.31 346.411 6.94897 0.18848 -3.51476 0.211766 -0.0173787 
4514.24 2696.96 345.187 7.27425 -0.0751897 -3.46286 0.216935 0.301001 
4521.49 2659.79 337.913 7.13949 0.0122534 -6.28 0.229715 0.276782 
4528.57 2545.71 332.646 6.91825 0.0103965 -3.38656 0.241313 0.0114599 
4535.87 2497.9 327.345 6.65335 0.00832104 -4.00349 0.252711 -0.00484634 
4543.39 2435.97 322.006 6.24384 -0.0826428 -3.72726 0.264028 -0.00340975 
4551.47 2380.36 314.598 5 -0.321355 -3.80857 0.534061 -0.00613107 
4571.01 2322.88 301.769 5 -0.304952 -3.82966 0.310953 -0.00829109 
4592.95 2264.92 301.719 5 -0.239207 -3.53363 0.486142 0.00617925 
4614.86 2226.12 303.175 5 -0.366187 -5.45387 0.485024 -0.00911522 
4636.86 2143.34 292.911 5.83078 -0.276982 -6.28 0.468357 -0.0254862 
4656.81 2029.25 289.451 5 -0.320133 -6.28 0.446396 0.0881435 
4678.15 1915.16 288.236 5.06732 0.188385 -6.28 0.412943 0.00141013 
4688.46 1801.07 287.085 5.20005 0.0438136 -5.32034 0.393941 -0.000456263 
4696.77 1708.97 282.612 5.35603 0.186481 -3.5266 0.375899 5.0854e-05 
4704.55 1670.35 281.402 5.01619 -0.899654 -3.72347 0.377031 3.56497e-05 
4718.35 1627.21 267.323 15.2522 -0.000956846 -5.54856 0.369 0 
4718.35 1627.21 267.323 15.2522 -0.000956846 -5.54856 0.369 0 
4702.62 1376.73 266.808 14.6329 0.21181 -4.56275 0.0180011 -0.598579 
4689.75 1188.67 279.829 5 -0.40382 -6.28 1.02489 0.241339 
4728.1 891.832 254.845 23.3075 -0.107774 -6.27999 -0.165163 0.0255231 
4670.01 595.068 246.748 23.1246 -0.10688 -6.00213 -0.153551 -0.0234599 
4611.84 315.898 238.727 22.9416 -0.105987 -5.98736 -0.141939 0.792438 
4553.58 37.6617 230.781 22.7586 -0.105091 -2.2592 -0.130327 0.159595 
4495.42 -4.4994 222.911 22.5757 -0.104197 -1.58594 -0.118714 -0.00233352 
4437.23 -4.02879 215.115 22.3927 -0.103304 -1.59518 -0.107102 0.000441132 
4378.97 -4.14395 207.395 22.2097 -0.10241 -1.5931 -0.0954898 1.87486e-05 
4320.67 -4.12805 199.749 22.0267 -0.101517 -1.59311 -0.0838776 -0.00383695 
4262.32 -4.11354 192.179 21.8438 -0.100623 -1.60988 -0.0722653 0.00955053 
4203.93 -5.16155 184.684 21.6608 -0.09973 -1.56792 -0.0606531 -0.013746 
4145.53 -3.55355 177.265 21.4778 -0.0988365 -1.62909 -0.0490408 0.0175663 
4087.1 -5.81941 169.92 21.2949 -0.097943 -1.55015 -0.0374286 -0.00937435 
4028.68 -3.08739 162.65 21.1119 -0.0970495 -1.59287 -0.0258163 -0.000736466 
3970.26 -3.06122 155.456 20.9289 -0.096156 -1.59625 -0.0142041 0.000523857 
3911.86 -3.25002 148.337 20.7459 -0.0952625 -1.59386 -0.00259184 0.0005732 
3853.47 -3.28844 141.293 20.563 -0.094369 -1.59119 0.00902041 -0.000145666 
3795.12 -3.15843 134.324 20.38 -0.0934755 -1.59195 0.0206327 -2.73756e-05 
3736.82 -3.07736 127.43 20.197 -0.092582 -1.59214 0.0322449 8.883e-05 
3678.57 -3.00909 120.612 20.0141 -0.0916885 -1.59163 0.0438571 -0.00786302 
3620.38 -2.90874 113.868 19.8311 -0.090795 -1.63238 0.0554694 0.013994 
3562.26 -5.38989 107.2 19.6481 -0.0899015 -1.55848 0.0670816 -0.00596225 
3504.22 -3.19243 100.607 19.4651 -0.089008 -1.59099 0.0786939 -0.000155207 
3446.27 -3.05395 94.0886 19.2822 -0.0881145 -1.59164 0.0903061 -0.00459562 
3388.43 -2.95753 87.6458 19.0992 -0.087221 -1.61834 0.101918 0.00797115 
3330.69 -4.55276 81.278 18.9162 -0.0863275 -1.57077 0.113531 -0.00348792 
3273.07 -3.136 74.9855 18.7333 -0.085434 -1.5926 0.125143 -1.81688e-05 
3215.58 -3.10247 68.7681 18.5503 -0.0845405 -1.59262 0.136755 -2.00619e-06 
3158.23 -3.07081 62.6258 18.3673 -0.083647 -1.59267 0.148367 5.9957e-07 
3101.03 -3.04353 56.5587 18.1843 -0.0827535 -1.59274 0.15998 3.81739e-05 
3043.99 -3.02088 50.5667 18.0014 -0.08186 -1.5925 0.171592 6.77675e-05 
2987.11 -2.98417 44.6498 17.8184 -0.0809665 -1.59204 0.183204 0.000185205 
2930.41 -2.9191 38.8082 17.6354 -0.0800734 -1.5906 0.194816 0.000904678 
2873.89 -2.76359 33.0416 17.4525 -0.079181 -1.58188 0.206429 -0.00228982 
2817.58 -2.05618 27.3501 17.2696 -0.0782775 -1.60567 0.218041 0.00116702 
2761.46 -2.85655 21.7344 17.0862 -0.0773353 -1.59212 0.229653 1.62987e-05 
2705.56 -2.79939 16.197 16.9006 -0.0766621 -1.59222 0.241265 2.87005e-06 
2649.9 -2.74943 10.721 16.7267 -0.0775362 -1.59227 0.252878 0.000342901 
2594.43 -2.70329 5.20736 16.6342 -0.0728313 -1.58438 0.26449 -0.000106188 
2538.73 -2.15758 0.001 16.362 -0.0141278 -1.58787 0.276102 -0.000239512 
2483.66 -1.83428 0.001 16.179 -0.0132435 -1.59476 0.287714 0.000111101 
2429.53 -1.94759 0.001 15.9965 -0.012379 -1.59134 0.299327 -3.16947e-05 
2376.32 -1.84544 0.001 15.8152 -0.0112588 -1.59254 0.310939 -4.94532e-06 
2324.03 -1.82017 0.001 15.6222 -0.0091671 -1.59221 0.322551 -9.76455e-05 
2272.72 -1.77433 0.001 15.3757 -0.0131376 -1.60248 0.334163 0.000296145 
2222.66 -2.37969 1.06561 15.3897 -0.0548793 -1.55805 0.345776 0.00041662 
2172.72 -0.171743 0.001 17.3764 0.0247308 -1.42924 0.357388 7.12508e-05 
2112.47 10.2005 0.897171 13.3002 1.4 -1.34474 0.369 0 
578.78 1210.41 1613.29 22.8643 0.588412 0 0.104494 0 
578.78 1210.41 1613.29 22.8643 0.58841 -1.71185e-06 0.104493 5.63573e-05 
578.712 1210.46 1613.21 22.8995 0.586267 0.0505785 0.104207 -0.000173754 
2581.49 1328.32 1568.81 23.031 0.584204 0.0568237 0.103136 -0.000391537 
2516.46 1728.96 1594.83 22.9339 0.586657 0.0236658 0.103927 -0.000163522 
2492.54 1896.2 1605.77 22.8927 0.587697 0.00964144 0.104263 -6.6608e-05 
2482.98 1964.32 1610.23 22.8758 0.588121 0.00392997 0.1044 -2.7092e-05 
2479.14 1992.03 1612.03 22.869 0.588292 0.00162357 0.104455 -1.1148e-05 
2477.58 2003.43 1612.76 22.8663 0.588362 0.000687247 0.104478 -4.61015e-06 
2476.96 2008.15 1613.03 22.8652 0.588389 0.000332052 0.104486 -2.15465e-06 
2476.72 2010.35 1613.15 22.8648 0.588399 0.000187513 0.10449 -1.14603e-06 
2476.62 2011.52 1613.19 22.8646 0.588403 0.00013242 0.104491 -7.50092e-07 
2476.57 2012.28 1613.2 22.8646 0.588405 0.000115779 0.104492 -6.20507e-07 
2476.56 2012.92 1613.2 22.8645 0.588405 0.000114467 0.104492 -5.94646e-07 
2476.55 2013.52 1613.2 22.8646 0.588405 0.000120239 0.104492 -6.15969e-07 
2476.55 2014.15 1613.19 22.8646 0.588404 0.000129553 0.104491 -6.5986e-07 
2476.54 2014.83 1613.18 22.8646 0.588403 0.000141022 0.104491 -7.14821e-07 
2476.54 2015.56 1613.17 22.8646 0.588403 0.000154818 0.104491 -7.83316e-07 
2476.54 2016.35 1613.16 22.8647 0.588402 0.000170498 0.104491 -8.60747e-07 
2476.54 2017.23 1613.15 22.8647 0.588401 0.000188485 0.10449 -9.50507e-07 
2476.54 2018.2 1613.13 22.8647 0.588399 0.000208766 0.10449 -1.04846e-06 
2476.54 2019.27 1613.11 22.8648 0.588398 0.000232866 0.10449 -1.16756e-06 
2476.53 2020.46 1613.09 22.8648 0.588396 0.000260479 0.104489 -1.30312e-06 
2476.53 2021.79 1613.07 22.8649 0.588394 0.000292457 0.104489 -1.45857e-06 
2476.53 2023.28 1613.04 22.865 0.588392 0.000330076 0.104488 -1.641e-06 
2476.52 2024.96 1613.01 22.8651 0.588389 0.000374492 0.104488 -1.85542e-06 
2476.52 2026.85 1612.96 22.8652 0.588386 0.000427307 0.104487 -2.10899e-06 
2476.51 2029 1612.92 22.8653 0.588383 0.000490631 0.104486 -2.41129e-06 
2476.51 2031.46 1612.86 22.8654 0.588378 0.00056721 0.104485 -2.77419e-06 
2476.5 2034.29 1612.79 22.8656 0.588372 0.000660832 0.104483 -3.21452e-06 
2476.49 2037.57 1612.7 22.8658 0.588366 0.000776542 0.104481 -3.75398e-06 
2476.47 2041.4 1612.59 22.8661 0.588357 0.000921351 0.104479 -4.42188e-06 
2476.46 2045.91 1612.45 22.8664 0.588347 0.0011053 0.104477 -5.26037e-06 
2476.43 2051.28 1612.27 22.8668 0.588333 0.00134272 0.104473 -6.3274e-06 
2476.41 2057.73 1612.03 22.8674 0.588315 0.00165487 0.104469 -7.70833e-06 
2476.37 2065.6 1611.71 22.8681 0.588291 0.00207359 0.104463 -9.52849e-06 
2476.31 2075.32 1611.27 22.869 0.588259 0.0026474 0.104455 -1.19795e-05 
2476.24 2087.54 1610.66 22.8703 0.588215 0.00345009 0.104445 -1.53579e-05 
2476.13 2103.21 1609.79 22.8722 0.588151 0.00459205 0.10443 -2.01374e-05 
2475.97 2123.75 1608.55 22.8749 0.58806 0.00622709 0.104408 -2.70884e-05 
2475.75 2151.38 1606.8 22.8789 0.587927 0.00852856 0.104374 -3.74621e-05 
2475.46 2189.6 1604.5 22.8853 0.587739 0.0115486 0.104323 -5.31583e-05 
2475.17 2243.85 1602.08 22.895 0.587497 0.0147322 0.104243 -7.59628e-05 
2475.15 2321.37 1601.34 22.9072 0.587292 0.0157353 0.104145 -0.000101908 
2476 2425.38 1606.51 22.9097 0.587479 0.0089638 0.104124 -0.000101372 
2478.22 2528.79 1621.98 22.8625 0.588815 -0.0113794 0.104508 1.3153e-05 
2479.87 2515.04 1635.92 22.6992 0.591754 -0.029989 0.105838 0.000366242 
2470.19 2139.97 1577.29 22.3956 0.593623 0.0458293 0.108309 0.000943548 
2411.15 1188.61 1241.34 22.1636 0.582288 0.497326 0.110122 -0.000975781 
2744.99 134.652 186.881 22.6292 1.1608e-05 0.0857935 0.103494 0 
2744.99 134.652 186.881 22.6292 1.1608e-05 0.0857935 0.103494 0 
2721.35 183.934 188.01 21.5315 0.694466 1.09679 -0.188388 1.00089 
2700.04 263.91 210.279 5 0.0734561 3.74907 0.621239 0.921399 
2720.75 424.386 214.496 5 0.0734574 6.17884 0.621239 -0.0177798 
2741.77 658.637 218.713 5 0.0734574 6.20485 0.621239 -0.00612726 
2763.05 893.677 222.93 5 0.0734574 6.20086 0.621239 -0.00560762 
2784.59 1128.6 227.147 5 0.0734574 6.19699 0.621239 -0.00570457 
2806.39 1363.4 231.364 5 0.0734574 6.19272 0.621239 -0.00581011 
2828.44 1598.07 235.582 5 0.0734574 6.18801 0.621239 -0.00593736 
2850.75 1832.6 239.799 5 0.0734574 6.18275 0.621239 -0.00609399 
2873.31 2066.97 244.016 5 0.0734574 6.17685 0.621239 -0.00628594 
2896.13 2301.16 248.233 5 0.0734574 6.17019 0.621239 -0.00652162 
2919.21 2535.15 252.45 5 0.0734573 6.16261 0.621239 -0.00681348 
2942.54 2768.91 256.668 5 0.0734573 6.15389 0.621239 -0.00718157 
2966.13 3002.4 260.885 5 0.0734573 6.14376 0.621239 -0.00765336 
2989.97 3235.59 265.102 5 0.0734573 6.13181 0.621239 -0.00820876 
3014.08 3468.41 269.319 5 0.0734573 6.11769 0.62124 -0.00868195 
3038.43 3700.81 273.536 5 0.0734573 6.10176 0.62124 -0.00993232 
3063.05 3932.72 277.754 5 0.0734572 6.0822 0.62124 -0.0156778 
3087.92 4164.03 281.971 5 0.0734572 6.04392 0.62124 -0.0183997 
3113.05 4394.19 286.188 5 0.0734572 5.99261 0.62124 0.00387669 
3138.43 4622.78 290.405 5 0.0734572 6.01462 0.62124 -0.127 
3164.07 4852.05 294.622 5 0.0734569 5.5941 0.62124 -0.300054 
3189.95 5068.54 298.839 5 0.0734563 4.56073 0.621241 -0.377915 
3216.07 5253.66 303.057 5 0.0734556 3.2269 0.621241 -0.40063 
3242.41 5398.29 307.274 5 0.0734547 1.77812 0.621242 -0.398064 
3268.97 5498.92 311.491 5 0.0734538 0.300201 0.621243 -0.381721 
3295.75 5554.67 315.708 5 0.0734513 -1.15961 0.621271 -0.354556 
3322.76 5566.11 319.925 5 0.0735637 -2.56327 0.619312 -0.314321 
3349.98 5534.92 324.145 5 0.0647556 -3.86284 0.641976 -0.253058 
3377.44 5464.27 328.098 5 -0.0179251 -4.97599 0.680801 -0.159231 
3405.16 5359.83 327.51 5 -0.0169804 -5.75691 0.664503 -0.0456071 
3432.83 5231.67 326.95 5 -0.0160348 -6.04551 0.648199 0.00128981 
3460.45 5094.76 326.419 5 -0.018219 -6.01983 0.631894 0.0155299 
3488.05 4958.62 325.821 5.07231 -0.0258839 -5.89123 0.615592 -0.0222126 
3515.44 4826.38 324.988 5.32923 -0.0271367 -6.05125 0.599286 -0.00766327 
3542.15 4689.29 324.104 5.5861 -0.0283911 -6.10514 0.58298 -0.00103173 
3568.18 4550.56 323.169 5.84297 -0.029664 -6.12701 0.566673 -0.000364909 
3593.53 4411.17 322.183 6.10027 -0.030954 -6.13584 0.550367 -0.000631505 
3618.19 4271.51 321.145 6.35832 -0.0321356 -6.14598 0.534061 -0.000429024 
3642.17 4131.55 320.059 6.61446 -0.0329994 -6.15592 0.517755 -0.000219406 
3665.45 3991.28 318.934 6.86172 -0.0341058 -6.16445 0.501449 -0.000101212 
3688.07 3850.75 317.764 7.10747 -0.0379974 -6.1718 0.485143 -3.90881e-05 
3710.02 3710 316.463 7.41635 -0.0450106 -6.17827 0.468837 -6.54639e-06 
3731.14 3569.06 314.935 7.84798 -0.0368753 -6.18402 0.452531 8.40379e-06 
3751.11 3427.94 313.632 8.02813 0.0211721 -6.18916 0.436224 1.26093e-05 
3770.53 3286.67 314.084 6.85357 0.0550098 -6.19377 0.419918 1.14689e-05 
3792.82 3145.25 315.62 5.1516 -0.324162 -6.19779 0.403612 3.57488e-05 
3819.57 3003.71 305.725 12.5673 -1.25326 -6.1922 0.387306 0.000626828 
3828.24 2862.35 267.26 40 -0.0899998 -5.66862 0.369 0 
3828.24 2862.35 267.26 40 -0.0899998 -5.66862 0.369 0 
3812.69 2833.23 265.95 38.4095 1.00026 -6.28 -0.188388 0.000799933 
3797.85 2799.87 272.217 31.3128 1.4 -6.28 -0.128411 0.000776985 
3786.99 2766.51 281.334 22.4104 1.39934 -6.28 0.431452 0.000751407 
3781.19 2733.15 290.546 13.7435 1.39854 -6.28 -0.129228 0.0007259 
3780.34 2699.78 299.849 5.64753 0.248481 -6.28 0.368173 0.000693757 
3784.28 2666.41 301.269 5.00619 -0.106507 -6.28 0.863378 0.000666696 
3788.64 2633.03 300.236 5.00686 -0.105456 -6.28 0.849176 0.000641844 
3792.99 2599.66 299.211 5.00686 -0.104685 -6.28 0.83611 0.000617136 
3797.32 2566.29 298.192 5.00686 -0.103908 -6.28 0.822997 0.000592595 
3801.64 2532.91 297.178 5.00686 -0.103129 -6.28 0.809858 0.000568239 
3805.94 2499.54 296.171 5.00686 -0.10235 -6.28 0.7967 0.000544091 
3810.23 2466.17 295.169 5.00686 -0.10157 -6.28 0.78353 0.000520171 
3814.5 2432.79 294.173 5.00686 -0.100789 -6.28 0.770352 0.000496502 
3818.76 2399.42 293.183 5.00686 -0.100008 -6.28 0.757173 0.000473105 
3823.01 2366.05 292.199 5.00686 -0.0992266 -6.28 0.743999 0.000450004 
3827.25 2332.67 291.221 5.00686 -0.0984461 -6.28 0.730834 0.000427221 
3831.47 2299.3 290.249 5.00686 -0.0976663 -6.28 0.717685 0.00040478 
3835.67 2265.93 289.283 5.00686 -0.0968876 -6.28 0.704556 0.000382703 
3839.86 2232.55 288.323 5.00686 -0.0961104 -6.28 0.691453 0.000361015 
3844.04 2199.18 287.368 5.00686 -0.0953348 -6.28 0.678382 0.000339739 
3848.21 2165.81 286.42 5.00686 -0.0945613 -6.28 0.665348 0.000318899 
3852.36 2132.43 285.477 5.00686 -0.0937902 -6.28 0.652357 0.00029852 
3856.5 2099.06 284.54 5.00686 -0.0930217 -6.28 0.639414 0.000278624 
3860.63 2065.69 283.609 5.00686 -0.0922563 -6.28 0.626526 0.000259236 
3864.74 2032.32 282.684 5.00686 -0.0914944 -6.28 0.613698 0.00024038 
3868.84 1998.94 281.765 5.00686 -0.0907362 -6.28 0.600938 0.000222078 
3872.93 1965.57 280.851 5.00686 -0.0899823 -6.28 0.588253 0.000204354 
3877.01 1932.2 279.943 5.00686 -0.089233 -6.28 0.575649 0.000187231 
3881.07 1898.82 279.041 5.00686 -0.0884889 -6.28 0.563137 0.000170732 
3885.12 1865.45 278.145 5.00686 -0.0877505 -6.28 0.550724 0.000154878 
3889.15 1832.08 277.254 5.00686 -0.0870183 -6.28 0.538421 0.000139691 
3893.18 1798.7 276.369 5.00686 -0.0862931 -6.28 0.526239 0.000125192 
3897.19 1765.33 275.49 5.00686 -0.0855755 -6.28 0.514192 0.0001114 
3901.19 1731.96 274.616 5.00686 -0.0848666 -6.28 0.502294 9.83367e-05 
3905.18 1698.58 273.747 5.00686 -0.0841672 -6.28 0.490563 8.60192e-05 
3909.15 1665.21 272.884 5.00686 -0.0834786 -6.28 0.47902 7.44657e-05 
3913.12 1631.84 272.026 5.00686 -0.0828023 -6.28 0.467689 6.36931e-05 
3917.07 1598.46 271.174 5.00686 -0.0821401 -6.28 0.4566 5.37175e-05 
3921.01 1565.09 270.326 5.00686 -0.0814942 -6.28 0.44579 4.45536e-05 
3924.93 1531.72 269.484 5.00686 -0.0808667 -6.28 0.435304 3.62153e-05 
3928.85 1498.35 268.646 5.00686 -0.0802597 -6.28 0.425196 2.87153e-05 
3932.75 1464.97 267.814 5.00687 -0.0796775 -6.28 0.415534 2.2065e-05 
3936.65 1431.6 266.986 5.00687 -0.0791269 -6.28 0.40641 1.62747e-05 
3940.53 1398.23 266.162 5.00687 -0.0786244 -6.28 0.397925 1.13533e-05 
3944.4 1364.85 265.342 5.00687 -0.0781852 -6.28 0.390205 7.30848e-06 
3948.26 1331.48 264.526 5.00687 -0.0777707 -6.28 0.383399 4.14658e-06 
3952.1 1298.11 263.714 5.00684 -0.0775523 -6.28 0.376762 1.87254e-06 
3955.94 1264.73 262.903 5.00769 -0.298769 -6.28 0.37867 0.000227716 
3959.79 1231.36 260.56 6.93396 -0.0763222 -5.87175 0.369 0 
3959.79 1231.36 260.56 6.93396 -0.0763222 -5.87175 0.369 0 
3966.83 1162.87 259.805 8.19211 -0.914032 -5.87449 1.02544 0.694853 
3972.5 1094.34 245.682 19.0044 0.0145347 -5.2658 0.0366686 0.582449 
3963.65 1035.52 246.065 18.1435 0.205257 -4.75565 0.00248448 0.487704 
3955.85 984.809 249.507 15.086 0.181289 -4.32854 0.130277 0.406468 
3952.08 940.898 252.645 12.5462 0.00052769 -3.97265 0.336156 0.337244 
3951.7 902.65 252.97 12.3145 -0.0703489 -3.67743 0.388403 0.278895 
3951.66 869.101 252.172 12.9285 -0.0506122 -3.43337 0.35165 0.230197 
3950.81 839.438 251.674 13.2656 -0.026032 -3.232 0.323991 0.189845 
3949.5 812.981 251.558 13.2895 -0.0168396 -3.06601 0.318588 0.156556 
3948.16 789.166 251.587 13.2033 -0.0170652 -2.92921 0.323245 0.129155 
3946.93 767.529 251.615 13.1256 -0.019202 -2.81643 0.328639 0.106612 
3945.81 747.688 251.612 13.078 -0.0201979 -2.72341 0.332105 0.0880554 
3944.75 729.327 251.593 13.045 -0.0201098 -2.64667 0.334338 0.0727618 
3943.73 712.188 251.577 13.0128 -0.019695 -2.58333 0.336351 0.0601389 
3942.75 696.057 251.568 12.9774 -0.0193602 -2.53106 0.338541 0.0497044 
3941.81 680.758 251.566 12.9402 -0.019153 -2.48793 0.340882 0.0410673 
3940.93 666.145 251.568 12.9026 -0.0190026 -2.45238 0.343262 0.0339102 
3940.09 652.099 251.573 12.8655 -0.0188579 -2.42311 0.345621 0.0279758 
3939.3 638.518 251.581 12.8288 -0.0187077 -2.39904 0.347949 0.0230546 
3938.56 625.321 251.593 12.7925 -0.018559 -2.37928 0.350252 0.0189755 
3937.86 612.438 251.608 12.7565 -0.0184193 -2.3631 0.352531 0.0155985 
3937.21 599.813 251.626 12.7209 -0.0182919 -2.34988 0.354782 0.0128081 
3936.61 587.398 251.647 12.6859 -0.0181773 -2.33911 0.356996 0.010509 
3936.05 575.155 251.671 12.6516 -0.0180755 -2.33035 0.359167 0.0086217 
3935.54 563.051 251.697 12.6181 -0.0179879 -2.32325 0.361286 0.00707971 
3935.07 551.06 251.725 12.5855 -0.0179172 -2.3175 0.363344 0.00582703 
3934.65 539.16 251.756 12.554 -0.0178665 -2.31285 0.365334 0.00481614 
3934.26 527.334 251.788 12.5238 -0.0178355 -2.30909 0.367248 0.00400652 
3933.92 515.569 251.821 12.495 -0.0178175 -2.30603 0.369074 0.00336336 
3933.61 503.852 251.856 12.4676 -0.0178035 -2.30354 0.370804 0.00285661 
3933.34 492.174 251.891 12.4417 -0.0177994 -2.3015 0.372425 0.00246023 
3933.1 480.529 251.927 12.4173 -0.0178474 -2.2998 0.373921 0.00215159 
3932.89 468.911 251.963 12.395 -0.0180136 -2.29837 0.375285 0.00191106 
3932.72 457.316 251.997 12.376 -0.0183019 -2.29715 0.376512 0.00172164 
3932.57 445.74 252.026 12.3617 -0.0185278 -2.2961 0.377598 0.00156871 
3932.44 434.181 252.053 12.3508 -0.0183318 -2.29519 0.378529 0.00143991 
3932.32 422.637 252.083 12.338 -0.0175694 -2.29438 0.379266 0.00132498 
3932.22 411.105 252.125 12.3168 -0.0169993 -2.29368 0.379762 0.00121569 
3932.15 399.584 252.177 12.2905 -0.0184608 -2.29307 0.380009 0.00110582 
3932.11 388.073 252.206 12.2845 -0.0232715 -2.29256 0.380067 0.000991079 
3932.09 376.57 252.159 12.3373 -0.0287604 -2.29215 0.380024 0.000869176 
3932 365.074 252.023 12.4512 -0.0262814 -2.29184 0.379865 0.000739748 
3931.75 353.583 251.924 12.5233 -0.00705796 -2.29165 0.379407 0.000604386 
3931.41 342.095 252.129 12.3554 0.0215951 -2.29158 0.378446 0.000466624 
3931.28 330.608 252.794 11.8586 0.0221111 -2.29163 0.377004 0.000331929 
3931.8 319.119 253.48 11.4081 -0.0557322 -2.2918 0.375413 0.000207689 
3932.94 307.627 252.939 11.9483 -0.203835 -2.29208 0.373921 0.000103199 
3933.43 296.132 250.026 14.2272 -0.271246 -2.29244 0.3722 2.96387e-05 
3930.93 284.633 245.982 17.0874 0.00219538 -2.29287 0.369 0 
3930.93 284.633 245.982 17.0874 0.00219538 -2.29287 0.369 0 
3921.7 267.808 245.925 16.3798 0.628791 -1.90045 -0.188388 -0.915305 
3913.51 260.341 260.838 5 -0.9075 -3.38301 0.942606 -0.928006 
3928.5 217.499 239.549 22.0726 -0.122715 -4.91554 -0.114449 -0.769516 
3909.43 138.134 236.322 22.5453 -0.0883594 -6.12967 -0.153551 0.0156575 
3889.27 29.8161 233.897 22.3623 -0.0874658 -6.11692 -0.141939 0.0162776 
3869.35 -78.1985 231.5 22.1793 -0.0865723 -6.09665 -0.130326 0.0118832 
3849.66 -185.73 229.132 21.9964 -0.0856788 -6.0834 -0.118714 0.00659655 
3830.2 -292.946 226.792 21.8134 -0.0847853 -6.07796 -0.107102 0.00817377 
3810.99 -400.032 224.48 21.6304 -0.0838918 -6.07017 -0.0954897 0.010353 
3792.01 -506.933 222.196 21.4474 -0.0829982 -6.05928 -0.0838775 0.0118531 
3773.27 -613.574 219.941 21.2645 -0.0821046 -6.04649 -0.0722652 0.0142367 
3754.77 -719.911 217.714 21.0815 -0.0812112 -6.03035 -0.060653 0.017676 
3736.52 -825.863 215.515 20.8985 -0.0803183 -6.00809 -0.0490408 0.0173613 
3718.51 -931.284 213.345 20.7156 -0.0794252 -5.98268 -0.0374285 7.51114e-05 
3700.75 -1036.1 211.203 20.5326 -0.0785297 -5.97693 -0.0258163 -0.0312773 
3683.23 -1140.78 209.089 20.3496 -0.0776302 -6.01593 -0.014204 0.000266966 
3665.96 -1246.39 207.003 20.1665 -0.0767356 -6.01596 -0.00259178 0.11882 
3648.95 -1352 204.946 19.9834 -0.07587 -5.83692 0.00902047 0.247622 
3632.18 -1453.34 202.917 19.8009 -0.0750321 -5.43869 0.0206327 0.340693 
3615.68 -1545.18 200.915 19.6192 -0.0741021 -4.86094 0.032245 0.395519 
3599.43 -1623.25 198.941 19.4367 -0.0728677 -4.16129 0.0438572 0.422641 
3583.46 -1684.63 197.005 19.248 -0.0715331 -3.38808 0.0554695 0.431909 
3567.76 -1727.57 195.107 19.0522 -0.0715139 -2.57567 0.0670817 0.42993 
3552.37 -1751.14 193.217 18.8742 -0.0743766 -1.74736 0.0786939 0.420685 
3537.24 -1754.95 191.266 18.7636 -0.0760022 -0.918979 0.0903062 0.40647 
3522.25 -1739.01 189.28 18.6875 -0.0612016 -0.1018 0.101918 0.388562 
3507.32 -1703.57 187.65 18.3426 -0.0226483 0.695519 0.113531 0.367618 
3492.96 -1649.13 186.953 18.1596 -0.0217526 1.46566 0.125143 0.343894 
3478.93 -1576.32 187.104 17.9766 -0.0208583 2.20177 0.136755 0.317375 
3465.28 -1485.95 187.284 17.7936 -0.0199641 2.89679 0.148367 0.287866 
3451.99 -1379.01 187.492 17.6107 -0.0190696 3.54299 0.15998 0.255087 
3439.08 -1256.66 187.728 17.4277 -0.0181754 4.13167 0.171592 0.218836 
3426.54 -1120.27 187.992 17.2447 -0.0172836 4.65316 0.183204 0.179267 
3414.37 -971.441 188.285 17.0618 -0.0163954 5.09734 0.194816 0.137306 
3402.57 -812.021 188.606 16.8789 -0.0155017 5.45509 0.206429 0.0951309 
3391.15 -644.07 188.955 16.696 -0.0145805 5.72084 0.218041 0.0563791 
3380.09 -469.781 189.334 16.5126 -0.0136368 5.89593 0.229653 0.025484 
3369.41 -291.317 189.741 16.3284 -0.012788 5.99147 0.241265 0.00578302 
3359.1 -110.574 190.176 16.1452 -0.0122222 6.02819 0.252878 -0.00268389 
3349.16 71.0433 190.632 15.968 -0.0117035 6.03172 0.26449 -0.00350019 
3339.58 252.745 191.107 15.7966 -0.00987869 6.02492 0.276102 -0.00148851 
3330.35 434.284 191.631 15.6066 -0.00544907 6.02169 0.287714 0.00013055 
3321.5 615.746 192.269 15.3535 -0.00271455 6.02581 0.299327 0.000529346 
3313.17 797.306 192.981 15.0779 -0.0158746 6.03431 0.310939 0.000224327 
3305.41 979.068 193.391 15.0717 -0.0495666 6.04256 0.322551 -0.000114541 
3297.69 1161.03 192.997 15.6655 -0.0423532 6.0478 0.334163 -0.000156744 
3288.81 1343.11 192.752 16.024 0.14018 6.051 0.345776 -0.000288006 
3279.16 1525.27 196.847 13.0026 0.439924 6.03602 0.357388 -0.000526317 
3275.33 1707.07 208.205 5 0.0899997 5.9221 0.369 0 
3275.33 1707.07 208.205 5 0.0899997 5.9221 0.369 0 
3280.96 1781.68 209.068 5 -0.961102 5.71417 0.306911 -0.683959 
3286.81 1854.22 199.513 12.9541 -1.4 5.1599 0.845631 -0.61739 
3286.25 1921.27 185.48 23.4687 -0.289245 4.65995 -0.00398778 -0.548726 
3276.82 1983.38 182.29 24.6071 -0.153799 4.2155 -0.153551 -0.473272 
3266.4 2041.08 180.425 24.716 -0.134497 3.83199 -0.141939 -0.396777 
3255.85 2094.98 178.75 24.6672 -0.0880043 3.50979 -0.130326 -0.328568 
3245.29 2145.68 177.537 24.2658 -0.0294474 3.24163 -0.118714 -0.274281 
3235.02 2193.73 176.91 23.4437 0.00792669 3.01587 -0.107102 -0.232905 
3225.37 2239.53 176.667 23.0795 -0.0151456 2.82199 -0.0954896 -0.19949 
3216.01 2283.42 176.2 22.9078 -0.0549537 2.65371 -0.0838773 -0.169311 
3206.79 2325.64 175.342 23.0423 -0.0932275 2.50879 -0.0722651 -0.14009 
3197.45 2366.42 174.103 23.4517 -0.101229 2.387 -0.0606528 -0.111966 
3187.76 2405.99 172.777 23.1984 -0.0535026 2.28807 -0.0490406 -0.0862856 
3178.23 2444.58 172.41 22.5962 -0.0129286 2.21055 -0.0374284 -0.064309 
3169.17 2482.41 172.665 22.4128 -0.012183 2.15181 -0.0258161 -0.0464911 
3160.26 2519.65 172.93 22.2313 -0.0114826 2.10867 -0.0142039 -0.0324542 
3151.49 2556.46 173.206 22.0512 -0.0106406 2.07816 -0.00259165 -0.0213764 
3142.88 2592.98 173.492 21.8713 -0.00952883 2.05795 0.0090206 -0.0124267 
3134.41 2629.29 173.793 21.6895 -0.00813068 2.04641 0.0206329 -0.00502131 
3126.09 2665.48 174.11 21.5039 -0.00662257 2.04241 0.0322451 0.00113548 
3117.92 2701.64 174.445 21.3138 -0.00537059 2.04508 0.0438573 0.00614729 
3109.92 2737.82 174.796 21.1215 -0.00479085 2.05357 0.0554696 0.0100527 
3102.07 2774.09 175.155 20.9321 -0.00508614 2.06703 0.0670818 0.0129132 
3094.38 2810.49 175.515 20.7522 -0.00596719 2.08458 0.0786941 0.014842 
3086.84 2847.06 175.868 20.5854 -0.00654644 2.1054 0.0903063 0.0159879 
3079.44 2883.85 176.219 20.4286 -0.00558875 2.12876 0.101919 0.0165047 
3072.17 2920.86 176.581 20.2697 -0.0021672 2.15404 0.113531 0.0165267 
3065.04 2958.12 176.98 20.0902 0.0034848 2.18075 0.125143 0.0161591 
3058.05 2995.65 177.438 19.8746 0.00940489 2.20844 0.136755 0.0154816 
3051.24 3033.45 177.958 19.6232 0.0121991 2.23675 0.148368 0.0145583 
3044.65 3071.53 178.509 19.3618 0.00854247 2.26533 0.15998 0.0134454 
3038.27 3109.9 179.029 19.1398 -0.00242053 2.29386 0.171592 0.0121962 
3032.08 3148.54 179.443 19.0098 -0.0169066 2.32204 0.183204 0.0108619 
3026.01 3187.47 179.716 18.9924 -0.0262413 2.3496 0.194817 0.00949021 
3019.96 3226.67 179.897 19.0413 -0.0199143 2.3763 0.206429 0.00812372 
3013.87 3266.14 180.139 19.0344 0.00813093 2.40191 0.218041 0.00679903 
3007.78 3305.85 180.66 18.8113 0.0523856 2.42621 0.229653 0.00554676 
3001.88 3345.81 181.623 18.2637 0.0923639 2.44901 0.241266 0.00439197 
2996.42 3386 182.991 17.445 0.0976515 2.47013 0.252878 0.0033546 
2991.64 3426.39 184.424 16.6342 0.0431856 2.48938 0.26449 0.0024497 
2987.54 3466.98 185.33 16.2814 -0.0695906 2.50657 0.276102 0.00168735 
2983.76 3507.73 185.124 16.7969 -0.196982 2.52151 0.287714 0.00107232 
2979.6 3548.64 183.647 18.2347 -0.257287 2.53399 0.299327 0.000603762 
2974.27 3589.66 181.549 20.0293 -0.164678 2.54381 0.310939 0.000274735 
2967.46 3630.79 180.341 21.0045 0.112569 2.55072 0.322551 7.18405e-05 
2959.8 3671.98 181.866 19.8208 0.495345 2.55447 0.334163 -2.52428e-05 
2953.03 3713.22 187.203 15.8217 0.77968 2.55478 0.345776 -4.42701e-05 
2949.49 3754.45 195.423 9.93158 0.702351 2.55134 0.357388 -2.10337e-05 
2950.8 3795.64 202.97 5 0.0899997 2.54382 0.369 0 
2950.8 3795.64 202.97 5 0.0899997 2.54382 0.369 0 
2954.05 3819.09 203.872 5 -0.237271 2.34415 -0.188251 -1.02859 
2957.35 3841.39 202.892 6.57274 -0.921926 1.8176 -0.0523626 -1.00718 
2959.99 3860.66 197.963 11.0465 -1.39959 1.29773 0.482156 -0.985775 
2960.56 3876.94 190.246 17.3061 -1.17143 0.784558 -0.153175 -0.964367 
2958.14 3890.28 183.783 22.4946 -1.14944 0.278064 -0.141824 -0.942959 
2953.24 3900.7 177.398 27.3896 -0.835337 -0.221745 -0.130266 -0.92155 
2945.98 3908.26 172.774 30.7246 -0.247267 -0.714869 -0.118673 -0.900142 
2937.05 3912.98 171.5 31.3597 0.127798 -1.20131 -0.107069 -0.878734 
2927.78 3914.91 172.377 30.3277 0.544799 -1.68106 -0.0954597 -0.857326 
2918.94 3914.08 175.66 27.5076 0.912722 -2.15413 -0.0838479 -0.835917 
2911.39 3910.52 181.084 23.1811 1.13454 -2.62051 -0.0722338 -0.814509 
2905.87 3904.29 187.823 18.0435 1.12922 -3.08019 -0.0606174 -0.793101 
2902.8 3895.41 194.578 13.1187 0.854154 -3.53317 -0.0489986 -0.771692 
2902.1 3883.92 199.798 9.57851 0.322827 -3.97946 -0.0373775 -0.750284 
2903.14 3869.87 201.996 8.49178 -0.385557 -4.41904 -0.0257559 -0.728875 
2904.8 3853.29 200.132 10.541 -0.739783 -4.85191 -0.0141374 -0.707466 
2905.53 3834.22 196.213 14.0598 -0.969916 -5.27808 -0.00252506 -0.686057 
2904.61 3812.7 190.938 18.4503 -0.996893 -5.69753 0.00908202 -0.664644 
2901.62 3788.78 185.468 22.7913 -0.774721 -6.11028 0.0206873 -0.269634 
2896.53 3762.48 181.235 25.9951 -0.308666 -6.28 0.0322934 0.00167745 
2889.87 3735.21 179.652 27.0376 -0.0607508 -6.28 0.0439012 0.00162125 
2882.68 3707.94 179.484 26.9538 0.251938 -6.28 0.0555109 0.0015637 
2875.48 3680.67 181.114 25.5027 0.567849 -6.28 0.0671221 0.00150394 
2868.94 3653.39 184.574 22.7213 0.812544 -6.28 0.0787347 0.00144109 
2863.7 3626.12 189.467 18.9709 0.914087 -6.28 0.0903485 0.00137453 
2860.22 3598.85 194.977 14.914 0.82071 -6.28 0.101963 0.001304 
2858.69 3571.57 199.988 11.4145 0.517092 -6.28 0.113578 0.00122984 
2858.86 3544.29 203.286 9.37102 0.0351768 -6.28 0.125193 0.0011529 
2860.07 3517.02 203.833 9.50888 -0.543336 -6.28 0.136807 0.00107447 
2861.29 3489.74 201.052 12.1688 -0.703732 -6.28 0.148421 0.000999348 
2861.27 3462.46 197.325 15.4277 -0.707015 -6.28 0.160032 0.000924979 
2859.7 3435.18 193.549 18.5758 -0.523181 -6.28 0.171643 0.000851601 
2856.62 3407.91 190.801 20.7991 -0.172847 -6.28 0.183254 0.000779083 
2852.44 3380.64 190.046 21.4039 -0.0782018 -6.28 0.194865 0.000705002 
2847.97 3353.36 189.83 21.5692 0.0579167 -6.28 0.206476 0.000631887 
2843.4 3326.09 190.395 21.1301 0.211874 -6.28 0.218087 0.00056005 
2839.02 3298.82 191.849 20.031 0.350772 -6.28 0.2297 0.000489867 
2835.15 3271.54 194.111 18.3627 0.43885 -6.28 0.241312 0.000421819 
2832.06 3244.27 196.895 16.3688 0.445514 -6.28 0.252925 0.000356508 
2829.93 3216.99 199.736 14.4174 0.353678 -6.28 0.264539 0.000294642 
2828.73 3189.72 202.067 12.9379 0.166568 -6.28 0.276152 0.000236994 
2828.27 3162.44 203.336 12.3292 -0.0884898 -6.28 0.287765 0.000184336 
2828.13 3135.16 203.144 12.8558 -0.0235243 -6.28 0.299378 0.000137766 
2827.73 3107.89 203.321 13.0757 0.133321 -6.28 0.31099 9.72852e-05 
2827.22 3080.61 204.398 12.5984 0.31203 -6.28 0.322602 6.32883e-05 
2826.92 3053.33 206.506 11.3544 0.473232 -6.28 0.334214 3.62128e-05 
2827.2 3026.06 209.552 9.44904 0.573894 -6.28 0.345826 1.64515e-05 
2828.39 2998.78 213.195 7.17186 0.56864 -6.28 0.357438 0.000687302 
2830.66 2971.5 216.828 5.00001 0.0758397 -6.16511 0.369 0 
2830.66 2971.5 216.828 5.00001 0.0758397 -6.16511 0.369 0 
2845.77 2848.87 218.882 5 -0.991943 -6.26491 1.15369 0.0163601 
2861.56 2723.57 192.249 24.4037 -0.122702 -6.23584 -0.176776 0.0776911 
2833.68 2599.07 188.133 24.2207 -0.121808 -6.08813 -0.165163 -0.0216962 
2805.98 2478.55 184.049 24.0377 -0.120915 -6.13526 -0.153551 -0.019645 
2778.45 2356.76 179.997 23.8548 -0.120022 -6.17944 -0.141939 0.000644465 
2751.09 2233.78 175.977 23.6718 -0.119128 -6.18294 -0.130326 0.00606421 
2723.91 2110.7 171.989 23.4888 -0.118235 -6.17546 -0.118714 0.00574044 
2696.91 1987.83 168.033 23.3058 -0.117341 -6.1685 -0.107102 0.00468339 
2670.08 1865.15 164.109 23.1229 -0.116447 -6.16358 -0.0954898 0.00453177 
2643.45 1742.59 160.216 22.9399 -0.115554 -6.15884 -0.0838775 0.00481899 
2616.99 1620.16 156.355 22.7569 -0.11466 -6.15332 -0.0722653 0.00508865 
2590.72 1497.89 152.527 22.574 -0.113767 -6.14702 -0.060653 0.00529227 
2564.64 1375.78 148.73 22.391 -0.112873 -6.14006 -0.0490408 0.00550467 
2538.75 1253.85 144.965 22.208 -0.11198 -6.13238 -0.0374285 0.0057659 
2513.05 1132.13 141.232 22.025 -0.111087 -6.12383 -0.0258163 0.0060831 
2487.54 1010.65 137.531 21.8421 -0.110194 -6.11421 -0.014204 0.00646369 
2462.22 889.417 133.861 21.6591 -0.1093 -6.10332 -0.00259179 0.00692828 
2437.1 768.48 130.224 21.4761 -0.108402 -6.09084 0.00902045 0.00750147 
2412.18 647.877 126.618 21.2931 -0.107503 -6.07642 0.0206327 0.00817556 
2387.46 527.662 123.045 21.11 -0.106624 -6.05967 0.0322449 0.00903462 
2362.94 407.896 119.503 20.9271 -0.105788 -6.04 0.0438572 0.0111546 
2338.63 288.658 115.991 20.7454 -0.104915 -6.01367 0.0554694 0.0163921 
2314.51 170.128 112.511 20.564 -0.103713 -5.97079 0.0670817 0.017696 
2290.6 52.749 109.071 20.3759 -0.102141 -5.92211 0.0786939 0.0127323 
2266.91 -63.3222 105.681 20.1749 -0.101883 -5.88566 0.0903062 0.0863782 
2243.47 -178.415 102.307 19.99 -0.106202 -5.60311 0.101918 0.198492 
2220.26 -285.916 98.8246 19.912 -0.110838 -4.93933 0.113531 0.267404 
2197.04 -375.584 95.221 19.9287 -0.0885785 -4.02627 0.125143 0.29607 
2173.6 -440.722 92.2149 19.4737 -0.0161835 -2.98933 0.136755 0.301806 
2150.96 -478.002 91.1733 19.2907 -0.0152836 -1.89988 0.148367 0.29497 
2128.68 -486.012 91.8497 19.1078 -0.0143889 -0.79699 0.15998 0.280521 
2106.86 -464.393 92.558 18.9248 -0.0134944 0.295548 0.171592 0.260627 
2085.49 -413.421 93.2983 18.7418 -0.0126003 1.36032 0.183204 0.235937 
2064.58 -333.842 94.0705 18.5588 -0.0117077 2.38125 0.194816 0.206102 
2044.12 -226.836 94.8745 18.3759 -0.0108162 3.33963 0.206429 0.170051 
2024.12 -94.0817 95.7104 18.193 -0.00991747 4.20988 0.218041 0.126726 
2004.57 62.0529 96.5783 18.01 -0.00899967 4.95454 0.229653 0.077603 
1985.49 238.193 97.4787 17.8265 -0.00809162 5.52133 0.241265 0.0318557 
1966.86 429.561 98.4114 17.6428 -0.00731574 5.85433 0.252878 0.00666645 
1948.68 629.875 99.3729 17.4617 -0.00671886 5.94931 0.26449 0.00536739 
1930.94 832.74 100.358 17.2862 -0.00565041 5.95332 0.276102 0.00486039 
1913.63 1035.71 101.38 17.1059 -0.00266288 5.9976 0.287714 0.000964202 
1896.77 1239.87 102.489 16.8824 0.000935936 6.04147 0.299327 -0.000745514 
1880.45 1445.22 103.705 16.6106 -0.00588551 6.06573 0.310939 -0.000542745 
1864.78 1651.21 104.75 16.5121 -0.0350613 6.07742 0.322551 -8.10494e-05 
1849.39 1857.51 105.014 17.0134 -0.0417916 6.08726 0.334163 -1.07201e-05 
1832.95 2064.08 105.077 17.5507 0.125878 6.09428 0.345776 -0.000172339 
1815.26 2270.84 109.621 14.553 0.471592 6.05678 0.357388 -0.00057171 
1804.08 2476.59 123.582 5 0.0899997 5.61116 0.369 0 
1804.08 2476.59 123.582 5 0.0899997 5.61116 0.369 0 
1839.34 2856.58 133.187 5 -0.608281 2.53849 1.15369 0.615033 
1876.24 3072.64 105.539 26.5354 0.498222 6.23597 -0.176776 -0.00111581 
1817.11 3486.04 135.081 5 0.115336 6.24577 0.456834 -0.0039122 
1853.6 3899.88 146.037 5 0.115336 6.23783 0.456834 -0.00304488 
1891.25 4313.3 156.994 5 0.115336 6.23489 0.456834 -0.00305066 
1930.09 4726.56 167.95 5 0.115336 6.23141 0.456834 -0.00305964 
1970.09 5139.64 178.907 5 0.115336 6.22734 0.456834 -0.00308284 
2011.26 5552.5 189.864 5 0.115336 6.22253 0.456834 -0.00312707 
2053.6 5965.1 200.82 5 0.115336 6.21679 0.456834 -0.00320438 
2097.12 6377.4 211.777 5 0.115336 6.2098 0.456834 -0.00333644 
2141.8 6789.33 222.733 5 0.115336 6.20104 0.456834 -0.00356246 
2187.66 7200.78 233.69 5 0.115336 6.18966 0.456834 -0.00395163 
2234.69 7611.63 244.646 5 0.115336 6.1741 0.456834 -0.00462349 
2282.88 8021.65 255.603 5 0.115336 6.15175 0.456834 -0.00577977 
2332.25 8430.48 266.56 5 0.115336 6.11822 0.456834 -0.00856949 
2382.79 8837.52 277.516 5 0.115336 6.06252 0.456834 -0.0200966 
2434.49 9241.59 288.473 5 0.115336 5.94212 0.456834 -0.0613587 
2487.37 9639.23 299.429 5 0.115336 5.38742 0.456834 -0.266852 
2541.39 10007.3 310.386 5 0.115334 2.97959 0.456834 -0.330352 
2596.48 10246.9 321.342 5 0.115333 0.0601504 0.456835 -0.166255 
2652.61 10330.7 332.299 5 0.115332 -1.75634 0.456835 0.0706383 
2709.84 10317.7 343.255 5 0.115332 -1.79319 0.456835 -0.154515 
2768.24 10302.6 354.211 5 0.115331 -3.5238 0.456835 -0.137403 
2827.74 10195.3 365.168 5 0.115321 -5.24097 0.456994 -0.0387823 
2888.33 9996.32 376.123 5 0.116571 -5.80812 0.435438 -0.0117905 
2950.07 9767.1 387.146 5 -0.0540486 -5.99326 0.746011 -0.00473415 
3013.16 9528.01 388.986 5 -0.0531055 -6.07817 0.72973 -0.0022285 
3076.45 9284.38 384.763 5 -0.0521598 -6.12624 0.713426 -0.00108744 
3139.28 9038.19 380.59 5 -0.0512138 -6.15639 0.697121 -0.000517992 
3201.66 8790.39 376.467 5 -0.0502679 -6.17682 0.680815 -0.000214106 
3263.6 8541.5 372.395 5 -0.0493219 -6.19148 0.664509 -4.53489e-05 
3325.11 8291.83 368.373 5 -0.0483759 -6.20249 0.648203 4.939e-05 
3386.18 8041.57 364.402 5 -0.0474298 -6.21105 0.631897 0.000101116 
3446.82 7790.86 360.482 5 -0.0464838 -6.21789 0.615591 0.000126708 
3507.05 7539.77 356.611 5 -0.0455378 -6.22349 0.599285 0.000135935 
3566.86 7288.4 352.792 5 -0.0445918 -6.22815 0.582979 0.000134767 
3626.26 7036.77 349.022 5 -0.0436458 -6.23209 0.566673 0.000127018 
3685.26 6784.93 345.304 5 -0.0426997 -6.23547 0.550367 0.000115229 
3743.85 6532.91 341.635 5 -0.0417537 -6.23841 0.534061 0.000101145 
3802.06 6280.74 338.017 5 -0.0408077 -6.24098 0.517755 8.60082e-05 
3859.88 6028.43 334.45 5 -0.0398616 -6.24325 0.501449 7.07255e-05 
3917.31 5775.99 330.933 5 -0.0389156 -6.24528 0.485143 5.60087e-05 
3974.37 5523.45 327.466 5 -0.0392957 -6.24711 0.468836 5.22665e-05 
4031.05 5270.81 323.98 5.05382 -0.0443252 -6.24681 0.452531 2.36389e-05 
4087.14 5018.19 320.22 5.33147 -0.0413672 -6.25015 0.436224 1.93297e-05 
4141.64 4765.39 316.594 5.43093 -0.0282054 -6.25173 0.419918 9.93527e-06 
4195.31 4512.5 313.662 5 -0.0955354 -6.25411 0.403612 6.8046e-06 
4250.59 4259.49 307.175 7.49008 -0.855539 -6.25254 0.387306 0.000367724 
4295.33 4006.57 259.93 40 -0.0899997 -4.57771 0.369 0 
4295.33 4006.57 259.93 40 -0.0899997 -4.57771 0.369 0 
4272.8 3972.36 260.171 37.1446 1.26407 -6.02341 -0.188388 -0.0503434 
4252.45 3922.42 275.203 23.5448 1.4 -6.22683 0.204021 0.00999357 
4244.27 3870.25 291.952 9.59542 0.769694 -6.18689 -0.16516 8.23931e-05 
4248.75 3818.5 302.082 5 0.248438 -6.18855 -0.0657102 -0.000302695 
4257.58 3766.74 306.618 5 0.248438 -6.19194 -0.0657098 7.36931e-07 
4266.51 3714.93 311.154 5 0.248438 -6.19396 -0.0657096 1.47804e-05 
4275.54 3663.11 315.69 5 0.248438 -6.19591 -0.0657092 3.23215e-05 
4284.66 3611.26 320.226 5 0.248438 -6.19777 -0.0657088 4.69309e-05 
4293.89 3559.4 324.762 5 0.248437 -6.19954 -0.0657085 5.9165e-05 
4303.21 3507.51 329.299 5 0.248437 -6.20123 -0.0657007 6.87765e-05 
4312.63 3455.61 333.835 5 0.248448 -6.20286 -0.065894 2.56105e-05 
4322.16 3403.68 338.371 5 0.248144 -6.20472 -0.060645 0.000141615 
4331.78 3351.74 342.904 5 0.24747 -6.20584 -0.0490316 8.91787e-05 
4341.5 3299.79 347.429 5 0.246796 -6.20727 -0.0374171 9.24096e-05 
4351.31 3247.82 351.947 5 0.246122 -6.20864 -0.0258011 9.48713e-05 
4361.23 3195.83 356.458 5 0.245447 -6.20996 -0.0141815 9.62609e-05 
4371.25 3143.83 360.962 5 0.244771 -6.21122 -0.00254841 9.66964e-05 
4381.36 3091.82 365.458 5 0.244036 -6.21244 0.00959219 9.62843e-05 
4391.57 3039.79 369.946 5 -0.16346 -6.21362 0.860132 9.4384e-05 
4401.97 2987.75 368.265 5 -0.162517 -6.21475 0.843853 9.26271e-05 
4412.33 2935.7 365.361 5 -0.161572 -6.21584 0.827555 9.03041e-05 
4422.63 2883.64 362.467 5 -0.160627 -6.2169 0.811253 8.74919e-05 
4432.87 2831.56 359.583 5 -0.159681 -6.21791 0.79495 8.42625e-05 
4443.04 2779.48 356.71 5 -0.158735 -6.2189 0.778645 8.06823e-05 
4453.15 2727.38 353.847 5 -0.157789 -6.21985 0.76234 7.68126e-05 
4463.19 2675.27 350.994 5 -0.156843 -6.22077 0.746035 7.27103e-05 
4473.18 2623.16 348.151 5 -0.155897 -6.22166 0.729729 6.84281e-05 
4483.1 2571.03 345.319 5 -0.154951 -6.22252 0.713424 6.40147e-05 
4492.96 2518.89 342.497 5 -0.154005 -6.22336 0.697118 5.95159e-05 
4502.76 2466.75 339.686 5 -0.153059 -6.22417 0.680812 5.49737e-05 
4512.49 2414.59 336.884 5 -0.152113 -6.22495 0.664507 5.04276e-05 
4522.17 2362.43 334.093 5 -0.151167 -6.22571 0.648201 4.59145e-05 
4531.78 2310.26 331.313 5 -0.150221 -6.22646 0.631895 4.14684e-05 
4541.33 2258.08 328.542 5 -0.149275 -6.22717 0.615589 3.71215e-05 
4550.83 2205.89 325.782 5 -0.148329 -6.22787 0.599283 3.29034e-05 
4560.26 2153.7 323.032 5 -0.147383 -6.22855 0.582977 2.88421e-05 
4569.63 2101.5 320.293 5 -0.146437 -6.22921 0.566671 2.49635e-05 
4578.94 2049.29 317.564 5 -0.145491 -6.22986 0.550365 2.12918e-05 
4588.19 1997.07 314.845 5 -0.144545 -6.23048 0.534059 1.78497e-05 
4597.39 1944.85 312.136 5 -0.143599 -6.23109 0.517753 1.4658e-05 
4606.52 1892.62 309.438 5 -0.142653 -6.23169 0.501447 1.17365e-05 
4615.59 1840.38 306.75 5 -0.141707 -6.23226 0.485141 9.10312e-06 
4624.61 1788.14 304.072 5 -0.140761 -6.23283 0.468835 6.77478e-06 
4633.57 1735.89 301.405 5 -0.139815 -6.23338 0.452529 4.76611e-06 
4642.46 1683.64 298.747 5 -0.138869 -6.23391 0.436223 3.07004e-06 
4651.3 1631.38 296.101 5 -0.137923 -6.23445 0.419917 1.35969e-06 
4660.09 1579.11 293.464 5 -0.783529 -6.23531 0.403611 1.40569e-05 
4668.95 1526.84 283.799 10.3549 -1.4 -6.21063 0.387305 0.000158801 
4673.07 1474.83 267.33 21.931 -0.0899979 -5.4014 0.369 0 
4673.07 1474.83 267.33 21.931 -0.0899979 -5.4014 0.369 0 
4641.15 1329.99 261.357 24.3055 0.661896 -2.73003 -0.188388 -0.702237 
4600.94 1288.03 284.196 5 -0.88687 -6.21693 1.13739 -0.000369639 
4623.15 1111.73 248.577 28.2795 -0.209971 -6.22654 -0.165163 0.00288545 
4570.26 935.117 237.591 28.0966 -0.209077 -6.21745 -0.153551 0.0021208 
4517.08 758.855 226.652 27.9136 -0.208184 -6.21232 -0.141939 0.00168302 
4463.62 582.789 215.757 27.7306 -0.20729 -6.20944 -0.130327 0.00171133 
4409.88 406.835 204.909 27.5477 -0.206397 -6.20607 -0.118714 0.00176847 
4355.87 231.009 194.106 27.3647 -0.205503 -6.20201 -0.107102 0.00178929 
4301.6 55.3399 183.349 27.1817 -0.20461 -6.19743 -0.0954898 0.00180831 
4247.05 -120.154 172.638 26.9987 -0.203716 -6.19232 -0.0838775 0.00183951 
4192.25 -295.451 161.972 26.8158 -0.202823 -6.18654 -0.0722653 0.00188404 
4137.18 -470.526 151.352 26.6328 -0.201929 -6.17994 -0.060653 0.00194379 
4081.86 -645.347 140.778 26.4498 -0.201036 -6.17233 -0.0490408 0.00202313 
4026.29 -819.875 130.249 26.2669 -0.200142 -6.16347 -0.0374285 0.00212836 
3970.47 -994.063 119.767 26.0839 -0.199249 -6.15302 -0.0258163 0.00226827 
3914.4 -1167.85 109.329 25.9009 -0.198355 -6.14054 -0.0142041 0.00245647 
3858.09 -1341.15 98.938 25.7179 -0.19746 -6.12539 -0.00259181 0.0027163 
3801.55 -1513.88 88.5924 25.5349 -0.196568 -6.1067 0.00902044 0.00309801 
3744.77 -1685.88 78.2924 25.352 -0.195691 -6.08301 0.0206327 0.00370493 
3687.76 -1856.97 68.0375 25.1695 -0.194807 -6.05153 0.0322449 0.00388486 
3630.53 -2026.85 57.8279 24.9872 -0.193744 -6.0106 0.0438572 0.00314928 
3573.07 -2195.15 47.6705 24.7997 -0.192448 -5.929 0.0554694 0.0182714 
3515.4 -2360.31 37.5746 24.6016 -0.192805 -5.73409 0.0670817 0.00406086 
3457.58 -2517.97 27.4771 24.4439 -0.198637 -5.70892 0.0786939 0.0927416 
3399.46 -2674.65 17.1649 24.477 -0.194933 -4.46571 0.0903062 0.16547 
3340.49 -2783.46 6.99316 24.3735 -0.112544 -2.56129 0.101918 0.143244 
3281.04 -2818.92 0.00104924 23.9111 -0.00485492 -0.772555 0.113531 0.0834079 
3222.46 -2785.49 0.00102852 23.7281 -0.00396087 0.488201 0.125143 0.0425259 
3164.47 -2703.5 0.00102852 23.5452 -0.00306715 1.25124 0.136755 0.0213338 
3107.07 -2592.12 0.00102852 23.3622 -0.00217345 1.68737 0.148367 0.00995096 
3050.26 -2463.95 0.00102852 23.1792 -0.00127981 1.91638 0.15998 0.00379476 
2994.01 -2326.96 0.00102852 22.9962 -0.00038626 2.0164 0.171592 0.000691368 
2938.33 -2186.12 0.00102852 22.8133 0.000507248 2.0411 0.183204 -0.000730598 
2883.21 -2044.32 0.00102852 22.6303 0.00140075 2.02402 0.194816 -0.00128798 
2828.66 -1903.19 0.00102852 22.4473 0.00229427 1.98452 0.206429 -0.00141298 
2774.66 -1763.57 0.00102852 22.2644 0.00318767 1.93376 0.218041 -0.0013252 
2721.24 -1625.91 0.00102852 22.0814 0.00408053 1.87847 0.229653 -0.0011353 
2668.37 -1490.38 0.00102852 21.8984 0.00497381 1.82321 0.241265 -0.000899231 
2616.07 -1356.98 0.00102852 21.7155 0.00587383 1.77175 0.252878 -0.000644509 
2564.33 -1225.57 0.00102852 21.5323 0.00678063 1.72806 0.26449 -0.000384505 
2513.15 -1095.83 0.00102852 21.3488 0.00762214 1.6974 0.276102 -0.000126764 
2462.53 -967.279 0.00102852 21.167 0.00827515 1.68762 0.287714 0.000121535 
2412.48 -839.103 0.00102852 20.9919 0.00935169 1.71116 0.299327 0.000349569 
2362.97 -710.02 0.00102852 20.8095 0.0132999 1.78822 0.310939 0.000539223 
2314.02 -577.971 0.00102852 20.5374 0.0173099 1.95221 0.322551 0.000662326 
2265.91 -439.606 0.00102852 20.1964 -0.0113286 2.25919 0.334163 0.000680431 
2218.88 -289.418 0.756642 20.7604 -0.0962905 2.80344 0.345776 -0.000756239 
2170.26 -118.269 0.00101115 23.6527 0.0951769 1.69507 0.357388 -4.14562e-05 
2112.47 10.2005 1.05351 17.6203 1.4 1.42336 0.369 0 
