grtopM_72_4
50
2 2
9 9 
0 2 3 7 1 6 4 5 8 
0 2 3 7 1 6 4 5 8 
152.768 595.02 197.373 106.319 0.00694497 226.742 143.85 233.156 
112120 196.117 72.5365 124.098 84.8103 120.825 39.0786 490.236 
3.11771 12.1433 4.02801 2.16979 0.000141734 4.6274 2.93572 4.75829 
2288.16 4.00239 1.48034 2.53261 1.73082 2.46581 0.797523 10.0048 
127.13 22.837 11.8083 4.49985 312.011 1973 80.7967 15.0599 
1.45152e-06 2.81402 0.644595 1.52922 4.13884 1.19015 1.30618 7.65196 
1814 3297.73 1829.51 18.6385 0.505879 0 0.165362 0 
1941.13 3170.6 1703.92 5 1.04734 0.214935 1.14952 1.02859 
1950.91 3243.04 1831.99 5 -0.186235 4.19393 1.12904 1.00718 
2037.16 3098.56 1903.16 5 0.447385 4.13383 1.10855 0.985776 
2125.9 3186.84 1764.8 5 1.4 4.27762 1.08807 0.964367 
2211.16 3247.53 1665.32 5 1.4 0.483837 1.06759 0.683216 
2240.67 3150.07 1563.03 5 -0.93167 -6.28 1.0465 0.921551 
1819.53 3026.22 1342.23 5 1.4 0.0629085 1.02662 0.900143 
1905.8 2836.72 1494.2 5 -0.936862 -1.13433 1.00614 0.878735 
1945.75 2713.02 1273.13 5 1.4 3.15543 0.985658 0.857327 
2014.27 2746.42 1170.84 5 -0.186454 -0.054348 0.965176 -0.835918 
2081.84 2601.59 1096.72 5 1.4 6.25633 0.944694 -0.81451 
2215.61 2412.09 1248.7 5 -1.4 4.37372 0.924211 -0.793102 
2265.53 2301.43 1258.34 5 1.4 6.03867 0.903729 -0.771694 
2400.84 2111.93 1410.32 5 -0.825295 4.47992 0.883246 -0.750286 
2487.87 2038.97 1194.92 5 -0.743858 6.28 0.862764 -0.728878 
2884.76 1946.46 983.658 5 -0.64654 6.28 0.842281 0.707469 
3262.4 2068.84 777.344 5 -1.4 6.28 0.821799 0.686061 
3598.58 1980.57 532.731 5 0.850323 6.28 0.801315 0.664653 
3943.86 1806.55 443.34 5 1.4 6.28 -0.0587166 0.643245 
4282.17 1856 347.927 5 1.4 6.28 0.760352 0.621837 
4358.78 1833.17 282.543 5 1.4 6.28 0.73987 0.600429 
4648.48 1872.24 216.248 5 1.4 6.28 0.719387 -0.57902 
4720.31 1852.4 145.601 5 1.4 6.28 0.698905 -0.557612 
4839.52 1840.74 80.6296 5 1.4 6.28 -0.0215368 0.536204 
5149.56 1887.32 7.7813 40 1.4 -5.87899 -0.0141008 0.514796 
4835.86 1793.27 0.001 40 1.4 3.01844 0.637458 0.493388 
4893.06 1777.14 0.001 40 1.4 6.28 0.616975 0.47198 
4947.68 1773.38 0.001 36.6029 -1.4 6.28 0.00820706 0.450571 
5017.34 1748.95 4.25657 40 1.4 6.28 0.576009 0.428853 
5074.33 1886.15 0.001 40 1.39993 0.459019 0.023079 0.407755 
5077.72 2010.47 0.001 5 0.54978 6.28 0.030515 0.386347 
5205.4 1844.91 0.00100002 5 0.548618 2.35524 0.514563 0.364939 
5202.84 1679.38 0.00100002 5 0.54978 -0.0406319 0.0453869 0.343531 
4951.59 1513.82 8.68316 40 -1.4 0.453858 0.0528229 0.322122 
4802.75 1579.53 0.001 32.4613 1.4 -0.0434569 0.453116 0.300714 
4551.37 1665.91 0.001 35.4803 -1.4 2.90428 0.432634 0.279306 
4437.89 1757.86 0.00100009 5 -1.39999 1.0668 0.412151 0.257898 
4238.45 1837.49 0.00100034 5 -1.39999 1.60546 0.391669 0.23649 
4064.21 1744.53 0.001 5 -1.39999 -1.45551 0.371186 0.215082 
3746.48 1734.23 0.001 5 -0.22915 5.62857 0.350704 0.193673 
4017.12 1676.93 0.00100004 24.0164 1.4 -4.04876 0.330221 0.172265 
3577.47 1793.28 0.00100003 5 0.607091 5.62952 0.309739 0.150857 
3848.15 1626.1 0.00100002 5 0.54986 5.6282 0.289257 0.129449 
4118.77 1460.54 10.4101 5 -1.4 2.18607 0.268774 0.108041 
3972.61 1577.02 0.001 5 0.548775 5.62774 0.248292 0.0866327 
4243.21 1411.49 0.001 5 -0.18876 -3.08807 0.22781 0.0652245 
3848.78 1266.72 0.00100001 5 -1.4 5.62916 0.149492 -0.0438163 
4119.45 1167.25 9.64875 5 1.13738 -2.37621 0.156926 0.0224082 
3972.69 985.14 148.274 5 0.09 -4.18967 0.164362 0 
3972.69 985.14 148.274 5 0.09 -4.18967 0.164362 0 
4085.69 565.309 189.448 6.48854 0.213213 -4.89312 0.805492 0.134918 
4192.4 39.0473 203.449 5.13284 0.270519 -1.91326 -0.156453 0.0578602 
4320 8.27393 226.46 5.11346 0.265842 -1.46121 -0.164574 0.010361 
4455.04 1.84959 294.22 5.37704 0.239344 -1.4204 0.268396 -0.000105857 
4603.8 1.86349 341.383 5.87352 -0.198891 -1.4226 1.03402 -0.00113348 
4758.21 1.54825 301.459 5.86067 -0.199009 -1.67114 1.02265 0.00103264 
4907.75 1.20817 253.106 5.8298 0.0857341 -1.42311 1.00463 -0.00134614 
5039.56 0.83995 247.905 18.7067 -0.409158 -1.72255 0.988377 0.00105886 
4972.53 0.618494 164.591 30.6814 -0.244809 -1.47673 0.0656713 -0.000457447 
4777.54 0.537283 103.426 26.6273 -0.180539 -1.57104 -0.0635452 0.000233777 
4576.27 0.464393 52.9779 27.0995 -0.135169 -1.51733 -0.0553589 -0.000127679 
4362.91 0.415553 9.40103 25.801 0.0919143 -1.54371 0.153467 -0.000184811 
4151.98 0.342741 0.55116 23.8628 0.101592 -1.58149 0.0176596 -1.91281e-06 
3945.81 0.283997 0.54587 23.6797 0.102614 -1.58079 0.0311551 0.0028813 
3741.85 0.227018 0.573385 23.4693 0.103461 -1.46989 0.0435689 -0.00662718 
3540.47 20.3352 0.599807 23.286 0.104146 -1.70568 0.0556994 0.00330631 
3341.3 -2.71119 0.625782 23.1236 0.1047 -1.57846 0.0676137 5.37868e-05 
3144.11 -2.5469 0.651519 22.9781 0.105237 -1.57817 0.0793711 5.38777e-05 
2948.7 -2.38317 0.676582 22.8357 0.10581 -1.5779 0.0911102 5.5687e-05 
2755.03 -2.2207 0.705592 22.6892 0.10788 -1.57764 0.102928 5.53542e-05 
2563.14 -2.05953 0.974955 22.3626 0.107967 -1.57739 0.126221 5.51539e-05 
2375.39 -1.9033 1.21599 22.1992 0.1084 -1.57713 0.139094 5.27602e-05 
2189.7 -1.74762 1.4432 22.062 0.108921 -1.57688 0.150318 4.93986e-05 
2005.75 -1.59346 1.66292 21.9253 0.10944 -1.57663 0.161459 4.50561e-05 
1823.53 -1.44075 1.87493 21.7892 0.109555 -1.57637 0.172549 3.99675e-05 
1643.01 -1.28941 2.01584 21.7019 0.109287 -1.57612 0.180588 3.44225e-05 
1463.58 -1.1392 2.01306 21.6805 0.110265 -1.57587 0.184378 2.8306e-05 
1284.34 -0.989088 2.04641 21.5374 0.110842 -1.57563 0.195879 2.24121e-05 
1106.85 -0.840471 2.08084 21.3922 0.111396 -1.57539 0.207367 1.67933e-05 
931.13 -0.693297 2.1161 21.2496 0.111952 -1.57517 0.218768 1.18946e-05 
757.151 -0.547998 2.15248 21.1074 0.112608 -1.57494 0.230148 7.35889e-06 
584.908 -0.403409 2.19218 20.9539 0.113781 -1.5747 0.24082 4.26444e-06 
414.538 -0.260752 2.84588 20.7453 0.122693 -1.57431 0.250586 8.11747e-06 
246.872 -0.120394 6.73307 19.6491 0.132248 -1.57215 0.292187 6.75114e-05 
93.658 0.00759517 5.53796 8.48538 -0.0777284 -1.55273 0.343662 -1.28229e-05 
76.2329 0.0186052 13.0611 7.97604 0.0768901 -1.55668 0.347001 1.97631e-06 
76.9368 0.0145558 34.0332 8.70647 0.0747106 -1.55684 0.353363 -1.24567e-05 
74.1797 0.0131271 54.5689 9.56591 0.0787168 -1.55723 0.349735 -0.00178188 
66.0515 0.0159221 75.451 9.93744 0.0728593 -1.5837 0.354909 -0.00073143 
60.2135 -4.17919 95.6721 10.4552 0.0673414 -1.59116 0.360196 0.00839953 
54.2203 -9.67693 114.501 10.9498 0.124883 -1.44698 0.357593 0.00749124 
47.585 7.56485 149.883 6.56857 0.0925136 -1.33617 0.302993 0.00238055 
113.105 46.6551 191.073 5.18936 0.117088 -1.35603 0.460989 0.000275998 
236.648 101.843 236.328 5.09071 0.118626 1.72171 0.324299 0.00120534 
375.519 623.36 281.84 5.09565 0.0594521 6.23392 0.334131 -0.000513245 
528.842 1828.27 318.372 5.12734 0.238995 6.17007 0.416075 0.00281978 
692.384 3023.11 336.754 5.01452 -0.0507857 6.26558 0.401051 -0.000985253 
863.959 4233 311.227 5.00001 -0.31362 -2.31821 0.386508 -0.000164952 
1027.6 4142.4 246.004 38.4702 -0.00450427 0.178966 0.369 0 
1027.6 4142.4 246.004 38.4702 -0.00450427 0.178966 0.369 0 
911.174 4242.14 232.949 39.9938 0.553297 6.27701 -0.188388 -0.0206167 
786.987 4648.43 251.813 18.9933 -0.971166 -5.57282 1.13349 0.145449 
751.939 4450.85 191.675 40 -0.553552 -6.28 0.192077 -0.625537 
624.263 4202.44 150.973 40 -0.537754 -6.28 0.246345 -0.610985 
492.486 3954.02 111.115 40 0.0827951 -6.28 -0.141939 0.587508 
356.034 3705.63 125.873 40 0.187952 -6.28 -0.130326 0.000578615 
220.902 3457.18 145.916 35.9533 0.785288 -6.28 -0.118713 0.000386553 
103.485 3208.77 196.306 9.92564 0.462533 -6.28 -0.107101 0.00301415 
112.78 2960.26 232.572 5.01485 0.379489 -6.28 -0.0954888 0.00563849 
152.678 2711.74 264.925 5 0.379212 -6.28 -0.0838776 0.00217259 
195.925 2463.21 297.247 5 0.377877 -6.28 -0.0722107 0.00982732 
242.325 2214.69 329.532 5 0.377206 -2.08309 -0.0605985 0.013203 
292.165 2177.07 361.783 5 0.376531 -3.33204 -0.0489848 -0.00804467 
345.193 2076.68 394 5 -0.118924 -6.28 0.652008 0.0823554 
401.807 1828.15 400.094 5 -0.262445 -6.28 0.924314 0.393665 
459.31 1579.62 377.242 5 -0.296025 -6.28 0.909102 0.000972217 
514.547 1331.1 354.075 5 -0.295079 -6.28 0.892796 0.000215522 
567.45 1082.57 329.201 5 -0.294133 -6.28 0.87649 0.000989579 
617.846 834.046 304.379 5 -0.293187 -6.28 0.860184 0.00217233 
665.743 585.52 301.934 5 0.215707 -6.28 0.733204 0.00191036 
712.881 337.008 326.191 5 0.336095 -6.28 0.659302 0.00393632 
762.312 88.4541 355.479 5 0.306821 -3.10545 0.710116 0.00088158 
814.878 -0.548952 383.381 5.0064 0.273589 -1.33757 0.69482 0.00028001 
870.287 -0.674103 410.399 5 0.275845 -1.33742 0.17921 -0.0001004 
928.485 -0.722443 437.679 6.31731 0.254098 -1.53685 0.0954755 0.000282539 
984.14 -0.769977 463.759 10.2722 0.281358 -1.59867 0.118814 -3.94366e-05 
1009.46 -0.151245 490.843 11.8376 0.345054 -1.57224 0.432497 -0.00010599 
1030.52 -0.303445 500.33 7.49128 -0.234326 -1.43276 0.600877 -3.21132e-05 
1088.25 -0.211341 496.366 5 -0.283849 -1.33449 0.696728 0.000139836 
1155.67 -0.123561 491.997 5.00567 -0.282004 -1.3332 0.680582 -2.11924e-05 
1222.59 -0.0293183 477.412 5 -0.26775 -1.33223 0.663865 4.80756e-05 
1288.08 0.140174 468.463 5 0.362764 -1.33376 0.199675 -1.21425e-05 
1352.04 0.249976 499.911 5 -0.245952 -1.33874 0.536404 0.000556476 
1419.76 0.0948202 499.491 5 -0.260791 -1.32629 0.614543 0.000507588 
1487.47 0.571044 479.8 5 -0.261946 -1.34324 0.598097 -0.00230675 
1553.2 0.199866 456.435 5 -0.257764 -1.32244 0.58177 -0.000523217 
1616.57 0.871998 433.437 5 -0.25786 -1.33763 0.565432 0.00321813 
1677.63 0.778545 411.409 5 -0.272043 -1.33995 0.549064 -8.02302e-05 
1736.46 0.563827 387.536 5 -0.271094 -1.33769 0.533263 -0.000626565 
1792.89 0.460175 363.71 5 -0.260876 -2.32052 0.517486 0.0012475 
1846.89 -49.0929 341.287 5.00874 -0.270135 0.627385 0.501288 -0.00200066 
1898.72 49.8456 335.02 5.00513 -0.270719 1.54924 0.484918 0.00199183 
1949.95 196.19 332.578 5.00664 -0.774818 6.28 0.410361 0.000680629 
2001.64 602.511 305.274 28.1945 -0.748009 6.28 0.432252 -0.00188258 
1957.18 1008.9 256.994 38.9388 0.200569 2.66661 0.322717 0.00103036 
1843.56 1233.73 277.637 33.7523 0.708082 6.28 0.34631 -0.000262632 
1748.85 1640.14 300.708 10.8062 0.100699 4.03655 0.374267 0.000111253 
1755.98 1933.73 301.537 13.7251 -0.290681 6.28 0.358544 -2.08405e-05 
1768.96 2340.08 299.57 35.5014 0.000104197 4.51216 0.369 0 
1768.96 2340.08 299.57 35.5014 0.000104197 4.51216 0.369 0 
1723.63 2500.28 303.615 32.6378 1.4 2.52771 -0.188388 -1.02859 
1683.94 2606.76 345.685 5 0.294254 -3.507 -0.176776 -0.10076 
1706.96 2549.8 359.017 5 0.293579 -6.28 -0.165163 -0.00287624 
1730.64 2417.77 372.331 5 0.292905 -6.28 -0.153551 -0.00778138 
1755.04 2285.75 385.627 5 0.292232 -6.28 -0.141939 -0.000313274 
1780.17 2153.72 398.905 5 0.291558 -6.28 -0.130327 -0.000840279 
1806.01 2021.69 412.164 5 0.290884 -6.28 -0.118714 0.000827468 
1832.58 1889.66 425.405 5 0.29021 -6.28 -0.107102 -0.0128213 
1859.86 1757.63 438.628 5 0.289537 -6.28 -0.0954898 -0.00481092 
1887.86 1625.6 451.833 5 0.288863 -6.28 -0.0838776 -0.0108588 
1916.58 1493.57 465.019 5 0.288189 -6.28 -0.0722653 -0.00521104 
1946.01 1361.54 478.187 5 0.287516 -6.28 -0.0606531 0.00248069 
1976.16 1229.52 491.337 5 0.286842 -6.28 -0.0490408 -0.028487 
2007.02 1097.49 504.469 5 0.286168 -6.28 -0.0374286 0.00160752 
2038.59 965.458 517.583 5 0.285494 -6.28 -0.0258163 0.00189238 
2070.88 833.429 530.678 5 0.284821 -6.28 -0.0142041 0.00279127 
2103.87 701.4 543.755 5 -0.204729 -6.28 0.892796 0.00359537 
2137.84 569.371 540.177 5 -0.203783 -6.28 0.87649 -0.0621635 
2171.62 437.342 531.026 5 -0.202837 -6.28 0.860184 -0.0720511 
2204.9 305.313 521.9 5 -0.201891 -6.28 0.843878 -0.185761 
2237.68 173.284 512.801 5 -0.200944 -4.95217 0.827571 0.140153 
2270 77.204 503.727 5 -0.199997 -1.40711 0.811265 -0.000313096 
2301.9 77.1013 494.678 5 -0.199051 -1.40502 0.794959 -0.000204075 
2333.31 77.0551 485.655 5 -0.198105 -1.40267 0.778653 -6.38791e-05 
2364.24 77.0726 476.658 5 -0.197158 -1.40171 0.762347 -6.57124e-05 
2394.67 77.116 467.687 5 -0.196212 -1.41219 0.746041 2.2622e-05 
2424.61 76.8756 458.741 5 -0.195266 -1.40137 0.729735 -0.00828874 
2454.07 76.928 449.82 5 -0.194321 -1.90363 0.713429 -0.0126632 
2483.04 63.3827 440.926 5 -0.193374 0.104348 0.697122 0.389985 
2511.56 104.2 432.057 5 -0.192425 5.05965 0.680816 0.00795077 
2539.71 279.175 423.213 5 -0.191478 6.20127 0.66451 -0.234636 
2567.4 485.058 414.395 5 -0.190532 6.18526 0.648204 0.186236 
2594.62 690.507 405.603 5 -0.189586 6.17738 0.631898 -0.00203253 
2621.36 895.743 396.837 5 -0.18864 6.17862 0.615592 0.000447636 
2647.62 1101.01 388.096 5 -0.187694 6.17711 0.599286 0.000217361 
2673.4 1306.24 379.38 5 -0.186748 6.17784 0.58298 -4.93138e-05 
2698.72 1511.49 370.691 5 -0.185802 6.17586 0.566673 -0.00132939 
2723.56 1716.68 362.027 5 -0.184856 6.17694 0.550367 0.000174863 
2747.93 1921.91 353.388 5 -0.18391 6.17923 0.534061 -7.02966e-05 
2771.83 2127.19 344.775 5 -0.182964 6.16738 0.517755 1.19166e-05 
2795.26 2332.16 336.188 5 -0.182018 6.17092 0.501449 2.98077e-05 
2818.23 2537.22 327.626 5 -0.181072 6.18858 0.485143 -4.16974e-05 
2840.73 2742.76 319.09 5 -0.180126 6.13357 0.468837 1.10886e-05 
2862.77 2946.81 310.58 5 -0.17918 6.2048 0.452531 3.07339e-06 
2884.35 3152.79 302.095 5 -0.178234 6.16482 0.436224 -4.6121e-06 
2905.47 3357.68 293.636 5 -0.177288 6.16805 0.419918 -0.000243951 
2926.12 3562.67 285.202 5 -0.752635 3.64123 0.403612 0.000163935 
2946.58 3699.24 261.192 16.8703 -1.4 6.28 0.387306 0.00473653 
2940.39 3907.27 219.14 40 -3.09789e-05 3.22508 0.369 0 
2940.39 3907.27 219.14 40 -3.09789e-05 3.22508 0.369 0 
3178.04 3595.27 200.789 5.00069 -1.39921 -6.27928 -0.187634 1.02784 
2866.03 3807.79 244.663 39.9992 -1.39925 -6.27927 -0.176035 -0.317956 
2727.47 4119.79 90.2989 5.00077 -1.39922 6.27923 1.03536 -0.00193783 
2811.9 3944.41 402.307 39.9996 -1.39923 6.27923 1.03092 -4.4699e-05 
3123.91 4013.01 283.418 39.9996 -1.39923 6.27922 1.01878 0.00015662 
3112.52 3701.01 298.847 39.9996 -1.39923 -6.27923 1.0188 0.000358005 
3209 3832.11 312.939 39.9996 -1.39923 -6.27923 0.975048 0.000163501 
3305.67 3794.55 325.789 39.9996 -1.39922 -6.27923 1.03881 0.000164211 
3402.5 3756.98 330.573 39.9997 1.39924 -6.27923 1.02252 0.000151609 
3509.28 3719.41 316.797 39.9994 1.39922 -6.27923 1.00622 0.000136305 
3314.36 3681.84 287.735 39.9994 -1.39922 -6.27923 0.989905 0.000139987 
3119.43 3644.32 278.908 39.9994 -1.39922 -6.27923 0.973599 0.000124042 
3108.31 3606.77 268.023 39.9994 -1.39922 -6.27923 0.9573 0.00011483 
3147.24 3569.22 261.688 39.9994 -1.39922 -6.27923 0.940996 0.000131189 
3185.12 3531.66 256.619 39.9994 -1.39922 -6.27923 0.924687 0.000118331 
3222.14 3494.1 253.071 39.9994 -1.39922 -6.27923 0.908383 0.000125492 
3258.47 3456.54 251.508 39.9994 -1.39922 -6.27923 0.89208 0.000696944 
3294.27 3418.98 252.476 39.9994 -1.39922 -6.27923 0.875777 0.000168992 
3329.73 3381.43 256.327 39.9994 -1.39922 -6.27923 0.859473 0.000432338 
3365.01 3343.89 261.499 39.9993 -1.39922 -6.27923 0.84317 0.000124027 
3400.28 3306.4 268.47 39.9993 -1.39922 -6.27923 0.826867 0.000126338 
3435.7 3268.99 277.209 39.9993 -1.39922 -6.27923 0.810564 8.48563e-05 
3471.44 3231.85 287.79 39.9993 -1.39922 -6.27923 0.794262 0.000161813 
3507.69 3195.36 301.607 39.9993 -1.39922 -6.27923 0.77796 0.000135338 
3544.64 3160.58 317.904 39.9993 -1.39922 -5.38232 0.761658 9.77444e-05 
3582.49 3130.26 336.67 39.9993 -1.39922 -6.27923 0.745357 0.000202713 
3621.43 3101.86 358.454 39.9993 -1.39922 -6.27923 0.729055 7.0079e-05 
3661.7 3180.74 384.915 39.9993 1.39922 -6.27923 0.712753 -0.000983566 
3668.56 3259.61 399.057 39.9993 1.39922 -6.27923 0.696452 0.0684582 
3473.34 3338.49 389.706 39.9992 1.39922 -6.27927 0.680152 -0.407058 
3441.24 3243.72 380.286 39.9992 1.39922 -6.27923 0.663853 0.38563 
3443.34 3053.56 370.964 39.9992 1.39922 -6.27923 0.647553 -0.364255 
3444.43 2863.39 360.612 39.9992 1.39922 -6.27923 0.631254 0.00799345 
3443.13 2953.13 349.617 39.9992 1.39922 6.27923 0.614954 -0.000879057 
3438.43 2888 339.982 39.9992 1.39922 6.27923 0.598655 -0.000100019 
3416.06 3052.65 332.426 39.9992 1.39922 6.27923 0.582356 7.7443e-05 
3459.38 3213.86 328.041 33.6992 1.39922 6.27923 0.566057 1.9545e-05 
3267.78 3375.07 317.586 34.0921 1.39922 6.27923 0.549757 -4.81804e-07 
2955.76 3536.29 301.742 39.9992 1.39922 3.62443 0.533458 -7.09993e-06 
2643.75 3696.7 281.167 39.9992 1.39923 -1.12979 0.51716 -8.02257e-06 
2419.91 3832.69 267.513 5.00067 1.39923 -6.27923 0.500864 -7.17009e-06 
2107.9 3642.52 247.63 5.00063 1.39922 -6.27923 0.48457 -5.83759e-06 
1979.11 3617.87 229.766 5.00064 -1.39922 -6.27923 0.299885 -4.46063e-06 
1825.1 3638.8 240.387 39.9992 -1.39922 6.27923 0.311485 -3.33252e-06 
1630.38 3823.36 179.877 39.9992 1.39922 6.27923 0.4357 -2.67902e-06 
1403.14 3874.66 78.1461 39.9992 1.39922 6.27923 0.419414 -2.83639e-06 
1091.13 3778.5 100.722 39.9992 1.39924 6.27923 0.403154 -2.30006e-06 
779.113 3963.06 0.0015033 39.9992 1.39925 6.27923 0.386975 -0.000180425 
467.098 4100.78 201.06 39.9992 0.0893995 4.60322 0.369 0 
467.098 4100.78 201.06 39.9992 0.0893995 4.60322 0.369 0 
2.31904e-08 2484.31 0.0304366 5.02226 -1.03111e-05 -0.647329 0.000254523 4.9307e-13 
3.74082e-09 678.622 0.0304366 5.0223 3.04021e-12 -7.67691e-09 0.000273867 -1.36408e-15 
3.74085e-09 3.37246e-08 0.0304366 5.0223 3.15612e-12 -4.17158e-10 0.000296036 -1.35261e-15 
3.74084e-09 3.57072e-09 0.0304366 5.0223 3.1564e-12 -4.17149e-10 0.000321685 -1.35261e-15 
3.74084e-09 3.57156e-09 0.0304366 5.0223 3.15669e-12 -4.17149e-10 0.000351686 -1.35261e-15 
3.74084e-09 3.57161e-09 0.0304366 5.0223 3.15701e-12 -4.17149e-10 0.000387229 -1.3526e-15 
3.74084e-09 3.57161e-09 0.0304366 5.0223 3.15736e-12 -4.17149e-10 0.000429969 -1.35263e-15 
3.74084e-09 3.57161e-09 0.0304366 5.0223 3.15775e-12 -4.17149e-10 0.000482274 -1.35261e-15 
3.74084e-09 3.57161e-09 0.0304366 5.0223 3.15821e-12 -4.17149e-10 0.000547621 -1.35264e-15 
3.74084e-09 3.57161e-09 0.0304366 5.0223 3.15881e-12 -4.17149e-10 0.000631283 -1.35259e-15 
3.74084e-09 3.57161e-09 0.0304366 5.0223 3.15967e-12 -4.17149e-10 0.000741585 -1.35261e-15 
3.74084e-09 3.57161e-09 0.0304366 5.0223 3.16118e-12 -4.17149e-10 0.000892646 -1.3526e-15 
3.74084e-09 3.57161e-09 0.0304366 5.0223 3.16404e-12 -4.17149e-10 0.00111294 -1.35261e-15 
3.74084e-09 3.57161e-09 0.0304366 5.0223 3.16891e-12 -4.17149e-10 0.00148469 -1.3526e-15 
3.74084e-09 3.57161e-09 0.0304366 5.0223 3.17282e-12 -4.17149e-10 0.00233842 -1.3526e-15 
3.74084e-09 3.57161e-09 0.0304366 5.0223 3.16016e-12 -4.17149e-10 0.00487836 -1.35262e-15 
3.74084e-09 3.57161e-09 0.0304366 5.0223 3.1107e-12 -4.17149e-10 0.0111272 -1.35259e-15 
3.74084e-09 3.57161e-09 0.0304366 5.0223 3.00463e-12 -4.17149e-10 0.022054 -1.35256e-15 
3.74084e-09 3.57161e-09 0.0304366 5.0223 2.8986e-12 -4.17149e-10 0.0336246 -1.35261e-15 
3.74084e-09 3.57161e-09 0.0304366 5.0223 2.7942e-12 -4.17149e-10 0.0451944 -1.3526e-15 
3.74084e-09 3.57161e-09 0.0304366 5.0223 2.68978e-12 -4.17149e-10 0.0567631 -1.35261e-15 
3.74084e-09 3.57161e-09 0.0304366 5.0223 2.58536e-12 -4.17149e-10 0.0683305 -1.35259e-15 
3.74084e-09 3.57161e-09 0.0304366 5.0223 2.48092e-12 -4.17149e-10 0.0798963 -1.35263e-15 
3.74084e-09 3.57161e-09 0.0304366 5.0223 2.37649e-12 -4.17149e-10 0.0914602 -1.35261e-15 
3.74084e-09 3.57161e-09 0.0304366 5.0223 2.27206e-12 -4.17149e-10 0.103022 -1.35261e-15 
3.74084e-09 3.57161e-09 0.0304366 5.0223 2.16765e-12 -4.17149e-10 0.114582 -1.35261e-15 
3.74084e-09 3.57161e-09 0.0304366 5.0223 2.06324e-12 -4.17149e-10 0.12614 -1.35259e-15 
3.74084e-09 3.57161e-09 0.0304366 5.0223 1.95885e-12 -4.17149e-10 0.137695 -1.35258e-15 
3.74084e-09 3.57161e-09 0.0304366 5.0223 1.85444e-12 -4.17149e-10 0.149249 -1.35262e-15 
3.74084e-09 3.57161e-09 0.0304366 5.0223 1.75001e-12 -4.17149e-10 0.160802 -1.35257e-15 
3.74084e-09 3.57161e-09 0.0304366 5.0223 1.64551e-12 -4.17149e-10 0.172354 -1.35261e-15 
3.74084e-09 3.57161e-09 0.0304366 5.0223 1.54089e-12 -4.17149e-10 0.183906 -1.35263e-15 
3.74084e-09 3.57161e-09 0.0304366 5.0223 1.43609e-12 -4.17149e-10 0.19546 -1.35261e-15 
3.74084e-09 3.57161e-09 0.0304366 5.0223 1.33104e-12 -4.17149e-10 0.207015 -1.35266e-15 
3.74084e-09 3.57161e-09 0.0304366 5.0223 1.22569e-12 -4.17149e-10 0.218574 -1.35261e-15 
3.74084e-09 3.57161e-09 0.0304366 5.0223 1.11999e-12 -4.17149e-10 0.230137 -1.3526e-15 
3.74084e-09 3.57161e-09 0.0304366 5.0223 1.01393e-12 -4.17149e-10 0.241704 -1.35262e-15 
3.74084e-09 3.57161e-09 0.0304366 5.0223 9.07538e-13 -4.17149e-10 0.253276 -1.35262e-15 
3.74084e-09 3.57161e-09 0.0304366 5.0223 8.00861e-13 -4.17149e-10 0.264852 -1.3527e-15 
3.74084e-09 3.57161e-09 0.0304366 5.0223 6.93993e-13 -4.17149e-10 0.276434 -1.35261e-15 
3.74084e-09 3.57161e-09 0.0304366 5.0223 5.87042e-13 -4.17149e-10 0.288024 -1.35264e-15 
3.74084e-09 3.57161e-09 0.0304366 5.0223 4.80073e-13 -4.17149e-10 0.299632 -1.35263e-15 
3.74084e-09 3.57161e-09 0.0304366 5.0223 3.72929e-13 -4.17149e-10 0.311271 -1.35269e-15 
3.74084e-09 3.57161e-09 0.0304366 5.0223 2.65042e-13 -4.17149e-10 0.322963 -1.35255e-15 
3.74084e-09 3.57161e-09 0.0304366 5.0223 1.55669e-13 -4.17149e-10 0.334721 -1.35321e-15 
3.74082e-09 3.57157e-09 0.0304366 5.0223 4.39647e-14 -4.17148e-10 0.346542 -1.35603e-15 
3.73995e-09 3.60821e-09 0.0304366 5.0223 -9.87145e-13 6.57373e-10 0.358582 4.82064e-12 
3.28269e-08 222.447 0.0304351 5.5319 0.127292 6.28 0.371195 -5.2098e-12 
1759.56 2648.67 283.81 5.0223 -9.41237e-13 3.1909e-12 0.369 0 
1759.56 2648.67 283.81 5.0223 -9.41237e-13 3.1909e-12 0.369 0 
1773.27 2677.98 280.845 5.0006 1.39943 -2.66489 1.15316 -1.01165 
1771.36 2718.65 260.638 39.9994 -1.39942 -0.456936 1.13685 -0.990528 
1769.59 2758.59 257.262 17.0071 1.39943 -0.765659 1.12055 -0.964935 
1758.55 2783.95 275.436 9.02414 -1.38591 -3.17721 -0.153019 -0.943216 
1688.24 2751.61 275.308 5.0006 1.39944 -5.45188 -0.14141 0.00292052 
1788.45 2690.2 258.411 39.9994 1.39942 -6.26896 1.07163 0.00359695 
1753.92 2598.93 256.695 39.9209 1.38025 -6.27816 1.05533 0.00611443 
1751.02 2507.33 257.318 38.5793 1.39942 -6.27942 1.03902 0.00791817 
1728.4 2412.88 256.442 37.9207 1.39942 -6.27942 1.02272 0.00539783 
1715.3 2319.91 255.344 37.6776 1.39942 -6.27942 1.00641 0.0116146 
1702.82 2226.94 254.222 37.5132 1.39942 -6.27942 0.990105 0.00211406 
1690.75 2133.97 253.119 37.3655 1.39942 -6.27942 0.9738 0.0344886 
1679.02 2041 252.042 37.2212 1.39942 -6.27942 0.957494 0.0503144 
1667.64 1948.03 250.988 37.078 1.39942 -6.27942 0.941189 0.000993786 
1656.6 1855.05 249.955 36.9366 1.39942 -6.27942 0.924883 -0.154936 
1645.9 1762.08 248.943 36.7961 1.39942 -6.27942 0.908578 0.0166802 
1635.54 1669.11 247.966 36.6484 1.39942 -6.27942 0.892273 0.198372 
1625.53 1576.13 247.033 36.4874 1.39942 -6.27942 0.875967 0.118576 
1615.93 1482.32 246.087 36.348 1.39942 -6.26897 0.859663 0.215751 
1606.66 1391.05 245.013 36.314 1.39942 -0.429794 0.843358 0.244093 
1597.57 1352.08 243.97 36.2431 1.39942 -6.27945 0.827053 0.563351 
1588.46 1121.38 243.324 35.9402 1.39942 -5.70125 0.810749 0.561356 
1580.19 1050.79 242.472 35.8661 1.39942 -4.24978 0.794445 0.539959 
1572.13 972.833 241.638 35.794 1.39942 -0.558099 0.778141 0.518618 
1564.31 929.158 240.833 35.701 1.39942 0.351515 0.761838 0.497323 
1556.74 918.803 240.072 35.5818 1.39942 -3.16985 0.745535 0.476008 
1549.38 941.051 239.372 35.4711 1.39942 -2.32132 0.729231 0.454712 
1542.33 994.381 238.868 35.3545 1.39942 1.15448 0.712929 0.432776 
1535.68 1077.73 238.943 35.2423 1.39942 3.34713 0.696626 0.412659 
1529.43 1207.84 240.39 35.5113 1.39942 4.24203 0.660715 0.392246 
1522.46 1359.33 243.964 38.4763 1.39944 3.7583 0.160471 0.371037 
1505.49 1504.5 276.724 36.4892 1.38116 0.0141391 0.647717 0.349832 
1514.32 1643.38 270.623 36.3708 1.39942 -0.170057 0.631413 0.328646 
1505.48 1775.51 264.166 36.0869 1.39942 4.03803 0.615109 0.307045 
1498.52 1900.19 257.707 35.5256 1.39942 4.11658 0.598804 0.285551 
1492.77 2027.75 251.276 35.1711 1.39942 4.53692 0.582499 0.112089 
1487.62 2170.71 244.865 34.9167 1.39942 4.67294 0.566194 -0.00406932 
1482.76 2318.65 238.466 34.6893 1.39942 4.67344 0.549888 -0.00048816 
1478.11 2466.6 232.078 34.4663 1.39942 4.67346 0.533583 -0.00174386 
1473.64 2614.56 225.699 34.2169 1.39942 4.67348 0.517278 -0.00449795 
1469.45 2762.52 219.332 33.822 1.39942 4.67349 0.500975 -0.00283232 
1465.97 2910.47 212.985 33.0791 1.39942 4.6735 0.484674 -0.00270813 
1464.17 3058.43 206.694 32.2127 1.39942 4.67353 0.468375 -0.00244623 
1463.99 3206.38 200.545 39.9994 1.39942 4.67349 0.311395 -0.00212855 
1441.74 3354.35 195.484 39.9994 1.39942 4.67464 0.323006 -0.00169398 
1319.2 3502.36 181.286 40 1.4 3.52168 0.334613 -0.00111775 
1149.21 3650.51 197.72 40 1.39319 4.12001 0.403188 -0.000591436 
980.455 3797.64 167.074 40 1.4 6.27781 0.386791 -0.00256047 
809.504 4165.9 297.88 39.9994 0.0750489 6.1934 0.369 0 
809.504 4165.9 297.88 39.9994 0.0750489 6.1934 0.369 0 
693.899 4611.87 315.964 10.0018 0.477756 -6.25372 -0.188388 -0.0038502 
722.088 4318.73 360.813 5 0.409193 -6.27997 -0.176776 0.00051243 
779.486 4024 402.066 5 0.408519 -6.27992 -0.165163 0.000397891 
841.793 3729.28 443.28 5 0.407845 -6.27962 -0.153551 0.000339885 
909.004 3434.57 484.453 5 0.407172 -6.27858 -0.141939 0.000287128 
981.113 3139.93 525.587 5 0.406498 -6.27665 -0.130327 0.000202988 
1058.12 2845.4 566.681 5 0.405824 -6.27511 -0.118714 3.26838e-05 
1140.01 2550.96 607.734 5 0.40515 -6.27456 -0.107102 -0.000394485 
1226.79 2256.56 648.748 5 0.404477 -6.27421 -0.0954898 0.000352507 
1318.44 1962.17 689.721 5 0.403803 -6.2737 -0.0838776 -0.00163451 
1414.97 1667.82 730.655 5 0.403129 -6.27294 -0.0722653 -0.000479441 
1516.38 1373.51 771.548 5 0.402456 -6.27179 -0.0606531 -0.000795406 
1622.64 1079.27 812.402 5 0.401782 -6.26992 -0.0490408 -0.0144462 
1733.77 785.139 853.216 5 0.401108 -6.26628 -0.0374286 -0.00111845 
1849.75 491.226 893.989 5 0.400434 -6.25612 -0.0258163 0.0171684 
1970.59 197.916 934.723 5 0.399762 -4.67307 -0.0142041 0.0370012 
2096.35 -1.40636 975.416 5 0.39909 -1.31783 -0.00259183 -0.000121978 
2227.1 -1.52232 1016.07 5 -0.318721 -1.31747 0.87649 -0.000421956 
2363.55 -1.61772 992.302 5 -0.317775 -1.31462 0.860184 -1.32292e-05 
2497.17 -1.5442 960.275 5 -0.316829 -1.31661 0.843878 3.19304e-05 
2626.97 -1.58875 928.303 5 -0.315883 -1.3157 0.827571 7.4537e-06 
2752.97 -1.57939 896.388 5 -0.314937 -1.31551 0.811265 -8.08389e-06 
2875.18 -1.55875 864.529 5 -0.313991 -1.31656 0.794959 5.91455e-06 
2993.59 -1.60035 832.726 5 -0.313045 -1.31491 0.778653 -3.5677e-05 
3108.22 -1.54357 800.98 5 -0.312098 -1.31562 0.762347 -3.41194e-05 
3219.07 -1.52938 769.289 5 -0.311152 -1.31591 0.746041 7.3134e-08 
3326.15 -1.5321 737.655 5 -0.310206 -1.31533 0.729735 -4.30764e-06 
3429.47 -1.50076 706.077 5 -0.30926 -1.31613 0.713429 -8.27124e-06 
3529.02 -1.51651 674.555 5 -0.308314 -1.31605 0.697122 -2.97851e-06 
3624.83 -1.5279 643.089 5 -0.307368 -1.31655 0.680816 -2.81822e-06 
3716.89 -1.56846 611.679 5 -0.306422 -1.31692 0.66451 -3.00716e-06 
3805.22 -1.63109 580.326 5 -0.305476 -1.31772 0.648204 -1.92065e-06 
3889.81 -1.74152 549.028 5 -0.30453 -1.31817 0.631898 -0.00021299 
3970.69 -1.87876 517.787 5 -0.303584 -1.43979 0.615592 0.000363299 
4047.83 -9.23675 486.602 5 -0.302638 -1.20098 0.599286 -0.000156634 
4121.28 -2.41598 455.474 5 -0.301692 -1.31864 0.58298 1.47318e-06 
4191.02 -2.58107 424.401 5 -0.300746 -1.31679 0.566673 -3.09571e-06 
4257.06 -2.63609 393.384 5 -0.2998 -1.31939 0.550367 1.02157e-05 
4319.41 -2.84557 362.424 5 -0.298854 -1.31778 0.534061 0.0229273 
4378.07 -2.95913 331.52 5 -0.297907 0.84054 0.517755 -0.0225039 
4433.17 125.07 300.672 5 -0.296958 6.2795 0.501449 0.000527226 
4484.84 576.019 269.881 5 -0.296012 6.27972 0.485143 0.000116782 
4532.86 1026.98 239.145 5 -0.295066 6.27979 0.468837 -2.55367e-06 
4577.21 1477.95 208.466 5 -0.29412 6.27981 0.452531 -7.21139e-06 
4617.92 1928.91 177.843 5 -0.293174 6.27982 0.436224 -2.67146e-06 
4654.98 2379.88 147.276 5 -0.292228 6.27982 0.419918 -1.17726e-06 
4688.4 2830.85 116.765 5 -0.291282 6.27981 0.403612 -2.65434e-07 
4718.19 3281.82 86.3107 5 -1.06518 6.27881 0.387306 0.000613725 
4745.28 3732.72 9.90835 40 -0.0479645 0.398031 0.369 0 
1814 3297.73 1829.51 18.6385 0.505879 0 0.165362 0 
1814 3297.73 1829.51 18.6385 0.505879 9.15105e-09 0.165362 5.64397e-06 
1814 3297.73 1829.52 18.6339 0.50576 0.00677703 0.165441 3.03542e-06 
2067.33 3290.89 1819.97 18.8661 0.503024 0.0192701 0.161545 -0.000365285 
2240.49 3805.54 1965.9 18.28 0.514481 -0.207107 0.171372 0.000630784 
2316.13 2910.15 1889.28 18.4816 0.509647 -0.0907772 0.167993 0.000276169 
2348.46 2518.15 1855.84 18.5694 0.507538 -0.0399968 0.16652 0.000121546 
2362.62 2345.63 1841.17 18.6079 0.506613 -0.0177158 0.165875 5.38187e-05 
2368.88 2269.24 1834.68 18.6249 0.506205 -0.00785894 0.16559 2.39379e-05 
2371.69 2235.27 1831.78 18.6325 0.506022 -0.0034423 0.165463 1.05799e-05 
2372.95 2220.25 1830.46 18.6359 0.505939 -0.0014419 0.165406 4.55129e-06 
2373.53 2213.79 1829.85 18.6375 0.505902 -0.00052089 0.16538 1.791e-06 
2373.79 2211.25 1829.57 18.6382 0.505884 -8.61987e-05 0.165367 5.02033e-07 
2373.91 2210.53 1829.43 18.6385 0.505875 0.000128554 0.165362 -1.20857e-07 
2373.97 2210.7 1829.35 18.6387 0.50587 0.000244308 0.165359 -4.43169e-07 
2373.99 2211.33 1829.3 18.6388 0.505868 0.000316026 0.165357 -6.2957e-07 
2374 2212.22 1829.27 18.6389 0.505866 0.000369697 0.165356 -7.5786e-07 
2374.01 2213.3 1829.24 18.639 0.505864 0.000417641 0.165355 -8.6438e-07 
2374.01 2214.52 1829.21 18.639 0.505862 0.000466085 0.165354 -9.66904e-07 
2374.01 2215.89 1829.17 18.6391 0.50586 0.000518579 0.165353 -1.07505e-06 
2374.01 2217.42 1829.13 18.6391 0.505858 0.000577508 0.165352 -1.19464e-06 
2374 2219.11 1829.09 18.6392 0.505856 0.000644925 0.16535 -1.33018e-06 
2374 2221 1829.04 18.6393 0.505853 0.000722936 0.165349 -1.48588e-06 
2374 2223.1 1828.98 18.6394 0.50585 0.000813994 0.165347 -1.66644e-06 
2373.99 2225.46 1828.91 18.6395 0.505847 0.000921112 0.165346 -1.87739e-06 
2373.99 2228.12 1828.83 18.6396 0.505842 0.00104812 0.165343 -2.1257e-06 
2373.98 2231.14 1828.73 18.6398 0.505837 0.00119997 0.165341 -2.4202e-06 
2373.97 2234.57 1828.61 18.64 0.505831 0.00138319 0.165338 -2.77232e-06 
2373.96 2238.5 1828.46 18.6402 0.505823 0.00160648 0.165334 -3.19714e-06 
2373.95 2243.03 1828.28 18.6405 0.505814 0.00188159 0.165329 -3.71471e-06 
2373.94 2248.29 1828.06 18.6408 0.505803 0.0022246 0.165324 -4.35217e-06 
2373.92 2254.46 1827.78 18.6412 0.505788 0.00265774 0.165317 -5.14669e-06 
2373.89 2261.76 1827.41 18.6417 0.50577 0.0032119 0.165308 -6.15e-06 
2373.86 2270.47 1826.95 18.6424 0.505746 0.00393011 0.165297 -7.43492e-06 
2373.82 2281.01 1826.33 18.6433 0.505715 0.00487163 0.165283 -9.10513e-06 
2373.76 2293.91 1825.52 18.6444 0.505674 0.00611581 0.165263 -1.13094e-05 
2373.69 2309.94 1824.45 18.6459 0.50562 0.00776198 0.165238 -1.42614e-05 
2373.59 2330.15 1823.04 18.648 0.505548 0.00991566 0.165203 -1.82641e-05 
2373.46 2356.04 1821.27 18.6509 0.505454 0.0126363 0.165154 -2.37269e-05 
2373.33 2389.67 1819.21 18.655 0.505338 0.0157921 0.165087 -3.11148e-05 
2373.21 2433.77 1817.3 18.6604 0.505212 0.0187252 0.164996 -4.06075e-05 
2373.22 2491.34 1816.71 18.6667 0.505124 0.0196315 0.164889 -5.08474e-05 
2373.56 2563.42 1819.85 18.6708 0.50519 0.0148424 0.16482 -5.57006e-05 
2374.49 2642.39 1830.04 18.6635 0.50563 -0.000770216 0.164943 -3.89683e-05 
2376.05 2697.61 1848.51 18.627 0.506676 -0.029094 0.165554 2.77207e-05 
2377.37 2658.22 1865.54 18.5409 0.508205 -0.0553073 0.166997 0.000171411 
2375.35 2414.88 1844.17 18.402 0.508948 -0.0228621 0.169326 0.000377892 
2361.01 1878.01 1696.41 18.265 0.505216 0.202627 0.17162 0.000556414 
2306.35 1144.22 1257.61 18.2891 0.488178 0.922039 0.171162 -0.00176861 
3989.18 810.696 209.86 22.6225 4.7604e-06 0.116067 0.164362 0 
3989.18 810.696 209.86 22.6225 4.7604e-06 0.116067 0.164362 0 
3945.82 897.741 207.233 21.8291 0.44932 2.91117 -0.188388 -1.01048 
3905.04 1124.37 227.108 5 -0.649536 -2.63321 1.13739 -0.645859 
3934.47 1074.06 193.454 26.8475 -0.181264 -6.23207 -0.165163 0.00277992 
3872.5 844.096 181.436 26.6645 -0.180371 -6.22608 -0.153551 0.00237931 
3810.06 614.428 169.478 26.4815 -0.179477 -6.22149 -0.141939 0.0022373 
3747.15 384.99 157.579 26.2986 -0.178584 -6.21739 -0.130327 0.00230954 
3683.78 155.755 145.739 26.1156 -0.17769 -6.21249 -0.118714 0.0023713 
3619.96 -73.2357 133.959 25.9326 -0.176797 -6.20681 -0.107102 0.00244049 
3555.69 -301.943 122.238 25.7497 -0.175903 -6.20026 -0.0954898 0.00254322 
3490.98 -530.324 110.576 25.5667 -0.17501 -6.19253 -0.0838775 0.00269142 
3425.84 -758.32 98.9732 25.3837 -0.174116 -6.18324 -0.0722653 0.00290182 
3360.26 -985.852 87.4298 25.2007 -0.173225 -6.17181 -0.060653 0.00320812 
3294.27 -1212.81 75.9456 25.0178 -0.172336 -6.15737 -0.0490408 0.00367655 
3227.85 -1439.06 64.5204 24.8351 -0.171411 -6.13848 -0.0374285 0.00443125 
3161.02 -1664.35 53.156 24.6511 -0.170365 -6.11261 -0.0258163 0.00568646 
3093.8 -1888.36 41.8586 24.4617 -0.169822 -6.07523 -0.0142041 0.00787702 
3026.2 -2110.5 30.6034 24.2876 -0.172326 -6.01746 -0.00259181 0.0127954 
2958.17 -2329.76 19.2372 24.2398 -0.170398 -5.91307 0.00902043 0.0258087 
2889.21 -2543.8 7.97105 24.1087 -0.104607 -5.68227 0.0206327 0.0149039 
2819.58 -2746.32 0.00103552 23.7554 -0.0181054 -5.546 0.0322449 -0.000541454 
2750.49 -2942.03 0.001024 23.5724 -0.017212 -5.55947 0.0438572 -0.00106307 
2682.13 -3138.42 0.001024 23.3895 -0.0163186 -5.57884 0.0554694 9.50815e-05 
2614.49 -3335.78 0.001024 23.2065 -0.0154251 -5.58579 0.0670817 0.00775243 
2547.59 -3533.48 0.001024 23.0235 -0.0145317 -5.50071 0.0786939 0.0781673 
2481.43 -3726.93 0.001024 22.8405 -0.0136376 -4.5596 0.0903062 0.287533 
2416.03 -3873.39 1.28051 22.6576 -0.0127414 -1.69179 0.101918 0.322448 
2351.61 -3876.63 3.64237 22.4746 -0.011846 1.46797 0.113531 0.269922 
2288.28 -3722.07 6.06359 22.2916 -0.0109509 4.34469 0.125143 0.139865 
2226.04 -3423.85 8.54417 22.1087 -0.0100564 6.28 0.136755 -0.0325619 
2164.85 -3028.98 11.0841 21.9257 -0.00916294 6.16421 0.148367 0.00406667 
2104.65 -2639.89 13.6832 21.7427 -0.00826949 6.04795 0.15998 -0.00234826 
2045.43 -2256.61 16.3417 21.5597 -0.00737594 6.11083 0.171592 -0.000330968 
1987.21 -1870.2 19.0593 21.3768 -0.00648242 6.13677 0.183204 7.49855e-05 
1930 -1482.48 21.8363 21.1938 -0.00558891 6.156 0.194816 -0.000304195 
1873.8 -1093.81 24.6725 21.0108 -0.0046954 6.17057 0.206429 -0.000431509 
1818.61 -704.408 27.568 20.8279 -0.0038019 6.18224 0.218041 -0.000381996 
1764.44 -314.425 30.5228 20.6449 -0.00290841 6.19167 0.229653 -0.000291147 
1711.3 76.0281 33.5368 20.4619 -0.00201481 6.1994 0.241265 -0.000221567 
1659.2 466.866 36.6101 20.2789 -0.00112072 6.20585 0.252878 -0.000176607 
1608.13 858.026 39.7427 20.0959 -0.000228071 6.21133 0.26449 -0.000144939 
1558.11 1249.46 42.9346 19.913 0.000653206 6.21607 0.276102 -0.000118587 
1509.14 1641.13 46.1851 19.7305 0.00154282 6.22021 0.287714 -9.43352e-05 
1461.22 2033 49.4946 19.548 0.00265756 6.22386 0.299327 -7.17201e-05 
1414.36 2425.06 52.8744 19.3569 0.00398083 6.22711 0.310939 -5.13369e-05 
1368.61 2817.28 56.3355 19.1522 0.00145146 6.23003 0.322551 -3.38288e-05 
1324.02 3209.64 59.6868 19.0846 -0.0111831 6.23263 0.334163 -1.95146e-05 
1280.06 3602.14 62.4125 19.4934 0.0315525 6.23496 0.345776 1.04842e-06 
1234.68 3994.75 67.2396 18.1199 0.351803 6.23604 0.357388 -0.000372575 
1194.97 4387.41 88.17 5 0.0899996 4.74611 0.369 0 
1194.97 4387.41 88.17 5 0.0899996 4.74611 0.369 0 
1206.74 4503.42 91.0678 5 -0.579414 4.30862 1.06081 0.260425 
1218.85 4611.36 81.601 13.8431 0.674312 4.54043 -0.161521 -0.247439 
1217.07 4723.58 95.0298 5 0.0759279 4.1557 0.611536 -0.385213 
1229.09 4828.69 97.6677 5 0.0759276 3.57487 0.611536 -0.458556 
1241.2 4923.08 100.306 5 0.0759273 2.87721 0.611536 -0.496387 
1253.39 5004.57 102.944 5 0.0759269 2.11177 0.611536 -0.510544 
1265.67 5071.93 105.581 5 0.0759264 1.31402 0.611536 -0.507479 
1278.04 5124.55 108.219 5 0.075926 0.510885 0.611536 -0.49126 
1290.49 5162.33 110.857 5 0.0759256 -0.276962 0.611536 -0.465435 
1303.03 5185.57 113.495 5 0.0759252 -1.03445 0.611536 -0.434545 
1315.65 5194.81 116.133 5 0.0759248 -1.75313 0.611536 -0.402601 
1328.37 5190.78 118.771 5 0.0759245 -2.43009 0.611536 -0.369339 
1341.16 5174.24 121.409 5 0.0759241 -3.06148 0.611536 -0.331392 
1354.05 5146.04 124.046 5 0.0759238 -3.63775 0.611536 -0.286776 
1367.03 5107.2 126.684 5 0.0759236 -4.14575 0.611537 -0.236832 
1380.1 5058.98 129.322 5 0.0759233 -4.57413 0.611537 -0.185529 
1393.26 5002.84 131.96 5 0.0759231 -4.91787 0.611537 -0.13771 
1406.51 4940.35 134.598 5 0.075923 -5.18026 0.611537 -0.0972338 
1419.85 4873.02 137.236 5 0.0759229 -5.37165 0.611537 -0.0659165 
1433.29 4802.15 139.873 5 0.0759228 -5.50644 0.611537 -0.0435671 
1446.83 4728.79 142.511 5 0.0759228 -5.5996 0.611537 -0.0287031 
1460.46 4653.71 145.149 5 0.0759227 -5.66429 0.611537 -0.0193765 
1474.19 4577.43 147.787 5 0.0759227 -5.71067 0.611537 -0.0137612 
1488.01 4500.3 150.425 5 0.0759227 -5.74587 0.611537 -0.0104327 
1501.94 4422.52 153.062 5 0.0759227 -5.77445 0.611537 -0.00841468 
1515.95 4344.21 155.7 5 0.0759227 -5.79915 0.611537 -0.00710291 
1530.07 4265.45 158.338 5 0.0759226 -5.82147 0.611537 -0.00615171 
1544.29 4186.27 160.976 5 0.0759226 -5.84218 0.611537 -0.00536562 
1558.6 4106.71 163.614 5 0.0759226 -5.8616 0.611537 -0.00460824 
1573.01 4026.79 166.252 5 0.0759226 -5.87968 0.611537 -0.00371677 
1587.51 3946.54 168.889 5 0.0759227 -5.89577 0.611535 -0.00239402 
1602.12 3865.99 171.527 5 0.0759166 -5.90794 0.61164 -3.28763e-05 
1616.82 3785.21 174.165 5 0.0762002 -5.91129 0.606751 0.00458007 
1631.61 3704.37 176.808 5 0.062991 -5.89408 0.609219 0.0136823 
1646.52 3623.86 179.207 5.18362 0.0568778 -5.82981 0.599286 -0.00738556 
1661.24 3544.52 181.487 5.43914 0.0556267 -5.87361 0.582979 -0.0111743 
1675.67 3464.38 183.737 5.69478 0.054129 -5.946 0.566673 -0.00522313 
1689.8 3382.91 185.952 5.95399 0.0524103 -5.98665 0.550367 -0.000864257 
1703.63 3300.68 188.127 6.21944 0.0511002 -5.99731 0.534061 0.000183681 
1717.15 3218.25 190.271 6.48465 0.0512829 -5.99893 0.517755 -7.66606e-05 
1730.35 3135.8 192.409 6.72866 0.0528824 -6.00321 0.501449 -0.000325581 
1743.27 3053.27 194.57 6.93412 0.0521594 -6.01134 0.485143 -0.000345305 
1755.97 2970.59 196.712 7.1383 0.0424179 -6.02117 0.468837 -0.00028011 
1768.45 2887.72 198.668 7.4681 0.0236314 -6.03153 0.45253 -0.000203651 
1780.52 2804.67 200.266 8.0355 0.0179765 -6.04212 0.436224 -7.34105e-05 
1791.81 2721.42 201.744 8.62736 0.0667425 -6.04943 0.419918 0.000176172 
1802.26 2638.03 204.105 8.47598 0.173025 -6.03507 0.403612 0.000446459 
1812.99 2554.91 208.433 6.86255 0.205518 -5.94438 0.387306 0.000364344 
1826.25 2473.47 213.41 5 -0.0899997 -5.69248 0.369 0 
1826.25 2473.47 213.41 5 -0.0899997 -5.69248 0.369 0 
1846.66 2341.65 213.106 6.69539 -0.802128 -6.25452 1.15369 1.01826 
1863.19 2192.08 190.212 24.0681 0.769189 -2.97065 -0.176776 0.995309 
1833.38 2146.31 216.094 5 0.0988937 0.274508 0.521371 0.956734 
1853.99 2203.06 221.759 5 0.0988952 3.42632 0.521372 0.836219 
1875.04 2359.4 227.424 5 0.0988967 6.1994 0.521371 0.00074557 
1896.51 2603.38 233.089 5 0.0988967 6.21225 0.521371 -0.00390503 
1918.35 2847.76 238.755 5 0.0988967 6.20914 0.521371 -0.00412828 
1940.54 3092.04 244.42 5 0.0988967 6.20495 0.521372 -0.00416288 
1963.1 3336.2 250.085 5 0.0988967 6.20031 0.521372 -0.00423101 
1986.01 3580.2 255.75 5 0.0988966 6.19504 0.521372 -0.00432166 
2009.28 3824.04 261.416 5 0.0988966 6.18904 0.521372 -0.00444363 
2032.91 4067.69 267.081 5 0.0988966 6.18212 0.521372 -0.00460869 
2056.9 4311.12 272.746 5 0.0988966 6.17406 0.521372 -0.004835 
2081.24 4554.29 278.412 5 0.0988965 6.16455 0.521373 -0.00515019 
2105.95 4797.17 284.077 5 0.0988965 6.15316 0.521373 -0.00556136 
2131.01 5039.68 289.742 5 0.0988964 6.13943 0.521374 -0.00587886 
2156.43 5281.76 295.407 5 0.0988965 6.12342 0.52137 -0.00601844 
2182.21 5523.34 301.073 5 0.0988734 6.10391 0.521766 -0.00906082 
2208.35 5764.3 306.737 5 0.10071 6.06741 0.490102 -0.0143677 
2234.84 6004.1 312.46 5 -0.0470226 6.03143 0.843842 0.0066053 
2261.79 6242.77 312.618 5 -0.0460797 6.07897 0.827563 -0.133023 
2288.75 6482.94 310.644 5 -0.0451345 5.3644 0.81126 -0.312533 
2315.57 6700.53 308.699 5 -0.0441894 3.83651 0.794956 -0.381025 
2342.22 6869.83 306.784 5 -0.0432444 1.99068 0.77865 -0.39167 
2368.71 6980.81 304.899 5 -0.0422995 0.0583131 0.762345 -0.373874 
2395.03 7030.72 303.044 5 -0.0413545 -1.85029 0.746039 -0.33184 
2421.18 7020.33 301.219 5 -0.0404094 -3.63809 0.729733 -0.252427 
2447.17 6953.43 299.424 5 -0.0394642 -5.13913 0.713427 -0.115792 
2473 6839.1 297.658 5 -0.0385186 -6.02094 0.697121 0.00448873 
2498.71 6696.9 295.923 5 -0.0375726 -6.06472 0.680815 -0.00739025 
2524.3 6553.33 294.217 5 -0.0366266 -6.04571 0.664509 -0.00471266 
2549.78 6410.35 292.541 5 -0.0356806 -6.0945 0.648203 -0.000439195 
2575.16 6265.83 290.895 5 -0.0347346 -6.12106 0.631897 -0.000454511 
2600.43 6120.47 289.279 5 -0.0337886 -6.13696 0.615591 -0.000597339 
2625.6 5974.61 287.693 5 -0.0328426 -6.15055 0.599285 -0.000418806 
2650.66 5828.31 286.137 5 -0.0318965 -6.16229 0.582979 -0.000233683 
2675.63 5681.65 284.611 5 -0.0309505 -6.17214 0.566673 -0.000112427 
2700.5 5534.68 283.114 5 -0.0300045 -6.18046 0.550367 -3.17968e-05 
2725.27 5387.44 281.648 5 -0.0305478 -6.18744 0.534061 0.000804004 
2749.95 5239.99 280.164 5.03581 -0.0388917 -6.1696 0.517755 -0.000534734 
2774.45 5093.09 278.415 5.28759 -0.0401027 -6.19534 0.501449 -8.70721e-05 
2798.2 4945.39 276.615 5.53938 -0.042857 -6.20518 0.485143 3.90094e-05 
2821.21 4797.37 274.715 5.82828 -0.0470941 -6.20888 0.468837 3.448e-05 
2843.36 4649.24 272.666 6.18231 -0.0416486 -6.21207 0.452531 2.21718e-05 
2864.49 4501 270.772 6.35525 -0.0073876 -6.21541 0.436224 1.51762e-05 
2885.03 4352.67 269.952 5.69162 0.000407131 -6.21856 0.419918 -1.54506e-05 
2907.2 4204.23 269.411 5 -0.267717 -6.22924 0.403612 4.18971e-05 
2931.25 4055.45 260.433 10.9198 -1.28081 -6.21057 0.387306 0.000434286 
2940.39 3907.27 219.14 40 -0.0899998 -5.41279 0.369 0 
2940.39 3907.27 219.14 40 -0.0899998 -5.41279 0.369 0 
2888.59 3828.46 212.537 33.1392 1.4 -1.33204 -0.188388 0.655282 
2847.81 3837.76 238.35 11.5715 -0.349501 3.34526 -0.176775 -0.885919 
2846.3 3948.05 227.126 21.7733 -1.4 -1.65875 0.499158 -0.60355 
2827.02 3950.28 192.863 40 -0.480581 -6.03865 -0.0960133 -0.00479713 
2774.24 3857.95 177.825 40 -0.480581 -6.12637 -0.0960136 0.00138375 
2720.81 3763.72 162.786 40 -0.480581 -6.10651 -0.0960128 0.000802794 
2666.74 3669.93 147.748 40 -0.480578 -6.09582 -0.09607 0.000894202 
2612.01 3576.36 132.71 40 -0.480758 -6.08276 -0.0929611 0.00176975 
2556.63 3483.08 117.668 40 -0.470905 -6.05165 -0.0946273 -0.00394327 
2500.59 3390.46 102.838 39.8397 -0.466675 -6.14491 -0.0838775 0.00261133 
2444.19 3295.84 88.106 39.6222 -0.460688 -6.09148 -0.0722653 0.00442284 
2387.52 3202.36 73.5104 39.3259 -0.461893 -5.99233 -0.060653 0.00180481 
2330.74 3111.03 58.899 39.08 -0.486235 -5.95332 -0.0490408 -0.000235885 
2273.77 3020.54 43.7705 39.2576 -0.522804 -5.96328 -0.0374285 0.00247605 
2215.84 2929.84 27.8461 40 -0.484652 -5.90092 -0.0258163 0.00170748 
2155.93 2840.48 12.7199 40 -0.258128 -5.85646 -0.014204 -0.000540414 
2095.26 2752.08 2.4858 38.7911 8.32448e-05 -5.87632 -0.00259179 0.0015377 
2036.14 2663.25 0.00103494 38.4134 0.0418446 -5.83132 0.00902045 0.000708631 
1977.54 2575.4 0.00103494 38.2305 0.0427388 -5.81115 0.0206327 -8.26811e-05 
1919.26 2487.98 0.00103494 38.0475 0.0436322 -5.81778 0.0322449 -0.000123962 
1861.29 2400.41 0.00103494 37.8645 0.0445255 -5.8262 0.0438572 3.4388e-05 
1803.64 2312.67 0.00103494 37.6816 0.0454188 -5.82847 0.0554694 4.27655e-05 
1746.31 2224.87 0.00103494 37.4986 0.0463122 -5.83027 0.0670817 -0.000153941 
1689.29 2137.04 0.00103494 37.3156 0.0472058 -5.84124 0.0786939 -0.000286901 
1632.59 2048.96 0.00103928 37.1326 0.0480999 -5.85959 0.0903062 0.00113946 
1576.21 1960.5 4.75694 36.9497 0.0489944 -5.79856 0.101918 0.00224986 
1520.34 1873.35 9.53878 36.7667 0.0498879 -5.66044 0.113531 0.00356156 
1465.01 1789.18 14.3463 36.5837 0.0507811 -5.42089 0.125143 0.00654129 
1410.2 1710.18 19.1794 36.4008 0.0516755 -4.95577 0.136755 0.0123376 
1355.93 1641.23 24.0381 36.2178 0.0525728 -4.03958 0.148367 0.0199101 
1302.19 1592.07 28.9226 36.0348 0.0534708 -2.49251 0.15998 0.0255809 
1249.01 1576.31 33.8328 35.8517 0.0543585 -0.389906 0.171592 0.0257244 
1196.4 1605.97 38.7685 35.6688 0.0552252 1.90119 0.183204 0.0200101 
1144.36 1685.1 43.7293 35.4863 0.0560977 3.91439 0.194816 0.0115249 
1092.88 1807.71 48.7152 35.3041 0.0570694 5.31769 0.206429 0.00416875 
1041.95 1960.63 53.7284 35.1205 0.0581981 6.03316 0.218041 9.52195e-05 
991.576 2129 58.7724 34.9332 0.0591969 6.22079 0.229653 -0.00100188 
941.743 2301.42 63.8444 34.7447 0.0592975 6.15292 0.241265 -0.000712568 
892.454 2472.38 68.9251 34.57 0.0582949 6.04768 0.252878 -0.00027645 
843.686 2641.06 73.9902 34.4253 0.0590406 5.98934 0.26449 -5.68604e-05 
795.387 2808.48 79.0764 34.2777 0.0676247 5.97506 0.276102 1.03802e-05 
747.559 2975.59 84.3531 33.9987 0.0832413 5.98372 0.287714 2.04789e-05 
700.435 3142.89 89.9767 33.4914 0.0788421 6.00129 0.299327 1.42873e-05 
654.436 3310.57 95.5229 33.1166 0.00820899 6.01985 0.310939 4.34545e-07 
609.355 3478.65 99.5566 33.9441 -0.0998391 6.02722 0.322551 2.13257e-05 
563.064 3646.88 101.228 36.4193 0.00161013 6.07458 0.334163 8.98399e-05 
512.519 3816.15 105.005 36.8682 0.644337 5.63806 0.345776 -0.00189018 
461.075 3975.99 122.647 26.6826 1.4 1.97238 0.357388 -2.20207e-05 
427.631 4056.65 156.961 5.25465 0.0899992 1.36397 0.369 0 
427.631 4056.65 156.961 5.25465 0.0899992 1.36397 0.369 0 
446.638 4145.71 161.892 5 -0.834384 0.189809 1.15369 0.982359 
467.117 4198.66 138.395 23.3082 0.70097 2.95567 -0.176776 0.97444 
440.135 4336.73 161.233 6.19364 0.128089 5.72844 0.500951 0.1718 
457.174 4560.08 167.289 5 0.0823708 6.15186 0.586247 -0.0135422 
477.568 4796.46 171.998 5 0.0823708 6.1189 0.586247 -0.00611896 
498.251 5031.82 176.707 5 0.0823708 6.11221 0.586247 -0.00930458 
519.224 5266.98 181.415 5 0.0823708 6.09513 0.586247 7.8531e-05 
540.487 5501.61 186.124 5 0.0823708 6.10043 0.586247 0.0275737 
562.04 5736.41 190.833 5 0.0823708 6.186 0.586247 0.0241557 
583.886 5973.84 195.541 5 0.0823709 6.28 0.586247 -0.0639869 
606.025 6214.16 200.25 5 0.0823708 6.12845 0.586247 -0.199257 
628.449 6449.81 204.959 5 0.0823705 5.55824 0.586247 -0.322783 
651.151 6667.93 209.668 5 0.08237 4.57796 0.586247 -0.410882 
674.118 6855.88 214.376 5 0.0823693 3.2849 0.586247 -0.463177 
697.344 7004.05 219.085 5 0.0823685 1.78838 0.586247 -0.484909 
720.824 7106.17 223.793 5 0.0823677 0.186544 0.586247 -0.479011 
744.555 7159.02 228.502 5 0.0823668 -1.42896 0.586247 -0.444209 
768.536 7162.15 233.211 5 0.082366 -2.95984 0.586247 -0.377055 
792.77 7118.19 237.919 5 0.0823653 -4.29267 0.586247 -0.27857 
817.262 7033.22 242.628 5 0.0823648 -5.31074 0.586247 -0.163749 
842.019 6916.92 247.336 5 0.0823644 -5.93929 0.586247 -0.0630326 
867.051 6781.29 252.045 5 0.0823643 -6.20411 0.586248 -0.00359199 
892.366 6637.51 256.753 5 0.0823643 -6.23585 0.586248 0.0140767 
917.972 6492.75 261.461 5 0.0823643 -6.18637 0.586248 0.0108695 
943.868 6349.51 266.17 5 0.0823643 -6.14277 0.586248 0.00459891 
970.056 6207.62 270.878 5 0.0823643 -6.12394 0.586248 0.000958745 
996.535 6066.31 275.587 5 0.0823643 -6.12187 0.586248 -0.000440665 
1023.3 5925.06 280.295 5 0.0823643 -6.12748 0.586248 -0.000779334 
1050.36 5783.63 285.004 5 0.0823643 -6.13581 0.586248 -0.000728539 
1077.71 5641.95 289.712 5 0.0823643 -6.1447 0.586248 -0.000570576 
1105.35 5500 294.421 5 0.0823642 -6.1533 0.586248 -0.000410649 
1133.28 5357.78 299.129 5 0.0823642 -6.16138 0.586249 -0.000287905 
1161.5 5215.31 303.838 5 0.0823638 -6.16905 0.586255 -0.000228958 
1190.01 5072.61 308.546 5 0.082391 -6.1768 0.585786 -0.00014198 
1218.81 4929.67 313.256 5 0.0802599 -6.18454 0.584128 0.00430209 
1247.9 4786.49 317.899 5.05214 0.0705873 -6.14383 0.58298 -0.00306105 
1277.15 4644.57 322.243 5.32179 0.0711962 -6.18659 0.566673 -0.000567422 
1306.01 4501.32 326.592 5.54528 0.0754472 -6.19818 0.550367 0.000178765 
1334.58 4357.73 331.061 5.64658 0.0697492 -6.20009 0.534061 0.000162205 
1363.18 4214.07 335.349 5.88308 0.0188518 -6.2025 0.517755 9.5466e-05 
1391.5 4070.34 338.06 6.31019 -0.0361986 -6.20582 0.501449 7.45412e-05 
1418.96 3926.51 336.676 6.55768 -0.0396967 -6.20913 0.485143 6.47297e-05 
1445.72 3782.58 335.171 6.85956 -0.0458657 -6.21218 0.468837 5.24564e-05 
1471.66 3638.55 333.463 7.26746 -0.0387547 -6.21505 0.452531 3.68404e-05 
1496.48 3494.44 331.953 7.44927 0.0120551 -6.21807 0.436224 1.62352e-05 
1520.72 3350.23 331.997 6.42742 0.0390801 -6.222 0.419918 -1.72394e-05 
1547.48 3205.9 332.923 5 -0.307643 -6.22901 0.403611 3.75345e-05 
1578.02 3061.36 323.252 11.9969 -1.26403 -6.24118 0.387306 0.000579147 
1591.3 2916.45 283.81 40 -0.0899997 -5.62462 0.369 0 
1591.3 2916.45 283.81 40 -0.0899997 -5.62462 0.369 0 
1568.03 2877.42 281.368 37.4396 1.19746 -4.52857 -0.188388 0.682197 
1546.51 2849.3 291.779 25.543 1.4 -3.04254 -0.176775 0.434934 
1534.65 2835.96 304.395 15.4916 0.49593 -1.88716 -0.165163 -0.0237989 
1531.25 2834.11 308.175 12.9316 -1.32781 -2.1776 -0.153547 -0.288554 
1530.32 2829.37 293.847 24.3396 -1.4 -3.48619 0.385778 -0.302553 
1520.02 2811.61 278.62 34.2528 -0.436285 -4.72765 -0.130326 -0.177549 
1501.31 2781.51 272.824 34.9061 -0.42869 -5.57948 -0.118714 -0.0235901 
1481.95 2742.93 267.093 35.4545 -0.342339 -5.71353 -0.107102 0.085608 
1462.02 2703.01 262.213 35.3084 -0.188052 -5.33983 -0.0954897 0.127946 
1442.09 2666.82 258.87 33.9986 -0.0320864 -4.78133 -0.0838775 0.118316 
1423.1 2636.18 257.1 31.5879 0.015835 -4.24018 -0.0722652 0.085151 
1406 2610.92 255.846 31.004 -0.146806 -3.82033 -0.060653 0.0546957 
1389.37 2589.85 252.983 32.2581 -0.345325 -3.5302 -0.0490407 0.0409179 
1371.73 2571.66 248.124 32.3164 -0.406033 -3.29998 -0.0374285 0.0439431 
1353.96 2555.76 242.66 32.8255 -0.443263 -3.04074 -0.0258162 0.0558892 
1335.68 2542.44 236.817 33.5783 -0.41481 -2.69723 -0.014204 0.0679589 
1316.69 2532.54 231.246 34.0618 -0.298465 -2.26252 -0.00259174 0.0747681 
1297.18 2526.97 226.824 33.628 -0.120649 -1.76222 0.00902051 0.0751916 
1277.89 2526.37 224.179 31.8711 0.0314448 -1.23119 0.0206328 0.0709596 
1259.92 2531.06 223.076 31.6838 0.0333907 -0.697801 0.032245 0.0646656 
1242.09 2541.06 224.607 31.4888 0.0349141 -0.177622 0.0438572 0.0583044 
1224.45 2556.23 226.156 31.2898 0.0352972 0.325599 0.0554695 0.0527341 
1207 2576.41 227.713 31.0957 0.034178 0.814573 0.0670817 0.0478921 
1189.74 2601.46 229.261 30.9176 0.0320366 1.29237 0.078694 0.0433286 
1172.65 2631.26 230.791 30.7622 0.0303895 1.75864 0.0903062 0.0386654 
1155.73 2665.69 232.307 30.6242 0.0313675 2.20917 0.101918 0.0338002 
1138.95 2704.62 233.835 30.4827 0.0365852 2.63759 0.113531 0.0288785 
1122.31 2747.8 235.417 30.3057 0.0456576 3.03779 0.125143 0.0241535 
1105.85 2794.97 237.092 30.0664 0.0552003 3.40563 0.136755 0.01985 
1089.62 2845.8 238.866 29.7653 0.0593342 3.73955 0.148367 0.0160935 
1073.66 2899.95 240.686 29.4473 0.0522939 4.04018 0.15998 0.0129086 
1057.99 2957.09 242.441 29.1982 0.0326203 4.30948 0.171592 0.0102541 
1042.57 3016.92 244.004 29.109 0.0069494 4.54991 0.183204 0.00806322 
1027.25 3079.13 245.314 29.2149 -0.00956501 4.76391 0.194816 0.0062693 
1011.88 3143.48 246.457 29.4339 0.00135527 4.95375 0.206429 0.00481404 
996.361 3209.71 247.705 29.5508 0.0500466 5.12158 0.218041 0.00364503 
980.762 3277.61 249.436 29.2865 0.126453 5.26938 0.229653 0.00271094 
965.395 3346.99 251.931 28.4557 0.194302 5.39878 0.241265 0.00195942 
950.727 3417.65 255.115 27.1601 0.200298 5.51047 0.252878 0.00133868 
937.156 3489.42 258.38 25.8979 0.10134 5.60327 0.26449 0.000801734 
924.676 3562.12 260.679 25.4617 -0.0981778 5.67263 0.276102 0.00031241 
912.631 3635.5 261 26.5592 -0.319216 5.70827 0.287714 -0.00014731 
899.761 3709.24 259.104 29.2539 -0.41694 5.69103 0.299327 -0.000568587 
884.724 3782.81 256.193 32.5086 -0.242231 5.58908 0.310939 -0.000908287 
866.998 3855.37 254.968 34.2244 0.254506 5.35634 0.322551 -0.00109133 
847.779 3925.61 258.659 32.0632 0.924424 4.93861 0.334163 -0.00103784 
830.22 3991.7 269.051 24.9652 1.4 4.29434 0.345776 -0.000314316 
818.428 4051.36 284.289 14.7218 1.21812 3.82831 0.357388 -3.34411e-05 
815.14 4106.39 297.88 5.89359 0.0899998 3.62727 0.369 0 
815.14 4106.39 297.88 5.89359 0.0899998 3.62727 0.369 0 
888.916 4747.49 320.582 5 -0.0819684 -3.973 1.15369 0.70267 
976.983 4439.8 321.994 5 0.120861 6.25682 0.435144 -0.00286926 
1065.91 5409.15 348.727 5 0.120861 6.25226 0.435144 -0.00298405 
1161.53 6377.94 375.46 5 0.120861 6.24464 0.435144 -0.00330434 
1263.83 7345.77 402.193 5 0.120861 6.23067 0.435144 -0.00431368 
1372.82 8311.86 428.926 5 0.120861 6.19889 0.435144 -0.00928633 
1488.49 9273.98 455.659 5 0.120861 6.08147 0.435144 -0.157624 
1610.84 10221.4 482.392 5 0.120859 3.40859 0.435152 -0.284991 
1739.6 10835.2 509.125 5 0.120998 -1.50674 0.432719 -5.23274e-05 
1874.57 10835.4 535.875 5 0.0757268 -1.51088 0.651235 0.000181047 
2016.34 10835.1 556.974 5 -0.0725067 -1.50779 0.990631 -2.57703e-05 
2163.75 10835.2 544.264 5 -0.0715607 -1.50827 0.974326 -1.36284e-05 
2307.98 10835.2 531.672 5 -0.0706147 -1.50823 0.95802 -1.6611e-05 
2449.07 10835.2 519.198 5 -0.0696687 -1.50825 0.941714 -1.22988e-05 
2587.02 10835.2 506.842 5 -0.0687227 -1.50822 0.925408 -1.46354e-05 
2721.89 10835.2 494.605 5 -0.0677767 -1.50823 0.909102 -1.56055e-05 
2853.69 10835.2 482.485 5 -0.0668306 -1.50828 0.892796 -1.89705e-05 
2982.46 10835.2 470.484 5 -0.0658846 -1.50843 0.87649 8.22515e-06 
3108.23 10835.1 458.6 5 -0.0649386 -1.50787 0.860184 -5.64591e-05 
3231.02 10835.2 446.835 5 -0.0639925 -1.50916 0.843877 6.29687e-05 
3350.87 10835.1 435.188 5 -0.0630465 -1.50703 0.827571 -0.000175398 
3467.8 10835.2 423.659 5 -0.0621005 -1.51212 0.811265 0.000394692 
3581.84 10834.7 412.248 5 -0.0611544 -1.49893 0.794959 -0.000413962 
3693.03 10835.9 400.955 5 -0.0602084 -1.51572 0.778653 0.000219196 
3801.39 10835 389.78 5 -0.0592624 -1.50745 0.762347 -1.45091e-05 
3906.95 10835.1 378.724 5 -0.0583163 -1.50759 0.746041 -6.89018e-05 
4009.75 10835.2 367.785 5 -0.0573703 -1.50933 0.729735 -4.03241e-05 
4109.8 10835 356.965 5 -0.0564243 -1.50874 0.713429 5.1354e-06 
4207.15 10835 346.262 5 -0.0554782 -1.50473 0.697122 -8.66897e-05 
4301.82 10835.4 335.678 5 -0.0545322 -1.50948 0.680816 -2.66068e-05 
4393.84 10835.2 325.212 5 -0.0535862 -1.51089 0.66451 9.57672e-05 
4483.24 10834.9 314.864 5 -0.0526401 -1.50337 0.648204 -7.27299e-05 
4570.05 10835.5 304.634 5 -0.0516941 -1.50992 0.631898 6.03186e-05 
4654.3 10835.3 294.522 5 -0.0507481 -1.50532 0.615592 0.000236984 
4736.01 10835.7 284.528 5 -0.049802 -1.51906 0.599286 0.0030819 
4815.23 10834.3 274.652 5 -0.0488561 -1.68118 0.58298 -0.0476389 
4891.95 10812.7 264.895 5 -0.0479124 -6.04923 0.566673 -0.000948691 
4965.8 10245.9 255.255 5 -0.0469664 -6.20131 0.550367 -3.44776e-05 
5037.22 9660.01 245.733 5 -0.0460204 -6.23139 0.534061 5.64659e-05 
5106.25 9070.39 236.33 5 -0.0450744 -6.24367 0.517755 6.08385e-05 
5172.92 8479.25 227.044 5 -0.0441284 -6.25109 0.501449 6.14553e-05 
5237.27 7887.17 217.877 5.00001 -0.173477 -6.25602 0.485143 4.96027e-05 
5299.65 7294.49 192.562 17.3748 -0.150937 -6.25946 0.468837 3.62415e-05 
5231.86 6701.47 167.585 17.6319 -0.152205 -6.262 0.452531 2.85037e-05 
5155.26 6108.13 142.399 17.8901 -0.153287 -6.264 0.436224 1.92583e-05 
5069.77 5514.55 117.025 18.1309 -0.152898 -6.26566 0.419918 1.10444e-05 
4975.53 4920.76 91.6523 18.2287 -0.171834 -6.26702 0.403612 5.11633e-06 
4874 4326.8 63.8959 20.1353 -0.376302 -6.26815 0.387306 0.000275744 
4746.98 3732.72 10.2333 40 1.4 -2.62429 0.369 0 
