grtopS_101_5
50
2 2
12 12 
0 9 2 10 5 8 7 6 3 4 1 11 
0 9 2 10 5 8 7 6 3 4 1 11 
2339.37 9.04095 150.161 64.779 42.2303 93.6772 108.815 8.18248 3.30211e-13 73.5994 3.8027 
118333 9.06755e-11 25.2855 0 21.5308 1.48104 0 40.0174 0 43.9309 0 
47.7423 0.184509 3.06452 1.32202 0.861842 1.91178 2.22072 0.166989 6.73901e-15 1.50203 0.0776062 
2414.97 1.85052e-12 0.51603 0 0.439404 0.0302252 0 0.816682 0 0.89655 0 
1.04281e-12 0.142961 0 0 8.57652e-07 4.94344e-08 0.139242 0.126391 248.3 0.086629 452.178 
1.44985e-06 5.43564 1.44254e-06 9.40569 1.4461e-06 5.16063e-07 11.2729 0.00824436 8.71255 0.0886716 14.68 
103.52 5.41 575.07 23.5888 0.60332 0 0.0971862 0 
103.52 5.41 575.07 23.5888 0.60332 1.0428e-12 0.097308 -0.00302477 
103.52 5.41 575.07 23.5858 0.623811 -0.0600358 0.0963714 0.0038348 
47.8452 -7.8014 593.991 16.5134 0.690301 -0.0199907 0.149148 0.0146159 
51.89 -341.54 482.995 23.8494 0.595928 0.117004 0.0952801 -0.000661926 
50.4981 -326.573 483.198 23.6644 0.598151 0.116876 0.0966396 -0.000279935 
49.2307 -320.297 480.454 23.6854 0.597749 0.120418 0.0964871 -0.000328204 
47.9724 -312.94 477.904 23.6948 0.597544 0.123711 0.0964168 -0.000350064 
46.7236 -305.081 475.419 23.6858 0.597544 0.12693 0.0964826 -0.000334605 
45.4942 -297.575 472.691 23.6857 0.597421 0.130455 0.0964835 -0.000338033 
44.2786 -289.995 469.847 23.6875 0.597283 0.13413 0.0964703 -0.000344877 
43.0753 -282.257 466.922 23.6839 0.597204 0.137911 0.0964968 -0.000340867 
41.8873 -274.612 463.825 23.6821 0.597099 0.141911 0.0965092 -0.00034068 
40.7123 -266.968 460.583 23.6781 0.597032 0.1461 0.0965373 -0.000335503 
39.5529 -259.439 457.171 23.6679 0.596986 0.15051 0.0966131 -0.000319416 
38.4101 -252.282 453.44 23.6757 0.596753 0.155318 0.0965549 -0.00033924 
37.2741 -244.669 449.704 23.6657 0.596718 0.160145 0.0966279 -0.000322956 
36.1544 -237.427 445.665 23.6628 0.596589 0.165356 0.0966484 -0.000321558 
35.0462 -230.216 441.428 23.6577 0.596465 0.170821 0.0966861 -0.000316233 
33.9499 -223.126 436.937 23.658 0.596284 0.176611 0.0966827 -0.000321785 
32.8628 -215.909 432.288 23.6498 0.596188 0.182608 0.0967426 -0.000310293 
31.7885 -208.952 427.328 23.6469 0.596016 0.189003 0.0967639 -0.000310031 
30.724 -202.002 422.127 23.6434 0.59584 0.195707 0.0967888 -0.000308991 
29.6688 -195.075 416.67 23.6393 0.595664 0.20274 0.0968184 -0.000306795 
28.6229 -188.197 410.938 23.6342 0.595485 0.210127 0.0968554 -0.000303005 
27.5861 -181.406 404.902 23.6303 0.595281 0.217905 0.0968837 -0.000301883 
26.5574 -174.639 398.571 23.625 0.595079 0.226063 0.0969217 -0.000298489 
25.5371 -167.949 391.91 23.6206 0.594854 0.234644 0.0969535 -0.000297174 
24.5244 -161.289 384.92 23.6155 0.594623 0.243648 0.0969908 -0.000294752 
23.519 -154.683 377.577 23.6105 0.594374 0.253106 0.0970264 -0.000293225 
22.5205 -148.113 369.869 23.6055 0.594114 0.263033 0.0970622 -0.000291842 
21.5285 -141.572 361.786 23.5988 0.593859 0.273445 0.0971112 -0.00028723 
20.5439 -135.135 353.282 23.5922 0.593578 0.284398 0.0971587 -0.000283811 
19.5662 -128.776 344.34 23.5875 0.593258 0.295912 0.0971924 -0.000284707 
18.5942 -122.396 334.974 23.5818 0.592932 0.307973 0.0972342 -0.000283868 
17.6283 -116.036 325.15 23.576 0.592589 0.320623 0.0972757 -0.000283537 
16.668 -109.683 314.852 23.5693 0.592237 0.333884 0.0973243 -0.000281843 
15.7134 -103.369 304.044 23.5626 0.591852 0.347798 0.0973729 -0.000281294 
14.7633 -97.072 292.699 23.5597 0.591403 0.362402 0.0973934 -0.000288888 
13.8144 -90.6016 280.859 23.5541 0.590973 0.377644 0.0974334 -0.000291313 
12.8692 -84.0752 268.47 23.546 0.590559 0.393596 0.0974916 -0.000288812 
11.9293 -77.6037 255.477 23.534 0.590162 0.410324 0.0975785 -0.000279227 
10.9955 -71.3484 241.791 23.5241 0.589736 0.427944 0.0976179 -0.000286793 
10.0664 -65.2103 227.442 23.5043 0.584194 0.446163 0.0979739 -0.000481891 
8.90637 -56.3129 207.416 25.4902 0.555557 0.470263 0.0835589 -0.00462825 
6.19354 48.957 214.626 26.798 0.541457 0.462475 0.073893 -0.00638659 
4.86434 214.653 244.188 26.1398 0.552385 0.444605 0.0786398 -0.00540838 
22.2475 347.49 266.056 25.2832 0.565721 0.426916 0.0844797 0.0235376 
49.3258 438.127 277.086 24.4451 0.517447 0.960273 0.0911449 -0.0184783 
584.184 526.662 220.646 40 0.09 0.744669 0.0961862 0 
584.184 526.662 220.646 40 0.09 0.744669 0.0961862 0 
578.964 531.852 220.655 39.2793 0.452786 0.601921 -0.188388 -1.02859 
573.859 536.713 221.502 37.963 0.701017 0.328268 -0.176776 -1.00718 
568.99 540.944 222.925 36.2304 0.923857 0.0573131 -0.165163 -0.985776 
564.435 544.551 224.867 34.1323 1.1123 -0.210944 -0.153551 -0.964367 
560.268 547.54 227.252 31.7344 1.25846 -0.476501 -0.141939 -0.942959 
556.547 549.918 229.981 29.1154 1.35593 -0.73936 -0.130327 -0.921551 
553.316 551.689 232.945 26.3637 1.4 -0.999519 -0.118708 -0.900143 
550.605 552.862 236.02 23.575 1.38794 -1.25698 -0.107096 -0.878735 
548.422 553.441 239.077 20.8481 1.31908 -1.51174 -0.0954835 -0.857327 
546.759 553.434 241.986 18.2816 1.19493 -1.76379 -0.0838712 -0.835918 
545.588 552.846 244.619 16.1726 1.01914 -2.01315 -0.0722586 -0.81451 
544.825 551.683 246.855 14.4849 0.801818 -2.2598 -0.0606459 -0.793102 
544.395 549.952 248.597 13.202 0.552273 -2.50376 -0.0490328 -0.771694 
544.219 547.66 249.769 12.3743 0.27942 -2.745 -0.0374193 -0.750286 
544.214 544.812 250.316 12.0357 -0.00675012 -2.98355 -0.0258051 -0.728878 
544.287 541.414 250.205 12.2023 -0.295532 -3.21939 -0.0141896 -0.707469 
544.341 537.474 249.429 12.8711 -0.575902 -3.45253 -0.00257169 -0.686061 
544.281 532.997 248.005 14.0197 -0.836928 -3.68297 0.00905252 -0.664653 
544.014 527.99 245.976 15.607 -1.06819 -3.9107 0.0207005 -0.643245 
543.455 522.459 243.408 17.5745 -1.26019 -4.13573 0.0329196 -0.621837 
542.53 516.409 240.392 19.8474 -1.39997 -4.35805 0.0447376 -0.600429 
541.177 509.849 237.045 22.3299 -1.39995 -4.57767 0.0569736 -0.57902 
539.351 502.783 233.689 24.7739 -1.39991 -4.79459 0.380009 -0.557612 
537.058 495.218 230.324 27.1476 -1.24645 -5.0088 0.416185 -0.536204 
534.304 487.16 227.304 29.0128 -0.764769 -5.2203 0.167088 -0.514796 
531.17 478.616 225.386 29.9474 -0.614874 -5.42911 0.102343 -0.493388 
527.847 469.591 223.811 30.6117 -0.467179 -5.63521 0.113697 -0.47198 
524.387 460.092 222.575 31.0062 -0.301561 -5.8386 0.125237 -0.450571 
520.841 450.124 221.773 31.1035 -0.123843 -6.03929 0.136819 -0.429163 
517.264 439.695 221.425 30.8868 0.0594869 -6.23728 0.148415 -0.0979399 
513.717 428.81 221.501 30.3511 0.241576 -6.28 0.160018 -0.199829 
510.261 417.826 221.995 29.5033 0.415474 -6.28 0.171624 -0.121475 
506.955 406.842 222.865 28.3625 0.5744 -6.28 0.183233 -0.181679 
503.857 395.858 224.037 26.9593 0.712004 -6.28 0.194843 -0.142956 
501.016 384.874 225.528 25.3349 0.822622 -6.28 0.206454 -0.14076 
498.477 373.889 227.278 23.5401 0.901505 -6.28 0.218066 -0.123309 
496.273 362.905 229.217 21.6332 0.945024 -6.28 0.229678 0.0231842 
494.429 351.92 231.262 19.8137 0.950828 -6.28 0.241292 0.016268 
492.928 340.934 233.328 18.1588 0.920929 -6.28 0.252907 -0.0339951 
491.745 329.949 235.331 16.5801 0.859012 -6.28 0.264524 -0.0269881 
490.864 318.963 237.197 15.1325 0.766829 -6.28 0.276143 -0.0203238 
490.264 307.977 238.856 13.8668 0.647322 -6.28 0.287768 -0.0142363 
489.91 296.991 240.245 12.8284 0.504538 -6.28 0.299403 -0.00900967 
489.76 286.005 241.309 12.0544 0.343503 -6.28 0.311064 -0.0048877 
489.766 275.018 242.005 11.5729 0.170055 -6.28 0.322826 -0.00310903 
489.872 264.032 242.304 11.4012 -0.0093139 -6.28 0.336509 -0.000907535 
490.019 253.045 242.281 11.5448 -0.0135729 -6.28 0.402545 -6.16704e-05 
490.139 242.059 242.441 11.687 0.119961 -6.28 0.361536 0.000643702 
490.228 231.072 242.909 11.5971 -0.0161359 -6.18059 0.369 0 
490.228 231.072 242.909 11.5971 -0.0161359 -6.18059 0.369 0 
492.79 54.7723 243.111 11.7063 -0.341839 -6.18766 0.466614 1.02859 
495.281 -121.798 230.852 21.0987 -0.055811 -4.02074 -0.176776 1.00718 
467.904 -215.487 228.954 20.9157 -0.0549163 -1.89577 -0.165163 0.985775 
441.005 -227.923 227.102 20.7327 -0.0540216 0.187216 -0.153551 0.774428 
414.588 -160.711 225.296 20.5497 -0.0531274 1.8267 -0.141939 -0.942959 
388.642 -30.8101 223.534 20.3668 -0.052235 -0.161081 -0.130327 -0.921551 
363.061 23.0828 221.818 20.1838 -0.0513424 -2.10666 -0.118714 0.21906 
337.849 2.58109 220.148 20.0008 -0.0504487 -1.64449 -0.107102 0.0353002 
313.084 -0.248741 218.523 19.8179 -0.0495551 -1.56999 -0.0954898 2.00743e-05 
288.755 -0.230461 216.943 19.6349 -0.0486617 -1.56995 -0.0838775 -5.88737e-06 
264.866 -0.210936 215.408 19.4519 -0.0477682 -1.56996 -0.0722653 7.61726e-07 
241.419 -0.192262 213.919 19.269 -0.0468747 -1.56995 -0.0606531 -6.12051e-07 
218.418 -0.173905 212.476 19.086 -0.0459804 -1.56995 -0.0490408 -1.36455e-06 
195.866 -0.155978 211.077 18.903 -0.045086 -1.56995 -0.0374286 5.21908e-06 
173.767 -0.138544 209.724 18.72 -0.0442001 -1.56994 -0.0258163 -2.74631e-06 
152.125 -0.121072 208.417 18.5372 -0.0433289 -1.56995 -0.0142041 -2.4321e-06 
130.941 -0.104208 207.153 18.355 -0.042389 -1.56995 -0.00259183 6.53431e-06 
110.218 -0.0879273 205.937 18.1713 -0.0411646 -1.56993 0.00902042 -5.24085e-06 
89.9646 -0.0715103 204.779 17.9781 -0.0402291 -1.56994 0.0206327 1.89899e-06 
70.2132 -0.0559344 203.669 17.7863 -0.0429884 -1.56994 0.0322449 -8.9341e-08 
50.9665 -0.0406242 202.464 17.7029 -0.0487982 -1.56994 0.0438572 7.79365e-07 
31.8875 -0.0254709 201.043 17.7897 -0.0182263 -1.56993 0.0554694 -3.72297e-08 
12.4102 -0.0099532 200.786 16.9459 0.108734 -1.56993 0.0672099 3.21001e-07 
-4.59858 0.00357984 205.434 12.5991 -0.00862978 -1.56994 0.362988 -3.54888e-07 
-7.8433 0.00616522 205.862 12.2505 -0.00603976 -1.56994 0.383143 7.87289e-07 
-9.98912 0.00784988 206.41 11.8794 -0.0147424 -1.56994 0.407668 -9.54344e-07 
-10.9492 0.00865823 206.648 11.8125 -0.0174151 -1.56994 0.412735 1.44603e-07 
-11.6842 0.00921588 206.787 11.8315 -0.0152504 -1.56994 0.41126 2.03918e-07 
-12.4683 0.0098302 207.009 11.7853 -0.0147305 -1.56994 0.413408 -7.45437e-06 
-13.0942 0.0103408 207.253 11.7318 -0.0187109 -1.56996 0.41879 5.79485e-05 
-13.5346 0.0101072 207.348 11.7984 -0.0111367 -1.56984 0.416711 0.0473369 
-14.1775 0.0147233 207.729 11.6316 0.0083382 -1.46979 0.434414 0.025668 
-14.2919 3.84454 208.864 10.9099 0.0676053 -1.41539 0.456712 -0.343531 
-12.1517 9.75285 212.31 8.6062 -0.00988257 -2.14122 0.615558 -0.322122 
-2.65217 -12.0987 212.934 8.86267 -0.0111509 -2.82292 0.599284 0.132177 
6.08963 -60.0159 213.495 9.11959 -0.0124058 -2.54548 0.582979 0.279306 
14.0966 -97.3239 213.991 9.37652 -0.0136601 -1.95664 0.566673 0.257898 
21.3732 -112.116 214.423 9.63345 -0.0149131 -1.41216 0.550367 0.23649 
27.9134 -106.087 214.792 9.89034 -0.0161667 -0.912086 0.534061 0.215082 
33.7109 -80.9366 215.098 10.1472 -0.0174347 -0.456494 0.517755 0.193673 
38.7595 -38.3646 215.339 10.4045 -0.018722 -0.0454505 0.501449 0.172265 
43.0519 19.9254 215.515 10.6626 -0.0198803 0.320976 0.485143 0.150857 
46.5788 92.2272 215.631 10.9177 -0.0206003 0.642717 0.468837 0.129449 
49.3436 176.832 215.704 11.1577 -0.0220263 0.919704 0.45253 0.108041 
51.3881 272.029 215.707 11.4069 -0.0295889 1.15187 0.436224 0.0866327 
52.6824 376.104 215.406 11.8415 -0.0396732 1.33914 0.419918 0.0652245 
52.6353 487.341 214.693 12.4887 0.0150072 1.48146 0.403612 0.0438163 
50.5131 604.021 216.031 11.4114 0.20854 1.57874 0.387306 0.014794 
51.649 724.419 224.836 5 -0.0899998 1.61482 0.369 0 
51.649 724.419 224.836 5 -0.0899998 1.61482 0.369 0 
61.6007 776.946 223.879 6.68329 -1.25998 1.61693 1.15369 -1.02859 
69.6819 829.51 203.578 22.2973 -0.210858 0.681224 -0.149952 -1.00718 
56.0957 866.655 200.17 24.0159 0.045944 -0.235606 -0.165163 -0.985776 
40.0287 888.679 200.953 22.3379 0.528823 -1.13353 -0.153551 -0.964367 
26.0342 895.889 209.746 14.7718 0.76871 -2.01254 -0.141939 -0.942959 
22.2402 888.592 222.695 5 -0.149792 -2.87262 0.493535 -0.921551 
32.0819 867.097 220.752 7.34297 -1.01178 -3.71372 1.05586 -0.900143 
39.0359 831.729 204.528 19.8425 -0.10545 -4.53584 -0.0220737 -0.878735 
28.6225 782.814 202.924 20.4089 0.080752 -5.33901 -0.0954898 -0.857327 
17.3355 720.651 204.376 18.6311 0.170965 -6.12319 -0.0838775 0.614638 
8.40618 645.55 207.363 15.9037 0.0102171 -5.56579 0.117595 0.81451 
3.24089 579.641 207.771 15.3402 -0.0772187 -4.82579 0.24391 0.793102 
-1.12754 525.938 206.752 15.8427 0.0602015 -4.10481 0.148281 0.771694 
-6.22961 484.129 207.986 14.6361 0.0378517 -3.40288 0.221424 0.750286 
-9.67951 453.897 208.883 13.7865 0.00759747 -2.72 0.286582 0.728878 
-11.9578 434.928 209.304 13.3604 0.00569629 -2.05619 0.317985 0.456466 
-13.6497 426.909 209.705 12.9812 0.0146234 -1.64032 0.333204 -0.686061 
-14.8246 425.75 210.262 12.5196 0.00160893 -2.2659 0.361252 -0.482136 
-15.3748 414.271 210.618 12.2505 -0.0141815 -2.70595 0.379987 0.149522 
-15.5582 395.533 210.72 12.1949 -0.0255554 -2.57038 0.390931 0.0062851 
-15.6592 379.031 210.636 12.28 -0.0184358 -2.56531 0.380636 0.00221327 
-15.8777 362.612 210.667 12.2741 -0.0235174 -2.56395 0.390156 0.00265564 
-16.0857 346.216 210.614 12.3257 -0.00596496 -2.56218 0.373051 0.00193659 
-16.3695 329.85 210.85 12.1639 -0.0228336 -2.56107 0.392578 0.00175148 
-16.426 313.501 210.812 12.217 -0.0165447 -2.56013 0.396557 0.00160861 
-16.5561 297.168 210.875 12.1826 0.00772191 -2.55932 0.40261 0.00141563 
-16.6465 280.848 211.341 11.8429 0.0410467 -2.55868 0.440958 0.00143981 
-16.2835 264.539 212.364 11.0936 0.115123 -2.55802 0.473108 0.0013853 
-14.9208 248.24 214.63 9.47174 0.149876 -2.55742 0.494631 0.000713108 
-11.3509 231.949 217.512 7.57245 -0.0164585 -2.55743 0.680816 0.00448979 
-5.12054 215.655 217.7 7.82922 -0.0176394 -2.55398 0.66451 0.100217 
0.777104 199.419 217.862 8.08508 -0.0188468 -2.46326 0.648204 -0.278519 
6.3435 184.68 217.997 8.34046 -0.0202222 -2.7178 0.631898 -0.34353 
11.5739 165.742 218.103 8.59753 -0.021837 -3.03178 0.615592 0.0640339 
16.4645 141.625 218.175 8.8591 -0.0234241 -2.97436 0.599286 0.300714 
21.013 118.455 218.214 9.12434 -0.0242804 -2.7011 0.58298 0.279306 
25.216 99.7938 218.233 9.38369 -0.0238458 -2.44719 0.566673 0.257898 
29.0801 85.3209 218.251 9.62158 -0.0230661 -2.21262 0.550367 0.23649 
32.6332 74.7175 218.276 9.83599 -0.025301 -1.99742 0.534061 0.215082 
35.9072 67.6642 218.258 10.0673 -0.0341617 -1.8016 0.517755 0.193673 
38.8805 63.8413 218.089 10.3968 -0.0468825 -1.62517 0.501449 0.172265 
41.4192 62.9291 217.7 10.8624 -0.0480407 -1.46813 0.485143 0.150857 
43.332 64.6077 217.28 11.3043 -0.0165936 -1.33052 0.468837 0.129449 
44.6383 68.5568 217.368 11.316 0.0431305 -1.21233 0.452531 0.108041 
45.9139 74.4555 218.44 10.5887 0.0633415 -1.11359 0.436224 0.0866326 
48.1808 81.9822 219.865 9.6979 -0.0706591 -1.0343 0.419918 0.0652245 
51.7175 90.8159 219.103 10.5964 -0.381436 -0.974475 0.403612 0.0438163 
54.1447 100.637 213.19 15.3104 -0.58594 -0.934121 0.387306 0.0219794 
50.2139 111.129 203.78 22.096 -0.09 -0.913646 0.369 0 
50.2139 111.129 203.78 22.096 -0.09 -0.913646 0.369 0 
41.9488 118.194 202.862 21.9953 0.888885 -0.913362 -0.188387 -1.02849 
33.54 125.262 212.471 14.1576 0.94985 -1.52442 -0.176775 -1.00705 
32.0735 125.753 222.872 6.36483 0.230246 -2.12301 -0.165145 -0.985589 
37.6956 119.802 225.668 5.00001 -1.25542 -2.70908 1.041 -0.964068 
44.8684 107.548 212.512 15.3132 -0.924032 -3.28259 1.08656 -0.942297 
42.7951 89.1327 202.741 22.1708 0.526955 -3.84341 -0.0126904 0.161122 
34.2854 64.692 208.456 17.1984 0.892578 -3.74863 -0.116789 0.89915 
30.1055 41.2672 218.188 9.63265 0.579824 -3.21513 0.204641 0.878068 
32.7263 23.5742 224.688 5.00325 0.0165589 -2.69393 0.844531 0.856643 
39.6018 11.4828 225.21 5.00285 0.0165923 -2.18523 0.844518 0.834844 
46.4932 4.86166 225.732 5.0022 0.0165632 -1.68927 0.844569 0.312238 
53.4007 3.57397 226.254 5.00182 0.0165509 -1.50373 0.844596 -0.792356 
60.3213 4.28153 226.776 5.00155 0.0165432 -1.97467 0.844615 -0.771288 
67.2494 -0.0752932 227.298 5.00136 0.0165383 -2.4333 0.844628 -0.749934 
74.185 -9.36402 227.82 5.00121 0.016535 -2.87943 0.844639 -0.728368 
81.1282 -23.4503 228.342 5.00109 0.0165326 -3.31293 0.844648 -0.602733 
88.0789 -42.1983 228.863 5.00099 0.0165329 -3.67195 0.844627 0.681908 
95.038 -64.807 229.385 5.0009 0.0164897 -3.26753 0.845321 0.664571 
102.012 -83.0667 229.906 5.00085 0.0175536 -2.87324 0.824767 0.643198 
109 -97.0865 230.439 5.00185 -0.0144142 -2.49149 0.843405 0.621805 
116.009 -107.001 230.628 5.25548 -0.0159397 -2.12229 0.827496 0.600405 
122.807 -112.945 230.796 5.51137 -0.0171592 -1.76565 0.811223 0.579002 
129.392 -115.054 230.947 5.76704 -0.0184325 -1.42158 0.794925 0.557597 
135.762 -113.462 231.08 6.02294 -0.0198215 -1.09008 0.778621 0.536191 
141.918 -108.306 231.193 6.28001 -0.0213119 -0.77116 0.762313 0.514785 
147.858 -99.7196 231.286 6.539 -0.0227879 -0.464829 0.746004 0.493378 
153.58 -87.8391 231.358 6.79967 -0.0240549 -0.17109 0.729697 0.471971 
159.082 -72.7996 231.412 7.06017 -0.0249435 0.110051 0.713392 0.450563 
164.363 -54.7367 231.453 7.31743 -0.025471 0.378589 0.697088 0.429156 
169.425 -33.7858 231.483 7.56872 -0.025971 0.634518 0.680784 0.407748 
174.274 -10.0826 231.503 7.81422 -0.0270523 0.877832 0.664479 0.38634 
178.914 16.2373 231.508 8.05911 -0.029297 1.10853 0.648174 0.364932 
183.346 45.0381 231.484 8.31295 -0.0327544 1.3266 0.631868 0.343524 
187.561 76.1842 231.419 8.58502 -0.0364985 1.53203 0.615563 0.322116 
191.543 109.54 231.308 8.87641 -0.0386679 1.72484 0.599257 0.300707 
195.273 144.969 231.17 9.17286 -0.0373155 1.905 0.582951 0.279299 
198.747 182.335 231.04 9.44521 -0.0319695 2.07251 0.566646 0.257891 
201.983 221.503 230.964 9.66248 -0.0251353 2.22737 0.55034 0.236482 
205.03 262.337 230.957 9.81635 -0.0224433 2.36957 0.534034 0.215073 
207.945 304.7 230.977 9.94515 -0.0302997 2.49911 0.517729 0.193664 
210.752 348.456 230.91 10.1369 -0.0511245 2.61597 0.501423 0.172255 
213.398 393.469 230.616 10.4934 -0.0783362 2.72017 0.485117 0.150846 
215.738 439.602 230.023 11.0553 -0.0950778 2.81168 0.468811 0.129435 
217.584 486.72 229.24 11.7225 -0.0805585 2.8905 0.452506 0.108024 
218.837 534.686 228.602 12.2319 -0.0244439 2.95664 0.4362 0.0866101 
219.625 583.364 228.558 12.2542 0.0566628 3.01007 0.419894 0.0651907 
220.376 632.616 229.386 11.6192 0.112827 3.05079 0.403588 0.0437481 
221.681 682.306 230.83 10.5769 0.0773947 3.07878 0.387282 0.00931184 
223.922 732.296 231.91 9.90521 -0.0899613 3.08632 0.369 0 
223.922 732.296 231.91 9.90521 -0.0899613 3.08632 0.369 0 
228.965 843.365 230.34 11.5762 -0.673402 3.09077 0.668208 -1.02857 
231.018 954.542 214.788 23.261 0.203217 1.73906 -0.176775 -1.00717 
209.549 1033.49 219.7 18.1098 0.685126 0.414244 -0.165162 -0.985762 
197.906 1080.84 236.305 5.00128 0.0308041 -0.883632 0.599541 -0.964354 
212.4 1097.2 237.803 5.00012 -0.84283 -2.1545 1.06088 -0.942945 
227.36 1083.24 218.461 20.3685 -0.0484558 -3.39832 -0.13031 -0.921533 
211.618 1039.64 217.481 20.1854 -0.0475683 -4.61512 -0.118694 -0.900112 
196.156 967.014 216.528 20.0025 -0.0466802 -5.80485 -0.107083 -0.357275 
180.974 866.007 215.604 19.8196 -0.0457887 -6.27997 -0.0954711 0.00341192 
166.089 753.665 214.709 19.6368 -0.044872 -6.27997 -0.0838595 0.00341378 
151.51 641.323 213.842 19.4535 -0.0439288 -6.27997 -0.0722479 0.00341535 
137.239 528.981 213.004 19.2694 -0.043059 -6.27997 -0.0606359 0.00341733 
123.28 416.639 212.195 19.0859 -0.0424518 -6.27997 -0.0490236 0.00342105 
109.632 304.296 211.406 18.9076 -0.0419609 -6.27996 -0.0374109 0.658029 
96.2876 191.954 210.637 18.7359 -0.0403884 -5.41684 -0.025798 0.728826 
83.2499 100.2 209.911 18.5502 -0.0362788 -4.45954 -0.0141847 0.707434 
70.5489 31.2817 209.291 18.3065 -0.0328822 -3.52954 -0.002571 0.686026 
58.2999 -15.4527 208.761 18.0269 -0.0432673 -2.62687 0.00904349 0.664606 
46.5823 -40.6551 207.994 17.9669 -0.0751755 -1.75158 0.0206594 0.64315 
34.9744 -44.9783 206.468 18.4832 -0.0783433 -0.90375 0.0322774 0.310702 
22.3244 -29.0763 204.847 18.9644 0.0766312 -0.493443 0.0438987 -0.600137 
8.61091 -3.38595 206.904 16.5461 0.377406 -1.28371 0.0555348 -0.326247 
-0.540423 3.44963 216.228 9.03289 0.164689 -1.71361 0.543132 0.108082 
5.20801 0.0186434 220.765 6.03462 -0.00263465 -1.57125 0.778588 0.00163182 
16.9867 -0.0209916 221.426 6.29117 -0.00390107 -1.5691 0.762308 0.137026 
28.3073 -0.00895642 222.047 6.54796 -0.00515813 -1.38843 0.746011 0.0888512 
39.1707 4.31325 222.628 6.80482 -0.00641388 -1.2711 0.72971 -0.471841 
49.5738 11.4345 223.169 7.0617 -0.00766955 -1.89295 0.713408 -0.450488 
59.5005 3.72258 223.67 7.31859 -0.00892501 -2.48724 0.697104 -0.429064 
68.9495 -18.1652 224.131 7.5755 -0.0101801 -3.05384 0.680799 0.146191 
77.9193 -53.5686 224.553 7.83241 -0.0114347 -2.86251 0.664494 0.386286 
86.4224 -84.4074 224.935 8.08933 -0.0126892 -2.35442 0.648189 0.364911 
94.463 -103.126 225.278 8.34625 -0.0139444 -1.87403 0.631884 0.343513 
102.039 -110.384 225.58 8.60318 -0.0152001 -1.42139 0.615578 0.322109 
109.147 -106.845 225.843 8.86014 -0.0164536 -0.996539 0.599272 0.300703 
115.785 -93.1712 226.066 9.11707 -0.0177001 -0.599508 0.582966 0.279297 
121.951 -70.026 226.249 9.37386 -0.0189453 -0.230321 0.566661 0.25789 
127.642 -38.0738 226.393 9.63051 -0.0202221 0.110992 0.550354 0.236482 
132.857 2.02065 226.497 9.8876 -0.0215632 0.424405 0.534048 0.215074 
137.592 49.5917 226.559 10.1462 -0.0228655 0.709892 0.517742 0.193667 
141.842 103.973 226.579 10.4055 -0.0237806 0.967425 0.501436 0.172258 
145.602 164.498 226.569 10.6582 -0.024184 1.19698 0.48513 0.15085 
148.884 230.5 226.538 10.8961 -0.0255632 1.39852 0.468823 0.129441 
151.713 301.309 226.466 11.1393 -0.0312345 1.57203 0.452516 0.108032 
154.081 376.258 226.25 11.4647 -0.0398984 1.71748 0.43621 0.0866224 
155.823 454.676 225.814 11.914 -0.0328727 1.83483 0.419903 0.0652105 
156.684 535.895 225.528 12.1831 0.0173805 1.92407 0.403596 0.0437911 
156.995 619.243 226.431 11.5155 0.0689289 1.98515 0.387288 0.0196525 
158.602 704.047 228.59 10.0333 -0.089935 2.01446 0.369 0 
158.602 704.047 228.59 10.0333 -0.089935 2.01446 0.369 0 
164.291 803.225 226.9 11.8114 -0.594795 1.8792 0.613888 -1.02859 
166.216 898.659 211.142 23.612 0.118604 0.168433 -0.176776 -1.00718 
140.632 946.71 214.627 19.2095 0.634051 -1.51142 -0.165163 -0.985776 
124.693 948.206 232.591 5 0.0250769 -3.16043 0.811177 -0.964363 
141.602 903.984 234.311 5 0.0252329 -4.77843 0.808474 -0.901789 
158.571 814.929 236.036 5 0.0141953 -6.27998 0.827268 0.0645049 
175.609 684.268 237.455 5 0.0079713 -6.27997 0.878294 0.064875 
192.728 553.607 238.423 5 0.0079713 -6.27997 0.878294 0.0671347 
209.902 422.945 239.391 5 0.0079713 -6.27996 0.878294 0.0707832 
227.129 292.285 240.359 5 0.00797129 -6.27994 0.878294 0.667082 
244.41 161.624 241.327 5 0.0079718 -5.30169 0.878294 0.814425 
261.766 58.0704 242.295 5 0.00797253 -3.91935 0.878294 0.793025 
279.206 -7.18039 243.263 5 0.00797323 -2.56825 0.878294 0.771566 
296.73 -34.9933 244.231 5 0.00797393 -1.24859 0.878294 0.327113 
314.337 -26.2397 245.199 5 0.00797426 -0.629436 0.878294 -0.532764 
332.011 -0.330016 246.168 5 0.00797379 -1.5622 0.878293 -0.000266688 
349.719 -0.266289 247.136 5 0.00797228 -1.56543 0.878319 7.12437e-06 
367.48 -0.292135 248.104 5 0.00807842 -1.565 0.87649 4.31742e-05 
385.295 -0.30613 249.075 5 0.00902446 -1.56502 0.860184 -2.00974e-05 
403.163 -0.32053 250.072 5 0.00997049 -1.56501 0.843878 0.000145868 
421.086 -0.33469 251.095 5 0.0109165 -1.56502 0.827571 -5.12363e-05 
439.065 -0.349049 252.145 5 0.000145271 -1.56504 0.811265 -1.12475e-05 
457.109 -0.364015 252.896 5.24701 -0.0014949 -1.56498 0.794959 0.000181889 
474.647 -0.376865 253.591 5.50395 -0.00274957 -1.56502 0.778653 6.25593e-05 
491.653 -0.390575 254.239 5.76088 -0.00400423 -1.56504 0.762347 3.56027e-05 
508.126 -0.404325 254.842 6.01781 -0.0052589 -1.56501 0.746041 -1.68586e-05 
524.063 -0.416724 255.398 6.27474 -0.00651358 -1.56502 0.729735 2.83537e-05 
539.46 -0.428802 255.908 6.53167 -0.00776824 -1.56505 0.713429 -2.37045e-07 
554.316 -0.441487 256.372 6.78861 -0.00902288 -1.56498 0.697122 4.1712e-05 
568.629 -0.451791 256.79 7.04554 -0.0102775 -1.56502 0.680816 9.84558e-06 
582.394 -0.462707 257.161 7.30247 -0.0115323 -1.56502 0.66451 4.256e-06 
595.61 -0.473082 257.486 7.5594 -0.0127874 -1.56503 0.648204 -1.53612e-06 
608.275 -0.483366 257.766 7.81634 -0.0140422 -1.56502 0.631898 -5.0015e-07 
620.386 -0.492851 257.999 8.07328 -0.0152942 -1.56505 0.615592 2.97556e-05 
631.939 -0.502811 258.185 8.33017 -0.0165437 -1.56503 0.599286 1.68587e-05 
642.933 -0.511806 258.326 8.58695 -0.0178054 -1.565 0.58298 -1.63234e-05 
653.366 -0.519248 258.421 8.84391 -0.0191057 -1.56503 0.566673 8.33726e-06 
663.234 -0.527283 258.468 9.10183 -0.0203974 -1.56484 0.550367 0.00217362 
672.533 -0.5295 258.467 9.36035 -0.0214291 -1.5375 0.534061 -0.180955 
681.259 0.226401 258.427 9.61388 -0.0220515 -1.95276 0.517755 -0.0979976 
689.411 -10.5238 258.358 9.8547 -0.0235867 -1.96591 0.501449 0.172265 
697.025 -21.6381 258.236 10.1043 -0.029344 -1.56327 0.485143 0.150857 
704.09 -21.5951 257.944 10.4502 -0.0368689 -1.19297 0.468837 0.129449 
710.384 -11.2908 257.427 10.9122 -0.0208405 -0.855046 0.452531 0.108041 
715.621 8.37786 257.334 10.9729 0.0484543 -0.549535 0.436224 0.0866327 
720.687 36.5121 259.159 9.58167 0.0639164 -0.276477 0.419918 0.0652245 
728.94 72.21 261.474 8.13567 -0.353792 -0.0359054 0.403612 0.0438163 
740.77 114.571 252.278 15.7765 -1.2049 0.172164 0.387306 -0.000244633 
735.6 162.711 219.16 40 -0.09 0.158826 0.369 0 
735.6 162.711 219.16 40 -0.09 0.158826 0.369 0 
730.885 166.191 218.796 39.611 0.326677 0.258776 -0.188388 1.02827 
726.216 169.878 219.301 38.618 0.56119 0.503707 -0.176775 1.00702 
721.705 174.076 220.299 37.2657 0.77914 0.74623 -0.165163 0.985667 
717.416 178.779 221.755 35.5852 0.973475 0.986318 -0.153551 0.964285 
713.406 183.983 223.621 33.6184 1.13778 1.22397 -0.141939 0.942893 
709.725 189.681 225.836 31.4167 1.26646 1.45917 -0.130326 0.921495 
706.417 195.869 228.327 29.0399 1.35499 1.69193 -0.118714 0.900094 
703.512 202.541 231.011 26.5539 1.4 1.92225 -0.107101 0.878691 
701.032 209.693 233.796 24.0293 1.39944 2.15012 -0.0954889 0.857287 
698.985 217.32 236.589 21.5388 1.35267 2.37555 -0.0838766 0.835881 
697.369 225.416 239.292 19.1552 1.26047 2.59853 -0.0722644 0.814475 
696.165 233.976 241.811 16.9491 1.12505 2.81906 -0.0606521 0.793069 
695.347 242.995 244.056 15.2391 0.950039 3.03715 -0.0490399 0.771662 
694.831 252.469 245.942 13.8289 0.745318 3.25279 -0.0374276 0.750255 
694.567 262.392 247.405 12.7612 0.516877 3.46598 -0.0258152 0.728847 
694.498 272.759 248.397 12.0691 0.271537 3.67673 -0.0142029 0.707439 
694.559 283.566 248.879 11.7743 0.0167528 3.88503 -0.00259048 0.686031 
694.682 295.056 248.832 11.8862 -0.239611 4.09088 0.00902199 0.664623 
694.797 306.977 248.25 12.402 -0.489521 4.29429 0.0206346 0.643214 
694.834 319.322 247.145 13.3059 -0.725022 4.49525 0.0322474 0.621804 
694.726 332.085 245.547 14.5697 -0.938489 4.69376 0.0438605 0.600394 
694.41 345.263 243.5 16.1538 -1.12287 4.88982 0.0554746 0.578984 
693.828 358.85 241.064 18.0075 -1.27192 5.08343 0.067092 0.557572 
692.934 372.84 238.31 20.0713 -1.38039 5.27459 0.0787729 0.536158 
691.688 387.229 235.324 22.2779 -1.4 5.4633 0.0904024 0.514742 
690.063 402.011 232.29 24.4845 -1.4 5.64956 0.101926 0.493319 
688.056 417.181 229.248 26.6602 -1.36947 5.83337 0.113544 0.471881 
685.673 432.735 226.262 28.7568 -1.29245 6.01472 0.125172 0.450385 
682.924 448.667 223.43 30.7018 -1.17062 6.19359 0.136869 0.376021 
679.834 464.972 220.846 32.4262 -1.00701 6.27998 0.680534 0.341345 
676.439 481.458 218.596 33.6701 -0.387929 6.27998 0.664094 0.290221 
672.801 497.943 217.632 33.8123 0.0196381 6.27998 0.171676 0.249638 
669.118 514.429 217.518 33.3517 0.252518 6.27998 0.18323 0.20619 
665.502 530.914 217.889 32.5271 0.479319 6.27999 0.194829 0.167208 
662.015 547.399 218.736 31.3531 0.692892 6.27999 0.206437 0.134831 
658.719 563.885 220.032 29.8554 0.886378 6.27999 0.218046 0.112915 
655.671 580.37 221.737 28.0703 1.05344 6.27999 0.229657 0.0874394 
652.921 596.854 223.795 26.0435 1.18847 6.27999 0.241269 0.0655131 
650.512 613.339 226.141 23.8291 1.28677 6.27999 0.25288 0.0423545 
648.478 629.823 228.7 21.4879 1.34473 6.27999 0.264492 0.0101249 
646.844 646.307 231.387 19.0855 1.35996 6.27999 0.276104 0.00309489 
645.621 662.791 234.114 16.6905 1.33134 6.27999 0.287716 0.000422287 
644.811 679.274 236.789 14.3724 1.25913 6.27999 0.299328 -8.63749e-05 
644.402 695.757 239.322 12.1991 1.14496 6.27999 0.31094 -5.33128e-05 
644.371 712.24 241.624 10.2352 0.991778 6.27999 0.322552 -3.43647e-05 
644.684 728.722 243.613 8.53983 0.803826 6.27999 0.334165 -1.96835e-05 
645.297 745.204 245.217 7.16431 0.586485 6.27999 0.345777 -9.01596e-06 
646.154 761.686 246.372 6.15095 0.346141 6.27999 0.357389 -0.000410885 
647.196 778.168 247.03 5.66439 0.0899996 6.20642 0.369 0 
647.196 778.168 247.03 5.66439 0.0899996 6.20642 0.369 0 
398.896 529.868 9.3616 5.02651 8.60215e-08 -1.02663e-05 0.000745316 1.01464e-20 
150.596 281.568 0.0274935 5.0265 8.76495e-13 2.9109e-09 0.000806033 -2.9934e-21 
14.9388 33.3588 0.0274914 5.0265 -3.65252e-16 -2.20657e-11 0.000876273 7.69214e-21 
1.02967e-07 8.05364 0.027491 5.0265 5.10833e-21 4.30434e-16 0.000958382 -7.30258e-21 
4.76176e-08 7.67353e-08 0.027491 5.0265 1.93985e-20 2.36569e-17 0.00105554 -7.72895e-21 
4.76176e-08 4.69711e-08 0.027491 5.0265 7.17243e-20 2.15078e-18 0.00117222 4.70782e-22 
4.76176e-08 4.69711e-08 0.027491 5.0265 7.03042e-20 1.58001e-19 0.001315 -1.1183e-20 
4.76176e-08 4.69711e-08 0.027491 5.0265 8.08986e-20 -4.13466e-22 0.00149416 2.95779e-20 
4.76176e-08 4.69711e-08 0.027491 5.0265 7.63342e-20 -6.90787e-21 0.00172664 -2.20868e-20 
4.76176e-08 4.69711e-08 0.027491 5.0265 1.11966e-19 -8.31292e-21 0.00204175 -7.57502e-21 
4.76176e-08 4.69711e-08 0.027491 5.0265 9.11454e-20 -8.02171e-21 0.00249154 -9.03638e-21 
4.76176e-08 4.69711e-08 0.027491 5.0265 1.12197e-19 -9.24577e-21 0.0031683 -2.13113e-20 
4.76176e-08 4.69711e-08 0.027491 5.0265 2.11413e-19 -1.34379e-20 0.00423246 1.59279e-21 
4.76176e-08 4.69711e-08 0.027491 5.0265 6.08257e-19 -1.13897e-20 0.00595845 1.17981e-20 
4.76176e-08 4.69711e-08 0.027491 5.0265 3.43791e-18 -9.28156e-21 0.00885629 1.54068e-20 
4.76176e-08 4.69711e-08 0.027491 5.0265 2.07635e-17 -1.11248e-20 0.0140697 -8.16605e-21 
4.76176e-08 4.69711e-08 0.027491 5.0265 6.85088e-17 -9.71907e-21 0.0227448 -1.78007e-20 
4.76176e-08 4.69711e-08 0.027491 5.0265 1.17228e-16 -1.16813e-20 0.0340372 9.71198e-21 
4.76176e-08 4.69711e-08 0.027491 5.0265 1.22794e-16 -1.01238e-20 0.0455985 -1.14132e-21 
4.76176e-08 4.69711e-08 0.027491 5.0265 1.22777e-16 -8.18777e-21 0.0571545 -5.31816e-20 
4.76176e-08 4.69711e-08 0.027491 5.0265 1.22783e-16 -9.37119e-21 0.0687043 2.46099e-22 
4.76176e-08 4.69711e-08 0.027491 5.0265 1.22732e-16 -9.32352e-21 0.0802467 -9.42925e-21 
4.76176e-08 4.69711e-08 0.027491 5.0265 1.22743e-16 -1.00204e-20 0.0917807 1.92727e-21 
4.76176e-08 4.69711e-08 0.027491 5.0265 1.22725e-16 -9.41381e-21 0.103305 5.66471e-22 
4.76176e-08 4.69711e-08 0.027491 5.0265 1.2271e-16 -1.00148e-20 0.114817 1.70953e-21 
4.76176e-08 4.69711e-08 0.027491 5.0265 1.2273e-16 -9.16529e-21 0.126317 1.21273e-20 
4.76176e-08 4.69711e-08 0.027491 5.0265 1.22737e-16 -9.85487e-21 0.137803 -1.67444e-20 
4.76176e-08 4.69711e-08 0.027491 5.0265 1.22708e-16 -9.04527e-21 0.149274 -7.45431e-21 
4.76176e-08 4.69711e-08 0.027491 5.0265 1.22688e-16 -9.69633e-21 0.160728 1.42819e-20 
4.76176e-08 4.69711e-08 0.027491 5.0265 1.22694e-16 -9.31932e-21 0.172165 -1.4534e-20 
4.76176e-08 4.69711e-08 0.027491 5.0265 1.22631e-16 -9.78894e-21 0.183586 6.77704e-21 
4.76176e-08 4.69711e-08 0.027491 5.0265 1.22596e-16 -9.10743e-21 0.194991 -5.95018e-21 
4.76176e-08 4.69711e-08 0.027491 5.0265 1.22549e-16 -9.42976e-21 0.20638 -2.23693e-20 
4.76176e-08 4.69711e-08 0.027491 5.0265 1.22488e-16 -9.38831e-21 0.217757 -3.359e-20 
4.76176e-08 4.69711e-08 0.027491 5.0265 1.22467e-16 -9.54593e-21 0.229123 -5.86067e-20 
4.76176e-08 4.69711e-08 0.027491 5.0265 1.22315e-16 -9.41312e-21 0.24048 -2.70077e-20 
4.76176e-08 4.69711e-08 0.027491 5.0265 1.22218e-16 -9.45229e-21 0.251829 4.12372e-20 
4.76176e-08 4.69711e-08 0.027491 5.0265 1.22173e-16 -1.20246e-20 0.263167 -1.56755e-20 
4.76176e-08 4.69711e-08 0.027491 5.0265 1.22115e-16 -1.26715e-20 0.274488 -5.31428e-21 
4.76176e-08 4.69711e-08 0.027491 5.0265 1.22137e-16 -8.97607e-21 0.285778 -2.95613e-20 
4.76176e-08 4.69711e-08 0.027491 5.0265 1.22198e-16 -1.44659e-20 0.297011 -8.53364e-21 
4.76176e-08 4.69711e-08 0.027491 5.0265 1.22275e-16 -8.10013e-21 0.308154 -7.53554e-22 
4.76176e-08 4.69711e-08 0.027491 5.0265 1.22275e-16 -1.17587e-20 0.319173 5.08241e-21 
4.76176e-08 4.69711e-08 0.027491 5.0265 1.21949e-16 -1.16915e-20 0.330047 -1.46727e-19 
4.76176e-08 4.69711e-08 0.027491 5.0265 1.21174e-16 -1.34548e-20 0.340775 7.06587e-20 
4.76176e-08 4.69711e-08 0.0274909 5.0265 1.20461e-16 -2.58715e-20 0.351264 -4.10593e-20 
1.42257e-07 4.69713e-08 0.0274906 5.0265 -2.37473e-16 1.49027e-17 0.360886 -6.53156e-20 
52.4179 4.92059e-07 0.0274905 5.0265 -5.0951e-08 2.02905e-09 0.362727 2.42707e-19 
300.718 108.132 226.697 5.0265 -1.40789e-16 4.22531e-17 0.369 0 
300.718 108.132 226.697 5.0265 -1.40789e-16 4.22531e-17 0.369 0 
312.014 137.461 227.382 5.73909 -1.23994 -0.0854455 1.15369 -1.02859 
322.729 165.189 204.808 23.2221 -0.12942 -1.23645 -0.0911146 -1.00717 
305.908 171.367 202.521 23.7652 0.402806 -2.36617 -0.165163 -0.985761 
287.969 156.373 210.193 16.8876 0.812409 -3.47457 -0.153551 -0.964333 
280.476 120.598 225.748 5 0.0243926 -4.56159 0.813832 0.602079 
291.699 64.436 226.891 5 0.0243929 -4.02123 0.813832 0.921467 
302.972 18.4016 228.034 5 0.0243934 -2.98196 0.813832 0.900052 
314.304 -8.15388 229.178 5 0.0243939 -1.9641 0.813832 0.878593 
325.694 -15.6285 230.321 5 0.0243945 -0.96762 0.813832 -0.441653 
337.142 -4.42406 231.464 5 0.0243943 -1.34406 0.813832 -0.137784 
348.628 -0.283218 232.608 5 0.0243942 -1.56479 0.813832 0.000933315 
360.153 -0.279134 233.751 5 0.0243942 -1.56587 0.813832 0.000600779 
371.721 -0.295361 234.894 5 0.0243942 -1.56549 0.813832 0.000787056 
383.331 -0.304525 236.038 5 0.0243941 -1.56549 0.813832 0.000357706 
394.985 -0.313679 237.181 5 0.0243941 -1.56551 0.813832 0.000212728 
406.682 -0.323239 238.324 5 0.0243941 -1.5655 0.813832 4.7168e-05 
418.421 -0.33246 239.468 5 0.0243941 -1.56558 0.813832 0.000170072 
430.204 -0.343236 240.611 5 0.0243941 -1.56544 0.813832 -1.52694e-05 
442.029 -0.351346 241.754 5 0.0243933 -1.56549 0.813847 -1.29033e-05 
453.898 -0.360437 242.898 5 0.0244331 -1.56554 0.81316 -2.58491e-05 
465.809 -0.370385 244.042 5 0.0225494 -1.56683 0.807998 0.00037071 
477.764 -0.404657 245.15 5.03113 0.00625731 -1.55864 0.811265 0.48585 
489.72 -0.285482 245.953 5.28806 0.00500269 -0.971781 0.794959 -0.427928 
501.33 10.8329 246.724 5.54499 0.00374764 -1.49785 0.778653 -0.536108 
512.575 12.2431 247.464 5.80193 0.0024927 -2.13969 0.762347 -0.514747 
523.453 1.6049 248.173 6.05886 0.00123805 -2.75994 0.746041 -0.493337 
533.963 -20.7889 248.851 6.31579 -1.65181e-05 -3.35847 0.729735 -0.0143576 
544.104 -54.4009 249.497 6.57271 -0.0012719 -3.33333 0.713429 0.45055 
553.885 -87.5417 250.112 6.82964 -0.00252899 -2.78131 0.697122 0.429154 
563.312 -110.337 250.696 7.08661 -0.00378573 -2.25103 0.680816 0.40775 
572.382 -123.193 251.248 7.34361 -0.00503528 -1.74252 0.66451 0.386344 
581.096 -126.519 251.77 7.60054 -0.00627277 -1.25581 0.648204 0.364936 
589.452 -120.723 252.26 7.85722 -0.00751226 -0.7909 0.631898 0.343529 
597.447 -106.213 252.72 8.11372 -0.00879635 -0.34782 0.615592 0.322121 
605.082 -83.3996 253.147 8.37069 -0.0101565 0.0734169 0.599286 0.300713 
612.354 -52.6908 253.542 8.62917 -0.0115066 0.472794 0.58298 0.279305 
619.259 -14.4968 253.903 8.88882 -0.0125802 0.850293 0.566673 0.257897 
625.793 30.7726 254.237 9.14556 -0.013175 1.2059 0.550367 0.236489 
631.96 82.7069 254.552 9.39292 -0.0138184 1.5396 0.534061 0.215081 
637.773 140.896 254.847 9.63273 -0.016175 1.85137 0.517755 0.193673 
643.242 204.928 255.091 9.89035 -0.0215467 2.14119 0.501449 0.172264 
648.34 274.393 255.226 10.2066 -0.0267056 2.40906 0.485143 0.150856 
652.974 349.05 255.255 10.5713 -0.0212487 2.65495 0.468837 0.129448 
657.063 428.316 255.376 10.8271 0.00318736 2.87885 0.452531 0.10804 
660.766 511.779 255.947 10.7167 0.0268568 3.08074 0.436224 0.0866312 
664.651 599.026 256.964 10.2958 -0.0152364 3.2606 0.419918 0.0652225 
669.224 689.643 257.206 10.54 -0.176771 3.41843 0.403612 0.0438127 
673.503 783.218 254.413 13.0711 -0.337026 3.55419 0.387306 -0.00425493 
673.938 879.34 248.54 17.5462 -0.0899998 3.46899 0.369 0 
673.938 879.34 248.54 17.5462 -0.0899998 3.46899 0.369 0 
296.444 499.026 6.98528 5.02519 1.54006e-09 -4.5377e-07 2.93047e-05 -2.06765e-18 
67.6197 168.726 0.0260681 5.02519 -1.2032e-11 -3.877e-08 3.26001e-05 -2.10746e-18 
13.6849 52.6571 0.0260665 5.02519 3.0625e-13 6.72262e-10 3.66648e-05 -2.11874e-18 
8.49041e-09 16.2953 0.0260662 5.02519 9.10823e-14 -3.08944e-11 4.17806e-05 -2.10562e-18 
1.018e-09 2.20307e-08 0.0260664 5.02519 1.21097e-13 -9.71476e-13 4.83743e-05 -2.11111e-18 
1.02945e-09 1.00429e-09 0.0260667 5.02519 1.03606e-13 -9.57247e-13 5.71271e-05 -2.1122e-18 
1.02952e-09 1.0155e-09 0.0260663 5.02519 8.46729e-14 -9.51254e-13 6.92032e-05 -2.11644e-18 
1.02952e-09 1.01555e-09 0.0260662 5.02519 6.84146e-14 -9.5005e-13 8.67575e-05 -2.12622e-18 
1.02952e-09 1.01554e-09 0.0260662 5.02519 5.42763e-14 -9.50929e-13 0.000114109 -2.11645e-18 
1.02952e-09 1.01554e-09 0.0260662 5.02519 4.2194e-14 -9.52395e-13 0.000160504 -2.11226e-18 
1.02952e-09 1.01554e-09 0.0260662 5.02519 3.23335e-14 -9.53778e-13 0.000246586 -2.11441e-18 
1.02951e-09 1.01554e-09 0.0260662 5.02519 2.46408e-14 -9.54851e-13 0.000419203 -2.11664e-18 
1.02951e-09 1.01554e-09 0.0260662 5.02519 1.86607e-14 -9.5559e-13 0.000784644 -2.12095e-18 
1.02951e-09 1.01554e-09 0.0260662 5.02519 1.34695e-14 -9.5605e-13 0.00158614 -2.12031e-18 
1.02955e-09 1.01554e-09 0.0260662 5.02519 7.9543e-15 -9.56303e-13 0.00339756 -2.11767e-18 
1.02907e-09 1.01554e-09 0.0260662 5.02519 2.92521e-15 -9.56414e-13 0.00743954 -2.12465e-18 
1.03602e-09 1.01554e-09 0.0260662 5.02519 5.14435e-15 -9.56435e-13 0.0149033 -2.11765e-18 
1.02907e-09 1.01554e-09 0.0260662 5.02519 1.21319e-14 -9.56403e-13 0.0258837 -2.11575e-18 
1.02954e-09 1.01553e-09 0.0260662 5.02519 1.86649e-14 -9.56344e-13 0.0373346 -2.12568e-18 
1.0295e-09 1.01553e-09 0.0260662 5.02519 1.77597e-14 -9.56273e-13 0.0487857 -2.1049e-18 
1.02951e-09 1.01557e-09 0.0260662 5.02519 1.47484e-14 -9.56201e-13 0.060237 -2.11606e-18 
1.02951e-09 1.01509e-09 0.0260662 5.02519 1.30666e-14 -9.56133e-13 0.0716884 -2.11556e-18 
1.02951e-09 1.02204e-09 0.0260662 5.02519 1.25721e-14 -9.56072e-13 0.0831398 -2.12855e-18 
1.02951e-09 1.0151e-09 0.0260662 5.02519 1.25697e-14 -9.5602e-13 0.0945906 -2.11371e-18 
1.02951e-09 1.01557e-09 0.0260662 5.02519 1.26576e-14 -9.55976e-13 0.10604 -2.12429e-18 
1.02951e-09 1.01553e-09 0.0260662 5.02519 1.2686e-14 -9.55939e-13 0.117487 -2.12553e-18 
1.02951e-09 1.01553e-09 0.0260662 5.02519 1.26254e-14 -9.55909e-13 0.128931 -2.11526e-18 
1.02951e-09 1.01553e-09 0.0260662 5.02519 1.24888e-14 -9.55885e-13 0.140369 -2.10711e-18 
1.02951e-09 1.01553e-09 0.0260662 5.02519 1.22971e-14 -9.55866e-13 0.1518 -2.12664e-18 
1.02951e-09 1.01553e-09 0.0260662 5.02519 1.20688e-14 -9.55851e-13 0.16322 -2.13474e-18 
1.02951e-09 1.01553e-09 0.0260662 5.02519 1.1819e-14 -9.55839e-13 0.174627 -2.13625e-18 
1.02951e-09 1.01553e-09 0.0260662 5.02519 1.15628e-14 -9.5583e-13 0.186016 -2.13791e-18 
1.02951e-09 1.01553e-09 0.0260662 5.02519 1.13219e-14 -9.55823e-13 0.197386 -2.10844e-18 
1.02951e-09 1.01553e-09 0.0260662 5.02519 1.11337e-14 -9.55817e-13 0.208734 -2.12897e-18 
1.02951e-09 1.01553e-09 0.0260662 5.02519 1.10668e-14 -9.55813e-13 0.220058 -2.13109e-18 
1.0295e-09 1.01553e-09 0.0260662 5.02519 1.12427e-14 -9.5581e-13 0.231359 -2.15346e-18 
1.02955e-09 1.01553e-09 0.0260662 5.02519 1.18655e-14 -9.55808e-13 0.24264 -2.15337e-18 
1.02907e-09 1.01553e-09 0.0260662 5.02519 1.32541e-14 -9.55806e-13 0.253904 -2.12072e-18 
1.03601e-09 1.01553e-09 0.0260662 5.02519 1.58515e-14 -9.55805e-13 0.265159 -2.09474e-18 
1.02907e-09 1.01553e-09 0.0260662 5.02519 2.01443e-14 -9.55804e-13 0.276408 -2.09805e-18 
1.02955e-09 1.01553e-09 0.0260662 5.02519 2.63153e-14 -9.55803e-13 0.287653 -2.11019e-18 
1.02951e-09 1.01553e-09 0.0260662 5.02519 3.32539e-14 -9.55802e-13 0.298882 -2.0647e-18 
1.02951e-09 1.01557e-09 0.0260662 5.02519 3.6261e-14 -9.55802e-13 0.310065 -2.09259e-18 
1.0295e-09 1.01509e-09 0.0260662 5.02519 2.28861e-14 -9.55802e-13 0.321158 -2.0323e-18 
1.02876e-09 1.02204e-09 0.0260662 5.02519 -3.03499e-14 -9.55803e-13 0.332171 -2.00509e-18 
2.13844e-09 1.01503e-09 0.0260662 5.02519 -2.67955e-13 -9.50687e-13 0.343257 -2.24237e-18 
3.5071 9.98837e-10 0.0260662 5.02519 -1.29027e-11 -4.51812e-13 0.354555 2.82852e-16 
340.407 1.22146e-08 0.166353 5 -1.4 0.0557433 0.365151 -4.54984e-16 
792.712 154.057 0.00133755 5.02519 1.91398e-13 1.15141e-14 0.369 0 
103.52 5.41 575.07 23.5888 0.60332 0 0.0971862 0 
103.52 5.41 575.07 23.5888 0.603321 1.63518e-08 0.0971861 9.96014e-06 
103.521 5.37442 575.122 23.5674 0.603294 0.00990159 0.0973416 2.57752e-05 
571.123 -36.4401 544.531 23.709 0.600234 0.0380703 0.0963153 -0.000298457 
513.18 302.411 564.543 23.6307 0.602248 0.0131633 0.0968825 -0.000103996 
495.082 420.447 571.704 23.6022 0.602977 0.00421059 0.097089 -3.32924e-05 
489.36 458.232 574.002 23.5931 0.603211 0.00133553 0.0971554 -1.05583e-05 
487.549 470.215 574.731 23.5902 0.603285 0.000424135 0.0971764 -3.35048e-06 
486.975 474.018 574.962 23.5892 0.603309 0.00013573 0.0971831 -1.06934e-06 
486.794 475.232 575.034 23.5889 0.603316 4.45681e-05 0.0971852 -3.48052e-07 
486.736 475.627 575.057 23.5888 0.603319 1.58471e-05 0.0971859 -1.20546e-07 
486.718 475.763 575.065 23.5888 0.603319 6.90143e-06 0.0971861 -4.93938e-08 
486.712 475.819 575.067 23.5888 0.60332 4.23027e-06 0.0971861 -2.78126e-08 
486.711 475.851 575.067 23.5888 0.60332 3.56498e-06 0.0971861 -2.20447e-08 
486.71 475.876 575.067 23.5888 0.60332 3.55429e-06 0.0971861 -2.13868e-08 
486.71 475.9 575.067 23.5888 0.60332 3.77725e-06 0.0971861 -2.25054e-08 
486.71 475.926 575.067 23.5888 0.60332 4.10228e-06 0.0971861 -2.43447e-08 
486.71 475.953 575.067 23.5888 0.60332 4.49386e-06 0.0971861 -2.66133e-08 
486.71 475.983 575.066 23.5888 0.60332 4.9447e-06 0.0971861 -2.92291e-08 
486.71 476.016 575.066 23.5888 0.60332 5.46238e-06 0.0971861 -3.22367e-08 
486.71 476.053 575.065 23.5888 0.60332 6.05522e-06 0.0971861 -3.56727e-08 
486.709 476.093 575.065 23.5888 0.60332 6.73738e-06 0.0971861 -3.96157e-08 
486.709 476.138 575.064 23.5888 0.603319 7.52663e-06 0.0971861 -4.41671e-08 
486.709 476.188 575.063 23.5888 0.603319 8.444e-06 0.0971861 -4.94382e-08 
486.709 476.244 575.063 23.5888 0.603319 9.51794e-06 0.097186 -5.55937e-08 
486.709 476.307 575.062 23.5888 0.603319 1.07812e-05 0.097186 -6.28025e-08 
486.709 476.378 575.06 23.5888 0.603319 1.22799e-05 0.097186 -7.13237e-08 
486.709 476.459 575.059 23.5888 0.603319 1.40702e-05 0.097186 -8.14569e-08 
486.709 476.551 575.057 23.5888 0.603319 1.62273e-05 0.0971859 -9.36032e-08 
486.709 476.657 575.055 23.5888 0.603319 1.88514e-05 0.0971859 -1.08299e-07 
486.708 476.78 575.053 23.5888 0.603319 2.20755e-05 0.0971859 -1.26237e-07 
486.708 476.923 575.05 23.5889 0.603318 2.6084e-05 0.0971858 -1.48377e-07 
486.708 477.091 575.046 23.5889 0.603318 3.1132e-05 0.0971857 -1.76018e-07 
486.707 477.29 575.041 23.5889 0.603318 3.75847e-05 0.0971856 -2.10989e-07 
486.707 477.529 575.034 23.5889 0.603317 4.59778e-05 0.0971855 -2.55902e-07 
486.706 477.818 575.026 23.5889 0.603316 5.71221e-05 0.0971853 -3.14586e-07 
486.705 478.175 575.014 23.5889 0.603315 7.22975e-05 0.0971851 -3.92789e-07 
486.703 478.619 574.997 23.589 0.603314 9.36408e-05 0.0971848 -4.99463e-07 
486.701 479.185 574.973 23.589 0.603312 0.000124973 0.0971844 -6.49174e-07 
486.698 479.92 574.935 23.5891 0.603309 0.000173697 0.0971839 -8.66746e-07 
486.693 480.901 574.871 23.5892 0.603305 0.0002555 0.0971831 -1.19726e-06 
486.684 482.256 574.754 23.5894 0.603297 0.000406586 0.0971818 -1.72892e-06 
486.665 484.213 574.512 23.5897 0.603282 0.000716786 0.0971797 -2.64908e-06 
486.624 487.211 573.964 23.5902 0.603251 0.00142139 0.0971762 -4.39458e-06 
486.524 492.182 572.612 23.5911 0.603178 0.0031581 0.0971696 -8.09646e-06 
486.267 501.338 569.094 23.5932 0.602992 0.00767666 0.0971542 -1.71251e-05 
485.581 520.698 559.752 23.5995 0.602489 0.0196757 0.0971085 -4.26228e-05 
483.735 568.865 535.426 23.6108 0.601259 0.0509059 0.0970261 -9.51457e-05 
478.213 679.277 468.953 23.5259 0.599565 0.138849 0.097568 -0.000437229 
584.767 675.626 206.666 22.7189 4.37908e-05 0.0342169 0.0961862 0 
584.767 675.626 206.666 22.7189 4.37908e-05 0.0342169 0.0961862 0 
579.331 670.19 208.932 22.6609 3.2973e-06 0.012395 0.482653 8.70618e-14 
573.896 664.755 211.164 22.6183 8.1701e-07 0.00409568 0.480306 2.97759e-14 
568.46 659.319 213.362 22.587 6.65206e-07 0.00119135 0.477959 9.65957e-15 
563.024 653.883 215.525 22.564 6.55922e-07 0.00025812 0.475612 2.81891e-15 
557.589 648.448 217.655 22.5471 6.55355e-07 -2.11751e-06 0.473265 6.56023e-16 
552.153 643.012 219.75 22.5347 6.5532e-07 -5.2241e-05 0.470918 7.71382e-17 
546.717 637.576 221.81 22.5256 6.55318e-07 -4.69432e-05 0.468571 -1.29393e-17 
541.282 632.141 223.836 22.5189 6.55318e-07 -3.30345e-05 0.466224 -6.95852e-17 
535.846 626.705 225.827 22.514 6.55317e-07 -2.20269e-05 0.463878 -6.81543e-17 
530.411 621.27 227.784 22.5104 6.55317e-07 -1.51268e-05 0.461531 -2.50827e-17 
524.975 615.834 229.705 22.5078 6.55317e-07 -1.12309e-05 0.459184 -4.03165e-17 
519.539 610.398 231.591 22.5058 6.55317e-07 -9.16197e-06 0.456837 -1.57252e-17 
514.104 604.963 233.441 22.5044 6.55317e-07 -8.11004e-06 0.45449 6.5135e-17 
508.668 599.527 235.257 22.5033 6.55317e-07 -7.59515e-06 0.452143 3.31425e-17 
503.232 594.091 237.037 22.5025 6.55317e-07 -7.35399e-06 0.449796 3.77506e-17 
497.797 588.656 238.781 22.502 6.55317e-07 -7.24869e-06 0.447449 1.82024e-17 
492.361 583.22 240.489 22.5016 6.55317e-07 -7.20932e-06 0.445102 -2.9189e-17 
486.925 577.784 242.162 22.5013 6.55317e-07 -7.20118e-06 0.442755 -8.08754e-17 
481.49 572.349 243.799 22.501 6.55317e-07 -7.20736e-06 0.440408 1.02292e-17 
476.054 566.913 245.399 22.5009 6.55317e-07 -7.21971e-06 0.438061 -3.80173e-17 
470.618 561.477 246.963 22.5007 6.55317e-07 -7.23437e-06 0.435714 -1.67082e-17 
465.183 556.042 248.491 22.5007 6.55317e-07 -7.24951e-06 0.433367 7.38944e-18 
459.747 550.606 249.982 22.5006 6.55317e-07 -7.26429e-06 0.43102 1.78065e-17 
454.312 545.171 251.437 22.5005 6.55317e-07 -7.27831e-06 0.428673 -2.96916e-17 
448.876 539.735 252.855 22.5005 6.55317e-07 -7.29142e-06 0.426327 1.79317e-17 
443.44 534.299 254.236 22.5005 6.55317e-07 -7.3036e-06 0.42398 -2.42698e-17 
438.005 528.864 255.58 22.5005 6.55317e-07 -7.31495e-06 0.421633 -2.02444e-17 
432.569 523.428 256.887 22.5004 6.55317e-07 -7.32575e-06 0.419286 -1.92069e-17 
427.133 517.992 258.157 22.5004 6.55317e-07 -7.33665e-06 0.416939 -3.33026e-17 
421.698 512.557 259.389 22.5004 6.55316e-07 -7.3491e-06 0.414592 9.36256e-18 
416.262 507.121 260.584 22.5004 6.55316e-07 -7.36623e-06 0.412245 -2.23256e-18 
410.826 501.685 261.742 22.5004 6.55316e-07 -7.39481e-06 0.409898 -8.84765e-18 
405.391 496.25 262.861 22.5004 6.55316e-07 -7.44945e-06 0.407551 1.80663e-17 
399.955 490.814 263.943 22.5004 6.55316e-07 -7.56147e-06 0.405204 2.47285e-17 
394.519 485.378 264.988 22.5004 6.55316e-07 -7.79745e-06 0.402857 2.00436e-18 
389.084 479.943 265.994 22.5004 6.55316e-07 -8.29798e-06 0.40051 1.50582e-17 
383.648 474.507 266.962 22.5004 6.55316e-07 -9.35701e-06 0.398163 2.29469e-17 
378.213 469.072 267.892 22.5004 6.55316e-07 -1.1582e-05 0.395816 2.50936e-18 
372.777 463.636 268.784 22.5004 6.55316e-07 -1.62096e-05 0.393469 -2.90568e-18 
367.341 458.2 269.637 22.5004 6.55316e-07 -2.57097e-05 0.391122 1.08133e-17 
361.906 452.765 270.452 22.5004 6.55316e-07 -4.48888e-05 0.388776 -1.15619e-17 
356.47 447.329 271.229 22.5004 6.55316e-07 -8.27594e-05 0.386429 -1.49411e-17 
351.034 441.893 271.967 22.5004 6.55316e-07 -0.000155286 0.384082 4.71698e-18 
345.599 436.458 272.666 22.5004 6.55322e-07 -0.000288082 0.381735 -2.05105e-17 
340.163 431.022 273.327 22.5004 6.55398e-07 -0.000514284 0.379388 -5.23493e-17 
334.727 425.586 273.948 22.5004 6.56316e-07 -0.000850749 0.377041 -8.22638e-17 
329.292 420.151 274.531 22.5003 6.6576e-07 -0.00120262 0.374694 -9.22168e-17 
323.856 414.715 275.075 22.5003 7.23714e-07 -0.00106988 0.372347 -6.45542e-17 
318.42 409.279 275.58 22.5002 -3.30325e-10 0.00115684 0.369 0 
318.42 409.279 275.58 22.5002 -3.30325e-10 0.00115684 0.369 0 
313.256 419.399 275.605 21.9821 0.610082 0.00156207 -0.104741 -0.0382221 
308.281 429.522 279.564 18.6318 0.728336 -0.011642 -0.0838241 -0.0336978 
305.07 439.559 284.319 14.8368 0.661451 -0.0232405 -0.0374683 -0.0295326 
303.887 449.519 288.683 11.5155 0.408175 -0.0333589 0.0606035 -0.0257013 
304.506 459.413 291.449 9.54647 0.0485517 -0.0421138 0.263934 -0.0221821 
306.223 469.249 291.921 9.36389 -0.232906 -0.0496147 0.475588 -0.0189559 
308.077 479.037 290.582 10.5076 -0.319818 -0.0559666 0.531859 -0.0160053 
309.335 488.785 288.672 12.013 -0.282193 -0.061269 0.491482 -0.0133142 
309.786 498.499 286.989 13.2825 -0.191856 -0.0656155 0.413013 -0.0108681 
309.549 508.186 285.874 14.0785 -0.100236 -0.0690935 0.339414 -0.00865334 
308.875 517.851 285.341 14.4132 -0.0315399 -0.071785 0.291376 -0.0066572 
308.013 527.498 285.247 14.4109 0.0108506 -0.0737676 0.268347 -0.00486777 
307.145 537.133 285.425 14.2077 0.0306367 -0.0751142 0.263489 -0.00327375 
306.382 546.759 285.734 13.9174 0.0332031 -0.0758941 0.27034 -0.00186436 
305.772 556.379 286.061 13.6248 0.024633 -0.0761726 0.2835 -0.000629239 
305.318 565.998 286.337 13.3827 0.0109359 -0.0760115 0.298394 0.000441666 
304.995 575.618 286.527 13.2136 -0.00310034 -0.0754691 0.311531 0.00135814 
304.763 585.241 286.628 13.1167 -0.0147081 -0.0746003 0.321012 0.0021298 
304.584 594.87 286.656 13.078 -0.0230231 -0.0734565 0.326646 0.00276609 
304.427 604.506 286.63 13.08 -0.0282188 -0.0720858 0.329477 0.00327639 
304.269 614.151 286.571 13.1066 -0.0305273 -0.0705331 0.331046 0.00367 
304.096 623.806 286.497 13.143 -0.029687 -0.0688399 0.332735 0.00395618 
303.904 633.472 286.427 13.1732 -0.0250114 -0.0670445 0.335404 0.00414415 
303.694 643.15 286.388 13.1785 -0.0159608 -0.0651817 0.339276 0.00424309 
303.481 652.839 286.407 13.1382 -0.0029315 -0.0632833 0.344004 0.00426216 
303.286 662.541 286.51 13.0343 0.0120838 -0.0613778 0.34884 0.00421043 
303.145 672.255 286.711 12.8599 0.0253018 -0.0594903 0.352896 0.00409691 
303.094 681.981 286.998 12.6269 0.0316821 -0.0576429 0.355464 0.0039305 
303.167 691.718 287.33 12.3717 0.0262718 -0.0558544 0.356311 0.00371994 
303.376 701.468 287.629 12.1535 0.00615122 -0.0541402 0.355847 0.00347379 
303.705 711.228 287.8 12.0431 -0.0275746 -0.052513 0.355043 0.00320037 
304.096 720.998 287.756 12.1028 -0.0685503 -0.0509823 0.355104 0.0029077 
304.462 730.779 287.447 12.3607 -0.105515 -0.049555 0.357019 0.00260344 
304.696 740.569 286.898 12.7883 -0.124627 -0.0482352 0.361196 0.00229486 
304.704 750.367 286.221 13.2904 -0.113494 -0.0470247 0.367292 0.00198872 
304.443 760.173 285.611 13.7152 -0.0659566 -0.045923 0.374239 0.00169125 
303.949 769.987 285.302 13.8873 0.0138096 -0.0449273 0.380504 0.00140806 
303.352 779.807 285.505 13.6596 0.109493 -0.044033 0.384631 0.00114408 
302.862 789.633 286.327 12.9716 0.194532 -0.0432334 0.385789 0.0009035 
302.727 799.464 287.703 11.8956 0.238075 -0.04252 0.384004 0.00068965 
303.16 809.299 289.371 10.6519 0.213936 -0.0418831 0.380104 0.000504949 
304.259 819.137 290.896 9.57979 0.110371 -0.0413114 0.375542 0.000350788 
305.944 828.979 291.765 9.06127 -0.0621917 -0.0407934 0.372049 0.000227455 
307.929 838.824 291.529 9.41082 -0.268431 -0.0403175 0.370774 0.000134074 
309.759 848.672 289.961 10.7564 -0.45301 -0.0398724 0.371438 6.85843e-05 
310.897 858.523 287.191 12.9494 -0.553475 -0.0394487 0.372713 2.77091e-05 
310.881 868.378 283.751 15.5423 -0.518181 -0.0390384 0.373185 6.89252e-06 
309.479 878.237 280.512 17.8533 -0.324548 -0.0386358 0.372143 1.73155e-07 
306.817 888.099 278.496 19.1191 0.00757717 -0.0382374 0.369 0 
306.817 888.099 278.496 19.1191 0.00757717 -0.0382374 0.369 0 
305.928 878.693 279.651 20.5013 0.000160938 0.103051 0.482653 -1.8856e-14 
305.035 869.288 280.694 21.3227 3.53129e-06 0.139489 0.480306 -5.047e-15 
304.136 859.882 281.624 21.8074 1.90388e-07 0.148965 0.477959 -1.30393e-15 
303.234 850.476 282.441 22.0928 1.19479e-07 0.15143 0.475612 -4.51589e-16 
302.326 841.071 283.144 22.2606 1.17975e-07 0.15207 0.473265 -1.64417e-16 
301.414 831.665 283.734 22.3593 1.17945e-07 0.152236 0.470918 -6.20164e-17 
300.497 822.259 284.21 22.4173 1.17946e-07 0.152279 0.468571 -3.20496e-17 
299.576 812.853 284.572 22.4514 1.17948e-07 0.152291 0.466224 1.05577e-17 
298.649 803.448 284.821 22.4715 1.1795e-07 0.152293 0.463878 -4.23824e-17 
297.718 794.042 284.955 22.4833 1.17952e-07 0.152294 0.461531 -3.43772e-17 
296.782 784.636 284.975 22.4902 1.17955e-07 0.152294 0.459184 3.93849e-17 
295.841 775.231 284.881 22.4943 1.17957e-07 0.152294 0.456837 -6.24313e-17 
294.896 765.825 284.673 22.4967 1.17959e-07 0.152294 0.45449 6.14255e-18 
293.945 756.419 284.351 22.4981 1.17962e-07 0.152294 0.452143 1.11286e-17 
292.99 747.014 283.915 22.4989 1.17964e-07 0.152294 0.449796 -4.49941e-17 
292.03 737.608 283.365 22.4994 1.17966e-07 0.152294 0.447449 -2.63509e-18 
291.064 728.202 282.702 22.4997 1.17969e-07 0.152294 0.445102 5.87216e-18 
290.094 718.797 281.925 22.4998 1.17971e-07 0.152294 0.442755 -1.84626e-17 
289.119 709.391 281.035 22.4999 1.17974e-07 0.152294 0.440408 3.12109e-17 
288.139 699.985 280.033 22.5 1.17976e-07 0.152294 0.438061 -5.71634e-18 
287.153 690.579 278.917 22.5 1.17978e-07 0.152294 0.435714 6.32837e-17 
286.163 681.174 277.689 22.5 1.17981e-07 0.152294 0.433367 1.61928e-17 
285.168 671.768 276.349 22.5001 1.17983e-07 0.152294 0.43102 5.35744e-17 
284.167 662.362 274.898 22.5001 1.17986e-07 0.152294 0.428673 2.26687e-17 
283.161 652.957 273.335 22.5001 1.17988e-07 0.152294 0.426327 6.35101e-19 
282.15 643.551 271.662 22.5001 1.17991e-07 0.152294 0.42398 2.77632e-17 
281.134 634.145 269.878 22.5001 1.17993e-07 0.152294 0.421633 -2.27322e-17 
280.113 624.74 267.984 22.5001 1.17996e-07 0.152294 0.419286 -1.78766e-17 
279.087 615.334 265.981 22.5001 1.17998e-07 0.152294 0.416939 8.10106e-18 
278.055 605.928 263.869 22.5001 1.18001e-07 0.152294 0.414592 -3.31507e-17 
277.018 596.522 261.648 22.5001 1.18004e-07 0.152294 0.412245 2.1344e-17 
275.976 587.117 259.32 22.5001 1.18006e-07 0.152294 0.409898 1.96286e-17 
274.928 577.711 256.884 22.5001 1.18009e-07 0.152294 0.407551 3.06139e-17 
273.875 568.305 254.342 22.5001 1.18012e-07 0.152294 0.405204 4.53001e-18 
272.817 558.9 251.693 22.5001 1.18015e-07 0.152294 0.402857 8.80435e-18 
271.753 549.494 248.938 22.5001 1.18017e-07 0.152294 0.40051 -3.68201e-18 
270.684 540.088 246.079 22.5001 1.1802e-07 0.152294 0.398163 -3.59076e-17 
269.609 530.683 243.115 22.5001 1.18023e-07 0.152294 0.395816 -1.38096e-17 
268.529 521.277 240.047 22.5001 1.18026e-07 0.152293 0.393469 -8.52028e-18 
267.443 511.871 236.876 22.5001 1.18029e-07 0.152293 0.391122 -1.39663e-17 
266.352 502.466 233.602 22.5001 1.18032e-07 0.152291 0.388776 -5.37683e-18 
265.255 493.06 230.226 22.5001 1.18035e-07 0.152284 0.386429 -8.57042e-18 
264.153 483.654 226.748 22.5001 1.18039e-07 0.152257 0.384082 -9.97951e-18 
263.045 474.248 223.17 22.5001 1.18042e-07 0.152153 0.381735 8.72724e-19 
261.931 464.843 219.49 22.5001 1.18045e-07 0.151756 0.379388 7.43718e-18 
260.812 455.437 215.711 22.5001 1.18048e-07 0.150241 0.377041 1.75915e-17 
259.687 446.031 211.833 22.5001 1.18002e-07 0.14447 0.374694 1.89446e-17 
258.556 436.626 207.856 22.5001 1.15481e-07 0.1225 0.372347 1.72e-17 
257.42 427.22 203.78 22.5 1.0843e-11 0.0383326 0.369 0 
257.42 427.22 203.78 22.5 1.0843e-11 0.0383326 0.369 0 
253.023 436.041 203.802 22.0588 0.51948 0.0386858 -0.0681986 -0.0290659 
248.763 444.865 206.675 19.5723 0.65467 0.0302262 -0.0605772 -0.0257975 
245.612 453.641 210.312 16.6089 0.666082 0.022754 -0.0316824 -0.0227724 
243.801 462.375 214.037 13.6968 0.547167 0.0161968 0.0227777 -0.0199776 
243.324 471.072 217.136 11.3716 0.322364 0.0104862 0.120076 -0.0174005 
243.927 479.737 219.023 10.0436 0.0579219 0.00555724 0.274613 -0.0150294 
245.163 488.374 219.471 9.82871 -0.147237 0.0013481 0.425634 -0.0128536 
246.521 496.988 218.797 10.4407 -0.238561 -0.00220077 0.493387 -0.0108627 
247.613 505.583 217.617 11.3954 -0.242026 -0.00514629 0.492744 -0.00904734 
248.273 514.163 216.409 12.3306 -0.196411 -0.00754229 0.455969 -0.00739858 
248.503 522.729 215.443 13.0509 -0.132634 -0.00943956 0.406921 -0.0059079 
248.4 531.285 214.821 13.4914 -0.0720174 -0.0108861 0.362592 -0.00456715 
248.089 539.834 214.527 13.6741 -0.0252141 -0.0119271 0.331152 -0.0033685 
247.69 548.376 214.487 13.6626 0.00502649 -0.0126055 0.313485 -0.00230435 
247.292 556.916 214.614 13.5296 0.0200069 -0.0129618 0.307208 -0.00136729 
246.952 565.453 214.824 13.3404 0.0228436 -0.0130344 0.309201 -0.000550078 
246.698 573.989 215.052 13.1457 0.0174685 -0.0128594 0.316482 0.000154406 
246.532 582.527 215.251 12.9786 0.00797608 -0.0124708 0.326412 0.000753196 
246.443 591.066 215.4 12.8546 -0.0020033 -0.0119005 0.336814 0.00125325 
246.411 599.609 215.496 12.7742 -0.0098385 -0.0111785 0.346109 0.00166147 
246.416 608.156 215.549 12.7271 -0.0141876 -0.0103326 0.353403 0.0019847 
246.443 616.707 215.579 12.698 -0.0149829 -0.00938845 0.358428 0.00222975 
246.483 625.263 215.604 12.6721 -0.0131667 -0.00836986 0.361388 0.00240338 
246.534 633.825 215.64 12.6388 -0.0102849 -0.00729843 0.36275 0.00251231 
246.601 642.393 215.692 12.5944 -0.00803435 -0.00619379 0.363082 0.0025632 
246.687 650.967 215.756 12.5421 -0.00783509 -0.0050735 0.362932 0.00256261 
246.796 659.547 215.822 12.4908 -0.0104777 -0.00395315 0.362772 0.00251703 
246.93 668.133 215.875 12.4525 -0.0158956 -0.00284634 0.362974 0.00243284 
247.081 676.725 215.897 12.438 -0.0231051 -0.00176475 0.363793 0.00231626 
247.24 685.323 215.881 12.454 -0.0303468 -0.000718195 0.365359 0.00217335 
247.392 693.927 215.824 12.4992 -0.0354307 0.000285348 0.367663 0.00200997 
247.525 702.537 215.739 12.5635 -0.0362464 0.00123964 0.370554 0.00183174 
247.628 711.151 215.65 12.6281 -0.0313531 0.00214014 0.373746 0.00164401 
247.701 719.771 215.586 12.6693 -0.0205188 0.00298391 0.376867 0.0014518 
247.755 728.395 215.582 12.663 -0.00506088 0.00376951 0.379523 0.00125981 
247.809 737.023 215.662 12.5919 0.0121467 0.00449698 0.381389 0.00107232 
247.894 745.656 215.837 12.451 0.0270756 0.00516763 0.382293 0.00089318 
248.041 754.292 216.095 12.2527 0.0353326 0.00578401 0.382254 0.000725747 
248.277 762.931 216.401 12.0271 0.0332051 0.00634971 0.381479 0.000572862 
248.616 771.574 216.697 11.8186 0.0187372 0.00686922 0.380297 0.000436788 
249.051 780.219 216.915 11.6781 -0.00743569 0.00734774 0.379059 0.000319171 
249.553 788.867 216.991 11.6522 -0.0417477 0.00779095 0.378029 0.000220992 
250.071 797.517 216.879 11.7705 -0.078029 0.0082048 0.377303 0.000142526 
250.54 806.17 216.567 12.0362 -0.108523 0.00859528 0.376784 8.32913e-05 
250.892 814.824 216.085 12.4196 -0.125448 0.00896817 0.376236 4.20051e-05 
251.072 823.481 215.508 12.8601 -0.122795 0.00932877 0.375388 1.65287e-05 
251.052 832.14 214.941 13.274 -0.0979749 0.00968171 0.374055 3.83111e-06 
250.841 840.801 214.506 13.5699 -0.052909 0.0100307 0.372215 -4.03556e-08 
250.491 849.465 214.316 13.6677 0.00572747 0.0103781 0.369 0 
250.491 849.465 214.316 13.6677 0.00572747 0.0103781 0.369 0 
250.455 850.061 214.325 13.6574 0.00990301 0.010402 0.421003 0.135526 
250.42 850.657 214.336 13.6451 0.0169692 0.013251 0.367203 0.126907 
250.385 851.254 214.349 13.6317 0.0209578 0.0159204 0.333363 0.11855 
250.35 851.852 214.364 13.6177 0.0229904 0.0184156 0.309261 0.110472 
250.316 852.451 214.379 13.6036 0.0236147 0.0207424 0.290167 0.102682 
250.283 853.051 214.395 13.5896 0.0231126 0.0229069 0.274403 0.0951906 
250.249 853.652 214.41 13.5761 0.021673 0.0249153 0.261454 0.0880051 
250.216 854.254 214.425 13.5633 0.0194564 0.0267739 0.251123 0.081131 
250.184 854.856 214.44 13.5513 0.0166129 0.0284893 0.243272 0.0745722 
250.152 855.459 214.453 13.5402 0.0132855 0.0300679 0.237763 0.068331 
250.12 856.062 214.465 13.5303 0.00961 0.0315165 0.234456 0.0624086 
250.089 856.666 214.475 13.5215 0.00571423 0.0328417 0.233206 0.0568046 
250.058 857.271 214.484 13.5138 0.00171824 0.03405 0.233868 0.0515178 
250.027 857.876 214.492 13.5073 -0.00226604 0.0351482 0.236294 0.0465458 
249.996 858.481 214.498 13.5019 -0.00613512 0.0361427 0.240332 0.0418852 
249.966 859.087 214.503 13.4976 -0.00979425 0.0370401 0.245822 0.0375316 
249.936 859.693 214.506 13.4942 -0.013158 0.0378468 0.252595 0.0334799 
249.906 860.299 214.508 13.4917 -0.0161507 0.038569 0.260473 0.029724 
249.876 860.906 214.509 13.49 -0.0187073 0.0392129 0.269265 0.0262569 
249.846 861.513 214.509 13.4888 -0.0207739 0.0397846 0.278773 0.0230709 
249.816 862.12 214.508 13.488 -0.0223081 0.0402898 0.288782 0.0201571 
249.786 862.727 214.506 13.4876 -0.0232806 0.0407344 0.299068 0.0175062 
249.756 863.335 214.504 13.4872 -0.0236748 0.0411236 0.309393 0.0151077 
249.726 863.943 214.502 13.4868 -0.0234885 0.0414629 0.319512 0.0129505 
249.697 864.55 214.5 13.4862 -0.0227338 0.0417572 0.329177 0.0110225 
249.667 865.158 214.499 13.4852 -0.0214373 0.0420114 0.338154 0.0093111 
249.637 865.766 214.498 13.4836 -0.0196393 0.0422298 0.34625 0.00780289 
249.607 866.374 214.497 13.4815 -0.0173915 0.0424169 0.353339 0.00648393 
249.578 866.982 214.498 13.4785 -0.0147532 0.0425764 0.359383 0.00533981 
249.548 867.591 214.499 13.4748 -0.0117861 0.0427121 0.364441 0.00435586 
249.519 868.199 214.501 13.4701 -0.00854888 0.0428273 0.368634 0.00351727 
249.489 868.807 214.505 13.4644 -0.00509374 0.0429249 0.372107 0.00280932 
249.46 869.415 214.51 13.4576 -0.00146487 0.0430079 0.374978 0.00221752 
249.431 870.024 214.517 13.4498 0.00230007 0.0430785 0.377322 0.00172793 
249.402 870.632 214.524 13.4409 0.00616749 0.0431389 0.379174 0.00132723 
249.374 871.24 214.534 13.4309 0.0101057 0.0431909 0.380554 0.00100302 
249.345 871.849 214.544 13.4197 0.0140841 0.0432362 0.381484 0.000743892 
249.317 872.457 214.557 13.4075 0.0180732 0.043276 0.382 0.000539561 
249.29 873.066 214.571 13.3941 0.0220458 0.0433116 0.38215 0.000380929 
249.262 873.674 214.586 13.3795 0.0259772 0.0433439 0.381984 0.000260062 
249.236 874.283 214.603 13.3639 0.0298456 0.0433737 0.381545 0.000170127 
249.209 874.891 214.621 13.3473 0.0336318 0.0434016 0.380864 0.000105275 
249.183 875.5 214.641 13.3296 0.0373184 0.0434282 0.379958 6.04779e-05 
249.158 876.108 214.662 13.3109 0.0408892 0.0434538 0.378835 3.13595e-05 
249.133 876.717 214.684 13.2912 0.0443283 0.0434788 0.377499 1.40362e-05 
249.109 877.325 214.708 13.2706 0.0476203 0.0435034 0.375952 5.01997e-06 
249.085 877.934 214.733 13.2492 0.0507503 0.0435279 0.374191 1.22847e-06 
249.062 878.542 214.759 13.2269 0.053703 0.0435523 0.37221 1.34624e-07 
249.04 879.151 214.786 13.2039 0.0564633 0.0435766 0.369 0 
249.04 879.151 214.786 13.2039 0.0564633 0.0435766 0.369 0 
260.313 867.878 218.964 17.32 0.000649361 -0.143793 0.482653 -5.10856e-12 
271.586 856.605 222.984 19.6596 -0.000185934 -0.18105 0.480306 -1.44229e-12 
282.859 845.332 226.847 20.9293 -0.000198434 -0.188454 0.477959 -3.76334e-13 
294.132 834.059 230.55 21.6074 -0.00019862 -0.189925 0.475612 -1.02853e-13 
305.404 822.787 234.093 21.9679 -0.000198622 -0.190218 0.473265 -3.65179e-14 
316.677 811.514 237.473 22.1593 -0.000198622 -0.190276 0.470918 -2.00958e-14 
327.95 800.241 240.69 22.2608 -0.000198621 -0.190287 0.468571 -1.56625e-14 
339.223 788.968 243.742 22.3147 -0.000198621 -0.19029 0.466224 -1.37096e-14 
350.496 777.695 246.627 22.3433 -0.000198621 -0.19029 0.463878 -1.23447e-14 
361.769 766.422 249.346 22.3585 -0.000198621 -0.19029 0.461531 -1.13344e-14 
373.042 755.149 251.896 22.3666 -0.000198621 -0.19029 0.459184 -1.0153e-14 
384.315 743.876 254.276 22.3708 -0.000198621 -0.19029 0.456837 -9.2712e-15 
395.588 732.603 256.485 22.3731 -0.000198622 -0.19029 0.45449 -8.30766e-15 
406.86 721.331 258.522 22.3743 -0.000198622 -0.19029 0.452143 -7.50906e-15 
418.133 710.058 260.386 22.375 -0.000198622 -0.19029 0.449796 -6.78667e-15 
429.406 698.785 262.076 22.3753 -0.000198622 -0.19029 0.447449 -5.99744e-15 
440.679 687.512 263.591 22.3755 -0.000198622 -0.19029 0.445102 -5.32371e-15 
451.952 676.239 264.931 22.3756 -0.000198622 -0.19029 0.442755 -4.65268e-15 
463.225 664.966 266.094 22.3756 -0.000198622 -0.19029 0.440408 -4.11369e-15 
474.498 653.693 267.079 22.3757 -0.000198622 -0.19029 0.438061 -3.63059e-15 
485.771 642.42 267.888 22.3757 -0.000198622 -0.19029 0.435714 -3.05236e-15 
497.043 631.148 268.517 22.3757 -0.000198623 -0.19029 0.433367 -2.667e-15 
508.316 619.875 268.969 22.3757 -0.000198623 -0.19029 0.43102 -2.27084e-15 
519.589 608.602 269.242 22.3757 -0.000198623 -0.19029 0.428673 -1.91722e-15 
530.862 597.329 269.335 22.3757 -0.000198623 -0.19029 0.426327 -1.57887e-15 
542.135 586.056 269.25 22.3757 -0.000198623 -0.19029 0.42398 -1.26635e-15 
553.408 574.783 268.986 22.3757 -0.000198623 -0.19029 0.421633 -1.08911e-15 
564.681 563.51 268.543 22.3757 -0.000198623 -0.19029 0.419286 -8.40878e-16 
575.954 552.237 267.922 22.3757 -0.000198623 -0.19029 0.416939 -6.4817e-16 
587.227 540.964 267.122 22.3757 -0.000198623 -0.19029 0.414592 -4.71414e-16 
598.499 529.692 266.145 22.3757 -0.000198624 -0.19029 0.412245 -3.11118e-16 
609.772 518.419 264.991 22.3757 -0.000198624 -0.19029 0.409898 -2.15773e-16 
621.045 507.146 263.66 22.3757 -0.000198624 -0.19029 0.407551 -1.35919e-16 
632.318 495.873 262.153 22.3757 -0.000198624 -0.19029 0.405204 -4.37874e-17 
643.591 484.6 260.471 22.3757 -0.000198624 -0.19029 0.402857 4.26264e-17 
654.864 473.327 258.615 22.3757 -0.000198624 -0.19029 0.40051 6.13076e-17 
666.137 462.054 256.587 22.3757 -0.000198624 -0.19029 0.398163 9.88389e-17 
677.41 450.781 254.386 22.3757 -0.000198624 -0.19029 0.395816 1.30008e-16 
688.683 439.508 252.014 22.3758 -0.000198624 -0.19029 0.393469 1.26978e-16 
699.955 428.236 249.472 22.3759 -0.000198624 -0.19029 0.391122 1.47145e-16 
711.228 416.963 246.762 22.3761 -0.000198624 -0.19029 0.388776 1.56074e-16 
722.501 405.69 243.884 22.3764 -0.000198624 -0.190288 0.386429 1.89714e-16 
733.774 394.417 240.84 22.377 -0.000198625 -0.190281 0.384082 3.13454e-16 
745.047 383.144 237.631 22.3781 -0.000198625 -0.190243 0.381735 7.21929e-16 
756.32 371.871 234.258 22.3803 -0.000198625 -0.190052 0.379388 1.74201e-15 
767.593 360.598 230.724 22.3844 -0.000198624 -0.189094 0.377041 3.62363e-15 
778.866 349.325 227.028 22.3921 -0.00019858 -0.184271 0.374694 5.35163e-15 
790.138 338.053 223.173 22.4066 -0.000195653 -0.159999 0.372347 3.31914e-15 
801.411 326.78 219.16 22.434 -1.24679e-08 -0.0378927 0.369 0 
801.411 326.78 219.16 22.434 -1.24679e-08 -0.0378927 0.369 0 
793.283 342.403 219.209 21.6102 0.950896 -0.0370435 -0.188388 0.974051 
785.636 358.035 228.962 13.7362 0.962495 0.512413 -0.176776 0.328443 
784.619 379.261 238.961 6.28997 0.231523 0.698276 -0.165163 -0.787677 
790.036 402.375 241.634 5 -1.19181 0.255382 1.05044 -0.771005 
796.848 420.975 229.823 14.2836 -0.855942 -0.17828 0.781424 -0.71574 
795.766 435.163 221.284 20.4678 -0.0374026 -0.580977 -0.130326 -0.615443 
789.291 445.251 220.984 20.2891 -0.0358306 -0.927329 -0.118714 -0.476415 
782.952 451.809 220.704 20.1049 -0.0338552 -1.19548 -0.107102 -0.336602 
776.755 455.635 220.446 19.9124 -0.0320161 -1.38497 -0.0954897 -0.232919 
770.709 457.53 220.21 19.7296 -0.0311106 -1.51613 -0.0838774 -0.166547 
764.805 458.088 219.987 19.5467 -0.0301863 -1.60994 -0.0722652 -0.117297 
759.045 457.69 219.776 19.3636 -0.0292532 -1.67604 -0.0606529 -0.0677664 
753.43 456.618 219.578 19.1802 -0.028335 -1.71427 -0.0490406 -0.0123775 
747.96 455.157 219.391 18.9966 -0.0274603 -1.7213 -0.0374284 0.0447139 
742.636 453.624 219.217 18.8132 -0.0266444 -1.69617 -0.0258162 0.0959797 
737.458 452.347 219.054 18.6304 -0.0258686 -1.64214 -0.0142039 0.136169 
732.426 451.62 218.902 18.4486 -0.0250716 -1.56544 -0.00259169 0.164294 
727.541 451.675 218.761 18.2674 -0.0241668 -1.47286 0.00902055 0.182415 
722.8 452.673 218.633 18.086 -0.0230903 -1.37003 0.0206328 0.193521 
718.206 454.719 218.518 17.903 -0.021864 -1.2609 0.0322451 0.200062 
713.76 457.877 218.419 17.7175 -0.0206366 -1.14803 0.0438573 0.203437 
709.463 462.184 218.335 17.5296 -0.0196575 -1.03321 0.0554695 0.204178 
705.319 467.662 218.264 17.3414 -0.0191573 -0.917915 0.0670818 0.202393 
701.329 474.315 218.201 17.1565 -0.0191626 -0.803577 0.078694 0.198143 
697.488 482.132 218.142 16.9787 -0.0193389 -0.691581 0.0903063 0.191627 
693.793 491.091 218.083 16.8089 -0.0189996 -0.583206 0.101919 0.183185 
690.236 501.154 218.031 16.6425 -0.0173833 -0.479538 0.113531 0.17322 
686.814 512.273 217.998 16.4695 -0.0141751 -0.381437 0.125143 0.162119 
683.533 524.391 218 16.2778 -0.0100412 -0.289547 0.136755 0.150204 
680.409 537.446 218.048 16.0615 -0.00678838 -0.204328 0.148368 0.137731 
677.462 551.37 218.132 15.8292 -0.00677511 -0.1261 0.15998 0.124909 
674.707 566.09 218.221 15.607 -0.011515 -0.0550613 0.171592 0.111927 
672.137 581.534 218.264 15.431 -0.0199758 0.00869461 0.183204 0.0989751 
669.713 597.627 218.225 15.3272 -0.027645 0.0651807 0.194816 0.0862444 
667.376 614.296 218.109 15.2844 -0.0275767 0.114518 0.206429 0.073927 
665.072 631.468 217.994 15.2387 -0.0139621 0.156936 0.218041 0.0622061 
662.8 649.072 218.018 15.0853 0.0127544 0.192766 0.229653 0.0512492 
660.649 667.041 218.318 14.7298 0.0420149 0.222436 0.241265 0.0412018 
658.788 685.312 218.921 14.1658 0.0542733 0.246454 0.252878 0.0321829 
657.398 703.828 219.659 13.5389 0.0296102 0.265397 0.26449 0.0242824 
656.54 722.536 220.155 13.1397 -0.0375934 0.279893 0.276102 0.0175567 
656.032 741.391 219.974 13.2828 -0.124854 0.290602 0.287714 0.0120262 
655.422 760.356 218.9 14.0876 -0.179581 0.298194 0.299327 0.00767195 
654.143 779.399 217.256 15.2581 -0.13828 0.30333 0.310939 0.0044341 
651.867 798.495 216.014 16.0254 0.0331889 0.306635 0.322551 0.00221108 
648.904 817.625 216.506 15.4072 0.294345 0.308678 0.334163 0.000859868 
646.403 836.775 219.67 12.8002 0.510359 0.309946 0.345776 0.00019669 
646.05 855.937 225.077 8.68636 0.489782 0.310827 0.357388 -2.21003e-06 
649.172 875.105 230.342 5 0.0899997 0.311585 0.369 0 
649.172 875.105 230.342 5 0.0899997 0.311585 0.369 0 
646.744 866.392 233.402 10.3956 0.00221139 0.195511 0.482653 2.56812e-14 
644.32 857.68 236.374 14.6979 5.44447e-05 0.164803 0.480306 5.99162e-15 
641.898 848.967 239.255 17.6084 1.45398e-06 0.156814 0.477959 1.38566e-15 
639.479 840.255 242.046 19.4789 1.52118e-07 0.154748 0.475612 3.06288e-16 
637.062 831.542 244.747 20.6465 1.2013e-07 0.154215 0.473265 1.18572e-16 
634.648 822.83 247.356 21.3659 1.19342e-07 0.154078 0.470918 5.25105e-17 
632.237 814.117 249.874 21.8068 1.19322e-07 0.154043 0.468571 -7.86806e-17 
629.829 805.405 252.3 22.0765 1.19322e-07 0.154034 0.466224 2.40645e-17 
627.422 796.692 254.633 22.2413 1.19324e-07 0.154032 0.463878 3.44237e-17 
625.019 787.979 256.873 22.342 1.19326e-07 0.154032 0.461531 -2.80098e-17 
622.618 779.267 259.019 22.4035 1.19328e-07 0.154031 0.459184 -2.29113e-18 
620.219 770.554 261.072 22.4411 1.19331e-07 0.154031 0.456837 7.18218e-18 
617.823 761.842 263.03 22.464 1.19333e-07 0.154031 0.45449 5.73619e-18 
615.429 753.129 264.893 22.4781 1.19336e-07 0.154031 0.452143 -6.92723e-18 
613.037 744.417 266.661 22.4866 1.19338e-07 0.154031 0.449796 2.97951e-17 
610.648 735.704 268.333 22.4919 1.19341e-07 0.154031 0.447449 -5.46961e-17 
608.26 726.992 269.91 22.4951 1.19343e-07 0.154031 0.445102 -7.23713e-17 
605.875 718.279 271.389 22.497 1.19346e-07 0.154031 0.442755 -6.39632e-17 
603.492 709.567 272.772 22.4982 1.19348e-07 0.154031 0.440408 -1.9045e-17 
601.111 700.854 274.058 22.4989 1.19351e-07 0.154031 0.438061 4.94804e-17 
598.732 692.141 275.246 22.4994 1.19353e-07 0.154031 0.435714 -5.14917e-17 
596.355 683.429 276.337 22.4996 1.19356e-07 0.154031 0.433367 -4.17869e-17 
593.98 674.716 277.33 22.4998 1.19358e-07 0.154031 0.43102 6.64198e-17 
591.607 666.004 278.224 22.4999 1.19361e-07 0.154031 0.428673 4.80296e-17 
589.236 657.291 279.019 22.5 1.19363e-07 0.154031 0.426327 -4.32573e-17 
586.867 648.579 279.716 22.5 1.19366e-07 0.154031 0.42398 -2.04448e-17 
584.499 639.866 280.314 22.5 1.19368e-07 0.154031 0.421633 -2.47846e-17 
582.134 631.154 280.813 22.5001 1.19371e-07 0.154031 0.419286 -3.20897e-17 
579.769 622.441 281.213 22.5001 1.19373e-07 0.154031 0.416939 1.59824e-17 
577.407 613.728 281.514 22.5001 1.19375e-07 0.154031 0.414592 6.66953e-19 
575.046 605.016 281.715 22.5001 1.19378e-07 0.154031 0.412245 2.3912e-18 
572.687 596.303 281.816 22.5001 1.1938e-07 0.154031 0.409898 6.78365e-18 
570.329 587.591 281.818 22.5001 1.19383e-07 0.154031 0.407551 6.12136e-19 
567.973 578.878 281.721 22.5001 1.19385e-07 0.154031 0.405204 -1.02952e-17 
565.618 570.166 281.524 22.5001 1.19387e-07 0.154031 0.402857 -1.87422e-17 
563.265 561.453 281.227 22.5001 1.1939e-07 0.154031 0.40051 -1.41197e-17 
560.913 552.741 280.832 22.5001 1.19392e-07 0.154031 0.398163 8.06611e-18 
558.562 544.028 280.337 22.5001 1.19395e-07 0.154031 0.395816 9.22971e-18 
556.213 535.316 279.743 22.5001 1.19397e-07 0.15403 0.393469 -2.25436e-18 
553.865 526.603 279.05 22.5001 1.194e-07 0.154029 0.391122 2.49365e-18 
551.518 517.89 278.258 22.5001 1.19402e-07 0.154026 0.388776 1.66631e-17 
549.172 509.178 277.368 22.5001 1.19405e-07 0.154013 0.386429 -8.37439e-18 
546.827 500.465 276.38 22.5001 1.19407e-07 0.15397 0.384082 2.17871e-18 
544.483 491.753 275.293 22.5001 1.1941e-07 0.153818 0.381735 9.1053e-18 
542.141 483.04 274.109 22.5001 1.19412e-07 0.153285 0.379388 1.7667e-17 
539.799 474.328 272.827 22.5001 1.19413e-07 0.15142 0.377041 1.94023e-17 
537.459 465.615 271.448 22.5001 1.19344e-07 0.144912 0.374694 2.30804e-17 
535.119 456.903 269.972 22.5001 1.16411e-07 0.122197 0.372347 1.89289e-17 
532.78 448.19 268.4 22.5 1.27319e-11 0.0424172 0.369 0 
532.78 448.19 268.4 22.5 1.27319e-11 0.0424172 0.369 0 
523.897 466.152 268.355 21.5112 0.971262 0.0770795 -0.188388 0.969094 
515.682 484.502 279.194 12.6033 0.893615 0.690243 -0.176774 -0.618203 
515.718 509.704 289.323 5 -0.107608 0.297996 1.02437 -0.577547 
523.017 530.513 288.389 5.87913 0.105534 -0.0685119 0.781383 -0.538787 
529.455 547.223 289.823 5.00011 0.00303454 -0.41057 0.897673 -0.49849 
536.734 560.105 290.126 5.00012 0.00303484 -0.727206 0.897672 -0.456872 
544.017 569.446 290.429 5.00013 0.0030346 -1.01759 0.897671 -0.414085 
551.304 575.538 290.732 5.00013 0.00303438 -1.28098 0.897671 -0.370348 
558.595 578.683 291.035 5.00014 0.00303417 -1.51676 0.897671 -0.325918 
565.891 579.191 291.338 5.00014 0.00303396 -1.72448 0.89767 -0.281074 
573.192 577.375 291.641 5.00015 0.00303376 -1.90385 0.89767 -0.236108 
580.498 573.553 291.944 5.00016 0.00303353 -2.05477 0.89767 -0.191321 
587.81 568.042 292.248 5.00017 0.00303397 -2.17729 0.897658 -0.147025 
595.127 561.16 292.551 5.00017 0.00301555 -2.27168 0.897971 -0.103545 
602.451 553.223 292.854 5.00018 0.00352166 -2.33838 0.889243 -0.0612304 
609.78 544.54 293.162 5.0002 -0.0105614 -2.37805 0.889781 -0.0204485 
617.119 535.413 293.313 5.1198 -0.0235584 -2.39158 0.892768 0.0172304 
624.357 526.134 293.317 5.33983 -0.0187176 -2.38083 0.876476 0.0527676 
631.397 516.976 293.37 5.51066 -0.0178449 -2.34705 0.860173 0.0863567 
638.285 508.196 293.431 5.66966 -0.0261205 -2.29134 0.843866 0.117528 
645.034 500.04 293.396 5.89556 -0.0446827 -2.21509 0.827557 0.145593 
651.585 492.736 293.149 6.27102 -0.0663108 -2.12011 0.811245 0.170013 
657.799 486.495 292.654 6.81124 -0.0751177 -2.00856 0.794933 0.19054 
663.521 481.503 292.05 7.39509 -0.0538138 -1.88275 0.778623 0.20717 
668.703 477.918 291.674 7.76311 0.00183094 -1.745 0.762315 0.22003 
673.535 475.874 291.914 7.63878 0.0684961 -1.59755 0.746008 0.229304 
678.47 475.48 292.902 6.96418 0.0938584 -1.44252 0.729699 0.235199 
684.028 476.82 294.186 6.13096 0.0201451 -1.28191 0.713385 0.237946 
690.379 479.956 294.661 5.9939 -0.168155 -1.11758 0.697062 0.2378 
696.907 484.93 293.031 7.47748 -0.395766 -0.95125 0.680722 0.235036 
702.122 491.766 288.828 10.7982 -0.490456 -0.784457 0.664309 0.229938 
704.288 500.47 283.507 14.6908 -0.259408 -0.618591 0.419217 0.222782 
702.796 511.032 280.7 16.4542 -0.0283997 -0.454883 0.18342 0.213829 
699.61 523.427 280.447 16.2395 -0.00753609 -0.294404 0.194925 0.203317 
696.607 537.617 280.43 15.8571 0.00951506 -0.138086 0.2065 0.191459 
693.944 553.555 280.611 15.3518 0.00516179 0.0132567 0.218094 0.178443 
691.741 571.186 280.752 14.9146 -0.033314 0.158915 0.229695 0.164439 
689.943 590.446 280.471 14.8311 -0.098226 0.298273 0.2413 0.149598 
688.229 611.265 279.465 15.3004 -0.151746 0.430796 0.252907 0.134062 
686.084 633.567 277.852 16.1852 -0.135435 0.556027 0.264515 0.117972 
683.108 657.271 276.406 16.861 -0.00617408 0.673584 0.276125 0.101483 
679.466 682.29 276.393 16.3816 0.212395 0.783171 0.287735 0.0847787 
676.206 708.534 278.834 14.0713 0.39668 0.884596 0.299345 0.0681046 
675.031 735.912 283.378 10.3552 0.353094 0.977814 0.310956 0.0518002 
677.299 764.33 287.501 7.2752 -0.0643295 1.06299 0.322567 0.0363494 
682.515 793.698 287.01 7.96667 -0.783246 1.14057 0.334178 0.0224323 
687.261 823.934 278.464 14.7206 -1.4 1.21144 0.345776 0.00549192 
685.9 854.968 262.898 26.2256 -1.27349 1.25003 0.35739 -9.44531e-06 
673.85 886.442 248.54 35.8973 0.089997 1.25107 0.369 0 
673.85 886.442 248.54 35.8973 0.089997 1.25107 0.369 0 
676.217 871.762 250.69 28.9363 0.000804134 0.328198 0.482653 3.8905e-14 
678.596 857.082 252.524 25.4097 7.32671e-06 0.202279 0.480306 5.03512e-15 
680.985 842.402 254.042 23.7927 2.08677e-07 0.185131 0.477959 6.9891e-16 
683.387 827.722 255.242 23.0722 1.45097e-07 0.182795 0.475612 8.29583e-17 
685.799 813.042 256.122 22.7531 1.44533e-07 0.182477 0.473265 -4.65181e-17 
688.224 798.362 256.681 22.612 1.44532e-07 0.182434 0.470918 -3.65082e-18 
690.66 783.682 256.918 22.5496 1.44536e-07 0.182428 0.468571 5.49322e-17 
693.109 769.002 256.834 22.522 1.44539e-07 0.182427 0.466224 3.09795e-17 
695.569 754.322 256.428 22.5098 1.44543e-07 0.182427 0.463878 4.61708e-17 
698.042 739.642 255.701 22.5044 1.44546e-07 0.182427 0.461531 -1.25648e-17 
700.527 724.962 254.654 22.502 1.4455e-07 0.182427 0.459184 -1.19155e-19 
703.025 710.282 253.287 22.5009 1.44553e-07 0.182427 0.456837 3.13412e-17 
705.535 695.601 251.603 22.5005 1.44556e-07 0.182427 0.45449 1.18252e-17 
708.058 680.921 249.603 22.5003 1.4456e-07 0.182427 0.452143 -2.22286e-17 
710.594 666.241 247.29 22.5002 1.44563e-07 0.182427 0.449796 3.93858e-17 
713.144 651.561 244.665 22.5001 1.44567e-07 0.182427 0.447449 4.80099e-18 
715.706 636.881 241.732 22.5001 1.44571e-07 0.182427 0.445102 3.56598e-17 
718.282 622.201 238.493 22.5001 1.44574e-07 0.182427 0.442755 -1.8953e-17 
720.871 607.521 234.951 22.5001 1.44578e-07 0.182427 0.440408 7.9767e-19 
723.475 592.841 231.11 22.5001 1.44582e-07 0.182427 0.438061 4.87217e-17 
726.091 578.161 226.973 22.5001 1.44586e-07 0.182427 0.435714 4.43636e-17 
728.722 563.481 222.543 22.5001 1.4459e-07 0.182427 0.433367 -1.49041e-17 
731.367 548.801 217.823 22.5001 1.44594e-07 0.182427 0.43102 8.93361e-18 
734.026 534.121 212.818 22.5001 1.44598e-07 0.182427 0.428673 3.80604e-17 
736.7 519.441 207.53 22.5001 1.44603e-07 0.182427 0.426327 -1.39158e-17 
739.388 504.761 201.963 22.5001 1.44607e-07 0.182427 0.42398 -2.18941e-17 
742.091 490.081 196.12 22.5001 1.44612e-07 0.182427 0.421633 -1.95932e-18 
744.809 475.401 190.005 22.5001 1.44617e-07 0.182427 0.419286 -1.60941e-17 
747.541 460.721 183.62 22.5001 1.44622e-07 0.182427 0.416939 2.70553e-17 
750.289 446.041 176.968 22.5001 1.44627e-07 0.182427 0.414592 -1.8667e-17 
753.052 431.361 170.053 22.5001 1.44633e-07 0.182427 0.412245 1.97271e-17 
755.831 416.681 162.876 22.5001 1.44639e-07 0.182427 0.409898 6.78035e-18 
758.625 402.001 155.44 22.5001 1.44645e-07 0.182427 0.407551 -9.61626e-18 
761.434 387.321 147.746 22.5001 1.44652e-07 0.182427 0.405204 -8.74604e-18 
764.26 372.641 139.797 22.5001 1.44659e-07 0.182427 0.402857 -9.22805e-18 
767.102 357.961 131.593 22.5001 1.44666e-07 0.182427 0.40051 -4.91144e-18 
769.959 343.28 123.135 22.5001 1.44674e-07 0.182427 0.398163 -2.32617e-18 
772.834 328.6 114.423 22.5001 1.44683e-07 0.182427 0.395816 1.27591e-17 
775.724 313.92 105.456 22.5001 1.44693e-07 0.182427 0.393469 2.01201e-17 
778.631 299.24 96.2329 22.5001 1.44704e-07 0.182427 0.391122 1.50969e-18 
781.555 284.56 86.7498 22.5001 1.44716e-07 0.182427 0.388776 7.05465e-18 
784.496 269.88 77.0028 22.5001 1.44729e-07 0.182427 0.386429 -5.66797e-18 
787.454 255.2 66.9853 22.5001 1.44745e-07 0.182426 0.384082 -2.15992e-18 
790.43 240.52 56.6878 22.5001 1.44764e-07 0.18242 0.381735 2.24326e-18 
793.422 225.84 46.0963 22.5001 1.44787e-07 0.182373 0.379388 -3.96944e-18 
796.433 211.16 35.1894 22.5001 1.44818e-07 0.182029 0.377041 -1.10953e-18 
799.46 196.48 23.932 22.5001 1.44853e-07 0.179504 0.374694 8.81273e-18 
802.506 181.8 12.2586 22.5001 1.4367e-07 0.160965 0.372347 1.80545e-17 
805.57 167.12 0.00212591 22.5 1.29392e-09 0.0249021 0.369 0 
