grtopS_71_3
50
2 2
9 9 
0 3 5 6 2 7 1 4 8 
0 3 5 6 2 7 1 4 8 
1139.94 14.2366 41.1745 62.7286 81.0721 71.2024 70.4567 128.47 
113044 1.26664e-09 0 46.9738 15.1694 1.66228e-09 52.5777 65.2179 
23.2641 0.290544 0.840295 1.28018 1.65453 1.45311 1.43789 2.62184 
2307.03 2.58498e-11 0 0.958648 0.309579 3.39242e-11 1.07301 1.33098 
3.93523e-09 0.648887 0.142239 3.93483e-08 0.0983575 0.63277 0.185905 1.53236 
1.45283e-06 1.49423 3.27411 0.170079 0.291001 8.28881 0.296841 2.10121 
923.55 834.77 514.93 23.4421 0.600287 0 0.0986116 0 
923.55 834.77 514.93 23.4421 0.600287 4.64734e-10 0.100665 -0.209113 
923.55 834.77 514.93 23.4173 0.767522 -2.03512 0.0934946 0.214803 
7.71417 782.776 589.864 5.00003 0.875549 -0.0874688 0.234239 0.0397911 
11.9333 343.948 471.382 5.00163 0.78213 0.06467 0.239205 0.0363895 
15.708 -66.0704 310.881 21.5587 0.608898 0.263497 0.113042 0.00343292 
15.6104 -104.878 290.006 23.4915 0.58994 0.289552 0.0982353 -0.00037485 
15.0971 -100.741 286 23.4619 0.590022 0.294741 0.0984644 -0.00032237 
14.5888 -97.1989 281.641 23.4661 0.589884 0.300371 0.098428 -0.000332078 
14.079 -93.5326 277.276 23.4488 0.589969 0.306025 0.0985542 -0.000299242 
13.5746 -90.2255 272.72 23.4279 0.589956 0.311925 0.098714 -0.000264092 
13.0763 -87.3159 267.884 23.43 0.589646 0.31818 0.0987027 -0.000276341 
12.5798 -84.2699 262.937 23.4447 0.589339 0.324579 0.0985892 -0.000308897 
12.0858 -80.8478 258.044 23.4358 0.589329 0.330924 0.0986491 -0.000299475 
11.6014 -77.5919 253.031 23.4131 0.589282 0.337369 0.0988254 -0.000252272 
11.1017 -74.7579 247.698 23.4213 0.588961 0.344313 0.0987633 -0.000275195 
10.6255 -71.6673 242.329 23.423 0.588736 0.351309 0.098749 -0.00029454 
10.1746 -68.4745 236.88 23.4179 0.588578 0.358309 0.0987868 -0.000283444 
9.70478 -65.3316 231.293 23.4123 0.588409 0.365551 0.0988284 -0.000278728 
9.24492 -62.2437 225.558 23.4079 0.588231 0.372983 0.0988604 -0.000278096 
8.79376 -59.1863 219.683 23.4021 0.588016 0.380574 0.0989061 -0.000267009 
8.34192 -56.174 213.636 23.4046 0.587777 0.388456 0.0988843 -0.000289681 
7.91999 -53.0394 207.514 23.3952 0.587636 0.396322 0.0989545 -0.000268895 
7.47738 -50.042 201.205 23.3885 0.587449 0.404511 0.0990047 -0.000265952 
7.05051 -47.1159 194.724 23.3836 0.587238 0.412888 0.0990413 -0.00026215 
6.62384 -44.2199 188.082 23.3788 0.587019 0.421482 0.0990766 -0.000260274 
6.20208 -41.3481 181.28 23.3739 0.586793 0.430282 0.0991123 -0.000258248 
5.78381 -38.4994 174.312 23.3691 0.586561 0.439293 0.0991483 -0.000256316 
5.36868 -35.6724 167.176 23.3642 0.586322 0.448523 0.0991845 -0.000254509 
4.95651 -32.8657 159.868 23.3593 0.586076 0.457974 0.0992209 -0.000252837 
4.54714 -30.0779 152.385 23.3543 0.585823 0.467651 0.0992577 -0.000251297 
4.14039 -27.3075 144.722 23.3493 0.585562 0.47756 0.0992947 -0.000249886 
3.73607 -24.5531 136.877 23.3442 0.585295 0.487704 0.0993321 -0.000248591 
3.33398 -21.8134 128.844 23.3391 0.585021 0.49809 0.0993702 -0.000247335 
2.93394 -19.088 120.621 23.3339 0.584738 0.508722 0.0994084 -0.000246307 
2.53573 -16.3747 112.202 23.3288 0.584447 0.519606 0.0994464 -0.000245508 
2.13908 -13.6704 103.585 23.3235 0.584149 0.530746 0.0994853 -0.000244723 
1.74386 -10.9754 94.7642 23.3182 0.583843 0.542148 0.0995246 -0.00024407 
1.34984 -8.28806 85.7362 23.3128 0.583528 0.553819 0.0995647 -0.000243404 
0.956826 -5.60692 76.4959 23.3074 0.583234 0.565764 0.0996025 -0.000242034 
0.565257 -2.93856 67.0527 23.2965 0.58293 0.577974 0.0996873 -0.00023164 
0.176052 -0.387153 57.3283 23.2956 0.582608 0.590545 0.0996537 -0.000252755 
-0.211837 2.24742 47.4482 23.2783 0.579545 0.603185 0.0996968 -0.000432694 
-0.657771 5.49221 35.9614 23.8065 0.553599 0.61669 0.096892 -0.0021533 
-1.70686 26.8708 19.7402 27.6521 0.52103 0.635612 0.0672512 -0.00939989 
-3.67494 132.105 39.3989 26.835 0.533852 0.611827 0.0733205 -0.0107003 
-4.91295 217.704 54.0897 26.0259 0.547175 0.564435 0.0793932 0.00594755 
-18.9341 283.668 64.1436 25.2576 0.565157 0.667683 0.0854664 0.0438036 
19.3555 329.341 72.1931 22.5784 0.669325 1.12399 0.09154 -0.0167706 
267.673 291.494 91.9118 5.00087 0.0898212 0.90181 0.0976116 0 
267.673 291.494 91.9118 5.00087 0.0898212 0.90181 0.0976116 0 
270.494 299.804 91.7045 5.05395 0.252966 0.625795 1.15369 -1.02859 
273.285 308.412 92.0884 5 -0.227778 -0.228886 1.13739 1.00718 
275.565 313.921 92.0275 5 0.0575133 -0.675755 1.12108 0.985775 
278.357 317.81 93.0008 5 -0.441906 -1.12698 1.10478 0.964367 
279.921 320.063 92.1636 6.77036 -0.94802 -1.58256 1.08847 0.942959 
281 320.665 89.4814 8.70097 -1.4 -0.744715 -0.130327 0.92155 
281.533 324.305 83.8516 12.0276 -1.14591 0.0889629 -0.118714 0.900142 
281.044 330.968 80.4214 15.7965 -1.4 -0.379304 -0.107102 0.878734 
280.749 335.934 76.0482 18.9518 -0.889649 -0.851926 1.02324 0.857327 
278.17 337.889 73.5068 20.4441 0.338927 -0.0311367 1.00694 -0.162232 
275.053 342.821 75.4106 18.5152 0.724578 0.557995 0.990633 -0.435774 
272.527 349.888 78.7237 15.5708 1.4 1.11987 0.974327 -0.399179 
272.087 358.992 84.5025 11.0184 1.4 1.68915 -0.0490408 -0.00389876 
271.716 371.42 90.3077 6.55461 0.853309 2.33772 -0.0374285 0.0737554 
272.724 386.234 92.8592 5 -0.223417 3.00195 0.925408 -0.728878 
275.581 402.158 91.5164 5 -0.827586 2.20767 -0.0142041 -0.707469 
278.469 415.202 89.2745 8.11449 -1.4 1.41757 0.892796 -0.686061 
279.178 425.383 84.9459 11.2913 -1.4 0.631652 0.876489 -0.664653 
278.93 432.715 79.3011 14.3956 -0.511791 -0.150092 0.860183 -0.643245 
277.673 437.214 78.048 14.9795 0.470405 -0.927664 0.0322449 -0.621837 
276.164 438.894 80.4602 12.973 -0.274724 -1.70107 0.0438571 -0.600429 
275.306 437.771 80.1828 13.0672 -1.08219 -2.47029 0.0554701 0.57902 
274.476 433.858 76.2624 16.6814 -0.5789 -3.00327 0.794959 -0.557612 
272.53 428.014 73.5762 18.7045 -0.449884 -3.7641 0.778653 -0.536204 
269.979 419.412 71.9821 20.3266 0.635883 -4.52075 0.0903064 -0.514796 
266.859 408.068 74.9632 17.7281 1.4 -5.27322 0.101918 -0.493388 
265.747 393.995 79.4317 14.3794 0.780122 -5.42427 0.729735 0.471979 
265.684 380.672 81.722 12.719 0.492052 -4.68137 0.125144 -0.450571 
266.143 368.744 82.9281 11.9892 -0.283396 -5.421 0.136755 -0.429163 
265.58 355.405 82.6249 12.5369 0.159523 -6.15645 0.148368 -0.407755 
266.118 338.129 83.9243 11.5563 -0.608184 -6.28 0.15998 0.169877 
267.007 320.405 81.1485 12.5851 -1.4 -6.28 0.171592 0.364939 
266.336 302.681 76.7939 15.7716 -0.86384 -6.28 0.183204 0.343531 
265.758 284.958 74.3645 18.7001 -0.372922 -6.28 0.615592 0.2175 
263.187 267.236 73.6978 18.8383 0.62407 -6.28 0.206429 0.041725 
260.498 249.513 76.6447 16.289 1.4 -6.28 0.218041 -0.0899549 
258.515 231.79 82.4193 12.9557 0.793574 -6.28 0.229653 -0.165412 
257.817 214.067 85.1723 11.3718 0.0815513 -6.28 0.241265 -0.180467 
258.479 196.343 86.1958 10.4896 -0.149159 -6.28 0.252878 -0.137619 
259.251 178.618 86.388 10.2627 0.368506 -6.28 0.517755 -0.0788445 
260.462 160.894 88.4492 9.86882 1.01959 -6.28 0.501449 -0.0257827 
261.756 144.467 91.5843 7.69105 0.347756 -6.28 0.287714 0.0161322 
263.116 128.04 92.2965 7.45191 -0.238774 -6.28 0.299327 0.0475063 
265.23 111.613 90.8837 8.83429 -0.596393 -6.28 0.310939 0.0685075 
266.428 95.1859 89.4642 9.87073 -1.4 -6.28 0.322551 0.0765784 
267.904 78.7592 85.1254 14.395 -1.4 -6.28 0.334163 0.0652245 
268.034 62.3335 79.4625 18.1006 -1.4 -6.28 0.403612 -0.0438163 
265.777 45.9086 73.7781 22.4175 -0.778969 -5.64057 0.387306 0.0224082 
262.153 31.8029 70.32 24.2508 -0.09 -4.98778 0.369 0 
262.153 31.8029 70.32 24.2508 -0.09 -4.98778 0.369 0 
252.392 -4.16616 69.5305 23.8632 0.936202 -4.84697 -0.188388 1.02859 
242.727 -38.659 79.507 15.8586 1.03834 -4.11002 -0.176776 1.00718 
239.98 -65.4304 90.689 7.58073 0.362343 -3.38517 0.386849 0.984167 
244.571 -84.6075 94.9223 5 0.0396167 -2.77186 0.75407 0.964363 
251.492 -97.356 95.8154 5 0.0396171 -2.07125 0.75407 0.942945 
258.437 -102.759 96.7084 5 0.0396175 -1.38276 0.75407 0.921548 
265.407 -100.943 97.6014 5 0.0396178 -0.706374 0.75407 0.900125 
272.401 -92.0351 98.4944 5 0.0396182 -0.0421284 0.75407 0.878672 
279.42 -76.1629 99.3874 5 0.0396185 0.609938 0.75407 0.0773053 
286.462 -53.454 100.28 5 0.0396186 0.777979 0.754069 -0.835823 
293.525 -28.9832 101.173 5 0.0396183 0.152391 0.754069 -0.81443 
300.602 -11.0715 102.067 5 0.039618 -0.46107 0.754069 -0.793011 
307.692 0.408126 102.96 5 0.0396177 -1.06237 0.754069 -0.77154 
314.796 5.58328 103.853 5 0.0396174 -1.65144 0.754069 -0.357628 
321.913 4.58212 104.746 5 0.0396172 -1.98794 0.75407 0.456871 
329.047 0.0528275 105.639 5 0.0396174 -1.58686 0.754069 0.00522054 
336.203 -0.271192 106.532 5 0.0396174 -1.55001 0.754069 -0.00239037 
343.377 -0.208853 107.425 5 0.0396174 -1.5561 0.754069 0.00250375 
350.571 -0.210308 108.318 5 0.0396174 -1.55627 0.754069 0.00164173 
357.783 -0.213627 109.211 5 0.0396174 -1.55614 0.754069 0.000417016 
365.014 -0.215559 110.104 5 0.0396174 -1.5574 0.75407 -0.0145838 
372.264 -0.230713 110.997 5 0.0396181 -1.58017 0.754056 0.031091 
379.532 -0.484579 111.89 5 0.0395977 -1.53618 0.754409 -0.0278849 
386.819 -0.277243 112.782 5 0.0401303 -1.57658 0.745229 0.0300438 
394.125 -0.493437 113.681 5 0.0262795 -1.54161 0.740735 -0.0132421 
401.453 -0.342994 114.434 5.11257 0.0055621 -1.55251 0.746041 -0.000380167 
408.706 -0.306793 114.968 5.38025 0.00459106 -1.55431 0.729735 -0.000415371 
415.746 -0.28929 115.487 5.64493 0.00468402 -1.55578 0.713429 -0.000741227 
422.575 -0.287033 116.003 5.89833 0.00553017 -1.55693 0.697122 -0.000900544 
429.201 -0.29665 116.524 6.13522 0.00599987 -1.55724 0.680816 -0.00109435 
435.639 -0.309352 117.045 6.35972 0.00445722 -1.5571 0.66451 -0.00236027 
441.899 -0.320444 117.547 6.58873 -0.000303096 -1.55849 0.648204 0.00150295 
447.979 -0.345896 117.995 6.84762 -0.00779302 -1.5552 0.631898 -0.000767518 
453.852 -0.336676 118.36 7.15611 -0.0150118 -1.55586 0.615592 0.0013762 
459.475 -0.334195 118.644 7.50865 -0.0170358 -1.55541 0.599286 -0.000619788 
464.809 -0.326807 118.9 7.8608 -0.00955371 -1.55995 0.58298 0.00887864 
469.85 -0.36675 119.23 8.13674 0.00727758 -1.55238 0.566673 0.0177286 
474.663 -0.327101 119.731 8.26713 0.0257741 -1.53212 0.550367 -0.0619053 
479.374 -0.0749547 120.424 8.2486 0.0314567 -1.66177 0.534061 -0.185283 
484.112 -1.18224 121.177 8.19356 0.00969342 -1.89535 0.517755 0.18537 
488.915 -4.73857 121.702 8.32342 -0.0428033 -1.65439 0.501449 0.165953 
493.632 -5.7684 121.675 8.87072 -0.107287 -1.50171 0.485143 0.150481 
497.905 -5.19707 120.963 9.90256 -0.142149 -1.27251 0.468837 0.129129 
501.304 -2.22192 119.868 11.1495 -0.0996267 -1.0556 0.452531 0.107432 
503.626 3.02827 119.198 11.9796 0.0406896 -0.852135 0.436224 0.0856597 
505.209 10.4124 119.985 11.6413 0.236188 -0.661042 0.419918 0.0649339 
507.053 19.7998 122.827 9.77418 0.370128 -0.480956 0.403612 0.0433906 
510.499 31.0742 127.105 6.97373 0.291423 -0.313379 0.387306 0.000961885 
516.405 44.1038 130.605 5 -0.09 -0.260565 0.369 0 
516.405 44.1038 130.605 5 -0.09 -0.260565 0.369 0 
526.018 65.0123 129.679 6.63 -1.22295 -0.259725 1.15369 -1.01523 
533.877 85.9355 110.613 21.3054 -0.215796 -1.15522 0.0421383 -1.00718 
522.009 92.5699 107.26 22.9973 0.341149 -2.0442 -0.165158 -0.985772 
507.679 85.0061 112.759 17.891 0.64907 -2.91487 -0.143261 -0.940464 
499.951 63.5297 123.308 9.55865 0.230731 -3.74609 0.0523719 0.808636 
503.349 28.7672 127.388 7.03963 -0.973843 -3.03354 1.06821 0.921535 
510.495 5.38381 112.291 18.7053 -0.113349 -2.22081 0.0224216 0.868468 
501.963 -5.00556 110.641 19.4368 0.00118862 -1.45444 -0.105826 0.0575945 
492.414 -3.15265 110.801 18.7907 -0.0817118 -1.40352 -0.0325493 -0.178408 
483.725 -0.486991 109.654 19.1676 -0.086006 -1.56093 -0.0316128 -0.0506464 
474.516 -0.335325 108.428 19.5568 -0.0309522 -1.60564 -0.0721991 0.0750755 
464.752 -0.897402 108.072 19.265 -0.0148726 -1.53938 -0.0602098 -0.0271875 
455.345 -0.401332 107.98 18.7998 -0.0146402 -1.56336 -0.0413453 -0.00815145 
446.531 -0.288856 107.904 18.3668 -0.0398072 -1.57055 -0.0233569 -1.30014e-05 
438.276 -0.291722 107.437 18.2721 -0.0870974 -1.57057 0.0257234 0.000438036 
430.142 -0.294878 106.217 18.7273 -0.0307345 -1.57018 0.138353 0.000302126 
421.369 -0.291356 105.885 18.3708 0.362162 -1.56991 0.127077 8.83589e-05 
412.916 -0.283834 111.839 13.2846 0.666809 -1.56984 0.0525447 -2.11975e-05 
411.066 -0.280327 122.789 5.07818 0.0182533 -1.56988 0.829546 9.28727e-05 
420.278 -0.285927 123.59 5.05976 -0.00614188 -1.5698 0.842171 0.000268699 
429.546 -0.290256 124.001 5.33082 -0.00274648 -1.56956 0.82225 -0.00175982 
438.48 -0.290522 124.46 5.54644 -0.00592322 -1.57111 0.80901 0.00405786 
447.153 -0.315391 124.862 5.78757 -0.00800122 -1.56753 0.793955 -0.00251606 
455.531 -0.282803 125.225 6.03946 -0.00947034 -1.56975 0.778027 -0.0021276 
463.599 -0.285422 125.558 6.29421 -0.0107946 -1.57163 0.761871 0.00242514 
471.352 -0.31779 125.863 6.54994 -0.0120897 -1.56949 0.745662 -0.000355478 
478.787 -0.315716 126.142 6.80621 -0.0133349 -1.56981 0.729403 0.000234124 
485.904 -0.318393 126.393 7.0624 -0.0145689 -1.5696 0.7131 -0.000170455 
492.702 -0.317507 126.619 7.31842 -0.015907 -1.56975 0.696769 -0.00490658 
499.179 -0.318763 126.816 7.57556 -0.0174415 -1.57408 0.680494 0.0077652 
505.334 -0.388954 126.983 7.83606 -0.0188656 -1.56723 0.664242 0.00448104 
511.162 -0.34941 127.12 8.09821 -0.0196167 -1.56327 0.647911 0.0420635 
516.659 -0.246374 127.238 8.35371 -0.0196474 -1.52613 0.631611 -0.32237 
521.833 0.450218 127.349 8.59448 -0.0199014 -1.81072 0.615413 -0.308466 
526.699 -3.39892 127.45 8.8247 -0.0223615 -2.08323 0.599227 0.140352 
531.27 -11.6006 127.506 9.07226 -0.0285555 -1.95964 0.582905 0.269659 
535.531 -17.8279 127.457 9.38083 -0.0361131 -1.7218 0.56654 0.257897 
539.4 -20.2558 127.279 9.76067 -0.0358768 -1.4942 0.549881 0.236489 
542.78 -19.0477 127.095 10.1098 -0.0179138 -1.28535 0.51804 0.215081 
545.704 -14.5033 127.189 10.2268 -0.023417 -1.09527 0.515149 0.193673 
548.486 -6.92248 127.192 10.4006 -0.0180098 -0.923966 0.501434 0.172265 
551.046 3.39476 127.277 10.5002 -0.0191395 -0.771457 0.485135 0.150857 
553.483 16.1482 127.341 10.6146 -0.0440612 -0.637752 0.468828 0.129449 
555.786 31.0374 127.005 11.0315 -0.0900977 -0.522863 0.452513 0.10804 
557.56 47.7623 125.922 11.976 -0.111106 -0.4268 0.436107 0.0866305 
558.099 66.0225 124.48 13.089 -0.0279404 -0.349579 0.41931 -0.0180736 
557.141 85.5174 124.337 13.0874 0.182011 -0.364755 0.402578 -0.0437387 
556.114 104.77 127.549 10.5462 0.347838 -0.402606 0.382818 0.0194883 
558.389 123.415 133.474 6.26829 0.078869 -0.384662 0.369 0 
558.389 123.415 133.474 6.26829 0.078869 -0.384662 0.369 0 
568.545 147.976 135.622 5.45364 -1.0431 -0.482041 1.15369 -1.02859 
580.598 170.525 114.635 21.6555 -0.0567506 -1.75319 -0.176776 -0.51907 
564.555 166.854 113.474 21.3982 -0.0456964 -2.24743 -0.165163 -0.911169 
548.876 152.979 112.55 21.1881 -0.0494223 -3.3057 -0.153551 -0.916556 
533.491 117.256 111.556 21.0541 -0.0583532 -4.44332 -0.141939 0.592271 
518.271 58.0476 110.383 20.8712 -0.0574592 -3.76285 -0.130327 0.815561 
503.317 12.887 109.233 20.6882 -0.056565 -2.76994 -0.118714 0.798741 
488.633 -11.7759 108.108 20.5052 -0.055671 -1.80713 -0.107102 0.696231 
474.221 -16.5623 107.008 20.3222 -0.0547777 -0.988669 -0.0954898 -0.324358 
460.079 -4.4524 105.932 20.1393 -0.0538848 -1.36919 -0.0838776 -0.181799 
446.189 -0.198383 104.881 19.9563 -0.0529907 -1.58064 -0.0722653 -0.00347122 
432.554 -0.30982 103.854 19.7733 -0.0520941 -1.58437 -0.0606531 0.00666757 
419.179 -0.498488 102.852 19.5903 -0.0511978 -1.57602 -0.0490408 0.000697948 
406.065 -0.515039 101.874 19.4073 -0.0503112 -1.57496 -0.0374286 0.00205171 
393.213 -0.510062 100.921 19.2243 -0.0494414 -1.57267 -0.0258163 -0.00154477 
380.624 -0.457968 99.9916 19.0417 -0.0485644 -1.57456 -0.0142041 -8.40979e-05 
368.298 -0.445096 99.0864 18.8594 -0.0476087 -1.57468 -0.00259184 -0.000195294 
356.235 -0.434942 98.207 18.676 -0.0465359 -1.57488 0.00902041 -0.00210074 
344.44 -0.429206 97.3558 18.4898 -0.045556 -1.57728 0.0206327 -0.000629728 
332.917 -0.473329 96.531 18.3027 -0.0452054 -1.578 0.0322449 0.0235069 
321.669 -0.532386 95.7196 18.1247 -0.0456498 -1.55073 0.0438571 0.0641406 
310.682 -0.0287136 94.905 17.967 -0.0450935 -1.47598 0.0554694 -0.105058 
299.924 2.01787 94.107 17.8112 -0.0395814 -1.59851 0.0670816 -0.172795 
289.386 1.53462 93.428 17.5792 -0.028864 -1.80081 0.0786939 -0.155174 
279.196 -3.12531 93.1747 17.3963 -0.0279706 -1.98297 0.0903061 -0.0978259 
269.294 -11.5461 92.9458 17.2133 -0.0270772 -2.0982 0.101918 -0.161539 
259.684 -22.3458 92.7414 17.0303 -0.0261841 -2.28917 0.113531 -0.205848 
250.365 -37.0884 92.5616 16.8473 -0.0252909 -2.53583 0.125143 -0.0826075 
241.336 -56.9234 92.4062 16.6644 -0.0243969 -2.63447 0.136755 0.263125 
232.601 -78.7949 92.2753 16.4814 -0.0235014 -2.31579 0.148367 0.316264 
224.169 -94.0876 92.169 16.2984 -0.0226066 -1.91865 0.15998 0.324068 
216.041 -101.182 92.0872 16.1154 -0.021718 -1.5008 0.171592 0.313646 
208.219 -99.6501 92.0298 15.9325 -0.020838 -1.08931 0.183204 0.292846 
200.704 -89.6236 91.9966 15.7497 -0.0199492 -0.700996 0.194816 0.263523 
193.495 -71.5808 91.9878 15.5671 -0.0190111 -0.350455 0.206429 0.230482 
186.594 -46.3016 92.0044 15.3836 -0.0180163 -0.0438362 0.218041 0.201292 
180.001 -14.6927 92.0477 15.1987 -0.0171103 0.225575 0.229653 0.173454 
173.72 22.4779 92.1157 15.0138 -0.0165904 0.460149 0.241265 0.148756 
167.752 64.4908 92.2006 14.8351 -0.0164328 0.664705 0.252878 0.0964273 
162.086 110.726 92.2947 14.6673 -0.0154312 0.798892 0.26449 0.0490779 
156.703 159.732 92.415 14.4958 -0.0114562 0.870852 0.276102 0.0491677 
151.608 210.223 92.6231 14.2744 -0.00531269 0.944622 0.287714 0.0607933 
146.887 262.237 92.9653 13.9757 -0.00682036 1.04093 0.299327 0.065979 
142.677 316.238 93.2862 13.7302 -0.0309073 1.1569 0.310939 0.0497344 
138.897 372.634 93.118 13.8855 -0.0666024 1.25469 0.322551 0.0177901 
134.87 431.048 92.2078 14.57 -0.0352469 1.29683 0.334163 0.00291616 
129.661 490.333 91.9222 14.6594 0.165016 1.30845 0.345776 0.00722069 
124.21 549.858 95.768 11.5807 0.413681 1.40883 0.357388 0.00104471 
123.909 611.452 104.849 5 0.09 1.40531 0.369 0 
123.909 611.452 104.849 5 0.09 1.40531 0.369 0 
135.412 664.756 107.694 5 -0.567072 0.885669 1.0609 -1.02761 
147.249 708.639 98.6249 13.5101 0.663603 -0.770997 -0.140609 -1.00551 
145.923 722.494 111.622 5 0.0759275 -2.25746 0.611524 -0.984039 
157.624 709.389 114.212 5 0.0759267 -3.86783 0.611524 -0.963011 
169.396 667.085 116.801 5 0.0759259 -5.46381 0.611524 -0.183126 
181.239 595.844 119.39 5 0.0759255 -6.2112 0.611524 0.391356 
193.165 511.052 121.98 5 0.0759255 -6.20889 0.611524 -0.435469 
205.186 426.302 124.569 5 0.0759255 -6.20958 0.611524 0.602105 
217.3 341.54 127.159 5 0.0759255 -6.2147 0.611524 0.554845 
229.509 256.685 129.748 5 0.0759254 -6.27882 0.611524 0.601682 
241.81 170.667 132.337 5 0.0759254 -6.27946 0.611525 0.794571 
254.206 84.6373 134.927 5 0.0759261 -4.90556 0.611525 0.792768 
266.716 23.5182 137.516 5 0.0759269 -3.48106 0.611525 0.771474 
279.34 -11.773 140.106 5 0.0759276 -2.07675 0.611525 0.750007 
292.078 -21.6024 142.695 5 0.0759284 -0.692984 0.611524 -0.338311 
304.931 -6.34243 145.284 5 0.0759281 -1.19626 0.611524 -0.0157159 
317.87 -0.207408 147.874 5 0.0759279 -1.53591 0.611524 -5.09101e-05 
330.899 -0.230784 150.463 5 0.0759279 -1.53472 0.611524 -0.000203601 
344.021 -0.232598 153.053 5 0.0759279 -1.53514 0.611524 -7.65291e-05 
357.238 -0.241894 155.642 5 0.0759279 -1.53534 0.611524 0.000245459 
370.549 -0.254936 158.232 5 0.0759279 -1.53525 0.611524 2.79542e-05 
383.954 -0.266257 160.821 5 0.0759279 -1.53525 0.611524 -3.36122e-05 
397.453 -0.277521 163.41 5 0.0759279 -1.53528 0.611524 0.00063763 
411.046 -0.289326 166 5 0.0759279 -1.53528 0.611524 6.92576e-07 
424.733 -0.301268 168.589 5 0.0759279 -1.53531 0.611524 0.000734035 
438.514 -0.313694 171.179 5 0.0759279 -1.53527 0.611524 -0.000133095 
452.389 -0.325433 173.768 5 0.0759279 -1.53985 0.611524 0.000803082 
466.358 -0.420146 176.358 5 0.0759279 -1.53117 0.611524 -0.000302621 
480.421 -0.357568 178.947 5 0.0759279 -1.53516 0.611524 3.12619e-05 
494.579 -0.367309 181.536 5 0.0759279 -1.53482 0.611524 0.000197532 
508.83 -0.370798 184.126 5 0.075928 -1.53476 0.611522 0.000335973 
523.176 -0.373217 186.715 5 0.0759216 -1.53469 0.611633 8.27665e-06 
537.615 -0.374395 189.305 5 0.0762154 -1.53471 0.606569 -2.99624e-05 
552.149 -0.375975 191.899 5 0.0627912 -1.5358 0.609121 0.000158695 
566.782 -0.397291 194.25 5.18314 0.0565632 -1.53345 0.599286 -0.000367626 
581.236 -0.375841 196.483 5.43841 0.0552902 -1.53847 0.58298 0.000488008 
595.401 -0.445144 198.686 5.69414 0.0537338 -1.53396 0.566673 -0.000148164 
609.275 -0.432252 200.853 5.95417 0.0519769 -1.53548 0.550367 -0.000132373 
622.85 -0.446723 202.98 6.22077 0.0507632 -1.53574 0.534061 -0.000181476 
636.116 -0.465608 205.078 6.48565 0.0512081 -1.53547 0.517755 -0.00150617 
649.074 -0.479174 207.176 6.72616 0.0529831 -1.55458 0.501449 -0.0212017 
661.757 -0.838949 209.299 6.92681 0.0518713 -1.90219 0.485143 -0.0087216 
674.221 -7.50103 211.397 7.13214 0.0410898 -2.0457 0.468837 0.126499 
686.465 -16.7651 213.292 7.47498 0.0216483 -1.28952 0.452531 0.105246 
698.297 -12.3181 214.826 8.05855 0.0173516 -0.553941 0.436224 0.0770535 
709.35 5.46634 216.264 8.64549 0.0692239 0.123946 0.419918 0.0619491 
719.593 35.5424 218.626 8.4606 0.176644 0.816631 0.403612 0.0418662 
730.162 78.1775 222.941 6.82882 0.205852 1.49107 0.387306 -0.00292419 
743.257 133.039 227.833 5 -0.09 0.960241 0.369 0 
743.257 133.039 227.833 5 -0.09 0.960241 0.369 0 
753.886 178.612 226.606 6.64492 -1.17662 0.776157 1.15369 -1.02859 
762.493 220.884 205.837 22.3083 -0.0595321 -0.428072 -0.176776 -0.998306 
747.418 241.569 204.659 21.9459 -0.0393473 -1.5325 -0.165163 -0.976596 
732.798 242.439 203.854 21.713 -0.0500602 -2.56828 -0.153551 -0.955574 
718.473 224.725 202.863 21.6444 -0.0690149 -3.64256 -0.141939 -0.93556 
704.203 187.737 201.534 21.4615 -0.0681195 -4.74103 -0.130327 -0.371321 
690.132 131.04 200.227 21.2785 -0.0672137 -5.22331 -0.118714 0.891219 
676.269 65.691 198.941 21.0954 -0.066305 -4.22238 -0.107102 0.870036 
662.638 18.2995 197.676 20.9121 -0.0654227 -3.22647 -0.0954898 0.851093 
649.239 -11.2242 196.433 20.729 -0.0645975 -2.20788 -0.0838776 0.834328 
636.072 -22.4733 195.21 20.5468 -0.063794 -1.19678 -0.0722653 0.515396 
623.138 -15.5822 194.006 20.3658 -0.0628495 -0.860769 -0.0606531 -0.478101 
610.425 -2.6627 192.825 20.1839 -0.0615733 -1.45941 -0.0490408 -0.0984365 
597.922 -0.483937 191.672 19.9966 -0.060129 -1.57863 -0.0374286 -0.000895548 
585.644 -0.444336 190.55 19.8023 -0.0594295 -1.58142 -0.0258163 0.00033045 
573.606 -0.45487 189.446 19.6119 -0.0606512 -1.5804 -0.0142041 9.81623e-06 
561.801 -0.44746 188.325 19.4514 -0.0630785 -1.58035 -0.00259184 -1.90543e-05 
550.189 -0.439289 187.166 19.3335 -0.0616323 -1.58038 0.00902041 1.31992e-05 
538.703 -0.431736 186.036 19.2004 -0.0491352 -1.58029 0.0206327 -1.39095e-06 
527.364 -0.422741 185.134 18.9032 -0.0283967 -1.58029 0.0322449 1.45747e-06 
516.412 -0.414112 184.613 18.7202 -0.0275031 -1.58029 0.0438571 5.44163e-06 
505.704 -0.405754 184.485 18.5372 -0.0266095 -1.58029 0.0554694 1.47216e-05 
495.254 -0.397523 184.378 18.3543 -0.0257158 -1.58026 0.0670816 -2.85542e-05 
485.063 -0.388941 184.292 18.1713 -0.0248224 -1.58036 0.0786939 4.2817e-05 
475.132 -0.382307 184.228 17.9883 -0.0239295 -1.58025 0.0903061 -1.18186e-05 
465.461 -0.374069 184.185 17.8053 -0.0230372 -1.58029 0.101918 1.03958e-05 
456.051 -0.366661 184.163 17.6224 -0.0221437 -1.58027 0.113531 7.75567e-06 
446.903 -0.359201 184.163 17.4394 -0.0212465 -1.58027 0.125143 -2.56235e-05 
438.018 -0.351959 184.184 17.2564 -0.0203462 -1.58036 0.136755 0.000121467 
429.396 -0.346491 184.226 17.0733 -0.0194517 -1.57961 0.148367 0.030603 
421.039 -0.327755 184.29 16.8902 -0.0185781 -1.52183 0.15998 -0.0755467 
412.948 0.727412 184.375 16.7074 -0.0177247 -1.62805 0.171592 -0.343669 
405.121 -0.123261 184.48 16.5252 -0.0168426 -1.7951 0.183204 -0.323549 
397.557 -3.9714 184.606 16.343 -0.0158426 -1.94596 0.194816 0.0838306 
390.257 -10.5262 184.755 16.1592 -0.014715 -1.87227 0.206429 0.177868 
383.227 -15.7593 184.93 15.9723 -0.0137246 -1.81973 0.218041 0.122773 
376.472 -20.0499 185.128 15.7846 -0.0133964 -1.73293 0.229653 0.0949738 
369.996 -22.7833 185.338 15.6052 -0.0138636 -1.6701 0.241265 0.226555 
363.786 -24.3897 185.544 15.4439 -0.0137037 -1.576 0.252878 0.214644 
357.817 -24.308 185.757 15.2901 -0.0098429 -1.18061 0.26449 0.193442 
352.08 -17.1327 186.045 15.0924 -0.00108837 -0.802588 0.276102 0.172068 
346.641 -3.17538 186.495 14.7891 0.0049933 -0.451165 0.287714 0.150705 
341.656 17.0865 187.063 14.429 -0.00948519 -0.11854 0.299327 0.129317 
337.22 43.3158 187.381 14.2995 -0.0537339 0.192494 0.310939 0.107917 
333.002 75.1252 186.91 14.7799 -0.0879412 0.483121 0.322551 0.0865105 
328.092 112.149 185.81 15.6619 -0.00865301 0.753033 0.334163 0.0650916 
321.85 154.017 186.108 15.3493 0.24998 1.00076 0.345776 0.0436348 
315.979 200.329 191.056 11.5338 0.481129 1.07964 0.357388 -0.00122514 
315.69 248.052 200.26 5 0.09 1.14969 0.369 0 
315.69 248.052 200.26 5 0.09 1.14969 0.369 0 
336.828 335.476 202.718 5 -0.704894 -0.370762 1.15369 -1.0208 
358.609 373.16 179.172 20.9769 0.507158 -3.73302 0.0325541 -0.803991 
336.084 300.884 194.44 5 -0.0610766 -4.86333 1.12108 0.253706 
356.784 191.599 191.956 5 -0.0601305 -4.75671 1.10478 -0.105565 
377.322 85.801 189.503 5 -0.0591841 -3.98309 1.08847 0.696993 
397.72 5.31122 187.081 5 -0.0582371 -2.10928 1.07216 0.270898 
418.007 -13.8788 184.69 5 -0.0572905 -1.10908 1.05586 -0.0512882 
438.162 -0.348153 182.33 5 -0.0563447 -1.52214 1.03955 1.27585e-05 
458.152 -0.330307 180.001 5 -0.0553987 -1.52323 1.02324 -4.97763e-05 
477.988 -0.348217 177.702 5 -0.0544526 -1.5232 1.00694 4.32622e-07 
497.673 -0.365332 175.435 5 -0.0535066 -1.5232 0.990633 -1.41143e-05 
517.209 -0.382399 173.199 5 -0.0525606 -1.52319 0.974327 -1.52112e-05 
536.598 -0.398916 170.994 5 -0.0516145 -1.52315 0.95802 -1.08667e-05 
555.841 -0.414193 168.819 5 -0.0506685 -1.52315 0.941714 -8.31951e-06 
574.941 -0.42949 166.676 5 -0.0497225 -1.52314 0.925408 -1.26512e-05 
593.9 -0.444439 164.563 5 -0.0487764 -1.52318 0.909102 5.18527e-07 
612.72 -0.460794 162.482 5 -0.0478304 -1.52305 0.892796 -4.59608e-07 
631.403 -0.472765 160.431 5 -0.0468844 -1.52292 0.87649 -1.79383e-06 
649.951 -0.480575 158.411 5 -0.0459383 -1.52292 0.860184 -1.34453e-05 
668.366 -0.488359 156.423 5 -0.0449923 -1.52292 0.843878 -7.28221e-06 
686.65 -0.496026 154.465 5 -0.0440463 -1.5229 0.827571 -0.000425877 
704.805 -0.503301 152.538 5 -0.0431002 -1.52665 0.811265 0.000669419 
722.833 -0.633278 150.642 5 -0.0421542 -1.5205 0.794959 -0.000287309 
740.737 -0.561797 148.777 5 -0.0412082 -1.52311 0.778653 2.31922e-05 
758.517 -0.57573 146.943 5 -0.0402621 -1.52288 0.762347 -7.44074e-05 
776.177 -0.582343 145.14 5 -0.0393161 -1.52358 0.746041 6.40151e-05 
793.718 -0.611676 143.368 5 -0.0383701 -1.52287 0.729735 -2.79903e-05 
811.142 -0.617772 141.627 5 -0.037424 -1.5231 0.713429 -5.04381e-06 
828.451 -0.631559 139.917 5 -0.036478 -1.5231 0.697122 -5.07877e-06 
845.647 -0.645255 138.238 5 -0.035532 -1.5231 0.680816 3.13722e-05 
862.733 -0.658987 136.59 5 -0.0345859 -1.52269 0.66451 -9.66375e-05 
879.71 -0.659108 134.972 5 -0.0336399 -1.52391 0.648204 8.20823e-05 
896.581 -0.699196 133.386 5 -0.0326939 -1.52268 0.631898 -3.11468e-05 
913.347 -0.699157 131.83 5 -0.240086 -1.52309 0.615592 -3.2041e-06 
930.147 -0.712516 123.49 10.1853 -0.230509 -1.52305 0.599286 2.50028e-06 
932.801 -0.713784 115.192 14.0504 -0.117698 -1.52308 0.58298 7.90006e-06 
924.707 -0.708002 110.381 14.3073 -0.11896 -1.52307 0.566673 -1.84206e-06 
915.624 -0.70143 105.515 14.5644 -0.120225 -1.5228 0.550367 0.00191803 
905.549 -0.685493 100.595 14.8218 -0.121433 -1.46003 0.534061 -0.0344087 
894.479 1.38463 95.6217 15.0778 -0.12252 -2.26205 0.517755 0.00806211 
882.393 -22.7821 90.5993 15.3299 -0.123878 -2.77986 0.501449 0.0555048 
869.303 -63.8879 85.5192 15.5856 -0.126738 -1.52286 0.485143 0.0377152 
855.245 -63.8715 80.3322 15.8815 -0.129924 -0.355575 0.468837 0.0490273 
840.104 -25.6682 75.0254 16.2172 -0.120955 0.915347 0.452531 0.0179455 
823.762 54.1127 69.9945 16.2817 -0.087967 2.03987 0.436224 0.013211 
806.929 170.681 66.0393 15.5349 -0.115952 3.21679 0.419918 0.00166035 
791.844 325.75 61.2079 15.6674 -0.453957 3.83625 0.403612 -3.26125e-05 
776.331 501.084 45.3119 24.2078 -0.817528 3.81534 0.387306 0.00237328 
737.627 675.752 17.0743 40 1.4 4.7939 0.369 0 
923.55 834.77 514.93 23.4421 0.600287 0 0.0986116 0 
923.55 834.77 514.93 23.4421 0.600287 -2.54219e-09 0.0986116 -1.37212e-05 
923.55 834.772 514.927 23.4434 0.600717 -0.0132362 0.0986018 2.60347e-05 
332.674 824.097 535.849 23.3841 0.601974 -0.0245954 0.0990415 0.000146753 
441.601 662.197 535.605 23.36 0.602369 -0.0258835 0.0992202 0.000200909 
478.944 442.39 521.59 23.4156 0.600958 -0.00834072 0.0988077 6.47567e-05 
490.862 371.544 517.07 23.4336 0.600502 -0.00268038 0.0986747 2.08334e-05 
494.68 348.752 515.611 23.4394 0.600355 -0.000852195 0.0986316 6.62274e-06 
495.902 341.507 515.147 23.4412 0.600308 -0.000271404 0.098618 2.11095e-06 
496.294 339.197 514.999 23.4418 0.600294 -8.57722e-05 0.0986136 6.69545e-07 
496.42 338.465 514.951 23.442 0.600289 -2.61829e-05 0.0986122 2.07334e-07 
496.461 338.238 514.936 23.4421 0.600287 -6.85941e-06 0.0986118 5.755e-08 
496.474 338.175 514.931 23.4421 0.600287 -5.58299e-07 0.0986116 8.89018e-09 
496.478 338.165 514.929 23.4421 0.600287 1.56722e-06 0.0986116 -7.07028e-09 
496.479 338.173 514.928 23.4421 0.600286 2.45938e-06 0.0986115 -1.35879e-08 
496.48 338.188 514.928 23.4421 0.600286 2.9025e-06 0.0986115 -1.6498e-08 
496.48 338.206 514.927 23.4421 0.600286 3.24876e-06 0.0986115 -1.85662e-08 
496.48 338.226 514.927 23.4421 0.600286 3.59784e-06 0.0986115 -2.05727e-08 
496.48 338.248 514.927 23.4421 0.600286 3.98061e-06 0.0986115 -2.28248e-08 
496.48 338.273 514.927 23.4421 0.600286 4.37924e-06 0.0986115 -2.49941e-08 
496.48 338.301 514.926 23.4421 0.600286 4.86337e-06 0.0986115 -2.77198e-08 
496.48 338.331 514.926 23.4421 0.600286 5.41499e-06 0.0986115 -3.08049e-08 
496.479 338.364 514.925 23.4421 0.600286 6.05302e-06 0.0986115 -3.43813e-08 
496.479 338.402 514.925 23.4421 0.600286 6.786e-06 0.0986115 -3.84052e-08 
496.479 338.444 514.924 23.4421 0.600286 7.66231e-06 0.0986115 -4.33238e-08 
496.479 338.491 514.923 23.4421 0.600286 8.66781e-06 0.0986114 -4.88202e-08 
496.479 338.544 514.922 23.4421 0.600286 9.87818e-06 0.0986114 -5.54727e-08 
496.479 338.605 514.921 23.4421 0.600286 1.13218e-05 0.0986114 -6.33639e-08 
496.479 338.674 514.92 23.4421 0.600286 1.30602e-05 0.0986114 -7.27958e-08 
496.479 338.753 514.918 23.4421 0.600286 1.51807e-05 0.0986113 -8.42628e-08 
496.478 338.845 514.916 23.4421 0.600285 1.77826e-05 0.0986113 -9.8229e-08 
496.478 338.952 514.914 23.4421 0.600285 2.10147e-05 0.0986112 -1.15391e-07 
496.478 339.078 514.911 23.4421 0.600285 2.51035e-05 0.0986112 -1.36988e-07 
496.477 339.228 514.907 23.4421 0.600285 3.03182e-05 0.0986111 -1.6415e-07 
496.477 339.407 514.901 23.4422 0.600284 3.71186e-05 0.098611 -1.99101e-07 
496.476 339.624 514.894 23.4422 0.600284 4.61679e-05 0.0986109 -2.44751e-07 
496.475 339.891 514.885 23.4422 0.600283 5.85426e-05 0.0986107 -3.05696e-07 
496.474 340.224 514.871 23.4422 0.600282 7.60367e-05 0.0986105 -3.88911e-07 
496.472 340.649 514.851 23.4423 0.60028 0.000101903 0.0986102 -5.05428e-07 
496.469 341.2 514.82 23.4423 0.600278 0.000142666 0.0986097 -6.75469e-07 
496.464 341.937 514.766 23.4424 0.600274 0.00021213 0.0986091 -9.34123e-07 
496.455 342.955 514.665 23.4426 0.600268 0.000342484 0.098608 -1.35115e-06 
496.437 344.429 514.455 23.4428 0.600256 0.000613404 0.0986064 -2.07512e-06 
496.397 346.691 513.976 23.4431 0.600229 0.00123137 0.0986037 -3.44911e-06 
496.302 350.45 512.8 23.4438 0.600168 0.00274771 0.0985987 -6.35515e-06 
496.059 357.372 509.775 23.4453 0.600014 0.00664793 0.0985874 -1.33568e-05 
495.421 371.916 501.852 23.4497 0.599604 0.0168644 0.0985548 -3.25095e-05 
493.72 407.293 481.355 23.4542 0.598653 0.0432773 0.0985216 -7.05865e-05 
488.601 480.182 424.189 23.3501 0.59785 0.113522 0.0992172 -0.000305697 
321.182 379.524 195.588 22.7352 4.36746e-05 0.0248825 0.0976116 0 
321.182 379.524 195.588 22.7352 4.36746e-05 0.0248825 0.0976116 0 
319.688 378.03 195.846 22.7166 2.28424e-05 0.00838769 0.482653 1.18729e-12 
318.193 376.536 196.101 22.6995 1.46498e-05 -0.00416073 0.480306 7.82021e-13 
316.699 375.042 196.351 22.6838 1.14408e-05 -0.0136354 0.477959 5.00846e-13 
315.205 373.548 196.597 22.6694 1.01884e-05 -0.0207418 0.475612 3.08632e-13 
313.711 372.053 196.839 22.6562 9.70105e-06 -0.0260384 0.473265 1.79622e-13 
312.216 370.559 197.077 22.644 9.51197e-06 -0.0299614 0.470918 9.46813e-14 
310.722 369.065 197.311 22.6328 9.43879e-06 -0.0328478 0.468571 4.03302e-14 
309.228 367.571 197.54 22.6225 9.41053e-06 -0.0349562 0.466224 6.91652e-15 
307.734 366.076 197.765 22.6131 9.39964e-06 -0.0364839 0.463878 -1.24412e-14 
306.24 364.582 197.986 22.6044 9.39545e-06 -0.0375803 0.461531 -2.2687e-14 
304.745 363.088 198.202 22.5964 9.39384e-06 -0.0383583 0.459184 -2.70224e-14 
303.251 361.594 198.414 22.5891 9.39322e-06 -0.0389028 0.456837 -2.76142e-14 
301.757 360.1 198.622 22.5824 9.39298e-06 -0.0392772 0.45449 -2.61931e-14 
300.263 358.605 198.826 22.5762 9.39289e-06 -0.0395288 0.452143 -2.37221e-14 
298.768 357.111 199.026 22.5705 9.39285e-06 -0.0396926 0.449796 -2.07314e-14 
297.274 355.617 199.221 22.5653 9.39284e-06 -0.0397944 0.447449 -1.76412e-14 
295.78 354.123 199.412 22.5605 9.39283e-06 -0.039853 0.445102 -1.4743e-14 
294.286 352.628 199.599 22.5561 9.39283e-06 -0.0398824 0.442755 -1.21883e-14 
292.792 351.134 199.781 22.5521 9.39283e-06 -0.0398924 0.440408 -9.75877e-15 
291.297 349.64 199.959 22.5484 9.39282e-06 -0.0398901 0.438061 -7.78867e-15 
289.803 348.146 200.133 22.545 9.39282e-06 -0.0398805 0.435714 -6.14561e-15 
288.309 346.651 200.303 22.5419 9.39282e-06 -0.0398672 0.433367 -4.69642e-15 
286.815 345.157 200.468 22.539 9.39282e-06 -0.0398526 0.43102 -3.66733e-15 
285.32 343.663 200.629 22.5364 9.39282e-06 -0.0398383 0.428673 -2.69118e-15 
283.826 342.169 200.786 22.534 9.39282e-06 -0.0398254 0.426327 -1.84661e-15 
282.332 340.675 200.938 22.5317 9.39282e-06 -0.0398143 0.42398 -1.30982e-15 
280.838 339.18 201.086 22.5297 9.39281e-06 -0.0398053 0.421633 -8.16808e-16 
279.343 337.686 201.23 22.5279 9.39281e-06 -0.0397985 0.419286 -4.66796e-16 
277.849 336.192 201.37 22.5262 9.39281e-06 -0.0397937 0.416939 -1.77394e-16 
276.355 334.698 201.505 22.5246 9.39281e-06 -0.0397903 0.414592 -2.8944e-17 
274.861 333.203 201.636 22.5232 9.39281e-06 -0.0397876 0.412245 1.88452e-16 
273.367 331.709 201.762 22.5219 9.39281e-06 -0.0397845 0.409898 2.00591e-16 
271.872 330.215 201.885 22.5207 9.39281e-06 -0.0397794 0.407551 2.41556e-16 
270.378 328.721 202.002 22.5196 9.39282e-06 -0.0397701 0.405204 2.15875e-16 
268.884 327.227 202.116 22.5186 9.39283e-06 -0.0397536 0.402857 1.52407e-16 
267.39 325.732 202.225 22.5178 9.39287e-06 -0.0397257 0.40051 -9.94129e-18 
265.895 324.238 202.33 22.517 9.39298e-06 -0.0396806 0.398163 -1.669e-16 
264.401 322.744 202.431 22.5162 9.39323e-06 -0.0396104 0.395816 -3.83518e-16 
262.907 321.25 202.527 22.5156 9.39382e-06 -0.0395043 0.393469 -6.16e-16 
261.413 319.755 202.619 22.515 9.39517e-06 -0.0393479 0.391122 -8.68503e-16 
259.919 318.261 202.706 22.5145 9.3982e-06 -0.0391213 0.388776 -1.08469e-15 
258.424 316.767 202.789 22.514 9.40461e-06 -0.0387984 0.386429 -1.28769e-15 
256.93 315.273 202.868 22.5136 9.41708e-06 -0.0383437 0.384082 -1.41535e-15 
255.436 313.778 202.943 22.5132 9.43747e-06 -0.0377102 0.381735 -1.43722e-15 
253.942 312.284 203.013 22.513 9.45602e-06 -0.0368353 0.379388 -1.32139e-15 
252.447 310.79 203.079 22.5127 9.4059e-06 -0.0356359 0.377041 -1.05781e-15 
250.953 309.296 203.14 22.5125 8.99519e-06 -0.0340027 0.374694 -6.70753e-16 
249.459 307.802 203.197 22.5123 7.12933e-06 -0.0317916 0.372347 -2.39138e-16 
247.965 306.307 203.25 22.5122 1.03087e-08 -0.0288139 0.369 0 
247.965 306.307 203.25 22.5122 1.03087e-08 -0.0288139 0.369 0 
251.239 303.033 204.652 22.4773 -0.00026567 -0.0654419 0.482653 -2.31614e-10 
254.513 299.759 206.042 22.4482 -0.000301845 -0.08731 0.480306 -1.51154e-10 
257.787 296.485 207.42 22.4242 -0.000306778 -0.100364 0.477959 -9.7001e-11 
261.061 293.211 208.786 22.4042 -0.000307456 -0.108156 0.475612 -6.141e-11 
264.335 289.937 210.14 22.3877 -0.000307554 -0.112807 0.473265 -3.84385e-11 
267.609 286.663 211.482 22.3739 -0.000307573 -0.115583 0.470918 -2.38242e-11 
270.883 283.389 212.812 22.3625 -0.000307581 -0.11724 0.468571 -1.46355e-11 
274.158 280.114 214.131 22.3531 -0.000307587 -0.118229 0.466224 -8.91514e-12 
277.432 276.84 215.437 22.3452 -0.000307594 -0.118819 0.463878 -5.38398e-12 
280.706 273.566 216.731 22.3387 -0.000307599 -0.119172 0.461531 -3.22047e-12 
283.98 270.292 218.013 22.3333 -0.000307605 -0.119382 0.459184 -1.90373e-12 
287.254 267.018 219.283 22.3289 -0.000307611 -0.119507 0.456837 -1.10728e-12 
290.528 263.744 220.542 22.3252 -0.000307617 -0.119582 0.45449 -6.28507e-13 
293.802 260.47 221.788 22.3221 -0.000307623 -0.119627 0.452143 -3.42336e-13 
297.076 257.196 223.021 22.3195 -0.000307628 -0.119653 0.449796 -1.72559e-13 
300.35 253.922 224.243 22.3174 -0.000307634 -0.119669 0.447449 -7.25261e-14 
303.625 250.647 225.453 22.3157 -0.000307639 -0.119679 0.445102 -1.41395e-14 
306.899 247.373 226.65 22.3142 -0.000307644 -0.119685 0.442755 1.92223e-14 
310.173 244.099 227.836 22.3131 -0.00030765 -0.119688 0.440408 3.7855e-14 
313.447 240.825 229.009 22.3121 -0.000307655 -0.11969 0.438061 4.77276e-14 
316.721 237.551 230.17 22.3113 -0.00030766 -0.119691 0.435714 5.2185e-14 
319.995 234.277 231.318 22.3106 -0.000307665 -0.119692 0.433367 5.40505e-14 
323.269 231.003 232.455 22.3101 -0.000307671 -0.119692 0.43102 5.39312e-14 
326.543 227.729 233.579 22.3097 -0.000307676 -0.119692 0.428673 5.28204e-14 
329.817 224.455 234.691 22.3093 -0.000307681 -0.119692 0.426327 5.11126e-14 
333.092 221.181 235.79 22.3091 -0.000307686 -0.119692 0.42398 4.94334e-14 
336.366 217.906 236.877 22.3089 -0.000307691 -0.119692 0.421633 4.77586e-14 
339.64 214.632 237.952 22.3088 -0.000307696 -0.119692 0.419286 4.64055e-14 
342.914 211.358 239.015 22.3087 -0.000307701 -0.119691 0.416939 4.5666e-14 
346.188 208.084 240.065 22.3087 -0.000307705 -0.11969 0.414592 4.56875e-14 
349.462 204.81 241.102 22.3088 -0.00030771 -0.119688 0.412245 4.70088e-14 
352.736 201.536 242.128 22.3089 -0.000307715 -0.119685 0.409898 5.00072e-14 
356.01 198.262 243.141 22.3091 -0.00030772 -0.11968 0.407551 5.52309e-14 
359.284 194.988 244.141 22.3094 -0.000307725 -0.119672 0.405204 6.36821e-14 
362.559 191.714 245.129 22.3097 -0.000307729 -0.119658 0.402857 7.59219e-14 
365.833 188.439 246.104 22.3102 -0.000307734 -0.119634 0.40051 9.30275e-14 
369.107 185.165 247.067 22.3107 -0.000307739 -0.119594 0.398163 1.16035e-13 
372.381 181.891 248.018 22.3114 -0.000307743 -0.119528 0.395816 1.45645e-13 
375.655 178.617 248.955 22.3123 -0.000307748 -0.119416 0.393469 1.82176e-13 
378.929 175.343 249.881 22.3133 -0.000307753 -0.119229 0.391122 2.2487e-13 
382.203 172.069 250.793 22.3145 -0.000307757 -0.118916 0.388776 2.71403e-13 
385.477 168.795 251.694 22.316 -0.000307762 -0.118391 0.386429 3.16938e-13 
388.751 165.521 252.581 22.3178 -0.000307764 -0.117512 0.384082 3.53621e-13 
392.026 162.247 253.456 22.32 -0.000307757 -0.116039 0.381735 3.7037e-13 
395.3 158.972 254.318 22.3227 -0.00030767 -0.113571 0.379388 3.54086e-13 
398.574 155.698 255.168 22.3259 -0.000307002 -0.109436 0.377041 2.9402e-13 
401.848 152.424 256.004 22.3297 -0.000302074 -0.10251 0.374694 1.90461e-13 
405.122 149.15 256.829 22.3344 -0.000265882 -0.0909066 0.372347 6.95148e-14 
408.396 145.876 257.64 22.34 -2.00435e-07 -0.0714705 0.369 0 
408.396 145.876 257.64 22.34 -2.00435e-07 -0.0714705 0.369 0 
399.125 163.645 257.52 21.2199 0.945138 0.0523451 -0.188388 0.819077 
390.7 182.894 268.727 11.8802 0.754207 0.677692 -0.176774 -0.675943 
391.547 209.616 277.829 5 -0.471605 0.182202 1.12107 -0.63991 
399.495 230.406 272.401 9.12621 -0.141067 -0.286956 1.0527 -0.604961 
403.274 245.587 270.847 9.95887 0.530213 -0.730774 0.328374 -0.571442 
406.054 255.46 277.306 5.00014 -0.00767618 -1.15047 0.939715 -0.536463 
413.865 260.309 277.427 5.00015 -0.00767594 -1.54489 0.939714 -0.499987 
421.676 260.44 277.548 5.00016 -0.00767631 -1.91293 0.939713 -0.461941 
429.486 256.169 277.669 5.00017 -0.00767667 -2.25341 0.939712 -0.422328 
437.296 247.825 277.789 5.00018 -0.00767705 -2.56517 0.939712 -0.381223 
445.105 235.752 277.91 5.00019 -0.00767732 -2.8471 0.939709 -0.33877 
452.915 220.307 278.031 5.00021 -0.00768176 -3.0982 0.939777 -0.295156 
460.726 201.858 278.151 5.00022 -0.00756312 -3.31759 0.937722 -0.250592 
468.537 180.785 278.273 5.00024 -0.0111145 -3.5045 0.923988 -0.205283 
476.35 157.476 278.353 5.03983 -0.0391507 -3.65831 0.925375 -0.16081 
484.132 132.328 278.097 5.33074 -0.0598275 -3.77952 0.909085 -0.115891 
491.633 105.729 277.587 5.79574 -0.0763519 -3.86759 0.892781 -0.0700261 
498.679 78.0782 276.871 6.38348 -0.0690795 -3.92155 0.876473 -0.0236648 
505.143 49.7819 276.231 6.86784 -0.0244454 -3.94064 0.860161 0.0221745 
511.116 21.2576 276.115 6.91686 0.0453009 -3.92477 0.843843 0.0663449 
517.023 -7.07684 276.833 6.33596 0.0904666 -3.87455 0.827522 0.107786 
523.493 -34.811 278.102 5.39794 0.040012 -3.79127 0.811203 0.145531 
530.906 -61.5497 278.785 5.0008 -0.145179 -3.67678 0.794671 0.178945 
538.761 -86.9192 277.261 6.32865 -0.402295 -3.53332 0.728907 0.20669 
545.37 -110.572 272.636 9.92758 -0.622809 -3.36411 0.760659 0.228497 
548.473 -132.198 265.305 15.236 -0.375672 -3.17259 0.469886 0.244378 
546.255 -151.529 260.828 18.0351 -0.0499829 -2.96233 0.113793 0.25461 
541.171 -168.342 260.192 17.8401 -0.0478909 -2.73684 0.125241 0.259713 
536.261 -182.459 259.586 17.6353 -0.0474679 -2.49951 0.136812 0.26037 
531.534 -193.737 258.988 17.4365 -0.0495902 -2.25349 0.148409 0.257322 
526.986 -202.072 258.369 17.2663 -0.0534966 -2.00162 0.160013 0.251276 
522.59 -207.395 257.707 17.1388 -0.0558966 -1.74644 0.17162 0.242846 
518.304 -209.665 257.018 17.037 -0.0519687 -1.49021 0.183229 0.232536 
514.1 -208.871 256.378 16.9013 -0.0388934 -1.23489 0.194838 0.220746 
510.01 -205.022 255.897 16.651 -0.0206439 -0.982161 0.206448 0.20778 
506.146 -198.151 255.64 16.248 -0.0102714 -0.733474 0.218058 0.193873 
502.662 -188.306 255.514 15.7759 -0.0249667 -0.490034 0.229669 0.179204 
499.634 -175.549 255.221 15.4682 -0.0722071 -0.252838 0.24128 0.163911 
496.907 -159.955 254.369 15.6083 -0.132903 -0.0226987 0.252891 0.148106 
494.042 -141.608 252.789 16.2837 -0.156128 0.199731 0.264502 0.131882 
490.5 -120.599 250.917 17.1116 -0.0817486 0.413925 0.276114 0.115318 
486.103 -97.0286 249.92 17.192 0.106146 0.619467 0.287725 0.0984937 
481.562 -70.9991 251.168 15.5501 0.321247 0.816027 0.299337 0.0814932 
478.576 -42.6196 255.021 12.0726 0.368006 1.00336 0.310949 0.0644323 
479.005 -12.002 259.5 8.43446 0.0407906 1.18132 0.32256 0.0475117 
483.109 20.7415 260.135 8.05157 -0.67332 1.34991 0.334172 0.0311514 
487.768 55.501 252.235 14.1911 -1.4 1.50939 0.345776 0.00857281 
486.528 92.1729 235.525 26.459 -1.4 1.63233 0.367413 -1.3601e-05 
473.13 130.325 218.58 37.9227 0.0609757 1.63269 0.369 0 
473.13 130.325 218.58 37.9227 0.0609757 1.63269 0.369 0 
464.968 142.992 219.026 36.7535 0.700061 1.58886 -0.188388 -0.102052 
457.121 155.489 221.948 33.8306 0.971868 1.52954 -0.176775 -0.0861689 
450.181 167.757 225.939 30.6922 1.14218 1.47808 -0.165163 -0.0761117 
444.229 179.825 230.606 27.2006 1.20357 1.43135 -0.153551 -0.0708285 
439.39 191.711 235.532 23.6145 1.14361 1.3866 -0.141939 -0.0690042 
435.703 203.424 240.249 20.2929 0.959394 1.34169 -0.130326 -0.0692495 
433.095 214.963 244.275 17.5943 0.66117 1.29521 -0.118714 -0.0702623 
431.376 226.321 247.165 15.838 0.272253 1.24654 -0.107102 -0.0709502 
430.253 237.491 248.565 15.267 -0.172458 1.19573 -0.0954893 -0.0705073 
429.351 248.465 248.249 16.0152 -0.629341 1.14348 -0.0838764 -0.0684475 
428.251 259.236 246.165 18.0854 -1.05006 1.09089 -0.0722607 -0.0645989 
426.527 269.806 242.442 21.3378 -1.3864 1.03935 0.6453 -0.0590675 
423.792 280.176 237.4 25.3745 -0.606218 0.990329 -0.049035 -0.0521786 
419.709 290.359 235.347 27.1352 -0.66445 0.945194 -0.0374271 -0.0444044 
415.069 300.368 233.058 28.4387 -0.651296 0.905095 -0.0258157 -0.0362875 
410.007 310.222 230.811 29.6688 -0.583803 0.870831 -0.0142037 -0.0283666 
404.542 319.944 228.818 30.6675 -0.464906 0.842787 -0.00259156 -0.0211138 
398.742 329.558 227.278 31.2897 -0.303304 0.820914 0.00902062 -0.0148884 
392.726 339.087 226.358 31.4194 -0.11297 0.80475 0.0206328 -0.00991093 
386.648 348.554 226.173 30.9844 0.0879407 0.793488 0.0322451 -0.00625795 
380.687 357.978 226.766 30.1351 0.27872 0.786073 0.0438573 -0.00387459 
374.979 367.373 228.102 29.1594 0.444251 0.781316 0.0554695 -0.00260091 
369.57 376.749 230.083 27.7199 0.580023 0.778015 0.0670818 -0.00220611 
364.612 386.112 232.597 25.9155 0.669198 0.775062 0.078694 -0.00242521 
360.225 395.463 235.467 23.8926 0.69864 0.771534 0.0903063 -0.00299357 
356.484 404.8 238.464 21.8321 0.660622 0.766756 0.101919 -0.00367531 
353.407 414.119 241.326 19.9331 0.554075 0.760332 0.113531 -0.00428348 
350.948 423.411 243.788 18.3932 0.385225 0.75215 0.125143 -0.00469084 
348.998 432.672 245.608 17.3862 0.167491 0.742352 0.136755 -0.00483168 
347.39 441.895 246.593 17.0425 -0.0793989 0.731292 0.148368 -0.00469594 
345.915 451.075 246.626 17.431 -0.331043 0.71947 0.15998 -0.0043178 
344.34 460.209 245.685 18.5473 -0.560624 0.707461 0.171592 -0.00376096 
342.43 469.297 243.85 20.3082 -0.741612 0.695841 0.183205 -0.00310326 
339.974 478.341 241.305 22.5546 -0.850638 0.685129 0.194817 -0.00242259 
336.812 487.344 238.325 25.063 -0.870262 0.675726 0.206429 -0.00178572 
332.852 496.311 235.254 27.5639 -0.791308 0.667879 0.218041 -0.00124097 
328.087 505.249 232.472 29.7679 -0.614498 0.661665 0.229653 -0.000815076 
322.606 514.163 230.36 31.3947 -0.351144 0.656985 0.241266 -0.000513761 
316.584 523.059 229.254 32.2047 -0.0227574 0.653581 0.252878 -0.000325343 
310.277 531.943 229.413 32.0273 0.340473 0.651066 0.26449 -0.000226237 
303.999 540.817 230.975 30.7849 0.702256 0.648967 0.276102 -0.000187194 
298.089 549.682 233.943 28.5086 1.02363 0.646765 0.287714 -0.0001792 
292.882 558.538 238.166 25.3431 1.26693 0.643943 0.299327 -0.000178201 
288.669 567.383 243.348 21.5403 1.4 0.640029 0.310939 -0.000164405 
285.662 576.211 249.068 17.4402 1.4 0.634752 0.322565 -0.000110251 
283.969 585.019 254.814 13.4413 1.26296 0.629247 0.334165 -5.38681e-05 
283.569 593.804 260.054 9.94385 0.980621 0.624555 0.345776 -1.65676e-05 
284.313 602.57 264.226 7.36218 0.57828 0.621468 0.357388 -1.70377e-06 
285.92 611.323 266.86 5.78592 0.0899998 0.620457 0.369 0 
285.92 611.323 266.86 5.78592 0.0899998 0.620457 0.369 0 
294.209 603.034 269.087 11.1792 0.0023778 0.170493 0.482653 -4.76449e-14 
302.498 594.745 271.24 15.0717 1.11972e-05 0.0400118 0.480306 -1.34775e-14 
310.786 586.456 273.32 17.7347 -5.27157e-05 0.00225692 0.477959 -3.72989e-15 
319.075 578.168 275.325 19.4772 -5.44418e-05 -0.00866526 0.475612 -1.06496e-15 
327.364 569.879 277.257 20.589 -5.44884e-05 -0.0118249 0.473265 -3.1805e-16 
335.653 561.59 279.114 21.29 -5.44897e-05 -0.0127389 0.470918 -1.41251e-16 
343.942 553.301 280.897 21.73 -5.44897e-05 -0.0130033 0.468571 1.31054e-17 
352.23 545.012 282.606 22.0055 -5.44897e-05 -0.0130798 0.466224 -1.18287e-17 
360.519 536.724 284.24 22.1779 -5.44897e-05 -0.013102 0.463878 3.46554e-17 
368.808 528.435 285.799 22.2858 -5.44897e-05 -0.0131084 0.461531 8.98077e-17 
377.097 520.146 287.283 22.3532 -5.44897e-05 -0.0131102 0.459184 -1.4523e-17 
385.386 511.857 288.693 22.3954 -5.44897e-05 -0.0131108 0.456837 1.52546e-17 
393.674 503.568 290.027 22.4218 -5.44897e-05 -0.0131109 0.45449 -6.0915e-17 
401.963 495.279 291.286 22.4383 -5.44897e-05 -0.013111 0.452143 -1.80544e-17 
410.252 486.991 292.47 22.4487 -5.44897e-05 -0.013111 0.449796 4.28249e-17 
418.541 478.702 293.578 22.4551 -5.44897e-05 -0.013111 0.447449 1.14136e-17 
426.83 470.413 294.611 22.4592 -5.44897e-05 -0.013111 0.445102 3.57144e-17 
435.119 462.124 295.568 22.4617 -5.44897e-05 -0.013111 0.442755 -6.3276e-18 
443.407 453.835 296.45 22.4633 -5.44897e-05 -0.013111 0.440408 3.24128e-17 
451.696 445.547 297.256 22.4643 -5.44897e-05 -0.013111 0.438061 -6.04342e-18 
459.985 437.258 297.986 22.4649 -5.44897e-05 -0.013111 0.435714 4.93911e-17 
468.274 428.969 298.641 22.4653 -5.44897e-05 -0.013111 0.433367 -2.46666e-17 
476.563 420.68 299.219 22.4655 -5.44897e-05 -0.013111 0.43102 -9.15471e-18 
484.851 412.391 299.722 22.4657 -5.44897e-05 -0.013111 0.428673 4.80025e-17 
493.14 404.103 300.148 22.4658 -5.44897e-05 -0.013111 0.426327 -1.74633e-17 
501.429 395.814 300.499 22.4658 -5.44897e-05 -0.013111 0.42398 2.99017e-17 
509.718 387.525 300.773 22.4659 -5.44897e-05 -0.013111 0.421633 2.35603e-17 
518.007 379.236 300.972 22.4659 -5.44897e-05 -0.013111 0.419286 -3.0544e-17 
526.296 370.947 301.094 22.4659 -5.44897e-05 -0.013111 0.416939 5.07658e-17 
534.584 362.658 301.14 22.4659 -5.44897e-05 -0.013111 0.414592 3.64757e-17 
542.873 354.37 301.11 22.4659 -5.44897e-05 -0.013111 0.412245 3.52409e-18 
551.162 346.081 301.004 22.4659 -5.44897e-05 -0.013111 0.409898 1.46267e-17 
559.451 337.792 300.822 22.4659 -5.44897e-05 -0.013111 0.407551 -1.59745e-17 
567.74 329.503 300.564 22.4659 -5.44897e-05 -0.013111 0.405204 -8.41638e-19 
576.028 321.214 300.229 22.4659 -5.44897e-05 -0.013111 0.402857 -5.7552e-18 
584.317 312.926 299.819 22.4659 -5.44897e-05 -0.013111 0.40051 -1.40611e-17 
592.606 304.637 299.333 22.466 -5.44897e-05 -0.013111 0.398163 -2.5769e-17 
600.895 296.348 298.77 22.466 -5.44897e-05 -0.013111 0.395816 4.60257e-19 
609.184 288.059 298.132 22.466 -5.44897e-05 -0.013111 0.393469 1.31304e-17 
617.472 279.77 297.418 22.4661 -5.44897e-05 -0.0131109 0.391122 -5.87359e-18 
625.761 271.482 296.628 22.4662 -5.44897e-05 -0.0131107 0.388776 -3.57281e-18 
634.05 263.193 295.763 22.4663 -5.44897e-05 -0.01311 0.386429 1.05225e-17 
642.339 254.904 294.822 22.4666 -5.44897e-05 -0.0131073 0.384082 -1.1753e-17 
650.628 246.615 293.805 22.467 -5.44897e-05 -0.0130972 0.381735 2.99062e-18 
658.917 238.326 292.712 22.4678 -5.44897e-05 -0.0130594 0.379388 -2.74797e-18 
667.205 230.037 291.545 22.4689 -5.44889e-05 -0.0129194 0.377041 -5.70939e-19 
675.494 221.749 290.302 22.4709 -5.44577e-05 -0.0124032 0.374694 2.90517e-18 
683.783 213.46 288.983 22.474 -5.31613e-05 -0.0105085 0.372347 4.89835e-19 
692.072 205.171 287.59 22.4792 -5.62498e-09 -0.00358601 0.369 0 
692.072 205.171 287.59 22.4792 -5.62498e-09 -0.00358601 0.369 0 
681.059 226.446 287.346 21.1068 0.969076 0.286696 -0.188388 0.316401 
671.256 251.606 300.107 10.9062 0.634179 0.538675 -0.176775 -0.974683 
672.83 280.132 308.602 5 -0.965988 -0.378422 1.01626 -0.980869 
681.388 296.373 295.8 14.6097 -0.904265 -1.30884 0.783248 -0.9215 
679.266 300.165 283.619 22.89 -0.0906436 -2.17236 -0.141939 -0.78552 
667.707 292.404 282.153 22.7071 -0.0897503 -2.89394 -0.130326 -0.601349 
656.298 274.981 280.703 22.5241 -0.0888568 -3.43856 -0.118714 -0.439583 
645.039 250.267 279.268 22.3411 -0.0879634 -3.83511 -0.107102 -0.328628 
633.934 220.243 277.85 22.1582 -0.0870702 -4.13254 -0.0954897 -0.244795 
622.984 186.237 276.447 21.9752 -0.0861772 -4.35562 -0.0838775 -0.163139 
612.19 149.244 275.061 21.7922 -0.0852843 -4.50581 -0.0722652 -0.0790342 
601.553 110.24 273.69 21.6093 -0.084391 -4.58006 -0.060653 -0.000897704 
591.075 70.2425 272.335 21.4263 -0.0834966 -4.58274 -0.0490407 0.0628575 
580.756 30.2083 270.996 21.2433 -0.0826013 -4.5259 -0.0374285 0.110279 
570.598 -9.06503 269.673 21.0603 -0.0817061 -4.42353 -0.0258162 0.14455 
560.601 -46.9678 268.366 20.8773 -0.0808133 -4.28689 -0.014204 0.170021 
550.768 -83.0414 267.075 20.6943 -0.0799248 -4.12342 -0.00259174 0.189706 
541.097 -116.927 265.8 20.5114 -0.0790393 -3.93782 0.0090205 0.204956 
531.59 -148.327 264.54 20.3285 -0.0781496 -3.7336 0.0206327 0.216185 
522.248 -176.993 263.296 20.1457 -0.0772459 -3.51397 0.032245 0.223602 
513.07 -202.719 262.068 19.9628 -0.0763245 -3.28204 0.0438572 0.227532 
504.058 -225.34 260.857 19.7795 -0.0754001 -3.04073 0.0554695 0.228399 
495.212 -244.73 259.662 19.596 -0.0745092 -2.79262 0.0670817 0.226614 
486.533 -260.799 258.482 19.4126 -0.073688 -2.53999 0.078694 0.222506 
478.023 -273.485 257.318 19.2299 -0.0729257 -2.28488 0.0903062 0.216326 
469.679 -282.757 256.168 19.0485 -0.0721227 -2.02916 0.101918 0.208283 
461.502 -288.604 255.032 18.868 -0.0711132 -1.77459 0.113531 0.198582 
453.49 -291.043 253.914 18.686 -0.0698013 -1.52286 0.125143 0.187443 
445.646 -290.113 252.817 18.4997 -0.0683681 -1.27552 0.136755 0.1751 
437.974 -285.87 251.743 18.3082 -0.0673669 -1.03403 0.148367 0.161797 
430.482 -278.395 250.687 18.1163 -0.0674511 -0.799695 0.15998 0.147789 
423.169 -267.783 249.634 17.9352 -0.0686479 -0.573718 0.171592 0.13333 
416.026 -254.145 248.569 17.7752 -0.0695781 -0.357147 0.183204 0.118678 
409.028 -237.608 247.495 17.6318 -0.0675656 -0.150901 0.194816 0.104086 
402.156 -218.309 246.451 17.4735 -0.0605547 0.0442363 0.206429 0.0898019 
395.427 -196.398 245.504 17.2508 -0.0505075 0.227613 0.218041 0.076061 
388.91 -172.032 244.696 16.9382 -0.0456484 0.3987 0.229653 0.0630813 
382.708 -145.376 243.96 16.5966 -0.0572813 0.557084 0.241265 0.0510578 
376.857 -116.6 243.076 16.3965 -0.0888355 0.702447 0.252878 0.0401573 
371.207 -85.8774 241.773 16.5283 -0.122058 0.834552 0.26449 0.030513 
365.391 -53.3862 240.023 16.9802 -0.114811 0.953213 0.276102 0.02222 
359.043 -19.3059 238.36 17.312 -0.0271421 1.05827 0.287714 0.0153302 
352.271 16.1813 237.864 16.715 0.124445 1.14956 0.299327 0.0098486 
346.088 52.8903 239.41 14.6191 0.221138 1.22688 0.310939 0.0057291 
342.169 90.6326 242.296 11.7143 0.0736985 1.28994 0.322551 0.00287146 
341.484 129.217 243.27 10.558 -0.416616 1.33835 0.334163 0.00111821 
342.197 168.448 237.705 14.49 -1.02264 1.37156 0.345776 0.000252116 
338.706 208.127 223.941 24.2451 -1.09715 1.3888 0.357388 -6.1412e-06 
324.4 248.045 208.97 34.192 0.0899998 1.38903 0.369 0 
324.4 248.045 208.97 34.192 0.0899998 1.38903 0.369 0 
297.611 295.109 212.32 28.352 1.4 1.14218 -0.188387 0.894943 
278.267 338.068 235.182 7.00086 0.382989 3.9496 -0.173921 0.563961 
288.471 427.627 239.919 5 -0.165805 6.02472 1.12107 0.000571627 
301.705 551.646 235.596 5 -0.164859 6.08251 1.10477 -0.00599229 
314.795 676.625 231.288 5 -0.163913 6.04305 1.08847 -0.00620781 
327.741 800.948 226.996 5 -0.162967 6.00881 1.07216 -0.007682 
340.543 924.703 222.72 5 -0.162021 5.96567 1.05585 -0.0104104 
353.203 1047.74 218.459 5 -0.161075 5.91292 1.03955 -0.0139609 
365.719 1169.9 214.214 5 -0.160129 5.84354 1.02324 -0.0205815 
378.093 1290.91 209.985 5 -0.159183 5.71354 1.00694 -0.0407945 
390.324 1409.77 205.771 5 -0.158238 5.40149 0.990631 -0.0839714 
402.411 1523.43 201.573 5 -0.157292 4.76406 0.974325 -0.13922 
414.349 1626.52 197.391 5 -0.156346 3.76358 0.958019 -0.181223 
426.135 1712.99 193.225 5 -0.155401 2.4997 0.941713 -0.190708 
437.764 1778.46 189.074 5 -0.154456 1.15105 0.925407 -0.163775 
449.238 1821.54 184.939 5 -0.15351 -0.0844323 0.909101 -0.110403 
460.557 1844.11 180.819 5 -0.152565 -1.02895 0.892795 -0.049318 
471.727 1850.98 176.716 5 -0.151619 -1.56451 0.876489 -0.0010863 
482.752 1848.97 172.628 5 -0.150673 -1.68716 0.860183 0.0203325 
493.64 1844.91 168.556 5 -0.149727 -1.54911 0.843877 0.0146659 
504.393 1843.15 164.499 5 -0.148781 -1.41432 0.827571 -0.00125565 
515.013 1843.63 160.458 5 -0.147835 -1.4497 0.811264 0.00463921 
525.498 1843.52 156.433 5 -0.146889 -1.39429 0.794958 0.00661921 
535.849 1844.33 152.424 5 -0.145943 -1.30406 0.778652 0.000531464 
546.068 1846.64 148.43 5 -0.144997 -1.31273 0.762346 -0.0115681 
556.153 1848.8 144.452 5 -0.144051 -1.53636 0.74604 -0.0245115 
566.103 1847.25 140.49 5 -0.143105 -2.01372 0.729734 -0.0331118 
575.914 1837.77 136.543 5 -0.142159 -2.69374 0.713428 -0.0346868 
585.585 1817 132.612 5 -0.141214 -3.46341 0.697122 -0.0299415 
595.115 1783.45 128.697 5 -0.140268 -4.19686 0.680816 -0.0219332 
604.504 1737.72 124.798 5 -0.139322 -4.80195 0.66451 -0.0139899 
613.755 1681.93 120.914 5 -0.138377 -5.24384 0.648203 -0.00806098 
622.87 1618.81 117.046 5 -0.137431 -5.53812 0.631897 -0.00443267 
631.853 1550.8 113.194 5 -0.136485 -5.72464 0.615591 -0.00247857 
640.705 1479.7 109.357 5 -0.135539 -5.8428 0.599285 -0.00147297 
649.427 1406.63 105.536 5 -0.134593 -5.92051 0.582979 -0.000935046 
658.021 1332.27 101.731 5 -0.133647 -5.97445 0.566673 -0.000617877 
666.487 1257.02 97.9416 5 -0.132701 -6.01392 0.550367 -0.000408178 
674.826 1181.11 94.1678 5 -0.131755 -6.04412 0.534061 -0.000256625 
683.039 1104.7 90.4098 5 -0.130809 -6.0681 0.517755 -0.000147454 
691.126 1027.89 86.6674 5 -0.129863 -6.08779 0.501449 -8.4802e-05 
699.088 950.751 82.9408 5 -0.128917 -6.10483 0.485142 -5.79569e-05 
706.926 873.332 79.2299 5 -0.127971 -6.11867 0.468836 0.000247828 
714.64 795.682 75.5347 5 -0.127025 -6.16511 0.45253 0.0037905 
722.229 717.262 71.8552 5 -0.126078 -5.09351 0.436224 0.0221109 
729.711 656.638 68.1914 5 -0.125131 -3.11065 0.419918 0.0249035 
737.096 628.943 64.5433 5 -1.4 -1.05561 0.403612 0.0115247 
744.81 635.377 39.7232 21.1198 -1.4 0.987428 0.372372 -1.0567e-05 
730.275 675.757 14.474 37.0072 -0.00240633 0.888158 0.369 0 
