grtopM_91_3
50
2 2
11 11 
0 6 4 5 8 3 1 7 2 9 10 
0 6 4 5 8 3 1 7 2 9 10 
0.00143959 1054.12 528.394 284.005 202.548 1722.86 174.647 256.806 241.557 49.7929 
112504 127.704 245.374 28.4543 177.632 56.4083 98.5038 303.846 60.3924 37.1803 
2.93795e-05 21.5126 10.7835 5.79601 4.13363 35.1604 3.56422 5.24094 4.92974 1.01618 
2295.99 2.6062 5.00763 0.5807 3.62515 1.15119 2.01028 6.20094 1.2325 0.758781 
566.163 26.9955 2141.4 2135.98 3.02962 720.862 2.43088 3133.55 3.79867 1.87435 
1.44994e-06 1.34288 3.81678 0.252862 2.64314 2.2538 3.6316 4.9451 2.51823 1.07713 
1509.39 1408.85 1879.51 20.367 0.538602 0 0.135901 0 
943.227 842.687 1313.35 5.45263 -0.158661 -0.144853 0.0633413 1.18191e-15 
377.064 276.524 747.184 5.45982 -0.0287684 -1.16432e-09 0.064735 -1.97881e-17 
9.96206e-07 4.02101e-07 181.02 5.46067 -1.1149e-12 4.81768e-13 0.0661935 -2.31246e-17 
1.50867e-07 1.5621e-07 0.463629 5.46067 9.07444e-13 1.00785e-12 0.0677209 -2.07766e-17 
1.51535e-07 1.57083e-07 0.463624 5.46067 8.38396e-13 1.27421e-12 0.0693212 -1.9721e-17 
1.51531e-07 1.57082e-07 0.463624 5.46067 7.9187e-13 1.42975e-12 0.0709987 -2.40903e-17 
1.51531e-07 1.57082e-07 0.463624 5.46067 7.63232e-13 1.5187e-12 0.0727577 -2.26758e-17 
1.51531e-07 1.57082e-07 0.463624 5.46067 7.46413e-13 1.56863e-12 0.0746026 -2.14452e-17 
1.51531e-07 1.57082e-07 0.463624 5.46067 7.36817e-13 1.5963e-12 0.0765377 -2.40795e-17 
1.51531e-07 1.57082e-07 0.463624 5.46067 7.31438e-13 1.61143e-12 0.0785674 -2.27553e-17 
1.51531e-07 1.57082e-07 0.463624 5.46067 7.2841e-13 1.61967e-12 0.0806962 -2.37379e-17 
1.51531e-07 1.57082e-07 0.463624 5.46067 7.26683e-13 1.6241e-12 0.0829281 -2.11103e-17 
1.51531e-07 1.57082e-07 0.463624 5.46067 7.25636e-13 1.62647e-12 0.0852672 -1.77065e-17 
1.51531e-07 1.57082e-07 0.463624 5.46067 7.24953e-13 1.62773e-12 0.0877173 -2.31569e-17 
1.51531e-07 1.57082e-07 0.463624 5.46067 7.24457e-13 1.6284e-12 0.0902819 -1.93674e-17 
1.51531e-07 1.57082e-07 0.463624 5.46067 7.24056e-13 1.62874e-12 0.0929639 -2.51556e-17 
1.51531e-07 1.57082e-07 0.463624 5.46067 7.237e-13 1.62893e-12 0.0957661 -2.07042e-17 
1.51531e-07 1.57082e-07 0.463624 5.46067 7.23372e-13 1.62903e-12 0.0986905 -2.47763e-17 
1.51531e-07 1.57082e-07 0.463624 5.46067 7.23046e-13 1.62908e-12 0.101739 -1.64644e-17 
1.51531e-07 1.57082e-07 0.463624 5.46067 7.22731e-13 1.62911e-12 0.104912 -2.05905e-17 
1.51531e-07 1.57082e-07 0.463624 5.46067 7.22422e-13 1.62912e-12 0.10821 -2.27148e-17 
1.51531e-07 1.57082e-07 0.463624 5.46067 7.22108e-13 1.62914e-12 0.111633 -2.29371e-17 
1.51531e-07 1.57082e-07 0.463624 5.46067 7.21814e-13 1.62914e-12 0.115181 -2.32618e-17 
1.51531e-07 1.57082e-07 0.463624 5.46067 7.21537e-13 1.62915e-12 0.118853 -2.42767e-17 
1.51531e-07 1.57082e-07 0.463624 5.46067 7.21286e-13 1.62916e-12 0.122651 -2.0754e-17 
1.51531e-07 1.57082e-07 0.463624 5.46067 7.2107e-13 1.62918e-12 0.126576 -2.53487e-17 
1.51531e-07 1.57082e-07 0.463624 5.46067 7.20904e-13 1.62919e-12 0.130629 -2.77446e-17 
1.51531e-07 1.57082e-07 0.463624 5.46067 7.20805e-13 1.62922e-12 0.134802 -3.17998e-17 
1.51531e-07 1.57082e-07 0.463624 5.46067 7.2075e-13 1.62927e-12 0.139053 -2.50143e-17 
1.51531e-07 1.57082e-07 0.463624 5.46067 7.20696e-13 1.62933e-12 0.143369 -2.13449e-17 
1.51531e-07 1.57082e-07 0.463624 5.46067 7.20655e-13 1.62948e-12 0.147556 -2.12114e-17 
1.51531e-07 1.57082e-07 0.463624 5.46067 7.20537e-13 1.62973e-12 0.151573 -2.08993e-17 
1.51531e-07 1.57082e-07 0.463624 5.46067 7.20308e-13 1.63017e-12 0.155428 -2.64478e-17 
1.51531e-07 1.57082e-07 0.463624 5.46067 7.19959e-13 1.63101e-12 0.159147 -1.46123e-17 
1.51531e-07 1.57082e-07 0.463624 5.46067 7.19398e-13 1.63249e-12 0.162772 -2.07622e-17 
1.51531e-07 1.57082e-07 0.463624 5.46067 7.17874e-13 1.63517e-12 0.16633 -2.46471e-17 
1.51531e-07 1.57082e-07 0.463624 5.46067 7.10516e-13 1.64002e-12 0.169549 -2.8067e-17 
1.51531e-07 1.57082e-07 0.463624 5.46067 6.84703e-13 1.64868e-12 0.172177 -1.14158e-17 
1.5153e-07 1.57082e-07 0.463624 5.46067 5.76015e-13 1.66399e-12 0.160273 3.4968e-17 
1.51524e-07 1.57082e-07 0.463624 5.46067 8.37354e-13 1.69218e-12 0.176342 5.1042e-17 
5.89092e-07 1.57082e-07 0.463624 5.46067 7.3682e-13 5.11643e-12 0.177594 -2.01755e-17 
369.602 1.57082e-07 0.463715 5.46067 7.18272e-13 0.0634654 0.176277 1.68623e-14 
935.764 1.57082e-07 0.46406 5.46067 7.41102e-13 0.345616 0.173016 2.38899e-15 
1501.93 1.57082e-07 0.464519 5.46067 8.04507e-13 0.730351 0.168791 -7.6414e-16 
2068.09 1.57085e-07 0.464893 5.46067 9.22663e-13 1.03341 0.163603 3.97068e-14 
2634.25 1.56742e-07 0.465525 5.46067 1.0623e-12 2.14452 0.156943 2.69632e-14 
3200.41 5.96055e-07 0.465987 5.46067 -2.57663e-10 3.5382 0.149705 2.75466e-14 
3766.58 251.913 0.466485 5.46359 -0.0411044 6.2795 0.143207 -7.06223e-14 
4332.74 818.075 255.5 5.46067 -1.96465e-10 1.87899e-07 0.134901 0 
4332.74 818.075 255.5 5.46067 -1.96465e-10 1.87899e-07 0.134901 0 
4456.95 1266.38 236.893 31.8672 -0.285467 -6.28 -0.188388 0.00110932 
4003.38 -1.57205 130.299 31.7883 -0.284605 -1.6763 -0.176776 4.11213e-06 
3495.15 -2.78139 23.97 31.5342 -0.0190715 -1.67013 -0.165163 4.22895e-06 
2933.79 -2.33599 0.00100002 31.3513 -0.0181776 -1.67008 -0.153551 7.89381e-06 
2363.46 -1.88232 0.00100003 31.1682 -0.0172841 -1.67008 -0.141939 4.64216e-06 
1797.06 -1.43086 0.00100003 30.9853 -0.0165789 -1.67008 -0.130327 7.79512e-06 
1234.6 -0.983155 0.00100004 30.8408 -0.0156652 -1.67008 -0.118714 4.49919e-06 
675.237 -0.537744 0.00100008 30.6249 0.0829068 -1.67008 -0.107102 4.95618e-06 
119.991 -0.0955462 6.7513 10.5189 0.0668811 -1.6593 0.360217 3.46888e-06 
0.909875 -0.000399046 3.92048 5.30149 -0.00317941 -1.56909 0.36168 -2.27741e-07 
1.36052e-05 1.07833e-06 0.258552 5.30095 -0.00245887 -1.56908 0.362272 -2.27227e-07 
1.32935e-07 1.07496e-06 0.258548 5.30072 -0.00247121 -1.56908 0.362917 -2.26838e-07 
4.57515e-09 1.07505e-06 0.258547 5.30045 -0.00248464 -1.56908 0.363615 -2.26421e-07 
-1.35708e-07 1.07516e-06 0.258546 5.30015 -0.00249919 -1.56908 0.364374 -2.25972e-07 
-3.30323e-07 1.07531e-06 0.258545 5.29981 -0.00251499 -1.56908 0.3652 -2.25487e-07 
-5.29814e-07 1.07546e-06 0.258543 5.29942 -0.00253227 -1.56908 0.366102 -2.24958e-07 
-6.32076e-07 1.07554e-06 0.258542 5.29901 -0.00255132 -1.56908 0.367088 -2.24378e-07 
-6.5403e-07 1.07555e-06 0.25854 5.29859 -0.00257235 -1.56908 0.368162 -2.23746e-07 
-6.64257e-07 1.07556e-06 0.258538 5.29816 -0.00259571 -1.56908 0.369337 -2.23055e-07 
-5.58751e-07 1.07548e-06 0.258537 5.29775 -0.00263222 -1.56908 0.37103 -2.22287e-07 
-3.5558e-07 1.07531e-06 0.258536 5.29736 -0.00268434 -1.56908 0.373356 -2.2145e-07 
-2.90983e-07 1.07525e-06 0.258535 5.29697 -0.00274311 -1.56908 0.375975 -2.20519e-07 
-2.16777e-07 1.07519e-06 0.258534 5.2966 -0.00280939 -1.56908 0.378895 -2.19473e-07 
-1.34827e-07 1.07513e-06 0.258533 5.29624 -0.0028833 -1.56908 0.382116 -2.18289e-07 
-5.18068e-08 1.07506e-06 0.258532 5.2959 -0.00296465 -1.56908 0.385625 -2.16937e-07 
2.95437e-08 1.075e-06 0.258531 5.29557 -0.00305298 -1.56908 0.389396 -2.15376e-07 
1.03792e-07 1.07494e-06 0.25853 5.29525 -0.00314763 -1.56908 0.393393 -2.13558e-07 
1.60033e-07 1.0749e-06 0.258529 5.29495 -0.00324827 -1.56908 0.397592 -2.11416e-07 
1.99391e-07 1.07486e-06 0.258529 5.29465 -0.0033535 -1.56908 0.40195 -2.0892e-07 
-1.22504e-06 1.07591e-06 0.258529 5.29394 -0.00360701 -1.56908 0.411953 -2.05822e-07 
1.66478e-06 1.07378e-06 0.258526 5.29406 -0.00357449 -1.56908 0.411011 -2.02085e-07 
4.06982e-07 1.07471e-06 0.258527 5.29383 -0.00367607 -1.56908 0.414729 -1.9755e-07 
2.92922e-07 1.07479e-06 0.258527 5.29357 -0.0037789 -1.56908 0.418562 -1.91953e-07 
-3.19266e-06 1.07416e-06 0.258532 5.29339 -0.00135118 -1.56909 0.422039 -9.79082e-07 
-1.06947 0.000508637 15.6673 5.50171 0.170492 -1.66001 0.206429 -6.1987e-06 
-8.00155 0.0063321 96.7975 7.73974 0.152307 -1.66176 0.218041 -1.89153e-06 
-19.3395 0.0153123 172.084 9.63915 0.140867 -1.66322 0.229653 -3.80058e-06 
-30.9795 0.0245388 243.482 10.4147 0.163863 -1.66451 0.241265 -1.20688e-05 
-21.0239 0.0167285 320.719 5 0.183053 -1.62146 0.252878 1.45898e-05 
186.283 -0.147927 405.437 5 0.18238 -1.46975 0.26449 5.57058e-06 
453.734 -0.361533 489.974 5 0.178056 -1.46988 0.335039 1.94395e-05 
766.674 -0.610361 573.351 5 -0.0948013 -1.47002 0.485143 -3.7352e-06 
1125.92 -0.895987 529.495 5 -0.0938552 -1.46995 0.468837 1.30704e-06 
1461.57 -1.16292 485.893 5 -0.0929092 -1.46987 0.452531 3.44704e-06 
1773.77 -1.41051 442.545 5 -0.0919632 -1.4698 0.436224 -1.68509e-07 
2062.65 -1.63954 399.451 5 -0.0910171 -1.46967 0.419918 0.00021434 
2328.35 -1.83145 356.611 5 -0.0900691 2.37845 0.403612 0.00017372 
2571.83 1030.9 314.025 5 -0.260506 6.28 0.387306 -6.79578e-05 
2794.15 3164.89 225.69 40 -0.000309275 7.11531e-05 0.369 0 
2794.15 3164.89 225.69 40 -0.000309275 7.11531e-05 0.369 0 
649.074 1236.57 0.0167192 5.82607 0.206214 5.25842 6.42433e-06 9.5026e-11 
-2.16439e-10 13.8879 0.0206941 5.01946 3.93441e-11 1.40848e-10 7.22281e-06 7.2282e-13 
1.07341e-11 -1.6369e-11 0.0206949 5.01946 2.81036e-11 -1.84338e-10 8.19041e-06 1.0793e-14 
1.78433e-11 1.80384e-11 0.0206949 5.01946 2.77012e-11 -1.77077e-10 9.38174e-06 -1.58772e-15 
1.80624e-11 1.87147e-11 0.0206949 5.01946 2.74352e-11 -1.76931e-10 1.08784e-05 -1.81424e-15 
1.80689e-11 1.87309e-11 0.0206949 5.01946 2.71615e-11 -1.76929e-10 1.2808e-05 -1.83482e-15 
1.80691e-11 1.87312e-11 0.0206949 5.01946 2.68776e-11 -1.76929e-10 1.53795e-05 -1.8522e-15 
1.80691e-11 1.87312e-11 0.0206949 5.01946 2.65845e-11 -1.76929e-10 1.89545e-05 -1.86981e-15 
1.80691e-11 1.87312e-11 0.0206949 5.01946 2.62834e-11 -1.76929e-10 2.42074e-05 -1.88768e-15 
1.80691e-11 1.87312e-11 0.0206949 5.01946 2.59765e-11 -1.76929e-10 3.25646e-05 -1.90578e-15 
1.80691e-11 1.87312e-11 0.0206949 5.01946 2.56681e-11 -1.76929e-10 4.76471e-05 -1.92406e-15 
1.80691e-11 1.87312e-11 0.0206949 5.01946 2.53671e-11 -1.76929e-10 8.0691e-05 -1.94249e-15 
1.80691e-11 1.87312e-11 0.0206949 5.01946 2.50902e-11 -1.76929e-10 0.000171694 -1.96102e-15 
1.80691e-11 1.87312e-11 0.0206949 5.01946 2.48608e-11 -1.76929e-10 0.000465819 -1.97963e-15 
1.80691e-11 1.87312e-11 0.0206949 5.01946 2.46748e-11 -1.76929e-10 0.00142503 -1.99827e-15 
1.80691e-11 1.87312e-11 0.0206949 5.01946 2.44242e-11 -1.76929e-10 0.00409242 -2.01693e-15 
1.80691e-11 1.87312e-11 0.0206949 5.01946 2.39408e-11 -1.76929e-10 0.00965076 -2.03557e-15 
1.80691e-11 1.87312e-11 0.0206949 5.01946 2.30785e-11 -1.76929e-10 0.0202819 -2.0542e-15 
1.80691e-11 1.87312e-11 0.0206949 5.01946 2.23151e-11 -1.76929e-10 0.0318144 -2.07285e-15 
1.80691e-11 1.87312e-11 0.0206949 5.01946 2.16005e-11 -1.76929e-10 0.0433425 -2.09155e-15 
1.80691e-11 1.87312e-11 0.0206949 5.01946 2.09102e-11 -1.76929e-10 0.0548658 -2.11038e-15 
1.80691e-11 1.87312e-11 0.0206949 5.01946 2.02475e-11 -1.76929e-10 0.0663838 -2.12946e-15 
1.80691e-11 1.87312e-11 0.0206949 5.01946 1.96163e-11 -1.76929e-10 0.0778959 -2.14896e-15 
1.80691e-11 1.87312e-11 0.0206949 5.01946 1.90203e-11 -1.76929e-10 0.0894019 -2.16908e-15 
1.80691e-11 1.87312e-11 0.0206949 5.01946 1.84633e-11 -1.76929e-10 0.100901 -2.19008e-15 
1.80691e-11 1.87312e-11 0.0206949 5.01946 1.79488e-11 -1.76929e-10 0.112394 -2.21226e-15 
1.80691e-11 1.87312e-11 0.0206949 5.01946 1.74802e-11 -1.76929e-10 0.12388 -2.236e-15 
1.80691e-11 1.87312e-11 0.0206949 5.01946 1.70605e-11 -1.76929e-10 0.135359 -2.26168e-15 
1.80691e-11 1.87312e-11 0.0206949 5.01946 1.66915e-11 -1.76929e-10 0.146831 -2.28968e-15 
1.80691e-11 1.87312e-11 0.0206949 5.01946 1.6374e-11 -1.76929e-10 0.158297 -2.32035e-15 
1.80691e-11 1.87312e-11 0.0206949 5.01946 1.61072e-11 -1.76929e-10 0.169759 -2.35392e-15 
1.80691e-11 1.87312e-11 0.0206949 5.01946 1.58882e-11 -1.76929e-10 0.181216 -2.39043e-15 
1.80691e-11 1.87312e-11 0.0206949 5.01946 1.57111e-11 -1.76929e-10 0.192669 -2.42961e-15 
1.80691e-11 1.87312e-11 0.0206949 5.01946 1.55676e-11 -1.76929e-10 0.20412 -2.47079e-15 
1.80691e-11 1.87312e-11 0.0206949 5.01946 1.54457e-11 -1.76929e-10 0.215569 -1.70882e-15 
1.80691e-11 1.87312e-11 0.0206949 5.01946 1.53304e-11 -1.76929e-10 0.227014 -2.55339e-15 
1.80691e-11 1.87312e-11 0.0206949 5.01946 1.5204e-11 -1.76929e-10 0.238452 -2.59036e-15 
1.80691e-11 1.87312e-11 0.0206949 5.01946 1.50464e-11 -1.76929e-10 0.249878 -2.62063e-15 
1.80691e-11 1.87312e-11 0.0206949 5.01946 1.48366e-11 -1.76929e-10 0.261284 -2.64165e-15 
1.80691e-11 1.87312e-11 0.0206949 5.01946 1.45541e-11 -1.76929e-10 0.27266 -2.65229e-15 
1.80691e-11 1.87312e-11 0.0206949 5.01946 1.41808e-11 -1.76929e-10 0.283996 -2.65518e-15 
1.80691e-11 1.87312e-11 0.0206949 5.01946 1.3703e-11 -1.76929e-10 0.295285 -2.65736e-15 
1.80691e-11 1.87311e-11 0.0206949 5.01946 1.3114e-11 -1.76927e-10 0.30653 -2.608e-15 
1.80691e-11 1.87264e-11 0.0206949 5.01946 1.24201e-11 -1.76865e-10 0.317746 3.3985e-16 
1.80691e-11 1.85236e-11 0.0206949 5.01946 1.16754e-11 -1.7415e-10 0.328954 1.17742e-13 
1.80702e-11 1.00223e-11 0.0206949 5.01946 1.13827e-11 -7.82262e-11 0.340109 1.22082e-12 
1.81007e-11 -2.32421e-10 0.020695 5.01946 3.54015e-11 9.65281e-10 0.351012 -8.68533e-12 
1.88227e-11 766.736 0.0207014 6.73512 1.4 6.28 0.361574 1.71767e-11 
1.32137 3964.32 296.86 5.01946 -4.67323e-11 -7.95865e-12 0.369 0 
1.32137 3964.32 296.86 5.01946 -4.67323e-11 -7.95865e-12 0.369 0 
1.05781e-10 1942.05 0.013724 5.01289 -6.45349e-05 -4.0515 7.35995e-06 3.1524e-14 
1.03469e-10 170.846 0.013725 5.01303 4.40269e-14 -4.90002e-11 7.89903e-06 -2.28256e-17 
1.03469e-10 3.99478e-10 0.013725 5.01303 5.54751e-14 -1.62661e-11 8.52281e-06 -2.28264e-17 
1.03469e-10 1.0726e-10 0.013725 5.01303 5.84165e-14 -1.62308e-11 9.26025e-06 -2.28256e-17 
1.03469e-10 1.0726e-10 0.013725 5.01303 5.91234e-14 -1.55899e-11 1.01587e-05 -2.28257e-17 
1.03469e-10 1.0726e-10 0.013725 5.01303 5.92711e-14 -1.55818e-11 1.12998e-05 -2.28232e-17 
1.03469e-10 1.0726e-10 0.013725 5.01303 5.92979e-14 -1.55789e-11 1.28292e-05 -2.28276e-17 
1.03469e-10 1.0726e-10 0.013725 5.01303 5.93009e-14 -1.55779e-11 1.50146e-05 -2.2824e-17 
1.03469e-10 1.0726e-10 0.013725 5.01303 5.92998e-14 -1.55776e-11 1.83546e-05 -2.28265e-17 
1.03469e-10 1.0726e-10 0.013725 5.01303 5.92977e-14 -1.55775e-11 2.37841e-05 -2.28193e-17 
1.03469e-10 1.0726e-10 0.013725 5.01303 5.92944e-14 -1.55774e-11 3.30757e-05 -2.28259e-17 
1.03469e-10 1.0726e-10 0.013725 5.01303 5.92887e-14 -1.55774e-11 4.98208e-05 -2.28246e-17 
1.03469e-10 1.0726e-10 0.013725 5.01303 5.92773e-14 -1.55774e-11 8.31267e-05 -2.28195e-17 
1.03469e-10 1.0726e-10 0.013725 5.01303 5.92487e-14 -1.55774e-11 0.00016661 -2.28209e-17 
1.03469e-10 1.0726e-10 0.013725 5.01303 5.91501e-14 -1.55774e-11 0.000452429 -2.28201e-17 
1.03469e-10 1.0726e-10 0.013725 5.01303 5.87728e-14 -1.55774e-11 0.00154383 -2.28244e-17 
1.03469e-10 1.0726e-10 0.013725 5.01303 5.74132e-14 -1.55774e-11 0.00546971 -2.28269e-17 
1.03469e-10 1.0726e-10 0.013725 5.01303 5.37065e-14 -1.55774e-11 0.0161585 -2.28272e-17 
1.03469e-10 1.0726e-10 0.013725 5.01303 4.98343e-14 -1.55774e-11 0.0277351 -2.28211e-17 
1.03469e-10 1.0726e-10 0.013725 5.01303 4.59828e-14 -1.55774e-11 0.0393101 -2.28193e-17 
1.03469e-10 1.0726e-10 0.013725 5.01303 4.21315e-14 -1.55774e-11 0.0508834 -2.28276e-17 
1.03469e-10 1.0726e-10 0.013725 5.01303 3.8281e-14 -1.55774e-11 0.0624544 -2.2819e-17 
1.03469e-10 1.0726e-10 0.013725 5.01303 3.44313e-14 -1.55774e-11 0.0740228 -2.28275e-17 
1.03469e-10 1.0726e-10 0.013725 5.01303 3.05828e-14 -1.55774e-11 0.085588 -2.28136e-17 
1.03469e-10 1.0726e-10 0.013725 5.01303 2.67354e-14 -1.55774e-11 0.0971494 -2.28195e-17 
1.03469e-10 1.0726e-10 0.013725 5.01303 2.28895e-14 -1.55774e-11 0.108707 -2.28195e-17 
1.03469e-10 1.0726e-10 0.013725 5.01303 1.90452e-14 -1.55774e-11 0.120259 -2.28196e-17 
1.03469e-10 1.0726e-10 0.013725 5.01303 1.52028e-14 -1.55774e-11 0.131806 -2.28301e-17 
1.03469e-10 1.0726e-10 0.013725 5.01303 1.13624e-14 -1.55774e-11 0.143346 -2.28305e-17 
1.03469e-10 1.0726e-10 0.013725 5.01303 7.52401e-15 -1.55774e-11 0.154881 -2.28126e-17 
1.03469e-10 1.0726e-10 0.013725 5.01303 3.6878e-15 -1.55774e-11 0.166409 -2.28234e-17 
1.03469e-10 1.0726e-10 0.013725 5.01303 -1.46296e-16 -1.55774e-11 0.177931 -2.28252e-17 
1.03469e-10 1.0726e-10 0.013725 5.01303 -3.97841e-15 -1.55774e-11 0.189446 -2.28326e-17 
1.03469e-10 1.0726e-10 0.013725 5.01303 -7.80886e-15 -1.55774e-11 0.200957 -2.2822e-17 
1.03469e-10 1.0726e-10 0.013725 5.01303 -1.1638e-14 -1.55774e-11 0.212464 -2.2815e-17 
1.03469e-10 1.0726e-10 0.013725 5.01303 -1.54663e-14 -1.55775e-11 0.223968 -2.28177e-17 
1.03469e-10 1.0726e-10 0.013725 5.01303 -1.9294e-14 -1.55777e-11 0.23547 -2.28334e-17 
1.03469e-10 1.0726e-10 0.013725 5.01303 -2.31212e-14 -1.55781e-11 0.246972 -2.28329e-17 
1.03469e-10 1.0726e-10 0.013725 5.01303 -2.69466e-14 -1.55794e-11 0.258471 -2.28289e-17 
1.03469e-10 1.0726e-10 0.013725 5.01303 -3.07653e-14 -1.55827e-11 0.269965 -2.2807e-17 
1.03469e-10 1.0726e-10 0.013725 5.01303 -3.45581e-14 -1.55909e-11 0.281448 -2.28171e-17 
1.03469e-10 1.0726e-10 0.013725 5.01303 -3.82467e-14 -1.56108e-11 0.292911 -2.28168e-17 
1.03469e-10 1.0726e-10 0.013725 5.01303 -4.15111e-14 -1.62594e-11 0.304346 -2.28434e-17 
1.03469e-10 1.0726e-10 0.013725 5.01303 -4.29646e-14 -1.63225e-11 0.315746 -2.28116e-17 
1.03469e-10 1.0726e-10 0.013725 5.01303 -3.72099e-14 -1.64303e-11 0.327115 -2.28315e-17 
1.03469e-10 1.0726e-10 0.013725 5.01303 -4.67914e-15 -1.61096e-11 0.338452 -2.28031e-17 
1.03469e-10 1.5705e-10 0.013725 5.01303 6.72586e-13 4.14947e-11 0.34962 4.87679e-14 
4.30066e-10 384.783 0.0137261 5.4826 0.117219 6.28 0.36277 -4.88944e-14 
410.083 3088.44 286.21 5.01303 1.67165e-14 2.51203e-14 0.369 0 
410.083 3088.44 286.21 5.01303 1.67165e-14 2.51203e-14 0.369 0 
444.016 3166.36 290.888 5 -0.627718 -3.02631 1.15369 -0.182545 
479.01 3088.19 263.192 26.5473 0.517547 -6.27971 -0.176776 0.000949048 
420.775 2842.3 292.784 5 0.116502 -6.27986 0.45223 0.00123706 
455.063 2596.32 303.472 5 0.116502 -6.27991 0.45223 0.00271538 
490.456 2350.34 314.161 5 0.116502 -6.27993 0.45223 0.0042844 
526.953 2104.36 324.849 5 0.116502 -6.27994 0.45223 0.00372588 
564.555 1858.38 335.537 5 0.116502 -6.27994 0.45223 0.0140941 
603.261 1612.4 346.226 5 0.116502 -6.27994 0.45223 0.0352884 
643.072 1366.42 356.914 5 0.116502 -6.27994 0.45223 0.0101772 
683.987 1120.44 367.603 5 0.116502 -6.27993 0.45223 0.0855877 
726.007 874.459 378.291 5 0.116502 -6.27992 0.45223 0.312227 
769.132 628.48 388.979 5 0.116502 -6.27989 0.45223 0.367791 
813.361 382.502 399.668 5 0.116502 -6.27981 0.45223 0.550948 
858.694 136.528 410.356 5 0.116501 -4.17087 0.452265 0.008262 
905.219 -0.672384 421.045 5 0.116769 -1.51244 0.447676 3.38949e-06 
952.957 -0.757864 431.747 5 0.0816702 -1.51157 0.474844 -2.9181e-05 
1001.84 -0.798276 440.639 5 -0.0634694 -1.51152 0.892796 0.000165199 
1051.79 -0.836167 435.985 5 -0.0625233 -1.51155 0.87649 0.000335353 
1101.25 -0.875528 431.381 5 -0.0615773 -1.51153 0.860184 2.64132e-06 
1150.24 -0.91422 426.825 5 -0.0606313 -1.51154 0.843878 -3.42263e-05 
1198.76 -0.953528 422.318 5 -0.0596852 -1.51154 0.827571 0.000119416 
1246.81 -0.992641 417.86 5 -0.0587392 -1.51149 0.811265 -2.45485e-05 
1294.4 -1.0292 413.451 5 -0.0577932 -1.51151 0.794959 3.49218e-07 
1341.54 -1.06659 409.09 5 -0.0568471 -1.51149 0.778653 -1.60188e-05 
1388.22 -1.10323 404.778 5 -0.0559011 -1.51154 0.762347 -2.69715e-05 
1434.46 -1.14218 400.515 5 -0.0549551 -1.51156 0.746041 3.25257e-05 
1480.25 -1.18205 396.301 5 -0.054009 -1.51143 0.729735 -2.66491e-05 
1525.61 -1.21517 392.136 5 -0.053063 -1.51143 0.713429 2.45225e-05 
1570.53 -1.24845 388.019 5 -0.052117 -1.51147 0.697122 2.19096e-05 
1615.03 -1.28375 383.952 5 -0.0511709 -1.51145 0.680816 -4.48732e-06 
1659.11 -1.31824 379.933 5 -0.0502249 -1.51148 0.66451 6.15097e-06 
1702.77 -1.35416 375.962 5 -0.0492789 -1.51143 0.648204 5.79872e-06 
1746.02 -1.38773 372.041 5 -0.0483328 -1.51144 0.631898 -2.33946e-06 
1788.87 -1.42176 368.168 5 -0.0473868 -1.51142 0.615592 -3.80162e-06 
1831.31 -1.45465 364.345 5 -0.0464408 -1.51143 0.599286 -3.48163e-06 
1873.36 -1.48788 360.57 5 -0.0454947 -1.51145 0.58298 -2.06695e-06 
1915.01 -1.52229 356.843 5 -0.0445487 -1.5114 0.566673 -2.46241e-06 
1956.28 -1.55392 353.166 5 -0.0436027 -1.5114 0.550367 -2.08843e-06 
1997.17 -1.58567 349.537 5 -0.0426566 -1.51141 0.534061 -1.56152e-06 
2037.69 -1.61822 345.957 5 -0.0417106 -1.5114 0.517755 -1.39107e-06 
2077.83 -1.64981 342.426 5 -0.0407646 -1.51139 0.501449 -1.02342e-06 
2117.61 -1.68118 338.944 5 -0.0398185 -1.51138 0.485143 -8.55482e-07 
2157.02 -1.71178 335.511 5 -0.0388725 -1.51137 0.468837 -8.17298e-07 
2196.08 -1.7422 332.126 5 -0.0444523 -1.51141 0.452531 9.04864e-07 
2234.8 -1.77459 328.454 5.25607 -0.0415531 -1.51101 0.436224 1.44515e-05 
2272.07 -1.78549 324.909 5.34944 -0.0301223 -1.50448 0.419918 1.01551e-05 
2308.58 -1.45934 321.947 5 -0.0993828 -1.49652 0.403612 0.00039216 
2346.3 -0.723911 315.442 7.52293 -0.883397 -0.852721 0.387306 0.000143888 
2373.76 33.2248 268.29 40 -0.09 -0.00433627 0.369 0 
2373.76 33.2248 268.29 40 -0.09 -0.00433627 0.369 0 
686.639 0.0114389 0.0223442 5.02144 1.24587e-06 -4.91565e-05 0.000474963 -7.8381e-11 
1.47773e-07 6.70403e-09 0.0223442 5.02144 1.56752e-07 -4.91141e-05 0.00051086 -7.83805e-11 
6.46713e-09 6.70403e-09 0.0223442 5.02144 1.5673e-07 -4.91141e-05 0.000551947 -7.83799e-11 
6.46713e-09 6.70403e-09 0.0223442 5.02144 1.56706e-07 -4.91141e-05 0.000599409 -7.83793e-11 
6.46713e-09 6.70403e-09 0.0223442 5.02144 1.5668e-07 -4.91141e-05 0.000654822 -7.83786e-11 
6.46713e-09 6.70403e-09 0.0223442 5.02144 1.5665e-07 -4.91141e-05 0.000720323 -7.83778e-11 
6.46713e-09 6.70403e-09 0.0223442 5.02144 1.56616e-07 -4.91141e-05 0.000798897 -7.8377e-11 
6.46713e-09 6.70403e-09 0.0223442 5.02144 1.56578e-07 -4.91141e-05 0.000894825 -7.83761e-11 
6.46713e-09 6.70403e-09 0.0223442 5.02144 1.56533e-07 -4.91141e-05 0.00101449 -7.83751e-11 
6.46713e-09 6.70403e-09 0.0223442 5.02144 1.56481e-07 -4.91141e-05 0.00116782 -7.8374e-11 
6.46713e-09 6.70403e-09 0.0223442 5.02144 1.56419e-07 -4.91141e-05 0.00137135 -7.83729e-11 
6.46713e-09 6.70403e-09 0.0223442 5.02144 1.56347e-07 -4.91141e-05 0.00165533 -7.83717e-11 
6.46713e-09 6.70403e-09 0.0223442 5.02144 1.5627e-07 -4.91141e-05 0.00208502 -7.83704e-11 
6.46713e-09 6.70403e-09 0.0223442 5.02144 1.56209e-07 -4.91141e-05 0.00284044 -7.8369e-11 
6.46713e-09 6.70403e-09 0.0223442 5.02144 1.56156e-07 -4.91141e-05 0.00456586 -7.83682e-11 
6.46713e-09 6.70403e-09 0.0223442 5.02144 1.5536e-07 -4.91141e-05 0.00924071 -7.83643e-11 
6.46713e-09 6.70403e-09 0.0223442 5.02144 1.50981e-07 -4.91141e-05 0.0183059 -7.83633e-11 
6.46713e-09 6.70403e-09 0.0223442 5.02144 1.42578e-07 -4.91141e-05 0.0297151 -7.83631e-11 
6.46713e-09 6.70403e-09 0.0223442 5.02144 1.33836e-07 -4.91141e-05 0.0413164 -7.83603e-11 
6.46713e-09 6.70403e-09 0.0223442 5.02144 1.251e-07 -4.91141e-05 0.0529173 -7.8359e-11 
6.46713e-09 6.70403e-09 0.0223442 5.02144 1.16365e-07 -4.91141e-05 0.0645174 -7.83568e-11 
6.46713e-09 6.70403e-09 0.0223442 5.02144 1.07632e-07 -4.91141e-05 0.0761168 -7.83534e-11 
6.46713e-09 6.70403e-09 0.0223442 5.02144 9.88998e-08 -4.91141e-05 0.0877152 -7.83507e-11 
6.46713e-09 6.70403e-09 0.0223442 5.02144 9.017e-08 -4.91141e-05 0.0993124 -7.83487e-11 
6.46713e-09 6.70403e-09 0.0223442 5.02144 8.14426e-08 -4.91141e-05 0.110908 -7.83444e-11 
6.46713e-09 6.70403e-09 0.0223442 5.02144 7.2718e-08 -4.91141e-05 0.122503 -7.83407e-11 
6.46713e-09 6.70403e-09 0.0223442 5.02144 6.39963e-08 -4.91141e-05 0.134096 -7.83365e-11 
6.46713e-09 6.70403e-09 0.0223442 5.02144 5.52778e-08 -4.91141e-05 0.145687 -7.83317e-11 
6.46713e-09 6.70403e-09 0.0223442 5.02144 4.65624e-08 -4.91141e-05 0.157276 -7.83261e-11 
6.46713e-09 6.70403e-09 0.0223442 5.02144 3.78499e-08 -4.91141e-05 0.168864 -7.83196e-11 
6.46713e-09 6.70403e-09 0.0223442 5.02144 2.914e-08 -4.91141e-05 0.18045 -7.83117e-11 
6.46713e-09 6.70403e-09 0.0223442 5.02144 2.04322e-08 -4.91141e-05 0.192034 -7.83037e-11 
6.46713e-09 6.70403e-09 0.0223442 5.02144 1.17259e-08 -4.91141e-05 0.203616 -7.82922e-11 
6.46713e-09 6.70403e-09 0.0223442 5.02144 3.02084e-09 -4.91141e-05 0.215197 -7.82765e-11 
6.46713e-09 6.70403e-09 0.0223442 5.02144 -5.68334e-09 -4.91141e-05 0.226776 -7.82588e-11 
6.46713e-09 6.70403e-09 0.0223442 5.02144 -1.43866e-08 -4.91141e-05 0.238352 -7.82373e-11 
6.46713e-09 6.70403e-09 0.0223442 5.02144 -2.30884e-08 -4.91141e-05 0.249926 -7.82105e-11 
6.46713e-09 6.70403e-09 0.0223442 5.02144 -3.17875e-08 -4.91141e-05 0.261495 -7.81776e-11 
6.46713e-09 6.70403e-09 0.0223442 5.02144 -4.04809e-08 -4.91141e-05 0.273058 -7.81374e-11 
6.46713e-09 6.70403e-09 0.0223442 5.02144 -4.91631e-08 -4.91141e-05 0.284611 -7.80884e-11 
6.46713e-09 6.70403e-09 0.0223442 5.02144 -5.78252e-08 -4.91141e-05 0.296148 -7.80259e-11 
6.46713e-09 6.70403e-09 0.0223442 5.02144 -6.6458e-08 -4.91141e-05 0.307661 -7.79564e-11 
6.46713e-09 6.70403e-09 0.0223442 5.02144 -7.50629e-08 -4.91141e-05 0.319138 -7.78648e-11 
6.46713e-09 6.70403e-09 0.0223442 5.02144 -8.3666e-08 -4.91141e-05 0.330546 -7.77375e-11 
6.46713e-09 6.70403e-09 0.0223442 5.02144 -9.23453e-08 -4.91141e-05 0.341739 -7.75319e-11 
1.96318e-08 6.67682e-09 0.0223443 5.02143 3.55234e-06 -4.91201e-05 0.351856 8.96894e-09 
368.383 -0.287832 295.382 5 -0.367935 1.79289 0.362506 1.13519e-08 
1380.23 754.025 868.856 5 -1.4 6.27993 0.370903 -2.31425e-08 
2906.8 4863.08 231.87 5.02144 -4.34809e-09 1.02599e-09 0.369 0 
2906.8 4863.08 231.87 5.02144 -4.34809e-09 1.02599e-09 0.369 0 
2930.99 4930.47 230.86 5 -0.719117 -2.42808 1.15369 -0.777873 
2955.71 4889.89 197.871 26.8531 -0.177827 -6.28 -0.176776 0.00105109 
2899.01 4678.07 187.397 26.6701 -0.176934 -6.28 -0.165163 0.00104255 
2842.02 4466.25 176.975 26.4871 -0.17604 -6.28 -0.153551 0.00130276 
2784.75 4254.42 166.606 26.3041 -0.175147 -6.28 -0.141939 0.00148185 
2727.22 4042.6 156.29 26.1212 -0.174253 -6.28 -0.130327 0.00149528 
2669.41 3830.78 146.027 25.9382 -0.17336 -6.28 -0.118714 0.00288351 
2611.34 3618.95 135.816 25.7552 -0.172466 -6.28 -0.107102 0.00301535 
2553.01 3407.13 125.659 25.5723 -0.171573 -6.28 -0.0954898 0.00153958 
2494.43 3195.31 115.554 25.3893 -0.170679 -6.28 -0.0838776 0.00127915 
2435.6 2983.49 105.502 25.2063 -0.169786 -6.28 -0.0722653 0.00985963 
2376.53 2771.67 95.5023 25.0233 -0.168892 -6.28 -0.0606531 0.0157621 
2317.21 2559.85 85.5557 24.8403 -0.167999 -6.28 -0.0490408 0.00337836 
2257.66 2348.03 75.6619 24.6574 -0.167116 -6.28 -0.0374286 0.00555542 
2197.88 2136.21 65.8203 24.4748 -0.166225 -6.28 -0.0258163 0.0152177 
2137.88 1924.4 56.0315 24.2922 -0.165175 -6.28 -0.0142041 0.0544546 
2077.65 1712.59 46.3023 24.1041 -0.163985 -6.28 -0.00259184 0.0622004 
2017.22 1500.79 36.6395 23.9075 -0.164945 -6.28 0.00902041 0.129251 
1956.63 1289 26.948 23.7776 -0.171551 -6.28 0.0206327 0.143403 
1895.65 1077.21 16.972 23.886 -0.15542 -6.28 0.0322449 0.169926 
1833.38 865.462 7.70561 23.3945 -0.0173134 -6.28 0.0438571 0.175295 
1771.91 653.778 6.95722 23.2115 -0.0164199 -6.28 0.0554694 0.175682 
1711.03 443.62 8.78238 23.0285 -0.0155265 -6.28 0.0670816 0.182766 
1650.96 236.615 10.6603 22.8456 -0.0146329 -6.28 0.0786939 0.50613 
1591.71 29.6097 12.591 22.6626 -0.0137375 -2.71002 0.0903061 0.0902319 
1533.41 -18.6303 14.5746 22.4796 -0.0128433 -1.23312 0.101918 -0.0190133 
1475.98 -1.18893 16.611 22.2966 -0.01195 -1.62398 0.113531 -5.48389e-06 
1419.38 -1.13097 18.7001 22.1137 -0.0110565 -1.62433 0.125143 1.85183e-05 
1363.62 -1.08894 20.8421 21.9307 -0.010163 -1.62424 0.136755 3.05696e-06 
1308.69 -1.0436 23.0368 21.7477 -0.00926947 -1.62428 0.148367 9.27706e-06 
1254.62 -1.00051 25.2843 21.5647 -0.00837594 -1.62426 0.15998 -9.47324e-06 
1201.39 -0.957142 27.5846 21.3818 -0.00748247 -1.62466 0.171592 -0.0215972 
1149.02 -0.93192 29.9376 21.1988 -0.00658943 -2.23731 0.183204 -0.027357 
1097.5 -28.1534 32.3434 21.0158 -0.00569622 -2.97716 0.194816 0.319206 
1046.81 -88.2782 34.802 20.8329 -0.00480102 0.228689 0.206429 0.298375 
997.099 -5.83123 37.3134 20.6499 -0.00390581 3.39047 0.218041 0.23287 
948.38 217.228 39.8777 20.4669 -0.00301092 6.27645 0.229653 0.0239896 
900.643 568.633 42.4948 20.2839 -0.00211699 6.27747 0.241265 0.0100178 
853.79 920.083 45.1647 20.101 -0.00122212 6.27793 0.252878 0.00226677 
807.827 1271.55 47.8875 19.9179 -0.000332769 6.2782 0.26449 0.000127974 
762.757 1623.04 50.6629 19.7351 0.000533482 6.27839 0.276102 -0.000202838 
718.586 1974.53 53.4898 19.5531 0.00144367 6.27852 0.287714 -0.000127782 
675.314 2326.02 56.3701 19.3703 0.00277158 6.27862 0.299327 -9.52222e-05 
632.95 2677.52 59.3226 19.1727 0.00413609 6.2787 0.310939 -6.67953e-05 
591.551 3029.02 62.3498 18.9634 -0.000674315 6.27876 0.322551 -4.3194e-05 
551.172 3380.52 65.178 18.9548 -0.0162675 6.27881 0.334163 -2.45543e-05 
511.09 3732.03 67.3134 19.4534 0.0424412 6.27916 0.345776 -1.10522e-05 
469.368 4083.55 72.0241 17.7983 0.385286 6.27976 0.357388 -0.00142025 
433.66 4435.1 92.1 5 0.09 4.25813 0.369 0 
433.66 4435.1 92.1 5 0.09 4.25813 0.369 0 
2.07149e-08 1819.09 0.00958985 5.00882 8.22079e-13 -1.85551e-09 1.15921e-05 -1.33508e-16 
1.57955e-10 132.532 0.00958992 5.00883 4.74969e-13 -1.11255e-10 1.24714e-05 -1.33509e-16 
1.57955e-10 6.64852e-10 0.00958992 5.00883 4.76058e-13 -4.2893e-11 1.34789e-05 -1.33508e-16 
1.57955e-10 1.63741e-10 0.00958992 5.00883 4.76058e-13 -4.2893e-11 1.46444e-05 -1.33509e-16 
1.57955e-10 1.63741e-10 0.00958992 5.00883 4.76059e-13 -4.2893e-11 1.60077e-05 -1.33506e-16 
1.57955e-10 1.63741e-10 0.00958992 5.00883 4.76059e-13 -4.2893e-11 1.76236e-05 -1.33504e-16 
1.57955e-10 1.63741e-10 0.00958992 5.00883 4.76061e-13 -4.2893e-11 1.95697e-05 -1.33508e-16 
1.57955e-10 1.63741e-10 0.00958992 5.00883 4.76063e-13 -4.2893e-11 2.19603e-05 -1.33507e-16 
1.57955e-10 1.63741e-10 0.00958992 5.00883 4.76067e-13 -4.2893e-11 2.49715e-05 -1.33508e-16 
1.57955e-10 1.63741e-10 0.00958992 5.00883 4.76076e-13 -4.2893e-11 2.88929e-05 -1.33508e-16 
1.57955e-10 1.63741e-10 0.00958992 5.00883 4.76091e-13 -4.2893e-11 3.42475e-05 -1.33506e-16 
1.57955e-10 1.63741e-10 0.00958992 5.00883 4.76124e-13 -4.2893e-11 4.21152e-05 -1.33504e-16 
1.57955e-10 1.63741e-10 0.00958992 5.00883 4.76198e-13 -4.2893e-11 5.52256e-05 -1.33506e-16 
1.57955e-10 1.63741e-10 0.00958992 5.00883 4.76402e-13 -4.2893e-11 8.27205e-05 -1.33504e-16 
1.57955e-10 1.63741e-10 0.00958992 5.00883 4.77133e-13 -4.2893e-11 0.000167943 -1.33517e-16 
1.57955e-10 1.63741e-10 0.00958992 5.00883 4.81392e-13 -4.2893e-11 0.000626665 -1.33514e-16 
1.57955e-10 1.63741e-10 0.00958992 5.00883 5.02891e-13 -4.2893e-11 0.00432736 -1.33508e-16 
1.57955e-10 1.63741e-10 0.00958992 5.00883 4.95302e-13 -4.2893e-11 0.0151957 -1.33502e-16 
1.57955e-10 1.63741e-10 0.00958992 5.00883 4.84225e-13 -4.2893e-11 0.0268012 -1.3351e-16 
1.57955e-10 1.63741e-10 0.00958992 5.00883 4.73825e-13 -4.2893e-11 0.0384066 -1.33507e-16 
1.57955e-10 1.63741e-10 0.00958992 5.00883 4.63429e-13 -4.2893e-11 0.0500121 -1.33508e-16 
1.57955e-10 1.63741e-10 0.00958992 5.00883 4.53035e-13 -4.2893e-11 0.0616176 -1.33505e-16 
1.57955e-10 1.63741e-10 0.00958992 5.00883 4.42643e-13 -4.2893e-11 0.0732232 -1.33505e-16 
1.57955e-10 1.63741e-10 0.00958992 5.00883 4.32252e-13 -4.2893e-11 0.0848289 -1.33513e-16 
1.57955e-10 1.63741e-10 0.00958992 5.00883 4.21859e-13 -4.2893e-11 0.0964347 -1.33517e-16 
1.57955e-10 1.63741e-10 0.00958992 5.00883 4.11462e-13 -4.2893e-11 0.108041 -1.33513e-16 
1.57955e-10 1.63741e-10 0.00958992 5.00883 4.01061e-13 -4.2893e-11 0.119647 -1.33501e-16 
1.57955e-10 1.63741e-10 0.00958992 5.00883 3.90651e-13 -4.2893e-11 0.131255 -1.3349e-16 
1.57955e-10 1.63741e-10 0.00958992 5.00883 3.8023e-13 -4.2893e-11 0.142863 -1.33491e-16 
1.57955e-10 1.63741e-10 0.00958992 5.00883 3.69796e-13 -4.2893e-11 0.154471 -1.33503e-16 
1.57955e-10 1.63741e-10 0.00958992 5.00883 3.59347e-13 -4.2893e-11 0.166082 -1.33547e-16 
1.57955e-10 1.63741e-10 0.00958992 5.00883 3.48883e-13 -4.2893e-11 0.177693 -1.3351e-16 
1.57955e-10 1.63741e-10 0.00958992 5.00883 3.38403e-13 -4.2893e-11 0.189307 -1.335e-16 
1.57955e-10 1.63741e-10 0.00958992 5.00883 3.27909e-13 -4.2893e-11 0.200922 -1.33512e-16 
1.57955e-10 1.63741e-10 0.00958992 5.00883 3.17406e-13 -4.2893e-11 0.212539 -1.33517e-16 
1.57955e-10 1.63741e-10 0.00958992 5.00883 3.06897e-13 -4.2893e-11 0.224158 -1.33481e-16 
1.57955e-10 1.63741e-10 0.00958992 5.00883 2.96387e-13 -4.2893e-11 0.23578 -1.33486e-16 
1.57955e-10 1.63741e-10 0.00958992 5.00883 2.85876e-13 -4.2893e-11 0.247406 -1.33502e-16 
1.57955e-10 1.63741e-10 0.00958992 5.00883 2.75363e-13 -4.2893e-11 0.259035 -1.33504e-16 
1.57955e-10 1.63741e-10 0.00958992 5.00883 2.64826e-13 -4.2893e-11 0.27067 -1.33763e-16 
1.57955e-10 1.63741e-10 0.00958992 5.00883 2.54223e-13 -4.2893e-11 0.282313 -1.33484e-16 
1.57955e-10 1.63741e-10 0.00958992 5.00883 2.43477e-13 -4.2893e-11 0.293967 -1.32983e-16 
1.57955e-10 1.63741e-10 0.00958992 5.00883 2.32497e-13 -4.2893e-11 0.305637 -1.3353e-16 
1.57955e-10 1.63741e-10 0.00958992 5.00883 2.21213e-13 -4.2893e-11 0.317326 -1.35004e-16 
1.57955e-10 1.63741e-10 0.00958992 5.00883 2.09576e-13 -4.2893e-11 0.329038 -1.33497e-16 
1.57955e-10 1.63741e-10 0.00958992 5.00883 1.97151e-13 -4.2893e-11 0.34081 -1.33505e-16 
6.97739e-10 4.34551e-10 0.00958992 5.00883 4.41948e-12 1.71029e-10 0.352876 2.5638e-13 
1181.79 421.038 66.8726 5 -1.4 6.28 0.364486 -3.41741e-13 
4353.44 4067.74 222.38 5.00883 -7.26295e-14 8.50665e-14 0.369 0 
4353.44 4067.74 222.38 5.00883 -7.26295e-14 8.50665e-14 0.369 0 
4386.52 4160.48 220.548 5 -0.565489 -3.79481 1.15369 -0.0174302 
4419.92 4019.81 183.933 27.5994 -0.195045 -6.28 -0.176776 0.00158098 
4336.85 3726.35 167.877 27.4164 -0.194151 -6.28 -0.165163 0.00193935 
4252.7 3432.89 151.894 27.2334 -0.193258 -6.28 -0.153551 0.00221547 
4167.48 3139.44 135.983 27.0505 -0.192364 -6.28 -0.141939 0.00306051 
4081.2 2845.98 120.146 26.8675 -0.191471 -6.28 -0.130327 0.00135102 
3993.87 2552.52 104.381 26.6845 -0.19058 -6.28 -0.118714 0.00385151 
3905.5 2259.06 88.6898 26.5017 -0.189676 -6.28 -0.107102 0.00216973 
3816.09 1965.6 73.0718 26.3183 -0.188701 -6.28 -0.0954898 0.0099306 
3725.66 1672.14 57.5319 26.1313 -0.187965 -6.28 -0.0838776 0.0117929 
3634.24 1378.68 42.0557 25.9532 -0.189592 -6.28 -0.0722653 0.021801 
3541.79 1085.22 26.497 25.8912 -0.188157 -6.28 -0.0606531 0.0233164 
3447.73 791.757 11.0326 25.7553 -0.116311 -6.28 -0.0490408 0.11113 
3352.34 498.295 0.00100077 25.4239 -0.0221513 -6.28 -0.0374286 0.1933 
3257.11 204.831 0.00100055 25.2409 -0.021257 -5.00266 -0.0258163 0.000648332 
3162.84 -2.466 0.00100057 25.058 -0.0203618 -1.63222 -0.0142041 1.00275e-05 
3069.64 -2.44549 0.0010006 24.875 -0.0194683 -1.63137 -0.00259184 1.12366e-05 
2977.34 -2.37293 0.00100063 24.692 -0.0185748 -1.63137 0.00902041 -4.30023e-06 
2885.94 -2.30146 0.00100067 24.509 -0.0176813 -1.63132 0.0206327 1.3264e-05 
2795.44 -2.22758 0.00100071 24.3261 -0.0167878 -1.63135 0.0322449 3.43763e-06 
2705.84 -2.15605 1.14157 24.1431 -0.0158942 -1.63134 0.0438571 1.26749e-05 
2617.28 -2.08507 4.04295 23.9601 -0.0150006 -1.63135 0.0554694 3.1306e-06 
2529.98 -2.0154 7.01733 23.7772 -0.0141087 -1.63135 0.0670816 -1.44045e-05 
2443.95 -1.94648 10.0646 23.5943 -0.0132205 -1.63137 0.0786939 -2.05724e-05 
2359.19 -1.87934 13.1846 23.4116 -0.0122902 -1.63135 0.0903061 -1.98402e-05 
2275.72 -1.8118 16.3797 23.2271 -0.0111945 -1.63138 0.101918 0.000365646 
2193.55 -1.7468 19.6605 23.0337 -0.0110145 -1.63137 0.113531 0.000182668 
2112.74 -1.68179 22.9714 22.8779 -0.0168386 -1.63138 0.125143 0.000196558 
2033.11 -1.61839 25.9394 23.0256 -0.00634468 -1.63138 0.136755 -1.00725e-05 
1953.1 -1.55433 29.5384 22.5914 0.196122 -1.63139 0.148367 0.000462047 
1875.43 -1.49247 45.634 12.8248 0.237608 -1.63141 0.15998 0.000422436 
1847.83 -1.47067 65.2444 5 0.121639 -1.63138 0.432072 -4.7055e-05 
1861.36 -1.47917 78.4929 5 0.12164 -1.50817 0.432072 -2.74783e-05 
1884.12 -1.49898 91.7414 5 0.12164 -1.50811 0.432072 9.44621e-06 
1908.51 -1.51828 104.99 5 0.12164 -1.50811 0.432072 1.28402e-05 
1934.54 -1.53843 118.238 5 0.12164 -1.50814 0.432072 -4.80025e-06 
1962.2 -1.5607 131.487 5 0.12164 -1.50815 0.432072 -1.55007e-06 
1991.49 -1.58332 144.735 5 0.12164 -1.50817 0.432072 -2.543e-06 
2022.42 -1.60771 157.984 5 0.12164 -1.50838 0.432072 -0.000126655 
2054.97 -1.64478 171.232 5 0.121639 -2.2256 0.432072 -0.00435422 
2089.13 -45.7986 184.481 5 0.12164 -0.703918 0.432073 0.172265 
2124.99 3.64694 197.729 5 0.121642 3.68257 0.432072 0.093293 
2162.7 330.506 210.978 5 0.121644 6.28 0.432072 0.00514064 
2202.17 817.136 224.227 5 0.121644 6.28 0.432072 1.50084e-05 
2243.28 1303.76 237.475 5 0.121636 6.28 0.43221 -3.29095e-05 
2286.01 1790.39 250.724 5 0.122902 6.28 0.410381 -1.88209e-05 
2330.38 2277.02 264.05 5 -0.0764761 6.28 0.403601 -8.61438e-06 
2376.64 2763.65 265.112 6.75153 -0.763575 6.28 0.387306 -0.0223917 
2415.24 3250.29 216.14 39.9999 -0.09 2.42468 0.369 0 
2415.24 3250.29 216.14 39.9999 -0.09 2.42468 0.369 0 
2389.21 3299.09 212.819 36.5275 1.34038 0.552374 -0.188388 -1.02811 
2366.25 3324.14 227.705 19.8558 1.27671 -2.03114 0.125659 -1.00507 
2360.59 3316.43 242.122 5 -0.193811 -4.6086 1.12108 -0.42097 
2370.74 3276.02 238.196 5 -0.192866 -6.27957 1.10478 0.000382942 
2380.77 3214.43 234.281 5 -0.19192 -6.27917 1.08847 0.00035417 
2390.7 3152.84 230.379 5 -0.190974 -6.27956 1.07216 0.000354432 
2400.53 3091.24 226.489 5 -0.190028 -6.27985 1.05586 0.00033353 
2410.26 3029.64 222.611 5 -0.189082 -6.27991 1.03955 0.000334321 
2419.89 2968.04 218.745 5 -0.188136 -6.27994 1.02324 0.00033076 
2429.43 2906.44 214.891 5 -0.18719 -6.27995 1.00694 0.000362064 
2438.87 2844.84 211.048 5 -0.186244 -6.27996 0.990633 0.00035011 
2448.21 2783.24 207.218 5 -0.185298 -6.27996 0.974327 0.000276211 
2457.45 2721.64 203.4 5 -0.184352 -6.27996 0.95802 0.000256752 
2466.59 2660.04 199.594 5 -0.183406 -6.27997 0.941714 0.000344338 
2475.64 2598.44 195.799 5 -0.18246 -6.27997 0.925408 0.000307949 
2484.59 2536.84 192.017 5 -0.181513 -6.27997 0.909102 0.000230714 
2493.44 2475.24 188.247 5 -0.180567 -6.27997 0.892796 0.000224514 
2502.2 2413.64 184.489 5 -0.179621 -6.27997 0.87649 0.000213673 
2510.87 2352.04 180.742 5 -0.178675 -6.27997 0.860184 0.00019894 
2519.43 2290.44 177.008 5 -0.177729 -6.27997 0.843878 0.00018083 
2527.9 2228.84 173.286 5 -0.176783 -6.27997 0.827571 0.000181485 
2536.28 2167.24 169.576 5 -0.175837 -6.27997 0.811265 0.000202638 
2544.57 2105.64 165.877 5 -0.174891 -6.27997 0.794959 0.000169161 
2552.75 2044.04 162.191 5 -0.173945 -6.27997 0.778653 0.000205329 
2560.85 1982.44 158.517 5 -0.172999 -6.27997 0.762347 0.000209437 
2568.85 1920.84 154.855 5 -0.172053 -6.27997 0.746041 0.000168767 
2576.76 1859.24 151.204 5 -0.171107 -6.27997 0.729735 0.000122024 
2584.57 1797.64 147.566 5 -0.170161 -6.27997 0.713429 0.000108789 
2592.3 1736.04 143.94 5 -0.169215 -6.27996 0.697122 0.000155347 
2599.92 1674.44 140.325 5 -0.168269 -6.27996 0.680816 0.000994431 
2607.46 1612.84 136.723 5 -0.167323 -6.27995 0.66451 0.000446147 
2614.91 1551.24 133.133 5 -0.166377 -6.27995 0.648204 0.0209744 
2622.26 1489.64 129.555 5 -0.16543 -5.2304 0.631898 0.343433 
2629.54 1441.35 125.988 5 -0.164483 -3.11728 0.615592 0.322062 
2636.74 1419.85 122.434 5 -0.163536 -1.01805 0.599286 0.30066 
2643.88 1424.97 118.892 5 -0.162589 1.06726 0.58298 0.279243 
2650.94 1456.53 115.361 5 -0.161642 3.13862 0.566673 0.257791 
2657.94 1514.35 111.843 5 -0.160695 5.19596 0.550367 0.0404347 
2664.87 1598.26 108.337 5 -0.159748 6.27993 0.534061 -0.000294786 
2671.72 1695.91 104.843 5 -0.158802 6.27993 0.517755 -2.81141e-05 
2678.48 1793.56 101.36 5 -0.157856 6.27993 0.501449 -2.28967e-05 
2685.15 1891.21 97.89 5 -0.389034 6.27993 0.485143 -1.77361e-05 
2691.79 1988.87 91.4886 7.2392 -1.4 6.27993 0.468837 -1.32209e-05 
2696.26 2086.52 72.2231 19.0549 -0.73797 6.27992 0.452531 -9.22095e-06 
2688.06 2184.18 61.1117 23.517 -0.607768 6.27991 0.436224 -5.95191e-06 
2675.01 2281.85 51.5605 26.3637 -1.02219 6.27988 0.419918 -3.39294e-06 
2658.93 2379.52 36.6968 32.982 -1.11937 6.27986 0.403612 -1.53286e-06 
2635.77 2477.19 20.4664 40 -0.45102 6.27984 0.387306 -0.000172427 
2604.9 2574.87 12.5677 40 1.20382 5.17144 0.369 0 
1509.39 1408.85 1879.51 20.367 0.538602 0 0.135901 0 
1509.39 1408.85 1879.51 20.367 0.538602 1.25662e-07 0.135901 2.35341e-05 
1509.4 1408.85 1879.51 20.3681 0.537897 0.0260215 0.135888 -4.16293e-05 
2553.83 1427.87 1852.48 20.3442 0.537935 0.0348974 0.136183 2.437e-05 
2403.08 1398.93 1798.87 20.6119 0.532607 0.113765 0.132873 -0.000483411 
2341.32 2025.5 1846.69 20.4666 0.536162 0.0463262 0.13467 -0.000196637 
2316.93 2280.35 1866.07 20.408 0.5376 0.0189803 0.135394 -8.0876e-05 
2307.27 2385.16 1874.13 20.3833 0.538203 0.00759243 0.1357 -3.20982e-05 
2303.21 2426.76 1877.26 20.3732 0.538442 0.00318181 0.135824 -1.23953e-05 
2301.57 2442.83 1878.14 20.3713 0.538498 0.00193774 0.135848 -8.505e-06 
2300.89 2453.84 1879.06 20.3681 0.538572 0.000630285 0.135887 -2.25254e-06 
2300.6 2456.76 1879.16 20.3678 0.538579 0.000497869 0.135891 -1.69477e-06 
2300.44 2458.96 1879.2 20.3676 0.538583 0.000441673 0.135894 -1.24071e-06 
2300.43 2460.55 1879.13 20.3697 0.538555 0.000543143 0.135868 -4.93035e-06 
2300.14 2466.94 1880.4 20.3634 0.53868 -0.00127992 0.135946 7.01511e-06 
2300.01 2457.87 1879.24 20.3665 0.538598 0.000382737 0.135907 7.24223e-07 
2300.14 2456.93 1878.46 20.3707 0.538518 0.00149839 0.135856 -7.16143e-06 
2300.27 2466.19 1879.4 20.3673 0.538594 0.00014735 0.135897 -6.57691e-07 
2300.15 2467.05 1879.48 20.3667 0.538604 4.44938e-05 0.135904 4.37884e-07 
2300.39 2466.48 1879.25 20.3675 0.538586 0.000372494 0.135895 -1.09728e-06 
2300.42 2467.9 1879.21 20.3676 0.538583 0.000425159 0.135893 -1.31123e-06 
2300.35 2469.6 1879.19 20.3676 0.538582 0.000454521 0.135893 -1.35177e-06 
2300.39 2471.34 1879.15 20.3677 0.538579 0.000512426 0.135892 -1.53601e-06 
2300.38 2473.33 1879.11 20.3678 0.538577 0.000571578 0.135891 -1.73715e-06 
2300.39 2475.58 1879.07 20.3679 0.538575 0.000623306 0.13589 -1.80256e-06 
2300.36 2477.91 1879 20.368 0.53857 0.000733082 0.135888 -2.16504e-06 
2300.37 2480.71 1878.93 20.3682 0.538566 0.000835585 0.135887 -2.45895e-06 
2300.36 2483.89 1878.84 20.3683 0.53856 0.00095773 0.135885 -2.80494e-06 
2300.35 2487.52 1878.74 20.3685 0.538554 0.00110546 0.135882 -3.21082e-06 
2300.35 2491.68 1878.61 20.3687 0.538546 0.0012909 0.13588 -3.67873e-06 
2300.34 2496.44 1878.43 20.3691 0.538535 0.00154793 0.135875 -4.48823e-06 
2300.33 2502.24 1878.24 20.3694 0.538524 0.00181185 0.135871 -5.13938e-06 
2300.3 2508.89 1877.98 20.3699 0.538509 0.00218599 0.135865 -6.14928e-06 
2300.27 2516.85 1877.64 20.3705 0.538489 0.00266618 0.135858 -7.41421e-06 
2300.24 2526.44 1877.2 20.3713 0.538462 0.00330061 0.135848 -9.06292e-06 
2300.19 2538.17 1876.61 20.3723 0.538428 0.00415137 0.135836 -1.12498e-05 
2300.13 2552.72 1875.8 20.3736 0.53838 0.00530599 0.135819 -1.41939e-05 
2300.04 2571.09 1874.69 20.3755 0.538315 0.00688658 0.135796 -1.82461e-05 
2299.92 2594.7 1873.19 20.3781 0.538226 0.0090382 0.135763 -2.39244e-05 
2299.76 2625.65 1871.2 20.3819 0.538104 0.0118762 0.135717 -3.19655e-05 
2299.59 2667.01 1868.8 20.3875 0.537945 0.0153093 0.135647 -4.343e-05 
2299.41 2723.21 1866.58 20.3952 0.537767 0.0184828 0.135553 -5.83929e-05 
2299.46 2798.78 1866.27 20.4039 0.53765 0.0189492 0.135446 -7.37676e-05 
2300.01 2894.25 1871.45 20.4065 0.537816 0.0115583 0.135413 -7.46711e-05 
2301.44 2990.88 1886.39 20.3835 0.538667 -0.00979603 0.135697 -2.40144e-05 
2303.4 3021.89 1908.44 20.3027 0.540493 -0.0413759 0.136695 0.000132744 
2303.18 2849.81 1908.62 20.1398 0.542487 -0.0419047 0.138709 0.000417305 
2291.72 2308.75 1796.93 19.9338 0.54075 0.116841 0.141252 0.000753893 
2242.08 1403.48 1373.01 19.8893 0.52341 0.782978 0.141741 -0.00167074 
4599.62 826.434 200.625 22.6092 7.2196e-06 0.119321 0.134901 0 
4599.62 826.434 200.625 22.6092 7.2196e-06 0.119321 0.134901 0 
4571.91 882.73 199.405 20.827 0.634901 1.44234 -0.188388 -0.991523 
4548.39 982.045 218.924 5 -0.873792 -1.6125 1.13739 -0.960897 
4568.29 981.987 190.206 25.264 -0.145335 -4.59979 -0.165163 -0.536078 
4532.96 884.827 184.121 25.081 -0.144442 -6.17958 -0.153551 0.00632262 
4497.67 736.295 178.075 24.898 -0.143548 -6.17653 -0.141939 0.0047045 
4462.46 587.861 172.067 24.7151 -0.142655 -6.16881 -0.130326 0.00361011 
4427.34 439.678 166.098 24.5321 -0.141761 -6.16405 -0.118714 0.00385635 
4392.3 291.649 160.167 24.3491 -0.140868 -6.15832 -0.107102 0.00420287 
4357.35 143.807 154.275 24.1662 -0.139974 -6.15128 -0.0954898 0.00441441 
4322.5 -3.80766 148.422 23.9832 -0.139081 -6.14328 -0.0838775 0.00461391 
4287.74 -151.162 142.607 23.8002 -0.138187 -6.13432 -0.0722653 0.00487299 
4253.08 -298.226 136.831 23.6172 -0.137294 -6.12414 -0.060653 0.00520438 
4218.52 -444.959 131.093 23.4343 -0.1364 -6.11242 -0.0490408 0.00562001 
4184.06 -591.31 125.394 23.2513 -0.135507 -6.09876 -0.0374285 0.00615141 
4149.71 -737.219 119.734 23.0683 -0.134613 -6.08264 -0.0258163 0.00685435 
4115.46 -882.603 114.112 22.8854 -0.13372 -6.06325 -0.014204 0.00778436 
4081.33 -1027.36 108.529 22.7024 -0.132826 -6.0395 -0.00259179 0.00888766 
4047.3 -1171.34 102.984 22.5194 -0.131933 -6.01038 0.00902045 0.0103465 
4013.4 -1314.38 97.478 22.3364 -0.131039 -5.97396 0.0206327 0.0124785 
3979.61 -1456.23 92.0106 22.1535 -0.130146 -5.92876 0.0322449 0.0121164 
3945.94 -1596.61 86.5817 21.9705 -0.129252 -5.88868 0.0438572 0.0604483 
3912.4 -1735.69 81.1914 21.7875 -0.128358 -5.61309 0.0554694 0.202226 
3878.99 -1865.81 75.8397 21.6046 -0.127462 -4.68962 0.0670817 0.303914 
3845.73 -1965.89 70.5267 21.4215 -0.126567 -3.30762 0.0786939 0.342592 
3812.63 -2021.04 65.2523 21.2385 -0.125692 -1.72839 0.0903062 0.346172 
3779.71 -2024.83 60.016 21.056 -0.124836 -0.0910883 0.101918 0.329465 
3746.97 -1975.38 54.817 20.8743 -0.123846 1.52465 0.113531 0.295743 
3714.4 -1873.39 49.6596 20.6899 -0.122461 3.04956 0.125143 0.240756 
3682.02 -1721.81 44.5569 20.4937 -0.121514 4.3884 0.136755 0.157125 
3649.84 -1526.7 39.4953 20.2991 -0.124642 5.38382 0.148367 0.0588662 
3617.88 -1299.21 34.342 20.2064 -0.131224 5.85582 0.15998 0.00899426 
3585.83 -1056.37 28.9796 20.2795 -0.109708 5.92474 0.171592 0.00594961 
3553.24 -811.297 24.3131 19.7883 -0.0100843 5.95859 0.183204 0.00334576 
3521.55 -565.121 25.5974 19.6054 -0.00919005 6.0006 0.194816 0.00169559 
3490.43 -317.578 26.9204 19.4224 -0.00829675 6.03148 0.206429 0.00118794 
3459.86 -69.0324 28.2819 19.2394 -0.00740366 6.05623 0.218041 0.000753911 
3429.87 180.318 29.6821 19.0565 -0.0065074 6.07693 0.229653 0.000415933 
3400.44 430.341 31.121 18.8735 -0.0056047 6.09408 0.241265 0.000211381 
3371.58 680.922 32.5987 18.6902 -0.00471772 6.10847 0.252878 9.08459e-05 
3343.3 931.97 34.1149 18.5072 -0.00391237 6.12076 0.26449 1.89904e-05 
3315.59 1183.42 35.6668 18.3264 -0.00311815 6.1314 0.276102 -2.13852e-05 
3288.46 1435.21 37.2539 18.1476 -0.00165951 6.14072 0.287714 -4.02476e-05 
3261.89 1687.31 38.8978 17.9539 0.00105489 6.14893 0.299327 -4.4723e-05 
3235.93 1939.67 40.64 17.7174 0.000399038 6.15624 0.310939 -4.02462e-05 
3210.7 2192.27 42.3733 17.5306 -0.0166764 6.16278 0.322551 -3.09589e-05 
3186.09 2445.08 43.561 17.7892 -0.0342411 6.16866 0.334163 -2.06041e-05 
3160.89 2698.08 44.1641 18.4109 0.0849256 6.17385 0.345776 -3.39211e-05 
3134.03 2951.26 48.6099 15.9359 0.447436 6.16615 0.357388 -0.000507266 
3113.67 3204.18 64.9731 5 0.0899997 5.4609 0.369 0 
3113.67 3204.18 64.9731 5 0.0899997 5.4609 0.369 0 
3147.52 3647.27 68.7785 6.63627 -0.538201 1.6728 1.15369 -0.998531 
3174.24 3853.68 33.1684 27.6714 -0.194796 -5.48045 -0.176776 0.053321 
3090.41 3613.22 16.9085 27.4863 -0.109384 -5.08467 -0.165163 0.0743945 
3005.38 3397.49 6.00391 27.1827 -0.0314229 -4.51411 -0.153551 0.125143 
2920.44 3217.41 0.00102043 26.9998 -0.0305277 -3.52467 -0.141939 0.039191 
2835.71 3099.15 0.00101461 26.8168 -0.029634 -3.20842 -0.130327 0.00800397 
2751.91 3000.65 0.00101461 26.6338 -0.0287405 -3.14512 -0.118714 0.00294003 
2669.03 2906.1 0.00101461 26.4509 -0.027847 -3.12361 -0.107102 0.0016998 
2587.06 2812.9 0.00101461 26.2679 -0.0269535 -3.11234 -0.0954898 0.00107073 
2506.01 2720.4 0.00101461 26.0849 -0.02606 -3.10636 -0.0838775 0.000744916 
2425.88 2628.27 0.00101461 25.9019 -0.0251665 -3.10314 -0.0722653 0.000545307 
2346.66 2536.34 0.00101461 25.719 -0.024273 -3.10163 -0.060653 0.000389903 
2268.36 2444.51 0.00101461 25.536 -0.0233795 -3.1015 -0.0490408 0.000253964 
2190.97 2352.68 0.00101461 25.353 -0.022486 -3.10266 -0.0374286 0.000130532 
2114.49 2260.78 0.00101461 25.1701 -0.0215925 -3.10507 -0.0258163 1.74343e-05 
2038.93 2168.73 0.00101461 24.9871 -0.020699 -3.10871 -0.0142041 -8.60102e-05 
1964.29 2076.45 0.00101461 24.8041 -0.0198055 -3.11359 -0.00259182 -0.000179992 
1890.56 1983.87 0.00101461 24.6211 -0.018912 -3.11969 0.00902042 -0.000264564 
1817.74 1890.9 0.00101461 24.4382 -0.0180185 -3.12701 0.0206327 -0.000339757 
1745.84 1797.48 0.00101461 24.2552 -0.017125 -3.13555 0.0322449 -0.000405623 
1674.86 1703.52 0.00101461 24.0722 -0.0162315 -3.14529 0.0438572 -0.000462249 
1604.78 1608.95 0.00101461 23.8893 -0.015338 -3.15624 0.0554694 -0.000509754 
1535.63 1513.7 0.00101461 23.7063 -0.0144445 -3.16839 0.0670816 -0.000548294 
1467.38 1417.69 0.00101461 23.5233 -0.013551 -3.18172 0.0786939 -0.000578038 
1400.05 1320.84 0.00101461 23.3403 -0.0126575 -3.19624 0.0903061 -0.000599134 
1333.64 1223.09 0.00101461 23.1574 -0.0117641 -3.21192 0.101918 -0.000611603 
1268.14 1124.35 0.00101461 22.9744 -0.0108706 -3.22874 0.113531 -0.000615094 
1203.55 1024.57 0.00101461 22.7914 -0.00997707 -3.24666 0.125143 -0.000608301 
1139.88 923.661 0.00101461 22.6085 -0.00908358 -3.2656 0.136755 -0.000587553 
1077.12 821.57 0.00101461 22.4255 -0.0081901 -3.28533 0.148367 -0.000543504 
1015.28 718.245 0.00101461 22.2425 -0.00729661 -3.3053 0.15998 -0.000453319 
954.349 613.673 0.00101461 22.0595 -0.00640312 -3.32402 0.171592 -0.000262472 
894.333 507.929 0.00101461 21.8766 -0.00550963 -3.33763 0.183204 0.000156957 
835.231 401.335 0.00101461 21.6936 -0.00461613 -3.33591 0.194816 0.00109803 
777.044 294.847 0.00101461 21.5106 -0.00372261 -3.29191 0.206429 0.00319939 
719.774 191.109 0.00101461 21.3277 -0.00282904 -3.13612 0.218041 0.00768291 
663.427 97.1029 0.00101461 21.1447 -0.00193532 -2.70251 0.229653 0.0161342 
608.017 30.1895 0.00101461 20.9617 -0.0010413 -1.69108 0.241265 0.0287017 
553.572 26.4725 0.00101461 20.7787 -0.000146795 0.123918 0.252878 0.0432022 
500.132 136.161 0.00101461 20.5958 0.000748204 2.68143 0.26449 0.0582134 
447.734 405.648 3.60284 20.4128 0.00164191 5.81016 0.276102 0.00780617 
396.858 870.627 7.97741 20.2299 0.00253043 6.04845 0.287714 0.00045551 
347.456 1350.49 12.4258 20.0472 0.0034786 6.12745 0.299327 7.10327e-05 
299.528 1835.3 16.9518 19.8619 0.00460395 6.16628 0.310939 9.93671e-06 
253.095 2322.52 21.5666 19.6664 0.00428322 6.18932 0.322551 -7.27955e-06 
208.22 2811.19 26.181 19.5338 -0.00331772 6.20462 0.334163 -8.62737e-06 
164.597 3300.81 30.3337 19.7845 0.0195048 6.21551 0.345776 -5.73247e-06 
120.211 3791.12 35.8873 18.8161 0.297394 6.22239 0.357388 -0.00033667 
81.0212 4281.85 58.9012 5 0.0899998 4.21158 0.369 0 
81.0212 4281.85 58.9012 5 0.0899998 4.21158 0.369 0 
85.6342 4323.49 60.038 5 -0.172592 3.96871 1.051 -1.00645 
90.3005 4363.37 59.272 6.22943 0.305127 3.32317 0.32358 -0.983711 
94.1688 4398.57 61.9533 5 0.0759274 2.68708 0.611536 -0.960815 
98.8194 4429.16 62.988 5 0.0759271 2.06057 0.611536 -0.93773 
103.481 4455.22 64.0228 5 0.0759268 1.44379 0.611536 -0.914418 
108.155 4476.8 65.0576 5 0.0759265 0.836911 0.611536 -0.890825 
112.84 4493.99 66.0924 5 0.0759262 0.240176 0.611536 -0.866883 
117.536 4506.85 67.1272 5 0.0759258 -0.346142 0.611536 -0.842501 
122.245 4515.47 68.162 5 0.0759255 -0.921688 0.611536 -0.817555 
126.965 4519.91 69.1967 5 0.0759252 -1.48601 0.611536 -0.791868 
131.696 4520.27 70.2315 5 0.0759249 -2.03851 0.611536 -0.765186 
136.44 4516.62 71.2663 5 0.0759247 -2.57841 0.611536 -0.737123 
141.195 4509.06 72.301 5 0.0759244 -3.10459 0.611536 -0.707075 
145.963 4497.69 73.3358 5 0.0759241 -3.61547 0.611537 -0.674038 
150.742 4482.62 74.3706 5 0.0759238 -4.10868 0.611537 -0.636235 
155.534 4463.97 75.4053 5 0.0759236 -4.58041 0.611537 -0.590261 
160.338 4441.91 76.4401 5 0.0759233 -5.02416 0.611537 -0.528994 
165.154 4416.63 77.4748 5 0.0759231 -5.42777 0.611537 -0.436624 
169.983 4388.42 78.5096 5 0.0759229 -5.76645 0.611537 -0.286621 
174.825 4357.76 79.5444 5 0.0759228 -5.99371 0.611537 -0.113578 
179.681 4325.46 80.5791 5 0.0759228 -6.0873 0.611537 -0.0294279 
184.552 4292.47 81.6139 5 0.0759227 -6.11341 0.611537 -0.00602607 
189.437 4259.3 82.6486 5 0.0759227 -6.12001 0.611537 -0.000430891 
194.337 4226.08 83.6834 5 0.0759227 -6.12172 0.611537 0.000852205 
199.252 4192.85 84.7181 5 0.0759227 -6.12223 0.611537 0.00111601 
204.183 4159.61 85.7529 5 0.0759227 -6.12243 0.611537 0.0011346 
209.128 4126.37 86.7876 5 0.0759227 -6.12256 0.611537 0.00109245 
214.088 4093.13 87.8224 5 0.0759227 -6.12266 0.611537 0.00103576 
219.063 4059.9 88.8571 5 0.0759225 -6.12275 0.61154 0.000979509 
224.054 4026.65 89.8919 5 0.0759252 -6.12284 0.611494 0.000936917 
229.059 3993.41 90.9267 5 0.0758778 -6.12288 0.612312 0.000937101 
234.079 3960.17 91.9611 5 0.0767158 -6.12283 0.597866 0.00105726 
239.115 3926.93 93.0016 5 0.0619136 -6.12246 0.625831 0.00149932 
244.167 3893.69 93.9348 5.07266 0.0775011 -6.12116 0.615591 0.000887694 
249.189 3860.46 94.9802 5.05923 0.0868662 -6.12076 0.599285 -7.69987e-05 
254.232 3827.24 96.0935 5.00003 0.0775841 -6.12225 0.582979 -0.00118617 
259.327 3794 97.1403 5 0.0466711 -6.12646 0.566673 0.000714452 
264.442 3760.74 97.9631 5.17559 -0.00162722 -6.12579 0.548382 0.00105532 
269.474 3727.47 98.4339 5.615 -0.0572651 -6.12368 0.53177 0.000839051 
274.266 3694.23 98.4965 6.34567 -0.100239 -6.12178 0.517754 0.000491048 
278.64 3660.99 98.2392 7.28323 -0.107855 -6.12081 0.501449 0.000211476 
282.468 3627.77 97.9159 8.22372 -0.0686965 -6.12091 0.485143 6.82113e-05 
285.739 3594.54 97.8653 8.90915 0.0170365 -6.12172 0.468837 5.02738e-05 
288.599 3561.31 98.428 9.09483 0.131439 -6.12254 0.45253 0.000120645 
291.343 3528.08 99.8174 8.6463 0.239962 -6.12217 0.436224 0.000251829 
294.352 3494.84 101.998 7.62593 0.299124 -6.11804 0.419918 0.000416328 
297.976 3461.64 104.62 6.33282 0.270094 -6.10363 0.403612 0.00051032 
302.393 3428.53 107.046 5.266 0.134907 -6.06344 0.387306 0.000320973 
307.485 3395.72 108.505 5 -0.0899997 -5.97522 0.369 0 
307.485 3395.72 108.505 5 -0.0899997 -5.97522 0.369 0 
337.143 3193.8 108.524 6.9725 -0.655082 -6.26874 1.15369 1.01524 
360.155 2978.6 82.84 26.2433 0.587939 -1.12913 -0.176776 0.987577 
310.054 2995.94 111.984 5 0.115988 3.93483 0.454269 0.423736 
340.199 3242.28 121.321 5 0.115989 6.19782 0.454269 -0.00209271 
371.271 3590.98 130.657 5 0.115989 6.19508 0.454269 -0.00426075 
403.189 3939.55 139.994 5 0.115989 6.18512 0.454269 -0.00453431 
435.953 4287.68 149.331 5 0.115989 6.17287 0.454269 -0.00502061 
469.562 4635.24 158.667 5 0.115989 6.1567 0.454269 -0.00605591 
504.018 4982.08 168.004 5 0.115989 6.13389 0.454269 -0.00728747 
539.318 5327.89 177.34 5 0.115989 6.10314 0.454269 -0.00877189 
575.464 5672.3 186.677 5 0.115989 6.06389 0.454269 -0.011684 
612.454 6014.94 196.014 5 0.115989 6.12547 0.454269 -0.0722001 
650.293 6360.37 205.35 5 0.115989 5.58886 0.454269 -0.423332 
688.959 6681.52 214.687 5 0.115988 2.88913 0.454269 -0.530077 
728.373 6880.56 224.023 5 0.115986 -0.463198 0.454269 -0.501591 
768.513 6927.96 233.36 5 0.115984 -3.72106 0.454269 -0.318026 
809.382 6828 242.696 5 0.115983 -5.9809 0.454269 -0.00185364 
851.015 6625.82 252.032 5 0.115983 -6.07486 0.454269 -0.00360802 
893.492 6419.39 261.369 5 0.115983 -6.07735 0.454269 -0.00305598 
936.814 6212.85 270.705 5 0.115983 -6.11425 0.45427 -0.00196881 
980.981 6004.64 280.041 5 0.115983 -6.14189 0.45427 -0.0011365 
1025.99 5795.17 289.378 5 0.115983 -6.16184 0.45427 -0.000578658 
1071.85 5584.81 298.714 5 0.115983 -6.17651 0.45427 -0.000249291 
1118.55 5373.78 308.05 5 0.115983 -6.18781 0.45427 -4.7893e-05 
1166.1 5162.24 317.387 5 0.115983 -6.19683 0.45427 7.98262e-05 
1214.5 4950.3 326.723 5 0.115983 -6.20422 0.454271 0.000161396 
1263.74 4738.02 336.059 5 0.115983 -6.2104 0.454271 0.000212237 
1313.83 4525.46 345.396 5 0.115979 -6.21564 0.454327 0.000241786 
1364.76 4312.66 354.732 5 0.116346 -6.22016 0.447996 0.000256205 
1416.54 4099.66 364.085 5 0.0739 -6.22407 0.556893 0.000260881 
1469.2 3886.48 371.517 5 -0.0498255 -6.22749 0.664502 0.000254497 
1522.65 3673.14 368.067 5 -0.0488799 -6.23053 0.6482 0.000244345 
1575.79 3459.67 364.66 5 -0.0479341 -6.23324 0.631895 0.00023007 
1628.61 3246.08 361.296 5 -0.0469881 -6.23567 0.61559 0.00021292 
1681.13 3032.37 357.974 5 -0.0460421 -6.23786 0.599284 0.000193877 
1733.35 2818.57 354.695 5 -0.0450961 -6.23985 0.582978 0.000173728 
1785.27 2604.68 351.459 5 -0.0441501 -6.24166 0.566672 0.000153112 
1836.9 2390.7 348.266 5 -0.0432041 -6.24331 0.550366 0.000132557 
1888.23 2176.65 345.116 5 -0.0422581 -6.24483 0.53406 0.000112505 
1939.28 1962.54 342.008 5 -0.041312 -6.24622 0.517754 9.3329e-05 
1990.05 1748.36 338.943 5 -0.040366 -6.24751 0.501448 7.53519e-05 
2040.54 1534.12 335.921 5 -0.03942 -6.24871 0.485142 5.88881e-05 
2090.75 1319.82 332.942 5 -0.039088 -6.24981 0.468836 5.45806e-05 
2140.69 1105.48 329.978 5.02113 -0.0454917 -6.24906 0.452531 2.43606e-05 
2190.3 891.17 326.722 5.28896 -0.0395666 -6.25166 0.436224 1.96041e-05 
2238.63 676.744 323.715 5.3065 -0.0293547 -6.25281 0.419918 9.71254e-06 
2286.62 462.266 321.169 5 -0.122335 -6.25491 0.403612 7.12991e-06 
2335.57 247.693 314.439 8.01616 -0.988981 -6.25272 0.387306 0.000371378 
2373.76 33.2255 268.29 40 -0.0899997 -4.81531 0.369 0 
2373.76 33.2255 268.29 40 -0.0899997 -4.81531 0.369 0 
2344.32 -15.618 268.905 35.9358 1.4 -2.58253 -0.14052 1.00112 
2319.18 -32.3932 291.015 16.2921 1.21861 0.4435 -0.176774 0.959369 
2317.36 -5.72071 310.973 5 0.281357 3.42153 -0.165162 0.832999 
2329.43 63.7176 317.728 5 0.280685 6.21003 -0.153549 0.00133012 
2341.72 173.21 324.473 5 0.280011 6.22573 -0.141937 -0.000724013 
2354.2 282.927 331.208 5 0.279337 6.22442 -0.130324 -0.000693015 
2366.88 392.626 337.934 5 0.278664 6.22313 -0.118712 -0.000670851 
2379.75 502.307 344.65 5 0.27799 6.22178 -0.107099 -0.000649248 
2392.81 611.968 351.356 5 0.277316 6.22036 -0.0954868 -0.000627988 
2406.07 721.609 358.053 5 0.276642 6.21888 -0.083874 -0.00060708 
2419.52 831.228 364.74 5 0.275969 6.21731 -0.0722611 -0.000586535 
2433.16 940.825 371.417 5 0.275295 6.21567 -0.0606479 -0.000566363 
2447 1050.4 378.084 5 0.274621 6.21393 -0.0490341 -0.000546577 
2461.02 1159.95 384.742 5 0.273947 6.2121 -0.0374189 -0.000527186 
2475.24 1269.47 391.391 5 0.273272 6.21016 -0.0257993 -0.000508203 
2489.65 1378.96 398.029 5 0.272592 6.20811 -0.0141312 -0.00048964 
2504.25 1488.43 404.658 5 -0.192492 6.20593 0.892764 -0.000472244 
2519.18 1597.86 402.298 5 -0.191548 6.20362 0.876477 -0.000454509 
2534.04 1707.26 397.752 5 -0.190603 6.20116 0.860175 -0.000437228 
2548.76 1816.63 393.22 5 -0.189657 6.19853 0.843872 -0.000420414 
2563.36 1925.95 388.701 5 -0.188711 6.19571 0.827567 -0.000404081 
2577.83 2035.24 384.196 5 -0.187765 6.19269 0.811261 -0.000388241 
2592.16 2144.48 379.705 5 -0.186819 6.18945 0.794956 -0.000372908 
2606.37 2253.68 375.227 5 -0.185873 6.18595 0.77865 -0.000358096 
2620.45 2362.82 370.763 5 -0.184927 6.18217 0.762344 -0.000343821 
2634.39 2471.92 366.312 5 -0.183981 6.17806 0.746039 -0.000330102 
2648.21 2580.95 361.875 5 -0.183035 6.17359 0.729733 -0.000316956 
2661.9 2689.92 357.452 5 -0.182089 6.16869 0.713427 -0.000304408 
2675.47 2798.82 353.042 5 -0.181143 6.16332 0.697121 -0.000292485 
2688.91 2907.64 348.646 5 -0.180197 6.15738 0.680815 -0.000281221 
2702.22 3016.37 344.263 5 -0.179251 6.15079 0.664509 -0.000270658 
2715.4 3125.01 339.894 5 -0.178305 6.14342 0.648203 -0.000260854 
2728.46 3233.55 335.539 5 -0.177359 6.13512 0.631897 -0.000251885 
2741.39 3341.97 331.197 5 -0.176413 6.12571 0.615591 -0.00024386 
2754.19 3450.25 326.869 5 -0.175467 6.11491 0.599285 -0.000236936 
2766.88 3558.37 322.554 5 -0.174521 6.10239 0.582978 -0.000231356 
2779.43 3666.32 318.253 5 -0.173575 6.08765 0.566672 -0.000227509 
2791.87 3774.05 313.965 5 -0.172629 6.07 0.550366 -0.000226065 
2804.17 3881.53 309.691 5 -0.171683 6.04836 0.53406 -0.000228296 
2816.36 3988.7 305.431 5 -0.170737 6.021 0.517754 -0.000237089 
2828.42 4095.48 301.184 5 -0.169791 5.98476 0.501448 -0.000260972 
2840.36 4201.74 296.951 5 -0.168845 5.93267 0.485142 -0.000329287 
2852.18 4307.24 292.731 5 -0.167899 5.84423 0.468836 -0.000518856 
2863.87 4411.48 288.525 5 -0.166953 5.65026 0.45253 -0.000853525 
2875.44 4512.93 284.333 5 -0.166008 5.18693 0.436224 -0.000805002 
2886.89 4607.73 280.154 5 -0.165062 4.50614 0.419918 0.000238185 
2898.2 4692.75 275.989 5 -1.4 4.86795 0.403612 0.0004381 
2909.76 4782.96 254.085 18.5059 -1.4 6.1987 0.37241 -0.000135787 
2905.15 4892.3 231.87 32.7651 -0.000933511 4.98134 0.369 0 
2905.15 4892.3 231.87 32.7651 -0.000933511 4.98134 0.369 0 
2860.87 5060.29 227.901 25.9089 1.18333 6.21543 -0.188388 -0.95524 
2829.6 5259.23 253.913 5 -1.38482 1.35539 0.134518 -0.920102 
2842.85 5336.22 216.348 36.1606 -0.372496 -3.44637 -0.165163 -0.319466 
2790.99 5292.82 202.923 35.9776 -0.371604 -6.22208 -0.153551 0.00574859 
2738.75 5179.8 189.527 35.7946 -0.370713 -6.1608 -0.141939 0.00213003 
2686.22 5068.32 176.161 35.6117 -0.369823 -6.13893 -0.130326 0.000784665 
2633.38 4957.38 162.825 35.4288 -0.368924 -6.13364 -0.118714 0.000687829 
2580.24 4846.57 149.518 35.2458 -0.367999 -6.12918 -0.107102 0.000921307 
2526.8 4735.88 136.243 35.0622 -0.367081 -6.12112 -0.0954898 0.00105417 
2473.05 4625.39 122.997 34.8783 -0.366308 -6.11057 -0.0838775 0.00109239 
2419.02 4515.16 109.779 34.6968 -0.365766 -6.09873 -0.0722653 0.00112324 
2364.68 4405.23 96.5808 34.5218 -0.364861 -6.0856 -0.060653 0.00118267 
2310.03 4295.63 83.4128 34.3452 -0.362069 -6.0706 -0.0490408 0.00126733 
2255.07 4186.4 70.322 34.1314 -0.357803 -6.05311 -0.0374285 0.00137122 
2199.88 4077.62 57.3467 33.8583 -0.36097 -6.03254 -0.0258163 0.00149876 
2144.6 3969.35 44.303 33.6773 -0.385443 -6.00812 -0.014204 0.00167144 
2089.03 3861.69 30.6527 33.9802 -0.408678 -5.97849 -0.0025918 0.00196222 
2032.18 3754.77 16.4075 34.6641 -0.315762 -5.94049 0.00902045 0.0024952 
1973.19 3648.81 4.46532 33.4502 -0.019586 -5.88759 0.0206327 0.00208525 
1915.9 3544.17 0.00109289 33.0974 0.0228856 -5.84107 0.0322449 8.61205e-05 
1859.07 3440.7 0.00103288 32.9144 0.0237791 -5.84312 0.0438572 -0.000302482 
1802.6 3337.18 0.00103288 32.7314 0.0246723 -5.85581 0.0554694 8.81164e-06 
1746.51 3233.34 0.00103288 32.5485 0.0255656 -5.85985 0.0670817 0.000173491 
1690.78 3129.4 0.00103288 32.3655 0.0264592 -5.85861 0.0786939 0.000163231 
1635.42 3025.49 0.00103288 32.1825 0.0273527 -5.85729 0.0903062 9.76453e-05 
1580.43 2921.61 0.00103288 31.9996 0.0282461 -5.85795 0.101918 -2.21552e-05 
1525.8 2817.71 0.00103288 31.8166 0.0291395 -5.86315 0.113531 -0.000200055 
1471.54 2713.69 0.00103288 31.6336 0.0300333 -5.87629 0.125143 0.00115122 
1417.65 2609.33 0.00132165 31.4506 0.0309279 -5.82481 0.136755 0.00210414 
1364.12 2506.27 4.14764 31.2677 0.0318219 -5.71575 0.148367 0.00295925 
1311.18 2405.94 8.32377 31.0847 0.0327162 -5.5429 0.15998 0.00511402 
1258.81 2309.94 12.5297 30.9017 0.0336108 -5.21309 0.171592 0.0101724 
1207.03 2222.22 16.7654 30.7187 0.0345028 -4.50797 0.183204 0.0180893 
1155.85 2152.19 21.0308 30.5358 0.035389 -3.18462 0.194816 0.0254037 
1105.27 2115.35 25.3259 30.353 0.0362793 -1.23307 0.206429 0.0274476 
1055.31 2127.46 29.6506 30.1702 0.037209 1.02081 0.218041 0.0228842 
1005.99 2196.1 34.006 29.9868 0.03819 3.13747 0.229653 0.0144443 
957.288 2317.84 38.3934 29.8017 0.0390534 4.79706 0.241265 0.00613142 
909.216 2481.2 42.8098 29.6176 0.03943 5.84583 0.252878 0.000746167 
861.757 2670.87 47.2431 29.4436 0.0395544 6.28 0.26449 -0.00110517 
814.878 2871.43 51.6866 29.2828 0.0418242 6.26675 0.276102 -0.000801009 
768.545 3071.66 56.1934 29.0921 0.0493176 6.10349 0.287714 -0.000195118 
722.815 3267.79 60.8958 28.7767 0.0547787 6.00796 0.299327 1.92472e-05 
677.95 3461.53 65.748 28.3958 0.0286394 5.9991 0.310939 3.22017e-05 
634.108 3655.04 69.9597 28.5631 -0.0437353 6.02505 0.322551 1.48892e-05 
590.177 3849.2 72.3494 30.0714 -0.0307052 6.05115 0.334163 -1.00696e-06 
543.33 4044.03 75.0052 31.0716 0.383843 6.05677 0.345776 1.18568e-05 
494.397 4238.99 88.0191 23.9845 1.06731 6.10204 0.357388 -0.000119665 
460.021 4435.08 118.461 5 0.0899998 4.34596 0.369 0 
460.021 4435.08 118.461 5 0.0899998 4.34596 0.369 0 
511.534 4887.83 132.845 5 -0.469109 -0.570157 1.15369 0.726453 
565.84 4960.21 103.969 27.5868 0.350043 6.24594 -0.176775 -0.00179416 
474.789 5560.08 135.671 5 0.125315 6.24587 0.41766 -0.00291379 
529.033 6159.83 152.788 5 0.125315 6.24054 0.41766 -0.00295813 
585.93 6759.17 169.904 5 0.125315 6.23388 0.41766 -0.00323243 
645.479 7358 187.02 5 0.125315 6.22344 0.41766 -0.00366279 
707.681 7956.02 204.136 5 0.125315 6.20772 0.417661 -0.00430549 
772.536 8552.82 221.252 5 0.125315 6.18389 0.417661 -0.00544073 
840.043 9147.77 238.368 5 0.125315 6.14526 0.417661 -0.00790489 
910.201 9739.74 255.484 5 0.125315 6.07455 0.417661 -0.0153476 
983.007 10326.2 272.6 5 0.125315 5.90641 0.417661 -0.0697301 
1058.46 10899.7 289.716 5 0.125314 5.03239 0.41766 -0.322839 
1136.51 11405.6 306.832 5 0.125312 1.10782 0.417661 -0.225773 
1216.97 11607.8 323.948 5 0.12531 -1.80187 0.417661 0.0245728 
1299.9 11584.9 341.063 5 0.125311 -1.54337 0.417661 0.00407163 
1385.51 11582 358.179 5 0.125311 -1.50598 0.417661 0.000586099 
1473.77 11581.9 375.295 5 0.125311 -1.49922 0.417661 -0.000336692 
1564.68 11582.4 392.41 5 0.125311 -1.50498 0.417661 0.000121523 
1658.25 11582.5 409.526 5 0.125306 -1.50507 0.41774 0.000281038 
1754.47 11582.5 426.641 5 0.126207 -1.50229 0.402202 -8.20191e-05 
1853.34 11582.8 443.827 5 -0.0525459 -1.50503 0.72541 -0.000297313 
1955.15 11582.8 447.181 5 -0.0655392 -1.51095 0.811262 -0.00031771 
2057.5 11582.4 439.64 5 -0.0645934 -1.5177 0.794958 0.0014971 
2158.69 11581.5 432.172 5 -0.0636474 -1.49279 0.778652 0.00168755 
2258.71 11582.5 424.778 5 -0.0627014 -1.47113 0.762346 0.0033733 
2357.59 11585.2 417.456 5 -0.0617553 -1.41484 0.74604 0.00939366 
2455.33 11592.2 410.208 5 -0.0608093 -1.40243 0.729734 -0.100604 
2551.95 11600.2 403.033 5 -0.0598647 -4.09929 0.713428 -0.046672 
2647.29 11399.5 395.931 5 -0.0589194 -5.5535 0.697122 -0.0106695 
2741.44 11086.3 388.902 5 -0.0579736 -5.94113 0.680816 -0.00309729 
2834.47 10743.1 381.947 5 -0.0570276 -6.07488 0.66451 -0.00114253 
2926.42 10389.6 375.064 5 -0.0560816 -6.13764 0.648204 -0.000445844 
3017.29 10031.2 368.255 5 -0.0551356 -6.17283 0.631898 -0.00015081 
3107.1 9670.09 361.519 5 -0.0541896 -6.19499 0.615592 -1.42735e-05 
3195.87 9307.26 354.856 5 -0.0532436 -6.2101 0.599286 5.03572e-05 
3283.6 8943.27 348.267 5 -0.0522976 -6.22101 0.582979 7.90331e-05 
3370.31 8578.43 341.75 5 -0.0513515 -6.22922 0.566673 8.85318e-05 
3456 8212.95 335.307 5 -0.0504055 -6.23561 0.550367 8.74324e-05 
3540.7 7846.99 328.937 5 -0.0494595 -6.24071 0.534061 8.04563e-05 
3624.4 7480.62 322.64 5 -0.0485134 -6.24485 0.517755 7.03687e-05 
3707.13 7113.94 316.416 5 -0.0475674 -6.24828 0.501449 5.88796e-05 
3788.89 6746.99 310.266 5 -0.0466214 -6.25116 0.485143 4.70984e-05 
3869.7 6379.82 304.189 5 -0.0456753 -6.25363 0.468837 3.57792e-05 
3949.56 6012.46 298.185 5 -0.0447293 -6.25579 0.45253 2.54682e-05 
4028.49 5644.93 292.254 5 -0.0437833 -6.25774 0.436224 1.65986e-05 
4106.5 5277.25 286.396 5 -0.0428372 -6.25956 0.419918 9.48729e-06 
4183.6 4909.43 280.612 5 -0.0608577 -6.26122 0.403612 3.48424e-06 
4259.83 4541.48 273.433 6.11647 -0.62612 -6.26161 0.387306 0.000295747 
4328.9 4173.5 222.38 40 -0.0899995 -3.72313 0.369 0 
4328.9 4173.5 222.38 40 -0.0899995 -3.72313 0.369 0 
4292.47 4142.93 218.107 35.5435 1.4 -1.30451 -0.188388 0.223396 
4260.96 4149.55 236.858 19.5155 0.933458 0.313221 -0.176774 -0.750065 
4249.95 4181.04 248.829 10.5443 -1.4 -2.60823 -0.16516 -0.706011 
4251.04 4167.59 225.136 29.7658 -1.08541 -5.46706 0.657318 -0.0497749 
4227.59 4110.19 205.807 37.7856 -0.406076 -6.11725 -0.141939 -0.000778329 
4193.44 4042.8 196.728 37.596 -0.406531 -6.12779 -0.130326 0.0028555 
4159.25 3975.25 187.646 37.4228 -0.407932 -6.09556 -0.118714 0.00394297 
4124.99 3908.19 178.548 37.2755 -0.407866 -6.05633 -0.107102 0.000712452 
4090.63 3841.74 169.453 37.1343 -0.402591 -6.05159 -0.0954897 -0.000682996 
4056.16 3775.36 160.444 36.9376 -0.391312 -6.06179 -0.0838775 1.97951e-05 
4021.66 3708.82 151.613 36.6208 -0.382215 -6.06427 -0.0722652 0.000829465 
3987.27 3642.25 142.929 36.2215 -0.392765 -6.05698 -0.060653 0.00122233 
3953.1 3575.79 134.093 35.9777 -0.434632 -6.04419 -0.0490408 0.00123251 
3918.98 3509.52 124.619 36.2403 -0.484585 -6.03043 -0.0374285 0.00106379 
3884.26 3443.46 114.371 37.0531 -0.468701 -6.01816 -0.0258163 0.000935679 
3848.22 3377.6 104.346 37.5908 -0.308012 -6.00694 -0.014204 0.000923917 
3811.15 3311.91 96.7801 36.1867 -0.0452315 -5.9951 -0.00259178 0.000981799 
3775.51 3246.39 93.2895 35.4697 0.0348939 -5.98142 0.00902047 0.00104378 
3740.61 3181.09 91.0495 35.2868 0.0357895 -5.96559 0.0206327 0.00107998 
3705.87 3116.03 93.8635 35.1038 0.0366858 -5.94786 0.032245 0.00109392 
3671.44 3051.25 96.6958 34.9208 0.0375817 -5.92843 0.0438572 0.00110073 
3637.33 2986.76 99.5464 34.7378 0.0384735 -5.90723 0.0554694 0.00110992 
3603.53 2922.6 102.415 34.5548 0.0393579 -5.88396 0.0670817 0.00112141 
3570.04 2858.79 105.302 34.3719 0.040239 -5.8582 0.0786939 0.00113312 
3536.87 2795.39 108.207 34.1891 0.0411329 -5.82944 0.0903062 0.00115819 
3504.01 2732.42 111.13 34.0064 0.0420594 -5.79663 0.101918 0.00125661 
3471.47 2669.96 114.072 33.8232 0.0430141 -5.75641 0.113531 0.00158459 
3439.24 2608.11 117.034 33.6393 0.0439373 -5.69927 0.125143 0.00243728 
3407.33 2547.15 120.014 33.4552 0.0447287 -5.60264 0.136755 0.00421052 
3375.74 2487.67 123.01 33.2724 0.0453531 -5.42345 0.148367 0.00720075 
3344.48 2430.95 126.021 33.0927 0.0460048 -5.09744 0.15998 0.0112863 
3313.52 2379.24 129.046 32.9155 0.0471397 -4.55381 0.171592 0.0157318 
3282.89 2335.89 132.093 32.7349 0.0491138 -3.74525 0.183204 0.0193732 
3252.58 2304.97 135.175 32.5415 0.0514162 -2.67664 0.194816 0.0211438 
3222.62 2290.49 138.297 32.3326 0.0521649 -1.41132 0.206429 0.0205753 
3193.03 2295.47 141.436 32.128 0.0491407 -0.0499849 0.218041 0.0179417 
3163.8 2321.38 144.533 31.9714 0.0430385 1.30158 0.229653 0.014034 
3134.88 2368.07 147.54 31.894 0.0409086 2.55528 0.241265 0.00979555 
3106.17 2434.05 150.517 31.8415 0.0542191 3.64676 0.252878 0.00602418 
3077.62 2516.81 153.699 31.6306 0.0863028 4.5317 0.26449 0.00321072 
3049.43 2613.18 157.38 31.0575 0.113751 5.18395 0.276102 0.00148383 
3022.06 2719.58 161.497 30.2129 0.0838924 5.60422 0.287714 0.000629384 
2995.87 2832.44 165.176 29.7944 -0.0418017 5.83443 0.299327 0.000196909 
2970.35 2948.85 166.932 30.8806 -0.199515 5.92688 0.310939 -0.000315921 
2943.59 3066.67 166.236 33.6953 -0.169457 5.72679 0.322551 -0.0012156 
2913.34 3181.42 165.933 35.8683 0.296787 4.70756 0.334163 -0.00200124 
2880.24 3280.5 172.747 32.3606 1.09783 2.83446 0.345776 -0.00178584 
2851.41 3350.77 191.965 19.8244 1.4 0.608236 0.357915 -4.85711e-06 
2838.49 3386.79 216.14 5.00037 0.0295681 0.535055 0.369 0 
2838.49 3386.79 216.14 5.00037 0.0295681 0.535055 0.369 0 
2845.25 3405.64 215.646 5 -1.17111 0.842321 1.15369 -0.181788 
2852.23 3427.4 203.784 12.3484 -0.248632 0.6082 1.13739 -0.1571 
2853.23 3446.95 200.544 12.6055 -0.249847 0.299275 1.12108 -0.12606 
2853.97 3463.58 197.289 12.8624 -0.251049 0.00423504 1.10477 -0.0971295 
2854.46 3477.41 194.018 13.1189 -0.25226 -0.250597 1.08847 -0.0744709 
2854.68 3488.83 190.733 13.3751 -0.253512 -0.463658 1.07216 -0.0593602 
2854.65 3498.23 187.431 13.6313 -0.25483 -0.645105 1.05586 -0.0511184 
2854.36 3505.91 184.113 13.888 -0.25621 -0.809376 1.03955 -0.0479764 
2853.82 3512.04 180.778 14.1457 -0.257608 -0.970117 1.02324 -0.04788 
2853.01 3516.65 177.426 14.4043 -0.258941 -1.13728 1.00694 -0.0490726 
2851.94 3519.67 174.058 14.6634 -0.260121 -1.31629 0.990632 -0.0503509 
2850.61 3521 170.674 14.9218 -0.26111 -1.50873 0.974326 -0.051045 
2849.02 3520.51 167.277 15.1782 -0.261968 -1.71353 0.95802 -0.0508668 
2847.17 3518.08 163.868 15.4318 -0.262878 -1.92805 0.941714 -0.0497554 
2845.05 3513.62 160.447 15.6831 -0.264093 -2.1489 0.925407 -0.0477747 
2842.69 3507.06 157.01 15.9344 -0.265814 -2.37242 0.909101 -0.0450606 
2840.06 3498.39 153.553 16.1895 -0.268028 -2.595 0.892795 -0.0417928 
2837.18 3487.62 150.072 16.4516 -0.270399 -2.81332 0.876489 -0.0381711 
2834.03 3474.78 146.564 16.7214 -0.272295 -3.02464 0.860183 -0.0343913 
2830.6 3459.93 143.033 16.995 -0.273029 -3.22684 0.843877 -0.0306232 
2826.9 3443.18 139.492 17.2639 -0.27227 -3.41852 0.827571 -0.0269972 
2822.93 3424.6 135.954 17.5175 -0.270466 -3.59886 0.811265 -0.0236 
2818.7 3404.32 132.429 17.7493 -0.268992 -3.76758 0.794958 -0.0204802 
2814.22 3382.45 128.915 17.963 -0.269805 -3.92474 0.778652 -0.0176573 
2809.51 3359.08 125.389 18.1761 -0.274502 -4.07064 0.762346 -0.0151318 
2804.58 3334.34 121.816 18.4168 -0.283085 -4.20574 0.74604 -0.0128933 
2799.39 3308.31 118.158 18.7113 -0.293046 -4.33058 0.729734 -0.0109253 
2793.91 3281.11 114.401 19.0661 -0.299544 -4.44577 0.713428 -0.00920807 
2788.09 3252.81 110.578 19.4527 -0.297202 -4.55196 0.697122 -0.00771972 
2781.91 3223.51 106.77 19.8054 -0.283272 -4.6498 0.680816 -0.00643724 
2775.38 3193.28 103.089 20.0427 -0.260925 -4.73994 0.664509 -0.00533708 
2768.6 3162.2 99.6164 20.1113 -0.240594 -4.82299 0.648203 -0.00439598 
2761.69 3130.33 96.335 20.0361 -0.237397 -4.89951 0.631897 -0.00359173 
2754.78 3097.74 93.085 19.9492 -0.264045 -4.96994 0.615591 -0.00290382 
2747.88 3064.48 89.584 20.0665 -0.321243 -5.03463 0.599285 -0.00231377 
2740.83 3030.61 85.5396 20.5953 -0.390342 -5.09374 0.582979 -0.00180535 
2733.32 2996.18 80.8331 21.5961 -0.434294 -5.14719 0.566673 -0.00136476 
2724.96 2961.25 75.6952 22.8585 -0.411056 -5.19464 0.550367 -0.000980744 
2715.55 2925.86 70.7582 23.8825 -0.297909 -5.23531 0.53406 -0.000644884 
2705.24 2890.09 66.8769 24.0351 -0.117243 -5.26786 0.517754 -0.000351985 
2694.71 2854.02 64.7038 22.8837 0.0520336 -5.29018 0.501448 -0.000100525 
2684.98 2817.73 64.1507 20.5909 0.0930973 -5.29911 0.485142 0.000106973 
2676.98 2781.35 64.0213 18.1506 -0.0949982 -5.29002 0.468836 0.000263959 
2670.85 2745.06 62.1481 17.2225 -0.522925 -5.25642 0.45253 0.000360786 
2665.48 2709.09 56.2374 19.4409 -1.05237 -5.18937 0.436224 0.000387375 
2658.41 2673.75 45.2805 25.3429 -1.4 -5.07704 0.399079 0.000254135 
2646.72 2639.48 30.9428 33.4002 -1.26692 -4.94709 0.403611 0.000135605 
2628.62 2606.45 17.7427 40 -0.406263 -4.79361 0.387306 4.46452e-05 
2605.11 2574.87 12.591 40 1.2045 -4.60107 0.369 0 
