grtopS_81_1
50
2 2
10 10 
0 6 1 2 4 8 3 5 7 9 
0 6 1 2 4 8 3 5 7 9 
2540.83 39.7453 75.1221 64.7363 64.7377 67.7837 99.114 64.5472 113.398 
1468.37 13.7736 0 0.398424 1.33245e-08 38.7325 2.76923 0.0524623 0 
51.8538 0.811128 1.5331 1.32115 1.32118 1.38334 2.02273 1.31729 2.31425 
29.9668 0.281094 0 0.0081311 2.71928e-10 0.790458 0.0565148 0.00107066 0 
3.11877e-06 52.0836 0.00602065 2.36873e-07 0 0.0871691 0.877267 1.01503e-09 1.30784 
1.45234e-06 0.224485 7.0406 0.0076951 0.186653 5.14942e-07 0.131995 1.44274e-06 8.00243 
734.42 401.34 599.28 40 1.04599 0 0.0179835 0 
734.42 401.34 599.28 40 1.046 3.11877e-06 0.0179227 0.0379494 
734.423 401.334 599.283 40 1.02718 0.421869 0.0179831 -0.0512233 
1172.85 435.107 579.731 35.3081 1.22963 -0.0504259 0.0155552 0.0873562 
1095.1 -16.4235 560.023 40 1.04843 -0.0275587 0.0179828 0.00137382 
1015.57 -20.789 562.551 40 1.04819 -0.0248446 0.0179827 0.00126661 
942.138 -24.7247 564.829 40 1.04794 -0.0220856 0.0179829 0.00111964 
874.526 -28.2232 566.855 40 1.04773 -0.0197031 0.0179829 0.00101547 
812.016 -31.3444 568.662 40 1.04753 -0.017393 0.0179829 0.000913291 
754.249 -34.0996 570.257 40 1.04733 -0.0151661 0.017983 0.000800056 
700.864 -36.5021 571.648 40 1.04716 -0.0131832 0.017983 0.000713407 
651.343 -38.5905 572.857 40 1.04699 -0.0112599 0.017983 0.000634306 
605.388 -40.3741 573.89 40 1.04682 -0.00933959 0.017983 0.000550072 
562.768 -41.8536 574.746 40 1.04665 -0.00748058 0.017983 0.000472437 
523.189 -43.0387 575.432 40 1.04649 -0.00563749 0.017983 0.000396752 
486.416 -43.9317 575.949 40 1.04633 -0.00379589 0.017983 0.000320305 
452.227 -44.533 576.298 40 1.04617 -0.00196492 0.017983 0.00025837 
420.391 -44.8443 576.478 40 1.04599 1.18863e-05 0.017983 0.000179262 
390.844 -44.8425 576.477 40 1.04582 0.00201008 0.0179829 0.000104618 
363.372 -44.5241 576.292 40 1.04563 0.00408903 0.0179829 2.77341e-05 
337.822 -43.8764 575.917 40 1.04544 0.00626065 0.0179829 -5.19776e-05 
314.042 -42.8848 575.343 40 1.04524 0.00853572 0.0179828 -0.000132348 
291.882 -41.5327 574.56 40 1.04503 0.0109541 0.0179828 -0.000216568 
271.221 -39.7976 573.556 40 1.0448 0.0135381 0.0179827 -0.000306555 
251.943 -37.6531 572.314 40 1.04456 0.0162994 0.0179827 -0.000399035 
233.925 -35.0712 570.819 40 1.04429 0.0192909 0.0179826 -0.000501965 
217.078 -32.0155 569.05 40 1.04401 0.0225013 0.0179825 -0.000604218 
201.274 -28.4512 566.987 40 1.0437 0.0260378 0.0179824 -0.000721711 
186.471 -24.3268 564.599 40 1.04336 0.0298798 0.0179823 -0.000843833 
172.564 -19.5938 561.859 40 1.04298 0.0341149 0.0179832 -0.000976146 
159.507 -14.1899 558.73 40 1.04289 0.038809 0.0179804 -0.000926868 
147.271 -8.61197 555.5 39.9192 1.04541 0.0445514 0.0179394 0.000237045 
136.817 -9.65662 551.265 39.9339 1.04442 0.0502169 0.0179463 -0.000148155 
126.761 -8.54358 546.658 39.9164 1.04454 0.0567154 0.0179371 -3.74415e-05 
117.485 -8.09904 541.394 39.9092 1.04424 0.0638237 0.0179329 -0.000100221 
108.773 -7.3123 535.499 39.8947 1.04415 0.0717575 0.0179249 -6.70076e-05 
100.664 -6.73561 528.858 39.881 1.04395 0.0805391 0.0179169 -7.56793e-05 
93.0717 -6.16433 521.394 39.8677 1.04353 0.0902389 0.0179107 -0.000195327 
85.8846 -5.17563 512.893 39.887 1.04195 0.100802 0.0179197 -0.000793227 
78.6546 -0.858483 503.623 39.8628 1.04185 0.11285 0.0179069 -0.000734482 
71.927 3.01553 493.16 39.8534 1.04116 0.126082 0.017901 -0.000907498 
65.3882 7.88475 481.554 39.8241 1.04105 0.140962 0.0178852 -0.000811967 
59.2677 12.1858 468.525 39.8014 1.04058 0.157455 0.0178724 -0.000864603 
53.397 16.7487 453.986 39.7718 1.04016 0.175811 0.0178556 -0.000878758 
47.7543 21.2858 437.686 39.753 1.03899 0.196149 0.0178486 -0.00123282 
42.1183 27.4467 419.32 39.7785 1.03682 0.218628 0.0178612 -0.00469153 
36.0342 38.1658 399.845 39.5776 1.04412 0.213861 0.0177452 0.00867482 
-0.25031 30.5485 378.945 39.7784 1.03128 0.319956 0.017707 0.0436983 
46.63 51.1994 353.712 38.713 1.02826 0.881721 0.0137648 0.00385835 
644.605 49.5958 277.526 37.2675 -0.00164021 1.0162 0.0169835 0 
644.605 49.5958 277.526 37.2675 -0.00164021 1.0162 0.0169835 0 
676.604 23.7027 329.393 5 -1.4 6.28 -0.188388 -1.02859 
632.15 153.309 263.464 5 -1.4 -6.28 1.13739 -1.00718 
610.641 127.424 197.535 11.3826 -1.4 -6.28 -0.161551 -0.985776 
622.95 86.0813 131.503 22.9759 -1.4 -1.56448 -0.153551 -0.964367 
653.53 63.7625 65.2825 5 1.4 1.89217 1.08847 -0.942959 
667.145 91.5524 131.859 5 -1.4 6.28 1.07216 -0.921551 
698.965 172.843 65.93 5 -1.4 6.28 -0.118714 -0.900143 
729.91 304.37 0.00100073 34.369 1.4 -6.28 1.03955 0.878735 
722.226 237.329 0.001 5 1.4 -6.28 1.02324 -0.857324 
732.225 137.571 45.1024 6.15239 -1.4 -6.28 -0.0838776 0.835918 
758.545 75.39 0.001 37.2889 1.4 -6.28 -0.0692298 0.494431 
701.294 38.4177 4.60405 5 -1.4 -6.28 0.0114982 -0.793102 
710.18 42.827 0.0761411 6.14886 -1.4 6.28 -0.0490408 0.771694 
736.719 174.355 0.001 36.569 1.4 -4.63106 -0.0374286 -0.750284 
690.54 168.444 0.001 40 1.4 -6.28 -0.00726096 -0.728877 
610.185 172.877 9.93468 40 1.25751 -6.28 0.909102 0.707469 
617.826 89.0817 0.001 37.0814 1.4 -6.28 0.0164027 -0.686061 
570.343 36.8635 34.787 40 1.4 6.28 0.0279635 -0.264618 
520.741 168.414 100.796 40 1.4 -6.28 0.860184 0.643245 
517.033 73.048 97.1723 30.5521 -1.4 6.28 0.0322449 -0.53348 
493.024 204.592 88.4676 32.5876 -1.4 -6.28 0.0438571 -0.600429 
443.848 104.852 81.4042 40 1.4 -6.00014 0.811265 0.57902 
387.892 86.6995 117.448 5 -1.4 -6.28 0.0670816 -0.557612 
364.935 60.5601 110.447 34.9788 1.4 -6.28 0.778653 0.536204 
302.094 3.68993 125.494 40 1.4 -6.28 0.0903061 0.514796 
257.425 8.12229 121.434 36.8731 1.4 -6.28 0.120408 0.0233249 
212.317 -60.435 166.647 40 1.4 -6.28 0.131967 0.010401 
164.478 -78.8866 148.378 40 1.4 -6.28 0.125143 0.00236313 
170.842 -97.3381 214.386 40 1.4 -6.28 0.136755 -0.429163 
133.854 -115.79 216.449 40 1.4 -1.0265 0.680816 0.386559 
133.041 -139.261 241.942 40 -0.542732 6.28 0.66451 0.365161 
88.0851 -7.71057 204.942 40 -1.4 -6.28 0.171592 0.364939 
47.4953 -107.446 194.746 40 1.4 -6.28 0.183204 0.343531 
30.1158 -207.181 225.533 15.2665 1.4 -3.12861 0.615592 0.322122 
21.9466 -225.279 253.195 5 1.4 6.28 0.599286 0.300714 
53.6213 -93.7511 244.785 5 -1.4 6.28 0.58298 0.279294 
100.542 -66.391 211.299 40 1.24002 6.28 0.557202 -0.257898 
59.6955 -39.008 227.501 18.8012 -1.4 -6.28 0.241265 0.23649 
55.5409 -138.757 191.011 40 1.4 6.28 0.534061 0.215079 
54.3583 -7.2066 224.568 20.8422 -0.817413 6.28 0.517755 0.193673 
48.5665 124.331 194.011 13.6732 1.4 6.28 0.276102 0.172265 
45.1741 155.645 230.779 5 -1.37313 6.28 0.485143 0.150857 
47.5921 287.173 202.696 21.555 -0.126775 6.28 0.468837 0.129449 
57.3803 418.711 172.329 21.5149 1.4 6.28 0.452531 -0.0104138 
76.925 550.249 215.869 39.2337 -1.4 6.28 0.436224 -0.0308929 
60.2461 625.185 160.987 40 1.4 6.28 0.419918 0.0652245 
58.761 682.916 226.996 5 -1.4 -0.266286 0.403612 0.0438163 
55.9771 727.335 209.854 7.02373 1.4 6.28 0.387306 -0.0210723 
64.846 827.924 201.374 7.90052 -0.09 6.28 0.369 0 
64.846 827.924 201.374 7.90052 -0.09 6.28 0.369 0 
72.0084 978.077 200.176 9.4957 -0.927181 6.28 0.833973 -1.02859 
77 1128.23 182.918 22.6801 -0.120209 5.19244 -0.11373 -1.00718 
60.799 1257.6 180.694 23.2738 0.347001 4.12666 -0.16502 -0.985775 
43.4063 1366.58 187.39 17.0368 0.760339 3.08268 -0.153427 -0.964367 
35.6556 1455.59 202.184 5.55314 0.0676771 2.06052 0.47671 -0.942959 
46.3205 1525.04 204.079 5.04956 -0.883972 1.06024 1.0719 -0.921551 
58.182 1575.35 187.786 17.9552 -0.200717 0.0818571 0.0704517 -0.900143 
49.3625 1606.96 184.167 20.1532 -0.0599029 -0.874661 -0.106707 -0.878735 
36.9665 1620.28 183.173 20.1784 -0.0352988 -1.80928 -0.0951359 -0.857326 
24.4699 1615.72 182.648 19.8344 0.0262978 -2.72198 -0.0831919 -0.835918 
12.4425 1593.7 183.31 18.6277 0.0592111 -3.61275 -0.0433999 -0.81451 
2.26338 1554.63 184.639 17.0582 -0.00942483 -4.48156 0.237539 -0.793102 
-5.44481 1498.95 184.701 16.447 0.441947 -5.32471 -0.0358567 -0.771694 
-12.3995 1427.14 193.418 9.57269 -0.00942291 -6.14958 0.421554 -0.115744 
-8.323 1339.53 193.71 9.73864 -0.388958 -6.27999 0.742804 0.00339902 
-4.34612 1249.43 186.737 15.1369 0.188209 -6.28 0.0745111 0.00341938 
-9.13144 1159.32 190.639 12.0261 -0.179051 -6.28 0.492461 0.00340992 
-8.8587 1069.22 187.611 14.2956 0.0925758 -6.28 0.233349 0.0034179 
-12.2844 979.116 189.709 12.5476 0.0289449 -6.28 0.368219 0.00341625 
-12.9259 889.011 190.644 11.8297 0.0353494 -6.28 0.406931 0.00341642 
-12.4336 798.905 191.724 11.0754 0.0221447 -6.28 0.429918 0.00341604 
-10.7387 708.798 192.574 10.5881 -0.0617471 -6.28 0.486515 0.00341361 
-8.23204 618.691 191.835 11.3347 -0.0703066 -6.28 0.445361 0.00341335 
-6.89485 528.584 190.909 12.1476 -0.0609085 -6.28 0.424914 0.00342356 
-6.8426 438.479 190.138 12.7394 0.0372305 -6.28 0.449065 0.406076 
-7.76436 348.374 191.227 11.8085 0.309487 -5.85511 0.31172 0.493386 
-7.31427 266.396 197.555 7.14587 0.0142557 -5.3307 0.699479 0.471979 
0.647972 194.444 198.377 7.03602 -0.0105601 -4.82852 0.713082 0.450571 
8.82587 132.098 198.731 7.28787 -0.0120309 -4.34858 0.696971 0.429163 
16.6397 78.9334 199.049 7.54343 -0.0133366 -3.89091 0.680711 0.407755 
24.0819 34.5239 199.333 7.79979 -0.0146178 -3.45553 0.664421 0.386347 
31.1496 -1.55668 199.586 8.05647 -0.0159027 -3.04245 0.648124 0.364938 
37.8407 -29.735 199.806 8.3135 -0.0171854 -2.65169 0.631822 0.34353 
44.1529 -50.4381 199.994 8.57082 -0.0184228 -2.28326 0.615519 0.322122 
50.0841 -64.0932 200.15 8.82769 -0.0195797 -1.93719 0.599214 0.300714 
55.6334 -71.1278 200.276 9.08298 -0.0207503 -1.61349 0.582907 0.279306 
60.8016 -71.9699 200.371 9.33707 -0.0222334 -1.31218 0.566599 0.257897 
65.5894 -67.0479 200.431 9.59466 -0.0242501 -1.03327 0.550289 0.236489 
69.9897 -56.7902 200.444 9.86307 -0.026164 -0.776788 0.533977 0.215082 
73.9837 -41.6259 200.413 10.1395 -0.0260249 -0.542742 0.517664 0.193673 
77.5565 -21.984 200.375 10.3929 -0.0224071 -0.331152 0.501347 0.172265 
80.7413 1.71779 200.398 10.5763 -0.0194837 -0.142036 0.485027 0.150857 
83.6476 29.0375 200.469 10.7102 -0.0301547 0.0245891 0.468704 0.127761 
86.3577 59.5447 200.329 10.9976 -0.0631167 0.166922 0.452379 0.00935299 
88.6358 92.775 199.551 11.7421 -0.0898356 0.172125 0.436052 0.0866244 
89.7528 126.094 198.239 12.7963 -0.0276984 0.267494 0.419711 0.06311 
89.181 161.246 198.084 12.8279 0.177277 0.339753 0.403326 0.0416688 
88.4777 197.781 201.849 9.88606 0.336277 0.389309 0.386873 -0.00088101 
92.3677 235.26 208.745 5.01174 -0.0887811 0.389828 0.369 0 
92.3677 235.26 208.745 5.01174 -0.0887811 0.389828 0.369 0 
102.281 267.559 207.808 6.67737 -1.25618 0.391124 1.15366 -1.02744 
110.348 299.881 187.583 22.2341 -0.208832 -0.543721 -0.127661 -1.00503 
96.8406 316.809 184.213 23.9167 0.0927763 -1.4588 -0.165035 -0.981446 
80.8881 318.654 185.77 21.663 0.559253 -2.35299 -0.153295 -0.955861 
67.7982 305.757 195.076 13.7926 0.69363 -3.22448 -0.131132 -0.936589 
65.356 278.485 206.805 5.06616 -0.34912 -4.07899 0.639593 -0.911892 
75.1603 237.117 201.576 9.79408 -0.836722 -4.91152 0.858791 -0.768814 
78.6968 182.031 188.183 19.9699 -0.0368184 -5.61423 -0.103777 0.871695 
68.0768 115.371 187.708 19.721 -0.0333381 -4.82264 -0.0938918 0.854835 
57.7792 61.7598 187.297 19.4479 -0.044465 -4.04589 -0.0826583 0.834383 
47.8426 20.9531 186.71 19.3356 -0.0703569 -3.28725 -0.0710957 0.813318 
38.0534 -7.34802 185.698 19.5516 -0.084819 -2.54731 -0.0591748 0.792113 
27.96 -23.4513 184.443 19.9172 -0.0359096 -1.82621 -0.0482684 0.770693 
17.3355 -27.6669 183.984 19.6221 0.0959881 -1.12414 -0.0364952 0.607462 
7.05138 -20.3096 185.707 17.696 0.208233 -0.570348 -0.0241115 -0.725173 
-0.661402 -3.82513 189.332 14.5601 0.0479948 -1.23045 0.199444 -0.486765 
-4.06808 1.77442 190.398 13.608 -0.0484248 -1.67376 0.307587 0.109432 
-6.15596 0.0652384 189.9 13.8887 -0.0253919 -1.57411 0.297919 0.00500198 
-8.6374 -0.00106053 189.773 13.8575 0.0172285 -1.56956 0.331857 -0.000386734 
-11.0957 0.00770809 190.351 13.2703 0.137701 -1.56991 0.261439 -0.000137883 
-12.7992 0.0100706 192.929 11.2866 -0.00923506 -1.57004 0.430897 6.60435e-05 
-11.7487 0.00816941 193.138 11.2355 -0.0458731 -1.56998 0.444428 8.16701e-06 
-10.6118 0.00719175 192.745 11.6395 -0.0564679 -1.56997 0.420305 -1.86676e-05 
-10.018 0.00677039 192.166 12.1506 -0.0631568 -1.56999 0.391894 -0.000275879 
-10.1162 0.00662057 191.463 12.7113 -0.05986 -1.57024 0.375847 0.00077258 
-10.9793 0.00293645 190.8 13.1821 -0.00857404 -1.56953 0.372014 0.0597174 
-12.5031 0.0113802 190.97 12.9619 0.105802 -1.51512 0.324851 0.115293 
-13.7675 0.916598 193.031 11.3652 0.0674492 -1.41004 0.481422 -0.449269 
-12.8408 3.5524 194.502 10.3071 0.165998 -1.81929 0.452445 -0.428388 
-10.5057 -0.559353 197.625 8.14787 0.0260516 -2.2098 0.627551 -0.406824 
-5.17428 -11.1107 198.499 7.84827 -0.0172416 -2.58091 0.663068 0.340185 
0.591121 -27.7801 198.667 8.09798 -0.0190319 -2.27161 0.647437 0.364302 
6.03688 -39.3505 198.799 8.35469 -0.0202774 -1.94013 0.631258 0.343106 
11.1527 -45.4563 198.903 8.61122 -0.0212454 -1.62775 0.614963 0.321693 
15.9375 -46.4124 198.985 8.86419 -0.0222543 -1.33467 0.598657 0.300199 
20.395 -42.5368 199.043 9.11451 -0.023886 -1.06098 0.582373 0.278607 
24.528 -34.1493 199.068 9.37025 -0.0264887 -0.806784 0.5661 0.256928 
28.3281 -21.5713 199.043 9.643 -0.0291679 -0.572174 0.549822 0.235239 
31.7712 -5.12547 198.967 9.9319 -0.0292813 -0.357171 0.533529 0.213636 
34.833 14.8649 198.881 10.203 -0.0243903 -0.16171 0.517225 0.192161 
37.5347 38.0776 198.869 10.3956 -0.0173959 0.0143117 0.500912 0.170787 
39.9817 64.1922 198.967 10.4916 -0.0206332 0.170975 0.484599 0.149463 
42.3083 92.8895 199.009 10.6298 -0.0489806 0.308311 0.468286 0.128137 
44.4649 123.851 198.58 11.1205 -0.0953631 0.426308 0.451967 0.106774 
45.976 156.758 197.374 12.1521 -0.104392 0.524918 0.435632 0.085332 
46.089 191.291 195.991 13.198 0.00763169 0.604056 0.419278 0.0637172 
44.7388 227.131 196.428 12.7385 0.240545 0.663549 0.402903 0.0414833 
43.934 263.95 200.716 9.41912 0.356853 0.702817 0.386467 -0.00106976 
47.6175 301.414 207.009 5.00964 -0.0879279 0.703334 0.369 0 
47.6175 301.414 207.009 5.00964 -0.0879279 0.703334 0.369 0 
57.5374 338.882 206.087 6.66482 -1.2557 0.704837 1.15368 -1.02288 
65.6256 376.376 185.87 22.2172 -0.210257 -0.225671 -0.128097 -1.00567 
52.1458 398.547 182.476 23.9198 0.0876684 -1.14114 -0.165108 -0.983967 
36.1946 405.629 183.949 21.7299 0.554565 -2.03744 -0.153459 -0.962163 
23.019 397.933 193.176 13.911 0.699074 -2.91448 0.00765613 -0.940091 
20.4171 375.771 204.992 5.00241 0.016414 -3.77199 0.842228 -0.917134 
30.1868 339.464 205.79 5.00537 0.0106648 -4.60913 0.847354 -0.877713 
39.9699 289.356 206.493 5.07637 0.0181094 -5.4109 0.840376 -0.643349 
49.6694 226.031 207.317 5.05145 0.0193184 -5.99966 0.840495 0.845112 
59.4209 153 208.162 5.01395 0.0169047 -5.23253 0.843665 0.830059 
69.2608 92.6154 208.967 5.00846 0.0164867 -4.4786 0.844189 0.810227 
79.1445 44.6593 209.766 5.00842 0.0165096 -3.74225 0.844186 0.789306 
89.0643 8.84182 210.565 5.0081 0.0165168 -3.02448 0.844201 0.767809 
99.0203 -15.1431 211.365 5.00772 0.0165124 -2.32582 0.844227 0.745438 
109.012 -27.6107 212.164 5.00743 0.0165123 -1.64708 0.844247 0.718624 
119.04 -28.8893 212.963 5.00715 0.016516 -0.992332 0.844267 0.388622 
129.103 -19.3743 213.763 5.00685 0.0165254 -0.637842 0.844297 -0.649811 
139.198 -4.01552 214.562 5.00644 0.0165626 -1.22933 0.844082 -0.475851 
149.312 1.59257 215.363 5.00577 0.0160046 -1.6627 0.836528 0.089907 
159.448 0.0566014 216.154 5.01766 -0.0032455 -1.58084 0.842654 0.0091402 
169.601 -0.129888 216.627 5.26524 -0.00518195 -1.57252 0.827175 0.0451926 
179.444 -0.178949 217.062 5.52178 -0.00652762 -1.53134 0.810934 0.369262 
188.963 0.451063 217.468 5.77946 -0.00777398 -1.19484 0.794592 -0.519075 
198.16 6.62845 217.846 6.03698 -0.0089928 -1.66757 0.778243 -0.528253 
207.024 5.01315 218.198 6.29401 -0.0102248 -2.14898 0.761922 -0.506444 
215.554 -4.53781 218.523 6.55076 -0.0114779 -2.61083 0.745627 -0.476072 
223.75 -21.7021 218.82 6.80749 -0.012734 -3.04531 0.729336 0.338749 
231.611 -46.0285 219.09 7.06426 -0.0139831 -2.73762 0.713039 0.437364 
239.146 -65.2824 219.332 7.32096 -0.0152369 -2.33987 0.696736 0.421087 
246.356 -77.9791 219.547 7.57768 -0.0165177 -1.95669 0.680431 0.405081 
253.24 -84.3588 219.734 7.83475 -0.0178271 -1.58784 0.664128 0.38464 
259.795 -84.6577 219.892 8.0925 -0.0191081 -1.23737 0.647825 0.363607 
266.02 -79.1788 220.023 8.35048 -0.0202542 -0.905831 0.631522 0.342395 
271.913 -68.2343 220.128 8.60699 -0.0212298 -0.593405 0.615218 0.321104 
277.476 -52.1393 220.21 8.86005 -0.0222696 -0.300172 0.598915 0.299771 
282.711 -31.21 220.268 9.11083 -0.0239127 -0.0261839 0.582611 0.278411 
287.621 -5.76372 220.293 9.36714 -0.0265041 0.228522 0.566306 0.257031 
292.197 23.8816 220.268 9.64028 -0.0291616 0.463915 0.550002 0.235636 
296.416 57.4077 220.192 9.92928 -0.0292557 0.679969 0.533697 0.214226 
300.253 94.4957 220.106 10.2003 -0.0243612 0.876656 0.517392 0.1928 
303.731 134.826 220.095 10.3926 -0.0173871 1.05395 0.501087 0.171356 
306.954 178.08 220.193 10.4887 -0.0206542 1.21182 0.484782 0.149886 
310.056 223.936 220.235 10.6273 -0.0489976 1.35023 0.468476 0.128377 
312.988 272.074 219.806 11.1184 -0.0952903 1.46914 0.452171 0.106802 
315.274 322.173 218.6 12.1492 -0.104142 1.56847 0.435864 0.0850948 
316.163 373.91 217.222 13.1921 0.0080026 1.64808 0.419556 0.0630443 
315.592 426.961 217.665 12.7284 0.240685 1.70765 0.403246 0.0394865 
315.573 480.993 221.956 9.40806 0.356263 1.74579 0.386929 -0.000121266 
320.044 535.651 228.24 5.00673 -0.0891065 1.74786 0.369 0 
320.044 535.651 228.24 5.00673 -0.0891065 1.74786 0.369 0 
330.512 592.84 227.341 6.84049 -1.263 1.83174 1.15297 -1.02769 
338.835 651.465 206.126 23.2835 -0.059369 0.77475 -0.164573 -0.359107 
323.261 691.911 205.139 23.0462 0.416299 0.463565 -0.163618 -0.979877 
307.692 726.938 212.438 16.4603 0.843167 -0.382892 -0.153147 -0.963597 
301.446 747.413 227.307 5.00302 0.0405751 -1.38448 0.542099 -0.940718 
311.804 750.523 228.481 5.00095 -0.653047 -2.19497 1.07205 -0.920999 
322.352 739.77 217.818 13.5487 0.0336477 -3.15973 0.157166 -0.899719 
320.56 712.353 218.792 12.8047 -0.255239 -4.10542 0.420553 -0.877932 
319.917 668.602 214.636 15.7321 -0.15353 -5.02585 0.220471 -0.857008 
314.875 609.041 212.171 17.3043 -0.0905521 -5.93252 0.087457 -0.438091 
307.541 533.829 210.75 17.9792 -0.0602801 -6.26647 0.00294864 -0.0773532 
299.212 452.858 209.906 18.0935 -0.0325939 -6.26633 -0.01879 -0.0773529 
290.686 371.888 209.463 17.973 -0.0539302 -6.26639 -0.0122516 -0.0913729 
282.319 290.917 208.753 18.0728 -0.0804276 -6.27635 -0.0364231 0.750172 
273.798 209.765 207.485 18.5752 -0.185857 -5.47687 0.114923 0.72881 
264.588 142.418 204.393 20.3314 0.120948 -4.69716 -0.0131949 0.404933 
252.755 88.5365 206.559 17.9596 0.472239 -4.39999 -0.00154799 0.6856 
244.243 39.693 214.857 11.0989 0.464353 -3.66321 0.322572 0.663639 
245.572 3.6169 223.189 5.0117 0.0217817 -3.09427 0.858768 0.642996 
255.604 -22.7603 224.034 5.00026 -0.025189 -2.3952 0.843619 0.621646 
265.849 -37.0486 224.065 5.46194 0.0468287 -1.71602 0.825969 0.60015 
275.312 -39.5876 225.484 5.01559 -0.0103924 -1.05684 0.810682 -0.578285 
285.457 -30.7213 225.858 5.46714 -0.0104517 -1.69338 0.793849 -0.556984 
294.982 -32.9049 226.137 5.89131 -0.0770355 -2.31076 0.778646 -0.535985 
303.944 -45.6139 225.249 7.14029 -0.0126546 -2.90936 0.741866 -0.513456 
311.264 -68.6979 225.608 7.27455 -0.0136923 -3.31356 0.744954 0.49327 
318.421 -98.861 225.819 7.57205 0.0366292 -2.75727 0.691032 0.471915 
325.162 -119.414 226.997 7.06425 -0.0155816 -2.22119 0.712398 0.449554 
332.669 -130.574 227.26 7.43068 -0.0602972 -1.86728 0.696163 0.429162 
339.7 -135.798 226.77 8.20497 -0.019444 -1.37087 0.678596 0.407754 
345.638 -132.453 226.967 8.36627 -0.00856616 -0.894541 0.645221 0.386346 
351.364 -120.886 227.342 8.4039 -0.0412421 -0.438306 0.647232 0.364938 
357.069 -101.434 227.154 8.85606 -0.0304436 -0.00217929 0.630931 0.34353 
362.146 -74.3896 227.14 9.12825 0.0355624 0.413824 0.503772 0.322122 
366.83 -40.1132 228.256 8.66633 -0.0827629 0.809688 0.598492 0.300714 
372.235 1.04461 227.349 9.66769 -0.0330742 1.1854 0.581985 0.279305 
376.216 48.6887 227.268 9.91978 -0.0140774 1.54095 0.565668 0.257897 
379.845 102.47 227.507 9.90768 -0.00109661 1.87632 0.531842 0.236488 
383.498 162.028 227.833 9.85998 -0.0851185 2.1915 0.533291 0.21508 
387.262 227.034 226.848 10.8127 -0.00692793 2.48647 0.433185 -0.192706 
389.645 297.137 227.127 10.8602 -0.0309816 2.23735 0.500449 0.171313 
391.986 362.774 226.993 11.1358 0.000108491 2.47617 0.482985 -0.150857 
393.932 432.699 227.29 10.8501 -0.0152743 2.24787 0.467824 -0.129449 
396.29 498.683 227.342 10.9732 -0.0624012 2.03984 0.449943 -0.108041 
398.492 561.077 226.738 11.7253 -0.142083 1.85209 0.436145 -0.0866325 
399.629 620.077 224.677 13.3853 -0.0057098 1.68464 0.417622 -0.0652243 
398.38 676.196 224.986 13.1463 0.252072 1.53749 0.401696 -0.043816 
397.381 729.747 229.597 9.46784 0.35182 1.41066 0.38356 0.0215899 
401.589 781.105 236.185 5.00036 -0.0890275 1.5198 0.369 0 
401.589 781.105 236.185 5.00036 -0.0890275 1.5198 0.369 0 
415.936 858.211 233.869 6.68386 -1.00233 0.645954 1.15265 -1.02796 
427.204 913.639 208.467 24.8224 -0.125203 -1.66271 -0.176769 -1.00679 
400.016 911.374 204.435 24.5446 -0.109433 -3.94425 -0.165157 -0.765589 
373.23 852.076 201.112 24.2987 -0.116797 -5.89137 -0.153537 0.385722 
346.681 742.172 197.315 23.9425 -0.138903 -6.23289 -0.122727 -0.0146634 
320.687 623.647 192.974 24.0214 -0.126297 -6.25787 -0.129992 0.164186 
294.303 504.494 188.948 23.8448 -0.125094 -6.27869 -0.118697 0.542813 
268.059 384.808 184.97 23.6617 -0.124131 -6.28 -0.10709 -0.505591 
241.988 265.075 181.021 23.4779 -0.123239 -6.26168 -0.0953798 0.198022 
216.096 145.823 177.094 23.2927 -0.122041 -5.20964 -0.0837379 0.81686 
190.409 53.127 173.204 23.102 -0.121318 -3.19789 -0.0722536 0.262007 
164.926 11.1954 169.34 22.916 -0.123019 -1.95731 -0.0606496 -0.230477 
139.608 2.29771 165.44 22.7803 -0.125427 -1.51177 -0.0490376 -0.560844 
114.399 4.63029 161.486 22.7218 -0.116437 -1.67657 -0.0366075 0.0115572 
89.1841 2.71138 157.761 22.4648 -0.0747104 -1.65253 -0.00401869 0.0131909 
64.1744 1.32629 155.099 21.4126 0.027115 -1.59838 0.0161969 0.0128253 
41.5043 0.348837 155.049 18.5557 -0.0494824 -1.5723 0.231117 0.00873768 
24.9316 -0.154003 153.182 17.4 0.0032936 -1.5566 0.310202 0.00872468 
10.7132 -0.353825 152.694 15.3329 0.076298 -1.54205 0.384924 0.00410035 
1.30236 -0.247041 154.132 12.1207 -0.0654341 -1.53508 0.625552 -0.0066044 
-1.21987 -0.00049222 152.122 11.8903 -0.0638785 -1.54393 0.64499 -0.000111559 
-3.37842 0.00465665 150.161 11.6462 -0.0441923 -1.5439 0.648411 -6.43826e-07 
-5.15241 0.00681613 148.707 11.0604 -0.0705495 -1.54399 0.691188 1.33452e-05 
-5.80202 0.00275915 146.612 11.0295 -0.0749167 -1.54384 0.696806 -9.56989e-06 
-6.49276 0.00331899 144.407 11.0812 -0.0653747 -1.54391 0.689245 -1.367e-05 
-7.40441 0.00420764 142.441 10.9496 -0.0722441 -1.54398 0.697721 -2.77152e-05 
-8.14592 0.00485174 140.307 10.9622 -0.0783989 -1.54441 0.702798 0.000396907 
-9.0176 0.00399802 138.017 11.0852 -0.0622012 -1.54387 0.69027 0.00227796 
-10.2715 0.018471 136.132 10.8909 -0.0642649 -1.54066 0.697071 -0.00558409 
-11.2363 0.113853 134.201 10.7606 -0.0653654 -1.549 0.679647 -0.00541583 
-12.0426 -0.00432138 132.249 10.6924 -0.0413992 -1.55764 0.661076 -0.00496397 
-12.8288 -0.335617 130.904 10.1959 -0.023913 -1.56517 0.644556 0.00391026 
-12.6551 -0.861874 130.021 9.46384 0.0468081 -1.55909 0.626827 0.00308144 
-11.0811 -1.24661 130.952 7.51398 0.0657517 -1.55392 0.610662 0.00306952 
-5.52633 -1.53087 132.44 5.539 -0.015278 -1.54887 0.595231 0.100094 
4.13934 -1.71552 131.963 5.46178 -0.0312512 -1.54275 0.580671 0.00989527 
13.9456 -1.7456 131.137 5.72335 -0.0390477 -1.47369 0.566673 -0.162463 
23.1865 0.0205052 130.053 6.13028 -0.0353 -1.70558 0.550367 -0.191701 
31.5431 -3.93229 129.046 6.43977 0.00416179 -2.2211 0.534061 -0.0324475 
39.1926 -21.0739 129.023 6.48637 0.0549787 -2.70532 0.517755 0.00232085 
46.7112 -50.6045 131.988 6.74504 0.0539556 -2.1072 0.501449 0.154586 
53.8693 -64.6728 134.953 6.99888 0.0533432 -1.04701 0.485143 0.15065 
60.6855 -50.8569 137.903 7.23433 0.0519729 0.0406949 0.468837 0.129324 
67.1973 -9.93233 140.809 7.46981 0.0454687 1.09985 0.452531 0.107967 
73.4044 57.3052 143.541 7.81642 0.0339926 2.13021 0.436224 0.0865382 
79.0753 151.482 145.97 8.34974 0.0442612 3.13179 0.419918 0.0650701 
83.8053 270.99 148.636 8.60026 0.120269 4.10422 0.403612 0.0431156 
88.1447 414.587 153.21 7.38315 0.192444 5.03625 0.387306 -0.00364131 
95.1591 581.714 159.656 5.00014 -0.09 4.42892 0.369 0 
95.1591 581.714 159.656 5.00014 -0.09 4.42892 0.369 0 
105.112 680.307 158.702 6.6774 -1.25577 4.43288 1.15369 -1.02854 
113.207 778.967 138.543 22.1836 -0.211403 3.50243 -0.115975 -1.00718 
99.8615 862.35 135.142 23.8904 0.1102 2.59074 -0.165163 -0.985768 
84.0381 930.75 136.981 21.4284 0.570568 1.6979 -0.153551 -0.964359 
71.3548 984.472 146.452 13.4648 0.667166 0.823907 0.0479111 -0.94295 
69.4284 1023.82 157.721 5 0.0164717 -0.0312141 0.845663 -0.921541 
79.2242 1049.11 158.517 5.00001 0.0187963 -0.867431 0.8056 -0.900131 
89.0345 1060.64 159.352 5.00002 -0.0772752 -1.68475 0.751848 -0.878556 
98.8931 1058.75 158.608 6.24038 -0.303443 -2.483 1.02324 -0.857326 
107.158 1043.74 154.113 9.9792 0.33416 -3.26248 0.375431 -0.583796 
110.13 1015.92 160 5.81436 -0.048767 -3.79399 0.828956 -0.500838 
118.901 979.355 159.703 6.55505 0.0406106 -4.25047 0.619876 -0.770885 
126.65 935.292 160.855 6.25043 -0.269695 -4.9526 0.934262 -0.0991064 
134.932 879.687 156.915 9.6307 0.150385 -5.04486 0.496053 0.424891 
138.493 822.57 159.791 7.71376 0.0128764 -4.66113 0.6669 0.519448 
144.724 771.757 160.457 7.59773 -0.0010292 -4.19125 0.698265 0.328719 
151.14 728.668 160.897 7.64526 0.0442667 -3.89433 0.638379 0.209955 
157.496 690.459 162.081 7.16473 -0.0509313 -3.70512 0.726677 -0.230831 
164.559 655.36 161.713 7.86205 -0.00234047 -3.91624 0.662628 0.182204 
170.672 616.791 162.125 7.92353 -0.00334955 -3.75225 0.636098 -0.311365 
176.72 580.918 162.518 8.01028 -0.0598965 -4.03656 0.637986 -0.600408 
182.682 540.371 161.98 8.79349 -0.0972036 -4.58366 0.723169 -0.571346 
187.6 490.834 160.808 9.89753 0.197284 -5.10472 0.459112 0.557604 
190.921 432.732 164.448 7.39234 0.00972723 -4.60047 0.696026 0.536203 
197.73 382.917 165.071 7.32899 0.0173376 -4.11532 0.700771 0.514795 
204.647 341.076 165.82 7.17381 0.0265841 -3.6493 0.694727 0.493387 
211.796 306.894 166.725 6.92401 -0.00334865 -3.20242 0.718185 0.471979 
219.319 280.057 167.145 7.05827 -0.0140074 -2.7747 0.713414 0.450571 
226.689 260.25 167.387 7.31489 -0.0152673 -2.36614 0.697118 0.429163 
233.734 247.159 167.601 7.57161 -0.0165524 -1.97677 0.680814 0.407755 
240.454 240.468 167.787 7.82873 -0.0178648 -1.60659 0.664508 0.386347 
246.846 239.862 167.944 8.08655 -0.0191443 -1.25561 0.648203 0.364939 
252.909 245.024 168.074 8.3446 -0.0202833 -0.923851 0.631897 0.343531 
258.641 255.641 168.178 8.60107 -0.0212513 -0.611324 0.615591 0.322122 
264.044 271.394 168.26 8.85402 -0.0222952 -0.318041 0.599285 0.300714 
269.12 291.968 168.318 9.10476 -0.0239633 -0.0440138 0.582979 0.279306 
273.871 317.046 168.342 9.36133 -0.0265875 0.210744 0.566673 0.257898 
278.29 346.312 168.315 9.63507 -0.0292406 0.44622 0.550367 0.23649 
282.352 379.449 168.238 9.9245 -0.0292494 0.662402 0.534061 0.215082 
286.032 416.139 168.154 10.1949 -0.0242223 0.859277 0.517755 0.193673 
289.355 456.065 168.145 10.3852 -0.0172247 1.03683 0.501448 0.172265 
292.427 498.91 168.245 10.4796 -0.02075 1.19505 0.485142 0.150857 
295.38 544.356 168.286 10.6197 -0.0495521 1.33393 0.468836 0.129449 
298.163 592.084 167.849 11.1168 -0.0960078 1.45345 0.45253 0.108041 
300.292 641.778 166.636 12.1534 -0.104188 1.5536 0.436224 0.0866325 
301.021 693.118 165.26 13.1932 0.00916999 1.63437 0.419918 0.0652242 
300.298 745.787 165.721 12.7158 0.242194 1.69573 0.403612 0.0438158 
300.144 799.465 170.024 9.38746 0.356344 1.73768 0.387306 0.00198195 
304.478 853.828 176.292 5 -0.0899993 1.74165 0.369 0 
304.478 853.828 176.292 5 -0.0899993 1.74165 0.369 0 
323.21 948.134 173.309 6.63882 -0.830257 0.437651 1.15369 -1.0279 
338.374 1004.79 148.874 23.2318 0.689985 -2.50785 -0.176776 -0.989658 
312.787 976.42 167.57 5 -0.0590399 -5.08158 1.12108 -0.0647262 
330.839 873.697 165.481 5 -0.0580942 -5.67244 1.10478 0.00240402 
348.756 753.913 163.42 5 -0.0571482 -5.67069 1.08847 0.00119157 
366.554 634.179 161.385 5 -0.0562021 -5.67069 1.07216 0.141645 
384.233 514.446 159.378 5 -0.0552561 -5.67068 1.05586 0.168467 
401.795 394.713 157.399 5 -0.0543101 -5.67088 1.03955 0.299359 
419.243 274.974 155.446 5 -0.053364 -5.67013 1.02324 -0.580995 
436.577 155.256 153.521 5 -0.0524179 -5.58552 1.00694 0.78393 
453.801 37.9821 151.623 5 -0.0514708 -3.39763 0.990633 0.763355 
470.965 -16.1144 149.753 5 -0.0505236 -1.19558 0.974327 -0.00414783 
488.07 -6.62422 147.91 5 -0.0495776 -1.30831 0.95802 -0.00477205 
505.066 -0.389284 146.094 5 -0.0486317 -1.52449 0.941714 -1.98237e-05 
521.952 -0.396783 144.306 5 -0.0476857 -1.52469 0.925408 -4.69017e-05 
538.733 -0.410013 142.545 5 -0.0467396 -1.52489 0.909102 2.64443e-05 
555.412 -0.429097 140.811 5 -0.0457936 -1.5242 0.892796 -5.40657e-05 
571.99 -0.428259 139.104 5 -0.0448476 -1.52448 0.87649 1.14916e-06 
588.469 -0.435541 137.425 5 -0.0439015 -1.52447 0.860184 -4.34016e-06 
604.851 -0.442338 135.773 5 -0.0429555 -1.52445 0.843878 -9.46607e-06 
621.136 -0.448739 134.149 5 -0.0420095 -1.52444 0.827571 -8.44741e-06 
637.326 -0.454745 132.552 5 -0.0410634 -1.52443 0.811265 -7.36886e-06 
653.424 -0.460362 130.982 5 -0.0401174 -1.52441 0.794959 2.19637e-05 
669.43 -0.465644 129.439 5 -0.0391713 -1.52439 0.778653 2.02927e-05 
685.346 -0.470214 127.924 5 -0.0382253 -1.52481 0.762347 -0.00158734 
701.174 -0.486982 126.436 5 -0.0372793 -1.53864 0.746041 0.00286274 
716.916 -0.903052 124.975 5 -0.0363332 -1.51267 0.729735 -0.00128115 
732.572 -0.569114 123.542 5 -0.0353872 -1.52465 0.713429 -8.5548e-06 
748.145 -0.581204 122.136 5 -0.0344412 -1.52466 0.697122 1.19728e-05 
763.637 -0.59362 120.758 5 -0.0334951 -1.52448 0.680816 -4.06705e-05 
779.047 -0.600703 119.406 5 -0.0325491 -1.52503 0.66451 4.45166e-05 
794.38 -0.623675 118.082 5 -0.0316031 -1.52446 0.648204 -1.89198e-05 
809.634 -0.630426 116.785 5 -0.030657 -1.52463 0.631898 4.06051e-05 
824.814 -0.642084 115.516 5 -0.029711 -1.52407 0.615592 -0.00012841 
839.919 -0.637319 114.274 5 -0.208377 -1.52588 0.599286 0.000133988 
855.056 -0.684924 107.873 8.94591 -0.298203 -1.52362 0.58298 -2.95633e-05 
860.744 -0.660256 98.6951 14.1435 -0.116915 -1.52414 0.566673 -0.000113276 
853.771 -0.6408 94.5117 14.4011 -0.118167 -1.52657 0.550367 0.00342033 
845.96 -0.691024 90.2803 14.6585 -0.119235 -1.37664 0.534061 -0.0130691 
837.312 3.58873 86.0061 14.9117 -0.12018 -1.91086 0.517755 -0.147626 
827.82 -7.55726 81.6929 15.1588 -0.122153 -3.32397 0.501449 0.0919031 
817.475 -59.5081 77.3113 15.4235 -0.126787 -2.06009 0.485143 0.11906 
806.296 -74.9624 72.7836 15.761 -0.129177 -0.716144 0.468837 0.104643 
794.106 -51.6082 68.1713 16.1084 -0.109488 0.603339 0.452531 0.0843131 
780.865 9.84813 64.1115 15.9786 -0.065786 1.89888 0.436224 0.0629133 
767.694 108.714 61.3196 14.9339 -0.129407 3.2613 0.419918 0.0380298 
756.846 246.92 56.7389 15.5043 -0.546959 4.50769 0.403612 0.00169354 
744.684 421.118 40.0746 25.1614 -0.864583 5.35505 0.387306 -0.000261992 
709.416 619.801 13.7916 40 1.4 5.03798 0.369 0 
734.42 401.34 599.28 40 1.04599 0 0.0179835 0 
734.42 401.34 599.28 40 1.04599 2.63585e-09 0.0186142 -0.193768 
734.42 401.34 599.28 39.9948 1.15889 -1.24488 0.0165073 0.510813 
-13.2378 284.15 666.948 39.5922 0.913048 1.69999 0.018371 -0.252089 
1058.44 415.94 576.527 39.6019 1.02063 0.477155 0.0179793 -0.077179 
1327.97 436.278 550.968 39.6039 1.05765 0.0570118 0.0177924 -0.000789532 
1326.02 418.243 547.693 39.6035 1.06118 0.0171656 0.0177693 0.0080633 
1297.68 396.533 546.534 39.6026 1.06065 0.0236412 0.0177693 0.00764931 
1272.36 375.363 545.031 39.6017 1.06021 0.0290483 0.0177693 0.0072859 
1249.17 354.633 543.241 39.6007 1.05987 0.0334261 0.0177717 0.00621844 
1227.26 334.245 541.218 39.5997 1.06004 0.0319724 0.0177694 0.00685598 
1202.96 313.663 539.272 39.5985 1.0599 0.0341016 0.0177677 0.00712832 
1178.49 293.209 537.213 39.5974 1.05957 0.0383964 0.0177703 0.00594616 
1155.05 273.079 534.925 39.5962 1.05983 0.0360803 0.0177658 0.00730837 
1128.51 252.668 532.76 39.5949 1.05938 0.0417585 0.0177673 0.00639864 
1103.75 232.702 530.294 39.5935 1.05934 0.0429254 0.017765 0.00686215 
1077.85 212.759 527.765 39.592 1.05902 0.0471968 0.0177648 0.00655006 
1052.62 193.115 525.01 39.5903 1.05881 0.050393 0.0177635 0.00657021 
1027.24 173.665 522.084 39.5885 1.05854 0.054347 0.0177633 0.00619128 
1002.05 154.472 518.949 39.5866 1.05842 0.0566817 0.0177602 0.00680288 
975.908 135.378 515.689 39.5844 1.05793 0.0633127 0.0177594 0.00644768 
951.309 116.761 512.078 39.582 1.05751 0.06913 0.0177633 0.00465081 
927.498 98.5357 508.156 39.5796 1.05801 0.0646345 0.0177512 0.00826576 
898.05 79.7545 504.474 39.5768 1.05661 0.0818673 0.0177572 0.00525405 
876.192 62.3863 499.876 39.5739 1.05655 0.0839366 0.0177538 0.00580857 
852.132 45.0342 495.168 39.5707 1.05618 0.0897409 0.0177512 0.00591475 
828.031 28.0245 490.151 39.5673 1.05565 0.0973502 0.0177496 0.00560245 
804.742 11.5093 484.73 39.5636 1.05517 0.104523 0.0177467 0.00570116 
781.7 -4.56591 478.927 39.5598 1.05452 0.113754 0.0177453 0.00519492 
759.854 -20.0235 472.634 39.5556 1.054 0.121676 0.0177427 0.00506377 
738.051 -35.0016 465.919 39.5512 1.05343 0.130313 0.0177402 0.00485912 
716.405 -49.4502 458.744 39.5466 1.05283 0.13935 0.0177362 0.0050576 
694.811 -63.345 451.089 39.5417 1.05196 0.151455 0.0177341 0.00448653 
674.752 -76.4182 442.789 39.5368 1.0512 0.162466 0.0177301 0.00455945 
655.088 -88.7784 433.904 39.5313 1.05022 0.17621 0.0177278 0.00392374 
637.023 -100.197 424.287 39.5261 1.04933 0.188813 0.0177245 0.00366498 
619.321 -110.771 413.999 39.5206 1.04836 0.20241 0.0177252 0.00207666 
602.079 -120.421 402.987 39.5153 1.04803 0.208696 0.0177261 0.000731228 
580.361 -129.806 391.637 39.5101 1.04836 0.207332 0.0177286 -0.000765503 
549.322 -139.612 380.352 39.5059 1.04959 0.195362 0.0177305 -0.00149983 
502.639 -150.764 369.697 39.502 1.05154 0.174991 0.0177283 -0.000563217 
435.74 -163.996 360.113 39.4997 1.0534 0.154818 0.0177201 0.002521 
349.544 -179.187 351.586 39.5002 1.05388 0.148921 0.0177029 0.00825366 
253.419 -194.875 343.362 39.5032 1.05114 0.178406 0.0176828 0.0137801 
168.84 -207.675 333.569 39.5082 1.04445 0.251574 0.0176681 0.0161266 
120.869 -213.454 319.885 39.5176 1.03446 0.3598 0.0176519 0.0181982 
127.645 -208.736 300.448 39.5326 1.02045 0.511127 0.0176354 0.0166024 
210.744 -189.259 272.988 39.5509 1.00192 0.69401 0.0176698 0.0109874 
383.108 -150.281 234.871 39.8081 0.977473 0.896127 0.0127063 -9.28253e-05 
648.303 -82.0811 188.741 39.4859 0.0668939 1.10001 0.0169835 0 
648.303 -82.0811 188.741 39.4859 0.0668939 1.10001 0.0169835 0 
640.491 -72.4887 189.118 38.467 0.554425 1.26166 -0.188388 0.710156 
632.933 -62.3296 191.211 36.2022 0.8985 1.561 -0.176775 0.68614 
626.003 -51.1211 194.524 33.0692 1.17198 1.85486 -0.165163 0.656938 
619.959 -38.8826 198.813 29.2763 1.34632 2.14112 -0.153551 0.621481 
615 -25.6409 203.736 25.5521 1.4 2.41718 -0.141939 0.584191 
611.118 -11.4318 208.867 21.7679 1.33579 2.68214 -0.130326 0.54521 
608.342 3.70579 213.795 18.2397 1.1522 2.93513 -0.118714 0.504545 
606.605 19.7299 218.098 15.2803 0.858229 3.17519 -0.107102 0.462365 
605.751 36.5953 221.387 13.1712 0.473223 3.40138 -0.0954895 0.419041 
605.541 54.2535 223.338 12.1358 0.025814 3.61276 -0.0838771 0.375172 
605.668 72.6528 223.725 12.3162 -0.448062 3.80855 -0.0722646 0.331571 
605.78 91.7389 222.449 13.7551 -0.907902 3.98819 -0.0606516 0.28921 
605.512 111.455 219.552 16.3865 -1.31194 4.15144 -0.0490331 0.249106 
604.513 131.745 215.223 20.034 -1.4 4.29841 -0.0374197 0.21198 
602.465 152.551 210.565 23.8313 -1.4 4.42954 -0.025806 0.17841 
599.317 173.817 205.886 27.54 -1.06241 4.54558 0.908385 0.148836 
595.071 195.492 202.369 30.1185 -0.0511941 4.64758 -0.00257571 0.123396 
590.005 217.525 202.385 30.0808 0.253592 4.73686 0.00902407 0.101948 
584.928 239.871 203.47 29.2288 0.423687 4.81487 0.0206343 0.0841361 
580.087 262.49 205.157 27.9407 0.570851 4.88307 0.0322459 0.0694791 
575.609 285.348 207.367 26.2874 0.680688 4.94283 0.0438578 0.0574501 
571.604 308.416 209.971 24.3771 0.741223 4.99537 0.0554699 0.04754 
568.15 331.667 212.799 22.3471 0.744118 5.04171 0.067082 0.0392986 
565.287 355.081 215.648 20.354 0.685634 5.08266 0.0786942 0.0323564 
563.007 378.638 218.303 18.5607 0.567252 5.11882 0.0903064 0.0264301 
561.259 402.321 220.553 17.1225 0.395858 5.15061 0.101919 0.0213161 
559.943 426.115 222.21 16.1727 0.18347 5.17835 0.113531 0.0168784 
558.921 450.006 223.127 15.8096 -0.0535153 5.20223 0.125143 0.0130314 
558.023 473.981 223.215 16.0853 -0.295503 5.2224 0.136755 0.00972391 
557.066 498.027 222.453 16.9986 -0.521244 5.23901 0.148368 0.0069237 
555.863 522.131 220.894 18.4917 -0.709622 5.25221 0.15998 0.00460534 
554.242 546.282 218.666 20.4515 -0.841528 5.26216 0.171592 0.00274158 
552.065 570.468 215.964 22.7167 -0.901689 5.2691 0.183205 0.0012982 
549.236 594.679 213.039 25.0888 -0.880254 5.27326 0.194817 0.000232271 
545.718 618.906 210.175 27.3478 -0.774007 5.27494 0.206429 -0.000507089 
541.537 643.138 207.672 29.2698 -0.587059 5.27443 0.218042 -0.000975953 
536.786 667.369 205.813 30.6472 -0.33094 5.27203 0.229654 -0.00123181 
531.617 691.592 204.845 31.3079 -0.0240315 5.26801 0.241266 -0.00132953 
526.234 715.802 204.949 31.1328 0.309644 5.2626 0.252879 -0.00131767 
520.877 739.992 206.225 30.0694 0.642203 5.25596 0.264491 -0.00123587 
515.805 764.158 208.673 28.1412 0.944139 5.24817 0.276103 -0.00111347 
511.27 788.297 212.191 25.4496 1.18684 5.23921 0.287715 -0.000969651 
507.5 812.404 216.576 22.17 1.34519 5.22897 0.299327 -0.000814975 
504.671 836.475 221.534 18.5411 1.4 5.21719 0.310962 -0.000625592 
502.893 860.503 226.705 14.8471 1.37998 5.20417 0.322553 -0.000435936 
502.191 884.484 231.826 11.2891 1.2035 5.19003 0.334164 -0.000267736 
502.537 908.416 236.349 8.28151 0.915613 5.17468 0.345776 -0.000132502 
503.78 932.292 239.878 6.1091 0.535068 5.15781 0.357388 -3.87623e-05 
505.685 956.109 242.085 5.00001 0.0899998 5.13888 0.369 0 
505.685 956.109 242.085 5.00001 0.0899998 5.13888 0.369 0 
501.13 949.069 243.752 9.88785 0.00330284 2.0282 0.482653 1.63909e-12 
496.576 942.028 245.355 13.6188 0.000121325 0.820808 0.480306 5.27457e-13 
492.022 934.988 246.893 16.3728 4.58929e-06 0.401248 0.477959 1.70667e-13 
487.469 927.947 248.366 18.33 3.06058e-07 0.257716 0.475612 5.50844e-14 
482.916 920.906 249.774 19.6837 1.48887e-07 0.208669 0.473265 1.7859e-14 
478.365 913.866 251.116 20.6052 1.43113e-07 0.191904 0.470918 5.78327e-15 
473.813 906.825 252.393 21.2275 1.42897e-07 0.186173 0.468571 1.83062e-15 
469.263 899.785 253.604 21.6462 1.42888e-07 0.184214 0.466224 5.37217e-16 
464.713 892.744 254.749 21.9273 1.42888e-07 0.183544 0.463878 1.47457e-16 
460.163 885.703 255.828 22.116 1.42889e-07 0.183315 0.461531 5.54185e-17 
455.614 878.663 256.841 22.2425 1.4289e-07 0.183236 0.459184 1.23281e-17 
451.066 871.622 257.787 22.3274 1.42892e-07 0.183209 0.456837 -1.48738e-17 
446.517 864.582 258.667 22.3843 1.42895e-07 0.1832 0.45449 5.3654e-17 
441.97 857.541 259.48 22.4224 1.42897e-07 0.183197 0.452143 -4.76435e-17 
437.423 850.5 260.226 22.448 1.429e-07 0.183196 0.449796 -2.19932e-17 
432.876 843.46 260.905 22.4652 1.42903e-07 0.183195 0.447449 -3.95569e-17 
428.329 836.419 261.517 22.4767 1.42906e-07 0.183195 0.445102 5.154e-18 
423.783 829.379 262.062 22.4844 1.42909e-07 0.183195 0.442755 -6.13935e-17 
419.238 822.338 262.539 22.4896 1.42912e-07 0.183195 0.440408 3.17862e-17 
414.692 815.297 262.949 22.493 1.42915e-07 0.183195 0.438061 3.94686e-18 
410.147 808.257 263.292 22.4954 1.42918e-07 0.183195 0.435714 3.71314e-17 
405.602 801.216 263.567 22.4969 1.42921e-07 0.183195 0.433367 -7.02039e-17 
401.057 794.176 263.775 22.498 1.42924e-07 0.183195 0.43102 -4.86114e-17 
396.513 787.135 263.915 22.4987 1.42927e-07 0.183195 0.428673 -5.60103e-17 
391.969 780.094 263.987 22.4991 1.4293e-07 0.183195 0.426327 -1.18498e-17 
387.425 773.054 263.992 22.4994 1.42933e-07 0.183195 0.42398 7.64624e-18 
382.881 766.013 263.929 22.4997 1.42936e-07 0.183195 0.421633 5.81702e-19 
378.337 758.973 263.799 22.4998 1.42939e-07 0.183195 0.419286 -1.46478e-17 
373.793 751.932 263.601 22.4999 1.42942e-07 0.183195 0.416939 -4.27947e-17 
369.25 744.891 263.336 22.5 1.42945e-07 0.183195 0.414592 2.99744e-17 
364.706 737.851 263.003 22.5 1.42948e-07 0.183195 0.412245 6.81925e-18 
360.163 730.81 262.602 22.5 1.42951e-07 0.183195 0.409898 -1.57859e-18 
355.62 723.77 262.134 22.5001 1.42954e-07 0.183195 0.407551 1.85356e-17 
351.076 716.729 261.599 22.5001 1.42957e-07 0.183195 0.405204 -1.11349e-17 
346.533 709.688 260.997 22.5001 1.4296e-07 0.183194 0.402857 1.28378e-17 
341.989 702.648 260.327 22.5001 1.42963e-07 0.183194 0.40051 -2.68011e-17 
337.446 695.607 259.591 22.5001 1.42966e-07 0.183194 0.398163 3.26013e-17 
332.902 688.567 258.788 22.5001 1.42969e-07 0.183193 0.395816 1.17513e-17 
328.358 681.526 257.918 22.5001 1.42972e-07 0.183191 0.393469 -1.06059e-18 
323.814 674.485 256.981 22.5001 1.42976e-07 0.183184 0.391122 -5.83207e-18 
319.27 667.445 255.978 22.5001 1.42979e-07 0.183165 0.388776 7.44195e-18 
314.726 660.404 254.908 22.5001 1.42982e-07 0.183112 0.386429 -8.01015e-18 
310.182 653.364 253.773 22.5001 1.42985e-07 0.182961 0.384082 -1.08496e-18 
305.637 646.323 252.571 22.5001 1.42988e-07 0.182533 0.381735 1.4165e-17 
301.092 639.282 251.304 22.5001 1.42991e-07 0.181322 0.379388 2.98316e-17 
296.547 632.242 249.971 22.5001 1.42987e-07 0.1779 0.377041 4.60244e-17 
292.002 625.201 248.572 22.5001 1.42796e-07 0.168231 0.374694 6.12305e-17 
287.456 618.161 247.109 22.5001 1.37631e-07 0.140895 0.372347 4.72848e-17 
282.91 611.12 245.58 22.5001 2.30406e-11 0.0632766 0.369 0 
282.91 611.12 245.58 22.5001 2.30406e-11 0.0632766 0.369 0 
282.829 611.286 245.573 22.4842 0.00191794 0.0632757 -0.188382 -0.000745008 
282.747 611.452 245.566 22.4707 -0.00462581 0.0632708 -0.176769 -0.000691736 
282.666 611.617 245.558 22.4577 -0.0110058 0.0632665 -0.165157 -0.000641472 
282.585 611.783 245.549 22.4451 -0.0172215 0.0632627 -0.153545 -0.000594088 
282.504 611.949 245.54 22.4329 -0.0232727 0.0632593 -0.141932 -0.000549457 
282.424 612.115 245.531 22.4212 -0.0291588 0.0632564 -0.13032 -0.000507457 
282.343 612.28 245.521 22.4099 -0.0348795 0.063254 -0.118707 -0.00046797 
282.262 612.446 245.51 22.399 -0.0404345 0.063252 -0.107095 -0.000430883 
282.182 612.612 245.498 22.3885 -0.0458233 0.0632504 -0.0954827 -0.000396085 
282.101 612.778 245.486 22.3783 -0.0510456 0.0632492 -0.0838702 -0.00036347 
282.021 612.943 245.474 22.3685 -0.0561011 0.0632484 -0.0722578 -0.000332936 
281.941 613.109 245.461 22.359 -0.0609894 0.0632479 -0.0606453 -0.000304384 
281.861 613.275 245.448 22.3499 -0.0657103 0.0632478 -0.0490328 -0.000277719 
281.781 613.441 245.434 22.3411 -0.0702634 0.063248 -0.0374204 -0.000252848 
281.701 613.607 245.419 22.3326 -0.0746484 0.0632485 -0.0258079 -0.000229682 
281.621 613.772 245.404 22.3244 -0.0788651 0.0632493 -0.0141953 -0.000208138 
281.541 613.938 245.389 22.3165 -0.0829132 0.0632505 -0.00258281 -0.000188131 
281.461 614.104 245.373 22.3088 -0.0867925 0.0632519 0.00902974 -0.000169584 
281.382 614.27 245.357 22.3014 -0.0905028 0.0632535 0.0206423 -0.00015242 
281.302 614.435 245.341 22.2942 -0.0940437 0.0632555 0.0322549 -0.000136566 
281.223 614.601 245.324 22.2873 -0.0974151 0.0632576 0.0438676 -0.000121951 
281.143 614.767 245.307 22.2806 -0.100617 0.06326 0.0554802 -0.000108509 
281.064 614.933 245.289 22.274 -0.103649 0.0632627 0.0670929 -9.61732e-05 
280.984 615.098 245.272 22.2677 -0.10651 0.0632655 0.0787057 -8.48819e-05 
280.905 615.264 245.254 22.2615 -0.109202 0.0632686 0.0903185 -7.4575e-05 
280.826 615.43 245.235 22.2555 -0.111723 0.0632719 0.101931 -6.51947e-05 
280.746 615.596 245.217 22.2497 -0.114074 0.0632753 0.113544 -5.66857e-05 
280.667 615.761 245.198 22.244 -0.116254 0.063279 0.125157 -4.89946e-05 
280.588 615.927 245.179 22.2384 -0.118263 0.0632828 0.13677 -4.20702e-05 
280.509 616.093 245.16 22.2329 -0.120101 0.0632868 0.148383 -3.58633e-05 
280.43 616.259 245.14 22.2275 -0.121769 0.063291 0.159997 -3.03266e-05 
280.351 616.425 245.121 22.2222 -0.123265 0.0632954 0.17161 -2.54144e-05 
280.272 616.59 245.101 22.217 -0.12459 0.0632999 0.183224 -2.1083e-05 
280.193 616.756 245.081 22.2119 -0.125744 0.0633045 0.194838 -1.729e-05 
280.114 616.922 245.061 22.2068 -0.126727 0.0633093 0.206452 -1.39947e-05 
280.035 617.088 245.041 22.2017 -0.127539 0.0633142 0.218066 -1.11575e-05 
279.957 617.253 245.021 22.1967 -0.128179 0.0633193 0.229681 -8.7406e-06 
279.878 617.419 245 22.1918 -0.128648 0.0633245 0.241297 -6.70695e-06 
279.799 617.585 244.98 22.187 -0.128946 0.0633299 0.252913 -5.02081e-06 
279.721 617.751 244.96 22.1823 -0.129072 0.0633354 0.264531 -3.64742e-06 
279.642 617.917 244.939 22.1806 -0.129027 0.063341 0.276151 -2.55296e-06 
279.563 618.082 244.919 22.1872 -0.128807 0.0633467 0.287774 -1.70437e-06 
279.485 618.248 244.899 22.1965 -0.128404 0.0633526 0.299404 -1.06935e-06 
279.406 618.414 244.878 22.206 -0.127816 0.0633586 0.311048 -6.16204e-07 
279.327 618.58 244.858 22.2154 -0.127042 0.0633646 0.322738 -3.13751e-07 
279.248 618.745 244.838 22.2247 -0.126081 0.0633709 0.334836 -1.31236e-07 
279.169 618.911 244.818 22.2337 -0.12492 0.0633772 0.403173 -3.82266e-08 
279.09 619.077 244.798 22.2413 -0.107342 0.0633836 0.387143 -4.50975e-09 
279.011 619.243 244.78 22.2415 -0.0899975 0.0633902 0.369 0 
279.011 619.243 244.78 22.2415 -0.0899975 0.0633902 0.369 0 
279.197 619.056 244.967 22.2414 -0.0762607 0.0610149 0.482653 6.17039e-12 
279.384 618.869 245.153 22.2414 -0.0642271 0.0587178 0.480306 5.25028e-12 
279.571 618.683 245.34 22.2414 -0.0536885 0.0564967 0.477959 4.43098e-12 
279.757 618.496 245.527 22.2414 -0.0444614 0.0543498 0.475612 3.70379e-12 
279.944 618.309 245.713 22.2413 -0.0363843 0.0522752 0.473265 3.06091e-12 
280.131 618.123 245.9 22.2413 -0.029315 0.0502709 0.470918 2.49509e-12 
280.317 617.936 246.087 22.2413 -0.023129 0.0483352 0.468571 1.99908e-12 
280.504 617.75 246.273 22.2413 -0.0177169 0.0464664 0.466224 1.56662e-12 
280.691 617.563 246.46 22.2412 -0.0129827 0.0446628 0.463878 1.19189e-12 
280.877 617.376 246.647 22.2412 -0.00884254 0.0429229 0.461531 8.69177e-13 
281.064 617.19 246.833 22.2412 -0.00522279 0.0412451 0.459184 5.93236e-13 
281.25 617.003 247.02 22.2412 -0.00205907 0.0396279 0.456837 3.59686e-13 
281.437 616.816 247.206 22.2412 0.000704904 0.0380698 0.45449 1.63653e-13 
281.624 616.63 247.393 22.2412 0.00311837 0.0365695 0.452143 1.31781e-15 
281.81 616.443 247.58 22.2412 0.00522431 0.0351257 0.449796 -1.30987e-13 
281.997 616.256 247.766 22.2411 0.00706029 0.0337371 0.447449 -2.3711e-13 
282.184 616.07 247.953 22.2411 0.00865901 0.0324023 0.445102 -3.19711e-13 
282.37 615.883 248.14 22.2411 0.010049 0.0311204 0.442755 -3.81919e-13 
282.557 615.696 248.326 22.2411 0.0112551 0.02989 0.440408 -4.26559e-13 
282.744 615.51 248.513 22.2411 0.0122987 0.0287102 0.438061 -4.55977e-13 
282.93 615.323 248.7 22.2411 0.0131984 0.0275799 0.435714 -4.72126e-13 
283.117 615.136 248.886 22.2411 0.0139704 0.026498 0.433367 -4.77451e-13 
283.304 614.95 249.073 22.2411 0.0146284 0.0254636 0.43102 -4.73617e-13 
283.49 614.763 249.26 22.2411 0.0151841 0.0244759 0.428673 -4.62284e-13 
283.677 614.576 249.446 22.2411 0.0156474 0.0235338 0.426327 -4.44847e-13 
283.864 614.39 249.633 22.2411 0.0160265 0.0226366 0.42398 -4.22631e-13 
284.05 614.203 249.82 22.2411 0.0163281 0.0217836 0.421633 -3.96867e-13 
284.237 614.017 250.006 22.2411 0.0165577 0.0209738 0.419286 -3.68569e-13 
284.424 613.83 250.193 22.2411 0.0167192 0.0202067 0.416939 -3.38464e-13 
284.61 613.643 250.38 22.2411 0.0168155 0.0194814 0.414592 -3.07756e-13 
284.797 613.457 250.566 22.2411 0.0168482 0.0187975 0.412245 -2.76754e-13 
284.984 613.27 250.753 22.2411 0.0168179 0.0181542 0.409898 -2.46265e-13 
285.17 613.083 250.94 22.2412 0.0167239 0.0175511 0.407551 -2.16606e-13 
285.357 612.897 251.126 22.2412 0.0165645 0.0169875 0.405204 -1.8827e-13 
285.544 612.71 251.313 22.2412 0.0163366 0.016463 0.402857 -1.61548e-13 
285.73 612.523 251.499 22.2412 0.0160361 0.0159771 0.40051 -1.36678e-13 
285.917 612.337 251.686 22.2412 0.0156576 0.0155294 0.398163 -1.13888e-13 
286.103 612.15 251.873 22.2412 0.015194 0.0151194 0.395816 -9.32545e-14 
286.29 611.963 252.059 22.2412 0.0146369 0.0147468 0.393469 -7.48494e-14 
286.477 611.777 252.246 22.2413 0.0139763 0.0144114 0.391122 -5.86991e-14 
286.663 611.59 252.433 22.2413 0.0132 0.0141127 0.388776 -4.4714e-14 
286.85 611.403 252.619 22.2413 0.012294 0.0138505 0.386429 -3.29298e-14 
287.037 611.217 252.806 22.2413 0.0112418 0.0136246 0.384082 -2.31885e-14 
287.223 611.03 252.993 22.2413 0.0100243 0.0134348 0.381735 -1.53987e-14 
287.41 610.844 253.179 22.2414 0.00861949 0.0132809 0.379388 -9.42048e-15 
287.597 610.657 253.366 22.2414 0.00700183 0.0131628 0.377041 -5.05468e-15 
287.783 610.47 253.553 22.2414 0.00514205 0.0130804 0.374694 -2.15195e-15 
287.97 610.284 253.739 22.2414 0.00300647 0.0130336 0.372347 -5.29041e-16 
288.157 610.097 253.926 22.2415 0.000556469 0.0130223 0.369 0 
288.157 610.097 253.926 22.2415 0.000556469 0.0130223 0.369 0 
280.451 625.716 253.974 21.4603 0.910905 0.0136477 -0.180334 -0.321749 
273.183 641.342 263.014 14.1374 0.928436 -0.161147 -0.161151 -0.285001 
271.877 655.238 272.342 7.14525 0.28981 -0.315978 0.331172 -0.251042 
276.406 667.603 275.482 5.18029 -0.269442 -0.452346 0.871089 -0.219842 
282.659 678.622 273.137 7.30307 -0.21042 -0.57175 0.789236 -0.191385 
287.175 688.464 271.341 8.88217 -0.0743235 -0.675689 0.657533 -0.165598 
290.38 697.283 270.862 9.39587 0.0137175 -0.765613 0.574845 -0.142362 
293.152 705.214 271.243 9.25191 0.0269222 -0.842906 0.563793 -0.121533 
296.042 712.384 271.757 9.02293 0.010241 -0.908875 0.578755 -0.102948 
299.125 718.902 272.11 8.92732 -0.00559952 -0.964738 0.590298 -0.0864381 
302.294 724.869 272.308 8.9517 -0.0131843 -1.01162 0.592683 -0.0718307 
305.449 730.374 272.431 9.03038 -0.0148895 -1.05056 0.589187 -0.0589598 
308.544 735.496 272.536 9.11833 -0.014373 -1.0825 0.583622 -0.047666 
311.571 740.302 272.645 9.19917 -0.0138442 -1.10829 0.578039 -0.0378003 
314.536 744.853 272.757 9.27328 -0.0139929 -1.12872 0.572955 -0.0292248 
317.445 749.204 272.867 9.34595 -0.0147049 -1.14447 0.568157 -0.021813 
320.299 753.399 272.969 9.42138 -0.0156866 -1.1562 0.563303 -0.0154481 
323.095 757.478 273.06 9.50145 -0.0167582 -1.16446 0.558178 -0.0100259 
325.829 761.476 273.139 9.58664 -0.0178859 -1.16976 0.552721 -0.00544972 
328.498 765.422 273.206 9.67719 -0.0190802 -1.17258 0.546973 -0.00163335 
331.097 769.34 273.259 9.77339 -0.0202667 -1.17331 0.541019 0.00150297 
333.621 773.251 273.299 9.8749 -0.0212233 -1.17233 0.534921 0.00403117 
336.066 777.171 273.328 9.97972 -0.0216664 -1.16998 0.528678 0.00601813 
338.429 781.115 273.351 10.0838 -0.0215076 -1.16654 0.522199 0.00752456 
340.71 785.093 273.374 10.1829 -0.0211664 -1.16228 0.515343 0.00860647 
342.914 789.113 273.399 10.276 -0.0216729 -1.15742 0.50802 0.00931616 
345.044 793.18 273.418 10.3701 -0.0242617 -1.15218 0.50031 0.00970224 
347.1 797.3 273.409 10.481 -0.0293827 -1.14673 0.492534 0.0098099 
349.07 801.473 273.348 10.6265 -0.0355426 -1.14121 0.485152 0.00968152 
350.925 805.701 273.224 10.8122 -0.0389058 -1.13576 0.478501 0.00935665 
352.632 809.983 273.064 11.014 -0.0346843 -1.13049 0.472479 0.00887267 
354.175 814.317 272.942 11.1738 -0.0205254 -1.12548 0.466458 0.0082642 
355.587 818.701 272.958 11.2197 -0.000469199 -1.1208 0.45954 0.00756371 
356.959 823.13 273.17 11.1152 0.0134503 -1.1165 0.451032 0.00680117 
358.415 827.602 273.522 10.9166 0.00490876 -1.11261 0.440979 0.00600416 
360.036 832.112 273.792 10.7993 -0.036896 -1.10916 0.430565 0.00519793 
361.764 836.657 273.652 11.0077 -0.104517 -1.10614 0.42192 0.00440493 
363.337 841.231 272.842 11.7139 -0.16461 -1.10356 0.416645 0.00364512 
364.349 845.831 271.428 12.828 -0.16579 -1.10138 0.414272 0.00293552 
364.452 850.453 269.984 13.8803 -0.0663618 -1.09959 0.412571 0.00229013 
363.676 855.093 269.505 14.1197 0.127729 -1.09816 0.409247 0.00171985 
362.662 859.748 270.936 12.8887 0.33703 -1.09704 0.40321 0.00123219 
362.609 864.413 274.451 10.1689 0.419986 -1.09618 0.394177 0.000831241 
364.758 869.085 278.827 7.00535 0.234546 -1.09555 0.380646 0.000517428 
369.53 873.761 281.424 5.44254 -0.264254 -1.09508 0.357664 0.000287434 
375.687 878.441 279.126 7.73305 -0.937129 -1.09474 0.360737 0.000134034 
380.121 883.125 270.156 14.9241 -1.38364 -1.09446 0.357309 4.60051e-05 
378.783 887.817 256.668 25.005 -1.15811 -1.09423 0.371147 7.86643e-06 
369.167 892.517 245.244 32.7396 0.0270878 -1.09402 0.369 0 
369.167 892.517 245.244 32.7396 0.0270878 -1.09402 0.369 0 
368.022 892.853 245.123 32.4892 0.0302872 -1.1657 -0.188386 -0.164681 
366.89 893.139 245.004 32.2557 -0.0268936 -1.24132 -0.176773 -0.152234 
365.773 893.371 244.844 32.0535 -0.084364 -1.31404 -0.165161 -0.140529 
364.667 893.552 244.645 31.8828 -0.141914 -1.38392 -0.153549 -0.129534 
363.572 893.684 244.405 31.7433 -0.199334 -1.45104 -0.141937 -0.119219 
362.485 893.768 244.125 31.635 -0.256414 -1.51548 -0.130325 -0.109553 
361.404 893.807 243.804 31.5574 -0.312948 -1.57731 -0.118712 -0.100506 
360.328 893.802 243.444 31.5101 -0.368731 -1.63659 -0.1071 -0.0920497 
359.255 893.756 243.045 31.4926 -0.423559 -1.69341 -0.0954878 -0.084155 
358.183 893.669 242.607 31.5042 -0.477237 -1.74784 -0.0838756 -0.0767946 
357.111 893.544 242.131 31.5442 -0.529568 -1.79994 -0.0722634 -0.0699417 
356.036 893.382 241.618 31.6118 -0.580366 -1.84979 -0.0606511 -0.0635702 
354.958 893.186 241.069 31.7059 -0.629447 -1.89745 -0.0490389 -0.0576549 
353.874 892.955 240.486 31.8256 -0.676636 -1.94298 -0.0374266 -0.0521714 
352.783 892.693 239.869 31.9696 -0.721763 -1.98645 -0.0258144 -0.047096 
351.683 892.399 239.22 32.1369 -0.764667 -2.02793 -0.0142021 -0.0424062 
350.574 892.077 238.541 32.326 -0.805195 -2.06747 -0.00258981 -0.03808 
349.454 891.727 237.833 32.5357 -0.843203 -2.10514 0.00902247 -0.0340963 
348.322 891.35 237.097 32.7644 -0.878555 -2.14098 0.0206348 -0.030435 
347.176 890.948 236.337 33.0107 -0.911128 -2.17506 0.032247 -0.0270768 
346.015 890.522 235.553 33.2729 -0.940804 -2.20742 0.0438593 -0.024003 
344.839 890.073 234.749 33.5496 -0.967482 -2.23813 0.0554717 -0.0211962 
343.647 889.602 233.925 33.8389 -0.991066 -2.26722 0.067084 -0.0186392 
342.437 889.111 233.084 34.1391 -1.01147 -2.29474 0.0786963 -0.0163161 
341.21 888.601 232.228 34.4486 -1.02864 -2.32074 0.0903087 -0.0142115 
339.964 888.072 231.36 34.7655 -1.0425 -2.34526 0.101921 -0.0123107 
338.699 887.526 230.482 35.088 -1.053 -2.36834 0.113533 -0.0106001 
337.414 886.964 229.596 35.4143 -1.06012 -2.39001 0.125146 -0.0090663 
336.111 886.386 228.705 35.7425 -1.06384 -2.41031 0.136758 -0.0076969 
334.787 885.794 227.81 36.0709 -1.06413 -2.42928 0.148371 -0.00648002 
333.443 885.189 226.915 36.3976 -1.06101 -2.44694 0.159983 -0.00540441 
332.08 884.571 226.022 36.7207 -1.05448 -2.46332 0.171596 -0.00445939 
330.697 883.942 225.133 37.0385 -1.04458 -2.47845 0.183208 -0.0036348 
329.295 883.302 224.251 37.3491 -1.03134 -2.49234 0.194821 -0.002921 
327.874 882.653 223.378 37.6509 -1.01481 -2.50502 0.206434 -0.00230879 
326.434 881.994 222.516 37.942 -0.995056 -2.51651 0.218047 -0.00178942 
324.977 881.327 221.667 38.2208 -0.972151 -2.52683 0.22966 -0.00135448 
323.502 880.653 220.835 38.4857 -0.94618 -2.53597 0.241273 -0.000995928 
322.01 879.973 220.02 38.7351 -0.917237 -2.54396 0.252887 -0.000706006 
320.503 879.287 219.226 38.9675 -0.885429 -2.55081 0.264503 -0.000477212 
318.981 878.596 218.454 39.1814 -0.850872 -2.55652 0.27612 -0.000302249 
317.446 877.902 217.706 39.3754 -0.813692 -2.56109 0.287744 -0.00017399 
315.898 877.204 216.984 39.5481 -0.774021 -2.56452 0.299412 -8.54289e-05 
314.338 876.503 216.289 39.6985 -0.732001 -2.56681 0.452427 -2.96388e-05 
312.769 875.801 215.625 39.8208 -0.672895 -2.56797 0.436192 2.70838e-07 
311.19 875.098 215.001 39.9114 -0.614729 -2.56798 0.419899 1.11969e-05 
309.605 874.396 214.419 39.9709 -0.55772 -2.56683 0.403598 1.00844e-05 
308.016 873.694 213.877 40 -0.407978 -2.56452 0.387299 1.43371e-06 
306.421 872.993 213.44 39.9732 -0.0899993 -2.56327 0.369 0 
306.421 872.993 213.44 39.9732 -0.0899993 -2.56327 0.369 0 
306.392 872.98 213.438 39.9716 -0.0865208 -2.56327 0.534285 0.00301799 
306.362 872.967 213.437 39.9697 -0.0827127 -2.56327 0.522506 0.00283344 
306.333 872.954 213.436 39.9679 -0.0789284 -2.56327 0.5118 0.00265656 
306.303 872.94 213.434 39.966 -0.0751658 -2.56327 0.502061 0.0024872 
306.274 872.927 213.433 39.9641 -0.0714229 -2.56327 0.493188 0.00232519 
306.245 872.914 213.432 39.9622 -0.067698 -2.56326 0.485096 0.00217038 
306.215 872.901 213.43 39.9602 -0.0639896 -2.56326 0.477709 0.00202259 
306.186 872.887 213.429 39.9582 -0.0602962 -2.56326 0.470962 0.00188166 
306.156 872.874 213.428 39.9561 -0.0566166 -2.56326 0.464791 0.00174744 
306.127 872.861 213.427 39.9541 -0.0529497 -2.56326 0.459143 0.00161975 
306.097 872.848 213.426 39.952 -0.0492943 -2.56326 0.453964 0.00149844 
306.068 872.834 213.425 39.9498 -0.0456495 -2.56326 0.449211 0.00138334 
306.039 872.821 213.424 39.9476 -0.0420146 -2.56326 0.444841 0.00127429 
306.009 872.808 213.423 39.9454 -0.0383887 -2.56326 0.440819 0.00117112 
305.98 872.795 213.422 39.9432 -0.0347712 -2.56326 0.437111 0.00107368 
305.95 872.781 213.422 39.9409 -0.0311614 -2.56326 0.433691 0.000981798 
305.921 872.768 213.421 39.9386 -0.0275588 -2.56326 0.43053 0.000895312 
305.892 872.755 213.42 39.9362 -0.0239629 -2.56326 0.427604 0.00081406 
305.862 872.742 213.419 39.9339 -0.0203731 -2.56326 0.424892 0.000737877 
305.833 872.728 213.419 39.9314 -0.0167891 -2.56326 0.422372 0.000666602 
305.803 872.715 213.418 39.929 -0.0132105 -2.56326 0.420024 0.00060007 
305.774 872.702 213.418 39.9265 -0.00963694 -2.56326 0.417829 0.000538119 
305.745 872.689 213.417 39.924 -0.00606814 -2.56326 0.415769 0.000480585 
305.715 872.675 213.417 39.9214 -0.00250382 -2.56326 0.413827 0.000427304 
305.686 872.662 213.417 39.9188 0.00105624 -2.56326 0.411987 0.000378115 
305.656 872.649 213.416 39.9162 0.00461224 -2.56326 0.410233 0.000332853 
305.627 872.636 213.416 39.9135 0.00816436 -2.56326 0.408552 0.000291354 
305.598 872.622 213.416 39.9108 0.0117127 -2.56326 0.406929 0.000253457 
305.568 872.609 213.416 39.9081 0.0152574 -2.56326 0.405352 0.000218996 
305.539 872.596 213.416 39.9053 0.0187986 -2.56326 0.403809 0.00018781 
305.51 872.583 213.416 39.9025 0.0223363 -2.56326 0.402289 0.000159734 
305.48 872.569 213.415 39.8997 0.0258705 -2.56326 0.40078 0.000134606 
305.451 872.556 213.416 39.8968 0.0294014 -2.56326 0.399274 0.000112261 
305.421 872.543 213.416 39.8939 0.0329287 -2.56326 0.397762 9.25372e-05 
305.392 872.53 213.416 39.891 0.0364527 -2.56326 0.396235 7.52701e-05 
305.363 872.516 213.416 39.888 0.0399732 -2.56326 0.394685 6.02968e-05 
305.333 872.503 213.416 39.885 0.0434901 -2.56326 0.393106 4.74537e-05 
305.304 872.49 213.416 39.8819 0.0470034 -2.56326 0.391491 3.65774e-05 
305.275 872.477 213.417 39.8789 0.0505131 -2.56326 0.389835 2.75045e-05 
305.245 872.463 213.417 39.8758 0.0540191 -2.56326 0.388131 2.00716e-05 
305.216 872.45 213.417 39.8726 0.0575211 -2.56326 0.386375 1.41151e-05 
305.186 872.437 213.418 39.8694 0.0610193 -2.56327 0.384562 9.47166e-06 
305.157 872.424 213.418 39.8662 0.0645133 -2.56327 0.382689 5.9778e-06 
305.128 872.41 213.419 39.863 0.0680032 -2.56327 0.380752 3.47001e-06 
305.098 872.397 213.42 39.8597 0.0714887 -2.56327 0.378748 1.78482e-06 
305.069 872.384 213.42 39.8564 0.0749697 -2.56327 0.376673 7.58727e-07 
305.04 872.371 213.421 39.853 0.0784461 -2.56327 0.374525 2.28236e-07 
305.01 872.357 213.422 39.8496 0.0819178 -2.56327 0.372301 2.98335e-08 
304.981 872.344 213.422 39.8462 0.0853845 -2.56327 0.369 0 
304.981 872.344 213.422 39.8462 0.0853845 -2.56327 0.369 0 
312.984 867.151 211.159 34.4442 0.00249402 -0.792021 0.482653 -9.54344e-14 
320.986 861.959 208.804 30.4804 0.000101131 -0.238987 0.480306 -2.76683e-14 
328.988 856.77 206.356 27.7088 3.20605e-05 -0.0719567 0.477959 -7.8788e-15 
336.991 851.583 203.817 25.8555 3.00668e-05 -0.0216726 0.475612 -2.21464e-15 
344.993 846.397 201.187 24.6497 3.00092e-05 -0.00653916 0.473265 -6.54343e-16 
352.996 841.214 198.466 23.8757 3.00076e-05 -0.00198476 0.470918 -1.68142e-16 
360.998 836.033 195.656 23.3818 3.00075e-05 -0.000614115 0.468571 -1.23344e-16 
369.001 830.853 192.757 23.0674 3.00075e-05 -0.00020162 0.466224 -4.28261e-17 
377.003 825.676 189.769 22.8674 3.00075e-05 -7.74805e-05 0.463878 1.65723e-17 
385.005 820.5 186.694 22.7403 3.00075e-05 -4.01207e-05 0.461531 1.28838e-18 
393.008 815.326 183.531 22.6596 3.00075e-05 -2.88773e-05 0.459184 -3.17744e-18 
401.01 810.154 180.281 22.6083 3.00075e-05 -2.54936e-05 0.456837 -6.89817e-17 
409.013 804.984 176.944 22.5756 3.00075e-05 -2.44753e-05 0.45449 5.53161e-18 
417.015 799.815 173.522 22.5549 3.00075e-05 -2.41688e-05 0.452143 2.07994e-17 
425.017 794.649 170.015 22.5417 3.00075e-05 -2.40766e-05 0.449796 -3.13526e-18 
433.02 789.483 166.422 22.5334 3.00075e-05 -2.40488e-05 0.447449 -2.75668e-17 
441.022 784.32 162.745 22.5281 3.00075e-05 -2.40405e-05 0.445102 1.02748e-17 
449.025 779.158 158.985 22.5247 3.00075e-05 -2.4038e-05 0.442755 -2.09342e-17 
457.027 773.998 155.141 22.5225 3.00075e-05 -2.40372e-05 0.440408 3.7053e-17 
465.03 768.839 151.214 22.5212 3.00075e-05 -2.4037e-05 0.438061 -1.79939e-17 
473.032 763.682 147.204 22.5203 3.00075e-05 -2.40369e-05 0.435714 3.51032e-17 
481.034 758.527 143.111 22.5197 3.00075e-05 -2.40369e-05 0.433367 -7.20744e-18 
489.037 753.373 138.937 22.5194 3.00075e-05 -2.40369e-05 0.43102 -4.62205e-17 
497.039 748.22 134.68 22.5192 3.00075e-05 -2.40369e-05 0.428673 -4.71734e-18 
505.042 743.069 130.342 22.519 3.00075e-05 -2.40369e-05 0.426327 2.99353e-17 
513.044 737.92 125.922 22.5189 3.00075e-05 -2.40369e-05 0.42398 -1.44018e-17 
521.047 732.771 121.421 22.5189 3.00075e-05 -2.40369e-05 0.421633 1.95664e-17 
529.049 727.624 116.839 22.5188 3.00075e-05 -2.40369e-05 0.419286 5.97203e-18 
537.051 722.479 112.175 22.5188 3.00075e-05 -2.40369e-05 0.416939 2.09818e-18 
545.054 717.334 107.43 22.5188 3.00075e-05 -2.40369e-05 0.414592 1.59922e-17 
553.056 712.191 102.603 22.5188 3.00075e-05 -2.40369e-05 0.412245 -6.54331e-18 
561.059 707.049 97.694 22.5188 3.00075e-05 -2.40369e-05 0.409898 -1.40538e-17 
569.061 701.909 92.7027 22.5188 3.00075e-05 -2.40369e-05 0.407551 -8.26863e-18 
577.064 696.769 87.6286 22.5188 3.00075e-05 -2.40369e-05 0.405204 1.21134e-17 
585.066 691.631 82.4709 22.5188 3.00075e-05 -2.40369e-05 0.402857 -1.21144e-17 
593.068 686.494 77.2287 22.5188 3.00075e-05 -2.40369e-05 0.40051 1.88591e-17 
601.071 681.358 71.9011 22.5188 3.00075e-05 -2.40369e-05 0.398163 8.17251e-18 
609.073 676.223 66.4867 22.5187 3.00075e-05 -2.40369e-05 0.395816 6.94945e-18 
617.076 671.089 60.9839 22.5187 3.00076e-05 -2.40368e-05 0.393469 5.63105e-18 
625.078 665.956 55.3905 22.5187 3.00076e-05 -2.40365e-05 0.391122 1.17661e-17 
633.081 660.824 49.7041 22.5186 3.00076e-05 -2.40358e-05 0.388776 -1.29635e-17 
641.083 655.693 43.9213 22.5185 3.00076e-05 -2.40331e-05 0.386429 1.10514e-17 
649.085 650.563 38.0379 22.5183 3.00076e-05 -2.40244e-05 0.384082 -4.33075e-18 
657.088 645.433 32.0484 22.5181 3.00076e-05 -2.39954e-05 0.381735 1.01016e-17 
665.09 640.305 25.9451 22.5177 3.00076e-05 -2.3899e-05 0.379388 -6.75086e-18 
673.093 635.178 19.7169 22.517 3.00069e-05 -2.35789e-05 0.377041 3.73838e-18 
681.095 630.051 13.3463 22.516 2.99833e-05 -2.2515e-05 0.374694 -1.99285e-18 
689.098 624.925 6.8014 22.5144 2.91665e-05 -1.898e-05 0.372347 1.04564e-18 
697.1 619.8 0.00218763 22.5119 8.6617e-07 -7.23388e-06 0.369 0 
