grtopS_62_3
50
2 2
8 8 
0 6 1 5 4 3 2 7 
0 6 1 5 4 3 2 7 
2042.37 66.744 91.0774 76.4969 64.5698 64.7336 49.6464 
106136 40.5377 107.225 72.7037 0 48.4209 45.2572 
41.6811 1.36212 1.85872 1.56116 1.31775 1.32109 1.01319 
2166.04 0.8273 2.18827 1.48375 0 0.988182 0.923617 
1.25473e-08 0 0.636135 1.08776 0 2.17908e-09 0.887709 
1.45303e-06 1.44845e-06 1.43638e-06 1.44252e-06 4.93069 0.218431 1.56982 
825.91 400.77 530.7 32.5413 0.799747 0 0.0432183 0 
825.91 400.77 530.7 32.5413 0.799747 -7.68274e-11 0.0436344 -0.0448466 
825.91 400.77 530.7 32.5337 0.884013 -0.563318 0.0420956 0.0451045 
293.445 318.58 610.124 18.1509 1.10973 -0.177562 0.0664619 0.0710539 
208.37 -400.953 472.957 33.6336 0.772846 0.0498445 0.0414703 -0.00501385 
195.315 -343.058 480.181 32.8023 0.790818 0.0445842 0.0428068 -0.00142166 
184.816 -326.791 479.543 32.7623 0.791342 0.0458848 0.0428765 -0.00129274 
174.88 -312.194 478.206 32.8308 0.7899 0.0476816 0.0427647 -0.0015799 
165.25 -294.205 477.552 32.8001 0.790637 0.0489655 0.0428108 -0.00143494 
156.152 -277.827 476.677 32.7529 0.791479 0.0504877 0.0428883 -0.00125142 
147.581 -263.637 475.188 32.7701 0.791071 0.0525079 0.0428592 -0.0013269 
139.369 -248.551 473.828 32.7491 0.79143 0.0544564 0.0428937 -0.00124265 
131.58 -234.424 472.177 32.7401 0.791723 0.0566934 0.042903 -0.00118601 
124.186 -220.844 470.535 32.6728 0.792913 0.0590133 0.0430134 -0.000924715 
117.274 -210.376 468.006 32.6986 0.792205 0.0620625 0.0429718 -0.00104911 
110.608 -198.471 465.578 32.6937 0.792195 0.0650666 0.0429785 -0.00103613 
104.252 -186.698 462.996 32.6746 0.792467 0.0682549 0.0430081 -0.000964673 
98.2189 -175.744 460.1 32.6579 0.792611 0.0717575 0.0430351 -0.000913217 
92.4791 -165.415 456.841 32.6578 0.792404 0.075598 0.0430353 -0.0009311 
86.9733 -154.888 453.383 32.6524 0.792376 0.0796582 0.0430424 -0.000916453 
81.7018 -144.491 449.735 32.6242 0.792777 0.0839621 0.0430866 -0.000810587 
76.698 -135.303 445.625 32.6062 0.792903 0.088736 0.0431151 -0.000755698 
71.9235 -126.76 441.095 32.5976 0.7928 0.0939295 0.0431291 -0.000742588 
67.3377 -118.366 436.212 32.5903 0.792789 0.0995079 0.043138 -0.000713773 
62.9363 -110.175 431.099 32.543 0.793512 0.105472 0.0432122 -0.000534724 
58.8441 -104.062 425.255 32.52 0.793515 0.112133 0.0432511 -0.000481218 
54.9585 -98.6189 418.727 32.5441 0.792636 0.119459 0.0432115 -0.000612863 
51.1963 -91.6202 412.089 32.5256 0.79273 0.127019 0.0432378 -0.000554528 
47.6627 -85.2491 404.988 32.4816 0.793106 0.13511 0.0433097 -0.000421218 
44.3775 -80.5216 396.927 32.5017 0.792087 0.144069 0.0432795 -0.000561982 
41.1607 -74.221 388.501 32.5198 0.791369 0.153446 0.0432461 -0.000659705 
38.0279 -66.6974 379.939 32.4567 0.792178 0.163135 0.0433469 -0.000429213 
35.1306 -61.7933 370.254 32.4409 0.791935 0.173984 0.0433708 -0.000414138 
32.3963 -57.1092 359.869 32.4208 0.79169 0.185545 0.0434031 -0.000384784 
29.768 -52.7724 348.65 32.4157 0.791126 0.198 0.0434099 -0.000419009 
27.2217 -48.0338 336.747 32.3955 0.790826 0.211235 0.0434414 -0.000394428 
24.7821 -43.5898 323.957 32.3779 0.790425 0.225422 0.0434684 -0.000382037 
22.425 -39.2675 310.261 32.3574 0.790021 0.240625 0.0435003 -0.000366739 
20.1671 -35.1494 295.57 32.3382 0.789525 0.256886 0.0435301 -0.000360433 
17.971 -31.106 279.835 32.3193 0.788971 0.274292 0.0435589 -0.000358847 
15.8314 -27.0718 263.013 32.2952 0.788463 0.292905 0.0435962 -0.000341029 
13.7575 -23.245 244.99 32.2695 0.787902 0.312833 0.0436358 -0.000325513 
11.7381 -19.6178 225.668 32.2459 0.787177 0.33416 0.0436731 -0.000329348 
9.74372 -15.9727 204.954 32.2326 0.786195 0.356993 0.0436935 -0.000379259 
7.74785 -11.7563 182.917 32.2051 0.785616 0.381307 0.043727 -0.000350357 
5.7705 -7.77725 159.509 32.1234 0.784816 0.407226 0.0438265 -0.000387908 
3.90041 -5.39307 132.902 32.4031 0.766886 0.43439 0.0436593 -0.00316486 
-0.0186133 22.5581 97.7093 35.3657 0.718629 0.465143 0.0387928 0.0121506 
-11.5402 183.507 105.464 30.8082 0.860348 0.791815 0.038984 -0.000416468 
293.799 74.2167 110.939 12.3913 0.040606 0.656558 0.0422183 0 
293.799 74.2167 110.939 12.3913 0.040606 0.656558 0.0422183 0 
293.93 112.059 111.971 11.8633 -0.80697 0.658073 0.731646 -1.02859 
295.102 149.926 98.6129 21.8363 0.0275509 -0.306677 -0.176775 -1.00718 
281.942 171.408 99.1662 20.5954 0.145041 -1.252 -0.165163 -0.985772 
270.437 176.821 101.75 17.964 0.0898581 -2.17785 -0.153551 -0.964362 
262.61 166.496 103.468 16.3288 -0.358415 -3.08422 0.246907 -0.942949 
257.209 140.765 97.6114 20.3708 -0.0444128 -3.97108 -0.130323 -0.610716 
245.985 99.965 96.9815 20.1878 -0.0435179 -4.54644 -0.118714 0.900128 
234.98 49.3862 96.3718 20.0049 -0.042625 -3.70285 -0.107102 0.878724 
224.215 13.1446 95.7823 19.8219 -0.0417319 -2.8788 -0.0954893 0.857315 
213.69 -9.09169 95.213 19.639 -0.0408361 -2.07431 -0.083877 0.835895 
203.405 -17.6551 94.6638 19.456 -0.0399359 -1.28938 -0.0722647 0.48775 
193.362 -12.8782 94.135 19.273 -0.0390358 -0.830985 -0.0606525 -0.774282 
183.555 -0.310645 93.6264 19.0898 -0.0381492 -1.55787 -0.0490402 -0.0155545 
173.97 -0.0972518 93.1379 18.9068 -0.0372873 -1.57247 -0.0374279 0.00114662 
164.617 -0.132258 92.669 18.7242 -0.0364336 -1.57139 -0.0258157 0.00343372 
155.497 -0.149176 92.2196 18.5421 -0.035521 -1.56817 -0.0142034 -0.0017732 
146.609 -0.111475 91.7907 18.3596 -0.0344741 -1.56983 -0.00259111 -0.000280007 
137.955 -0.102254 91.3845 18.1751 -0.0333505 -1.57009 0.00902117 -5.3483e-06 
129.538 -0.0976963 91.0025 17.9877 -0.0324799 -1.5701 0.0206335 -4.38381e-06 
121.363 -0.0934214 90.6403 17.8012 -0.0323087 -1.5701 0.0322458 7.441e-05 
113.429 -0.0894141 90.2862 17.6244 -0.0326978 -1.57003 0.0438581 -0.000462165 
105.724 -0.0844061 89.9302 17.4635 -0.0320683 -1.57047 0.0554704 0.00127647 
98.2259 -0.0869461 89.5894 17.3036 -0.0278805 -1.56927 0.0670827 -0.000800927 
90.9327 -0.0692775 89.324 17.0985 -0.0200492 -1.57002 0.0786951 -6.00853e-05 
83.907 -0.064605 89.1974 16.8061 -0.015917 -1.57008 0.0903075 0.000650681 
77.2737 -0.061208 89.1489 16.484 -0.029459 -1.56947 0.10192 0.0795211 
71.082 -0.0477777 88.8791 16.364 -0.0651134 -1.49476 0.113532 0.083467 
65.0578 1.23519 88.0065 16.7096 -0.0899024 -1.4163 0.125145 -0.449619 
58.5427 3.8521 86.7033 17.3287 -0.0290762 -1.83858 0.136758 -0.429152 
51.1137 -0.707329 86.4169 17.084 0.159694 -2.24192 0.148372 -0.407744 
43.9385 -12.1221 89.3456 14.4168 0.334769 -2.62543 0.160003 0.341339 
40.4306 -30.0578 95.3224 9.77248 0.106421 -2.30549 0.493075 0.364933 
43.5331 -42.561 97.5448 8.34532 -0.0196181 -1.96317 0.63183 0.343528 
48.7024 -49.2477 97.6639 8.60189 -0.0206854 -1.64071 0.615561 0.322121 
53.531 -50.4537 97.7579 8.85605 -0.0217215 -1.33815 0.599272 0.300713 
58.0212 -46.5172 97.8274 9.10768 -0.0231629 -1.05549 0.582973 0.279305 
62.1753 -37.7764 97.8655 9.36231 -0.0254369 -0.792755 0.566669 0.257897 
65.9883 -24.5698 97.858 9.63037 -0.0280552 -0.549949 0.550364 0.236489 
69.4402 -7.2362 97.7987 9.91484 -0.0288512 -0.327089 0.534058 0.215081 
72.5059 13.8854 97.7182 10.1903 -0.025222 -0.124188 0.517753 0.193673 
75.1952 38.4557 97.6918 10.4006 -0.0187026 0.0587388 0.501447 0.172264 
77.5976 66.1353 97.7705 10.5155 -0.0198496 0.221679 0.485141 0.150856 
79.8486 96.5844 97.8266 10.6448 -0.0438622 0.364618 0.468835 0.129448 
81.9357 129.463 97.471 11.0825 -0.0879741 0.487544 0.452529 0.10804 
83.4313 164.431 96.3538 12.0543 -0.102126 0.590443 0.436223 0.0866313 
83.5715 201.149 94.9696 13.1137 -0.000915174 0.673301 0.419916 0.0652226 
82.1886 239.277 95.2767 12.7593 0.227447 0.736101 0.40361 0.0438127 
81.2219 278.471 99.4747 9.50356 0.352778 0.778824 0.387304 0.0158632 
84.79 318.389 105.891 5.00003 -0.0899954 0.795316 0.369 0 
84.79 318.389 105.891 5.00003 -0.0899954 0.795316 0.369 0 
98.3158 372.599 105.182 6.73046 -1.09881 0.161383 1.15369 -1.02859 
109.048 413.216 79.9074 26.2968 0.262222 -1.47189 -0.176775 -1.00718 
82.6038 414.878 86.5753 20.3595 0.850096 -3.04948 -0.165163 -0.985773 
67.2686 379.941 107.098 5 0.0675486 -4.94989 0.586671 -0.553483 
80.6733 301.998 110.04 5 -0.191576 -6.28 0.704288 -0.224951 
94.3138 192.117 106.975 9.44414 -0.0370703 -6.27994 0.494589 0.899044 
100.563 82.2428 107.328 10.7127 0.364105 -4.69275 0.21222 0.900135 
104.314 9.40547 116.938 5 0.0549012 -2.90706 0.658705 0.878725 
119.305 -22.251 119.59 5 0.0456456 -1.14675 0.66637 0.102242 
133.998 -13.082 122.026 5 0.0631944 -1.03217 0.661755 -0.0902084 
149.255 -0.149755 124.868 5 0.0642794 -1.54205 0.643051 -0.000420265 
164.176 -0.127862 127.736 5 0.000542572 -1.54895 0.679342 0.000340673 
179.717 -0.204781 129.126 5 0.0642612 -1.54561 0.643364 -0.000150001 
195.294 -0.150529 131.993 5 0.00161065 -1.54865 0.660955 -0.000137012 
211.033 -0.160516 133.408 5 0.00160888 -1.54965 0.660962 -0.000252173 
226.837 -0.169117 134.824 5 0.00162941 -1.54253 0.660648 -0.000340036 
242.709 -0.179321 136.24 5 0.000562274 -1.55511 0.679034 1.13336e-05 
258.646 -0.187781 137.631 5 0.0632123 -1.55168 0.661442 0.000328491 
274.08 -0.198622 140.473 5 0.0632123 -1.54765 0.661442 -6.78995e-05 
289.798 -0.208066 143.316 5 0.0632123 -1.54773 0.661442 -0.000264646 
305.624 -0.218487 146.158 5 0.0632123 -1.55084 0.661442 0.000292873 
321.558 -0.299773 149.001 5 0.0632123 -1.54556 0.661442 8.38275e-05 
337.601 -0.259016 151.843 5 0.0632123 -1.54785 0.661442 -0.000129478 
353.752 -0.270184 154.686 5 0.0632123 -1.54788 0.661442 0.000735373 
370.012 -0.28154 157.528 5 0.0632122 -1.54781 0.661444 0.000937532 
386.38 -0.29093 160.37 5 0.0632187 -1.54783 0.661333 -0.000250589 
402.857 -0.300633 163.213 5 0.0628389 -1.55043 0.667879 0.000446002 
419.442 -0.370133 166.047 5 0.0527584 -1.54584 0.696005 3.59653e-05 
436.136 -0.333824 168.588 5 0.0599347 -1.548 0.669615 3.68822e-05 
452.94 -0.34743 171.352 5.04947 4.47811e-05 -1.54719 0.680816 -1.58276e-05 
469.836 -0.342267 172.729 5.75205 0.0797521 -1.54647 0.66451 -0.000169798 
486.035 -0.36473 175.407 5.34341 0.0246123 -1.54899 0.648204 7.12735e-06 
502.118 -0.400122 177.343 5.98543 0.0337263 -1.54644 0.631898 0.0206396 
517.673 -0.37593 179.397 6.27418 0.032666 -1.48468 0.615592 -0.0640237 
532.824 0.984047 181.391 6.53104 0.0312825 -1.4647 0.599286 -0.3007 
547.594 2.78116 183.347 6.78902 0.0299907 -2.48423 0.58298 -0.246316 
561.965 -18.4688 185.266 7.0446 0.0294129 -3.30852 0.566673 0.257895 
575.941 -59.4071 187.148 7.30008 0.0276951 -2.34398 0.550367 0.236489 
589.544 -77.9873 188.991 7.55851 0.0263584 -1.58349 0.534061 0.215081 
602.78 -78.37 190.792 7.82019 0.0252064 -0.826275 0.517755 0.193673 
615.638 -60.6569 192.553 8.08164 0.0245505 0.0588246 0.501449 0.172265 
628.108 -22.5553 194.294 8.32972 0.0253457 0.661537 0.485143 0.150857 
640.219 29.6542 196.044 8.54434 0.0263133 1.18442 0.468837 0.129448 
652.033 94.0242 197.747 8.77225 0.0154684 1.98906 0.452531 0.10804 
663.522 177.035 199.18 9.18731 -0.00340494 2.767 0.436224 0.086632 
674.335 278.251 200.201 9.85704 0.0124138 3.51822 0.419918 0.0652237 
683.958 395.782 201.613 10.1022 0.119473 3.60923 0.403612 0.0438163 
693.137 515.468 205.56 8.45929 0.227289 4.30635 0.387306 -0.000513267 
705.577 652.383 211.969 5 -0.09 4.57359 0.369 0 
705.577 652.383 211.969 5 -0.09 4.57359 0.369 0 
716.287 770.96 209.751 8.07556 -0.47291 3.49063 1.14506 -1.02695 
722.624 869.57 200.003 15.5558 -0.107978 3.4758 0.195084 -1.00628 
718.556 968.938 199.278 16.6758 0.832218 2.37111 -0.164253 -0.984867 
712.328 1046.78 214.716 5 -0.051651 0.934624 0.754612 -0.963459 
725.25 1096.53 213.246 5.00013 -1.4 0.00900611 1.08847 -0.934477 
738.624 1128.34 185.51 24.6957 -0.0953456 0.0918688 -0.130325 -0.921551 
717.578 1161.82 184.558 23.6042 -0.382817 -1.98683 0.154444 -0.900142 
698.192 1152.62 177.4 27.1391 -0.0365852 -4.04409 -0.107102 -0.877827 
672.843 1104.44 177.707 24.8808 0.19305 -5.75461 -0.0954898 -0.421546 
653.063 1024.02 180.402 21.6372 0.0344472 -6.27943 0.13827 0.0421681 
636.356 931.305 180.095 20.9549 -0.0274768 -6.27922 0.177471 -0.0453295 
622.89 838.586 180.76 19.9646 -0.110997 -6.27921 0.256016 0.0563083 
608.864 745.931 179.797 19.3929 -0.13098 -6.27996 0.29943 0.21377 
595.701 653.106 178.503 19.1514 -0.145792 -6.27997 0.3099 0.146545 
582.87 560.279 176.889 19.152 -0.174368 -6.27997 0.455296 0.141243 
569.986 467.453 174.69 19.4464 0.220838 -6.27997 0.00250016 -0.0207434 
556.403 374.628 178.077 14.2211 -0.54854 -6.27996 0.877311 -0.0441964 
551.408 281.796 168.8 20.31 0.173164 -5.88494 0.00902494 0.646732 
536.631 197.051 173.406 17.8515 -0.141597 -6.27973 0.421631 -0.407405 
525.628 104.228 171.927 17.8833 -0.0850542 -5.6343 0.398971 0.621833 
514.506 24.8899 171.527 18.0511 -0.0899013 -3.88018 0.419535 0.599531 
503.136 -20.5524 169.742 17.2737 -0.00383275 -2.16823 0.439372 -0.156269 
492.902 -33.2873 168.82 17.1176 -0.00547233 -1.24919 0.449788 -0.261443 
482.891 -25.994 167.872 16.9876 -0.00558004 -0.442681 0.458666 0.103796 
473.058 -2.94124 166.926 16.8413 -0.00385751 -1.4178 0.469025 -0.158754 
463.401 0.841317 166.018 16.6746 0.00097816 -1.61459 0.479488 0.0345289 
453.964 -0.291865 165.209 16.4467 0.005376 -1.5647 0.489732 5.37733e-06 
444.85 -0.315939 164.493 16.1703 -0.00257503 -1.56284 0.50606 -0.00291899 
436.143 -0.302149 163.631 16.0207 -0.0138502 -1.56411 0.475207 0.00446855 
427.64 -0.324239 162.553 16.3754 -0.142254 -1.55338 0.512738 0.126339 
418.591 -0.139668 161.083 16.507 -0.0930423 -1.39381 0.513922 -0.279052 
409.263 4.3789 160.562 15.8966 -0.0172253 -1.81004 0.520788 0.326731 
400.831 -1.06684 161.553 15.166 -0.0358164 -2.54619 0.183734 0.328153 
393.575 -21.1182 161.618 16.3069 0.034135 -3.28139 0.195627 -0.00103487 
384.501 -55.5379 161.467 16.2508 0.00263222 -2.19609 0.207071 -0.29986 
375.538 -68.4983 162.577 16.6637 0.0555071 -2.72614 0.218708 0.279303 
365.945 -90.6143 162.847 16.2308 0.0511494 -1.33856 0.230322 0.257896 
357.061 -85.0157 163.044 15.9075 0.050412 0.0270555 0.241936 -0.235636 
348.712 -54.3752 163.238 15.6262 0.0515828 0.698439 0.25355 -0.214232 
340.818 -11.2664 163.463 15.3532 0.053455 -0.0997563 0.265165 -0.192824 
333.347 18.4564 163.734 15.0772 0.0531353 0.547956 0.276781 -0.171414 
326.327 60.7947 164.006 14.831 0.0475429 0.783147 0.2884 -0.149999 
319.708 107.714 164.175 14.6889 0.0103188 1.01386 0.300201 -0.128581 
313.336 159.126 164.201 14.5516 0.0676862 1.21038 0.31162 0.107165 
307.159 214.366 164.77 14.1262 0.00242766 1.21812 0.323416 0.0857555 
301.694 269.755 166.19 12.5502 0.475636 1.57404 0.334914 0.0652231 
300.741 331.393 176.839 6.30958 0.0813561 2.73446 0.403612 0.0438153 
308.08 414.666 179.367 5.16057 0.125925 3.87276 0.387306 -0.0220315 
319.347 520.233 183.287 5 -0.09 2.76619 0.369 0 
319.347 520.233 183.287 5 -0.09 2.76619 0.369 0 
329.282 591.522 182.333 6.67786 -1.2562 2.76904 1.15369 -1.02859 
337.358 662.859 162.16 22.1949 -0.211387 1.83712 -0.112336 -1.00718 
323.97 718.89 158.757 23.8982 0.121013 0.924013 -0.165163 -0.985775 
308.105 759.909 160.775 21.2992 0.582542 0.0297508 -0.153551 -0.964367 
295.567 786.222 170.45 13.1968 0.658817 -0.845657 -0.141937 -0.942959 
293.986 798.133 181.592 5 -0.499912 -1.70219 0.755555 -0.921551 
303.941 795.951 173.898 11.525 -0.708861 -2.53979 0.696633 -0.900143 
305.104 780.005 162.597 20.0075 -0.0421072 -3.35849 -0.107101 -0.878734 
294.489 750.606 162.035 19.8237 -0.040849 -4.15829 -0.0954893 -0.857326 
284.086 708.056 161.499 19.6355 -0.0397191 -4.93916 -0.083877 -0.835917 
273.904 652.667 160.986 19.4449 -0.0394131 -5.70108 -0.0722644 -0.633995 
263.945 584.75 160.483 19.2624 -0.0402878 -6.28 -0.0606517 0.00341448 
254.203 507.314 159.971 19.102 -0.0410483 -6.28 -0.0490395 0.0034145 
244.656 429.878 159.451 18.9599 -0.0382618 -6.28 -0.0374271 0.00341462 
235.278 352.442 158.979 18.7897 -0.0291506 -6.28 -0.0258147 0.230935 
226.106 275.006 158.663 18.5153 -0.0182073 -6.07322 -0.0142021 0.707468 
217.283 200.969 158.533 18.125 -0.0216925 -5.43322 -0.00258927 0.686061 
208.981 137.455 158.357 17.8117 -0.0573821 -4.81225 0.00902464 0.664653 
201.105 84.1503 157.601 17.97 -0.112657 -4.21033 0.0206424 0.643244 
193.021 40.743 155.933 18.7944 -0.11367 -3.62747 0.0762658 0.621836 
183.805 6.92015 154.227 19.5028 0.150341 -3.06368 0.0528919 0.600428 
173.519 -17.6319 156.842 16.8496 0.462167 -2.51898 0.0555786 0.57902 
166.72 -33.2307 164.655 10.578 0.361276 -1.99339 0.342917 0.557611 
168.482 -40.1941 170.974 6.03193 -0.00888833 -1.48691 0.778506 0.536199 
176.569 -38.8346 171.327 6.28734 -0.0102605 -0.999539 0.762343 0.51479 
184.338 -29.4614 171.65 6.54429 -0.0115156 -0.531307 0.746039 -0.447286 
191.785 -12.3892 171.946 6.80124 -0.0127639 -0.93713 0.729733 -0.471952 
198.899 -1.98937 172.215 7.05811 -0.014008 -1.36564 0.713427 -0.323499 
205.678 1.36513 172.456 7.31484 -0.0152618 -1.65951 0.697121 0.0952888 
212.124 -0.112005 172.67 7.57159 -0.0165455 -1.57297 0.680815 0.00447281 
218.24 -0.165925 172.856 7.82872 -0.0178574 -1.5689 0.664509 0.0350627 
224.024 -0.15277 173.014 8.08654 -0.0191371 -1.53704 0.648203 -0.0783122 
229.474 0.384615 173.144 8.34458 -0.0202773 -1.60819 0.631897 -0.342828 
234.587 -0.247608 173.249 8.60107 -0.0212466 -1.91978 0.615591 -0.286706 
239.363 -6.00293 173.33 8.85404 -0.0222902 -2.18058 0.599285 0.300701 
243.805 -16.0461 173.388 9.10479 -0.0239554 -1.9077 0.582979 0.279302 
247.922 -21.6021 173.412 9.36134 -0.0265756 -1.65408 0.566673 0.257896 
251.707 -22.9879 173.386 9.63501 -0.0292291 -1.41975 0.550367 0.236488 
255.134 -20.5205 173.309 9.92439 -0.0292475 -1.20473 0.534061 0.21508 
258.18 -14.5173 173.225 10.1948 -0.0242359 -1.00902 0.517755 0.193672 
260.868 -5.29587 173.215 10.3854 -0.0172417 -0.832631 0.501448 0.172264 
263.305 6.82594 173.316 10.48 -0.0207384 -0.675586 0.485142 0.150856 
265.623 21.53 173.356 10.6199 -0.0494882 -0.537894 0.468836 0.129448 
267.77 38.4982 172.921 11.1164 -0.0959224 -0.419567 0.45253 0.108039 
269.265 57.4125 171.708 12.1523 -0.104172 -0.320618 0.436224 0.0866309 
269.359 77.9548 170.333 13.1923 0.0090568 -0.241059 0.419918 0.0652219 
268.002 99.8063 170.792 12.7163 0.242037 -0.180909 0.403612 0.0438111 
267.211 122.646 175.094 9.3887 0.356308 -0.140183 0.387306 0.00503179 
270.909 146.153 181.363 5.00001 -0.0899989 -0.134678 0.369 0 
270.909 146.153 181.363 5.00001 -0.0899989 -0.134678 0.369 0 
280.83 169.805 180.407 6.68209 -1.25916 -0.133728 1.15369 -1.02818 
288.884 193.474 160.134 22.275 -0.210976 -1.06955 -0.142201 -1.00544 
275.315 201.733 156.727 23.9906 0.0612517 -1.98531 -0.165161 -0.983792 
259.266 194.899 157.762 22.1246 0.539556 -2.88195 -0.153546 -0.963285 
245.546 173.283 166.731 14.452 0.745761 -3.76052 -0.129803 -0.94185 
242.176 137.177 179.302 5.00039 -0.191709 -4.62014 0.519407 0.285533 
252.004 86.8912 176.669 7.84853 -0.988524 -4.36199 1.04045 0.898804 
258.249 40.8631 160.826 20.0045 -0.0422585 -3.54487 -0.106707 0.877739 
247.614 8.31723 160.26 19.8222 -0.0404857 -2.74644 -0.0954641 0.856705 
237.21 -11.0674 159.729 19.6291 -0.0395315 -1.96664 -0.0836954 0.835333 
227.054 -17.5982 159.218 19.4362 -0.039777 -1.2058 -0.0711424 0.331227 
217.146 -11.5875 158.708 19.258 -0.0392337 -0.90377 -0.0604969 -0.689423 
207.46 -0.598228 158.212 19.0844 -0.0403223 -1.53149 -0.0489536 -0.0545702 
197.98 0.0435532 157.702 18.9346 -0.0400844 -1.58118 -0.0373532 0.0122966 
188.679 -0.133991 157.201 18.7895 -0.034673 -1.56999 -0.0257353 -0.000110576 
179.552 -0.127116 156.792 18.5837 -0.0234177 -1.57009 -0.0141103 -0.00372533 
170.68 -0.122108 156.575 18.2504 -0.0158986 -1.57348 -0.00248775 0.0194762 
162.238 -0.1734 156.49 17.8502 -0.0319603 -1.55574 0.0091275 0.38208 
154.328 0.0673578 156.151 17.6859 -0.0816166 -1.2076 0.0207425 -0.446662 
146.644 6.04659 154.998 18.1535 -0.127366 -1.61433 0.0323657 -0.621709 
138.314 5.3218 153.078 19.1362 -0.0705818 -2.18082 0.0440016 -0.60035 
128.597 -4.73989 152.068 19.2928 0.167204 -2.72822 0.055654 -0.578917 
118.554 -23.8247 154.974 16.4419 0.4535 -3.25646 0.0673627 -0.215417 
112.271 -51.62 162.675 10.2983 0.317878 -3.45386 0.377809 0.536141 
114.399 -82.6757 168.302 6.28965 -0.0101472 -2.96662 0.76218 0.514756 
122.123 -105.704 168.628 6.54568 -0.0114493 -2.49853 0.745949 0.493347 
129.525 -121.016 168.925 6.80235 -0.0127065 -2.04964 0.729663 0.471931 
136.605 -128.928 169.196 7.05907 -0.0139525 -1.61996 0.713367 0.45051 
143.361 -129.758 169.439 7.31571 -0.0152067 -1.20952 0.697068 0.429087 
149.791 -123.821 169.654 7.57236 -0.01649 -0.818325 0.680768 0.407666 
155.895 -111.435 169.842 7.8294 -0.0178015 -0.446389 0.664467 0.386255 
161.672 -92.9188 170.001 8.08714 -0.0190833 -0.0937165 0.648164 0.364856 
167.118 -68.5884 170.132 8.34514 -0.0202296 0.239692 0.631861 0.343463 
172.232 -38.7619 170.237 8.60166 -0.0212059 0.553829 0.615556 0.322069 
177.015 -3.75686 170.32 8.85473 -0.0222468 0.848681 0.599252 0.300671 
181.471 36.1087 170.379 9.10554 -0.0238907 1.12423 0.582947 0.27927 
185.602 80.5168 170.404 9.36189 -0.0264803 1.38046 0.566641 0.257867 
189.4 129.149 170.379 9.63505 -0.0291331 1.61736 0.550335 0.236461 
192.84 181.686 170.304 9.924 -0.0292244 1.83492 0.534029 0.215055 
195.898 237.81 170.219 10.1949 -0.0243385 2.03311 0.517723 0.193647 
198.597 297.201 170.208 10.3873 -0.0173883 2.21193 0.501416 0.172239 
201.041 359.54 170.307 10.4838 -0.0206749 2.37136 0.485109 0.150829 
203.365 424.507 170.348 10.6229 -0.0489859 2.51139 0.468801 0.129418 
205.517 491.783 169.919 11.1141 -0.0951647 2.63201 0.452493 0.108003 
207.023 561.047 168.716 12.1435 -0.103903 2.73319 0.436183 0.0865845 
207.134 631.98 167.342 13.1837 0.0081186 2.81492 0.419872 0.0651536 
205.79 704.262 167.787 12.7192 0.240249 2.87718 0.403559 0.0436765 
204.998 777.569 172.071 9.40534 0.355171 2.91991 0.387241 0.0151079 
208.688 851.578 178.336 5.01805 -0.0898059 2.93663 0.369 0 
208.688 851.578 178.336 5.01805 -0.0898059 2.93663 0.369 0 
217.197 907.657 176.717 5.41706 -0.341641 2.0516 1.15369 -1.02859 
225.316 952.548 171.907 7.76752 -0.143165 0.446976 1.13739 -1.00718 
230.866 977.156 169.557 8.02445 -0.144421 -1.14351 1.12108 -0.985599 
236.081 981.656 167.187 8.28139 -0.145676 -2.71955 1.10478 -0.964146 
240.96 966.232 164.795 8.53832 -0.146931 -4.23962 1.08847 -0.942661 
245.502 931.592 162.383 8.79525 -0.148186 -5.76611 1.07216 -0.0826633 
249.709 877.653 159.949 9.05218 -0.149441 -6.25757 1.05586 0.00013598 
253.589 817.502 157.495 9.30911 -0.150697 -6.25796 1.03955 -0.0579645 
257.146 757.346 155.019 9.56605 -0.151953 -6.25803 1.02324 -0.0999821 
260.381 697.189 152.522 9.82299 -0.153208 -6.25798 1.00694 0.126091 
263.293 637.034 150.004 10.0799 -0.154461 -6.25788 0.990633 -0.263731 
265.881 576.879 147.465 10.3369 -0.155712 -6.25783 0.974327 -0.250315 
268.145 516.726 144.905 10.5938 -0.156963 -6.25782 0.95802 -0.236884 
270.084 456.573 142.324 10.8506 -0.158218 -6.25799 0.941714 0.0510254 
271.698 396.417 139.722 11.1075 -0.159481 -6.27823 0.925408 -0.211298 
272.986 336.007 137.099 11.3645 -0.16075 -6.27998 0.909102 -0.19697 
273.947 275.574 134.455 11.6216 -0.162015 -6.27999 0.892796 -0.18392 
274.582 215.141 131.789 11.8788 -0.163261 -6.27999 0.87649 -0.655313 
274.888 154.709 129.102 12.1358 -0.164477 -6.27999 0.860184 -0.160036 
274.866 94.2768 126.395 12.3925 -0.165676 -5.6389 0.843878 0.62181 
274.523 41.9495 123.667 12.6487 -0.166904 -4.31876 0.827571 0.600407 
273.864 6.31176 120.919 12.9047 -0.168223 -3.0129 0.811265 0.578992 
272.891 -12.817 118.149 13.1614 -0.169654 -1.72135 0.794959 0.557612 
271.6 -15.6176 115.355 13.4198 -0.171109 -0.444494 0.778653 -0.339306 
269.99 -2.27582 112.538 13.68 -0.172384 -1.31517 0.762347 0.00769411 
268.036 0.0590297 109.7 13.9402 -0.173264 -1.51642 0.746041 0.00552738 
265.746 -0.150112 106.845 14.1965 -0.173763 -1.49939 0.729735 -9.97481e-05 
263.123 -0.143807 103.979 14.4455 -0.174353 -1.49994 0.713429 -0.0015679 
260.176 -0.144283 101.1 14.6889 -0.175894 -1.49968 0.697122 -0.00307988 
256.91 -0.141265 98.1965 14.9361 -0.179061 -1.49984 0.680816 0.000565647 
253.321 -0.139997 95.2481 15.2024 -0.183366 -1.48395 0.66451 0.0269208 
249.388 0.0623255 92.24 15.4974 -0.186492 -1.18722 0.648204 -0.323121 
245.085 4.01622 89.1863 15.8072 -0.185038 -2.29865 0.631898 -0.343474 
240.378 -6.08051 86.1448 16.0866 -0.17729 -3.4267 0.615592 -0.100619 
235.298 -30.4379 83.1955 16.2776 -0.166985 -3.85182 0.599286 0.300699 
229.943 -60.1696 80.3726 16.3628 -0.164754 -2.75516 0.58298 0.279299 
224.441 -76.0371 77.5763 16.4286 -0.183142 -1.67288 0.566673 0.257893 
218.817 -78.2223 74.5461 16.675 -0.224159 -0.605015 0.550367 0.236486 
212.887 -66.9072 70.9924 17.3047 -0.265849 0.448436 0.534061 0.215078 
206.251 -42.2738 66.8989 18.2926 -0.262293 1.48746 0.517755 0.19367 
198.52 -4.5041 62.8303 19.174 -0.171265 2.51205 0.501449 0.172261 
189.781 46.2193 59.8946 19.1164 -0.00682467 3.5222 0.485143 0.150851 
180.994 109.713 59.039 17.491 0.117475 4.5179 0.468837 0.129437 
173.81 185.793 59.7877 14.8131 0.0144727 5.49913 0.452531 0.0408809 
169.394 274.276 59.2886 13.3556 -0.438497 6.27999 0.436224 -0.0780504 
166.564 372.63 53.0924 16.384 -1.09006 6.27923 0.419918 -0.000405201 
160.674 470.976 38.5978 25.4388 -1.4 6.28 0.399209 -1.41707e-05 
145.323 569.339 20.0014 36.7404 -0.659996 6.28 0.387306 -0.000407419 
117.866 667.711 10.5313 40 1.4 5.74741 0.369 0 
825.91 400.77 530.7 32.5413 0.799747 0 0.0432183 0 
825.91 400.77 530.7 32.5413 0.799748 2.69608e-08 0.0432183 5.94908e-07 
825.911 400.741 530.728 32.5329 0.799936 0.000324888 0.0432315 2.93056e-05 
843.385 378.44 526.883 32.5254 0.800231 -0.00160753 0.0432432 9.09721e-05 
557.715 329.951 525.875 32.5846 0.798453 0.00387407 0.0431506 -0.000225646 
486.759 460.775 529.649 32.5507 0.799466 0.000842975 0.0432036 -4.90979e-05 
471.257 489.242 530.47 32.5434 0.799686 0.000184431 0.0432151 -1.07403e-05 
467.868 495.469 530.65 32.5418 0.799734 4.04422e-05 0.0432176 -2.35357e-06 
467.127 496.834 530.689 32.5414 0.799744 8.96644e-06 0.0432182 -5.20151e-07 
466.965 497.135 530.697 32.5413 0.799746 2.09288e-06 0.0432183 -1.19653e-07 
466.93 497.204 530.699 32.5413 0.799747 6.00072e-07 0.0432183 -3.25286e-08 
466.922 497.223 530.7 32.5413 0.799747 2.85254e-07 0.0432183 -1.39897e-08 
466.92 497.231 530.7 32.5413 0.799747 2.29336e-07 0.0432183 -1.0508e-08 
466.92 497.237 530.7 32.5413 0.799747 2.31554e-07 0.0432183 -1.03875e-08 
466.92 497.243 530.7 32.5413 0.799747 2.48173e-07 0.0432183 -1.107e-08 
466.92 497.25 530.7 32.5413 0.799747 2.70008e-07 0.0432183 -1.20264e-08 
466.92 497.257 530.7 32.5413 0.799747 2.9515e-07 0.0432183 -1.31289e-08 
466.92 497.264 530.7 32.5413 0.799747 3.23911e-07 0.0432183 -1.43997e-08 
466.92 497.273 530.7 32.5413 0.799747 3.56287e-07 0.0432183 -1.58216e-08 
466.92 497.282 530.7 32.5413 0.799747 3.93185e-07 0.0432183 -1.74412e-08 
466.92 497.292 530.7 32.5413 0.799747 4.35604e-07 0.0432183 -1.93025e-08 
466.92 497.303 530.7 32.5413 0.799747 4.8411e-07 0.0432183 -2.14249e-08 
466.92 497.315 530.7 32.5413 0.799747 5.40371e-07 0.0432183 -2.38872e-08 
466.92 497.329 530.699 32.5413 0.799747 6.05369e-07 0.0432183 -2.67208e-08 
466.92 497.344 530.699 32.5413 0.799747 6.81446e-07 0.0432183 -3.0034e-08 
466.92 497.361 530.699 32.5413 0.799747 7.70801e-07 0.0432183 -3.39157e-08 
466.92 497.381 530.699 32.5413 0.799747 8.76437e-07 0.0432183 -3.849e-08 
466.92 497.403 530.699 32.5413 0.799747 1.00259e-06 0.0432183 -4.39487e-08 
466.92 497.428 530.699 32.5413 0.799747 1.15371e-06 0.0432183 -5.04535e-08 
466.919 497.457 530.699 32.5413 0.799747 1.33726e-06 0.0432183 -5.83353e-08 
466.919 497.491 530.699 32.5413 0.799747 1.56198e-06 0.0432183 -6.79473e-08 
466.919 497.53 530.698 32.5413 0.799747 1.84004e-06 0.0432183 -7.97885e-08 
466.919 497.576 530.698 32.5413 0.799747 2.18844e-06 0.0432183 -9.45554e-08 
466.919 497.63 530.698 32.5413 0.799746 2.63075e-06 0.0432183 -1.13183e-07 
466.919 497.696 530.697 32.5413 0.799746 3.20189e-06 0.0432183 -1.37085e-07 
466.919 497.774 530.696 32.5413 0.799746 3.95168e-06 0.0432183 -1.68198e-07 
466.918 497.871 530.695 32.5413 0.799746 4.95774e-06 0.0432183 -2.09521e-07 
466.918 497.992 530.694 32.5414 0.799746 6.34194e-06 0.0432183 -2.65582e-07 
466.917 498.145 530.692 32.5414 0.799745 8.31063e-06 0.0432182 -3.43592e-07 
466.916 498.342 530.69 32.5414 0.799744 1.12488e-05 0.0432182 -4.55566e-07 
466.915 498.604 530.685 32.5414 0.799743 1.59885e-05 0.0432182 -6.22394e-07 
466.913 498.962 530.677 32.5415 0.799742 2.47277e-05 0.0432181 -8.83041e-07 
466.909 499.47 530.659 32.5415 0.799739 4.45435e-05 0.043218 -1.31705e-06 
466.901 500.228 530.607 32.5416 0.799733 0.000101819 0.0432178 -2.10756e-06 
466.877 501.439 530.423 32.5418 0.799718 0.000303784 0.0432176 -3.74522e-06 
466.793 503.59 529.691 32.5417 0.799671 0.00110607 0.0432177 -7.80363e-06 
466.463 508.06 526.606 32.5406 0.799497 0.00448458 0.0432193 -2.03926e-05 
465.053 519.699 513.299 32.5325 0.798847 0.0190469 0.0432317 -5.74057e-05 
458.352 551.836 455.336 32.3035 0.801373 0.0819333 0.0434847 0.000128453 
401.941 110.764 165.824 22.7205 4.62607e-05 -0.0154565 0.0422183 0 
401.941 110.764 165.824 22.7205 4.62607e-05 -0.0154565 0.0422183 0 
393.479 126.818 165.861 22.0235 0.495844 -0.0148137 -0.141418 -0.192469 
385.492 142.878 171.028 17.5634 0.634327 -0.123996 -0.105483 -0.176336 
381.272 157.808 177.699 12.2993 0.390373 -0.224022 0.0133821 -0.161692 
381.594 171.702 181.938 9.25112 -0.182117 -0.315729 0.426225 -0.148387 
384.641 184.647 180.318 10.7159 -0.409207 -0.399873 0.564092 -0.136284 
386.49 196.725 176.329 13.8028 -0.277732 -0.477143 0.391938 -0.12526 
385.676 208.007 173.647 15.7279 -0.111417 -0.548157 0.219893 -0.115201 
383.178 218.557 172.65 16.2958 -0.0241254 -0.613463 0.151747 -0.106005 
380.172 228.434 172.544 16.1709 0.0125684 -0.673551 0.139136 -0.0975806 
377.259 237.69 172.819 15.7721 0.0171647 -0.728858 0.152588 -0.0898456 
374.68 246.375 173.148 15.3578 0.00344113 -0.779774 0.176471 -0.0827268 
372.452 254.534 173.342 15.0683 -0.0138034 -0.826649 0.199109 -0.0761592 
370.472 262.209 173.364 14.9234 -0.0242453 -0.869796 0.213836 -0.0700853 
368.613 269.438 173.279 14.8635 -0.0260238 -0.909496 0.220929 -0.0644546 
366.803 276.258 173.178 14.8184 -0.0227002 -0.945998 0.224477 -0.0592226 
365.026 282.701 173.111 14.7487 -0.0183569 -0.979531 0.228104 -0.0543505 
363.305 288.798 173.091 14.6478 -0.0152986 -1.0103 0.233371 -0.0498047 
361.666 294.577 173.103 14.5273 -0.0140197 -1.03848 0.240226 -0.0455561 
360.126 300.065 173.131 14.4018 -0.0139696 -1.06426 0.24792 -0.0415797 
358.691 305.287 173.162 14.2808 -0.0143351 -1.08777 0.255694 -0.037854 
357.356 310.266 173.19 14.1672 -0.0145449 -1.10917 0.263109 -0.0343609 
356.115 315.024 173.219 14.0596 -0.0144222 -1.12859 0.270079 -0.0310853 
354.964 319.581 173.25 13.9551 -0.0140791 -1.14614 0.276724 -0.0280143 
353.9 323.958 173.287 13.8518 -0.0137173 -1.16195 0.283206 -0.0251374 
352.922 328.171 173.329 13.7498 -0.0134611 -1.17612 0.289631 -0.0224459 
352.028 332.237 173.375 13.6496 -0.0132829 -1.18877 0.296033 -0.0199326 
351.219 336.174 173.425 13.5519 -0.0130304 -1.19998 0.302386 -0.0175916 
350.491 339.994 173.48 13.4559 -0.0125421 -1.20987 0.308639 -0.0154181 
349.844 343.712 173.541 13.3596 -0.0118092 -1.21852 0.314734 -0.013408 
349.277 347.341 173.611 13.2613 -0.0111014 -1.22602 0.320617 -0.0115577 
348.793 350.892 173.689 13.1614 -0.0109448 -1.23247 0.326257 -0.00986384 
348.393 354.377 173.772 13.0643 -0.0118681 -1.23796 0.331653 -0.00832333 
348.075 357.805 173.846 12.9786 -0.0139479 -1.24257 0.336842 -0.00693286 
347.83 361.185 173.9 12.9127 -0.0163826 -1.24639 0.341877 -0.00568888 
347.641 364.526 173.93 12.868 -0.0174744 -1.24951 0.346786 -0.00458739 
347.49 367.834 173.95 12.8326 -0.015356 -1.25199 0.351518 -0.00362384 
347.368 371.117 173.992 12.7809 -0.00942464 -1.25393 0.355933 -0.00279299 
347.288 374.38 174.096 12.684 -0.00182112 -1.25539 0.359846 -0.00208877 
347.29 377.628 174.281 12.5321 0.00224887 -1.25645 0.36313 -0.00150427 
347.419 380.865 174.509 12.357 -0.00351817 -1.25718 0.36581 -0.00103159 
347.7 384.094 174.682 12.2377 -0.0222061 -1.25764 0.368073 -0.000661852 
348.086 387.318 174.663 12.2722 -0.0488401 -1.25789 0.370137 -0.000385121 
348.45 390.539 174.368 12.5127 -0.0685936 -1.25798 0.372054 -0.000190424 
348.612 393.76 173.866 12.8912 -0.0616421 -1.25796 0.373608 -6.57291e-05 
348.449 396.982 173.43 13.1889 -0.0153651 -1.25786 0.374454 2.03035e-06 
348.022 400.204 173.466 13.1028 0.0607683 -1.25773 0.374382 2.69233e-05 
347.651 403.428 174.289 12.4246 0.127443 -1.25759 0.373474 2.40436e-05 
347.844 406.653 175.812 11.2688 0.125585 -1.25745 0.371977 9.5166e-06 
349.025 409.879 177.335 10.206 0.00841589 -1.25732 0.369 0 
349.025 409.879 177.335 10.206 0.00841589 -1.25732 0.369 0 
353.991 418.412 178.21 10.0215 -0.584771 -1.25698 0.714003 -0.0284541 
359.733 426.954 162.897 21.7764 0.200396 -1.29955 -0.154899 -0.0232354 
338.49 434.355 168.508 16.1766 0.457314 -1.33433 0.0240628 -0.0191389 
329.664 440.796 181.379 6.0205 -0.0126629 -1.36298 0.782659 -0.015876 
344.018 446.437 181.862 6.52008 -0.000840037 -1.38672 0.750041 -0.0132418 
357.298 451.431 182.646 6.72449 0.00680386 -1.4065 0.735197 -0.011082 
370.17 455.886 183.63 6.75162 0.00653777 -1.42305 0.733417 -0.00928023 
383.036 459.888 184.605 6.7816 0.00604129 -1.43689 0.731541 -0.00774857 
395.889 463.512 185.566 6.81882 0.0056627 -1.44844 0.729168 -0.00642003 
408.714 466.822 186.514 6.86015 0.00524893 -1.458 0.72653 -0.00524373 
421.5 469.87 187.449 6.90589 0.00477737 -1.46579 0.72361 -0.00418055 
434.237 472.705 188.37 6.95681 0.00424339 -1.47199 0.720359 -0.00320075 
446.913 475.372 189.274 7.01368 0.00364025 -1.47671 0.716728 -0.00228153 
459.515 477.909 190.158 7.07734 0.00296108 -1.48006 0.712665 -0.0014059 
472.026 480.356 191.022 7.14867 0.00220038 -1.48208 0.708114 -0.000561661 
484.429 482.747 191.861 7.2286 0.00135504 -1.48283 0.703017 0.000259565 
496.703 485.118 192.674 7.31801 0.000425349 -1.48235 0.697319 0.00106265 
508.826 487.502 193.458 7.4177 -0.000584259 -1.48065 0.690971 0.00184939 
520.775 489.933 194.209 7.52826 -0.00166495 -1.47776 0.683935 0.00261857 
532.524 492.443 194.927 7.65009 -0.00280407 -1.47371 0.676189 0.00336689 
544.046 495.064 195.607 7.78324 -0.0039865 -1.46852 0.667728 0.00408876 
555.315 497.826 196.25 7.92745 -0.00519646 -1.46224 0.658568 0.00477651 
566.304 500.761 196.854 8.08218 -0.00641924 -1.45492 0.648744 0.00542119 
576.988 503.895 197.417 8.24663 -0.00764246 -1.44661 0.638307 0.00601254 
587.345 507.257 197.94 8.4198 -0.00885662 -1.4374 0.627318 0.00653965 
597.352 510.87 198.422 8.60062 -0.0100549 -1.42739 0.615844 0.00699143 
606.991 514.758 198.863 8.78799 -0.0112328 -1.41668 0.603956 0.0073572 
616.244 518.938 199.264 8.98082 -0.0123871 -1.40541 0.591723 0.00762718 
625.099 523.425 199.625 9.17806 -0.0135157 -1.39372 0.579211 0.00779317 
633.543 528.233 199.946 9.37873 -0.0146164 -1.38176 0.566482 0.00784906 
641.566 533.367 200.229 9.5819 -0.0156871 -1.36971 0.553595 0.00779142 
649.161 538.831 200.474 9.7867 -0.0167251 -1.35773 0.540606 0.00761984 
656.322 544.622 200.681 9.99227 -0.017727 -1.346 0.527569 0.00733736 
663.046 550.734 200.852 10.1978 -0.0186887 -1.33468 0.514538 0.00695062 
669.33 557.155 200.988 10.4024 -0.0196045 -1.32393 0.501565 0.00646993 
675.174 563.87 201.089 10.6053 -0.0204652 -1.3139 0.488706 0.0059091 
680.581 570.859 201.159 10.8055 -0.0212578 -1.3047 0.476022 0.00528517 
685.554 578.1 201.198 11.0018 -0.0219799 -1.29644 0.463576 0.00461789 
690.101 585.567 201.208 11.1931 -0.022659 -1.28917 0.451442 0.00392903 
694.23 593.233 201.192 11.3792 -0.0233024 -1.28293 0.439702 0.0032415 
697.952 601.069 201.15 11.5597 -0.0236769 -1.27772 0.428451 0.00257835 
701.276 609.048 201.09 11.7294 -0.0232423 -1.27351 0.417789 0.00196164 
704.226 617.142 201.034 11.8727 -0.0224101 -1.27023 0.407818 0.00141116 
706.859 625.326 200.995 11.9852 -0.0251959 -1.26777 0.398669 0.000943207 
709.246 633.577 200.875 12.1466 -0.036091 -1.26601 0.390526 0.000569184 
711.278 641.876 200.45 12.5155 -0.0380882 -1.26482 0.383547 0.000294369 
712.482 650.209 199.954 12.8686 0.0269197 -1.26404 0.377737 0.000116641 
712.85 658.564 201.219 11.8155 0.157476 -1.26353 0.373139 2.53111e-05 
715.52 666.93 206.093 8.24319 -0.00732724 -1.26317 0.369 0 
715.52 666.93 206.093 8.24319 -0.00732724 -1.26317 0.369 0 
721.805 672.606 206.454 8.57665 -0.753438 -1.26294 0.885898 -0.142894 
727.885 678.286 192.991 18.9566 0.00453443 -1.40892 -0.0149933 -0.110198 
717.785 681.276 193.253 18.1443 0.0753156 -1.52157 -0.00250743 -0.0836079 
708.871 682.179 194.85 16.4228 0.0366092 -1.60709 0.0939092 -0.0621371 
702.584 681.497 195.781 15.3754 -0.0365649 -1.67071 0.18161 -0.0448767 
697.91 679.636 195.388 15.4133 -0.0493332 -1.7167 0.188733 -0.0310353 
693.171 676.923 194.758 15.6207 -0.0354678 -1.74857 0.174069 -0.0199478 
688.094 673.621 194.378 15.6198 -0.0260779 -1.76911 0.171583 -0.0110685 
683.001 669.939 194.173 15.4887 -0.0239305 -1.78059 0.178879 -0.00395601 
678.094 666.043 194.011 15.3373 -0.0246391 -1.78479 0.188559 0.00174268 
673.406 662.07 193.84 15.2062 -0.0251287 -1.78317 0.197157 0.00630807 
668.906 658.127 193.664 15.0908 -0.024825 -1.77687 0.204601 0.00996181 
664.57 654.3 193.497 14.9789 -0.0241858 -1.76683 0.211691 0.0128783 
660.395 650.659 193.346 14.8658 -0.0235735 -1.7538 0.218837 0.0151945 
656.381 647.259 193.209 14.7518 -0.0230599 -1.73839 0.226052 0.0170173 
652.532 644.144 193.085 14.6384 -0.0225955 -1.7211 0.233242 0.01843 
648.846 641.35 192.973 14.5264 -0.0221392 -1.70235 0.240355 0.0194974 
645.323 638.902 192.872 14.4156 -0.0216828 -1.6825 0.247385 0.0202696 
641.96 636.821 192.784 14.3059 -0.0212327 -1.66184 0.254336 0.0207854 
638.757 635.123 192.707 14.1975 -0.0207947 -1.64063 0.26121 0.021075 
635.712 633.818 192.641 14.0904 -0.020371 -1.61912 0.268002 0.0211617 
632.823 632.91 192.586 13.9847 -0.0199621 -1.5975 0.274705 0.0210645 
630.089 632.403 192.542 13.8805 -0.0195688 -1.57597 0.28131 0.0207987 
627.509 632.294 192.509 13.778 -0.0191925 -1.55469 0.287812 0.0203773 
625.079 632.579 192.485 13.6772 -0.0188347 -1.53382 0.2942 0.0198124 
622.799 633.25 192.471 13.5783 -0.0184975 -1.51352 0.300468 0.0191153 
620.665 634.297 192.467 13.4814 -0.0181827 -1.49392 0.306603 0.0182974 
618.674 635.707 192.471 13.3868 -0.0178926 -1.47514 0.312596 0.017371 
616.824 637.464 192.483 13.2946 -0.0176295 -1.45729 0.318434 0.016349 
615.112 639.552 192.502 13.2051 -0.0173961 -1.44048 0.324102 0.0152457 
613.533 641.95 192.529 13.1185 -0.0171958 -1.42478 0.329586 0.0140763 
612.084 644.64 192.562 13.035 -0.0170324 -1.41027 0.334869 0.0128574 
610.76 647.597 192.601 12.9549 -0.0169092 -1.39699 0.339932 0.0116067 
609.556 650.801 192.644 12.8787 -0.0168272 -1.38499 0.344754 0.0103426 
608.467 654.227 192.691 12.8065 -0.0167859 -1.37427 0.349315 0.00908429 
607.487 657.851 192.74 12.7387 -0.0167905 -1.36483 0.353588 0.0078509 
606.61 661.649 192.792 12.6757 -0.0168631 -1.35664 0.357547 0.00666144 
605.828 665.6 192.844 12.6181 -0.017037 -1.34967 0.361165 0.00553415 
605.134 669.679 192.895 12.5669 -0.0173086 -1.34384 0.364414 0.00448593 
604.518 673.866 192.942 12.5231 -0.0175662 -1.33908 0.367264 0.00353181 
603.969 678.141 192.986 12.4859 -0.0176242 -1.3353 0.369681 0.00268437 
603.476 682.487 193.03 12.452 -0.0175286 -1.33237 0.371628 0.00195313 
603.036 686.886 193.077 12.4192 -0.0179997 -1.3302 0.373069 0.00134398 
602.646 691.325 193.115 12.3959 -0.0202183 -1.32865 0.373987 0.000858663 
602.293 695.794 193.114 12.4058 -0.0239453 -1.32759 0.37437 0.000494247 
601.927 700.281 193.043 12.4668 -0.0247849 -1.3269 0.374191 0.000242693 
601.468 704.782 192.955 12.5323 -0.0154103 -1.32647 0.373408 9.04443e-05 
600.904 709.29 193.038 12.4586 0.00309358 -1.3262 0.372003 1.80824e-05 
600.447 713.804 193.466 12.1343 0.00437387 -1.326 0.369 0 
600.447 713.804 193.466 12.1343 0.00437387 -1.326 0.369 0 
597.876 708.873 195.892 14.4512 0.000305225 -0.558498 0.482653 -6.02193e-13 
595.306 703.943 198.293 16.3076 2.13828e-05 -0.19448 0.480306 -2.67217e-13 
592.736 699.012 200.67 17.7682 1.58108e-06 -0.0240382 0.477959 -1.1824e-13 
590.167 694.081 203.023 18.9009 1.99637e-07 0.0555127 0.475612 -5.23036e-14 
587.598 689.151 205.352 19.7704 1.03255e-07 0.0926124 0.473265 -2.30984e-14 
585.029 684.22 207.657 20.4336 9.65262e-08 0.109911 0.470918 -1.01633e-14 
582.461 679.289 209.937 20.9373 9.60536e-08 0.117977 0.468571 -4.53307e-15 
579.893 674.358 212.193 21.3189 9.60189e-08 0.121738 0.466224 -1.95721e-15 
577.325 669.428 214.425 21.6077 9.60158e-08 0.123492 0.463878 -8.65441e-16 
574.757 664.497 216.632 21.826 9.60157e-08 0.12431 0.461531 -3.98518e-16 
572.19 659.566 218.815 21.991 9.60164e-08 0.124692 0.459184 -1.84394e-16 
569.624 654.636 220.974 22.1156 9.60175e-08 0.12487 0.456837 -6.61097e-17 
567.057 649.705 223.108 22.2097 9.6019e-08 0.124953 0.45449 3.56133e-19 
564.491 644.774 225.217 22.2808 9.60207e-08 0.124991 0.452143 -1.41862e-17 
561.926 639.844 227.302 22.3345 9.60227e-08 0.125009 0.449796 9.68758e-18 
559.36 634.913 229.362 22.375 9.60247e-08 0.125018 0.447449 3.78662e-18 
556.795 629.982 231.397 22.4056 9.60269e-08 0.125022 0.445102 -1.90444e-17 
554.23 625.052 233.408 22.4288 9.60291e-08 0.125023 0.442755 -4.22618e-17 
551.665 620.121 235.394 22.4462 9.60314e-08 0.125024 0.440408 2.91161e-17 
549.101 615.19 237.355 22.4594 9.60337e-08 0.125025 0.438061 -4.27574e-17 
546.537 610.259 239.291 22.4694 9.6036e-08 0.125025 0.435714 7.68708e-17 
543.973 605.329 241.202 22.4769 9.60383e-08 0.125025 0.433367 -4.46462e-18 
541.409 600.398 243.089 22.4825 9.60406e-08 0.125025 0.43102 -6.68022e-17 
538.846 595.467 244.95 22.4868 9.60429e-08 0.125025 0.428673 1.16903e-17 
536.282 590.537 246.786 22.4901 9.60452e-08 0.125025 0.426327 -5.85398e-17 
533.719 585.606 248.597 22.4925 9.60475e-08 0.125025 0.42398 2.99972e-17 
531.156 580.675 250.382 22.4944 9.60498e-08 0.125025 0.421633 1.15014e-17 
528.594 575.745 252.143 22.4958 9.6052e-08 0.125025 0.419286 -4.72047e-18 
526.031 570.814 253.878 22.4968 9.60542e-08 0.125025 0.416939 -4.65655e-17 
523.469 565.883 255.588 22.4976 9.60565e-08 0.125025 0.414592 -2.47957e-17 
520.907 560.953 257.272 22.4982 9.60587e-08 0.125025 0.412245 -5.55995e-18 
518.345 556.022 258.931 22.4987 9.60608e-08 0.125025 0.409898 -2.07866e-17 
515.783 551.091 260.564 22.499 9.6063e-08 0.125024 0.407551 1.41262e-18 
513.222 546.16 262.172 22.4993 9.60652e-08 0.125024 0.405204 -1.92107e-17 
510.66 541.23 263.754 22.4995 9.60673e-08 0.125022 0.402857 -1.00958e-17 
508.099 536.299 265.31 22.4996 9.60694e-08 0.12502 0.40051 1.3478e-17 
505.538 531.368 266.841 22.4997 9.60715e-08 0.125014 0.398163 -1.16244e-17 
502.977 526.438 268.346 22.4998 9.60736e-08 0.125003 0.395816 -1.25606e-18 
500.416 521.507 269.825 22.4999 9.60757e-08 0.124978 0.393469 9.09077e-18 
497.855 516.576 271.278 22.4999 9.60777e-08 0.124928 0.391122 -1.34374e-17 
495.294 511.646 272.705 22.4999 9.60797e-08 0.124824 0.388776 1.72517e-17 
492.733 506.715 274.106 22.5 9.60818e-08 0.124609 0.386429 3.16868e-17 
490.173 501.784 275.481 22.5 9.60838e-08 0.124164 0.384082 3.19213e-17 
487.612 496.853 276.83 22.5 9.60856e-08 0.123245 0.381735 2.1407e-17 
485.052 491.923 278.152 22.5 9.60853e-08 0.121349 0.379388 2.25102e-17 
482.491 486.992 279.449 22.5 9.60554e-08 0.117446 0.377041 1.34631e-17 
479.931 482.061 280.719 22.5 9.56049e-08 0.109416 0.374694 1.46331e-17 
477.37 477.131 281.963 22.5 8.92344e-08 0.0928837 0.372347 1.85292e-18 
474.81 472.2 283.18 22.5 3.04758e-11 0.0586595 0.369 0 
474.81 472.2 283.18 22.5 3.04758e-11 0.0586595 0.369 0 
464.944 492.312 283.01 21.2894 0.949838 0.224867 -0.188388 0.794863 
456.037 514.473 294.576 11.5693 0.717971 0.884529 -0.176775 -0.779697 
457.083 544.759 303.475 5 -0.624514 0.246673 0.592859 -0.785299 
465.164 567.176 295.95 10.9321 -1.29745 -0.404461 1.10477 -0.75871 
467.358 581.568 280.011 22.4215 -0.0792477 -1.03537 -0.141921 -0.706375 
457.5 588.19 278.866 22.2387 -0.0783385 -1.61939 -0.130326 -0.637508 
447.788 587.611 277.735 22.0557 -0.0774453 -2.141 -0.118714 -0.559579 
438.224 580.601 276.619 21.8728 -0.0765532 -2.59424 -0.107102 -0.490369 
428.808 568.002 275.518 21.6898 -0.0756615 -2.98937 -0.0954895 -0.432092 
419.542 550.531 274.431 21.5069 -0.0747689 -3.33713 -0.0838772 -0.374498 
410.426 528.772 273.359 21.3239 -0.0738735 -3.63863 -0.0722649 -0.307887 
401.461 503.295 272.302 21.1409 -0.0729748 -3.88667 -0.0606526 -0.230428 
392.648 474.76 271.259 20.9579 -0.0720757 -4.07268 -0.0490404 -0.148238 
383.989 443.931 270.231 20.7749 -0.071182 -4.19304 -0.0374282 -0.0703431 
375.483 411.618 269.217 20.5918 -0.0702994 -4.2511 -0.0258159 -0.00224709 
367.132 378.588 268.219 20.4088 -0.0694273 -4.25424 -0.0142037 0.0558715 
358.937 345.521 267.234 20.2261 -0.0685525 -4.20968 -0.00259144 0.10631 
350.899 313.002 266.264 20.0435 -0.0676519 -4.12265 0.00902081 0.150855 
343.017 281.556 265.308 19.8608 -0.0667075 -3.9968 0.0206331 0.189911 
335.294 251.662 264.368 19.6776 -0.065731 -3.83533 0.0322453 0.223097 
327.729 223.758 263.444 19.4937 -0.0647814 -3.6417 0.0438575 0.250061 
320.326 198.242 262.534 19.3093 -0.063947 -3.41976 0.0554698 0.270823 
313.084 175.463 261.639 19.1255 -0.0632783 -3.17346 0.067082 0.285743 
306.003 155.72 260.756 18.944 -0.0626946 -2.90669 0.0786943 0.295351 
299.083 139.266 259.883 18.7652 -0.0619411 -2.62313 0.0903065 0.300241 
292.32 126.308 259.023 18.5874 -0.0606941 -2.32626 0.101919 0.301022 
285.714 117.011 258.183 18.4059 -0.0588466 -2.01933 0.113531 0.298299 
279.269 111.498 257.368 18.2153 -0.0568431 -1.70533 0.125143 0.292649 
272.996 109.856 256.582 18.015 -0.0557448 -1.38701 0.136756 0.284603 
266.903 112.139 255.813 17.814 -0.0566831 -1.06683 0.148368 0.274624 
260.993 118.37 255.037 17.6318 -0.0596893 -0.746946 0.15998 0.263103 
255.249 128.545 254.228 17.486 -0.0625576 -0.429226 0.171592 0.250358 
249.632 142.637 253.386 17.3726 -0.0610234 -0.115246 0.183204 0.236641 
244.109 160.601 252.565 17.2475 -0.051378 0.193678 0.194817 0.222149 
238.689 182.373 251.865 17.0357 -0.0350935 0.496471 0.206429 0.207038 
233.461 207.879 251.371 16.6819 -0.0223998 0.792267 0.218041 0.191427 
228.57 237.031 251.039 16.2311 -0.0298383 1.08037 0.229653 0.175414 
224.121 269.736 250.626 15.8799 -0.0684422 1.36025 0.241266 0.159078 
220.021 305.891 249.743 15.9128 -0.126115 1.63147 0.252878 0.142487 
215.883 345.391 248.148 16.4777 -0.157721 1.8937 0.26449 0.125704 
211.158 388.124 246.152 17.2875 -0.101495 2.1467 0.276102 0.108791 
205.573 433.977 244.834 17.4984 0.0698802 2.39026 0.287715 0.0918219 
199.707 482.834 245.625 16.0784 0.284782 2.62427 0.299327 0.0748949 
195.212 534.575 249.093 12.7502 0.35208 2.84867 0.310939 0.0581684 
194.077 589.08 253.457 9.05185 0.051036 3.06353 0.322551 0.0419269 
196.78 646.231 254.182 8.46834 -0.656238 3.26912 0.334164 0.0267056 
200.254 705.917 246.198 14.5602 -1.4 3.46605 0.345776 0.00720152 
197.697 768.035 228.923 27.1332 -1.4 3.62301 0.357388 -3.93152e-05 
182.294 832.099 211.4 38.8876 0.0899996 3.62009 0.369 0 
182.294 832.099 211.4 38.8876 0.0899996 3.62009 0.369 0 
159.5 890.365 210.61 34.3707 1.4 4.26423 -0.188387 0.143926 
140.563 956.05 225.001 18.9906 1.23964 4.99038 0.117366 0.0445937 
136.205 1030.09 237.827 6.01608 -0.0713632 5.23999 1.12108 -0.0715482 
144.428 1107 235.785 5.00001 -0.177604 4.92986 1.10478 -0.0575576 
153.564 1180.34 232.537 5.00004 -0.176656 4.6682 1.08847 -0.0562844 
162.623 1250.66 229.3 5.00004 -0.17571 4.39846 1.07216 -0.0593821 
171.604 1317.87 226.074 5.00004 -0.174764 4.09994 1.05586 -0.0630242 
180.507 1381.64 222.858 5.00004 -0.173818 3.77021 1.03955 -0.0659203 
189.334 1441.61 219.654 5.00004 -0.172872 3.41241 1.02324 -0.0679691 
198.082 1497.46 216.461 5.00005 -0.171926 3.02929 1.00694 -0.0693618 
206.753 1548.89 213.278 5.00005 -0.170981 2.62231 0.990632 -0.0702018 
215.347 1595.63 210.107 5.00005 -0.170035 2.19249 0.974326 -0.0704545 
223.863 1637.42 206.946 5.00005 -0.169089 1.74134 0.95802 -0.0700107 
232.302 1674.01 203.796 5.00006 -0.168143 1.27135 0.941714 -0.0687562 
240.664 1705.18 200.657 5.00006 -0.167198 0.786102 0.925408 -0.0666176 
248.948 1730.76 197.529 5.00007 -0.166252 0.290291 0.909102 -0.0635865 
257.156 1750.63 194.412 5.00007 -0.165307 -0.210409 0.892795 -0.059727 
265.287 1764.72 191.306 5.00008 -0.164361 -0.709585 0.876489 -0.055169 
273.341 1773.07 188.21 5.00009 -0.163415 -1.20044 0.860183 -0.0500927 
281.319 1775.75 185.126 5.0001 -0.16247 -1.67626 0.843877 -0.0447065 
289.221 1772.96 182.052 5.00011 -0.161525 -2.13084 0.827571 -0.0392244 
297.048 1764.92 178.99 5.00012 -0.160579 -2.55888 0.811265 -0.0338449 
304.8 1751.95 175.938 5.00014 -0.159634 -2.95632 0.794959 -0.0287349 
312.477 1734.4 172.897 5.00017 -0.15869 -3.32042 0.778653 -0.0240211 
320.081 1712.66 169.867 5.0002 -0.157747 -3.64982 0.762346 -0.0197866 
327.612 1687.12 166.848 5.00026 -0.156807 -3.94443 0.74604 -0.0160734 
335.07 1658.18 163.84 5.00037 -0.155878 -4.20521 0.729734 -0.0128888 
342.455 1626.24 160.842 5.00061 -0.32858 -4.43397 0.713428 -0.0102136 
349.809 1591.66 155.854 6.52336 -1.3998 -4.63318 0.697122 -0.00813354 
355.887 1554.79 138.493 17.3323 -0.81384 -4.80828 0.680816 -0.00636891 
351.446 1515.91 127.685 22.2002 -0.334791 -4.96051 0.66451 -0.00485376 
342.148 1475.27 122.308 22.5106 -0.332071 -5.09023 0.648204 -0.00360977 
332.438 1433.15 116.956 22.7822 -0.323647 -5.1989 0.631898 -0.00264817 
322.35 1389.77 111.697 22.9678 -0.313781 -5.28947 0.615591 -0.00193937 
311.967 1345.34 106.548 23.0612 -0.311862 -5.36547 0.599285 -0.00142811 
301.377 1300.04 101.419 23.1391 -0.32784 -5.43022 0.582979 -0.00105868 
290.6 1254 96.1044 23.3595 -0.363168 -5.48633 0.566673 -0.000789435 
279.504 1207.3 90.3788 23.8814 -0.402021 -5.53577 0.550367 -0.000593857 
267.803 1160.04 84.1958 24.7131 -0.411433 -5.58025 0.534061 -0.000454859 
255.192 1112.27 77.889 25.5731 -0.35799 -5.62148 0.517755 -0.000358855 
241.63 1064.02 72.1822 25.9083 -0.239448 -5.66141 0.501449 -0.000292459 
227.598 1015.31 67.8353 25.1872 -0.113995 -5.70209 0.485142 -0.000241335 
214.102 966.135 64.9475 23.4286 -0.0970377 -5.74532 0.468836 -0.000190004 
202.159 916.458 62.2876 21.6617 -0.300371 -5.79118 0.45253 -0.000122906 
191.833 866.252 57.3171 21.8186 -0.721909 -5.83392 0.436224 -3.00643e-05 
181.344 815.552 47.4857 25.668 -1.14866 -5.85133 0.419918 7.72646e-05 
167.172 764.655 32.6651 32.9782 -1.17742 -5.78261 0.403612 0.000145566 
145.914 714.555 17.378 40 -0.435769 -5.50059 0.387306 8.74894e-05 
117.651 667.711 10.5084 40 1.21789 -4.89753 0.369 0 
