grtopM_41_2
50
2 2
6 6 
0 3 4 1 2 5 
0 3 4 1 2 5 
1718.08 28.2004 167.359 42.2925 59.5802 
112050 54.6541 394.769 95.1182 113.492 
35.0629 0.575519 3.41548 0.863113 1.21592 
2286.74 1.11539 8.05651 1.94119 2.31617 
1950.1 0.423224 7.97502 1739.16 4.12959 
1.45111e-06 1.45357e-06 1.22967 4.99783 0.997504 
3998.09 1790.62 1830.76 27.3866 0.684162 0 0.0678534 0 
4266 1755.36 1982.67 39.9994 1.29497 6.12893 1.14734 1.02839 
10910.1 2023.48 1877.04 40 -1.39956 0.811165 1.12487 1.00699 
11245.4 1686.17 2550.87 5 -1.4 -0.513852 -0.18348 -0.985579 
11289.3 1869.55 2407.86 5 -1.38136 -0.552063 -0.178034 -0.964172 
11347.4 1889.65 2324.8 5 -1.38135 -0.437766 -0.172589 -0.942764 
11407.2 1907.72 2241.75 5 -1.38136 -0.302297 -0.167143 -0.921357 
11469 1924.9 2158.7 5 1.4 -0.167023 -0.161697 -0.89995 
11532.5 1016.19 2064.32 39.8768 1.4 -0.0552472 0.990041 0.878542 
11597.9 2860.94 923.698 5 1.4 2.2178 0.967569 -0.857135 
11615.4 1953.83 900.289 5.00062 -1.38136 2.23914 0.945097 -0.835728 
11631.4 1990.55 817.248 5.00077 -1.38135 2.33581 0.922625 -0.814321 
11631.3 2027.69 734.221 5.00068 -1.38133 2.46739 0.900153 -0.792914 
11631.2 2046.87 651.202 5.00068 -1.38133 2.5989 0.877681 -0.771506 
11631.1 2064.08 568.186 5.00062 -1.38133 2.73035 0.855209 -0.750099 
11631 2081.25 485.167 5.00062 -1.38134 2.87919 0.832737 -0.728692 
11631.3 2098.34 402.14 5.00068 -1.38136 3.04258 0.810266 -0.707285 
11631.4 2113.06 319.098 5 1.4 3.2074 0.787794 -0.685877 
11631.4 1736.89 281.008 5 -1.39929 3.33276 0.765322 -0.66447 
11631.4 2003.56 178.835 5.00029 1.29495 3.55039 0.74285 -0.643063 
11631.4 2028.75 31.5654 5.00029 1.3932 3.75842 0.720378 0.621655 
11631.4 2037.24 19.3683 5.00029 1.39741 3.78149 0.697907 -0.577147 
11631.4 2027.26 0.0120769 5.00029 1.39979 2.91282 0.675435 0.57884 
11630.1 2011.14 0.0121544 5.00029 1.39934 2.89079 0.652964 0.557433 
11618.6 1993.16 12.3602 5.00029 1.39958 3.00442 0.630493 0.536025 
11581.4 1976.71 24.6183 5.00029 1.39979 2.97945 0.608021 0.514618 
11543.4 1960.59 7.47305 5.0003 1.39642 2.74454 0.58555 0.49321 
11522.3 2349.29 0.001 9.37358 -1.39999 3.9237 0.563079 -0.471803 
11535.9 1174.62 0.00100042 5 -0.450372 2.66112 0.540608 0.450395 
11494.3 3125.97 59.1503 5 1.35885 2.96148 0.518137 0.428988 
11458.7 158.116 0.0120615 39.9997 1.39979 2.78323 0.495666 0.407581 
11307.8 -136.436 0.00100002 39.2529 -1.4 2.73684 0.473195 0.386174 
11159.2 3397.18 657.213 39.9997 1.39979 2.23328 0.450725 0.364767 
11123.6 3396.45 0.0122794 39.9997 1.29953 3.03121 0.428254 0.343361 
11088.1 3437.89 0.0120893 39.9997 1.39969 3.03124 0.405783 -0.321954 
11052.5 3546.59 0.01209 5.0034 1.32405 3.03125 0.383311 0.300548 
11016.9 599.94 0.010677 39.9997 1.39979 1.76059 0.36084 0.276679 
10446.9 552.675 0.001 5 -0.150293 6.23461 0.00165489 0.257737 
11531.5 2360.4 155.304 39.9939 1.39979 2.17812 0.0131091 0.236331 
10921.3 2290.55 0.001 39.9997 1.39979 5.68425 0.0180462 0.214925 
11631.4 2300.03 35.5528 39.9997 1.39979 2.94592 0.02296 0.193518 
11631.4 2309.73 29.0509 39.9997 1.39979 3.76318 0.0278502 0.172112 
11631.4 2319.68 22.2571 39.9997 1.39979 3.77603 0.0327165 0.150705 
11631.4 2329.87 15.1595 39.9997 1.39979 3.78946 0.0375587 0.129299 
11631.4 2340.32 7.74434 39.9997 1.39979 3.80348 0.0423764 0.107894 
11631.4 2351.04 0.001 39.9997 1.39979 3.81813 0.0471703 0.0864907 
11631.4 2361.6 0.001 39.5692 1.4 3.81813 0.0519502 -0.0650689 
11631.4 2709.72 0.00903384 39.9997 1.29956 0.419156 0.0560836 0.043674 
10282.1 2720.77 0.001 39.9997 1.39979 -6.28 0.0614632 0.0223267 
2053.95 2263.4 231 30.5252 0.0898572 -6.27975 0.0668534 0 
2053.95 2263.4 231 30.5252 0.0898572 -6.27975 0.0668534 0 
2043.95 2229.2 231.158 28.7534 0.568143 -6.27973 -0.188106 0.00271649 
2034.09 2195 235.279 24.5662 1.35141 -6.27973 -0.176495 0.00279332 
2027.39 2160.8 245.365 16.5806 1.21895 -6.27973 -0.164882 0.00297201 
2025.07 2126.59 254.626 9.37502 0.788501 -6.27973 -0.153271 0.00291248 
2026.78 2092.38 260.672 5.00023 0.150115 -6.27973 -0.141914 0.00273786 
2031.77 2058.17 261.563 5.00001 -1.33242 -6.27973 1.07211 -0.0103129 
2036.96 2023.96 251.802 11.8745 -1.39982 -6.27973 1.05558 0.00254758 
2038.05 1989.75 241.48 19.4603 -0.782824 -6.27973 0.33387 0.00217064 
2034.61 1955.55 235.528 23.6465 -0.763351 -6.27973 0.111981 0.00410668 
2027.99 1921.34 229.896 27.4758 -0.556018 -6.27973 0.433546 0.0041425 
2019.05 1887.14 225.66 29.2592 0.113604 -6.27973 0.416744 0.00232158 
2009.46 1852.94 226.016 28.1422 0.880847 -6.27973 0.261999 0.00230905 
2000.54 1818.74 231.882 22.1013 1.39969 -6.27973 -0.048998 0.00229179 
1994.9 1784.54 241.588 13.6274 1.16965 -6.27973 -0.037337 0.00225771 
1994.55 1750.33 250.132 7.20824 0.37765 -6.27973 0.146891 0.00232375 
1998.08 1716.12 253.395 5.00024 -0.350226 -6.27973 0.907095 0.0104584 
2002.97 1681.91 250.698 7.39952 -0.703423 -6.27973 0.892518 0.0093227 
2006.5 1647.7 246.269 10.8622 -0.433187 -6.27973 0.876234 0.00827502 
2008.11 1613.49 243.124 12.612 0.165906 -6.27973 0.859906 0.0019634 
2007.82 1579.28 244.117 11.1952 0.793033 -6.27973 0.0324818 0.00441881 
2008.38 1545.08 249.549 7.34349 -0.0851993 -6.27973 0.776621 0.0031396 
2011.27 1510.86 249.228 7.38875 -0.0543358 -6.27614 0.777691 0.215388 
2014.81 1476.65 248.692 7.43214 -0.0402208 -5.76879 0.794673 0.557587 
2017.8 1446.11 248.323 7.75393 -0.0841846 -5.12546 0.767549 -0.535962 
2020.78 1420.22 247.715 7.88097 -0.0772845 -5.76162 0.762066 0.514517 
2023.41 1390.54 247.047 8.23737 -0.091625 -5.58779 0.745761 0.493388 
2025.82 1361.26 246.257 8.64496 -0.0924559 -4.96988 0.729455 0.47198 
2027.99 1336.42 245.449 9.05281 -0.0769607 -4.3603 0.713149 0.450571 
2029.91 1316.8 244.749 9.35241 -0.0315577 -3.75903 0.696844 0.429163 
2031.65 1300.75 244.379 9.58161 -0.0299994 -3.16609 0.68054 0.407752 
2033.24 1289.71 244.119 9.36455 0.0150906 -2.58148 0.604982 0.386069 
2034.95 1282.17 244.033 9.05719 -0.00583709 -2.84138 0.60341 0.364934 
2036.84 1272.62 243.887 8.81406 -0.0344607 -2.27368 0.631619 0.343522 
2038.87 1267.17 243.547 9.07308 -0.132135 -1.71431 0.615313 0.321844 
2040.76 1265.78 242.508 9.66996 -0.222874 -2.00574 0.599007 0.30066 
2042.31 1262.22 240.811 10.7504 -0.283386 -1.46332 0.582701 0.27839 
2043.22 1262.6 238.666 12.1159 -0.258419 -1.77601 0.566395 0.257875 
2043.31 1260.7 236.685 13.5883 -0.202671 -1.25049 0.480721 0.236214 
2042.51 1262.6 235.088 14.2362 -0.0308567 -1.06044 0.533786 0.214806 
2041.29 1265.84 234.649 13.9478 0.174146 -0.673899 0.405416 0.193398 
2040.21 1272.02 235.69 12.5914 0.342823 -0.44543 0.402428 0.17199 
2039.9 1279.87 237.962 10.3795 0.367549 -0.225205 0.381611 0.150582 
2041.21 1289.31 240.774 8.07469 0.179279 -0.0114137 0.468567 0.129173 
2044 1300.28 242.675 7.55506 -0.272069 0.196123 0.314006 0.107764 
2046.63 1312.71 240.498 8.7572 -0.794253 0.277942 0.433671 0.0613923 
2048.82 1325.55 234.558 12.718 -1.39588 0.726069 0.419645 0.0652243 
2049.36 1341.91 224.426 19.8072 -1.4 1.17586 0.345776 0.0438162 
2045.69 1361.2 214.754 27.4347 -1.33906 1.61728 0.357389 0.0221171 
2036.8 1384.52 205 34.3686 0.0897213 1.20486 0.369 0 
2036.8 1384.52 205 34.3686 0.0897213 1.20486 0.369 0 
1970.03 1494.86 216.156 32.7093 0.939717 6.28 -0.188388 -0.000989466 
1909.33 1821.48 263.649 5 0.321763 6.28 -0.176776 0.000598346 
1947.83 2148.03 286.7 5 0.321089 6.28 -0.165163 0.0251471 
1988.3 2474.58 309.722 5 0.320416 6.28 -0.153551 -0.0407314 
2030.73 2801.12 332.715 5 0.319742 6.28 -0.141939 0.0301226 
2075.13 3127.67 355.68 5 0.319068 6.28 -0.130327 -0.107456 
2121.5 3454.21 378.616 5 0.318395 6.28 -0.118714 -0.209022 
2169.82 3780.76 401.523 5 0.317721 6.28 -0.107102 0.0203717 
2220.09 4107.31 424.402 5 0.317047 6.28 -0.0954898 0.000360851 
2272.32 4433.85 447.251 5 0.316373 6.28 -0.0838776 -0.000158444 
2326.51 4760.4 470.072 5 0.3157 6.28 -0.0722653 -0.000150633 
2382.64 5086.94 492.865 5 0.315026 6.28 -0.0606531 8.53685e-05 
2440.72 5413.49 515.628 5 0.314352 6.28 -0.0490408 -0.000150182 
2500.74 5740.04 538.363 5 0.313679 6.28 -0.0374286 -0.00015412 
2562.7 6066.58 561.07 5 0.313005 6.28 -0.0258163 -5.57656e-07 
2626.61 6393.13 583.747 5 0.312331 6.28 -0.0142041 -0.000126226 
2692.45 6719.67 606.396 5 0.311657 6.28 -0.00259184 -2.65865e-05 
2760.22 7046.22 629.016 5 0.310984 6.28 0.00902041 -9.1778e-05 
2829.93 7372.77 651.607 5 0.31031 6.28 0.0206327 -0.001137 
2901.57 7699.31 674.17 5 0.183404 5.96846 0.442255 -0.621836 
2975.23 8012.58 691.324 5 -0.228448 -3.45849 0.827571 -0.0119578 
3050.39 7924.1 674.977 5 -0.227503 -6.28 0.811265 0.00220444 
3124.05 7715.38 658.67 5 -0.226557 -6.28 0.794959 -0.000896282 
3196.32 7506.66 642.403 5 -0.225611 -6.28 0.778653 4.1149e-05 
3267.2 7297.94 626.176 5 -0.224665 -6.28 0.762347 4.65209e-06 
3336.7 7089.22 609.99 5 -0.223719 -6.28 0.746041 6.4715e-05 
3404.81 6880.5 593.844 5 -0.222773 -6.28 0.729735 7.22771e-05 
3471.55 6671.78 577.739 5 -0.221827 -6.28 0.713429 -4.35614e-06 
3536.9 6463.06 561.673 5 -0.220881 -6.28 0.697122 7.35306e-05 
3600.89 6254.34 545.648 5 -0.219935 -6.28 0.680816 -3.66215e-05 
3663.5 6045.62 529.664 5 -0.218989 -6.28 0.66451 5.3656e-05 
3724.75 5836.9 513.719 5 -0.218043 -6.28 0.648204 -2.5136e-05 
3784.64 5628.18 497.815 5 -0.217097 -6.28 0.631898 4.77012e-05 
3843.17 5419.46 481.952 5 -0.216151 -6.28 0.615592 3.88711e-06 
3900.34 5210.74 466.128 5 -0.215205 -6.28 0.599286 -4.31011e-06 
3956.16 5002.02 450.345 5 -0.214259 -6.28 0.58298 4.88263e-05 
4010.63 4793.3 434.602 5 -0.213312 -6.28 0.566673 9.93777e-06 
4063.76 4584.58 418.9 5 -0.212366 -6.28 0.550367 1.08333e-05 
4115.55 4375.86 403.238 5 -0.21142 -6.28 0.534061 7.7662e-05 
4166 4167.14 387.616 5 -0.210474 -6.28 0.517755 4.53444e-05 
4215.11 3958.42 372.034 5 -0.209528 -6.28 0.501449 -0.000153027 
4262.89 3749.7 356.493 5 -0.208582 -6.28 0.485143 4.0432e-05 
4309.35 3540.98 340.992 5 -0.207636 -6.28 0.468837 -0.000994121 
4354.48 3332.26 325.532 5 -0.20669 -6.28 0.452531 -2.40716e-05 
4398.28 3123.54 310.112 5 -0.205744 -6.28 0.436224 2.15009e-05 
4440.78 2914.82 294.732 5 -0.204798 -6.28 0.419918 1.33255e-06 
4481.95 2706.1 279.392 5 -0.203852 -6.28 0.403612 5.68169e-07 
4521.82 2497.38 264.093 5 -1.28239 -6.28 0.387306 9.58928e-05 
4561.3 2288.66 202.83 40 -0.000718061 -2.37874 0.369 0 
4561.3 2288.66 202.83 40 -0.000718061 -2.37874 0.369 0 
6276.7 3712.79 1417.93 5 -1.39991 -5.13423 -0.187493 -1.0059 
8048.8 3862.39 693.968 5.00005 -1.39986 5.30863 -0.175881 0.116059 
9805.36 3525.45 627.996 36.3878 -1.39905 5.09067 -0.164271 0.0735348 
10819.9 2388.22 49.8544 39.5704 0.806227 -1.41224 -0.15266 0.149869 
10591.4 992.815 0.0019326 38.6413 -1.37486 4.3744 -0.14105 0.0671423 
10596.4 191.021 0.0019326 39.9991 1.39907 4.13711 -0.12944 -0.00324834 
9281.73 -400.088 0.0019326 39.9991 1.39907 0.358941 0.700894 0.000819002 
7957.9 135.452 5.03766 24.681 1.39907 2.12772 1.03867 0.000193204 
8168.95 23.8392 0.0019326 39.9991 1.39907 6.26639 0.989124 0.000104005 
7020.21 22.9177 41.0915 39.9991 1.39907 6.26638 -0.0829975 9.39499e-05 
5683.36 42.356 3.43773 18.5058 1.39907 -3.85799 0.90446 5.91242e-05 
6016.54 33.5755 2.3895 20.1278 1.39907 -4.56377 0.902294 7.56829e-05 
5818.78 24.7978 2.69587 20.1351 1.39907 -4.56142 0.896187 -5.67281e-05 
5613.6 16.2639 2.32008 19.5308 1.39907 -4.56836 0.901651 -0.000227481 
5419.81 7.01221 3.27308 20.0298 1.39907 -4.58546 0.885754 0.000973285 
5211.71 -4.25985 2.71806 19.4239 1.39907 -4.11275 0.87702 -0.000641618 
5015.63 19.5751 2.92736 19.5209 1.39907 -4.44755 0.86365 2.15246e-05 
4815.26 18.68 2.94999 19.3969 1.39907 -4.44736 0.85175 3.99753e-05 
4616.36 17.7991 2.84982 19.2881 1.39907 -4.4514 0.839568 2.50951e-05 
4418.27 16.8744 2.8329 16.6423 1.39907 -4.44428 0.833951 -3.2105e-05 
4190.28 16.7258 2.82883 16.5149 1.39907 -4.44391 0.819104 -1.93765e-05 
3961.6 16.578 2.90096 16.4237 1.39907 -4.4434 0.804007 -0.000144846 
3734.12 16.4295 2.94834 16.3382 1.39907 -4.46782 0.794106 0.000239329 
3507.73 13.4872 3.00678 16.2527 1.39907 -4.40482 0.777803 -0.000138556 
3282.45 17.2952 3.07681 16.1655 1.39907 -4.16877 0.7615 2.44928e-05 
3058.31 35.0287 3.16571 16.0782 1.39907 -4.55157 0.745197 1.37653e-05 
2835.36 27.2201 3.16128 15.9851 1.39907 -4.55024 0.728895 7.86478e-06 
2613.72 19.4135 3.08656 15.0087 1.39907 -4.55417 0.712594 1.38434e-05 
2387.67 11.5059 3.49294 13.9263 1.39907 -4.54793 0.696292 8.16203e-08 
2221.45 3.9866 3.92897 12.7221 1.39907 -4.2781 0.679992 -8.40341e-05 
1894.22 -3.51395 4.49382 11.5037 1.39907 1.75234 0.663692 0.0024584 
1599.98 15.1657 312.909 11.4705 -1.24655 1.59092 0.647393 0.00010888 
1354.22 19.3728 286.946 14.597 -1.23073 -4.25289 0.631094 0.000153924 
1200.85 19.4616 337.856 14.8506 -1.24059 -4.24141 0.614796 0.000133639 
1023.65 19.4967 391.801 15.7274 -1.24444 -4.22619 0.598498 -0.000433322 
852.775 19.9491 448.712 17.092 -1.24213 -4.27417 0.582201 0.000453178 
1077.73 19.2033 505.534 39.9991 -1.39907 6.27907 0.565904 0.000174324 
-101.068 19.3545 462.209 39.9991 1.25466 -0.978429 0.549607 -0.000242068 
547.314 150.714 429.671 7.1407 -1.39907 -6.09466 0.53331 -6.17492e-05 
783.398 -110.423 443.336 22.8574 -1.12497 -2.33881 0.517013 -7.14631e-05 
1009.59 20.0014 557.751 12.3227 -1.12008 -0.907266 0.500718 -0.000599737 
1271.97 17.1186 673.644 10.7823 -1.09148 6.27907 0.484423 0.0012694 
1581.47 1332.47 793.886 13.3854 -0.807299 0.471977 0.30003 -0.00079849 
673.299 2985.51 844.879 5.00344 1.39907 5.6083 0.311623 -0.00204178 
1881.69 4780.13 964.05 5.00093 1.39907 3.93413 0.323212 0.000120892 
3109.44 6485.58 1029.78 5.00093 1.39906 -2.44536 0.41929 0.00422362 
4332.65 8079.86 741.914 5.00093 1.29284 1.0863 0.403031 0.00735331 
3213.27 6978.95 0.172756 28.2049 -1.39971 -6.27998 0.386936 -0.00106191 
1510.32 5189.08 285 39.9991 -0.035426 0.168885 0.369 0 
1510.32 5189.08 285 39.9991 -0.035426 0.168885 0.369 0 
1481.02 5211.35 279.967 33.3275 1.4 -1.17572 -0.188388 1.02859 
1450.96 5213.23 298.915 18.4649 1.15898 -4.12424 -0.176775 -0.363563 
1439.59 5178.61 317.591 5 0.133563 -5.46886 0.475826 0.00055406 
1449.3 5115.38 323.36 5 -1.4 -5.48145 0.638818 0.000482732 
1464.06 5051.94 298.475 21.1627 -1.34308 -5.48116 0.951583 0.000440042 
1455.98 4988.53 276.289 35.2521 -0.62905 -5.4812 0.738462 0.000436855 
1430.59 4925.12 269.272 35.6939 -0.593477 -5.48119 0.702741 0.000415427 
1404.37 4861.72 262.205 35.7065 -0.57641 -5.48119 0.696381 0.000399355 
1377.93 4798.32 255.163 35.5309 -0.571739 -5.48118 0.706217 0.000387125 
1351.47 4734.92 248.146 35.3122 -0.570103 -5.48118 0.719124 0.000392491 
1325.07 4671.52 241.138 35.0875 -0.570685 -5.48117 0.733817 0.000358541 
1298.73 4608.11 234.114 34.882 -0.570246 -5.48117 0.748752 0.000339332 
1272.42 4544.71 227.082 34.6817 -0.565516 -5.48116 0.761171 0.000329117 
1246.14 4481.31 220.112 34.4383 -0.56152 -5.48116 0.840186 0.000309102 
1219.95 4417.9 213.23 34.1198 -0.412653 -5.48116 0.808222 0.000291934 
1193.92 4354.5 206.363 33.8102 -0.385352 -5.48115 0.799369 0.0002739 
1168.07 4291.1 199.402 33.5465 -0.42302 -5.48115 0.892796 0.00028362 
1143.41 4227.69 189.912 37.2239 -0.0942011 -5.47834 0.00902048 0.000249536 
1114.54 4164.29 187.103 31.7462 -0.946555 -5.48098 0.860184 0.000235097 
1089.58 4100.89 176.692 36.0784 -0.0716588 -5.47943 0.0322449 0.000222935 
1061.7 4037.48 172.456 32.7101 -0.128446 -5.48371 0.827571 0.000203129 
1036.27 3974.04 166.236 32.2715 -0.102934 -5.88745 0.0554729 0.000206479 
1010.96 3910.68 160.413 31.8076 -0.328257 -5.88968 0.0670852 0.000185648 
986.087 3847.27 154.469 31.1759 -0.309795 -5.88969 0.0786976 0.00017028 
961.797 3783.87 147.052 30.8988 -0.473779 -5.88966 0.177963 0.000158054 
938.179 3720.46 138.339 30.3571 -0.570163 -5.88306 0.101923 0.000146045 
908.015 3657.06 129.482 31.2098 -0.278059 -5.88304 0.113535 0.000135564 
876.457 3593.66 125.038 30.9647 0.0168067 -5.88313 0.132732 0.000124172 
852.347 3530.35 125.235 25.8431 -0.123126 -4.32909 0.136761 0.00011302 
827.155 3490.57 122.61 26.0557 -0.249556 -6.28 0.148374 0.000102515 
803.453 3421.23 116.232 26.6558 -0.298802 -6.28 0.159987 0.000107763 
778.442 3351.89 109.089 27.3755 -0.405106 -6.28 0.1716 8.87816e-05 
752.364 3278.51 100.307 29.1882 -0.343246 -6.28 0.183214 7.37065e-05 
723.776 3211.2 92.4514 29.9383 -0.113442 -6.28 0.194828 6.4384e-05 
693.987 3143.89 86.5262 28.9988 -0.0388712 -6.28 0.206442 5.6371e-05 
665.145 3076.57 81.7553 28.8356 -0.063021 -6.28 0.218057 0.00011548 
636.365 3009.26 76.6219 29.394 -0.190884 -6.28 0.229653 1.2368e-05 
606.791 2935.84 69.5346 28.4079 -0.16061 -5.05426 0.241265 -0.00471732 
578.217 2878.87 62.9307 27.6271 -0.183232 -6.28 0.252878 0.00244095 
550.39 2803.29 56.0024 26.7176 -0.153196 -6.28 0.264536 -0.193551 
523.469 2727.72 49.5552 27.8487 -0.368799 -6.28 0.276102 -0.172122 
495.793 2652.28 39.7993 26.5249 -0.199252 -6.28 0.287714 -0.150857 
467.734 2576.7 32.6579 26.9605 0.222272 -6.28 0.299327 -0.129449 
439.686 2501.13 31.898 21.402 0.780843 -6.28 0.320095 -0.10804 
418.237 2425.55 39.7477 9.86628 0.37797 -4.13491 0.338407 -0.0866322 
413.962 2390.76 41.7686 5 -0.895626 -0.112073 0.419918 -0.0652244 
417.841 2417 24.5982 11.6836 -1.4 3.96373 0.403612 0.00486952 
407.414 2504.37 1.58202 31.7983 0.127098 5.47952 0.387306 -0.000409277 
373.157 2615.47 4.59575 25.2268 1.39839 4.80367 0.369 0 
3998.09 1790.62 1830.76 27.3866 0.684162 0 0.0678534 0 
3998.09 1790.62 1830.76 27.3866 0.684161 -4.35322e-07 0.0678535 -8.74941e-06 
3998.07 1790.64 1830.73 27.3961 0.68432 -0.00711445 0.0678158 -2.60527e-05 
3651.32 1801.23 1852.13 27.0488 0.692296 -0.0434766 0.0691814 0.00109559 
2763.03 880.609 1758.65 27.7933 0.673145 0.0793048 0.066255 -0.00135212 
2489.65 2037.41 1811.78 27.4937 0.68126 0.0208882 0.0674325 -0.00035608 
2418.5 2342.03 1825.76 27.4148 0.683398 0.00550368 0.0677426 -9.37477e-05 
2399.9 2422.23 1829.43 27.3941 0.683959 0.00146447 0.067824 -2.48889e-05 
2395.01 2443.52 1830.4 27.3886 0.684106 0.000401505 0.0678455 -6.76255e-06 
2393.73 2449.31 1830.65 27.3872 0.684145 0.000123065 0.0678511 -2.01251e-06 
2393.39 2451.03 1830.72 27.3868 0.684155 5.05479e-05 0.0678525 -7.70325e-07 
2393.3 2451.69 1830.73 27.3867 0.684158 3.27655e-05 0.0678529 -4.59787e-07 
2393.27 2452.08 1830.73 27.3867 0.684158 2.96742e-05 0.067853 -3.98607e-07 
2393.27 2452.42 1830.73 27.3867 0.684158 3.06748e-05 0.067853 -4.06089e-07 
2393.27 2452.76 1830.73 27.3867 0.684158 3.29829e-05 0.0678529 -4.34669e-07 
2393.26 2453.13 1830.73 27.3867 0.684158 3.5891e-05 0.0678529 -4.72074e-07 
2393.26 2453.54 1830.73 27.3867 0.684157 3.92548e-05 0.0678529 -5.15697e-07 
2393.26 2453.98 1830.72 27.3868 0.684157 4.3071e-05 0.0678528 -5.65112e-07 
2393.26 2454.46 1830.72 27.3868 0.684156 4.74177e-05 0.0678527 -6.2142e-07 
2393.26 2454.99 1830.72 27.3868 0.684156 5.23624e-05 0.0678527 -6.85253e-07 
2393.26 2455.57 1830.71 27.3868 0.684155 5.80387e-05 0.0678526 -7.58575e-07 
2393.26 2456.22 1830.71 27.3868 0.684154 6.45418e-05 0.0678525 -8.42214e-07 
2393.26 2456.94 1830.7 27.3869 0.684154 7.20758e-05 0.0678524 -9.39037e-07 
2393.26 2457.74 1830.69 27.3869 0.684153 8.08195e-05 0.0678523 -1.05102e-06 
2393.26 2458.63 1830.68 27.3869 0.684151 9.10516e-05 0.0678521 -1.18184e-06 
2393.25 2459.64 1830.67 27.387 0.68415 0.000103077 0.0678519 -1.335e-06 
2393.25 2460.78 1830.66 27.387 0.684148 0.000117337 0.0678517 -1.51617e-06 
2393.25 2462.07 1830.65 27.3871 0.684147 0.00013435 0.0678515 -1.73147e-06 
2393.25 2463.55 1830.63 27.3872 0.684144 0.000154834 0.0678512 -1.98969e-06 
2393.24 2465.24 1830.61 27.3873 0.684142 0.00017972 0.0678509 -2.30184e-06 
2393.24 2467.2 1830.58 27.3874 0.684138 0.000210299 0.0678504 -2.68392e-06 
2393.23 2469.49 1830.55 27.3875 0.684134 0.000248199 0.0678499 -3.15419e-06 
2393.22 2472.18 1830.51 27.3877 0.684129 0.000295901 0.0678492 -3.74239e-06 
2393.22 2475.37 1830.46 27.3879 0.684122 0.000356755 0.0678484 -4.48671e-06 
2393.2 2479.19 1830.39 27.3881 0.684114 0.000435719 0.0678474 -5.44362e-06 
2393.19 2483.83 1830.3 27.3885 0.684103 0.000540155 0.067846 -6.69491e-06 
2393.17 2489.54 1830.18 27.389 0.684088 0.000681428 0.0678441 -8.36182e-06 
2393.14 2496.67 1830.01 27.3896 0.684067 0.000878195 0.0678416 -1.06394e-05 
2393.1 2505.73 1829.77 27.3905 0.684038 0.00116199 0.0678381 -1.38531e-05 
2393.04 2517.54 1829.41 27.3918 0.683995 0.0015869 0.0678331 -1.85014e-05 
2392.95 2533.31 1828.84 27.3937 0.68393 0.00225902 0.0678254 -2.5577e-05 
2392.79 2555.11 1827.88 27.3968 0.683823 0.00338307 0.0678134 -3.6923e-05 
2392.52 2586.57 1826.19 27.4021 0.683638 0.00537051 0.0677927 -5.64814e-05 
2392.04 2634.71 1823.11 27.4119 0.683295 0.00899728 0.067754 -9.28601e-05 
2391.17 2713.84 1817.6 27.4311 0.682652 0.0154711 0.0676784 -0.000162725 
2389.73 2852.51 1808.71 27.461 0.681639 0.0259226 0.0675609 -0.00027201 
2387.25 3084.23 1793.85 27.4579 0.680941 0.043304 0.0675729 -0.000298577 
2378.73 3337.98 1740.55 27.273 0.681647 0.105378 0.0682975 0.000107428 
2335.78 3236.28 1454.4 26.7274 0.677523 0.432717 0.0703583 -0.00116364 
1820.29 2330.88 179.461 22.6159 2.80934e-05 0.111883 0.0668534 0 
1820.29 2330.88 179.461 22.6159 2.80934e-05 0.111883 0.0668534 0 
1809 2354.3 179.514 21.6708 0.705899 0.11282 -0.176572 -0.56606 
1798.57 2377.73 189.411 13.487 0.76958 -0.321707 -0.0884669 -0.513061 
1797.52 2395.1 200.378 5.31698 -0.0636191 -0.715708 0.80866 -0.46063 
1806.11 2406.99 199.93 6.159 -0.0954625 -1.06958 0.805552 -0.409533 
1813.76 2413.94 199.021 7.26373 -0.0222305 -1.38433 0.715328 -0.360585 
1820.13 2416.52 199.106 7.54828 0.00790414 -1.66162 0.682008 -0.314553 
1826.16 2415.24 199.605 7.50843 0.00580036 -1.90364 0.683255 -0.272068 
1832.26 2410.6 200.075 7.49369 0.00106627 -2.11312 0.685569 -0.233562 
1838.38 2403.03 200.479 7.529 -0.000721168 -2.2931 0.683922 -0.199236 
1844.48 2392.97 200.858 7.58104 -0.00124923 -2.44677 0.680631 -0.169078 
1850.52 2380.76 201.228 7.63597 -0.0017469 -2.57732 0.677042 -0.1429 
1856.51 2366.74 201.59 7.69339 -0.00245627 -2.68781 0.673325 -0.120398 
1862.45 2351.17 201.941 7.7554 -0.00330833 -2.78105 0.669346 -0.101198 
1868.33 2334.32 202.279 7.82325 -0.00424301 -2.85958 0.665002 -0.0849033 
1874.14 2316.36 202.602 7.89752 -0.00524591 -2.92561 0.66025 -0.0711239 
1879.88 2297.49 202.91 7.97858 -0.00631899 -2.98108 0.655066 -0.0594964 
1885.53 2277.85 203.2 8.06684 -0.00746253 -3.02763 0.649427 -0.0496938 
1891.09 2257.56 203.473 8.16267 -0.00867136 -3.06668 0.643313 -0.0414294 
1896.56 2236.73 203.727 8.26636 -0.00993601 -3.09938 0.636705 -0.0344563 
1901.91 2215.44 203.961 8.3781 -0.0112441 -3.12674 0.629594 -0.0285648 
1907.15 2193.77 204.175 8.49792 -0.0125815 -3.14958 0.621977 -0.0235789 
1912.26 2171.78 204.367 8.62572 -0.0139328 -3.1686 0.613861 -0.0193515 
1917.24 2149.53 204.537 8.76121 -0.0152832 -3.18438 0.605263 -0.015761 
1922.06 2127.06 204.686 8.904 -0.0166193 -3.19741 0.596208 -0.0127071 
1926.74 2104.41 204.813 9.05355 -0.0179299 -3.20809 0.58673 -0.0101071 
1931.24 2081.61 204.918 9.20924 -0.0192042 -3.21678 0.576869 -0.00789349 
1935.58 2058.69 205.002 9.37036 -0.0204295 -3.22377 0.56667 -0.00601098 
1939.74 2035.67 205.065 9.5361 -0.0215921 -3.22931 0.556183 -0.0044143 
1943.72 2012.57 205.109 9.70557 -0.0226832 -3.23364 0.545457 -0.00306641 
1947.52 1989.42 205.133 9.8778 -0.0237101 -3.23692 0.534542 -0.00193692 
1951.12 1966.21 205.14 10.052 -0.0247002 -3.23934 0.523491 -0.00100061 
1954.52 1942.98 205.129 10.2277 -0.0256784 -3.24104 0.512361 -0.000236417 
1957.73 1919.72 205.1 10.4046 -0.0266159 -3.24216 0.501211 0.000373506 
1960.75 1896.45 205.054 10.5823 -0.0273881 -3.2428 0.490099 0.00084476 
1963.56 1873.16 204.993 10.7588 -0.0278219 -3.24308 0.479077 0.00119122 
1966.17 1849.88 204.923 10.9307 -0.027883 -3.2431 0.468187 0.00142571 
1968.6 1826.59 204.848 11.0944 -0.0279156 -3.24294 0.457473 0.00156035 
1970.83 1803.31 204.769 11.2501 -0.0286426 -3.24267 0.447 0.00160702 
1972.89 1780.03 204.676 11.4058 -0.0305969 -3.24237 0.436862 0.00157757 
1974.78 1756.75 204.552 11.5744 -0.0330583 -3.24209 0.427174 0.00148411 
1976.47 1733.48 204.391 11.7596 -0.0333975 -3.24188 0.418022 0.00133915 
1977.96 1710.21 204.22 11.9373 -0.0283284 -3.24178 0.409433 0.00115565 
1979.24 1686.94 204.117 12.0505 -0.01777 -3.24182 0.401398 0.000947178 
1980.38 1663.68 204.157 12.0465 -0.00916745 -3.24203 0.393952 0.000727842 
1981.53 1640.41 204.318 11.9564 -0.0167047 -3.2424 0.387242 0.000512335 
1982.79 1617.13 204.375 11.9584 -0.0499475 -3.24294 0.381469 0.000315877 
1984.06 1593.85 203.97 12.3158 -0.0943825 -3.24363 0.376722 0.000154182 
1984.93 1570.55 202.938 13.1141 -0.100842 -3.24444 0.372914 4.33957e-05 
1984.88 1547.25 201.799 13.9108 -0.00985578 -3.24534 0.369 0 
1984.88 1547.25 201.799 13.9108 -0.00985578 -3.24534 0.369 0 
1974.43 1377.62 203.818 13.4317 0.106799 -2.0275 0.221339 1.02245 
1968.11 1330.42 215.182 5 -0.0042899 4.84906 0.926449 0.233975 
2032.76 1974.42 216.736 5 -0.00428926 6.24261 0.92645 -0.00595033 
2097.85 2758.51 218.291 5 -0.00428932 6.23932 0.926451 -0.00608083 
2163.24 3542.27 219.846 5 -0.00428935 6.23521 0.926451 -0.00622549 
2228.95 4325.62 221.401 5 -0.00428937 6.23016 0.926451 -0.00643362 
2294.97 5108.46 222.956 5 -0.00428939 6.22377 0.926451 -0.0067417 
2361.31 5890.66 224.51 5 -0.0042894 6.21543 0.926451 -0.00722638 
2427.95 6672.02 226.065 5 -0.00428941 6.20407 0.926451 -0.00804102 
2494.91 7452.23 227.62 5 -0.00428943 6.18768 0.926451 -0.00953944 
2562.18 8230.8 229.175 5 -0.00428945 6.16212 0.926451 -0.0126538 
2629.76 9006.8 230.73 5 -0.00428947 6.1176 0.926451 -0.0207554 
2697.65 9778.33 232.284 5 -0.00428953 6.024 0.926451 -0.0965947 
2765.85 10540.4 233.839 5 -0.00429005 5.47415 0.926455 -0.487662 
2834.32 11247.3 235.394 5 -0.00423087 2.43029 0.925408 -0.519099 
2902.85 11648.1 236.955 5 -0.00328659 -0.929196 0.909102 -0.139166 
2971.43 11711.3 238.61 5 -0.00234096 -1.69467 0.892796 0.0179164 
3040.28 11697.5 240.361 5 -0.00139487 -1.58609 0.87649 0.00107604 
3109.49 11694.6 242.207 5 -0.000448834 -1.57228 0.860183 0.00203936 
3179.07 11693.1 244.148 5 0.000497205 -1.55977 0.843877 0.00106747 
3249.04 11692.8 246.184 5 0.00144324 -1.55354 0.827571 -0.000912338 
3319.42 11693.2 248.315 5 0.00238927 -1.55958 0.811265 -0.000576474 
3390.22 11693 250.541 5 0.0033353 -1.56352 0.794959 -0.00412637 
3461.47 11692.4 252.862 5 0.00422552 -1.58913 0.778653 0.0185651 
3533.19 11689.2 255.273 5.00427 0.00183139 -1.46501 0.762347 -0.00738232 
3605.37 11698.5 257.442 5.2612 0.000576718 -1.50069 0.746041 -0.0125149 
3675.91 11704.2 259.444 5.51813 -0.000677955 -1.50358 0.729735 -0.250406 
3744.8 11709.6 261.279 5.77506 -0.00193356 -3.28538 0.713429 -0.270461 
3811.84 11535.9 262.946 6.032 -0.00318925 -5.23582 0.697122 -0.0944263 
3877 11166.1 264.445 6.28893 -0.00444428 -5.92102 0.680816 -0.0201677 
3940.33 10727.5 265.776 6.54586 -0.00569904 -6.08345 0.66451 -0.00579965 
4001.86 10272.5 266.94 6.80279 -0.00695374 -6.14449 0.648204 -0.001835 
4061.55 9811.36 267.937 7.05972 -0.00820842 -6.17695 0.631898 -0.000175977 
4119.36 9346.99 268.766 7.31666 -0.00946305 -6.19695 0.615592 0.000635449 
4175.28 8880.61 269.427 7.57358 -0.0107179 -6.21044 0.599286 0.00105546 
4229.26 8412.87 269.921 7.83053 -0.0119768 -6.22013 0.58298 0.0012681 
4281.27 7944.16 270.247 8.08779 -0.0132212 -6.22742 0.566673 0.00135772 
4331.28 7474.72 270.407 8.34404 -0.0141605 -6.2331 0.550367 0.00136675 
4379.26 7004.71 270.43 8.57663 -0.0157815 -6.23765 0.534061 0.0013183 
4425.37 6534.25 270.254 8.85318 -0.0405505 -6.24138 0.517755 0.00122587 
4469.27 6063.41 267.542 10.9153 -0.0438583 -6.24449 0.501449 0.00109937 
4496.02 5592.27 264.167 11.9518 -0.0415961 -6.24713 0.485143 0.000946224 
4513.73 5120.88 260.851 12.2087 -0.042855 -6.24939 0.468837 0.000774339 
4528.71 4649.25 257.368 12.466 -0.0441652 -6.25136 0.452531 0.000593295 
4540.92 4177.43 253.711 12.7273 -0.0451803 -6.25309 0.436224 0.000414391 
4550.29 3705.44 249.91 12.9674 -0.0420793 -6.25462 0.419918 0.000251787 
4556.95 3233.3 246.382 12.8854 -0.0555098 -6.25599 0.403612 0.000127574 
4563.6 2761.02 241.518 13.9566 -0.390258 -6.25684 0.387306 0.00175471 
4561.3 2288.66 202.83 40 0.0899969 -5.6202 0.369 0 
4561.3 2288.66 202.83 40 0.0899969 -5.6202 0.369 0 
4502.76 2195.6 199.428 31.039 1.4 -0.670764 -0.188388 0.711539 
4460.91 2222.4 228.104 7.53735 -1.4 4.94695 -0.176775 -0.887865 
4467.52 2385.24 189.873 39.33 -0.539201 -1.07515 0.0537025 -0.485309 
4410.05 2402.26 171.257 40 -0.505594 -5.89785 0.00218167 -0.00510263 
4350.26 2302.47 153.429 40 -0.505594 -6.0121 0.00218141 0.00225293 
4289.6 2199.92 135.601 40 -0.505594 -5.96604 0.00218104 0.00272913 
4228.08 2098.48 117.773 40 -0.505594 -5.90689 0.00218055 0.00341319 
4165.7 1998.47 99.9454 40 -0.505594 -5.8283 0.00217988 0.00459853 
4102.45 1900.37 82.1176 40 -0.505594 -5.71609 0.0021785 0.00673787 
4038.34 1804.99 64.2897 40 -0.505595 -5.5395 0.00219915 0.0115303 
3973.36 1713.88 46.4619 40 -0.505515 -5.21301 0.000826113 0.0222827 
3907.53 1630.68 28.636 40 -0.510392 -4.56398 0.0849004 0.0339485 
3840.85 1563.2 10.6919 40 -0.210939 -3.56132 0.0109363 0.0185518 
3773.17 1520.01 0.00105141 40 0.0391285 -2.96671 -0.0373779 -0.00902209 
3704.86 1491.22 0.00102939 40 0.0156779 -3.27907 -0.0258155 -0.00346585 
3636.56 1454.86 0.00102939 40 -0.100502 -3.40702 -0.0142037 -0.00274452 
3568.31 1415.4 0.123913 40 -0.171357 -3.51471 -0.0025917 -0.00277285 
3500.1 1373.34 0.387307 40 -0.198181 -3.63013 0.00902047 -0.00131178 
3431.92 1328.48 0.00101177 40 -0.18223 -3.68926 0.0206327 0.00015502 
3363.7 1282.19 0.00101955 40 -0.124726 -3.68411 0.0322449 0.00324288 
3295.46 1236.02 0.00102939 39.7386 -0.026857 -3.52557 0.0438572 0.0132765 
3227.68 1193.69 0.00102939 39.233 0.0502417 -2.83384 0.0554694 0.00819547 
3160.86 1168.12 0.00102939 39.05 0.0511359 -2.37155 0.0670817 0.00221437 
3094.4 1153.74 0.00102939 38.867 0.0520293 -2.23664 0.0786939 0.00139429 
3028.3 1142.63 0.00102939 38.6841 0.0529226 -2.145 0.0903062 0.00471554 
2962.56 1133.74 0.00102939 38.5011 0.0538161 -1.80858 0.101918 0.0124981 
2897.17 1133 0.00102939 38.3181 0.0547104 -0.857803 0.113531 0.0282499 
2832.16 1155.28 0.0010746 38.1352 0.0556059 1.26905 0.125143 0.0352346 
2767.55 1229.08 5.83416 37.9522 0.0565012 3.85803 0.136755 0.0211851 
2703.62 1365.59 11.6961 37.7692 0.0573961 5.71 0.148367 0.0026008 
2640.37 1546.96 17.5867 37.5862 0.0582913 6.28 0.15998 -0.00352638 
2577.77 1742.13 23.5062 37.4032 0.0591857 6.09801 0.171592 -0.00157457 
2515.81 1932.89 29.4545 37.2202 0.060074 5.94371 0.183204 -0.000117915 
2454.49 2119.92 35.4313 37.0373 0.0609529 5.93254 0.194816 0.000154879 
2393.81 2306.67 41.4366 36.8547 0.0618461 5.96619 0.206429 0.00012673 
2333.78 2494.24 47.4706 36.672 0.0628127 6.00243 0.218041 7.80282e-05 
2274.4 2682.69 53.535 36.4879 0.0638406 6.03264 0.229653 4.69435e-05 
2215.66 2871.86 59.6316 36.3015 0.0646089 6.05689 0.241265 2.87373e-05 
2157.59 3061.63 65.754 36.118 0.0645975 6.07658 0.252878 1.75641e-05 
2100.17 3251.87 71.8832 35.9512 0.0644817 6.09291 0.26449 1.03969e-05 
2043.37 3442.51 78.0161 35.8004 0.0681111 6.10671 0.276102 5.76649e-06 
1987.16 3633.48 84.2427 35.5942 0.0790601 6.11857 0.287714 2.87629e-06 
1931.65 3824.74 90.7426 35.2064 0.084384 6.12894 0.299327 1.24229e-06 
1877.2 4016.24 97.3864 34.7692 0.0425681 6.13815 0.310939 5.62584e-07 
1823.95 4207.98 103.034 35.1592 -0.0563532 6.14663 0.322551 1.05989e-06 
1770.26 4399.91 106.271 37.2981 -0.0209554 6.1567 0.334163 6.30645e-06 
1712.56 4592.1 110.283 38.4347 0.54622 6.12917 0.345776 -0.000675207 
1652.57 4783.62 127.987 28.9278 1.4 2.73038 0.357388 -2.97796e-05 
1611.41 4892.8 166.741 5.08822 0.0899995 1.66152 0.369 0 
1611.41 4892.8 166.741 5.08822 0.0899995 1.66152 0.369 0 
1627.54 4987.17 169.265 5 -0.944271 0.677091 1.15369 -1.01004 
1644.6 5053.09 141.902 24.7337 -0.13028 -1.90178 -0.176776 -0.940367 
1613.84 5044.52 137.15 24.5507 -0.129388 -4.29734 -0.165163 -0.773205 
1583.18 4966.72 132.432 24.3677 -0.128495 -6.22181 -0.153551 0.0430818 
1552.62 4833.3 127.748 24.1847 -0.127602 -6.19779 -0.141939 0.00265878 
1522.22 4700.57 123.099 24.0018 -0.126708 -6.19753 -0.130326 0.00462425 
1491.97 4567.85 118.484 23.8188 -0.125815 -6.19223 -0.118714 0.00417295 
1461.87 4435.28 113.903 23.6358 -0.124921 -6.18782 -0.107102 0.00366341 
1431.94 4302.84 109.357 23.4529 -0.124028 -6.1844 -0.0954898 0.00366005 
1402.16 4170.5 104.845 23.2699 -0.123134 -6.1808 -0.0838775 0.00379145 
1372.55 4038.27 100.367 23.0869 -0.122241 -6.1767 -0.0722653 0.00388562 
1343.1 3906.15 95.9231 22.9039 -0.121347 -6.17218 -0.060653 0.00395639 
1313.81 3774.16 91.5139 22.721 -0.120454 -6.16727 -0.0490408 0.00403786 
1284.7 3642.31 87.1389 22.538 -0.11956 -6.16192 -0.0374285 0.0041403 
1255.75 3510.62 82.7982 22.355 -0.118667 -6.15604 -0.0258163 0.00426422 
1226.98 3379.09 78.4918 22.1721 -0.117773 -6.14954 -0.014204 0.0044124 
1198.38 3247.76 74.2198 21.9891 -0.11688 -6.1423 -0.00259179 0.00459175 
1169.95 3116.63 69.982 21.8061 -0.115986 -6.13419 0.00902045 0.0048127 
1141.7 2985.74 65.7785 21.6231 -0.115093 -6.125 0.0206327 0.0050893 
1113.64 2855.11 61.6093 21.4402 -0.114199 -6.11448 0.0322449 0.00543811 
1085.75 2724.79 57.4744 21.2572 -0.113306 -6.10229 0.0438572 0.00587417 
1058.05 2594.81 53.3738 21.0742 -0.112412 -6.08799 0.0554694 0.00642251 
1030.54 2465.25 49.3075 20.8913 -0.111519 -6.07095 0.0670817 0.00721824 
1003.21 2336.19 45.2755 20.7083 -0.110625 -6.04984 0.0786939 0.00872871 
976.078 2207.73 41.2778 20.5253 -0.109729 -6.02124 0.0903062 0.0116681 
949.135 2080.1 37.3145 20.3423 -0.108833 -5.97846 0.101918 0.0152977 
922.386 1953.7 33.3855 20.1592 -0.107952 -5.91814 0.113531 0.0107497 
895.835 1829.05 29.4905 19.9764 -0.107097 -5.87645 0.125143 -0.00602246 
869.481 1705.6 25.6287 19.7945 -0.10619 -5.90138 0.136755 0.0140572 
843.325 1581.44 21.8015 19.612 -0.105005 -5.80494 0.148367 0.0722055 
817.371 1460.05 18.017 19.4231 -0.103689 -5.41077 0.15998 0.123419 
791.644 1350.06 14.2793 19.226 -0.104025 -4.75554 0.171592 0.151307 
766.172 1259.01 10.541 19.0585 -0.108195 -3.9415 0.183204 0.158702 
740.892 1191.48 6.68997 18.9996 -0.10793 -3.05388 0.194816 0.151049 
715.546 1149.6 2.84933 18.9311 -0.0737024 -2.15465 0.206429 0.131612 
690.137 1133.71 0.00108652 18.5239 -0.00926964 -1.29577 0.218041 0.106719 
665.489 1142.64 0.00103801 18.341 -0.00838082 -0.508681 0.229653 0.0848374 
641.282 1174.32 0.00103801 18.1583 -0.00746072 0.21116 0.241265 0.0673244 
617.514 1226.8 0.00103801 17.9749 -0.00648544 0.877609 0.252878 0.0531222 
594.186 1298.54 0.00103801 17.7898 -0.00562744 1.50164 0.26449 0.0415907 
571.3 1388.32 0.00103801 17.6059 -0.00535203 2.09304 0.276102 0.0324136 
548.853 1495.18 0.00103801 17.4357 -0.00531356 2.66316 0.287714 0.0252246 
526.814 1618.52 0.00103802 17.282 -0.00173266 3.22555 0.299327 0.0195885 
505.141 1758.12 1.04404 17.0636 0.00975704 3.79584 0.310939 0.0123085 
484.041 1914.2 2.68916 16.619 0.0112039 4.32255 0.322551 0.00531096 
464.077 2085.49 4.39672 16.2115 -0.0590002 4.71763 0.334163 0.000612914 
445.206 2268.21 4.09426 17.4096 -0.18825 4.81501 0.345776 -0.00129126 
423.619 2453.74 0.00100608 21.209 0.0650267 4.4432 0.357388 -0.000153748 
392.842 2628.53 1.05647 17.7285 1.4 4.26493 0.369 0 
