grtopL_103_4
50
2 2
12 12 
0 8 3 7 4 5 10 6 9 2 1 13 
0 8 3 7 4 5 10 6 9 2 1 13 
55.6849 1689.35 498.154 87.0719 1996.13 219.333 138.836 2469.75 281.31 110.223 185.401 
1345.48 108.071 58.9185 86.4938 169.957 0 259.823 95.3328 211.753 49.786 197.928 
1.13643 34.4766 10.1664 1.77698 40.7374 4.47619 2.83339 50.4031 5.74102 2.24945 3.78369 
27.4587 2.20553 1.20242 1.76518 3.46851 0 5.30252 1.94557 4.32148 1.01604 4.03934 
286.618 14183 9.53614 2.51498 111.138 13.626 7.88869 9384.4 4.69219 74.1847 2.80085 
1.44963e-06 3.92474 0.523584 0.455294 5.92749 181.054 5.87176 0.84719 9.1291 1.90234 2.71641 
8928.7 3288.29 4288.27 40 1.02541 0 0.0193548 0 
8724.58 3474.64 4302.51 25.1246 1.4 -6.28 1.14654 1.02859 
8863.52 3258.84 4216.37 5 1.4 -6.28 1.12005 -1.00718 
8944.98 3485.32 4001.66 40 1.4 -6.28 -0.186631 -0.985776 
9050.95 3184.14 3755.86 40 -1.4 6.28 1.07615 0.964367 
8933.45 3102.97 3985.29 40 1.4 -6.28 -0.177719 0.928232 
9038.8 3365.62 3713.2 5 1.4 6.28 1.02923 0.921507 
8925.67 3585.55 3440.65 5 -0.092278 -6.27347 -0.168806 -0.900143 
8666.82 3473.4 3093.87 5 1.4 -6.28 0.982303 -0.878735 
8771.41 3151.6 2812.01 5 1.4 6.28 0.958841 -0.857327 
8681.51 3350.17 2644.43 5 -1.4 6.28 -0.155438 -0.835918 
8496.28 3189.87 2573.21 5 1.39997 6.28 -0.150982 -0.8047 
8809.65 3089.26 2553.13 5 1.4 6.28 -0.146525 0.793102 
9119.2 3278.51 2588.67 5 1.4 6.28 -0.142069 -0.771694 
9473.9 3467.76 2353.53 5 1.4 6.28 0.84153 -0.750286 
9375.35 3665.43 2508.8 5 1.31979 6.28 0.818068 -0.712157 
9186.27 3919.81 2195.3 5 1.4 -6.28 0.794606 0.692302 
9265.34 3949.19 2315.8 5 -1.4 6.28 0.771143 -0.686061 
9090.4 3781.78 2318.23 5 -1.4 4.96004 -0.119788 0.664648 
9437.81 4047.96 2315.98 5 -1.4 -2.45655 0.724219 -0.643245 
9609.43 4312.24 2312.05 5 -1.4 4.96022 0.700757 -0.621837 
9956.67 4577.4 2310.2 5 -1.4 6.28 0.677295 -0.600429 
9788.05 4846.22 2308.01 6.80067 0.231194 6.28 -0.101963 0.57902 
9636.26 5144.13 2401.8 40 1.4 6.28 -0.0975068 -0.557612 
9444.14 4842.96 2192.1 26.3727 -1.4 6.28 0.606908 0.536204 
9332.21 4699.83 2286.36 5 1.4 -6.28 -0.0885945 -0.514796 
9413.87 4948.8 2339.66 40 1.4 6.28 0.559984 0.493388 
9644.09 5209.41 2512.13 40 1.4 -6.28 0.536522 -0.47198 
9732.16 5390.32 2348.05 5 0.221847 6.28 0.51306 0.450571 
9538.5 5687.36 2536.68 5 -0.0386677 6.28 0.489598 0.429163 
9898.67 5962.2 2704.88 6.30153 -1.4 6.28 0.466136 -0.407755 
9863.78 5780.74 2901.57 40 -1.4 6.28 -0.0618571 -0.386347 
9874.12 5753.18 2571.6 40 -1.4 6.28 0.419211 0.364939 
9884.58 5729.87 2227.78 5 -1.21119 6.28 0.395749 0.343531 
9896.7 5509.54 1854.42 5 -1.37229 6.28 0.370516 -0.322122 
9910.71 5868.71 1477.26 5 -1.4 6.28 0.344367 0.3007 
9924.92 5655.72 1099.44 5 -1.4 6.28 -0.039576 0.279268 
9939.6 6015.96 721.628 5 -1.4 6.27927 0.301901 0.257876 
9949 6074.93 343.812 40 -1.4 -4.81251 -0.0306636 -0.23649 
9984.09 6455.8 0.0010005 40 1.4 6.28 0.254976 -0.215082 
9912.31 6613.46 0.001 40 1.01292 6.28 -0.0217511 0.193673 
10225.2 6900.39 4.50852 5 1.4 6.28 -0.0172949 -0.167885 
10401.3 7083.77 0.0010005 14.7466 -1.4 -6.28 -0.0128387 -0.150173 
10418 6918.08 0.001 5 1.38875 -6.28 0.161128 -0.129449 
10434.5 6596.71 0.001 5 1.4 -3.49497 -0.00335274 -0.108041 
9943.85 6716.64 0.001 5 -1.4 6.28 0.0544569 -0.0866327 
9924.94 6530.34 0.001 40 1.4 -6.28 0.00498618 0.0652245 
9941.64 6258.99 0.001 8.71467 1.4 -6.28 0.0101221 -0.0438163 
9958.34 6135.14 0.001 36.8195 1.4 6.28 0.0138986 0.0224082 
9739.81 5832.27 58.65 40 -0.09 -6.28 0.0183548 0 
9739.81 5832.27 58.65 40 -0.09 -6.28 0.0183548 0 
22973.2 17989.8 865.73 5.00005 1.39995 -6.28 1.12812 0.306711 
23340 1780.52 1569.68 5.00005 -0.392792 -0.679721 1.13734 0.000482367 
23407.6 37.9182 2057.19 17.2169 1.39995 -2.89666 1.12103 -2.29909e-05 
23433.8 40.3146 2584.95 22.7732 1.31559 -1.5763 0.977945 -4.22853e-05 
23459.9 40.7019 2105.27 22.9517 1.29158 -1.58254 1.08842 -7.41871e-06 
23486.2 35.9705 1963.82 39.928 1.20095 -1.56887 0.314024 -2.67117e-05 
23495.7 32.2931 1490.46 39.7313 0.814001 -1.53319 0.312305 -3.75981e-06 
23500.7 27.294 1020.94 32.9404 0.938658 -1.39055 -0.107054 2.36748e-07 
23506.5 30.8319 670.394 25.1488 -1.39995 -2.31715 -0.0954418 1.27447e-06 
23491.3 20.144 639.524 24.7297 -1.39995 -2.99087 -0.0838296 3.02094e-06 
23497.5 9.48836 1.50147 24.3286 1.36075 -1.71575 -0.0722173 2.89184e-06 
23471.5 16.4871 174.114 23.9598 1.00919 -2.95387 -0.060605 -1.50666e-06 
23467.8 33.089 167.724 23.7106 -1.39995 -1.79126 -0.0489927 5.36813e-08 
23458.5 -6.15613 165.611 23.4318 -1.39995 -1.74051 -0.0373804 3.51082e-07 
23449 10.7246 139.565 23.1887 1.0744 -2.97339 -0.0257682 9.7653e-07 
23439.9 8.94303 139.294 22.9904 1.07714 -2.96961 -0.0141559 1.65458e-06 
23430.8 7.1849 141.075 22.8285 1.07996 -2.58472 -0.00254361 2.24807e-06 
23421.7 2457.97 144.905 22.7 1.07836 -5.16537 0.00906866 2.86059e-06 
23412.7 3.71521 146.729 22.5728 1.07648 -5.16543 0.0206809 3.43096e-06 
23403.7 -2450.53 146.323 22.4413 1.07984 1.47905 0.0322932 3.96808e-06 
23394.9 0.288935 148.616 22.3054 1.0803 -0.417997 0.0439054 4.47815e-06 
23386.1 -1.40285 150.737 22.1648 1.08085 -0.414022 0.0555177 5.05093e-06 
23377.4 -3.08232 152.748 22.0196 1.08098 -0.410538 0.0671299 5.63993e-06 
23368.7 -4.74837 154.325 21.87 1.0799 -0.408693 0.0787421 6.00597e-06 
23360.2 -6.39531 154.833 21.7157 1.07522 -0.398558 0.0903543 6.33227e-06 
23354 3.79322 348.108 22.1648 -1.39995 -3.37909 0.101967 6.47221e-06 
23341 -5.67259 324.764 21.3958 -1.39995 -3.37875 0.113579 6.31071e-06 
23326 -15.1132 11.1376 21.2317 -1.39995 -2.99097 0.125191 7.05227e-06 
23312.5 -24.6653 0.00105268 21.0659 1.37245 -1.70504 0.136803 6.91273e-06 
23300.6 -14.4336 1302.12 39.734 -0.68583 0.275258 0.148416 4.98447e-06 
23235 -14.8074 1250.47 33.1155 1.18343 -0.395505 0.221459 7.92151e-06 
23255.8 2.23445 1363.18 39.8502 -1.39995 -3.53249 0.17164 7.86731e-06 
23176.5 -6.22772 662.099 20.4138 -1.39995 -2.98933 0.183252 1.43966e-05 
23224.3 -16.1918 1024.33 30.5537 -1.39995 -2.98834 0.194864 2.32273e-05 
23211.2 -24.2244 454.755 20.0758 -1.39995 -2.98462 0.206476 8.09468e-06 
23201 -29.0947 134.703 10.7661 -1.36619 -2.87885 0.373992 5.34921e-06 
23135.9 -32.84 328.941 22.3013 -0.981158 -1.53397 0.565351 7.2151e-06 
23158.7 -9.92304 548.472 22.2641 -0.973565 -1.53265 0.549533 1.78828e-06 
23199.6 -5.66076 771.454 26.0904 1.39995 -1.61972 0.53366 2.13977e-06 
23248 -1.03734 788.013 23.7995 1.35651 -0.579426 0.517709 -3.05642e-07 
23281.6 4.48788 1123.9 32.2834 1.35651 -2.1343 0.353163 -6.74781e-06 
23307.5 10.7425 1257.61 28.2912 1.35593 -0.601751 0.327244 2.8711e-05 
23324.7 16.2226 1356.14 38.4366 1.22418 -0.593236 0.319801 0.0352186 
23337.4 547.381 1389.77 39.9999 1.39995 6.28 0.315328 0.0417526 
23344.3 18108 1377.16 34.2148 -0.639226 5.9436 0.322595 -0.00295958 
23347 23660.6 222.9 15.769 -1.39646 6.25042 0.334207 -0.0388279 
23342.3 23832.3 0.00105268 14.5658 -1.39995 -6.2796 0.345818 -0.00645139 
22381.3 23494.5 0.00101147 40 1.4 -3.95673 0.35743 0.00303799 
7186.17 8285.63 258.93 5.00005 0.0899479 -3.1717 0.369 0 
7186.17 8285.63 258.93 5.00005 0.0899479 -3.1717 0.369 0 
7252.23 8091.93 264.862 7.62629 -0.152624 -4.19356 1.13605 0.00473756 
7312.61 7749.78 241.383 28.4987 -0.15157 -4.84763 -0.140766 -0.00451814 
7154.87 7325.58 213.562 21.2785 -0.0955427 -4.87087 0.273687 0.00504512 
7049.24 6898.37 198.679 14.2662 -0.1854 -4.86722 0.763031 0.00238606 
7022.15 6471.72 168.311 21.2983 -0.103763 -4.87054 0.309621 0.00258946 
6911.77 6044.7 147.062 21.8097 -0.174348 -4.48336 0.28698 0.0166491 
6790.76 5666.74 133.816 20.906 -0.0488222 -6.03786 0.341932 0.026876 
6675.08 5092.02 136.267 19.6548 0.0131609 -6.08367 0.41862 -0.0148691 
6573.53 4511.44 138.738 19.1992 0.0152227 -6.21585 0.447515 -0.00218582 
6477.45 3913.98 145.073 19.3458 0.0169105 -6.22943 0.43802 -0.000254805 
6381.5 3314.79 151.63 19.2614 0.0146548 -6.22943 0.444686 0.0292795 
6288.15 2715.6 155.734 18.8369 0.0375702 -6.22946 0.17548 0.136261 
6200.37 2116.41 160.192 18.651 -0.0401851 -4.15635 0.12222 0.0128611 
6116.09 1779.57 165.193 18.6997 -0.0370533 -3.52108 0.127713 0.00509881 
6032.74 1523.31 170.58 18.8661 0.0335581 -3.52537 0.186956 0.00156368 
5948.95 1266.51 175.785 18.9786 -0.00636364 -3.54113 0.13483 0.00612016 
5865.64 1007.71 185.034 16.7365 0.0400887 -3.50246 0.335397 0.00519201 
5808.75 753.802 200.631 10.6578 0.108282 -3.52539 0.517904 0.0256031 
5818.6 496.933 226.087 5.10793 0.0579765 -3.06516 0.685683 0.0805815 
5893.49 298.356 246.306 5.10565 0.0483842 -1.73311 0.427472 0.000670418 
5973.32 277.873 265.184 5.08295 0.115404 -1.80229 0.333813 0.000126788 
6059.27 257.873 285.72 7.18025 0.0565712 -1.71944 0.203653 0.000944254 
6128.03 237.613 305.541 7.58362 0.0608518 -1.71047 0.402552 0.00282351 
6198.32 217.381 325.382 8.06719 0.0542348 -1.68879 0.532604 0.000662436 
6268.76 199.784 344.518 7.27657 0.0412971 -1.673 0.604364 0.00260388 
6338.52 182.71 362.159 7.84036 0.0499839 -1.65809 0.596483 -0.00103069 
6407.99 168.513 380.759 8.32406 0.0821671 -1.67272 0.386101 0.00382858 
6476.06 146.498 397.026 10.5882 0.0773712 -1.59529 0.529413 0.00206655 
6524.45 139.72 412.899 11.3979 0.0535341 -1.61674 0.44716 0.000624471 
6568.96 131.044 424.535 12.5319 -0.0100319 -1.6089 0.382932 -0.00059191 
6605.32 122.808 417.863 13.1984 -0.033609 -1.63031 0.379717 0.00254001 
6633.23 112.172 408.557 12.6782 -0.0231552 -1.58636 0.380473 0.00169927 
6663.93 106.594 399.25 12.2525 -0.0320841 -1.57465 0.379377 -0.00104432 
6696.52 102.411 390.008 11.8508 -0.0314574 -1.5859 0.378635 0.00235831 
6730.71 96.4603 380.839 11.4096 -0.0222803 -1.55792 0.343319 0.00365102 
6766.92 93.8282 372.764 10.9378 -0.0971038 -1.48808 0.303707 0.00510899 
6805.98 100.032 364.366 10.4895 -0.0937698 -1.4604 0.307457 0.00541575 
6847.36 109.527 355.993 10.069 -0.0902462 -1.39804 0.311473 0.00178337 
6890.74 126.703 347.814 9.63357 -0.0786791 -1.34246 0.315078 -0.00055576 
6936.4 150.899 340.099 9.08745 -0.07419 -1.30421 0.317284 0.00425588 
6985.72 179.979 332.792 8.54662 -0.0145282 -0.456843 0.344955 0.0469828 
7038.81 318.589 325.419 8.40894 -0.0781132 1.69475 0.322872 0.0014399 
7093.01 741.443 318.127 8.11113 -0.07674 1.7185 0.327951 0.0167353 
7148.01 1167.31 310.862 7.89853 -0.111548 5.41413 0.330113 0.00569582 
7203.59 2062.75 301.998 11.8832 -0.0508176 6.18544 0.436224 -0.00246394 
7224.29 3054.6 288.674 5.44417 -0.0614026 5.06389 0.419918 0.000388909 
7299.91 3904.47 275.316 5.44063 -0.0529272 4.28654 0.402414 0.000577512 
7372.18 4655.86 263.034 5.0339 -0.131567 3.66519 0.386477 -0.00208456 
7441.92 5328.51 241.559 30.6875 0.083569 1.28733 0.369 0 
7441.92 5328.51 241.559 30.6875 0.083569 1.28733 0.369 0 
7407.06 5389.37 245.723 27.8999 1.38695 -1.22511 -0.188388 -1.02859 
7376.72 5394.53 278.885 5 0.22488 -5.00042 -0.176776 -0.203322 
7388.98 5315.94 287.096 5 -0.648399 -6.28 1.12108 0.000684649 
7401.98 5208.99 275.943 13.431 0.289517 -6.28 0.939699 0.000624045 
7399.08 5102.04 285.287 5 -0.146689 -6.28 1.0883 0.000596801 
7411.77 4995.08 285.259 5 -0.145743 -6.28 1.07199 0.000573966 
7424.46 4888.13 285.252 5 -0.144796 -6.28 1.05568 0.000553304 
7437.15 4781.17 285.265 5 -0.143849 -6.28 1.03937 0.00053509 
7449.84 4674.21 285.3 5 -0.142902 -6.28 1.02305 0.000508381 
7462.53 4567.26 285.356 5 -0.141954 -6.28 1.00673 0.000490335 
7475.22 4460.3 285.432 5 -0.141007 -6.28 0.990417 0.000490756 
7487.92 4353.34 285.53 5 -0.140059 -6.28 0.974098 0.000450356 
7500.61 4246.39 285.649 5 -0.13911 -6.28 0.957777 0.000424635 
7513.32 4139.43 285.789 5 -0.13816 -6.28 0.941459 0.000405776 
7526.03 4032.47 285.95 5 -0.137197 -6.28 0.925159 0.000385573 
7538.74 3925.52 286.132 5 -0.136243 -6.28 0.908868 0.00036424 
7551.47 3818.56 286.335 5 -0.135326 -6.28 0.892598 0.000344669 
7564.2 3711.6 286.559 5 -0.134229 -6.28 0.876272 0.000325563 
7576.95 3604.65 286.807 5 -0.133363 -6.28 0.859971 0.000307129 
7589.71 3497.69 287.074 5 -0.132449 -6.28 0.843685 0.000288818 
7602.48 3390.73 287.362 5 -0.13154 -6.28 0.827402 0.000270615 
7615.3 3283.77 287.669 5 -0.130606 -6.28 0.811124 0.000255697 
7628.3 3176.82 287.998 5 -0.129665 -6.28 0.794841 0.00025765 
7641.77 3069.86 288.347 5 -0.128722 -6.28 0.778553 0.000213731 
7655.38 2962.9 288.717 5 -0.127777 -6.28 0.76226 0.00020599 
7669 2855.95 289.108 5 -0.126833 -6.28 0.745964 0.000186659 
7682.64 2748.99 289.52 5 -0.125888 -6.28 0.729666 0.000173076 
7696.3 2642.03 289.953 5 -0.124942 -6.28 0.713366 0.000160972 
7709.98 2535.08 290.407 5 -0.123997 -6.28 0.697065 0.000143387 
7723.68 2428.12 290.882 5 -0.123051 -6.28 0.680763 0.00012981 
7737.41 2321.16 291.377 5 -0.122106 -6.28 0.664461 0.000116542 
7751.37 2214.21 291.894 5 -0.12116 -6.28 0.648158 0.000107033 
7766.57 2107.25 292.432 5 -0.120214 -6.28 0.631854 9.48091e-05 
7781.82 2000.29 292.991 5 -0.119269 -6.28 0.61555 7.92838e-05 
7797.08 1893.34 293.57 5 -0.118323 -6.28 0.599246 7.27093e-05 
7812.23 1786.38 294.171 5 -0.117377 -6.28 0.582942 6.16422e-05 
7827.27 1679.42 294.792 5 -0.116431 -6.28 0.566638 5.32705e-05 
7842.23 1572.47 295.434 5 -0.115485 -6.28 0.550333 4.5217e-05 
7857.22 1465.51 296.098 5 -0.114539 -6.28 0.534028 3.72716e-05 
7874.8 1358.55 296.781 5 -0.113594 -6.28 0.517723 2.9688e-05 
7892.96 1251.6 297.486 5 -0.112648 -6.28 0.501418 2.31467e-05 
7911.17 1144.64 298.21 5 -0.111702 -6.28 0.485113 1.89064e-05 
7929.41 1037.68 298.952 5 -0.110756 -6.28 0.468807 1.36702e-05 
7947.68 930.725 299.131 5 -0.10981 -6.28 0.452501 9.37572e-06 
7965.93 823.768 295.131 5 -0.108864 -6.28 0.436194 6.07829e-06 
7983.97 716.811 291.065 5 -0.107918 -6.28 0.419888 3.44396e-06 
8001.81 609.854 286.999 5 -0.106972 -6.28 0.403582 1.55507e-06 
8019.43 502.897 282.946 5 -1.11991 -6.28 0.387306 0.000202342 
8037.34 395.94 256.43 25.9792 -0.0899983 -4.86499 0.369 0 
8037.34 395.94 256.43 25.9792 -0.0899983 -4.86499 0.369 0 
7375.77 -1286.31 98.7144 36.1283 0.058889 0.731927 0.334621 -0.00487789 
6363.09 -4.54107 12.4867 33.7203 0.0705719 -1.78831 0.45011 4.38348e-05 
5137.4 -4.3679 152.358 37.6795 -0.133055 -1.78707 0.237639 8.69119e-06 
3894.98 -2.90634 66.6495 35.5815 0.0926281 -1.35521 0.370936 0.00020763 
2648.6 -2.02073 0.108967 21.9274 0.200629 -1.78422 -0.141349 1.60464e-05 
1889.3 -1.50176 0.111341 22.2698 0.19908 -1.78326 -0.12981 -3.94698e-06 
1116.07 -0.895865 0.101158 21.9496 0.215075 -1.50565 0.452702 5.66157e-05 
355.827 -0.443971 0.781102 7.57661 0.0317235 -1.44127 0.394459 4.85739e-06 
241.456 -0.117845 2.05935 6.86851 -0.00932229 -1.44183 0.417176 -2.22611e-06 
193.534 -0.09847 1.28775 6.85722 -0.00865657 -1.44191 0.420332 3.67279e-06 
146.276 -0.116391 1.24498 6.84734 -0.00836144 -1.44174 0.423217 2.20576e-05 
99.4068 -0.0499989 1.24024 6.7258 -0.0059736 -1.44183 0.426001 5.98197e-08 
57.6291 -0.0312307 1.25804 6.03747 -0.00786588 -1.44181 0.456484 -1.34409e-06 
44.7325 -0.0246132 1.22921 6.06999 -0.0079494 -1.44182 0.457209 2.60344e-07 
32.2494 -0.0256557 1.21572 6.06711 -0.00753158 -1.44179 0.459213 7.54343e-06 
19.876 -0.010064 1.2083 5.90913 -0.00669567 -1.44181 0.464621 -1.1122e-06 
14.0363 -0.00692103 1.27279 5.83233 -0.0076392 -1.44181 0.471732 -1.18403e-06 
11.861 -0.00573441 1.22378 5.83189 -0.00758788 -1.44181 0.472877 -1.09984e-06 
9.68969 -0.00456498 1.22011 5.83035 -0.00758717 -1.44181 0.473731 -1.03742e-06 
7.57958 -0.00343589 1.2165 5.8337 -0.00753343 -1.44181 0.474238 7.84225e-07 
5.329 -0.00223735 1.21667 5.80745 -0.00735282 -1.44181 0.474861 -1.05623e-06 
4.15761 -0.00160646 1.21836 5.78877 -0.00747084 -1.4418 0.476021 -1.02678e-06 
3.81724 -0.00142371 1.21381 5.78877 -0.00743629 -1.4418 0.475355 -9.79486e-07 
3.47821 -0.00124402 1.21063 5.78866 -0.0073939 -1.4418 0.474306 -9.30652e-07 
3.14205 -0.00107657 1.20762 5.78871 -0.00734234 -1.4418 0.472865 -8.82007e-07 
2.80275 -0.000891855 1.20501 5.78838 -0.0071681 -1.4418 0.470912 -8.51633e-07 
2.4741 -0.0007269 1.29714 5.79018 -0.007009 -1.4418 0.468126 -8.43174e-07 
2.09933 -0.000502887 1.46716 5.79073 -0.00693496 -1.4418 0.465268 -8.28036e-07 
1.87918 -0.00041946 1.63601 5.79637 -0.00685808 -1.4418 0.461959 -9.96722e-07 
1.60597 -0.000284614 1.79655 5.79447 -0.00677188 -1.4418 0.458823 -8.04457e-07 
1.58128 -0.000435235 1.95543 5.79817 -0.00658853 -1.4418 0.455168 -9.5679e-07 
1.57284 0.000642057 2.18686 5.79447 -0.0053471 -1.44181 0.448299 -6.64373e-07 
1.51946 -0.00146978 3.39401 5.82549 -0.00538158 -1.4418 0.442106 -8.38737e-07 
1.41424 -0.00090231 4.50601 5.85001 -0.00550777 -1.4418 0.437755 -1.05902e-06 
1.46037 0.000371894 5.47068 5.88099 -0.00547158 -1.44181 0.432932 -7.87245e-07 
1.25919 -0.00050973 6.36754 5.84522 -0.000792108 -1.44181 0.420973 -1.66286e-07 
2.2265 -0.000674575 11.2375 5.93816 -0.00102812 -1.44181 0.414356 -1.4694e-06 
3.71429 -0.00140023 15.9071 5.94264 -0.000967687 -1.44182 0.409691 1.78275e-06 
9.97382 -0.00458235 20.5361 5.93542 -0.000357159 -1.44183 0.405941 3.11436e-07 
22.1119 -0.011708 25.4349 5.71504 0.0459885 -1.44182 0.397435 -1.5601e-05 
42.2099 -0.0201593 84.8358 6.81576 0.0640833 -1.44395 0.322492 8.37919e-06 
64.0685 -0.0259679 171.936 8.92009 0.0529856 -1.44394 0.337205 1.43354e-05 
88.5427 0.329055 248.044 6.5564 0.0641196 -1.44274 0.340897 3.46524e-05 
375.774 1.19508 354.727 5.00047 0.094028 -1.34572 0.34079 0.000146229 
888.932 3.97055 529.755 5.00046 -0.242458 -1.15399 0.435746 0.00019498 
1583.9 104.197 532.062 5 -0.0883417 0.466949 0.419439 0.00021554 
2281.93 1033.73 534.883 5.00092 -0.240281 6.27825 0.403009 -1.80855e-05 
2985.08 4994.74 396.964 5.00077 -0.329245 6.21275 0.386755 -3.45611e-05 
3434.76 9061.42 238.7 39.9922 -1.01802e-05 0.000361735 0.369 0 
3434.76 9061.42 238.7 39.9922 -1.01802e-05 0.000361735 0.369 0 
3325.31 9135.6 250.979 40 0.921028 -6.20226 -0.188388 0.000224619 
3215.89 8863.35 314.7 5 0.39646 -6.17581 -0.176776 0.000205061 
3270.83 8592.45 352.256 5 0.395786 -6.17547 -0.165163 0.000203097 
3329.97 8321.58 389.773 5 0.395112 -6.17552 -0.153551 0.000193467 
3393.31 8050.7 427.254 5 0.394438 -6.17551 -0.141939 0.000185632 
3460.84 7779.82 464.696 5 0.393765 -6.1755 -0.130327 0.000177251 
3532.56 7508.95 502.102 5 0.393091 -6.1755 -0.118714 0.00016932 
3608.47 7238.07 539.469 5 0.392417 -6.17529 -0.107102 0.00016967 
3688.57 6967.2 576.799 5 0.391744 -6.17492 -0.0954898 0.000152686 
3772.84 6696.36 614.091 5 0.39107 -6.25131 -0.0838775 0.000142237 
3861.28 6421.25 651.346 5 0.390396 -6.27873 -0.0722653 0.000139913 
3953.89 6144.6 688.563 5 0.389722 -6.27932 -0.060653 0.000133404 
4050.67 5867.93 725.742 5 0.389049 -6.27951 -0.0490408 0.000126691 
4151.6 5591.24 762.884 5 0.388375 -6.2796 -0.0374286 0.000118903 
4256.7 5314.55 799.988 5 0.387701 -6.27965 -0.0258163 0.000130502 
4365.95 5037.86 837.054 5 0.387028 -6.27969 -0.0142041 0.000112091 
4479.34 4761.16 874.083 5 0.386354 -6.27972 -0.00259181 9.65286e-05 
4596.88 4484.46 911.074 5 0.38568 -6.27974 0.00902045 9.74337e-05 
4718.56 4207.76 948.028 5 0.385006 -6.27976 0.0206327 8.69777e-05 
4844.38 3931.06 984.943 5 0.384333 -6.27977 0.032245 0.000548814 
4974.33 3654.36 1021.82 5 -0.0168215 -6.27978 0.726853 0.000226685 
5108.85 3377.66 1036.29 5 -0.302206 -6.27979 0.811265 8.87651e-05 
5245.31 3100.96 1007.58 5 -0.30126 -6.2798 0.794959 0.000568651 
5378.56 2824.26 978.912 5 -0.300314 -6.27981 0.778653 9.73347e-05 
5508.6 2547.55 950.299 5 -0.299368 -6.27982 0.762347 8.24286e-05 
5635.43 2270.85 921.74 5 -0.298422 -6.27983 0.746041 0.000191042 
5759.07 1994.14 893.233 5 -0.297476 -6.27984 0.729735 -3.33306e-05 
5879.52 1717.44 864.779 5 -0.29653 -6.27984 0.713429 4.19102e-05 
5996.78 1440.73 836.378 5 -0.295584 -6.27982 0.697122 8.89407e-06 
6110.86 1164.03 808.029 5 -0.294638 -6.2798 0.680816 3.16486e-05 
6221.77 887.324 779.734 5 -0.293692 -6.27973 0.66451 0.000386486 
6329.51 610.625 751.491 5 -0.292746 -6.27952 0.648204 0.010658 
6434.09 333.937 723.302 5 -0.2918 -6.18939 0.631898 0.00283082 
6535.52 62.2832 695.165 5 -0.290852 -2.53538 0.615592 0.000617207 
6633.96 -5.28769 667.081 5 -0.289905 -1.32801 0.599286 -1.43994e-06 
6729.32 -5.42525 639.05 5 -0.288959 -1.32768 0.58298 -1.08948e-06 
6821.53 -5.54405 611.072 5 -0.288013 -1.32769 0.566673 7.27759e-06 
6910.61 -5.66357 583.146 5 -0.287067 -1.32118 0.550367 -1.0245e-05 
6996.57 -5.41945 555.274 5 -0.286121 -1.33063 0.534061 1.42272e-06 
7079.4 -5.70324 527.454 5 -0.285175 -1.32839 0.517755 6.35348e-06 
7159.12 -5.86166 499.687 5 -0.284229 -1.31831 0.501449 -4.12626e-06 
7235.74 -5.45727 471.973 5 -0.283283 -1.32594 0.485143 2.42832e-05 
7309.25 -5.47921 444.312 5 -0.282337 -1.26294 0.468837 -5.78214e-05 
7379.66 -1.98257 416.703 5 -0.281391 -1.46559 0.452531 4.09893e-05 
7446.98 -9.80417 389.148 5 -0.280445 -1.25615 0.436224 -1.235e-05 
7511.22 -5.92817 361.645 5 -0.279499 -1.35402 0.419918 9.62879e-06 
7572.38 -7.51833 334.195 5 -0.278552 -1.21786 0.403612 5.12269e-05 
7630.47 -1.50359 306.798 5 -1.10129 0.366957 0.387306 -3.14444e-06 
7686.49 93.0251 233.45 40 -0.000242191 -0.00521781 0.369 0 
7686.49 93.0251 233.45 40 -0.000242191 -0.00521781 0.369 0 
7600.67 156.297 224.7 38.2749 1.32186 -5.89934 -0.188388 1.02053 
7518.02 11.1863 262.79 5 -0.932165 3.97278 -0.176775 -0.957723 
7534.2 215.015 223.076 40 -0.534181 -5.56856 0.114407 -0.0598168 
7447.87 81.6021 195.45 40 -0.534178 -0.37904 0.114406 0.19128 
7359.73 131.657 167.824 40 -0.534178 0.453265 0.114406 -0.151756 
7269.65 211.138 140.198 40 -0.534177 1.61256 0.114405 -0.49594 
7177.65 331.603 112.572 40 -0.534181 -6.27672 0.114406 0.26063 
7083.47 173.154 84.9453 40 -0.534179 -0.922769 0.11442 -0.246264 
6987.48 203.986 57.3191 40 -0.534108 -6.27669 0.113137 0.193775 
6889.39 45.5379 29.6955 40 -0.540813 -1.65138 0.228748 0.172769 
6789.48 50.6114 1.83473 40 0.0632352 5.09066 -0.072265 -0.811571 
6687.35 294.041 0.00100019 40 0.0625566 -4.36884 -0.0606527 0.098811 
6584.83 203.042 0.00100019 40 0.0618828 -4.37811 -0.0490405 -0.0767446 
6482.31 111.716 0.00100019 40 0.0612092 -4.29112 -0.0374282 0.0382468 
6379.79 23.465 0.00100019 40 0.0605345 -6.22487 -0.025816 0.72585 
6277.22 -133.151 0.00100019 40 0.0598656 3.06977 -0.0142038 -0.295955 
6174.91 38.8329 0.00100019 40 0.0591882 -3.9677 -0.00259151 0.682827 
6072.4 -37.9838 0.00100019 40 0.0585193 5.24567 0.00902074 -0.454611 
5970.15 210.926 0.00100019 40 0.0578413 -3.05375 0.020633 -0.0653738 
5867.67 166.421 0.00100019 40 0.057166 -6.13554 0.0322452 0.618018 
5765.1 12.9631 0.00100019 40 0.056497 2.94699 0.0438575 -0.596191 
5662.79 180.606 0.00100019 40 0.0558186 -6.09214 0.0554697 -0.00885543 
5560.23 28.6826 0.00100019 40 0.055145 -5.83786 0.067082 0.409915 
5457.67 -114.251 0.00100019 40 0.0544757 2.52508 0.0786942 -0.503581 
5355.35 38.4757 0.00100019 40 0.0457061 -6.27658 0.0903061 0.0473449 
5252.78 -119.968 0.00100019 40 -0.105729 -1.65143 0.101918 -0.016901 
5150.46 -114.896 0.00100022 40 -0.189532 -4.2937 0.113531 -0.00325707 
5048.12 -203.238 0.336719 40 -0.208524 -4.30374 0.125143 0.00213527 
4945.81 -291.935 0.00100009 40 -0.165407 -4.2986 0.136755 -0.00184563 
4843.45 -380.451 0.00100019 39.8959 -0.06277 -4.40229 0.148367 -0.00867625 
4741.31 -472.632 0.00100019 39.3584 0.0620545 -5.79084 0.15998 0.285351 
4640.57 -613.905 0.00100019 39.1754 0.062951 2.45343 0.171592 -0.362495 
4540.58 -463.713 0.00100019 38.9924 0.0638404 -6.13322 0.183204 0.00966608 
4440.86 -617.091 0.00100022 38.8095 0.064736 -3.64552 0.194816 0.319762 
4341.73 -682.52 9.39349 38.6265 0.0656333 4.86052 0.206429 -0.00403131 
4244.02 -447.23 18.8281 38.4435 0.0665244 3.52437 0.218041 -0.276747 
4147.46 -259.178 28.3045 38.2606 0.0674167 -4.89297 0.229653 0.14033 
4051.85 -368.71 37.8229 38.0776 0.0683248 2.91052 0.241265 -0.206802 
3957.66 -202.361 47.3837 37.8943 0.0692159 -5.31384 0.252878 0.206657 
3864.43 -326.773 56.9864 37.711 0.0699993 2.95658 0.26449 -0.183323 
3772.63 -158.796 66.6273 37.5309 0.0706878 -5.26308 0.276102 0.00409807 
3681.79 -281.415 76.3026 37.3555 0.0723385 -1.74688 0.287714 -0.0044964 
3592.23 -279.724 86.0463 37.158 0.0765001 -6.12346 0.299327 0.126635 
3503.8 -432.761 95.9482 36.876 0.0756772 2.00083 0.310939 0.00174574 
3417.09 -298.575 105.837 36.663 0.0417345 5.72194 0.322551 -1.51845e-05 
3331.82 -32.835 114.538 37.394 -0.000800466 5.66157 0.334163 -0.000167371 
3245.12 230.773 121.694 39.0825 0.264578 4.4465 0.345776 -0.000338678 
3153.92 451.427 138.136 33.226 1.14573 0.35047 0.357388 0.000120058 
3079.74 527.259 186.062 5 0.09 5.00803 0.369 0 
3079.74 527.259 186.062 5 0.09 5.00803 0.369 0 
2422.11 -4720.49 80.9352 5.00026 0.157544 6.21869 0.516315 0.285522 
1861.29 5356.02 2.68911 39.9997 1.39982 6.28 -0.176558 -1.00701 
1276.03 19678.4 1.02496 5.83632 -0.0644611 -5.40111 -0.165003 -0.0195908 
362.854 23298.7 50.5503 5.00027 -0.898195 -6.27978 1.03767 0.173143 
-405.768 20877.9 0.60181 39.9729 -0.833761 -6.2798 -0.14178 -0.119902 
-3338.17 14476.8 1.26305 39.9712 -0.273149 -6.27979 -0.130168 -0.114869 
-4081.76 8174.7 154.402 24.2077 -0.0534819 -6.27979 -0.118473 0.898238 
-2674.13 1950.91 437.537 24.3106 -0.276425 -6.2695 -0.106841 0.868351 
-1092.36 -6.26517 682.724 27.0162 0.4196 -1.70086 -0.0951506 0.0390766 
694.972 -6.96161 602.374 5.04326 0.531937 -1.77244 1.00505 0.0896132 
3157.12 -6.98244 926.249 5.00111 -0.536536 -1.75834 0.990477 0.143174 
6654.3 -8.06068 1107.05 5.06256 1.0273 -1.60311 0.974171 0.0696921 
9442.4 -9.72421 1294.21 5.00176 0.641019 -1.60773 0.957866 0.0939859 
13087 -10.2832 1418.6 5.00416 0.523313 -1.57947 0.94156 0.0394903 
16787.4 -9.35594 1524.16 5.01023 0.635064 -1.6089 0.925255 0.0647661 
20476.3 -6.69834 1578.84 5.01048 0.862044 -1.59757 0.908949 0.0365661 
22626.7 -3.41158 1756.15 5.00179 0.499616 -1.59616 0.892644 0.0408117 
23126.4 -0.315016 1712.59 5.00026 -0.816697 -1.3291 0.875859 -0.117799 
23258.2 37.3971 1691.29 21.7774 0.828069 -1.88311 0.0207839 -0.0138548 
23335.6 -25.1316 1829.34 5.00646 0.452144 -1.53648 0.843727 -0.00686381 
23413.6 -26.3891 1815.65 5.01233 0.378328 -1.18401 0.827422 0.00716685 
23456.2 43.4966 1779.19 20.0142 -0.156846 -1.26406 0.0556185 -0.0771477 
23462.4 23.9308 1562.26 16.6505 -0.0612577 -1.45179 0.0672302 -0.0328632 
23467.7 27.938 1367.57 12.2616 -0.0328558 -1.48348 0.0788417 -0.0421095 
23472.4 31.2723 1178.26 12.061 -0.0690089 -1.58402 0.0904532 -0.0218623 
23475.6 32.3108 987.986 12.574 -0.0649803 -1.59739 0.102065 -0.0182214 
23477.8 33.1345 806.493 12.8459 0.0217955 -1.5871 0.113676 -0.0175281 
23479.1 34.3949 635.048 11.4623 -0.000158134 -1.60963 0.125287 -0.0104837 
23478.3 34.8288 415.78 22.7743 0.00161074 -1.62329 0.136898 -0.213818 
23471.9 34.3225 124.42 37.2666 -0.316361 -4.62948 0.148509 0.407165 
23457.3 -557.267 2.39786 39.8056 -0.274407 6.13609 0.16012 0.386197 
23430.1 1208.14 0.926067 39.7811 -0.35441 6.27507 0.171731 0.364577 
23385.9 8479.24 0.694117 39.7326 -0.0893372 6.27978 0.183342 -0.037025 
23316.7 18754.4 0.60059 39.7651 -0.254623 6.27979 0.194953 -0.0950918 
23203.2 23427.2 0.587571 39.5663 -0.403918 6.27978 0.206563 -0.0398099 
22996.6 23731.5 0.698404 39.2509 0.0941307 6.27978 0.218174 -0.0400073 
22590.6 23789.7 0.583156 38.4602 0.0929107 6.27978 0.229785 -0.0391207 
21605.4 23809.3 0.528655 38.4107 -0.556321 6.27978 0.241395 -0.0398951 
19355.6 23818.5 0.507526 38.595 0.0121587 6.27978 0.253006 -0.0377652 
17457.8 23823.4 0.527779 34.1141 0.0103856 6.27978 0.264617 -0.0364219 
15554 23826.5 0.535885 28.6081 -0.307796 6.27978 0.276228 -0.023934 
13749.5 23829.4 0.542936 28.5017 -0.00364314 6.27978 0.287838 -0.150727 
11980.2 23830.2 0.556118 25.6077 0.0216438 -3.56382 0.299447 -0.129321 
10318.4 23829.6 0.581937 21.4603 0.127182 -6.16032 0.311055 -0.107915 
8785.73 23828.5 0.655893 17.7138 -0.210056 -6.26804 0.322665 -0.0865114 
7432.13 23824.4 0.774728 14.3198 -0.33279 -6.27151 0.334281 -0.0651093 
6172.54 23800.6 0.98193 9.33222 -1.39982 -6.24978 0.345903 -0.043699 
5012.73 22526.8 1.22899 5.00026 -1.39982 -6.28 0.357474 0.00343253 
4022.81 10180 211.277 5.00026 -0.0898637 -6.24388 0.369 0 
4022.81 10180 211.277 5.00026 -0.0898637 -6.24388 0.369 0 
4070.26 9840.43 211.824 7.61016 -0.478268 -5.70527 1.15369 0.00486899 
4103.41 9539.49 184.248 27.6884 0.38386 -5.3575 -0.176776 -0.0235011 
4016.13 9263.56 216.124 5 0.128014 -5.77583 0.407039 0.000844918 
4064 8957.55 232.278 5 0.128014 -5.78382 0.407039 0.00141613 
4114.19 8650.97 248.431 5 0.128014 -5.78155 0.407039 0.00122897 
4166.7 8344.56 264.585 5 0.128014 -5.78155 0.407039 0.00122037 
4221.52 8038.15 280.739 5 0.128014 -5.78155 0.407039 0.00100284 
4278.66 7731.73 296.893 5 0.128014 -5.78347 0.407039 -0.0188962 
4338.13 7425.18 313.046 5 0.128014 -6.0869 0.407039 -0.0230787 
4399.89 7096.89 329.2 5 0.128014 -6.23463 0.407039 0.00191232 
4463.96 6758.02 345.354 5 0.128014 -6.27086 0.407039 0.00119297 
4530.35 6416.56 361.508 5 0.128014 -6.27544 0.407039 0.00103851 
4599.06 6074.76 377.661 5 0.128014 -6.2772 0.407039 0.0012082 
4670.09 5732.84 393.815 5 0.128014 -6.27807 0.407039 0.00139243 
4743.43 5390.86 409.969 5 0.128014 -6.27857 0.407039 -0.00184655 
4819.09 5048.84 426.123 5 0.128014 -6.27887 0.407039 -0.000529179 
4897.07 4706.8 442.276 5 0.128008 -6.27906 0.407141 0.000929806 
4977.37 4364.75 458.43 5 0.129096 -6.27918 0.388395 0.00127165 
5059.99 4022.69 474.661 5 -0.0704696 -6.27926 0.860183 0.000458014 
5145.22 3680.62 473.313 5 -0.0695236 -6.27931 0.843877 -0.0047687 
5230.26 3338.55 465.932 5 -0.0685776 -6.27935 0.827571 -0.000721409 
5314.24 2996.48 458.619 5 -0.0676316 -6.27936 0.811265 0.000505794 
5397.16 2654.4 451.374 5 -0.0666855 -6.27935 0.794959 0.000652309 
5479.05 2312.33 444.196 5 -0.0657395 -6.27931 0.778653 0.00223652 
5559.9 1970.26 437.086 5 -0.0647935 -6.27923 0.762347 -0.000579986 
5639.73 1628.19 430.044 5 -0.0638474 -6.2791 0.746041 -0.00255025 
5718.55 1286.14 423.07 5 -0.0629014 -6.27885 0.729735 -0.0575102 
5796.37 944.101 416.163 5 -0.0619554 -6.27826 0.713429 -0.11813 
5873.19 602.105 409.324 5 -0.0610093 -6.27308 0.697122 0.0739486 
5949.03 260.481 402.553 5 -0.0600627 -5.13146 0.680816 0.281966 
6023.97 0.634482 395.85 5 -0.0591148 -1.52551 0.66451 0.000495118 
6098.14 -0.904789 389.215 5 -0.0581687 -1.50406 0.648204 0.000260071 
6171.37 -0.907601 382.647 5 -0.0572227 -1.50478 0.631898 -0.00745032 
6243.65 -0.962157 376.147 5 -0.0562769 -1.95122 0.615592 0.0126195 
6314.97 -32.9966 369.715 5 -0.0553304 -1.11707 0.599286 -0.00518735 
6385.41 -5.27819 363.351 5 -0.0543846 -1.48866 0.58298 -0.0175097 
6454.92 -4.17769 357.055 5 -0.0534389 -2.14177 0.566673 0.0481293 
6523.48 -49.8618 350.826 5 -0.052492 -0.577724 0.550367 0.225449 
6591.24 16.4921 344.665 5 -0.0515431 4.95537 0.534061 -0.136566 
6658.43 479.201 338.572 5 -0.0505964 6.27645 0.517755 -0.000261636 
6724.81 1036.54 332.547 5 -0.0496504 6.27743 0.501449 -0.000226376 
6790.34 1593.96 326.589 5 -0.0487043 6.27709 0.485143 -0.000186324 
6855 2151.34 320.7 5 -0.0477583 6.27582 0.468837 -0.000176811 
6918.82 2708.64 314.878 5 -0.0468123 6.2719 0.452531 -0.000128888 
6981.8 3265.66 309.124 5 -0.0458662 6.25642 0.436224 -0.0010006 
7043.95 3821.57 303.438 5 -0.0449203 6.06805 0.419918 -0.00113783 
7105.28 4363.98 297.819 5 -0.0636605 5.59213 0.403612 0.000464706 
7165.8 4872.3 290.858 6.07287 -0.674744 6.02727 0.387306 0.000104475 
7220.06 5411.8 240 40 -0.09 3.38915 0.369 0 
7220.06 5411.8 240 40 -0.09 3.38915 0.369 0 
7180.35 5476.86 242.495 39.9995 -1.39996 6.28 1.15369 1.02848 
7159.4 5771.42 256.123 5.00075 -1.39994 -4.45044 1.13728 -0.177844 
7127.77 5678.45 265.696 5 1.39993 -6.28 1.12108 0.000554809 
7219.28 5595.38 231.713 13.1609 -1.4 -6.28 0.077446 0.000664212 
7143.79 5511.63 216.071 8.91008 -1.4 -6.28 -0.0348193 0.000899517 
7076.97 5427.89 203.628 40 0.420331 -6.28 -0.0321998 0.000620264 
7061.32 5344.13 192.21 39.9973 -0.509388 -6.28 -0.020196 0.000556931 
7020.4 5260.38 180.732 39.9975 -0.491358 -6.28 -0.0130203 0.000520328 
6982.01 5176.63 174.35 39.5388 1.39999 -6.28 -0.0940393 0.000581519 
6945.4 5092.87 162.375 39.2375 1.39999 -6.28 -0.0824034 0.000426342 
6887.36 5001.33 149.949 40 1.39992 -6.27999 -0.0705898 0.000844916 
6893.69 4933.15 138.419 38.2395 1.39998 -6.28 -0.0590953 0.0007281 
6835.48 4841.62 126.501 37.8404 1.39998 -6.28 -0.0472038 0.000490945 
6797.57 4757.86 114.598 36.7548 1.39998 -6.28 -0.0259202 0.000312124 
6760.26 4674.1 102.736 37.4164 1.39998 -6.28 -0.0148486 0.000323354 
6721.71 4590.34 90.8472 37.6341 1.39998 -6.28 -0.00496594 0.00043298 
6681.74 4506.58 78.9476 37.9759 1.39998 -6.28 0.00761554 0.000459836 
6640.03 4422.82 67.0321 38.5169 1.39998 -6.28 0.0192115 0.000525554 
6595.87 4339.07 73.0924 34.1677 1.4 -6.28 0.860184 0.000397787 
6545.32 4255.31 61.3256 39.9999 1.39999 -6.28 0.172493 0.000319462 
6534.11 4171.54 49.6248 11.8857 -1.4 -6.28 0.0454771 0.000350785 
6451.25 4087.81 60.3688 5 -1.39999 -6.28 0.0611865 0.00534717 
6384.57 4004.05 75.5399 5.00061 -1.4 -5.91943 0.0725358 0.000749968 
6364.05 3956.15 111.314 17.6354 1.39999 -5.99407 0.0786939 0.000329156 
6310.93 3906.17 88.5295 32.2973 1.39999 -6.28 0.0939295 0.000352315 
6260.63 3699.82 123.847 26.7538 1.39999 -5.6856 0.104654 0.00040283 
6208.89 3510.19 112.371 27.4568 1.39999 -6.28 0.115729 0.000501471 
6155.77 3303.84 100.871 28.4893 1.39999 -6.28 0.127075 0.000505091 
6101.62 3097.48 89.3289 30.0156 1.39999 -6.28 0.138447 0.000361341 
6046.53 2891.13 114.313 30.4197 1.39999 -6.28 0.15006 0.000327652 
5990.9 2684.78 124.775 30.4822 1.39998 -6.28 0.15998 0.000306036 
5935.53 2478.43 113.151 30.5422 1.39998 -6.28 0.173305 0.000257846 
5879.81 2272.08 123.59 28.7683 1.39999 -6.28 0.184904 0.000215825 
5826.77 2065.73 135.033 22.5029 1.39998 -6.28 0.194816 0.000136309 
5776.3 1859.37 123.715 35.8026 1.4 -6.28 0.20812 -7.93659e-05 
5721.44 1653.03 125.732 40 -1.39997 -6.28 0.218041 0.00585988 
5668.45 1478.58 124.84 5.0006 -1.39997 -6.28 0.229653 0.256254 
5637.63 1272.18 160.614 5 -1.39998 -2.60631 0.243229 0.234942 
5628.14 1169.42 160.883 5 -1.39998 3.2613 0.254734 0.213516 
5621.62 1230.83 173.066 5 -1.39998 6.28 0.266309 0.0201106 
5618.07 1525.33 185.249 5 -1.39998 6.25417 0.277936 9.43535e-06 
5616.64 1765.6 197.431 5 -1.39998 6.16773 0.289553 -2.10117e-05 
5617.18 1909.37 209.617 5 -1.39998 6.11136 0.301179 -1.961e-05 
5618.85 2051.96 221.804 5 -1.39998 6.27908 0.312818 -1.49636e-05 
5618.6 2198.06 233.992 5.00176 -0.221215 4.74533 0.324458 -1.01729e-05 
5632.42 2303.19 219.778 5.00186 -0.223769 5.94323 0.336104 -5.946e-06 
5640.31 2440.8 214.409 5.00194 -0.226612 5.94573 0.347767 -2.63582e-06 
5648.57 2578.47 213.622 10.3276 -0.589974 6.28 0.357388 -0.000520787 
5682.52 2743.03 211.36 5 -0.00355153 4.18448 0.369 0 
5682.52 2743.03 211.36 5 -0.00355153 4.18448 0.369 0 
5708.22 3011.88 209.902 5 -0.673768 1.39517 1.15369 -1.01972 
5734.3 3152.65 176.816 26.3691 -0.197974 -3.82114 -0.176775 -0.139732 
5675.78 3047.25 164.563 26.8272 -0.191931 -6.27971 -0.165163 0.150259 
5614.33 2822.14 152.561 26.903 -0.151 -6.27961 -0.153551 0.00865651 
5551.36 2597.04 142.595 26.8253 -0.184001 -6.28 -0.141938 0.00423783 
5487.77 2371.92 130.968 26.5701 -0.16923 -6.28 -0.130326 0.027687 
5424.04 2146.8 120.055 25.8378 -0.188061 -6.28 -0.118714 0.00492542 
5362.05 1921.69 108.312 25.9822 -0.175969 -6.28 -0.107102 -0.00392101 
5298.79 1697.5 97.4419 25.7637 -0.173218 -6.28 -0.0954897 0.0155663 
5235.05 1472.37 86.4023 25.5802 -0.173937 -6.28 -0.0838775 -0.00321695 
5170.96 1247.25 75.4252 25.4017 -0.172208 -6.28 -0.0722652 0.0089137 
5106.52 1022.12 64.4612 25.2041 -0.172161 -6.28 -0.060653 0.185978 
5041.75 797.02 53.5978 25.027 -0.172085 -6.28 -0.0490408 0.120155 
4976.64 571.902 42.7942 24.8377 -0.171687 -6.28 -0.0374285 0.319786 
4911.22 346.784 32.0195 24.6641 -0.17796 -6.28 -0.0258163 0.385085 
4845.42 121.666 21.1474 24.6132 -0.171572 -3.92516 -0.014204 0.151717 
4778.93 8.20427 10.4007 24.4713 -0.109879 -1.85547 -0.00259177 0.00616712 
4712.01 -2.78448 2.44927 24.1683 -0.0652312 -1.63276 0.00902048 0.000208956 
4645.3 -3.07334 0.461742 23.9349 -0.024173 -1.63065 0.0206327 -0.00550659 
4579.23 -3.2707 0.0309766 23.7507 -0.0227903 -1.63493 0.032245 0.00116796 
4513.83 -3.67474 0.0106028 23.5674 -0.021802 -1.62023 0.0438572 -0.0605293 
4449.11 -3.38201 0.00789912 23.3843 -0.0209141 -1.62761 0.0554695 -0.00696771 
4385.09 -3.43773 0.00654024 23.2012 -0.0200365 -1.62917 0.0670817 0.000867972 
4321.75 -3.56918 0.00566657 23.0182 -0.0191597 -1.61704 0.078694 -0.00142593 
4259.11 -3.13059 0.00518912 22.8351 -0.018282 -1.64105 0.0903062 0.00246516 
4197.16 -3.83184 0.00512428 22.6521 -0.017409 -1.59999 0.101918 -0.00125769 
4135.91 -2.59711 0.0052176 22.469 -0.0165351 -1.62489 0.113531 4.77925e-05 
4075.34 -2.54813 0.00550907 22.2859 -0.0156628 -1.62402 0.125143 -0.000397843 
4015.46 -2.46782 0.00597964 22.1029 -0.0147903 -1.63253 0.136755 0.00133199 
3956.28 -2.80505 0.00663091 21.9198 -0.0139172 -1.61437 0.148367 -0.000361621 
3897.79 -2.29623 0.00751969 21.7368 -0.0130453 -1.62252 0.15998 -5.00984e-05 
3839.99 -2.1957 0.00867933 21.5536 -0.0121943 -1.62287 0.171592 -0.00382736 
3782.89 -2.13703 0.0101566 21.3692 -0.0116824 -1.72059 0.183204 0.00628626 
3726.47 -6.73162 0.0125239 21.1613 -0.00782464 -1.54351 0.194816 -0.00235702 
3670.85 -3.00017 0.0247017 21.2185 0.00323735 -1.61302 0.206429 -7.37576e-05 
3615.76 -2.79345 0.0392222 20.8372 -0.04405 -1.6136 0.218041 3.03063e-05 
3561.39 -2.74828 0.0280555 20.6573 -0.00138355 -1.61182 0.229653 1.27769e-05 
3507.65 -2.71011 0.0453847 20.5662 -0.0204855 -1.61345 0.241266 -9.13132e-05 
3454.27 -2.6684 0.901541 20.5869 0.00075068 -1.62648 0.252878 -0.000148867 
3402.13 -2.62063 3.02219 20.3924 -0.00138068 -1.64504 0.26449 -0.00418542 
3350.68 -3.45192 5.42589 20.3101 -0.00850112 -1.61903 0.276102 -0.032408 
3300.67 -3.0573 7.78291 20.4787 0.0298443 -2.50476 0.287714 -0.00326632 
3248.27 -44.4504 8.72026 19.1999 0.22336 -1.65917 0.299327 0.129433 
3200.65 -47.7199 22.5016 11.3395 0.154186 1.47925 0.324689 0.10804 
3184.25 95.6078 33.6034 8.32925 0.128957 4.56779 0.390338 -0.00672613 
3180.43 388.167 43.2508 7.01354 0.0320033 6.28 0.406905 -1.09963e-05 
3186.72 761.557 48.0819 5.9 -0.070497 6.28 0.390712 -1.32219e-05 
3198.17 1134.94 46.4063 7.79964 -0.929895 6.28 0.38243 -0.00351159 
3203.57 1508.34 1.43306 39.8234 -1.35846 3.8461 0.369 0 
8928.7 3288.29 4288.27 40 1.02541 0 0.0193548 0 
8928.7 3288.29 4288.27 40 1.02541 1.17001e-08 0.0195083 -0.0227857 
8928.7 3288.29 4288.27 39.9987 1.05058 -0.139439 0.0181568 0.350972 
8849.25 3264.64 4302.58 38.1986 0.928731 1.94417 0.018446 0.0121978 
9966.79 3329.77 4205.2 38.2657 0.898464 2.26545 0.0187255 -0.0787756 
11200.5 3424.27 4092.16 38.2648 0.912236 2.10722 0.0187657 -0.0855671 
12266.5 3505.83 3986.94 38.2717 0.93232 1.8723 0.0188752 -0.109643 
13126.5 3568.63 3893.33 38.2938 0.969235 1.43882 0.0188133 -0.0724476 
13675.1 3597.08 3821.27 38.3137 0.99463 1.13878 0.0187485 -0.0393844 
14003.4 3601.96 3764.14 38.3272 1.00834 0.976291 0.0186944 -0.0157197 
14199.8 3594.17 3715.14 38.3283 1.01279 0.923651 0.0187885 -0.0423523 
14332.7 3582.21 3668.7 38.3422 1.03203 0.696686 0.0187362 -0.0164849 
14304.3 3552.38 3633.56 38.3532 1.04192 0.57892 0.0186876 0.00382709 
14184.7 3513.43 3604.3 38.3558 1.04345 0.560242 0.0186922 0.00336284 
14034.4 3473.08 3575.98 38.3573 1.04561 0.534821 0.0186901 0.00508659 
13850.1 3430.71 3548.92 38.3578 1.04735 0.514431 0.0186917 0.00548311 
13635.7 3386.72 3522.87 38.3602 1.04925 0.492023 0.0186611 0.0158563 
13390.6 3340.98 3497.95 38.3571 1.0462 0.528254 0.0186678 0.0122349 
13149.1 3298.06 3471.23 38.3558 1.04438 0.550099 0.0186444 0.0184376 
12901.6 3256.83 3443.44 38.3502 1.039 0.614536 0.0186384 0.0172678 
12671.8 3220.57 3412.45 38.343 1.03309 0.685535 0.0186482 0.0109452 
12461.2 3189.76 3377.93 38.3385 1.02914 0.732935 0.0186406 0.0110576 
12253.9 3162.59 3341.04 38.3336 1.02428 0.79109 0.0186244 0.0133907 
12054.4 3139.91 3301.28 38.3274 1.01715 0.875923 0.0186197 0.0110624 
11875.9 3123.85 3257.31 38.3195 1.00973 0.964697 0.0186097 0.0100188 
11717.8 3114.64 3208.92 38.3118 1.00121 1.06602 0.0186073 0.00628317 
11584.3 3113.32 3155.5 38.3045 0.992781 1.16622 0.0186001 0.00403381 
11471.1 3119.81 3097.11 38.2955 0.983746 1.27414 0.0185903 0.00212503 
11379.4 3134.66 3033.35 38.2858 0.973742 1.39344 0.0185727 0.0021604 
11311.8 3158.76 2963.67 38.2757 0.961517 1.53848 0.018568 -0.00275972 
11279.1 3194.2 2886.79 38.2644 0.94926 1.68459 0.0185579 -0.00624528 
11276.9 3240.99 2802.65 38.2502 0.936222 1.84064 0.0185553 -0.0125921 
11305.8 3299.81 2710.76 38.2377 0.923649 1.99111 0.0185517 -0.0183811 
11357.3 3370.27 2611.41 38.2203 0.911525 2.13822 0.0185518 -0.0256121 
11424.5 3451.86 2504.74 38.2036 0.900574 2.27202 0.0185492 -0.031533 
11494.7 3543.5 2391.44 38.182 0.890508 2.39752 0.0185518 -0.0391754 
11558.6 3644.28 2271.9 38.161 0.882309 2.50192 0.0185501 -0.0447299 
11599.9 3752.46 2147.19 38.1331 0.87553 2.59325 0.0185498 -0.0510252 
11607.6 3866.61 2017.97 38.0984 0.870851 2.66335 0.0185455 -0.0559916 
11566.6 3984.66 1885.26 38.0606 0.867927 2.715 0.0185338 -0.0583275 
11464 4104.92 1750 38.0171 0.865868 2.75981 0.0185112 -0.0578464 
11294 4226.49 1612.55 37.9629 0.863485 2.81281 0.0184796 -0.0558736 
11059.8 4349.52 1472.47 37.904 0.859773 2.88397 0.0184333 -0.0506962 
10770 4475.21 1328.89 37.832 0.852988 2.99628 0.0183733 -0.0443329 
10445.7 4606.23 1179.75 37.7496 0.841661 3.16484 0.0182973 -0.0362904 
10115 4746.72 1022.23 37.6652 0.823515 3.41151 0.0182069 -0.0270691 
9816.71 4903.05 852.387 37.5916 0.795811 3.7609 0.018057 -0.0175427 
9600.91 5084.35 665.031 37.5523 0.747107 4.23927 0.0181067 -0.0088335 
9529.05 5310.81 449.003 38.7138 0.659724 4.89517 0.0146688 -0.00307718 
9682.61 5635.88 210.451 37.5264 0.0282106 5.80922 0.0183548 0 
9682.61 5635.88 210.451 37.5264 0.0282106 5.80922 0.0183548 0 
9623.59 5842.92 206.749 28.5279 1.18615 6.23821 -0.188388 -0.390155 
9583.58 6061.75 235.309 5.00001 -0.889185 2.99537 -0.064027 -0.902254 
9598.1 6191.29 207.794 28.9915 -0.670259 -2.14165 0.346079 -0.567367 
9557.97 6179.51 185.247 35.7492 -0.367654 -6.16004 -0.153551 0.0019694 
9501.43 6057.16 170.728 35.5663 -0.366758 -6.13663 -0.141939 0.00594729 
9444.5 5935.45 156.243 35.3833 -0.36585 -6.05707 -0.130326 0.00260759 
9387.17 5815.93 141.79 35.2 -0.364942 -6.02681 -0.118714 0.0017711 
9329.46 5697.25 127.37 35.0165 -0.364119 -6.00655 -0.107102 0.00271538 
9271.35 5579.12 112.982 34.8346 -0.363438 -5.97116 -0.0954898 0.00367998 
9212.85 5461.96 98.6197 34.6569 -0.362487 -5.91922 -0.0838775 0.00459952 
9153.95 5346.23 84.2917 34.477 -0.360161 -5.85003 -0.0722653 0.00596699 
9094.65 5232.41 70.0357 34.2666 -0.357066 -5.75394 -0.060653 0.00864297 
9035.04 5121.23 55.8741 34.0151 -0.361188 -5.60276 -0.0490408 0.0150405 
8975.2 5014.21 41.6102 33.8808 -0.38303 -5.32037 -0.0374285 0.0286921 
8914.9 4914.96 26.7511 34.2138 -0.391432 -4.76917 -0.0258163 0.044563 
8853.05 4830.89 11.6462 34.649 -0.265011 -3.90124 -0.014204 0.0389473 
8789.37 4770.69 0.00107557 33.4172 0.0184748 -3.09084 -0.0025918 0.0135139 
8727.61 4732.8 0.00103108 33.2342 0.0193684 -2.78339 0.00902045 0.000893717 
8666.27 4703.37 0.00103108 33.0513 0.0202616 -2.76284 0.0206327 -0.000676249 
8605.33 4674.5 0.00103108 32.8683 0.021155 -2.78172 0.0322449 9.03729e-05 
8544.8 4645.11 0.00103108 32.6853 0.0220486 -2.78055 0.0438572 0.000320427 
8484.67 4615.76 0.00103108 32.5024 0.0229421 -2.7724 0.0554694 0.000257156 
8424.94 4586.62 0.00103108 32.3194 0.0238356 -2.76557 0.0670817 0.000326045 
8365.61 4557.68 0.00103108 32.1364 0.0247291 -2.75578 0.0786939 0.000675961 
8306.69 4529 0.00103108 31.9534 0.0256226 -2.73226 0.0903062 0.00149975 
8248.17 4500.98 0.00103108 31.7705 0.0265161 -2.67399 0.101918 0.00329933 
8190.05 4474.55 0.00103108 31.5875 0.0274097 -2.53315 0.113531 0.00712764 
8132.34 4452 0.00103108 31.4045 0.0283032 -2.20131 0.125143 0.0148542 
8075.04 4438.58 0.00103108 31.2216 0.0291971 -1.45678 0.136755 0.0289368 
8018.16 4445.66 0.00103598 31.0386 0.0300919 0.0333507 0.148367 0.0462011 
7961.72 4493.73 4.48548 30.8556 0.0309877 2.27562 0.15998 0.0413577 
7905.97 4603.52 9.00284 30.6726 0.031883 4.39814 0.171592 0.0203071 
7850.93 4771.71 13.5529 30.4897 0.0327774 5.80167 0.183204 0.00151538 
7796.56 4978.53 18.1357 30.3067 0.0336688 6.28 0.194816 -0.00453036 
7742.87 5198.52 22.7511 30.1238 0.0345579 6.166 0.206429 -0.00235705 
7689.83 5415.36 27.399 29.9409 0.035458 6.00894 0.218041 -0.000336981 
7637.44 5627.88 32.0798 29.7579 0.0363908 5.9782 0.229653 0.000113899 
7585.72 5839.56 36.7943 29.5741 0.0373131 6.00212 0.241265 8.87941e-05 
7534.66 6051.89 41.5422 29.3898 0.0380122 6.03323 0.252878 3.36528e-05 
7484.27 6265.08 46.3176 29.2098 0.0383785 6.05963 0.26449 9.37835e-06 
7434.54 6479 51.111 29.0404 0.0395443 6.08062 0.276102 2.50921e-06 
7385.44 6693.49 55.9439 28.8628 0.0442215 6.09756 0.287714 1.1224e-06 
7337.01 6908.45 60.9134 28.605 0.0501786 6.11164 0.299327 9.83496e-07 
7289.41 7123.79 66.0582 28.2546 0.0364698 6.12369 0.310939 1.17128e-06 
7242.88 7339.47 70.8411 28.24 -0.0204076 6.13439 0.322551 1.37311e-06 
7196.67 7555.44 74.0595 29.4047 -0.0315226 6.14476 0.334163 9.57072e-07 
7148.08 7771.7 76.9207 30.5792 0.309099 6.1552 0.345776 -2.19683e-06 
7096.87 7988.25 89.1037 24.3974 0.99258 6.13997 0.357388 -0.000133544 
7059.59 8204.37 120.369 5 0.0899998 4.12177 0.369 0 
7059.59 8204.37 120.369 5 0.0899998 4.12177 0.369 0 
7069.14 8289.23 122.722 5 -0.453735 3.6016 1.06145 -1.02859 
7078.92 8366.29 116.918 10.7479 0.563811 2.22814 0.0331076 -1.00718 
7081.29 8422.75 126.243 5.00002 0.0759257 0.871587 0.611541 -0.985775 
7090.98 8458.85 128.385 5.00002 0.075925 -0.468021 0.611541 -0.964367 
7100.72 8474.85 130.528 5.00002 0.0759243 -1.79068 0.611542 -0.942959 
7110.51 8471.01 132.67 5.00002 0.0759236 -3.09638 0.611542 -0.92155 
7120.35 8447.58 134.813 5.00002 0.0759229 -4.38511 0.611542 -0.900141 
7130.24 8404.81 136.956 5.00002 0.0759222 -5.65687 0.611542 -0.471839 
7140.18 8342.97 139.098 5.00002 0.0759219 -6.28 0.611542 0.00221589 
7150.17 8271.77 141.241 5.00002 0.0759219 -6.28 0.611542 0.00217619 
7160.23 8200.58 143.383 5.00002 0.0759219 -6.28 0.611543 0.00213489 
7170.35 8129.38 145.526 5.00002 0.0759219 -6.28 0.611543 0.00209192 
7180.54 8058.18 147.669 5.00002 0.0759218 -6.28 0.611543 0.00204725 
7190.79 7986.99 149.811 5.00002 0.0759218 -6.28 0.611543 0.00200081 
7201.11 7915.79 151.954 5.00002 0.0759218 -6.28 0.611543 0.00195256 
7211.49 7844.6 154.096 5.00002 0.0759218 -6.28 0.611543 0.00190245 
7221.93 7773.4 156.239 5.00002 0.0759218 -6.28 0.611543 0.00185045 
7232.44 7702.21 158.381 5.00002 0.0759218 -6.28 0.611543 0.00179652 
7243.01 7631.01 160.524 5.00002 0.0759218 -6.28 0.611543 0.00174064 
7253.65 7559.81 162.667 5.00002 0.0759217 -6.28 0.611544 0.00168281 
7264.35 7488.62 164.809 5.00002 0.0759217 -6.28 0.611544 0.00162301 
7275.12 7417.42 166.952 5.00002 0.0759217 -6.28 0.611544 0.00156126 
7285.95 7346.23 169.094 5.00002 0.0759217 -6.28 0.611544 0.0014976 
7296.85 7275.03 171.237 5.00002 0.0759217 -6.28 0.611544 0.00143207 
7307.81 7203.84 173.379 5.00002 0.0759217 -6.28 0.611544 0.00136475 
7318.83 7132.64 175.522 5.00002 0.0759216 -6.28 0.611545 0.00129574 
7329.92 7061.45 177.665 5.00002 0.0759216 -6.28 0.611545 0.00122517 
7341.07 6990.25 179.807 5.00002 0.0759216 -6.28 0.611545 0.0011532 
7352.29 6919.05 181.95 5.00002 0.0759216 -6.28 0.611545 0.00108002 
7363.57 6847.86 184.092 5.00002 0.0759216 -6.28 0.611545 0.00100588 
7374.92 6776.66 186.235 5.00002 0.0759218 -6.28 0.61154 0.000931047 
7386.33 6705.47 188.377 5.00002 0.0759108 -6.28 0.61173 0.000855846 
7397.8 6634.27 190.52 5.00002 0.0763234 -6.28 0.604619 0.000780644 
7409.34 6563.08 192.668 5.00002 0.0607939 -6.28 0.607825 0.000705755 
7420.95 6491.88 194.584 5.17516 0.0527255 -6.28 0.599284 0.000631789 
7432.41 6420.69 196.374 5.43092 0.0505787 -6.28 0.582979 0.000559223 
7443.62 6349.49 198.126 5.69699 0.0482852 -6.28 0.566673 0.000488561 
7454.55 6278.3 199.838 5.97402 0.0473087 -6.28 0.550366 0.000420378 
7465.21 6207.1 201.527 6.2459 0.0491831 -6.28 0.53406 0.000355275 
7475.59 6135.91 203.239 6.48061 0.0531274 -6.28 0.517754 0.000293859 
7485.74 6064.71 205.004 6.65815 0.0538208 -6.28 0.501448 0.000236738 
7495.73 5993.52 206.775 6.82122 0.0431956 -6.28 0.485142 0.000184517 
7505.58 5922.32 208.383 7.10042 0.0193949 -6.28 0.468836 0.000137798 
7515.15 5851.13 209.627 7.63479 -0.000841558 -6.28 0.452529 9.71621e-05 
7524.12 5779.94 210.554 8.35871 0.0186906 -6.28 0.436223 6.31233e-05 
7532.24 5708.74 211.757 8.7997 0.104227 -6.28 0.419917 3.60954e-05 
7539.84 5637.55 214.233 8.23201 0.214388 -6.28 0.403611 1.63996e-05 
7548.16 5566.36 218.376 6.4732 0.205376 -6.28 0.387305 0.000680256 
7558.73 5495.17 222.425 5.00001 -0.0899976 -5.9817 0.369 0 
7558.73 5495.17 222.425 5.00001 -0.0899976 -5.9817 0.369 0 
7572.13 5397.53 221.519 6.79216 -1.19687 -6.28 1.15369 0.0029863 
7582.81 5293.33 196.169 26.1119 0.26132 -6.28 -0.176776 0.0030084 
7557.63 5189.16 202.253 19.5176 0.844309 -6.28 -0.165163 0.0030072 
7544.1 5084.97 221.409 5 0.0744534 -6.28 0.314559 0.00297098 
7557.38 4980.77 224.12 5 -1.21579 -6.28 1.08846 0.00292106 
7571.34 4876.57 198.412 24.9573 0.0733371 -6.28 -0.130323 0.00293448 
7548.38 4772.39 200.392 21.6337 0.573142 -6.28 -0.118708 0.00292695 
7531.16 4668.21 213.495 11.3107 0.4047 -6.28 0.181263 0.00290174 
7532.8 4564.02 223.252 5.00032 -0.0170735 -6.28 0.974204 0.00286918 
7546.2 4459.81 223.941 5.00547 0.042882 -6.28 0.76552 0.00284702 
7559.59 4355.61 225.949 5.00424 0.0421554 -6.28 0.768042 0.00282194 
7573.08 4251.4 227.939 5.00426 0.0420701 -6.28 0.767514 0.0027953 
7586.65 4147.2 229.926 5.00426 0.0419786 -6.28 0.766861 0.00276699 
7600.31 4043 231.909 5.00426 0.0418938 -6.28 0.766002 0.00273685 
7614.06 3938.79 233.889 5.00426 0.0418173 -6.28 0.764907 0.00270477 
7627.89 3834.59 235.866 5.00426 0.0417509 -6.28 0.763535 0.00267057 
7641.81 3730.39 237.839 5.00427 0.041697 -6.28 0.761843 0.00263411 
7655.82 3626.18 239.81 5.00427 0.041658 -6.28 0.759785 0.00259519 
7669.92 3521.98 241.778 5.00427 0.0416367 -6.28 0.75731 0.00255364 
7684.1 3417.78 243.744 5.00427 0.041636 -6.28 0.754367 0.00250924 
7698.37 3313.57 245.708 5.00427 0.0416592 -6.28 0.750907 0.00246177 
7712.72 3209.37 247.67 5.00428 0.0417097 -6.28 0.746884 0.00241102 
7727.17 3105.16 249.632 5.00428 0.0417919 -6.28 0.742261 0.00235673 
7741.7 3000.96 251.593 5.00429 0.041913 -6.28 0.737013 0.00229865 
7756.31 2896.76 253.556 5.0043 0.0420878 -6.28 0.731137 0.00223651 
7771.01 2792.55 255.519 5.00431 0.0423605 -6.28 0.724655 0.00217005 
7785.8 2688.35 257.487 5.00436 0.042863 -6.28 0.71684 0.002099 
7800.68 2584.15 259.463 5.00468 0.0392225 -6.28 0.709819 0.00202303 
7815.64 2479.94 261.357 5.1113 0.0396978 -6.28 0.696779 0.00194203 
7830.5 2375.74 263.256 5.28742 0.029842 -6.28 0.680574 0.00185557 
7845.13 2271.54 264.928 5.59727 0.00399613 -6.28 0.664263 0.0017634 
7859.31 2167.33 266.018 6.02586 -0.0102082 -6.28 0.647936 0.00166587 
7872.78 2063.13 266.778 6.20454 0.0116049 -6.28 0.631622 0.00156327 
7885.96 1958.93 268.008 6.42928 0.0164404 -6.28 0.615318 0.00145496 
7898.8 1854.73 269.335 6.67895 0.0144148 -6.28 0.599015 0.00134139 
7911.25 1750.53 270.606 6.93876 0.010913 -6.28 0.582709 0.00122312 
7923.31 1646.32 271.788 7.20144 0.00807455 -6.28 0.566403 0.00110089 
7934.95 1542.12 272.895 7.46244 0.00647483 -6.28 0.550097 0.00097574 
7946.18 1437.92 273.954 7.71462 0.00573144 -6.28 0.53379 0.000848998 
7957.02 1333.72 274.986 7.94778 0.00398201 -6.28 0.517484 0.000722355 
7967.49 1229.52 275.968 8.17846 -0.00271318 -6.28 0.501178 0.000597864 
7977.6 1125.32 276.791 8.48726 -0.0147445 -6.28 0.484872 0.000477957 
7987.2 1021.13 277.335 8.95172 -0.0156723 -6.28 0.468566 0.000365412 
7996.01 916.928 277.839 9.36336 0.0266912 -6.28 0.45226 0.00026318 
8004.1 812.73 279.258 9.00345 0.100202 -6.28 0.435954 0.00017411 
8012.85 708.532 282.306 7.45891 0.0430685 -6.28 0.419648 0.00010087 
8024.49 604.332 284.145 7.08634 -0.388493 -6.28 0.403342 4.61022e-05 
8037.06 500.131 276.488 13.9981 -0.940221 -6.28 0.387038 0.00115134 
8037.33 395.94 256.43 29.1782 -0.0891127 -6.02081 0.369 0 
8037.33 395.94 256.43 29.1782 -0.0891127 -6.02081 0.369 0 
7973.41 209.288 246.353 31.1434 0.826558 -0.124355 -0.188388 -0.555729 
7901.2 277.83 275.769 5 -1.10178 -6.11626 1.13739 -0.00313448 
7923.67 86.9797 223.542 35.3352 -0.359181 -6.20287 -0.165163 0.00170913 
7835.77 -107.535 201.35 35.1522 -0.358286 -6.1806 -0.153551 0.000677693 
7746.57 -301.086 179.21 34.9692 -0.357396 -6.15841 -0.141939 8.56639e-06 
7656.1 -493.678 157.12 34.7863 -0.356534 -6.13996 -0.130327 0.00108062 
7564.34 -685.471 135.081 34.6044 -0.355642 -6.1154 -0.118714 0.000906354 
7471.3 -876.202 113.093 34.4223 -0.354296 -6.07816 -0.107102 0.00173783 
7376.98 -1065.32 91.1754 34.225 -0.352635 -6.01979 -0.0954898 -0.00142772 
7281.45 -1251.92 69.3437 34.0065 -0.356867 -5.82104 -0.0838775 -0.0239329 
7184.8 -1429.91 47.344 33.9668 -0.375407 -6.28 -0.0722653 0.248958 
7086.37 -1627.77 24.5446 34.5265 -0.334222 -1.96805 -0.060653 0.353107 
6984.14 -1639.01 3.48891 33.5503 0.00941931 3.4987 -0.0490408 0.053533 
6883.36 -1413.66 0.00102017 33.3673 0.0103136 4.92162 -0.0374285 0.000250673 
6782.97 -1126.73 0.00102017 33.1843 0.0112069 4.94002 -0.0258163 -0.000913566 
6683.2 -839.005 0.00102017 33.0013 0.0121004 4.92386 -0.0142041 -0.000322991 
6584.07 -551.979 0.00102017 32.8184 0.0129939 4.92487 -0.00259181 -0.000353314 
6485.57 -264.911 0.00102017 32.6354 0.0138874 4.92427 0.00902043 -0.000382068 
6387.71 22.1313 0.00102017 32.4524 0.0147809 4.92191 0.0206327 -0.000358938 
6290.48 309.071 0.00102017 32.2695 0.0156744 4.91957 0.0322449 -0.000330221 
6193.88 595.909 0.00102017 32.0865 0.0165679 4.91749 0.0438572 -0.00030513 
6097.92 882.656 0.00102017 31.9035 0.0174614 4.91558 0.0554694 -0.00028182 
6002.59 1169.32 0.00102017 31.7205 0.0183549 4.91381 0.0670817 -0.000259495 
5907.89 1455.91 0.00102017 31.5376 0.0192484 4.91217 0.0786939 -0.000238164 
5813.83 1742.42 0.00102017 31.3546 0.0201419 4.91068 0.0903061 -0.000217863 
5720.4 2028.87 0.00102017 31.1716 0.0210354 4.90932 0.101918 -0.000198581 
5627.61 2315.26 0.00102017 30.9887 0.0219289 4.9081 0.113531 -0.0001803 
5535.45 2601.6 0.00102017 30.8057 0.0228224 4.90701 0.125143 -0.000163009 
5443.92 2887.89 0.00102017 30.6227 0.0237159 4.90606 0.136755 -0.000146701 
5353.03 3174.14 0.00102017 30.4397 0.0246094 4.90524 0.148367 -0.00013138 
5262.77 3460.35 0.00102017 30.2568 0.0255029 4.90455 0.15998 -0.00011706 
5173.14 3746.53 0.00102017 30.0738 0.0263964 4.90398 0.171592 -0.000103633 
5084.15 4032.69 0.00102017 29.8908 0.0272899 4.90353 0.183204 -8.93577e-05 
4995.79 4318.83 0.00102017 29.7079 0.0281833 4.90342 0.194816 -5.55875e-05 
4908.07 4604.96 0.00102017 29.5249 0.0290768 4.90665 0.206429 0.000185513 
4820.98 4891.23 0.00102017 29.3419 0.0299703 4.94845 0.218041 0.00257325 
4734.52 5179.31 0.00104314 29.1589 0.0308648 5.44691 0.229653 0.00168246 
4648.72 5488.96 6.97289 28.976 0.0317598 5.83334 0.241265 0.000513736 
4564.16 5815.34 13.9962 28.793 0.032656 5.98225 0.252878 0.000187944 
4480.86 6148.16 21.071 28.6099 0.0335396 6.05546 0.26449 7.90193e-05 
4398.8 6484.14 28.1967 28.4272 0.0343803 6.09981 0.276102 3.32992e-05 
4318 6822.05 35.3715 28.2461 0.0353268 6.12968 0.287714 1.24595e-05 
4238.45 7161.25 42.5998 28.0628 0.0370592 6.15111 0.299327 3.08006e-06 
4160.16 7501.37 49.9158 27.8519 0.0385995 6.16722 0.310939 -6.96804e-07 
4083.23 7842.19 57.3131 27.6276 0.0286748 6.17977 0.322551 -1.70812e-06 
4007.73 8183.56 64.2964 27.7712 0.0023627 6.18987 0.334163 -1.43525e-06 
3932.37 8525.36 70.131 28.7185 0.111318 6.19837 0.345776 -9.09937e-07 
3854.13 8867.53 80.6153 25.7889 0.678139 6.2047 0.357388 -0.000135289 
3786.46 9209.97 115.834 5 0.0899998 3.25158 0.369 0 
3786.46 9209.97 115.834 5 0.0899998 3.25158 0.369 0 
3870.56 9028.92 257.414 22.3379 5.14161e-06 -0.293769 0.482653 4.16123e-15 
3954.69 8847.86 392.147 22.4984 -2.37832e-07 -0.297998 0.480306 -1.1138e-15 
4038.78 8666.81 521.043 22.4998 -2.37618e-07 -0.298003 0.477959 -1.57057e-15 
4122.84 8485.75 644.575 22.4999 -2.37285e-07 -0.298003 0.475612 -1.08361e-15 
4206.87 8304.7 762.992 22.4999 -2.37064e-07 -0.298003 0.473265 -1.09755e-15 
4290.88 8123.65 876.419 22.4999 -2.36912e-07 -0.298003 0.470918 -9.45584e-16 
4374.87 7942.59 984.909 22.4999 -2.36804e-07 -0.298003 0.468571 -7.49246e-16 
4458.83 7761.54 1088.46 22.4999 -2.36726e-07 -0.298003 0.466224 -7.4663e-16 
4542.79 7580.48 1187.04 22.4999 -2.36668e-07 -0.298003 0.463878 -4.55735e-16 
4626.73 7399.43 1280.58 22.4999 -2.36625e-07 -0.298003 0.461531 -5.41467e-16 
4710.67 7218.38 1369 22.4999 -2.36594e-07 -0.298003 0.459184 -4.91043e-16 
4794.6 7037.32 1452.18 22.4999 -2.36571e-07 -0.298003 0.456837 -4.60103e-16 
4878.53 6856.27 1530 22.4999 -2.36554e-07 -0.298003 0.45449 -3.55663e-16 
4962.46 6675.21 1602.34 22.4999 -2.36542e-07 -0.298003 0.452143 -3.53001e-16 
5046.4 6494.16 1669.05 22.4999 -2.36534e-07 -0.298003 0.449796 -1.77098e-16 
5130.35 6313.1 1729.98 22.4999 -2.36529e-07 -0.298003 0.447449 -3.16807e-16 
5214.31 6132.05 1784.97 22.4999 -2.36527e-07 -0.298003 0.445102 -8.47701e-17 
5298.29 5951 1833.87 22.4999 -2.36527e-07 -0.298003 0.442755 -6.19368e-17 
5382.29 5769.94 1876.53 22.4999 -2.36528e-07 -0.298003 0.440408 -1.13653e-16 
5466.32 5588.89 1912.82 22.4999 -2.36531e-07 -0.298003 0.438061 -4.877e-17 
5550.38 5407.83 1942.59 22.4999 -2.36536e-07 -0.298003 0.435714 -5.99993e-17 
5634.47 5226.78 1965.74 22.4999 -2.36541e-07 -0.298003 0.433367 -2.47679e-17 
5718.59 5045.73 1982.18 22.4999 -2.36547e-07 -0.298003 0.43102 8.83933e-17 
5802.76 4864.67 1991.83 22.4999 -2.36553e-07 -0.298003 0.428673 3.42579e-17 
5886.98 4683.62 1994.65 22.4999 -2.36561e-07 -0.298003 0.426327 2.42092e-17 
5971.24 4502.56 1990.64 22.4999 -2.36568e-07 -0.298003 0.42398 2.26211e-16 
6055.56 4321.51 1979.82 22.4999 -2.36576e-07 -0.298003 0.421633 3.21275e-17 
6139.93 4140.46 1962.21 22.4999 -2.36585e-07 -0.298003 0.419286 1.38762e-16 
6224.37 3959.4 1937.91 22.4999 -2.36593e-07 -0.298003 0.416939 1.2806e-16 
6308.87 3778.35 1907 22.4999 -2.36602e-07 -0.298003 0.414592 6.91211e-17 
6393.44 3597.29 1869.6 22.4999 -2.3661e-07 -0.298003 0.412245 1.46537e-16 
6478.08 3416.24 1825.85 22.4999 -2.36619e-07 -0.298003 0.409898 9.51495e-18 
6562.8 3235.19 1775.88 22.4999 -2.36626e-07 -0.298003 0.407551 1.42012e-16 
6647.6 3054.13 1719.85 22.4999 -2.36633e-07 -0.298003 0.405204 1.36426e-16 
6732.49 2873.08 1657.92 22.4999 -2.36639e-07 -0.298003 0.402857 8.78783e-17 
6817.46 2692.02 1590.22 22.4999 -2.36643e-07 -0.298003 0.40051 9.76887e-17 
6902.53 2510.97 1516.93 22.4999 -2.36644e-07 -0.298003 0.398163 6.76781e-17 
6987.69 2329.91 1438.16 22.4999 -2.36642e-07 -0.298003 0.395816 1.16835e-16 
7072.96 2148.86 1354.07 22.4999 -2.36635e-07 -0.298003 0.393469 6.15665e-17 
7158.33 1967.81 1264.76 22.4999 -2.36621e-07 -0.298003 0.391122 3.84125e-17 
7243.8 1786.75 1170.34 22.4999 -2.36597e-07 -0.298003 0.388776 8.55995e-17 
7329.39 1605.7 1070.9 22.4999 -2.36557e-07 -0.298003 0.386429 2.44636e-17 
7415.1 1424.64 966.49 22.4999 -2.36495e-07 -0.298003 0.384082 2.41908e-17 
7500.92 1243.59 857.147 22.4999 -2.36396e-07 -0.298003 0.381735 2.24398e-17 
7586.87 1062.54 742.862 22.4999 -2.36235e-07 -0.298003 0.379388 8.07684e-18 
7672.95 881.482 623.573 22.4999 -2.35956e-07 -0.298003 0.377041 5.70623e-19 
7759.15 700.428 499.135 22.4999 -2.35439e-07 -0.298003 0.374694 1.85899e-17 
7845.5 519.374 369.272 22.4999 -2.34367e-07 -0.297648 0.372347 1.71719e-15 
7931.98 338.32 233.45 22.5 4.33639e-13 -0.0003578 0.369 0 
7931.98 338.32 233.45 22.5 4.33639e-13 -0.0003578 0.369 0 
7873.04 448.082 227.839 23.0479 0.397078 5.85181 -0.188388 -1.008 
7810.24 945.039 248.441 5 -0.618889 -3.6195 1.13739 -0.206029 
7846.7 815.277 203.739 30.2581 -0.254244 -6.22075 -0.165163 0.00328059 
7742.7 513.517 180.484 30.0751 -0.25335 -6.18928 -0.153551 0.00275305 
7636.59 213.838 157.307 29.8921 -0.252458 -6.16347 -0.141939 0.00292572 
7528.39 -84.1333 134.209 29.7092 -0.251563 -6.13381 -0.130327 0.00383893 
7418.08 -380.143 111.19 29.5262 -0.250612 -6.08912 -0.118714 0.00555692 
7305.7 -673.197 88.2525 29.3403 -0.249701 -6.01602 -0.107102 0.00928016 
7191.27 -961.415 65.3954 29.1548 -0.250628 -5.88032 -0.0954898 0.022796 
7074.8 -1240.66 42.4965 29.062 -0.253 -5.51259 -0.0838775 0.096247 
6955.8 -1495.57 19.4506 29.0948 -0.198591 -3.92268 -0.0722653 0.0748806 
6833.59 -1645.29 0.00102076 28.6403 -0.0131492 -2.61923 -0.060653 0.0128607 
6711.04 -1708.77 0.00101567 28.4573 -0.0122557 -2.38247 -0.0490408 -4.37616e-05 
6589.46 -1756.59 0.00101567 28.2744 -0.0113622 -2.38549 -0.0374286 -0.00112507 
6468.86 -1804.61 0.00101567 28.0914 -0.0104687 -2.41061 -0.0258163 -0.00136682 
6349.22 -1854.29 0.00101567 27.9084 -0.00957523 -2.44209 -0.0142041 -0.00143944 
6230.55 -1906.05 0.00101567 27.7255 -0.00868175 -2.47678 -0.00259182 -0.00140076 
6112.84 -1960.11 0.00101567 27.5425 -0.00778827 -2.51236 0.00902042 -0.0013282 
5996.1 -2016.53 0.00101567 27.3595 -0.00689479 -2.54807 0.0206327 -0.00124959 
5880.33 -2075.31 0.00101567 27.1765 -0.00600131 -2.5837 0.0322449 -0.00117122 
5765.53 -2136.45 0.00101567 26.9936 -0.00510783 -2.61923 0.0438572 -0.00109463 
5651.69 -2199.93 0.00101567 26.8106 -0.00421435 -2.65464 0.0554694 -0.00102026 
5538.82 -2265.77 0.00101567 26.6276 -0.00332087 -2.68993 0.0670816 -0.000948247 
5426.92 -2333.94 0.00101567 26.4447 -0.00242739 -2.72512 0.0786939 -0.000878655 
5315.99 -2404.43 0.00101567 26.2617 -0.00153391 -2.76021 0.0903061 -0.000811506 
5206.02 -2477.25 0.00101567 26.0787 -0.000640431 -2.7952 0.101918 -0.000746825 
5097.02 -2552.39 0.00101567 25.8957 0.000253049 -2.83011 0.113531 -0.000684635 
4988.98 -2629.83 0.00101567 25.7128 0.00114653 -2.86493 0.125143 -0.000624952 
4881.91 -2709.58 0.00101567 25.5298 0.00204001 -2.89967 0.136755 -0.000567772 
4775.81 -2791.63 0.00101567 25.3468 0.00293349 -2.93433 0.148367 -0.000513012 
4670.68 -2875.98 0.00101567 25.1639 0.00382697 -2.96892 0.15998 -0.000460325 
4566.51 -2962.61 0.00101567 24.9809 0.00472045 -3.00338 0.171592 -0.00040847 
4463.31 -3051.52 0.00101567 24.7979 0.00561393 -3.03759 0.183204 -0.000353179 
4361.08 -3142.7 0.00101567 24.6149 0.00650741 -3.07099 0.194816 -0.000279944 
4259.82 -3236.09 0.00101567 24.432 0.00740089 -3.10143 0.206429 -0.00013963 
4159.52 -3331.49 0.00101567 24.249 0.00829438 -3.12057 0.218041 0.000232778 
4060.19 -3428.16 0.00101567 24.066 0.00918788 -3.09571 0.229653 0.00137493 
3961.83 -3523.19 0.00101567 23.8831 0.0100815 -2.90004 0.241265 0.00484406 
3864.45 -3605.27 0.00101567 23.7001 0.0109754 -2.08158 0.252878 0.0133781 
3768.08 -3633.2 0.00101567 23.5171 0.0118703 0.302569 0.26449 0.0258462 
3672.8 -3503.39 6.17052 23.3341 0.0127651 4.20743 0.276102 0.00409019 
3579.52 -3115.23 13.0591 23.1512 0.0136549 6.28 0.287714 7.38959e-05 
3488.23 -2589.94 20.0259 22.9686 0.0145938 6.1542 0.299327 -0.000368719 
3398.82 -2072.98 27.0742 22.7835 0.0157107 6.1703 0.310939 -2.7634e-05 
3311.33 -1554.95 34.216 22.588 0.0154793 6.18893 0.322551 -8.83651e-05 
3225.82 -1035.69 41.3633 22.4546 0.00753142 6.20907 0.334163 -1.91358e-05 
3141.98 -515.101 47.9989 22.7449 0.0313248 6.21374 0.345776 -1.27549e-06 
3057.45 5.80026 56.1779 21.6784 0.349937 6.22343 0.357388 -0.000177987 
2979.23 527.339 85.55 5 0.0899997 3.3146 0.369 0 
2979.23 527.339 85.55 5 0.0899997 3.3146 0.369 0 
2994.67 646.752 89.3586 5 -0.789778 4.16654 1.05121 0.983731 
3010.74 786.846 71.8098 20.5177 0.828943 6.28 -0.176764 -0.00406848 
2995.02 978.271 92.953 5.00002 0.0759289 6.28 0.611541 -0.00403413 
3010.88 1169.67 96.42 5.00001 0.0759288 6.28 0.611542 -0.00398213 
3026.91 1361.07 99.887 5.00002 0.0759288 6.28 0.611542 -0.00392801 
3043.11 1552.47 103.354 5.00002 0.0759288 6.28 0.611542 -0.00387168 
3059.48 1743.87 106.821 5.00002 0.0759287 6.28 0.611543 -0.00381305 
3076.02 1935.27 110.288 5.00002 0.0759287 6.28 0.611543 -0.00375203 
3092.72 2126.68 113.755 5.00002 0.0759287 6.28 0.611543 -0.00368853 
3109.6 2318.08 117.222 5.00002 0.0759286 6.28 0.611544 -0.00362245 
3126.64 2509.48 120.689 5.00002 0.0759286 6.28 0.611544 -0.0035537 
3143.85 2700.88 124.156 5.00002 0.0759285 6.28 0.611544 -0.00348219 
3161.23 2892.28 127.623 5.00002 0.0759285 6.28 0.611545 -0.00340783 
3178.78 3083.68 131.09 5.00002 0.0759284 6.28 0.611545 -0.00333053 
3196.5 3275.08 134.557 5.00002 0.0759284 6.28 0.611546 -0.00325021 
3214.38 3466.48 138.023 5.00002 0.0759283 6.28 0.611546 -0.00316681 
3232.44 3657.88 141.49 5.00002 0.0759283 6.28 0.611547 -0.00308026 
3250.66 3849.28 144.957 5.00002 0.0759282 6.28 0.611547 -0.0029905 
3269.05 4040.68 148.424 5.00002 0.0759281 6.28 0.611548 -0.00289749 
3287.61 4232.08 151.891 5.00002 0.075928 6.28 0.611549 -0.00280122 
3306.34 4423.48 155.358 5.00002 0.075928 6.28 0.611549 -0.00270169 
3325.24 4614.88 158.825 5.00002 0.0759279 6.28 0.61155 -0.00259891 
3344.3 4806.29 162.292 5.00002 0.0759278 6.28 0.611551 -0.00249294 
3363.54 4997.69 165.759 5.00002 0.0759277 6.28 0.611552 -0.00238387 
3382.94 5189.09 169.226 5.00002 0.0759276 6.28 0.611553 -0.00227182 
3402.51 5380.49 172.693 5.00002 0.0759275 6.28 0.611554 -0.00215695 
3422.26 5571.89 176.16 5.00002 0.0759273 6.28 0.611555 -0.00203948 
3442.17 5763.29 179.627 5.00002 0.0759272 6.28 0.611556 -0.00191968 
3462.24 5954.69 183.093 5.00002 0.075927 6.28 0.611557 -0.00179788 
3482.49 6146.09 186.56 5.00002 0.0759268 6.28 0.611559 -0.00167446 
3502.91 6337.49 190.027 5.00002 0.0759267 6.28 0.61156 -0.0015499 
3523.49 6528.89 193.494 5.00002 0.0759238 6.28 0.611608 -0.00142472 
3544.24 6720.29 196.961 5.00002 0.0760881 6.28 0.608773 -0.00129953 
3565.16 6911.69 200.432 5.00002 0.0659619 6.28 0.610161 -0.00117509 
3586.26 7103.09 203.657 5.18555 0.0611525 6.28 0.599284 -0.00105204 
3607.15 7294.49 206.758 5.44222 0.0598384 6.28 0.582979 -0.00093123 
3627.7 7485.9 209.817 5.70002 0.0584688 6.28 0.566672 -0.000813587 
3647.89 7677.3 212.833 5.95979 0.0573021 6.28 0.550366 -0.000700057 
3667.72 7868.7 215.81 6.21748 0.0567853 6.28 0.53406 -0.000591636 
3687.2 8060.1 218.765 6.46142 0.0564215 6.28 0.517754 -0.000489349 
3706.35 8251.51 221.701 6.69096 0.0530443 6.28 0.501448 -0.000394235 
3725.2 8442.91 224.547 6.96402 0.0434274 6.28 0.485142 -0.000307316 
3743.66 8634.31 227.148 7.38895 0.0377584 6.28 0.468836 -0.000229559 
3761.42 8825.72 229.596 7.86882 0.0708519 6.28 0.45253 -0.000161864 
3778.35 9017.12 232.828 7.679 0.154231 6.28 0.436223 -0.000105097 
3795.76 9208.53 238.091 5.99669 0.132447 6.28 0.419917 -6.00601e-05 
3816.72 9399.93 242.891 5.00018 -0.334722 6.28 0.403611 -2.73269e-05 
3840.07 9591.33 236.388 12.6828 -1.07681 6.28 0.387305 -0.000676179 
3848.53 9782.74 211.57 32.1176 -0.0899958 5.80193 0.369 0 
3848.53 9782.74 211.57 32.1176 -0.0899958 5.80193 0.369 0 
3773.2 10171.2 215.228 37.2205 0.808436 6.27311 -0.188388 0.0150398 
3675.28 10585.1 266.889 5 0.298328 6.24229 -0.176775 0.00218011 
3722.69 10997.2 293.829 5 0.297654 6.23815 -0.165163 -0.00064344 
3773.02 11409 320.733 5 0.296981 6.23301 -0.153551 -0.000501728 
3826.25 11820.6 347.601 5 0.296307 6.22642 -0.141939 -0.000564847 
3882.39 12231.9 374.432 5 0.295633 6.21768 -0.130326 -0.000781144 
3941.43 12642.6 401.227 5 0.294959 6.20554 -0.118714 -0.000764427 
4003.36 13052.7 427.985 5 0.294286 6.18752 -0.107102 -0.000653505 
4068.18 13461.9 454.708 5 0.293612 6.15798 -0.0954895 -0.00133767 
4135.89 13869.4 481.394 5 0.292938 6.10302 -0.0838772 -0.00636896 
4206.48 14274 508.043 5 0.292264 6.02809 -0.072265 -0.142191 
4279.95 14674.6 534.656 5 0.291588 0.874418 -0.0606527 -0.236491 
4356.07 14797.2 561.233 5 0.290911 -5.89676 -0.0490404 -0.00381848 
4434.77 14554.8 587.774 5 0.290237 -6.08245 -0.0374281 -0.00106136 
4516.34 14302.3 614.278 5 0.289563 -6.14934 -0.0258157 -0.000419066 
4600.76 14046.2 640.745 5 0.288889 -6.18264 -0.0142034 -0.000165532 
4688.04 13788.3 667.176 5 0.288216 -6.20241 -0.00259094 -4.87651e-05 
4778.18 13529.4 693.571 5 0.287542 -6.2155 0.00902162 1.14295e-05 
4871.17 13269.8 719.93 5 0.286868 -6.22481 0.0206345 4.42768e-05 
4967.01 13009.6 746.252 5 0.286194 -6.23178 0.0322491 6.2405e-05 
5065.69 12749.1 772.538 5 -0.205012 -6.23718 0.827553 7.14775e-05 
5167.74 12488.3 765.111 5 -0.204068 -6.24149 0.811262 7.5899e-05 
5268.99 12227.2 746.703 5 -0.203122 -6.24502 0.794958 7.70145e-05 
5368.25 11966 728.346 5 -0.202176 -6.24795 0.778652 7.59809e-05 
5465.52 11704.6 710.04 5 -0.20123 -6.25043 0.762346 7.35314e-05 
5560.82 11443.1 691.785 5 -0.200284 -6.25256 0.74604 7.01485e-05 
5654.14 11181.4 673.582 5 -0.199338 -6.2544 0.729734 6.61597e-05 
5745.49 10919.7 655.429 5 -0.198392 -6.256 0.713428 6.17935e-05 
5834.89 10657.9 637.327 5 -0.197446 -6.25742 0.697122 5.72133e-05 
5922.32 10395.9 619.276 5 -0.1965 -6.25868 0.680816 5.25384e-05 
6007.81 10134 601.276 5 -0.195554 -6.25981 0.66451 4.78576e-05 
6091.34 9871.94 583.328 5 -0.194608 -6.26082 0.648204 4.32383e-05 
6172.94 9609.85 565.43 5 -0.193662 -6.26174 0.631898 3.87322e-05 
6252.6 9347.71 547.583 5 -0.192715 -6.26257 0.615592 3.43798e-05 
6330.34 9085.53 529.788 5 -0.191769 -6.26333 0.599285 3.0213e-05 
6406.15 8823.31 512.043 5 -0.190823 -6.26403 0.582979 2.62575e-05 
6480.04 8561.04 494.349 5 -0.189877 -6.26467 0.566673 2.25339e-05 
6552.02 8298.75 476.707 5 -0.188931 -6.26526 0.550367 1.90593e-05 
6622.09 8036.42 459.115 5 -0.187985 -6.26581 0.534061 1.58475e-05 
6690.26 7774.06 441.574 5 -0.187039 -6.26632 0.517755 1.29102e-05 
6756.54 7511.68 424.085 5 -0.186093 -6.26679 0.501449 1.02569e-05 
6820.92 7249.27 406.646 5 -0.185147 -6.26723 0.485143 7.89573e-06 
6883.42 6986.83 389.258 5 -0.184201 -6.26765 0.468837 5.83352e-06 
6944.04 6724.37 371.922 5 -0.183255 -6.26803 0.45253 4.07596e-06 
7002.79 6461.9 354.636 5 -0.182309 -6.2684 0.436224 2.62784e-06 
7059.66 6199.4 337.402 5 -0.181363 -6.26874 0.419918 1.49312e-06 
7114.68 5936.88 320.218 5 -0.180417 -6.26906 0.403612 6.76623e-07 
7167.84 5674.35 303.085 5 -1.03264 -6.26935 0.387306 9.26968e-05 
7220.06 5411.8 240 40 -0.000610056 -2.15788 0.369 0 
7220.06 5411.8 240 40 -0.000610056 -2.15788 0.369 0 
7190.19 5406.27 237.784 35.6377 1.4 -3.40965 -0.188388 0.386074 
7164.33 5384.87 253.414 22.2431 1.20033 -1.96073 -0.176775 -0.532013 
7152.54 5381.82 266.784 11.8745 -0.583054 -3.8191 -0.165161 -0.63603 
7152.05 5355.21 257.756 19.5571 -1.4 -5.58814 -0.153546 -0.0874688 
7143.72 5306.17 238.214 34.4781 -0.565182 -6.12513 0.0773643 -0.0049541 
7119.52 5250.34 228.953 36.1806 -0.371514 -6.15967 -0.130326 0.000941053 
7093.3 5194.08 222.113 35.9906 -0.369559 -6.15561 -0.118714 0.00310247 
7067.1 5137.86 215.301 35.791 -0.368459 -6.13599 -0.107102 0.00334086 
7040.94 5081.9 208.508 35.5907 -0.369362 -6.11362 -0.0954897 0.00181327 
7014.8 5026.21 201.707 35.4093 -0.372311 -6.10191 -0.0838775 0.000193495 
6988.68 4970.68 194.872 35.2647 -0.375025 -6.10264 -0.0722652 -0.000276861 
6962.53 4915.13 188.006 35.1518 -0.373068 -6.10729 -0.060653 3.74649e-05 
6936.32 4859.53 181.167 35.0228 -0.362715 -6.10925 -0.0490407 0.000480725 
6910.06 4803.9 174.461 34.7982 -0.346017 -6.10705 -0.0374285 0.000742376 
6883.86 4748.3 167.973 34.4245 -0.334563 -6.10201 -0.0258162 0.000775017 
6857.87 4692.76 161.636 33.9647 -0.346168 -6.09623 -0.014204 0.000668109 
6832.19 4637.3 155.162 33.6484 -0.390829 -6.09116 -0.00259176 0.000543647 
6806.67 4581.9 148.129 33.7825 -0.450827 -6.08711 0.00902049 0.000472461 
6780.86 4526.55 140.332 34.4776 -0.471839 -6.08354 0.0206327 0.000456874 
6754.15 4471.25 132.254 35.3116 -0.387059 -6.0798 0.032245 0.000465882 
6726.37 4415.99 125.234 35.2524 -0.181403 -6.07554 0.0438572 0.000471449 
6698.41 4360.79 120.823 33.294 0.0360603 -6.07074 0.0554695 0.000462503 
6672.28 4305.65 119.209 33.1121 0.0370602 -6.06558 0.0670817 0.000441783 
6646.29 4250.57 121.415 32.929 0.0381791 -6.06022 0.078694 0.000417375 
6620.54 4195.57 123.64 32.7438 0.0392845 -6.05471 0.0903062 0.00039495 
6595.04 4140.63 125.882 32.5567 0.0401173 -6.04902 0.101918 0.000375951 
6569.78 4085.76 128.138 32.3706 0.0404588 -6.04306 0.113531 0.000359057 
6544.77 4030.97 130.403 32.19 0.0404275 -6.03675 0.125143 0.000342432 
6520 3976.26 132.671 32.0182 0.0407001 -6.03007 0.136755 0.000325046 
6495.47 3921.63 134.946 31.8514 0.0423196 -6.023 0.148367 0.00030682 
6471.16 3867.09 137.245 31.6763 0.0458745 -6.01552 0.15998 0.000288142 
6447.08 3812.65 139.592 31.4749 0.0503343 -6.00761 0.171592 0.000269393 
6423.27 3758.31 142 31.2406 0.0525246 -5.99923 0.183204 0.000250729 
6399.76 3704.07 144.441 30.998 0.0485313 -5.99033 0.194816 0.000232125 
6376.56 3649.95 146.835 30.8075 0.0374539 -5.98086 0.206429 0.000213497 
6353.61 3595.94 149.094 30.7331 0.0256505 -5.97077 0.218041 0.000194797 
6330.8 3542.07 151.204 30.7722 0.0270736 -5.95997 0.229653 0.000176041 
6308.01 3488.33 153.331 30.7878 0.0551564 -5.94841 0.241265 0.000157284 
6285.24 3434.73 155.815 30.5248 0.106684 -5.936 0.252878 0.0001386 
6262.79 3381.3 158.956 29.78 0.147839 -5.92266 0.26449 0.00012007 
6241.17 3328.03 162.635 28.6933 0.120918 -5.90826 0.276102 0.000101799 
6220.75 3274.95 165.994 27.9495 -0.014125 -5.89268 0.287714 8.393e-05 
6201.21 3222.06 167.657 28.5632 -0.214487 -5.87577 0.299327 6.66444e-05 
6181.14 3169.38 166.767 31.0522 -0.316161 -5.85737 0.310939 4.99736e-05 
6158.54 3116.95 164.537 34.3098 -0.0953955 -5.8374 0.322551 3.23634e-05 
6132.53 3064.76 165.04 35.1624 0.53529 -5.81728 0.334163 3.02707e-06 
6105.49 3012.84 173.521 29.855 1.28093 -5.81577 0.345776 -7.97107e-05 
6083.88 2960.93 191.563 17.7877 1.4 -6.03013 0.357388 0.000128468 
6074.95 2906.29 211.36 5.29121 0.0899987 -5.05786 0.369 0 
6074.95 2906.29 211.36 5.29121 0.0899987 -5.05786 0.369 0 
6101.01 2733.19 214.768 5 -0.640039 -6.27064 1.15369 0.0074408 
6129.29 2498.96 181.406 26.7723 -0.176767 -6.2407 -0.176776 0.00836058 
6065.8 2266.31 169.634 26.5893 -0.175873 -6.205 -0.165163 -0.000185407 
6001.86 2035.46 157.921 26.4063 -0.17498 -6.21538 -0.153551 0.00188309 
5937.47 1804.09 146.269 26.2233 -0.174086 -6.21414 -0.141939 0.00265492 
5872.65 1572.78 134.676 26.0404 -0.173193 -6.20821 -0.130327 0.00273948 
5807.39 1341.77 123.143 25.8574 -0.172299 -6.20139 -0.118714 0.00283769 
5741.71 1111.1 111.67 25.6744 -0.171406 -6.19355 -0.107102 0.00303757 
5675.61 880.822 100.257 25.4915 -0.170512 -6.18399 -0.0954898 0.00332836 
5609.09 651.028 88.9034 25.3085 -0.169619 -6.17204 -0.0838775 0.0037479 
5542.17 421.836 77.6097 25.1255 -0.16873 -6.15667 -0.0722653 0.00438473 
5474.84 193.418 66.3757 24.9427 -0.167842 -6.1362 -0.060653 0.00540218 
5407.12 -33.9694 55.2012 24.7601 -0.166868 -6.10761 -0.0490408 0.00675375 
5339 -259.916 44.0905 24.5742 -0.165743 -6.06716 -0.0374285 0.0102028 
5270.52 -483.825 33.0516 24.3805 -0.165996 -5.9923 -0.0258163 0.0325152 
5201.71 -703.96 22.0155 24.2342 -0.171341 -5.78835 -0.0142041 0.0915033 
5132.38 -913.818 10.7219 24.3151 -0.158789 -5.04503 -0.00259181 0.279985 
5061.61 -1086.21 0.0543836 23.8623 -0.0209398 -2.88985 0.00902043 0.168783 
4991.54 -1149.98 0.00102282 23.6794 -0.0200454 -1.47801 0.0206327 0.0774362 
4922.25 -1142.6 0.00102282 23.4964 -0.0191518 -0.774072 0.0322449 0.0405946 
4853.73 -1099.73 0.00102282 23.3134 -0.0182581 -0.382285 0.0438572 0.0222956 
4785.97 -1037.12 0.00102282 23.1305 -0.0173645 -0.154135 0.0554694 0.0113645 
4718.95 -963.013 0.00102282 22.9475 -0.0164709 -0.0298467 0.0670817 0.00509937 
4652.67 -882.641 0.00102282 22.7645 -0.0155774 0.0309127 0.0786939 0.00166001 
4587.14 -799.207 0.00102282 22.5815 -0.0146839 0.0540648 0.0903061 -0.000187859 
4522.34 -714.607 0.00102282 22.3986 -0.0137904 0.0549441 0.101918 -0.00114193 
4458.28 -629.963 0.00102282 22.2156 -0.0128969 0.0426198 0.113531 -0.00158879 
4394.96 -545.941 0.00102282 22.0326 -0.0120034 0.0225603 0.125143 -0.00174747 
4332.38 -462.93 0.00102282 21.8496 -0.0111099 -0.00188926 0.136755 -0.00174284 
4270.54 -381.152 0.00102282 21.6667 -0.0102164 -0.0286396 0.148367 -0.00164563 
4209.43 -300.724 0.00102282 21.4837 -0.00932294 -0.0563252 0.15998 -0.0014953 
4149.05 -221.691 0.00102282 21.3007 -0.00842946 -0.0839661 0.171592 -0.00131307 
4089.42 -144.051 0.00102282 21.1178 -0.00753597 -0.110736 0.183204 -0.00110939 
4030.52 -67.7619 0.00102282 20.9348 -0.00664249 -0.135777 0.194816 -0.000888115 
3972.36 7.26488 0.00102282 20.7518 -0.005749 -0.158024 0.206429 -0.000649067 
3914.94 81.1698 0.00102282 20.5688 -0.00485551 -0.175992 0.218041 -0.000389606 
3858.25 154.169 0.00102282 20.3859 -0.00396204 -0.18749 0.229653 -0.00010591 
3802.3 226.587 0.00102282 20.2029 -0.00306864 -0.18921 0.241265 0.000205678 
3747.09 298.918 0.00102282 20.0199 -0.00217486 -0.176106 0.252878 0.000546928 
3692.62 371.91 0.00102282 19.837 -0.00127902 -0.140449 0.26449 0.000915295 
3638.88 446.697 0.00102282 19.6539 -0.000386912 -0.0703904 0.276102 0.00130061 
3585.89 525.016 0.00102282 19.4709 0.000460355 0.0522268 0.287714 0.00168084 
3533.64 609.513 0.00102282 19.2897 0.0013063 0.255125 0.299327 0.00201755 
3482.13 704.237 0.00102282 19.1098 0.00299993 0.580178 0.310939 0.00225242 
3431.36 815.342 0.00102282 18.8981 0.00608603 1.08882 0.322551 0.00230828 
3381.46 952.083 0.00102282 18.6119 -0.0046372 1.86478 0.334163 0.00210012 
3332.76 1127.93 0.0129241 18.805 -0.0639945 3.00339 0.345776 -0.00141025 
3283.39 1361.17 0.00100956 21.185 0.0597963 1.58188 0.357388 -5.11278e-05 
3224.22 1522.77 0.603266 15.4942 1.4 1.32345 0.369 0 
