grtopM_102_3
50
2 2
12 12 
0 10 1 6 8 3 4 7 9 5 2 12 
0 10 1 6 8 3 4 7 9 5 2 12 
1804.21 46.067 0.0472592 186.731 5.92786e-16 474.876 167.222 60.9048 63.2045 61.9488 654.542 
98397.8 42.3906 138.968 146.487 37.1064 72.6056 203.344 60.9055 48.194 60.1668 184.712 
36.8206 0.940143 0.000964474 3.81084 1.20977e-17 9.69135 3.41269 1.24296 1.28989 1.26426 13.358 
2008.12 0.865115 2.83608 2.98954 0.757274 1.48175 4.14987 1.24297 0.98355 1.22789 3.76963 
9.62491 0.26171 293.661 2.61576 2292.02 1205.12 2.3066 2.55223 0.67483 2.79817 11.5915 
1.45105e-06 1.42607e-06 1.00114 1.80476 1.20999 1.45361e-06 1.11346 2.55228 0.487499 2.68 2.63977 
3774.83 3470.17 1882.7 24.995 0.632758 0 0.0847652 0 
3765.21 3460.55 1873.08 15.3701 0.975891 -5.0243 0.21011 0.00258476 
17.9063 2978.38 1908.53 5 0.919658 -0.0292426 0.272565 0.000509365 
10.3556 2218.92 1676.45 5 0.907967 0.281013 0.272568 0.000482236 
19.4267 1465.82 1435.69 5 0.896707 0.580383 0.272237 0.000198471 
29.0534 718.843 1186.57 5 0.840103 0.885928 0.273985 3.71036e-05 
36.1259 2.67687 895.443 18.097 0.638473 1.23493 0.197695 -1.00201e-05 
34.2293 -195.625 739.858 24.3907 0.550195 1.4232 0.160664 -1.24247e-05 
28.8409 -159.009 655.799 24.6882 0.54579 1.52821 0.128945 -2.19438e-05 
24.003 -130.411 574.949 25.0017 0.609379 1.60729 0.0123618 -2.29804e-05 
22.6821 -127.113 567.369 25.1156 0.607622 1.61666 0.0116885 -2.41099e-05 
21.3405 -119.476 560.966 25.1018 0.607534 1.62467 0.0117684 -2.39332e-05 
20.0485 -112.201 554.197 25.0907 0.607395 1.63313 0.0118326 -2.39819e-05 
18.802 -105.181 547.083 25.0797 0.607238 1.64201 0.0118961 -2.40718e-05 
17.5987 -98.4017 539.612 25.0688 0.607063 1.65133 0.0119588 -2.41782e-05 
16.436 -91.85 531.774 25.0581 0.606868 1.6611 0.0120208 -2.42945e-05 
15.3113 -85.5117 523.558 25.0474 0.606654 1.67134 0.0120823 -2.44211e-05 
14.2224 -79.3738 514.951 25.0368 0.606422 1.68206 0.0121434 -2.45634e-05 
13.1671 -73.4239 505.94 25.0263 0.606169 1.69328 0.012204 -2.47156e-05 
12.1432 -67.6489 496.513 25.0158 0.605896 1.70501 0.0122644 -2.4883e-05 
11.1484 -62.0363 486.655 25.0054 0.605603 1.71728 0.0123245 -2.50717e-05 
10.1807 -56.5741 476.352 24.9949 0.60529 1.73009 0.0123849 -2.52818e-05 
9.23805 -51.2527 465.589 24.9844 0.604956 1.74347 0.0124454 -2.55172e-05 
8.31864 -46.0614 454.349 24.9739 0.6046 1.75744 0.0125061 -2.57839e-05 
7.42058 -40.9889 442.616 24.9633 0.604222 1.77202 0.0125671 -2.60864e-05 
6.54207 -36.0252 430.372 24.9526 0.603829 1.78723 0.0126259 -2.65149e-05 
5.6817 -31.163 417.605 24.9396 0.603151 1.80307 0.0127136 -2.69687e-05 
4.8271 -26.3191 404.051 25.0112 0.601693 1.81984 0.01229 -2.84801e-05 
3.94149 -18.5556 390.974 24.9864 0.601693 1.83612 0.0124238 -2.89661e-05 
3.09519 -11.529 377.356 24.9002 0.602184 1.85308 0.0129305 -2.83849e-05 
2.30581 -7.32865 362.226 24.8906 0.601629 1.87186 0.0129854 -2.91046e-05 
1.51994 -3.11004 346.475 24.8818 0.601011 1.8914 0.0130376 -3.03148e-05 
0.738859 1.18172 330.073 24.8803 0.600305 1.91174 0.0130456 -3.13169e-05 
-0.0412321 5.81301 313.114 24.8682 0.599815 1.93279 0.0131094 -3.21933e-05 
-0.809819 10.354 295.53 24.8246 0.59949 1.95463 0.0133697 -3.28541e-05 
-1.55844 13.7743 276.754 24.8414 0.598466 1.9779 0.0132709 -3.39122e-05 
-2.32374 18.2537 257.586 24.8217 0.598342 2.00171 0.0133615 -3.46219e-05 
-3.05939 22.2156 237.896 24.6701 0.598916 2.02622 0.0142717 -3.50402e-05 
-3.72847 21.3618 215.33 24.7963 0.595928 2.05405 0.0200628 -3.50424e-05 
-4.51767 25.8808 193.294 24.771 0.594919 2.08139 0.0258539 -3.4417e-05 
-5.303 30.2002 169.96 24.7534 0.593756 2.11031 0.0316451 -3.29503e-05 
-6.10311 34.6288 145.378 24.7343 0.592555 2.14078 0.0374362 -3.0368e-05 
-6.91884 39.1443 119.49 24.7145 0.591303 2.17286 0.0432273 -2.64419e-05 
-7.75132 43.7515 92.2402 24.6948 0.590116 2.20664 0.0490184 -2.20284e-05 
-8.59672 48.4224 63.6824 24.6368 0.584459 2.2418 0.0548096 -1.84743e-05 
-9.63931 54.4496 29.6631 26.0119 0.555024 2.27268 0.0606007 -2.10087e-05 
-19.0828 117.325 3.73886 28.8858 0.500598 2.2797 0.0663918 3.64135e-05 
-47.1783 295.154 0.001 33.5747 0.418544 2.55171 0.0721829 0.00113574 
123.161 656.865 37.465 36.4709 0.363929 5.85157 0.0779741 -0.000470611 
2777 1134.29 97.46 5 0.09 0.000119221 0.0837652 0 
2777 1134.29 97.46 5 0.09 0.000119221 0.0837652 0 
2783.76 1152.44 99.1527 5 -1.18753 -0.260854 1.0359 -1.02859 
2790.85 1167.53 85.8592 15.9086 -0.574194 -1.18887 0.179244 -1.00718 
2787.23 1171.74 79.5554 20.953 -0.258023 -2.10344 -0.165163 -0.985776 
2778.63 1165.23 76.8656 22.9684 0.0109189 -3.00458 -0.153551 -0.964367 
2768.01 1148.15 77.2928 22.4235 0.302774 -3.89226 -0.141939 -0.942959 
2757.83 1120.65 81.1539 19.3095 0.24464 -4.76648 -0.130327 -0.921551 
2750.67 1082.9 84.3916 16.9463 -0.0700799 -5.62723 -0.118714 -0.600179 
2745.88 1035.05 83.9819 17.5666 -0.167609 -6.28 -0.107102 0.165154 
2740.51 979.537 82.4164 19.0039 -0.174514 -6.28 -0.0954898 0.164257 
2733.76 924.029 80.7429 20.3869 -0.00125921 -6.28 -0.0710033 0.16328 
2725.62 868.521 81.0758 20.1052 0.366192 -6.28 -0.0718264 0.162517 
2717.67 813.014 85.7244 16.5661 0.695818 -6.28 -0.0606531 0.161896 
2713.08 757.504 94.3063 10.35 0.64717 -6.28 0.0227278 0.160862 
2714.55 701.99 102.434 5 0.0544972 -6.28 0.695645 0.159965 
2721.37 646.471 103.711 5 0.0544972 -6.28 0.695646 0.728725 
2728.23 590.953 104.987 5 0.0544976 -5.548 0.695646 0.707469 
2735.12 544.021 106.263 5 0.0544979 -4.82944 0.695646 0.686061 
2742.05 505.518 107.539 5 0.0544983 -4.12442 0.695646 0.664653 
2749.01 475.286 108.816 5 0.0544987 -3.43295 0.695646 0.643245 
2756.01 453.165 110.092 5 0.054499 -2.75504 0.695646 0.621837 
2763.57 438.997 111.368 5 0.0544994 -2.09069 0.695646 0.600429 
2771.17 432.621 112.644 5 0.0544997 -1.43991 0.695646 0.57902 
2778.8 433.88 113.921 5 0.0545 -0.802705 0.695646 0.557612 
2786.47 442.614 115.197 5 0.0545004 -0.179081 0.695646 0.536204 
2794.18 458.663 116.473 5 0.0545007 0.430956 0.695646 0.514796 
2801.92 481.868 117.75 5 0.054502 1.0274 0.695628 0.493388 
2809.69 512.07 119.026 5 0.0544715 1.61024 0.69616 0.47198 
2817.51 549.632 120.302 5 0.0553733 2.17948 0.680621 0.450571 
2825.35 593.872 121.588 5 0.0290379 2.7351 0.693351 0.429163 
2833.24 644.63 122.566 5.22845 0.0253697 3.2771 0.680816 0.407755 
2840.94 701.745 123.496 5.47866 0.0251778 3.80547 0.66451 0.386347 
2848.44 765.06 124.419 5.71991 0.0242247 4.32022 0.648204 0.364939 
2855.73 834.412 125.327 5.95966 0.0215242 4.82132 0.631898 0.343531 
2862.83 909.643 126.198 6.21364 0.0169349 5.30878 0.615592 0.322122 
2869.71 990.593 127.011 6.4976 0.0120632 5.78259 0.599286 0.300714 
2876.35 1077.1 127.762 6.81178 0.0102455 6.24274 0.58298 0.0256791 
2882.72 1169.01 128.485 7.12661 0.0147974 6.28 0.566673 0.0147925 
2888.81 1261.35 129.255 7.3852 0.0257034 6.28 0.550367 0.0048382 
2894.67 1353.69 130.149 7.53512 0.0366245 6.28 0.534061 0.00114904 
2900.4 1446.04 131.168 7.58456 0.0354861 6.28 0.517755 -8.83935e-05 
2906.12 1538.38 132.172 7.64883 0.011288 6.28 0.501449 -0.000642784 
2911.81 1630.72 132.892 7.93259 -0.0340034 6.28 0.485143 -0.000673864 
2917.25 1723.07 133.075 8.60731 -0.0757045 6.28 0.468837 -0.00052724 
2922.08 1815.41 132.756 9.61106 -0.0704181 6.28 0.452531 -0.000379448 
2925.95 1907.76 132.48 10.4994 0.0177708 6.28 0.436224 -0.000250073 
2928.96 2000.1 133.222 10.5411 0.174884 6.28 0.419918 -0.000144567 
2931.91 2092.45 135.807 9.18595 0.305895 6.28 0.403612 -6.6231e-05 
2936.17 2184.79 139.953 6.77358 0.255928 6.28 0.387306 -0.00146401 
2942.8 2277.14 143.559 5 -0.09 6.10722 0.369 0 
2942.8 2277.14 143.559 5 -0.09 6.10722 0.369 0 
2649.15 1983.58 0.224203 5.94836 0.184605 -5.45002 0.0159161 4.14241e-14 
2355.49 1689.9 0.224928 5.91603 0.176421 -5.04129 0.0173788 6.18607e-14 
2061.83 1396.23 0.226022 5.86751 0.164144 -4.42627 0.019015 8.2374e-14 
1768.17 1102.55 0.227481 5.80294 0.147776 -3.60583 0.0208453 1.02995e-13 
1474.51 808.889 0.229306 5.72255 0.127316 -2.5802 0.0228927 1.23735e-13 
1180.86 515.231 0.231497 5.62674 0.102763 -1.34949 0.025183 1.3558e-13 
887.2 221.581 0.234057 5.51629 0.0741163 -0.00295202 0.0277455 1.31442e-16 
593.542 3.60653e-06 0.236985 5.39262 0.0413528 -0.00164698 0.0306143 1.438e-16 
299.885 4.38537e-08 0.240203 5.26125 0.0056366 -0.000224403 0.0338308 7.32051e-17 
17.8905 5.12826e-08 0.240768 5.23869 4.46163e-12 -1.94748e-13 0.0374485 -5.65846e-20 
1.39313e-07 5.12605e-08 0.240768 5.23869 -7.38859e-14 -1.09372e-14 0.041542 -5.5009e-20 
5.55433e-08 5.12604e-08 0.240768 5.23869 -8.66151e-14 -1.14197e-14 0.0462242 -6.85754e-20 
5.56901e-08 5.12604e-08 0.240768 5.23869 -1.04842e-13 -1.17445e-14 0.0516729 2.55892e-19 
5.56894e-08 5.12604e-08 0.240768 5.23869 -1.31041e-13 -1.19455e-14 0.0581534 2.49307e-19 
5.56894e-08 5.12604e-08 0.240768 5.23869 -1.65062e-13 -1.20635e-14 0.0659516 -2.99716e-20 
5.56894e-08 5.12604e-08 0.240768 5.23869 -1.99837e-13 -1.21292e-14 0.0750949 -1.05833e-19 
5.56894e-08 5.12604e-08 0.240768 5.23869 -2.31222e-13 -1.21633e-14 0.0851884 1.40647e-19 
5.56894e-08 5.12604e-08 0.240768 5.23869 -2.56285e-13 -1.21796e-14 0.0959504 7.31121e-19 
5.56894e-08 5.12604e-08 0.240768 5.23869 -2.64638e-13 -1.2186e-14 0.106796 -8.37446e-19 
5.56894e-08 5.12604e-08 0.240768 5.23869 -2.62764e-13 -1.21876e-14 0.117631 7.73649e-20 
5.56894e-08 5.12604e-08 0.240768 5.23869 -2.59614e-13 -1.21869e-14 0.128455 1.05191e-18 
5.56894e-08 5.12604e-08 0.240768 5.23869 -2.57972e-13 -1.21853e-14 0.139267 1.78155e-19 
5.56894e-08 5.12604e-08 0.240768 5.23869 -2.57212e-13 -1.21836e-14 0.150064 4.95184e-19 
5.56894e-08 5.12604e-08 0.240768 5.23869 -2.56722e-13 -1.2182e-14 0.160846 6.71096e-20 
5.56894e-08 5.12604e-08 0.240768 5.23869 -2.56263e-13 -1.21807e-14 0.171611 -1.42151e-20 
5.56894e-08 5.12604e-08 0.240768 5.23869 -2.55813e-13 -1.21797e-14 0.182357 -3.73304e-20 
5.56894e-08 5.12604e-08 0.240768 5.23869 -2.55326e-13 -1.21788e-14 0.193082 -9.03756e-20 
5.56894e-08 5.12604e-08 0.240768 5.23869 -2.54902e-13 -1.21783e-14 0.203786 -2.57302e-19 
5.56894e-08 5.12604e-08 0.240768 5.23869 -2.54512e-13 -1.21778e-14 0.214464 -6.12865e-20 
5.56894e-08 5.12604e-08 0.240768 5.23869 -2.54224e-13 -1.21776e-14 0.225111 -1.24671e-19 
5.56894e-08 5.12604e-08 0.240768 5.23869 -2.53939e-13 -1.21773e-14 0.235719 6.31757e-19 
5.56894e-08 5.12604e-08 0.240768 5.23869 -2.53691e-13 -1.21772e-14 0.246277 -1.63671e-19 
5.56894e-08 5.12604e-08 0.240768 5.23869 -2.53432e-13 -1.21771e-14 0.25677 9.32518e-19 
5.56894e-08 5.12604e-08 0.240768 5.23869 -2.53115e-13 -1.2177e-14 0.267183 -5.34832e-19 
5.56894e-08 5.12604e-08 0.240768 5.23869 -2.52739e-13 -1.21769e-14 0.277502 4.7879e-19 
5.56894e-08 5.12604e-08 0.240768 5.23869 -2.52172e-13 -1.2177e-14 0.287719 -7.00843e-19 
5.56894e-08 5.12604e-08 0.240768 5.23869 -2.51257e-13 -1.21769e-14 0.297835 9.95425e-19 
5.56894e-08 5.12604e-08 0.240768 5.23869 -2.49707e-13 -1.21769e-14 0.307848 2.09811e-19 
5.56894e-08 5.12604e-08 0.240768 5.23869 -2.46991e-13 -1.21768e-14 0.317749 -2.5095e-19 
5.56894e-08 5.12604e-08 0.240768 5.23869 -2.42674e-13 -1.21768e-14 0.327494 -7.69959e-19 
5.56894e-08 5.12604e-08 0.240768 5.23869 -2.3756e-13 -1.21767e-14 0.337018 2.45012e-18 
5.56955e-08 5.12604e-08 0.240768 5.23869 -2.35346e-13 -1.21767e-14 0.346275 6.44951e-19 
5.62703e-08 5.12611e-08 0.240768 5.23869 -2.22095e-13 -1.2177e-14 0.35452 -1.67107e-18 
2.92979e-08 5.13337e-08 0.240768 5.23869 -2.95142e-12 9.6984e-14 0.363566 4.68909e-17 
17.8895 3.87104e-08 0.241195 5.22159 -0.00427218 0.000170082 0.370811 8.78745e-17 
311.554 3.20606e-06 0.242281 5.17872 -0.0164249 0.000654155 0.375741 9.32398e-14 
605.218 224.016 0.243001 5.15083 -0.0244758 0.424608 0.37465 6.19596e-14 
898.882 517.701 0.243341 5.13734 -0.028435 0.643654 0.3823 -2.87074e-13 
1192.55 811.388 206.94 5.23869 -3.28897e-10 2.35401e-08 0.369 0 
1192.55 811.388 206.94 5.23869 -3.28897e-10 2.35401e-08 0.369 0 
1222.8 883.404 211.059 5 -0.654328 -2.61271 1.15369 -0.436998 
1254.87 831.185 184.082 26.0046 0.548806 -6.27993 -0.176776 0.0202234 
1203.06 604.655 212.714 5 0.110156 -6.27992 0.477142 0.105236 
1234.42 378.062 222.089 5 0.110156 -6.27986 0.477142 0.545222 
1266.68 151.472 231.463 5 0.110157 -4.72051 0.477143 0.239889 
1299.88 -0.971393 240.838 5 0.110159 -1.51647 0.477142 0.000412587 
1334.11 -1.06351 250.213 5 0.110159 -1.51507 0.477142 0.000584859 
1369.22 -1.08902 259.588 5 0.110159 -1.51513 0.477142 2.58199e-05 
1405.23 -1.11773 268.963 5 0.110159 -1.51515 0.477142 0.000114758 
1442.13 -1.14737 278.338 5 0.110159 -1.51518 0.477142 -2.26946e-05 
1479.93 -1.17847 287.712 5 0.110159 -1.51514 0.477142 0.000162817 
1518.62 -1.20766 297.087 5 0.110159 -1.51516 0.477142 -2.66647e-05 
1558.2 -1.23767 306.462 5 0.110159 -1.51529 0.477142 0.00045185 
1598.68 -1.27372 315.837 5 0.110159 -1.51517 0.477143 -2.87516e-05 
1640.04 -1.30423 325.212 5 0.110159 -1.51522 0.477143 1.34785e-06 
1682.3 -1.33716 334.587 5 0.110159 -1.51531 0.477142 2.44934e-07 
1725.46 -1.37424 343.961 5 0.110156 -1.51522 0.477197 -1.49602e-05 
1769.51 -1.40721 353.336 5 0.110539 -1.51531 0.470591 -6.79346e-07 
1814.45 -1.4441 362.729 5 0.0639746 -1.51527 0.52032 2.67467e-05 
1860.33 -1.4794 369.908 5 -0.0557306 -1.5153 0.843875 -2.43143e-05 
1907 -1.51629 366.163 5 -0.0547847 -1.5153 0.82757 -2.62388e-06 
1953.32 -1.55309 362.463 5 -0.0538387 -1.5153 0.811264 -2.23799e-06 
1999.29 -1.58966 358.809 5 -0.0528927 -1.51529 0.794959 6.29682e-06 
2044.91 -1.62578 355.199 5 -0.0519467 -1.51528 0.778653 -4.56012e-06 
2090.18 -1.66159 351.634 5 -0.0510006 -1.51528 0.762347 2.66426e-06 
2135.11 -1.69725 348.114 5 -0.0500546 -1.51527 0.74604 1.13731e-05 
2179.71 -1.73241 344.64 5 -0.0491086 -1.51527 0.729734 8.57631e-06 
2223.97 -1.7675 341.21 5 -0.0481626 -1.51526 0.713428 4.60254e-05 
2267.91 -1.80223 337.825 5 -0.0472165 -1.51525 0.697122 3.46098e-06 
2311.52 -1.83652 334.485 5 -0.0462705 -1.51525 0.680816 -1.10694e-05 
2354.81 -1.87107 331.19 5 -0.0453245 -1.51524 0.66451 1.3121e-06 
2397.79 -1.90492 327.94 5 -0.0443784 -1.51524 0.648204 -2.31468e-06 
2440.46 -1.93857 324.736 5 -0.0434324 -1.51523 0.631898 -8.74571e-07 
2482.82 -1.97184 321.576 5 -0.0424864 -1.51593 0.615592 -0.00129177 
2524.88 -2.03831 318.461 5 -0.0415412 -3.10621 0.599286 -0.00613198 
2566.58 -77.7223 315.391 5 -0.040594 -1.03455 0.582979 0.279283 
2608.07 -54.8997 312.366 5 -0.0396463 2.3162 0.566673 0.257883 
2649.4 127.25 309.386 5 -0.0386985 5.61711 0.550367 0.128432 
2690.56 466.362 306.451 5 -0.0377521 6.27998 0.534061 0.0705001 
2731.47 842.121 303.561 5 -0.0368061 6.27999 0.517755 0.027064 
2772.1 1217.98 300.717 5 -0.0358601 6.27999 0.501449 0.0104981 
2812.47 1593.83 297.917 5 -0.0379029 6.27999 0.485143 0.00254109 
2852.56 1969.69 295.02 5.10813 -0.0424996 6.27999 0.468837 -5.06857e-05 
2891.98 2345.55 291.896 5.38326 -0.0442177 6.27999 0.452531 -6.55949e-05 
2930.05 2721.41 288.67 5.66952 -0.0377098 6.28 0.436224 -4.26632e-05 
2966.71 3097.27 285.731 5.66588 -0.0184268 6.28 0.419918 -2.43285e-05 
3003.09 3473.13 283.709 5 -0.117672 6.28 0.403612 -1.09949e-05 
3041.91 3848.99 277.019 8.16499 -0.936349 6.28 0.387306 -0.00695232 
3068.81 4224.85 231.16 40 -0.0899999 3.70924 0.369 0 
3068.81 4224.85 231.16 40 -0.0899999 3.70924 0.369 0 
776.792 1932.83 0.0235442 5.02262 -3.83679e-12 -3.38689e-08 0.000395058 -7.46615e-21 
3.61122e-08 69.6567 0.0235438 5.02263 -6.76807e-18 -8.7897e-13 0.000425022 1.26119e-21 
5.77288e-09 7.7408e-09 0.0235438 5.02263 3.1616e-21 -6.20532e-15 0.000459335 2.22729e-22 
5.77418e-09 5.31342e-09 0.0235438 5.02263 -5.17568e-22 -3.39094e-18 0.000498992 -1.0872e-21 
5.77422e-09 5.31496e-09 0.0235438 5.02263 9.10096e-22 6.02064e-20 0.000545318 1.61001e-21 
5.77422e-09 5.315e-09 0.0235438 5.02263 4.67218e-23 1.54056e-21 0.000600111 1.30262e-21 
5.77422e-09 5.315e-09 0.0235438 5.02263 3.45301e-21 -2.69921e-22 0.00066587 -1.55123e-21 
5.77422e-09 5.315e-09 0.0235438 5.02263 -7.07572e-23 -2.107e-22 0.000746172 2.23414e-21 
5.77422e-09 5.315e-09 0.0235438 5.02263 2.0518e-22 -6.24397e-23 0.000846282 -3.52646e-22 
5.77422e-09 5.315e-09 0.0235438 5.02263 -3.14028e-21 1.10618e-21 0.000974217 1.38135e-21 
5.77422e-09 5.315e-09 0.0235438 5.02263 3.65454e-22 -2.18592e-22 0.00114258 2.11443e-21 
5.77422e-09 5.315e-09 0.0235438 5.02263 -5.22177e-22 -6.55118e-22 0.00137173 -4.71959e-21 
5.77422e-09 5.315e-09 0.0235438 5.02263 5.76519e-22 -2.26546e-22 0.00169518 3.57747e-21 
5.77422e-09 5.315e-09 0.0235438 5.02263 2.65602e-22 -6.5556e-22 0.0021726 9.21512e-21 
5.77422e-09 5.315e-09 0.0235438 5.02263 9.58047e-22 -2.27657e-22 0.00298924 -6.84802e-23 
5.77422e-09 5.315e-09 0.0235438 5.02263 1.43958e-20 -6.51665e-22 0.00519701 7.00676e-22 
5.77422e-09 5.315e-09 0.0235438 5.02263 2.81903e-18 -2.27271e-22 0.0115252 -4.338e-21 
5.77422e-09 5.315e-09 0.0235438 5.02263 3.38707e-17 -6.55524e-22 0.0226347 -3.79246e-21 
5.77422e-09 5.315e-09 0.0235438 5.02263 3.92348e-17 -2.27973e-22 0.0341954 -8.90398e-21 
5.77422e-09 5.315e-09 0.0235438 5.02263 3.92313e-17 -6.51927e-22 0.0457554 4.05948e-21 
5.77422e-09 5.315e-09 0.0235438 5.02263 3.92276e-17 -2.23262e-22 0.0573144 -1.29896e-20 
5.77422e-09 5.315e-09 0.0235438 5.02263 3.92282e-17 -6.56158e-22 0.0688721 -1.64554e-20 
5.77422e-09 5.315e-09 0.0235438 5.02263 3.92262e-17 -2.21062e-22 0.080428 -7.43501e-21 
5.77422e-09 5.315e-09 0.0235438 5.02263 3.92238e-17 -6.51047e-22 0.0919815 1.06072e-20 
5.77422e-09 5.315e-09 0.0235438 5.02263 3.92248e-17 -2.25561e-22 0.103532 -8.37672e-21 
5.77422e-09 5.315e-09 0.0235438 5.02263 3.92235e-17 -6.54008e-22 0.11508 -6.66143e-22 
5.77422e-09 5.315e-09 0.0235438 5.02263 3.92154e-17 -2.25412e-22 0.126623 8.40211e-23 
5.77422e-09 5.315e-09 0.0235438 5.02263 3.92131e-17 -6.49873e-22 0.138162 7.32647e-22 
5.77422e-09 5.315e-09 0.0235438 5.02263 3.92111e-17 -2.23287e-22 0.149697 1.2155e-21 
5.77422e-09 5.315e-09 0.0235438 5.02263 3.92012e-17 -6.54736e-22 0.161229 2.43877e-21 
5.77422e-09 5.315e-09 0.0235438 5.02263 3.91917e-17 -2.23551e-22 0.172757 -6.60883e-21 
5.77422e-09 5.315e-09 0.0235438 5.02263 3.91963e-17 -6.53346e-22 0.184284 1.28453e-21 
5.77422e-09 5.315e-09 0.0235438 5.02263 3.91829e-17 -2.23399e-22 0.19581 5.40552e-21 
5.77422e-09 5.315e-09 0.0235438 5.02263 3.91788e-17 -6.52556e-22 0.207338 -1.29581e-20 
5.77422e-09 5.315e-09 0.0235438 5.02263 3.91728e-17 -2.21154e-22 0.218869 -4.42447e-21 
5.77422e-09 5.315e-09 0.0235438 5.02263 3.9167e-17 -6.50616e-22 0.230404 7.93952e-21 
5.77422e-09 5.315e-09 0.0235438 5.02263 3.91603e-17 -2.24109e-22 0.241942 9.37988e-21 
5.77422e-09 5.315e-09 0.0235438 5.02263 3.91589e-17 -6.50813e-22 0.253483 -1.80466e-20 
5.77422e-09 5.315e-09 0.0235438 5.02263 3.91525e-17 -2.22383e-22 0.265025 -4.67118e-21 
5.77422e-09 5.315e-09 0.0235438 5.02263 3.91516e-17 -6.4781e-22 0.276569 2.17635e-20 
5.77422e-09 5.315e-09 0.0235438 5.02263 3.91423e-17 -2.21958e-22 0.288114 -4.2853e-20 
5.77422e-09 5.315e-09 0.0235438 5.02263 3.91312e-17 -6.43572e-22 0.299667 -5.66622e-21 
5.77422e-09 5.315e-09 0.0235438 5.02263 3.90978e-17 -3.1855e-22 0.311245 -1.57035e-22 
5.77422e-09 5.315e-09 0.0235438 5.02263 3.90501e-17 1.11455e-21 0.322861 -1.12396e-20 
5.77422e-09 5.315e-09 0.0235438 5.02263 3.89993e-17 -7.43544e-23 0.334462 -1.02329e-19 
5.7742e-09 5.31498e-09 0.0235438 5.02263 3.89796e-17 1.29665e-21 0.34613 7.09238e-23 
5.77355e-09 5.31448e-09 0.0235438 5.02263 3.89454e-17 1.09357e-23 0.366556 4.01211e-20 
9.82222e-08 6.79985e-08 0.0235445 5.02263 1.01346e-16 6.6995e-16 0.377937 1.78886e-19 
1995.97 1667.66 215.63 5.02263 2.10888e-15 -2.84229e-18 0.369 0 
1995.97 1667.66 215.63 5.02263 2.10888e-15 -2.84229e-18 0.369 0 
863.211 652.334 0.0200337 5.01936 5.48049e-08 -1.84067e-06 0.000235056 -1.15197e-12 
2.88939e-08 1.63206e-08 0.0200347 5.01936 2.55832e-09 -4.11648e-07 0.000253012 -1.08246e-12 
3.42767e-09 3.15507e-09 0.0200347 5.01936 2.56013e-09 -4.11648e-07 0.000273605 -1.08239e-12 
3.42755e-09 3.15496e-09 0.0200347 5.01936 2.56218e-09 -4.11648e-07 0.000297448 -1.08248e-12 
3.42755e-09 3.15496e-09 0.0200347 5.01936 2.56453e-09 -4.11648e-07 0.00032536 -1.08256e-12 
3.42755e-09 3.15496e-09 0.0200347 5.01936 2.56724e-09 -4.11648e-07 0.000358463 -1.08265e-12 
3.42755e-09 3.15496e-09 0.0200347 5.01936 2.57037e-09 -4.11648e-07 0.000398338 -1.08274e-12 
3.42755e-09 3.15496e-09 0.0200347 5.01936 2.57399e-09 -4.11648e-07 0.000447283 -1.08283e-12 
3.42755e-09 3.15496e-09 0.0200347 5.01936 2.57813e-09 -4.11648e-07 0.000508772 -1.08293e-12 
3.42755e-09 3.15496e-09 0.0200347 5.01936 2.5828e-09 -4.11648e-07 0.000588342 -1.08303e-12 
3.42755e-09 3.15496e-09 0.0200347 5.01936 2.5879e-09 -4.11648e-07 0.000695509 -1.08313e-12 
3.42755e-09 3.15496e-09 0.0200347 5.01936 2.5932e-09 -4.11648e-07 0.000848983 -1.08323e-12 
3.42755e-09 3.15496e-09 0.0200347 5.01936 2.59834e-09 -4.11648e-07 0.00109425 -1.08333e-12 
3.42755e-09 3.15496e-09 0.0200347 5.01936 2.60259e-09 -4.11648e-07 0.00157137 -1.08343e-12 
3.42755e-09 3.15496e-09 0.0200347 5.01936 2.60304e-09 -4.11648e-07 0.00276907 -1.08352e-12 
3.42755e-09 3.15496e-09 0.0200347 5.01936 2.58704e-09 -4.11648e-07 0.00620788 -1.08362e-12 
3.42755e-09 3.15496e-09 0.0200347 5.01936 2.52974e-09 -4.11648e-07 0.0139714 -1.08371e-12 
3.42755e-09 3.15496e-09 0.0200347 5.01936 2.4318e-09 -4.11648e-07 0.0251826 -1.0838e-12 
3.42755e-09 3.15496e-09 0.0200347 5.01936 2.33091e-09 -4.11648e-07 0.0367345 -1.08389e-12 
3.42755e-09 3.15496e-09 0.0200347 5.01936 2.2302e-09 -4.11648e-07 0.0482847 -1.08397e-12 
3.42755e-09 3.15496e-09 0.0200347 5.01936 2.12946e-09 -4.11648e-07 0.0598326 -1.08405e-12 
3.42755e-09 3.15496e-09 0.0200347 5.01936 2.02872e-09 -4.11648e-07 0.071378 -1.08412e-12 
3.42755e-09 3.15496e-09 0.0200347 5.01936 1.92799e-09 -4.11648e-07 0.0829206 -1.08419e-12 
3.42755e-09 3.15496e-09 0.0200347 5.01936 1.82726e-09 -4.11648e-07 0.09446 -1.08425e-12 
3.42755e-09 3.15496e-09 0.0200347 5.01936 1.72657e-09 -4.11648e-07 0.105996 -1.08432e-12 
3.42755e-09 3.15496e-09 0.0200347 5.01936 1.62591e-09 -4.11648e-07 0.117528 -1.0844e-12 
3.42755e-09 3.15496e-09 0.0200347 5.01936 1.52532e-09 -4.11648e-07 0.129057 -1.08449e-12 
3.42755e-09 3.15496e-09 0.0200347 5.01936 1.42481e-09 -4.11648e-07 0.140582 -1.08462e-12 
3.42755e-09 3.15496e-09 0.0200347 5.01936 1.32439e-09 -4.11648e-07 0.152102 -1.08479e-12 
3.42755e-09 3.15496e-09 0.0200347 5.01936 1.22409e-09 -4.11648e-07 0.163619 -1.08503e-12 
3.42755e-09 3.15496e-09 0.0200347 5.01936 1.12393e-09 -4.11648e-07 0.175132 -1.08538e-12 
3.42755e-09 3.15496e-09 0.0200347 5.01936 1.02392e-09 -4.11648e-07 0.186642 -1.08587e-12 
3.42755e-09 3.15496e-09 0.0200347 5.01936 9.24088e-10 -4.11648e-07 0.198148 -1.08658e-12 
3.42755e-09 3.15496e-09 0.0200347 5.01936 8.24452e-10 -4.11648e-07 0.209652 -1.08759e-12 
3.42755e-09 3.15496e-09 0.0200347 5.01936 7.25026e-10 -4.11648e-07 0.221153 -1.08899e-12 
3.42755e-09 3.15496e-09 0.0200347 5.01936 6.2582e-10 -4.11648e-07 0.232653 -1.09096e-12 
3.42755e-09 3.15496e-09 0.0200347 5.01936 5.26824e-10 -4.11648e-07 0.24415 -1.09369e-12 
3.42755e-09 3.15496e-09 0.0200347 5.01936 4.27995e-10 -4.11648e-07 0.255643 -1.09748e-12 
3.42755e-09 3.15496e-09 0.0200347 5.01936 3.29236e-10 -4.11648e-07 0.26713 -1.10269e-12 
3.42755e-09 3.15496e-09 0.0200347 5.01936 2.30351e-10 -4.11648e-07 0.278604 -1.10985e-12 
3.42755e-09 3.15496e-09 0.0200347 5.01936 1.30934e-10 -4.11648e-07 0.29006 -1.11966e-12 
3.42755e-09 3.15496e-09 0.0200347 5.01936 3.00753e-11 -4.11648e-07 0.301489 -1.133e-12 
3.42755e-09 3.15496e-09 0.0200347 5.01936 -7.41716e-11 -4.11648e-07 0.312883 -1.15112e-12 
3.42755e-09 3.15496e-09 0.0200347 5.01936 -1.84912e-10 -4.11648e-07 0.324237 -1.17568e-12 
3.42754e-09 3.15491e-09 0.0200347 5.01936 -3.01851e-10 -4.11649e-07 0.335541 -1.21023e-12 
3.44877e-09 3.15426e-09 0.0200347 5.01936 1.82361e-10 -4.11522e-07 0.346768 4.8718e-10 
0.946051 0.0539785 0.246268 5.00575 -0.342296 5.31888 0.357797 8.32054e-10 
1222.49 2030.7 125.391 5 -1.4 6.28 0.372156 -1.26193e-09 
2482.32 4185.01 255.91 5.01936 -2.23126e-10 2.15177e-10 0.369 0 
2482.32 4185.01 255.91 5.01936 -2.23126e-10 2.15177e-10 0.369 0 
2510.12 4249.54 259.577 5 -0.710315 -2.30392 1.15369 -0.763402 
2538.82 4215.96 233 25.6598 0.607746 -6.28 -0.176776 0.00193509 
2493.51 4013.13 261.137 5 0.108723 -6.28 0.482771 0.00268214 
2521.52 3810.24 269.436 5 0.108723 -6.28 0.482771 0.00473778 
2550.23 3607.35 277.734 5 0.108723 -6.28 0.482771 0.00535893 
2579.65 3404.46 286.032 5 0.108723 -6.28 0.482771 0.00616162 
2609.78 3201.58 294.331 5 0.108723 -6.28 0.482771 0.00780365 
2640.62 2998.69 302.629 5 0.108723 -6.28 0.482771 0.0181216 
2672.16 2795.8 310.927 5 0.108723 -6.28 0.482771 0.0195986 
2704.41 2592.91 319.226 5 0.108723 -6.28 0.482771 0.00913322 
2737.38 2390.03 327.524 5 0.108723 -6.28 0.482771 0.0435884 
2771.04 2187.14 335.823 5 0.108723 -6.28 0.482771 0.0273235 
2805.42 1984.25 344.121 5 0.108719 -6.28 0.482831 0.0358349 
2840.51 1781.36 352.419 5 0.109101 -6.28 0.47625 0.222001 
2876.3 1578.48 360.734 5 0.0676047 -6.28 0.528424 0.27216 
2912.84 1375.59 367.281 5 -0.0584102 -6.28 0.909102 0.301993 
2950.04 1172.7 363.849 5 -0.0574642 -6.28 0.892796 0.394079 
2986.95 969.813 360.458 5 -0.0565181 -6.28 0.87649 0.418056 
3023.57 766.925 357.107 5 -0.0555721 -6.28 0.860184 0.448663 
3059.9 564.038 353.796 5 -0.0546261 -6.28 0.843878 0.467463 
3095.95 361.15 350.526 5 -0.05368 -6.28 0.827571 0.510093 
3131.72 158.263 347.295 5 -0.0527335 -5.31448 0.811265 0.57902 
3167.25 -3.51134 344.105 5 -0.0517855 -1.65144 0.794959 -0.000841398 
3202.63 -9.30606 340.956 5 -0.0508393 -1.35729 0.778653 -0.000136532 
3237.74 -2.57527 337.846 5 -0.0498934 -1.51592 0.762347 -9.42114e-06 
3272.59 -2.59952 334.777 5 -0.0489474 -1.51599 0.746041 -1.38927e-05 
3307.17 -2.62672 331.749 5 -0.0480013 -1.51603 0.729735 6.30534e-06 
3341.5 -2.65571 328.76 5 -0.0470553 -1.51597 0.713429 -7.65704e-06 
3375.57 -2.68212 325.812 5 -0.0461093 -1.51595 0.697122 -9.72981e-06 
3409.38 -2.7073 322.904 5 -0.0451632 -1.51599 0.680816 -1.30882e-06 
3442.95 -2.73447 320.037 5 -0.0442172 -1.51595 0.66451 -5.93493e-06 
3476.27 -2.76005 317.209 5 -0.0432712 -1.51596 0.648204 -4.76372e-06 
3509.35 -2.78584 314.422 5 -0.0423251 -1.51594 0.631898 -5.76262e-06 
3542.19 -2.81065 311.676 5 -0.0413791 -1.51597 0.615592 -5.13906e-06 
3574.8 -2.83684 308.969 5 -0.040433 -1.51668 0.599286 -0.00243816 
3607.17 -2.89332 306.303 5 -0.0394877 -2.8734 0.58298 -0.013771 
3639.27 -60.7216 303.677 5 -0.0385413 -2.04623 0.566673 0.257898 
3671.18 -83.3274 301.091 5 -0.0375937 0.866567 0.550367 0.23649 
3702.96 18.0993 298.546 5 -0.0366462 3.73395 0.534061 0.214258 
3734.62 244.8 296.041 5 -0.0356988 6.28 0.517755 0.0665535 
3766.15 581.354 293.577 5 -0.0347528 6.28 0.501449 0.00942799 
3797.47 917.908 291.152 5 -0.0399033 6.28 0.485143 0.00101172 
3828.59 1254.46 288.509 5.19751 -0.0433781 6.28 0.468837 -0.000109675 
3858.81 1591.02 285.704 5.48343 -0.0446893 6.28 0.452531 -6.79073e-05 
3887.82 1927.57 282.823 5.76314 -0.034304 6.28 0.436224 -4.40058e-05 
3915.62 2264.13 280.366 5.65943 -0.0153158 6.28 0.419918 -2.50784e-05 
3943.55 2600.68 278.724 5 -0.142822 6.28 0.403612 -1.13515e-05 
3973.69 2937.24 271.698 8.68494 -1.02631 6.28 0.387306 -0.00854378 
3991.42 3273.8 226.8 40 -0.09 4.03233 0.369 0 
3991.42 3273.8 226.8 40 -0.09 4.03233 0.369 0 
3959.86 3358.16 227.583 35.4931 1.4 1.48361 -0.151754 -1.02734 
3933.44 3402.99 251.585 14.2173 0.994316 -1.94675 -0.176776 -1.00632 
3934.28 3394.6 269.826 5 0.291419 -5.36117 -0.165163 -0.0687527 
3947.32 3333.24 277.393 5 0.290745 -6.27934 -0.153551 0.000296006 
3960.59 3257.64 284.951 5 0.290071 -6.27938 -0.141939 0.000289584 
3974.09 3182.05 292.498 5 0.289397 -6.27941 -0.130327 0.0003692 
3987.83 3106.45 300.035 5 0.288724 -6.27943 -0.118714 0.000532491 
4001.79 3030.85 307.561 5 0.28805 -6.27945 -0.107102 0.000635914 
4016 2955.25 315.076 5 0.287376 -6.27947 -0.0954898 0.000452562 
4030.44 2879.65 322.582 5 0.286702 -6.27949 -0.0838776 0.000494645 
4045.11 2804.06 330.077 5 0.286029 -6.27951 -0.0722653 0.00027284 
4060.01 2728.46 337.561 5 0.285355 -6.27953 -0.0606531 0.000554535 
4075.15 2652.86 345.035 5 0.284681 -6.27955 -0.0490408 0.000374141 
4090.52 2577.26 352.498 5 0.284008 -6.27957 -0.0374286 0.000246374 
4106.12 2501.66 359.951 5 0.283334 -6.27959 -0.0258163 0.000237957 
4121.95 2426.06 367.394 5 0.28266 -6.27962 -0.0142041 0.000248621 
4138.01 2350.45 374.826 5 0.281986 -6.27964 -0.00259183 0.000333062 
4154.31 2274.85 382.248 5 0.281313 -6.27966 0.00902041 0.000266977 
4170.84 2199.25 389.659 5 0.280639 -6.27968 0.0206327 0.000155616 
4187.59 2123.65 397.06 5 0.279965 -6.2797 0.0322449 0.000146845 
4204.58 2048.05 404.45 5 0.279292 -6.27972 0.0438571 0.000141784 
4221.8 1972.45 411.83 5 0.278618 -6.27972 0.0554694 0.000125474 
4239.24 1896.84 419.199 5 0.277944 -6.27972 0.0670816 0.011103 
4256.92 1821.24 426.558 5 0.277271 -5.71325 0.0786939 0.535835 
4274.83 1754.42 433.907 5 -0.194999 -2.70457 0.762347 0.514571 
4293.15 1734.27 429.753 5 -0.194051 0.287878 0.746041 0.493173 
4311.39 1760.52 424.687 5 -0.193103 3.26385 0.729735 0.47166 
4329.5 1832.93 419.636 5 -0.192156 6.22315 0.713429 0.0263604 
4347.48 1951.23 414.6 5 -0.19121 6.27982 0.697122 0.0169103 
4365.32 2070.42 409.578 5 -0.190264 6.27986 0.680816 0.0111485 
4383 2189.6 404.571 5 -0.189318 6.27988 0.66451 0.00820696 
4400.52 2308.78 399.579 5 -0.188372 6.2799 0.648204 0.0059112 
4417.88 2427.97 394.602 5 -0.187426 6.27991 0.631898 0.00152384 
4435.09 2547.15 389.639 5 -0.18648 6.27992 0.615592 -2.98942e-05 
4452.15 2666.34 384.69 5 -0.185534 6.27993 0.599286 -2.35787e-05 
4469.05 2785.52 379.757 5 -0.184587 6.27993 0.58298 -3.1258e-05 
4485.8 2904.71 374.838 5 -0.183641 6.27994 0.566673 -3.36848e-05 
4502.4 3023.89 369.934 5 -0.182695 6.27994 0.550367 -3.10227e-05 
4518.84 3143.08 365.044 5 -0.181749 6.27994 0.534061 -2.8195e-05 
4535.13 3262.26 360.169 5 -0.180803 6.27995 0.517755 -2.38543e-05 
4551.27 3381.45 355.309 5 -0.179857 6.27995 0.501449 -1.89796e-05 
4567.26 3500.63 350.464 5 -0.178911 6.27995 0.485143 -1.45785e-05 
4583.09 3619.82 345.633 5 -0.177965 6.27995 0.468837 -1.07449e-05 
4598.78 3739 340.817 5 -0.177019 6.27995 0.452531 -7.49028e-06 
4614.31 3858.19 336.015 5 -0.176073 6.27995 0.436224 -4.81869e-06 
4629.7 3977.37 331.228 5 -0.175127 6.27995 0.419918 -5.28723e-06 
4644.94 4096.56 326.456 5 -0.174181 6.27167 0.403612 4.0022e-07 
4660.03 4215.61 321.699 5 -1.4 6.27998 0.374309 -0.000346676 
4675.35 4334.8 297.93 23.8274 -0.0297595 4.38157 0.369 0 
4675.35 4334.8 297.93 23.8274 -0.0297595 4.38157 0.369 0 
4660.12 4429.92 296.805 22.0827 1.02331 3.71058 -0.188388 -1.02859 
4646.76 4514.25 312.675 9.3719 0.450498 2.12408 -0.176776 -1.00718 
4650.46 4573.03 319.652 5 -1.4 0.555619 1.12108 -0.985776 
4660.61 4606.55 296.96 21.474 -0.426396 -0.994762 0.197435 -0.964367 
4648.44 4615.15 289.512 24.9547 -0.137038 -2.52712 -0.141939 -0.942959 
4631.43 4599.08 286.632 24.7683 -0.138283 -4.04144 -0.130327 -0.921551 
4614.55 4558.64 283.737 24.6084 -0.140009 -5.53768 -0.118714 -0.0730654 
4599.11 4494.12 280.817 24.4782 -0.138163 -6.28 -0.107102 0.00569836 
4583.74 4417.65 277.931 24.3308 -0.12829 -6.28 -0.0954898 0.00217956 
4568.46 4341.18 275.208 24.0697 -0.113168 -6.28 -0.0838775 0.00915831 
4553.43 4264.72 272.734 23.6426 -0.110228 -6.28 -0.0722653 0.00134267 
4538.86 4188.25 270.32 23.216 -0.144553 -6.28 -0.060653 0.00167271 
4524.78 4111.78 267.363 23.2462 -0.215353 -6.28 -0.0490408 0.00526254 
4510.59 4035.31 263.266 24.1319 -0.252289 -6.28 -0.0374285 -0.000420122 
4495.13 3958.84 258.552 25.3688 -0.125564 -6.28 -0.0258163 0.00259987 
4477.89 3882.37 255.846 24.9159 0.215251 -6.28 -0.014204 0.00241121 
4461.04 3805.91 258.637 20.3291 0.508468 -6.28 -0.00259174 0.0048266 
4450.09 3729.43 266.265 12.6247 0.124689 -6.28 0.561129 0.00198069 
4449.45 3652.95 267.915 10.0272 -0.0713711 -6.28 0.860184 0.00144062 
4452.28 3576.47 266.477 9.89041 0.0591414 -6.28 0.843878 0.00153389 
4455.19 3499.99 267.142 8.18143 0.127119 -6.28 0.827571 0.0131183 
4460.31 3423.5 268.946 5.83089 -0.0959287 -6.28 0.811265 0.0247185 
4468.59 3347.02 267.221 6.46965 0.0394541 -6.28 0.794959 0.0371508 
4475.94 3270.53 267.658 5.39526 -0.00590293 -6.28 0.778653 0.0400458 
4484.71 3194.04 267.393 5.00052 -0.0337708 -6.28 0.762347 0.0372468 
4493.99 3117.55 266.689 5.00001 -0.0328618 -6.28 0.746041 0.0317246 
4503.25 3041.07 266.001 5.00001 -0.031916 -6.28 0.729735 0.0298974 
4512.49 2964.58 265.327 5 -0.03097 -6.28 0.713429 0.0229386 
4521.7 2888.09 264.668 5 -0.030024 -6.28 0.697122 0.0202059 
4530.89 2811.6 264.025 5 -0.029078 -6.28 0.680816 0.0159313 
4540.06 2735.11 263.397 5 -0.028132 -6.28 0.66451 0.0143612 
4549.21 2658.63 262.784 5 -0.0271859 -6.28 0.648204 0.0115702 
4558.34 2582.14 262.187 5 -0.0262399 -6.28 0.631898 0.00850542 
4567.45 2505.65 261.605 5 -0.0252939 -6.28 0.615592 0.00641624 
4576.54 2429.16 261.038 5 -0.0243479 -6.28 0.599286 0.00560517 
4585.62 2352.67 260.486 5 -0.0234018 -6.28 0.58298 0.131831 
4594.67 2276.19 259.949 5 -0.0358241 -5.83143 0.566673 0.257898 
4603.72 2206.92 259.213 5.1637 -0.0420468 -4.92992 0.550367 0.23649 
4612.54 2152.16 258.372 5.39801 -0.0487254 -4.04687 0.534061 0.215082 
4621.05 2111.61 257.417 5.70112 -0.0587494 -3.1823 0.517755 0.193673 
4629.16 2084.98 256.294 6.10676 -0.0615669 -2.33621 0.501449 0.172265 
4636.71 2071.97 255.114 6.51596 -0.0416803 -1.50863 0.485143 0.150857 
4643.7 2072.72 254.244 6.65031 0.00101938 -0.699551 0.468837 0.129449 
4650.49 2087.4 254.058 6.25932 0.0241938 0.0909988 0.452531 0.108041 
4657.78 2114.8 254.255 5.63715 -0.0822332 0.863013 0.436224 0.0866326 
4665.92 2154.62 252.755 6.39501 -0.48228 1.61648 0.419918 0.0652245 
4673.18 2206.58 244.797 11.9835 -1.20735 2.3514 0.403612 0.0438163 
4673.21 2270.36 225.025 25.8757 -1.34434 3.06777 0.387306 0.0223353 
4654.75 2345.7 202.69 40 0.0899998 3.76543 0.369 0 
4654.75 2345.7 202.69 40 0.0899998 3.76543 0.369 0 
4617.2 2432.69 200.931 33.0534 1.4 1.29244 -0.188388 -1.02859 
4587.93 2480.67 220.013 17.0833 0.334263 -2.40082 -0.176776 -1.00718 
4579.74 2470.36 222.687 15.5373 -1.4 -6.07774 -0.165163 0.0224828 
4574.08 2402.05 198.042 34.9559 -0.795163 -6.28 0.277629 0.0137232 
4542.92 2330.58 182.448 39.2147 -0.43776 -6.28 -0.141939 0.0068296 
4505.76 2259.1 172.384 39.0385 -0.439121 -6.28 -0.130327 0.00328516 
4468.5 2187.63 162.302 38.8887 -0.439432 -6.28 -0.118714 0.00165833 
4431.12 2116.15 152.22 38.7499 -0.434771 -6.28 -0.107102 0.000663228 
4393.59 2044.68 142.215 38.5613 -0.423582 -6.28 -0.0954898 0.000155834 
4355.99 1973.2 132.391 38.2497 -0.41342 -6.28 -0.0838776 0.000314925 
4318.46 1901.73 122.735 37.8402 -0.422646 -6.28 -0.0722653 0.000161713 
4281.14 1830.25 112.944 37.5753 -0.465547 -6.28 -0.0606531 0.000188182 
4243.87 1758.77 102.483 37.8445 -0.519867 -6.28 -0.0490408 6.96215e-05 
4205.94 1687.3 91.1578 38.7299 -0.505589 -6.28 -0.0374286 0.000165331 
4166.53 1615.82 80.0359 39.3448 -0.331909 -6.28 -0.0258163 0.000110559 
4125.94 1544.35 71.6382 37.8039 -0.0422098 -6.28 -0.0142041 0.000151977 
4086.94 1472.87 67.8494 37.0922 0.039199 -6.28 -0.00259184 0.000125399 
4048.69 1401.4 65.3628 36.9092 0.0400922 -6.28 0.00902041 8.18848e-05 
4010.6 1329.92 68.4912 36.7263 0.0409859 -6.28 0.0206327 9.10394e-05 
3972.83 1258.44 71.6384 36.5433 0.0418809 -6.28 0.0322449 9.35967e-05 
3935.39 1186.97 74.8043 36.3603 0.0427765 -6.28 0.0438571 -5.80099e-06 
3898.29 1115.49 77.989 36.1773 0.0436698 -6.28 0.0554694 8.47883e-05 
3861.52 1044.01 81.1924 35.9943 0.0445576 -6.28 0.0670816 -0.000319806 
3825.08 972.534 84.4144 35.8114 0.0454408 -6.28 0.0786939 -0.00480228 
3788.97 901.056 87.655 35.6286 0.0463301 -6.28 0.0903061 -0.00798491 
3753.2 829.578 90.9143 35.4458 0.0472434 -6.28 0.101918 -0.00874805 
3717.76 758.1 94.1925 35.2628 0.0481853 -6.28 0.113531 -0.00685868 
3682.65 686.622 97.4903 35.0792 0.0491167 -6.28 0.125143 -0.00513783 
3647.88 615.143 100.807 34.8952 0.0499522 -6.28 0.136755 -0.00377436 
3613.45 543.664 104.142 34.712 0.050635 -6.28 0.148367 -0.00268009 
3579.35 472.186 107.493 34.5313 0.0512881 -6.28 0.15998 -0.00192032 
3545.59 400.706 110.858 34.3533 0.0522933 -6.28 0.171592 0.278289 
3512.16 329.227 114.243 34.1735 0.0540393 -5.67002 0.183204 0.343527 
3479.07 267.37 117.661 33.9831 0.0562359 -2.57491 0.194816 0.32212 
3446.37 254.338 121.118 33.7778 0.0572981 0.503494 0.206429 0.300711 
3414.07 289.866 124.597 33.5728 0.0550272 3.56518 0.218041 0.140672 
3382.19 373.692 128.046 33.4081 0.0495275 6.28 0.229653 -0.000319731 
3350.65 500.344 131.411 33.3183 0.0468756 6.28 0.241265 -5.78902e-05 
3319.34 626.996 134.738 33.2614 0.0582067 6.28 0.252878 -3.24224e-05 
3288.2 753.647 138.244 33.0663 0.0881886 6.28 0.26449 -2.25308e-05 
3257.41 880.298 142.228 32.5234 0.115817 6.28 0.276102 -1.68506e-05 
3227.42 1006.95 146.662 31.6965 0.0891525 6.28 0.287714 -1.26614e-05 
3198.62 1133.6 150.697 31.2667 -0.0332155 6.28 0.299327 -9.28335e-06 
3170.54 1260.25 152.811 32.3415 -0.190189 6.28 0.310939 -6.45757e-06 
3141.21 1386.9 152.423 35.1817 -0.156262 6.28 0.322551 -4.14786e-06 
3108.27 1513.55 152.497 37.3146 0.32883 6.28 0.334163 -2.345e-06 
3072.48 1640.21 160.17 33.3984 1.15101 6.28 0.345776 -0.000274347 
3041.63 1766.86 180.912 20.0092 1.4 5.0282 0.357388 0.00087177 
3028.26 1873.75 205.92 5 0.0109829 4.46466 0.369 0 
3028.26 1873.75 205.92 5 0.0109829 4.46466 0.369 0 
3117.26 2867.9 201.491 20.7947 -0.23912 -6.28 0.307504 2.41612e-05 
2993.25 2071.36 151.156 28.4176 -0.214765 -6.28 -0.176776 0.000259146 
2750.55 1274.9 102.845 28.2355 -0.214783 -6.28 -0.165163 0.00154159 
2494.14 478.443 54.5792 28.1681 -0.213233 -4.52161 -0.153551 0.000268981 
2222.74 -1.75753 6.58972 27.892 -0.0294541 -1.63926 -0.141939 5.48612e-07 
1938.77 -1.54557 0.001 27.709 -0.0285607 -1.63915 -0.130327 7.64921e-06 
1655.04 -1.31824 0.001 27.5261 -0.0276671 -1.63916 -0.118714 2.35228e-06 
1373.76 -1.09415 0.001 27.3431 -0.0267698 -1.63916 -0.107102 1.04567e-05 
1094.91 -0.871672 0.001 27.1597 -0.0258857 -1.63916 -0.0954898 3.10952e-06 
818.51 -0.651834 0.001 26.9779 -0.0257522 -1.63916 -0.0838776 9.94061e-06 
544.538 -0.433643 0.001 26.8912 -0.0235386 -1.63916 -0.0722653 2.51759e-06 
271.716 -0.216411 0.001 26.5325 0.130426 -1.63916 -0.0606531 3.89602e-06 
3.17132 -0.0023131 10.941 6.95429 -0.0230991 -1.60105 0.393013 5.28824e-07 
0.270436 -1.12293e-05 0.309125 6.58092 -0.00408101 -1.56675 0.394469 -1.28614e-07 
5.05176e-06 4.13286e-07 0.303576 6.5806 -0.00413208 -1.56674 0.394495 -1.28881e-07 
-2.15693e-05 4.17058e-07 0.303563 6.5806 -0.00413194 -1.56674 0.394525 -1.29003e-07 
-2.25636e-05 4.18539e-07 0.303549 6.58059 -0.00413168 -1.56674 0.394551 -1.29006e-07 
-2.42879e-05 4.19915e-07 0.303533 6.58059 -0.00413137 -1.56674 0.394574 -1.28988e-07 
-2.42159e-05 4.19848e-07 0.303518 6.58058 -0.00413101 -1.56674 0.394592 -1.28961e-07 
-2.39443e-05 4.19808e-07 0.303502 6.58058 -0.00413059 -1.56674 0.394604 -1.28922e-07 
-2.36358e-05 4.19531e-07 0.303487 6.58057 -0.0041301 -1.56674 0.394609 -1.28439e-07 
-2.32365e-05 4.19492e-07 0.303472 6.58056 -0.00412954 -1.56674 0.394605 -1.28794e-07 
-2.29746e-05 4.19246e-07 0.303457 6.58055 -0.00412889 -1.56674 0.394593 -1.28711e-07 
-2.26207e-05 4.19261e-07 0.303442 6.58053 -0.00412814 -1.56674 0.39457 -1.29348e-07 
-2.23963e-05 4.1914e-07 0.303427 6.58051 -0.00412727 -1.56674 0.394536 -1.28429e-07 
-2.22568e-05 4.18863e-07 0.303412 6.5805 -0.00412624 -1.56674 0.39449 -1.28293e-07 
-2.21472e-05 4.18954e-07 0.303397 6.58047 -0.00412508 -1.56674 0.394435 -1.27034e-07 
-2.20273e-05 4.18993e-07 0.303383 6.58045 -0.00412357 -1.56674 0.394365 -1.27854e-07 
-2.20146e-05 4.1897e-07 0.303368 6.58042 -0.00412145 -1.56674 0.394275 -1.26336e-07 
-2.19025e-05 4.18942e-07 0.303354 6.58039 -0.00411736 -1.56674 0.39415 -1.25766e-07 
2.03011e-05 3.77726e-07 0.303373 6.58011 -0.00429892 -1.56674 0.401727 -1.26936e-07 
-4.92598e-05 4.45646e-07 0.303333 6.58014 -0.00414098 -1.56674 0.396432 -1.28002e-07 
-2.46845e-05 4.20605e-07 0.303322 6.58004 -0.00417026 -1.56675 0.397035 -1.25688e-07 
-1.39157e-05 4.10503e-07 0.303316 6.5799 -0.00420995 -1.56675 0.398999 -1.24909e-07 
-1.31374e-05 4.09914e-07 0.303309 6.57977 -0.00424839 -1.56675 0.40113 -1.23953e-07 
-1.19373e-05 4.08997e-07 0.303303 6.57965 -0.00429245 -1.56675 0.403517 -1.22777e-07 
-1.04101e-05 4.07732e-07 0.303297 6.57954 -0.00434015 -1.56675 0.406047 -1.21327e-07 
-9.04164e-06 4.06676e-07 0.303293 6.57945 -0.00438904 -1.56675 0.408522 -1.19487e-07 
-7.83468e-06 4.05845e-07 0.303289 6.57936 -0.00443634 -1.56675 0.410687 -1.16005e-07 
-6.63979e-06 4.0507e-07 0.303285 6.57928 -0.00447541 -1.56675 0.4121 -1.16325e-07 
-5.35414e-06 4.04298e-07 0.303283 6.57922 -0.00449321 -1.56675 0.41208 -1.08933e-07 
-3.95395e-06 4.03768e-07 0.303281 6.57918 -0.00445966 -1.56675 0.409988 -9.41531e-08 
0.000467699 3.10603e-07 0.303458 6.57261 -0.000634417 -1.5667 0.405898 1.14462e-05 
7.36983 -0.00548017 2.95004 5 0.067696 -1.50019 0.415927 3.54278e-06 
50.7942 -0.0404186 31.1564 5 0.135272 -1.50023 0.373572 4.34685e-06 
103.413 -0.0823572 70.6259 5 -0.0254447 -1.49994 0.404265 0.00122698 
169.748 -0.0759621 83.3081 5 -0.0492894 3.59102 0.403612 0.000357781 
241.074 848.463 68.8331 5 -0.324353 6.28 0.387306 -0.00026562 
308.84 2168.37 8.51206 40 -0.0641153 0.00017512 0.369 0 
3774.83 3470.17 1882.7 24.995 0.632758 0 0.0847652 0 
3774.83 3470.17 1882.7 24.995 0.632758 -6.38927e-09 0.0847654 -5.059e-05 
3774.83 3470.17 1882.69 24.9974 0.634236 -0.0398457 0.0847509 0.000103625 
2161.71 3430.21 1945.41 24.7419 0.639573 -0.0723388 0.0862271 0.0007021 
2381.86 2818.12 1920.73 24.8194 0.637299 -0.0453141 0.0857796 0.000482313 
2456.75 2399.01 1896.01 24.9334 0.63435 -0.0158792 0.0851211 0.00016921 
2482.33 2251.99 1887.31 24.9736 0.63331 -0.00550106 0.0848887 5.871e-05 
2491.2 2200.98 1884.28 24.9877 0.632947 -0.00188053 0.0848075 2.01214e-05 
2494.28 2183.49 1883.23 24.9925 0.632822 -0.000629195 0.0847796 6.8269e-06 
2495.36 2177.56 1882.86 24.9942 0.632777 -0.000184834 0.0847697 2.10347e-06 
2495.73 2175.73 1882.73 24.9948 0.632762 -2.78313e-05 0.0847662 4.43725e-07 
2495.86 2175.35 1882.68 24.995 0.632756 3.00538e-05 0.0847649 -1.47086e-07 
2495.9 2175.47 1882.65 24.9952 0.632753 5.74751e-05 0.0847643 -4.40412e-07 
2495.93 2175.85 1882.65 24.9952 0.632753 6.60988e-05 0.0847642 -5.09782e-07 
2495.93 2176.3 1882.64 24.9952 0.632752 7.55813e-05 0.084764 -5.93137e-07 
2495.93 2176.81 1882.63 24.9952 0.632751 8.35332e-05 0.0847639 -6.57064e-07 
2495.93 2177.38 1882.63 24.9952 0.632751 9.19214e-05 0.0847638 -7.23208e-07 
2495.93 2178 1882.62 24.9953 0.63275 0.000101111 0.0847636 -7.94708e-07 
2495.93 2178.69 1882.61 24.9953 0.632749 0.000111441 0.0847635 -8.74657e-07 
2495.93 2179.45 1882.6 24.9953 0.632748 0.000123169 0.0847633 -9.65023e-07 
2495.92 2180.29 1882.59 24.9954 0.632747 0.000136596 0.0847631 -1.0681e-06 
2495.92 2181.21 1882.58 24.9954 0.632746 0.000152068 0.0847628 -1.18671e-06 
2495.92 2182.24 1882.56 24.9955 0.632744 0.000169947 0.0847626 -1.3231e-06 
2495.92 2183.39 1882.55 24.9955 0.632743 0.000190787 0.0847623 -1.48183e-06 
2495.92 2184.67 1882.53 24.9956 0.632741 0.000215151 0.0847619 -1.66651e-06 
2495.91 2186.11 1882.5 24.9956 0.632738 0.000243876 0.0847615 -1.88328e-06 
2495.91 2187.74 1882.48 24.9957 0.632736 0.000278012 0.084761 -2.13993e-06 
2495.9 2189.6 1882.44 24.9958 0.632732 0.00031884 0.0847604 -2.44611e-06 
2495.9 2191.72 1882.4 24.996 0.632729 0.000367869 0.0847596 -2.80889e-06 
2495.89 2194.15 1882.35 24.9961 0.632724 0.000428128 0.0847588 -3.25505e-06 
2495.88 2196.97 1882.3 24.9963 0.632718 0.000502076 0.0847577 -3.79718e-06 
2495.87 2200.26 1882.22 24.9965 0.632711 0.000594312 0.0847564 -4.46762e-06 
2495.86 2204.13 1882.13 24.9968 0.632702 0.000710938 0.0847547 -5.30666e-06 
2495.84 2208.72 1882.01 24.9972 0.63269 0.000860785 0.0847527 -6.37185e-06 
2495.82 2214.24 1881.85 24.9976 0.632676 0.00105683 0.08475 -7.74512e-06 
2495.79 2220.95 1881.64 24.9982 0.632656 0.00131887 0.0847465 -9.54882e-06 
2495.76 2229.22 1881.35 24.999 0.632629 0.00167788 0.0847418 -1.19684e-05 
2495.7 2239.59 1880.94 25.0001 0.632592 0.00218378 0.0847355 -1.52961e-05 
2495.62 2252.84 1880.34 25.0017 0.632539 0.00291911 0.0847265 -2.00129e-05 
2495.5 2270.17 1879.45 25.004 0.632461 0.00402084 0.0847134 -2.69311e-05 
2495.32 2293.49 1878.09 25.0074 0.632341 0.00571258 0.0846934 -3.75061e-05 
2495.04 2325.98 1875.98 25.013 0.632152 0.00832477 0.0846612 -5.44288e-05 
2494.61 2373.12 1872.85 25.0225 0.631853 0.0121996 0.0846064 -8.23961e-05 
2494.06 2444.49 1868.85 25.0382 0.631412 0.0171713 0.0845159 -0.000126794 
2493.57 2554.33 1865.6 25.0572 0.630952 0.0212149 0.0844057 -0.000178207 
2493.55 2708.68 1866.4 25.0503 0.63111 0.0202069 0.0844457 -0.000160097 
2493.28 2847.13 1865.33 24.9353 0.632939 0.0213369 0.0851092 0.000116667 
2484.64 2745.07 1801.76 24.6297 0.634952 0.0992705 0.0868724 0.000772965 
2439.17 2088.45 1456.81 24.2219 0.625066 0.538853 0.0891411 -0.00127573 
2868.71 1064.88 227.439 22.6177 1.99929e-05 0.127538 0.0837652 0 
2868.71 1064.88 227.439 22.6177 1.99929e-05 0.127538 0.0837652 0 
2859.95 1083.21 227.48 21.8766 0.574955 0.128272 -0.140211 0.173475 
2851.71 1101.55 233.739 16.5726 0.705676 0.232501 -0.0945337 0.152468 
2848.17 1121.01 241.502 10.5465 0.366001 0.324239 0.123763 0.133883 
2850.08 1141.46 245.702 7.6298 -0.233629 0.404933 0.619032 0.117483 
2854.73 1162.77 243.48 9.60675 -0.325384 0.475888 0.626675 0.103032 
2857.64 1184.85 240.233 12.1945 -0.201487 0.538253 0.469827 0.0903083 
2858.23 1207.61 238.279 13.6575 -0.0674219 0.593051 0.335677 0.0791126 
2857.47 1230.96 237.747 13.9805 -0.00174374 0.64119 0.284657 0.0692644 
2856.41 1254.83 237.918 13.7657 0.0138698 0.683473 0.282768 0.0606023 
2855.54 1279.16 238.261 13.4387 0.00427252 0.720606 0.30008 0.052983 
2854.96 1303.88 238.507 13.2052 -0.0107318 0.753209 0.318121 0.04628 
2854.59 1328.96 238.594 13.1028 -0.0203309 0.781827 0.328881 0.0403817 
2854.31 1354.35 238.58 13.0813 -0.0229315 0.806939 0.332742 0.0351902 
2854.05 1380.01 238.538 13.0809 -0.0214722 0.828963 0.33336 0.0306199 
2853.79 1405.9 238.511 13.0682 -0.0190814 0.848271 0.333745 0.0265956 
2853.54 1432.01 238.511 13.0365 -0.0173997 0.865185 0.335144 0.0230519 
2853.32 1458.29 238.53 12.9926 -0.0167196 0.879993 0.337535 0.0199313 
2853.14 1484.74 238.556 12.9451 -0.0166811 0.892945 0.340423 0.017184 
2853 1511.33 238.584 12.8993 -0.0168456 0.904263 0.343364 0.0147663 
2852.9 1538.03 238.611 12.8566 -0.0169577 0.914144 0.34614 0.0126398 
2852.83 1564.85 238.637 12.8165 -0.0169577 0.92276 0.348731 0.0107714 
2852.81 1591.76 238.664 12.778 -0.0168811 0.930265 0.351201 0.0091317 
2852.81 1618.75 238.693 12.7404 -0.0167608 0.936795 0.353618 0.00769512 
2852.85 1645.81 238.723 12.7033 -0.0165905 0.942471 0.356013 0.00643917 
2852.92 1672.93 238.756 12.6662 -0.0163552 0.9474 0.358376 0.00534405 
2853.03 1700.1 238.792 12.6287 -0.0161004 0.951677 0.360671 0.00439232 
2853.16 1727.32 238.832 12.5907 -0.0159803 0.955389 0.362863 0.00356852 
2853.34 1754.58 238.873 12.5533 -0.0162173 0.958611 0.364933 0.00285898 
2853.54 1781.88 238.913 12.5195 -0.0169375 0.96141 0.366897 0.00225151 
2853.78 1809.2 238.945 12.4931 -0.0179387 0.963849 0.368798 0.00173522 
2854.03 1836.55 238.967 12.4758 -0.0185651 0.96598 0.370678 0.00130032 
2854.31 1863.93 238.983 12.464 -0.0179182 0.967853 0.372525 0.000937996 
2854.59 1891.32 239.005 12.4468 -0.0155079 0.969511 0.374248 0.000640254 
2854.89 1918.74 239.054 12.4103 -0.0121064 0.970991 0.375693 0.000399798 
2855.23 1946.17 239.141 12.3477 -0.0101578 0.972329 0.376735 0.000209942 
2855.61 1973.61 239.249 12.2729 -0.0129583 0.973554 0.377382 6.45155e-05 
2856.07 2001.06 239.329 12.2262 -0.0223204 0.974693 0.377828 -4.22073e-05 
2856.57 2028.53 239.308 12.2594 -0.0356273 0.975768 0.378363 -0.000115573 
2857.04 2056.01 239.143 12.3992 -0.0445079 0.976801 0.379159 -0.0001606 
2857.39 2083.5 238.88 12.6018 -0.0376871 0.977807 0.380079 -0.000182027 
2857.56 2111.01 238.687 12.7337 -0.00875225 0.978801 0.380696 -0.000184351 
2857.6 2138.52 238.804 12.6184 0.0342956 0.979794 0.380558 -0.000171865 
2857.74 2166.04 239.388 12.1578 0.064782 0.980793 0.379513 -0.000148692 
2858.28 2193.58 240.309 11.4796 0.0460892 0.981807 0.37786 -0.000118817 
2859.43 2221.12 241.039 11.0035 -0.044375 0.982839 0.376206 -8.60932e-05 
2861.03 2248.68 240.802 11.3046 -0.185043 0.983892 0.374956 -5.42585e-05 
2862.39 2276.25 239.041 12.7404 -0.295145 0.984967 0.373816 -2.69408e-05 
2862.5 2303.82 236.066 14.9799 -0.258867 0.986061 0.372195 -7.68874e-06 
2860.6 2331.42 233.444 16.7647 0.00334711 0.987167 0.369 0 
2860.6 2331.42 233.444 16.7647 0.00334711 0.987167 0.369 0 
2847.51 2422.92 233.026 16.1508 0.43232 1.96722 -0.188388 -1.01401 
2835.85 2549.1 247.823 5 -0.739444 -0.983707 1.13739 -0.980326 
2857.6 2570.82 221.787 23.8945 -0.117111 -3.84856 -0.165163 -0.827005 
2823.41 2491.22 216.702 23.7116 -0.116219 -6.18439 -0.153551 -0.00787624 
2789.31 2328.95 211.659 23.5286 -0.115325 -6.21088 -0.141939 0.00331358 
2755.37 2165.74 206.658 23.3456 -0.114432 -6.20895 -0.130326 0.00338576 
2721.6 2002.61 201.699 23.1627 -0.113538 -6.20682 -0.118714 0.00353474 
2687.99 1839.54 196.782 22.9797 -0.112645 -6.20425 -0.107102 0.00359288 
2654.56 1676.57 191.906 22.7967 -0.111751 -6.2014 -0.0954898 0.00362458 
2621.29 1513.7 187.073 22.6137 -0.110858 -6.19835 -0.0838775 0.00366463 
2588.2 1350.94 182.282 22.4308 -0.109964 -6.19505 -0.0722653 0.00371396 
2555.29 1188.29 177.533 22.2478 -0.109071 -6.19148 -0.060653 0.00377013 
2522.56 1025.77 172.826 22.0648 -0.108177 -6.18758 -0.0490408 0.0038342 
2490.02 863.384 168.161 21.8819 -0.107284 -6.18332 -0.0374285 0.00390842 
2457.66 701.151 163.538 21.6989 -0.10639 -6.17866 -0.0258163 0.00399512 
2425.49 539.081 158.957 21.5159 -0.105497 -6.17352 -0.014204 0.00409696 
2393.52 377.194 154.417 21.3329 -0.104603 -6.16784 -0.00259179 0.00421723 
2361.74 215.507 149.92 21.15 -0.10371 -6.16152 0.00902045 0.00436013 
2330.17 54.043 145.465 20.967 -0.102816 -6.15444 0.0206327 0.00453117 
2298.79 -107.171 141.052 20.784 -0.101923 -6.14646 0.0322449 0.00473838 
2267.62 -268.102 136.681 20.6011 -0.101029 -6.13739 0.0438572 0.00499523 
2236.66 -428.714 132.352 20.4181 -0.100136 -6.12699 0.0554694 0.00532565 
2205.91 -588.957 128.065 20.2351 -0.0992424 -6.11488 0.0670817 0.00575774 
2175.38 -748.772 123.819 20.0521 -0.0983481 -6.10055 0.0786939 0.00626381 
2145.06 -908.081 119.616 19.8692 -0.0974537 -6.08356 0.0903062 0.00682128 
2114.97 -1066.79 115.455 19.6861 -0.0965666 -6.06343 0.101918 0.00806296 
2085.09 -1224.79 111.336 19.5033 -0.0956923 -6.03693 0.113531 0.00867251 
2055.45 -1381.84 107.258 19.321 -0.0947696 -6.0069 0.125143 -0.000942666 
2026.03 -1537.84 103.223 19.1377 -0.0936373 -6.01974 0.136755 0.0319302 
1996.84 -1694.29 99.2383 18.9481 -0.0926165 -5.86482 0.148367 0.139503 
1967.92 -1845.26 95.3006 18.7565 -0.0938341 -5.19104 0.15998 0.21263 
1939.27 -1972.39 91.3307 18.6238 -0.0978286 -4.15385 0.171592 0.240051 
1910.76 -2062.81 87.227 18.6112 -0.0847664 -2.95216 0.183204 0.242897 
1882.01 -2110.71 83.5862 18.2317 -0.0151214 -1.69042 0.194816 0.23333 
1854.07 -2113.96 84.4334 18.0487 -0.0142261 -0.420885 0.206429 0.21654 
1826.74 -2072.29 85.323 17.8657 -0.013332 0.825837 0.218041 0.194436 
1800.03 -1986.49 86.2546 17.6828 -0.0124372 2.02631 0.229653 0.167252 
1773.94 -1858.22 87.2283 17.4998 -0.011539 3.15608 0.241265 0.134233 
1748.46 -1689.97 88.2441 17.3167 -0.0106437 4.1825 0.252878 0.0946402 
1723.61 -1485.4 89.302 17.1336 -0.00978671 5.0562 0.26449 0.0509035 
1699.37 -1249.91 90.4006 16.9516 -0.00896828 5.70344 0.276102 0.0143281 
1675.74 -991.512 91.5385 16.7713 -0.00784401 6.03478 0.287714 0.000960974 
1652.72 -721.392 92.7264 16.5842 -0.00581565 6.04188 0.299327 0.00326526 
1630.31 -451.022 93.9967 16.3675 -0.00521272 6.01616 0.310939 0.0014703 
1608.6 -181.563 95.3006 16.1664 -0.0159004 6.06185 0.322551 -3.67237e-06 
1587.56 89.5128 96.2377 16.2813 -0.0321786 6.09131 0.334163 -0.000108578 
1566.28 361.632 96.5923 16.7898 0.0521119 6.09776 0.345776 -0.000128939 
1543.52 633.98 99.9008 14.8936 0.36473 6.06731 0.357388 -0.000620786 
1526.15 905.246 114.38 5 0.0899996 5.606 0.369 0 
1526.15 905.246 114.38 5 0.0899996 5.606 0.369 0 
1550.44 1171.1 120.735 5 -0.758878 3.82155 1.15369 0.643662 
1575.79 1370.4 95.4255 24.6922 0.664607 6.17788 -0.176776 0.0145318 
1539.4 1657.64 122.037 5 0.0988806 6.24474 0.521434 -0.00817659 
1564.28 1947.32 128.724 5 0.0988805 6.22625 0.521434 -0.00372358 
1589.65 2236.32 135.41 5 0.0988805 6.22388 0.521434 -0.00378569 
1615.53 2525.22 142.097 5 0.0988805 6.221 0.521434 -0.00378306 
1641.91 2814.02 148.783 5 0.0988805 6.2178 0.521434 -0.0037886 
1668.78 3102.7 155.47 5 0.0988805 6.21423 0.521434 -0.00380373 
1696.16 3391.25 162.156 5 0.0988805 6.21024 0.521434 -0.00383118 
1724.03 3679.65 168.842 5 0.0988805 6.20573 0.521434 -0.00387451 
1752.41 3967.88 175.529 5 0.0988805 6.2006 0.521434 -0.00393844 
1781.28 4255.91 182.215 5 0.0988805 6.19471 0.521434 -0.00402948 
1810.65 4543.73 188.902 5 0.0988805 6.18787 0.521434 -0.0041569 
1840.53 4831.3 195.588 5 0.0988805 6.17985 0.521434 -0.00433447 
1870.9 5118.56 202.275 5 0.0988805 6.17031 0.521434 -0.00458346 
1901.77 5405.47 208.961 5 0.0988805 6.15877 0.521434 -0.00493841 
1933.14 5691.95 215.647 5 0.0988804 6.14451 0.521434 -0.00545831 
1965.02 5977.89 222.334 5 0.0988804 6.12646 0.521435 -0.00605751 
1997.39 6263.16 229.02 5 0.0988804 6.10371 0.521435 -0.00647066 
2030.26 6547.59 235.707 5 0.0988804 6.07421 0.521435 -0.0142682 
2063.62 6830.91 242.393 5 0.0988803 6.01211 0.521435 -0.0105084 
2097.49 7111.92 249.08 5 0.0988803 6.01588 0.521435 -0.146704 
2131.86 7393.07 255.766 5 0.0988798 5.06559 0.521435 -0.33293 
2166.69 7638.77 262.452 5 0.0988788 3.10954 0.521435 -0.38061 
2201.97 7811.5 269.139 5 0.0988776 0.876858 0.521435 -0.37466 
2237.68 7900.95 275.825 5 0.0988764 -1.38248 0.521436 -0.33663 
2273.83 7906.13 282.511 5 0.0988752 -3.52017 0.521436 -0.249191 
2310.41 7831.56 289.198 5 0.0988743 -5.28183 0.521435 -0.0750962 
2347.44 7691.28 295.884 5 0.0988585 -6.03068 0.521698 -0.00996347 
2384.95 7523.07 302.569 5 0.100298 -6.01322 0.496886 -0.00702818 
2422.95 7355.51 309.309 5 -0.0366098 -6.07828 0.664473 -0.000699765 
2461.56 7185.52 309.223 5 -0.0356672 -6.10745 0.648196 -0.000921774 
2500.16 7014.45 307.281 5 -0.0347216 -6.12852 0.631893 -0.000699047 
2538.62 6842.58 305.374 5 -0.0337757 -6.14599 0.615589 -0.00040388 
2576.93 6670.07 303.503 5 -0.0328298 -6.15993 0.599283 -0.000217228 
2615.1 6497.04 301.667 5 -0.0318838 -6.17124 0.582978 -0.000101632 
2653.13 6323.58 299.866 5 -0.0309378 -6.18061 0.566672 -3.04464e-05 
2691.02 6149.78 298.101 5 -0.0299918 -6.1885 0.550366 1.54317e-05 
2728.79 5975.68 296.37 5 -0.0303783 -6.19516 0.53406 0.000531798 
2766.42 5801.33 294.626 5.03782 -0.0374253 -6.18344 0.517755 -0.000310253 
2803.82 5627.42 292.616 5.29328 -0.0385621 -6.20409 0.501449 -4.89685e-06 
2840.3 5452.74 290.548 5.54575 -0.0402239 -6.21141 0.485143 5.06267e-05 
2875.88 5277.78 288.404 5.81086 -0.0434441 -6.21486 0.468837 3.90488e-05 
2910.5 5102.7 286.123 6.12976 -0.0436873 -6.2181 0.452531 2.77308e-05 
2944 4927.5 283.815 6.40489 -0.0220768 -6.22125 0.436224 1.91436e-05 
2976.49 4752.18 282.295 6.0267 0.0049598 -6.22414 0.419918 -4.08679e-06 
3009.98 4576.76 281.808 5 -0.193684 -6.23256 0.403612 2.35907e-05 
3046.64 4401.01 273.971 9.88713 -1.12347 -6.22039 0.387306 0.000447927 
3068.81 4225.74 231.16 40 -0.0899997 -5.25 0.369 0 
3068.81 4225.74 231.16 40 -0.0899997 -5.25 0.369 0 
3046.75 4189.77 228.872 37.5991 1.16275 -6.28 -0.188388 0.000567952 
3026.22 4144.08 238.457 26.5728 1.4 -6.28 -0.176775 0.000549364 
3014.17 4098.37 250.451 16.935 0.664009 -6.28 -0.165163 0.000526542 
3009.79 4052.66 255.637 13.1767 -0.910088 -6.28 -0.15354 0.000500549 
3008.65 4006.94 246.006 20.9608 -1.4 -6.28 -0.1419 0.000479685 
3001.52 3961.24 231.628 31.7825 -0.595986 -6.28 0.197744 0.000464265 
2985.78 3915.53 224.683 33.5965 -0.314815 -6.28 -0.118713 0.000446806 
2968.48 3869.83 220.368 33.4094 -0.321054 -6.28 -0.107102 0.000428425 
2951.24 3824.13 215.996 33.2739 -0.327579 -6.28 -0.0954895 0.000410265 
2934.03 3778.43 211.565 33.1888 -0.329775 -6.28 -0.0838773 0.000392355 
2916.79 3732.73 207.114 33.1199 -0.323178 -6.28 -0.072265 0.000374719 
2899.52 3687.02 202.727 33.0029 -0.306434 -6.28 -0.0606527 0.00035737 
2882.25 3641.32 198.5 32.768 -0.283956 -6.28 -0.0490404 0.000340303 
2865.08 3595.62 194.489 32.3812 -0.266365 -6.28 -0.0374281 0.000323499 
2848.12 3549.92 190.649 31.8868 -0.267208 -6.28 -0.0258159 0.000306938 
2831.46 3504.22 186.81 31.4241 -0.295908 -6.28 -0.0142037 0.000290617 
2815.08 3458.51 182.706 31.1913 -0.349319 -6.28 -0.00259143 0.000274567 
2798.81 3412.81 178.101 31.352 -0.406584 -6.28 0.00902079 0.000258856 
2782.35 3367.11 172.952 31.9096 -0.43244 -6.28 0.020633 0.00024357 
2765.37 3321.4 167.551 32.6139 -0.391708 -6.28 0.0322453 0.000228778 
2747.74 3275.7 162.524 32.9772 -0.271996 -6.28 0.0438575 0.000214489 
2729.73 3230 158.622 32.4529 -0.104708 -6.28 0.0554698 0.000200633 
2712 3184.3 156.31 30.7541 0.0301671 -6.28 0.067082 0.000187082 
2695.5 3138.59 155.297 30.6038 0.0278645 -6.28 0.0786943 0.000173706 
2679.08 3092.89 154.265 30.475 0.0285278 -6.28 0.0903065 0.000160753 
2662.75 3047.19 153.428 30.3446 0.0340385 -6.28 0.101919 0.000148236 
2646.5 3001.48 154.877 30.1778 0.0442037 -6.28 0.113531 0.000136164 
2630.4 2955.78 156.426 29.9434 0.0557159 -6.28 0.125143 0.000124544 
2614.5 2910.08 158.087 29.6359 0.0625072 -6.28 0.136756 0.00011338 
2598.86 2864.37 159.816 29.2936 0.0580822 -6.28 0.148368 0.000102678 
2583.52 2818.67 161.51 28.9994 0.0394581 -6.28 0.15998 9.24488e-05 
2568.44 2772.96 163.031 28.8524 0.0110939 -6.28 0.171592 8.27086e-05 
2553.5 2727.26 164.287 28.9134 -0.0137292 -6.28 0.183204 7.34767e-05 
2538.55 2681.56 165.307 29.1443 -0.0164215 -6.28 0.194817 6.4771e-05 
2523.44 2635.85 166.299 29.3755 0.0179735 -6.28 0.206429 5.66021e-05 
2508.17 2590.15 167.612 29.3404 0.089069 -6.28 0.218041 4.89706e-05 
2492.93 2544.44 169.597 28.7915 0.172616 -6.28 0.229653 4.18692e-05 
2478.14 2498.74 172.38 27.671 0.222487 -6.28 0.241266 3.52901e-05 
2464.23 2453.03 175.651 26.2561 0.187889 -6.28 0.252878 2.92337e-05 
2451.46 2407.33 178.617 25.1722 0.0434138 -6.28 0.26449 2.37132e-05 
2439.6 2361.62 180.234 25.1888 -0.180085 -6.28 0.276102 1.87523e-05 
2427.8 2315.91 179.738 26.8062 -0.38322 -6.28 0.287715 1.43747e-05 
2414.8 2270.21 177.299 29.7794 -0.422926 -6.28 0.299327 1.05926e-05 
2399.52 2224.51 174.44 32.8502 -0.179658 -6.28 0.310939 7.40093e-06 
2381.81 2178.8 173.833 33.9783 0.35216 -6.28 0.322551 4.78368e-06 
2363.13 2133.1 178.234 31.2089 0.995414 -6.28 0.334164 2.72792e-06 
2346.51 2087.4 188.755 23.9811 1.4 -6.28 0.345777 1.23578e-06 
2335.48 2041.69 203.208 14.2849 1.16948 -6.28 0.357388 0.000180746 
2332.12 1995.98 215.63 6.13868 0.0899993 -5.59634 0.369 0 
2332.12 1995.98 215.63 6.13868 0.0899993 -5.59634 0.369 0 
2341.41 1921.53 217.852 5.35621 -1.02582 -5.59933 1.13713 0.818361 
2352.36 1847.03 199.467 19.7365 -0.133238 -4.76597 0.0928495 0.759651 
2341.01 1787.95 197.158 20.6812 0.374849 -3.99202 -0.101048 0.704878 
2327.99 1743.18 204.215 14.5235 0.501887 -3.27349 0.0609243 0.651555 
2324.32 1711.68 213.803 7.18856 -0.00507188 -2.60892 0.692752 0.598846 
2332.08 1692.47 214.236 7.3527 -0.0409194 -1.99771 0.706079 0.54656 
2339.62 1684.56 214.001 7.99043 -0.0104347 -1.43948 0.658482 0.494869 
2346.21 1686.96 214.311 8.16137 -0.000356305 -0.933659 0.643641 0.444185 
2352.56 1698.72 214.802 8.18206 -0.00153994 -0.479261 0.642136 0.395084 
2358.91 1718.88 215.271 8.21814 -0.00322937 -0.0747035 0.640155 0.348219 
2365.22 1746.53 215.707 8.27526 -0.00403175 0.282261 0.636612 0.304228 
2371.48 1780.77 216.127 8.33968 -0.00459606 0.594534 0.6325 0.263651 
2377.66 1820.78 216.535 8.40763 -0.00522292 0.865571 0.628156 0.226858 
2383.75 1865.81 216.929 8.47976 -0.00592824 1.09921 0.623558 0.194025 
2389.76 1915.15 217.307 8.55687 -0.00668386 1.29947 0.618647 0.165135 
2395.67 1968.2 217.67 8.63933 -0.00747839 1.47035 0.613397 0.140014 
2401.48 2024.41 218.015 8.72732 -0.00830953 1.61569 0.607797 0.118378 
2407.17 2083.3 218.342 8.82097 -0.00917499 1.73902 0.60184 0.0998785 
2412.73 2144.47 218.651 8.92037 -0.0100705 1.84354 0.595519 0.0841439 
2418.17 2207.58 218.94 9.02556 -0.0109905 1.93206 0.588834 0.0708077 
2423.45 2272.32 219.209 9.13646 -0.0119284 2.00702 0.581788 0.059527 
2428.59 2338.45 219.457 9.25295 -0.0128774 2.0705 0.574391 0.0499925 
2433.56 2405.76 219.685 9.37479 -0.0138302 2.12429 0.566657 0.0419323 
2438.37 2474.06 219.891 9.50166 -0.0147795 2.16988 0.558606 0.035112 
2442.99 2543.2 220.076 9.63317 -0.0157182 2.20853 0.550264 0.0293322 
2447.42 2613.05 220.239 9.76885 -0.0166396 2.2413 0.541659 0.0244255 
2451.67 2683.52 220.382 9.90816 -0.0175372 2.26909 0.532827 0.0202518 
2455.71 2754.49 220.503 10.0505 -0.0184046 2.29263 0.523804 0.0166956 
2459.54 2825.9 220.605 10.1953 -0.0192361 2.31255 0.514629 0.0136616 
2463.17 2897.68 220.687 10.3418 -0.0200271 2.32939 0.505345 0.0110716 
2466.58 2969.77 220.749 10.4894 -0.0207758 2.3436 0.495996 0.00886169 
2469.78 3042.13 220.794 10.6373 -0.0214797 2.35555 0.486627 0.0069797 
2472.76 3114.7 220.821 10.785 -0.0221277 2.36559 0.477285 0.00538325 
2475.52 3187.46 220.832 10.9316 -0.022694 2.37401 0.468018 0.00403746 
2478.07 3260.38 220.828 11.0761 -0.023159 2.38106 0.458871 0.00291367 
2480.4 3333.43 220.811 11.2172 -0.0235664 2.38696 0.44989 0.00198792 
2482.52 3406.59 220.783 11.3543 -0.0240551 2.39193 0.441125 0.0012397 
2484.44 3479.84 220.741 11.489 -0.0247166 2.39613 0.432635 0.000651087 
2486.16 3553.16 220.684 11.6236 -0.025226 2.39974 0.424481 0.000205736 
2487.67 3626.56 220.612 11.7559 -0.0246544 2.40289 0.41671 -0.000111833 
2488.99 3700.01 220.548 11.8705 -0.0223931 2.40572 0.409333 -0.000316841 
2490.13 3773.51 220.522 11.9455 -0.0204744 2.40834 0.402363 -0.000424825 
2491.17 3847.06 220.529 11.9902 -0.0247064 2.41085 0.395867 -0.000452044 
2492.13 3920.66 220.456 12.0943 -0.0389572 2.41334 0.389989 -0.00041585 
2492.95 3994.31 220.117 12.3912 -0.0508906 2.41587 0.384822 -0.000334982 
2493.32 4068 219.549 12.8243 -0.024842 2.41848 0.380275 -0.000229799 
2493.01 4141.74 219.449 12.8426 0.0639446 2.4212 0.376211 -0.000122472 
2492.64 4215.53 220.99 11.6131 0.142773 2.42403 0.37272 -3.71544e-05 
2494.13 4289.38 224.025 9.42576 -0.00510102 2.42695 0.369 0 
2494.13 4289.38 224.025 9.42576 -0.00510102 2.42695 0.369 0 
2508.07 4495.22 226.163 8.75831 -0.398469 1.33212 0.850534 1.00161 
2525.35 4644.37 207.989 22.712 0.401956 5.25881 -0.176776 0.274649 
2482.19 4996.89 230.102 5 0.0531315 6.22936 0.701033 -0.0105002 
2515.22 5399.61 235.623 5 0.0531314 6.21037 0.701033 -0.00652815 
2548.82 5801.34 241.144 5 0.0531314 6.20475 0.701033 -0.00686426 
2582.99 6202.78 246.665 5 0.0531314 6.19793 0.701034 -0.00722992 
2617.73 6603.87 252.186 5 0.0531313 6.18984 0.701034 -0.00755805 
2653.04 7004.54 257.707 5 0.0531313 6.18008 0.701034 -0.00790001 
2688.93 7404.7 263.228 5 0.0531312 6.1675 0.701035 -0.00844393 
2725.39 7804.22 268.749 5 0.0531281 6.15085 0.701087 -0.0115315 
2762.42 8202.87 274.269 5 0.0535192 6.12723 0.694341 -0.0185862 
2800.02 8600.3 279.811 5 0.00168456 6.08153 0.822138 0.0220181 
2838.25 8995.36 282.668 5 -0.0183062 6.14431 0.958012 -0.0100467 
2876.8 9393.67 282.263 5 -0.0173606 6.1699 0.94171 -0.356019 
2915.3 9793.31 281.907 5 -0.0164154 4.84123 0.925405 -0.531181 
2953.72 10124.1 281.599 5 -0.0154706 2.68235 0.9091 -0.573879 
2992.01 10343.2 281.341 5 -0.0145259 0.267316 0.892794 -0.56172 
3030.17 10437.2 281.132 5 -0.0135811 -2.13672 0.876488 -0.506736 
3068.22 10406.7 280.972 5 -0.0126363 -4.31289 0.860183 -0.368492 
3106.15 10263.6 280.86 5 -0.0116911 -5.86143 0.843877 -0.100969 
3144.01 10040.2 280.798 5 -0.0107452 -6.24325 0.827571 0.0339169 
3181.85 9797.1 280.784 5 -0.00979915 -6.11126 0.811265 0.00302596 
3219.69 9560.81 280.82 5 -0.00885313 -6.11209 0.794958 -0.00422652 
3257.53 9324.49 280.905 5 -0.00790711 -6.13862 0.778652 -0.00275128 
3295.38 9086.79 281.038 5 -0.0069611 -6.15943 0.762346 -0.0013148 
3333.24 8848.02 281.22 5 -0.00601508 -6.17476 0.74604 -0.000409389 
3371.12 8608.45 281.452 5 -0.00506905 -6.1863 0.729734 5.12303e-05 
3409.02 8368.28 281.732 5 -0.00542298 -6.1957 0.713428 0.0021329 
3446.95 8127.62 281.995 5.05121 -0.0101377 -6.19474 0.697122 -0.000842998 
3484.69 7887.02 282.008 5.30814 -0.0113924 -6.20879 0.680816 0.000726969 
3521.38 7645.69 281.936 5.56508 -0.012647 -6.21446 0.66451 0.000928458 
3556.99 7404.07 281.777 5.82201 -0.0139017 -6.21875 0.648204 0.000948706 
3591.52 7162.22 281.532 6.07894 -0.0151564 -6.2226 0.631898 0.00095781 
3624.96 6920.18 281.2 6.33587 -0.016411 -6.22599 0.615592 0.000945918 
3657.31 6677.96 280.783 6.5928 -0.0176657 -6.22899 0.599286 0.00091282 
3688.54 6435.59 280.279 6.84973 -0.0189204 -6.23167 0.58298 0.000862994 
3718.66 6193.08 279.688 7.10667 -0.020175 -6.23407 0.566673 0.00079987 
3747.65 5950.44 279.012 7.3636 -0.0214298 -6.23625 0.550367 0.00072617 
3775.5 5707.7 278.249 7.62053 -0.0226854 -6.23822 0.534061 0.000644471 
3802.21 5464.85 277.4 7.8775 -0.0239389 -6.24002 0.517755 0.000557412 
3827.77 5221.91 276.464 8.13442 -0.0251729 -6.24166 0.501449 0.000467759 
3852.17 4978.89 275.443 8.39052 -0.0264184 -6.24318 0.485143 0.000378365 
3875.4 4735.79 274.337 8.64654 -0.0280698 -6.24458 0.468837 0.000292074 
3897.45 4492.62 273.124 8.9185 -0.0301436 -6.24589 0.452531 0.00021179 
3918.25 4249.38 271.781 9.21766 -0.024796 -6.24712 0.436224 0.000140881 
3937.67 4006.07 270.69 9.24248 0.000860987 -6.24829 0.419918 8.01245e-05 
3956.84 3762.71 270.925 8.28544 -0.0889843 -6.24936 0.403612 6.54362e-05 
3980.1 3519.29 266.588 11.228 -0.768903 -6.24796 0.387306 0.00096979 
3991.41 3275.95 226.8 40 -0.0899995 -5.67642 0.369 0 
3991.41 3275.95 226.8 40 -0.0899995 -5.67642 0.369 0 
3959.73 3209.74 227.583 35.493 1.4 -3.18143 -0.151754 0.974942 
3933.25 3182.22 251.586 14.2169 0.994281 0.159737 -0.176775 0.911313 
3934.12 3206.5 269.825 5 0.291425 3.41127 -0.165162 0.699141 
3947.27 3281.19 277.394 5 0.290752 6.28 -0.15355 0.0219074 
3960.69 3400.38 284.951 5 0.290079 6.16499 -0.141938 -0.00854793 
3974.35 3517.78 292.499 5 0.289405 6.16497 -0.130325 -0.00126564 
3988.24 3635.19 300.035 5 0.288731 6.15765 -0.118713 -0.00130899 
4002.36 3752.48 307.562 5 0.288058 6.14957 -0.107101 -0.00137277 
4016.72 3869.64 315.078 5 0.287384 6.13958 -0.0954884 -0.00138187 
4031.31 3986.65 322.583 5 0.28671 6.12849 -0.0838761 -0.00139026 
4046.13 4103.49 330.078 5 0.286036 6.11647 -0.0722637 -0.00141598 
4061.19 4220.14 337.563 5 0.285363 6.10325 -0.0606513 -0.00146216 
4076.48 4336.59 345.037 5 0.284689 6.08844 -0.0490389 -0.00152834 
4092 4452.81 352.501 5 0.284015 6.07156 -0.0374265 -0.00161393 
4107.75 4568.76 359.954 5 0.283341 6.05207 -0.025814 -0.00171948 
4123.74 4684.42 367.397 5 0.282668 6.02946 -0.0142015 -0.00184436 
4139.96 4799.72 374.829 5 0.281994 6.0034 -0.00258891 -0.0019639 
4156.4 4914.62 382.251 5 0.28132 5.97434 0.00902379 -0.00195899 
4173.08 5029.06 389.662 5 0.280646 5.94476 0.0206367 -0.00165847 
4189.99 5143.05 397.063 5 0.279972 5.91703 0.0322498 -0.00196505 
4207.13 5256.61 404.454 5 0.279299 5.86421 0.0438636 -0.00773768 
4224.49 5369.35 411.834 5 0.278624 5.65435 0.0554785 -0.0263649 
4242.09 5478.83 419.203 5 0.27795 5.05348 0.0670975 -0.0568221 
4259.9 5579 426.563 5 0.27727 3.9256 0.0787544 -0.0865005 
4277.94 5661.67 433.911 5 -0.194993 2.35316 0.762313 -0.10272 
4296.32 5719.96 429.757 5 -0.194051 0.533653 0.746028 -0.100646 
4314.56 5750.03 424.691 5 -0.193106 -1.33367 0.729727 -0.082547 
4332.61 5751.13 419.64 5 -0.192161 -3.07036 0.713423 -0.055051 
4350.49 5725.3 414.604 5 -0.191216 -4.50184 0.697118 -0.0272364 
4368.19 5677.27 409.582 5 -0.190271 -5.4706 0.680813 -0.00780548 
4385.72 5614.22 404.575 5 -0.189325 -5.92514 0.664507 -1.1444e-05 
4403.09 5544.12 399.582 5 -0.188379 -6.01732 0.648201 0.000616196 
4420.3 5472.58 394.605 5 -0.187433 -5.9976 0.631895 -6.19051e-05 
4437.36 5401.36 389.642 5 -0.186487 -5.99304 0.61559 -0.000236165 
4454.27 5330.2 384.693 5 -0.185541 -6.00915 0.599284 -0.000173282 
4471.02 5258.79 379.759 5 -0.184595 -6.03103 0.582978 -0.000112367 
4487.62 5187.05 374.84 5 -0.183649 -6.05228 0.566672 -8.31273e-05 
4504.06 5114.97 369.936 5 -0.182703 -6.07143 0.550366 -6.72391e-05 
4520.35 5042.6 365.046 5 -0.181757 -6.0884 0.53406 -5.398e-05 
4536.49 4969.97 360.171 5 -0.180811 -6.10336 0.517754 -4.13517e-05 
4552.47 4897.1 355.311 5 -0.179865 -6.11658 0.501448 -2.98905e-05 
4568.31 4824.03 350.465 5 -0.178919 -6.12824 0.485142 -2.00782e-05 
4583.99 4750.77 345.634 5 -0.177973 -6.13836 0.468836 -1.20965e-05 
4599.52 4677.36 340.818 5 -0.177027 -6.14681 0.45253 -6.02951e-06 
4614.91 4603.82 336.016 5 -0.176081 -6.15356 0.436223 -2.24868e-05 
4630.14 4530.17 331.229 5 -0.175135 -6.16082 0.419917 2.55444e-05 
4645.23 4456.42 326.457 5 -0.174189 -6.23811 0.403611 0.00105569 
4660.16 4381.46 321.699 5 -1.4 -4.41341 0.374439 5.8764e-05 
4675.35 4334.8 297.93 22.0458 -0.0297177 -3.63079 0.369 0 
4675.35 4334.8 297.93 22.0458 -0.0297177 -3.63079 0.369 0 
4666.41 4309.04 297.135 20.8846 0.593198 -3.66233 0.277245 -0.0775387 
4658.45 4282.88 304.008 14.0499 0.903911 -3.74368 0.0198813 -0.0711899 
4657.29 4255.73 314.828 5.00011 -0.0562063 -3.81839 1.09781 -0.0625055 
4665.54 4227.65 314.043 5.05458 -0.0787206 -3.88468 1.10476 -0.0567439 
4673.71 4198.75 312.981 5.31115 -0.0818339 -3.94578 1.08846 -0.0525653 
4681.61 4169.11 311.876 5.58509 -0.0849548 -4.00336 1.07216 -0.0488921 
4689.22 4138.76 310.727 5.8751 -0.0860695 -4.05791 1.05585 -0.045419 
4696.5 4107.74 309.558 6.16115 -0.0833422 -4.10958 1.03954 -0.0422739 
4703.48 4076.09 308.418 6.4077 -0.0772903 -4.15867 1.02323 -0.0395834 
4710.19 4043.83 307.346 6.58686 -0.0725559 -4.20564 1.00693 -0.0372997 
4716.69 4011 306.33 6.71632 -0.0769527 -4.2509 0.99062 -0.0352583 
4723.04 3977.61 305.257 6.88532 -0.0961236 -4.29471 0.974314 -0.0333023 
4729.2 3943.69 303.945 7.22862 -0.125259 -4.33715 0.958007 -0.0313529 
4735 3909.24 302.269 7.82534 -0.14395 -4.37817 0.941699 -0.0294079 
4740.17 3874.29 300.352 8.55768 -0.122889 -4.41775 0.925391 -0.0275022 
4744.57 3838.86 298.679 9.04364 -0.0468844 -4.45589 0.909082 -0.0256695 
4748.44 3802.96 297.929 8.78994 0.0546233 -4.49264 0.892772 -0.0239261 
4752.51 3766.61 298.43 7.61761 0.0952711 -4.52807 0.876461 -0.0222712 
4757.73 3729.82 299.453 6.16835 -0.0308607 -4.56225 0.860148 -0.0206968 
4764.43 3692.61 298.956 6.02149 -0.353557 -4.59523 0.84383 -0.0191945 
4771.35 3655 294.502 8.90815 -0.718566 -4.62708 0.8275 -0.0177593 
4775.41 3617 285.512 14.9808 -0.772626 -4.65782 0.811125 -0.0163877 
4773.29 3578.62 275.739 21.0815 -0.149918 -4.68752 0.110356 -0.0150775 
4764.77 3539.89 273.488 21.2597 -0.111461 -4.71622 0.0788197 -0.0138267 
4756.02 3500.8 271.705 21.0818 -0.110642 -4.74394 0.0903745 -0.0126322 
4747.39 3461.38 269.936 20.9041 -0.109344 -4.77072 0.101965 -0.0114906 
4738.9 3421.62 268.187 20.7223 -0.107472 -4.79658 0.113566 -0.0103984 
4730.54 3381.55 266.463 20.5312 -0.105503 -4.82152 0.125171 -0.00935233 
4722.32 3341.17 264.768 20.3308 -0.104502 -4.84556 0.136779 -0.0083494 
4714.26 3300.5 263.089 20.1307 -0.105543 -4.86867 0.148388 -0.00738693 
4706.36 3259.54 261.402 19.9501 -0.108548 -4.89082 0.159997 -0.00646251 
4698.59 3218.31 259.68 19.8057 -0.111228 -4.91196 0.171608 -0.00557408 
4690.93 3176.82 257.929 19.6916 -0.109376 -4.932 0.183218 -0.00472018 
4683.33 3135.08 256.203 19.563 -0.0995374 -4.95082 0.194829 -0.00390013 
4675.81 3093.12 254.6 19.3466 -0.0835068 -4.96826 0.20644 -0.00311448 
4668.46 3050.94 253.198 18.9915 -0.0715894 -4.98407 0.218052 -0.00236536 
4661.43 3008.56 251.95 18.5472 -0.0798448 -4.99794 0.229663 -0.00165703 
4654.8 2966.02 250.608 18.2092 -0.118347 -5.00944 0.241275 -0.000996379 
4648.48 2923.33 248.801 18.2515 -0.174297 -5.01802 0.252886 -0.000393458 
4642.09 2880.54 246.307 18.8065 -0.203239 -5.02293 0.264498 0.000138171 
4635.1 2837.68 243.446 19.5811 -0.145954 -5.02322 0.27611 0.000581457 
4627.26 2794.83 241.273 19.7525 0.0218333 -5.01764 0.287722 0.000916607 
4619.16 2752.04 241.156 18.3374 0.228411 -5.00461 0.299334 0.00112305 
4612.39 2709.42 243.602 15.1004 0.28876 -4.98212 0.310946 0.00118327 
4608.86 2667.06 246.852 11.5525 -0.00681024 -4.94769 0.322557 0.00108923 
4608.97 2625.13 246.544 11.0417 -0.689294 -4.8983 0.334169 0.00085224 
4609.74 2583.8 237.871 16.9377 -1.4 -4.83044 0.345776 0.000351432 
4604.67 2543.31 220.361 28.9915 -1.39369 -4.76867 0.387293 9.06362e-05 
4587.32 2503.58 202.69 40 0.0899991 -4.70791 0.369 0 
4587.32 2503.58 202.69 40 0.0899991 -4.70791 0.369 0 
4550.78 2458.21 201.02 33.2909 1.4 -2.11861 -0.188388 0.392216 
4522.06 2452.5 219.584 17.7188 0.437073 0.313009 -0.176774 -0.657077 
4513.35 2484.04 223.779 14.9177 -1.4 -2.64848 -0.16516 -0.628602 
4508.74 2470.19 199.896 33.8019 -0.874953 -5.53695 0.375648 -0.0333401 
4480.01 2412.11 183.593 38.9549 -0.431884 -6.11152 -0.141939 -0.000350442 
4444.31 2345.24 173.953 38.7789 -0.433336 -6.11813 -0.130326 0.00226105 
4408.53 2278.26 164.294 38.6295 -0.433737 -6.0864 -0.118714 0.00397916 
4372.64 2211.77 154.633 38.4919 -0.429239 -6.04018 -0.107102 0.000609066 
4336.63 2145.98 145.044 38.3077 -0.418224 -6.03564 -0.0954897 -0.000973994 
4300.54 2080.27 135.629 38.0057 -0.407569 -6.05036 -0.0838775 -0.000165327 
4264.53 2014.33 126.384 37.6018 -0.41437 -6.0552 -0.0722652 0.000764347 
4228.73 1948.31 117.045 37.3096 -0.453102 -6.04751 -0.060653 0.00120365 
4193.02 1882.41 107.12 37.4902 -0.50697 -6.03296 -0.0490408 0.00121122 
4156.79 1816.74 96.3649 38.2728 -0.507077 -6.01736 -0.0374285 0.00101487 
4119.28 1751.3 85.589 38.9707 -0.367017 -6.00387 -0.0258163 0.000861906 
4080.54 1686.08 76.9418 37.9585 -0.101623 -5.99205 -0.014204 0.000843447 
4042.69 1621.03 72.3857 36.8327 0.0386375 -5.97971 -0.00259178 0.000908477 
4006.04 1556.17 70.0064 36.6497 0.0395321 -5.9652 0.00902047 0.000980809 
3969.54 1491.53 73.0049 36.4668 0.0404272 -5.9481 0.0206327 0.00102409 
3933.36 1427.16 76.0217 36.2838 0.0413236 -5.92871 0.032245 0.00104242 
3897.5 1363.08 79.0567 36.1008 0.0422193 -5.9073 0.0438572 0.00105647 
3861.96 1299.33 82.1099 35.9177 0.0431101 -5.88367 0.0554695 0.00108427 
3826.73 1235.94 85.1812 35.7348 0.043993 -5.85714 0.0670817 0.00113937 
3791.82 1172.96 88.2706 35.5519 0.0448739 -5.82642 0.0786939 0.00124577 
3757.23 1110.44 91.378 35.3692 0.045771 -5.7892 0.0903062 0.00146455 
3722.96 1048.5 94.5036 35.1864 0.046704 -5.74064 0.101918 0.00192434 
3689.02 987.304 97.6479 35.0031 0.0476624 -5.67025 0.113531 0.00283664 
3655.39 927.184 100.812 34.8191 0.0485766 -5.5572 0.125143 0.00445845 
3622.09 868.796 103.994 34.635 0.0493421 -5.36554 0.136755 0.00696867 
3589.11 813.345 107.192 34.4525 0.0499413 -5.04353 0.148367 0.0102824 
3556.46 762.826 110.404 34.2733 0.0506108 -4.53238 0.15998 0.0139185 
3524.14 720.139 113.631 34.0964 0.0518412 -3.78587 0.171592 0.0170648 
3492.14 688.889 116.88 33.915 0.0539461 -2.79389 0.183204 0.0188709 
3460.47 672.837 120.167 33.7193 0.0562524 -1.59639 0.194816 0.0188168 
3429.16 675.132 123.494 33.5084 0.0566859 -0.277437 0.206429 0.0169287 
3398.23 697.634 126.832 33.3057 0.0530755 1.05818 0.218041 0.0137292 
3367.66 740.599 130.12 33.1574 0.0466785 2.31242 0.229653 0.00998967 
3337.4 802.78 133.314 33.0907 0.0454523 3.41194 0.241265 0.00645102 
3307.32 881.807 136.491 33.0371 0.0611357 4.31237 0.252878 0.00363095 
3277.42 974.629 139.909 32.7981 0.0953259 4.99431 0.26449 0.00174946 
3247.92 1077.9 143.857 32.1767 0.120793 5.46021 0.276102 0.000743366 
3219.29 1188.31 148.211 31.3126 0.0821751 5.73855 0.287714 0.000339661 
3191.88 1302.98 151.994 30.977 -0.0545903 5.89076 0.299327 0.000173106 
3165.03 1419.98 153.689 32.2613 -0.211013 5.98304 0.310939 -0.000117037 
3136.72 1538.4 152.957 35.2328 -0.151635 5.89471 0.322551 -0.000818427 
3104.71 1655.47 153.062 37.2077 0.364533 5.04249 0.334163 -0.00158327 
3070.11 1759.48 161.026 32.9609 1.18458 3.16408 0.345776 -0.00151806 
3040.7 1834.71 181.658 19.5715 1.4 0.803017 0.357433 -6.56257e-06 
3028.26 1873.75 205.92 5.00003 0.0118199 0.690845 0.369 0 
3028.26 1873.75 205.92 5.00003 0.0118199 0.690845 0.369 0 
3053.87 1982.7 205.341 5 -0.690144 -1.93556 1.15369 -0.831341 
3079.98 1968.12 171.744 27.0069 -0.181362 -6.22308 -0.176776 0.0166569 
3019.35 1751.94 160.42 26.8239 -0.180468 -6.14446 -0.165163 -0.00643228 
2958.34 1539.46 149.151 26.6409 -0.179575 -6.18755 -0.153551 0.00132877 
2896.95 1324.95 137.938 26.458 -0.178681 -6.18897 -0.141939 0.00363795 
2835.2 1110.37 126.781 26.275 -0.177788 -6.17723 -0.130327 0.00347653 
2773.09 896.349 115.679 26.092 -0.176894 -6.16583 -0.118714 0.00326749 
2710.62 682.86 104.634 25.9091 -0.176001 -6.15498 -0.107102 0.00331396 
2647.8 469.879 93.6439 25.7261 -0.175107 -6.14305 -0.0954898 0.00350842 
2584.63 257.46 82.71 25.5431 -0.174217 -6.12884 -0.0838775 0.00402138 
2521.12 45.7081 71.8317 25.3602 -0.17333 -6.11035 -0.0722653 0.00422324 
2457.27 -165.174 61.009 25.1776 -0.172388 -6.09122 -0.060653 -0.00327287 
2393.09 -375.158 50.2443 24.9931 -0.171307 -6.12429 -0.0490408 -0.0246261 
2328.59 -586.697 39.5444 24.8024 -0.170909 -6.28 -0.0374285 0.0206985 
2263.8 -805.561 28.8775 24.6318 -0.173939 -6.0625 -0.0258163 0.162053 
2198.65 -1014.2 18.0811 24.5978 -0.171249 -4.85603 -0.0142041 0.258938 
2132.66 -1166.08 7.41369 24.4539 -0.102284 -2.97234 -0.00259181 0.222804 
2066.21 -1229.37 0.00103605 24.0977 -0.0196866 -1.26309 0.00902044 0.130052 
2000.39 -1212.26 0.00102363 23.9147 -0.0187927 -0.174582 0.0206327 0.0679648 
1935.3 -1143.96 0.00102363 23.7317 -0.017899 0.43736 0.0322449 0.0346753 
1870.92 -1046.87 0.00102363 23.5488 -0.0170053 0.77036 0.0438572 0.0162119 
1807.24 -934.118 0.00102363 23.3658 -0.0161117 0.937292 0.0554694 0.00606622 
1744.26 -813.516 0.00102363 23.1828 -0.0152182 1.00627 0.0670817 0.000752187 
1681.97 -689.67 0.00102363 22.9999 -0.0143247 1.01957 0.0786939 -0.00188276 
1620.36 -565.2 0.00102363 22.8169 -0.0134312 1.00201 0.0903062 -0.00307564 
1559.45 -441.556 0.00102363 22.6339 -0.0125377 0.967764 0.101918 -0.00349856 
1499.22 -319.523 0.00102363 22.4509 -0.0116442 0.924951 0.113531 -0.00351451 
1439.68 -199.505 0.00102363 22.268 -0.0107507 0.878256 0.125143 -0.00332116 
1380.83 -81.6832 0.00102363 22.085 -0.00985726 0.830417 0.136755 -0.00302658 
1322.67 33.8877 0.00102363 21.902 -0.00896379 0.783058 0.148367 -0.00268971 
1265.19 147.231 0.00102363 21.7191 -0.00807031 0.737169 0.15998 -0.00234233 
1208.4 258.414 0.00102363 21.5361 -0.00717683 0.693395 0.171592 -0.00200104 
1152.29 367.539 0.00102363 21.3531 -0.00628336 0.652212 0.183204 -0.00167379 
1096.88 474.725 0.00102363 21.1701 -0.00538988 0.614057 0.194816 -0.00136347 
1042.15 580.117 0.00102363 20.9872 -0.00449639 0.579429 0.206429 -0.00106997 
988.103 683.879 0.00102363 20.8042 -0.00360291 0.549 0.218041 -0.000791422 
934.748 786.21 0.00102363 20.6212 -0.00270948 0.523757 0.229653 -0.000525062 
882.081 887.352 0.00102363 20.4383 -0.00181616 0.505186 0.241265 -0.000267984 
830.102 987.621 0.00102363 20.2553 -0.000921994 0.49556 0.252878 -1.80184e-05 
778.812 1087.44 0.00102363 20.0723 -2.45487e-05 0.498359 0.26449 0.000225143 
728.21 1187.38 0.00102363 19.8892 0.000864292 0.518925 0.276102 0.000458455 
678.299 1288.3 0.00102363 19.7063 0.00168467 0.565451 0.287714 0.000673636 
629.078 1391.4 0.00102363 19.526 0.0025359 0.650533 0.299327 0.000855063 
580.539 1498.5 0.00102363 19.3463 0.00457437 0.793575 0.310939 0.000977999 
532.68 1612.33 0.00102363 19.1247 0.00804578 1.02453 0.322551 0.00100855 
485.662 1737.02 0.00102363 18.8227 -0.00584362 1.38966 0.334163 0.000908502 
439.809 1878.89 0.3031 19.0862 -0.0719565 1.95996 0.345776 -0.000665554 
393.075 2047.58 0.00100974 21.6107 0.0645803 1.10534 0.357388 -3.17679e-05 
336.637 2176.08 0.651239 15.983 1.4 0.941338 0.369 0 
