grtopS_71_1
50
2 2
9 9 
0 2 1 7 4 6 5 3 8 
0 2 1 7 4 6 5 3 8 
1105.47 71.0977 66.9094 59.061 16.2258 65.6917 65.9089 116.473 
106461 2.95886e-09 42.8097 7.89117 0 4.88674e-09 1.29294e-09 0 
22.5606 1.45097 1.3655 1.20533 0.331139 1.34065 1.34508 2.37699 
2172.68 6.03848e-11 0.873667 0.161044 0 9.97293e-11 2.63865e-11 0 
3.84985e-09 0.450574 0.103347 48.3653 0.316493 2.12008e-07 0 1.37255 
1.44282e-06 5.9011 0.0315332 0.31605 4.26804 1.09378 2.48173 8.94163 
731.31 930.76 534.93 20.8699 0.548414 0 0.128666 0 
731.31 930.76 534.93 20.8699 0.548414 2.213e-09 0.130582 -0.170998 
731.31 930.76 534.93 20.8467 0.683133 -1.81277 0.123256 0.174249 
2.95616 897.245 588.787 5.02807 0.749387 -0.0698784 0.308109 0.028741 
5.25573 542.925 483.21 5.00108 0.732087 0.0791508 0.308377 0.0280333 
7.88698 192.331 370.365 7.52428 0.637435 0.234076 0.284269 0.0221888 
9.11956 -86.4528 249.167 21.0715 0.535891 0.400354 0.126311 -0.000556374 
8.80306 -79.4964 246.508 20.8621 0.537299 0.404154 0.128753 -0.000208333 
8.51369 -76.9186 241.95 20.8627 0.537128 0.410555 0.128744 -0.000212678 
8.22518 -74.2862 237.331 20.8604 0.536979 0.417041 0.12877 -0.000212046 
7.93782 -71.6612 232.626 20.8579 0.536827 0.423649 0.128799 -0.000211099 
7.65176 -69.0484 227.829 20.8555 0.53667 0.430386 0.128825 -0.000210605 
7.36682 -66.442 222.942 20.853 0.53651 0.437249 0.128854 -0.00020986 
7.08294 -63.8448 217.96 20.8507 0.53635 0.444244 0.128879 -0.000209457 
6.8001 -61.2521 212.888 20.8473 0.536198 0.451367 0.128918 -0.0002071 
6.51843 -58.6879 207.715 20.8434 0.536052 0.458633 0.128961 -0.000204059 
6.23819 -56.163 202.437 20.8383 0.535876 0.466044 0.129021 -0.00019958 
5.9588 -53.6926 197.029 20.8397 0.535671 0.473639 0.129005 -0.000205751 
5.68053 -51.1459 191.554 20.8367 0.535492 0.481327 0.129039 -0.00020468 
5.40339 -48.6121 185.972 20.8345 0.535323 0.489165 0.129063 -0.000204437 
5.1275 -46.0809 180.296 20.8284 0.535147 0.497137 0.129134 -0.000198564 
4.85303 -43.6237 174.477 20.8281 0.534938 0.505307 0.129135 -0.000202328 
4.57944 -41.1196 168.572 20.8251 0.534743 0.513599 0.12917 -0.00020154 
4.30692 -38.6253 162.553 20.8226 0.534546 0.522051 0.129198 -0.000201577 
4.03539 -36.1308 156.425 20.8191 0.534348 0.530655 0.129237 -0.000200062 
3.7648 -33.6553 150.177 20.8161 0.534143 0.539428 0.129271 -0.000199516 
3.49506 -31.1867 143.811 20.8131 0.533933 0.548366 0.129305 -0.000198994 
3.22607 -28.7249 137.325 20.8101 0.533718 0.557473 0.12934 -0.000198531 
2.95776 -26.269 130.717 20.807 0.5335 0.56675 0.129375 -0.000198124 
2.69004 -23.8184 123.986 20.8039 0.533276 0.576201 0.129409 -0.000197775 
2.42285 -21.3723 117.128 20.8008 0.533048 0.585828 0.129445 -0.000197482 
2.1561 -18.93 110.142 20.7977 0.532816 0.595636 0.12948 -0.000197246 
1.88972 -16.4909 103.026 20.7945 0.532579 0.605625 0.129516 -0.000197068 
1.62363 -14.0542 95.7777 20.7914 0.532336 0.615801 0.129552 -0.000196946 
1.35776 -11.6193 88.3945 20.7882 0.532089 0.626166 0.129588 -0.000196883 
1.09202 -9.18535 80.8744 20.7849 0.531837 0.636722 0.129625 -0.000196872 
0.826335 -6.75168 73.2149 20.7817 0.53158 0.647474 0.129661 -0.00019702 
0.560664 -4.31658 65.4144 20.7783 0.531318 0.658424 0.129699 -0.000196926 
0.294861 -1.8826 57.469 20.775 0.531054 0.669577 0.129737 -0.000196893 
0.0289441 0.551903 49.3783 20.771 0.530786 0.680935 0.129781 -0.000196349 
-0.236767 2.97533 41.1329 20.7676 0.530459 0.692506 0.129826 -0.00019693 
-0.50377 5.4137 32.7159 20.7734 0.530316 0.704325 0.129603 -0.000242764 
-0.769391 7.99971 24.3102 20.7325 0.520513 0.715769 0.130697 -0.0004979 
-1.17799 12.2029 11.4839 22.5718 0.499713 0.7321 0.109822 -0.00370481 
-2.25907 56.9221 11.9333 23.8934 0.493329 0.730545 0.0942368 -0.00631778 
-3.71159 128.652 25.3619 23.3032 0.501354 0.706234 0.100921 -0.00310178 
-7.3582 187.05 35.0734 22.7241 0.508336 0.7098 0.107607 -0.00448239 
-4.09435 232.586 40.7794 22.1792 0.522531 0.693323 0.114294 0.0241765 
-4.23271 264.147 45.7799 20.326 0.610405 0.969668 0.120981 -0.00751464 
109.482 238.46 64.2911 5.00059 0.089855 0.84199 0.127666 0 
109.482 238.46 64.2911 5.00059 0.089855 0.84199 0.127666 0 
120.778 281.669 66.9476 5.0141 -1.4 0.447733 1.15369 -1.02412 
132.685 317.739 42.6306 23.8262 -0.081263 -1.01185 0.103747 -1.0017 
115.92 327.407 41.6428 23.0936 0.695488 -2.44302 -0.165163 -0.981543 
99.8801 311.163 54.7389 12.8646 0.602856 -3.86842 -0.017267 -0.963392 
99.1676 269.101 66.4549 5 0.0588846 -5.28358 0.678424 -0.743569 
110.466 201.409 68.5507 5 0.0588841 -6.27674 0.678424 0.740835 
121.825 115.737 70.6464 5 0.0588846 -5.32038 0.678424 0.896087 
133.275 47.3787 72.7422 5 0.0588853 -3.9801 0.678424 0.876821 
144.82 3.28583 74.838 5 0.058886 -2.65577 0.678424 0.855808 
156.46 -16.8308 76.9339 5 0.0588867 -1.35111 0.678424 0.319607 
168.195 -13.327 79.0297 5 0.058887 -0.821129 0.678424 -0.459997 
180.013 -0.228274 81.1255 5 0.0588866 -1.53876 0.678424 -0.0135218 
191.898 -0.121853 83.2214 5 0.0588866 -1.54611 0.678424 -0.00160048 
203.858 -0.148466 85.3172 5 0.0588866 -1.54507 0.678424 0.00029687 
215.894 -0.156295 87.413 5 0.0588866 -1.54504 0.678424 0.000383146 
228.006 -0.163518 89.5088 5 0.0588866 -1.54504 0.678424 0.00118381 
240.194 -0.170775 91.6047 5 0.0588866 -1.54501 0.678424 8.61047e-05 
252.459 -0.177606 93.7005 5 0.0588866 -1.54503 0.678424 -5.95019e-05 
264.799 -0.184721 95.7963 5 0.0588866 -1.54512 0.678424 -0.00271936 
277.215 -0.193388 97.8922 5 0.0588866 -1.54967 0.678424 0.00464257 
289.708 -0.284456 99.988 5 0.0588866 -1.54151 0.678424 -0.00190626 
302.276 -0.227816 102.084 5 0.0588866 -1.54499 0.678424 0.000221188 
314.92 -0.234146 104.18 5 0.0588866 -1.54507 0.678424 0.000217414 
327.641 -0.242072 106.275 5 0.0588866 -1.54515 0.678424 -8.85353e-06 
340.437 -0.251308 108.371 5 0.0588866 -1.54522 0.678424 -7.11682e-05 
353.31 -0.261919 110.467 5 0.0588866 -1.54532 0.678424 0.000164036 
366.258 -0.274232 112.563 5 0.0588867 -1.54498 0.678421 0.000293889 
379.283 -0.280385 114.659 5 0.0588793 -1.54445 0.678549 -0.00066509 
392.383 -0.277079 116.754 5 0.0592176 -1.54587 0.672718 0.000322502 
405.56 -0.299363 118.856 5 0.0437812 -1.54659 0.676624 7.74192e-05 
418.818 -0.3347 120.679 5.2095 0.0392372 -1.54277 0.66451 -8.01038e-05 
431.84 -0.300758 122.413 5.46655 0.0379641 -1.54482 0.648204 -0.000380112 
444.553 -0.30351 124.116 5.72385 0.0367123 -1.54648 0.631898 0.000738784 
456.954 -0.336102 125.79 5.98106 0.0355223 -1.54428 0.615592 -0.000522501 
469.044 -0.32856 127.434 6.23734 0.0343786 -1.5458 0.599286 0.000174315 
480.821 -0.348194 129.05 6.49218 0.033122 -1.54556 0.58298 -0.00129687 
492.289 -0.363155 130.636 6.74729 0.0315055 -1.55079 0.566673 0.00235906 
503.444 -0.472459 132.186 7.00759 0.0295842 -1.54065 0.550367 -0.00115952 
514.278 -0.398046 133.693 7.27668 0.028256 -1.54454 0.534061 -0.000358342 
524.778 -0.393657 135.168 7.54535 0.0290149 -1.54543 0.517755 0.000504964 
534.941 -0.405102 136.649 7.7849 0.0317439 -1.53938 0.501449 -0.0124234 
544.809 -0.306703 138.173 7.97163 0.0314067 -1.68359 0.485143 -0.0530916 
554.459 -2.81898 139.685 8.15401 0.0190095 -2.02299 0.468837 0.121512 
563.9 -11.4758 140.967 8.49865 -0.00593726 -1.46011 0.452531 0.10323 
572.904 -9.94145 141.788 9.15929 -0.0153344 -0.911586 0.436224 0.0825652 
580.991 1.52442 142.419 9.88445 0.0446816 -0.382644 0.419918 0.0610966 
588.034 22.5674 144.116 9.71044 0.183696 0.124829 0.403612 0.038394 
595.349 52.7977 148.335 7.6552 0.245804 0.60712 0.387306 -0.000211049 
605.782 91.7574 153.738 5 -0.09 0.525557 0.369 0 
605.782 91.7574 153.738 5 -0.09 0.525557 0.369 0 
615.943 127.557 152.646 6.63529 -1.19511 0.423643 1.15369 -0.998905 
624.209 161.621 132.681 21.824 -0.0556523 -0.583626 -0.176776 -0.973464 
610.656 178.54 131.715 21.5565 -0.0415342 -1.53472 -0.165163 -0.959034 
597.417 179.255 130.997 21.3337 -0.0413154 -2.50284 -0.153551 -0.939167 
584.445 163.474 130.288 21.1241 -0.0475114 -3.46085 -0.141939 -0.902427 
571.724 131.371 129.48 21.0093 -0.0578688 -4.37763 -0.130327 0.103182 
559.123 83.6468 128.499 20.8261 -0.0569944 -4.27739 -0.118714 0.866664 
546.739 37.6307 127.537 20.6432 -0.056159 -3.39166 -0.107102 0.85081 
534.585 6.70544 126.595 20.461 -0.0553174 -2.51675 -0.0954898 0.810982 
522.658 -9.31334 125.672 20.2794 -0.0543476 -1.68515 -0.0838776 0.225651 
510.959 -11.1634 124.77 20.0967 -0.0531569 -1.46986 -0.0722653 0.387691 
499.481 -9.34562 123.894 19.91 -0.0519332 -1.09812 -0.0606531 -0.428726 
488.232 -1.19431 123.044 19.7196 -0.0513029 -1.51274 -0.0490408 -0.0814929 
477.209 -0.10758 122.209 19.5333 -0.0518796 -1.59098 -0.0374286 0.0147985 
466.41 -0.354081 121.37 19.3665 -0.052954 -1.57665 -0.0258163 0.000332019 
455.812 -0.356558 120.517 19.2234 -0.0513819 -1.57631 -0.0142041 0.0014846 
445.379 -0.353368 119.695 19.0671 -0.0433883 -1.57489 -0.00259184 -0.00155732 
435.128 -0.326236 119.013 18.8158 -0.0312367 -1.57641 0.00902041 0.000390409 
425.193 -0.325261 118.546 18.6328 -0.0303433 -1.57605 0.0206327 -2.28862e-06 
415.492 -0.31827 118.305 18.4498 -0.0294498 -1.57609 0.0322449 -0.000430658 
406.032 -0.312128 118.084 18.2668 -0.0285561 -1.57658 0.0438571 0.0104301 
396.814 -0.314534 117.883 18.0839 -0.0276622 -1.56645 0.0554694 0.144165 
387.839 -0.144538 117.703 17.9009 -0.0267685 -1.42534 0.0670816 -0.187507 
379.109 2.42949 117.543 17.7179 -0.0258758 -1.60961 0.0786939 -0.317657 
370.621 1.8637 117.403 17.5349 -0.0249842 -1.92892 0.0903061 -0.306142 
362.373 -4.14273 117.284 17.352 -0.024092 -2.2385 0.101918 -0.273144 
354.366 -15.424 117.184 17.1691 -0.0231959 -2.51302 0.113531 0.146357 
346.601 -31.3828 117.105 16.9861 -0.0222939 -2.36314 0.125143 0.0761026 
339.086 -44.7882 117.046 16.803 -0.0213925 -2.28799 0.136755 -0.217954 
331.819 -56.9133 117.008 16.6198 -0.0205093 -2.51495 0.148367 0.387138 
324.797 -72.9055 116.99 16.4368 -0.0196586 -2.09389 0.15998 0.381818 
318.03 -81.7239 116.991 16.2544 -0.0188145 -1.68006 0.171592 0.362643 
311.517 -83.4918 117.011 16.0725 -0.0178861 -1.28885 0.183204 0.342074 
305.259 -78.5943 117.053 15.8901 -0.0167807 -0.908667 0.194816 0.321093 
299.256 -67.2194 117.118 15.7048 -0.015594 -0.53965 0.206429 0.299919 
293.512 -49.5575 117.208 15.516 -0.01478 -0.189886 0.218041 0.27865 
288.034 -25.9365 117.317 15.3289 -0.0149038 0.138994 0.229653 0.257335 
282.819 3.28784 117.43 15.1554 -0.0156752 0.447271 0.241265 0.23599 
277.85 37.7643 117.534 15.0025 -0.0148786 0.734934 0.252878 0.214619 
273.096 77.1419 117.655 14.8475 -0.00923194 1.00422 0.26449 0.193226 
268.56 121.107 117.878 14.6278 0.000832143 1.25782 0.276102 0.171821 
264.332 169.393 118.277 14.2932 0.00477925 1.47248 0.287714 0.150506 
260.575 221.337 118.753 13.936 -0.0157958 1.7169 0.299327 0.128981 
257.333 277.444 118.888 13.8763 -0.0640731 1.89785 0.310939 0.107551 
254.196 336.634 118.203 14.4404 -0.0914547 2.07434 0.322551 0.0861067 
250.277 398.831 117.035 15.288 0.00230669 2.23396 0.334163 0.0646279 
245.131 463.75 117.442 14.8174 0.260548 2.28076 0.345776 0.042954 
240.554 529.465 122.261 11.0429 0.467194 2.3097 0.357388 0.000602095 
241.225 595.669 130.705 5 0.09 2.26258 0.369 0 
241.225 595.669 130.705 5 0.09 2.26258 0.369 0 
250.115 604.937 130.218 5.09378 0.151498 2.71618 -0.187167 1.02734 
248.246 621.026 147.162 5.00146 -1.3987 6.1913 1.13617 -1.00374 
276.714 714.66 127.024 11.0941 -1.39827 6.28 0.115527 -0.983581 
290.218 881.084 113.922 23.3349 -0.603944 6.28 0.289282 -0.962144 
294.604 1047.52 110.096 27.0415 -0.619233 6.28 -0.138426 -0.941712 
295.496 1213.96 105.688 30.9876 -0.117907 6.28 -0.126394 -0.920305 
293.102 1380.4 105.654 25.8045 1.39869 5.69543 1.05465 -0.898899 
294.013 1537.4 126.447 10.0961 1.39618 2.97357 -0.0190896 -0.877493 
307.108 1610.65 160.647 5.00184 0.350559 -2.18675 0.318381 -0.856086 
340.14 1629.06 166.426 5.00147 -1.3987 -4.79355 0.446127 -0.83468 
375.454 1628.46 141.939 7.16415 -1.39865 -6.27857 0.605509 0.180528 
393.898 1568.61 122.506 21.1468 -0.438693 -3.1235 -0.0585639 0.12319 
397.828 1540.86 126.252 25.5235 1.39881 -6.28 -0.0478495 -0.00550014 
394.891 1450.84 141.847 14.3696 1.29295 -6.28 -0.0362403 0.0197628 
406.682 1331.65 164.464 5.4544 -1.39442 -6.28 0.307892 0.14171 
423.157 1212.44 143.165 18.216 -1.36982 -6.28 -0.0019004 0.13379 
421.61 1093.24 127.393 31.6763 0.143073 -6.28 -0.00141292 0.0399054 
408.803 974.058 129.123 30.7114 1.01317 -6.28 0.0101963 -0.101249 
396.645 854.875 136.224 23.9395 0.978354 -6.28 0.0218055 -0.0857551 
389.36 735.685 137.688 24.9017 1.39635 -6.28 0.179735 -0.0603603 
380.909 616.496 138.814 21.787 0.0870737 -6.28 0.045024 0.0282243 
374.462 497.304 136.935 24.9031 -0.12642 -6.28 0.746669 0.577814 
366.029 378.114 137.053 23.088 -0.0848083 -6.28 0.793798 0.55641 
359.947 258.923 133.572 24.2926 0.2562 -4.60399 0.707589 0.535006 
351.176 164.94 135.924 20.663 0.137028 -6.27854 0.761191 0.288732 
345.871 91.4092 135.374 19.3949 0.189301 -6.27854 0.7183 0.0832588 
339.63 25.7834 138.237 15.4194 1.2208 -6.27854 0.728584 -0.0819583 
336.276 -38.7004 145.737 8.20189 0.841139 -6.27854 0.712281 0.298117 
337.471 -104.346 150.776 5.00146 0.114285 -6.27854 0.695977 0.427989 
341.261 -164.981 147.005 6.28033 -0.731406 -6.00559 0.633934 0.406585 
338.955 -202.288 145.338 6.00839 1.32478 -3.42531 0.205507 0.385181 
336.865 -211.719 153.07 5.89862 -1.38167 -0.557856 0.172728 0.363778 
339.605 -193.172 107.806 7.28062 0.429572 1.89404 0.60177 0.342373 
341.084 -154.043 163.058 5.84163 -1.39152 4.11671 0.584527 0.320969 
335.815 -97.0147 140.329 5.74016 -1.33971 5.42761 0.572606 0.299565 
336.056 -26.1119 127.32 14.8292 1.35126 5.80661 0.354801 0.278161 
332.313 69.3082 137.14 7.66082 0.870923 6.28 0.545574 0.256757 
330.956 235.729 140.584 5.53707 0.430407 3.95636 0.53125 0.227798 
330.59 367.201 142.114 5.27972 1.12566 3.23092 0.25398 0.208672 
332.366 487.688 146.879 5.05358 -1.39872 2.27732 0.265587 0.187306 
322.138 593.855 137.708 9.31694 -1.38784 1.32297 0.487552 0.165791 
318.793 685.713 122.767 19.8249 -1.3987 6.27855 0.288807 0.143542 
309.693 761.558 109.555 28.5245 -1.39136 5.82121 0.467125 0.120935 
297.209 824.408 100.263 17.6277 0.964693 4.90217 0.384808 0.0980501 
286.667 873.386 108.821 9.65623 0.636887 4.1763 0.38183 0.0737882 
283.093 911.439 115.769 5.59238 -1.39874 3.01516 0.335214 0.0476697 
286.427 932.06 112.331 6.84679 -1.39871 2.16048 0.346797 0.0380017 
288.535 939.825 80.6042 30.1131 -1.39874 1.56323 0.358005 0.021372 
268.682 938.626 92.2425 39.5845 0.0381627 5.92249 0.369 0 
268.682 938.626 92.2425 39.5845 0.0381627 5.92249 0.369 0 
259.412 969.274 92.6198 38.3556 0.781688 5.60723 -0.188388 -1.02859 
250.489 998.619 96.0774 34.9242 1.12951 5.05701 -0.176776 -1.00718 
242.701 1025.69 100.995 30.4896 1.34849 4.51159 -0.165163 -0.985776 
236.401 1050.51 106.846 26.117 1.4 3.97096 -0.153551 -0.964367 
231.592 1073.09 112.94 21.6981 1.28727 3.43513 -0.141939 -0.942959 
228.303 1093.45 118.596 17.7504 1.00929 2.9041 -0.130327 -0.921551 
226.389 1111.62 123.131 14.7807 0.585307 2.37788 -0.118714 -0.900143 
225.53 1127.62 125.933 13.2216 0.0543194 1.85646 -0.107102 -0.878735 
225.252 1141.46 126.552 13.3715 -0.52794 1.33985 -0.0954898 -0.857327 
224.976 1153.17 124.764 15.3456 -0.569115 0.828043 -0.0838776 -0.835918 
224.033 1162.76 122.792 17.3938 -0.41788 0.321042 -0.0722653 -0.81451 
222.382 1170.26 121.432 18.9094 -0.180044 -0.181154 -0.0606531 -0.793102 
220.196 1175.68 121.045 19.6344 0.123122 -0.678546 -0.0490408 -0.771694 
217.741 1179.05 121.905 19.3848 0.460356 -1.17113 -0.0374286 -0.750286 
215.345 1180.38 124.161 18.0797 0.793342 -1.65891 -0.0258163 -0.728878 
213.372 1179.7 127.801 15.7609 1.08079 -2.14189 -0.0142041 -0.707469 
212.17 1177.02 132.644 12.5988 0.809179 -2.62006 -0.00259184 -0.686061 
212.077 1172.37 136.386 10.3735 0.263361 -3.09341 0.00902041 -0.664653 
212.795 1165.76 137.887 9.92184 0.199796 -3.56195 0.0206327 -0.643245 
213.679 1157.21 139.128 9.68 0.199485 -4.02568 0.0322449 -0.621837 
214.651 1146.75 140.37 9.44353 0.196876 -4.4846 0.0438571 -0.600429 
215.711 1134.39 141.603 9.21951 0.19219 -4.9387 0.0554694 -0.57902 
216.854 1120.15 142.818 9.01413 0.185924 -5.38799 0.0670816 -0.557612 
218.074 1104.06 144.008 8.83186 0.178817 -5.83247 0.0786939 -0.536204 
219.363 1086.13 145.17 8.67473 0.171776 -6.27213 0.0903061 -0.325286 
220.713 1066.38 146.304 8.54183 0.165784 -6.28 0.101918 0.272366 
222.117 1046.61 147.414 8.42923 0.161787 -6.28 0.113531 0.25289 
223.568 1026.83 148.509 8.33012 0.160567 -6.28 0.125143 0.0029673 
225.061 1007.05 149.599 8.23538 0.162641 -6.28 0.136755 -0.000281192 
226.594 987.27 150.698 8.13456 0.168162 -6.28 0.148367 -0.000445391 
228.169 967.492 151.821 8.01699 0.176876 -6.28 0.15998 -0.000480406 
229.792 947.713 152.98 7.87306 0.188112 -6.28 0.171592 -0.000593365 
231.47 927.935 154.187 7.69558 0.200826 -6.28 0.183204 -0.000685254 
233.217 908.156 155.448 7.48079 0.213697 -6.28 0.194816 -0.000747928 
235.044 888.378 156.763 7.22921 0.225264 -6.28 0.206429 -0.0012455 
236.964 868.599 158.128 6.94592 0.234094 -6.28 0.218041 -0.0010803 
238.989 848.821 159.531 6.64038 0.238958 -6.28 0.229653 -0.00364187 
241.126 829.042 160.956 6.32566 0.239005 -6.28 0.241265 -0.00227242 
243.379 809.263 162.383 6.01715 0.2339 -6.28 0.252878 -0.0014279 
245.746 789.484 163.792 5.73088 0.223911 -6.28 0.26449 -0.000870248 
248.221 769.705 165.161 5.4816 0.209931 -6.28 0.276102 -0.000481432 
250.791 749.926 166.473 5.28085 0.193428 -6.28 0.287714 -0.000275093 
253.439 730.147 167.719 5.13528 0.176314 -6.28 0.299327 -5.07085e-05 
256.147 710.368 168.896 5.0453 0.160751 -6.28 0.310939 -3.00832e-05 
258.896 690.589 170.008 5.00455 0.148909 -6.28 0.322551 5.63492e-06 
261.669 670.81 171.072 5 0.142695 -6.28 0.334163 7.67426e-06 
264.453 651.03 172.11 5.01299 0.1435 -6.28 0.345776 1.53755e-05 
267.24 631.251 173.152 5.02098 0.151975 -6.28 0.357388 0.000356432 
270.033 611.472 174.228 5 -0.0130721 -6.08758 0.369 0 
270.033 611.472 174.228 5 -0.0130721 -6.08758 0.369 0 
279.997 535.894 174.545 5.72792 -1.20105 -6.09061 1.1536 -0.000521157 
289.393 460.267 154.969 20.9162 -0.289934 -6.09409 0.0237315 -0.123585 
277.47 384.597 150.228 23.6876 0.187124 -6.21138 -0.164756 0.0514547 
261.512 306.968 153.392 20.2247 0.623018 -6.16692 -0.152651 -0.0719509 
250.156 230.08 163.941 11.5829 0.531797 -6.23655 -0.134592 0.939422 
250.767 152.017 173.195 5.03066 -0.881966 -5.37109 1.05531 0.918555 
260.955 88.4249 158.976 16.3066 -0.333223 -4.5243 0.240516 0.894211 
255.38 39.0096 153.634 19.9714 -0.0441551 -3.69946 -0.105792 0.851094 
244.629 3.39613 153.029 19.8135 -0.0452841 -2.91395 -0.0948265 0.832018 
234.079 -19.0776 152.409 19.679 -0.0440169 -2.14555 -0.0833985 0.822576 
223.699 -28.6977 151.814 19.5347 -0.0355237 -1.38537 -0.0718543 0.805419 
213.499 -25.6017 151.366 19.2895 -0.0212267 -0.640539 -0.0602919 -0.372362 
203.618 -10.0465 151.163 18.8806 -0.0171805 -0.984209 -0.0486956 -0.625319 
194.273 -0.240623 151.038 18.4561 -0.0490486 -1.562 -0.0370784 -0.0114104 
185.495 -0.100412 150.392 18.4749 -0.118523 -1.57254 -0.0254448 0.00269487 
176.694 -0.136581 148.583 19.3673 -0.154578 -1.57005 -0.0138124 0.000112183 
166.648 -0.130111 146.147 20.6126 -0.019448 -1.56994 -0.00219096 3.02929e-05 
154.806 -0.12048 145.938 19.9939 0.339402 -1.56992 0.00946439 -0.000133449 
143.666 -0.110945 151.749 14.8671 0.622243 -1.57005 0.0213686 0.000110292 
139.498 -0.109031 162.428 6.69064 0.1168 -1.56996 0.687249 3.38588e-05 
146.816 -0.114561 164.872 5.34647 -0.0106932 -1.56994 0.824634 1.77097e-05 
156.061 -0.121096 165.219 5.66995 -0.00542806 -1.56992 0.802365 -4.4144e-05 
164.883 -0.127013 165.645 5.9076 -0.00464293 -1.56996 0.785765 -3.67903e-05 
173.399 -0.133366 166.078 6.12162 -0.00768727 -1.57 0.772687 -0.000406785 
181.645 -0.140066 166.455 6.3607 -0.0094322 -1.57037 0.757776 0.00307612 
189.583 -0.152809 166.796 6.60694 -0.0105108 -1.56753 0.742276 0.120189 
197.203 -0.11772 167.112 6.85151 -0.0112738 -1.4564 0.72649 -0.176123 
204.507 1.77661 167.409 7.09078 -0.012705 -1.61917 0.711133 -0.444199 
211.499 0.948383 167.675 7.33353 -0.014559 -2.02992 0.695924 -0.423508 
218.169 -6.75055 167.904 7.58464 -0.0159098 -2.42181 0.679942 -0.105516 
224.506 -21.0048 168.104 7.83736 -0.0173705 -2.51994 0.663942 0.383036 
230.511 -36.9003 168.272 8.09294 -0.0187305 -2.16642 0.64778 0.36194 
236.183 -46.8817 168.411 8.3499 -0.0199428 -1.83216 0.631547 0.337618 
241.52 -51.2715 168.523 8.60626 -0.0209685 -1.52017 0.615282 0.315615 
246.522 -50.442 168.611 8.85975 -0.021985 -1.22831 0.599002 0.293084 
251.192 -44.7301 168.675 9.11056 -0.0234857 -0.957088 0.582715 0.27204 
255.531 -34.481 168.707 9.36516 -0.025904 -0.705144 0.566423 0.250002 
259.535 -20.017 168.691 9.63482 -0.0286354 -0.473407 0.550125 0.228651 
263.18 -1.67637 168.623 9.92187 -0.0293002 -0.261256 0.533822 0.210844 
266.442 20.2135 168.536 10.1981 -0.0251952 -0.0654274 0.517513 0.191218 
269.331 45.3794 168.51 10.4041 -0.0181393 0.112386 0.501199 0.171088 
271.944 73.52 168.597 10.5098 -0.0193457 0.271705 0.484884 0.150092 
274.42 104.326 168.661 10.6315 -0.0445339 0.411718 0.46857 0.128844 
276.746 137.474 168.3 11.0724 -0.0907113 0.532178 0.452253 0.107477 
278.486 172.637 167.155 12.0651 -0.106865 0.632965 0.435911 0.0860147 
278.863 209.488 165.713 13.1672 -0.00622846 0.713975 0.419487 0.0643845 
277.683 247.695 165.925 12.8805 0.226034 0.775037 0.402708 0.0421043 
276.816 286.923 170.03 9.68148 0.366362 0.815533 0.379395 0.000590941 
280.329 326.825 176.568 5.06252 -0.0612657 0.817669 0.369 0 
280.329 326.825 176.568 5.06252 -0.0612657 0.817669 0.369 0 
290.35 366.89 176.075 6.40142 -1.24228 0.819276 1.15369 -1.02833 
298.95 406.983 155.725 22.0927 -0.220039 -0.133045 -0.154698 -1.00701 
285.409 431.11 152.109 23.9843 -0.00300749 -1.06625 -0.16515 -0.985426 
269.116 439.576 152.084 22.9056 0.484282 -1.98007 -0.153502 -0.964187 
254.098 432.705 160.267 15.7141 0.819615 -2.87482 -0.139751 -0.942919 
248.901 410.81 174.272 5.01718 0.0393862 -3.75044 0.470447 -0.921531 
258.811 374.207 175.469 5.00067 -0.89653 -4.60679 1.05504 -0.900126 
269.086 323.232 160.96 16.5034 -0.351119 -5.44384 0.466126 -0.878711 
263.209 258.22 155.294 20.2201 0.536082 -6.2616 -0.0954704 0.831444 
251.836 179.489 164.419 12.6179 0.588881 -5.49345 0.137733 0.83584 
250.985 113.641 174.634 5.00018 0.0165185 -4.72072 0.844707 0.814421 
260.925 60.7535 175.448 5.00025 0.0165231 -3.96732 0.844701 0.792971 
270.901 20.5108 176.262 5.00027 0.0165231 -3.23331 0.8447 0.771505 
280.915 -7.41298 177.076 5.00029 0.0165244 -2.51872 0.844699 0.750021 
290.966 -23.3436 177.891 5.00029 0.0165246 -1.82359 0.844698 0.728478 
301.054 -27.6077 178.705 5.0003 0.0165255 -1.14797 0.844698 0.598824 
311.178 -20.5326 179.519 5.0003 0.0165262 -0.592168 0.844695 -0.685416 
321.337 -4.12937 180.333 5.0003 0.0165202 -1.22736 0.844799 -0.484514 
331.515 1.6133 181.147 5.0003 0.0167734 -1.6766 0.836586 0.111282 
341.714 -0.183771 181.966 5.00314 -0.00356718 -1.57344 0.843856 0.00364806 
351.944 -0.249464 182.443 5.26001 -0.00482804 -1.57006 0.827556 0.000835927 
361.846 -0.25813 182.892 5.51696 -0.006083 -1.56928 0.81125 -0.00136323 
371.418 -0.253514 183.313 5.77391 -0.00733609 -1.57055 0.794942 0.000936444 
380.659 -0.269846 183.705 6.03084 -0.00859046 -1.56968 0.778635 0.0698329 
389.568 -0.271335 184.07 6.28777 -0.00984673 -1.5049 0.762329 0.165804 
398.146 0.814708 184.407 6.54472 -0.011102 -1.35104 0.746024 -0.493362 
406.391 4.48323 184.716 6.80168 -0.0123526 -1.80857 0.729718 -0.471956 
414.295 0.473138 184.997 7.05858 -0.0135983 -2.24656 0.713412 -0.45053 
421.858 -10.8875 185.251 7.31536 -0.0148488 -2.66496 0.697106 0.0519024 
429.08 -29.2699 185.476 7.57211 -0.016122 -2.61755 0.680801 0.407618 
435.964 -46.8564 185.673 7.82911 -0.0174236 -2.24011 0.664495 0.386227 
442.515 -58.108 185.842 8.0867 -0.0187119 -1.88227 0.64819 0.364815 
448.73 -63.3536 185.981 8.34465 -0.0198927 -1.54405 0.631884 0.343396 
454.608 -62.9225 186.094 8.60156 -0.0209112 -1.22547 0.615578 0.321976 
460.149 -57.1444 186.183 8.85545 -0.021938 -0.92655 0.599273 0.300559 
465.356 -46.3491 186.248 9.10676 -0.0234513 -0.647296 0.582967 0.279146 
470.232 -30.8668 186.281 9.36199 -0.0258513 -0.387718 0.566662 0.25774 
474.769 -11.0276 186.267 9.63204 -0.0284972 -0.147823 0.550356 0.236339 
478.947 12.8381 186.201 9.91842 -0.0290291 0.07238 0.53405 0.214941 
482.741 40.3998 186.118 10.1923 -0.0248928 0.272881 0.517745 0.193544 
486.165 71.3268 186.098 10.3956 -0.0181597 0.453666 0.501439 0.172148 
489.315 105.288 186.185 10.5027 -0.0201212 0.614725 0.485133 0.150749 
492.327 141.953 186.236 10.6352 -0.0458874 0.756041 0.468828 0.12935 
495.172 180.989 185.851 11.0943 -0.0909467 0.877601 0.452522 0.107947 
497.405 222.067 184.698 12.0907 -0.102992 0.97939 0.436217 0.0865404 
498.263 264.853 183.315 13.1439 0.00273651 1.06139 0.419911 0.0651231 
497.625 309.017 183.679 12.744 0.232957 1.12357 0.403605 0.0436691 
497.46 354.224 187.917 9.46033 0.354167 1.16589 0.387299 0.0163262 
501.814 400.138 194.278 5.00014 -0.0899815 1.18286 0.369 0 
501.814 400.138 194.278 5.00014 -0.0899815 1.18286 0.369 0 
521.069 480.398 191.186 6.65369 -0.821013 -0.186412 1.15369 -1.02781 
536.612 520.05 166.333 23.4558 0.674792 -3.23341 -0.176776 -0.742062 
509.788 469.364 185.045 5 -0.0603364 -4.79441 1.12108 -0.115327 
528.336 372.344 182.832 5 -0.0593904 -4.93799 1.10478 0.0280779 
546.748 271.067 180.647 5 -0.0584444 -4.93748 1.08847 0.185196 
565.031 169.804 178.49 5 -0.0574984 -4.94636 1.07216 0.510729 
583.184 68.2782 176.36 5 -0.0565517 -3.70927 1.05586 0.729437 
601.239 3.44304 174.259 5 -0.0556047 -1.9221 1.03955 0.179038 
619.211 -8.38659 172.186 5 -0.0546583 -1.25693 1.02324 -0.0717511 
637.075 -0.487941 170.141 5 -0.0537124 -1.52347 1.00694 0.000121203 
654.811 -0.494647 168.125 5 -0.0527664 -1.52335 0.990633 -4.93422e-06 
672.426 -0.497726 166.136 5 -0.0518204 -1.52331 0.974327 -2.91715e-05 
689.923 -0.499546 164.175 5 -0.0508743 -1.52331 0.95802 -1.10593e-05 
707.302 -0.501595 162.242 5 -0.0499283 -1.5233 0.941714 -9.92039e-06 
724.566 -0.503297 160.338 5 -0.0489823 -1.52332 0.925408 -0.0032038 
741.716 -0.505436 158.461 5 -0.0480362 -1.53738 0.909102 0.00537165 
758.754 -0.924774 156.613 5 -0.0470902 -1.5128 0.892796 -0.00227177 
775.682 -0.614888 154.792 5 -0.0461442 -1.52353 0.87649 5.26933e-05 
792.501 -0.623271 153 5 -0.0451981 -1.52324 0.860184 -0.000365091 
809.213 -0.623152 151.236 5 -0.0442521 -1.52507 0.843878 0.000395158 
825.82 -0.677174 149.499 5 -0.0433061 -1.52291 0.827571 -0.000145391 
842.323 -0.667378 147.791 5 -0.04236 -1.52368 0.811265 -6.87394e-06 
858.723 -0.680401 146.111 5 -0.041414 -1.52368 0.794959 -6.36753e-06 
875.024 -0.693407 144.459 5 -0.040468 -1.52368 0.778653 -1.84593e-06 
891.225 -0.706352 142.835 5 -0.0395219 -1.52366 0.762347 4.13366e-05 
907.33 -0.718588 141.239 5 -0.0385759 -1.52338 0.746041 4.60169e-05 
923.339 -0.722552 139.671 5 -0.0376299 -1.52302 0.729735 -0.00038083 
939.255 -0.715759 138.131 5 -0.0366838 -1.52596 0.713429 0.00042366 
955.078 -0.796198 136.619 5 -0.0357378 -1.52235 0.697122 -0.000148963 
970.811 -0.769778 135.135 5 -0.0347918 -1.52366 0.680816 2.66154e-05 
986.455 -0.782196 133.68 5 -0.0338457 -1.52338 0.66451 5.03179e-05 
1002.01 -0.786132 132.252 5 -0.0328997 -1.52284 0.648204 5.03725e-06 
1017.48 -0.774223 130.853 5 -0.0319537 -1.52274 0.631898 -0.000492129 
1032.87 -0.75925 129.481 5 -0.250186 -1.52908 0.615592 0.000608417 
1048.31 -0.932385 121.637 9.94567 -0.251678 -1.52024 0.599286 -0.000210278 
1051.53 -0.834156 113.514 13.9905 -0.117511 -1.52362 0.58298 2.79558e-05 
1044.57 -0.828276 109.177 14.2475 -0.118787 -1.52305 0.566673 -8.20096e-05 
1036.74 -0.805134 104.791 14.5049 -0.120045 -1.52477 0.550367 6.96553e-05 
1028.05 -0.832338 100.355 14.7624 -0.121158 -1.52303 0.534061 -3.21349e-05 
1018.47 -0.807573 95.8734 15.0165 -0.122132 -1.524 0.517755 4.03089e-05 
1008.03 -0.811013 91.3511 15.2649 -0.123902 -1.52245 0.501449 -0.000103705 
996.733 -0.768156 86.7646 15.5265 -0.128069 -1.52562 0.485143 -0.0147593 
984.541 -0.818674 82.042 15.8529 -0.130812 -2.17787 0.468837 0.00430893 
971.28 -20.2136 77.2225 16.1995 -0.113973 -1.85475 0.452531 0.027651 
956.906 -30.0247 72.886 16.1205 -0.0725805 -0.75935 0.436224 0.0191129 
942.463 -7.34734 69.7809 15.1441 -0.127068 0.343919 0.419918 0.0102714 
930.215 48.0499 65.1062 15.6073 -0.526218 1.43277 0.403612 0.00419714 
916.851 135.742 48.5711 25.009 -0.853504 2.49047 0.387306 0.000305781 
880.38 254.822 21.8822 40 1.4 3.0535 0.369 0 
731.31 930.76 534.93 20.8699 0.548414 0 0.128666 0 
731.31 930.76 534.93 20.8699 0.548412 -5.8932e-07 0.128666 -9.86769e-06 
731.287 930.793 534.875 20.8959 0.548368 -0.00996893 0.128371 -3.00961e-05 
342.555 980.118 562.596 20.8087 0.550218 -0.0373082 0.12936 0.000130211 
401.697 824.059 563.13 20.7789 0.550633 -0.0389561 0.129697 0.000185296 
426.043 603.02 545.998 20.8341 0.549285 -0.0152934 0.129071 7.28297e-05 
435.44 516.146 539.242 20.8559 0.548753 -0.0059584 0.128824 2.8377e-05 
439.089 482.297 536.609 20.8645 0.548546 -0.00232021 0.128728 1.10513e-05 
440.509 469.115 535.583 20.8678 0.548465 -0.000902861 0.12869 4.30356e-06 
441.064 463.981 535.183 20.8691 0.548434 -0.000349727 0.128675 1.67123e-06 
441.28 461.988 535.027 20.8696 0.548421 -0.000133339 0.12867 6.42118e-07 
441.365 461.222 534.965 20.8698 0.548417 -4.83541e-05 0.128667 2.38477e-07 
441.398 460.937 534.941 20.8698 0.548415 -1.47084e-05 0.128666 7.92003e-08 
441.411 460.843 534.931 20.8699 0.548414 -1.12314e-06 0.128666 1.54441e-08 
441.416 460.824 534.927 20.8699 0.548414 4.6416e-06 0.128666 -1.10101e-08 
441.418 460.837 534.925 20.8699 0.548413 7.38978e-06 0.128666 -2.3001e-08 
441.419 460.865 534.924 20.8699 0.548413 9.01203e-06 0.128666 -2.94893e-08 
441.419 460.9 534.923 20.8699 0.548413 1.02666e-05 0.128666 -3.40624e-08 
441.419 460.94 534.922 20.8699 0.548413 1.14604e-05 0.128666 -3.8148e-08 
441.419 460.986 534.921 20.8699 0.548413 1.27304e-05 0.128666 -4.23581e-08 
441.419 461.036 534.92 20.8699 0.548413 1.41502e-05 0.128666 -4.69985e-08 
441.419 461.092 534.919 20.8699 0.548413 1.57705e-05 0.128666 -5.22481e-08 
441.419 461.154 534.917 20.8699 0.548413 1.76432e-05 0.128666 -5.82867e-08 
441.419 461.224 534.916 20.8699 0.548413 1.98219e-05 0.128666 -6.52736e-08 
441.419 461.301 534.914 20.8699 0.548413 2.23759e-05 0.128666 -7.34246e-08 
441.419 461.389 534.912 20.8699 0.548413 2.53898e-05 0.128666 -8.29954e-08 
441.419 461.488 534.909 20.8699 0.548412 2.89708e-05 0.128665 -9.42881e-08 
441.418 461.6 534.906 20.8699 0.548412 3.32652e-05 0.128665 -1.07746e-07 
441.418 461.728 534.903 20.8699 0.548412 3.84581e-05 0.128665 -1.23892e-07 
441.418 461.876 534.898 20.8699 0.548412 4.48015e-05 0.128665 -1.43441e-07 
441.418 462.046 534.892 20.87 0.548411 5.26384e-05 0.128665 -1.67346e-07 
441.417 462.246 534.886 20.87 0.548411 6.24442e-05 0.128665 -1.96891e-07 
441.417 462.48 534.877 20.87 0.54841 7.48983e-05 0.128665 -2.33869e-07 
441.416 462.758 534.865 20.87 0.54841 9.09908e-05 0.128665 -2.80772e-07 
441.415 463.093 534.85 20.87 0.548409 0.000112227 0.128664 -3.41263e-07 
441.413 463.499 534.83 20.8701 0.548407 0.000140956 0.128664 -4.20671e-07 
441.412 464 534.801 20.8701 0.548406 0.000181046 0.128663 -5.27256e-07 
441.409 464.627 534.76 20.8702 0.548403 0.000239108 0.128663 -6.74018e-07 
441.405 465.43 534.697 20.8703 0.5484 0.000327024 0.128662 -8.82453e-07 
441.398 466.48 534.597 20.8704 0.548394 0.000467072 0.12866 -1.18962e-06 
441.388 467.896 534.429 20.8706 0.548385 0.000702656 0.128658 -1.66272e-06 
441.368 469.875 534.131 20.8709 0.54837 0.00112085 0.128655 -2.42989e-06 
441.332 472.766 533.575 20.8714 0.548342 0.00189971 0.128649 -3.75028e-06 
441.263 477.229 532.502 20.8723 0.548289 0.00340484 0.128639 -6.18605e-06 
441.125 484.589 530.386 20.8741 0.548184 0.00637228 0.128619 -1.10778e-05 
440.854 497.77 526.244 20.8781 0.547972 0.0121797 0.128572 -2.16595e-05 
440.343 523.539 518.506 20.8843 0.547595 0.023029 0.128502 -3.8855e-05 
439.306 569.702 503.202 20.8575 0.547347 0.0444333 0.128806 -8.38129e-06 
435.214 571.905 447.848 20.6858 0.547414 0.115468 0.130682 -0.000173082 
173.126 254.172 200.628 22.736 3.31271e-05 0.0133164 0.127666 0 
173.126 254.172 200.628 22.736 3.31271e-05 0.0133164 0.127666 0 
179.027 250.882 203.451 22.5619 -0.000566765 0.00565086 0.482653 5.60004e-11 
184.928 247.59 206.24 22.4374 -0.000597186 0.00255932 0.480306 2.13955e-11 
190.83 244.297 208.995 22.3484 -0.000598731 0.00131249 0.477959 8.21324e-12 
196.731 241.004 211.715 22.2848 -0.000598811 0.000809637 0.475612 3.19543e-12 
202.632 237.709 214.4 22.2393 -0.000598818 0.000606834 0.473265 1.28627e-12 
208.533 234.414 217.051 22.2068 -0.00059882 0.000525042 0.470918 5.59011e-13 
214.434 231.117 219.667 22.1835 -0.000598822 0.000492054 0.468571 2.81106e-13 
220.335 227.82 222.248 22.1669 -0.000598824 0.000478748 0.466224 1.73519e-13 
226.236 224.521 224.795 22.155 -0.000598826 0.000473381 0.463878 1.30466e-13 
232.137 221.222 227.306 22.1465 -0.000598827 0.000471215 0.461531 1.11703e-13 
238.038 217.922 229.783 22.1405 -0.000598829 0.00047034 0.459184 1.02162e-13 
243.939 214.62 232.225 22.1361 -0.00059883 0.000469987 0.456837 9.6319e-14 
249.841 211.318 234.631 22.133 -0.000598832 0.000469843 0.45449 9.15707e-14 
255.742 208.014 237.003 22.1308 -0.000598834 0.000469784 0.452143 8.74701e-14 
261.643 204.71 239.339 22.1292 -0.000598835 0.000469759 0.449796 8.35949e-14 
267.544 201.404 241.64 22.1281 -0.000598836 0.000469748 0.447449 7.97292e-14 
273.445 198.097 243.905 22.1273 -0.000598838 0.000469742 0.445102 7.59233e-14 
279.346 194.789 246.135 22.1267 -0.000598839 0.000469739 0.442755 7.20853e-14 
285.247 191.48 248.33 22.1263 -0.000598841 0.000469736 0.440408 6.84651e-14 
291.148 188.17 250.489 22.126 -0.000598842 0.000469734 0.438061 6.47093e-14 
297.049 184.859 252.612 22.1258 -0.000598844 0.000469731 0.435714 6.11002e-14 
302.95 181.547 254.699 22.1257 -0.000598845 0.000469729 0.433367 5.74566e-14 
308.852 178.233 256.751 22.1256 -0.000598846 0.000469727 0.43102 5.4023e-14 
314.753 174.918 258.766 22.1255 -0.000598848 0.000469725 0.428673 5.04982e-14 
320.654 171.602 260.746 22.1255 -0.000598849 0.000469723 0.426327 4.7153e-14 
326.555 168.285 262.689 22.1254 -0.00059885 0.00046972 0.42398 4.37544e-14 
332.456 164.966 264.596 22.1254 -0.000598851 0.000469718 0.421633 4.05332e-14 
338.357 161.647 266.467 22.1254 -0.000598853 0.000469716 0.419286 3.73819e-14 
344.258 158.326 268.302 22.1254 -0.000598854 0.000469713 0.416939 3.43454e-14 
350.159 155.004 270.1 22.1255 -0.000598855 0.000469711 0.414592 3.13402e-14 
356.06 151.68 271.862 22.1255 -0.000598856 0.000469708 0.412245 2.84128e-14 
361.961 148.355 273.587 22.1256 -0.000598858 0.000469706 0.409898 2.56558e-14 
367.862 145.029 275.275 22.1258 -0.000598859 0.000469703 0.407551 2.29649e-14 
373.764 141.701 276.927 22.126 -0.00059886 0.0004697 0.405204 2.0423e-14 
379.665 138.373 278.542 22.1263 -0.000598861 0.000469697 0.402857 1.7977e-14 
385.566 135.042 280.119 22.1266 -0.000598862 0.000469693 0.40051 1.55923e-14 
391.467 131.711 281.66 22.1272 -0.000598864 0.000469687 0.398163 1.32567e-14 
397.368 128.378 283.164 22.1279 -0.000598865 0.000469677 0.395816 1.0965e-14 
403.269 125.044 284.631 22.129 -0.000598866 0.000469655 0.393469 8.4603e-15 
409.17 121.708 286.06 22.1305 -0.000598867 0.000469606 0.391122 5.62224e-15 
415.071 118.371 287.453 22.1326 -0.000598868 0.000469488 0.388776 1.8607e-15 
420.972 115.032 288.807 22.1355 -0.000598869 0.000469199 0.386429 -3.61808e-15 
426.873 111.692 290.125 22.1395 -0.000598871 0.000468483 0.384082 -1.18963e-14 
432.775 108.35 291.405 22.1452 -0.000598872 0.00046671 0.381735 -2.42788e-14 
438.676 105.007 292.647 22.1532 -0.000598869 0.000462308 0.379388 -4.12226e-14 
444.577 101.663 293.852 22.1643 -0.000598796 0.000451373 0.377041 -5.94181e-14 
450.478 98.3167 295.019 22.1798 -0.000597336 0.000424207 0.374694 -6.72461e-14 
456.379 94.9691 296.148 22.2016 -0.000568513 0.000356713 0.372347 -4.38611e-14 
462.28 91.62 297.24 22.2321 -1.32177e-07 0.00018901 0.369 0 
462.28 91.62 297.24 22.2321 -1.32177e-07 0.00018901 0.369 0 
453.77 108.744 297.256 21.3424 0.973683 0.00677861 -0.188388 0.685427 
445.826 125.94 307.902 12.7087 0.935435 0.422372 -0.176775 -0.759277 
445.668 147.66 318.282 5 0.0249841 -0.0371161 0.124071 -0.757019 
452.664 164.365 318.871 5.24509 -1.18001 -0.495694 1.10477 -0.726616 
459.718 176.072 306.321 14.9947 -0.747416 -0.935985 0.656791 -0.671461 
457.883 182.985 298.316 20.6795 -0.0429552 -1.3428 -0.130326 -0.595801 
450.751 185.468 297.891 20.4966 -0.0420609 -1.70368 -0.118714 -0.510911 
443.766 184.017 297.479 20.3137 -0.0411574 -2.01312 -0.107102 -0.43352 
436.929 179.193 297.08 20.1307 -0.0402458 -2.27575 -0.0954895 -0.37111 
430.24 171.505 296.694 19.9476 -0.0393354 -2.5007 -0.0838772 -0.31567 
423.701 161.365 296.321 19.7643 -0.0384416 -2.69218 -0.0722648 -0.254394 
417.312 149.137 295.961 19.5811 -0.0375776 -2.84666 -0.0606525 -0.179948 
411.073 135.226 295.614 19.3981 -0.0367413 -2.95614 -0.0490403 -0.0942321 
404.986 120.12 295.279 19.2156 -0.0359053 -3.01379 -0.0374281 -0.00727713 
399.05 104.386 294.956 19.0335 -0.0350206 -3.01883 -0.0258159 0.0696828 
393.266 88.5975 294.646 18.8515 -0.0340421 -2.97726 -0.0142037 0.131501 
387.634 73.2617 294.351 18.6686 -0.03297 -2.89819 -0.00259141 0.179187 
382.156 58.7877 294.069 18.4843 -0.031885 -2.79012 0.00902084 0.215853 
376.834 45.4916 293.803 18.2985 -0.0309413 -2.65969 0.0206331 0.244064 
371.669 33.6172 293.551 18.1125 -0.0302911 -2.51197 0.0322453 0.265345 
366.662 23.353 293.309 17.9287 -0.0299528 -2.35112 0.0438576 0.280608 
361.812 14.8422 293.074 17.7496 -0.0296916 -2.18074 0.0554698 0.290596 
357.114 8.18857 292.844 17.5754 -0.029025 -2.004 0.0670821 0.29606 
352.565 3.46149 292.625 17.4025 -0.0274448 -1.82362 0.0786943 0.29775 
348.163 0.700651 292.427 17.2232 -0.0248328 -1.64186 0.0903066 0.296346 
343.915 -0.0789685 292.26 17.0294 -0.0218645 -1.46059 0.101919 0.292414 
339.833 1.11736 292.128 16.8192 -0.0200431 -1.28132 0.113531 0.286398 
335.933 4.26779 292.02 16.6031 -0.0210511 -1.10531 0.125143 0.278639 
332.221 9.33685 291.905 16.4052 -0.0254469 -0.933589 0.136756 0.269406 
328.682 16.2777 291.746 16.2523 -0.0313156 -0.767058 0.148368 0.258915 
325.276 25.0338 291.525 16.1533 -0.0339986 -0.606469 0.15998 0.247347 
321.954 35.5405 291.277 16.078 -0.0279652 -0.45247 0.171592 0.234857 
318.692 47.7259 291.096 15.9524 -0.01088 -0.305619 0.183205 0.221579 
315.533 61.512 291.103 15.6884 0.0119229 -0.16639 0.194817 0.207628 
312.601 76.8157 291.363 15.2485 0.0260811 -0.0351922 0.206429 0.193107 
310.057 93.5494 291.786 14.7168 0.0135347 0.0876288 0.218041 0.178103 
307.991 111.622 292.081 14.3214 -0.0348491 0.201779 0.229654 0.162698 
306.288 130.938 291.855 14.3498 -0.10454 0.307015 0.241266 0.146971 
304.571 151.401 290.869 14.9485 -0.151501 0.403136 0.252878 0.130999 
302.321 172.913 289.361 15.8886 -0.117118 0.489991 0.26449 0.114865 
299.21 195.372 288.211 16.4712 0.0328136 0.567475 0.276102 0.0986633 
295.533 218.676 288.686 15.7633 0.259887 0.635538 0.287715 0.0825108 
292.436 242.722 291.648 13.2168 0.429844 0.694203 0.299327 0.0665614 
291.592 267.406 296.507 9.43611 0.353551 0.743585 0.310939 0.0510333 
294.173 292.625 300.601 6.55113 -0.09329 0.783936 0.322551 0.036255 
299.461 318.282 299.874 7.57145 -0.813412 0.815707 0.334164 0.0227423 
303.999 344.286 291.279 14.4862 -1.4 0.839656 0.345776 0.00600173 
302.438 370.556 276.169 25.769 -1.24606 0.849468 0.357388 -6.64681e-06 
290.658 396.94 262.54 34.9995 0.0899996 0.85052 0.369 0 
290.658 396.94 262.54 34.9995 0.0899996 0.85052 0.369 0 
287.174 401.866 262.372 34.2205 0.20207 1.00272 -0.188387 0.212686 
283.811 407.099 262.433 33.3298 0.131759 1.17406 -0.176774 0.194116 
280.595 412.675 262.354 32.5573 0.0481437 1.33817 -0.165162 0.175567 
277.507 418.581 262.111 31.9216 -0.0464946 1.49431 -0.15355 0.157249 
274.523 424.8 261.679 31.4379 -0.149524 1.64179 -0.141938 0.139386 
271.621 431.316 261.041 31.1171 -0.258031 1.77994 -0.130325 0.122204 
268.772 438.109 260.187 30.9652 -0.368904 1.90817 -0.118713 0.105915 
265.949 445.161 259.11 30.9839 -0.478919 2.02599 -0.1071 0.0907114 
263.123 452.448 257.812 31.1694 -0.584833 2.13306 -0.0954876 0.0767523 
260.266 459.951 256.301 31.5135 -0.683478 2.22925 -0.0838747 0.0641597 
257.352 467.648 254.591 32.0027 -0.771856 2.31463 -0.0722616 0.0530129 
254.356 475.515 252.701 32.6197 -0.847224 2.38953 -0.0606477 0.0433474 
251.256 483.534 250.658 33.3428 -0.907184 2.45454 -0.0490319 0.0351566 
248.034 491.683 248.492 34.147 -0.949751 2.51051 -0.0374085 0.0283955 
244.676 499.945 246.238 35.0048 -0.973418 2.55848 0.409505 0.0229853 
241.171 508.303 243.933 35.8479 -0.846571 2.59972 0.909075 0.0188197 
237.517 516.745 241.881 36.4417 -0.55404 2.63559 0.892779 0.0157709 
233.747 525.258 240.415 36.5819 -0.25579 2.66755 0.876475 0.0136963 
229.936 533.836 239.547 36.2658 0.0395299 2.69708 0.860166 0.0124444 
226.161 542.473 239.274 35.5038 0.323238 2.72567 0.843849 0.0118607 
222.496 551.167 239.574 34.3195 0.586871 2.75472 0.52555 0.0117927 
219.013 559.92 240.407 32.7759 0.731805 2.78555 0.0554902 0.012095 
215.776 568.734 241.536 31.0727 0.705934 2.81937 0.067091 0.012633 
212.818 577.616 242.619 29.4302 0.651182 2.8572 0.0786996 0.0132865 
210.132 586.574 243.597 27.892 0.568778 2.89992 0.0903101 0.0139519 
207.701 595.618 244.414 26.4988 0.460772 2.94819 0.101921 0.0145443 
205.501 604.758 245.019 25.288 0.329987 3.00249 0.113533 0.0149979 
203.505 614.007 245.365 24.2919 0.179947 3.06307 0.125145 0.0152662 
201.676 623.378 245.413 23.5372 0.0147865 3.13002 0.136757 0.0153211 
199.976 632.884 245.131 23.0439 -0.160864 3.20326 0.148369 0.0151513 
198.361 642.536 244.498 22.8245 -0.342003 3.28259 0.159981 0.0147607 
196.786 652.348 243.502 22.8839 -0.523404 3.36767 0.171593 0.0141652 
195.205 662.331 242.14 23.2188 -0.69976 3.45812 0.183205 0.0133904 
193.572 672.495 240.424 23.818 -0.865837 3.55353 0.194817 0.0124688 
191.843 682.852 238.372 24.6621 -1.01663 3.65347 0.20643 0.0114363 
189.975 693.409 236.014 25.7247 -1.14751 3.75757 0.218042 0.0103305 
187.933 704.176 233.389 26.9724 -1.25437 3.86548 0.229654 0.00918726 
185.683 715.16 230.546 28.3661 -1.33374 3.97698 0.241266 0.00803952 
183.201 726.367 227.539 29.8619 -1.38291 4.09194 0.252879 0.00691544 
180.468 737.807 224.428 31.4122 -1.4 4.21039 0.26449 0.00560981 
177.474 749.484 221.278 32.9673 -1.38405 4.32881 0.276102 0.00427134 
174.216 761.399 218.155 34.4767 -1.33506 4.44367 0.287715 0.00303498 
170.701 773.546 215.126 35.8903 -1.25396 4.55169 0.299327 0.00198933 
166.943 785.91 212.255 37.1605 -1.14266 4.64979 0.310939 0.00117895 
162.965 798.471 209.604 38.2428 -1.00396 4.7352 0.322552 0.000609808 
158.796 811.204 207.227 39.0979 -0.841495 4.80554 0.334164 0.000257356 
154.473 824.078 205.175 39.6923 -0.659657 4.85907 0.345777 7.61758e-05 
150.04 837.06 203.486 40 -0.463449 4.89487 0.387289 -1.72919e-05 
145.542 850.114 202.19 40 0.00516582 4.86471 0.369 0 
145.542 850.114 202.19 40 0.00516582 4.86471 0.369 0 
147.641 845.846 203.004 36.8435 0.000461174 2.74548 0.482653 4.87556e-12 
149.739 841.578 203.784 34.1785 4.12927e-05 1.52509 0.480306 2.3234e-12 
151.836 837.31 204.532 31.9287 3.81904e-06 0.87569 0.477959 1.12115e-12 
153.932 833.042 205.247 30.0526 4.74641e-07 0.540244 0.475612 5.42471e-13 
156.028 828.774 205.929 28.5108 1.76202e-07 0.368351 0.473265 2.62603e-13 
158.122 824.506 206.578 27.2602 1.49599e-07 0.280414 0.470918 1.26938e-13 
160.216 820.238 207.193 26.2568 1.47251e-07 0.235435 0.468571 6.13817e-14 
162.309 815.97 207.775 25.4579 1.47062e-07 0.212426 0.466224 2.97389e-14 
164.401 811.701 208.324 24.8252 1.47062e-07 0.200654 0.463878 1.42691e-14 
166.493 807.433 208.839 24.3261 1.47076e-07 0.19463 0.461531 6.7627e-15 
168.583 803.165 209.32 23.9332 1.47089e-07 0.191548 0.459184 3.26761e-15 
170.673 798.897 209.767 23.6245 1.471e-07 0.18997 0.456837 1.53787e-15 
172.762 794.629 210.181 23.382 1.4711e-07 0.189163 0.45449 7.65643e-16 
174.85 790.361 210.561 23.1917 1.47119e-07 0.18875 0.452143 4.10331e-16 
176.937 786.093 210.907 23.0424 1.47126e-07 0.188538 0.449796 2.08056e-16 
179.024 781.825 211.219 22.9253 1.47133e-07 0.18843 0.447449 1.11594e-16 
181.11 777.557 211.496 22.8335 1.47139e-07 0.188374 0.445102 1.72567e-17 
183.195 773.289 211.74 22.7615 1.47145e-07 0.188346 0.442755 7.23636e-17 
185.279 769.021 211.95 22.7051 1.47151e-07 0.188331 0.440408 2.92053e-17 
187.362 764.753 212.125 22.6608 1.47156e-07 0.188324 0.438061 4.00112e-17 
189.445 760.485 212.266 22.6261 1.47161e-07 0.18832 0.435714 8.31129e-18 
191.527 756.217 212.373 22.5989 1.47166e-07 0.188318 0.433367 5.62436e-17 
193.608 751.949 212.445 22.5776 1.47171e-07 0.188317 0.43102 2.50736e-17 
195.689 747.681 212.483 22.5608 1.47175e-07 0.188316 0.428673 2.26849e-19 
197.768 743.413 212.487 22.5477 1.4718e-07 0.188316 0.426327 5.22444e-17 
199.847 739.145 212.457 22.5374 1.47184e-07 0.188316 0.42398 -2.91033e-18 
201.926 734.877 212.392 22.5294 1.47189e-07 0.188316 0.421633 1.96704e-17 
204.003 730.609 212.293 22.523 1.47193e-07 0.188316 0.419286 -5.78998e-18 
206.08 726.341 212.16 22.5181 1.47198e-07 0.188316 0.416939 -1.89821e-17 
208.157 722.073 211.993 22.5142 1.47202e-07 0.188315 0.414592 -9.90547e-18 
210.232 717.805 211.791 22.5112 1.47206e-07 0.188315 0.412245 3.38241e-17 
212.307 713.537 211.555 22.5088 1.47211e-07 0.188314 0.409898 1.57146e-17 
214.381 709.269 211.286 22.5069 1.47215e-07 0.188313 0.407551 1.68476e-17 
216.455 705.001 210.982 22.5054 1.47219e-07 0.18831 0.405204 2.73177e-18 
218.527 700.733 210.644 22.5043 1.47224e-07 0.188305 0.402857 2.58367e-18 
220.6 696.464 210.272 22.5034 1.47228e-07 0.188295 0.40051 -2.76182e-17 
222.671 692.196 209.866 22.5027 1.47233e-07 0.188276 0.398163 -3.20197e-18 
224.742 687.928 209.426 22.5021 1.47237e-07 0.18824 0.395816 2.80538e-18 
226.812 683.66 208.952 22.5017 1.47241e-07 0.188172 0.393469 4.21353e-17 
228.882 679.392 208.445 22.5013 1.47246e-07 0.188042 0.391122 2.39672e-17 
230.951 675.124 207.904 22.5011 1.4725e-07 0.187793 0.388776 3.56417e-17 
233.019 670.856 207.33 22.5009 1.47254e-07 0.18732 0.386429 6.57903e-17 
235.087 666.588 206.722 22.5007 1.47259e-07 0.186417 0.384082 1.07984e-16 
237.154 662.32 206.081 22.5006 1.47262e-07 0.184697 0.381735 1.41075e-16 
239.22 658.052 205.407 22.5005 1.47257e-07 0.181421 0.379388 1.73109e-16 
241.286 653.784 204.7 22.5004 1.47154e-07 0.175185 0.377041 1.73787e-16 
243.351 649.516 203.959 22.5004 1.46007e-07 0.163309 0.374694 1.48601e-16 
245.416 645.248 203.186 22.5003 1.33626e-07 0.140682 0.372347 7.42161e-17 
247.48 640.98 202.38 22.5003 6.215e-11 0.0974713 0.369 0 
247.48 640.98 202.38 22.5003 6.215e-11 0.0974713 0.369 0 
248.574 639.886 203.474 22.498 0.00243691 0.0698145 0.482653 -2.37005e-12 
249.668 638.792 204.568 22.4958 0.00344216 0.0467457 0.480306 -2.04554e-12 
250.761 637.699 205.661 22.4938 0.00384437 0.0275428 0.477959 -1.75585e-12 
251.855 636.605 206.755 22.4919 0.00400034 0.0115826 0.475612 -1.50005e-12 
252.949 635.511 207.849 22.4901 0.00405802 -0.00166709 0.473265 -1.2757e-12 
254.043 634.417 208.943 22.4885 0.00407759 -0.0126573 0.470918 -1.08024e-12 
255.136 633.324 210.036 22.487 0.00408306 -0.0217678 0.468571 -9.11274e-13 
256.23 632.23 211.13 22.4855 0.00408377 -0.0293167 0.466224 -7.65704e-13 
257.324 631.136 212.224 22.4842 0.00408318 -0.0355696 0.463878 -6.41205e-13 
258.418 630.042 213.318 22.483 0.00408243 -0.0407477 0.461531 -5.35125e-13 
259.512 628.948 214.412 22.4819 0.00408186 -0.0450351 0.459184 -4.45136e-13 
260.605 627.855 215.505 22.4808 0.00408147 -0.0485843 0.456837 -3.69032e-13 
261.699 626.761 216.599 22.4798 0.00408124 -0.0515219 0.45449 -3.04815e-13 
262.793 625.667 217.693 22.4789 0.00408111 -0.0539529 0.452143 -2.51129e-13 
263.887 624.573 218.787 22.4781 0.00408104 -0.0559641 0.449796 -2.06133e-13 
264.98 623.48 219.88 22.4773 0.004081 -0.0576275 0.447449 -1.68663e-13 
266.074 622.386 220.974 22.4766 0.00408098 -0.0590026 0.445102 -1.37428e-13 
267.168 621.292 222.068 22.4759 0.00408098 -0.0601388 0.442755 -1.11535e-13 
268.262 620.198 223.162 22.4753 0.00408097 -0.0610767 0.440408 -9.02364e-14 
269.356 619.104 224.256 22.4747 0.00408097 -0.0618502 0.438061 -7.25871e-14 
270.449 618.011 225.349 22.4742 0.00408097 -0.0624871 0.435714 -5.80783e-14 
271.543 616.917 226.443 22.4737 0.00408097 -0.0630103 0.433367 -4.61096e-14 
272.637 615.823 227.537 22.4733 0.00408097 -0.0634388 0.43102 -3.64008e-14 
273.731 614.729 228.631 22.4728 0.00408098 -0.0637881 0.428673 -2.83192e-14 
274.824 613.636 229.724 22.4725 0.00408098 -0.0640708 0.426327 -2.18946e-14 
275.918 612.542 230.818 22.4721 0.00408098 -0.0642972 0.42398 -1.66471e-14 
277.012 611.448 231.912 22.4718 0.00408098 -0.0644756 0.421633 -1.23186e-14 
278.106 610.354 233.006 22.4715 0.00408098 -0.0646124 0.419286 -8.87299e-15 
279.2 609.26 234.1 22.4713 0.00408098 -0.0647124 0.416939 -6.143e-15 
280.293 608.167 235.193 22.4711 0.00408099 -0.0647792 0.414592 -3.93704e-15 
281.387 607.073 236.287 22.4709 0.00408099 -0.064815 0.412245 -2.18745e-15 
282.481 605.979 237.381 22.4707 0.004081 -0.0648208 0.409898 -8.29795e-16 
283.575 604.885 238.475 22.4705 0.00408103 -0.0647965 0.407551 2.39365e-16 
284.668 603.792 239.568 22.4704 0.00408107 -0.0647407 0.405204 9.91045e-16 
285.762 602.698 240.662 22.4703 0.00408115 -0.0646509 0.402857 1.58292e-15 
286.856 601.604 241.756 22.4702 0.00408129 -0.0645228 0.40051 1.94502e-15 
287.95 600.51 242.85 22.4701 0.00408153 -0.0643511 0.398163 2.20303e-15 
289.044 599.416 243.944 22.47 0.00408193 -0.0641282 0.395816 2.2318e-15 
290.137 598.323 245.037 22.47 0.00408252 -0.0638448 0.393469 2.23762e-15 
291.231 597.229 246.131 22.47 0.00408328 -0.0634891 0.391122 2.0837e-15 
292.325 596.135 247.225 22.47 0.00408387 -0.0630465 0.388776 1.85385e-15 
293.419 595.041 248.319 22.47 0.00408312 -0.0624992 0.386429 1.59397e-15 
294.512 593.948 249.412 22.47 0.00407753 -0.0618256 0.384082 1.29841e-15 
295.606 592.854 250.506 22.4701 0.00405775 -0.061 0.381735 9.58645e-16 
296.7 591.76 251.6 22.4701 0.00399983 -0.059992 0.379388 6.51808e-16 
297.794 590.666 252.694 22.4702 0.00384413 -0.0587661 0.377041 3.78055e-16 
298.888 589.572 253.788 22.4703 0.0034443 -0.0572821 0.374694 1.71852e-16 
299.981 588.479 254.881 22.4705 0.00244601 -0.0554951 0.372347 4.18045e-17 
301.075 587.385 255.975 22.4706 1.07705e-05 -0.0533574 0.369 0 
301.075 587.385 255.975 22.4706 1.07705e-05 -0.0533574 0.369 0 
303.557 584.903 256.548 22.47 -3.71386e-05 -0.0385227 0.482653 6.16863e-14 
306.039 582.421 257.113 22.4695 -4.47563e-05 -0.0283908 0.480306 3.95372e-14 
308.52 579.94 257.67 22.4691 -4.58621e-05 -0.0214708 0.477959 2.53258e-14 
311.002 577.458 258.22 22.4689 -4.59944e-05 -0.0167445 0.475612 1.62737e-14 
313.484 574.976 258.762 22.4688 -4.6002e-05 -0.0135164 0.473265 1.03707e-14 
315.966 572.494 259.296 22.4688 -4.59995e-05 -0.0113116 0.470918 6.64995e-15 
318.447 570.013 259.823 22.4688 -4.59982e-05 -0.00980583 0.468571 4.17827e-15 
320.929 567.531 260.341 22.4688 -4.59977e-05 -0.00877739 0.466224 2.62123e-15 
323.411 565.049 260.852 22.4689 -4.59976e-05 -0.008075 0.463878 1.67871e-15 
325.892 562.568 261.356 22.469 -4.59976e-05 -0.0075953 0.461531 9.99226e-16 
328.374 560.086 261.851 22.4691 -4.59976e-05 -0.00726768 0.459184 6.84886e-16 
330.856 557.604 262.339 22.4692 -4.59976e-05 -0.00704394 0.456837 4.72699e-16 
333.338 555.122 262.819 22.4693 -4.59976e-05 -0.00689113 0.45449 2.47979e-16 
335.819 552.641 263.291 22.4695 -4.59976e-05 -0.00678678 0.452143 1.09308e-16 
338.301 550.159 263.756 22.4696 -4.59976e-05 -0.00671551 0.449796 1.61965e-16 
340.783 547.677 264.212 22.4697 -4.59976e-05 -0.00666685 0.447449 9.5748e-17 
343.265 545.195 264.661 22.4698 -4.59976e-05 -0.00663361 0.445102 3.18409e-17 
345.746 542.714 265.102 22.47 -4.59976e-05 -0.00661092 0.442755 3.76458e-17 
348.228 540.232 265.535 22.4701 -4.59976e-05 -0.00659543 0.440408 3.14869e-17 
350.71 537.75 265.961 22.4702 -4.59976e-05 -0.00658485 0.438061 3.6183e-17 
353.192 535.268 266.378 22.4703 -4.59976e-05 -0.00657764 0.435714 1.28298e-17 
355.673 532.787 266.788 22.4704 -4.59976e-05 -0.00657272 0.433367 1.85708e-17 
358.155 530.305 267.19 22.4705 -4.59976e-05 -0.00656938 0.43102 5.62429e-17 
360.637 527.823 267.584 22.4705 -4.59976e-05 -0.00656711 0.428673 -2.22798e-17 
363.118 525.342 267.97 22.4706 -4.59976e-05 -0.00656558 0.426327 -4.66652e-18 
365.6 522.86 268.348 22.4707 -4.59976e-05 -0.00656457 0.42398 -2.24064e-17 
368.082 520.378 268.718 22.4708 -4.59976e-05 -0.00656391 0.421633 3.57936e-17 
370.564 517.896 269.081 22.4709 -4.59976e-05 -0.0065635 0.419286 -1.78145e-18 
373.045 515.415 269.435 22.4709 -4.59976e-05 -0.00656326 0.416939 1.41335e-17 
375.527 512.933 269.782 22.471 -4.59976e-05 -0.00656315 0.414592 5.65618e-18 
378.009 510.451 270.121 22.4711 -4.59976e-05 -0.00656311 0.412245 -2.1647e-17 
380.491 507.969 270.452 22.4711 -4.59976e-05 -0.00656311 0.409898 2.80918e-17 
382.972 505.488 270.775 22.4712 -4.59976e-05 -0.00656306 0.407551 5.69544e-18 
385.454 503.006 271.09 22.4713 -4.59976e-05 -0.00656288 0.405204 1.40054e-18 
387.936 500.524 271.397 22.4714 -4.59976e-05 -0.00656239 0.402857 -3.65492e-18 
390.418 498.042 271.696 22.4715 -4.59976e-05 -0.00656132 0.40051 4.18177e-18 
392.899 495.561 271.987 22.4716 -4.59976e-05 -0.0065592 0.398163 -2.5242e-17 
395.381 493.079 272.27 22.4718 -4.59976e-05 -0.00655527 0.395816 -1.02507e-18 
397.863 490.597 272.546 22.4719 -4.59976e-05 -0.00654826 0.393469 -9.64255e-18 
400.345 488.116 272.813 22.4721 -4.59976e-05 -0.00653616 0.391122 -1.55706e-17 
402.826 485.634 273.072 22.4723 -4.59978e-05 -0.00651569 0.388776 -6.56666e-18 
405.308 483.152 273.324 22.4725 -4.59983e-05 -0.00648164 0.386429 -2.00717e-17 
407.79 480.67 273.567 22.4728 -4.60003e-05 -0.00642573 0.384082 -3.05945e-17 
410.271 478.189 273.803 22.4731 -4.60057e-05 -0.00633492 0.381735 -1.26886e-17 
412.753 475.707 274.03 22.4735 -4.60125e-05 -0.00618867 0.379388 -1.08196e-17 
415.235 473.225 274.25 22.4739 -4.59513e-05 -0.00595483 0.377041 -2.68271e-17 
417.717 470.743 274.461 22.4744 -4.51978e-05 -0.00558327 0.374694 -1.7225e-17 
420.198 468.262 274.665 22.475 -3.93223e-05 -0.004996 0.372347 -6.5188e-18 
422.68 465.78 274.86 22.4757 -3.09725e-08 -0.0040721 0.369 0 
422.68 465.78 274.86 22.4757 -3.09725e-08 -0.0040721 0.369 0 
431.622 461.495 270.694 22.4914 2.36717e-05 -0.00109685 0.482653 -1.59603e-16 
440.563 457.21 266.474 22.5008 2.4226e-05 -0.00030586 0.480306 -5.26067e-17 
449.505 452.925 262.2 22.5065 2.42389e-05 -9.55695e-05 0.477959 2.959e-17 
458.447 448.639 257.872 22.5099 2.42392e-05 -3.96624e-05 0.475612 5.3814e-17 
467.388 444.354 253.49 22.512 2.42392e-05 -2.47992e-05 0.473265 2.77291e-17 
476.33 440.069 249.053 22.5133 2.42392e-05 -2.08477e-05 0.470918 5.09494e-17 
485.272 435.783 244.561 22.514 2.42392e-05 -1.97971e-05 0.468571 -1.51554e-17 
494.213 431.497 240.015 22.5145 2.42392e-05 -1.95179e-05 0.466224 -1.3307e-17 
503.155 427.21 235.413 22.5148 2.42392e-05 -1.94436e-05 0.463878 1.1679e-17 
512.096 422.923 230.755 22.5149 2.42392e-05 -1.94239e-05 0.461531 -3.11063e-17 
521.038 418.636 226.042 22.515 2.42392e-05 -1.94186e-05 0.459184 5.27205e-17 
529.98 414.348 221.273 22.5151 2.42392e-05 -1.94172e-05 0.456837 -2.21878e-17 
538.921 410.059 216.448 22.5151 2.42392e-05 -1.94168e-05 0.45449 -7.05418e-18 
547.863 405.77 211.566 22.5151 2.42392e-05 -1.94167e-05 0.452143 4.54637e-17 
556.805 401.48 206.628 22.5152 2.42392e-05 -1.94167e-05 0.449796 2.56844e-17 
565.746 397.19 201.633 22.5152 2.42392e-05 -1.94167e-05 0.447449 -1.89989e-17 
574.688 392.898 196.58 22.5152 2.42392e-05 -1.94167e-05 0.445102 -1.34158e-17 
583.629 388.606 191.47 22.5152 2.42392e-05 -1.94167e-05 0.442755 4.93746e-17 
592.571 384.313 186.302 22.5152 2.42392e-05 -1.94167e-05 0.440408 -6.50431e-18 
601.513 380.019 181.076 22.5152 2.42392e-05 -1.94167e-05 0.438061 -1.79981e-17 
610.454 375.724 175.791 22.5152 2.42392e-05 -1.94167e-05 0.435714 2.20774e-17 
619.396 371.427 170.447 22.5152 2.42392e-05 -1.94167e-05 0.433367 -2.86565e-17 
628.338 367.13 165.043 22.5152 2.42392e-05 -1.94167e-05 0.43102 -3.22937e-17 
637.279 362.831 159.58 22.5152 2.42392e-05 -1.94167e-05 0.428673 -1.54218e-17 
646.221 358.532 154.056 22.5152 2.42392e-05 -1.94167e-05 0.426327 2.34898e-17 
655.163 354.23 148.471 22.5152 2.42392e-05 -1.94167e-05 0.42398 8.88667e-18 
664.104 349.928 142.825 22.5152 2.42392e-05 -1.94167e-05 0.421633 1.46493e-17 
673.046 345.624 137.117 22.5152 2.42392e-05 -1.94167e-05 0.419286 5.43161e-18 
681.987 341.319 131.346 22.5152 2.42392e-05 -1.94167e-05 0.416939 -1.81819e-18 
690.929 337.012 125.512 22.5152 2.42392e-05 -1.94167e-05 0.414592 9.49807e-18 
699.871 332.703 119.613 22.5152 2.42392e-05 -1.94167e-05 0.412245 6.67624e-18 
708.812 328.393 113.649 22.5152 2.42392e-05 -1.94167e-05 0.409898 -2.75423e-17 
717.754 324.082 107.619 22.5152 2.42392e-05 -1.94167e-05 0.407551 1.90192e-18 
726.696 319.768 101.522 22.5152 2.42392e-05 -1.94167e-05 0.405204 1.48487e-17 
735.637 315.453 95.3555 22.5152 2.42392e-05 -1.94167e-05 0.402857 2.32479e-17 
744.579 311.136 89.1193 22.5152 2.42392e-05 -1.94167e-05 0.40051 -1.58345e-17 
753.52 306.817 82.8114 22.5152 2.42393e-05 -1.94167e-05 0.398163 9.11353e-18 
762.462 302.496 76.4298 22.5151 2.42393e-05 -1.94167e-05 0.395816 -2.33726e-18 
771.404 298.173 69.9724 22.5151 2.42393e-05 -1.94167e-05 0.393469 -4.7494e-18 
780.345 293.847 63.4366 22.5151 2.42393e-05 -1.94166e-05 0.391122 -4.7538e-18 
789.287 289.52 56.8191 22.5151 2.42393e-05 -1.94164e-05 0.388776 1.02317e-18 
798.229 285.191 50.1161 22.515 2.42393e-05 -1.94154e-05 0.386429 7.06048e-18 
807.17 280.859 43.3229 22.5149 2.42393e-05 -1.94117e-05 0.384082 8.49332e-18 
816.112 276.525 36.4332 22.5147 2.42393e-05 -1.93978e-05 0.381735 -6.21343e-18 
825.053 272.189 29.4387 22.5144 2.42393e-05 -1.93455e-05 0.379388 4.16603e-18 
833.995 267.851 22.3277 22.5139 2.4239e-05 -1.91489e-05 0.377041 -2.94846e-18 
842.937 263.51 15.0817 22.513 2.42264e-05 -1.84092e-05 0.374694 -9.77326e-19 
851.878 259.166 7.66765 22.5115 2.36858e-05 -1.5627e-05 0.372347 -6.66056e-19 
860.82 254.82 0.00259366 22.5092 5.66751e-07 -5.16206e-06 0.369 0 
