grtopM_92_5
50
2 2
11 11 
0 8 6 2 4 5 7 1 9 3 11 
0 8 6 2 4 5 7 1 9 3 11 
3.20632e-19 433.845 3.33333e-13 1263.27 66.3155 107.023 49.6578 141.628 7.59828 35.3462 
134948 60.1367 260.477 271.022 34.8424 0 59.5423 100.08 68.8742 63.5574 
6.54352e-21 8.85397 6.80272e-15 25.781 1.35338 2.18414 1.01342 2.89038 0.155067 0.721352 
2754.05 1.22728 5.31585 5.53106 0.71107 0 1.21515 2.04245 1.4056 1.29709 
2809.8 1783.67 1240.62 1530.98 0 0.951139 0.441313 2666.92 1030.35 1.01477 
1.45319e-06 0.251027 4.11736 4.31074 1.09865 50.478 0.470403 5.32688 1.84974 0.787842 
2587.82 4837.29 1480.97 17.0664 0.477746 0 0.200227 0 
123.501 2027.5 0.00476255 5.00395 -1.0297e-07 -1.17856e-21 2.00997e-06 -1.45435e-23 
2.03766e-10 131.004 0.00476267 5.00395 -1.54041e-19 8.88255e-24 2.10993e-06 -5.82569e-24 
2.80279e-11 2.30908e-10 0.00476267 5.00395 -2.49321e-23 -8.77465e-25 2.21956e-06 -6.10981e-24 
2.80279e-11 2.78186e-11 0.00476267 5.00395 -2.40536e-23 -1.5835e-24 2.34031e-06 4.81245e-24 
2.80279e-11 2.78186e-11 0.00476267 5.00395 3.43255e-23 -1.54065e-24 2.47391e-06 5.22033e-24 
2.80279e-11 2.78186e-11 0.00476267 5.00395 -6.45222e-23 -4.39514e-25 2.62246e-06 -8.43972e-24 
2.80279e-11 2.78186e-11 0.00476267 5.00395 5.26767e-23 -4.07508e-24 2.78856e-06 -9.554e-24 
2.80279e-11 2.78186e-11 0.00476267 5.00395 -3.26966e-23 -1.28692e-24 2.97542e-06 8.31913e-24 
2.80279e-11 2.78186e-11 0.00476267 5.00395 1.73748e-23 -4.38541e-24 3.1871e-06 -2.19425e-24 
2.80279e-11 2.78186e-11 0.00476267 5.00395 1.48879e-23 4.75326e-25 3.42877e-06 -1.36014e-23 
2.80279e-11 2.78186e-11 0.00476267 5.00395 -4.19051e-23 -4.58171e-24 3.70712e-06 -3.14677e-24 
2.80279e-11 2.78186e-11 0.00476267 5.00395 2.70076e-23 -3.82821e-24 4.03099e-06 -1.06511e-23 
2.80279e-11 2.78186e-11 0.00476267 5.00395 1.65503e-23 -5.38231e-24 4.4123e-06 2.4113e-24 
2.80279e-11 2.78186e-11 0.00476267 5.00395 1.64368e-24 -3.00466e-24 4.86747e-06 7.05294e-24 
2.80279e-11 2.78186e-11 0.00476267 5.00395 -1.21985e-23 -4.00784e-24 5.41983e-06 -3.38297e-23 
2.80279e-11 2.78186e-11 0.00476267 5.00395 -1.99108e-23 -3.97852e-24 6.10364e-06 -1.00476e-23 
2.80279e-11 2.78186e-11 0.00476267 5.00395 -2.98204e-23 1.40873e-24 6.97132e-06 1.39809e-23 
2.80279e-11 2.78186e-11 0.00476267 5.00395 1.35647e-23 1.01274e-24 8.10734e-06 8.86017e-24 
2.80279e-11 2.78186e-11 0.00476267 5.00395 -1.20106e-23 1.42613e-24 9.65712e-06 3.99508e-24 
2.80279e-11 2.78186e-11 0.00476267 5.00395 -6.77235e-24 -3.03114e-24 1.18943e-05 -2.28018e-23 
2.80279e-11 2.78186e-11 0.00476267 5.00395 2.11167e-23 -8.40058e-25 1.54185e-05 -1.12785e-23 
2.80279e-11 2.78186e-11 0.00476267 5.00395 -3.71532e-24 -1.97716e-24 2.2556e-05 1.28136e-23 
2.80279e-11 2.78186e-11 0.00476267 5.00395 3.48958e-24 -3.79502e-24 6.84016e-05 -2.02385e-23 
2.80279e-11 2.78186e-11 0.00476267 5.00395 2.27376e-23 -1.93438e-23 0.000737819 2.39542e-23 
2.80279e-11 2.78186e-11 0.00476267 5.00395 -7.18626e-22 1.74268e-23 0.0060228 -1.18185e-23 
2.80279e-11 2.78186e-11 0.00476267 5.00395 -1.41069e-21 -2.04912e-23 0.0141475 -2.30195e-23 
2.80279e-11 2.78186e-11 0.00476267 5.00395 -1.47303e-21 1.67286e-23 0.0222706 1.27389e-23 
2.80279e-11 2.78186e-11 0.00476267 5.00395 -1.4352e-21 -2.32155e-23 0.0303921 -2.48116e-23 
2.80279e-11 2.78186e-11 0.00476267 5.00395 -1.47591e-21 1.92048e-23 0.038512 -3.16769e-23 
2.80279e-11 2.78186e-11 0.00476267 5.00395 -1.41934e-21 -2.198e-23 0.0466301 1.71432e-23 
2.80279e-11 2.78186e-11 0.00476267 5.00395 -1.45461e-21 1.92379e-23 0.0547466 4.17568e-24 
2.80279e-11 2.78186e-11 0.00476267 5.00395 -1.44069e-21 -1.96311e-23 0.0628616 -1.99972e-23 
2.80279e-11 2.78186e-11 0.00476267 5.00395 -1.50242e-21 1.81396e-23 0.0709754 -6.04149e-23 
2.80279e-11 2.78186e-11 0.00476267 5.00395 -1.43742e-21 -2.23904e-23 0.0790882 2.68249e-23 
2.80279e-11 2.78186e-11 0.00476267 5.00395 -1.4661e-21 1.9136e-23 0.0872005 -1.06107e-22 
2.80279e-11 2.78186e-11 0.00476267 5.00395 -1.41762e-21 -2.07455e-23 0.0953127 6.60002e-23 
2.80279e-11 2.78186e-11 0.00476267 5.00395 -1.45412e-21 1.82011e-23 0.103425 1.05007e-22 
2.80279e-11 2.78186e-11 0.00476267 5.00395 -1.50598e-21 9.15381e-25 0.111537 4.11508e-23 
2.80279e-11 2.78186e-11 0.00476267 5.00395 -1.43311e-21 9.46261e-25 0.119649 3.38608e-23 
2.80279e-11 2.78186e-11 0.00476267 5.00395 -1.45408e-21 -2.37436e-23 0.127758 8.41024e-23 
2.80279e-11 2.78186e-11 0.00476267 5.00395 -1.46002e-21 1.99642e-23 0.135861 -1.04446e-22 
2.80279e-11 2.78186e-11 0.00476267 5.00395 -1.47566e-21 -1.96754e-23 0.143957 8.50039e-23 
2.80279e-11 2.78186e-11 0.00476267 5.00395 -1.43566e-21 1.59917e-23 0.152041 -8.08597e-23 
2.80279e-11 2.78186e-11 0.00476267 5.00395 -1.49817e-21 -1.89405e-23 0.160114 -1.01818e-22 
2.80279e-11 2.78186e-11 0.00476267 5.00395 -1.40556e-21 -1.30507e-23 0.16818 -4.51818e-22 
2.80279e-11 2.78186e-11 0.00476267 5.00395 -1.42046e-21 1.35595e-23 0.176246 -2.53026e-22 
7.4276e-11 2.78186e-11 0.00476267 5.00395 -1.45209e-21 6.65982e-19 0.184299 -3.19518e-22 
1462.94 1.3451e-09 0.00476267 5.00395 -2.29905e-21 1.16315e-06 0.19245 -2.14332e-21 
4272.73 2695.99 214.2 5.00395 -6.09403e-20 6.66966e-19 0.199227 0 
4272.73 2695.99 214.2 5.00395 -6.09403e-20 6.66966e-19 0.199227 0 
2555.33 1085.71 0.00101488 40 1.4 -6.27996 0.00756939 2.82293e-09 
477.083 6.83243e-07 0.0760313 5.075 2.20317e-07 -6.66552e-06 0.00813476 -1.53789e-11 
2.1096e-07 1.03232e-07 0.0760312 5.075 3.82193e-08 -6.65801e-06 0.00877985 -1.53787e-11 
1.04008e-07 1.03232e-07 0.0760312 5.075 3.81875e-08 -6.65801e-06 0.00952264 -1.53784e-11 
1.04008e-07 1.03232e-07 0.0760312 5.075 3.81503e-08 -6.65801e-06 0.0103865 -1.53781e-11 
1.04008e-07 1.03232e-07 0.0760312 5.075 3.81061e-08 -6.65801e-06 0.0114029 -1.53778e-11 
1.04008e-07 1.03232e-07 0.0760312 5.075 3.80527e-08 -6.65801e-06 0.0126152 -1.53775e-11 
1.04008e-07 1.03232e-07 0.0760312 5.075 3.79866e-08 -6.65801e-06 0.0140848 -1.53772e-11 
1.04008e-07 1.03232e-07 0.0760312 5.075 3.79027e-08 -6.65801e-06 0.0159011 -1.53768e-11 
1.04008e-07 1.03232e-07 0.0760312 5.075 3.77923e-08 -6.65801e-06 0.0181976 -1.53764e-11 
1.04008e-07 1.03232e-07 0.0760312 5.075 3.76409e-08 -6.65801e-06 0.0211773 -1.5376e-11 
1.04008e-07 1.03232e-07 0.0760312 5.075 3.74241e-08 -6.65801e-06 0.0251482 -1.53755e-11 
1.04008e-07 1.03232e-07 0.0760312 5.075 3.71003e-08 -6.65801e-06 0.0305578 -1.5375e-11 
1.04008e-07 1.03232e-07 0.0760312 5.075 3.66026e-08 -6.65801e-06 0.0379614 -1.53744e-11 
1.04008e-07 1.03232e-07 0.0760312 5.075 3.58345e-08 -6.65801e-06 0.0477312 -1.53738e-11 
1.04008e-07 1.03232e-07 0.0760312 5.075 3.47039e-08 -6.65801e-06 0.0593176 -1.53731e-11 
1.04008e-07 1.03232e-07 0.0760312 5.075 3.32463e-08 -6.65801e-06 0.0712493 -1.53724e-11 
1.04008e-07 1.03232e-07 0.0760312 5.075 3.16237e-08 -6.65801e-06 0.0828729 -1.53717e-11 
1.04008e-07 1.03232e-07 0.0760312 5.075 2.99974e-08 -6.65801e-06 0.0944579 -1.53708e-11 
1.04008e-07 1.03232e-07 0.0760312 5.075 2.83727e-08 -6.65801e-06 0.106041 -1.53698e-11 
1.04008e-07 1.03232e-07 0.0760312 5.075 2.67489e-08 -6.65801e-06 0.117624 -1.53687e-11 
1.04008e-07 1.03232e-07 0.0760312 5.075 2.51259e-08 -6.65801e-06 0.129204 -1.53675e-11 
1.04008e-07 1.03232e-07 0.0760312 5.075 2.3504e-08 -6.65801e-06 0.140784 -1.53662e-11 
1.04008e-07 1.03232e-07 0.0760312 5.075 2.18833e-08 -6.65801e-06 0.152362 -1.53647e-11 
1.04008e-07 1.03232e-07 0.0760312 5.075 2.02639e-08 -6.65801e-06 0.163938 -1.5363e-11 
1.04008e-07 1.03232e-07 0.0760312 5.075 1.86458e-08 -6.65801e-06 0.175513 -1.53611e-11 
1.04008e-07 1.03232e-07 0.0760312 5.075 1.70293e-08 -6.65801e-06 0.187085 -1.53589e-11 
1.04008e-07 1.03232e-07 0.0760312 5.075 1.54144e-08 -6.65801e-06 0.198656 -1.53565e-11 
1.04008e-07 1.03232e-07 0.0760312 5.075 1.38012e-08 -6.65801e-06 0.210224 -1.53536e-11 
1.04008e-07 1.03232e-07 0.0760312 5.075 1.21897e-08 -6.65801e-06 0.221788 -1.53502e-11 
1.04008e-07 1.03232e-07 0.0760312 5.075 1.05799e-08 -6.65801e-06 0.233345 -1.53463e-11 
1.04008e-07 1.03232e-07 0.0760312 5.075 8.97184e-09 -6.65801e-06 0.244895 -1.53417e-11 
1.04008e-07 1.03232e-07 0.0760312 5.075 7.36552e-09 -6.65801e-06 0.256433 -1.53362e-11 
1.04008e-07 1.03232e-07 0.0760312 5.075 5.76099e-09 -6.65801e-06 0.267955 -1.53296e-11 
1.04008e-07 1.03232e-07 0.0760312 5.075 4.15837e-09 -6.65801e-06 0.279455 -1.53216e-11 
1.04008e-07 1.03232e-07 0.0760312 5.075 2.55792e-09 -6.65801e-06 0.290926 -1.53119e-11 
1.04008e-07 1.03232e-07 0.0760312 5.075 9.60049e-10 -6.65801e-06 0.302356 -1.5299e-11 
1.04008e-07 1.03232e-07 0.0760312 5.075 -6.34557e-10 -6.65801e-06 0.313732 -1.52829e-11 
1.04008e-07 1.03232e-07 0.0760312 5.075 -2.22478e-09 -6.65801e-06 0.325034 -1.52618e-11 
1.04008e-07 1.03232e-07 0.0760312 5.075 -3.80873e-09 -6.65801e-06 0.336236 -1.52335e-11 
1.04008e-07 1.03232e-07 0.0760312 5.075 -5.38318e-09 -6.65801e-06 0.347301 -1.51946e-11 
1.04008e-07 1.03232e-07 0.0760312 5.075 -6.94324e-09 -6.65801e-06 0.358169 -1.51373e-11 
1.04008e-07 1.03232e-07 0.0760312 5.075 -8.48231e-09 -6.65801e-06 0.368717 -1.50505e-11 
1.04008e-07 1.03232e-07 0.0760312 5.075 -9.99063e-09 -6.65801e-06 0.378665 -1.49091e-11 
1.04008e-07 1.03232e-07 0.0760312 5.075 -1.14479e-08 -6.65801e-06 0.38731 -1.46568e-11 
1.0454e-07 1.03232e-07 0.0760312 5.075 -2.24036e-09 -6.65792e-06 0.392492 2.45176e-10 
73.455 4.00982e-07 15.7759 5 -1.4 6.24046 0.386099 1.59684e-08 
1883.16 466.033 129.237 5 -1.4 6.28 0.371673 -8.95584e-09 
3717.98 3116.88 213.17 5.075 -4.59736e-09 4.88019e-09 0.369 0 
3717.98 3116.88 213.17 5.075 -4.59736e-09 4.88019e-09 0.369 0 
2477.36 1876.26 0.187123 5.18878 7.67996e-05 -0.000455172 0.0381967 -1.48422e-19 
1236.75 635.648 0.187125 5.18853 1.72813e-12 -4.96989e-12 0.0400071 5.9478e-21 
2.42064e-05 5.59139e-06 0.187125 5.18853 -3.14424e-17 4.00521e-16 0.0419959 6.8393e-21 
7.50326e-07 7.44727e-07 0.187125 5.18853 -3.3892e-17 9.08363e-18 0.0441927 3.15039e-21 
7.50329e-07 7.44727e-07 0.187125 5.18853 -4.11033e-17 -9.39284e-19 0.0466317 -9.29341e-19 
7.50329e-07 7.44727e-07 0.187125 5.18853 -4.54399e-17 -7.80653e-19 0.0493523 4.55235e-19 
7.50329e-07 7.44727e-07 0.187125 5.18853 -5.47957e-17 -7.44689e-19 0.0523988 -4.69785e-19 
7.50329e-07 7.44727e-07 0.187125 5.18853 -6.95319e-17 -7.51201e-19 0.0558193 -1.59611e-19 
7.50329e-07 7.44727e-07 0.187125 5.18853 -8.64076e-17 -7.42926e-19 0.0596648 -1.71627e-18 
7.50329e-07 7.44727e-07 0.187125 5.18853 -1.13679e-16 -7.50842e-19 0.063986 -3.09392e-21 
7.50329e-07 7.44727e-07 0.187125 5.18853 -1.56167e-16 -7.429e-19 0.0688313 -1.70109e-21 
7.50329e-07 7.44727e-07 0.187125 5.18853 -2.37844e-16 -7.50837e-19 0.0742454 2.94353e-19 
7.50329e-07 7.44727e-07 0.187125 5.18853 -4.9027e-16 -7.42731e-19 0.0802754 1.28127e-18 
7.50329e-07 7.44727e-07 0.187125 5.18853 -1.2693e-15 -7.50512e-19 0.0869976 9.79593e-19 
7.50329e-07 7.44727e-07 0.187125 5.18853 -3.59984e-15 -7.42673e-19 0.0945669 1.28546e-18 
7.50329e-07 7.44727e-07 0.187125 5.18853 -8.97401e-15 -7.5039e-19 0.103198 4.67079e-21 
7.50329e-07 7.44727e-07 0.187125 5.18853 -1.69314e-14 -7.42638e-19 0.112912 1.23316e-18 
7.50329e-07 7.44727e-07 0.187125 5.18853 -2.88273e-14 -7.50771e-19 0.123772 2.71601e-19 
7.50329e-07 7.44727e-07 0.187125 5.18853 -3.08657e-14 -7.4187e-19 0.134786 1.80647e-19 
7.50329e-07 7.44727e-07 0.187125 5.18853 -3.08527e-14 -7.50924e-19 0.145773 2.41626e-19 
7.50329e-07 7.44727e-07 0.187125 5.18853 -3.08375e-14 -7.42695e-19 0.156729 -5.45887e-20 
7.50329e-07 7.44727e-07 0.187125 5.18853 -3.08228e-14 -7.50504e-19 0.167651 6.41392e-20 
7.50329e-07 7.44727e-07 0.187125 5.18853 -3.08114e-14 -7.41829e-19 0.178534 5.74055e-19 
7.50329e-07 7.44727e-07 0.187125 5.18853 -3.07951e-14 -7.50675e-19 0.189372 -1.65029e-19 
7.50329e-07 7.44727e-07 0.187125 5.18853 -3.07785e-14 -7.41806e-19 0.200159 8.84006e-19 
7.50329e-07 7.44727e-07 0.187125 5.18853 -3.07602e-14 -7.50836e-19 0.210886 -2.2743e-21 
7.50329e-07 7.44727e-07 0.187125 5.18853 -3.07423e-14 -7.42455e-19 0.22154 -2.24653e-19 
7.50329e-07 7.44727e-07 0.187125 5.18853 -3.07237e-14 -7.50574e-19 0.232104 4.40969e-19 
7.50329e-07 7.44727e-07 0.187125 5.18853 -3.07081e-14 -7.41811e-19 0.24255 8.3821e-19 
7.50329e-07 7.44727e-07 0.187125 5.18853 -3.06919e-14 -7.50549e-19 0.252838 -1.4271e-19 
7.50329e-07 7.44727e-07 0.187125 5.18853 -3.06781e-14 -7.42456e-19 0.2629 1.61871e-18 
7.50329e-07 7.44727e-07 0.187125 5.18853 -3.0669e-14 -7.50486e-19 0.272633 2.29381e-18 
7.50329e-07 7.44727e-07 0.187125 5.18853 -3.0657e-14 -7.41831e-19 0.281868 -2.50192e-18 
7.50329e-07 7.44727e-07 0.187125 5.18853 -3.06468e-14 -7.50525e-19 0.290359 -8.13557e-19 
7.50329e-07 7.44727e-07 0.187125 5.18853 -3.0638e-14 -7.42594e-19 0.29777 1.00126e-19 
7.50329e-07 7.44727e-07 0.187125 5.18853 -3.06221e-14 -7.50752e-19 0.303769 1.19551e-18 
7.50329e-07 7.44727e-07 0.187125 5.18853 -3.05953e-14 -7.41992e-19 0.308263 2.45971e-18 
7.50329e-07 7.44727e-07 0.187125 5.18853 -3.05471e-14 -7.50814e-19 0.311774 -1.01801e-20 
7.50329e-07 7.44727e-07 0.187125 5.18853 -3.048e-14 -7.42515e-19 0.316171 -1.99951e-18 
7.50329e-07 7.44727e-07 0.187125 5.18853 -3.03892e-14 -7.50654e-19 0.324521 7.87202e-19 
7.50329e-07 7.44727e-07 0.187125 5.18853 -3.0286e-14 -7.42013e-19 0.337404 -2.20577e-18 
7.50329e-07 7.44727e-07 0.187125 5.18853 -3.0165e-14 -7.50497e-19 0.351494 3.01498e-18 
7.50329e-07 7.44727e-07 0.187125 5.18853 -3.00525e-14 -7.43065e-19 0.363265 -1.47942e-18 
7.50329e-07 7.44727e-07 0.187125 5.18853 -2.99785e-14 -7.53187e-19 0.371197 4.60445e-19 
7.50329e-07 7.44727e-07 0.187125 5.18853 -2.99472e-14 -6.89977e-19 0.375229 -2.99398e-18 
7.50329e-07 7.44727e-07 0.187125 5.18853 -2.97722e-14 -7.15595e-19 0.375969 -1.89815e-18 
7.50329e-07 7.44728e-07 0.187125 5.18853 -3.40656e-14 4.66159e-20 0.374592 2.32847e-19 
2.35384e-06 6.20822e-06 0.187129 5.18853 1.74925e-12 2.81314e-12 0.372408 3.82419e-19 
124.019 391.865 266.479 5.18853 1.58897e-12 1.14602e-15 0.369 0 
124.019 391.865 266.479 5.18853 1.58897e-12 1.14602e-15 0.369 0 
1.82337e-09 2.31469e-08 0.00746455 9.11977 -1.2226 -6.27353 0.421468 -2.8991e-05 
8.62731e-12 3.37837e-10 0.00765444 5.37434 -0.282795 -6.27353 0.216941 -2.89909e-05 
3.2023e-10 3.33155e-10 0.00813609 5.13523 0.0198219 -6.27353 0.181483 -2.89909e-05 
3.30674e-10 3.32998e-10 0.00837024 5.0744 0.0592293 -6.27353 0.176361 -2.89908e-05 
3.34152e-10 3.32946e-10 0.00843455 5.06025 0.0616491 -6.27353 0.17568 -2.89907e-05 
3.3511e-10 3.32931e-10 0.00844925 5.05715 0.0606023 -6.27353 0.175579 -2.89907e-05 
3.35353e-10 3.32927e-10 0.00845223 5.05652 0.059838 -6.27353 0.175552 -2.89906e-05 
3.35413e-10 3.32927e-10 0.00845265 5.05644 0.059452 -6.27353 0.17554 -2.89904e-05 
3.35429e-10 3.32926e-10 0.00845252 5.05646 0.0592748 -6.27353 0.175533 -2.89903e-05 
3.35433e-10 3.32926e-10 0.00845232 5.0565 0.0591984 -6.27353 0.17553 -2.89902e-05 
3.35434e-10 3.32926e-10 0.00845213 5.05654 0.0591679 -6.27353 0.175528 -2.89901e-05 
3.35433e-10 3.32926e-10 0.00845198 5.05657 0.0591575 -6.27353 0.175528 -2.89899e-05 
3.35433e-10 3.32926e-10 0.00845186 5.0566 0.0591551 -6.27353 0.175526 -2.89898e-05 
3.35432e-10 3.32926e-10 0.00845177 5.05661 0.0591546 -6.27353 0.17552 -2.89897e-05 
3.35432e-10 3.32926e-10 0.00845171 5.05663 0.0591455 -6.27353 0.175489 -2.89895e-05 
3.35429e-10 3.32926e-10 0.00845165 5.05663 0.0590694 -6.27353 0.175359 -2.89894e-05 
3.35417e-10 3.32927e-10 0.00845161 5.0566 0.0585985 -6.27353 0.17487 -2.89893e-05 
3.3537e-10 3.32927e-10 0.00845158 5.0565 0.0564098 -6.27353 0.182389 -2.89892e-05 
3.35347e-10 3.32928e-10 0.00845155 5.05636 0.0533823 -6.27353 0.191904 -2.89891e-05 
3.35342e-10 3.32928e-10 0.00845151 5.05621 0.0501824 -6.27353 0.20123 -2.8989e-05 
3.35341e-10 3.32928e-10 0.00845148 5.05605 0.0469549 -6.27353 0.210506 -2.89889e-05 
3.35341e-10 3.32928e-10 0.00845144 5.0559 0.0437239 -6.27353 0.219771 -2.89889e-05 
3.35341e-10 3.32928e-10 0.00845138 5.05574 0.0404931 -6.27353 0.229033 -2.89889e-05 
3.35341e-10 3.32928e-10 0.00845131 5.05559 0.0372631 -6.27353 0.238295 -2.89889e-05 
3.35342e-10 3.32928e-10 0.00845122 5.05545 0.0340342 -6.27353 0.247556 -2.8989e-05 
3.35342e-10 3.32928e-10 0.0084511 5.05531 0.030807 -6.27353 0.256818 -2.89891e-05 
3.35343e-10 3.32928e-10 0.00845094 5.05518 0.0275816 -6.27353 0.266079 -2.89892e-05 
3.35344e-10 3.32928e-10 0.00845074 5.05505 0.0243584 -6.27353 0.275341 -2.89894e-05 
3.35345e-10 3.32928e-10 0.0084505 5.05494 0.0211374 -6.27353 0.284603 -2.89896e-05 
3.35345e-10 3.32928e-10 0.00845024 5.05483 0.0179178 -6.27353 0.293864 -2.89898e-05 
3.35345e-10 3.32928e-10 0.00844998 5.05472 0.0146975 -6.27353 0.303126 -2.89901e-05 
3.35343e-10 3.32928e-10 0.00844982 5.05459 0.0114721 -6.27353 0.312388 -2.89904e-05 
3.35338e-10 3.32928e-10 0.00844991 5.0544 0.00823384 -6.27353 0.32165 -2.89907e-05 
3.35328e-10 3.32928e-10 0.00845047 5.05412 0.00497108 -6.27353 0.330912 -2.89911e-05 
3.35313e-10 3.32928e-10 0.00845174 5.05369 0.00167094 -6.27353 0.340173 -2.89914e-05 
3.35297e-10 3.32928e-10 0.00845377 5.05311 -0.0016696 -6.27353 0.349435 -2.89916e-05 
3.35299e-10 3.32928e-10 0.00845569 5.05255 -0.00500712 -6.27353 0.358696 -2.89918e-05 
3.35372e-10 3.32927e-10 0.00845416 5.0527 -0.00817275 -6.27353 0.367956 -2.89918e-05 
3.35588e-10 3.32924e-10 0.00844243 5.05497 -0.0108204 -6.27353 0.377216 -2.89915e-05 
3.35979e-10 3.32918e-10 0.00841266 5.06113 -0.0125249 -6.27353 0.386474 -2.89909e-05 
3.36675e-10 3.32908e-10 0.00835246 5.07431 -0.0124906 -6.27353 0.395728 -2.89896e-05 
3.37752e-10 3.32891e-10 0.0082517 5.09839 -0.00944497 -6.27353 0.404974 -2.89867e-05 
3.38588e-10 3.32879e-10 0.00813406 5.13031 -0.00141576 -6.27353 0.414191 -2.89782e-05 
3.37886e-10 3.32889e-10 0.00807079 5.14952 0.0274406 -6.27353 0.423269 -2.89479e-05 
3.38511e-10 3.3288e-10 0.00811734 5.13456 0.220114 -6.27353 0.428607 -2.88252e-05 
5.21805e-10 1.73842e-09 0.00808157 5.14324 1.39357 -6.27353 0.413633 -2.83146e-05 
175.057 17.7857 86.2015 5 -1.4 5.3676 0.397322 -2.62824e-05 
1793.3 718.346 703.588 5 -1.4 6.28 0.382858 -1.87032e-05 
3809.71 4774.37 210.31 5.0077 -8.2595e-11 2.49527e-11 0.369 0 
3809.71 4774.37 210.31 5.0077 -8.2595e-11 2.49527e-11 0.369 0 
3819.84 4800.87 210.85 5.57378 -1.19829 0.00106201 1.15369 -1.02859 
3829.62 4827.4 191.139 20.8877 -0.303005 -0.957931 -0.0330091 -1.00718 
3817.7 4837.74 186.133 23.8988 0.0311756 -1.89761 -0.165163 -0.985776 
3801.41 4832.22 186.688 22.3837 0.507079 -2.81796 -0.153551 -0.964367 
3787.01 4811.16 195.321 14.9124 0.760409 -3.71896 -0.141939 -0.942959 
3782.92 4774.87 208.433 5 -0.157219 -4.60059 0.512423 -0.921551 
3792.98 4723.69 206.319 7.47987 -0.991867 -5.46282 1.05586 -0.872696 
3799.89 4657.94 190.042 20.0049 -0.0425341 -6.28 -0.107102 0.00341442 
3788.97 4578.42 189.458 19.822 -0.0416406 -6.28 -0.0954898 0.00341445 
3778.27 4498.89 188.894 19.639 -0.0407471 -6.28 -0.0838776 0.00341448 
3767.8 4419.36 188.35 19.456 -0.0398536 -6.28 -0.0722653 0.0034145 
3757.56 4339.83 187.826 19.2731 -0.0389601 -6.28 -0.0606531 0.00341453 
3747.55 4260.3 187.322 19.0901 -0.0380666 -6.28 -0.0490408 0.00341455 
3737.77 4180.77 186.838 18.9071 -0.0371731 -6.28 -0.0374286 0.00341458 
3728.23 4101.24 186.374 18.7241 -0.0362796 -6.28 -0.0258163 0.0034146 
3718.91 4021.71 185.93 18.5412 -0.0353861 -6.28 -0.0142041 0.00341463 
3709.83 3942.18 185.506 18.3582 -0.0344926 -6.28 -0.00259184 0.00341466 
3700.97 3862.65 185.102 18.1752 -0.0335991 -6.28 0.00902041 0.00341468 
3692.36 3783.12 184.718 17.9923 -0.0327057 -6.28 0.0206327 0.00341471 
3683.97 3703.59 184.355 17.8093 -0.0318122 -6.28 0.0322449 0.00341473 
3675.82 3624.06 184.011 17.6263 -0.0309185 -6.28 0.0438571 0.00341476 
3667.91 3544.53 183.687 17.4433 -0.0300247 -6.28 0.0554694 0.00341479 
3660.23 3464.99 183.384 17.2604 -0.0291311 -6.28 0.0670816 0.00341481 
3652.79 3385.46 183.1 17.0774 -0.0282383 -6.28 0.0786939 0.00341484 
3645.59 3305.93 182.836 16.8944 -0.0273465 -6.28 0.0903061 0.00341486 
3638.63 3226.4 182.593 16.7115 -0.0264541 -6.28 0.101918 0.00341489 
3631.9 3146.87 182.369 16.5285 -0.0255574 -6.28 0.113531 0.00341491 
3625.42 3067.34 182.166 16.3456 -0.024655 -6.28 0.125143 0.0986558 
3619.17 2987.8 181.983 16.1625 -0.0237542 -6.1911 0.136755 0.429163 
3613.17 2909.77 181.82 15.9793 -0.022873 -5.79365 0.148367 0.407755 
3607.42 2838.45 181.676 15.7963 -0.0220237 -5.41591 0.15998 0.386347 
3601.91 2773.51 181.552 15.6139 -0.0211767 -5.05789 0.171592 0.364939 
3596.65 2714.61 181.448 15.432 -0.0202401 -4.71962 0.183204 0.343531 
3591.64 2661.43 181.364 15.2495 -0.0191297 -4.4011 0.194816 0.322122 
3586.87 2613.63 181.304 15.0641 -0.0179562 -4.10235 0.206429 0.300714 
3582.36 2570.86 181.268 14.8754 -0.0171738 -3.82338 0.218041 0.279306 
3578.1 2532.82 181.251 14.6887 -0.0173077 -3.5642 0.229653 0.257898 
3574.11 2499.14 181.237 14.5157 -0.0180095 -3.32482 0.241265 0.23649 
3570.34 2469.51 181.215 14.362 -0.0170916 -3.10527 0.252878 0.215082 
3566.79 2443.59 181.213 14.2048 -0.0114818 -2.90555 0.26449 0.193673 
3563.45 2421.04 181.311 13.9842 -0.00183987 -2.72568 0.276102 0.172265 
3560.41 2401.52 181.577 13.6554 0.0016067 -2.56567 0.287714 0.150857 
3557.83 2384.71 181.91 13.3098 -0.0183361 -2.42554 0.299327 0.129449 
3555.73 2370.26 181.915 13.2498 -0.0638814 -2.30529 0.310939 0.108041 
3553.74 2357.85 181.153 13.7728 -0.0888319 -2.20494 0.322551 0.0866327 
3551.02 2347.13 179.956 14.5502 -0.000318323 -2.12451 0.334163 0.0652245 
3547.17 2337.76 180.232 14.0963 0.240087 -2.064 0.345776 0.0438163 
3543.87 2329.42 184.581 10.595 0.432369 -2.02344 0.357388 0.0224081 
3545.4 2321.77 192.271 5 0.09 -2.00285 0.369 0 
3545.4 2321.77 192.271 5 0.09 -2.00285 0.369 0 
3560.71 2310.91 194.644 5 -1.001 -2.95447 1.15369 -1.02859 
3576.73 2274.12 167.285 24.7745 -0.130635 -5.4565 -0.176776 -0.443658 
3547.54 2169.17 162.782 24.5915 -0.129742 -6.28 -0.165163 0.00340925 
3518.49 2041.79 158.311 24.4085 -0.128848 -6.28 -0.153551 0.00638483 
3489.6 1914.4 153.872 24.2256 -0.127955 -6.28 -0.141939 0.0186389 
3460.86 1787.01 149.466 24.0426 -0.127061 -6.28 -0.130327 0.0270491 
3432.27 1659.62 145.092 23.8596 -0.126168 -6.28 -0.118714 0.0468328 
3403.85 1532.23 140.751 23.6767 -0.125274 -6.28 -0.107102 0.0445362 
3375.59 1404.85 136.442 23.4937 -0.124381 -6.28 -0.0954898 0.0537965 
3347.5 1277.46 132.165 23.3107 -0.123487 -6.28 -0.0838776 0.0335563 
3319.57 1150.07 127.92 23.1277 -0.122594 -6.28 -0.0722653 0.0108415 
3291.81 1022.68 123.708 22.9448 -0.1217 -6.28 -0.0606531 -0.00435791 
3264.21 895.286 119.528 22.7618 -0.120807 -6.28 -0.0490408 0.0160238 
3236.79 767.895 115.381 22.5788 -0.119913 -6.28 -0.0374286 -0.297859 
3209.54 640.504 111.266 22.3958 -0.11902 -6.28 -0.0258163 -0.224239 
3182.46 513.113 107.183 22.2129 -0.118126 -6.28 -0.0142041 0.0450073 
3155.56 385.722 103.132 22.0299 -0.117233 -6.28 -0.00259184 -0.00253886 
3128.84 258.33 99.1142 21.847 -0.11634 -6.28 0.00902041 0.428563 
3102.3 130.937 95.1284 21.664 -0.115442 -5.86157 0.0206327 0.643245 
3075.95 14.9482 91.1751 21.4809 -0.114542 -3.94616 0.0322449 0.621836 
3049.82 -48.8413 87.2543 21.2978 -0.11366 -2.0609 0.0438571 0.38787 
3023.92 -61.2532 83.3655 21.1149 -0.112825 -0.526411 0.0554694 -0.251128 
2998.24 -31.8466 79.5075 20.9333 -0.111959 -1.60222 0.0670816 -0.000298911 
2972.72 -31.7587 75.681 20.752 -0.110753 -1.60491 0.0786939 1.4244e-06 
2947.39 -31.7446 71.8953 20.5639 -0.109129 -1.6048 0.0903061 0.000104558 
2922.26 -31.7278 68.162 20.3615 -0.108853 -1.60457 0.101918 -7.52051e-05 
2897.37 -31.7051 64.4451 20.1754 -0.113552 -1.6047 0.113531 -8.07401e-05 
2872.68 -31.6862 60.6083 20.1059 -0.118877 -1.60474 0.125143 -2.01162e-06 
2847.94 -31.6685 56.6294 20.1451 -0.0947292 -1.60457 0.136755 -9.67134e-05 
2822.89 -31.6462 53.3069 19.6627 -0.0139651 -1.60471 0.148367 -0.000102494 
2798.66 -31.6286 54.1088 19.4797 -0.0130715 -1.6047 0.15998 -0.000127197 
2774.88 -31.611 54.943 19.2967 -0.0121778 -1.6047 0.171592 -0.000137249 
2751.54 -31.5936 55.8096 19.1138 -0.0112843 -1.60482 0.183204 0.000106027 
2728.64 -31.5798 56.7085 18.9308 -0.0103921 -1.60394 0.194816 -0.000408866 
2706.2 -31.5424 57.6397 18.7478 -0.00950104 -1.60514 0.206429 -0.000109207 
2684.2 -31.5379 58.6032 18.5649 -0.00860389 -1.60464 0.218041 -0.000277079 
2662.65 -31.5202 59.5991 18.382 -0.00768886 -1.60473 0.229653 -0.000111451 
2641.56 -31.5052 60.6279 18.1985 -0.0067793 -1.6046 0.241265 -6.53153e-05 
2620.93 -31.4871 61.6896 18.0148 -0.00598944 -1.60466 0.252878 -3.40351e-05 
2600.75 -31.471 62.7808 17.8334 -0.00538024 -1.60486 0.26449 -1.66844e-05 
2581.03 -31.4607 63.8965 17.6576 -0.00435842 -1.60468 0.276102 -1.47403e-05 
2561.76 -31.4456 65.0478 17.4779 -0.00148711 -1.60453 0.287714 -5.65016e-06 
2542.93 -31.4269 66.2851 17.2566 0.0021582 -1.60472 0.299327 -2.13427e-06 
2524.66 -31.4136 67.6315 16.985 -0.00418316 -1.60466 0.310939 2.78196e-05 
2507.05 -31.3991 68.8169 16.8792 -0.0331625 -1.60488 0.322551 -0.00103159 
2489.76 -31.3909 69.2172 17.3791 -0.0412632 -1.80517 0.334163 0.00254238 
2471.4 -36.8401 69.3748 17.9442 0.127213 -1.06088 0.345776 0.0438159 
2451.74 -22.0045 74.0992 14.9018 0.483427 -0.0431868 0.357388 -0.000121865 
2438.8 20.5607 88.6643 5 0.09 -0.332403 0.369 0 
2438.8 20.5607 88.6643 5 0.09 -0.332403 0.369 0 
2446.8 35.763 90.6482 5 -0.368243 -0.773085 1.06075 -1.02858 
2454.97 45.3928 86.8375 9.02237 0.48682 -1.93289 0.142083 -1.00715 
2458.74 40.3602 93.7577 5 0.075928 -3.07831 0.611521 0.583525 
2466.85 20.8405 95.5636 5 0.075928 -3.11201 0.611521 0.964047 
2475 0.89591 97.3695 5 0.0759286 -1.99792 0.611521 0.868785 
2483.22 -4.95351 99.1754 5 0.0759292 -0.950143 0.611521 0.325862 
2491.48 2.44706 100.981 5 0.0759292 -0.991073 0.611521 -0.90011 
2499.8 10.2026 102.787 5 0.0759286 -2.0612 0.611521 -0.878717 
2508.15 4.42634 104.593 5 0.075928 -3.11692 0.611521 -0.857306 
2516.53 -15.5808 106.399 5 0.0759275 -4.15821 0.611521 -0.440675 
2524.95 -48.7558 108.205 5 0.0759275 -4.02673 0.611521 0.814501 
2533.42 -80.2685 110.011 5 0.075928 -3.01739 0.611521 0.793098 
2541.94 -99.0179 111.817 5 0.0759286 -2.02248 0.611521 0.771691 
2550.52 -105.187 113.623 5 0.0759291 -1.04204 0.611521 0.750284 
2559.15 -98.9581 115.429 5 0.0759296 -0.076056 0.611521 0.728876 
2567.84 -80.5144 117.235 5 0.0759301 0.875452 0.611521 0.707468 
2576.58 -50.0389 119.041 5 0.0759306 1.81248 0.611522 0.68606 
2585.38 -7.71468 120.847 5 0.075931 2.73502 0.611522 0.664652 
2594.24 46.2858 122.653 5 0.0759315 3.64306 0.611522 0.643244 
2603.15 112.64 124.459 5 0.075932 4.53661 0.611522 0.621835 
2612.11 190.293 126.264 5 0.0759324 5.41564 0.611522 0.600278 
2621.13 279.062 128.07 5 0.0759329 6.27999 0.611521 0.540785 
2630.2 378.761 129.876 5 0.0759329 6.28 0.611521 0.423261 
2639.32 478.459 131.682 5 0.0759329 6.28 0.611521 0.317232 
2648.49 578.158 133.488 5 0.0759329 6.28 0.611521 0.274581 
2657.7 677.856 135.294 5 0.0759329 6.28 0.611522 0.197582 
2666.95 777.555 137.1 5 0.0759329 6.28 0.611522 0.16949 
2676.26 877.253 138.906 5 0.0759329 6.28 0.611522 0.133768 
2685.6 976.952 140.712 5 0.0759329 6.28 0.611522 0.101794 
2695 1076.65 142.518 5 0.0759328 6.28 0.611522 0.0858148 
2704.44 1176.35 144.324 5 0.0759334 6.28 0.611512 0.0662873 
2713.92 1276.05 146.13 5 0.0759159 6.28 0.611813 0.0387117 
2723.45 1375.75 147.936 5 0.0764666 6.28 0.602321 0.0293938 
2733.03 1475.44 149.749 5 0.059082 6.28 0.604461 0.0218855 
2742.66 1575.14 151.342 5.16606 0.0459986 6.28 0.599285 0.0114944 
2752.16 1674.84 152.766 5.44718 0.0432307 6.28 0.582979 0.00752483 
2761.41 1774.54 154.149 5.74087 0.0433842 6.28 0.566673 0.0039557 
2770.4 1874.24 155.529 6.01799 0.0479201 6.28 0.550367 0.00154488 
2779.15 1973.94 156.96 6.23773 0.0547872 6.28 0.534061 0.000199532 
2787.71 2073.64 158.473 6.3824 0.0570782 6.28 0.517755 -0.000320286 
2796.15 2173.34 160.013 6.50221 0.0458687 6.28 0.501449 -0.000364119 
2804.52 2273.04 161.408 6.72909 0.0183822 6.28 0.485143 -0.000305047 
2812.7 2372.74 162.451 7.21081 -0.012313 6.28 0.468836 -0.00022918 
2820.43 2472.44 163.097 7.95724 -0.0156421 6.28 0.45253 -0.000161458 
2827.42 2572.14 163.685 8.68328 0.0396957 6.28 0.436224 -0.000104716 
2833.67 2671.84 164.958 8.82623 0.150385 6.28 0.419918 -5.97423e-05 
2839.78 2771.54 167.628 7.90163 0.24575 6.28 0.403612 -2.71157e-05 
2846.87 2871.24 171.522 6.14487 0.19814 6.28 0.387306 -0.000970342 
2855.86 2970.94 174.85 5 -0.0899995 5.98121 0.369 0 
2855.86 2970.94 174.85 5 -0.0899995 5.98121 0.369 0 
677.695 814.963 0.0116008 5.01061 2.57829e-12 -1.62413e-10 2.85564e-07 -2.81607e-18 
7.49979e-11 1.07101e-10 0.0116008 5.0106 8.66747e-15 -1.26859e-12 3.07187e-07 -2.81689e-18 
3.89352e-12 3.86445e-12 0.0116008 5.0106 8.66747e-15 -1.26859e-12 3.31942e-07 -2.81546e-18 
3.89352e-12 3.86445e-12 0.0116008 5.0106 8.66748e-15 -1.26859e-12 3.60547e-07 -2.81548e-18 
3.89352e-12 3.86445e-12 0.0116008 5.0106 8.66749e-15 -1.26859e-12 3.93958e-07 -2.81543e-18 
3.89352e-12 3.86445e-12 0.0116008 5.0106 8.66751e-15 -1.26859e-12 4.33477e-07 -2.81583e-18 
3.89352e-12 3.86445e-12 0.0116008 5.0106 8.66753e-15 -1.26859e-12 4.80937e-07 -2.81596e-18 
3.89352e-12 3.86445e-12 0.0116008 5.0106 8.66756e-15 -1.26859e-12 5.3902e-07 -2.8156e-18 
3.89352e-12 3.86445e-12 0.0116008 5.0106 8.6676e-15 -1.26859e-12 6.11924e-07 -2.81563e-18 
3.89352e-12 3.86445e-12 0.0116008 5.0106 8.66767e-15 -1.26859e-12 7.07194e-07 -2.81643e-18 
3.89352e-12 3.86445e-12 0.0116008 5.0106 8.66778e-15 -1.26859e-12 8.43786e-07 -2.81536e-18 
3.89352e-12 3.86445e-12 0.0116008 5.0106 8.66799e-15 -1.26859e-12 1.10875e-06 -2.81546e-18 
3.89352e-12 3.86445e-12 0.0116008 5.0106 8.66842e-15 -1.26859e-12 2.18218e-06 -2.81587e-18 
3.89352e-12 3.86445e-12 0.0116008 5.0106 8.66932e-15 -1.26859e-12 1.06415e-05 -2.81606e-18 
3.89352e-12 3.86445e-12 0.0116008 5.0106 8.67042e-15 -1.26859e-12 8.83459e-05 -2.81628e-18 
3.89352e-12 3.86445e-12 0.0116008 5.0106 8.67033e-15 -1.26859e-12 0.000712417 -2.81589e-18 
3.89352e-12 3.86445e-12 0.0116008 5.0106 8.66284e-15 -1.26859e-12 0.00454239 -2.81535e-18 
3.89352e-12 3.86445e-12 0.0116008 5.0106 8.16661e-15 -1.26859e-12 0.0153037 -2.81533e-18 
3.89352e-12 3.86445e-12 0.0116008 5.0106 7.81272e-15 -1.26859e-12 0.0268734 -2.81507e-18 
3.89352e-12 3.86445e-12 0.0116008 5.0106 7.50235e-15 -1.26859e-12 0.038442 -2.81582e-18 
3.89352e-12 3.86445e-12 0.0116008 5.0106 7.19214e-15 -1.26859e-12 0.0500094 -2.81256e-18 
3.89352e-12 3.86445e-12 0.0116008 5.0106 6.88214e-15 -1.26859e-12 0.0615755 -2.81358e-18 
3.89352e-12 3.86445e-12 0.0116008 5.0106 6.57235e-15 -1.26859e-12 0.0731401 -2.81373e-18 
3.89352e-12 3.86445e-12 0.0116008 5.0106 6.26281e-15 -1.26859e-12 0.0847031 -2.81586e-18 
3.89352e-12 3.86445e-12 0.0116008 5.0106 5.95353e-15 -1.26859e-12 0.0962643 -2.81493e-18 
3.89352e-12 3.86445e-12 0.0116008 5.0106 5.64455e-15 -1.26859e-12 0.107824 -2.81781e-18 
3.89352e-12 3.86445e-12 0.0116008 5.0106 5.33589e-15 -1.26859e-12 0.119381 -2.81724e-18 
3.89352e-12 3.86445e-12 0.0116008 5.0106 5.02756e-15 -1.26859e-12 0.130936 -2.81687e-18 
3.89352e-12 3.86445e-12 0.0116008 5.0106 4.71957e-15 -1.26859e-12 0.142488 -2.82094e-18 
3.89352e-12 3.86445e-12 0.0116008 5.0106 4.41192e-15 -1.26859e-12 0.154038 -2.81787e-18 
3.89352e-12 3.86445e-12 0.0116008 5.0106 4.10463e-15 -1.26859e-12 0.165585 -2.82012e-18 
3.89352e-12 3.86445e-12 0.0116008 5.0106 3.79766e-15 -1.26859e-12 0.17713 -2.81945e-18 
3.89352e-12 3.86445e-12 0.0116008 5.0106 3.49103e-15 -1.26859e-12 0.188671 -2.81581e-18 
3.89352e-12 3.86445e-12 0.0116008 5.0106 3.18472e-15 -1.26859e-12 0.200209 -2.81495e-18 
3.89352e-12 3.86445e-12 0.0116008 5.0106 2.87877e-15 -1.26859e-12 0.211744 -2.81913e-18 
3.89352e-12 3.86445e-12 0.0116008 5.0106 2.57328e-15 -1.26859e-12 0.223274 -2.82015e-18 
3.89352e-12 3.86445e-12 0.0116008 5.0106 2.26842e-15 -1.26859e-12 0.234799 -2.81886e-18 
3.89352e-12 3.86445e-12 0.0116008 5.0106 1.96453e-15 -1.26859e-12 0.246318 -2.81362e-18 
3.89352e-12 3.86445e-12 0.0116008 5.0106 1.66213e-15 -1.26859e-12 0.257829 -2.81795e-18 
3.89352e-12 3.86445e-12 0.0116008 5.0106 1.36193e-15 -1.26859e-12 0.269329 -2.81463e-18 
3.89352e-12 3.86445e-12 0.0116008 5.0106 1.0649e-15 -1.26859e-12 0.280815 -2.8123e-18 
3.89352e-12 3.86445e-12 0.0116008 5.0106 7.72194e-16 -1.26859e-12 0.29228 -2.81591e-18 
3.89352e-12 3.86445e-12 0.0116008 5.0106 4.84225e-16 -1.26859e-12 0.303718 -2.81318e-18 
3.89352e-12 3.86445e-12 0.0116008 5.0106 1.98265e-16 -1.26859e-12 0.315126 -2.81805e-18 
3.89352e-12 3.86445e-12 0.0116008 5.0106 -8.84459e-17 -1.26859e-12 0.326506 -2.81852e-18 
3.89352e-12 3.86445e-12 0.0116008 5.0106 -3.42625e-16 -1.26859e-12 0.337824 -2.84096e-18 
3.76342e-11 9.70615e-12 0.0116008 5.0106 -2.60098e-12 2.57589e-11 0.34913 5.66036e-14 
1507.57 209.729 44.3567 5 -1.4 6.28 0.359995 -5.93147e-14 
4187.89 3125.8 293.59 5.0106 -5.85303e-14 2.10612e-13 0.369 0 
4187.89 3125.8 293.59 5.0106 -5.85303e-14 2.10612e-13 0.369 0 
3158.7 2098.49 0.0622687 10.6005 1.36411 -6.28 0.0145756 -3.60291e-13 
2127.8 1059.02 0.0884692 9.13402 1.01562 -6.27804 0.0159017 2.26122e-10 
1097.08 24.8893 0.131441 7.09223 0.478482 -0.0190604 0.017395 6.72463e-13 
66.5663 1.88393e-07 0.178179 5.17691 1.38522e-09 -2.02533e-09 0.0190788 -4.33044e-15 
1.6663e-07 8.02556e-08 0.178179 5.17691 4.73729e-12 -1.97075e-09 0.0209802 -4.32936e-15 
8.08583e-08 8.02567e-08 0.178179 5.17691 4.57106e-12 -1.97075e-09 0.0231308 -4.32733e-15 
8.08604e-08 8.02567e-08 0.178179 5.17691 4.38609e-12 -1.97075e-09 0.025568 -4.32624e-15 
8.08604e-08 8.02567e-08 0.178179 5.17691 4.17879e-12 -1.97075e-09 0.0283369 -4.32528e-15 
8.08604e-08 8.02567e-08 0.178179 5.17691 3.94389e-12 -1.97075e-09 0.0314931 -4.32295e-15 
8.08604e-08 8.02567e-08 0.178179 5.17691 3.6735e-12 -1.97075e-09 0.0351074 -4.32193e-15 
8.08604e-08 8.02567e-08 0.178179 5.17691 3.35629e-12 -1.97075e-09 0.0392707 -4.31957e-15 
8.08604e-08 8.02567e-08 0.178179 5.17691 2.97741e-12 -1.97075e-09 0.044098 -4.31781e-15 
8.08604e-08 8.02567e-08 0.178179 5.17691 2.52053e-12 -1.97075e-09 0.0497258 -4.31533e-15 
8.08604e-08 8.02567e-08 0.178179 5.17691 1.97233e-12 -1.97075e-09 0.0562978 -4.31254e-15 
8.08604e-08 8.02567e-08 0.178179 5.17691 1.32513e-12 -1.97075e-09 0.0639487 -4.30955e-15 
8.08604e-08 8.02567e-08 0.178179 5.17691 5.61556e-13 -1.97075e-09 0.0728339 -4.30699e-15 
8.08604e-08 8.02567e-08 0.178179 5.17691 -2.97343e-13 -1.97075e-09 0.0830336 -4.30374e-15 
8.08604e-08 8.02567e-08 0.178179 5.17691 -1.00835e-12 -1.97075e-09 0.0939934 -4.29879e-15 
8.08604e-08 8.02567e-08 0.178179 5.17691 -1.4826e-12 -1.97075e-09 0.105003 -4.29519e-15 
8.08604e-08 8.02567e-08 0.178179 5.17691 -1.9343e-12 -1.97075e-09 0.115999 -4.28996e-15 
8.08604e-08 8.02567e-08 0.178179 5.17691 -2.38449e-12 -1.97075e-09 0.126978 -4.28472e-15 
8.08604e-08 8.02567e-08 0.178179 5.17691 -2.83306e-12 -1.97075e-09 0.137938 -4.27752e-15 
8.08604e-08 8.02567e-08 0.178179 5.17691 -3.28006e-12 -1.97075e-09 0.148877 -4.27161e-15 
8.08604e-08 8.02567e-08 0.178179 5.17691 -3.72549e-12 -1.97075e-09 0.159795 -4.26298e-15 
8.08604e-08 8.02567e-08 0.178179 5.17691 -4.16949e-12 -1.97075e-09 0.170689 -4.25379e-15 
8.08604e-08 8.02567e-08 0.178179 5.17691 -4.61211e-12 -1.97075e-09 0.181559 -4.24275e-15 
8.08604e-08 8.02567e-08 0.178179 5.17691 -5.05335e-12 -1.97075e-09 0.192405 -4.23078e-15 
8.08604e-08 8.02567e-08 0.178179 5.17691 -5.49313e-12 -1.97075e-09 0.203225 -4.21581e-15 
8.08604e-08 8.02567e-08 0.178179 5.17691 -5.93111e-12 -1.97075e-09 0.214017 -4.19762e-15 
8.08604e-08 8.02567e-08 0.178179 5.17691 -6.3668e-12 -1.97075e-09 0.224779 -4.17725e-15 
8.08604e-08 8.02567e-08 0.178179 5.17691 -6.7997e-12 -1.97075e-09 0.235505 -4.15013e-15 
8.08604e-08 8.02567e-08 0.178179 5.17691 -7.22945e-12 -1.97075e-09 0.246189 -4.12055e-15 
8.08604e-08 8.02567e-08 0.178179 5.17691 -7.65597e-12 -1.97075e-09 0.256826 -4.07845e-15 
8.08604e-08 8.02567e-08 0.178179 5.17691 -8.07933e-12 -1.97075e-09 0.267409 -4.03158e-15 
8.08604e-08 8.02567e-08 0.178179 5.17691 -8.49904e-12 -1.97075e-09 0.277929 -3.97022e-15 
8.08604e-08 8.02567e-08 0.178179 5.17691 -8.91283e-12 -1.97075e-09 0.288369 -3.89574e-15 
8.08604e-08 8.02567e-08 0.178179 5.17691 -9.31484e-12 -1.97075e-09 0.298699 -3.79726e-15 
8.08604e-08 8.02567e-08 0.178179 5.17691 -9.69334e-12 -1.97075e-09 0.308859 -3.67176e-15 
8.08604e-08 8.02567e-08 0.178179 5.17691 -1.00289e-11 -1.97075e-09 0.318757 -3.51289e-15 
8.08604e-08 8.02567e-08 0.178179 5.17691 -1.02959e-11 -1.97075e-09 0.328274 -3.32038e-15 
8.08604e-08 8.02567e-08 0.178179 5.17691 -1.04731e-11 -1.97075e-09 0.337312 -3.12561e-15 
8.08604e-08 8.02567e-08 0.178179 5.17691 -1.05665e-11 -1.97075e-09 0.345875 -2.84479e-15 
8.08604e-08 8.02567e-08 0.178179 5.17691 -1.06371e-11 -1.97075e-09 0.354091 -2.63306e-15 
8.08604e-08 8.02567e-08 0.178179 5.17691 -1.08146e-11 -1.97075e-09 0.362067 -2.55677e-15 
8.08527e-08 8.02567e-08 0.178179 5.17691 -1.10317e-11 -1.97075e-09 0.36956 -2.71304e-15 
8.12345e-07 8.02567e-08 0.178179 5.17691 -6.44949e-09 -1.70194e-09 0.374535 3.36023e-13 
393.64 8.02394e-08 0.208201 5.00004 -0.351876 0.0140204 0.378235 2.82977e-13 
1424.03 9.94723e-08 0.226292 5.00001 -0.646358 0.0257629 0.366964 -5.73693e-13 
2454.43 9.15908 214.51 5.17691 -9.96172e-10 6.92919e-11 0.369 0 
2454.43 9.15908 214.51 5.17691 -9.96172e-10 6.92919e-11 0.369 0 
2460.72 22.2712 213.781 5 -1.20688 -1.01417 1.15369 -0.998968 
2467.33 26.2547 202.191 12.2401 -0.248101 -2.52356 1.13739 -0.859681 
2468.33 16.6571 199.127 12.4965 -0.249283 -2.58772 1.12108 0.726919 
2469.09 6.48212 196.048 12.7524 -0.250511 -2.33284 1.10478 0.80646 
2469.61 -1.39864 192.954 13.0082 -0.251824 -1.6494 1.08847 0.00880121 
2469.9 -3.12781 189.846 13.2645 -0.253232 -1.33083 1.07216 -0.00302326 
2469.95 -1.98948 186.72 13.5219 -0.254694 -1.45321 1.05586 9.84967e-05 
2469.75 -1.9525 183.578 13.7806 -0.256116 -1.45747 1.03955 -0.000436962 
2469.32 -1.95372 180.419 14.0404 -0.25738 -1.46933 1.02324 0.00125022 
2468.63 -2.06152 177.245 14.3001 -0.258399 -1.44345 1.00694 -0.000460265 
2467.71 -1.93622 174.059 14.5581 -0.259185 -1.4566 0.990633 0.000327986 
2466.54 -1.92914 170.861 14.8127 -0.259891 -1.45645 0.974327 0.000108666 
2465.13 -1.92061 167.653 15.0637 -0.260797 -1.45794 0.95802 0.000280557 
2463.48 -1.92533 164.434 15.3127 -0.26221 -1.45574 0.941714 7.95756e-05 
2461.59 -1.91013 161.198 15.5633 -0.264299 -1.4573 0.925408 9.94901e-06 
2459.47 -1.90879 157.94 15.8199 -0.266923 -1.45697 0.909102 0.00211359 
2457.1 -1.90431 154.655 16.0859 -0.269559 -1.45778 0.892796 0.000599011 
2454.48 -1.90702 151.342 16.3609 -0.271405 -1.45725 0.87649 0.000228292 
2451.6 -1.90479 148.008 16.6388 -0.271708 -1.45732 0.860184 -8.18486e-05 
2448.46 -1.90298 144.668 16.909 -0.270231 -1.45771 0.843878 -9.29595e-05 
2445.07 -1.9046 141.337 17.1597 -0.267651 -1.45839 0.827571 -0.000443788 
2441.43 -1.91215 138.026 17.3845 -0.265643 -1.47012 0.811265 0.00104284 
2437.58 -2.02511 134.729 17.5889 -0.266408 -1.4456 0.794959 -0.000441819 
2433.51 -1.9173 131.423 17.793 -0.271661 -1.45737 0.778653 1.9494e-05 
2429.25 -1.91535 128.066 18.0276 -0.281377 -1.45708 0.762347 -2.35506e-05 
2424.75 -1.91065 124.619 18.3214 -0.29291 -1.45736 0.746041 -0.00030418 
2419.98 -1.90828 121.064 18.6834 -0.301189 -1.46501 0.729735 0.000465968 
2414.89 -1.97452 117.429 19.0874 -0.300432 -1.45277 0.713429 -8.99724e-05 
2409.44 -1.93042 113.794 19.469 -0.287158 -1.45484 0.697122 -0.000694343 
2403.64 -1.90469 110.274 19.7437 -0.26341 -1.47273 0.680816 0.00113496 
2397.58 -2.03985 106.964 19.8463 -0.238406 -1.44277 0.66451 -0.000383916 
2391.39 -1.90523 103.877 19.778 -0.226848 -1.44877 0.648204 0.00421814 
2385.18 -1.82469 100.895 19.6411 -0.243151 -1.20385 0.631898 -0.0157671 
2379.02 0.460199 97.7686 19.6304 -0.292876 -1.69107 0.615592 -0.181295 
2372.83 -1.64021 94.1946 19.9672 -0.36491 -2.27457 0.599286 -0.138901 
2366.33 -8.99232 89.9674 20.7841 -0.429379 -2.75234 0.58298 0.143156 
2359.17 -20.6442 85.1481 22.0009 -0.445435 -2.16441 0.566673 0.125397 
2351.06 -27.0037 80.1668 23.2629 -0.379484 -1.57628 0.550367 0.110247 
2341.94 -28.0688 75.7609 24.0056 -0.228553 -0.990279 0.534061 0.0953404 
2332.18 -23.8591 72.7027 23.6778 -0.0378126 -0.398504 0.517755 0.0805962 
2322.58 -14.3232 71.3661 22.0695 0.101029 0.197757 0.501449 0.0635212 
2314.08 0.578526 71.3023 19.6113 0.0793453 0.79337 0.485143 0.0471217 
2307.37 20.8398 71.0789 17.4522 -0.173632 1.38698 0.468837 0.0319917 
2302.26 46.4426 68.6096 17.1586 -0.629939 1.9798 0.452531 0.0147673 
2297.41 77.381 62.0375 20.0133 -1.12836 2.56905 0.436224 0.000895381 
2290.47 113.625 50.938 26.1202 -1.4 2.79947 0.350538 -4.11316e-05 
2278.98 151.946 37.3056 33.763 -1.26324 2.77174 0.403612 3.04389e-05 
2261.7 190.021 24.7938 40 -0.404909 2.81404 0.387306 0.0108819 
2239.55 228.482 19.9176 40 0.954211 3.82791 0.369 0 
2587.82 4837.29 1480.97 17.0664 0.477746 0 0.200227 0 
2587.82 4837.29 1480.97 17.0664 0.477747 2.11057e-08 0.200227 -1.01242e-05 
2587.82 4837.27 1481 17.0481 0.478227 -0.0160887 0.20064 4.45208e-05 
1918.5 4782.02 1477.84 17.3894 0.474488 0.0124016 0.192961 -0.000467067 
2220.29 5642.5 1750.89 16.4728 0.492181 -0.442263 0.213576 0.000950818 
2345.02 3878.69 1601.71 16.8017 0.484197 -0.197887 0.20618 0.00042421 
2398.53 3091.82 1535.73 16.9467 0.480668 -0.0897666 0.202918 0.00019186 
2422.26 2735.95 1506.16 17.0116 0.479088 -0.0412934 0.201459 8.78727e-05 
2433.11 2572.97 1492.79 17.0406 0.478377 -0.0193845 0.200807 4.13651e-05 
2438.14 2496.25 1486.45 17.0546 0.478036 -0.00898164 0.200492 1.88989e-05 
2440.57 2461.19 1483.67 17.0604 0.477892 -0.00443554 0.200363 9.66804e-06 
2441.52 2443.26 1482.1 17.0638 0.477807 -0.00184724 0.200285 4.09845e-06 
2442.2 2435.66 1481.4 17.0654 0.47777 -0.000699012 0.20025 1.6376e-06 
2442.47 2432.62 1481.08 17.066 0.477753 -0.000177106 0.200235 5.76697e-07 
2442.58 2431.55 1480.9 17.0664 0.477744 0.000118575 0.200227 -2.78671e-08 
2442.65 2431.6 1480.8 17.0666 0.477738 0.000282049 0.200223 -3.47535e-07 
2442.68 2432.24 1480.74 17.0667 0.477735 0.000387246 0.20022 -5.44096e-07 
2442.69 2433.25 1480.69 17.0668 0.477733 0.00046419 0.200218 -6.7693e-07 
2442.7 2434.51 1480.65 17.0669 0.477731 0.000531432 0.200217 -7.85304e-07 
2442.7 2435.96 1480.61 17.0669 0.477729 0.000598077 0.200215 -8.72281e-07 
2442.71 2437.58 1480.55 17.067 0.477727 0.000684539 0.200213 -1.03074e-06 
2442.7 2439.49 1480.51 17.0671 0.477725 0.000751023 0.200212 -1.10959e-06 
2442.69 2441.54 1480.46 17.0671 0.477722 0.000845366 0.20021 -1.24751e-06 
2442.69 2443.86 1480.39 17.0672 0.477719 0.000952976 0.200208 -1.3997e-06 
2442.69 2446.45 1480.31 17.0673 0.477716 0.00108103 0.200206 -1.58293e-06 
2442.68 2449.38 1480.22 17.0675 0.477711 0.00123113 0.200203 -1.79301e-06 
2442.67 2452.7 1480.11 17.0676 0.477706 0.00141188 0.2002 -2.04527e-06 
2442.66 2456.49 1479.98 17.0678 0.4777 0.00163027 0.200196 -2.34638e-06 
2442.65 2460.84 1479.82 17.068 0.477693 0.00189775 0.200191 -2.71201e-06 
2442.64 2465.87 1479.62 17.0682 0.477684 0.00222868 0.200186 -3.15334e-06 
2442.62 2471.71 1479.36 17.0686 0.477673 0.00264918 0.200178 -3.72101e-06 
2442.6 2478.6 1479.04 17.0689 0.477658 0.00317643 0.20017 -4.37521e-06 
2442.57 2486.71 1478.61 17.0695 0.477639 0.00389557 0.200157 -5.36746e-06 
2442.5 2496.66 1478.07 17.0701 0.477615 0.00477629 0.200143 -6.4341e-06 
2442.46 2508.58 1477.33 17.071 0.477582 0.00600369 0.200123 -7.98744e-06 
2442.38 2523.38 1476.33 17.0721 0.477539 0.00764739 0.200098 -1.00058e-05 
2442.27 2541.92 1474.96 17.0737 0.477479 0.00991108 0.200062 -1.27869e-05 
2442.11 2565.61 1473.07 17.0759 0.477396 0.0130271 0.200013 -1.66189e-05 
2441.88 2596.4 1470.47 17.0791 0.47728 0.0173134 0.199942 -2.2174e-05 
2441.61 2637.48 1467.07 17.0834 0.477126 0.022923 0.199844 -2.97084e-05 
2441.27 2692.53 1462.78 17.0898 0.476924 0.0300014 0.1997 -4.05084e-05 
2440.97 2767.6 1458.16 17.0982 0.476692 0.0376292 0.199511 -5.43043e-05 
2440.78 2868.24 1454.5 17.108 0.476479 0.0436795 0.199291 -6.972e-05 
2441.22 2997.44 1454.34 17.1144 0.476414 0.0439574 0.199148 -7.8849e-05 
2442.17 3143.54 1459.49 17.1067 0.476658 0.0354433 0.19932 -6.59961e-05 
2442.95 3265.73 1465.16 17.0704 0.477191 0.0260128 0.200136 -1.20151e-05 
2440.24 3287.62 1447.1 16.9984 0.477282 0.0554976 0.201756 8.36536e-05 
2424.46 3131.25 1341.56 16.9122 0.474633 0.228426 0.203692 0.000200589 
2359.87 2821.49 1016.39 16.8884 0.462832 0.817685 0.204189 -0.00129866 
4502.63 2708.38 168.448 22.657 1.05957e-05 0.0646643 0.199227 0 
4502.63 2708.38 168.448 22.657 1.05957e-05 0.0646643 0.199227 0 
4489.91 2733.67 168.254 21.2727 0.834389 0.259083 -0.188388 0.145107 
4478.62 2761.94 180.87 11.0697 0.566333 0.393584 -0.176775 -0.949561 
4480.32 2792.25 189.633 5 -1.15045 -0.614778 1.05688 -0.92901 
4490.26 2807.12 172.254 18.7035 -0.393094 -1.60687 0.218755 -0.895825 
4482.6 2806.81 166.137 22.2804 -0.0804657 -2.56317 -0.141939 -0.847298 
4470.26 2791.86 164.72 22.1019 -0.0795797 -3.46091 -0.130326 -0.777495 
4458.09 2763.16 163.32 21.923 -0.0780488 -4.27116 -0.118714 -0.677137 
4446.08 2722.06 161.948 21.7363 -0.0759366 -4.95917 -0.107102 -0.52598 
4434.24 2670.42 160.614 21.5357 -0.0743905 -5.4771 -0.0954897 -0.302327 
4422.61 2610.84 159.307 21.3293 -0.0754053 -5.7654 -0.0838775 -0.0772207 
4411.18 2546.85 157.991 21.1475 -0.0797832 -5.83835 -0.0722652 0.000723919 
4399.94 2481.75 156.612 21.027 -0.0838998 -5.84009 -0.060653 0.0176189 
4388.81 2416.62 155.172 20.9586 -0.0788675 -5.82576 -0.0490407 0.0331486 
4377.71 2351.7 153.812 20.8306 -0.057287 -5.79592 -0.0374285 0.0335655 
4366.73 2287.25 152.785 20.4562 -0.0281092 -5.76582 -0.0258162 0.0587592 
4356.16 2223.25 152.214 20.2732 -0.0272134 -5.71262 -0.014204 0.129439 
4345.8 2160.07 152.163 20.0902 -0.0263193 -5.58989 -0.00259175 0.218103 
4335.66 2098.77 152.131 19.9072 -0.0254255 -5.37383 0.0090205 0.294736 
4325.75 2040.77 152.116 19.7243 -0.0245313 -5.06999 0.0206327 0.348886 
4316.07 1987.43 152.12 19.5413 -0.0236365 -4.69717 0.032245 0.382359 
4306.62 1939.8 152.142 19.3583 -0.0227417 -4.27531 0.0438572 0.400249 
4297.4 1898.63 152.182 19.1753 -0.0218484 -3.82093 0.0554695 0.407174 
4288.4 1864.41 152.241 18.9923 -0.0209582 -3.34658 0.0670817 0.40651 
4279.64 1837.46 152.317 18.8094 -0.0200696 -2.86149 0.078694 0.400547 
4271.11 1817.94 152.412 18.6265 -0.0191766 -2.37245 0.0903062 0.390817 
4262.82 1805.91 152.524 18.4436 -0.0182707 -1.88449 0.101918 0.378341 
4254.76 1801.35 152.656 18.2606 -0.0173522 -1.40142 0.113531 0.363811 
4246.93 1804.18 152.805 18.0773 -0.016443 -0.926168 0.125143 0.347701 
4239.34 1814.29 152.973 17.8938 -0.0155839 -0.461055 0.136755 0.330342 
4231.98 1831.53 153.159 17.7108 -0.014795 -0.00796789 0.148367 0.311966 
4224.86 1855.7 153.362 17.529 -0.0140095 0.431513 0.15998 0.292738 
4217.97 1886.61 153.58 17.3484 -0.0130495 0.856025 0.171592 0.272779 
4211.32 1924.01 153.818 17.1667 -0.0117526 1.26435 0.183204 0.252178 
4204.9 1967.67 154.081 16.9803 -0.0102704 1.65538 0.194816 0.231003 
4198.72 2017.31 154.37 16.7873 -0.00930695 2.02804 0.206429 0.209312 
4192.8 2072.66 154.679 16.5945 -0.00979681 2.3813 0.218041 0.187165 
4187.12 2133.42 154.985 16.4188 -0.0116867 2.71413 0.229653 0.164635 
4181.67 2199.28 155.267 16.2748 -0.0124707 3.02549 0.241265 0.141841 
4176.41 2269.9 155.54 16.1465 -0.00756964 3.31432 0.252878 0.118974 
4171.32 2344.95 155.892 15.966 0.0051849 3.57958 0.26449 0.0963483 
4166.47 2424.06 156.443 15.6471 0.0180873 3.82024 0.276102 0.0744583 
4162.01 2506.86 157.199 15.2018 0.0110526 4.03539 0.287714 0.0540203 
4158.14 2592.94 157.859 14.8751 -0.0338877 4.22424 0.299327 0.0359569 
4154.7 2681.93 157.839 15.0967 -0.0988521 4.3861 0.310939 0.0212322 
4151.01 2773.38 156.818 16.0453 -0.103934 4.52006 0.322551 0.0105184 
4146.12 2866.9 155.696 16.9505 0.0552361 4.62427 0.334163 0.00387758 
4140.05 2962 156.99 15.9031 0.36941 4.69498 0.345776 0.000701068 
4135.2 3058.19 163.12 11.2922 0.552532 4.72628 0.357388 -0.000116349 
4136.15 3154.86 172.167 5 0.0899998 4.71286 0.369 0 
4136.15 3154.86 172.167 5 0.0899998 4.71286 0.369 0 
4171.97 3575.68 176.141 6.80261 -0.51121 0.621227 1.15369 -0.888366 
4199.33 3725.11 140.046 27.6328 -0.196034 -6.23125 -0.176776 0.00517455 
4110.39 3420.11 122.642 27.4498 -0.195141 -6.20092 -0.165163 0.00135939 
4020.12 3117.13 105.316 27.2669 -0.194251 -6.20176 -0.153551 0.00288895 
3928.52 2814.09 88.0687 27.0841 -0.193338 -6.1891 -0.141939 0.00391313 
3835.59 2511.88 70.9016 26.9002 -0.192321 -6.16667 -0.130327 0.00531578 
3741.36 2211.17 53.8214 26.7105 -0.191872 -6.13045 -0.118714 0.00873157 
3645.87 1912.86 36.7912 26.5462 -0.195616 -6.06072 -0.107102 0.0231216 
3549 1619.17 19.5301 26.6078 -0.187303 -5.84928 -0.0954898 0.180478 
3449.51 1339.5 2.81382 26.1893 -0.0258771 -4.09741 -0.0838775 0.0469104 
3349.89 1176.04 0.00101635 26.0064 -0.0249833 -3.62256 -0.0722653 -0.00806543 
3250.91 1044.06 0.00101635 25.8234 -0.02409 -3.71379 -0.060653 -0.00352568 
3152.88 906.041 0.00101635 25.6404 -0.0231965 -3.75833 -0.0490408 -0.00101461 
3055.83 765.063 0.00101635 25.4574 -0.022303 -3.77574 -0.0374286 -0.000891194 
2959.75 622.929 0.00101635 25.2745 -0.0214095 -3.79219 -0.0258163 -0.000964349 
2864.63 479.703 0.00101635 25.0915 -0.020516 -3.81003 -0.0142041 -0.0010092 
2770.49 335.293 0.00101635 24.9085 -0.0196225 -3.829 -0.00259182 -0.00104771 
2677.32 189.624 0.00101635 24.7256 -0.018729 -3.84914 0.00902042 -0.00108006 
2585.11 42.6183 0.00101635 24.5426 -0.0178355 -3.87046 0.0206327 -0.0011041 
2493.88 -105.802 0.00101635 24.3596 -0.0169421 -3.89297 0.0322449 -0.00111955 
2403.62 -255.716 0.00101635 24.1766 -0.0160486 -3.91663 0.0438572 -0.00112662 
2314.33 -407.201 0.00101635 23.9937 -0.0151551 -3.94145 0.0554694 -0.00112564 
2226.01 -560.332 0.00101635 23.8107 -0.0142616 -3.96741 0.0670816 -0.00111697 
2138.65 -715.186 0.00101635 23.6277 -0.0133681 -3.99448 0.0786939 -0.00110102 
2052.27 -871.837 0.00101635 23.4448 -0.0124746 -4.02267 0.0903061 -0.00107821 
1966.86 -1030.36 0.00101635 23.2618 -0.0115811 -4.05196 0.101918 -0.00104905 
1882.42 -1190.82 0.00101635 23.0788 -0.0106877 -4.08233 0.113531 -0.00101402 
1798.94 -1353.3 0.00101635 22.8958 -0.00979418 -4.11377 0.125143 -0.000973664 
1716.44 -1517.87 0.00101635 22.7129 -0.00890069 -4.14628 0.136755 -0.000928514 
1634.91 -1684.59 0.00101635 22.5299 -0.00800721 -4.17984 0.148367 -0.000879024 
1554.34 -1853.54 0.00101635 22.3469 -0.00711373 -4.21445 0.15998 -0.000825289 
1474.75 -2024.79 0.00101635 22.164 -0.00622025 -4.25007 0.171592 -0.000765967 
1396.12 -2198.4 0.00101635 21.981 -0.00532677 -4.2866 0.183204 -0.0006941 
1318.47 -2374.43 0.00101635 21.798 -0.00443329 -4.32356 0.194816 -0.000580759 
1241.78 -2552.92 0.00101635 21.615 -0.00353981 -4.35889 0.206429 -0.000310444 
1166.06 -2733.75 0.00101635 21.4321 -0.00264633 -4.38332 0.218041 0.000572113 
1091.31 -2916.2 0.00101635 21.2491 -0.00175283 -4.35479 0.229653 0.00378258 
1017.54 -3096.76 0.00101635 21.0661 -0.000859206 -4.08618 0.241265 0.0144154 
944.749 -3259.5 0.00101635 20.8832 3.49247e-05 -2.92148 0.252878 0.0363368 
872.992 -3344.99 0.00101635 20.7002 0.00092989 -0.33375 0.26449 0.0574093 
802.344 -3258.84 0.00103443 20.5172 0.00182462 3.04749 0.276102 0.0314612 
732.845 -2948.42 4.71152 20.3343 0.00271572 5.97442 0.287714 -0.00087089 
665.098 -2443.86 9.50057 20.1516 0.00364615 6.07345 0.299327 -0.000190155 
598.962 -1932.74 14.3708 19.9669 0.00472676 6.13859 0.310939 3.8448e-05 
534.457 -1417.29 19.3323 19.7735 0.00471182 6.17091 0.322551 5.18151e-05 
471.642 -899.703 24.3134 19.6305 -0.00177696 6.19128 0.334163 -1.22497e-06 
410.258 -380.763 28.8793 19.8427 0.0174019 6.20534 0.345776 -5.05042e-06 
348.328 139.109 34.6947 18.9614 0.283477 6.21402 0.357388 -0.000316454 
291.502 659.554 58.2522 5 0.0899997 4.08732 0.369 0 
291.502 659.554 58.2522 5 0.0899997 4.08732 0.369 0 
337.336 1045.65 70.9818 5 -0.508855 -0.197372 1.15369 0.793202 
385.521 1136.03 42.3822 27.3338 0.391956 6.2565 -0.176775 -0.00244668 
305.358 1671.93 73.4805 5 0.122845 6.25723 0.427357 -0.0027047 
353.371 2207.77 88.4769 5 0.122845 6.25502 0.427357 -0.00256029 
403.458 2743.47 103.473 5 0.122845 6.25346 0.427357 -0.00251586 
455.619 3279.05 118.47 5 0.122845 6.2517 0.427357 -0.00247301 
509.853 3814.52 133.466 5 0.122845 6.24968 0.427357 -0.00243342 
566.161 4349.84 148.462 5 0.122845 6.24736 0.427357 -0.00239862 
624.542 4885.01 163.459 5 0.122845 6.24466 0.427357 -0.00237085 
684.996 5419.98 178.455 5 0.122845 6.24146 0.427357 -0.00235344 
747.525 5954.74 193.452 5 0.122845 6.23762 0.427357 -0.00235137 
812.126 6489.23 208.448 5 0.122845 6.23294 0.427357 -0.00237237 
878.801 7023.4 223.444 5 0.122845 6.22707 0.427357 -0.00242928 
947.549 7557.17 238.441 5 0.122845 6.21951 0.427357 -0.00254595 
1018.37 8090.41 253.437 5 0.122845 6.20941 0.427357 -0.00277245 
1091.27 8622.96 268.434 5 0.122845 6.19519 0.427357 -0.00322697 
1166.23 9154.52 283.43 5 0.122845 6.1737 0.427357 -0.00421853 
1243.27 9684.6 298.426 5 0.122845 6.1374 0.427357 -0.00671907 
1322.38 10212.2 313.423 5 0.122845 6.06284 0.427357 -0.0184933 
1403.57 10734.6 328.419 5 0.122845 5.79546 0.427357 -0.148646 
1486.81 11238.6 343.415 5 0.122843 3.59291 0.427357 -0.320542 
1572 11590.6 358.412 5 0.122835 -0.652213 0.42746 -0.00733379 
1659.03 11649.6 373.407 5 0.123885 -1.33365 0.409361 -0.0105759 
1748.1 11661.5 388.475 5 -0.0617372 -1.52288 0.778627 0.00438775 
1839.5 11660.4 390.522 5 -0.0607938 -1.57018 0.762344 0.0294145 
1931.17 11656.1 384.223 5 -0.0598477 -1.18642 0.746039 -0.0814014 
2022 11678.2 377.99 5 -0.0589027 -2.95929 0.729733 -0.0988216 
2111.86 11578 371.821 5 -0.0579579 -5.32197 0.713428 -0.0215416 
2200.74 11314.7 365.718 5 -0.0570122 -5.92733 0.697122 -0.00487658 
2288.74 11009.7 359.681 5 -0.0560663 -6.08556 0.680816 -0.00156021 
2375.9 10693.7 353.708 5 -0.0551203 -6.14832 0.66451 -0.000560567 
2462.23 10373.4 347.801 5 -0.0541743 -6.18048 0.648204 -0.000176854 
2547.73 10050.8 341.959 5 -0.0532283 -6.19981 0.631898 -9.63064e-06 
2632.43 9726.98 336.183 5 -0.0522823 -6.21272 0.615591 6.67701e-05 
2716.32 9402.23 330.472 5 -0.0513362 -6.22198 0.599285 0.000100049 
2799.43 9076.84 324.826 5 -0.0503902 -6.22896 0.582979 0.00011106 
2881.75 8750.97 319.245 5 -0.0494442 -6.23443 0.566673 0.000109974 
2963.3 8424.72 313.73 5 -0.0484982 -6.23882 0.550367 0.0001022 
3044.08 8098.16 308.279 5 -0.0475521 -6.24244 0.534061 9.0832e-05 
3124.11 7771.36 302.895 5 -0.0466061 -6.24548 0.517755 7.77492e-05 
3203.39 7444.34 297.575 5 -0.0456601 -6.24806 0.501449 6.41575e-05 
3281.94 7117.15 292.321 5 -0.044714 -6.25028 0.485143 5.08636e-05 
3359.76 6789.81 287.132 5 -0.043768 -6.25221 0.468837 3.84285e-05 
3436.86 6462.33 282.008 5 -0.042822 -6.2539 0.45253 2.72758e-05 
3513.24 6134.74 276.95 5 -0.0429295 -6.25541 0.436224 1.89223e-05 
3588.93 5807.04 271.884 5.05532 -0.0403502 -6.25601 0.419918 8.98025e-06 
3663.61 5479.3 266.99 5 -0.0675734 -6.25857 0.403612 4.45675e-06 
3737.96 5151.38 260.224 6.44862 -0.690447 -6.25832 0.387306 0.000323433 
3804.22 4823.49 210.31 40 -0.0899996 -4.00549 0.369 0 
3804.22 4823.49 210.31 40 -0.0899996 -4.00549 0.369 0 
3783.56 4800.8 208.21 37.7831 1.12383 -5.105 -0.188388 -0.624686 
3764.21 4768.35 216.911 27.7279 1.4 -6.28 -0.175021 0.000581079 
3752.1 4725.47 228.206 16.3884 0.848047 -6.28 -0.161169 0.000558051 
3748.36 4682.59 234.766 9.42719 -0.630281 -6.28 0.792493 0.000531149 
3749.95 4639.7 228.31 12.4733 -1.39112 -6.28 1.05407 0.000508032 
3749.39 4596.81 215.06 20.3759 -1.38595 -6.28 0.89672 0.000488548 
3742.97 4553.93 201.745 27.8477 -1.0951 -6.28 0.763556 0.000470399 
3730.96 4511.05 190.906 32.9759 -0.337103 -6.28 -0.091828 0.000454159 
3714.97 4468.17 186.72 33.0261 -0.306761 -6.28 -0.0869511 0.000435203 
3698.87 4425.3 182.804 32.8675 -0.271856 -6.28 -0.07767 0.000416486 
3682.8 4382.42 179.202 32.4804 -0.24042 -6.28 -0.066619 0.000397991 
3666.94 4339.54 175.887 31.9016 -0.227655 -6.28 -0.0546119 0.000379686 
3651.43 4296.67 172.696 31.2688 -0.247209 -6.28 -0.0418067 0.00036155 
3636.31 4253.79 169.344 30.8035 -0.301353 -6.28 -0.0282924 0.000343605 
3621.48 4210.91 165.523 30.7298 -0.373918 -6.28 -0.0146141 0.000325926 
3606.65 4168.03 161.067 31.1499 -0.431386 -6.28 -0.00188886 0.000308622 
3591.44 4125.16 156.104 31.9352 -0.434607 -6.28 0.00946425 0.000291796 
3575.59 4082.28 151.119 32.7028 -0.356644 -6.28 0.0203012 0.000275502 
3559.1 4039.41 146.846 32.9166 -0.201087 -6.28 0.031396 0.000259712 
3542.34 3996.53 144.044 32.1239 -0.0146988 -6.28 0.0429667 0.000244314 
3526.07 3953.65 143.485 30.7187 0.118803 -6.28 0.055 0.000229148 
3510.76 3910.78 145.185 29.7317 0.14977 -6.28 0.0674372 0.00021416 
3496.18 3867.9 147.418 28.7225 0.115615 -6.28 0.0801734 0.000199466 
3482.37 3825.02 149.411 28.0251 0.016175 -6.28 0.0930074 0.000185102 
3469.1 3782.14 150.552 28.0476 -0.121079 -6.28 0.105744 0.000171144 
3455.86 3739.26 150.487 28.9984 -0.235121 -6.28 0.118407 0.000157698 
3441.96 3696.38 149.405 30.6646 -0.247914 -6.28 0.131342 0.000144863 
3426.86 3653.51 148.191 32.3198 -0.098816 -6.28 0.145092 0.000132687 
3410.54 3610.63 148.28 32.8705 0.213968 -6.28 0.160118 0.000121133 
3393.77 3567.75 151.14 31.2745 0.605661 -6.28 0.176522 0.00011009 
3378.12 3524.88 157.5 27.1222 0.917296 -6.28 0.19364 9.94192e-05 
3365.48 3482 166.686 21.1011 0.993907 -6.28 0.209007 8.90407e-05 
3357.26 3439.12 176.639 14.9062 0.830411 -6.28 0.219886 7.90248e-05 
3353.66 3396.23 185.232 10.1699 0.615869 -6.28 0.228843 6.955e-05 
3353.62 3353.34 191.989 7.15309 0.425626 -6.28 0.239209 6.06735e-05 
3355.87 3310.45 197.102 5.59167 0.267687 -6.28 0.250692 5.23998e-05 
3359.35 3267.56 200.837 5.18286 0.191496 -6.28 0.26159 4.47473e-05 
3363.21 3224.67 203.903 5.30832 0.188383 -6.28 0.270714 3.77041e-05 
3367.03 3181.78 206.941 5.4445 0.20833 -6.28 0.278828 3.12516e-05 
3370.8 3138.88 210.153 5.43547 0.216921 -6.28 0.287992 2.53857e-05 
3374.64 3095.99 213.443 5.36583 0.215764 -6.28 0.298758 2.01147e-05 
3378.58 3053.1 216.724 5.30421 0.213667 -6.28 0.31029 1.54468e-05 
3382.63 3010.21 219.988 5.25618 0.210992 -6.28 0.321895 1.1387e-05 
3386.76 2967.32 223.229 5.22476 0.207846 -6.28 0.333603 7.93992e-06 
3390.98 2924.43 226.444 5.21213 0.205013 -6.28 0.345056 5.10919e-06 
3395.27 2881.53 229.633 5.21515 0.210113 -6.28 0.355183 2.89807e-06 
3399.61 2838.64 232.868 5.17986 0.20326 -6.28 0.363704 1.30836e-06 
3404.03 2795.75 236.043 5.18976 0.231584 -6.28 0.36911 0.000187642 
3408.5 2752.86 239.47 5.00601 -0.000259753 -5.65805 0.369 0 
3408.5 2752.86 239.47 5.00601 -0.000259753 -5.65805 0.369 0 
3386.44 2702.38 272.295 20.6434 -4.89011e-07 -0.444145 0.482653 1.9107e-14 
3364.39 2651.9 304.008 22.3181 -2.89876e-07 -0.365961 0.480306 4.04697e-16 
3342.36 2601.43 334.614 22.482 -2.8972e-07 -0.364799 0.477959 -4.61655e-17 
3320.35 2550.95 364.108 22.4981 -2.8972e-07 -0.364781 0.475612 -2.63426e-17 
3298.35 2500.47 392.482 22.4996 -2.89719e-07 -0.364781 0.473265 2.17998e-17 
3276.36 2449.99 419.722 22.4998 -2.8972e-07 -0.364781 0.470918 -3.44491e-17 
3254.39 2399.51 445.809 22.4998 -2.8972e-07 -0.364781 0.468571 -9.64782e-18 
3232.43 2349.04 470.721 22.4998 -2.89721e-07 -0.364781 0.466224 -6.50809e-18 
3210.48 2298.56 494.434 22.4998 -2.89721e-07 -0.364781 0.463878 -6.19298e-18 
3188.55 2248.08 516.919 22.4998 -2.89722e-07 -0.364781 0.461531 -6.24595e-17 
3166.63 2197.6 538.145 22.4998 -2.89723e-07 -0.364781 0.459184 2.95945e-17 
3144.72 2147.12 558.081 22.4998 -2.89724e-07 -0.364781 0.456837 5.78348e-17 
3122.82 2096.65 576.693 22.4998 -2.89725e-07 -0.364781 0.45449 6.11026e-17 
3100.93 2046.17 593.944 22.4998 -2.89727e-07 -0.364781 0.452143 -2.08939e-17 
3079.05 1995.69 609.8 22.4998 -2.89728e-07 -0.364781 0.449796 3.80083e-17 
3057.19 1945.21 624.223 22.4998 -2.89729e-07 -0.364781 0.447449 -2.99617e-17 
3035.33 1894.73 637.178 22.4998 -2.8973e-07 -0.364781 0.445102 3.5907e-17 
3013.48 1844.26 648.631 22.4998 -2.89731e-07 -0.364781 0.442755 1.54909e-17 
2991.65 1793.78 658.547 22.4998 -2.89733e-07 -0.364781 0.440408 6.35294e-17 
2969.82 1743.3 666.897 22.4998 -2.89734e-07 -0.364781 0.438061 -1.23913e-17 
2948 1692.82 673.654 22.4998 -2.89735e-07 -0.364781 0.435714 9.68798e-17 
2926.19 1642.34 678.796 22.4998 -2.89736e-07 -0.364781 0.433367 -1.11842e-17 
2904.38 1591.87 682.303 22.4998 -2.89738e-07 -0.364781 0.43102 7.08816e-19 
2882.59 1541.39 684.163 22.4998 -2.89739e-07 -0.364781 0.428673 4.51882e-18 
2860.8 1490.91 684.37 22.4998 -2.8974e-07 -0.364781 0.426327 -1.43751e-17 
2839.02 1440.43 682.922 22.4998 -2.89741e-07 -0.364781 0.42398 1.60759e-17 
2817.24 1389.96 679.826 22.4998 -2.89743e-07 -0.364781 0.421633 2.66065e-17 
2795.47 1339.48 675.092 22.4998 -2.89744e-07 -0.364781 0.419286 2.67701e-18 
2773.71 1289 668.737 22.4998 -2.89745e-07 -0.364781 0.416939 1.78531e-17 
2751.95 1238.52 660.782 22.4998 -2.89746e-07 -0.364781 0.414592 2.70313e-17 
2730.2 1188.04 651.254 22.4998 -2.89747e-07 -0.364781 0.412245 7.37489e-18 
2708.45 1137.57 640.183 22.4998 -2.89748e-07 -0.364781 0.409898 1.184e-17 
2686.71 1087.09 627.6 22.4998 -2.89749e-07 -0.364781 0.407551 -1.96084e-17 
2664.97 1036.61 613.541 22.4998 -2.8975e-07 -0.364781 0.405204 -4.49972e-18 
2643.24 986.131 598.04 22.4998 -2.89751e-07 -0.364781 0.402857 1.10823e-17 
2621.5 935.653 581.134 22.4998 -2.89752e-07 -0.364781 0.40051 2.25074e-17 
2599.77 885.176 562.859 22.4998 -2.89753e-07 -0.364781 0.398163 5.00477e-18 
2578.05 834.698 543.251 22.4998 -2.89753e-07 -0.364781 0.395816 6.29203e-18 
2556.32 784.22 522.344 22.4998 -2.89754e-07 -0.364781 0.393469 1.42229e-17 
2534.6 733.742 500.171 22.4998 -2.89754e-07 -0.364781 0.391122 -2.6354e-18 
2512.88 683.264 476.762 22.4998 -2.89754e-07 -0.364781 0.388776 9.45612e-18 
2491.16 632.786 452.147 22.4998 -2.89754e-07 -0.364781 0.386429 9.47515e-18 
2469.44 582.308 426.352 22.4998 -2.89754e-07 -0.364781 0.384082 -2.97582e-18 
2447.72 531.83 399.398 22.4998 -2.89753e-07 -0.364781 0.381735 -2.65246e-18 
2426 481.352 371.306 22.4998 -2.89751e-07 -0.364781 0.379388 -1.15811e-17 
2404.28 430.874 342.091 22.4998 -2.89749e-07 -0.36478 0.377041 8.53546e-19 
2382.56 380.396 311.762 22.4998 -2.89745e-07 -0.364702 0.374694 1.919e-18 
2360.84 329.918 280.326 22.4998 -2.89519e-07 -0.359437 0.372347 2.1833e-18 
2339.12 279.44 247.78 22.5 -9.16459e-13 -0.00547871 0.369 0 
2339.12 279.44 247.78 22.5 -9.16459e-13 -0.00547871 0.369 0 
2327.43 302.703 247.369 20.8096 0.96619 0.447447 -0.188388 0.994519 
2317.49 332.832 261.649 9.02705 0.410044 1.72413 0.187597 0.917671 
2322.49 382.306 267.783 5 -0.0362774 2.88835 1.05202 0.85523 
2332.71 449.428 267.248 5 -0.0362767 3.96614 1.05202 0.747339 
2342.93 532.892 266.712 5 -0.0362762 4.89167 1.05202 0.579557 
2353.15 630.389 266.177 5 -0.0362753 5.59354 1.05201 0.370071 
2363.36 738.527 265.641 5 -0.0362947 6.03445 1.05235 0.185389 
2373.56 853.35 265.106 5 -0.035552 6.25613 1.03955 0.0161228 
2383.74 971.535 264.581 5 -0.034606 6.28 1.02324 -0.025724 
2393.91 1090.08 264.071 5 -0.03366 6.25436 1.00694 -0.035189 
2404.06 1208.24 263.575 5 -0.032714 6.21664 0.990632 -0.0337572 
2414.19 1325.82 263.094 5 -0.0317679 6.17999 0.974326 -0.0310488 
2424.31 1442.86 262.627 5 -0.0308219 6.14625 0.95802 -0.0307162 
2434.42 1559.37 262.174 5 -0.0298759 6.11253 0.941714 -0.03413 
2444.51 1675.38 261.736 5 -0.0289299 6.07387 0.925408 -0.0418039 
2454.59 1790.8 261.312 5 -0.0279839 6.02417 0.909101 -0.0537898 
2464.65 1905.47 260.902 5 -0.0270379 5.95678 0.892795 -0.0697419 
2474.7 2019.12 260.507 5 -0.0260919 5.86502 0.876489 -0.0889334 
2484.74 2131.37 260.126 5 -0.0251459 5.74267 0.860183 -0.110314 
2494.76 2241.77 259.759 5 -0.0242 5.58456 0.843877 -0.132623 
2504.77 2349.77 259.407 5 -0.0232541 5.38702 0.827571 -0.154531 
2514.76 2454.78 259.069 5 -0.0223081 5.14814 0.811265 -0.174787 
2524.75 2556.16 258.745 5 -0.0213623 4.86789 0.794959 -0.192331 
2534.72 2653.3 258.436 5 -0.0204164 4.54806 0.778653 -0.206372 
2544.67 2745.59 258.141 5 -0.0194705 4.19195 0.762346 -0.216406 
2554.61 2832.47 257.86 5 -0.0185247 3.80411 0.74604 -0.222208 
2564.54 2913.48 257.594 5 -0.0175789 3.3899 0.729734 -0.223789 
2574.46 2988.21 257.342 5 -0.0166331 2.95516 0.713428 -0.221337 
2584.36 3056.34 257.105 5 -0.0156873 2.50586 0.697122 -0.215171 
2594.25 3117.67 256.881 5 -0.0147415 2.04786 0.680816 -0.20569 
2604.13 3172.04 256.673 5 -0.0137957 1.58674 0.66451 -0.19334 
2613.99 3219.43 256.478 5 -0.0181276 1.12767 0.648204 -0.178595 
2623.84 3259.86 256.218 5.06088 -0.0359327 0.675384 0.631898 -0.175414 
2633.62 3293.43 255.686 5.33204 -0.0377944 0.205549 0.615592 -0.164986 
2643.04 3319.87 255.12 5.6088 -0.0376008 -0.267016 0.599286 -0.14604 
2652.1 3339.16 254.549 5.86689 -0.0345857 -0.724025 0.582979 -0.123302 
2660.82 3351.51 254.018 6.07561 -0.031481 -1.15508 0.566673 -0.100956 
2669.27 3357.32 253.53 6.2388 -0.0353794 -1.55718 0.550367 -0.0807286 
2677.51 3357.04 252.978 6.44175 -0.0526948 -1.93058 0.534061 -0.0626572 
2685.48 3351.1 252.158 6.83529 -0.077477 -2.27494 0.517755 -0.0465195 
2692.95 3339.94 250.954 7.48674 -0.0822161 -2.58768 0.501449 -0.0324472 
2699.59 3324.04 249.661 8.13939 -0.0302276 -2.8641 0.485143 -0.0207824 
2705.37 3303.95 249.141 8.13877 0.0776484 -3.09787 0.468837 -0.0117697 
2711.11 3280.31 250.257 6.90473 0.14658 -3.28118 0.45253 -0.00541272 
2718.36 3253.89 252.448 5.0084 0.000101874 -3.40487 0.436224 -0.00148648 
2728.02 3225.59 252.464 5 -0.453062 -3.45903 0.419918 0.00140752 
2737.83 3196.48 245.609 10.2307 -1.4 -3.37298 0.403612 0.000932066 
2741.36 3168.67 224.27 25.8788 -1.4 -3.24898 0.374944 2.50018e-05 
2725.24 3142.76 202.55 40 0.0899988 -3.23688 0.369 0 
2725.24 3142.76 202.55 40 0.0899988 -3.23688 0.369 0 
2674.28 3095 209.556 29.3846 1.4 2.0558 -0.188387 0.305941 
2644.79 3182.1 250.381 5 0.350534 6.21138 -0.176775 -0.000197396 
2667.81 3375.07 265.456 5 0.34986 6.2158 -0.165163 -0.000558722 
2691.59 3568.15 280.514 5 0.349186 6.2115 -0.153551 -0.000531771 
2716.14 3761.12 295.555 5 0.348512 6.20676 -0.141938 -0.000466053 
2741.46 3953.97 310.579 5 0.347839 6.20137 -0.130326 -0.000435538 
2767.55 4146.69 325.586 5 0.347165 6.19516 -0.118714 -0.000452991 
2794.4 4339.24 340.575 5 0.346491 6.18792 -0.107101 -0.000508994 
2822.02 4531.61 355.548 5 0.345818 6.17935 -0.0954891 -0.000588472 
2850.41 4723.77 370.503 5 0.345144 6.16904 -0.0838768 -0.000670732 
2879.56 4915.65 385.441 5 0.34447 6.15644 -0.0722646 -0.000728509 
2909.47 5107.22 400.362 5 0.343796 6.14083 -0.0606522 -0.00073407 
2940.14 5298.39 415.265 5 0.343123 6.12108 -0.0490399 -0.000704698 
2971.57 5489.06 430.152 5 0.342449 6.09533 -0.0374276 -0.000819602 
3003.77 5679.07 445.021 5 0.341775 6.06144 -0.0258152 -0.00105032 
3036.72 5868.22 459.873 5 0.341102 6.0306 -0.0142028 0.000732951 
3070.43 6056.58 474.708 5 0.340428 6.0392 -0.00259042 -0.00382768 
3104.9 6245.16 489.526 5 0.339754 5.6268 0.00902206 -0.0524916 
3140.12 6423.23 504.327 5 0.339079 3.53978 0.0206346 -0.108329 
3176.05 6548.11 519.11 5 0.338403 -0.00675392 0.0322474 -0.101496 
3212.66 6582.61 533.876 5 0.337728 -3.61072 0.0438605 -0.0415174 
3249.96 6525.27 548.625 5 0.337053 -5.62214 0.0554744 -0.00409538 
3287.97 6416.66 563.357 5 0.336378 -5.97874 0.0670916 -0.000271665 
3326.72 6298.97 578.072 5 -0.165377 -6.01453 0.490787 -0.000524431 
3366.48 6180.36 579.999 5 -0.253434 -6.05622 0.762337 -0.000381631 
3406.38 6060.7 569.029 5 -0.252489 -6.09173 0.746036 -0.000245505 
3445.72 5940.12 558.083 5 -0.251543 -6.11839 0.729731 -0.000160713 
3484.51 5818.87 547.161 5 -0.250597 -6.13861 0.713426 -0.000106543 
3522.73 5697.1 536.262 5 -0.249651 -6.15441 0.69712 -7.03674e-05 
3560.39 5574.93 525.389 5 -0.248705 -6.16707 0.680815 -4.56283e-05 
3597.5 5452.44 514.539 5 -0.247759 -6.17744 0.664509 -2.85547e-05 
3634.06 5329.68 503.713 5 -0.246813 -6.1861 0.648203 -1.67774e-05 
3670.06 5206.7 492.911 5 -0.245867 -6.19342 0.631897 -8.7236e-06 
3705.51 5083.54 482.134 5 -0.244921 -6.1997 0.615591 -3.31425e-06 
3740.4 4960.21 471.38 5 -0.243975 -6.20513 0.599285 2.07073e-07 
3774.75 4836.75 460.651 5 -0.243029 -6.20989 0.582979 2.37874e-06 
3808.55 4713.17 449.946 5 -0.242083 -6.21408 0.566673 3.58877e-06 
3841.81 4589.47 439.265 5 -0.241137 -6.2178 0.550367 4.11998e-06 
3874.51 4465.69 428.608 5 -0.240191 -6.22113 0.534061 4.18063e-06 
3906.67 4341.82 417.975 5 -0.239245 -6.22412 0.517754 3.92545e-06 
3938.29 4217.87 407.366 5 -0.238299 -6.22683 0.501448 3.46996e-06 
3969.37 4093.85 396.782 5 -0.237353 -6.22929 0.485142 2.89973e-06 
3999.91 3969.78 386.221 5 -0.236407 -6.23154 0.468836 2.27471e-06 
4029.9 3845.64 375.685 5 -0.235461 -6.23362 0.45253 1.63454e-06 
4059.36 3721.45 365.173 5 -0.234515 -6.23556 0.436224 1.02336e-06 
4088.28 3597.21 354.684 5 -0.233569 -6.23749 0.419918 -2.13964e-06 
4116.66 3472.92 344.22 5 -0.232623 -6.23885 0.403612 8.62343e-05 
4144.51 3348.6 333.78 5 -1.4 -6.28 0.372503 9.5367e-05 
4172.42 3223.23 293.59 31.8422 -0.00138552 -3.53637 0.369 0 
4172.42 3223.23 293.59 31.8422 -0.00138552 -3.53637 0.369 0 
4143.33 3190.61 291.522 27.532 1.36281 -1.77453 -0.188388 0.0441726 
4119.76 3188.89 313.502 9.64248 0.522582 -1.06212 -0.176775 -0.867731 
4122.42 3199.64 321.248 5 -1.4 -3.61466 0.397786 -0.695648 
4132.51 3165.62 295.405 26.0968 -0.691709 -6.0524 0.364542 -0.0256515 
4111.76 3088.87 281.392 31.6578 -0.279481 -6.17754 -0.141939 0.00365676 
4082.56 3009.93 274.453 31.4748 -0.278585 -6.16271 -0.130326 0.00548387 
4053.37 2931.25 267.534 31.2918 -0.277687 -6.13782 -0.118714 0.00321405 
4024.19 2853.01 260.636 31.1088 -0.27679 -6.12391 -0.107102 0.000778636 
3995.03 2775.01 253.759 30.9257 -0.275906 -6.12279 -0.0954897 0.000405537 
3965.89 2697.03 246.902 30.7427 -0.275041 -6.12365 -0.0838775 0.000967298 
3936.76 2619.03 240.066 30.5602 -0.274171 -6.12102 -0.0722652 0.00140557 
3907.64 2541.08 233.25 30.3779 -0.273231 -6.11537 -0.060653 0.00149514 
3878.55 2463.23 226.456 30.1949 -0.272182 -6.10872 -0.0490408 0.00139764 
3849.47 2385.5 219.686 30.0098 -0.27114 -6.10227 -0.0374285 0.00130016 
3820.41 2307.88 212.939 29.823 -0.270448 -6.09604 -0.0258163 0.00126704 
3791.38 2230.37 206.209 29.6393 -0.27039 -6.08957 -0.014204 0.00127343 
3762.37 2152.97 199.486 29.4669 -0.270434 -6.08253 -0.00259178 0.00128296 
3733.36 2075.69 192.766 29.3057 -0.268709 -6.07483 0.00902047 0.00128172 
3704.35 1998.55 186.081 29.131 -0.263376 -6.06651 0.0206327 0.00127323 
3675.35 1921.56 179.495 28.8961 -0.256767 -6.05757 0.032245 0.00126428 
3646.44 1844.72 173.032 28.5908 -0.258905 -6.04796 0.0438572 0.00125785 
3617.73 1768.05 166.539 28.34 -0.281295 -6.03757 0.0554694 0.00125352 
3589.16 1691.56 159.661 28.4077 -0.314473 -6.02629 0.0670817 0.0012501 
3560.26 1615.27 152.199 28.9013 -0.305313 -6.01402 0.0786939 0.00124705 
3530.4 1539.19 144.883 29.2073 -0.183912 -6.00062 0.0903062 0.0012445 
3499.82 1463.36 139.689 27.8498 0.0162369 -5.98595 0.101918 0.00124255 
3470.88 1387.77 139.656 27.6669 0.017134 -5.96984 0.113531 0.00124083 
3442.21 1312.47 141.73 27.484 0.0180405 -5.95208 0.125143 0.00123967 
3413.86 1237.48 143.825 27.3009 0.0189503 -5.93241 0.136755 0.001239 
3385.85 1162.84 145.941 27.1175 0.0198353 -5.91054 0.148367 0.00123873 
3358.16 1088.57 148.078 26.9344 0.020663 -5.88611 0.15998 0.00123879 
3330.81 1014.74 150.235 26.7521 0.0214605 -5.85866 0.171592 0.0012391 
3303.8 941.389 152.411 26.5711 0.0223779 -5.82766 0.183204 0.00123957 
3277.11 868.58 154.607 26.3895 0.0236123 -5.7924 0.194816 0.00124009 
3250.75 796.389 156.831 26.2032 0.0250682 -5.75201 0.206429 0.00124061 
3224.74 724.907 159.085 26.0097 0.025959 -5.70536 0.218041 0.00124112 
3199.07 654.243 161.361 25.8175 0.0251132 -5.65096 0.229653 0.00124178 
3173.76 584.532 163.627 25.6496 0.0227712 -5.5868 0.241265 0.00124307 
3148.77 515.947 165.857 25.5231 0.0229949 -5.51008 0.252878 0.00124581 
3124.03 448.706 168.094 25.3991 0.0326188 -5.41674 0.26449 0.00125086 
3099.54 383.103 170.503 25.1519 0.0518608 -5.30077 0.276102 0.00125761 
3075.48 319.534 173.257 24.6672 0.0600475 -5.15297 0.287714 0.00126016 
3052.2 258.556 176.168 24.1197 0.0179506 -4.95944 0.299327 0.00124061 
3029.8 200.972 178.356 24.1874 -0.0838283 -4.70039 0.310939 0.0011613 
3007.43 147.931 178.757 25.5965 -0.141826 -4.35249 0.322551 0.000966552 
2983.12 100.993 178.102 27.6094 0.0659088 -3.90428 0.334163 0.000626424 
2955.88 61.9181 181.033 26.6115 0.634206 -3.40013 0.345776 0.00024604 
2929.97 31.6843 193.959 18.1357 1.05536 -2.97051 0.357388 3.08503e-05 
2916.27 8.9762 214.51 5 0.0899998 -2.73607 0.369 0 
2916.27 8.9762 214.51 5 0.0899998 -2.73607 0.369 0 
2926.71 -10.6892 215.696 5 -1.4 -2.53058 1.15369 0.249254 
2937.67 -27.0293 192.768 21.4334 -0.529965 -2.14245 0.279436 0.199507 
2926.3 -37.0705 183.495 26.0452 -0.154266 -1.82684 -0.165163 0.15908 
2908.53 -41.999 180.182 25.8623 -0.153372 -1.57071 -0.153551 0.123659 
2890.89 -42.7823 176.888 25.6793 -0.152478 -1.36773 -0.141938 0.0936092 
2873.39 -40.2806 173.614 25.4963 -0.151585 -1.21083 -0.130326 0.0698029 
2856.02 -35.2398 170.359 25.3133 -0.150691 -1.09116 -0.118714 0.0513291 
2838.78 -28.2623 167.123 25.1304 -0.149798 -1.00101 -0.107101 0.0371551 
2821.67 -19.826 163.906 24.9474 -0.148904 -0.934028 -0.0954892 0.0260783 
2804.7 -10.3058 160.709 24.7644 -0.148011 -0.885666 -0.083877 0.0173044 
2787.87 -0.00310788 157.531 24.5814 -0.147117 -0.85254 -0.0722647 0.0103686 
2771.16 10.8356 154.371 24.3985 -0.146224 -0.83192 -0.0606525 0.00495416 
2754.59 22.0079 151.232 24.2155 -0.14533 -0.821495 -0.0490402 0.000788279 
2738.16 33.3487 148.111 24.0325 -0.144437 -0.819326 -0.037428 -0.00237627 
2721.86 44.7245 145.009 23.8496 -0.143543 -0.823824 -0.0258157 -0.00474871 
2705.7 56.0274 141.927 23.6666 -0.14265 -0.833711 -0.0142035 -0.00649372 
2689.68 67.1701 138.864 23.4836 -0.141756 -0.847958 -0.00259125 -0.00773733 
2673.79 78.0821 135.82 23.3006 -0.140862 -0.865724 0.00902099 -0.0085776 
2658.05 88.7063 132.796 23.1177 -0.139969 -0.886313 0.0206332 -0.0090932 
2642.44 98.9973 129.79 22.9347 -0.139076 -0.909147 0.0322455 -0.00934831 
2626.97 108.919 126.804 22.7517 -0.138184 -0.933745 0.0438577 -0.00939534 
2611.64 118.442 123.837 22.5688 -0.13729 -0.959704 0.05547 -0.00927688 
2596.45 127.544 120.889 22.3858 -0.136393 -0.986685 0.0670822 -0.00902748 
2581.4 136.21 117.961 22.2028 -0.135493 -1.0144 0.0786944 -0.00867535 
2566.49 144.427 115.051 22.0198 -0.134598 -1.04261 0.0903067 -0.00824372 
2551.72 152.188 112.161 21.8367 -0.133719 -1.07109 0.101919 -0.00775194 
2537.1 159.487 109.29 21.6538 -0.132859 -1.09967 0.113531 -0.00721623 
2522.62 166.324 106.438 21.4713 -0.131986 -1.12816 0.125143 -0.00665034 
2508.29 172.7 103.605 21.289 -0.13104 -1.15641 0.136756 -0.00606606 
2494.1 178.618 100.791 21.106 -0.129991 -1.18428 0.148368 -0.0054736 
2480.05 184.085 97.9993 20.921 -0.128951 -1.21163 0.15998 -0.00488193 
2466.16 189.109 95.2292 20.7345 -0.128213 -1.23832 0.171592 -0.00429903 
2452.41 193.701 92.4759 20.5503 -0.128016 -1.26421 0.183205 -0.00373208 
2438.81 197.874 89.7305 20.3748 -0.128 -1.28915 0.194817 -0.00318759 
2425.36 201.643 86.99 20.2093 -0.126824 -1.313 0.206429 -0.00267151 
2412.02 205.026 84.2727 20.0384 -0.122974 -1.33559 0.218041 -0.00218924 
2398.82 208.043 81.6223 19.8299 -0.117319 -1.35674 0.229654 -0.00174572 
2385.8 210.718 79.0687 19.5655 -0.11567 -1.37626 0.241266 -0.00134532 
2373.04 213.077 76.5487 19.3003 -0.126527 -1.39391 0.252878 -0.000991823 
2360.55 215.149 73.8598 19.1885 -0.149758 -1.40946 0.26449 -0.000688293 
2348.12 216.97 70.7979 19.3663 -0.161618 -1.4226 0.276103 -0.000436897 
2335.37 218.579 67.5394 19.663 -0.117929 -1.43302 0.287715 -0.000238677 
2322.11 220.019 64.9803 19.3822 -0.00150765 -1.44035 0.299327 -9.32407e-05 
2309.09 221.341 64.3127 17.6892 0.0977084 -1.44414 0.310939 1.63616e-06 
2298.21 222.599 65.2948 14.9448 -0.0364707 -1.44392 0.322552 5.05217e-05 
2290.97 223.858 64.1765 14.1337 -0.560792 -1.43909 0.334164 6.09669e-05 
2284.92 225.194 54.5933 19.8559 -1.17139 -1.42898 0.345776 4.43032e-05 
2271.33 226.7 34.9795 32.4848 -0.864936 -1.41282 0.357388 1.66333e-05 
2240.63 228.481 19.9979 40 1.4 -1.38975 0.369 0 
