grtopS_72_3
50
2 2
9 9 
0 1 2 5 3 4 6 7 8 
0 1 2 5 3 4 6 7 8 
1686.5 105.888 64.461 150.991 73.0558 66.8284 27.3039 17.776 
109127 0 0 45.0992 3.08764 3.29874 2.04629e-09 16.2133 
34.4184 2.16098 1.31553 3.08146 1.49093 1.36385 0.557222 0.362776 
2227.08 0 0 0.920392 0.0630131 0.0673212 4.1761e-11 0.330884 
2.67623e-06 0 4.62543e-09 2.0487 0.128659 0.0250238 290.471 0.892884 
1.45241e-06 6.92582 0.679035 0.123887 0.0298147 0.0604629 7.43531 1.05035 
510.91 941.17 572.39 34.7368 0.850738 0 0.0358891 0 
510.91 941.17 572.39 34.7368 0.850741 2.67594e-06 0.0366085 -0.0579587 
510.912 941.168 572.392 34.7259 0.979205 -0.563173 0.034145 0.0749239 
66.9056 825.454 673.394 14.5692 1.32836 -0.0893631 0.0556443 0.111076 
83.3615 -61.5628 528.122 34.1848 0.860618 0.0448387 0.0364305 0.00266551 
80.6213 -82.9717 521.629 34.7316 0.847622 0.0511895 0.0358905 -0.000285971 
77.3012 -80.2899 519.037 34.699 0.848069 0.054577 0.0359239 -0.000197245 
74.4215 -78.75 515.954 34.7181 0.847382 0.0579412 0.0359056 -0.000325841 
71.5414 -76.1591 512.823 34.7223 0.847068 0.0614159 0.0359012 -0.000371296 
68.7067 -73.1889 509.555 34.7185 0.846963 0.0650698 0.0359042 -0.000370459 
65.9412 -70.211 506.105 34.7078 0.846969 0.0689407 0.0359148 -0.000340755 
63.2589 -67.4824 502.382 34.7045 0.846839 0.0730877 0.0359165 -0.000343191 
60.6429 -64.71 498.473 34.6889 0.846883 0.0774691 0.0359326 -0.000299946 
58.1175 -62.3319 494.194 34.6951 0.846487 0.0821833 0.0359254 -0.000357374 
55.627 -59.4587 489.763 34.6814 0.846484 0.0871223 0.0359388 -0.000322504 
53.2173 -56.8918 484.977 34.6794 0.846238 0.0924061 0.0359399 -0.000341787 
50.8551 -54.1498 479.944 34.6663 0.846217 0.097989 0.035952 -0.000307214 
48.5643 -51.6854 474.556 34.6562 0.846081 0.103951 0.0359617 -0.000296716 
46.3374 -49.3291 468.799 34.6507 0.845828 0.110283 0.0359665 -0.000308166 
44.149 -46.871 462.699 34.6415 0.845645 0.117004 0.0359747 -0.000302711 
42.0111 -44.456 456.219 34.6301 0.845483 0.12414 0.0359853 -0.000289105 
39.9232 -42.1551 449.315 34.6198 0.845267 0.131729 0.0359947 -0.000284306 
37.8777 -39.8947 441.973 34.6088 0.845037 0.139792 0.0360047 -0.000279219 
35.8715 -37.6767 434.166 34.5974 0.844787 0.148359 0.0360151 -0.000275281 
33.9021 -35.4923 425.867 34.585 0.844527 0.157459 0.0360263 -0.000269671 
31.9666 -33.3545 417.044 34.572 0.844243 0.167129 0.0360382 -0.000265381 
30.0624 -31.2563 407.66 34.5594 0.843917 0.177402 0.0360498 -0.000266157 
28.1835 -29.1526 397.691 34.5453 0.84359 0.188313 0.0360625 -0.000262976 
26.3291 -27.0744 387.1 34.5294 0.843256 0.199903 0.0360771 -0.000256122 
24.4989 -25.0575 375.834 34.5144 0.842861 0.212219 0.0360907 -0.00025804 
22.6851 -23.0255 363.869 34.4973 0.842464 0.225298 0.0361063 -0.000254903 
20.8879 -21.0236 351.15 34.4803 0.84202 0.239194 0.0361218 -0.00025651 
19.1016 -19.0107 337.639 34.4616 0.84156 0.253952 0.0361388 -0.000255844 
17.325 -17.0074 323.283 34.442 0.841065 0.269627 0.0361566 -0.000256371 
15.5535 -15.0039 308.028 34.4215 0.840533 0.286277 0.0361753 -0.000258397 
13.7834 -12.988 291.824 34.3994 0.839969 0.30396 0.0361955 -0.000260104 
12.0113 -10.9662 274.603 34.3774 0.839345 0.322743 0.0362154 -0.000267719 
10.23 -8.88397 256.322 34.3518 0.83873 0.342685 0.0362388 -0.000263695 
8.44033 -6.83054 236.892 34.3259 0.838051 0.363883 0.0362621 -0.000267621 
6.64496 -4.75408 216.258 34.2969 0.837345 0.386386 0.0362891 -0.00026673 
4.83636 -2.70028 194.317 34.2707 0.836543 0.410296 0.0363128 -0.000273833 
2.99912 -0.520671 171.066 34.2306 0.836085 0.435723 0.0363277 -0.000265546 
1.20226 1.16071 146.416 34.1637 0.832514 0.462137 0.036395 -0.000865999 
-0.979484 4.53341 117.22 34.9137 0.80303 0.489784 0.0358159 -0.00687332 
-6.48693 51.4277 84.1832 37.1809 0.744891 0.5174 0.0336309 -0.0195847 
-18.6482 202.036 63.9743 37.9713 0.721838 0.536546 0.0328812 -0.0245028 
-33.104 391.303 46.0398 38.7259 0.697411 0.553522 0.032407 -0.0290829 
-49.6079 619.651 28.3721 40 0.696533 0.574329 0.0309486 -0.0222758 
-64.9096 877.708 42.9792 33.2927 0.909017 0.663017 0.0300954 -0.0166712 
2.27971 792.55 51.56 19.5217 0.0899996 0.385707 0.0348891 0 
2.27971 792.55 51.56 19.5217 0.0899996 0.385707 0.0348891 0 
-12.9515 845.295 54.2217 16.4267 0.535612 0.387816 -0.188378 -1.02859 
-21.5925 898.092 69.0324 5 -0.722661 -1.14309 1.04967 -1.00718 
-4.09951 909.59 50.4094 19.9198 0.126254 -2.64368 -0.00852231 -0.985769 
-20.3376 880.652 54.0314 16.0628 0.497574 -4.11402 -0.0283328 -0.964358 
-28.2787 812.063 67.8322 5.2898 -0.207906 -5.55406 0.849876 -0.484192 
-11.8491 704.626 63.0763 9.83672 -0.105965 -6.27999 0.551397 0.0034114 
-5.57075 577.623 60.8726 11.8487 -0.0478821 -6.27999 0.414775 0.00341403 
-3.78983 450.624 60.1481 12.4783 -0.0279243 -6.27999 0.37128 0.00341539 
-3.41899 323.625 59.9345 12.6396 -0.0229594 -6.27999 0.360186 0.484214 
-3.41085 196.627 59.8478 12.6839 -0.0216297 -5.56342 0.357161 0.835911 
-3.48844 88.9507 59.795 12.6967 -0.0212114 -4.3219 0.356256 0.814505 
-3.5702 14.75 59.753 12.6998 -0.0211668 -3.11095 0.356134 0.793096 
-3.63495 -26.7991 59.7121 12.7016 -0.0208241 -1.93059 0.355847 0.771682 
-3.68065 -36.5216 59.6803 12.6964 -0.0211869 -0.780877 0.35628 -0.151567 
-3.69196 -15.2437 59.6389 12.6991 -0.0211231 -1.00592 0.356119 -0.377762 
-3.71612 -0.0336317 59.5992 12.7002 -0.0210285 -1.56832 0.356023 -0.0013616 
-3.75686 0.0120428 59.5619 12.6992 -0.0210519 -1.57035 0.356085 0.000223195 
-3.7976 0.00304835 59.5241 12.6988 -0.0210663 -1.57002 0.356087 1.89103e-06 
-3.83955 0.00301365 59.4859 12.6988 -0.0211673 -1.57001 0.356103 3.166e-07 
-3.88348 0.00305567 59.4449 12.7008 -0.0212055 -1.57001 0.356022 -8.02822e-07 
-3.93401 0.0031149 59.4029 12.7034 -0.0210489 -1.57001 0.355838 2.93762e-07 
-3.99242 0.00314739 59.3649 12.7025 -0.0209852 -1.57001 0.355848 1.04623e-07 
-4.05101 0.00319104 59.3288 12.7005 -0.0211082 -1.57001 0.356058 -4.83296e-09 
-4.10707 0.00323609 59.2894 12.7011 -0.020903 -1.57001 0.355896 1.06197e-07 
-4.16664 0.00328296 59.2555 12.6975 -0.0212086 -1.57001 0.35619 -1.66184e-07 
-4.22023 0.00332859 59.2135 12.7005 -0.0212204 -1.57001 0.355812 2.45076e-07 
-4.28259 0.00337375 59.171 12.7037 -0.0219852 -1.57001 0.35547 3.68451e-09 
-4.35368 0.00343494 59.1078 12.7224 -0.0232932 -1.57001 0.356754 -2.55364e-07 
-4.46789 0.00352986 59.0086 12.7631 -0.01461 -1.57001 0.355607 3.10194e-08 
-4.68015 0.0036918 59.1417 12.62 -0.000418404 -1.57001 0.373812 7.54767e-07 
-4.5835 0.0036081 59.6636 12.1891 0.0500607 -1.57001 0.403352 1.33241e-07 
-3.55505 0.0028121 61.5653 10.7633 0.107852 -1.57001 0.450054 -4.88481e-05 
0.62549 -0.00048849 65.0868 8.34693 -0.0123168 -1.57009 0.631894 0.000460916 
10.2818 -0.0101099 65.4726 8.60383 -0.0135731 -1.56941 0.615589 0.0823573 
19.4046 -0.000779046 65.8134 8.86078 -0.0148293 -1.44666 0.599284 -0.251055 
27.994 3.31863 66.1092 9.11775 -0.0160804 -1.8207 0.582978 -0.279286 
36.0368 -3.44689 66.3602 9.37464 -0.0173197 -2.23721 0.566672 0.152012 
43.5299 -21.4427 66.5667 9.63122 -0.0185696 -2.01138 0.550366 0.236482 
50.4853 -33.3488 66.7284 9.88776 -0.0199098 -1.65941 0.53406 0.215078 
56.9034 -35.7639 66.8428 10.1461 -0.0213459 -1.33895 0.517754 0.193671 
62.7772 -29.5381 66.9074 10.408 -0.0224088 -1.05006 0.501448 0.172263 
68.0955 -15.5222 66.932 10.665 -0.0222233 -0.792758 0.485142 0.150856 
72.8651 5.43195 66.9505 10.8925 -0.0220536 -0.567084 0.468836 0.129448 
77.1491 32.4714 66.9637 11.096 -0.02945 -0.373074 0.45253 0.108039 
81.0024 64.7425 66.7687 11.4348 -0.0503136 -0.210759 0.436223 0.0866313 
84.1278 101.391 65.9965 12.1615 -0.0496328 -0.0801749 0.419917 0.0652228 
85.6438 141.561 65.2113 12.766 0.0709825 0.0186436 0.403611 0.0438137 
85.7485 184.397 67.6521 10.8093 0.276493 0.0856558 0.387305 0.0222002 
90.1031 229.037 75.7188 5.00003 -0.0899958 0.120519 0.369 0 
90.1031 229.037 75.7188 5.00003 -0.0899958 0.120519 0.369 0 
99.9863 256.778 74.7666 6.67499 -1.25423 0.121633 1.15369 -1.02854 
108.018 284.539 54.6601 22.1415 -0.211665 -0.810416 -0.0934649 -1.00648 
94.6904 297.017 51.2599 23.8374 0.158139 -1.72308 -0.165155 -0.985382 
78.8875 294.517 53.8851 20.7856 0.608738 -2.61723 -0.15355 -0.963958 
67.0252 277.336 63.987 12.4247 0.604521 -3.49253 -0.140335 -0.456912 
66.4819 245.778 74.2397 5.00117 -0.66734 -3.90836 0.868137 0.921378 
76.4519 207.387 63.8107 13.5244 -0.5965 -3.07392 0.566824 0.900075 
74.8563 182.702 54.3202 20.4695 0.0596033 -2.25826 -0.101843 0.878688 
63.6091 171.413 55.4167 18.9627 0.143629 -1.46148 -0.0952637 -0.423653 
54.3626 173.201 57.932 16.5629 0.00784376 -1.84579 0.0769471 -0.0576542 
48.3948 168.678 58.2817 15.9908 -0.0762734 -1.89829 0.165655 0.00222699 
43.2179 163.293 57.2656 16.466 -0.0302456 -1.89648 0.110735 0.00162412 
37.3674 157.938 56.9926 16.3555 -0.0458498 -1.89522 0.141159 0.00189442 
31.6585 152.604 56.4663 16.4295 -0.00375731 -1.89372 0.13017 0.000627498 
25.821 147.295 56.629 15.978 0.0220987 -1.89336 0.146728 -0.000197945 
20.5744 141.991 57.228 15.2399 0.0178327 -1.89375 0.205663 -0.00243811 
16.3196 136.679 57.7764 14.5912 0.0433594 -1.89618 0.26114 0.0057921 
12.9276 131.327 58.7609 13.653 0.103542 -1.89114 0.333601 0.000862327 
10.7823 126.057 60.7579 12.0111 0.194321 -1.89057 0.456158 0.000500039 
10.8324 120.795 64.2882 9.32234 0.328489 -1.89034 0.436892 0.000661359 
14.491 115.533 70.0916 5.25962 -0.00527615 -1.88996 0.827564 0.000671638 
23.7937 110.274 70.5232 5.51655 -0.00653601 -1.88956 0.811258 0.000604423 
32.773 105.021 70.9274 5.77355 -0.00779369 -1.88922 0.794949 0.001214 
41.428 99.7744 71.3042 6.03059 -0.00904806 -1.88833 0.778637 0.00146845 
49.7578 94.5424 71.6537 6.28761 -0.0103009 -1.88721 0.762326 0.00204852 
57.7614 89.3292 71.9758 6.54461 -0.0115532 -1.88556 0.746017 0.00256559 
65.438 84.1432 72.2706 6.80156 -0.0128011 -1.88344 0.729711 0.00337556 
72.7868 78.9924 72.5382 7.05844 -0.0140451 -1.88058 0.713405 0.00472685 
79.807 73.8887 72.7785 7.31518 -0.0152992 -1.8765 0.697098 0.00696371 
86.4979 68.8523 72.9916 7.57194 -0.0165835 -1.87038 0.680791 0.00961989 
92.8585 63.9166 73.1768 7.82909 -0.0178959 -1.86185 0.664485 0.00822483 
98.8876 59.1212 73.3337 8.08694 -0.0191743 -1.85458 0.648179 0.140446 
104.583 54.4454 73.4628 8.34498 -0.0203101 -1.72734 0.631873 0.342895 
109.946 51.8584 73.5665 8.60142 -0.0212749 -1.41633 0.615567 0.226463 
114.979 54.3767 73.6476 8.8543 -0.0223204 -1.21076 0.599261 -0.300487 
119.685 60.2696 73.7049 9.105 -0.0239998 -1.48316 0.582956 -0.217865 
124.06 61.6915 73.7281 9.36167 -0.0266389 -1.68077 0.56665 0.257835 
128.097 59.87 73.7011 9.63565 -0.0292907 -1.44691 0.550345 0.23643 
131.776 61.8875 73.6235 9.92526 -0.0292625 -1.23232 0.534039 0.215012 
135.075 67.4277 73.5386 10.1953 -0.0241765 -1.03701 0.517733 0.19359 
138.016 76.174 73.5302 10.3849 -0.0171656 -0.86102 0.501428 0.172169 
140.709 87.8094 73.6318 10.4783 -0.020799 -0.704345 0.485122 0.15075 
143.284 102.017 73.6714 10.619 -0.0497995 -0.567001 0.468817 0.129333 
145.687 118.478 73.2312 11.1186 -0.0963376 -0.448996 0.452512 0.107917 
147.436 136.878 72.014 12.1578 -0.10426 -0.350344 0.436206 0.0864951 
147.781 156.897 70.6393 13.1966 0.00958565 -0.271062 0.4199 0.0650545 
146.679 178.22 71.1061 12.7143 0.242778 -0.211185 0.403594 0.0435361 
146.151 200.524 75.4133 9.38327 0.356487 -0.170798 0.387288 0.0195473 
150.108 223.488 81.6747 5.00033 -0.0899565 -0.152152 0.369 0 
150.108 223.488 81.6747 5.00033 -0.0899565 -0.152152 0.369 0 
171.2 275.936 77.3972 6.87378 -0.768203 -2.19866 1.15369 -0.956022 
186.65 249.701 46.9264 26.7862 -0.190391 -6.28 -0.176776 0.70203 
137.836 66.5933 37.4448 27.0652 -0.160481 -3.32464 -0.165163 0.000421096 
87.4998 -0.0327714 29.0959 26.3797 0.0363785 -1.62409 -0.153551 6.47159e-05 
38.5329 -0.0305479 28.3583 20.0877 0.0413148 -1.61966 0.228324 6.41121e-05 
8.89007 -0.00480122 28.1983 14.5797 -0.0527496 -1.51996 0.588256 -1.55998e-06 
0.376913 -0.000314783 24.761 12.5925 -0.0817847 -1.51867 0.716319 -8.33879e-06 
-2.2564 0.00180362 20.3298 11.7352 -0.0978915 -1.51845 0.772979 -1.70107e-05 
-2.57745 0.00205402 15.3322 11.4677 -0.10015 -1.5186 0.790728 -1.16986e-05 
-2.45763 0.00202357 10.2642 11.3032 -0.0978167 -1.51907 0.802689 -1.36189e-05 
-2.22315 0.00180532 5.29601 11.0913 -0.086826 -1.51955 0.831637 -2.35884e-06 
-1.72713 0.000275423 0.763506 10.5619 0.0127382 -1.56322 0.223456 -7.16422e-08 
-0.0271501 3.23456e-07 0.0922605 9.78025 0.000895806 -1.56405 0.22409 -7.1931e-08 
-0.000107144 3.14776e-07 0.0891211 9.78042 0.000847076 -1.56406 0.224365 -7.19922e-08 
-5.24554e-05 3.30429e-07 0.0891204 9.78043 0.000843259 -1.56406 0.224681 -7.20351e-08 
-7.83163e-05 3.51294e-07 0.0891192 9.78043 0.000837768 -1.56406 0.225047 -7.20548e-08 
-8.90198e-05 3.69268e-07 0.0891189 9.78038 0.00082155 -1.56406 0.225469 -7.08148e-08 
0.00101976 3.5805e-07 0.343859 10.0457 0.0439119 -1.56402 0.171991 4.24553e-07 
1.18581 -1.20841e-05 4.99991 11.1708 0.0659557 -1.52785 0.0968212 1.75111e-06 
1.29628 -0.000792274 10.4342 11.4968 0.0651267 -1.51765 0.0776279 2.39504e-07 
0.822139 -0.000712966 15.8165 11.7979 0.0728383 -1.51867 0.058717 1.34341e-06 
-0.171002 1.97786e-05 21.4768 11.8301 0.0812758 -1.52155 0.0554698 9.57566e-06 
-0.833817 0.000466779 27.4595 11.6129 0.0824027 -1.52844 0.06874 7.14214e-06 
-0.725015 0.000125628 33.4989 11.3946 0.0805771 -1.54625 0.083387 -3.47522e-06 
-3.21775 0.000582879 39.4815 11.2596 0.0834506 -1.62231 0.0903062 -4.12865e-06 
-4.83815 0.00386882 45.583 11.0626 0.0767463 -1.62315 0.101918 -1.87818e-05 
-5.37648 0.00428108 51.4388 11.0914 0.0652778 -1.62317 0.113531 -2.31932e-05 
-5.54351 0.00438453 56.852 11.4287 0.0687222 -1.62318 0.125143 2.86114e-06 
-6.33544 0.00507153 62.3767 11.5611 0.0661746 -1.6232 0.136755 -2.45169e-06 
-7.10756 0.00564355 67.7954 11.7151 0.0661155 -1.62321 0.148367 7.87339e-06 
-7.93666 0.00627424 73.2023 11.8125 0.0727867 -1.62322 0.15998 -1.06271e-05 
-8.65456 0.00677888 78.8596 11.6707 0.123292 -1.62322 0.171592 -8.68472e-06 
-8.53853 0.0068544 86.4676 10.0673 0.127167 -1.62324 0.183204 -3.1036e-05 
-2.89957 0.00215942 94.3234 8.73256 0.217648 -1.62321 0.233584 -1.03622e-05 
7.38703 -0.0053096 105.74 5 0.107219 -1.59651 0.488684 7.33066e-06 
34.2357 -0.0252718 113.141 5 0.107219 -1.51687 0.488684 4.29288e-05 
61.657 -0.0491336 120.543 5 0.107219 -1.51682 0.488684 2.78803e-05 
89.6484 -0.0712951 127.944 5 0.107219 -1.51681 0.488684 4.08031e-05 
118.21 -0.0931987 135.345 5 0.107219 -1.51686 0.488687 1.15234e-06 
147.342 -0.116883 142.746 5 0.107236 -1.51684 0.488387 -1.33408e-06 
177.044 -0.139638 150.148 5 0.105531 -1.51692 0.487402 -1.69305e-06 
207.317 -0.165488 157.484 5.05155 0.0982465 -1.51689 0.485143 -7.50048e-07 
238.002 -0.190265 164.537 5.3071 0.0970961 -1.51724 0.468837 -2.13712e-05 
268.444 -0.227767 171.53 5.55996 0.0954391 -1.99028 0.452531 8.66174e-05 
298.633 -18.4527 178.443 5.82559 0.0923142 -0.767086 0.436224 0.0866326 
328.576 10.3535 185.22 6.14377 0.0924438 1.46696 0.419918 0.0652245 
358.129 125.057 191.983 6.40615 0.11482 3.65895 0.403612 0.0438163 
387.444 328.138 199.59 5.97594 0.138108 5.80882 0.387306 -0.022147 
418.719 613.879 208.118 5 -0.09 3.72456 0.369 0 
418.719 613.879 208.118 5 -0.09 3.72456 0.369 0 
429.845 712.237 206.91 6.76972 -1.28081 3.59985 1.15369 -1.02859 
438.729 808.276 183.497 24.5344 0.0467078 2.41741 -0.176776 -1.00718 
419.748 882.34 184.25 22.4493 0.521731 1.25607 -0.165163 -0.985776 
403.709 934.797 193.902 14.1416 0.651129 0.115855 -0.153551 -0.964367 
400.349 966.033 206.209 5 -0.654141 -1.0032 0.849979 -0.942959 
411.544 976.44 194.506 14.6165 -0.496147 -2.10103 0.433982 -0.921551 
407.892 966.435 185.456 20.9154 -0.0600557 -3.17768 -0.118714 -0.900143 
394.336 936.408 184.33 20.7324 -0.059156 -4.23312 -0.107102 -0.878735 
380.994 886.747 183.227 20.5492 -0.0582711 -5.26734 -0.0954898 -0.857014 
367.869 817.846 182.146 20.3662 -0.0574158 -6.28 -0.0838776 0.0964257 
354.961 730.106 181.086 20.1837 -0.0565656 -6.28 -0.0722653 0.0964138 
342.285 642.365 180.048 20.0018 -0.0556259 -6.28 -0.0606531 0.0963936 
329.841 554.625 179.032 19.8191 -0.0545013 -6.28 -0.0490408 0.0963424 
317.632 466.884 178.043 19.6331 -0.0533335 -6.28 -0.0374286 0.0965802 
305.662 379.143 177.081 19.4436 -0.0527059 -6.28 -0.0258163 0.100545 
293.939 291.402 176.136 19.2586 -0.0532261 -6.28 -0.0142041 0.635895 
282.456 203.661 175.187 19.0939 -0.0540657 -5.7583 -0.00259184 0.686061 
271.192 125.624 174.227 18.9515 -0.0516491 -4.9273 0.00902041 0.664653 
260.115 63.0471 173.317 18.7827 -0.0421142 -4.1177 0.0206327 0.643245 
249.265 15.5307 172.589 18.5389 -0.0302824 -3.32951 0.0322449 0.621837 
238.758 -17.0659 172.088 18.3559 -0.0294014 -2.56275 0.0438571 0.600429 
228.516 -35.3986 171.867 18.1731 -0.028524 -1.81743 0.0554694 0.57902 
218.549 -39.8661 171.667 17.9905 -0.0276171 -1.09356 0.0670816 0.557612 
208.858 -30.8677 171.49 17.8077 -0.0266439 -0.391173 0.0786939 -0.483285 
199.442 -8.80281 171.336 17.6238 -0.0256466 -0.758582 0.0903061 -0.514796 
190.289 6.42687 171.206 17.4384 -0.0248265 -1.41599 0.101918 -0.493388 
181.397 9.42658 171.097 17.2544 -0.0244178 -2.05187 0.113531 -0.47198 
172.766 0.596698 171.002 17.0774 -0.0241794 -2.66621 0.125143 -0.450571 
164.387 -19.9194 170.915 16.909 -0.0228773 -3.25899 0.136755 0.0585434 
156.245 -51.4633 170.858 16.7329 -0.0190286 -3.07139 0.148367 0.407755 
148.366 -79.5175 170.878 16.5143 -0.0140192 -2.52457 0.15998 0.386347 
140.819 -97.3994 170.998 16.2416 -0.0153938 -1.99935 0.171592 0.364939 
133.691 -105.511 171.1 16.012 -0.032515 -1.49576 0.183204 0.343531 
126.924 -104.254 170.891 16.043 -0.0574641 -1.0138 0.194816 0.322122 
120.119 -94.0318 170.216 16.4138 -0.0441385 -0.553499 0.206429 0.300714 
112.737 -75.2457 169.778 16.5416 0.0665107 -0.114866 0.218041 0.279306 
105.115 -48.2994 171.395 15.0782 0.229508 0.302078 0.229653 0.257898 
99.6792 -13.5984 176.088 11.4758 0.163306 0.697315 0.325927 0.23649 
99.8189 28.4509 179.657 9.168 -0.0114916 1.07083 0.534061 0.215082 
103.602 77.4461 180.043 9.44305 -0.0108501 1.42262 0.517755 0.193673 
106.995 133.243 180.432 9.68906 -0.00705786 1.75266 0.501449 0.172265 
110.297 195.181 180.885 9.86497 -0.00530002 2.06093 0.485143 0.150857 
113.357 262.853 181.365 10.0081 -0.0178868 2.34742 0.468837 0.129449 
116.23 335.855 181.606 10.3254 -0.0502862 2.61211 0.452531 0.108041 
118.655 413.781 181.236 11.0761 -0.0713656 2.85498 0.436224 0.0866327 
119.959 496.227 180.451 12.0476 -0.00497882 3.07603 0.419918 0.0652245 
119.765 582.786 180.872 11.9751 0.185854 3.27522 0.403612 0.0438163 
119.625 673.05 184.845 9.22393 0.314418 3.45254 0.387306 0.0224082 
123.69 766.61 191.292 5 -0.09 3.60797 0.369 0 
123.69 766.61 191.292 5 -0.09 3.60797 0.369 0 
133.959 854.692 190.33 6.76158 -1.27197 3.58648 1.15369 -1.02859 
142.195 942.411 169.206 22.9912 -0.151771 2.59749 -0.176775 -1.00718 
127.185 1013.32 166.701 23.9173 0.130623 1.62794 -0.165163 -0.985775 
110.718 1067.72 168.978 21.0758 0.586163 0.677852 -0.153551 -0.964367 
98.0359 1105.96 179.084 12.693 0.604005 -0.252758 -0.141938 -0.942959 
97.1098 1128.35 189.722 5 -0.700356 -1.16387 0.909915 -0.921551 
107.468 1135.23 178.373 14.2575 -0.49527 -2.05542 0.489561 -0.900143 
104.734 1126.95 170.262 20.1488 0.129684 -2.92746 -0.0483184 -0.878735 
93.466 1103.83 172.625 17.6997 0.324718 -3.77997 0.140284 -0.857326 
85.54 1066.2 178.373 12.8554 0.600378 -4.61292 0.112537 -0.835918 
84.3106 1014.4 188.945 5.00014 0.0190291 -5.42632 0.834897 -0.81451 
94.3855 948.739 189.839 5.00009 0.0190269 -6.22012 0.834901 -0.037633 
104.484 869.573 190.732 5.00006 0.0190262 -6.28 0.834902 0.00988488 
114.612 789.388 191.625 5.00005 0.0190259 -6.28 0.834903 0.00988368 
124.77 709.203 192.518 5.00004 0.0190257 -6.28 0.834904 0.0098939 
134.96 629.018 193.411 5.00004 0.0190256 -6.28 0.834904 0.00990628 
145.179 548.833 194.304 5.00003 0.0190256 -6.28 0.834903 0.00991246 
155.429 468.648 195.197 5.00003 0.0190212 -6.28 0.834979 0.0107305 
165.71 388.463 196.091 5.00003 0.0192082 -6.28 0.831754 0.0152704 
176.021 308.278 196.987 5.00002 0.0111946 -6.28 0.829931 0.22832 
186.365 228.093 197.747 5.10514 -0.00129291 -6.07725 0.827569 0.600428 
196.599 151.358 198.291 5.36206 -0.00254845 -5.49053 0.811264 0.57902 
206.509 84.6083 198.807 5.61899 -0.00380315 -4.92354 0.794958 0.557612 
216.095 27.5073 199.295 5.87592 -0.00505765 -4.37631 0.778652 0.536204 
225.355 -20.2808 199.754 6.13285 -0.00631214 -3.84883 0.762346 0.514796 
234.287 -59.0925 200.186 6.38979 -0.00756646 -3.34114 0.74604 0.493388 
242.892 -89.2642 200.588 6.64672 -0.00882025 -2.85323 0.729734 0.471979 
251.167 -111.133 200.963 6.90364 -0.0100736 -2.38513 0.713428 0.450571 
259.111 -125.035 201.309 7.16055 -0.011328 -1.93685 0.697122 0.429163 
266.723 -131.309 201.626 7.41747 -0.0125856 -1.50839 0.680816 0.407755 
274.002 -130.291 201.916 7.67442 -0.0138461 -1.09979 0.664509 0.386347 
280.946 -122.319 202.176 7.93145 -0.0151029 -0.711036 0.648203 0.364939 
287.554 -107.732 202.409 8.1885 -0.0163437 -0.342158 0.631897 0.343531 
293.826 -86.8168 202.613 8.44535 -0.0175659 0.00683419 0.615591 0.322122 
299.759 -59.9627 202.79 8.7018 -0.0188007 0.335928 0.599285 0.300714 
305.353 -27.508 202.938 8.95805 -0.020114 0.645109 0.582979 0.279306 
310.608 10.2085 203.057 9.21513 -0.0215368 0.934364 0.566673 0.257898 
315.52 52.8477 203.145 9.47437 -0.0229322 1.20368 0.550367 0.23649 
320.086 100.07 203.202 9.73517 -0.0239522 1.45304 0.534061 0.215081 
324.302 151.536 203.235 9.99251 -0.0243524 1.68244 0.517755 0.193673 
328.172 206.907 203.253 10.2387 -0.0247041 1.89185 0.501448 0.172265 
331.709 265.841 203.259 10.4745 -0.0267993 2.08127 0.485142 0.150857 
334.929 327.999 203.223 10.7234 -0.0322969 2.25069 0.468836 0.129449 
337.812 393.04 203.087 11.0282 -0.0389955 2.40008 0.45253 0.10804 
340.279 460.624 202.828 11.3981 -0.0378736 2.52943 0.436224 0.0866322 
342.234 530.409 202.579 11.7247 -0.0185825 2.63874 0.419918 0.0652238 
343.731 602.055 202.648 11.7776 0.01153 2.72799 0.403612 0.0438149 
345.148 675.22 203.229 11.4468 0.00811263 2.79715 0.387306 0.0195598 
347.039 749.561 203.76 11.2077 -0.0899987 2.84008 0.369 0 
347.039 749.561 203.76 11.2077 -0.0899987 2.84008 0.369 0 
68.1423 489.751 6.80817 5.03909 0.00383951 -3.90511 0.000691036 3.99804e-09 
5.21555 184.023 0.0335463 5.03265 -2.34267e-05 -1.47119 0.000744318 1.00594e-09 
8.89138e-08 55.1863 0.0335443 5.03266 -1.08034e-05 -0.678428 0.000805437 8.6054e-10 
4.55059e-08 18.1368 0.0335439 5.03267 1.50602e-09 -6.79568e-07 0.000876238 -5.59792e-13 
4.57179e-08 3.88917e-07 0.0335438 5.03267 1.51188e-09 -2.53806e-07 0.000959209 -5.60885e-13 
4.58786e-08 4.51626e-08 0.0335439 5.03267 1.51079e-09 -2.53809e-07 0.00105781 -5.60868e-13 
4.59473e-08 4.57292e-08 0.0335439 5.03267 1.50946e-09 -2.53809e-07 0.00117704 -5.60849e-13 
4.5979e-08 4.61805e-08 0.0335439 5.03267 1.50782e-09 -2.53809e-07 0.00132453 -5.60829e-13 
4.59635e-08 4.64169e-08 0.0335439 5.03267 1.50574e-09 -2.53809e-07 0.00151288 -5.60807e-13 
4.59887e-08 4.65113e-08 0.0335439 5.03267 1.50298e-09 -2.53809e-07 0.001765 -5.60784e-13 
4.59815e-08 4.65446e-08 0.0335439 5.03267 1.49913e-09 -2.53809e-07 0.00212714 -5.60758e-13 
4.59814e-08 4.65556e-08 0.0335439 5.03267 1.49329e-09 -2.53809e-07 0.00270024 -5.60731e-13 
4.59818e-08 4.65591e-08 0.0335439 5.03267 1.48367e-09 -2.53809e-07 0.00370883 -5.60701e-13 
4.59821e-08 4.65602e-08 0.0335439 5.03267 1.46698e-09 -2.53809e-07 0.00561282 -5.60669e-13 
4.59821e-08 4.65604e-08 0.0335439 5.03267 1.43887e-09 -2.53809e-07 0.00915014 -5.60634e-13 
4.59821e-08 4.65602e-08 0.0335439 5.03267 1.39699e-09 -2.53809e-07 0.014996 -5.60596e-13 
4.59821e-08 4.65605e-08 0.0335439 5.03267 1.34403e-09 -2.53809e-07 0.0231334 -5.60554e-13 
4.59821e-08 4.65685e-08 0.0335439 5.03267 1.27496e-09 -2.53809e-07 0.0340981 -5.60508e-13 
4.59821e-08 4.65458e-08 0.0335439 5.03267 1.21149e-09 -2.53809e-07 0.0455501 -5.60457e-13 
4.59821e-08 4.65686e-08 0.0335439 5.03267 1.14976e-09 -2.53809e-07 0.0569971 -5.60401e-13 
4.59821e-08 4.65607e-08 0.0335439 5.03267 1.08805e-09 -2.53809e-07 0.0684394 -5.60339e-13 
4.59821e-08 4.65603e-08 0.0335439 5.03267 1.02636e-09 -2.53809e-07 0.079877 -5.6027e-13 
4.59821e-08 4.65605e-08 0.0335439 5.03267 9.64703e-10 -2.53809e-07 0.0913103 -5.60192e-13 
4.59821e-08 4.65606e-08 0.0335439 5.03267 9.03064e-10 -2.53809e-07 0.10274 -5.60106e-13 
4.59821e-08 4.65606e-08 0.0335439 5.03267 8.41447e-10 -2.53809e-07 0.114165 -5.60008e-13 
4.59821e-08 4.65605e-08 0.0335439 5.03267 7.79851e-10 -2.53809e-07 0.125587 -5.59897e-13 
4.59821e-08 4.65604e-08 0.0335439 5.03267 7.18275e-10 -2.53809e-07 0.137006 -5.59771e-13 
4.59821e-08 4.65604e-08 0.0335439 5.03267 6.5672e-10 -2.53809e-07 0.148421 -5.59627e-13 
4.59821e-08 4.65603e-08 0.0335439 5.03267 5.95191e-10 -2.53809e-07 0.159833 -5.59461e-13 
4.59822e-08 4.65603e-08 0.0335439 5.03267 5.33693e-10 -2.53809e-07 0.17124 -5.59267e-13 
4.59822e-08 4.65603e-08 0.0335439 5.03267 4.72235e-10 -2.53809e-07 0.182642 -5.59042e-13 
4.59822e-08 4.65603e-08 0.0335439 5.03267 4.10833e-10 -2.53809e-07 0.194036 -5.58775e-13 
4.59821e-08 4.65603e-08 0.0335439 5.03267 3.49506e-10 -2.53809e-07 0.205419 -5.58458e-13 
4.59819e-08 4.65603e-08 0.0335439 5.03267 2.88275e-10 -2.53809e-07 0.216788 -5.58075e-13 
4.59815e-08 4.65604e-08 0.0335439 5.03267 2.2717e-10 -2.53809e-07 0.228139 -5.57609e-13 
4.59817e-08 4.65603e-08 0.0335439 5.03267 1.66217e-10 -2.53809e-07 0.239466 -5.57031e-13 
4.59893e-08 4.65601e-08 0.0335439 5.03267 1.05447e-10 -2.53809e-07 0.250765 -5.56307e-13 
4.59655e-08 4.65598e-08 0.0335439 5.03267 4.48836e-11 -2.53809e-07 0.262032 -5.55378e-13 
4.59862e-08 4.65599e-08 0.0335439 5.03267 -1.54535e-11 -2.53809e-07 0.273264 -5.54164e-13 
4.59704e-08 4.65671e-08 0.0335439 5.03267 -7.55539e-11 -2.53809e-07 0.284461 -5.52533e-13 
4.59451e-08 4.65412e-08 0.0335439 5.03267 -1.35416e-10 -2.53809e-07 0.295623 -5.50272e-13 
4.58736e-08 4.65536e-08 0.0335439 5.03267 -1.95028e-10 -2.53809e-07 0.306755 -5.47011e-13 
4.56989e-08 4.65135e-08 0.0335439 5.03267 -2.54286e-10 -2.53809e-07 0.317853 -5.4207e-13 
4.54208e-08 4.64454e-08 0.0335439 5.03267 -3.12811e-10 -2.53809e-07 0.328883 -5.34086e-13 
4.54252e-08 4.64614e-08 0.0335439 5.03267 -3.69724e-10 -2.5381e-07 0.339758 -5.1997e-13 
9.50469e-07 5.27934e-08 0.0335437 5.03267 -7.10321e-08 -2.32845e-07 0.35033 5.81927e-10 
147.337 0.666109 1.22673 5 -1.39995 0.500984 0.360266 5.51689e-09 
439.358 133.128 1.86282 5 -1.39999 6.28 0.367159 -3.79531e-09 
731.419 478.175 205.38 5.03267 -6.20455e-09 2.24209e-08 0.369 0 
731.419 478.175 205.38 5.03267 -6.20455e-09 2.24209e-08 0.369 0 
735.017 484.387 204.632 5 -1.21302 -0.892585 1.15369 -1.02852 
738.726 486.558 198.393 8.2797 -1.4 -2.04266 1.13739 -1.00709 
741.203 483.524 191.284 12.1099 -1.4 -3.18757 1.12108 -0.985632 
742.221 475.309 184.147 15.8303 -1.4 -4.3273 1.10478 -0.96408 
741.821 461.936 176.983 19.4442 -1.4 -5.46182 1.08847 0.132375 
740.042 443.429 169.793 22.9548 -1.4 -6.27993 1.0154 0.389476 
736.92 421.219 162.578 26.3765 -1.4 -6.27992 0.798382 0.395197 
732.493 399.01 155.337 29.7405 -1.4 -6.27992 0.585012 0.395583 
726.779 376.803 148.073 33.048 -1.4 -6.27992 0.475806 0.386221 
719.8 354.596 140.784 36.2797 -1.332 -6.27992 1.00694 0.370958 
711.577 332.39 133.779 39.0758 -0.7667 -6.27991 0.401437 0.355925 
702.225 310.185 129.314 39.9636 -0.493883 -6.27991 -0.0606531 0.34466 
692.485 287.981 126.076 39.9781 -0.496861 -6.27991 -0.0490408 0.351058 
682.711 265.776 122.825 40 -0.491354 -6.2799 -0.0374286 0.341327 
672.9 243.572 119.599 40 -0.477085 -6.2799 -0.0258163 0.331399 
663.057 221.367 116.438 39.9485 -0.455042 -6.27989 0.0760586 0.324873 
653.203 199.163 113.376 39.8023 -0.366447 -6.27988 0.0636219 0.311247 
643.366 176.958 110.717 39.3578 -0.293003 -6.27987 0.00902042 0.310799 
633.659 154.754 108.393 38.6844 -0.275927 -6.27986 0.0206327 0.341324 
624.175 132.549 106.152 37.9697 -0.279969 -6.27984 0.0322449 0.344343 
614.929 110.344 103.897 37.2877 -0.306785 -6.27981 0.0438571 0.333337 
605.912 88.1393 101.526 36.7159 -0.354853 -6.27977 0.0554694 0.329533 
597.086 65.9345 98.9418 36.3241 -0.419334 -6.27969 0.0670816 0.402838 
588.385 43.7299 96.0683 36.1636 -0.49242 -6.23025 0.0786939 0.534356 
579.722 21.749 92.8652 36.2572 -0.564147 -5.20499 0.0903061 0.513423 
571.007 4.40898 89.3367 36.5928 -0.623625 -4.18464 0.101918 0.491618 
562.146 -8.31227 85.5365 37.121 -0.660545 -3.16967 0.113531 0.465764 
553.067 -16.439 81.5654 37.7584 -0.666768 -2.17265 0.125143 -0.414115 
543.725 -20.0526 77.5615 38.3962 -0.637773 -3.16836 0.136755 -0.256497 
534.109 -28.1731 73.6842 38.9129 -0.573735 -3.18131 0.148367 0.407753 
524.265 -36.352 70.0931 39.1916 -0.480029 -2.18669 0.15998 0.386346 
514.281 -40.0287 66.9241 39.137 -0.367024 -1.19725 0.171592 0.364938 
504.283 -39.2267 64.267 38.6925 -0.249112 -0.212992 0.183204 0.34353 
494.414 -33.9695 62.1468 37.8528 -0.143037 0.766091 0.194816 0.322122 
484.825 -24.2806 60.5129 36.6702 -0.0656877 1.74 0.206429 0.300714 
475.646 -10.1837 59.2377 35.2538 -0.031611 2.70872 0.218041 0.279306 
466.97 8.29779 58.1271 33.7595 -0.0506024 3.67226 0.229653 0.257898 
458.831 31.1404 56.9413 32.3723 -0.125719 4.63062 0.241265 0.23649 
451.194 58.3206 55.4255 31.2825 -0.252065 5.5838 0.252878 0.0717214 
443.954 90.6601 53.3458 30.6576 -0.416621 6.28 0.26449 0.00462171 
436.939 127.088 50.5257 30.6155 -0.599243 6.28 0.276102 0.00501883 
429.931 163.517 46.8793 31.2013 -0.774845 6.28 0.287714 0.000959393 
422.692 199.947 42.4337 32.3721 -0.916542 6.28 0.299327 7.92452e-06 
415.002 236.378 37.3383 33.9941 -0.999421 6.28 0.310939 -5.03832e-06 
406.685 272.809 31.8559 35.8514 -1.00445 6.28 0.322551 -3.4254e-06 
397.644 309.241 26.3373 37.6689 -0.921968 6.28 0.334163 -1.95876e-06 
387.887 345.674 21.1789 39.1464 -0.754134 6.28 0.345776 -8.89539e-07 
377.532 382.107 16.7695 40 -0.515989 6.28 0.387306 -0.00042847 
366.806 418.54 13.4318 40 0.909595 5.71596 0.369 0 
510.91 941.17 572.39 34.7368 0.850738 0 0.0358891 0 
510.91 941.17 572.39 34.7368 0.850739 2.29033e-08 0.0358891 -4.90895e-06 
510.911 941.119 572.435 34.7241 0.851312 -0.00319933 0.0359009 0.000111206 
350.205 889.021 580.378 34.6205 0.854409 -0.0067707 0.0359973 0.000757911 
449.575 504.728 572.972 34.731 0.850919 -0.000309324 0.0358945 3.72968e-05 
466.223 485.672 572.51 34.7356 0.850776 -6.4702e-05 0.0358902 7.78643e-06 
469.626 481.695 572.414 34.7366 0.850746 -1.3118e-05 0.0358893 1.58009e-06 
470.318 480.888 572.395 34.7368 0.85074 -2.6277e-06 0.0358891 3.17844e-07 
470.459 480.726 572.391 34.7368 0.850738 -4.93417e-07 0.0358891 6.10877e-08 
470.488 480.694 572.39 34.7368 0.850738 -5.67662e-08 0.0358891 8.65728e-09 
470.493 480.69 572.39 34.7368 0.850738 3.53353e-08 0.0358891 -2.28489e-09 
470.495 480.691 572.39 34.7368 0.850738 5.78798e-08 0.0358891 -4.83604e-09 
470.495 480.693 572.39 34.7368 0.850738 6.67139e-08 0.0358891 -5.71928e-09 
470.495 480.696 572.39 34.7368 0.850738 7.32303e-08 0.0358891 -6.30206e-09 
470.495 480.7 572.39 34.7368 0.850738 7.98785e-08 0.0358891 -6.87449e-09 
470.495 480.703 572.39 34.7368 0.850738 8.7191e-08 0.0358891 -7.50098e-09 
470.495 480.707 572.39 34.7368 0.850738 9.53901e-08 0.0358891 -8.20061e-09 
470.495 480.711 572.39 34.7368 0.850738 1.04603e-07 0.0358891 -8.98523e-09 
470.495 480.715 572.39 34.7368 0.850738 1.151e-07 0.0358891 -9.87865e-09 
470.495 480.72 572.39 34.7368 0.850738 1.27033e-07 0.0358891 -1.08933e-08 
470.495 480.726 572.39 34.7368 0.850738 1.4065e-07 0.0358891 -1.20498e-08 
470.495 480.732 572.39 34.7368 0.850738 1.56304e-07 0.0358891 -1.33757e-08 
470.495 480.739 572.39 34.7368 0.850738 1.74414e-07 0.0358891 -1.49104e-08 
470.495 480.746 572.39 34.7368 0.850738 1.95352e-07 0.0358891 -1.66792e-08 
470.495 480.755 572.39 34.7368 0.850738 2.19833e-07 0.0358891 -1.87451e-08 
470.495 480.764 572.39 34.7368 0.850738 2.48577e-07 0.0358891 -2.1164e-08 
470.495 480.775 572.39 34.7368 0.850738 2.82609e-07 0.0358891 -2.40244e-08 
470.495 480.787 572.39 34.7368 0.850738 3.23072e-07 0.0358891 -2.7416e-08 
470.495 480.801 572.39 34.7368 0.850738 3.71706e-07 0.0358891 -3.14808e-08 
470.495 480.817 572.39 34.7368 0.850738 4.30646e-07 0.0358891 -3.63943e-08 
470.495 480.835 572.39 34.7368 0.850738 5.02716e-07 0.0358891 -4.23809e-08 
470.495 480.857 572.389 34.7368 0.850738 5.91855e-07 0.0358891 -4.97574e-08 
470.495 480.882 572.389 34.7368 0.850738 7.03491e-07 0.0358891 -5.89574e-08 
470.494 480.912 572.389 34.7368 0.850738 8.45113e-07 0.0358891 -7.05704e-08 
470.494 480.947 572.389 34.7368 0.850738 1.02756e-06 0.0358891 -8.54403e-08 
470.494 480.99 572.389 34.7368 0.850737 1.26693e-06 0.0358891 -1.04816e-07 
470.494 481.043 572.389 34.7368 0.850737 1.58743e-06 0.0358891 -1.3052e-07 
470.494 481.109 572.388 34.7368 0.850737 2.02781e-06 0.0358891 -1.65387e-07 
470.493 481.193 572.388 34.7368 0.850737 2.65433e-06 0.0358891 -2.13883e-07 
470.493 481.301 572.387 34.7368 0.850737 3.59727e-06 0.0358891 -2.83411e-07 
470.492 481.444 572.385 34.7369 0.850736 5.17586e-06 0.035889 -3.86857e-07 
470.491 481.64 572.382 34.7369 0.850735 8.41005e-06 0.035889 -5.48042e-07 
470.489 481.917 572.374 34.7369 0.850734 1.73433e-05 0.035889 -8.15323e-07 
470.484 482.328 572.344 34.7369 0.850731 5.00839e-05 0.035889 -1.29932e-06 
470.468 482.984 572.212 34.7369 0.850721 0.000192502 0.035889 -2.29878e-06 
470.403 484.142 571.595 34.7365 0.850689 0.000861955 0.0358894 -4.80476e-06 
470.107 486.552 568.6 34.7338 0.850548 0.00410786 0.0358918 -1.34858e-05 
468.675 493.272 553.916 34.7247 0.849739 0.0200164 0.0359 -9.32881e-05 
461.251 533.653 482.763 34.7425 0.845481 0.089262 0.0357761 -0.00101127 
24.7778 847.785 224.155 22.6845 4.76398e-05 0.126537 0.0348891 0 
24.7778 847.785 224.155 22.6845 4.76398e-05 0.126537 0.0348891 0 
27.8636 840.859 225.654 22.6245 1.91446e-06 0.140686 0.482653 4.71166e-16 
30.9457 833.933 227.078 22.5841 1.8487e-07 0.146559 0.480306 -1.1616e-15 
34.0241 827.008 228.428 22.5568 1.19449e-07 0.149107 0.477959 -9.64602e-16 
37.0989 820.082 229.703 22.5383 1.16978e-07 0.150185 0.475612 -4.42665e-16 
40.1702 813.156 230.903 22.5259 1.16888e-07 0.150629 0.473265 -3.00331e-16 
43.2378 806.23 232.027 22.5175 1.16887e-07 0.150808 0.470918 -5.20666e-17 
46.3019 799.304 233.075 22.5118 1.1689e-07 0.150878 0.468571 -1.61008e-17 
49.3624 792.378 234.047 22.508 1.16893e-07 0.150905 0.466224 -6.72807e-17 
52.4195 785.453 234.942 22.5054 1.16896e-07 0.150916 0.463878 -7.2821e-17 
55.473 778.527 235.76 22.5037 1.16899e-07 0.15092 0.461531 7.5732e-17 
58.5231 771.601 236.502 22.5025 1.16902e-07 0.150921 0.459184 7.04924e-18 
61.5698 764.675 237.166 22.5017 1.16905e-07 0.150922 0.456837 -9.43344e-17 
64.613 757.749 237.752 22.5012 1.16908e-07 0.150922 0.45449 3.81134e-17 
67.6528 750.824 238.261 22.5008 1.16911e-07 0.150922 0.452143 4.738e-17 
70.6893 743.898 238.691 22.5006 1.16914e-07 0.150922 0.449796 -4.35305e-18 
73.7224 736.972 239.044 22.5004 1.16917e-07 0.150922 0.447449 6.04669e-17 
76.7522 730.046 239.318 22.5003 1.1692e-07 0.150922 0.445102 4.04068e-17 
79.7786 723.12 239.515 22.5002 1.16923e-07 0.150922 0.442755 -4.14397e-17 
82.8018 716.194 239.633 22.5002 1.16926e-07 0.150922 0.440408 8.90124e-17 
85.8218 709.269 239.672 22.5001 1.16929e-07 0.150922 0.438061 -2.92031e-18 
88.8385 702.343 239.633 22.5001 1.16932e-07 0.150922 0.435714 1.43107e-17 
91.852 695.417 239.516 22.5001 1.16935e-07 0.150922 0.433367 -1.12362e-17 
94.8623 688.491 239.321 22.5001 1.16938e-07 0.150922 0.43102 1.28991e-17 
97.8695 681.565 239.047 22.5001 1.16941e-07 0.150922 0.428673 -1.87278e-17 
100.874 674.64 238.695 22.5001 1.16944e-07 0.150922 0.426327 1.82639e-17 
103.874 667.714 238.265 22.5001 1.16947e-07 0.150922 0.42398 -6.41416e-17 
106.872 660.788 237.757 22.5001 1.16949e-07 0.150922 0.421633 -1.90491e-17 
109.867 653.862 237.172 22.5001 1.16952e-07 0.150922 0.419286 3.14388e-17 
112.859 646.936 236.508 22.5001 1.16955e-07 0.150922 0.416939 -6.18235e-18 
115.847 640.011 235.768 22.5001 1.16958e-07 0.150922 0.414592 1.01713e-17 
118.833 633.085 234.95 22.5001 1.16961e-07 0.150922 0.412245 -1.86205e-17 
121.816 626.159 234.056 22.5001 1.16965e-07 0.150922 0.409898 -1.74724e-17 
124.796 619.233 233.085 22.5001 1.16968e-07 0.150922 0.407551 -2.58966e-17 
127.772 612.307 232.037 22.5001 1.16971e-07 0.150922 0.405204 -7.81326e-18 
130.746 605.381 230.914 22.5001 1.16974e-07 0.150922 0.402857 1.01621e-17 
133.717 598.456 229.715 22.5001 1.16977e-07 0.150922 0.40051 1.00191e-17 
136.686 591.53 228.441 22.5001 1.1698e-07 0.150921 0.398163 2.15643e-17 
139.651 584.604 227.092 22.5001 1.16983e-07 0.15092 0.395816 2.27579e-17 
142.614 577.678 225.668 22.5001 1.16986e-07 0.150918 0.393469 1.27008e-18 
145.573 570.752 224.17 22.5001 1.16989e-07 0.150911 0.391122 -1.85271e-18 
148.53 563.827 222.598 22.5001 1.16993e-07 0.150893 0.388776 -1.17597e-17 
151.485 556.901 220.953 22.5001 1.16996e-07 0.150841 0.386429 -1.02209e-17 
154.436 549.975 219.235 22.5001 1.16999e-07 0.150699 0.384082 -2.94218e-18 
157.385 543.049 217.444 22.5001 1.17003e-07 0.150306 0.381735 1.28425e-17 
160.331 536.123 215.582 22.5001 1.17006e-07 0.149223 0.379388 2.0998e-17 
163.275 529.197 213.648 22.5001 1.17003e-07 0.146242 0.377041 3.72109e-17 
166.216 522.272 211.642 22.5001 1.16835e-07 0.138039 0.374694 3.73031e-17 
169.154 515.346 209.566 22.5001 1.12459e-07 0.115468 0.372347 2.43333e-17 
172.09 508.42 207.42 22.5 1.95857e-11 0.0529852 0.369 0 
172.09 508.42 207.42 22.5 1.95857e-11 0.0529852 0.369 0 
172.769 507.741 207.96 22.5005 7.90522e-06 0.0609374 0.482653 -8.75789e-13 
173.448 507.062 208.499 22.5009 1.27949e-05 0.0680727 0.480306 -7.6279e-13 
174.127 506.383 209.039 22.5013 1.58194e-05 0.0744746 0.477959 -6.63771e-13 
174.806 505.704 209.578 22.5018 1.76901e-05 0.0802179 0.475612 -5.76944e-13 
175.485 505.025 210.118 22.5022 1.88473e-05 0.0853701 0.473265 -5.00948e-13 
176.164 504.346 210.657 22.5025 1.9563e-05 0.0899915 0.470918 -4.34528e-13 
176.843 503.667 211.196 22.5029 2.00057e-05 0.0941362 0.468571 -3.764e-13 
177.522 502.988 211.736 22.5032 2.02796e-05 0.0978527 0.466224 -3.25539e-13 
178.201 502.309 212.275 22.5036 2.0449e-05 0.101185 0.463878 -2.81293e-13 
178.88 501.63 212.814 22.5039 2.05537e-05 0.104171 0.461531 -2.42515e-13 
179.559 500.951 213.353 22.5042 2.06185e-05 0.106847 0.459184 -2.08767e-13 
180.238 500.272 213.892 22.5045 2.06586e-05 0.109243 0.456837 -1.7933e-13 
180.917 499.593 214.43 22.5048 2.06834e-05 0.111388 0.45449 -1.53844e-13 
181.596 498.914 214.969 22.505 2.06988e-05 0.113308 0.452143 -1.3163e-13 
182.276 498.234 215.508 22.5053 2.07082e-05 0.115023 0.449796 -1.1242e-13 
182.955 497.555 216.046 22.5055 2.07141e-05 0.116555 0.447449 -9.56286e-14 
183.634 496.876 216.585 22.5058 2.07178e-05 0.117921 0.445102 -8.1176e-14 
184.313 496.197 217.123 22.506 2.072e-05 0.119138 0.442755 -6.85188e-14 
184.992 495.518 217.662 22.5062 2.07214e-05 0.120219 0.440408 -5.77185e-14 
185.671 494.839 218.2 22.5064 2.07222e-05 0.121178 0.438061 -4.8375e-14 
186.35 494.16 218.738 22.5066 2.07228e-05 0.122025 0.435714 -4.03716e-14 
187.029 493.481 219.276 22.5068 2.07231e-05 0.122771 0.433367 -3.34847e-14 
187.708 492.802 219.814 22.507 2.07233e-05 0.123423 0.43102 -2.74054e-14 
188.387 492.123 220.352 22.5071 2.07233e-05 0.123991 0.428673 -2.23164e-14 
189.066 491.444 220.89 22.5073 2.07233e-05 0.12448 0.426327 -1.79572e-14 
189.745 490.765 221.428 22.5074 2.07233e-05 0.124896 0.42398 -1.42311e-14 
190.424 490.086 221.966 22.5076 2.07231e-05 0.125244 0.421633 -1.11123e-14 
191.103 489.407 222.504 22.5077 2.07228e-05 0.125528 0.419286 -8.4669e-15 
191.782 488.728 223.042 22.5078 2.07223e-05 0.125752 0.416939 -6.18661e-15 
192.461 488.049 223.579 22.5079 2.07214e-05 0.125917 0.414592 -4.35465e-15 
193.14 487.37 224.117 22.508 2.07201e-05 0.126027 0.412245 -2.79191e-15 
193.819 486.691 224.654 22.5081 2.07178e-05 0.126081 0.409898 -1.51506e-15 
194.498 486.012 225.191 22.5082 2.07142e-05 0.126082 0.407551 -4.88938e-16 
195.177 485.333 225.729 22.5083 2.07084e-05 0.126029 0.405204 2.82262e-16 
195.856 484.654 226.266 22.5084 2.0699e-05 0.12592 0.402857 9.32173e-16 
196.535 483.975 226.803 22.5085 2.06838e-05 0.125756 0.40051 1.37942e-15 
197.214 483.296 227.34 22.5085 2.06591e-05 0.125534 0.398163 1.64827e-15 
197.893 482.617 227.877 22.5086 2.06193e-05 0.125251 0.395816 1.82322e-15 
198.572 481.938 228.414 22.5086 2.0555e-05 0.124904 0.393469 1.90596e-15 
199.251 481.259 228.951 22.5087 2.04509e-05 0.12449 0.391122 1.86073e-15 
199.93 480.58 229.488 22.5087 2.02826e-05 0.124002 0.388776 1.7257e-15 
200.609 479.901 230.025 22.5087 2.00106e-05 0.123437 0.386429 1.54093e-15 
201.288 479.222 230.561 22.5088 1.95709e-05 0.122786 0.384082 1.30618e-15 
201.967 478.542 231.098 22.5088 1.88599e-05 0.122042 0.381735 1.0488e-15 
202.647 477.863 231.635 22.5088 1.77104e-05 0.121197 0.379388 7.60947e-16 
203.326 477.184 232.171 22.5088 1.58521e-05 0.12024 0.377041 4.81185e-16 
204.005 476.505 232.707 22.5088 1.28478e-05 0.119161 0.374694 2.44101e-16 
204.684 475.826 233.244 22.5088 7.99058e-06 0.117947 0.372347 7.04372e-17 
205.363 475.147 233.78 22.5088 1.37947e-07 0.116584 0.369 0 
205.363 475.147 233.78 22.5088 1.37947e-07 0.116584 0.369 0 
196.269 494.404 233.701 21.4602 0.96519 0.216812 -0.188388 0.888485 
187.918 514.811 244.726 12.3395 0.847153 0.857762 -0.0851538 -0.530107 
188.246 542.572 254.563 5 -0.00185743 0.504647 0.916824 -0.464714 
195.746 566.272 254.786 5.0002 -0.00181184 0.195609 0.916772 -0.45817 
203.248 586.423 255.008 5.00001 -0.0018336 -0.110123 0.916797 -0.447211 
210.753 603.064 255.231 5.00001 -0.00183372 -0.409441 0.916796 -0.434086 
218.26 616.267 255.453 5.00001 -0.00183387 -0.700789 0.916796 -0.418627 
225.769 626.123 255.675 5.00001 -0.00183402 -0.982496 0.916796 -0.400731 
233.281 632.745 255.898 5.00001 -0.00183416 -1.25282 0.916796 -0.380283 
240.796 636.262 256.12 5.00001 -0.0018343 -1.50996 0.916796 -0.357161 
248.313 636.827 256.343 5.00001 -0.00183444 -1.75201 0.916797 -0.331239 
255.834 634.611 256.565 5.00001 -0.00183422 -1.977 0.916791 -0.302396 
263.357 629.812 256.788 5.00001 -0.00184397 -2.18286 0.916957 -0.270529 
270.884 622.648 257.01 5.00001 -0.0015686 -2.36749 0.912134 -0.235575 
278.414 613.365 257.235 5.00005 -0.0095699 -2.52869 0.925407 -0.225492 
285.949 602.23 257.369 5.06326 0.0053086 -2.68365 0.909101 -0.218843 
293.425 589.315 257.672 5.00002 -0.000461474 -2.83476 0.892795 -0.176995 
300.966 574.665 257.91 5.00018 0.000496316 -2.95745 0.876489 -0.132679 
308.51 558.606 258.159 5.00023 0.00144148 -3.04989 0.860183 -0.0865262 
316.06 541.486 258.42 5.00028 0.0023834 -3.11067 0.843877 -0.0393555 
323.614 523.667 258.69 5.00037 0.00332055 -3.13883 0.827571 0.00771469 
331.174 505.525 258.972 5.00052 0.00423806 -3.13412 0.811265 0.0533227 
338.741 487.437 259.264 5.00092 -0.109598 -3.09715 0.794959 0.0959887 
346.34 469.774 258.249 6.00416 -0.165184 -3.02942 0.778652 0.134253 
353.006 452.889 256.577 7.42625 -0.0436566 -2.93337 0.762346 0.167199 
358.298 437.108 256.274 7.68838 -0.0431768 -2.81201 0.74604 0.194067 
363.342 422.722 255.973 7.93496 -0.0429132 -2.66882 0.729734 0.214495 
368.155 409.979 255.669 8.16905 -0.0438626 -2.5076 0.713428 0.228601 
372.746 399.089 255.351 8.40218 -0.0473212 -2.33209 0.697122 0.236902 
377.118 390.214 254.988 8.65635 -0.0533476 -2.1458 0.680816 0.240133 
381.251 383.479 254.551 8.95242 -0.0596143 -1.95184 0.66451 0.2391 
385.104 378.972 254.038 9.28936 -0.061558 -1.75291 0.648203 0.234569 
388.638 376.749 253.495 9.62633 -0.054791 -1.5513 0.631897 0.227219 
391.85 376.842 253.024 9.88722 -0.0394271 -1.34899 0.615591 0.21762 
394.809 379.258 252.725 10.0026 -0.0238591 -1.14765 0.599285 0.206237 
397.653 383.987 252.602 9.98162 -0.0239182 -0.948725 0.582979 0.193443 
400.516 391 252.48 9.97098 -0.054231 -0.753497 0.566673 0.179528 
403.394 400.255 252.009 10.2343 -0.113261 -0.563077 0.550367 0.164716 
406.035 411.698 250.855 11.0019 -0.17082 -0.378447 0.534061 0.149181 
407.957 425.261 249.026 12.2232 -0.17206 -0.200472 0.517754 0.133059 
408.716 440.869 247.161 13.3722 -0.0683815 -0.0299086 0.501448 0.116458 
408.352 458.436 246.465 13.5376 0.130928 0.132586 0.485142 0.0994715 
407.775 477.87 248.055 11.9575 0.317566 0.286455 0.468836 0.0821996 
408.648 499.07 251.817 8.87327 0.301805 0.431246 0.45253 0.064784 
412.45 521.93 255.456 6.16579 -0.0772596 0.566642 0.436224 0.0474846 
418.916 546.343 254.79 6.98117 -0.773715 0.692534 0.419918 0.0308339 
424.777 572.203 246.112 13.8289 -1.4 0.809181 0.345776 0.00832737 
424.282 599.407 230.115 25.6737 -1.4 0.8927 0.37137 -6.21622e-06 
412.52 627.578 213.9 36.7409 0.0200014 0.893556 0.369 0 
412.52 627.578 213.9 36.7409 0.0200014 0.893556 0.369 0 
410.992 629.517 213.902 36.5629 0.190587 0.913407 -0.188376 0.775684 
409.472 631.472 214.039 36.3031 0.274383 0.966852 -0.176772 0.751832 
407.967 633.469 214.242 35.9941 0.357529 1.01914 -0.165161 0.727975 
406.481 635.507 214.511 35.6366 0.43966 1.07027 -0.153549 0.704108 
405.016 637.585 214.844 35.2313 0.520415 1.12024 -0.141937 0.680226 
403.577 639.703 215.242 34.7794 0.59944 1.16904 -0.130325 0.656325 
402.165 641.859 215.702 34.2822 0.67639 1.21667 -0.118713 0.632402 
400.784 644.052 216.224 33.7411 0.750929 1.26313 -0.107101 0.608452 
399.437 646.282 216.805 33.1577 0.822732 1.30839 -0.0954891 0.584476 
398.126 648.547 217.443 32.534 0.891486 1.35247 -0.0838769 0.560471 
396.855 650.847 218.136 31.872 0.956895 1.39534 -0.0722647 0.536439 
395.626 653.181 218.881 31.1738 1.01868 1.437 -0.0606525 0.512383 
394.44 655.547 219.675 30.4418 1.07656 1.47744 -0.0490403 0.488308 
393.301 657.945 220.516 29.6786 1.13031 1.51665 -0.0374281 0.464222 
392.211 660.374 221.401 28.8867 1.17968 1.55462 -0.0258159 0.440139 
391.172 662.833 222.325 28.0689 1.22448 1.59134 -0.0142036 0.416074 
390.184 665.32 223.285 27.2282 1.2645 1.62679 -0.00259142 0.392049 
389.251 667.835 224.278 26.3674 1.29959 1.66096 0.00902081 0.368091 
388.372 670.378 225.299 25.4896 1.3296 1.69385 0.020633 0.344235 
387.551 672.946 226.345 24.5979 1.35441 1.72543 0.0322453 0.320525 
386.786 675.538 227.412 23.6956 1.37391 1.7557 0.0438575 0.297012 
386.08 678.155 228.496 22.7858 1.38804 1.78465 0.0554698 0.273757 
385.433 680.794 229.591 21.8719 1.39675 1.81226 0.067082 0.250836 
384.845 683.455 230.695 20.957 1.4 1.83853 0.097095 0.228477 
384.316 686.137 231.802 20.0438 1.39998 1.86347 0.0904836 0.206809 
383.847 688.838 232.91 19.1356 1.39237 1.88708 0.101977 0.185926 
383.436 691.557 234.014 18.2361 1.37935 1.90939 0.113566 0.165918 
383.084 694.294 235.108 17.3486 1.361 1.93042 0.125168 0.146878 
382.791 697.048 236.19 16.4763 1.33742 1.95018 0.136775 0.128891 
382.554 699.817 237.253 15.6221 1.30873 1.96872 0.148383 0.112036 
382.373 702.601 238.295 14.7891 1.27506 1.98605 0.159993 0.0963795 
382.247 705.398 239.312 13.9801 1.23658 2.0022 0.171604 0.081974 
382.174 708.208 240.3 13.1978 1.19348 2.01721 0.183215 0.068855 
382.152 711.029 241.254 12.4449 1.14595 2.03112 0.194826 0.0570395 
382.181 713.862 242.173 11.7239 1.09423 2.04395 0.206437 0.046525 
382.257 716.704 243.051 11.0371 1.03854 2.05573 0.218049 0.0372901 
382.378 719.556 243.887 10.3868 0.979154 2.06651 0.229661 0.0292953 
382.543 722.416 244.676 9.77493 0.916342 2.07629 0.241273 0.0224848 
382.748 725.284 245.418 9.20335 0.850395 2.08512 0.252884 0.0167887 
382.992 728.159 246.107 8.67375 0.781616 2.09302 0.264496 0.0121254 
383.271 731.04 246.744 8.1876 0.710319 2.1 0.276108 0.00840386 
383.583 733.927 247.325 7.74619 0.63683 2.10608 0.28772 0.005526 
383.925 736.818 247.849 7.3506 0.561486 2.11128 0.299333 0.00338853 
384.294 739.713 248.314 7.00171 0.484629 2.1156 0.310945 0.00188456 
384.687 742.612 248.719 6.70017 0.406607 2.11906 0.322557 0.000904825 
385.1 745.513 249.063 6.44646 0.327776 2.12167 0.334169 0.000338523 
385.532 748.416 249.346 6.24082 0.248492 2.12342 0.345781 7.39224e-05 
385.978 751.321 249.566 6.0833 0.169114 2.12433 0.357393 -1.32735e-06 
386.435 754.227 249.725 6.00381 0.0899993 2.12439 0.369 0 
386.435 754.227 249.725 6.00381 0.0899993 2.12439 0.369 0 
386.872 757.33 249.766 5.90854 -0.0222324 2.09898 -0.188384 -0.355389 
387.317 760.411 249.712 5.90618 -0.205041 2.05762 -0.176771 -0.333725 
387.765 763.458 249.505 6.02023 -0.386231 2.01781 -0.165158 -0.312742 
388.208 766.472 249.146 6.24902 -0.564877 1.97953 -0.153545 -0.292454 
388.638 769.453 248.636 6.5903 -0.740068 1.94275 -0.141931 -0.272871 
389.047 772.403 247.979 7.04123 -0.910912 1.90746 -0.130316 -0.254003 
389.427 775.324 247.177 7.59846 -1.07654 1.87362 -0.118699 -0.235856 
389.772 778.216 246.236 8.25805 -1.23612 1.84121 -0.107071 -0.218434 
390.073 781.082 245.159 9.01557 -1.38882 1.8102 0.974135 -0.201742 
390.324 783.921 243.954 9.82646 -1.3997 1.78058 1.0069 -0.18578 
390.518 786.735 242.738 10.6386 -1.4 1.75231 0.957817 -0.170556 
390.656 789.526 241.521 11.4484 -1.4 1.72538 0.906442 -0.156076 
390.737 792.294 240.302 12.2556 -1.4 1.69976 0.855243 -0.142338 
390.761 795.04 239.083 13.0603 -1.4 1.67542 0.804204 -0.129339 
390.73 797.766 237.863 13.8625 -1.4 1.65234 0.753325 -0.117073 
390.642 800.473 236.641 14.6622 -1.4 1.6305 0.702604 -0.105533 
390.499 803.162 235.419 15.4594 -1.4 1.60987 0.652042 -0.0947092 
390.3 805.833 234.195 16.2541 -1.4 1.59043 0.601638 -0.084589 
390.045 808.488 232.97 17.0463 -1.4 1.57216 0.551391 -0.0751587 
389.735 811.127 231.744 17.836 -1.4 1.55503 0.5013 -0.0664025 
389.369 813.753 230.517 18.6233 -1.4 1.53903 0.451367 -0.058303 
388.949 816.365 229.29 19.4081 -1.39999 1.52413 0.401589 -0.0508415 
388.473 818.964 228.061 20.1905 -1.39999 1.51031 0.351967 -0.0439978 
387.943 821.552 226.83 20.9704 -1.39999 1.49755 0.302499 -0.0377506 
387.359 824.129 225.599 21.7479 -1.39999 1.48583 0.253186 -0.0320776 
386.719 826.696 224.367 22.5229 -1.39999 1.47514 0.204027 -0.0269554 
386.026 829.255 223.134 23.2956 -1.39999 1.46545 0.154974 -0.0223599 
385.279 831.805 221.9 24.0658 -1.4 1.45676 0.125143 -0.018381 
384.477 834.348 220.665 24.8329 -1.39762 1.44899 0.136756 -0.0149866 
383.622 836.885 219.43 25.5939 -1.38768 1.44207 0.148368 -0.0121128 
382.714 839.416 218.203 26.3439 -1.37024 1.43594 0.15998 -0.00969921 
381.752 841.941 216.99 27.0783 -1.34539 1.43053 0.171592 -0.00768918 
380.739 844.463 215.797 27.7923 -1.31327 1.42576 0.183205 -0.00603015 
379.675 846.98 214.629 28.4814 -1.27404 1.42159 0.194817 -0.00467378 
378.562 849.494 213.494 29.1413 -1.22791 1.41794 0.206429 -0.00357603 
377.402 852.004 212.396 29.7676 -1.17511 1.41478 0.218041 -0.00269716 
376.197 854.512 211.342 30.3564 -1.11593 1.41204 0.229654 -0.00200169 
374.95 857.018 210.337 30.9037 -1.05066 1.40968 0.241266 -0.00145829 
373.663 859.522 209.386 31.4058 -0.979644 1.40766 0.252878 -0.00103962 
372.339 862.024 208.494 31.8594 -0.903248 1.40594 0.264491 -0.000722096 
370.982 864.525 207.666 32.2612 -0.82186 1.40449 0.276103 -0.000485654 
369.596 867.025 206.905 32.6084 -0.735899 1.40328 0.287715 -0.00031344 
368.183 869.524 206.216 32.8983 -0.645803 1.40228 0.299328 -0.000191488 
366.748 872.021 205.602 33.1287 -0.552032 1.40147 0.31094 -0.00010835 
365.295 874.518 205.067 33.2974 -0.455064 1.40083 0.322553 -5.47109e-05 
363.828 877.015 204.613 33.4028 -0.355393 1.40035 0.334166 -2.29778e-05 
362.351 879.511 204.243 33.4437 -0.253524 1.40002 0.345782 -6.84887e-06 
360.87 882.007 203.958 33.5391 -0.149973 1.39984 0.372304 -8.73101e-07 
359.38 884.503 203.76 33.5065 0.0123805 1.3998 0.369 0 
359.38 884.503 203.76 33.5065 0.0123805 1.3998 0.369 0 
366.815 877.381 205.973 30.0156 0.000329767 0.458732 0.482653 -1.7826e-13 
374.251 870.259 208.101 27.5256 -6.95042e-05 0.149273 0.480306 -5.50643e-14 
381.686 863.137 210.144 25.8152 -8.2733e-05 0.0485659 0.477959 -1.7056e-14 
389.121 856.015 212.101 24.6677 -8.31713e-05 0.01583 0.475612 -5.21546e-15 
396.557 848.893 213.97 23.9072 -8.31858e-05 0.00519005 0.473265 -1.57902e-15 
403.992 841.771 215.752 23.406 -8.31863e-05 0.00173188 0.470918 -4.83415e-16 
411.427 834.649 217.446 23.0766 -8.31863e-05 0.000607905 0.468571 -1.24689e-16 
418.862 827.527 219.052 22.8603 -8.31863e-05 0.000242594 0.466224 -1.00324e-17 
426.298 820.405 220.568 22.7184 -8.31863e-05 0.000123862 0.463878 -1.14977e-17 
433.733 813.283 221.995 22.6254 -8.31863e-05 8.52713e-05 0.461531 1.65106e-17 
441.168 806.161 223.331 22.5643 -8.31863e-05 7.27287e-05 0.459184 -4.55778e-17 
448.604 799.039 224.577 22.5242 -8.31863e-05 6.86522e-05 0.456837 -5.89402e-17 
456.039 791.917 225.732 22.498 -8.31863e-05 6.73272e-05 0.45449 -2.11371e-17 
463.474 784.796 226.794 22.4807 -8.31863e-05 6.68966e-05 0.452143 -1.12624e-17 
470.91 777.674 227.765 22.4694 -8.31863e-05 6.67566e-05 0.449796 6.0293e-17 
478.345 770.552 228.643 22.462 -8.31863e-05 6.67111e-05 0.447449 4.44504e-17 
485.78 763.43 229.429 22.4572 -8.31863e-05 6.66963e-05 0.445102 4.7511e-17 
493.216 756.308 230.121 22.454 -8.31863e-05 6.66915e-05 0.442755 5.66357e-17 
500.651 749.187 230.72 22.4519 -8.31863e-05 6.669e-05 0.440408 1.68219e-17 
508.086 742.065 231.225 22.4505 -8.31863e-05 6.66895e-05 0.438061 3.00575e-17 
515.521 734.943 231.636 22.4496 -8.31863e-05 6.66893e-05 0.435714 -3.54893e-17 
522.957 727.822 231.954 22.449 -8.31863e-05 6.66893e-05 0.433367 -2.67641e-17 
530.392 720.7 232.177 22.4486 -8.31863e-05 6.66892e-05 0.43102 -3.28068e-17 
537.827 713.578 232.305 22.4484 -8.31863e-05 6.66892e-05 0.428673 4.4063e-18 
545.263 706.457 232.34 22.4482 -8.31863e-05 6.66892e-05 0.426327 6.28755e-17 
552.698 699.335 232.28 22.4481 -8.31863e-05 6.66892e-05 0.42398 4.84738e-17 
560.133 692.213 232.125 22.448 -8.31863e-05 6.66892e-05 0.421633 1.85032e-17 
567.569 685.092 231.877 22.448 -8.31863e-05 6.66892e-05 0.419286 1.43882e-17 
575.004 677.97 231.534 22.4479 -8.31863e-05 6.66892e-05 0.416939 2.05213e-17 
582.439 670.849 231.097 22.4479 -8.31863e-05 6.66892e-05 0.414592 -4.48091e-18 
589.874 663.727 230.566 22.4479 -8.31863e-05 6.66892e-05 0.412245 -8.69215e-18 
597.31 656.605 229.942 22.4479 -8.31863e-05 6.66892e-05 0.409898 3.021e-17 
604.745 649.484 229.225 22.4479 -8.31863e-05 6.66892e-05 0.407551 -1.37116e-17 
612.18 642.362 228.414 22.4479 -8.31863e-05 6.66892e-05 0.405204 -2.22025e-17 
619.616 635.241 227.51 22.4479 -8.31863e-05 6.66892e-05 0.402857 -4.26549e-18 
627.051 628.119 226.515 22.448 -8.31863e-05 6.66892e-05 0.40051 1.75877e-17 
634.486 620.998 225.427 22.448 -8.31863e-05 6.66892e-05 0.398163 1.2104e-17 
641.922 613.876 224.247 22.448 -8.31863e-05 6.66891e-05 0.395816 -1.02432e-17 
649.357 606.755 222.977 22.4481 -8.31863e-05 6.66888e-05 0.393469 -1.60842e-18 
656.792 599.633 221.616 22.4483 -8.31863e-05 6.66878e-05 0.391122 -7.18958e-18 
664.228 592.512 220.165 22.4485 -8.31863e-05 6.66847e-05 0.388776 2.57035e-18 
671.663 585.39 218.624 22.4488 -8.31863e-05 6.66748e-05 0.386429 -1.519e-18 
679.098 578.269 216.995 22.4493 -8.31863e-05 6.66434e-05 0.384082 6.06309e-18 
686.533 571.147 215.277 22.45 -8.31863e-05 6.6544e-05 0.381735 3.78418e-18 
693.969 564.026 213.471 22.4511 -8.31863e-05 6.623e-05 0.379388 -4.89365e-19 
701.404 556.904 211.577 22.4529 -8.31837e-05 6.52384e-05 0.377041 9.01518e-18 
708.839 549.783 209.597 22.4556 -8.31032e-05 6.21093e-05 0.374694 1.26244e-17 
716.275 542.662 207.531 22.4598 -8.05533e-05 5.2242e-05 0.372347 1.05075e-17 
723.71 535.54 205.38 22.4662 -1.12361e-08 2.11489e-05 0.369 0 
723.71 535.54 205.38 22.4662 -1.12361e-08 2.11489e-05 0.369 0 
721.46 540.98 204.346 21.0845 -0.660483 -0.158957 1.15369 -0.0399369 
719.713 545.763 200.595 21.6717 -0.887915 -0.343845 1.13739 -0.040626 
717.759 549.782 195.9 22.9604 -1.10133 -0.539943 1.12108 -0.0391771 
715.356 552.993 190.316 24.8877 -1.27335 -0.737401 1.10477 -0.0353421 
712.284 555.389 184.009 27.3065 -1.37921 -0.924004 1.08847 -0.0292825 
708.367 557.015 177.249 29.9957 -1.4 -1.08651 1.07211 -0.0241808 
703.505 557.97 170.385 32.6808 -1.32561 -1.22748 1.05579 -0.0199915 
697.692 558.345 163.811 35.063 -1.15662 -1.3499 1.03947 -0.0165602 
691.022 558.214 157.918 36.8533 -0.90535 -1.45644 1.02314 -0.0137577 
683.691 557.645 153.051 37.8091 -0.595352 -1.54946 1.00679 -0.0114755 
675.976 556.691 149.458 37.7685 -0.259563 -1.63108 0.990395 -0.00962195 
668.218 555.401 147.251 36.6772 0.0628927 -1.70314 0.973871 -0.00811988 
660.775 553.813 146.383 34.6054 0.330907 -1.76724 0.956753 -0.00690389 
653.988 551.959 146.635 31.7507 0.50603 -1.82477 0.224244 -0.0059187 
648.133 549.868 147.629 28.5561 0.116949 -1.87689 -0.0214906 -0.00511775 
643.375 547.56 147.038 26.7144 -0.546712 -1.92461 0.549532 -0.00446212 
639.276 545.055 143.719 26.9028 -0.927055 -1.96872 0.890929 -0.00391974 
635.119 542.367 138.828 28.2186 -1.08766 -2.00989 0.875645 -0.00346457 
630.499 539.51 133.266 30.0063 -1.20544 -2.04862 0.85962 -0.00307602 
625.251 536.494 127.205 32.1187 -1.26261 -2.08529 0.843412 -0.00273814 
619.259 533.327 120.894 34.3568 -1.24688 -2.1202 0.827116 -0.00243903 
612.472 530.016 114.634 36.4883 -1.15373 -2.15351 0.810727 -0.00217001 
604.922 526.568 108.744 38.2728 -0.987783 -2.18536 0.794054 -0.00192502 
596.718 522.989 103.528 39.4912 -0.763127 -2.21581 0.641175 -0.0017 
588.049 519.285 99.2304 39.9989 -0.586188 -2.24486 0.320641 -0.00151265 
579.162 515.461 95.6604 39.9956 -0.587908 -2.27289 0.3243 -0.00133876 
570.247 511.522 92.0833 39.9971 -0.587493 -2.29987 0.32354 -0.00117779 
561.301 507.471 88.5079 39.9975 -0.587488 -2.3258 0.323544 -0.00102754 
552.326 503.313 84.9325 39.9977 -0.587467 -2.35061 0.323514 -0.000886529 
543.321 499.052 81.3572 39.998 -0.587454 -2.37419 0.323494 -0.000753615 
534.286 494.694 77.782 39.9982 -0.587445 -2.39639 0.323478 -0.000628013 
525.221 490.245 74.2068 39.9983 -0.587437 -2.417 0.323465 -0.000509234 
516.127 485.71 70.6316 39.9985 -0.587432 -2.43572 0.323455 -0.000397069 
507.003 481.098 67.0565 39.9986 -0.587427 -2.45221 0.323446 -0.000291577 
497.85 476.418 63.4814 39.9987 -0.587424 -2.466 0.323439 -0.000193085 
488.666 471.681 59.9062 39.9988 -0.587421 -2.4765 0.323432 -0.000102191 
479.454 466.901 56.3311 39.9988 -0.587419 -2.483 0.323434 -1.97723e-05 
470.211 462.094 52.7561 39.9989 -0.587413 -2.48458 0.323363 5.3021e-05 
460.939 457.28 49.181 39.999 -0.587448 -2.48013 0.32401 0.000114784 
451.637 452.485 45.6058 39.999 -0.587082 -2.46825 0.317638 0.000163904 
442.306 447.739 42.0321 39.9991 -0.590645 -2.44724 0.379635 0.000198647 
432.946 443.079 38.4436 39.999 -0.555958 -2.41501 0.3045 0.000217513 
423.553 438.553 34.9984 39.9037 -0.567773 -2.36896 0.299689 0.000220723 
414.164 434.216 31.5051 39.849 -0.586226 -2.30554 0.3111 0.00020619 
404.766 430.142 27.9359 39.8516 -0.599693 -2.22063 0.322643 0.000173956 
395.34 426.418 24.3111 39.8943 -0.605876 -2.10954 0.334224 0.000127103 
385.87 423.153 20.6605 39.9532 -0.603215 -1.96703 0.345821 7.28462e-05 
376.35 420.476 17.0205 40 -0.591114 -1.78735 0.387305 5.46908e-06 
366.785 418.541 13.4302 40 0.316553 -1.73483 0.369 0 
