grtopS_92_3
50
2 2
11 11 
0 1 7 3 8 6 5 4 9 2 11 
0 1 7 3 8 6 5 4 9 2 11 
2139.51 28.2496 34.786 42.6527 120.628 70.9175 312.189 64.5016 76.723 56.8145 
1604.58 27.563 32.2068 56.2881 44.8239 0 0.510096 52.7217 3.77033 0 
43.6635 0.576523 0.709919 0.870463 2.4618 1.4473 6.3712 1.31636 1.56577 1.15948 
32.7465 0.562511 0.657281 1.14874 0.914774 0 0.0104101 1.07595 0.0769455 0 
0 1.77258 0.307305 1.67292 3.80853 0.0626289 4.10054 0 0.472448 0.914448 
1.45212e-06 0.597944 0.286236 1.42951e-06 5.1454e-07 3.73801 0.00938115 0.230706 0.033505 8.31368 
510.87 811.61 587.12 40 1.1687 0 0.0113692 0 
510.87 811.61 587.12 40 1.1687 -6.2531e-15 0.0115071 -0.00632552 
510.87 811.61 587.12 39.999 1.20465 -0.0479283 0.0109306 0.0832229 
478.111 753.812 611.65 34.7412 1.39992 0.326415 0.00460105 0.143104 
727.992 292.329 558.384 38.381 1.2736 -0.23731 0.00909761 0.134522 
534.423 96.0653 565.031 39.165 1.20557 0.0342832 0.0103139 0.0206104 
533.743 22.5411 556.677 39.9931 1.17585 -0.0723285 0.0113385 0.0145962 
451.075 10.9331 561.288 39.9946 1.17018 -0.0126908 0.011361 0.00175254 
414.202 8.46474 562.082 39.9952 1.1699 -0.00994944 0.0113615 0.00154218 
380.07 6.46491 562.703 39.9954 1.16959 -0.00676663 0.0113619 0.0012274 
348.792 4.96906 563.121 39.9955 1.1693 -0.00375248 0.0113621 0.000934847 
320.03 3.93609 563.347 39.9955 1.16903 -0.000909141 0.0113621 0.000692285 
293.458 3.33022 563.39 39.9955 1.16876 0.00199162 0.011362 0.00046358 
268.916 3.16181 563.247 39.9957 1.16846 0.00510112 0.0113623 0.0001758 
246.343 3.4835 562.905 39.9958 1.16816 0.00818738 0.0113623 -7.44042e-05 
225.506 4.28236 562.365 39.9959 1.16785 0.0114853 0.0113624 -0.000353745 
206.334 5.59038 561.614 39.9961 1.16751 0.0149168 0.0113627 -0.000648276 
188.688 7.43776 560.643 39.9964 1.16716 0.0184932 0.011363 -0.000959928 
172.426 9.85566 559.444 39.9966 1.1668 0.0222149 0.0113632 -0.00127121 
157.4 12.8556 558.008 39.9967 1.16643 0.0261432 0.0113633 -0.0015906 
143.49 16.4569 556.32 39.9967 1.16604 0.0303114 0.0113632 -0.00192036 
130.587 20.6867 554.365 39.9967 1.16562 0.0347675 0.011363 -0.0022686 
118.596 25.5822 552.125 39.9966 1.16518 0.0395418 0.0113627 -0.00263718 
107.423 31.1876 549.578 39.9965 1.1647 0.0446785 0.0113624 -0.0030307 
96.9799 37.5568 546.701 39.9964 1.16419 0.050229 0.0113621 -0.00345225 
87.1902 44.7522 543.468 39.9962 1.16363 0.0562569 0.0113619 -0.00390341 
77.9915 52.8385 539.848 39.9959 1.16308 0.0628293 0.0113606 -0.00432702 
69.334 61.809 535.837 39.988 1.16276 0.0701387 0.0113503 -0.00455611 
61.2935 71.1564 531.294 39.9892 1.16199 0.0779765 0.0113514 -0.00517727 
53.651 81.7628 526.27 39.9858 1.16135 0.0866032 0.0113466 -0.00567241 
46.4214 93.3354 520.676 39.984 1.16057 0.0960183 0.0113437 -0.00629445 
39.5204 106.135 514.474 39.9818 1.15968 0.1063 0.0113409 -0.00703254 
32.8769 120.332 507.571 39.9878 1.15836 0.117354 0.0113491 -0.00810197 
26.2532 136.75 500.009 39.9863 1.15751 0.129699 0.011345 -0.00865206 
19.8134 154.511 491.806 39.9468 1.15835 0.143945 0.0112902 -0.00765099 
14.1568 170.242 482.591 39.8993 1.1593 0.159769 0.0112244 -0.00663423 
9.25562 183.643 472.116 39.8732 1.15855 0.176557 0.0111937 -0.00735095 
4.39506 197.8 460.078 39.945 1.15325 0.19325 0.0112901 -0.0120711 
-2.19636 221.705 447.3 39.994 1.14912 0.211971 0.0113535 -0.0156174 
-9.94009 253.079 433.672 39.9972 1.14697 0.233225 0.0113571 -0.0173917 
-18.0333 287.97 418.7 39.998 1.14475 0.25639 0.0113574 -0.0191663 
-26.6359 326.431 402.25 39.9979 1.14237 0.281878 0.0113567 -0.0210912 
-35.7741 368.714 384.169 39.9966 1.13993 0.309742 0.0113538 -0.0229764 
-45.6041 414.902 364.367 39.9782 1.13819 0.340732 0.0113264 -0.0242056 
-55.8681 463.568 342.635 39.9305 1.13753 0.374798 0.0112619 -0.0244337 
-66.5705 512.477 318.538 39.8883 1.13653 0.411825 0.0112308 -0.0372417 
-78.269 562.276 292.06 39.8129 1.14423 0.358951 0.010973 0.0321468 
-155.01 598.414 267.813 39.9616 1.09816 0.776964 0.0110969 0.0375524 
27.4938 711.147 218.051 39.9145 1.04351 1.56433 0.00636912 -0.00066318 
693.845 910.895 129.049 37.1035 -0.0630104 2.4516 0.0103692 0 
693.845 910.895 129.049 37.1035 -0.0630104 2.4516 0.0103692 0 
677.911 938.064 126.683 34.5263 -0.543603 0.680182 -0.188146 -1.02829 
664.71 955.31 124.369 34.7737 1.3999 2.04432 -0.176534 -1.00694 
653.382 983.087 136.098 24.42 1.39993 0.120216 -0.164922 -0.985534 
644.637 997.021 147.946 16.2772 1.33404 -0.757799 -0.15331 -0.964126 
644.112 1004.11 159.413 7.38132 0.367865 -1.46551 -0.141698 -0.942718 
645.661 1005.4 164.033 5.00023 -1.1298 -2.24605 0.216187 -0.92131 
652.404 1000.65 154.365 10.7259 -1.39997 -2.64953 1.05556 -0.899902 
655.15 991.116 142.687 19.9152 -1.39997 -3.9745 1.03925 -0.878494 
652.091 972.054 130.902 28.679 -0.124638 -4.16366 -0.09526 -0.857184 
643.019 951.64 130.965 30.4119 0.35274 -6.27778 -0.0836365 0.000137485 
634.402 919.556 131.776 26.1011 -0.619386 -6.27979 -0.0720022 0.0392506 
627.15 883.918 126.256 27.1109 -1.05079 -6.27979 -0.0603963 0.00261533 
617.052 848.282 120.444 30.4308 0.826188 -6.2778 -0.0488179 0.0630937 
607.905 816.197 124.553 26.8636 -0.12469 -6.27979 -0.0371875 -0.151555 
597.766 780.56 125.406 27.4374 -1.26488 -6.27976 -0.0255728 0.0438495 
590.312 746.653 118.051 31.9055 0.437156 -6.27979 -0.0141941 0.0123036 
580.636 711.018 121.898 27.7429 -0.428296 -6.2798 -0.00234896 -0.158786 
572.277 675.381 120.552 27.612 0.41201 -6.2798 0.00926165 0.0298008 
564.877 639.745 124.423 26.0043 -0.616008 -6.2798 0.020874 0.00403449 
557.786 604.107 118.533 27.1088 -0.134489 -6.2798 0.0324862 -0.472279 
550.732 568.47 115.769 25.7366 -0.504378 -6.2798 0.0441186 -0.45184 
543.679 532.832 112.686 26.0973 -0.521265 -6.2798 0.0557106 -0.429689 
537.04 497.195 110.696 28.1077 0.307683 -6.27979 0.0670835 -0.00496229 
525.946 461.558 111.107 24.4623 -0.728158 -6.27976 0.078937 0.265664 
517.086 426.085 107.641 26.0995 0.143093 -6.2778 0.0905473 0.370456 
510.649 393.998 110.301 25.0288 -0.501297 -6.27979 0.10216 -0.0645194 
503.96 358.36 105.126 28.7214 0.510515 -6.2798 0.113772 0.404484 
495.669 322.724 109.805 25.3544 -0.343272 -6.27979 0.125384 0.383583 
488.814 287.086 109.103 25.2794 0.20859 -6.27975 0.136996 0.36272 
482.861 252.203 108.829 22.158 -0.880112 -6.27979 0.148623 0.341913 
477.803 216.564 104.302 24.7097 -0.24895 -6.2798 0.160221 0.324909 
471.141 180.926 100.742 24.0123 -0.697976 -6.27979 0.171833 0.304555 
465.929 145.287 97.0209 26.632 0.40001 -6.2798 0.18321 0.343289 
455.452 109.65 98.1139 22.3463 -0.612408 -6.27979 0.195058 0.321881 
447.605 74.0113 95.5041 24.6745 0.199673 -6.27795 0.206665 0.300473 
439.563 41.9225 98.6954 24.7233 -0.0926299 -6.2764 0.218281 0.279297 
433.825 9.8352 99.8018 26.3649 0.609296 -4.39413 0.229682 0.257894 
427.066 -12.2464 105.941 24.087 -0.108366 -2.51983 0.241289 0.236483 
421.822 -17.4959 106.944 25.84 0.730479 -0.653495 0.253041 0.21484 
415.472 -9.31185 111.204 22.9161 -0.261976 -2.33618 0.264491 0.193637 
411.003 -13.439 111.116 25.5573 -1.39938 -0.486828 0.276103 0.172253 
405.031 -7.41383 102.815 34.2959 -0.920454 1.35457 0.287715 0.150616 
391.722 11.8761 97.8586 40 0.0739463 0.0353777 0.299327 0.129383 
373.633 25.1978 99.9897 39.9908 1.37308 1.85986 0.310939 0.107799 
355.403 48.3612 111.466 32.8683 1.4 2.78197 0.322551 0.0863362 
341.446 77.9044 123.219 25.9287 1.4 1.04511 0.334164 0.0650966 
331.648 98.4857 135.051 19.3108 1.4 2.84428 0.346018 0.0386229 
325.846 132.016 146.96 10.9309 1.4 1.08832 0.357631 -0.0221642 
325.035 149.366 158.965 5.00022 0.0897584 0.226996 0.369 0 
325.035 149.366 158.965 5.00022 0.0897584 0.226996 0.369 0 
330.645 164.972 160.351 5 -0.23307 0.0831811 1.05979 -0.0359947 
336.335 179.304 158.877 6.9053 0.361389 0.373015 0.27829 -1.00716 
340.544 196.205 162.642 5 0.0755757 -0.426718 0.612909 -0.985761 
346.216 206.021 163.902 5 0.0755753 -1.21626 0.612909 -0.964355 
351.906 208.843 165.162 5 0.0755749 -1.9956 0.612909 -0.942946 
357.613 204.761 166.422 5 0.0755745 -2.76473 0.612909 -0.921536 
363.336 193.867 167.682 5 0.0755741 -3.52365 0.612909 -0.900124 
369.076 176.25 168.942 5 0.0755737 -4.27236 0.612909 -0.878706 
374.834 152.001 170.202 5 0.0755733 -5.01084 0.612909 -0.857264 
380.609 121.21 171.462 5 0.0755729 -5.73907 0.612909 0.590443 
386.4 83.969 172.723 5 0.0755732 -5.26268 0.612909 0.814415 
392.218 50.9477 173.983 5 0.0755735 -4.55799 0.612909 0.793041 
398.063 24.1686 175.243 5 0.0755739 -3.86349 0.612909 0.77164 
403.935 3.54132 176.503 5 0.0755743 -3.17921 0.612909 0.750229 
409.835 -11.0246 177.763 5 0.0755746 -2.50519 0.612909 0.728809 
415.761 -19.62 179.023 5 0.075575 -1.84141 0.612909 0.70737 
421.715 -22.3357 180.283 5 0.0755753 -1.18791 0.612909 0.68586 
427.695 -19.2627 181.543 5 0.0755757 -0.544761 0.612909 -0.527197 
433.703 -10.4926 182.803 5 0.0755754 -0.977303 0.612909 -0.642998 
439.73 -5.55402 184.063 5 0.0755751 -1.5991 0.612909 -0.621687 
445.774 -6.12331 185.324 5 0.0755748 -2.21073 0.612909 -0.600292 
451.837 -12.1105 186.584 5 0.0755745 -2.81211 0.612909 -0.578832 
457.918 -23.4246 187.844 5 0.0755742 -3.40317 0.612909 -0.474484 
464.017 -39.9744 189.104 5 0.0755739 -3.90767 0.612909 0.536096 
470.135 -60.9931 190.364 5 0.0755742 -3.33877 0.612909 0.51475 
476.279 -76.9724 191.624 5 0.0755745 -2.78009 0.612909 0.493361 
482.45 -88.0029 192.884 5 0.0755748 -2.23167 0.612909 0.471961 
488.647 -94.1755 194.144 5 0.075575 -1.69353 0.612909 0.450558 
494.87 -95.5812 195.404 5 0.0755752 -1.16568 0.612911 0.429152 
501.119 -92.3112 196.664 5 0.0755772 -0.648113 0.612881 0.407746 
507.394 -84.4566 197.925 5 0.0755395 -0.140848 0.613537 0.386339 
513.695 -72.1087 199.184 5 0.0763701 0.356118 0.599225 0.364932 
520.022 -55.3587 200.452 5 0.0582566 0.842778 0.593441 0.343524 
526.378 -34.2978 201.558 5.12433 0.0326809 1.31913 0.615592 0.322114 
532.673 -9.01729 202.437 5.40519 0.0471116 1.78517 0.599286 0.3007 
538.785 20.3915 203.439 5.57896 0.0633862 2.24089 0.58298 0.279272 
544.792 53.8372 204.583 5.6394 0.0724993 2.68626 0.566673 0.257742 
550.778 91.228 205.807 5.64131 0.0650154 3.12119 0.550367 0.177129 
556.788 132.472 206.964 5.69993 0.0361969 3.50556 0.534061 0.140061 
562.786 177.12 207.865 5.95575 -0.00897545 3.86895 0.517755 -0.180569 
568.628 224.987 208.363 6.50761 -0.0537821 3.50817 0.501449 -0.156921 
574.093 269.659 208.456 7.33595 -0.073385 3.14838 0.485143 -0.137402 
578.972 311.144 208.363 8.25496 -0.0448469 2.79142 0.468837 -0.0673594 
583.19 349.468 208.51 8.93496 0.0389378 2.57818 0.452531 -0.0498145 
586.912 385.903 209.39 9.01745 0.157337 2.32194 0.436224 0.00858096 
590.568 420.069 211.318 8.30364 0.259847 2.54788 0.419918 0.0543539 
594.748 456.235 214.163 6.94657 0.279813 2.87237 0.403612 0.0313509 
599.941 495.276 217.205 5.53965 0.16412 3.17749 0.387306 0.00432514 
606.209 537.018 219.241 5 -0.09 3.47031 0.369 0 
606.209 537.018 219.241 5 -0.09 3.47031 0.369 0 
611.104 590.083 216.938 7.78125 -1.39999 5.13683 0.492173 -1.02853 
616.516 661.277 200.359 21.1314 0.00525339 2.84939 0.737309 -1.00715 
606.935 708.755 202.062 18.462 -0.181735 0.573769 -0.103908 0.983818 
599.737 730.37 201.216 18.1359 1.3393 0.859075 -0.153551 -0.964367 
595.783 758.43 217.554 5.08149 -0.618403 -1.39177 -0.102618 -0.942959 
603.99 760.42 209.511 9.18691 -0.466203 -3.6307 1.03876 -0.919593 
608.396 736.363 206.352 11.4077 -1.38692 -3.87045 0.140119 -0.8999 
607.653 711.989 189.861 24.5135 -0.181633 -6.08446 -0.107102 -0.876777 
595.789 664.374 189.569 23.5548 -1.38831 -6.11288 -0.0954637 -0.855381 
587.436 616.712 172.859 35.9736 -0.930316 -6.27819 0.707508 0.0836527 
564.763 564.945 160.977 40 0.373426 -6.27823 -0.0722282 0.082386 
537.925 513.165 166.444 36.6861 1.1581 -6.27861 -0.060653 -0.153017 
513.74 461.4 180.491 27.1173 1.26208 -6.11153 -0.0490303 0.0438184 
498.167 413.755 195.834 17.361 0.496436 -6.11151 -0.0374281 0.025334 
491.586 366.104 203.031 11.6906 -1.34183 -6.27811 0.0513801 0.726919 
492.906 314.321 187.015 24.4673 -0.250557 -6.27851 -0.0142041 0.705511 
480.109 262.531 185.975 24.0353 -1.3104 -6.27672 -0.00241398 0.684102 
471.242 210.74 170.086 35.7317 -0.478631 -6.27811 0.00902062 0.662694 
448.354 158.958 166.373 36.376 -0.338859 -6.27811 0.0225974 0.641285 
424.955 107.175 160.821 38.0867 0.913341 -6.27941 0.0322449 0.619876 
399.482 54.905 172.185 27.0509 1.31526 -6.15148 0.0438571 0.600429 
386.485 3.48204 185.649 15.8249 0.595377 -4.12011 0.0554694 0.57902 
383.515 -25.8855 190.602 12.3269 -1.2515 -2.1007 0.409993 0.555651 
383.339 -29.9769 175.556 24.1677 0.338266 -1.48959 0.693158 0.536046 
370.467 -29.8301 177.602 21.8976 0.38794 0.505089 0.0909358 0.347609 
359.621 -5.61319 180.225 19.6657 -0.695886 -0.958156 0.74508 -0.491422 
350.998 0.0291273 173.837 22.8918 0.527466 0.14083 0.598524 0.0532887 
339.172 20.2909 177.929 15.8486 0.289587 -1.49936 0.283432 -0.45055 
333.768 21.518 179.56 11.4206 -0.307191 -3.44273 0.138697 0.427201 
332.2 -0.495641 174.79 15.3868 -0.00730335 -1.73094 0.148558 -0.407755 
327.026 -0.568692 176.551 16.8552 -0.198875 -3.64873 0.162068 -0.386347 
320.637 -24.4414 176.116 16.5155 0.0514658 -5.55449 0.172702 0.363504 
314.464 -69.3879 175.165 17.4046 -0.124813 -3.69276 0.185119 -0.341676 
307.551 -90.8556 175.595 17.4965 -0.160224 -2.46635 0.195839 -0.211938 
300.585 -101.27 172.411 20.054 0.601389 -0.921077 0.206488 0.300664 
291.172 -95.6584 178.668 15.1598 -0.565294 0.932585 0.219924 -0.277486 
286.526 -66.803 172.732 19.0287 -0.240813 -0.321827 0.231525 0.257872 
281.546 -54.9147 171.89 19.1234 -1.0741 1.50644 0.247241 -0.042725 
274.064 -20.1955 161.998 29.095 1.09617 3.15506 0.252878 -0.214151 
259.83 32.093 175.505 20.342 0.928495 1.37322 0.335476 -0.191783 
253.528 64.7363 183.997 10.9539 -0.00354826 2.73043 0.491449 -0.172184 
252.451 111.773 182.934 12.5398 -1.32414 0.956043 0.483362 0.0744317 
250.241 137.536 170.438 21.886 0.543965 2.67476 0.300244 0.129379 
240.266 182.86 174.866 18.2638 0.45812 4.42717 0.311013 -0.106214 
232.924 248.703 178.636 15.3945 -0.721401 2.76291 0.434444 0.0866194 
228.109 294.093 172.38 19.6024 0.805094 4.48973 0.334179 0.0651984 
222.437 360.008 182.891 13.9703 -0.203633 6.20441 0.401886 0.0420747 
222.129 444.953 179.98 15.675 1.38929 6.27909 0.358949 -0.0206763 
219.929 529.933 196.9 5.00195 0.0881955 6.27828 0.369 0 
219.929 529.933 196.9 5.00195 0.0881955 6.27828 0.369 0 
234.651 767.186 196.783 5 -1.03175 2.9198 1.15369 0.0711174 
256.962 908.375 162.265 32.8875 -0.0780373 -0.762413 -0.176775 -1.00718 
208.465 937.03 155.669 27.0917 -0.454593 -6.28 -0.165163 4.85101e-06 
168.425 788.573 137.792 31.2402 -0.241452 -6.28 -0.15355 1.75423e-05 
122.442 640.124 126.257 29.5615 0.352629 -6.28 -0.141938 -1.28362e-05 
71.8989 491.671 133.138 18.3866 -0.803422 -6.28 1.07216 0.00121963 
49.9943 350.814 107.724 31.4857 0.356636 -6.28 -0.118714 0.000371009 
-5.98749 203.849 114.549 15.7335 -0.177204 -6.28 1.03955 0.878733 
-22.8028 62.9861 105.751 14.0397 0.0385213 -0.985296 1.02324 9.75918e-05 
-28.814 77.1411 103.664 7.66563 -0.255464 -3.95298 1.00694 -9.01673e-07 
-18.8076 0.124938 92.8594 9.45989 -0.421341 -1.44977 0.990633 4.8731e-08 
-13.7193 0.00343133 76.8716 14.7936 0.0919829 -1.44588 0.974327 1.18111e-06 
-23.0582 0.0121806 76.3889 7.08559 -0.274784 -1.44588 0.95802 3.08406e-06 
-13.2297 0.00552756 65.0198 9.51381 -0.197888 -1.44574 0.941714 7.37142e-06 
-10.1247 0.00804437 55.8931 9.68106 -0.200876 -1.44588 0.925408 1.12301e-05 
-7.9912 0.00639341 46.6664 9.90674 -0.186059 -1.44587 0.909102 1.59007e-05 
-6.99016 0.0055931 37.8837 9.76311 -0.184777 -1.44586 0.892796 1.97169e-05 
-6.1769 0.00497355 29.1475 9.64037 -0.183083 -1.44584 0.87649 1.87486e-05 
-5.60026 0.00459541 20.4693 9.52472 -0.189087 -1.44583 0.860184 8.01244e-06 
-5.26938 0.00440927 11.6124 9.59465 -0.208231 -1.44582 0.843878 5.87752e-07 
-5.64396 0.00451034 2.16401 10.1201 0.0297877 -1.4458 0.827571 -1.89702e-07 
-8.03947 0.00635504 0.00100012 5 0.181437 -1.4456 0.811265 -2.66428e-07 
-5.67633 0.00450405 3.0266 5 -0.227932 -1.44567 0.794959 -2.80677e-07 
-2.1669 0.000378829 0.816342 6.97185 0.00295458 -1.48688 0.183348 -3.56645e-07 
0.16256 -0.000113928 0.130351 5.74668 0.163233 -1.48645 0.193095 -7.2768e-07 
0.706038 -0.000602693 2.91601 6.86076 0.0687297 -1.48694 0.10253 -2.39456e-06 
1.72394 -0.00149994 9.72671 7.06965 0.105333 -1.4871 0.729735 -3.21465e-06 
1.1431 -0.000983621 17.6515 7.64536 0.123348 -1.4872 0.713429 -9.52561e-07 
0.219973 -0.000199495 26.1012 8.60601 0.139781 -1.48723 0.136755 1.5117e-06 
-0.72969 0.00060108 35.0085 9.77221 0.15385 -1.48718 0.148367 1.77924e-06 
-1.49791 0.00126413 44.2905 10.3604 0.124259 -1.48706 0.15998 -4.8771e-07 
-4.32537 0.00257756 52.6346 11.5067 0.441242 -1.51493 0.171592 -5.36412e-07 
-14.8992 0.00946071 63.042 5 0.217875 -1.58623 0.183204 -1.46803e-05 
-5.44175 0.000408206 74.5256 5 -0.108737 -1.69377 0.194816 -3.41368e-05 
9.29729 -0.00767111 75.9766 5 0.216527 -1.69388 0.206429 -1.08504e-05 
23.9258 -0.0190457 87.4189 5 0.131102 -1.6935 0.218041 -3.05742e-06 
39.311 -0.0186902 95.0164 5 0.21518 -1.44624 0.229653 -9.71078e-07 
55.1182 -0.0403229 106.417 5 0.127512 -1.44555 0.241268 -5.94594e-07 
71.6809 -0.0407269 115.125 5 0.139991 -1.44551 0.25288 -5.9136e-07 
88.7719 -0.0398473 124.216 5 0.143378 -1.44549 0.264492 -1.01722e-06 
106.42 -0.0385218 133.412 5 0.146483 -1.44573 0.276105 -1.69723e-06 
124.633 -0.0444233 142.702 5 0.107587 -1.47566 0.287717 -0.00130767 
143.44 6.64741 150.798 5 0.211137 -2.7666 0.299327 -0.129449 
162.651 -33.9315 162.075 5 0.210465 0.820666 0.310939 0.10804 
182.643 35.6796 173.331 5 0.0264153 4.81557 0.322551 -0.0866286 
203.539 235.619 178.933 5 -0.182337 6.28 0.419918 -0.0652239 
224.944 480.542 178.124 14.032 0.138811 2.3704 0.345776 -7.45462e-07 
223.776 597.774 186.734 13.8514 0.400127 5.01114 0.357388 -0.0224082 
221.819 803.739 197.452 5 -0.000296098 1.17265 0.369 0 
221.819 803.739 197.452 5 -0.000296098 1.17265 0.369 0 
232.738 853.196 198.087 5.67298 -1.22043 1.112 1.15369 -1.02859 
243.146 901.559 176.669 22.2795 -0.182942 0.0246367 -0.000893282 -1.00718 
228.358 930.304 173.505 23.598 0.433961 -1.04218 -0.165163 0.584076 
211.31 939.786 181.444 16.5418 0.820214 -0.396386 -0.153551 -0.964367 
204.629 960.922 196.562 5 0.0224298 -1.4208 0.821543 -0.942959 
215.47 963.546 197.607 5 0.0224293 -2.42456 0.821543 -0.921551 
226.335 948.042 198.653 5 0.0224288 -3.40767 0.821543 -0.900143 
237.222 914.785 199.698 5 0.0224283 -4.37013 0.821543 -0.878735 
248.134 864.147 200.743 5 0.0224278 -5.31192 0.821543 -0.857327 
259.071 796.502 201.789 5 0.0224273 -6.23302 0.821544 -0.00435613 
270.031 712.223 202.834 5 0.0224273 -6.28 0.821544 0.00430352 
281.029 627.096 203.879 5 0.0224273 -6.28 0.821544 0.0057729 
292.065 541.968 204.925 5 0.0224273 -6.28 0.821544 0.00571853 
303.138 456.841 205.97 5 0.0224273 -6.28 0.821544 0.0057955 
314.25 371.714 207.015 5 0.0224273 -6.28 0.821544 0.547929 
325.399 286.586 208.061 5 0.0224275 -5.72705 0.821544 0.707469 
336.594 211.444 209.106 5 0.0224279 -4.96125 0.821544 0.686061 
347.838 150.132 210.151 5 0.0224284 -4.21627 0.821542 0.664653 
359.13 102.273 211.197 5 0.0224235 -3.49212 0.821634 0.643245 
370.471 67.4906 212.242 5 0.0226685 -2.78881 0.817417 0.621837 
381.859 45.4094 213.292 5 0.0115322 -2.10636 0.818302 0.600429 
393.299 35.6521 214.14 5.1523 0.00302108 -1.44479 0.811265 0.57902 
404.563 37.8422 214.831 5.40923 0.00176662 -0.804109 0.794959 -0.557612 
415.489 51.6024 215.491 5.66616 0.000511513 -1.42278 0.778653 -0.536204 
426.058 54.1905 216.121 5.92309 -0.000743848 -2.02053 0.762347 -0.514796 
436.271 45.9844 216.721 6.18003 -0.00199916 -2.59734 0.746041 0.493302 
446.125 27.3622 217.291 6.43697 -0.00325352 -2.04309 0.729735 -0.293249 
455.637 18.7493 217.831 6.69391 -0.00450625 -2.27378 0.713429 -0.45057 
464.794 5.97068 218.341 6.95082 -0.00575764 -2.78667 0.697122 0.199848 
473.591 -16.0697 218.821 7.20769 -0.00701268 -2.65039 0.680816 0.407754 
482.035 -35.6488 219.271 7.46456 -0.00827923 -2.18154 0.66451 0.386347 
490.132 -46.7608 219.69 7.72162 -0.00955462 -1.73371 0.648204 0.364939 
497.878 -49.7853 220.079 7.97894 -0.0108091 -1.30693 0.631898 0.34353 
505.273 -45.1024 220.438 8.23622 -0.0119962 -0.901208 0.615592 0.322122 
512.315 -33.0924 220.768 8.49253 -0.0131254 -0.516562 0.599286 0.300714 
519.004 -14.136 221.07 8.7472 -0.0143629 -0.153006 0.58298 0.279306 
525.341 11.386 221.343 9.0019 -0.0159886 0.189443 0.566673 0.257897 
531.324 43.0925 221.579 9.26196 -0.0179886 0.51077 0.550367 0.236488 
536.946 80.6021 221.771 9.53189 -0.0194373 0.81096 0.534061 0.215078 
542.188 123.533 221.929 9.80297 -0.0186571 1.08999 0.517755 0.193662 
547.048 171.503 222.093 10.0444 -0.0155009 1.34785 0.501449 -0.077382 
551.567 224.13 222.307 10.2271 -0.0150867 1.28814 0.485143 0.0945471 
555.828 275.679 222.524 10.3956 -0.0274112 1.43904 0.468837 0.119815 
559.86 329.953 222.513 10.7266 -0.054631 1.61217 0.452531 -0.108041 
563.425 387.354 222.001 11.4056 -0.0686295 1.444 0.436224 -0.0866326 
565.991 441.718 221.217 12.21 -0.0101498 1.29708 0.419918 -0.0652244 
567.342 493.431 221.465 12.1293 0.14072 1.17142 0.403612 -0.0438162 
568.762 542.874 224.44 9.99828 0.23059 1.06703 0.387306 0.0222694 
573.34 590.43 229.1 6.79512 -0.09 1.15364 0.369 0 
573.34 590.43 229.1 6.79512 -0.09 1.15364 0.369 0 
605.74 802.86 220.159 17.9695 -0.276032 -2.89975 0.373773 -0.106327 
569.749 701.22 195.072 26.497 -0.173654 -6.18379 -0.174829 -0.0186335 
471.18 333.767 176.97 26.3399 -0.172671 -4.93492 -0.165163 0.0179642 
370.96 67.2802 158.967 26.1709 -0.175334 -2.16029 -0.153551 0.00121831 
268.956 23.5451 140.774 26.2098 -0.167207 -1.87752 -0.141939 0.0459295 
163.544 2.25047 123.221 25.6963 0.00734346 -1.58758 -0.130326 0.00586236 
58.4044 -0.0168074 119.61 14.851 -0.0833083 -1.51924 0.565687 9.48586e-06 
29.9736 -0.000845171 110.175 12.6645 -0.0688244 -1.51921 0.7007 -5.95649e-07 
13.9617 0.006581 102.17 10.2609 -0.0992477 -1.51919 0.855868 -3.84014e-06 
12.0351 0.00305576 92.0519 10.3981 -0.0945377 -1.51918 0.84783 1.13605e-05 
7.65496 0.000405963 82.2911 10.2075 -0.0824186 -1.51913 0.857925 3.59224e-05 
2.93646 -0.00220253 73.5181 9.34728 -0.0950853 -1.51896 0.914587 -1.43172e-05 
-1.25379 0.00215807 63.8477 9.49995 -0.0816314 -1.52237 0.903667 3.27221e-05 
-4.67161 0.00325516 55.2273 8.79814 -0.0841211 -1.51866 0.941714 -0.00012295 
-4.70712 0.00291561 46.4985 8.47697 -0.0816468 -1.53268 0.919757 -7.20669e-05 
-4.09199 0.00250729 38.0074 8.24964 -0.075231 -1.54154 0.901198 -8.4141e-06 
-3.39265 0.00208868 30.0561 7.81781 -0.0725678 -1.54263 0.876022 -0.000112736 
-2.81475 0.00156702 22.3717 7.53706 -0.0439804 -1.55591 0.597928 -0.000259781 
-2.07957 0.000852614 17.0506 6.75297 -0.0103111 -1.58561 0.516596 -1.80558e-06 
-1.62454 0.000698559 15.538 6.6903 -0.00749636 -1.58579 0.515072 -1.94343e-06 
-1.48736 0.000603485 14.2489 6.62786 -0.00911067 -1.5859 0.519025 -1.73278e-06 
-1.14409 0.000383483 12.8206 6.69726 -0.0101236 -1.58598 0.515341 -5.1508e-06 
-1.50645 0.000623591 11.2963 6.80785 -0.000245791 -1.5861 0.500048 9.10748e-06 
-2.87288 -7.10355e-05 10.577 6.29175 -0.00795101 -1.5867 0.526571 -3.59112e-05 
-0.969763 0.000732446 9.28464 6.44581 -0.00638997 -1.58972 0.511133 -3.64139e-05 
-0.312234 0.000209466 8.10069 6.47536 0.00115591 -1.59319 0.44834 -6.58649e-06 
-0.0621948 4.29045e-05 7.80972 6.32498 0.00388599 -1.59381 0.448508 -2.67437e-07 
0.00723089 -5.43552e-06 7.84499 6.33021 0.00454117 -1.59384 0.448219 7.65537e-08 
0.0237185 -1.82418e-05 8.04934 6.45526 0.0165571 -1.59383 0.428904 2.67205e-05 
0.207908 -0.0001354 10.0578 6.57609 0.0170726 -1.59125 0.420871 4.36457e-06 
0.0724305 -5.40462e-05 12.0913 6.62889 0.0170032 -1.59083 0.417506 -1.90451e-05 
-0.0761259 3.57101e-05 14.1082 6.67132 0.0198529 -1.59273 0.414475 -4.01038e-05 
-0.175967 9.643e-05 16.3546 6.52176 0.0212231 -1.5963 0.423399 -9.48093e-06 
-0.138718 -0.00217026 18.7219 6.3438 0.0185593 -1.59942 0.43597 7.17565e-06 
1.48503 -0.00155326 20.9011 6.36591 0.0594503 -1.59974 0.429212 0.000242509 
3.74907 -0.00197266 31.8786 7.41835 0.0771334 -1.56997 0.34687 6.8278e-06 
5.23821 -0.00232164 44.2995 7.91181 0.075178 -1.57128 0.317643 0.000362242 
8.85033 -0.000197759 56.5483 8.80601 0.10459 -1.5188 0.258588 -0.000487624 
8.66243 -0.000961878 71.0203 7.66411 0.100302 -1.60932 0.333949 -0.000604885 
17.9254 0.0711102 85.2826 7.08952 0.128507 -1.59761 0.36538 -0.0106117 
33.2177 -0.168891 101.876 5.01684 0.100714 -1.61049 0.498811 0.00609049 
64.3229 -7.47886 116.524 5.23067 0.0989029 -1.55775 0.485143 0.00828246 
96.4816 -10.6177 131 5.49122 0.0960139 -1.49061 0.468837 0.00709205 
128.883 -8.31404 145.214 5.75056 0.0960024 -1.41841 0.452339 0.00554234 
161.814 -0.0490567 159.394 6.03233 0.0954 -1.51125 0.434337 0.00546123 
195.439 1.0801 173.49 6.26773 0.0933162 -1.92308 0.419918 0.0173865 
230.051 -30.3053 187.39 6.55779 0.0975062 1.57692 0.403336 0.0437223 
265.232 223.884 201.587 6.50247 0.122858 5.8792 0.386983 -0.0223332 
303.257 819.639 217.805 5 -0.0899966 1.70455 0.369 0 
303.257 819.639 217.805 5 -0.0899966 1.70455 0.369 0 
313.167 873.415 216.853 6.67604 -1.25497 1.70671 1.15369 -1.02802 
321.223 927.229 196.721 22.1614 -0.211571 0.775591 -0.110005 -1.0045 
307.881 965.765 193.32 23.8671 0.120993 -0.134817 -0.165149 -0.948422 
292.061 989.349 195.336 21.2744 0.577238 -0.99492 -0.15347 -0.811959 
279.559 998.804 204.914 13.2495 0.64988 -1.73171 0.0509908 -0.855745 
277.9 996.149 215.896 5.02749 -0.025964 -2.50874 0.502781 -0.884429 
287.635 980.723 215.995 5.80341 -0.859704 -3.3123 1.02404 -0.891344 
296.615 952.099 202.378 16.5369 -0.277814 -4.12265 0.210146 -0.876444 
290.82 910.176 198.037 19.4402 -0.0337327 -4.92002 -0.0768707 -0.856214 
280.97 855.159 197.628 19.1908 -0.0467387 -5.69956 -0.0571326 -0.549143 
271.428 787.339 197.012 19.1163 -0.0498792 -6.20083 -0.0481442 0.029003 
261.959 711.285 196.347 19.0825 -0.042502 -6.17754 -0.0469441 0.00518538 
252.511 635.614 195.803 18.9592 -0.0375846 -6.17587 -0.0399268 -0.00387675 
243.205 559.969 195.344 18.7826 -0.0347245 -6.18242 -0.0294498 -0.0875312 
234.115 484.218 194.936 18.5816 -0.0336948 -6.26492 -0.0172091 -0.011639 
225.275 407.11 194.551 18.3804 -0.0339357 -6.27858 -0.00437251 0.0024139 
216.688 329.779 194.167 18.1944 -0.0339952 -6.27949 0.00777727 0.560912 
208.332 252.432 193.786 18.0202 -0.0331902 -5.77335 0.0189756 0.664514 
200.2 183.398 193.424 17.8465 -0.0320284 -5.17283 0.0299786 0.643211 
192.291 124.228 193.085 17.6689 -0.0309234 -4.59124 0.0411905 0.621824 
184.613 74.6098 192.769 17.4884 -0.0299682 -4.0287 0.0526045 0.600422 
177.168 34.2312 192.473 17.307 -0.0291195 -3.48521 0.0641057 0.579016 
169.96 2.77916 192.196 17.126 -0.0282988 -2.9608 0.0755971 0.557609 
162.987 -20.0597 191.938 16.9459 -0.0274556 -2.45548 0.0870416 0.536201 
156.249 -34.5989 191.698 16.7662 -0.0265838 -1.96926 0.0984519 0.514792 
149.746 -41.1523 191.477 16.5866 -0.0256975 -1.50216 0.109855 0.49338 
143.477 -40.0337 191.275 16.4068 -0.0248023 -1.05419 0.121268 0.46823 
137.445 -31.5575 191.093 16.2269 -0.0238947 -0.62876 0.132688 -0.220144 
131.648 -16.0938 190.93 16.0466 -0.0229897 -0.828002 0.144106 -0.42874 
126.08 -3.90288 190.787 15.866 -0.0221495 -1.21675 0.155518 -0.399282 
120.74 1.9027 190.663 15.6859 -0.0214295 -1.57902 0.16693 -0.0267361 
115.628 1.75796 190.555 15.5079 -0.0207441 -1.6033 0.178323 -0.244139 
110.746 1.21425 190.463 15.332 -0.0198268 -1.82496 0.189646 -0.340321 
106.089 -2.97051 190.391 15.1554 -0.0185057 -2.1341 0.20087 0.0627366 
101.658 -12.233 190.345 14.9729 -0.0171669 -2.07751 0.21207 0.300136 
97.4659 -20.5662 190.326 14.7852 -0.0167603 -1.80536 0.223385 0.278737 
93.5236 -24.4296 190.318 14.6043 -0.0178155 -1.55246 0.234766 0.256829 
89.8227 -24.1393 190.298 14.4477 -0.0190814 -1.31928 0.245905 0.234745 
86.3308 -20.0193 190.262 14.3155 -0.0173665 -1.106 0.25662 0.194122 
83.0138 -12.3962 190.257 14.1684 -0.00995585 -0.929457 0.267334 0.174139 
79.8902 -1.87357 190.377 13.9366 0.000695645 -0.770941 0.278384 0.171013 
77.0742 11.2524 190.679 13.5885 0.00218237 -0.615157 0.289782 0.150413 
74.7278 26.9368 191.014 13.2508 -0.0225603 -0.477974 0.301592 0.129274 
72.8468 44.874 190.951 13.2499 -0.0703915 -0.359891 0.312903 0.107961 
70.9822 64.7506 190.104 13.8386 -0.0896896 -0.261079 0.324103 0.0865888 
68.3225 86.2509 188.923 14.5973 0.0104625 -0.181604 0.335702 0.0651943 
64.5935 109.057 189.368 14.0149 0.255184 -0.121503 0.347175 0.0437854 
61.5661 132.85 193.847 10.4284 0.432688 -0.0808051 0.357673 -0.000104349 
63.3485 157.308 201.337 5.00014 0.0744594 -0.0799314 0.369 0 
63.3485 157.308 201.337 5.00014 0.0744594 -0.0799314 0.369 0 
75.4569 186.879 203.017 5.00476 -1.12041 -0.551201 1.1531 -0.903179 
88.1431 207.109 181.388 21.1661 -0.0920273 -1.92848 0.0217576 -1.00717 
74.2595 200.588 179.811 20.9602 0.154903 -3.48881 0.0298097 -0.0892305 
60.3923 163.204 182.502 17.1804 0.255415 -3.87049 -0.152966 0.259666 
51.7544 118.735 187.264 12.6566 -0.766627 -3.28131 0.840722 0.0251108 
50.7197 84.8356 172.199 22.8535 0.184407 -3.23915 -0.130326 -0.0426063 
32.7615 51.7747 175.641 18.4535 0.167205 -3.20144 0.0485565 0.412059 
22.702 19.4375 178.639 14.8674 -0.141894 -2.28535 0.400445 0.168234 
17.864 5.08898 175.711 15.8814 -0.0483953 -1.98959 0.348534 0.161021 
11.2515 -3.57289 174.669 15.4507 0.0469183 -1.71937 0.347043 0.157315 
5.59194 -6.95602 175.548 13.6271 0.0559342 -1.46786 0.395888 0.104223 
2.92262 -5.16124 176.667 11.8594 -0.130271 -1.32055 0.547108 -0.147035 
3.27837 -0.127861 174.061 13.074 -0.123109 -1.53852 0.505934 -0.00838887 
1.35802 0.0588132 171.585 14.0283 -0.0281956 -1.55009 0.426636 0.00155651 
-2.2076 0.00252799 170.98 13.4782 -0.0483936 -1.54739 0.489238 5.40586e-06 
-4.84961 0.00425119 170.059 13.2017 0.0251086 -1.54738 0.425359 8.44806e-06 
-6.9308 0.00558513 170.604 11.9215 -0.10425 -1.5474 0.614084 4.98537e-05 
-6.78612 0.00456413 168.562 12.6424 0.103656 -1.54737 0.359216 5.06601e-05 
-7.94509 0.00512805 170.638 10.3456 -0.318348 -1.54734 0.844181 4.40194e-05 
-5.58201 0.00313198 164.47 14.2249 0.272981 -1.54716 0.21049 -0.00107108 
-9.39845 0.00579945 169.865 9.31653 -0.288418 -1.561 0.785903 0.00120692 
-6.02688 0.00462578 164.296 12.9646 -0.0584657 -1.54756 0.540124 -0.000193057 
-7.75542 0.00129551 163.14 12.9196 0.124753 -1.55932 0.349882 0.0560236 
-9.52688 0.0194352 165.629 10.2709 -0.28016 -1.49165 0.764049 -0.0615883 
-6.89116 2.01601 160.195 14.4658 0.0778944 -1.55458 0.0910832 -0.096918 
-11.1759 1.90115 161.778 12.5619 -0.0244899 -1.73201 0.556081 -0.0928851 
-12.4044 -1.73262 161.352 11.9874 0.12464 -1.9057 0.447946 -0.0887341 
-12.7878 -8.76039 163.881 9.36184 -0.155055 -2.07295 0.690026 0.0849416 
-8.85527 -19.059 161.016 11.0191 -0.188845 -1.98782 0.69671 0.0804563 
-7.61469 -27.6925 157.508 12.9621 0.121169 -1.83608 0.412743 0.0763171 
-10.2768 -33.3589 159.873 10.3053 -0.0832858 -1.70444 0.664167 0.080931 
-8.00037 -35.9675 158.9 10.7981 -0.02175 -1.49911 0.647876 -0.000504586 
-6.55437 -35.0534 158.609 10.3273 0.0695725 -1.54046 0.627972 -0.00846809 
-4.41916 -34.5147 160.4 9.24039 0.104264 -1.61243 0.614255 0.0533171 
-0.526933 -34.9126 162.662 7.12399 0.0119639 -1.53802 0.588437 0.120521 
6.80421 -33.8258 163.533 6.67127 -0.0212474 -1.24834 0.574332 -0.174162 
14.8956 -27.0803 163.372 6.78181 -0.0310625 -1.77577 0.566668 0.257258 
22.8034 -30.639 163.687 7.19668 -0.0391268 -1.43365 0.550343 0.236474 
30.0824 -27.7209 163.951 7.62315 -0.0179331 -0.705755 0.53357 0.205831 
36.6472 -10.3712 164.616 7.65198 0.0294165 -0.0103811 0.512803 0.120772 
43.2452 20.565 166.203 7.88016 0.0237328 0.559982 0.501448 0.10742 
49.5593 62.6394 167.603 8.17484 0.0274019 1.12318 0.484613 0.0940704 
55.4742 115.717 169.137 8.36506 0.0213785 1.67164 0.468336 0.0807208 
61.1623 179.509 170.546 8.53821 0.00379307 2.20949 0.45253 0.0673974 
66.6497 253.804 171.494 9.0877 -0.0130274 2.75584 0.436224 0.0540353 
71.3291 338.386 172.177 9.83132 0.0246586 3.28746 0.419918 0.0406729 
74.8646 433.042 173.495 9.9274 0.151523 3.7596 0.403612 0.0273824 
78.2591 536.692 177.399 7.9074 0.245665 3.69306 0.385193 0.0190585 
84.9308 639.272 183.205 5.00014 -0.089983 4.18717 0.369 0 
84.9308 639.272 183.205 5.00014 -0.089983 4.18717 0.369 0 
94.6029 721.642 181.451 5.56184 -0.222775 5.10495 1.15369 -0.985011 
103.622 817.291 177.763 7.03112 -0.12427 3.50502 1.13739 -1.00717 
110.784 889.793 175.467 7.28805 -0.125526 1.78817 1.12108 -0.98576 
117.562 937.458 173.146 7.54498 -0.126781 0.0881193 1.10478 -0.964354 
123.956 960.528 170.801 7.80191 -0.128037 -1.57494 1.08847 -0.942946 
129.965 959.538 168.432 8.05885 -0.129293 -3.24325 1.07216 -0.92153 
135.589 934.411 166.039 8.31578 -0.130548 -4.89228 1.05586 -0.728298 
140.827 885.428 163.622 8.57272 -0.131803 -6.21387 1.03955 0.0262243 
145.682 817.325 161.181 8.82965 -0.133058 -6.21225 1.02324 0.00314548 
150.169 749.246 158.715 9.08658 -0.134313 -6.21224 1.00694 0.00145915 
154.287 681.168 156.226 9.34351 -0.135567 -6.21224 0.990633 0.00117708 
158.035 613.089 153.712 9.60044 -0.136822 -6.21224 0.974327 -0.0131823 
161.413 545.011 151.174 9.85738 -0.138077 -6.21224 0.95802 0.000680623 
164.42 476.933 148.612 10.1143 -0.139331 -6.21224 0.941714 -0.0116437 
167.055 408.855 146.026 10.3712 -0.140585 -6.21223 0.925408 0.0171346 
169.318 340.777 143.416 10.6282 -0.141839 -6.21223 0.909102 0.0317841 
171.208 272.7 140.782 10.8851 -0.143095 -6.21231 0.892796 0.0317808 
172.723 204.622 138.124 11.142 -0.144352 -6.23163 0.87649 -0.627003 
173.864 136.265 135.441 11.399 -0.14561 -6.27948 0.860184 0.64287 
174.63 67.2154 132.734 11.656 -0.146865 -4.92002 0.843878 0.62176 
175.034 17.8341 130.004 11.913 -0.148111 -3.54438 0.827571 0.600378 
175.078 -11.645 127.249 12.1699 -0.149348 -2.15109 0.811265 0.578945 
174.761 -20.9666 124.47 12.4266 -0.15059 -0.774115 0.794959 -0.0994731 
174.082 -10.3667 121.668 12.6832 -0.15186 -0.801051 0.778653 -0.151113 
173.024 -0.156333 118.841 12.94 -0.153176 -1.50325 0.762347 -0.000124316 
171.579 -0.104721 115.989 13.1975 -0.154507 -1.50816 0.746041 0.000122305 
169.753 -0.123867 113.112 13.4558 -0.155761 -1.50649 0.729735 -3.95121e-05 
167.545 -0.118573 110.211 13.7139 -0.156831 -1.50671 0.713429 -1.65972e-05 
164.953 -0.116236 107.288 13.9699 -0.157738 -1.50673 0.697122 -1.75238e-05 
161.98 -0.113977 104.347 14.2221 -0.15878 -1.50681 0.680816 3.28885e-05 
158.63 -0.11259 101.384 14.4725 -0.160466 -1.50659 0.66451 -1.90224e-05 
154.905 -0.107915 98.3911 14.7282 -0.163046 -1.50673 0.648204 -3.91989e-06 
150.796 -0.104985 95.355 14.9987 -0.165768 -1.50674 0.631898 -9.63407e-06 
146.287 -0.10195 92.2733 15.284 -0.166615 -1.50674 0.615592 -1.69807e-05 
141.359 -0.0986568 89.1727 15.5621 -0.16358 -1.50674 0.599286 -8.49927e-06 
136.017 -0.0950736 86.1095 15.791 -0.157713 -1.50676 0.58298 5.71837e-05 
130.319 -0.0916368 83.126 15.9442 -0.155804 -1.50624 0.566673 0.00157076 
124.357 -0.0805322 80.1665 16.0723 -0.168169 -1.48152 0.550367 -0.00667089 
118.164 0.288405 77.0251 16.3349 -0.197997 -1.59317 0.534061 -0.0811308 
111.583 -0.957682 73.4461 16.9115 -0.226564 -2.35887 0.517755 0.0436768 
104.229 -13.2809 69.4405 17.7585 -0.210861 -1.70886 0.501449 0.0812192 
95.7807 -16.1995 65.6424 18.3632 -0.114573 -0.856448 0.485143 0.0555506 
86.5028 -6.78531 63.2233 17.8616 0.0277215 -0.0479048 0.468837 0.0104598 
77.7045 14.326 62.8744 15.8514 0.0635963 0.358517 0.452531 0.00982855 
71.2207 41.3153 63.0912 13.6463 -0.211879 0.904877 0.436224 0.0285579 
67.3855 76.2069 59.3737 14.6916 -0.820111 1.72922 0.419918 -0.00219234 
62.4163 123.026 46.8325 22.3435 -1.30993 1.32979 0.403612 -0.012261 
48.3502 164.072 27.0273 34.6758 -0.777911 0.481711 0.387306 -5.1524e-05 
19.25 192.861 14.6332 40 1.4 0.383225 0.369 0 
510.87 811.61 587.12 40 1.1687 0 0.0113692 0 
510.87 811.61 587.12 40 1.1687 1.62426e-08 0.011502 -0.0435407 
510.87 811.61 587.12 39.9992 1.19468 -0.247422 0.0109375 0.173397 
384.04 780.293 600.41 39.6607 1.13048 0.599078 0.0111456 -0.121084 
702.012 822.025 570.591 39.6979 1.17412 0.115365 0.0109988 -0.00864831 
747.617 811.62 564.265 39.7034 1.18117 0.0372468 0.0109783 0.00818223 
748 792.791 561.718 39.7075 1.18285 0.017101 0.0109754 0.0128415 
735.97 771.996 560.152 39.7109 1.18291 0.0144748 0.0109792 0.0131806 
721.313 751.163 558.724 39.7138 1.18286 0.0134182 0.0109811 0.0138601 
704.944 730.433 557.355 39.7163 1.18244 0.016515 0.0109847 0.0133672 
689.042 710.243 555.845 39.7184 1.18209 0.0190624 0.0109863 0.0134906 
673.21 690.5 554.219 39.7201 1.18152 0.0241775 0.0109893 0.0127294 
658.669 671.467 552.353 39.7215 1.18108 0.0280158 0.0109908 0.0124729 
644.567 652.978 550.307 39.7227 1.18058 0.0327241 0.0109923 0.0120174 
631.204 635.11 548.038 39.7236 1.18008 0.0375333 0.0109935 0.0115685 
618.449 617.856 545.541 39.7244 1.17958 0.0424649 0.0109946 0.0110563 
606.178 601.216 542.809 39.7249 1.17911 0.0471646 0.010994 0.0110982 
594.079 585.15 539.853 39.7253 1.17839 0.0546166 0.0109957 0.0100204 
583.38 569.958 536.54 39.7257 1.17789 0.059795 0.0109957 0.00968063 
572.624 555.375 532.98 39.7259 1.17732 0.0657241 0.0109949 0.00954161 
561.992 541.477 529.135 39.726 1.17655 0.073894 0.010996 0.0084608 
552.4 528.512 524.897 39.726 1.17597 0.0800487 0.0109951 0.00828521 
542.494 516.246 520.364 39.726 1.17519 0.0883054 0.0109951 0.00755395 
533.11 504.912 515.434 39.7259 1.17443 0.0965399 0.0109948 0.00690372 
523.91 494.503 510.108 39.7258 1.17362 0.105186 0.0109941 0.00633179 
514.783 485.062 504.366 39.7256 1.17272 0.114881 0.0109936 0.00558044 
505.924 476.702 498.157 39.7254 1.17177 0.125113 0.0109931 0.00474972 
497.227 469.481 491.456 39.7251 1.1708 0.135688 0.0109921 0.00406077 
488.465 463.435 484.245 39.7248 1.1697 0.147572 0.0109913 0.00315998 
479.892 458.707 476.463 39.7244 1.16854 0.160202 0.0109901 0.00231112 
471.421 455.378 468.072 39.724 1.16724 0.174235 0.0109892 0.00123141 
463.275 453.604 459.005 39.7235 1.16588 0.18905 0.0109878 0.000212804 
455.301 453.469 449.224 39.723 1.16437 0.205372 0.0109869 -0.00111286 
447.686 455.139 438.658 39.7224 1.16283 0.222195 0.0109863 -0.00264937 
440.044 458.667 427.281 39.7218 1.16133 0.238557 0.0109868 -0.00455691 
431.476 463.995 415.115 39.7211 1.16009 0.252102 0.0109873 -0.00623143 
419.892 470.802 402.297 39.7204 1.15914 0.262729 0.0109912 -0.00892025 
403.261 478.753 388.965 39.7196 1.15913 0.263188 0.0109943 -0.0104138 
375.951 486.7 375.609 39.719 1.15991 0.255186 0.0109981 -0.0114201 
333.605 493.693 362.635 39.7185 1.16162 0.237274 0.0110003 -0.0108467 
271.456 498.63 350.52 39.7186 1.16384 0.213528 0.0109987 -0.0081449 
187.217 500.891 339.544 39.7194 1.16569 0.193263 0.0109908 -0.00312152 
83.6044 500.929 329.542 39.7211 1.16574 0.191644 0.010977 0.00284871 
-29.0274 500.933 319.615 39.7244 1.16254 0.223698 0.0109542 0.00984645 
-133.355 504.836 308.148 39.7295 1.15391 0.312622 0.0109247 0.0150461 
-201.487 519.202 292.412 39.7359 1.13811 0.477207 0.0108897 0.0161983 
-198.134 552.693 268.771 39.7434 1.11372 0.732781 0.0108384 0.0134544 
-83.1252 615.676 232.854 39.7515 1.07731 1.10313 0.010803 0.00810787 
192.323 722.66 178.517 39.9134 1.02277 1.63776 0.00623458 -0.000205219 
697.34 897.455 101.102 39.5543 0.0641016 2.41666 0.0103692 0 
697.34 897.455 101.102 39.5543 0.0641016 2.41666 0.0103692 0 
681.526 926.044 101.986 37.3804 0.888645 1.92961 -0.188388 -0.730206 
666.828 951.215 108.681 30.9645 1.35346 1.17273 -0.176775 -0.68121 
655.764 971.07 118.711 23.5523 1.4 0.447781 -0.165163 -0.632608 
648.998 985.833 129.151 16.227 0.965488 -0.244924 -0.153551 -0.583559 
646.557 995.731 136.624 11.5534 0.0596823 -0.904213 -0.141939 -0.532549 
646.972 1001 137.791 11.9268 -1.1372 -1.52732 -0.130323 -0.477869 
647.358 1001.9 130.554 18.6708 -1.4 -2.10942 0.204519 -0.419023 
643.883 998.708 121.396 26.4059 -0.552482 -2.64439 -0.107093 -0.356062 
635.808 991.769 118.1 29.3581 -0.0781377 -3.12471 -0.0954892 -0.2908 
625.956 981.461 118.1 29.6387 -0.0413441 -3.54273 -0.0838773 -0.22695 
615.939 968.219 118.355 28.511 0.0259764 -3.89265 -0.0722652 -0.169157 
606.549 952.52 119.096 28.2672 0.0299316 -4.17302 -0.0606529 -0.121179 
597.303 934.853 119.867 28.0099 0.0298165 -4.38833 -0.0490407 -0.0844752 
588.213 915.675 120.639 27.7613 0.0247643 -4.54834 -0.0374285 -0.0581896 
579.272 895.374 121.38 27.5475 0.0154001 -4.66528 -0.0258162 -0.0401505 
570.463 874.252 122.057 27.3899 0.00407029 -4.75068 -0.0142039 -0.0279351 
561.754 852.53 122.656 27.2964 -0.00547302 -4.81357 -0.00259165 -0.019513 
553.106 830.367 123.189 27.2545 -0.00898182 -4.86014 0.00902062 -0.0134633 
544.489 807.878 123.698 27.2297 -0.00307252 -4.89433 0.0206329 -0.00893342 
535.893 785.148 124.249 27.1708 0.0133108 -4.91862 0.0322451 -0.00548278 
527.335 762.247 124.915 27.0236 0.0378196 -4.93475 0.0438573 -0.00290825 
518.866 739.234 125.755 26.7486 0.0645094 -4.94427 0.0554696 -0.00110254 
510.559 716.153 126.786 26.3401 0.0848686 -4.94869 0.0670818 3.38098e-05 
502.494 693.041 127.964 25.838 0.0900706 -4.94954 0.078694 0.000628231 
494.727 669.923 129.184 25.3274 0.0740153 -4.94825 0.0903063 0.000833529 
487.267 646.814 130.298 24.9224 0.0363196 -4.94599 0.101919 0.000805415 
480.055 623.72 131.151 24.7335 -0.0158234 -4.94359 0.113531 0.000676963 
472.969 600.644 131.64 24.8282 -0.0679177 -4.94149 0.125143 0.000541323 
465.843 577.582 131.763 25.1931 -0.101115 -4.93978 0.136755 0.000447247 
458.519 554.532 131.649 25.7149 -0.0976024 -4.93832 0.148368 0.000406082 
450.9 531.493 131.553 26.1906 -0.0472461 -4.93686 0.15998 0.000405404 
443.004 508.464 131.805 26.372 0.0464927 -4.93515 0.171592 0.000423667 
434.997 485.447 132.714 26.0409 0.16369 -4.93301 0.183204 0.000441559 
427.173 462.445 134.448 25.0956 0.270079 -4.93034 0.194816 0.000448036 
419.889 439.462 136.941 23.6218 0.324906 -4.92715 0.206429 0.000441224 
413.462 416.5 139.834 21.9191 0.293458 -4.92344 0.218041 0.000425816 
408.037 393.563 142.526 20.4585 0.161227 -4.9192 0.229653 0.00040908 
403.491 370.656 144.306 19.7673 -0.0548479 -4.91432 0.241265 0.000397241 
399.388 347.782 144.577 20.2579 -0.302922 -4.90857 0.252878 0.000393252 
395.048 324.95 143.102 22.0471 -0.50415 -4.90153 0.26449 0.00039614 
389.71 302.167 140.194 24.8255 -0.57257 -4.89258 0.276102 0.000401556 
382.778 279.448 136.775 27.8385 -0.443517 -4.88089 0.287714 0.000402939 
374.085 256.813 134.228 30.021 -0.103021 -4.86536 0.299327 0.000392828 
364.081 234.287 134.045 30.2819 0.391946 -4.84457 0.310939 0.000364162 
353.858 211.908 137.334 27.8841 0.912334 -4.81667 0.322551 0.000311813 
344.957 189.724 144.303 22.8137 1.28116 -4.77935 0.334163 0.000234854 
338.955 167.799 153.917 16.002 1.32197 -4.72967 0.345776 0.000140206 
336.913 146.22 163.894 9.2804 0.921704 -4.66405 0.357388 4.81979e-05 
338.848 125.099 171.138 5 0.0899998 -4.5783 0.369 0 
338.848 125.099 171.138 5 0.0899998 -4.5783 0.369 0 
344.012 100.139 172.425 5 -0.207195 -4.42163 1.0542 0.676134 
349.247 76.4643 171.274 6.60631 0.337806 -3.96753 0.297911 0.627853 
353.321 56.5146 174.572 5 0.07593 -3.54424 0.611514 0.581237 
358.55 40.0356 175.743 5 0.0759302 -3.15045 0.611514 0.535932 
363.802 26.7862 176.914 5 0.0759304 -2.78515 0.611514 0.491932 
369.075 16.5327 178.086 5 0.0759306 -2.44743 0.611514 0.44933 
374.369 9.04887 179.257 5 0.0759307 -2.13637 0.611514 0.408287 
379.685 4.11616 180.428 5 0.0759309 -1.85098 0.611514 0.368995 
385.021 1.52403 181.6 5 0.075931 -1.59018 0.611514 0.331652 
390.379 1.07074 182.771 5 0.0759311 -1.35283 0.611514 0.296441 
395.758 2.56407 183.942 5 0.0759312 -1.13766 0.611514 0.263512 
401.157 5.82204 185.114 5 0.0759313 -0.943355 0.611514 0.232973 
406.577 10.6736 186.285 5 0.0759314 -0.768539 0.611514 0.204883 
412.017 16.9588 187.456 5 0.0759315 -0.611807 0.611514 0.179248 
417.477 24.5294 188.627 5 0.0759316 -0.471748 0.611514 0.156032 
422.958 33.2487 189.799 5 0.0759316 -0.346974 0.611514 0.135153 
428.458 42.9913 190.97 5 0.0759317 -0.236136 0.611514 0.116502 
433.979 53.6429 192.141 5 0.0759317 -0.137941 0.611514 0.0999441 
439.519 65.0998 193.313 5 0.0759318 -0.0511665 0.611514 0.085329 
445.08 77.2684 194.484 5 0.0759318 0.0253331 0.611514 0.0724997 
450.66 90.0644 195.655 5 0.0759318 0.0926223 0.611514 0.0612969 
456.259 103.412 196.827 5 0.0759318 0.151683 0.611514 0.0515642 
461.879 117.244 197.998 5 0.0759319 0.203413 0.611514 0.0431512 
467.518 131.501 199.169 5 0.0759319 0.248634 0.611514 0.0359155 
473.176 146.128 200.341 5 0.0759319 0.288089 0.611515 0.0297244 
478.854 161.079 201.512 5 0.0759319 0.322452 0.611515 0.0244553 
484.551 176.312 202.683 5 0.0759319 0.352329 0.611515 0.0199959 
490.268 191.79 203.855 5 0.0759319 0.378267 0.611515 0.016244 
496.005 207.48 205.026 5 0.0759318 0.400756 0.611518 0.0131074 
501.76 223.355 206.197 5 0.0759354 0.420235 0.611455 0.0105027 
507.535 239.39 207.369 5 0.0758625 0.437097 0.612711 0.00835524 
513.33 255.563 208.539 5 0.0773282 0.451693 0.587448 0.00659865 
519.143 271.856 209.722 5 0.0478345 0.464335 0.609126 0.005173 
524.981 288.252 210.663 5.17618 0.0451803 0.475302 0.615591 0.00323823 
530.719 304.739 211.58 5.35717 0.0641639 0.483128 0.599285 0.00148883 
536.35 321.289 212.65 5.41593 0.0770521 0.487515 0.582979 0.000303988 
541.958 337.876 213.825 5.39705 0.0744079 0.489107 0.566673 -0.000268237 
547.599 354.476 214.978 5.40157 0.0503479 0.489011 0.550367 -0.00039176 
553.259 371.075 215.935 5.56188 0.00689822 0.488318 0.534061 -0.000292514 
558.836 387.668 216.532 5.99062 -0.0436505 0.487784 0.517755 -0.000149962 
564.15 404.257 216.71 6.71776 -0.0803737 0.487723 0.501449 -5.51033e-05 
568.995 420.846 216.577 7.64107 -0.0802225 0.488082 0.485143 -2.24042e-05 
573.232 437.439 216.433 8.52 -0.0283118 0.488603 0.468836 -2.64784e-05 
576.879 454.036 216.703 9.03396 0.0714093 0.489009 0.45253 -3.68869e-05 
580.177 470.637 217.784 8.90415 0.190123 0.489119 0.436224 -3.70157e-05 
583.559 487.239 219.841 8.04645 0.277629 0.488903 0.419918 -2.62222e-05 
587.523 503.838 222.626 6.6945 0.277678 0.488464 0.403612 -1.23291e-05 
592.422 520.434 225.43 5.4204 0.152716 0.487977 0.387306 -2.82994e-06 
598.225 537.024 227.225 5 -0.0899997 0.48763 0.369 0 
598.225 537.024 227.225 5 -0.0899997 0.48763 0.369 0 
606.859 566.51 226.394 6.46264 -1.10662 0.488814 1.12653 -0.429931 
614.081 596.014 210.957 18.3956 -0.285719 0.149403 0.139514 -0.377062 
606.916 620.664 207.012 20.8865 0.0285845 -0.148335 -0.116482 -0.327421 
596.683 641.049 207.516 19.8793 0.127763 -0.406923 -0.100102 -0.281527 
587.59 657.727 209.464 17.8743 0.123568 -0.629302 -0.0430772 -0.239766 
580.854 671.215 211.398 16.0662 -0.0307285 -0.818722 0.0952865 -0.202308 
576.292 681.987 211.161 16.022 -0.131716 -0.978571 0.167709 -0.169136 
571.802 690.467 209.479 17.0374 -0.0819492 -1.11223 0.100388 -0.140072 
566.081 697.033 208.486 17.4578 -0.0392703 -1.22294 0.0629913 -0.114835 
559.835 702.012 208.096 17.3973 -0.0202823 -1.31372 0.0596639 -0.0930786 
553.641 705.69 207.979 17.1374 -0.0169631 -1.38731 0.0725491 -0.0744346 
547.74 708.312 207.915 16.8575 -0.0214017 -1.44618 0.0902306 -0.0585358 
542.16 710.091 207.794 16.6409 -0.0259245 -1.49248 0.105524 -0.0450366 
536.826 711.206 207.614 16.4842 -0.0270402 -1.52812 0.116625 -0.0336217 
531.666 711.81 207.421 16.3472 -0.0256491 -1.55473 0.125562 -0.0240102 
526.658 712.032 207.251 16.2023 -0.023741 -1.57375 0.134516 -0.0159564 
521.81 711.982 207.112 16.0444 -0.0223803 -1.58639 0.144254 -0.00924717 
517.139 711.75 206.996 15.8802 -0.0216353 -1.59373 0.154545 -0.00369949 
512.654 711.413 206.895 15.7168 -0.0211597 -1.59667 0.164927 0.000843502 
508.352 711.034 206.804 15.5568 -0.0206601 -1.59602 0.175128 0.004516 
504.232 710.664 206.723 15.3999 -0.0200473 -1.59246 0.185116 0.00743298 
500.289 710.345 206.656 15.2447 -0.0193676 -1.58658 0.194967 0.00969336 
496.523 710.11 206.601 15.0903 -0.01869 -1.57891 0.204749 0.0113827 
492.932 709.984 206.56 14.9368 -0.0180469 -1.5699 0.214478 0.0125755 
489.517 709.988 206.532 14.7844 -0.0174354 -1.55993 0.224139 0.0133374 
486.275 710.134 206.515 14.6335 -0.0168435 -1.54936 0.233705 0.0137266 
483.206 710.432 206.511 14.4841 -0.0162739 -1.53847 0.243161 0.0137956 
480.309 710.886 206.518 14.3365 -0.0157485 -1.52753 0.252494 0.0135917 
477.581 711.496 206.537 14.1911 -0.0152901 -1.51673 0.261697 0.0131586 
475.021 712.261 206.565 14.0485 -0.0148846 -1.50628 0.27076 0.0125365 
472.626 713.176 206.602 13.909 -0.0144549 -1.49631 0.279671 0.011763 
470.392 714.234 206.649 13.7722 -0.0138971 -1.48695 0.288411 0.010873 
468.316 715.425 206.707 13.6365 -0.0132126 -1.47829 0.296952 0.00989938 
466.397 716.741 206.777 13.5007 -0.0126691 -1.47039 0.305262 0.00887286 
464.637 718.17 206.859 13.3664 -0.0127869 -1.4633 0.31331 0.00782193 
463.033 719.7 206.942 13.2408 -0.0139135 -1.45705 0.321076 0.00677294 
461.576 721.32 207.012 13.1343 -0.0154473 -1.45161 0.328554 0.00574983 
460.244 723.017 207.062 13.0498 -0.0154045 -1.44699 0.335723 0.00477403 
459.011 724.781 207.115 12.9681 -0.0114959 -1.44314 0.342502 0.00386417 
457.872 726.599 207.226 12.8472 -0.00422604 -1.44 0.348745 0.00303584 
456.873 728.463 207.443 12.6543 -0.000135557 -1.43753 0.354297 0.00230136 
456.1 730.362 207.724 12.4314 -0.0104162 -1.43563 0.359118 0.00166948 
455.595 732.288 207.862 12.3383 -0.0404758 -1.43423 0.363332 0.00114514 
455.209 734.234 207.572 12.579 -0.0736467 -1.43324 0.367042 0.000729234 
454.548 736.194 206.801 13.1567 -0.0656254 -1.43258 0.370052 0.000418405 
453.199 738.164 206.131 13.591 0.0271379 -1.43217 0.371918 0.000204841 
451.305 740.141 206.782 12.972 0.181299 -1.43193 0.372391 7.61578e-05 
450.097 742.121 209.656 10.7293 0.249816 -1.4318 0.37166 1.52466e-05 
451.527 744.1 213.563 7.9495 0.0110987 -1.43171 0.369 0 
451.527 744.1 213.563 7.9495 0.0110987 -1.43171 0.369 0 
455.665 745.675 214.001 8.01693 -0.480904 -1.43165 0.772663 -0.0562032 
459.863 747.251 208.822 12.1485 -0.270828 -1.46704 0.511972 -0.0411932 
460.116 748.426 205.965 14.2798 -0.0612656 -1.49297 0.301879 -0.028304 
458.306 749.306 205.461 14.5386 0.0177632 -1.51079 0.24462 -0.0172523 
456.23 749.984 205.854 14.1207 0.0260974 -1.52165 0.25428 -0.00779133 
454.543 750.537 206.351 13.6566 0.005602 -1.52655 0.283319 0.000291268 
453.297 751.034 206.621 13.3905 -0.015287 -1.52634 0.306599 0.00717676 
452.305 751.533 206.658 13.3138 -0.0249875 -1.5218 0.316826 0.0130191 
451.386 752.083 206.586 13.3219 -0.0254172 -1.51356 0.318406 0.0179487 
450.458 752.728 206.509 13.3323 -0.0222724 -1.50221 0.317619 0.0220756 
449.518 753.503 206.467 13.315 -0.0193852 -1.48825 0.317882 0.0254931 
448.593 754.436 206.459 13.2738 -0.0179556 -1.47213 0.319834 0.0282798 
447.705 755.554 206.468 13.2223 -0.0176715 -1.45424 0.322837 0.0305028 
446.864 756.876 206.481 13.1706 -0.0178426 -1.43495 0.326127 0.0322193 
446.071 758.418 206.493 13.1226 -0.0179894 -1.41456 0.329278 0.0334786 
445.323 760.192 206.504 13.0779 -0.0179525 -1.39336 0.332201 0.0343236 
444.616 762.209 206.517 13.0347 -0.0177709 -1.37163 0.334974 0.034792 
443.949 764.474 206.532 12.9917 -0.0175372 -1.34959 0.337692 0.0349179 
443.321 766.99 206.551 12.9485 -0.0173187 -1.32746 0.340407 0.0347319 
442.734 769.759 206.573 12.9053 -0.0171422 -1.30543 0.343124 0.0342627 
442.187 772.779 206.597 12.8624 -0.0170094 -1.2837 0.345826 0.0335373 
441.68 776.047 206.625 12.8202 -0.0169126 -1.26241 0.348493 0.0325816 
441.212 779.558 206.654 12.7789 -0.0168378 -1.24171 0.351111 0.0314206 
440.783 783.305 206.684 12.7387 -0.0167625 -1.22174 0.353676 0.0300792 
440.391 787.281 206.716 12.6996 -0.0166592 -1.2026 0.356182 0.028582 
440.037 791.474 206.751 12.6612 -0.0165172 -1.1844 0.358617 0.0269535 
439.718 795.876 206.787 12.6232 -0.0163754 -1.16722 0.360966 0.0252183 
439.435 800.473 206.826 12.5856 -0.0163394 -1.15112 0.36321 0.023401 
439.187 805.254 206.866 12.5494 -0.0165412 -1.13617 0.365341 0.0215261 
438.973 810.206 206.904 12.5166 -0.0170232 -1.12239 0.367368 0.0196182 
438.791 815.315 206.937 12.4893 -0.0175951 -1.10981 0.369309 0.0177012 
438.635 820.568 206.964 12.4681 -0.017796 -1.09843 0.371173 0.0157989 
438.498 825.951 206.99 12.4493 -0.0171124 -1.08825 0.372931 0.0139341 
438.38 831.449 207.023 12.425 -0.0154777 -1.07923 0.374511 0.0121287 
438.284 837.051 207.076 12.3875 -0.0137965 -1.07136 0.375819 0.010403 
438.223 842.742 207.148 12.3376 -0.0139564 -1.06457 0.37681 0.00877593 
438.21 848.511 207.22 12.2923 -0.0178225 -1.0588 0.377539 0.00726427 
438.241 854.346 207.248 12.2836 -0.0252956 -1.05398 0.378151 0.00588244 
438.282 860.236 207.191 12.3401 -0.0325697 -1.05003 0.378786 0.00464215 
438.272 866.171 207.051 12.4552 -0.0325545 -1.04687 0.379435 0.003552 
438.153 872.142 206.908 12.5613 -0.0189838 -1.04439 0.379886 0.00261723 
437.931 878.141 206.918 12.5415 0.00664745 -1.0425 0.379843 0.00183933 
437.722 884.162 207.221 12.3005 0.0297138 -1.04109 0.379144 0.00121573 
437.734 890.199 207.792 11.8776 0.0252264 -1.04009 0.377916 0.000739598 
438.148 896.247 208.319 11.5256 -0.0270287 -1.03938 0.376517 0.000399511 
438.907 902.303 208.256 11.6544 -0.119017 -1.03888 0.375226 0.000179278 
439.568 908.365 207.141 12.573 -0.198048 -1.03853 0.373908 5.77506e-05 
439.382 914.431 205.107 14.1103 -0.17893 -1.03824 0.372192 8.57103e-06 
437.739 920.502 203.263 15.368 0.00322585 -1.03799 0.369 0 
437.739 920.502 203.263 15.368 0.00322585 -1.03799 0.369 0 
441.477 916.764 204.34 16.6455 0.000146123 -0.654222 0.482653 2.02235e-09 
445.215 913.026 205.395 17.7052 -0.000195339 -0.440236 0.480306 1.23678e-09 
448.953 909.288 206.429 18.5776 -0.000233177 -0.321255 0.477959 7.43054e-10 
452.691 905.55 207.44 19.2916 -0.000237354 -0.255142 0.475612 4.40049e-10 
456.429 901.812 208.429 19.8734 -0.000237801 -0.218406 0.473265 2.57492e-10 
460.167 898.074 209.397 20.3463 -0.000237838 -0.197993 0.470918 1.49121e-10 
463.905 894.336 210.341 20.7297 -0.000237831 -0.186649 0.468571 8.55671e-11 
467.643 890.598 211.264 21.0403 -0.000237822 -0.180345 0.466224 4.86785e-11 
471.381 886.86 212.164 21.2916 -0.000237815 -0.176842 0.463878 2.74566e-11 
475.119 883.122 213.042 21.4949 -0.000237809 -0.174895 0.461531 1.53439e-11 
478.857 879.384 213.897 21.6592 -0.000237804 -0.173813 0.459184 8.47992e-12 
482.595 875.646 214.73 21.792 -0.000237801 -0.173211 0.456837 4.61697e-12 
486.333 871.908 215.54 21.8993 -0.000237799 -0.172877 0.45449 2.45801e-12 
490.071 868.17 216.327 21.9861 -0.000237798 -0.172691 0.452143 1.26044e-12 
493.809 864.432 217.091 22.0562 -0.000237798 -0.172588 0.449796 6.02209e-13 
497.547 860.694 217.833 22.1128 -0.000237799 -0.172531 0.447449 2.44833e-13 
501.285 856.956 218.551 22.1586 -0.0002378 -0.172499 0.445102 5.41856e-14 
505.023 853.218 219.247 22.1955 -0.000237801 -0.172481 0.442755 -4.43527e-14 
508.761 849.48 219.919 22.2254 -0.000237803 -0.172471 0.440408 -9.23765e-14 
512.499 845.742 220.568 22.2496 -0.000237806 -0.172466 0.438061 -1.13181e-13 
516.237 842.004 221.194 22.2691 -0.000237808 -0.172463 0.435714 -1.19324e-13 
519.975 838.266 221.797 22.2848 -0.000237811 -0.172461 0.433367 -1.17659e-13 
523.713 834.528 222.376 22.2976 -0.000237814 -0.17246 0.43102 -1.11923e-13 
527.451 830.79 222.932 22.3079 -0.000237818 -0.172459 0.428673 -1.04494e-13 
531.189 827.051 223.465 22.3163 -0.000237821 -0.172459 0.426327 -9.61186e-14 
534.927 823.313 223.974 22.323 -0.000237824 -0.172459 0.42398 -8.75813e-14 
538.665 819.575 224.459 22.3285 -0.000237828 -0.172459 0.421633 -7.89632e-14 
542.403 815.837 224.921 22.3329 -0.000237832 -0.172458 0.419286 -7.05595e-14 
546.141 812.099 225.359 22.3365 -0.000237835 -0.172458 0.416939 -6.21099e-14 
549.879 808.361 225.773 22.3395 -0.000237839 -0.172458 0.414592 -5.36494e-14 
553.617 804.623 226.164 22.3419 -0.000237843 -0.172457 0.412245 -4.47641e-14 
557.355 800.885 226.531 22.3439 -0.000237847 -0.172455 0.409898 -3.51376e-14 
561.093 797.147 226.874 22.3456 -0.00023785 -0.172452 0.407551 -2.43554e-14 
564.831 793.409 227.193 22.3471 -0.000237854 -0.172447 0.405204 -1.15045e-14 
568.569 789.671 227.489 22.3483 -0.000237858 -0.172438 0.402857 4.31583e-15 
572.307 785.933 227.76 22.3495 -0.000237862 -0.172422 0.40051 2.44088e-14 
576.045 782.195 228.007 22.3505 -0.000237866 -0.172392 0.398163 5.01934e-14 
579.783 778.457 228.231 22.3516 -0.00023787 -0.172339 0.395816 8.34399e-14 
583.521 774.719 228.43 22.3526 -0.000237874 -0.172244 0.393469 1.25567e-13 
587.259 770.981 228.606 22.3538 -0.000237878 -0.172072 0.391122 1.77367e-13 
590.997 767.243 228.757 22.3551 -0.000237882 -0.171763 0.388776 2.38043e-13 
594.735 763.505 228.884 22.3565 -0.000237885 -0.171206 0.386429 3.03856e-13 
598.473 759.767 228.987 22.3582 -0.000237889 -0.170204 0.384082 3.66424e-13 
602.211 756.029 229.066 22.3602 -0.000237889 -0.168402 0.381735 4.11446e-13 
605.949 752.291 229.121 22.3627 -0.000237861 -0.165158 0.379388 4.18976e-13 
609.687 748.553 229.152 22.3656 -0.000237577 -0.15932 0.377041 3.68092e-13 
613.425 744.815 229.159 22.3693 -0.000234984 -0.148816 0.374694 2.50188e-13 
617.163 741.077 229.141 22.3738 -0.00021155 -0.129917 0.372347 9.46258e-14 
620.901 737.339 229.1 22.3793 -1.22442e-07 -0.0959155 0.369 0 
620.901 737.339 229.1 22.3793 -1.22442e-07 -0.0959155 0.369 0 
620.798 737.531 229.091 22.3595 0.0027775 -0.0959015 -0.188383 0.000526976 
620.695 737.722 229.083 22.3428 -0.00528318 -0.0958836 -0.176771 0.000513619 
620.593 737.914 229.073 22.3267 -0.013138 -0.0958658 -0.165159 0.000498877 
620.49 738.106 229.063 22.3114 -0.0207861 -0.0958479 -0.153546 0.000482943 
620.388 738.297 229.051 22.2968 -0.0282265 -0.0958302 -0.141934 0.000465995 
620.286 738.489 229.039 22.2828 -0.0354586 -0.0958125 -0.130322 0.000448207 
620.184 738.68 229.025 22.2695 -0.0424813 -0.0957949 -0.118709 0.000429738 
620.083 738.872 229.011 22.2569 -0.0492941 -0.0957774 -0.107097 0.00041074 
619.981 739.063 228.996 22.2449 -0.0558961 -0.0957601 -0.0954846 0.000391355 
619.88 739.255 228.98 22.2335 -0.0622865 -0.0957429 -0.0838722 0.000371718 
619.778 739.447 228.963 22.2226 -0.0684648 -0.0957258 -0.0722598 0.000351951 
619.677 739.638 228.945 22.2123 -0.0744301 -0.095709 -0.0606474 0.00033217 
619.576 739.83 228.926 22.2026 -0.080182 -0.0956923 -0.049035 0.000312482 
619.475 740.021 228.907 22.1933 -0.0857197 -0.0956758 -0.0374226 0.000292985 
619.374 740.213 228.887 22.1845 -0.0910426 -0.0956595 -0.0258101 0.00027377 
619.274 740.404 228.867 22.1762 -0.0961502 -0.0956434 -0.0141977 0.000254918 
619.173 740.596 228.845 22.1684 -0.101042 -0.0956276 -0.00258523 0.000236505 
619.073 740.788 228.823 22.161 -0.105717 -0.0956119 0.00902725 0.000218596 
618.972 740.979 228.801 22.1539 -0.110176 -0.0955965 0.0206397 0.000201252 
618.872 741.171 228.778 22.1473 -0.114417 -0.0955814 0.0322522 0.000184526 
618.771 741.362 228.754 22.141 -0.11844 -0.0955664 0.0438648 0.000168461 
618.671 741.554 228.73 22.135 -0.122246 -0.0955518 0.0554773 0.000153098 
618.571 741.746 228.705 22.1294 -0.125832 -0.0955373 0.0670899 0.000138469 
618.471 741.937 228.68 22.1241 -0.1292 -0.0955231 0.0787025 0.000124599 
618.371 742.129 228.655 22.119 -0.132348 -0.0955092 0.0903152 0.000111509 
618.271 742.32 228.629 22.1142 -0.135277 -0.0954955 0.101928 9.9213e-05 
618.171 742.512 228.602 22.1096 -0.137986 -0.0954821 0.113541 8.77195e-05 
618.071 742.704 228.576 22.1052 -0.140475 -0.0954689 0.125153 7.70318e-05 
617.971 742.895 228.548 22.101 -0.142744 -0.095456 0.136766 6.71481e-05 
617.871 743.087 228.521 22.097 -0.144792 -0.0954433 0.148379 5.80616e-05 
617.772 743.278 228.494 22.0931 -0.14662 -0.0954309 0.159992 4.97608e-05 
617.672 743.47 228.466 22.0893 -0.148227 -0.0954187 0.171605 4.223e-05 
617.572 743.662 228.438 22.0857 -0.149613 -0.0954068 0.183219 3.5449e-05 
617.473 743.853 228.409 22.0821 -0.150778 -0.0953952 0.194832 2.93939e-05 
617.373 744.045 228.381 22.0786 -0.151721 -0.0953838 0.206446 2.40368e-05 
617.273 744.237 228.353 22.0751 -0.152444 -0.0953726 0.21806 1.93466e-05 
617.174 744.428 228.324 22.0717 -0.152945 -0.0953617 0.229674 1.52888e-05 
617.074 744.62 228.295 22.0683 -0.153225 -0.0953511 0.241289 1.18259e-05 
616.975 744.811 228.267 22.0649 -0.153284 -0.0953407 0.252904 8.9177e-06 
616.875 745.003 228.238 22.0617 -0.153122 -0.0953306 0.264521 6.52138e-06 
616.776 745.195 228.209 22.0603 -0.152738 -0.0953207 0.27614 4.59192e-06 
616.676 745.386 228.181 22.0737 -0.15213 -0.0953111 0.287761 3.08224e-06 
616.577 745.578 228.152 22.088 -0.151281 -0.0953017 0.299389 1.94347e-06 
616.477 745.77 228.124 22.1022 -0.150188 -0.0952926 0.311033 1.1252e-06 
616.377 745.961 228.095 22.1162 -0.148851 -0.0952837 0.322739 5.75728e-07 
616.277 746.153 228.067 22.13 -0.147268 -0.095275 0.373499 2.42289e-07 
616.177 746.344 228.039 22.1434 -0.133565 -0.0952666 0.403424 7.13194e-08 
616.076 746.536 228.013 22.1549 -0.111631 -0.0952584 0.387212 8.69903e-09 
615.976 746.728 227.99 22.1556 -0.0899982 -0.0952505 0.369 0 
615.976 746.728 227.99 22.1556 -0.0899982 -0.0952505 0.369 0 
605.371 766.763 226.611 21.794 0.908958 0.00609415 -0.188388 -0.769608 
594.851 788.16 238.652 12.0524 0.728443 -0.631385 -0.176775 -0.997278 
595.176 800.989 248.478 5 -0.664876 -1.55049 0.527321 -0.985776 
603.717 801.473 239.751 12.3786 -1.05982 -2.46501 0.965912 -0.957365 
604.181 789.686 225.562 22.4244 -0.0920286 -3.34088 -0.141939 -0.890098 
593.188 766.149 224.151 22.3627 -0.0833885 -4.13321 -0.130326 -0.761583 
582.212 731.974 222.856 22.2113 -0.0594403 -4.7938 -0.118714 -0.601227 
571.351 688.931 221.887 21.8217 -0.0318394 -5.30785 -0.107102 -0.459866 
560.87 638.986 221.296 21.6387 -0.0309438 -5.69937 -0.0954897 -0.339941 
550.566 583.785 220.722 21.4558 -0.0300513 -5.98917 -0.0838775 -0.221049 
540.44 524.693 220.163 21.2728 -0.0291583 -6.17876 -0.0722652 -0.0993239 
530.493 463.056 220.081 21.0898 -0.028264 -6.2657 -0.060653 0.0119681 
520.74 400.251 220.016 20.9068 -0.0273697 -6.25822 -0.0490407 0.100171 
511.181 337.546 219.966 20.7239 -0.0264765 -6.17493 -0.0374285 0.163805 
501.819 275.96 219.932 20.5409 -0.0255836 -6.03567 -0.0258162 0.209382 
492.654 216.243 219.915 20.358 -0.0246899 -5.85497 -0.014204 0.244269 
483.687 158.952 219.913 20.175 -0.0237941 -5.6412 -0.00259175 0.27302 
474.918 104.53 219.927 19.992 -0.0228964 -5.39888 0.0090205 0.297346 
466.35 53.3617 219.957 19.809 -0.0219998 -5.13111 0.0206327 0.317487 
457.981 5.78803 220.003 19.626 -0.0211093 -4.8408 0.032245 0.333347 
449.814 -37.8884 220.065 19.4429 -0.0202281 -4.53106 0.0438572 0.344958 
441.848 -77.4066 220.143 19.2601 -0.0193509 -4.20504 0.0554695 0.352481 
434.085 -112.548 220.237 19.0774 -0.0184613 -3.86586 0.0670817 0.356088 
426.523 -143.136 220.346 18.8947 -0.0175389 -3.51655 0.078694 0.355904 
419.165 -169.035 220.472 18.7116 -0.016582 -3.16014 0.0903062 0.352026 
412.011 -190.149 220.614 18.528 -0.0156312 -2.79967 0.101918 0.344569 
405.061 -206.424 220.773 18.3438 -0.0147682 -2.43821 0.113531 0.333708 
398.318 -217.846 220.948 18.1601 -0.0140582 -2.07881 0.125143 0.319689 
391.78 -224.443 221.137 17.9782 -0.0134454 -1.72442 0.136755 0.302825 
385.447 -226.283 221.337 17.7992 -0.0126809 -1.37784 0.148367 0.283489 
379.315 -223.47 221.551 17.6211 -0.011415 -1.0417 0.15998 0.262098 
373.384 -216.145 221.787 17.4388 -0.00953166 -0.718349 0.171592 0.23911 
367.659 -204.478 222.051 17.2464 -0.00757854 -0.409898 0.183204 0.215014 
362.15 -188.671 222.346 17.0439 -0.00684989 -0.118134 0.194816 0.190321 
356.87 -168.947 222.655 16.8448 -0.00859694 0.155479 0.206429 0.165552 
351.816 -145.549 222.945 16.6741 -0.0123493 0.409813 0.218041 0.141225 
346.957 -118.738 223.188 16.5498 -0.0144659 0.644082 0.229653 0.11784 
342.241 -88.781 223.406 16.4511 -0.00907384 0.857824 0.241265 0.0958616 
337.638 -55.9549 223.698 16.2991 0.00696541 1.05088 0.252878 0.0757023 
333.204 -20.5371 224.208 15.9897 0.0267021 1.22336 0.26449 0.0577046 
329.113 17.1959 224.99 15.4989 0.0300586 1.37556 0.276102 0.0421261 
325.573 56.972 225.828 15.0098 -0.00577631 1.50796 0.287714 0.0291261 
322.591 98.5251 226.195 14.9227 -0.0799563 1.6211 0.299327 0.0187552 
319.735 141.597 225.569 15.594 -0.140758 1.71549 0.310939 0.0109495 
316.157 185.937 224.111 16.8207 -0.0919362 1.79159 0.322551 0.00552747 
311.207 231.299 223.283 17.4346 0.13541 1.84967 0.334163 0.00219055 
305.515 277.442 225.493 15.6657 0.460511 1.88974 0.345776 0.000525242 
301.698 324.121 232.106 10.7242 0.578785 1.9115 0.357388 6.37242e-06 
303.343 371.088 240.414 5 0.0899998 1.91428 0.369 0 
303.343 371.088 240.414 5 0.0899998 1.91428 0.369 0 
303.886 374.466 240.564 5 -0.0117991 1.94792 -0.188342 1.02858 
304.431 377.877 240.617 5.09795 -0.193404 2.03614 -0.176723 1.00717 
304.972 381.372 240.495 5.32745 -0.372245 2.12323 -0.165102 0.985764 
305.498 384.951 240.201 5.68565 -0.547127 2.20919 -0.153477 0.964356 
306 388.613 239.739 6.16886 -0.716885 2.29402 -0.141846 0.942948 
306.467 392.355 239.113 6.77255 -0.880384 2.37772 -0.130205 0.921539 
306.89 396.179 238.329 7.4914 -1.03653 2.46028 -0.118541 0.900131 
307.259 400.081 237.395 8.3193 -1.18428 2.54171 -0.106818 0.878722 
307.565 404.062 236.317 9.24946 -1.32261 2.622 -0.0947943 0.857314 
307.8 408.12 235.104 10.2743 -1.39969 2.70117 0.264493 0.835905 
307.956 412.254 233.816 11.3338 -1.39992 2.7792 0.198996 0.814497 
308.028 416.463 232.527 12.3897 -1.39991 2.85609 0.132097 0.793088 
308.016 420.746 231.236 13.4417 -1.39989 2.93186 0.0654683 0.77168 
307.921 425.102 229.943 14.49 -1.39987 3.00649 0.400142 0.750271 
307.743 429.529 228.648 15.5176 -1.34234 3.07999 0.924343 0.728862 
307.482 434.027 227.407 16.4744 -1.20029 3.15235 0.908505 0.707454 
307.143 438.595 226.301 17.3222 -1.05195 3.22358 0.892343 0.686045 
306.733 443.231 225.337 18.057 -0.898382 3.29368 0.876094 0.664636 
306.262 447.934 224.518 18.6757 -0.74063 3.36264 0.859804 0.643228 
305.739 452.704 223.85 19.176 -0.579764 3.43047 0.843481 0.621819 
305.173 457.538 223.336 19.5563 -0.416874 3.49717 0.827117 0.60041 
304.574 462.437 222.977 19.816 -0.253062 3.56273 0.810666 0.579001 
303.951 467.399 222.776 19.9551 -0.0894488 3.62716 0.793879 0.557592 
303.314 472.423 222.731 19.9745 0.0727918 3.69045 0.132735 0.536183 
302.672 477.507 222.842 19.9032 0.139788 3.75261 0.0911662 0.514774 
302.035 482.651 223.017 19.7851 0.133779 3.81364 0.102319 0.493365 
301.407 487.854 223.187 19.6715 0.128217 3.87353 0.11378 0.471956 
300.788 493.114 223.352 19.5615 0.123247 3.93229 0.125319 0.450546 
300.179 498.431 223.512 19.3908 0.118925 3.98992 0.136888 0.429137 
299.583 503.803 223.668 19.223 0.114709 4.04641 0.148472 0.407727 
299 509.229 223.82 19.0586 0.110629 4.10176 0.160065 0.386317 
298.43 514.708 223.969 18.8976 0.106717 4.15599 0.171664 0.364907 
297.873 520.239 224.114 18.74 0.103007 4.20907 0.183266 0.343497 
297.329 525.822 224.256 18.5855 0.0995302 4.26103 0.19487 0.322087 
296.797 531.454 224.395 18.4341 0.0963152 4.31185 0.206476 0.300676 
296.277 537.135 224.531 18.2854 0.0933897 4.36153 0.218083 0.279264 
295.769 542.863 224.664 18.1394 0.0907792 4.41008 0.229691 0.257852 
295.272 548.639 224.795 17.9956 0.0885071 4.4575 0.2413 0.23644 
294.787 554.459 224.924 17.8539 0.0865941 4.50378 0.252909 0.215026 
294.313 560.325 225.052 17.714 0.085059 4.54893 0.264519 0.193611 
293.85 566.233 225.178 17.5756 0.0839176 4.59294 0.276129 0.172194 
293.398 572.184 225.304 17.4384 0.0831835 4.63582 0.28774 0.150774 
292.956 578.176 225.428 17.3022 0.0828672 4.67756 0.29935 0.129349 
292.526 584.208 225.553 17.1665 0.0829767 4.71816 0.310961 0.107916 
292.106 590.279 225.678 17.0312 0.0835171 4.75763 0.322572 0.0864656 
291.697 596.388 225.804 16.8958 0.0844907 4.79596 0.334184 0.0649742 
291.299 602.533 225.931 16.7603 0.0858973 4.83314 0.345795 0.043317 
290.911 608.714 226.059 16.6243 0.087734 4.86916 0.357407 -8.24976e-06 
290.534 614.93 226.19 16.5203 0.0899973 4.86906 0.369 0 
290.534 614.93 226.19 16.5203 0.0899973 4.86906 0.369 0 
285.054 606.617 223.645 18.7065 0.00241728 1.64533 0.482653 1.08711e-12 
279.573 598.303 221.01 20.1151 6.50683e-05 0.616875 0.480306 2.98421e-13 
274.092 589.989 218.284 21.0066 1.89971e-06 0.318243 0.477959 8.22731e-14 
268.61 581.676 215.468 21.5663 2.03315e-07 0.23219 0.475612 2.27502e-14 
263.127 573.362 212.563 21.9167 1.5776e-07 0.207394 0.473265 6.23007e-15 
257.644 565.048 209.569 22.1357 1.56539e-07 0.200248 0.470918 1.65691e-15 
252.159 556.735 206.487 22.2725 1.56509e-07 0.198188 0.468571 4.04732e-16 
246.674 548.421 203.317 22.3579 1.56512e-07 0.197594 0.466224 1.79724e-16 
241.187 540.107 200.061 22.4113 1.56517e-07 0.197423 0.463878 6.67286e-17 
235.7 531.794 196.717 22.4446 1.56522e-07 0.197374 0.461531 8.58486e-17 
230.212 523.48 193.288 22.4655 1.56526e-07 0.19736 0.459184 -5.79913e-18 
224.722 515.166 189.773 22.4785 1.56532e-07 0.197356 0.456837 -9.52312e-18 
219.232 506.852 186.173 22.4866 1.56537e-07 0.197355 0.45449 8.16369e-18 
213.741 498.539 182.488 22.4917 1.56542e-07 0.197354 0.452143 2.962e-17 
208.248 490.225 178.72 22.4948 1.56548e-07 0.197354 0.449796 3.68331e-17 
202.755 481.911 174.867 22.4968 1.56554e-07 0.197354 0.447449 -3.60581e-17 
197.26 473.598 170.931 22.498 1.5656e-07 0.197354 0.445102 5.07177e-17 
191.764 465.284 166.912 22.4988 1.56566e-07 0.197354 0.442755 -8.45453e-18 
186.267 456.97 162.81 22.4993 1.56572e-07 0.197354 0.440408 5.23092e-17 
180.769 448.657 158.627 22.4996 1.56579e-07 0.197354 0.438061 2.46686e-17 
175.269 440.343 154.361 22.4998 1.56586e-07 0.197354 0.435714 -1.93293e-17 
169.768 432.029 150.013 22.4999 1.56593e-07 0.197354 0.433367 3.14785e-17 
164.266 423.716 145.584 22.5 1.566e-07 0.197354 0.43102 4.09626e-17 
158.762 415.402 141.074 22.5 1.56607e-07 0.197354 0.428673 -7.50232e-18 
153.258 407.088 136.482 22.5001 1.56615e-07 0.197354 0.426327 2.17439e-17 
147.751 398.775 131.81 22.5001 1.56623e-07 0.197354 0.42398 -1.91253e-18 
142.243 390.461 127.056 22.5001 1.56632e-07 0.197354 0.421633 3.87608e-18 
136.734 382.147 122.221 22.5001 1.5664e-07 0.197354 0.419286 6.15077e-18 
131.223 373.834 117.305 22.5001 1.5665e-07 0.197354 0.416939 -1.88773e-17 
125.711 365.52 112.308 22.5001 1.56659e-07 0.197354 0.414592 2.4423e-18 
120.197 357.206 107.23 22.5001 1.5667e-07 0.197354 0.412245 1.43455e-17 
114.682 348.893 102.069 22.5001 1.5668e-07 0.197354 0.409898 -1.03298e-17 
109.165 340.579 96.8261 22.5001 1.56692e-07 0.197354 0.407551 -1.40129e-17 
103.646 332.265 91.5001 22.5001 1.56704e-07 0.197354 0.405204 -2.5268e-17 
98.1261 323.952 86.0903 22.5001 1.56717e-07 0.197354 0.402857 4.60061e-18 
92.6041 315.638 80.5959 22.5001 1.56731e-07 0.197354 0.40051 -2.76365e-18 
87.0803 307.324 75.0156 22.5001 1.56746e-07 0.197354 0.398163 -7.1102e-18 
81.5548 299.01 69.3481 22.5001 1.56762e-07 0.197354 0.395816 -6.09951e-19 
76.0275 290.697 63.5916 22.5001 1.5678e-07 0.197353 0.393469 3.59889e-18 
70.4985 282.383 57.7439 22.5001 1.568e-07 0.197352 0.391122 -1.61845e-17 
64.9675 274.069 51.8024 22.5001 1.56823e-07 0.197347 0.388776 -2.22056e-18 
59.4347 265.756 45.7636 22.5001 1.56848e-07 0.197331 0.386429 7.13912e-18 
53.9 257.442 39.6231 22.5001 1.56878e-07 0.197274 0.384082 -1.06283e-17 
48.3633 249.128 33.3752 22.5001 1.56913e-07 0.197075 0.381735 1.86991e-18 
42.8247 240.815 27.0119 22.5001 1.56957e-07 0.196385 0.379388 1.85924e-17 
37.2841 232.501 20.5218 22.5001 1.57012e-07 0.193992 0.377041 3.87025e-17 
31.7414 224.187 13.887 22.5001 1.56992e-07 0.185688 0.374694 5.0869e-17 
26.1968 215.874 7.07454 22.5001 1.53155e-07 0.156884 0.372347 4.89216e-17 
20.65 207.56 0.00218636 22.5001 4.22011e-09 0.0569984 0.369 0 
