grtopM_72_5
50
2 2
9 9 
0 5 7 1 6 2 4 3 8 
0 5 7 1 6 2 4 3 8 
254.207 386.568 125.559 323.592 141.196 55.2949 80.6799 0 
186978 49.2518 200.622 159.202 117.643 42.1457 55.5121 116.87 
5.1879 7.88914 2.56243 6.60393 2.88156 1.12847 1.64653 0 
3815.88 1.00514 4.09433 3.24901 2.40087 0.860117 1.1329 2.38509 
698.539 0.337734 1.48932 50.8988 1.76579 2.182 0.212924 60.71 
1.45157e-06 0.0657926 0.614506 2.03346 1.15466 1.12262 0.493307 1.33278 
4377.4 1860.53 1327.66 16.1385 0.462056 0 0.225704 0 
3678.86 1161.99 629.121 5 -1.39998 6.20328 -0.191333 -1.02859 
4751.71 1787.89 589.888 5 -1.39999 -2.73644 -0.182665 0 
4567.01 1750.88 148.868 40 1.4 -6.28 -0.173998 0 
3705.81 1836.34 0.001 40 -1.39992 -6.28 -0.16533 0 
2913.53 1951.5 0.00100001 40 -1.4 -6.27999 -0.156663 0 
1863.6 2057.69 0.001 40 -1.4 -2.23121 -0.147995 -0.921551 
2222.72 2156.23 0.00100018 40 -1.4 5.84574 -0.139328 0.900143 
2751.67 2247.45 0.00100026 40 -1.4 3.71901 -0.130661 0 
3122.66 2237.33 0.00100018 40 -1.4 6.28 -0.121993 0 
3093.51 2209.09 0.00100012 40 -1.4 6.28 -0.113326 0 
3064.37 2173.92 0.00100007 40 -1.4 6.28 -0.104658 0 
3035.23 2132.88 0.00100001 40 -1.4 6.28 -0.095991 -0.793102 
2731.23 2086.32 0.001 40 -1.4 6.27998 -0.0873235 -0.771694 
3570.59 2039.37 0.001 40 -1.4 6.27998 -0.0786561 0.750286 
4409.95 2055.53 0.001 40 -1.4 -6.28 -0.0699887 0 
3860.48 2097.54 0.00100001 40 1.4 4.47612 -0.0613213 0 
3966.02 1869.91 407.061 40 1.4 6.28 -0.0526539 0 
3984.58 2001.03 391.071 40 -0.481269 6.28 -0.0439864 0 
4000.81 1843.01 332.446 40 -0.481269 6.28 -0.035319 0 
4010.25 1684.99 270.088 40 1.4 6.28 -0.0266516 0 
4012.43 1773.81 204.348 40 1.4 6.28 -0.0179842 0 
4303.71 1898.65 258.745 40 1.4 -6.27998 -0.00931676 0.57901 
3721.12 1820.81 317.323 40 -1.4 5.91403 -0.000649338 -0.557597 
4291.88 1784 236.366 40 1.4 -6.28 0.00801808 0 
3452.45 1706.16 168.994 40 -1.4 -6.28 0.0166855 0.514796 
2605.05 1669.35 318.471 40 -1.4 5.93678 0.0253529 -0.493386 
3177.63 1675.1 351.672 40 1.4 -0.358477 0.0340203 0 
3174.11 1446.15 295.23 40 1.4 6.28 0.0426878 0 
3179.13 1826.72 234.998 40 1.4 6.28 0.0513552 0 
3216.79 1597.77 176.657 40 1.4 3.86967 0.0600226 0 
3231.37 1659.68 118.322 40 1.4 3.82961 0.06869 0 
3237.25 1648.15 59.9875 40 1.4 3.79095 0.0773574 0 
3234.5 1638 1.65219 40 1.4 3.7519 0.0860249 0 
3223.1 1629.87 0.001 40 1.4 3.46787 0.0946923 0 
3203.12 1691.91 94.7576 40 -1.4 3.83874 0.10336 0 
3206.25 1557.44 46.9929 40 -1.4 3.82247 0.112027 0 
3202.75 1630.2 60.799 40 -1.4 3.86851 0.120695 0 
3202.38 1680.77 50.5778 40 -1.4 3.92587 0.129362 0 
3202.39 1643.96 6.72021 40 0.733375 4.06515 0.13803 0 
3202.83 1487.3 364.252 10.7504 -1.4 3.38892 0.399962 0 
3213.99 1840.17 0.00100033 40 1.4 4.469 0.380711 0 
3223.47 1611.78 407.029 40 -1.4 3.02259 0.36146 0 
3288.85 1541.91 822.808 40 -0.210757 6.28 0.342209 0 
3330.33 1953.85 1020.3 5 -1.4 6.28 0.322958 0 
3443.3 1850.13 1045.06 28.3014 -1.4 6.28 0.303707 0.0866327 
3510.09 1749.92 1230.18 40 -1.4 -6.27982 0.284456 0.0652211 
3148.08 2628.77 1101.64 34.4353 -1.4 6.157 0.265205 0 
3813.64 3480.18 305.868 40 -1.4 -3.94898 0.245955 0.0224082 
3805.86 4359.03 91.68 14.3952 -0.0891484 -6.28 0.224704 0 
3805.86 4359.03 91.68 14.3952 -0.0891484 -6.28 0.224704 0 
3790.18 3895.08 84.9087 18.6388 -0.0936777 -6.27993 0.00406067 0.0033932 
3739.71 3431.16 77.0207 21.4589 -0.0582358 -6.27992 -0.176771 0.00340998 
3665.37 2967.26 72.1778 21.2758 -0.0573407 -6.27992 -0.165158 0.00342049 
3591.51 2503.35 67.452 21.0928 -0.0564473 -6.27992 -0.153544 0.00350571 
3518.16 2039.44 62.843 20.9098 -0.0555536 -6.27993 -0.141932 0.00360171 
3445.35 1575.54 58.3509 20.7268 -0.05466 -6.27993 -0.13032 0.0157038 
3373.09 1111.63 53.9756 20.5439 -0.0537667 -6.27993 -0.118708 0.101108 
3301.41 647.717 49.7171 20.3609 -0.0528728 -6.07515 -0.107096 0.539828 
3230.35 204.463 45.5755 20.1779 -0.0519775 -2.83371 -0.0954835 0.151457 
3160.16 80.4275 41.5509 19.9949 -0.051082 -1.94949 -0.0838714 0.00686808 
3090.7 43.4301 37.6433 19.8118 -0.0501939 -1.91088 -0.0722594 0.0370462 
3021.9 10.2321 33.852 19.6292 -0.0494274 -1.69445 -0.0606473 0.0197978 
2953.82 -1.66194 30.165 19.4559 -0.0482991 -1.57862 -0.0490354 0.000789317 
2886.38 -2.15546 26.6164 19.2588 -0.038193 -1.57408 -0.0374236 0.000186532 
2819.78 -2.20274 24.0937 18.3809 -0.042308 -1.57305 -0.0257969 1.13522e-05 
2759.61 -2.15441 21.3045 18.3238 -0.018596 -1.57304 -0.0141829 1.09968e-06 
2699.3 -2.10567 20.8584 16.477 0.119882 -1.57312 0.087991 6.11279e-05 
2653.19 -2.07594 34.335 5.0002 0.022364 -1.573 0.821786 4.59537e-05 
2700.46 -2.10737 40.0229 5.00026 0.022364 -1.57314 0.821784 3.90018e-05 
2748.84 -2.15252 45.7109 5.00028 0.0223725 -1.57308 0.821638 4.35533e-06 
2798.35 -2.19146 51.3997 5.00027 0.0201824 -1.5732 0.821647 0.000265263 
2848.99 -2.24244 56.8728 5.16417 0.0181397 -1.56711 0.811263 -2.47842e-05 
2900.09 -2.28464 62.1187 5.42109 0.0168845 -1.56706 0.794957 -0.000412904 
2950.2 -2.32742 67.2008 5.67802 0.0156305 -1.56972 0.778651 0.0016084 
2999.29 -2.62767 72.119 5.93495 0.0143762 -1.56056 0.762345 -0.00107141 
3047.33 -2.02259 76.8732 6.19188 0.0131217 -1.56706 0.746039 -0.00159996 
3094.28 -2.05665 81.4633 6.4488 0.0118671 -1.5766 0.729733 0.00254563 
3140.11 -3.03196 85.8895 6.70573 0.0106124 -1.5615 0.713427 -0.000923638 
3184.79 -2.52645 90.1516 6.96266 0.00935734 -1.56692 0.697121 -0.000254237 
3228.29 -2.5619 94.2496 7.21962 0.008103 -1.56839 0.680813 0.000919778 
3270.57 -2.74803 98.1836 7.47654 0.00684822 -1.56293 0.664508 -0.00134034 
3311.6 -2.39506 101.954 7.73348 0.00559346 -1.57096 0.648202 0.000923122 
3351.35 -2.83094 105.56 7.99041 0.00433872 -1.56545 0.631895 -0.000190667 
3389.79 -2.723 109.001 8.24735 0.003084 -1.56661 0.615589 2.75663e-05 
3426.88 -2.72721 112.279 8.50428 0.0018293 -1.56645 0.599283 0.000415398 
3462.6 -2.71398 115.393 8.76122 0.000574615 -1.56393 0.582977 0.000708341 
3496.9 -2.45091 118.343 9.01815 -0.000680059 -1.55952 0.56667 -0.0127724 
3529.77 -1.75263 121.128 9.27508 -0.00193473 -1.63897 0.550364 -0.0161936 
3561.15 -8.87364 123.75 9.53201 -0.00318944 -1.74336 0.534058 -0.0529512 
3591.02 -26.2684 126.207 9.78894 -0.0044443 -2.101 0.517752 -0.152533 
3619.32 -78.8685 128.501 10.0459 -0.00569938 -2.94729 0.501446 0.172265 
3645.98 -214.797 130.63 10.3028 -0.00695358 -1.6777 0.48514 0.150857 
3671.14 -225.697 132.596 10.5598 -0.00820622 -0.519577 0.468834 0.129449 
3694.75 -122.6 134.397 10.8166 -0.00944419 0.52663 0.452528 0.108041 
3716.78 83.4705 136.037 11.0723 -0.0107774 1.46048 0.436222 0.0866326 
3737.18 381.475 137.504 11.3347 -0.0132618 2.28154 0.419916 0.0652244 
3755.88 760.937 138.686 11.6857 -0.0105009 2.98935 0.40361 0.0438161 
3772.09 1210.08 140.084 11.6756 0.0795343 3.58347 0.387304 -0.00926775 
3788.53 1717.7 150.346 5.00006 -0.0899768 3.31417 0.369 0 
3788.53 1717.7 150.346 5.00006 -0.0899768 3.31417 0.369 0 
3806.37 1875.34 147.003 6.77286 -0.868379 1.83112 1.15369 -1.02859 
3819.92 1985.56 118.681 26.0035 -0.157814 -1.47159 -0.176776 -1.00101 
3781.85 1990.22 112.092 25.8205 -0.156923 -4.67551 -0.165163 -0.417652 
3743.74 1892.44 105.542 25.6376 -0.15603 -6.28 -0.153551 -0.0109223 
3705.64 1743.37 99.0289 25.4546 -0.155136 -6.28 -0.141939 0.00848466 
3667.59 1594.29 92.554 25.2716 -0.154243 -6.28 -0.130327 0.00571076 
3629.59 1445.22 86.1171 25.0887 -0.153349 -6.28 -0.118714 0.0102614 
3591.65 1296.14 79.7181 24.9057 -0.152454 -6.28 -0.107102 0.012331 
3553.77 1147.06 73.3571 24.7226 -0.151559 -6.28 -0.0954898 0.00904878 
3515.94 997.986 67.0341 24.5396 -0.150682 -6.28 -0.0838776 0.0473469 
3478.19 848.908 60.7485 24.357 -0.149828 -6.28 -0.0722653 0.0534212 
3440.49 699.83 54.4996 24.1752 -0.148864 -6.28 -0.0606531 0.00589381 
3402.86 550.751 48.2908 23.9915 -0.147533 -6.28 -0.0490408 0.175116 
3365.31 401.673 42.134 23.7973 -0.146437 -6.28 -0.0374286 0.170095 
3327.85 252.593 36.0222 23.6005 -0.148754 -6.28 -0.0258163 0.392044 
3290.51 103.514 29.8464 23.4847 -0.155133 -4.89002 -0.0142041 0.707469 
3253.11 -1.12476 23.4726 23.5319 -0.140893 -2.15467 -0.00259184 0.135272 
3215.24 -18.3063 17.5516 23.2064 -0.0574682 -1.35517 0.00902041 -0.0552441 
3177.8 -9.92645 14.3147 22.9082 -0.020304 -1.64863 0.0206327 0.0139014 
3140.87 -10.93 15.2599 22.7252 -0.0194105 -1.58086 0.0322449 -0.00734404 
3104.48 -9.76712 16.243 22.5423 -0.018517 -1.61546 0.0438571 -0.000344064 
3068.62 -9.71087 17.2641 22.3593 -0.0176235 -1.61693 0.0554694 0.000729033 
3033.29 -9.70202 18.3231 22.1763 -0.01673 -1.61344 0.0670816 -0.000633922 
2998.5 -9.58191 19.4201 21.9934 -0.0158365 -1.61677 0.0786939 -0.000147968 
2964.25 -9.56858 20.555 21.8104 -0.014943 -1.61757 0.0903061 1.32489e-05 
2930.54 -9.58129 21.7279 21.6274 -0.0140495 -1.61757 0.101918 1.84925e-05 
2897.37 -9.59416 22.9387 21.4444 -0.013156 -1.61754 0.113531 0.000367549 
2864.75 -9.60642 24.1875 21.2615 -0.0122625 -1.61537 0.125143 -4.98437e-05 
2832.67 -9.54972 25.4742 21.0785 -0.011369 -1.61578 0.136755 0.000102202 
2801.15 -9.50659 26.7988 20.8955 -0.0104755 -1.61513 0.148367 -0.000149636 
2770.18 -9.44289 28.1614 20.7126 -0.009582 -1.6163 0.15998 -4.56213e-05 
2739.76 -9.417 29.5619 20.5296 -0.00868848 -1.61667 0.171592 -0.000363954 
2709.9 -9.40338 31.0004 20.3466 -0.00779493 -1.61986 0.183204 0.000359888 
2680.61 -9.49212 32.4768 20.1636 -0.00690148 -1.61656 0.194816 -5.21784e-05 
2651.87 -9.47591 33.9912 19.9807 -0.00600855 -1.61726 0.206429 2.54249e-05 
2623.7 -9.4824 35.5434 19.7977 -0.0051156 -1.61713 0.218041 -5.60824e-05 
2596.1 -9.48492 37.1337 19.6148 -0.0042185 -1.61795 0.229653 -5.55003e-05 
2569.07 -9.51406 38.7619 19.4317 -0.0033142 -1.61876 0.241265 0.000250073 
2542.61 -9.56966 40.4285 19.2484 -0.00243107 -1.61394 0.252878 -0.000148251 
2516.73 -9.47127 42.1327 19.0655 -0.00164353 -1.61857 0.26449 0.000659532 
2491.42 -9.52157 43.8714 18.8851 -0.000851606 -1.61493 0.276102 -0.00221438 
2466.69 -9.45556 45.6448 18.7066 0.000725147 -1.624 0.287714 -0.0407314 
2442.52 -9.68 47.4776 18.5106 0.0036428 -2.70222 0.299327 0.0176301 
2418.95 -44.3786 49.4138 18.268 0.00253195 -2.0393 0.310939 0.108041 
2396.14 -57.8822 51.3269 18.0867 -0.0165496 -0.359647 0.322551 0.0866327 
2373.97 -17.6832 52.6393 18.3909 -0.0343942 1.28432 0.334163 0.0652245 
2351.16 75.0787 53.3655 19.0494 0.0960283 2.89257 0.345776 0.0438163 
2326.67 219.262 58.2279 16.3818 0.476447 4.46503 0.357388 -0.000568374 
2309.12 413.716 75.39 5 0.09 3.69012 0.369 0 
2309.12 413.716 75.39 5 0.09 3.69012 0.369 0 
2409.57 796.214 124.017 5 -0.798738 3.38124 1.14998 0.992323 
2519.49 1153.26 111.736 5 -0.845085 -4.72652 1.13739 0.00323536 
2626.93 842.222 89.4262 7.05162 -0.67914 -6.19971 0.183133 0.237888 
2716.77 461.083 86.7281 5.53066 -0.437186 -5.6466 1.09651 0.228098 
2781.05 175.995 96.4042 5.00424 -1.04799 -3.63795 1.08474 0.000790936 
2849.95 0.249321 63.5384 21.8777 0.233825 -1.55536 0.931447 -0.000134598 
2797.86 0.160338 53.6493 31.5778 0.407987 -1.56875 1.04751 -6.96428e-05 
2696.95 0.146734 44.7727 31.8571 0.43524 -1.57386 1.03171 -9.9748e-05 
2593.98 0.132989 36.3131 31.9823 0.440076 -1.57483 1.01563 -7.03536e-05 
2489.54 0.117397 27.9463 31.9813 0.44406 -1.57548 0.999788 -6.97228e-05 
2384.27 0.101191 19.7175 32.4039 0.230325 -1.57997 0.983775 -5.2815e-05 
2276.4 0.0846134 0.701113 28.6653 0.863562 -1.65816 0.967837 -3.10661e-05 
2182.37 0.0704168 20.5159 6.93285 0.0261274 -1.14285 -0.0453492 -3.25978e-05 
2169.8 -0.0209768 0.00111136 40 0.567496 -0.973375 0.184842 -2.09494e-05 
1923.82 0.0788364 12.0841 39.9645 0.494976 -0.954511 0.919568 -1.064e-05 
1732.13 0.0880518 0.0360906 39.9968 0.60028 -2.1039 0.89361 -1.24381e-05 
1577.74 7.0922 0.00416577 35.3008 0.63363 -2.20278 0.887026 -3.79802e-06 
1448.64 5.92409 0.00561874 30.983 0.626798 -2.20172 0.870818 5.50964e-06 
1339.26 4.82096 0.00562668 27.8112 0.621714 -2.20147 0.854569 0.00218763 
1243.63 3.72124 0.00562928 25.898 0.618647 -2.13386 0.83832 -0.0057091 
1156.43 8.18242 0.0056276 22.9302 0.613891 -2.27984 0.822059 0.0024943 
1080.98 0.599731 0.00563074 21.7775 0.612043 -2.18168 0.805698 7.10529e-05 
1010.37 1.09929 0.00563164 20.8864 0.610615 -2.19475 0.789458 9.17346e-05 
943.506 0.517478 0.00563208 20.1954 0.609507 -2.19471 0.773215 0.000116604 
879.521 -0.0650048 0.00563241 19.6518 0.608636 -2.19469 0.756973 0.000141192 
817.8 -0.649132 0.00563265 19.2166 0.607939 -2.19468 0.740732 0.000157159 
757.916 -1.23393 0.00563285 18.8746 0.60739 -2.19465 0.724407 0.000163329 
699.474 -1.81859 0.00563297 18.5843 0.606925 -2.19463 0.708139 0.000153277 
642.338 -2.40296 0.00563307 18.3379 0.60653 -2.18138 0.691866 0.000134622 
586.38 -1.89681 0.00563312 18.1186 0.606179 -2.19994 0.675614 0.000105888 
531.557 -2.92127 0.00563396 17.9409 0.606748 -2.19994 0.659254 7.7506e-05 
477.692 -3.9462 0.075976 17.7492 0.664016 -2.19993 0.643025 5.01753e-05 
424.974 -4.97187 4.89036 15.186 0.631436 -2.19981 0.626809 2.63591e-05 
375.079 -6.00113 7.35866 15.379 0.384344 -2.20034 0.195768 6.66379e-06 
293.099 -7.06884 6.42476 40 0.939704 -2.10379 0.43772 -6.54439e-07 
47.4936 -0.0260392 30.9715 11.6062 0.188442 -1.55621 0.222227 -1.11934e-06 
-5.31197 0.00456348 44.2671 11.3958 0.0863321 -1.55412 0.233143 -1.29237e-06 
-7.38357 0.00617844 57.0116 11.6904 0.0788033 -1.55414 0.244754 -1.37849e-06 
-9.2881 0.00770069 69.2084 11.9878 0.0728684 -1.55416 0.256365 -1.37572e-06 
-11.1482 0.00916451 80.9639 12.1076 0.0843949 -1.55417 0.267973 -1.03937e-06 
-12.0994 0.00991328 93.4897 9.92083 -0.138548 -1.55419 0.279575 -2.26833e-08 
0.377914 -0.000205308 109.595 6.60046 -0.440022 -1.56518 0.291159 2.83669e-06 
50.848 -0.0393246 118.435 15.9783 0.672693 -1.53821 0.46525 1.61996e-07 
16.7826 0.021574 124.199 17.5953 -0.289528 0.672259 0.314866 -0.00158306 
28.9534 235.641 142.909 5.34004 -0.365479 -6.28 0.325938 -0.0831938 
87.5807 -203.402 156.593 7.06499 -0.309227 6.27738 0.416529 0.0617994 
163.96 492.279 184.327 6.78668 -0.326477 6.27994 0.349171 -0.00171908 
238.96 1189.98 210.676 5.00416 -0.467099 4.25903 0.381937 -0.000722185 
299.632 1619.39 225.675 5.02456 -0.00433425 1.70197 0.369 0 
299.632 1619.39 225.675 5.02456 -0.00433425 1.70197 0.369 0 
322.959 1735.25 228.434 5 -0.783971 -0.0591077 1.15369 0.518806 
347.066 1787.79 203.162 24.641 0.690134 2.50674 -0.176776 1.00718 
311.78 1932.63 229.76 5 0.100122 6.28 0.516562 -0.732111 
335.528 2213.09 236.276 5 0.100121 4.48424 0.516561 -0.964357 
359.695 2428.99 242.791 5 0.100119 0.810666 0.516561 -0.942946 
384.225 2512.8 249.307 5 0.100117 -2.82565 0.516561 -0.898901 
409.12 2465.87 255.823 5 0.100115 -6.27997 0.516562 0.0023971 
434.387 2294.74 262.338 5 0.100115 -6.27996 0.516562 0.00195441 
460.122 2123.61 268.854 5 0.100115 -6.27996 0.516562 0.00197683 
486.327 1952.49 275.369 5 0.100115 -6.27994 0.516562 0.00194868 
513.001 1781.36 281.885 5 0.100115 -6.27992 0.516562 0.000404169 
540.145 1610.23 288.4 5 0.100115 -6.27985 0.516562 0.244874 
567.758 1439.11 294.916 5 0.100116 -5.49502 0.516562 0.771235 
595.862 1296.2 301.431 5 0.100117 -2.20309 0.516562 0.1676 
624.531 1271.66 307.947 5 0.100118 -1.13981 0.516562 -0.0612901 
653.699 1285.34 314.463 5 0.100118 -1.51311 0.516562 -0.00205337 
683.326 1285.61 320.978 5 0.100118 -1.51697 0.516562 0.000200587 
713.422 1285.73 327.494 5 0.100118 -1.52212 0.516561 0.000125941 
743.988 1285.67 334.01 5 0.100111 -1.52237 0.516671 -0.000860911 
775.022 1285.6 340.525 5 0.1007 -1.52459 0.506526 -0.0376858 
806.526 1285.45 347.061 5 0.0467797 -1.89666 0.650975 0.0757366 
838.529 1271.92 351.659 5 -0.0460844 -1.15843 0.811265 -0.0313829 
870.951 1284.93 349.387 5 -0.0451386 -1.50647 0.794959 -0.0020584 
903.198 1285.44 347.148 5 -0.0441925 -1.52202 0.778653 0.000130622 
935.283 1285.38 344.944 5 -0.0432465 -1.52035 0.762347 -1.43358e-06 
967.209 1285.38 342.773 5 -0.0423005 -1.51798 0.746041 -0.000367732 
998.977 1285.47 340.637 5 -0.0413545 -1.52748 0.729735 0.000341147 
1030.59 1285.21 338.534 5 -0.0404084 -1.51887 0.713429 -0.000125448 
1062.05 1285.27 336.465 5 -0.0394624 -1.52118 0.697122 5.2949e-05 
1093.37 1285.24 334.431 5 -0.0385163 -1.52083 0.680816 2.11023e-05 
1124.53 1285.23 332.43 5 -0.0375703 -1.52081 0.66451 2.30877e-05 
1155.55 1285.21 330.464 5 -0.0366243 -1.51974 0.648204 -0.000256858 
1186.43 1285.24 328.532 5 -0.0356782 -1.52345 0.631898 0.0010581 
1217.17 1285.13 326.633 5 -0.0347322 -1.44927 0.615592 0.00180159 
1247.77 1287.68 324.769 5 -0.0337862 -1.63229 0.599286 -0.293683 
1278.23 1283.66 322.938 5 -0.0328414 -3.96552 0.58298 -0.12296 
1308.49 1195.75 321.142 5 -0.0318958 -4.68266 0.566673 0.206831 
1338.61 1082.05 319.379 5 -0.0309486 -2.61211 0.550367 0.233422 
1368.65 1042.8 317.651 5 -0.0300014 -0.390018 0.534061 0.214575 
1398.63 1083.44 315.957 5 -0.036937 1.8029 0.517755 0.193548 
1428.56 1202.93 314.013 5.21563 -0.0391753 3.95796 0.501449 -0.172263 
1457.79 1399.9 311.976 5.46787 -0.0409823 1.85779 0.485143 -0.150855 
1486.09 1521.37 309.86 5.73629 -0.0443628 -0.202858 0.468837 -0.129446 
1513.4 1568.74 307.607 6.06014 -0.04374 -2.22393 0.452531 -0.108036 
1539.57 1543.45 305.358 6.31693 -0.0204036 -4.20535 0.436224 -0.0866264 
1564.75 1446.92 303.933 5.90104 0.00183958 -6.14709 0.419918 -0.000427633 
1590.96 1280.57 303.331 5 -0.206081 -6.28 0.403612 -0.00137792 
1619.87 1109.44 295.306 10.0235 -1.16037 -5.43562 0.387306 0.0111196 
1634.44 968.679 252.68 40 -0.09 -3.6835 0.369 0 
1634.44 968.679 252.68 40 -0.09 -3.6835 0.369 0 
1605.55 940.078 248.891 36.0434 1.39792 -5.32872 -0.188388 -0.0935433 
1576.24 889.334 266.142 21.0205 1.16204 -6.09656 -0.176775 0.000551202 
1564.41 827.763 281.63 10.0193 -0.171901 -6.09477 -0.165154 0.00100548 
1565.82 766.206 280.47 12.0029 -1.25548 -5.79112 -0.119965 0.000919486 
1568.2 704.588 260.903 27.768 -1.07943 -5.78941 0.675183 0.000623009 
1552.84 643.008 244.416 35.6751 -0.460803 -5.78939 -0.00956353 0.000485557 
1527.7 581.436 237.716 36.3238 -0.336999 -5.78944 -0.115066 0.0234315 
1502.58 519.863 231.075 36.0944 -0.353261 -5.78944 -0.107024 0.001235 
1477.53 458.291 224.475 36.3979 -0.383041 -5.78943 -0.0954267 0.046469 
1451.97 396.719 217.93 36.1996 -0.347448 -5.78943 -0.0838768 0.0114529 
1426.44 335.147 211.566 35.6311 -0.314604 -5.78945 -0.0722644 0.153642 
1401.34 273.573 205.437 35.5204 -0.333725 -5.79105 -0.0606522 0.032351 
1376.22 211.978 199.303 35.1434 -0.342873 -6.07015 -0.0490164 0.190921 
1351.34 146.452 192.974 34.9422 -0.377678 -6.26498 -0.0373616 0.111171 
1326.52 78.1832 185.249 35.349 -0.414238 -5.75795 -0.0257512 0.728861 
1301.04 20.978 177 36.2749 -0.371514 -3.01104 -0.0141409 0.270966 
1274.3 2.87321 170.628 36.0736 -0.181573 -1.22809 -0.00259095 -0.00916943 
1247.58 9.2709 166.961 34.5988 0.00265503 -1.73978 0.00902131 -0.0851026 
1222.36 8.47816 165.709 34.3399 0.0125873 -2.8829 0.0206336 0.359371 
1197.39 -7.85343 167.581 34.1282 0.0111709 -0.421958 0.0322743 0.313582 
1172.73 6.78174 169.495 34.1999 0.00602744 1.99902 0.043911 0.596291 
1148.07 54.9404 171.536 34.1511 0.0349976 4.63897 0.0555214 0.574951 
1123.55 141.714 173.985 33.5716 0.0814024 6.28 0.0671318 0.0109636 
1099.76 254.446 176.134 32.898 0.074156 6.28 0.0787442 -0.509131 
1076.79 367.178 178.35 32.379 0.00160201 6.28 0.167264 -0.491392 
1053.78 479.91 180.27 32.6297 0.0471785 5.81838 0.101962 -0.115254 
1030.65 586.142 181.877 32.4099 -0.0118851 5.4808 0.178984 -0.0474926 
1007.33 687.62 183.404 32.795 0.0626849 5.48016 0.125183 0.0433734 
984.043 789.09 186.265 31.749 0.0742371 5.69079 0.136793 0.00502089 
961.442 890.515 189.339 31.2984 0.067509 5.6925 0.260714 0.0125303 
939.888 991.956 192.329 30.3808 0.164379 5.6907 0.160014 0.00955568 
920.066 1093.38 194.266 29.0757 -0.0745265 5.48026 0.180847 -8.31643e-05 
897.606 1194.85 195.306 29.8184 -0.0326203 5.47901 0.183234 -0.000410586 
874.327 1296.3 196.919 30.6608 0.0337231 5.48025 0.194845 0.000205518 
850.123 1397.77 199.447 30.708 0.230915 5.68856 0.206455 -1.68139e-05 
830.227 1499.17 204.751 28.6313 0.132218 5.48018 0.218066 -0.000209756 
809.672 1600.64 208.711 27.7951 0.082222 5.47894 0.229676 -6.34185e-05 
790.084 1702.09 211.987 27.564 0.139095 5.47894 0.274693 -5.55903e-05 
770.743 1803.53 214.572 26.717 0.00754296 5.47897 0.252897 -4.4377e-05 
751.884 1904.98 216.821 27.3704 -0.114748 5.47894 0.264507 -3.62782e-05 
732.858 2006.43 217.333 29.2667 -0.174716 5.47892 0.276117 -2.87946e-05 
712.135 2107.88 216.445 31.6242 0.00610628 5.4789 0.287728 -2.21191e-05 
688.864 2209.33 217.598 31.8211 0.442801 5.4789 0.299349 -1.62817e-05 
665.276 2310.78 225.86 26.3538 1.06982 5.47892 0.310967 -1.13292e-05 
647.559 2412.23 242.086 14.9629 0.915362 5.47899 0.322584 -7.30325e-06 
642.092 2513.66 256.368 6.65225 0.27167 5.48025 0.334169 -4.16859e-06 
646.586 2615.11 261.697 6.26677 0.288984 5.69097 0.345779 -1.89642e-06 
651.663 2716.52 267.353 5.72381 0.309623 5.77733 0.35739 -0.000518054 
657.507 2819.11 273.078 5.00236 0.00229787 4.76221 0.369 0 
657.507 2819.11 273.078 5.00236 0.00229787 4.76221 0.369 0 
669.699 2948.98 273.57 5.44297 -1.24372 4.5545 1.15369 -1.02855 
681.694 3074.58 248.47 24.5888 0.0300932 3.1787 -0.176775 -1.00713 
660.615 3171.95 248.985 22.4676 0.494833 1.82608 -0.165163 -0.985714 
642.813 3241.63 259.02 13.7817 0.571118 0.496654 -0.153463 -0.964298 
639.669 3284.03 270.909 5.04092 -1.00867 -0.809537 1.08846 -0.942877 
652.032 3299.65 250.629 20.6258 -0.119918 -2.09241 -0.0614899 -0.921454 
637.759 3288.98 248.095 21.2754 -0.0690609 -3.35202 -0.118524 -0.900014 
622.03 3252.47 246.584 21.0948 -0.0680268 -4.58828 -0.107101 -0.878547 
606.515 3190.65 245.101 20.9118 -0.0671333 -5.80106 -0.0954895 -0.361854 
591.22 3103.59 243.642 20.7288 -0.0662399 -6.27943 -0.0838773 0.00288681 
576.159 3006.67 242.208 20.5459 -0.0653464 -6.27961 -0.0722652 0.00320633 
561.339 2909.73 240.798 20.3629 -0.0644529 -6.27964 -0.0606529 0.00323182 
546.761 2812.78 239.412 20.1799 -0.0635594 -6.27966 -0.0490407 0.00321901 
532.428 2715.84 238.051 19.997 -0.0626659 -6.27968 -0.0374285 0.00320078 
518.339 2618.9 236.714 19.814 -0.0617724 -6.2797 -0.0258162 0.00318933 
504.496 2521.96 235.401 19.631 -0.0608789 -6.27972 -0.014204 0.00317837 
490.9 2425.02 234.113 19.448 -0.0599854 -6.27973 -0.00259177 0.00323568 
477.552 2328.07 232.849 19.2651 -0.0590919 -6.27974 0.00902048 0.0031752 
464.452 2231.13 231.609 19.0821 -0.0581984 -6.27975 0.0206327 0.00352371 
451.603 2134.19 230.394 18.8991 -0.057305 -6.27974 0.032245 0.112533 
439.004 2037.25 229.204 18.7162 -0.0564113 -6.12721 0.0438572 0.600427 
426.659 1943.42 228.037 18.5332 -0.0555173 -5.23621 0.0554695 0.579019 
414.582 1868.23 226.895 18.3502 -0.0546234 -4.36878 0.0670817 0.55761 
402.773 1810.88 225.778 18.1672 -0.0537293 -3.52495 0.0786939 0.536202 
391.233 1770.79 224.685 17.9843 -0.0528352 -2.70474 0.0903062 0.514794 
379.962 1747.52 223.616 17.8013 -0.0519414 -1.90816 0.101918 0.493386 
368.96 1740.58 222.572 17.6183 -0.051048 -1.13523 0.113531 0.471978 
358.23 1749.47 221.552 17.4354 -0.050155 -0.385982 0.125143 0.45057 
347.77 1773.72 220.556 17.2524 -0.0492603 0.339575 0.136755 0.429162 
337.582 1812.86 219.585 17.0694 -0.0483616 1.04142 0.148367 0.407753 
327.666 1866.73 218.638 16.8864 -0.0474615 1.71953 0.15998 0.386344 
318.024 1934.53 217.716 16.7033 -0.0465752 2.37388 0.171592 0.364893 
308.655 2015.78 216.818 16.5203 -0.0457188 3.00436 0.183204 0.343484 
299.561 2109.9 215.944 16.3379 -0.0448643 3.61104 0.194817 0.322072 
290.74 2216.45 215.093 16.156 -0.0438955 4.19391 0.20643 0.300656 
282.251 2334.95 214.268 15.9729 -0.042703 4.75292 0.218043 0.279232 
273.99 2464.9 213.474 15.785 -0.0415525 5.28804 0.229655 0.25779 
266.012 2605.81 212.709 15.5939 -0.0413568 5.79921 0.241267 0.2279 
258.318 2757.39 211.955 15.4189 -0.042733 6.27655 0.25288 -0.00269888 
250.889 2918.8 211.179 15.2752 -0.0425033 6.27886 0.264492 -0.00276934 
243.664 3080.23 210.412 15.1359 -0.0346046 6.2791 0.276103 -0.00266873 
236.634 3241.67 209.896 14.8832 -0.018373 6.27918 0.287716 -0.00237568 
229.992 3403.11 209.741 14.8233 -0.016099 6.27925 0.299334 -0.00183479 
223.448 3564.56 209.751 14.7255 0.0101499 6.27925 0.310961 -0.0014305 
217.058 3726.01 210.088 14.2189 0.0524556 6.27924 0.322582 -0.00101293 
211.491 3887.45 211.318 13.1023 0.0308295 6.27924 0.334342 -0.000623305 
207.822 4048.9 212.133 12.4657 -0.170783 6.27924 0.346683 -0.000309398 
205.316 4210.34 208.844 15.0427 -0.433181 6.27926 0.367681 -0.00241475 
198.544 4371.79 200.079 21.1411 0.0258636 6.1588 0.369 0 
198.544 4371.79 200.079 21.1411 0.0258636 6.1588 0.369 0 
137.972 4311.08 139.5 7.33857 -3.24649e-05 -2.38209 0.390674 1.20105e-13 
77.4198 4250.37 78.9379 7.35326 -3.10825e-05 -2.32594 0.393093 2.10616e-13 
16.9496 4189.66 18.4469 7.35522 -2.78318e-05 -2.23816 0.395417 2.77231e-13 
-0.000111964 4128.95 3.05402 7.35546 -2.63576e-05 -2.12071 0.397636 3.40977e-13 
-5.10956e-05 4068.24 2.99361 7.3555 -2.45052e-05 -1.97345 0.399739 4.01096e-13 
-0.000104591 4007.53 2.98067 7.35551 -2.22873e-05 -1.79648 0.401716 4.58856e-13 
-5.27814e-05 3946.82 2.90462 7.35551 -1.97053e-05 -1.5896 0.40356 5.14142e-13 
-3.25985e-05 3886.11 2.86585 7.35552 -1.67602e-05 -1.35285 0.405263 5.66834e-13 
-2.10071e-05 3825.4 2.85435 7.35553 -1.34521e-05 -1.0863 0.406821 6.16692e-13 
-1.34895e-05 3764.69 2.85039 7.35553 -9.78101e-06 -0.790049 0.408233 5.14779e-13 
-9.68958e-06 3703.98 2.8479 7.35554 -6.70108e-06 -0.541187 0.4095 3.9916e-13 
-7.93708e-06 3643.27 2.84589 7.35554 -4.32209e-06 -0.348772 0.410623 2.88774e-13 
-6.80349e-06 3582.56 2.84433 7.35555 -2.64408e-06 -0.212883 0.411602 1.81324e-13 
-5.5522e-06 3521.85 2.84321 7.35555 -1.66705e-06 -0.133535 0.412442 7.86658e-14 
-4.18518e-06 3461.14 2.84246 7.35555 -1.39091e-06 -0.110723 0.413181 -1.99951e-14 
-2.85188e-06 3400.43 2.84197 7.35555 -1.8156e-06 -0.144444 0.413853 -7.04746e-14 
3.39668e-06 3339.72 2.84167 7.35555 -2.60084e-06 -0.207285 0.414465 -5.4032e-14 
-0.000112966 3279.01 2.84148 7.35554 -3.28422e-06 -0.259319 0.415039 -3.84549e-14 
1.26407e-06 3218.3 2.84137 7.35552 -3.88907e-06 -0.300543 0.415539 -2.30711e-14 
-3.05063e-06 3157.59 2.84131 7.3555 -4.41526e-06 -0.330956 0.415963 -7.79732e-15 
-3.67326e-06 3096.88 2.84127 7.35547 -4.86278e-06 -0.350559 0.416311 6.15233e-15 
-4.98971e-06 3036.17 2.84125 7.35543 -5.23162e-06 -0.359352 0.41658 1.97419e-14 
-6.70642e-06 2975.46 2.84125 7.35538 -5.5218e-06 -0.357335 0.416757 3.29585e-14 
-8.58717e-06 2914.75 2.84125 7.35532 -5.73332e-06 -0.34451 0.416822 4.63633e-14 
-1.06031e-05 2854.04 2.84126 7.35526 -5.86617e-06 -0.320875 0.416751 5.91447e-14 
-1.26969e-05 2793.33 2.84126 7.35519 -5.92034e-06 -0.286432 0.416512 7.33515e-14 
-1.47587e-05 2732.62 2.84127 7.3551 -5.89583e-06 -0.241179 0.416076 8.6208e-14 
-1.67892e-05 2671.91 2.84129 7.35501 -5.79266e-06 -0.185119 0.415409 7.84166e-14 
-1.92256e-05 2611.2 2.8413 7.35492 -5.81294e-06 -0.134425 0.414486 6.46333e-14 
-2.33535e-05 2550.49 2.84131 7.35481 -5.9941e-06 -0.0920926 0.413289 5.25611e-14 
-3.13659e-05 2489.78 2.84131 7.35469 -6.33613e-06 -0.0581206 0.41181 4.00363e-14 
-4.47693e-05 2429.07 2.84131 7.35457 -6.839e-06 -0.0325089 0.410059 2.71966e-14 
-5.90939e-05 2368.36 2.84128 7.35443 -7.50271e-06 -0.0152568 0.408063 1.23636e-14 
-5.43682e-05 2307.65 2.84123 7.35429 -8.32724e-06 -0.00636381 0.405861 1.93827e-15 
2.89705e-06 2246.94 2.84111 7.35414 -9.31257e-06 -0.00582934 0.403508 2.28079e-15 
-0.000271732 2186.23 2.8409 7.35398 -1.03602e-05 -0.00577314 0.401059 5.0406e-16 
-0.000190301 2125.52 2.84052 7.35381 -1.14641e-05 -0.00571451 0.39857 3.13424e-15 
0.0129587 2064.81 2.83987 7.35363 -1.26244e-05 -0.00565269 0.396081 4.95358e-15 
49.421 2004.1 2.83879 7.35345 -1.37408e-05 0.00210706 0.39362 -4.58483e-15 
109.841 1943.39 2.83707 7.35326 -1.48055e-05 0.0182295 0.391196 -1.23098e-14 
170.526 1882.68 2.83444 7.35306 -1.59816e-05 0.0279477 0.388805 -3.69781e-15 
231.179 1821.97 2.83064 7.35287 -1.73223e-05 0.0268588 0.386438 1.57315e-14 
291.809 1761.26 2.82532 7.35268 -1.87607e-05 0.014958 0.384084 1.5771e-14 
352.432 1700.55 2.81783 7.35243 -4.80674e-05 0.00360324 0.381735 -1.57337e-13 
413.048 1639.84 2.80633 7.352 -0.000151554 0.0487709 0.379388 -2.70486e-13 
473.658 1579.13 2.78627 7.35198 -8.49594e-05 0.137833 0.377041 -1.47616e-13 
534.257 1518.42 2.74852 7.35144 -0.000339635 0.19774 0.374694 -4.8812e-14 
594.843 1457.71 2.65012 7.35046 -0.000804326 0.227771 0.372347 1.82866e-13 
653.96 1397 0.00100007 7.35503 2.12346e-07 -3.22887e-05 0.369 0 
4377.4 1860.53 1327.66 16.1385 0.462056 0 0.225704 0 
4377.4 1860.53 1327.66 16.1385 0.462056 3.41969e-09 0.225704 -1.74909e-05 
4377.4 1860.52 1327.67 16.1322 0.462859 -0.0405787 0.225873 3.28683e-05 
2141.47 1817.04 1361.24 15.9956 0.464385 -0.0599387 0.229563 0.00020571 
2040.82 1264.87 1246.49 16.2952 0.458137 0.13976 0.221473 -0.000238751 
2001.32 1907.75 1297.07 16.1974 0.460581 0.0526818 0.224115 -8.96949e-05 
1986.82 2149.26 1315.86 16.1611 0.461488 0.0203269 0.225094 -3.44605e-05 
1981.34 2242.04 1322.97 16.1474 0.461831 0.00807332 0.225463 -1.36081e-05 
1979.22 2278.68 1325.73 16.1421 0.461963 0.00332944 0.225605 -5.56094e-06 
1978.38 2293.65 1326.82 16.1401 0.462016 0.00145279 0.225662 -2.3862e-06 
1978.04 2300.08 1327.26 16.1392 0.462037 0.000696875 0.225684 -1.10858e-06 
1977.9 2303.06 1327.43 16.1389 0.462045 0.000390563 0.225693 -5.89192e-07 
1977.84 2304.65 1327.5 16.1387 0.462049 0.000269064 0.225697 -3.80074e-07 
1977.82 2305.67 1327.53 16.1387 0.46205 0.000225713 0.225698 -3.01231e-07 
1977.8 2306.48 1327.53 16.1387 0.46205 0.000216856 0.225699 -2.79405e-07 
1977.8 2307.23 1327.53 16.1387 0.46205 0.00022398 0.225699 -2.83224e-07 
1977.8 2308 1327.52 16.1387 0.46205 0.000239714 0.225699 -3.00385e-07 
1977.79 2308.8 1327.51 16.1387 0.462049 0.000260823 0.225698 -3.25117e-07 
1977.79 2309.68 1327.49 16.1387 0.462049 0.000286481 0.225698 -3.55995e-07 
1977.79 2310.64 1327.48 16.1387 0.462048 0.000316387 0.225697 -3.92076e-07 
1977.79 2311.69 1327.46 16.1388 0.462047 0.000351107 0.225696 -4.34251e-07 
1977.79 2312.86 1327.43 16.1388 0.462046 0.000390962 0.225695 -4.82085e-07 
1977.79 2314.16 1327.41 16.1388 0.462045 0.000437626 0.225695 -5.38285e-07 
1977.79 2315.61 1327.38 16.1389 0.462044 0.00049195 0.225693 -6.03367e-07 
1977.79 2317.23 1327.34 16.1389 0.462042 0.00055573 0.225692 -6.79372e-07 
1977.78 2319.06 1327.3 16.139 0.46204 0.00063125 0.225691 -7.68837e-07 
1977.78 2321.12 1327.24 16.139 0.462038 0.000721496 0.225689 -8.75639e-07 
1977.78 2323.48 1327.18 16.1391 0.462035 0.000829505 0.225687 -1.00188e-06 
1977.77 2326.18 1327.1 16.1392 0.462032 0.000961252 0.225684 -1.15508e-06 
1977.77 2329.28 1327.01 16.1393 0.462028 0.00112317 0.225681 -1.34159e-06 
1977.76 2332.89 1326.89 16.1395 0.462023 0.00132494 0.225677 -1.57137e-06 
1977.75 2337.12 1326.75 16.1397 0.462017 0.00158049 0.225673 -1.85819e-06 
1977.74 2342.12 1326.56 16.1399 0.462009 0.00191074 0.225667 -2.22275e-06 
1977.73 2348.1 1326.3 16.1402 0.461998 0.002347 0.225659 -2.69377e-06 
1977.71 2355.35 1325.96 16.1405 0.461984 0.00293982 0.225649 -3.31688e-06 
1977.68 2364.27 1325.48 16.141 0.461965 0.00377177 0.225635 -4.16117e-06 
1977.63 2375.47 1324.78 16.1418 0.461936 0.0049865 0.225616 -5.36072e-06 
1977.56 2389.89 1323.72 16.1428 0.461894 0.00681173 0.225588 -7.07086e-06 
1977.45 2408.91 1322.05 16.1444 0.461827 0.00969859 0.225546 -9.76434e-06 
1977.26 2435.18 1319.4 16.1468 0.461722 0.0142821 0.225481 -1.38929e-05 
1976.94 2472.55 1315.06 16.1508 0.461549 0.0217909 0.225372 -2.07827e-05 
1976.43 2528.46 1308.06 16.1578 0.461267 0.0338964 0.225184 -3.25092e-05 
1975.64 2615.92 1297.34 16.1699 0.460822 0.0524498 0.224857 -5.24193e-05 
1974.6 2756.95 1282.66 16.1895 0.460185 0.0778654 0.224326 -8.38609e-05 
1973.62 2982.59 1266.3 16.2153 0.459443 0.106171 0.22363 -0.000124179 
1973.19 3316.68 1252.89 16.2343 0.458853 0.129378 0.223117 -0.000154356 
1972.72 3731.86 1239.32 16.2214 0.458537 0.152777 0.223465 -0.000141378 
1967.11 4111.67 1186.39 16.161 0.457391 0.243884 0.225096 -6.13341e-05 
1934.63 4316.52 967.448 16.0832 0.45029 0.657111 0.227171 -0.000874731 
3794.65 4450.48 224.693 22.6393 1.69665e-05 0.0296744 0.224704 0 
3794.65 4450.48 224.693 22.6393 1.69665e-05 0.0296744 0.224704 0 
3784.4 4470.49 224.682 21.6327 0.868794 -0.0353145 -0.188388 -1.02859 
3774.93 4489.68 235.588 12.7789 0.831313 -0.8134 -0.176775 -1.00718 
3774.65 4499.1 246.202 5 -0.17906 -1.57704 1.01566 -0.985775 
3782.69 4498.94 244.3 6.71369 0.112505 -2.32619 0.713646 -0.964367 
3788.88 4489.39 246.021 5.67255 0.033589 -3.06089 0.805412 -0.942959 
3796.17 4470.62 246.774 5.41871 0.00503356 -3.78112 0.84575 -0.921551 
3803.74 4442.81 247.173 5.43572 0.0227457 -4.48687 0.798794 -0.900142 
3811.29 4406.16 247.795 5.30831 -0.0462194 -5.17813 0.426163 -0.878734 
3818.99 4360.84 247.555 6.0556 -0.829876 -5.85489 0.859498 -0.59629 
3826.12 4307.03 237.471 13.9794 -0.697444 -6.28 0.669989 0.00335228 
3825.01 4247.89 228.89 20.097 0.0177346 -6.28 0.0964093 0.0033704 
3817.34 4188.76 229.155 19.2083 0.372647 -6.28 -0.00285314 0.00337804 
3810.49 4129.63 233.89 15.061 0.430503 -6.28 0.108386 0.00337701 
3807.92 4070.49 239.434 10.6392 0.204777 -6.28 0.437671 0.00336768 
3809.98 4011.36 242.236 8.55053 0.0762491 -6.28 0.615702 0.00336087 
3814.24 3952.22 243.469 7.7607 0.0371241 -6.28 0.679975 0.00335632 
3819.34 3893.07 244.227 7.37345 0.0268482 -6.28 0.7062 0.00335227 
3824.84 3833.93 244.865 7.1017 0.0213736 -6.28 0.722175 0.003348 
3830.64 3774.79 245.44 6.89589 0.0152501 -6.28 0.734049 0.0033433 
3836.66 3715.65 245.943 6.75916 0.00888499 -6.28 0.741797 0.00333814 
3842.84 3656.51 246.37 6.69046 0.00303375 -6.28 0.745178 0.00333247 
3849.09 3597.37 246.726 6.68182 -0.00212314 -6.28 0.744584 0.00332622 
3855.37 3538.23 247.017 6.72393 -0.00662647 -6.28 0.740609 0.0033193 
3861.6 3479.09 247.252 6.80835 -0.0105108 -6.28 0.733812 0.00331159 
3867.77 3419.94 247.438 6.92733 -0.0137965 -6.28 0.724699 0.00330298 
3873.81 3360.8 247.581 7.07368 -0.0165327 -6.28 0.713746 0.00329331 
3879.72 3301.66 247.688 7.24103 -0.0188046 -6.28 0.701399 0.00328238 
3885.46 3242.52 247.764 7.42408 -0.020701 -6.28 0.688044 0.00326996 
3891.02 3183.38 247.813 7.61861 -0.0222815 -6.28 0.67399 0.00325577 
3896.38 3124.24 247.841 7.82116 -0.0235791 -6.28 0.65946 0.00323946 
3901.54 3065.1 247.849 8.02876 -0.024651 -6.28 0.644604 0.00322058 
3906.49 3005.96 247.841 8.23914 -0.0256458 -6.28 0.629519 0.00319856 
3911.24 2946.82 247.818 8.4516 -0.0268109 -6.28 0.614266 0.0031727 
3915.77 2887.68 247.778 8.66783 -0.0283673 -6.28 0.598886 0.00314205 
3920.08 2828.54 247.715 8.89149 -0.0302584 -6.28 0.583407 0.00310542 
3924.16 2769.4 247.627 9.12538 -0.0319391 -6.28 0.567849 0.00306123 
3928.01 2710.26 247.514 9.36687 -0.0324978 -6.28 0.552226 0.00300738 
3931.61 2651.12 247.392 9.60485 -0.0313232 -6.28 0.536542 0.00294101 
3934.97 2591.98 247.282 9.82329 -0.0291242 -6.28 0.520799 0.0028582 
3938.11 2532.84 247.197 10.0142 -0.0285063 -6.28 0.504999 0.0027535 
3941.05 2473.7 247.119 10.1952 -0.0329793 -6.28 0.489145 0.00261947 
3943.81 2414.56 246.984 10.4158 -0.0438946 -6.28 0.473251 0.00244608 
3946.35 2355.43 246.709 10.7344 -0.0566452 -6.28 0.457326 0.00222033 
3948.56 2296.29 246.271 11.1608 -0.0596975 -6.28 0.441368 0.00192689 
3950.34 2237.15 245.789 11.5937 -0.0405261 -6.28 0.425347 0.00155197 
3951.66 2178.01 245.541 11.8207 0.0011224 -6.28 0.409225 0.00109597 
3952.74 2118.88 245.814 11.6442 0.0401486 -6.28 0.393161 0.000600709 
3953.99 2059.74 246.583 11.1224 0.0286045 -6.28 0.378527 0.00435046 
3955.79 2000.6 247.22 10.7651 -0.0713098 -6.24162 0.369 0 
3955.79 2000.6 247.22 10.7651 -0.0713098 -6.24162 0.369 0 
3962.06 1762.54 244.125 12.7179 -0.291286 -6.27293 0.460462 0.0154108 
3960.24 1522.89 229.631 22.3643 -0.0840447 -6.23559 -0.176776 0.0235736 
3917.24 1285.18 224.936 22.1813 -0.0831511 -6.17502 -0.165163 -0.0082542 
3874.51 1050.57 220.301 21.9983 -0.0822577 -6.20864 -0.153551 0.00229356 
3832.05 814.231 215.726 21.8153 -0.0813642 -6.21131 -0.141939 0.0043452 
3789.87 577.759 211.212 21.6324 -0.0804707 -6.20788 -0.130326 0.00425519 
3747.98 341.462 206.759 21.4494 -0.0795772 -6.20468 -0.118714 0.00419355 
3706.38 105.328 202.367 21.2664 -0.0786837 -6.20163 -0.107102 0.00426418 
3665.08 -130.652 198.035 21.0835 -0.0777902 -6.19833 -0.0954897 0.00435426 
3624.08 -366.463 193.764 20.9005 -0.0768967 -6.19471 -0.0838775 0.00444923 
3583.4 -602.09 189.553 20.7175 -0.0760032 -6.19077 -0.0722653 0.00455676 
3543.03 -837.516 185.403 20.5345 -0.0751097 -6.18644 -0.060653 0.00468113 
3502.98 -1072.72 181.313 20.3516 -0.0742162 -6.18168 -0.0490408 0.00482566 
3463.27 -1307.68 177.285 20.1686 -0.0733227 -6.17642 -0.0374285 0.00499473 
3423.89 -1542.38 173.317 19.9856 -0.0724291 -6.17056 -0.0258163 0.00519417 
3384.85 -1776.78 169.409 19.8027 -0.0715356 -6.16401 -0.014204 0.00543193 
3346.16 -2010.84 165.562 19.6197 -0.0706421 -6.15664 -0.00259178 0.00571973 
3307.83 -2244.52 161.776 19.4367 -0.0697486 -6.14826 0.00902047 0.00607722 
3269.86 -2477.78 158.05 19.2537 -0.0688551 -6.13863 0.0206327 0.00654161 
3232.25 -2710.55 154.385 19.0708 -0.0679616 -6.12738 0.032245 0.00718204 
3195.02 -2942.74 150.781 18.8878 -0.0670681 -6.11391 0.0438572 0.00808306 
3158.16 -3174.25 147.237 18.7048 -0.0661746 -6.09739 0.0554694 0.00938336 
3121.7 -3404.91 143.754 18.5219 -0.0652811 -6.07679 0.0670817 0.0124923 
3085.62 -3634.52 140.332 18.3389 -0.0643876 -6.04721 0.0786939 0.0197552 
3049.95 -3862.62 136.97 18.1559 -0.063494 -5.99445 0.0903062 0.0124743 
3014.68 -4088.03 133.668 17.9729 -0.0626005 -5.95972 0.101918 -0.0118407 
2979.82 -4311.66 130.428 17.79 -0.0617071 -6.01899 0.113531 0.131861 
2945.38 -4538.32 127.248 17.607 -0.0608133 -5.59064 0.125143 0.26211 
2911.37 -4743.1 124.128 17.424 -0.0599193 -4.63068 0.136755 0.312311 
2877.84 -4898.83 121.07 17.2411 -0.0590251 -3.41389 0.148367 0.322665 
2844.78 -4992.41 118.072 17.0581 -0.0581319 -2.1042 0.15998 0.315839 
2812.23 -5019.08 115.134 16.8752 -0.0572389 -0.780294 0.171592 0.300595 
2780.17 -4978.11 112.258 16.6923 -0.056328 0.516486 0.183204 0.280005 
2748.62 -4870.9 109.442 16.5087 -0.0553837 1.7586 0.194816 0.25464 
2717.58 -4700.23 106.69 16.3234 -0.0547324 2.92072 0.206429 0.223495 
2687.07 -4470.19 103.987 16.1483 -0.0552029 3.97176 0.218041 0.184189 
2657.04 -4186.46 101.273 16.0236 -0.0517801 4.86731 0.229653 0.133665 
2627.28 -3856.98 98.7453 15.7812 -0.0202966 5.54472 0.241265 0.0722914 
2598.24 -3492.89 97.8456 15.5983 -0.0193923 5.93653 0.252878 0.0154691 
2569.88 -3108.78 98.2357 15.4153 -0.0184986 6.04062 0.26449 -0.00500256 
2542.3 -2719.36 98.6866 15.2323 -0.0176118 6.01666 0.276102 0.00333415 
2515.53 -2331.17 99.1977 15.0496 -0.016723 6.02987 0.287714 0.00456779 
2489.55 -1942.3 99.7692 14.867 -0.0157057 6.06803 0.299327 0.000673564 
2464.37 -1551.48 100.408 14.6794 -0.0145198 6.09912 0.310939 -0.00127782 
2440.04 -1159.07 101.122 14.4821 -0.0155614 6.11812 0.322551 -0.00105079 
2416.58 -765.694 101.799 14.3647 -0.0234587 6.12719 0.334163 -0.00056244 
2393.68 -371.854 102.083 14.5672 0.000921729 6.12612 0.345776 -0.000770531 
2369.96 21.9319 103.595 13.7284 0.210424 6.08634 0.357388 -0.0015398 
2349.61 413.683 115.879 5 0.0899993 5.70797 0.369 0 
2349.61 413.683 115.879 5 0.0899993 5.70797 0.369 0 
2372.02 710.741 118.791 5 -0.760504 3.69371 1.15369 -1.0199 
2395.29 926.141 87.2239 26.3795 -0.167327 -0.597053 -0.176776 -0.987375 
2345.93 967.651 78.3147 26.1965 -0.166438 -4.79717 -0.165163 -0.328017 
2296.3 838.889 69.4535 26.0136 -0.165561 -6.23139 -0.153551 0.00117296 
2246.5 651.984 60.6397 25.8311 -0.164663 -6.23342 -0.141939 0.0022324 
2196.58 464.996 51.8741 25.6484 -0.163558 -6.23137 -0.130327 0.00225399 
2146.54 278.091 43.1653 25.4591 -0.162377 -6.229 -0.118714 0.00219027 
2096.4 91.2818 34.5166 25.2626 -0.16364 -6.22667 -0.107102 0.00217331 
2046.21 -95.4338 25.8295 25.1362 -0.169995 -6.22417 -0.0954898 0.00217456 
1995.72 -282.048 16.8929 25.2184 -0.154287 -6.22138 -0.0838775 0.00217818 
1944.22 -468.55 8.58783 24.7736 -0.0374446 -6.2183 -0.0722653 0.00218618 
1893.41 -654.927 5.04844 24.5662 -0.0266773 -6.21486 -0.060653 0.00219871 
1842.97 -841.165 6.02585 24.3832 -0.0257835 -6.21102 -0.0490408 0.00221899 
1793.2 -1027.25 7.05141 24.2002 -0.0248899 -6.2067 -0.0374285 0.00224923 
1744.11 -1213.16 8.1251 24.0173 -0.0239963 -6.20181 -0.0258163 0.00229232 
1695.7 -1398.87 9.24689 23.8343 -0.0231028 -6.19621 -0.0142041 0.00235238 
1647.97 -1584.35 10.4168 23.6513 -0.0222093 -6.18975 -0.00259181 0.00243556 
1600.94 -1769.57 11.6348 23.4683 -0.0213158 -6.18221 0.00902044 0.0025514 
1554.6 -1954.49 12.901 23.2854 -0.0204222 -6.17328 0.0206327 0.00271489 
1508.95 -2139.05 14.2152 23.1024 -0.0195287 -6.16251 0.0322449 0.00294634 
1464 -2323.17 15.5776 22.9194 -0.0186352 -6.14925 0.0438572 0.00325317 
1419.76 -2506.75 16.988 22.7365 -0.0177417 -6.13254 0.0554694 0.00358727 
1376.23 -2689.66 18.4466 22.5535 -0.0168482 -6.11097 0.0670817 0.00408695 
1333.41 -2871.69 19.9533 22.3705 -0.0159547 -6.08102 0.0786939 0.00489973 
1291.31 -3052.51 21.5081 22.1875 -0.0150612 -6.04565 0.0903062 -0.00344638 
1249.93 -3231.89 23.111 22.0046 -0.0141677 -6.08711 0.101918 0.0313218 
1209.27 -3412.96 24.7621 21.8216 -0.013274 -5.70194 0.113531 0.182528 
1169.35 -3578.41 26.4612 21.6386 -0.0123797 -4.14267 0.125143 0.267624 
1130.22 -3680.65 28.2085 21.4557 -0.0114851 -2.00588 0.136755 0.282689 
1091.89 -3696.27 30.0039 21.2727 -0.0105903 0.278639 0.148367 0.259557 
1054.37 -3619.27 31.8476 21.0897 -0.00969566 2.50187 0.15998 0.202751 
1017.66 -3452.15 33.7393 20.9067 -0.00880111 4.46093 0.171592 0.105722 
981.771 -3205.6 35.6792 20.7238 -0.00790693 5.80589 0.183204 0.00646013 
946.673 -2904.53 37.6673 20.5408 -0.00701327 6.12366 0.194816 -0.00172375 
912.34 -2590.58 39.7035 20.3578 -0.00611982 6.03995 0.206429 0.00169775 
878.763 -2280.03 41.7878 20.1749 -0.0052264 6.08445 0.218041 -0.000312016 
845.951 -1967.67 43.9201 19.9919 -0.00433289 6.11743 0.229653 9.70667e-06 
813.907 -1653.97 46.1006 19.8089 -0.00343816 6.13641 0.241265 0.000116821 
782.634 -1339.51 48.3293 19.6259 -0.00254248 6.15186 0.252878 -4.15457e-05 
752.136 -1024.42 50.6062 19.4429 -0.00166057 6.16459 0.26449 -0.000144745 
722.418 -708.813 52.9307 19.2602 -0.000813915 6.17498 0.276102 -0.000158498 
693.482 -392.786 55.3014 19.0789 0.000145949 6.18363 0.287714 -0.000125155 
665.326 -76.4094 57.7228 18.8951 0.00173922 6.19097 0.299327 -8.31372e-05 
637.963 240.265 60.2207 18.6899 0.00298141 6.19728 0.310939 -5.11235e-05 
611.469 557.194 62.7823 18.4798 -0.00431548 6.20275 0.322551 -3.181e-05 
585.871 874.345 65.0618 18.5296 -0.0216219 6.20755 0.334163 -1.89073e-05 
560.312 1191.69 66.6364 19.0791 0.0513031 6.21179 0.345776 -1.23471e-05 
533.035 1509.21 71.1317 17.2135 0.402116 6.21174 0.357388 -0.000392361 
511.9 1826.72 89.97 5 0.0899996 5.19938 0.369 0 
511.9 1826.72 89.97 5 0.0899996 5.19938 0.369 0 
531.105 2028.34 94.779 5 -0.886459 4.06383 1.15369 -0.0628799 
551.157 2195.95 70.3365 24.0171 0.60493 3.91997 -0.176776 0.844992 
523.196 2359.28 89.6581 9.39962 0.255853 6.20739 0.270668 -0.0360321 
531.746 2591.11 99.2244 5 0.0821348 6.12247 0.587173 -0.00633946 
551.534 2820.38 103.798 5 0.0821349 6.11359 0.587173 -0.0102251 
571.595 3049.39 108.371 5 0.0821348 6.09779 0.587173 -0.0149276 
591.931 3277.93 112.945 5 0.0821348 6.07058 0.587173 -0.0149339 
612.541 3505.65 117.518 5 0.0821348 6.03687 0.587173 0.00701714 
633.424 3732.36 122.092 5 0.0821348 6.04832 0.587173 0.052022 
654.582 3959.42 126.665 5 0.0821349 6.18687 0.587173 0.000608015 
676.018 4190.62 131.238 5 0.0821349 6.21106 0.587173 -0.177022 
697.729 4422.55 135.812 5 0.0821346 5.72182 0.587173 -0.34668 
719.703 4639.82 140.385 5 0.0821341 4.69626 0.587173 -0.453432 
741.927 4826.38 144.959 5 0.0821334 3.30622 0.587173 -0.505837 
764.392 4971.28 149.532 5 0.0821325 1.71572 0.587173 -0.520824 
787.094 5068.55 154.106 5 0.0821317 0.0428484 0.587173 -0.507883 
810.03 5115.7 158.679 5 0.0821308 -1.6217 0.587173 -0.467478 
833.201 5112.98 163.252 5 0.08213 -3.18669 0.587173 -0.392721 
856.61 5063.38 167.825 5 0.0821293 -4.53511 0.587173 -0.277495 
880.26 4973.39 172.399 5 0.0821287 -5.52186 0.587174 -0.138041 
904.162 4853.84 176.972 5 0.0821285 -6.04188 0.587174 -0.0274879 
928.326 4718.71 181.545 5 0.0821284 -6.16339 0.587174 0.0130361 
952.761 4579.94 186.119 5 0.0821284 -6.12021 0.587174 0.00933121 
977.472 4442.46 190.692 5 0.0821284 -6.08388 0.587174 0.0011746 
1002.46 4306.07 195.265 5 0.0821284 -6.08101 0.587174 -0.00171275 
1027.72 4169.77 199.838 5 0.0821284 -6.09262 0.587174 -0.00197307 
1053.25 4033.12 204.412 5 0.0821284 -6.10705 0.587174 -0.00159237 
1079.06 3896.04 208.985 5 0.0821284 -6.12064 0.587174 -0.00117118 
1105.15 3758.55 213.558 5 0.0821284 -6.13264 0.587174 -0.000824579 
1131.5 3620.7 218.131 5 0.0821284 -6.14311 0.587174 -0.000555642 
1158.14 3482.54 222.705 5 0.0821284 -6.15222 0.587174 -0.000352005 
1185.04 3344.1 227.278 5 0.0821283 -6.16022 0.587174 -0.00020481 
1212.22 3205.43 231.851 5 0.0821279 -6.16732 0.587182 -0.000117439 
1239.68 3066.54 236.424 5 0.0821614 -6.17387 0.586603 -0.000106336 
1267.41 2927.46 240.998 5 0.0796061 -6.18048 0.585138 0.00314017 
1295.41 2788.17 245.496 5.06018 0.0705843 -6.1525 0.58298 -0.00225712 
1323.55 2649.73 249.721 5.31708 0.0693068 -6.18485 0.566673 -0.00035067 
1351.32 2510.32 253.895 5.57451 0.0680223 -6.19474 0.550367 0.000163803 
1378.73 2370.61 258.018 5.83252 0.0668794 -6.19772 0.534061 0.000157789 
1405.76 2230.81 262.094 6.08777 0.0660388 -6.20036 0.517755 0.000107819 
1432.43 2090.94 266.133 6.33392 0.064707 -6.20348 0.501449 8.89894e-05 
1458.75 1950.97 270.121 6.58392 0.0603164 -6.2065 0.485143 7.66116e-05 
1484.71 1810.91 273.964 6.90675 0.0540707 -6.20923 0.468837 6.18268e-05 
1510.13 1670.77 277.605 7.33047 0.0667025 -6.21172 0.452531 4.58917e-05 
1534.75 1530.56 281.605 7.40513 0.126176 -6.21404 0.436224 2.89678e-05 
1559.39 1390.27 287.382 6.1313 0.131777 -6.21647 0.419918 -6.68621e-06 
1587.43 1249.91 293.388 5 -0.297279 -6.22258 0.403612 7.08466e-05 
1618.8 1109.37 286.3 11.5806 -1.10519 -6.22791 0.387306 0.000562292 
1634.44 968.68 252.68 36.3097 -0.0899998 -5.61952 0.369 0 
1634.44 968.68 252.68 36.3097 -0.0899998 -5.61952 0.369 0 
1612.81 926.357 250.396 34.0925 1.2094 -4.56436 -0.188388 0.875286 
1592.76 895.357 262.096 23.9301 1.37347 -3.01833 -0.176775 0.613803 
1581.68 880.943 275.731 13.1332 0.520882 -1.7962 -0.165162 -0.263291 
1580.37 879.636 280.402 10.0473 -1.4 -2.69582 -0.153545 -0.648821 
1582.23 868.673 264.511 22.8558 -1.35215 -3.96208 1.04502 -0.533522 
1572.7 844.129 248.913 31.5649 -0.320974 -5.10892 -0.130326 -0.157926 
1555.12 807.283 244.232 31.802 -0.301447 -5.65955 -0.118714 0.190651 
1537.22 764.527 239.757 31.8576 -0.239446 -5.10304 -0.107102 0.332772 
1519.18 727.744 235.946 31.3975 -0.153964 -4.22927 -0.0954897 0.343548 
1501.43 700.339 233.06 30.2662 -0.0977206 -3.31836 -0.0838775 0.290854 
1484.6 682.708 230.797 28.7493 -0.138594 -2.48934 -0.0722652 0.224302 
1469.03 673.974 228.122 29.9119 -0.314555 -1.78496 -0.060653 0.182877 
1452.45 672.799 223.538 30.1794 -0.351477 -1.1635 -0.0490407 0.176057 
1435.55 678.295 218.554 30.724 -0.342129 -0.538423 -0.0374285 0.187592 
1418.09 690.499 213.66 31.1486 -0.258917 0.142378 -0.0258162 0.197116 
1400.14 710.01 209.653 30.8587 -0.114967 0.874007 -0.014204 0.193491 
1382.33 737.373 207.195 29.4082 0.016297 1.62136 -0.00259175 0.175656 
1365.69 772.756 206.17 29.2268 0.0170428 2.34394 0.00902049 0.148489 
1349.19 815.893 205.855 29.0467 0.0179488 3.00716 0.0206327 0.118561 
1332.84 866.148 207.1 28.8664 0.0191516 3.58819 0.032245 0.090984 
1316.69 922.638 208.361 28.6833 0.0206177 4.07866 0.0438572 0.0680847 
1300.72 984.392 209.641 28.4956 0.0220687 4.48196 0.0554695 0.0499476 
1284.94 1050.47 210.939 28.3037 0.0230306 4.80694 0.0670817 0.0357407 
1269.36 1120.04 212.252 28.1118 0.0230807 5.06279 0.078694 0.0246854 
1253.97 1192.36 213.568 27.9275 0.0222377 5.25792 0.0903062 0.0163236 
1238.77 1266.77 214.878 27.7574 0.0212766 5.4011 0.101918 0.0103511 
1223.75 1342.71 216.181 27.6016 0.0216503 5.50244 0.113531 0.00640618 
1208.89 1419.75 217.49 27.4481 0.02479 5.57287 0.125143 0.00401333 
1194.19 1497.54 218.836 27.2742 0.0308991 5.62267 0.136755 0.00266349 
1179.67 1575.86 220.25 27.0571 0.0378659 5.65998 0.148367 0.00192226 
1165.36 1654.58 221.743 26.7928 0.0412854 5.69024 0.15998 0.0014894 
1151.31 1733.63 223.277 26.5136 0.0364037 5.7165 0.171592 0.00119641 
1137.54 1812.96 224.764 26.2882 0.0218071 5.74018 0.183204 0.000968065 
1124 1892.55 226.098 26.1923 0.00309755 5.76187 0.194816 0.000778671 
1110.57 1972.36 227.232 26.2503 -0.00651297 5.78183 0.206429 0.00062115 
1097.12 2052.39 228.263 26.3773 0.0085145 5.80024 0.218041 0.000492088 
1083.57 2132.62 229.453 26.3672 0.054874 5.81733 0.229653 0.00038768 
1070.06 2213.04 231.14 25.9738 0.118232 5.83331 0.241265 0.000304197 
1056.9 2293.62 233.514 25.085 0.159403 5.84839 0.252878 0.000238906 
1044.55 2374.36 236.345 23.9168 0.128309 5.86285 0.26449 0.000190094 
1033.27 2455.26 238.863 23.0786 -0.00255207 5.87708 0.276102 0.000156355 
1022.8 2536.31 239.99 23.3621 -0.198357 5.89172 0.287714 0.000135527 
1012.15 2617.52 239.011 25.2189 -0.344253 5.90776 0.299327 0.000123133 
999.912 2698.9 236.435 28.1317 -0.280904 5.9267 0.310939 0.000109343 
985.1 2780.49 234.488 30.318 0.0963934 5.94987 0.322551 7.37392e-05 
968.286 2862.33 236.553 29.2652 0.709806 5.97407 0.334163 -1.31281e-05 
952.29 2944.42 245.219 23.2721 1.22704 5.96977 0.345776 -0.000139212 
941.523 3026.47 259.54 13.4693 1.14702 5.81996 0.357388 -0.000148301 
939.51 3106.9 273.17 5 0.0899998 5.32032 0.369 0 
939.51 3106.9 273.17 5 0.0899998 5.32032 0.369 0 
947.535 3204.78 274.401 5 -1.4 4.87423 1.15366 -0.971111 
956.012 3296.36 254.57 19.5481 -0.596044 3.66912 0.375521 -0.94273 
947.208 3370.91 245.774 24.5954 -0.121578 2.49028 -0.165163 -0.909189 
932.29 3428.81 243.57 24.4124 -0.120684 1.34555 -0.153551 -0.87233 
917.505 3470.52 241.383 24.2294 -0.119791 0.240376 -0.141939 -0.833729 
902.851 3496.62 239.213 24.0465 -0.118898 -0.821818 -0.130326 -0.792755 
888.332 3507.69 237.06 23.8635 -0.118006 -1.83679 -0.118714 -0.745222 
873.946 3504.42 234.923 23.6805 -0.117113 -2.79406 -0.107102 -0.683023 
859.697 3487.62 232.803 23.4976 -0.116219 -3.67143 -0.0954896 -0.594743 
845.585 3458.41 230.7 23.3146 -0.115326 -4.4324 -0.0838774 -0.47169 
831.611 3418.45 228.614 23.1316 -0.114432 -5.03307 -0.0722652 -0.321166 
817.779 3369.99 226.544 22.9486 -0.11354 -5.44251 -0.0606529 -0.168333 
804.09 3315.75 224.492 22.7657 -0.112648 -5.66012 -0.0490407 -0.036416 
790.548 3258.43 222.456 22.5827 -0.111756 -5.70999 -0.0374284 0.0666863 
777.155 3200.41 220.436 22.3998 -0.110862 -5.62359 -0.0258162 0.1436 
763.912 3143.61 218.434 22.2168 -0.109963 -5.42923 -0.0142039 0.199811 
750.822 3089.55 216.448 22.0338 -0.109061 -5.14966 -0.00259169 0.240391 
737.886 3039.45 214.48 21.8507 -0.108164 -4.8026 0.00902055 0.269285 
725.105 2994.25 212.528 21.6676 -0.107283 -4.40188 0.0206328 0.289315 
712.48 2954.72 210.592 21.4846 -0.106423 -3.95841 0.032245 0.30237 
700.013 2921.46 208.673 21.302 -0.105561 -3.48112 0.0438573 0.30967 
687.703 2894.94 206.771 21.1197 -0.104649 -2.97772 0.0554695 0.312022 
675.551 2875.54 204.885 20.9372 -0.103648 -2.4551 0.0670818 0.310025 
663.558 2863.52 203.018 20.7534 -0.102593 -1.91957 0.078694 0.304188 
651.726 2859.08 201.17 20.568 -0.101645 -1.37694 0.0903063 0.294983 
640.058 2862.3 199.339 20.3823 -0.101024 -0.832474 0.101919 0.282864 
628.554 2873.23 197.521 20.1997 -0.100773 -0.290939 0.113531 0.268271 
617.212 2891.8 195.711 20.024 -0.100457 0.243447 0.125143 0.251628 
606.023 2917.93 193.91 19.8538 -0.0991578 0.766977 0.136755 0.233347 
594.981 2951.47 192.13 19.6781 -0.0961478 1.27644 0.148367 0.213828 
584.093 2992.2 190.398 19.479 -0.0921987 1.7691 0.15998 0.193468 
573.386 3039.89 188.725 19.2485 -0.0904632 2.24266 0.171592 0.172656 
562.897 3094.29 187.082 19.0134 -0.0951054 2.69524 0.183204 0.151782 
552.635 3155.07 185.379 18.8425 -0.106645 3.12536 0.194816 0.131226 
542.526 3221.94 183.517 18.8043 -0.116349 3.53188 0.206429 0.11136 
532.414 3294.56 181.519 18.8668 -0.106493 3.91396 0.218041 0.0925343 
522.177 3372.57 179.658 18.8102 -0.0639244 4.27102 0.229653 0.0750686 
511.944 3455.63 178.4 18.2939 -0.00511983 4.60267 0.241265 0.0592348 
502.246 3543.38 177.986 18.1714 0.00807747 4.9086 0.252878 0.0452429 
492.676 3635.46 178.456 17.9115 0.0291728 5.18844 0.26449 0.0332286 
483.41 3731.49 179.521 17.4415 0.0396325 5.44163 0.276102 0.0232456 
474.706 3831.1 180.745 16.8951 0.0114928 5.6672 0.287714 0.0152657 
466.667 3933.89 181.583 16.6943 -0.0648368 5.86348 0.299327 0.00918548 
458.903 4039.47 181.347 17.3258 -0.142256 6.02779 0.310939 0.00483926 
450.44 4147.36 180.003 18.7244 -0.109312 6.15606 0.322551 0.0020121 
440.348 4257.07 179.092 19.6326 0.134893 6.24258 0.334163 0.000448542 
429.132 4368 181.613 17.8237 0.521169 6.28 0.345776 -0.00015004 
419.929 4479.46 189.635 12.0198 0.683278 6.26002 0.357388 -0.000145013 
417.48 4590.64 200.08 5.00001 0.0899997 6.17524 0.369 0 
417.48 4590.64 200.08 5.00001 0.0899997 6.17524 0.369 0 
436.768 4819.79 202.378 5 -0.694324 5.12559 1.15369 0.293203 
456.634 5017.71 181.334 19.3562 0.511407 5.75333 0.109723 0.115182 
440.31 5234.33 195.488 5.00001 -0.0583674 6.01019 1.12108 -0.00124835 
459.408 5458.58 193.37 5 -0.0574217 5.99466 1.10478 -0.132571 
478.379 5682.36 191.28 5.00001 -0.0564758 5.63063 1.08847 -0.289233 
497.216 5895.3 189.219 5.00001 -0.0555302 4.80623 1.07216 -0.410915 
515.911 6083.72 187.185 5.00001 -0.0545848 3.59346 1.05586 -0.499449 
534.455 6236.04 185.18 5.00001 -0.0536396 2.08006 1.03955 -0.541797 
552.842 6343.32 183.203 5.00001 -0.0526944 0.403264 1.02324 -0.541109 
571.072 6400.7 181.254 5.00001 -0.0517493 -1.30331 1.00694 -0.503089 
589.144 6407.29 179.333 5.00001 -0.0508041 -2.91976 0.990632 -0.424531 
607.063 6365.78 177.44 5.00001 -0.0498588 -4.31183 0.974326 -0.301065 
624.836 6282.84 175.576 5.00001 -0.0489133 -5.32435 0.95802 -0.154155 
642.473 6169.77 173.739 5.00001 -0.0479676 -5.86188 0.941714 -0.0405903 
659.987 6040.7 171.931 5.00001 -0.0470217 -6.01425 0.925408 0.00463583 
677.389 5907.09 170.151 5.00001 -0.0460756 -6.00442 0.909102 0.00629841 
694.684 5773.78 168.399 5.00002 -0.0451296 -5.98635 0.892796 -0.000231121 
711.875 5641 166.675 5.00002 -0.0441836 -5.99257 0.87649 -0.00327582 
728.962 5508.04 164.979 5.00002 -0.0432377 -6.0112 0.860183 -0.00366246 
745.948 5374.53 163.312 5.00002 -0.0422917 -6.03205 0.843877 -0.00317183 
762.832 5240.4 161.672 5.00003 -0.0413459 -6.05144 0.827571 -0.00253955 
779.618 5105.68 160.061 5.00003 -0.0404001 -6.06858 0.811265 -0.00197021 
796.307 4970.46 158.478 5.00005 -0.0394547 -6.08354 0.794959 -0.00150105 
812.901 4834.8 156.923 5.00007 -0.0385109 -6.09662 0.778653 -0.00112509 
829.401 4698.74 155.396 5.00014 -0.112076 -6.10812 0.762347 -0.000827918 
845.853 4562.34 151.68 6.68724 -0.264549 -6.11828 0.746041 -0.000636469 
858.151 4425.64 143.346 11.5208 -0.102873 -6.12757 0.729735 -0.000413077 
858.33 4288.68 139.592 11.7778 -0.104126 -6.1357 0.713428 -0.000257528 
857.672 4151.47 135.789 12.0348 -0.10538 -6.14295 0.697122 -0.000147309 
856.175 4014.05 131.937 12.2917 -0.106635 -6.14952 0.680816 -6.307e-05 
853.837 3876.43 128.035 12.5487 -0.10789 -6.1555 0.66451 1.21964e-06 
850.654 3738.64 124.083 12.8056 -0.109145 -6.16097 0.648204 4.83946e-05 
846.623 3600.68 120.082 13.0625 -0.110399 -6.16598 0.631898 8.12967e-05 
841.741 3462.58 116.031 13.3195 -0.111653 -6.17059 0.615592 0.000102575 
836.006 3324.34 111.931 13.5764 -0.112906 -6.17484 0.599286 0.000114447 
829.415 3185.97 107.781 13.8333 -0.114165 -6.17879 0.582979 0.000118762 
821.964 3047.48 103.581 14.0903 -0.11544 -6.18245 0.566673 0.000117098 
813.65 2908.89 99.3311 14.3477 -0.116699 -6.18586 0.550367 0.00011083 
804.47 2770.2 95.0314 14.6051 -0.117816 -6.18905 0.534061 0.000101183 
794.42 2631.41 90.6863 14.8594 -0.118792 -6.19203 0.517755 8.92621e-05 
783.505 2492.53 86.2999 15.1078 -0.120538 -6.19483 0.501449 7.60909e-05 
771.738 2353.57 81.8498 15.369 -0.124664 -6.19746 0.485143 6.25954e-05 
759.084 2214.54 77.2644 15.6944 -0.127481 -6.19991 0.468837 4.94302e-05 
745.383 2075.43 72.5796 16.0419 -0.110942 -6.20217 0.45253 3.64163e-05 
730.564 1936.25 68.3705 15.9689 -0.0694959 -6.20427 0.436224 2.23714e-05 
715.643 1797.01 65.3983 14.9932 -0.122554 -6.20657 0.419918 1.68741e-05 
702.903 1657.7 60.8937 15.4294 -0.52133 -6.20761 0.403612 2.3727e-05 
689.092 1518.36 44.5006 24.8313 -0.855614 -6.20249 0.387306 0.000446536 
652.083 1379.19 17.7108 40 1.4 -5.50098 0.369 0 
