grtopS_101_1 2221.76 104817 302.783 9.45558 3.7785 178.26 37.0796 3.72295
grtopS_101_2 3064.92 106130 3.1049 2.55567 5.21246 180.493 34.8807 4.81134
grtopS_101_3 3565.47 1974.17 7.97772 18.9439 6.06373 3.35743 40.5601 4.77839
grtopS_101_4 3234.65 100802 5.30197 1.76989 5.50111 171.432 27.425 4.33415
grtopS_101_5 2893.66 118466 700.973 49.6037 4.92119 201.472 42.8436 3.71009
grtopS_102_1 2697.46 1626.93 143.652 21.029 4.58751 2.76689 36.8539 4.35466
grtopS_102_2 1630.26 102171 283.581 26.3041 2.77256 173.76 43.1868 3.72641
grtopS_102_3 3072.44 111493 345.651 30.4721 5.22524 189.613 42.2006 3.54845
grtopS_102_4 2786.09 2047.86 119.034 23.2053 4.73825 3.48275 80.4364 4.31289
grtopS_102_5 572.319 118302 597.593 13.1572 0.973331 201.194 31.8143 3.31925
grtopS_21_1 2754.62 3613.37 1.07524 8.21305 14.0542 18.4355 8.22124 1.02251
grtopS_21_2 1367.92 110182 277.813 12.326 6.97919 562.154 7.1415 0.959421
grtopS_21_3 4077.24 146695 2.45009 14.8473 20.8023 748.446 12.3093 0.8792
grtopS_21_4 149.425 93555.8 259.234 1.20972 0.762373 477.326 7.43676 0.980799
grtopS_21_5 3633.08 146320 3.08334 7.94701 18.5361 746.528 9.18708 1.08894
grtopS_22_1 1764.54 104890 1.65971 9.67581 9.00276 535.153 9.14055 1.00691
grtopS_22_2 2059.94 113301 0.422523 8.25367 10.5099 578.066 10.8836 1.05161
grtopS_22_3 2310.3 101636 239.259 0.912808 11.7873 518.551 7.59087 1.05107
grtopS_22_4 179.62 1772.55 400.295 1.59948 0.91643 9.04361 4.30684 2.119
grtopS_22_5 1072.9 104513 0.89638 1.34689 5.47398 533.229 10.0746 1.62085
grtopS_31_1 2229.01 120426 1.42706 18.5347 9.098 491.533 13.0858 1.11666
grtopS_31_2 2827.68 1.14366e+243 1.79658 1.46965 11.5416 2.2128e+199 11.9234 1.474
grtopS_31_3 1131.38 1.78442e+161 0.603233 3.43915 4.61789 2.28857e+242 11.6051 1.46219
grtopS_31_4 2342.57 93176.1 0.23218 8.58517 9.56149 380.311 8.04806 1.17877
grtopS_31_5 1967.19 4.39302e+198 3.06996 2.52987e+179 8.02937 6.06974e+179 9.58313 2.3999
grtopS_32_1 2926.65 7.50045e+247 2.70954 5.14631 11.9455 426.028 20.5899 1.92188
grtopS_32_2 2709.59 1665.79 8.72732 8.84477 11.0596 6.79916 22.883 1.97454
grtopS_32_3 2505.24 1793.48 2.39156 8.84864 10.2255 7.32033 27.5579 1.92292
grtopS_32_4 1170.04 111827 269.47 15.1717 4.77566 456.439 10.1509 1.54427
grtopS_32_5 1258.24 1.71387e+214 1.45519 1.42239e+74 5.13568 2.84873e+15 12.8172 1.44228
grtopS_41_1 2334.72 2157.38 2.04581 2.0731 7.94122 7.33804 19.6602 2.336
grtopS_41_2 2731.13 102228 2.31362 2.82896 9.28954 347.713 30.3035 2.11409
grtopS_41_3 2220.41 119549 3.29764 1.66292 7.5524 406.629 15.0062 1.59868
grtopS_41_4 129.258 117053 671.181 1.10863 0.439652 398.141 9.47766 1.88486
grtopS_41_5 191.143 283.554 205.85 2.26213 0.650146 0.964469 18.6507 2.16941
grtopS_42_1 1535.52 102546 2.64402 9.52136 5.22287 348.797 20.9041 1.84552
grtopS_42_2 1168.29 1330.07 4.05397 1.38315 3.97376 4.52404 16.7275 1.79102
grtopS_42_3 1277.56 99820 543.044 1.43525 4.34545 339.524 18.2547 1.60697
grtopS_42_4 2502.86 103525 1.93433 8.98398 8.51315 352.126 22.7434 1.84062
grtopS_42_5 2644.15 1642.44 5.51095 8.96421 8.99371 5.58652 17.5935 1.95902
grtopS_51_1 2333.69 120049 2.09842 21.2518 6.80376 349.998 20.5347 1.77069
grtopS_51_2 3219.76 2886.86 604.231 1.06525 9.38705 8.41649 16.4421 2.13848
grtopS_51_3 2640.36 107414 317.189 21.9055 7.69784 313.161 14.9433 2.00475
grtopS_51_4 1323.09 1080.81 3.81187 5.35203 3.85741 3.15104 24.7702 2.06349
grtopS_51_5 2388.45 435.516 3.35808 5.83015e+252 6.96341 1.26973 20.071 1.64999
grtopS_52_1 2395.03 2114.38 3.30414 13.9325 6.9826 6.16437 25.7177 1.99823
grtopS_52_2 2173.94 1569.04 0.884236 5.08984 6.33801 4.57447 24.5672 2.41974
grtopS_52_3 1459.27 1101.08 267.623 1.10195 4.25442 3.21016 15.4574 2.36445
grtopS_52_4 1549.09 99531.3 2.32575 11.4268 4.5163 290.179 20.7303 1.85619
grtopS_52_5 2429.97 104526 2.49343 6.10233 7.08445 304.74 17.374 2.43782
grtopS_61_1 438.944 105453 708.799 18.0536 1.11975 269.012 17.2754 2.59599
grtopS_61_2 2597.09 1714.81 236.91 13.4736 6.62522 4.37452 21.8034 2.65963
grtopS_61_3 517.645 95261.2 454.147 1.71041 1.32052 243.013 24.0492 2.6376
grtopS_61_4 2241.26 108032 9.27355 11.298 5.71751 275.592 31.3974 2.29513
grtopS_61_5 2109.87 106126 273.489 10.5893 5.38233 270.73 28.0382 2.36922
grtopS_62_1 2139.99 1996.69 3.09034 6.4158 5.45917 5.0936 24.9864 2.94545
grtopS_62_2 3322.35 1781.69 618.248 4.2942 8.47539 4.54513 41.4306 2.91538
grtopS_62_3 2685.03 1630.47 10.8483 14.9171 6.84956 4.15936 22.3672 2.57429
grtopS_62_4 1821.63 110245 0.526631 18.3064 4.64701 281.237 14.9446 2.09991
grtopS_62_5 3277.81 105417 11.093 11.6803 8.36176 268.922 32.8824 2.48486
grtopS_71_1 3275.3 2.52987e+179 2.30378 2.05158e+161 7.42698 9.77047e+198 144.589 2.69207
grtopS_71_2 2324.87 96391.5 1.35724 13.816 5.27181 2.52157e+14 29.923 2.82202
grtopS_71_3 1514.2 105294 9.43515 9.0493 3.43356 238.762 25.3248 3.84694
grtopS_71_4 1357.09 108065 133.55 22.9382 3.0773 245.046 23.4467 2.9058
grtopS_71_5 2675.06 104242 2.53953 9.28634 6.06589 236.377 36.9403 2.77434
grtopS_72_1 2922.21 1771.29 3.16338 13.4937 6.62633 4.01654 31.4587 2.6401
grtopS_72_2 2762.01 1571.08 1.96428 7.71538 6.26307 3.56255 38.3887 2.94674
grtopS_72_3 2192.81 109194 293.567 16.3047 4.97235 247.607 20.714 2.78477
grtopS_72_4 1403.26 1260.61 0.497067 3.37801 3.182 2.85853 31.0779 3.0852
grtopS_72_5 2963.93 111612 3.38268 15.6687 6.72093 253.088 27.1089 2.92125
grtopS_81_1 3314.09 112292 279.04 7.30396 6.76344 229.167 30.7469 2.90198
grtopS_81_2 2476.27 110142 5.02903 23.0438 5.05361 224.78 36.2892 2.78894
grtopS_81_3 2092.04 116910 1.94986 21.4929 4.26948 238.593 34.649 2.77027
grtopS_81_4 1373.06 99849.9 307.06 21.012 2.80216 203.775 24.8635 2.79972
grtopS_81_5 2751.9 103872 0.72367 3.76535 5.61612 211.984 22.1162 3.68825
grtopS_82_1 2853.41 111103 2.41554 12.6872 5.82329 226.741 24.2749 2.93902
grtopS_82_2 450.225 1905.42 308.567 12.864 0.918827 3.88861 47.8638 3.41909
grtopS_82_3 1419.71 106215 2.36447 12.3492 2.89737 216.765 27.1784 3.00992
grtopS_82_4 3356.29 110671 13.2427 12.0736 6.84957 225.859 132.357 3.18203
grtopS_82_5 2224.77 1720.49 65.0291 17.238 4.54035 3.5112 31.1962 3.39744
grtopS_91_1 2409.67 101804 151.164 9.91048 4.47062 188.875 184.405 2.77027
grtopS_91_2 712.051 111401 260.615 3.31435 1.32106 206.681 381.224 3.71213
grtopS_91_3 3031.82 139996 285.79 10.6554 5.62489 259.734 53.6807 4.02213
grtopS_91_4 1831.09 97426 139.5 21.3004 3.39719 180.753 37.1374 3.66729
grtopS_91_5 2437.91 2111.01 270.255 11.7461 4.52303 3.91653 18.7794 4.43514
grtopS_92_1 580.582 103894 421.379 20.4358 1.07715 192.753 32.2885 3.49114
grtopS_92_2 2001.93 115448 213.364 5.42793 3.71416 214.19 35.6225 2.84507
grtopS_92_3 3036.58 1601.98 3.61269 16.8491 5.63374 2.97213 39.9717 3.52921
grtopS_92_4 3117.53 2367.77 260.445 7.7147 5.78391 4.39289 27.4688 3.66285
grtopS_92_5 587.217 111141 356.166 11.4013 1.08946 1.783e+24 38.1906 3.40175
grtopM_101_1 3179.99 110692 12303.2 130.069 5.40815 188.251 28.7933 4.53033
grtopM_101_2 2034.41 161459 7134.91 11.2032 3.45989 274.591 57.4024 4.79216
grtopM_101_3 2994.4 123258 9859.38 17.5062 5.09252 209.622 40.4803 4.86822
grtopM_101_4 5178.09 148096 8971.62 86.4687 8.80628 251.864 27.1071 4.83949
grtopM_101_5 6837.83 109885 7212.62 34.5299 11.629 186.879 24.8961 3.83468
grtopM_102_1 3504.15 152058 12614.8 14.0798 5.95943 258.603 23.1262 3.52492
grtopM_102_2 2659.65 2339.73 13262.1 81.1908 4.52322 3.97914 29.9376 5.11113
grtopM_102_3 3519.75 99392.7 3823.22 13.4889 5.98597 169.035 57.9558 3.97484
grtopM_102_4 2738.99 115262 14930.2 64.7615 4.65815 196.023 36.0666 4.16218
grtopM_102_5 3663.63 97535.4 8724.87 80.165 6.23066 165.877 25.8234 4.27695
grtopM_21_1 6064.62 2089.85 51.52 4.64851 30.9419 10.6625 16.606 1.02867
grtopM_21_2 970.473 1629.15 5422.8 3.69352 4.95139 8.31197 0.912075 0.964543
grtopM_21_3 1904.21 124988 5399.48 7.94701 9.71533 637.693 4.16488 1.16107
grtopM_21_4 1759.34 124748 5.77765 2.90029 8.97625 636.469 11.2566 1.32237
grtopM_21_5 1179.81 311656 3.50662 0.438322 6.01942 1590.08 14.3955 1.04834
grtopM_22_1 2819.76 139797 2574.16 4.9631 14.3865 713.252 5.636 1.41844
grtopM_22_2 1098.76 118424 4389.23 3.72356 5.60593 604.204 3.32147 1.30169
grtopM_22_3 246.387 206275 5369.28 3.08942 1.25708 1052.42 1.59849 1.18666
grtopM_22_4 736.799 2033.96 5582.01 87.1399 3.75918 10.3774 4.98582 1.18583
grtopM_22_5 268.432 135206 1570.59 2.69266 1.36955 689.828 12.0361 0.675923
grtopM_31_1 1052.55 1601.73 5825.51 7.49232 4.29612 8.24377e+159 9.99785 1.5748
grtopM_31_2 3472.3 93402.1 5755.98 4.36239 14.1727 381.233 3.46874 1.11306
grtopM_31_3 1500.43 9.29977e+199 4620.21 2.78965 6.12421 602.513 7.02201 1.02767
grtopM_31_4 1082.55 115619 4.53216 43.0015 4.41856 471.912 20.8466 1.42797
grtopM_31_5 1589.6 2.68383e+25 4183.85 5.03419 6.48815 498.936 17.3133 1.18234
grtopM_32_1 2238.63 177873 5235.76 31.2668 9.13727 726.011 2.11871 1.29543
grtopM_32_2 722.234 3.34975e+281 7225.15 9.30642e+242 2.94789 1.85795e+242 2.64145 1.75088
grtopM_32_3 4180.14 122442 2198.71 2.44344e+25 17.0618 499.765 7.88183 1.12574
grtopM_32_4 1282.45 139399 6281.77 76.5712 5.23447 568.977 9.59616 1.21847
grtopM_32_5 1052.7 1512.02 836.393 7.12363 4.29672 6.17152 29.9328 2.64716
grtopM_41_1 3257.66 67827.6 3647.06 72.7883 11.0805 230.706 12.2176 4.65549
grtopM_41_2 6195.47 1633.59 5037.13 6.0569 21.073 5.55643 18.1783 1.57446
grtopM_41_3 1457.5 165681 5160.19 12.4887 4.9575 563.541 9.03332 2.24791
grtopM_41_4 2235.23 145282 6262.41 80.8391 7.60281 494.156 11.6155 1.32649
grtopM_41_5 1093.97 229030 7260.58 10.3806 3.721 779.014 22.7907 2.30135
grtopM_42_1 3269.05 107950 7653.13 8.18378 11.1192 367.177 7.51217 1.70568
grtopM_42_2 66633.1 92012.8 4548.94 4.94448 226.643 312.969 26.4578 2.5939
grtopM_42_3 1726.24 1747.38 4952.52 7.17909 5.87155 5.94347 15.0294 1.98206
grtopM_42_4 1369.91 178329 7538.18 11.9012 4.65957 606.562 5.97151 1.6418
grtopM_42_5 229.081 220799 3536.15 56.9267 0.779187 751.019 36.5536 1.60257
grtopM_51_1 1542.25 192265 9894.5 122.65 4.49637 560.539 6.98341 2.87797
grtopM_51_2 1012 111185 5348.02 13.8309 2.95043 324.155 27.6372 2.28676
grtopM_51_3 2007 165058 5935.72 139.044 5.8513 481.219 21.2679 2.2072
grtopM_51_4 1827.67 107143 4651.05 3.65588e+233 5.3285 312.371 15.542 1.91783
grtopM_51_5 2825.32 155501 12469.1 9.55101 8.2371 453.354 5.20539 2.28829
grtopM_52_1 3449.07 220144 6250.43 41.8702 10.0556 1.70891e+193 10.7015 1.67656
grtopM_52_2 5185.81 142968 4739.61 2.16312e+185 15.119 416.816 15.591 2.12431
grtopM_52_3 1866.35 120892 5444.28 8.56695 5.44126 352.456 19.6573 2.25125
grtopM_52_4 1841.51 225766 4722.7 75.2918 5.36883 658.209 24.8298 2.36275
grtopM_52_5 581.511 169925 5117.37 73.2233 1.69537 495.409 18.8826 2.11878
grtopM_61_1 1896.95 143945 8109.88 29.3926 4.83915 367.207 12.9092 2.24846
grtopM_61_2 989.564 1717.78 2228.66 35.4363 2.5244 4.38209 23.7393 2.84615
grtopM_61_3 3159.96 105446 7494.64 111.175 8.06112 268.994 14.5396 2.818
grtopM_61_4 12263 231807 2193.84 7.93682 31.2832 591.344 21.8635 2.03121
grtopM_61_5 3313.31 99868.5 11908.9 4.37014 8.45231 254.767 11.8454 2.46437
grtopM_62_1 1145.9 108177 3755.77 9.30342 2.92323 275.962 25.0752 2.95963
grtopM_62_2 2920.96 111491 9673.78 103.396 7.45142 284.417 11.1454 3.19442
grtopM_62_3 2437.01 112938 5482.34 6.67368 6.21687 288.106 11.0515 1.85167
grtopM_62_4 1808.67 123948 6044.98 71.6072 4.61396 316.195 24.804 2.53487
grtopM_62_5 2369.41 114221 10328.2 8.50264 6.04441 291.38 10.8705 2.93679
grtopM_71_1 4353.03 171379 8325.16 13.0647 9.87081 388.615 17.4609 3.68409
grtopM_71_2 1911 2524.68 10331.4 24.5682 4.33334 5.7249 23.7347 2.93574
grtopM_71_3 2564.95 207908 9122 19.4033 5.8162 471.447 13.3905 2.97006
grtopM_71_4 5393.41 211068 6154.38 90.8886 12.2299 478.612 17.648 3.03144
grtopM_71_5 2828.47 2228.79 5560.83 19.7252 6.41376 5.05395 24.9159 3.1617
grtopM_72_1 2678.57 2068.14 5731.87 16.9646 6.07386 4.68965 22.2488 3.55516
grtopM_72_2 4370.77 2795.47 9932.63 16.8596 9.91104 6.33893 20.0065 3.073
grtopM_72_3 4290.22 2196.07 1022.01 13.2795 9.72838 4.97974 48.9361 2.65583
grtopM_72_4 3563.93 103369 2078.39 82.1678 8.08147 234.397 30.6075 3.4753
grtopM_72_5 4912.11 136325 4699.71 45.8575 11.1386 309.126 22.5426 2.66469
grtopM_81_1 2365.87 100410 5371.93 39.5935 4.82831 204.919 43.3225 3.68832
grtopM_81_2 5272.16 239508 6665.75 103.735 10.7595 488.792 29.5289 4.42935
grtopM_81_3 5692.31 103284 6035.61 21.2727 11.617 210.784 33.1528 3.63597
grtopM_81_4 2402.37 235241 3296.63 154.948 4.9028 480.084 37.5016 3.45644
grtopM_81_5 2653.89 103472 4621.3 89.0871 5.41609 211.166 57.5115 3.1253
grtopM_82_1 2849.57 101667 10183.9 102.563 5.81545 207.484 45.4858 3.01168
grtopM_82_2 8858.97 119893 8055.08 106.211 18.0795 244.679 13.0984 3.65764
grtopM_82_3 4125.25 163161 4543.91 70.6988 8.41887 332.981 47.1548 2.87573
grtopM_82_4 1228.48 177703 9012.44 47.0044 2.50709 362.659 27.4452 3.56242
grtopM_82_5 1627.9 66748.9 11992.1 19.6223 3.32225 136.222 73.2735 3.75662
grtopM_91_1 2810.89 1.53295e+228 8662.78 77.9125 5.21502 335314 25.9308 4.22708
grtopM_91_2 5903.67 126738 10021.6 146.178 10.953 235.136 20.1681 4.15721
grtopM_91_3 4514.73 113639 8736.08 22.4815 8.37612 210.833 25.5147 3.49918
grtopM_91_4 2175.24 227987 8052.11 41.1335 4.0357 422.982 39.9651 3.28045
grtopM_91_5 4832.65 103793 10114.2 15.7611 8.96596 192.566 38.7131 3.40935
grtopM_92_1 3236.23 118406 8102.98 88.089 6.00414 219.678 29.6987 3.55069
grtopM_92_2 1615.63 122557 9585.21 61.103 2.99746 227.378 25.9897 3.44874
grtopM_92_3 4734.72 218726 12554.7 27.3709 8.78427 405.799 19.8469 3.49713
grtopM_92_4 2678.65 126909 9922.93 122.494 4.96966 235.453 35.3962 3.74952
grtopM_92_5 2104.68 135867 11064.7 68.6906 3.90479 252.072 31.8684 3.6903
grtopM_21_1 1.63042e-322 3.21143e-322 4.00193e-322 4.00193e-322 3.95253e-323 9.88131e-323 0.441082 0.100114
grtopM_21_1 1.63042e-322 3.21143e-322 4.00193e-322 4.00193e-322 3.95253e-323 9.88131e-323 0.0458961 0.0732899
grtopM_21_1 1.63042e-322 3.21143e-322 4.00193e-322 4.00193e-322 3.95253e-323 9.88131e-323 0.0405409 0.0670052
grtopL_103_1 3.21143e-322 1.63042e-322 3.21143e-322 5.58294e-322 2.47033e-323 3.95253e-323 0.0323129 0.0287161
grtopL_103_1 3.21143e-322 1.63042e-322 3.21143e-322 5.58294e-322 2.47033e-323 3.95253e-323 0.0330069 0.062988
grtopL_103_1 3.21143e-322 1.63042e-322 3.21143e-322 5.58294e-322 2.47033e-323 3.95253e-323 0.0352249 0.0596879
grtopL_103_1 3.21143e-322 1.63042e-322 3.21143e-322 5.58294e-322 2.47033e-323 3.95253e-323 0.0432379 0.0532379
grtopL_103_1 3.21143e-322 1.63042e-322 3.21143e-322 5.58294e-322 2.47033e-323 3.95253e-323 0.0450511 0.0549431
grtopL_103_1 3.21143e-322 1.63042e-322 3.21143e-322 5.58294e-322 2.47033e-323 3.95253e-323 0.036634 0.02455
grtopL_103_1 3.21143e-322 1.63042e-322 3.21143e-322 5.58294e-322 2.47033e-323 3.95253e-323 0.0350568 0.059387
grtopL_103_1 3.21143e-322 1.63042e-322 3.21143e-322 5.58294e-322 2.47033e-323 3.95253e-323 0.034867 0.0243621
grtopL_103_1 3.21143e-322 1.63042e-322 3.21143e-322 5.58294e-322 2.47033e-323 3.95253e-323 0.040158 0.0656929
grtopL_103_1 3.21143e-322 751509 3.21143e-322 56.1966 2.47033e-323 1278.08 0.106887 11.8086
grtopL_103_1 3.21143e-322 590172 3.21143e-322 48.7878 2.47033e-323 1003.69 0.097954 12.4392
grtopL_103_1 3.21143e-322 186348 3.21143e-322 189.932 2.47033e-323 316.918 0.539928 10.3124
grtopL_103_1 3.21143e-322 186849 3.21143e-322 46.003 2.47033e-323 317.77 0.0429881 9.40525
